<?xml version="1.0" encoding="utf-8"?>
<TestRun id="76e4e9a3-ee3d-4c82-9e80-2953a4c4e607" name="ДмитрийБахтенков@DESKTOP-F6SKA47 2021-12-16 16:16:28" runUser="AzureAD\ДмитрийБахтенков" xmlns="http://microsoft.com/schemas/VisualStudio/TeamTest/2010">
  <Times creation="2021-12-16T16:16:28.8871509+03:00" queuing="2021-12-16T16:16:28.8871589+03:00" start="2021-12-16T16:16:02.3890453+03:00" finish="2021-12-16T16:30:20.4498395+03:00" />
  <TestSettings name="default" id="73520e58-10dc-47d9-85d5-d65f7c366e80">
    <Deployment runDeploymentRoot="ДмитрийБахтенков_DESKTOP-F6SKA47_2021-12-16_16_16_28" />
  </TestSettings>
  <Results>
    <UnitTestResult executionId="6c778f0c-9ce1-4b1c-b499-ceb80bae9fcf" testId="019b787c-88b2-9680-3a7b-9251d2235f77" testName="Skillaz.Tests.CompanySpecific.X5.Naumen.NaumenSlaTests.Sla_calculates_correctly_for_next_day(candidateTimeZone: 10, sla: 02:00:00, startDate: 2019-12-31T23:00:00.0000000Z, truth: [NaumenTimeRange { From = &quot;2020-01-01 07:00:00&quot;, To = &quot;2020-01-01 09:00:00&quot; }])" computerName="DESKTOP-F6SKA47" duration="00:00:00.0000334" startTime="2021-12-16T16:16:29.3364956+03:00" endTime="2021-12-16T16:16:29.3364961+03:00" testType="13cdc9d9-ddb5-4fa4-a97d-d965ccfc6d4b" outcome="Passed" testListId="8c84fa94-04c1-424b-9868-57a2d4851a1d" relativeResultsDirectory="6c778f0c-9ce1-4b1c-b499-ceb80bae9fcf" />
    <UnitTestResult executionId="8051833f-1c87-4127-bb54-fc01ab0e1b55" testId="71fd9beb-0bec-9dad-bab7-377002661eea" testName="Skillaz.Tests.Configurator.Excel.TaskTrackerExcelFeature.TaskTrackerErrors" computerName="DESKTOP-F6SKA47" duration="00:01:07.7774977" startTime="2021-12-16T16:30:17.5542707+03:00" endTime="2021-12-16T16:30:17.5542734+03:00" testType="13cdc9d9-ddb5-4fa4-a97d-d965ccfc6d4b" outcome="Passed" testListId="8c84fa94-04c1-424b-9868-57a2d4851a1d" relativeResultsDirectory="8051833f-1c87-4127-bb54-fc01ab0e1b55">
      <Output>
        <StdOut>SCENARIO: TaskTrackerErrors&#xD;
  STEP 1/15: GIVEN a company...&#xD;
  STEP 1/15: GIVEN a company (Passed after 453ms)&#xD;
  STEP 2/15: AND the authenticated admin user...&#xD;
  STEP 2/15: AND the authenticated admin user (Passed after 651ms)&#xD;
  STEP 3/15: AND the client configuration for company...&#xD;
  STEP 3/15: AND the client configuration for company (Passed after 4s 529ms)&#xD;
  STEP 4/15: Загрузить конфигурацию ТТ...&#xD;
  STEP 4/15: Загрузить конфигурацию ТТ (Passed after 1s 154ms)&#xD;
  STEP 5/15: Получить воронку в конфигураторе с черновиком...&#xD;
  STEP 5/15: Получить воронку в конфигураторе с черновиком (Passed after 853ms)&#xD;
  STEP 6/15: Проверить корректность определяемых столбцов...&#xD;
  STEP 6/15: Проверить корректность определяемых столбцов (Passed after 8s 817ms)&#xD;
  STEP 7/15: Сгенирировать Excel...&#xD;
  STEP 7/15: Сгенирировать Excel (Passed after 12s 551ms)&#xD;
  STEP 8/15: Добавить неверный формат к Excel...&#xD;
  STEP 8/15: Добавить неверный формат к Excel (Passed after 5s 706ms)&#xD;
  STEP 9/15: Загрузить Excel неверный формат...&#xD;
  STEP 9/15: Загрузить Excel неверный формат (Passed after 9s 433ms)&#xD;
  STEP 10/15: Загрузить конфигурацию ТТ ошибки AvailableValues...&#xD;
  STEP 10/15: Загрузить конфигурацию ТТ ошибки AvailableValues (Passed after 152ms)&#xD;
  STEP 11/15: Сгенирировать Excel...&#xD;
  STEP 11/15: Сгенирировать Excel (Passed after 2s 137ms)&#xD;
  STEP 12/15: Загрузить Excel ошибки AvailableValues...&#xD;
  STEP 12/15: Загрузить Excel ошибки AvailableValues (Passed after 8s 674ms)&#xD;
  STEP 13/15: Загрузить конфигурацию ТТ ошибка дублирующий ИД...&#xD;
  STEP 13/15: Загрузить конфигурацию ТТ ошибка дублирующий ИД (Passed after 129ms)&#xD;
  STEP 14/15: Сгенирировать Excel...&#xD;
  STEP 14/15: Сгенирировать Excel (Passed after 3s 165ms)&#xD;
  STEP 15/15: Загрузить Excel ошибка дублирующий ИД...&#xD;
  STEP 15/15: Загрузить Excel ошибка дублирующий ИД (Passed after 9s 238ms)&#xD;
  SCENARIO RESULT: Passed after 1m 07s</StdOut>
      </Output>
    </UnitTestResult>
    <UnitTestResult executionId="43912d89-e250-48d5-9a9b-c2415036a5c3" testId="6e10e462-4c9e-7d77-9f3b-3787c32e8727" testName="Skillaz.Tests.Validators.RequiredFieldValidator_feature.Should_show_default_error_message_when_validate" computerName="DESKTOP-F6SKA47" duration="00:00:00.0629179" startTime="2021-12-16T16:26:39.2823967+03:00" endTime="2021-12-16T16:26:39.2824033+03:00" testType="13cdc9d9-ddb5-4fa4-a97d-d965ccfc6d4b" outcome="Passed" testListId="8c84fa94-04c1-424b-9868-57a2d4851a1d" relativeResultsDirectory="43912d89-e250-48d5-9a9b-c2415036a5c3">
      <Output>
        <StdOut>SCENARIO: Should show default error message when validate&#xD;
  STEP 1/5: GIVEN RequiredFieldValidator with default error message...&#xD;
  STEP 1/5: GIVEN RequiredFieldValidator with default error message (Passed after &lt;1ms)&#xD;
  STEP 2/5: AND document with invalid string field...&#xD;
  STEP 2/5: AND document with invalid string field (Passed after &lt;1ms)&#xD;
  STEP 3/5: Run validator...&#xD;
  STEP 3/5: Run validator (Passed after &lt;1ms)&#xD;
  STEP 4/5: Assert result is not valid...&#xD;
  STEP 4/5: Assert result is not valid (Passed after &lt;1ms)&#xD;
  STEP 5/5: Assert default error message in validation result...&#xD;
  STEP 5/5: Assert default error message in validation result (Passed after 48ms)&#xD;
  SCENARIO RESULT: Passed after 55ms</StdOut>
      </Output>
    </UnitTestResult>
    <UnitTestResult executionId="35036304-809a-4f54-ae76-845cd0e2a1b9" testId="9b91ebe4-16e7-c36a-4fc9-08dc5ede6102" testName="Skillaz.Tests.Users.UserDataService_feature.Check_GetTop100ByQueryAndTagRole_method(filter: (, System.Collections.Generic.List`1[System.String]), result: (2, ))" computerName="DESKTOP-F6SKA47" duration="00:00:01.3947622" startTime="2021-12-16T16:25:15.5856804+03:00" endTime="2021-12-16T16:25:15.5856808+03:00" testType="13cdc9d9-ddb5-4fa4-a97d-d965ccfc6d4b" outcome="Passed" testListId="8c84fa94-04c1-424b-9868-57a2d4851a1d" relativeResultsDirectory="35036304-809a-4f54-ae76-845cd0e2a1b9">
      <Output>
        <StdOut>SCENARIO: Check GetTop100ByQueryAndTagRole method [filter: "(, System.Collections.Generic.List`1[System.String])"] [result: "(2, )"]&#xD;
  STEP 1/5: GIVEN Given a company...&#xD;
  STEP 1/5: GIVEN Given a company (Passed after 73ms)&#xD;
  STEP 2/5: AND Given the authenticated user...&#xD;
  STEP 2/5: AND Given the authenticated user (Passed after 366ms)&#xD;
  STEP 3/5: AND Given Roles...&#xD;
  STEP 3/5: AND Given Roles (Passed after 8ms)&#xD;
  STEP 4/5: AND Given test users...&#xD;
  STEP 4/5: AND Given test users (Passed after 1ms)&#xD;
  STEP 5/5: WHEN When Search is appled [query: "&lt;null&gt;"] [tags: "tag1"]...&#xD;
  STEP 5/5: WHEN When Search is appled [query: "&lt;null&gt;"] [tags: "tag1"] (Passed after 324ms)&#xD;
  SCENARIO RESULT: Passed after 785ms</StdOut>
      </Output>
    </UnitTestResult>
    <UnitTestResult executionId="fbf603eb-6ad7-4d45-8683-1b82a432a121" testId="e6c176cc-23eb-ca7e-4948-9c3818634a6a" testName="Skillaz.Tests.CompanySpecific.Sberbank.SberPositionsTests.SberPositionCommand_should_work_as_expected(vacancyName: &quot;Менеджер по ключевым клиентам малого&quot;, expectedPositionId: &quot;key_client_manger_sber_mmb&quot;)" computerName="DESKTOP-F6SKA47" duration="00:00:00.0521132" startTime="2021-12-16T16:16:29.6750766+03:00" endTime="2021-12-16T16:16:29.6750812+03:00" testType="13cdc9d9-ddb5-4fa4-a97d-d965ccfc6d4b" outcome="Passed" testListId="8c84fa94-04c1-424b-9868-57a2d4851a1d" relativeResultsDirectory="fbf603eb-6ad7-4d45-8683-1b82a432a121" />
    <UnitTestResult executionId="90d127cb-1e89-4365-87cf-6b5675d8d5e6" testId="8b9666e7-c277-8259-c91c-3e8ad6bc5494" testName="Расширение файла недолжно совпадает с его типом, но нужно переименовать для полного совпадения(alterName: &quot;Image.png&quot;, fileName: &quot;Image.jpg&quot;)" computerName="DESKTOP-F6SKA47" duration="00:00:01.2650280" startTime="2021-12-16T16:16:31.2447365+03:00" endTime="2021-12-16T16:16:31.2447374+03:00" testType="13cdc9d9-ddb5-4fa4-a97d-d965ccfc6d4b" outcome="Passed" testListId="8c84fa94-04c1-424b-9868-57a2d4851a1d" relativeResultsDirectory="90d127cb-1e89-4365-87cf-6b5675d8d5e6" />
    <UnitTestResult executionId="33b0b033-992d-460c-9aaa-a0237473e300" testId="fa6ddbf2-f2b2-4306-0398-b5d1df1ce037" testName="Should create &amp; list questionnairies" computerName="DESKTOP-F6SKA47" duration="00:00:07.1921392" startTime="2021-12-16T16:21:55.0916785+03:00" endTime="2021-12-16T16:21:55.0916817+03:00" testType="13cdc9d9-ddb5-4fa4-a97d-d965ccfc6d4b" outcome="Passed" testListId="8c84fa94-04c1-424b-9868-57a2d4851a1d" relativeResultsDirectory="33b0b033-992d-460c-9aaa-a0237473e300" />
    <UnitTestResult executionId="85ef51cb-fcf8-419f-9bd5-37cfefc07d5d" testId="d2232d68-33cb-c8c3-f403-e31562dd0d11" testName="Skillaz.Tests.Publication.VacancyPublicationRule_feature.Vacancy_publication_rule_could_not_be_edited_when_in_process" computerName="DESKTOP-F6SKA47" duration="00:00:13.4260142" startTime="2021-12-16T16:27:06.9162969+03:00" endTime="2021-12-16T16:27:06.9162988+03:00" testType="13cdc9d9-ddb5-4fa4-a97d-d965ccfc6d4b" outcome="Passed" testListId="8c84fa94-04c1-424b-9868-57a2d4851a1d" relativeResultsDirectory="85ef51cb-fcf8-419f-9bd5-37cfefc07d5d">
      <Output>
        <StdOut>SCENARIO: Vacancy publication rule could not be edited when in process&#xD;
  STEP 1/6: GIVEN a company...&#xD;
  STEP 1/6: GIVEN a company (Passed after 53ms)&#xD;
  STEP 2/6: AND the authenticated user...&#xD;
  STEP 2/6: AND the authenticated user (Passed after 7s 240ms)&#xD;
  STEP 3/6: AND the vacancy in the company...&#xD;
  STEP 3/6: AND the vacancy in the company (Passed after 107ms)&#xD;
  STEP 4/6: AND in process publication rule...&#xD;
  STEP 4/6: AND in process publication rule (Passed after 5s 850ms)&#xD;
  STEP 5/6: WHEN rule is edited...&#xD;
  STEP 5/6: WHEN rule is edited (Passed after 68ms)&#xD;
  STEP 6/6: THEN the rule fails to execute with business exception...&#xD;
  STEP 6/6: THEN the rule fails to execute with business exception (Passed after &lt;1ms)&#xD;
  SCENARIO RESULT: Passed after 13s 322ms</StdOut>
      </Output>
    </UnitTestResult>
    <UnitTestResult executionId="ff66a1a8-c143-472d-bb0d-07512ecb7d6e" testId="d420e9ae-62a2-0532-18a1-41102990945f" testName="Skillaz.Tests.Configurator.SecurityProfile.ConfiguratorSecurityProfileRequest_feature.Request_is_available_to_user_with_confidential_elastic" computerName="DESKTOP-F6SKA47" duration="00:00:32.1062909" startTime="2021-12-16T16:21:29.1503871+03:00" endTime="2021-12-16T16:21:29.1503888+03:00" testType="13cdc9d9-ddb5-4fa4-a97d-d965ccfc6d4b" outcome="Passed" testListId="8c84fa94-04c1-424b-9868-57a2d4851a1d" relativeResultsDirectory="ff66a1a8-c143-472d-bb0d-07512ecb7d6e">
      <Output>
        <StdOut>SCENARIO: Request is available to user with confidential elastic&#xD;
  STEP 1/7: GIVEN a company with features "DisableElasticFiltrationForHireRequests"...&#xD;
  STEP 1/7: GIVEN a company with features "DisableElasticFiltrationForHireRequests" (Passed after 3s 039ms)&#xD;
  STEP 2/7: AND the user with security profile [securityProfile: "SecurityProfile"]...&#xD;
  STEP 2/7: AND the user with security profile [securityProfile: "SecurityProfile"] (Passed after 435ms)&#xD;
  STEP 3/7: AND the security profile config by confidential [grantAccessToConfidential: "True"]...&#xD;
  STEP 3/7: AND the security profile config by confidential [grantAccessToConfidential: "True"] (Passed after 92ms)&#xD;
  STEP 4/7: AND the hire request config [hireRequestType: "HireRequest.HireRequest"]...&#xD;
  STEP 4/7: AND the hire request config [hireRequestType: "HireRequest.HireRequest"] (Passed after 2s 165ms)&#xD;
  STEP 5/7: AND the hire requests for confidential...&#xD;
  STEP 5/7: AND the hire requests for confidential (Passed after 406ms)&#xD;
  STEP 6/7: WHEN filter hire requests...&#xD;
  STEP 6/7: WHEN filter hire requests (Passed after 13s 349ms)&#xD;
  STEP 7/7: THEN search elastic filtration available...&#xD;
  STEP 7/7: THEN search elastic filtration available (Passed after 10s 685ms)&#xD;
  SCENARIO RESULT: Passed after 30s 305ms</StdOut>
      </Output>
    </UnitTestResult>
    <UnitTestResult executionId="4dbbac6b-1888-418b-a0ba-9424ac8b5d20" testId="019b787c-88b2-9680-3a7b-9251d2235f77" testName="Skillaz.Tests.CompanySpecific.X5.Naumen.NaumenSlaTests.Sla_calculates_correctly_for_next_day(candidateTimeZone: 8, sla: 02:00:00, startDate: 2019-12-31T17:00:00.0000000Z, truth: [NaumenTimeRange { From = &quot;2020-01-01 07:00:00&quot;, To = &quot;2020-01-01 09:00:00&quot; }])" computerName="DESKTOP-F6SKA47" duration="00:00:00.0000388" startTime="2021-12-16T16:16:29.2948941+03:00" endTime="2021-12-16T16:16:29.2948951+03:00" testType="13cdc9d9-ddb5-4fa4-a97d-d965ccfc6d4b" outcome="Passed" testListId="8c84fa94-04c1-424b-9868-57a2d4851a1d" relativeResultsDirectory="4dbbac6b-1888-418b-a0ba-9424ac8b5d20" />
    <UnitTestResult executionId="e3b3a700-cfb8-4f2a-b321-836729f7297b" testId="9292ced7-5ff7-fb88-6d15-d75c6f445f46" testName="Skillaz.Tests.CompanySpecific.Sberbank.SberPositionsTests.SberPositionCommand_should_work_as_expected(vacancyName: &quot;Клиентский менеджер микро&quot;, expectedPositionId: &quot;client_manger_sber_mmb&quot;)" computerName="DESKTOP-F6SKA47" duration="00:00:00.0679492" startTime="2021-12-16T16:16:29.6709232+03:00" endTime="2021-12-16T16:16:29.6709291+03:00" testType="13cdc9d9-ddb5-4fa4-a97d-d965ccfc6d4b" outcome="Passed" testListId="8c84fa94-04c1-424b-9868-57a2d4851a1d" relativeResultsDirectory="e3b3a700-cfb8-4f2a-b321-836729f7297b" />
    <UnitTestResult executionId="57bff580-a3a1-43af-8ed8-4f7475056bda" testId="8884f6e8-a9a4-e495-2ae2-ec118e882bb9" testName="Skillaz.Tests.Candidate.Checks.CheckFromConfigurator_feature.Auto_start_check_with_multi_tag_candidate_and_any_tag_exclude" computerName="DESKTOP-F6SKA47" duration="00:00:09.1971740" startTime="2021-12-16T16:24:15.7266176+03:00" endTime="2021-12-16T16:24:15.7266193+03:00" testType="13cdc9d9-ddb5-4fa4-a97d-d965ccfc6d4b" outcome="Passed" testListId="8c84fa94-04c1-424b-9868-57a2d4851a1d" relativeResultsDirectory="57bff580-a3a1-43af-8ed8-4f7475056bda">
      <Output>
        <StdOut>SCENARIO: Auto start check with multi tag candidate and any tag exclude&#xD;
  STEP 1/9: GIVEN a company...&#xD;
  STEP 1/9: GIVEN a company (Passed after 447ms)&#xD;
  STEP 2/9: AND the authenticated user...&#xD;
  STEP 2/9: AND the authenticated user (Passed after 900ms)&#xD;
  STEP 3/9: AND the vacancy in the company [funnelId: "FunnelId"]...&#xD;
  STEP 3/9: AND the vacancy in the company [funnelId: "FunnelId"] (Passed after 144ms)&#xD;
  STEP 4/9: AND the candidate with tags "NewCandidateTag, ExcluderTag"...&#xD;
  STEP 4/9: AND the candidate with tags "NewCandidateTag, ExcluderTag" (Passed after 413ms)&#xD;
  STEP 5/9: AND the configuration check...&#xD;
  STEP 5/9: AND the configuration check (Passed after 313ms)&#xD;
  STEP 6/9: AND the additional conditions [withTags: "&lt;null&gt;"] [withoutTags: "ExcluderTag, TestTag, MultiTag"]...&#xD;
  STEP 6/9: AND the additional conditions [withTags: "&lt;null&gt;"] [withoutTags: "ExcluderTag, TestTag, MultiTag"] (Passed after 1ms)&#xD;
  STEP 7/9: AND the configuration funnel...&#xD;
  STEP 7/9: AND the configuration funnel (Passed after 24ms)&#xD;
  STEP 8/9: WHEN switch candidate to start check...&#xD;
  STEP 8/9: WHEN switch candidate to start check (Passed after 6s 404ms)&#xD;
  STEP 9/9: THEN check must not exist in candidate...&#xD;
  STEP 9/9: THEN check must not exist in candidate (Passed after 178ms)&#xD;
  SCENARIO RESULT: Passed after 8s 844ms</StdOut>
      </Output>
    </UnitTestResult>
    <UnitTestResult executionId="762ed919-d325-40e5-b5e8-76f5c26721e9" testId="4f75ad3f-8b95-cd8c-9bd5-ac8d81a09141" testName="Skillaz.Tests.CompanySpecific.Mvideo.MvideoOpenApiBatchRequest_feature.Создает_пользователей_и_проставляет_scope_Директору_Магазина" computerName="DESKTOP-F6SKA47" duration="00:01:20.3764841" startTime="2021-12-16T16:21:40.2098150+03:00" endTime="2021-12-16T16:21:40.2098207+03:00" testType="13cdc9d9-ddb5-4fa4-a97d-d965ccfc6d4b" outcome="Passed" testListId="8c84fa94-04c1-424b-9868-57a2d4851a1d" relativeResultsDirectory="762ed919-d325-40e5-b5e8-76f5c26721e9">
      <Output>
        <StdOut>SCENARIO: Создает пользователей и проставляет scope Директору Магазина&#xD;
  STEP 1/13: GIVEN a company...&#xD;
  STEP 1/13: GIVEN a company (Passed after 188ms)&#xD;
  STEP 2/13: AND the authenticated api user...&#xD;
  STEP 2/13: AND the authenticated api user (Passed after 1s 016ms)&#xD;
  STEP 3/13: AND Дана клиентская конфигурация мвидео...&#xD;
  STEP 3/13: AND Дана клиентская конфигурация мвидео (Passed after &lt;1ms)&#xD;
  STEP 4/13: AND Даны роли...&#xD;
  STEP 4/13: AND Даны роли (Passed after 11ms)&#xD;
  STEP 5/13: AND Даны орг единицы...&#xD;
  STEP 5/13: AND Даны орг единицы (Passed after 402ms)&#xD;
  STEP 6/13: WHEN Когда приходит запрос от сап...&#xD;
  STEP 6/13: WHEN Когда приходит запрос от сап (Passed after 1m 14s)&#xD;
  STEP 7/13: THEN Проверить что директор с правами создан [unitExternalId: "org_unit_3"]...&#xD;
  STEP 7/13: THEN Проверить что директор с правами создан [unitExternalId: "org_unit_3"] (Passed after 113ms)&#xD;
  STEP 8/13: AND Проверить что права директора магазина изменились [unitExternalId: "org_unit_3"]...&#xD;
  STEP 8/13: AND Проверить что права директора магазина изменились [unitExternalId: "org_unit_3"] (Passed after 169ms)&#xD;
  STEP 9/13: AND Проверить что пользователь создался с ролью Директор Магазина...&#xD;
  STEP 9/13: AND Проверить что пользователь создался с ролью Директор Магазина (Passed after 111ms)&#xD;
  STEP 10/13: AND Проверить что пользователь Рекрутер создался с ролью Нет доступа...&#xD;
  STEP 10/13: AND Проверить что пользователь Рекрутер создался с ролью Нет доступа (Passed after 1s 575ms)&#xD;
  STEP 11/13: AND Проверить что пользователь без Assign создался с ролью Нет доступа...&#xD;
  STEP 11/13: AND Проверить что пользователь без Assign создался с ролью Нет доступа (Passed after 167ms)&#xD;
  STEP 12/13: AND Проверить что орг единица создалась [orgUnitId: "shop_without_director_1"]...&#xD;
  STEP 12/13: AND Проверить что орг единица создалась [orgUnitId: "shop_without_director_1"] (Passed after 293ms)&#xD;
  STEP 13/13: AND Проверить что орг единица не создалась [orgUnitId: "shop_without_director_and_shop_2"]...&#xD;
  STEP 13/13: AND Проверить что орг единица не создалась [orgUnitId: "shop_without_director_and_shop_2"] (Passed after 196ms)&#xD;
  SCENARIO RESULT: Passed after 1m 18s</StdOut>
      </Output>
    </UnitTestResult>
    <UnitTestResult executionId="d0805fae-261e-4400-8f05-8da1021b0d13" testId="95e3bd1b-2d66-1459-8774-ae6a646a223b" testName="Skillaz.Tests.Assessment.Questionnaires.HomeworkQuestionnaire_feature.Copy_a_questionnaire" computerName="DESKTOP-F6SKA47" duration="00:00:05.2167833" startTime="2021-12-16T16:19:34.8289006+03:00" endTime="2021-12-16T16:19:34.8289044+03:00" testType="13cdc9d9-ddb5-4fa4-a97d-d965ccfc6d4b" outcome="Passed" testListId="8c84fa94-04c1-424b-9868-57a2d4851a1d" relativeResultsDirectory="d0805fae-261e-4400-8f05-8da1021b0d13">
      <Output>
        <StdOut>SCENARIO: Copy a questionnaire&#xD;
  STEP 1/5: GIVEN a company...&#xD;
  STEP 1/5: GIVEN a company (Passed after 918ms)&#xD;
  STEP 2/5: AND the authenticated user...&#xD;
  STEP 2/5: AND the authenticated user (Passed after 1s 525ms)&#xD;
  STEP 3/5: WHEN questionnaire is created...&#xD;
  STEP 3/5: WHEN questionnaire is created (Passed after 1s 788ms)&#xD;
  STEP 4/5: AND questionnaire is copied on create new...&#xD;
  STEP 4/5: AND questionnaire is copied on create new (Passed after 413ms)&#xD;
  STEP 5/5: Questionnaire should be copied...&#xD;
  STEP 5/5: Questionnaire should be copied (Passed after 70ms)&#xD;
  SCENARIO RESULT: Passed after 4s 724ms</StdOut>
      </Output>
    </UnitTestResult>
    <UnitTestResult executionId="2d3f9eb9-6412-48c2-b39e-3318c383f585" testId="019b787c-88b2-9680-3a7b-9251d2235f77" testName="Skillaz.Tests.CompanySpecific.X5.Naumen.NaumenSlaTests.Sla_calculates_correctly_for_next_day(candidateTimeZone: 11, sla: 02:00:00, startDate: 2019-12-31T09:00:00.0000000Z, truth: [NaumenTimeRange { From = &quot;2020-01-01 07:00:00&quot;, To = &quot;2020-01-01 09:00:00&quot; }])" computerName="DESKTOP-F6SKA47" duration="00:00:00.0000327" startTime="2021-12-16T16:16:29.3395809+03:00" endTime="2021-12-16T16:16:29.3395813+03:00" testType="13cdc9d9-ddb5-4fa4-a97d-d965ccfc6d4b" outcome="Passed" testListId="8c84fa94-04c1-424b-9868-57a2d4851a1d" relativeResultsDirectory="2d3f9eb9-6412-48c2-b39e-3318c383f585" />
    <UnitTestResult executionId="ff16ef3b-fd7a-4349-8f4c-f484449df6de" testId="da36f229-24d2-75d1-0b41-412d450a3280" testName="Skillaz.Tests.Candidate.Checks.FilterChecksBasedOnIsNeedToShow_feature.Get_candidate_info_for_old_interface_by_valid_user" computerName="DESKTOP-F6SKA47" duration="00:00:05.6025466" startTime="2021-12-16T16:26:45.3110522+03:00" endTime="2021-12-16T16:26:45.3110543+03:00" testType="13cdc9d9-ddb5-4fa4-a97d-d965ccfc6d4b" outcome="Passed" testListId="8c84fa94-04c1-424b-9868-57a2d4851a1d" relativeResultsDirectory="ff16ef3b-fd7a-4349-8f4c-f484449df6de">
      <Output>
        <StdOut>SCENARIO: Get candidate info for old interface by valid user&#xD;
  STEP 1/9: GIVEN a company...&#xD;
  STEP 1/9: GIVEN a company (Passed after 107ms)&#xD;
  STEP 2/9: AND the vacancy in the company...&#xD;
  STEP 2/9: AND the vacancy in the company (Passed after 50ms)&#xD;
  STEP 3/9: AND the authenticated user...&#xD;
  STEP 3/9: AND the authenticated user (Passed after 301ms)&#xD;
  STEP 4/9: AND a funnel...&#xD;
  STEP 4/9: AND a funnel (Passed after 273ms)&#xD;
  STEP 5/9: AND a candidate...&#xD;
  STEP 5/9: AND a candidate (Passed after 350ms)&#xD;
  STEP 6/9: AND client configuration with check workflow and model...&#xD;
  STEP 6/9: AND client configuration with check workflow and model (Passed after 1s 498ms)&#xD;
  STEP 7/9: AND started checks...&#xD;
  STEP 7/9: AND started checks (Passed after 2s 152ms)&#xD;
  STEP 8/9: WHEN candidate data is requested...&#xD;
  STEP 8/9: WHEN candidate data is requested (Passed after 457ms)&#xD;
  STEP 9/9: THEN check is available...&#xD;
  STEP 9/9: THEN check is available (Passed after 1ms)&#xD;
  SCENARIO RESULT: Passed after 5s 198ms</StdOut>
      </Output>
    </UnitTestResult>
    <UnitTestResult executionId="db783789-10bd-4b24-80ab-726abe487110" testId="1fee5870-176b-4b88-c84f-a01bd8c86dbd" testName="Skillaz.Tests.CompanySpecific.Decathlon.DecathlonRecruiterSecurityProfile_feature.Getting_allowed_vacancies" computerName="DESKTOP-F6SKA47" duration="00:00:06.7515890" startTime="2021-12-16T16:23:09.7945995+03:00" endTime="2021-12-16T16:23:09.7946019+03:00" testType="13cdc9d9-ddb5-4fa4-a97d-d965ccfc6d4b" outcome="Passed" testListId="8c84fa94-04c1-424b-9868-57a2d4851a1d" relativeResultsDirectory="db783789-10bd-4b24-80ab-726abe487110">
      <Output>
        <StdOut>SCENARIO: Getting allowed vacancies&#xD;
  STEP 1/6: GIVEN Given orgunits...&#xD;
  STEP 1/6: GIVEN Given orgunits (Passed after 697ms)&#xD;
  STEP 2/6: AND Given vacancies [orgUnitCity: "Москва"]...&#xD;
  STEP 2/6: AND Given vacancies [orgUnitCity: "Москва"] (Passed after 1s 135ms)&#xD;
  STEP 3/6: AND Given a company [companyId: "decathlonCompany"]...&#xD;
  STEP 3/6: AND Given a company [companyId: "decathlonCompany"] (Passed after 513ms)&#xD;
  STEP 4/6: AND Given authenticated user with decathlon security profile [scopeOrgUnitId: "61bb3db77f10d6937478d44c"]...&#xD;
  STEP 4/6: AND Given authenticated user with decathlon security profile [scopeOrgUnitId: "61bb3db77f10d6937478d44c"] (Passed after 2s 210ms)&#xD;
  STEP 5/6: WHEN When requesting decathlon vacancies list...&#xD;
  STEP 5/6: WHEN When requesting decathlon vacancies list (Passed after 98ms)&#xD;
  STEP 6/6: THEN Then restricted vacancy list returned...&#xD;
  STEP 6/6: THEN Then restricted vacancy list returned (Passed after 8ms)&#xD;
  SCENARIO RESULT: Passed after 4s 685ms</StdOut>
      </Output>
    </UnitTestResult>
    <UnitTestResult executionId="0ee30d35-321c-45e2-a30a-cd8055418198" testId="a26dbb4b-089e-8f56-a28a-7dd0b6f65130" testName="Skillaz.Tests.CompanySpecific.Mvideo.MvideoProfRolesAssign_feature.Assign_roles_of_users_with_no_access" computerName="DESKTOP-F6SKA47" duration="00:00:00.0010000" startTime="2021-12-16T16:24:47.0363116+03:00" endTime="2021-12-16T16:24:47.0363138+03:00" testType="13cdc9d9-ddb5-4fa4-a97d-d965ccfc6d4b" outcome="NotExecuted" testListId="8c84fa94-04c1-424b-9868-57a2d4851a1d" relativeResultsDirectory="0ee30d35-321c-45e2-a30a-cd8055418198">
      <Output>
        <StdOut>Не актуально, проф заявка в кфг и логика отличается</StdOut>
      </Output>
    </UnitTestResult>
    <UnitTestResult executionId="66a88d2e-3791-4e41-b7bb-a7bec41b974f" testId="3582ba23-c89f-b664-925b-ea83c041aea6" testName="Skillaz.Tests.CompanySpecific.Megafon.MegafonDeduplication_feature.DuplicateByEmailFilterTest" computerName="DESKTOP-F6SKA47" duration="00:00:07.0813774" startTime="2021-12-16T16:21:58.0152557+03:00" endTime="2021-12-16T16:21:58.0152583+03:00" testType="13cdc9d9-ddb5-4fa4-a97d-d965ccfc6d4b" outcome="Passed" testListId="8c84fa94-04c1-424b-9868-57a2d4851a1d" relativeResultsDirectory="66a88d2e-3791-4e41-b7bb-a7bec41b974f">
      <Output>
        <StdOut>SCENARIO: DuplicateByEmailFilterTest&#xD;
  STEP 1/9: GIVEN a company...&#xD;
  STEP 1/9: GIVEN a company (Passed after 362ms)&#xD;
  STEP 2/9: AND the authenticated user...&#xD;
  STEP 2/9: AND the authenticated user (Passed after 2s 109ms)&#xD;
  STEP 3/9: AND megafon user...&#xD;
  STEP 3/9: AND megafon user (Passed after &lt;1ms)&#xD;
  STEP 4/9: AND the vacancy in the company...&#xD;
  STEP 4/9: AND the vacancy in the company (Passed after 1s 179ms)&#xD;
  STEP 5/9: AND candidate on vacancy...&#xD;
  STEP 5/9: AND candidate on vacancy (Passed after 691ms)&#xD;
  STEP 6/9: AND duplicate by email...&#xD;
  STEP 6/9: AND duplicate by email (Passed after 1ms)&#xD;
  STEP 7/9: WHEN candidates are filtered...&#xD;
  STEP 7/9: WHEN candidates are filtered (Passed after 1s 266ms)&#xD;
  STEP 8/9: THEN found duplicate should be not null...&#xD;
  STEP 8/9: THEN found duplicate should be not null (Passed after &lt;1ms)&#xD;
  STEP 9/9: AND existing candidates phoneNumber should be changed...&#xD;
  STEP 9/9: AND existing candidates phoneNumber should be changed (Passed after 222ms)&#xD;
  SCENARIO RESULT: Passed after 5s 837ms</StdOut>
      </Output>
    </UnitTestResult>
    <UnitTestResult executionId="d7f80153-f578-4772-9dd9-f967f48428b2" testId="019b787c-88b2-9680-3a7b-9251d2235f77" testName="Skillaz.Tests.CompanySpecific.X5.Naumen.NaumenSlaTests.Sla_calculates_correctly_for_next_day(candidateTimeZone: 9, sla: 02:00:00, startDate: 2019-12-31T21:30:00.0000000Z, truth: [NaumenTimeRange { From = &quot;2020-01-01 07:00:00&quot;, To = &quot;2020-01-01 09:00:00&quot; }])" computerName="DESKTOP-F6SKA47" duration="00:00:00.0002203" startTime="2021-12-16T16:16:29.3189960+03:00" endTime="2021-12-16T16:16:29.3189964+03:00" testType="13cdc9d9-ddb5-4fa4-a97d-d965ccfc6d4b" outcome="Passed" testListId="8c84fa94-04c1-424b-9868-57a2d4851a1d" relativeResultsDirectory="d7f80153-f578-4772-9dd9-f967f48428b2" />
    <UnitTestResult executionId="5db6d5d2-e605-414a-b9e3-8d184cc08041" testId="4c05415c-98be-1c34-f9aa-c60d217227e0" testName="Skillaz.Tests.CompanySpecific.Decathlon.DecathlonRecruiterSecurityProfile_feature.Getting_allowed_requests" computerName="DESKTOP-F6SKA47" duration="00:00:06.6140733" startTime="2021-12-16T16:23:12.0149405+03:00" endTime="2021-12-16T16:23:12.0149434+03:00" testType="13cdc9d9-ddb5-4fa4-a97d-d965ccfc6d4b" outcome="Passed" testListId="8c84fa94-04c1-424b-9868-57a2d4851a1d" relativeResultsDirectory="5db6d5d2-e605-414a-b9e3-8d184cc08041">
      <Output>
        <StdOut>SCENARIO: Getting allowed requests&#xD;
  STEP 1/7: GIVEN Given orgunits...&#xD;
  STEP 1/7: GIVEN Given orgunits (Passed after 658ms)&#xD;
  STEP 2/7: AND Given requests...&#xD;
  STEP 2/7: AND Given requests (Passed after 1s 587ms)&#xD;
  STEP 3/7: AND Given vacancies [orgUnitCity: "Москва"]...&#xD;
  STEP 3/7: AND Given vacancies [orgUnitCity: "Москва"] (Passed after 1s 476ms)&#xD;
  STEP 4/7: AND Given a company [companyId: "decathlonCompany"]...&#xD;
  STEP 4/7: AND Given a company [companyId: "decathlonCompany"] (Passed after 234ms)&#xD;
  STEP 5/7: AND Given authenticated user with decathlon security profile [scopeOrgUnitId: "61bb3db97f10d6937478d49e"]...&#xD;
  STEP 5/7: AND Given authenticated user with decathlon security profile [scopeOrgUnitId: "61bb3db97f10d6937478d49e"] (Passed after 535ms)&#xD;
  STEP 6/7: WHEN When requesting decathlon requests list...&#xD;
  STEP 6/7: WHEN When requesting decathlon requests list (Passed after 67ms)&#xD;
  STEP 7/7: THEN Then restricted request list returned [requestId: "61bb3dba7f10d6937478d4b8"]...&#xD;
  STEP 7/7: THEN Then restricted request list returned [requestId: "61bb3dba7f10d6937478d4b8"] (Passed after &lt;1ms)&#xD;
  SCENARIO RESULT: Passed after 4s 589ms</StdOut>
      </Output>
    </UnitTestResult>
    <UnitTestResult executionId="984a7d3e-4ccc-47dd-95d7-cd5b5df7a3a9" testId="8948425e-4e2c-5536-d749-7c0ca9891f17" testName="Skillaz.Tests.CompanySpecific.X5.X5OrgUnitsTypeProcessing_feature.Problem_category_is_fifteen_percent_of_full_oe_list" computerName="DESKTOP-F6SKA47" duration="00:00:00.0010000" startTime="2021-12-16T16:23:39.3263233+03:00" endTime="2021-12-16T16:23:39.3263263+03:00" testType="13cdc9d9-ddb5-4fa4-a97d-d965ccfc6d4b" outcome="NotExecuted" testListId="8c84fa94-04c1-424b-9868-57a2d4851a1d" relativeResultsDirectory="984a7d3e-4ccc-47dd-95d7-cd5b5df7a3a9">
      <Output>
        <StdOut>Restore test later</StdOut>
      </Output>
    </UnitTestResult>
    <UnitTestResult executionId="ac8d5b89-0fe1-4f7d-8348-5e28420504d1" testId="019b787c-88b2-9680-3a7b-9251d2235f77" testName="Skillaz.Tests.CompanySpecific.X5.Naumen.NaumenSlaTests.Sla_calculates_correctly_for_next_day(candidateTimeZone: 9, sla: 02:00:00, startDate: 2019-12-31T16:30:00.0000000Z, truth: [NaumenTimeRange { From = &quot;2020-01-01 07:00:00&quot;, To = &quot;2020-01-01 09:00:00&quot; }])" computerName="DESKTOP-F6SKA47" duration="00:00:00.0000733" startTime="2021-12-16T16:16:29.3158456+03:00" endTime="2021-12-16T16:16:29.3158459+03:00" testType="13cdc9d9-ddb5-4fa4-a97d-d965ccfc6d4b" outcome="Passed" testListId="8c84fa94-04c1-424b-9868-57a2d4851a1d" relativeResultsDirectory="ac8d5b89-0fe1-4f7d-8348-5e28420504d1" />
    <UnitTestResult executionId="283c953d-8a92-4d7d-8038-b6119bd514d5" testId="201d2bfe-3138-1eb6-17e1-ed3d99a6f778" testName="Skillaz.Tests.Candidate.Elastic.CandidateElasticFiltration_feature.Retrieving_no_candidates_by_history_tags" computerName="DESKTOP-F6SKA47" duration="00:00:00.0010000" startTime="2021-12-16T16:24:39.9554017+03:00" endTime="2021-12-16T16:24:39.9554038+03:00" testType="13cdc9d9-ddb5-4fa4-a97d-d965ccfc6d4b" outcome="NotExecuted" testListId="8c84fa94-04c1-424b-9868-57a2d4851a1d" relativeResultsDirectory="283c953d-8a92-4d7d-8038-b6119bd514d5">
      <Output>
        <StdOut>You need Elasticsearch 7.5 local instance on 9200 port</StdOut>
      </Output>
    </UnitTestResult>
    <UnitTestResult executionId="eec54328-3208-453c-bb73-06209bbf55ae" testId="3cc305a1-245f-8d29-6fbc-5cf113a59872" testName="Skillaz.Tests.Request.X5.X5GetRequestListCommand_feature.If_candidate_is_female_and_request_for_males_it_should_not_exist_in_result" computerName="DESKTOP-F6SKA47" duration="00:00:09.1981239" startTime="2021-12-16T16:25:02.0066792+03:00" endTime="2021-12-16T16:25:02.0066850+03:00" testType="13cdc9d9-ddb5-4fa4-a97d-d965ccfc6d4b" outcome="Passed" testListId="8c84fa94-04c1-424b-9868-57a2d4851a1d" relativeResultsDirectory="eec54328-3208-453c-bb73-06209bbf55ae">
      <Output>
        <StdOut>SCENARIO: If candidate is female and request for males it should not exist in result&#xD;
  STEP 1/9: GIVEN a company [companyId: "61bb3e247f10d6937478e0e6"]...&#xD;
  STEP 1/9: GIVEN a company [companyId: "61bb3e247f10d6937478e0e6"] (Passed after 312ms)&#xD;
  STEP 2/9: AND the vacancy in the company...&#xD;
  STEP 2/9: AND the vacancy in the company (Passed after 215ms)&#xD;
  STEP 3/9: AND candidate "Skillaz.Candidate.Contract.Documents.Candidate.CandidateDocument"...&#xD;
  STEP 3/9: AND candidate "Skillaz.Candidate.Contract.Documents.Candidate.CandidateDocument" (Passed after 312ms)&#xD;
  STEP 4/9: AND request "Skillaz.Candidate.Contract.Request.RequestDocument"...&#xD;
  STEP 4/9: AND request "Skillaz.Candidate.Contract.Request.RequestDocument" (Passed after 290ms)&#xD;
  STEP 5/9: AND request "Skillaz.Candidate.Contract.Request.RequestDocument"...&#xD;
  STEP 5/9: AND request "Skillaz.Candidate.Contract.Request.RequestDocument" (Passed after 1ms)&#xD;
  STEP 6/9: AND created indexes for requests...&#xD;
  STEP 6/9: AND created indexes for requests (Passed after 7s 032ms)&#xD;
  STEP 7/9: AND candidate profile [candidateProfileDocument: "Skillaz.Candidate.Contract.Documents.CandidateProfile.CandidateProfileDocument"]...&#xD;
  STEP 7/9: AND candidate profile [candidateProfileDocument: "Skillaz.Candidate.Contract.Documents.CandidateProfile.CandidateProfileDocument"] (Passed after 134ms)&#xD;
  STEP 8/9: WHEN getting available requests list...&#xD;
  STEP 8/9: WHEN getting available requests list (Passed after 49ms)&#xD;
  STEP 9/9: THEN result list consists of one element with id "5ifdfhiuewr"...&#xD;
  STEP 9/9: THEN result list consists of one element with id "5ifdfhiuewr" (Passed after &lt;1ms)&#xD;
  SCENARIO RESULT: Passed after 8s 367ms</StdOut>
      </Output>
    </UnitTestResult>
    <UnitTestResult executionId="74c2266b-33b3-4051-8a44-61ef4639bd18" testId="11b19972-1f32-ab64-bdb5-4ea61a1129f4" testName="Skillaz.Tests.TaskTracker.SystemTaskNotificationSending_feature.Immediately_sending_of_system_task_notifications" computerName="DESKTOP-F6SKA47" duration="00:00:00.0010000" startTime="2021-12-16T16:19:34.8434423+03:00" endTime="2021-12-16T16:19:34.8434491+03:00" testType="13cdc9d9-ddb5-4fa4-a97d-d965ccfc6d4b" outcome="NotExecuted" testListId="8c84fa94-04c1-424b-9868-57a2d4851a1d" relativeResultsDirectory="74c2266b-33b3-4051-8a44-61ef4639bd18">
      <Output>
        <StdOut>не актуально</StdOut>
      </Output>
    </UnitTestResult>
    <UnitTestResult executionId="bc379c8e-8763-4e2e-bff2-500536be81c7" testId="60864804-fb05-12fe-f4c7-0e22a76e92f8" testName="Skillaz.Tests.OpenApi.CandidateProfileApi.FeatureCandidatePrifileArchive_feature.Ensure_that_candidate_profile_become_activated" computerName="DESKTOP-F6SKA47" duration="00:00:02.2181962" startTime="2021-12-16T16:24:41.3261765+03:00" endTime="2021-12-16T16:24:41.3261800+03:00" testType="13cdc9d9-ddb5-4fa4-a97d-d965ccfc6d4b" outcome="Passed" testListId="8c84fa94-04c1-424b-9868-57a2d4851a1d" relativeResultsDirectory="bc379c8e-8763-4e2e-bff2-500536be81c7">
      <Output>
        <StdOut>SCENARIO: Ensure that candidate profile become activated&#xD;
  STEP 1/5: GIVEN a company...&#xD;
  STEP 1/5: GIVEN a company (Passed after 159ms)&#xD;
  STEP 2/5: AND the authenticated api user...&#xD;
  STEP 2/5: AND the authenticated api user (Passed after 253ms)&#xD;
  STEP 3/5: AND the candidate profile [document: "Skillaz.Candidate.Contract.Documents.CandidateProfile.CandidateProfileDocument"]...&#xD;
  STEP 3/5: AND the candidate profile [document: "Skillaz.Candidate.Contract.Documents.CandidateProfile.CandidateProfileDocument"] (Passed after 344ms)&#xD;
  STEP 4/5: WHEN activate candidate profile [id: "1"]...&#xD;
  STEP 4/5: WHEN activate candidate profile [id: "1"] (Passed after 711ms)&#xD;
  STEP 5/5: THEN that candidate profile has activate [id: "1"]...&#xD;
  STEP 5/5: THEN that candidate profile has activate [id: "1"] (Passed after 19ms)&#xD;
  SCENARIO RESULT: Passed after 1s 498ms</StdOut>
      </Output>
    </UnitTestResult>
    <UnitTestResult executionId="21aae398-d7d3-4560-b506-dd13f33b1cfd" testId="6d19b1c0-83a7-9f75-d57d-fc702d519d3b" testName="Skillaz.Tests.Configurator.DocumentModel.CreateHireRequests.Нотификация_отправляется_при_создании_заявки" computerName="DESKTOP-F6SKA47" duration="00:00:05.8851027" startTime="2021-12-16T16:20:48.3610097+03:00" endTime="2021-12-16T16:20:48.3610116+03:00" testType="13cdc9d9-ddb5-4fa4-a97d-d965ccfc6d4b" outcome="Passed" testListId="8c84fa94-04c1-424b-9868-57a2d4851a1d" relativeResultsDirectory="21aae398-d7d3-4560-b506-dd13f33b1cfd">
      <Output>
        <StdOut>SCENARIO: Нотификация отправляется при создании заявки&#xD;
  STEP 1/7: GIVEN a company...&#xD;
  STEP 1/7: GIVEN a company (Passed after 245ms)&#xD;
  STEP 2/7: AND the authenticated user...&#xD;
  STEP 2/7: AND the authenticated user (Passed after 350ms)&#xD;
  STEP 3/7: Загрузить модель заявок...&#xD;
  STEP 3/7: Загрузить модель заявок (Passed after 331ms)&#xD;
  STEP 4/7: Определить модель заявки с нотификацией...&#xD;
  STEP 4/7: Определить модель заявки с нотификацией (Passed after 1s 110ms)&#xD;
  STEP 5/7: Определить шаблон письма...&#xD;
  STEP 5/7: Определить шаблон письма (Passed after 339ms)&#xD;
  STEP 6/7: Создать заявки...&#xD;
  STEP 6/7: Создать заявки (Passed after 2s 471ms)&#xD;
  STEP 7/7: Проверить что нотификация отправилась...&#xD;
  STEP 7/7: Проверить что нотификация отправилась (Passed after 366ms)&#xD;
  SCENARIO RESULT: Passed after 5s 279ms</StdOut>
      </Output>
    </UnitTestResult>
    <UnitTestResult executionId="0de54df9-d576-4e03-9ac3-25f9559c2a5d" testId="92e2808f-7063-8df0-1007-f46e17e26c76" testName="Skillaz.Tests.Candidate.FromForm.GetDuplicates_feature.Candidate_duplicate_is_not_found" computerName="DESKTOP-F6SKA47" duration="00:00:10.5472410" startTime="2021-12-16T16:25:20.8273418+03:00" endTime="2021-12-16T16:25:20.8273428+03:00" testType="13cdc9d9-ddb5-4fa4-a97d-d965ccfc6d4b" outcome="Passed" testListId="8c84fa94-04c1-424b-9868-57a2d4851a1d" relativeResultsDirectory="0de54df9-d576-4e03-9ac3-25f9559c2a5d">
      <Output>
        <StdOut>SCENARIO: Candidate duplicate is not found&#xD;
  STEP 1/7: GIVEN a company...&#xD;
  STEP 1/7: GIVEN a company (Passed after 782ms)&#xD;
  STEP 2/7: AND the authenticated user...&#xD;
  STEP 2/7: AND the authenticated user (Passed after 808ms)&#xD;
  STEP 3/7: AND the vacancy in the company...&#xD;
  STEP 3/7: AND the vacancy in the company (Passed after 552ms)&#xD;
  STEP 4/7: AND a candidate...&#xD;
  STEP 4/7: AND a candidate (Passed after 447ms)&#xD;
  STEP 5/7: AND other vacancy in the company...&#xD;
  STEP 5/7: AND other vacancy in the company (Passed after 128ms)&#xD;
  STEP 6/7: WHEN request with new data for duplicates received...&#xD;
  STEP 6/7: WHEN request with new data for duplicates received (Passed after 2s 439ms)&#xD;
  STEP 7/7: THEN there are no duplicates found...&#xD;
  STEP 7/7: THEN there are no duplicates found (Passed after 116ms)&#xD;
  SCENARIO RESULT: Passed after 5s 384ms</StdOut>
      </Output>
    </UnitTestResult>
    <UnitTestResult executionId="6de15368-a013-4426-861a-63d48644d6eb" testId="3da02b33-eff4-43a1-d9e6-9958b0aaeca5" testName="Skillaz.Tests.Assessment.Scenario_feature.Linking_a_scenario" computerName="DESKTOP-F6SKA47" duration="00:00:01.2828259" startTime="2021-12-16T16:22:18.4052018+03:00" endTime="2021-12-16T16:22:18.4052036+03:00" testType="13cdc9d9-ddb5-4fa4-a97d-d965ccfc6d4b" outcome="Passed" testListId="8c84fa94-04c1-424b-9868-57a2d4851a1d" relativeResultsDirectory="6de15368-a013-4426-861a-63d48644d6eb">
      <Output>
        <StdOut>SCENARIO: Linking a scenario&#xD;
  STEP 1/7: GIVEN a company...&#xD;
  STEP 1/7: GIVEN a company (Passed after 89ms)&#xD;
  STEP 2/7: AND the vacancy in the company...&#xD;
  STEP 2/7: AND the vacancy in the company (Passed after 148ms)&#xD;
  STEP 3/7: AND the authenticated user...&#xD;
  STEP 3/7: AND the authenticated user (Passed after 234ms)&#xD;
  STEP 4/7: AND a default scenario...&#xD;
  STEP 4/7: AND a default scenario (Passed after 81ms)&#xD;
  STEP 5/7: AND another scenario...&#xD;
  STEP 5/7: AND another scenario (Passed after 1ms)&#xD;
  STEP 6/7: WHEN a scenario is linked...&#xD;
  STEP 6/7: WHEN a scenario is linked (Passed after 166ms)&#xD;
  STEP 7/7: The scenario should be linked to a vacancy...&#xD;
  STEP 7/7: The scenario should be linked to a vacancy (Passed after 118ms)&#xD;
  SCENARIO RESULT: Passed after 849ms</StdOut>
      </Output>
    </UnitTestResult>
    <UnitTestResult executionId="41571dbf-0c60-444b-880b-936af925f9ab" testId="886bd1e1-2275-0dbe-f72a-535b3b340cb1" testName="Skillaz.Tests.OpenApi.CreateNewCandidate_feature.Candidate_creation_with_request" computerName="DESKTOP-F6SKA47" duration="00:00:06.2363342" startTime="2021-12-16T16:26:13.5397472+03:00" endTime="2021-12-16T16:26:13.5397505+03:00" testType="13cdc9d9-ddb5-4fa4-a97d-d965ccfc6d4b" outcome="Passed" testListId="8c84fa94-04c1-424b-9868-57a2d4851a1d" relativeResultsDirectory="41571dbf-0c60-444b-880b-936af925f9ab">
      <Output>
        <StdOut>SCENARIO: Candidate creation with request&#xD;
  STEP 1/6: GIVEN a company...&#xD;
  STEP 1/6: GIVEN a company (Passed after 310ms)&#xD;
  STEP 2/6: AND the authenticated user...&#xD;
  STEP 2/6: AND the authenticated user (Passed after 263ms)&#xD;
  STEP 3/6: AND the vacancy in the company...&#xD;
  STEP 3/6: AND the vacancy in the company (Passed after 132ms)&#xD;
  STEP 4/6: AND the request in the company...&#xD;
  STEP 4/6: AND the request in the company (Passed after 156ms)&#xD;
  STEP 5/6: WHEN candidate with request requested...&#xD;
  STEP 5/6: WHEN candidate with request requested (Passed after 4s 561ms)&#xD;
  STEP 6/6: THEN candidate request is correct...&#xD;
  STEP 6/6: THEN candidate request is correct (Passed after 398ms)&#xD;
  SCENARIO RESULT: Passed after 5s 838ms</StdOut>
      </Output>
    </UnitTestResult>
    <UnitTestResult executionId="3b2046f7-eade-41c3-bf31-1d03eb2bbe0a" testId="39bbe88c-a5a1-69b6-0e18-a75bb02edd6c" testName="Skillaz.Tests.CompanySpecific.X5.Naumen.NaumenSlaTests.Sla_calculates_correctly_within_one_day(candidateTimeZone: 6, sla: 04:00:00, startDate: 2019-12-31T10:00:00.0000000Z, truth: [NaumenTimeRange { From = &quot;2019-12-31 13:00:00&quot;, To = &quot;2019-12-31 17:00:00&quot; }])" computerName="DESKTOP-F6SKA47" duration="00:00:00.0000935" startTime="2021-12-16T16:16:29.0079251+03:00" endTime="2021-12-16T16:16:29.0079273+03:00" testType="13cdc9d9-ddb5-4fa4-a97d-d965ccfc6d4b" outcome="Passed" testListId="8c84fa94-04c1-424b-9868-57a2d4851a1d" relativeResultsDirectory="3b2046f7-eade-41c3-bf31-1d03eb2bbe0a" />
    <UnitTestResult executionId="09096147-980f-44eb-aead-490f8eed48bb" testId="2bc1e677-0b40-9af5-6dfa-bae1be22c0b8" testName="Skillaz.Tests.CompanySpecific.Perekrestok.PerekrestokRequestPriority_feature.Calculation_request_priority(supermarketType: &quot;Действующий супермаркет&quot;, requestVl: 100, employmentCandidateCount: 0, employmentFinishedCandidateCount: 0, interviewCandidateCount: 10, requestPriority: Low)" computerName="DESKTOP-F6SKA47" duration="00:00:24.2831394" startTime="2021-12-16T16:23:44.1264334+03:00" endTime="2021-12-16T16:23:44.1264398+03:00" testType="13cdc9d9-ddb5-4fa4-a97d-d965ccfc6d4b" outcome="Passed" testListId="8c84fa94-04c1-424b-9868-57a2d4851a1d" relativeResultsDirectory="09096147-980f-44eb-aead-490f8eed48bb">
      <Output>
        <StdOut>SCENARIO: Calculation request priority [supermarketType: "Действующий супермаркет"] [requestVl: "100"] [employmentCandidateCount: "0"] [employmentFinishedCandidateCount: "0"] [interviewCandidateCount: "10"] [requestPriority: "Low"]&#xD;
  STEP 1/6: GIVEN Given a company [companyId: "PerekrestokCompany"]...&#xD;
  STEP 1/6: GIVEN Given a company [companyId: "PerekrestokCompany"] (Passed after 162ms)&#xD;
  STEP 2/6: AND Given the authenticated user...&#xD;
  STEP 2/6: AND Given the authenticated user (Passed after 151ms)&#xD;
  STEP 3/6: AND Given org unit and request for status [requestState: "InWork"] [supermarketType: "Действующий супермаркет"] [requestVl: "100"]...&#xD;
  STEP 3/6: AND Given org unit and request for status [requestState: "InWork"] [supermarketType: "Действующий супермаркет"] [requestVl: "100"] (Passed after 259ms)&#xD;
  STEP 4/6: AND Given candidates according data and assigned to request [employmentCandidateCount: "0"] [employmentFinishedCandidateCount: "0"] [interviewCandidateCount: "10"]...&#xD;
  STEP 4/6: AND Given candidates according data and assigned to request [employmentCandidateCount: "0"] [employmentFinishedCandidateCount: "0"] [interviewCandidateCount: "10"] (Passed after 92ms)&#xD;
  STEP 5/6: WHEN When calculation priority...&#xD;
  STEP 5/6: WHEN When calculation priority (Passed after 18s 437ms)&#xD;
  STEP 6/6: THEN Then request priority equal [requestPriority: "Low"]...&#xD;
  STEP 6/6: THEN Then request priority equal [requestPriority: "Low"] (Passed after 7ms)&#xD;
  SCENARIO RESULT: Passed after 19s 137ms</StdOut>
      </Output>
    </UnitTestResult>
    <UnitTestResult executionId="a50ee90b-3147-4a24-b058-15677bc35810" testId="39887e97-d103-32a5-06c3-bf6efdb5c0cc" testName="Skillaz.Tests.DocumentModels.FieldValueComparerTests.StringComparison(firstValue: &quot;a&quot;, secondValue: &quot;a&quot;, result: True)" computerName="DESKTOP-F6SKA47" duration="00:00:00.0148471" startTime="2021-12-16T16:16:31.0474072+03:00" endTime="2021-12-16T16:16:31.0474191+03:00" testType="13cdc9d9-ddb5-4fa4-a97d-d965ccfc6d4b" outcome="Passed" testListId="8c84fa94-04c1-424b-9868-57a2d4851a1d" relativeResultsDirectory="a50ee90b-3147-4a24-b058-15677bc35810" />
    <UnitTestResult executionId="3d247a1b-873d-451a-a62a-e4f5f47a2bd2" testId="20bd4782-b49a-3bb8-2e58-f6d4aab25b46" testName="Skillaz.Tests.Candidate.CandidateVacancyHistory_feature.Созданный_кандидат_должен_содержать_историю_вакансий_с_текущей_вакансией" computerName="DESKTOP-F6SKA47" duration="00:00:16.1446497" startTime="2021-12-16T16:25:24.2537543+03:00" endTime="2021-12-16T16:25:24.2537572+03:00" testType="13cdc9d9-ddb5-4fa4-a97d-d965ccfc6d4b" outcome="Passed" testListId="8c84fa94-04c1-424b-9868-57a2d4851a1d" relativeResultsDirectory="3d247a1b-873d-451a-a62a-e4f5f47a2bd2">
      <Output>
        <StdOut>SCENARIO: Созданный кандидат должен содержать историю вакансий с текущей вакансией&#xD;
  STEP 1/5: GIVEN a company...&#xD;
  STEP 1/5: GIVEN a company (Passed after 179ms)&#xD;
  STEP 2/5: AND the authenticated user...&#xD;
  STEP 2/5: AND the authenticated user (Passed after 420ms)&#xD;
  STEP 3/5: Дана вакансия...&#xD;
  STEP 3/5: Дана вакансия (Passed after 275ms)&#xD;
  STEP 4/5: Когда создается кандидат...&#xD;
  STEP 4/5: Когда создается кандидат (Passed after 11s 825ms)&#xD;
  STEP 5/5: Проверить что в истории вакансий есть только одна текущая вакансия...&#xD;
  STEP 5/5: Проверить что в истории вакансий есть только одна текущая вакансия (Passed after 1ms)&#xD;
  SCENARIO RESULT: Passed after 15s 421ms</StdOut>
      </Output>
    </UnitTestResult>
    <UnitTestResult executionId="39471bdd-909a-4875-87e7-2c0e499b25f8" testId="edd1fb4a-b90e-59db-f669-1abea64588b1" testName="Skillaz.Tests.Assessment.Interviews.AddressInterview_feature.Getting_a_result_of_interview" computerName="DESKTOP-F6SKA47" duration="00:00:17.3028249" startTime="2021-12-16T16:29:05.9576026+03:00" endTime="2021-12-16T16:29:05.9576068+03:00" testType="13cdc9d9-ddb5-4fa4-a97d-d965ccfc6d4b" outcome="Passed" testListId="8c84fa94-04c1-424b-9868-57a2d4851a1d" relativeResultsDirectory="39471bdd-909a-4875-87e7-2c0e499b25f8">
      <Output>
        <StdOut>SCENARIO: Getting a result of interview&#xD;
  STEP 1/5: GIVEN a company...&#xD;
  STEP 1/5: GIVEN a company (Passed after 749ms)&#xD;
  STEP 2/5: AND the authenticated user...&#xD;
  STEP 2/5: AND the authenticated user (Passed after 7s 125ms)&#xD;
  STEP 3/5: AND the interview...&#xD;
  STEP 3/5: AND the interview (Passed after 133ms)&#xD;
  STEP 4/5: WHEN result of interview is requested...&#xD;
  STEP 4/5: WHEN result of interview is requested (Passed after 6s 229ms)&#xD;
  STEP 5/5: Result should be retrieved...&#xD;
  STEP 5/5: Result should be retrieved (Passed after &lt;1ms)&#xD;
  SCENARIO RESULT: Passed after 14s 268ms</StdOut>
      </Output>
    </UnitTestResult>
    <UnitTestResult executionId="08a6c0c8-a098-47e7-ae05-97ff562bdffb" testId="7616d9b2-f2b2-8369-1fa5-2c9c65b7cf0a" testName="Skillaz.Tests.Configurator.Editor.ChangeTrackingMerge.Проверка_корректности_сортировки(a: [ChangeTrackingMergeItem { Id = &quot;a&quot; }, ChangeTrackingMergeItem { Id = &quot;b&quot; }, ChangeTrackingMergeItem { Id = &quot;q&quot; }, ChangeTrackingMergeItem { Id = &quot;e&quot; }, ChangeTrackingMergeItem { Id = &quot;t&quot; }, ...], b: [ChangeTrackingMergeItem { Id = &quot;a&quot; }, ChangeTrackingMergeItem { Id = &quot;b&quot; }, ChangeTrackingMergeItem { Id = &quot;q&quot; }, ChangeTrackingMergeItem { Id = &quot;e&quot; }, ChangeTrackingMergeItem { Id = &quot;t&quot; }, ...], expected: [TabModelPair`1 { Id = &quot;a&quot;, Now = ChangeTrackingMergeItem { ... }, NowOrOrigin = ChangeTrackingMergeItem { ... }, Origin = ChangeTrackingMergeItem { ... } }, TabModelPair`1 { Id = &quot;b&quot;, Now = ChangeTrackingMergeItem { ... }, NowOrOrigin = ChangeTrackingMergeItem { ... }, Origin = ChangeTrackingMergeItem { ... } }, TabModelPair`1 { Id = &quot;q&quot;, Now = ChangeTrackingMergeItem { ... }, NowOrOrigin = ChangeTrackingMergeItem { ... }, Origin = ChangeTrackingMergeItem { ... } }, TabModelPair`1 { Id = &quot;e&quot;, Now = ChangeTrackingMergeItem { ... }, NowOrOrigin = ChangeTrackingMergeItem { ... }, Origin = ChangeTrackingMergeItem { ... } }, TabModelPair`1 { Id = &quot;t&quot;, Now = ChangeTrackingMergeItem { ... }, NowOrOrigin = ChangeTrackingMergeItem { ... }, Origin = ChangeTrackingMergeItem { ... } }, ...])" computerName="DESKTOP-F6SKA47" duration="00:00:00.0002811" startTime="2021-12-16T16:16:28.7586047+03:00" endTime="2021-12-16T16:16:28.7586058+03:00" testType="13cdc9d9-ddb5-4fa4-a97d-d965ccfc6d4b" outcome="Passed" testListId="8c84fa94-04c1-424b-9868-57a2d4851a1d" relativeResultsDirectory="08a6c0c8-a098-47e7-ae05-97ff562bdffb" />
    <UnitTestResult executionId="83e02856-efa7-4568-991b-8a9b48517dba" testId="e412e183-1dc7-5206-5898-a0cd00184b09" testName="Skillaz.Tests.Validators.ListSizeFieldValidator_feature.Should_show_default_list_empty_error_message_when_validate" computerName="DESKTOP-F6SKA47" duration="00:00:00.0284295" startTime="2021-12-16T16:28:34.5415717+03:00" endTime="2021-12-16T16:28:34.5415741+03:00" testType="13cdc9d9-ddb5-4fa4-a97d-d965ccfc6d4b" outcome="Passed" testListId="8c84fa94-04c1-424b-9868-57a2d4851a1d" relativeResultsDirectory="83e02856-efa7-4568-991b-8a9b48517dba">
      <Output>
        <StdOut>SCENARIO: Should show default list empty error message when validate&#xD;
  STEP 1/6: GIVEN min size equals one...&#xD;
  STEP 1/6: GIVEN min size equals one (Passed after &lt;1ms)&#xD;
  STEP 2/6: AND ListSizeFieldValidator with default error messages...&#xD;
  STEP 2/6: AND ListSizeFieldValidator with default error messages (Passed after &lt;1ms)&#xD;
  STEP 3/6: AND document with null string list field...&#xD;
  STEP 3/6: AND document with null string list field (Passed after &lt;1ms)&#xD;
  STEP 4/6: Run validator...&#xD;
  STEP 4/6: Run validator (Passed after &lt;1ms)&#xD;
  STEP 5/6: Assert result is not valid...&#xD;
  STEP 5/6: Assert result is not valid (Passed after &lt;1ms)&#xD;
  STEP 6/6: Assert default list empty error message in validation result...&#xD;
  STEP 6/6: Assert default list empty error message in validation result (Passed after 1ms)&#xD;
  SCENARIO RESULT: Passed after 5ms</StdOut>
      </Output>
    </UnitTestResult>
    <UnitTestResult executionId="dc25fd49-269d-4fd2-ac2e-113394ea3179" testId="457b85e5-43c5-a09c-6492-2ec28208e544" testName="Skillaz.Tests.CompanySpecific.Perekrestok.PerekrestokBlockUnblockCandidates_feature.Last_check_refused_and_more_than_37_days_in_not_passed_state" computerName="DESKTOP-F6SKA47" duration="00:00:08.9748354" startTime="2021-12-16T16:24:56.7442107+03:00" endTime="2021-12-16T16:24:56.7442143+03:00" testType="13cdc9d9-ddb5-4fa4-a97d-d965ccfc6d4b" outcome="Passed" testListId="8c84fa94-04c1-424b-9868-57a2d4851a1d" relativeResultsDirectory="dc25fd49-269d-4fd2-ac2e-113394ea3179">
      <Output>
        <StdOut>SCENARIO: Last check refused and more than 37 days in not passed state&#xD;
  STEP 1/11: GIVEN a company [companyId: "PerekrestokCompany"]...&#xD;
  STEP 1/11: GIVEN a company [companyId: "PerekrestokCompany"] (Passed after 196ms)&#xD;
  STEP 2/11: AND the authenticated admin user...&#xD;
  STEP 2/11: AND the authenticated admin user (Passed after 459ms)&#xD;
  STEP 3/11: AND the funnel...&#xD;
  STEP 3/11: AND the funnel (Passed after 185ms)&#xD;
  STEP 4/11: AND the vacancy in the company [funnelId: "mass"]...&#xD;
  STEP 4/11: AND the vacancy in the company [funnelId: "mass"] (Passed after 303ms)&#xD;
  STEP 5/11: AND a candidate [blockingDate: "&lt;null&gt;"] [statusType: "InProgress"]...&#xD;
  STEP 5/11: AND a candidate [blockingDate: "&lt;null&gt;"] [statusType: "InProgress"] (Passed after 249ms)&#xD;
  STEP 6/11: AND the check [time: "11/09/2021 13:24:49"] [state: "NotPassed"]...&#xD;
  STEP 6/11: AND the check [time: "11/09/2021 13:24:49"] [state: "NotPassed"] (Passed after 139ms)&#xD;
  STEP 7/11: WHEN blocking procedure occurs...&#xD;
  STEP 7/11: WHEN blocking procedure occurs (Passed after 5s 942ms)&#xD;
  STEP 8/11: AND blocking procedure occurs...&#xD;
  STEP 8/11: AND blocking procedure occurs (Passed after 388ms)&#xD;
  STEP 9/11: THEN candidate is not blocked...&#xD;
  STEP 9/11: THEN candidate is not blocked (Passed after 4ms)&#xD;
  STEP 10/11: AND candidate check is in created stage...&#xD;
  STEP 10/11: AND candidate check is in created stage (Passed after 1ms)&#xD;
  STEP 11/11: AND candidate resolution file does not exist...&#xD;
  STEP 11/11: AND candidate resolution file does not exist (Passed after 1ms)&#xD;
  SCENARIO RESULT: Passed after 7s 903ms</StdOut>
      </Output>
    </UnitTestResult>
    <UnitTestResult executionId="ea50a059-2544-4132-bf01-119196071330" testId="6e4e82fd-45cd-d33c-d05a-8072ce4ee102" testName="Skillaz.Tests.RabotaNur.RabotaNurHtmlConverterTests.TestMethod(html: &quot;&quot;, expected: &quot;&quot;)" computerName="DESKTOP-F6SKA47" duration="00:00:01.5966815" startTime="2021-12-16T16:16:31.3574109+03:00" endTime="2021-12-16T16:16:31.3574232+03:00" testType="13cdc9d9-ddb5-4fa4-a97d-d965ccfc6d4b" outcome="Passed" testListId="8c84fa94-04c1-424b-9868-57a2d4851a1d" relativeResultsDirectory="ea50a059-2544-4132-bf01-119196071330" />
    <UnitTestResult executionId="eb1baaad-9378-449f-8b52-6aa53cbc2665" testId="695a69c9-264c-d1c5-2032-535ef4bf39f9" testName="Skillaz.Tests.CompanySpecific.X5.Naumen.NaumenSlaTests.Sla_calculates_correctly_for_split_days(candidateTimeZone: 3, sla: 04:00:00, startDate: 2019-12-31T15:00:00.0000000Z, truth: [NaumenTimeRange { From = &quot;2019-12-31 18:00:00&quot;, To = &quot;2019-12-31 20:00:00&quot; }, NaumenTimeRange { From = &quot;2020-01-01 09:00:00&quot;, To = &quot;2020-01-01 11:00:00&quot; }])" computerName="DESKTOP-F6SKA47" duration="00:00:00.0000463" startTime="2021-12-16T16:16:28.9250890+03:00" endTime="2021-12-16T16:16:28.9250899+03:00" testType="13cdc9d9-ddb5-4fa4-a97d-d965ccfc6d4b" outcome="Passed" testListId="8c84fa94-04c1-424b-9868-57a2d4851a1d" relativeResultsDirectory="eb1baaad-9378-449f-8b52-6aa53cbc2665" />
    <UnitTestResult executionId="bf0bb6ad-d8bb-4c6f-a001-47957b1d1bf2" testId="39bbe88c-a5a1-69b6-0e18-a75bb02edd6c" testName="Skillaz.Tests.CompanySpecific.X5.Naumen.NaumenSlaTests.Sla_calculates_correctly_within_one_day(candidateTimeZone: 2, sla: 03:00:00, startDate: 2019-12-31T15:00:00.0000000Z, truth: [NaumenTimeRange { From = &quot;2019-12-31 18:00:00&quot;, To = &quot;2019-12-31 21:00:00&quot; }])" computerName="DESKTOP-F6SKA47" duration="00:00:00.0000601" startTime="2021-12-16T16:16:28.8932373+03:00" endTime="2021-12-16T16:16:28.8932381+03:00" testType="13cdc9d9-ddb5-4fa4-a97d-d965ccfc6d4b" outcome="Passed" testListId="8c84fa94-04c1-424b-9868-57a2d4851a1d" relativeResultsDirectory="bf0bb6ad-d8bb-4c6f-a001-47957b1d1bf2" />
    <UnitTestResult executionId="fe7408b4-f5f3-4d48-bd94-b32822516f1d" testId="f727b248-9add-f920-b0ce-770364245e70" testName="Skillaz.Tests.Candidate.Elastic.CandidateElasticMultiselectFiltration_feature.MultiLineFilterCheck(filter: (Skillaz.Candidate.Contract.CandidateSearchFilter, Skillaz.Candidate.Contract.CandidateSearchFilterCommon), result: (4, simple search: UseContactInfo))" computerName="DESKTOP-F6SKA47" duration="00:00:00.0010000" startTime="2021-12-16T16:26:49.3065590+03:00" endTime="2021-12-16T16:26:49.3065608+03:00" testType="13cdc9d9-ddb5-4fa4-a97d-d965ccfc6d4b" outcome="NotExecuted" testListId="8c84fa94-04c1-424b-9868-57a2d4851a1d" relativeResultsDirectory="fe7408b4-f5f3-4d48-bd94-b32822516f1d">
      <Output>
        <StdOut>You need Elasticsearch 7.5 local instance on 9200 port</StdOut>
      </Output>
    </UnitTestResult>
    <UnitTestResult executionId="22c54e35-8428-4d0d-98a8-b7b804e75c28" testId="533a0ec4-22d2-1cc4-96b7-270397774991" testName="Skillaz.Tests.Candidate.Elastic.CandidateElasticFiltration_feature.Retrieving_a_candidate_by_existing_id" computerName="DESKTOP-F6SKA47" duration="00:00:00.0010000" startTime="2021-12-16T16:24:40.1145278+03:00" endTime="2021-12-16T16:24:40.1145307+03:00" testType="13cdc9d9-ddb5-4fa4-a97d-d965ccfc6d4b" outcome="NotExecuted" testListId="8c84fa94-04c1-424b-9868-57a2d4851a1d" relativeResultsDirectory="22c54e35-8428-4d0d-98a8-b7b804e75c28">
      <Output>
        <StdOut>You need Elasticsearch 7.5 local instance on 9200 port</StdOut>
      </Output>
    </UnitTestResult>
    <UnitTestResult executionId="2caf3fe5-511b-4127-9ab1-feaf836aff0b" testId="85a77bdd-8ffd-1340-79bb-3da1d698a672" testName="Расширение файла не должно совпадать с его содержимым(fileName: &quot;Video.mpeg&quot;, alterName: &quot;.png&quot;)" computerName="DESKTOP-F6SKA47" duration="00:00:00.0139854" startTime="2021-12-16T16:16:30.9339400+03:00" endTime="2021-12-16T16:16:30.9339463+03:00" testType="13cdc9d9-ddb5-4fa4-a97d-d965ccfc6d4b" outcome="Passed" testListId="8c84fa94-04c1-424b-9868-57a2d4851a1d" relativeResultsDirectory="2caf3fe5-511b-4127-9ab1-feaf836aff0b" />
    <UnitTestResult executionId="90725955-8770-490a-a7fd-8ed569dbe3f8" testId="a07becce-bdcd-db62-280a-abfa377ebcd3" testName="Skillaz.Tests.AutoComplete.RequestAutoCompleteControllerGetRequests_feature.AutoComplete_with_states_and_state_types(states: null, stateTypes: null)" computerName="DESKTOP-F6SKA47" duration="00:00:06.4150060" startTime="2021-12-16T16:26:44.3888400+03:00" endTime="2021-12-16T16:26:44.3888433+03:00" testType="13cdc9d9-ddb5-4fa4-a97d-d965ccfc6d4b" outcome="Passed" testListId="8c84fa94-04c1-424b-9868-57a2d4851a1d" relativeResultsDirectory="90725955-8770-490a-a7fd-8ed569dbe3f8">
      <Output>
        <StdOut>SCENARIO: AutoComplete with states "&lt;null&gt;" and state types [stateTypes: "&lt;null&gt;"]&#xD;
  STEP 1/6: GIVEN a company...&#xD;
  STEP 1/6: GIVEN a company (Passed after 148ms)&#xD;
  STEP 2/6: AND the authenticated user...&#xD;
  STEP 2/6: AND the authenticated user (Passed after 359ms)&#xD;
  STEP 3/6: AND a model...&#xD;
  STEP 3/6: AND a model (Passed after 459ms)&#xD;
  STEP 4/6: AND requests...&#xD;
  STEP 4/6: AND requests (Passed after 4s 914ms)&#xD;
  STEP 5/6: WHEN getting requests [states: "&lt;null&gt;"] [stateTypes: "&lt;null&gt;"]...&#xD;
  STEP 5/6: WHEN getting requests [states: "&lt;null&gt;"] [stateTypes: "&lt;null&gt;"] (Passed after 7ms)&#xD;
  STEP 6/6: THEN correct requests return [states: "&lt;null&gt;"] [stateTypes: "&lt;null&gt;"]...&#xD;
  STEP 6/6: THEN correct requests return [states: "&lt;null&gt;"] [stateTypes: "&lt;null&gt;"] (Passed after 7ms)&#xD;
  SCENARIO RESULT: Passed after 5s 963ms</StdOut>
      </Output>
    </UnitTestResult>
    <UnitTestResult executionId="d534bf5e-8a6e-4d98-8053-361751a97b76" testId="2a26adb7-db6a-ecb5-cbe8-33f345334538" testName="Skillaz.Tests.Configurator.SecurityProfile.ConfiguratorSecurityProfileRequest_feature.Request_is_available_to_user_by_confidential" computerName="DESKTOP-F6SKA47" duration="00:00:22.9466434" startTime="2021-12-16T16:21:20.7098133+03:00" endTime="2021-12-16T16:21:20.7098184+03:00" testType="13cdc9d9-ddb5-4fa4-a97d-d965ccfc6d4b" outcome="Passed" testListId="8c84fa94-04c1-424b-9868-57a2d4851a1d" relativeResultsDirectory="d534bf5e-8a6e-4d98-8053-361751a97b76">
      <Output>
        <StdOut>SCENARIO: Request is available to user by confidential&#xD;
  STEP 1/7: GIVEN a company...&#xD;
  STEP 1/7: GIVEN a company (Passed after 204ms)&#xD;
  STEP 2/7: AND the user with security profile [securityProfile: "SecurityProfile"]...&#xD;
  STEP 2/7: AND the user with security profile [securityProfile: "SecurityProfile"] (Passed after 681ms)&#xD;
  STEP 3/7: AND the security profile config by confidential [grantAccessToConfidential: "True"]...&#xD;
  STEP 3/7: AND the security profile config by confidential [grantAccessToConfidential: "True"] (Passed after 1s 752ms)&#xD;
  STEP 4/7: AND the hire request config [hireRequestType: "HireRequest.HireRequest"]...&#xD;
  STEP 4/7: AND the hire request config [hireRequestType: "HireRequest.HireRequest"] (Passed after 2s 451ms)&#xD;
  STEP 5/7: AND the hire requests for confidential...&#xD;
  STEP 5/7: AND the hire requests for confidential (Passed after 413ms)&#xD;
  STEP 6/7: WHEN filter hire requests...&#xD;
  STEP 6/7: WHEN filter hire requests (Passed after 15s 402ms)&#xD;
  STEP 7/7: THEN request visibility check...&#xD;
  STEP 7/7: THEN request visibility check (Passed after 26ms)&#xD;
  SCENARIO RESULT: Passed after 21s 045ms</StdOut>
      </Output>
    </UnitTestResult>
    <UnitTestResult executionId="86edb421-73c6-4402-987b-e13622bb40fd" testId="70f1715f-15a3-f9df-bcef-4e936da3eac6" testName="Skillaz.Tests.CompanySpecific.Decathlon.DecathlonCheckJobOfferStateIsApprovedTrigger_feature.Last_job_offer_not_approved" computerName="DESKTOP-F6SKA47" duration="00:00:02.8274753" startTime="2021-12-16T16:24:19.8984023+03:00" endTime="2021-12-16T16:24:19.8984158+03:00" testType="13cdc9d9-ddb5-4fa4-a97d-d965ccfc6d4b" outcome="Passed" testListId="8c84fa94-04c1-424b-9868-57a2d4851a1d" relativeResultsDirectory="86edb421-73c6-4402-987b-e13622bb40fd">
      <Output>
        <StdOut>SCENARIO: Last job offer not approved&#xD;
  STEP 1/7: GIVEN a company [companyId: "decathlonCompany"]...&#xD;
  STEP 1/7: GIVEN a company [companyId: "decathlonCompany"] (Passed after 72ms)&#xD;
  STEP 2/7: AND the authenticated admin user...&#xD;
  STEP 2/7: AND the authenticated admin user (Passed after 82ms)&#xD;
  STEP 3/7: AND the vacancy in the company...&#xD;
  STEP 3/7: AND the vacancy in the company (Passed after 180ms)&#xD;
  STEP 4/7: AND a candidate...&#xD;
  STEP 4/7: AND a candidate (Passed after 83ms)&#xD;
  STEP 5/7: AND job offers [jobOffersCount: "1"] [lastRequestedJobOfferWorkflowItemState: "New"]...&#xD;
  STEP 5/7: AND job offers [jobOffersCount: "1"] [lastRequestedJobOfferWorkflowItemState: "New"] (Passed after 402ms)&#xD;
  STEP 6/7: WHEN set candidate status registrationSent...&#xD;
  STEP 6/7: WHEN set candidate status registrationSent (Passed after 55ms)&#xD;
  STEP 7/7: THEN exception thrown...&#xD;
  STEP 7/7: THEN exception thrown (Passed after &lt;1ms)&#xD;
  SCENARIO RESULT: Passed after 886ms</StdOut>
      </Output>
    </UnitTestResult>
    <UnitTestResult executionId="8016ddb4-dbcf-4079-8ba0-82fa043e9656" testId="868b9e44-a7e7-e799-a4da-195cd031a8c8" testName="Skillaz.Tests.Configurator.Deduplication.UpdateCandidateTest.Перевести_кандидата_на_новую_вакансию" computerName="DESKTOP-F6SKA47" duration="00:00:12.8923062" startTime="2021-12-16T16:21:58.3404381+03:00" endTime="2021-12-16T16:21:58.3404436+03:00" testType="13cdc9d9-ddb5-4fa4-a97d-d965ccfc6d4b" outcome="Passed" testListId="8c84fa94-04c1-424b-9868-57a2d4851a1d" relativeResultsDirectory="8016ddb4-dbcf-4079-8ba0-82fa043e9656">
      <Output>
        <StdOut>SCENARIO: Перевести кандидата на новую вакансию&#xD;
  STEP 1/10: GIVEN a company...&#xD;
  STEP 1/10: GIVEN a company (Passed after 188ms)&#xD;
  STEP 2/10: AND the authenticated user...&#xD;
  STEP 2/10: AND the authenticated user (Passed after 291ms)&#xD;
  STEP 3/10: AND the Funnel...&#xD;
  STEP 3/10: AND the Funnel (Passed after 134ms)&#xD;
  STEP 4/10: AND the vacancy in the company [funnelId: "TestingFunnel"]...&#xD;
  STEP 4/10: AND the vacancy in the company [funnelId: "TestingFunnel"] (Passed after 132ms)&#xD;
  STEP 5/10: AND the new vacancy [funnelId: "TestingFunnel"]...&#xD;
  STEP 5/10: AND the new vacancy [funnelId: "TestingFunnel"] (Passed after 118ms)&#xD;
  STEP 6/10: AND candidate on vacancy [idleTimeDays: "0"]...&#xD;
  STEP 6/10: AND candidate on vacancy [idleTimeDays: "0"] (Passed after 76ms)&#xD;
  STEP 7/10: AND new candidate new vacancy...&#xD;
  STEP 7/10: AND new candidate new vacancy (Passed after &lt;1ms)&#xD;
  STEP 8/10: WHEN candidates are updated [list: "Skillaz.Configurator.Contract.Deduplication.DeduplicationActionConfigurationDto, Skillaz.Configurator.Contract.Deduplication.DeduplicationActionConfigurationDto, Skillaz.Configurator.Contract.Deduplication.DeduplicationActionConfigurationDto"]...&#xD;
  STEP 8/10: WHEN candidates are updated [list: "Skillaz.Configurator.Contract.Deduplication.DeduplicationActionConfigurationDto, Skillaz.Configurator.Contract.Deduplication.DeduplicationActionConfigurationDto, Skillaz.Configurator.Contract.Deduplication.DeduplicationActionConfigurationDto"] (Passed after 9s 066ms)&#xD;
  STEP 9/10: Check rule [name: "Перевести на новую вакансию"]...&#xD;
  STEP 9/10: Check rule [name: "Перевести на новую вакансию"] (Passed after &lt;1ms)&#xD;
  STEP 10/10: Check new candidate new vacancy...&#xD;
  STEP 10/10: Check new candidate new vacancy (Passed after 68ms)&#xD;
  SCENARIO RESULT: Passed after 10s 106ms</StdOut>
      </Output>
    </UnitTestResult>
    <UnitTestResult executionId="aa95bce6-c7f7-4a1c-9fa2-0a755251fe0d" testId="04d22293-eb9c-adf7-9cea-ed1147f4504f" testName="Skillaz.Tests.Candidate.Elastic.CandidateElasticFiltration_feature.Retrieving_a_candidate_by_sf_sources" computerName="DESKTOP-F6SKA47" duration="00:00:00.0010000" startTime="2021-12-16T16:24:39.9456963+03:00" endTime="2021-12-16T16:24:39.9456982+03:00" testType="13cdc9d9-ddb5-4fa4-a97d-d965ccfc6d4b" outcome="NotExecuted" testListId="8c84fa94-04c1-424b-9868-57a2d4851a1d" relativeResultsDirectory="aa95bce6-c7f7-4a1c-9fa2-0a755251fe0d">
      <Output>
        <StdOut>You need Elasticsearch 7.5 local instance on 9200 port</StdOut>
      </Output>
    </UnitTestResult>
    <UnitTestResult executionId="fbaf6da7-ebc9-4358-bdc9-ca969f44baa9" testId="be04e4a4-6737-9df8-8ba6-9b61c0094eff" testName="Skillaz.Tests.CompanySpecific.Perekrestok.PerekrestokBlockUnblockCandidates_feature.Last_check_approved_and_more_than_30_days_have_passed" computerName="DESKTOP-F6SKA47" duration="00:00:07.8347782" startTime="2021-12-16T16:24:54.8701020+03:00" endTime="2021-12-16T16:24:54.8701034+03:00" testType="13cdc9d9-ddb5-4fa4-a97d-d965ccfc6d4b" outcome="Passed" testListId="8c84fa94-04c1-424b-9868-57a2d4851a1d" relativeResultsDirectory="fbaf6da7-ebc9-4358-bdc9-ca969f44baa9">
      <Output>
        <StdOut>SCENARIO: Last check approved and more than 30 days have passed&#xD;
  STEP 1/9: GIVEN a company [companyId: "PerekrestokCompany"]...&#xD;
  STEP 1/9: GIVEN a company [companyId: "PerekrestokCompany"] (Passed after 88ms)&#xD;
  STEP 2/9: AND the authenticated admin user...&#xD;
  STEP 2/9: AND the authenticated admin user (Passed after 101ms)&#xD;
  STEP 3/9: AND the funnel...&#xD;
  STEP 3/9: AND the funnel (Passed after 75ms)&#xD;
  STEP 4/9: AND the vacancy in the company [funnelId: "mass"]...&#xD;
  STEP 4/9: AND the vacancy in the company [funnelId: "mass"] (Passed after 105ms)&#xD;
  STEP 5/9: AND a candidate [blockingDate: "&lt;null&gt;"] [statusType: "InProgress"]...&#xD;
  STEP 5/9: AND a candidate [blockingDate: "&lt;null&gt;"] [statusType: "InProgress"] (Passed after 129ms)&#xD;
  STEP 6/9: AND the check [time: "11/16/2021 13:24:47"] [state: "Passed"]...&#xD;
  STEP 6/9: AND the check [time: "11/16/2021 13:24:47"] [state: "Passed"] (Passed after 131ms)&#xD;
  STEP 7/9: WHEN blocking procedure occurs...&#xD;
  STEP 7/9: WHEN blocking procedure occurs (Passed after 5s 331ms)&#xD;
  STEP 8/9: THEN candidate check is in created stage...&#xD;
  STEP 8/9: THEN candidate check is in created stage (Passed after 81ms)&#xD;
  STEP 9/9: AND candidate resolution file does not exist...&#xD;
  STEP 9/9: AND candidate resolution file does not exist (Passed after 33ms)&#xD;
  SCENARIO RESULT: Passed after 6s 095ms</StdOut>
      </Output>
    </UnitTestResult>
    <UnitTestResult executionId="6aed1714-fabf-49f4-856e-30e0683aa8cf" testId="019b787c-88b2-9680-3a7b-9251d2235f77" testName="Skillaz.Tests.CompanySpecific.X5.Naumen.NaumenSlaTests.Sla_calculates_correctly_for_next_day(candidateTimeZone: 11, sla: 02:00:00, startDate: 2019-12-31T15:00:00.0000000Z, truth: [NaumenTimeRange { From = &quot;2020-01-01 07:00:00&quot;, To = &quot;2020-01-01 09:00:00&quot; }])" computerName="DESKTOP-F6SKA47" duration="00:00:00.0000681" startTime="2021-12-16T16:16:29.3568936+03:00" endTime="2021-12-16T16:16:29.3568939+03:00" testType="13cdc9d9-ddb5-4fa4-a97d-d965ccfc6d4b" outcome="Passed" testListId="8c84fa94-04c1-424b-9868-57a2d4851a1d" relativeResultsDirectory="6aed1714-fabf-49f4-856e-30e0683aa8cf" />
    <UnitTestResult executionId="3a9cd5f0-11ee-48a5-bb57-e83d5ff764db" testId="0e5cf04c-8cba-0f38-3685-728b7f715944" testName="Skillaz.Tests.CompanySpecific.Perekrestok.Integration.PerekrestokIgnoreCityInOrgUnitByOpenApi_feature.Check_update_city_in_OrgUnit_by_hand" computerName="DESKTOP-F6SKA47" duration="00:00:04.8996335" startTime="2021-12-16T16:23:20.0262162+03:00" endTime="2021-12-16T16:23:20.0262182+03:00" testType="13cdc9d9-ddb5-4fa4-a97d-d965ccfc6d4b" outcome="Passed" testListId="8c84fa94-04c1-424b-9868-57a2d4851a1d" relativeResultsDirectory="3a9cd5f0-11ee-48a5-bb57-e83d5ff764db">
      <Output>
        <StdOut>SCENARIO: Check update city in OrgUnit by hand&#xD;
  STEP 1/6: Init...&#xD;
  STEP 1/6: Init (Passed after 975ms)&#xD;
  STEP 2/6: WHEN open api batch first update is processed...&#xD;
  STEP 2/6: WHEN open api batch first update is processed (Passed after 3s 058ms)&#xD;
  STEP 3/6: THEN orgunit should be created [externalId: "11CH2177"]...&#xD;
  STEP 3/6: THEN orgunit should be created [externalId: "11CH2177"] (Passed after 28ms)&#xD;
  STEP 4/6: GIVEN the authenticated user...&#xD;
  STEP 4/6: GIVEN the authenticated user (Passed after 3ms)&#xD;
  STEP 5/6: WHEN update by hand...&#xD;
  STEP 5/6: WHEN update by hand (Passed after 100ms)&#xD;
  STEP 6/6: THEN orgunit should be update city...&#xD;
  STEP 6/6: THEN orgunit should be update city (Passed after 35ms)&#xD;
  SCENARIO RESULT: Passed after 4s 223ms</StdOut>
      </Output>
    </UnitTestResult>
    <UnitTestResult executionId="9deb1186-cadc-4f4a-b41d-b5bde12a57c8" testId="e1dbeaaf-21b9-b924-00ec-f2df17fb9a1d" testName="Skillaz.Tests.Configurator.Filter.ConfiguratorRequestFilter_feature.Ensure_that_filter_return_available_values_when_one_request_type" computerName="DESKTOP-F6SKA47" duration="00:00:07.2228342" startTime="2021-12-16T16:29:09.4699719+03:00" endTime="2021-12-16T16:29:09.4699761+03:00" testType="13cdc9d9-ddb5-4fa4-a97d-d965ccfc6d4b" outcome="Passed" testListId="8c84fa94-04c1-424b-9868-57a2d4851a1d" relativeResultsDirectory="9deb1186-cadc-4f4a-b41d-b5bde12a57c8">
      <Output>
        <StdOut>SCENARIO: Ensure that filter return available values when one request type&#xD;
  STEP 1/7: GIVEN a company...&#xD;
  STEP 1/7: GIVEN a company (Passed after 105ms)&#xD;
  STEP 2/7: AND the authenticated user...&#xD;
  STEP 2/7: AND the authenticated user (Passed after 424ms)&#xD;
  STEP 3/7: AND the configurations by request types [requestTypes: "HireRequest"]...&#xD;
  STEP 3/7: AND the configurations by request types [requestTypes: "HireRequest"] (Passed after 644ms)&#xD;
  STEP 4/7: AND the data for configurations requests...&#xD;
  STEP 4/7: AND the data for configurations requests (Passed after 1s 090ms)&#xD;
  STEP 5/7: AND the filter by request [filterFields: "Skillaz.Framework.DocumentModel.Contract.DocumentModelFieldUpdate"]...&#xD;
  STEP 5/7: AND the filter by request [filterFields: "Skillaz.Framework.DocumentModel.Contract.DocumentModelFieldUpdate"] (Passed after 2ms)&#xD;
  STEP 6/7: WHEN get requests by filter...&#xD;
  STEP 6/7: WHEN get requests by filter (Passed after 1s 815ms)&#xD;
  STEP 7/7: THEN requests from filter equal requests by query...&#xD;
  STEP 7/7: THEN requests from filter equal requests by query (Passed after 21ms)&#xD;
  SCENARIO RESULT: Passed after 4s 125ms</StdOut>
      </Output>
    </UnitTestResult>
    <UnitTestResult executionId="7780de6e-9898-445d-a9d9-ffd944990ef3" testId="1ae29eb4-eb77-0b66-6af5-514526c76e12" testName="Skillaz.Tests.Candidate.Checks.CheckFromConfigurator_feature.Auto_start_check_with_exclude_conditions_tags_in_candidate" computerName="DESKTOP-F6SKA47" duration="00:00:08.7998376" startTime="2021-12-16T16:24:16.8683546+03:00" endTime="2021-12-16T16:24:16.8683633+03:00" testType="13cdc9d9-ddb5-4fa4-a97d-d965ccfc6d4b" outcome="Passed" testListId="8c84fa94-04c1-424b-9868-57a2d4851a1d" relativeResultsDirectory="7780de6e-9898-445d-a9d9-ffd944990ef3">
      <Output>
        <StdOut>SCENARIO: Auto start check with exclude conditions tags in candidate&#xD;
  STEP 1/9: GIVEN a company...&#xD;
  STEP 1/9: GIVEN a company (Passed after 314ms)&#xD;
  STEP 2/9: AND the authenticated user...&#xD;
  STEP 2/9: AND the authenticated user (Passed after 587ms)&#xD;
  STEP 3/9: AND the vacancy in the company [funnelId: "FunnelId"]...&#xD;
  STEP 3/9: AND the vacancy in the company [funnelId: "FunnelId"] (Passed after 256ms)&#xD;
  STEP 4/9: AND the candidate with tags "NewCandidateTag, TestTag"...&#xD;
  STEP 4/9: AND the candidate with tags "NewCandidateTag, TestTag" (Passed after 574ms)&#xD;
  STEP 5/9: AND the configuration check...&#xD;
  STEP 5/9: AND the configuration check (Passed after 532ms)&#xD;
  STEP 6/9: AND the additional conditions [withTags: "&lt;null&gt;"] [withoutTags: "NewCandidateTag"]...&#xD;
  STEP 6/9: AND the additional conditions [withTags: "&lt;null&gt;"] [withoutTags: "NewCandidateTag"] (Passed after &lt;1ms)&#xD;
  STEP 7/9: AND the configuration funnel...&#xD;
  STEP 7/9: AND the configuration funnel (Passed after 4ms)&#xD;
  STEP 8/9: WHEN switch candidate to start check...&#xD;
  STEP 8/9: WHEN switch candidate to start check (Passed after 5s 633ms)&#xD;
  STEP 9/9: THEN check must not exist in candidate...&#xD;
  STEP 9/9: THEN check must not exist in candidate (Passed after 3ms)&#xD;
  SCENARIO RESULT: Passed after 7s 924ms</StdOut>
      </Output>
    </UnitTestResult>
    <UnitTestResult executionId="883c61d6-15ad-4a58-a772-a42bae9aaba2" testId="ec33b015-0584-074f-aad8-5f9f2cfd15ae" testName="Skillaz.Tests.Configurator.SecurityProfile.ConfiguratorSecurityProfileVacancy_feature.Vacancy_is_available_to_user_by_extra_data_field" computerName="DESKTOP-F6SKA47" duration="00:00:07.8428447" startTime="2021-12-16T16:23:14.5650155+03:00" endTime="2021-12-16T16:23:14.5650180+03:00" testType="13cdc9d9-ddb5-4fa4-a97d-d965ccfc6d4b" outcome="Passed" testListId="8c84fa94-04c1-424b-9868-57a2d4851a1d" relativeResultsDirectory="883c61d6-15ad-4a58-a772-a42bae9aaba2">
      <Output>
        <StdOut>SCENARIO: Vacancy is available to user by extra data field&#xD;
  STEP 1/7: GIVEN a company...&#xD;
  STEP 1/7: GIVEN a company (Passed after 1s 500ms)&#xD;
  STEP 2/7: AND the user with security profile [securityProfile: "SecurityProfile"]...&#xD;
  STEP 2/7: AND the user with security profile [securityProfile: "SecurityProfile"] (Passed after 1s 267ms)&#xD;
  STEP 3/7: AND the vacancies for extra data...&#xD;
  STEP 3/7: AND the vacancies for extra data (Passed after 278ms)&#xD;
  STEP 4/7: AND the vacancy config...&#xD;
  STEP 4/7: AND the vacancy config (Passed after 203ms)&#xD;
  STEP 5/7: AND the security profile config by extra data...&#xD;
  STEP 5/7: AND the security profile config by extra data (Passed after 485ms)&#xD;
  STEP 6/7: WHEN filter vacancies...&#xD;
  STEP 6/7: WHEN filter vacancies (Passed after 3s 204ms)&#xD;
  STEP 7/7: THEN vacancy visibility check...&#xD;
  STEP 7/7: THEN vacancy visibility check (Passed after 26ms)&#xD;
  SCENARIO RESULT: Passed after 6s 984ms</StdOut>
      </Output>
    </UnitTestResult>
    <UnitTestResult executionId="c18164f5-054b-4388-a26d-e6ecf761b916" testId="dfc34240-877b-41a5-2382-24393fd475b4" testName="Skillaz.Tests.Authorization.SetUserPasswordCommand_feature.Try_to_set_a_weak_password_must_throw" computerName="DESKTOP-F6SKA47" duration="00:00:04.5387759" startTime="2021-12-16T16:22:00.1503451+03:00" endTime="2021-12-16T16:22:00.1503556+03:00" testType="13cdc9d9-ddb5-4fa4-a97d-d965ccfc6d4b" outcome="Passed" testListId="8c84fa94-04c1-424b-9868-57a2d4851a1d" relativeResultsDirectory="c18164f5-054b-4388-a26d-e6ecf761b916">
      <Output>
        <StdOut>SCENARIO: Try to set a weak password must throw&#xD;
  STEP 1/4: GIVEN a company...&#xD;
  STEP 1/4: GIVEN a company (Passed after 606ms)&#xD;
  STEP 2/4: AND a user...&#xD;
  STEP 2/4: AND a user (Passed after 1s 217ms)&#xD;
  STEP 3/4: WHEN setting a weak password...&#xD;
  STEP 3/4: WHEN setting a weak password (Passed after 2s 225ms)&#xD;
  STEP 4/4: THEN ensure it is password is not secure enough exception...&#xD;
  STEP 4/4: THEN ensure it is password is not secure enough exception (Passed after &lt;1ms)&#xD;
  SCENARIO RESULT: Passed after 4s 066ms</StdOut>
      </Output>
    </UnitTestResult>
    <UnitTestResult executionId="677adb12-cebe-48fa-800b-bd7d8f1789e2" testId="ffe939c9-f0f6-91da-2899-9f084433a83a" testName="Skillaz.Tests.Configurator.FunnelBuilder.FunnelBuildChecksFromCodeAndConfiguratorTests.Test_funnel_build_with_checks_from_configurator_only" computerName="DESKTOP-F6SKA47" duration="00:00:06.9696410" startTime="2021-12-16T16:21:26.0262319+03:00" endTime="2021-12-16T16:21:26.0262369+03:00" testType="13cdc9d9-ddb5-4fa4-a97d-d965ccfc6d4b" outcome="Passed" testListId="8c84fa94-04c1-424b-9868-57a2d4851a1d" relativeResultsDirectory="677adb12-cebe-48fa-800b-bd7d8f1789e2">
      <Output>
        <StdOut>SCENARIO: Test funnel build with checks from configurator only&#xD;
  STEP 1/8: GIVEN a company...&#xD;
  STEP 1/8: GIVEN a company (Passed after 430ms)&#xD;
  STEP 2/8: AND the authenticated user...&#xD;
  STEP 2/8: AND the authenticated user (Passed after 1s 118ms)&#xD;
  STEP 3/8: AND the configuration...&#xD;
  STEP 3/8: AND the configuration (Passed after 7ms)&#xD;
  STEP 4/8: AND a checks...&#xD;
  STEP 4/8: AND a checks (Passed after 10ms)&#xD;
  STEP 5/8: AND a funnel witch checks "Skillaz.Configurator.Contract.Funnels.FunnelCheckConfigurationDto"...&#xD;
  STEP 5/8: AND a funnel witch checks "Skillaz.Configurator.Contract.Funnels.FunnelCheckConfigurationDto" (Passed after 478ms)&#xD;
  STEP 6/8: AND a checks in configurator...&#xD;
  STEP 6/8: AND a checks in configurator (Passed after 2ms)&#xD;
  STEP 7/8: WHEN build with validate errors...&#xD;
  STEP 7/8: WHEN build with validate errors (Passed after 4s 075ms)&#xD;
  STEP 8/8: THEN validate builded funnel with check from configurator...&#xD;
  STEP 8/8: THEN validate builded funnel with check from configurator (Passed after 125ms)&#xD;
  SCENARIO RESULT: Passed after 6s 548ms</StdOut>
      </Output>
    </UnitTestResult>
    <UnitTestResult executionId="d30e42ba-23b0-4b78-aeab-c886a8461502" testId="019b787c-88b2-9680-3a7b-9251d2235f77" testName="Skillaz.Tests.CompanySpecific.X5.Naumen.NaumenSlaTests.Sla_calculates_correctly_for_next_day(candidateTimeZone: 12, sla: 02:00:00, startDate: 2019-12-31T22:00:00.0000000Z, truth: [NaumenTimeRange { From = &quot;2020-01-01 07:00:00&quot;, To = &quot;2020-01-01 09:00:00&quot; }])" computerName="DESKTOP-F6SKA47" duration="00:00:00.0000341" startTime="2021-12-16T16:16:29.3798877+03:00" endTime="2021-12-16T16:16:29.3798881+03:00" testType="13cdc9d9-ddb5-4fa4-a97d-d965ccfc6d4b" outcome="Passed" testListId="8c84fa94-04c1-424b-9868-57a2d4851a1d" relativeResultsDirectory="d30e42ba-23b0-4b78-aeab-c886a8461502" />
    <UnitTestResult executionId="14a2f069-d697-4fff-a306-f7b9e5fdfc49" testId="fb410dcc-a854-4f4a-ff5b-f720b762d1c2" testName="Skillaz.Tests.OpenApi.CheckApi.GetCheck_feature.Check_comment_passes" computerName="DESKTOP-F6SKA47" duration="00:00:08.8467393" startTime="2021-12-16T16:23:53.9132307+03:00" endTime="2021-12-16T16:23:53.9132454+03:00" testType="13cdc9d9-ddb5-4fa4-a97d-d965ccfc6d4b" outcome="Passed" testListId="8c84fa94-04c1-424b-9868-57a2d4851a1d" relativeResultsDirectory="14a2f069-d697-4fff-a306-f7b9e5fdfc49">
      <Output>
        <StdOut>SCENARIO: Check comment passes&#xD;
  STEP 1/9: GIVEN a company...&#xD;
  STEP 1/9: GIVEN a company (Passed after 409ms)&#xD;
  STEP 2/9: AND the authenticated user...&#xD;
  STEP 2/9: AND the authenticated user (Passed after 878ms)&#xD;
  STEP 3/9: AND the vacancy in the company...&#xD;
  STEP 3/9: AND the vacancy in the company (Passed after 1s 116ms)&#xD;
  STEP 4/9: AND client configuration with check workflow and model...&#xD;
  STEP 4/9: AND client configuration with check workflow and model (Passed after 2s 408ms)&#xD;
  STEP 5/9: AND a candidate...&#xD;
  STEP 5/9: AND a candidate (Passed after 320ms)&#xD;
  STEP 6/9: AND candidate check [candidateCheck: "Skillaz.Candidate.Contract.Documents.Candidate.CandidateCheckDocument"]...&#xD;
  STEP 6/9: AND candidate check [candidateCheck: "Skillaz.Candidate.Contract.Documents.Candidate.CandidateCheckDocument"] (Passed after 637ms)&#xD;
  STEP 7/9: AND funnel with check configuration...&#xD;
  STEP 7/9: AND funnel with check configuration (Passed after 85ms)&#xD;
  STEP 8/9: WHEN check get...&#xD;
  STEP 8/9: WHEN check get (Passed after 1s 621ms)&#xD;
  STEP 9/9: THEN first workflow state comment "Comment123" should be equal to...&#xD;
  STEP 9/9: THEN first workflow state comment "Comment123" should be equal to (Passed after 218ms)&#xD;
  SCENARIO RESULT: Passed after 7s 755ms</StdOut>
      </Output>
    </UnitTestResult>
    <UnitTestResult executionId="91231bc7-1245-4562-9305-8d74d66659df" testId="fc9dd1fa-b73d-90c7-c4dc-9f31a791314f" testName="Skillaz.Tests.Candidate.CandidateTags.CandidateTagsService_feature.If_current_user_is_not_admin_then_current_user_can_not_create_new_category" computerName="DESKTOP-F6SKA47" duration="00:00:02.5280826" startTime="2021-12-16T16:23:11.9486651+03:00" endTime="2021-12-16T16:23:11.9486666+03:00" testType="13cdc9d9-ddb5-4fa4-a97d-d965ccfc6d4b" outcome="Passed" testListId="8c84fa94-04c1-424b-9868-57a2d4851a1d" relativeResultsDirectory="91231bc7-1245-4562-9305-8d74d66659df">
      <Output>
        <StdOut>SCENARIO: If current user is not admin then current user can not create new category&#xD;
  STEP 1/4: GIVEN a company...&#xD;
  STEP 1/4: GIVEN a company (Passed after 245ms)&#xD;
  STEP 2/4: AND the authenticated user...&#xD;
  STEP 2/4: AND the authenticated user (Passed after 791ms)&#xD;
  STEP 3/4: WHEN category creation [dto: "Skillaz.Candidate.Contract.CandidateTagCategoryDto"]...&#xD;
  STEP 3/4: WHEN category creation [dto: "Skillaz.Candidate.Contract.CandidateTagCategoryDto"] (Passed after 85ms)&#xD;
  STEP 4/4: Ensure exception is raised...&#xD;
  STEP 4/4: Ensure exception is raised (Passed after &lt;1ms)&#xD;
  SCENARIO RESULT: Passed after 1s 132ms</StdOut>
      </Output>
    </UnitTestResult>
    <UnitTestResult executionId="5d87bd32-7417-4276-8d5f-3b3dbc12ef75" testId="019b787c-88b2-9680-3a7b-9251d2235f77" testName="Skillaz.Tests.CompanySpecific.X5.Naumen.NaumenSlaTests.Sla_calculates_correctly_for_next_day(candidateTimeZone: 5, sla: 02:00:00, startDate: 2020-01-01T00:00:00.0000000Z, truth: [NaumenTimeRange { From = &quot;2020-01-01 07:00:00&quot;, To = &quot;2020-01-01 09:00:00&quot; }])" computerName="DESKTOP-F6SKA47" duration="00:00:00.0004185" startTime="2021-12-16T16:16:29.1141840+03:00" endTime="2021-12-16T16:16:29.1141892+03:00" testType="13cdc9d9-ddb5-4fa4-a97d-d965ccfc6d4b" outcome="Passed" testListId="8c84fa94-04c1-424b-9868-57a2d4851a1d" relativeResultsDirectory="5d87bd32-7417-4276-8d5f-3b3dbc12ef75" />
    <UnitTestResult executionId="461f66e1-7cc4-453a-9492-711b6634a510" testId="c698d9c6-0f87-723f-be84-ebdb77182837" testName="Skillaz.Tests.CompanySpecific.Sberbank.SberPositionsTests.SberPositionCommand_should_work_as_expected(vacancyName: &quot;Клиентский менеджер (премьер)&quot;, expectedPositionId: &quot;client_manger_sber_premier&quot;)" computerName="DESKTOP-F6SKA47" duration="00:00:00.0002714" startTime="2021-12-16T16:16:29.6715284+03:00" endTime="2021-12-16T16:16:29.6715290+03:00" testType="13cdc9d9-ddb5-4fa4-a97d-d965ccfc6d4b" outcome="Passed" testListId="8c84fa94-04c1-424b-9868-57a2d4851a1d" relativeResultsDirectory="461f66e1-7cc4-453a-9492-711b6634a510" />
    <UnitTestResult executionId="d2b391db-b885-4430-9241-6f97302dab95" testId="0a29285d-a2d8-5e24-c177-86f8056e5051" testName="Skillaz.Tests.Candidate.Workflow.CandidateAddWaySwitchRulesTests.Check_status_details_switch_rule_when_candidate_create" computerName="DESKTOP-F6SKA47" duration="00:00:13.9739518" startTime="2021-12-16T16:27:27.7292135+03:00" endTime="2021-12-16T16:27:27.7292192+03:00" testType="13cdc9d9-ddb5-4fa4-a97d-d965ccfc6d4b" outcome="Passed" testListId="8c84fa94-04c1-424b-9868-57a2d4851a1d" relativeResultsDirectory="d2b391db-b885-4430-9241-6f97302dab95">
      <Output>
        <StdOut>SCENARIO: Check status details switch rule when candidate create&#xD;
  STEP 1/6: GIVEN a company...&#xD;
  STEP 1/6: GIVEN a company (Passed after 1s 413ms)&#xD;
  STEP 2/6: AND the authenticated user...&#xD;
  STEP 2/6: AND the authenticated user (Passed after 1s 098ms)&#xD;
  STEP 3/6: AND the vacancy in the company...&#xD;
  STEP 3/6: AND the vacancy in the company (Passed after 385ms)&#xD;
  STEP 4/6: AND a funnel...&#xD;
  STEP 4/6: AND a funnel (Passed after 454ms)&#xD;
  STEP 5/6: WHEN create a search candidate...&#xD;
  STEP 5/6: WHEN create a search candidate (Passed after 8s 449ms)&#xD;
  STEP 6/6: THEN status for search details is correct...&#xD;
  STEP 6/6: THEN status for search details is correct (Passed after 74ms)&#xD;
  SCENARIO RESULT: Passed after 11s 879ms</StdOut>
      </Output>
    </UnitTestResult>
    <UnitTestResult executionId="8055f5ac-dc9e-4328-b3fb-fea9866bdab7" testId="749beb22-0b9c-fbc4-1ead-188302960231" testName="Skillaz.Tests.Configurator.SecurityProfile.ConfiguratorSecurityProfileCandidate_feature.Candidate_is_available_by_request_or_vacancy_without_request_rule" computerName="DESKTOP-F6SKA47" duration="00:00:14.7388559" startTime="2021-12-16T16:27:41.7618984+03:00" endTime="2021-12-16T16:27:41.7619011+03:00" testType="13cdc9d9-ddb5-4fa4-a97d-d965ccfc6d4b" outcome="Passed" testListId="8c84fa94-04c1-424b-9868-57a2d4851a1d" relativeResultsDirectory="8055f5ac-dc9e-4328-b3fb-fea9866bdab7">
      <Output>
        <StdOut>SCENARIO: Candidate is available by request or vacancy without request rule&#xD;
  STEP 1/9: GIVEN a company...&#xD;
  STEP 1/9: GIVEN a company (Passed after 532ms)&#xD;
  STEP 2/9: AND the user with security profile [securityProfile: "SecurityProfile"]...&#xD;
  STEP 2/9: AND the user with security profile [securityProfile: "SecurityProfile"] (Passed after 319ms)&#xD;
  STEP 3/9: AND the vacancy config...&#xD;
  STEP 3/9: AND the vacancy config (Passed after 306ms)&#xD;
  STEP 4/9: AND the hire request config [hireRequestType: "HireRequest.HireRequest"]...&#xD;
  STEP 4/9: AND the hire request config [hireRequestType: "HireRequest.HireRequest"] (Passed after &lt;1ms)&#xD;
  STEP 5/9: AND security profile cfg request or vacancy without request...&#xD;
  STEP 5/9: AND security profile cfg request or vacancy without request (Passed after 484ms)&#xD;
  STEP 6/9: AND the vacancies...&#xD;
  STEP 6/9: AND the vacancies (Passed after 678ms)&#xD;
  STEP 7/9: AND the candidates with request or vacancy without request...&#xD;
  STEP 7/9: AND the candidates with request or vacancy without request (Passed after 1s 451ms)&#xD;
  STEP 8/9: WHEN filter candidates...&#xD;
  STEP 8/9: WHEN filter candidates (Passed after 7s 453ms)&#xD;
  STEP 9/9: THEN candidate visibility check...&#xD;
  STEP 9/9: THEN candidate visibility check (Passed after &lt;1ms)&#xD;
  SCENARIO RESULT: Passed after 11s 245ms</StdOut>
      </Output>
    </UnitTestResult>
    <UnitTestResult executionId="41651671-9426-4269-bf96-723456991525" testId="41a3d077-b036-411a-070b-f047f939b042" testName="Skillaz.Tests.DocumentModels.FieldValueReferences.UsingReferences.Проверить_что_для_отображения_текстов_используются_сохраненные_значения" computerName="DESKTOP-F6SKA47" duration="00:00:33.1073455" startTime="2021-12-16T16:17:25.4224548+03:00" endTime="2021-12-16T16:17:25.4224645+03:00" testType="13cdc9d9-ddb5-4fa4-a97d-d965ccfc6d4b" outcome="Passed" testListId="8c84fa94-04c1-424b-9868-57a2d4851a1d" relativeResultsDirectory="41651671-9426-4269-bf96-723456991525">
      <Output>
        <StdOut>SCENARIO: Проверить что для отображения текстов используются сохраненные значения&#xD;
  STEP 1/6: GIVEN a company...&#xD;
  STEP 1/6: GIVEN a company (Passed after 238ms)&#xD;
  STEP 2/6: AND the authenticated user...&#xD;
  STEP 2/6: AND the authenticated user (Passed after 300ms)&#xD;
  STEP 3/6: Настроить ОЕ...&#xD;
  STEP 3/6: Настроить ОЕ (Passed after 676ms)&#xD;
  STEP 4/6: Load city and region references...&#xD;
  STEP 4/6: Load city and region references (Passed after 3s 588ms)&#xD;
  STEP 5/6: Создать тестовую ОЕ...&#xD;
  STEP 5/6: Создать тестовую ОЕ (Passed after 27s 826ms)&#xD;
  STEP 6/6: Проверить что для отображения текстов используются только сохраненные значения...&#xD;
  STEP 6/6: Проверить что для отображения текстов используются только сохраненные значения (Passed after 263ms)&#xD;
  SCENARIO RESULT: Passed after 32s 902ms</StdOut>
      </Output>
    </UnitTestResult>
    <UnitTestResult executionId="6923eccd-776a-4145-acd3-eca90aaebd7d" testId="093a2bc4-a0fe-eb90-60c9-9b3774518182" testName="Skillaz.Tests.ApiUser.ApiUser_feature.Api_user_can_not_access_candidates_from_disallowed_sources" computerName="DESKTOP-F6SKA47" duration="00:00:13.1390042" startTime="2021-12-16T16:20:58.7128086+03:00" endTime="2021-12-16T16:20:58.7128112+03:00" testType="13cdc9d9-ddb5-4fa4-a97d-d965ccfc6d4b" outcome="Passed" testListId="8c84fa94-04c1-424b-9868-57a2d4851a1d" relativeResultsDirectory="6923eccd-776a-4145-acd3-eca90aaebd7d">
      <Output>
        <StdOut>SCENARIO: Api user can not access candidates from disallowed sources&#xD;
  STEP 1/8: GIVEN a company...&#xD;
  STEP 1/8: GIVEN a company (Passed after 128ms)&#xD;
  STEP 2/8: AND the vacancy in the company...&#xD;
  STEP 2/8: AND the vacancy in the company (Passed after 219ms)&#xD;
  STEP 3/8: AND api user with source restriction...&#xD;
  STEP 3/8: AND api user with source restriction (Passed after 3s 344ms)&#xD;
  STEP 4/8: AND candidate in the other source...&#xD;
  STEP 4/8: AND candidate in the other source (Passed after 496ms)&#xD;
  STEP 5/8: AND candidate in the other additional source...&#xD;
  STEP 5/8: AND candidate in the other additional source (Passed after 350ms)&#xD;
  STEP 6/8: WHEN current user is api user...&#xD;
  STEP 6/8: WHEN current user is api user (Passed after 3s 122ms)&#xD;
  STEP 7/8: AND created candidates are requested...&#xD;
  STEP 7/8: AND created candidates are requested (Passed after 4s 041ms)&#xD;
  STEP 8/8: THEN no candidates are found...&#xD;
  STEP 8/8: THEN no candidates are found (Passed after 8ms)&#xD;
  SCENARIO RESULT: Passed after 12s 074ms</StdOut>
      </Output>
    </UnitTestResult>
    <UnitTestResult executionId="1d56ddcf-ca00-4ce8-badc-a5ffa8086536" testId="2a62cead-e620-26d3-a5ba-1cc8e4102c3f" testName="Skillaz.Tests.CompanySpecific.Mvideo.MvideoOpenApiSapAvaliablePositionsHireNeedBatchRequest_feature.CheckAvaliablePositionsInHireNeedAfterOpenApiRequest_InHold(staffCount: 4, employeesCount: 2, manualApprovedCounts: [2], batchOrgItems: (2, 2), expected: (0, Кейс 4. Размер поиска = 0))" computerName="DESKTOP-F6SKA47" duration="00:00:00.0010000" startTime="2021-12-16T16:29:36.4643405+03:00" endTime="2021-12-16T16:29:36.4643420+03:00" testType="13cdc9d9-ddb5-4fa4-a97d-d965ccfc6d4b" outcome="NotExecuted" testListId="8c84fa94-04c1-424b-9868-57a2d4851a1d" relativeResultsDirectory="1d56ddcf-ca00-4ce8-badc-a5ffa8086536">
      <Output>
        <StdOut>Вернуть тесты после правок по потребностям Mvideo</StdOut>
      </Output>
    </UnitTestResult>
    <UnitTestResult executionId="4f08e57e-ecf9-4624-aed8-fe024500de93" testId="e251b422-cdca-dd10-f9cb-5b2253f07ca3" testName="Skillaz.Tests.Helpers.WorkingDaysHelperFeature.FindProductionDates(dateStrings: [&quot;2020-03-01&quot;, &quot;2020-03-02&quot;, &quot;2020-03-15&quot;, &quot;2020-03-16&quot;, &quot;2020-03-03&quot;, ...])" computerName="DESKTOP-F6SKA47" duration="00:00:00.0000342" startTime="2021-12-16T16:16:29.3956566+03:00" endTime="2021-12-16T16:16:29.3956603+03:00" testType="13cdc9d9-ddb5-4fa4-a97d-d965ccfc6d4b" outcome="Passed" testListId="8c84fa94-04c1-424b-9868-57a2d4851a1d" relativeResultsDirectory="4f08e57e-ecf9-4624-aed8-fe024500de93" />
    <UnitTestResult executionId="4d46aff3-f8ce-4d09-9747-55b554ca4b40" testId="019b787c-88b2-9680-3a7b-9251d2235f77" testName="Skillaz.Tests.CompanySpecific.X5.Naumen.NaumenSlaTests.Sla_calculates_correctly_for_next_day(candidateTimeZone: 12, sla: 02:00:00, startDate: 2019-12-31T23:00:00.0000000Z, truth: [NaumenTimeRange { From = &quot;2020-01-01 07:00:00&quot;, To = &quot;2020-01-01 09:00:00&quot; }])" computerName="DESKTOP-F6SKA47" duration="00:00:00.0000474" startTime="2021-12-16T16:16:29.3800189+03:00" endTime="2021-12-16T16:16:29.3800197+03:00" testType="13cdc9d9-ddb5-4fa4-a97d-d965ccfc6d4b" outcome="Passed" testListId="8c84fa94-04c1-424b-9868-57a2d4851a1d" relativeResultsDirectory="4d46aff3-f8ce-4d09-9747-55b554ca4b40" />
    <UnitTestResult executionId="4856eed7-0de8-44fd-b000-b4bceabfd7f7" testId="695a69c9-264c-d1c5-2032-535ef4bf39f9" testName="Skillaz.Tests.CompanySpecific.X5.Naumen.NaumenSlaTests.Sla_calculates_correctly_for_split_days(candidateTimeZone: 5, sla: 10:00:00, startDate: 2019-12-31T10:00:00.0000000Z, truth: [NaumenTimeRange { From = &quot;2019-12-31 13:00:00&quot;, To = &quot;2019-12-31 18:00:00&quot; }, NaumenTimeRange { From = &quot;2020-01-01 07:00:00&quot;, To = &quot;2020-01-01 12:00:00&quot; }])" computerName="DESKTOP-F6SKA47" duration="00:00:00.0000539" startTime="2021-12-16T16:16:28.9969426+03:00" endTime="2021-12-16T16:16:28.9969432+03:00" testType="13cdc9d9-ddb5-4fa4-a97d-d965ccfc6d4b" outcome="Passed" testListId="8c84fa94-04c1-424b-9868-57a2d4851a1d" relativeResultsDirectory="4856eed7-0de8-44fd-b000-b4bceabfd7f7" />
    <UnitTestResult executionId="b28b099e-7200-4e97-8a33-4791778745c7" testId="7a50c2c9-91e2-4a6d-fe8a-0c1cc423b1dc" testName="Skillaz.Tests.Configurator.DocumentModel.ConfiguratorPermissionsPolicyTests.Apply_no_permissions" computerName="DESKTOP-F6SKA47" duration="00:00:03.5391149" startTime="2021-12-16T16:21:29.9869657+03:00" endTime="2021-12-16T16:21:29.9869737+03:00" testType="13cdc9d9-ddb5-4fa4-a97d-d965ccfc6d4b" outcome="Passed" testListId="8c84fa94-04c1-424b-9868-57a2d4851a1d" relativeResultsDirectory="b28b099e-7200-4e97-8a33-4791778745c7">
      <Output>
        <StdOut>SCENARIO: Apply no permissions&#xD;
  STEP 1/7: GIVEN Given a company...&#xD;
  STEP 1/7: GIVEN Given a company (Passed after 338ms)&#xD;
  STEP 2/7: AND Given the authenticated user...&#xD;
  STEP 2/7: AND Given the authenticated user (Passed after 336ms)&#xD;
  STEP 3/7: AND Given the vacancy in the company [funnelId: "TestFunnel"]...&#xD;
  STEP 3/7: AND Given the vacancy in the company [funnelId: "TestFunnel"] (Passed after 100ms)&#xD;
  STEP 4/7: AND Given Request...&#xD;
  STEP 4/7: AND Given Request (Passed after 305ms)&#xD;
  STEP 5/7: AND Given no permissions...&#xD;
  STEP 5/7: AND Given no permissions (Passed after 1s 333ms)&#xD;
  STEP 6/7: WHEN When getting EditModel...&#xD;
  STEP 6/7: WHEN When getting EditModel (Passed after 48ms)&#xD;
  STEP 7/7: THEN Then all fields can edit and view...&#xD;
  STEP 7/7: THEN Then all fields can edit and view (Passed after 44ms)&#xD;
  SCENARIO RESULT: Passed after 2s 933ms</StdOut>
      </Output>
    </UnitTestResult>
    <UnitTestResult executionId="bf05d3f4-3df6-423b-a2c3-046f37ab76b1" testId="a76e4c95-5302-a9e1-2b63-98f889bf2827" testName="Skillaz.Tests.Candidate.CandidateTimezone_feature.Set_candidate_timezone" computerName="DESKTOP-F6SKA47" duration="00:00:09.5343176" startTime="2021-12-16T16:18:13.9598006+03:00" endTime="2021-12-16T16:18:13.9598083+03:00" testType="13cdc9d9-ddb5-4fa4-a97d-d965ccfc6d4b" outcome="Passed" testListId="8c84fa94-04c1-424b-9868-57a2d4851a1d" relativeResultsDirectory="bf05d3f4-3df6-423b-a2c3-046f37ab76b1">
      <Output>
        <StdOut>SCENARIO: Set candidate timezone&#xD;
  STEP 1/6: GIVEN a company...&#xD;
  STEP 1/6: GIVEN a company (Passed after 137ms)&#xD;
  STEP 2/6: AND the authenticated user...&#xD;
  STEP 2/6: AND the authenticated user (Passed after 255ms)&#xD;
  STEP 3/6: AND timezone location...&#xD;
  STEP 3/6: AND timezone location (Passed after 2s 304ms)&#xD;
  STEP 4/6: AND a candidate...&#xD;
  STEP 4/6: AND a candidate (Passed after 1s 367ms)&#xD;
  STEP 5/6: WHEN the event consumed...&#xD;
  STEP 5/6: WHEN the event consumed (Passed after 5s 043ms)&#xD;
  STEP 6/6: THEN timezone should be updated...&#xD;
  STEP 6/6: THEN timezone should be updated (Passed after 171ms)&#xD;
  SCENARIO RESULT: Passed after 9s 294ms</StdOut>
      </Output>
    </UnitTestResult>
    <UnitTestResult executionId="2130436e-334c-4155-90c5-b19384f3731e" testId="f727b248-9add-f920-b0ce-770364245e70" testName="Skillaz.Tests.Candidate.Elastic.CandidateElasticMultiselectFiltration_feature.MultiLineFilterCheck(filter: (Skillaz.Candidate.Contract.CandidateSearchFilter, Skillaz.Candidate.Contract.CandidateSearchFilterCommon), result: (0, simple search by UseStrictSearch = null|true))" computerName="DESKTOP-F6SKA47" duration="00:00:00.0010000" startTime="2021-12-16T16:26:49.4510673+03:00" endTime="2021-12-16T16:26:49.4510706+03:00" testType="13cdc9d9-ddb5-4fa4-a97d-d965ccfc6d4b" outcome="NotExecuted" testListId="8c84fa94-04c1-424b-9868-57a2d4851a1d" relativeResultsDirectory="2130436e-334c-4155-90c5-b19384f3731e">
      <Output>
        <StdOut>You need Elasticsearch 7.5 local instance on 9200 port</StdOut>
      </Output>
    </UnitTestResult>
    <UnitTestResult executionId="c1966b45-c61e-4ff0-8f10-b884239611fe" testId="f17a38ac-87bf-a0bc-254a-ff8349a2217d" testName="Skillaz.Tests.Candidate.Checks.CheckFromConfigurator_feature.Auto_start_check_with_include_conditions_tags_in_candidate" computerName="DESKTOP-F6SKA47" duration="00:00:10.2831371" startTime="2021-12-16T16:24:17.0101467+03:00" endTime="2021-12-16T16:24:17.0101485+03:00" testType="13cdc9d9-ddb5-4fa4-a97d-d965ccfc6d4b" outcome="Passed" testListId="8c84fa94-04c1-424b-9868-57a2d4851a1d" relativeResultsDirectory="c1966b45-c61e-4ff0-8f10-b884239611fe">
      <Output>
        <StdOut>SCENARIO: Auto start check with include conditions tags in candidate&#xD;
  STEP 1/9: GIVEN a company...&#xD;
  STEP 1/9: GIVEN a company (Passed after 746ms)&#xD;
  STEP 2/9: AND the authenticated user...&#xD;
  STEP 2/9: AND the authenticated user (Passed after 793ms)&#xD;
  STEP 3/9: AND the vacancy in the company [funnelId: "FunnelId"]...&#xD;
  STEP 3/9: AND the vacancy in the company [funnelId: "FunnelId"] (Passed after 306ms)&#xD;
  STEP 4/9: AND the candidate with tags "NewCandidateTag"...&#xD;
  STEP 4/9: AND the candidate with tags "NewCandidateTag" (Passed after 319ms)&#xD;
  STEP 5/9: AND the configuration check...&#xD;
  STEP 5/9: AND the configuration check (Passed after 249ms)&#xD;
  STEP 6/9: AND the additional conditions [withTags: "NewCandidateTag"] [withoutTags: "&lt;null&gt;"]...&#xD;
  STEP 6/9: AND the additional conditions [withTags: "NewCandidateTag"] [withoutTags: "&lt;null&gt;"] (Passed after &lt;1ms)&#xD;
  STEP 7/9: AND the configuration funnel...&#xD;
  STEP 7/9: AND the configuration funnel (Passed after 1ms)&#xD;
  STEP 8/9: WHEN switch candidate to start check...&#xD;
  STEP 8/9: WHEN switch candidate to start check (Passed after 6s 815ms)&#xD;
  STEP 9/9: THEN check must exist in candidate...&#xD;
  STEP 9/9: THEN check must exist in candidate (Passed after 131ms)&#xD;
  SCENARIO RESULT: Passed after 9s 378ms</StdOut>
      </Output>
    </UnitTestResult>
    <UnitTestResult executionId="3363e9c3-2697-491f-8ce5-25d5ba5f0851" testId="39bbe88c-a5a1-69b6-0e18-a75bb02edd6c" testName="Skillaz.Tests.CompanySpecific.X5.Naumen.NaumenSlaTests.Sla_calculates_correctly_within_one_day(candidateTimeZone: 2, sla: 02:00:00, startDate: 2019-12-31T16:00:00.0000000Z, truth: [NaumenTimeRange { From = &quot;2019-12-31 19:00:00&quot;, To = &quot;2019-12-31 21:00:00&quot; }])" computerName="DESKTOP-F6SKA47" duration="00:00:00.0002045" startTime="2021-12-16T16:16:28.8930248+03:00" endTime="2021-12-16T16:16:28.8930266+03:00" testType="13cdc9d9-ddb5-4fa4-a97d-d965ccfc6d4b" outcome="Passed" testListId="8c84fa94-04c1-424b-9868-57a2d4851a1d" relativeResultsDirectory="3363e9c3-2697-491f-8ce5-25d5ba5f0851" />
    <UnitTestResult executionId="8aabf486-a3aa-4e30-ad61-fe4c4a8e9af2" testId="019b787c-88b2-9680-3a7b-9251d2235f77" testName="Skillaz.Tests.CompanySpecific.X5.Naumen.NaumenSlaTests.Sla_calculates_correctly_for_next_day(candidateTimeZone: 5, sla: 02:00:00, startDate: 2019-12-31T23:00:00.0000000Z, truth: [NaumenTimeRange { From = &quot;2020-01-01 07:00:00&quot;, To = &quot;2020-01-01 09:00:00&quot; }])" computerName="DESKTOP-F6SKA47" duration="00:00:00.0000484" startTime="2021-12-16T16:16:29.1049018+03:00" endTime="2021-12-16T16:16:29.1049023+03:00" testType="13cdc9d9-ddb5-4fa4-a97d-d965ccfc6d4b" outcome="Passed" testListId="8c84fa94-04c1-424b-9868-57a2d4851a1d" relativeResultsDirectory="8aabf486-a3aa-4e30-ad61-fe4c4a8e9af2" />
    <UnitTestResult executionId="b6a8e1ad-579c-48b0-8f6b-d2de78774ba4" testId="78ed88b0-6a64-0dc6-b6f7-4db633ddc43d" testName="Skillaz.Tests.Candidate.Elastic.CandidateElasticFiltration_feature.Retrieving_candidates_by_history_tags" computerName="DESKTOP-F6SKA47" duration="00:00:00.0010000" startTime="2021-12-16T16:24:39.8839852+03:00" endTime="2021-12-16T16:24:39.8839873+03:00" testType="13cdc9d9-ddb5-4fa4-a97d-d965ccfc6d4b" outcome="NotExecuted" testListId="8c84fa94-04c1-424b-9868-57a2d4851a1d" relativeResultsDirectory="b6a8e1ad-579c-48b0-8f6b-d2de78774ba4">
      <Output>
        <StdOut>You need Elasticsearch 7.5 local instance on 9200 port</StdOut>
      </Output>
    </UnitTestResult>
    <UnitTestResult executionId="ef86d996-ca63-4b6c-88e5-5793f281e677" testId="38f61ebd-3605-35ac-bd9b-c09510a8213b" testName="Skillaz.Tests.HH.HHCandidateHiddenContacts_feature.HH_Check_that_received_callback_we_getting_full_resume_from_hh" computerName="DESKTOP-F6SKA47" duration="00:00:11.2054126" startTime="2021-12-16T16:25:42.1898393+03:00" endTime="2021-12-16T16:25:42.1898422+03:00" testType="13cdc9d9-ddb5-4fa4-a97d-d965ccfc6d4b" outcome="Passed" testListId="8c84fa94-04c1-424b-9868-57a2d4851a1d" relativeResultsDirectory="ef86d996-ca63-4b6c-88e5-5793f281e677">
      <Output>
        <StdOut>SCENARIO: HH Check that received callback we getting full resume from hh&#xD;
  STEP 1/6: GIVEN Given a company...&#xD;
  STEP 1/6: GIVEN Given a company (Passed after 305ms)&#xD;
  STEP 2/6: AND Given the authenticated user...&#xD;
  STEP 2/6: AND Given the authenticated user (Passed after 1s 197ms)&#xD;
  STEP 3/6: AND Given HH Data...&#xD;
  STEP 3/6: AND Given HH Data (Passed after 2s 325ms)&#xD;
  STEP 4/6: WHEN When NewNegotiationMessageCalled...&#xD;
  STEP 4/6: WHEN When NewNegotiationMessageCalled (Passed after 5s 979ms)&#xD;
  STEP 5/6: THEN Then GetResume of HH was called [getContacts: "False"]...&#xD;
  STEP 5/6: THEN Then GetResume of HH was called [getContacts: "False"] (Passed after &lt;1ms)&#xD;
  STEP 6/6: AND Then exists candidates equals one...&#xD;
  STEP 6/6: AND Then exists candidates equals one (Passed after 182ms)&#xD;
  SCENARIO RESULT: Passed after 10s 034ms</StdOut>
      </Output>
    </UnitTestResult>
    <UnitTestResult executionId="4ccf685d-669b-4a78-b672-cf27d836ed2a" testId="019b787c-88b2-9680-3a7b-9251d2235f77" testName="Skillaz.Tests.CompanySpecific.X5.Naumen.NaumenSlaTests.Sla_calculates_correctly_for_next_day(candidateTimeZone: 12, sla: 02:00:00, startDate: 2019-12-31T17:30:00.0000000Z, truth: [NaumenTimeRange { From = &quot;2020-01-01 07:00:00&quot;, To = &quot;2020-01-01 09:00:00&quot; }])" computerName="DESKTOP-F6SKA47" duration="00:00:00.0000429" startTime="2021-12-16T16:16:29.3756341+03:00" endTime="2021-12-16T16:16:29.3756345+03:00" testType="13cdc9d9-ddb5-4fa4-a97d-d965ccfc6d4b" outcome="Passed" testListId="8c84fa94-04c1-424b-9868-57a2d4851a1d" relativeResultsDirectory="4ccf685d-669b-4a78-b672-cf27d836ed2a" />
    <UnitTestResult executionId="8b3e6004-4a55-4692-889e-903041f79135" testId="2bf4cb3a-3e49-4b7e-2d2b-d717b51f377f" testName="Skillaz.Tests.OpenApi.OpenApiServiceRunTest.UpdateOrgUnitsTest" computerName="DESKTOP-F6SKA47" duration="00:00:01.1154759" startTime="2021-12-16T16:18:29.0188008+03:00" endTime="2021-12-16T16:18:29.0188050+03:00" testType="13cdc9d9-ddb5-4fa4-a97d-d965ccfc6d4b" outcome="Passed" testListId="8c84fa94-04c1-424b-9868-57a2d4851a1d" relativeResultsDirectory="8b3e6004-4a55-4692-889e-903041f79135">
      <Output>
        <StdOut>SCENARIO: UpdateOrgUnitsTest&#xD;
  STEP 1/3: GIVEN a company...&#xD;
  STEP 1/3: GIVEN a company (Passed after 78ms)&#xD;
  STEP 2/3: AND the authenticated user...&#xD;
  STEP 2/3: AND the authenticated user (Passed after 192ms)&#xD;
  STEP 3/3: Загружены входные данные...&#xD;
  STEP 3/3: Загружены входные данные (Passed after 17ms)&#xD;
  SCENARIO RESULT: Passed after 303ms</StdOut>
      </Output>
    </UnitTestResult>
    <UnitTestResult executionId="4d882408-61f7-4a40-87da-1f4df7fd18a5" testId="982d84c0-acf4-bb2b-fc60-63573054a6c0" testName="Skillaz.Tests.Assessment.Questionnaires.ProActionQuestionnaire_feature.Getting_a_questionnaire" computerName="DESKTOP-F6SKA47" duration="00:00:04.9755885" startTime="2021-12-16T16:26:34.4053846+03:00" endTime="2021-12-16T16:26:34.4053866+03:00" testType="13cdc9d9-ddb5-4fa4-a97d-d965ccfc6d4b" outcome="Passed" testListId="8c84fa94-04c1-424b-9868-57a2d4851a1d" relativeResultsDirectory="4d882408-61f7-4a40-87da-1f4df7fd18a5">
      <Output>
        <StdOut>SCENARIO: Getting a questionnaire&#xD;
  STEP 1/5: GIVEN a company...&#xD;
  STEP 1/5: GIVEN a company (Passed after 592ms)&#xD;
  STEP 2/5: AND the authenticated user...&#xD;
  STEP 2/5: AND the authenticated user (Passed after 2s 131ms)&#xD;
  STEP 3/5: AND the questionnaire...&#xD;
  STEP 3/5: AND the questionnaire (Passed after 693ms)&#xD;
  STEP 4/5: WHEN questionnaire is requested...&#xD;
  STEP 4/5: WHEN questionnaire is requested (Passed after 182ms)&#xD;
  STEP 5/5: Questionnaire should be retrieved...&#xD;
  STEP 5/5: Questionnaire should be retrieved (Passed after &lt;1ms)&#xD;
  SCENARIO RESULT: Passed after 3s 784ms</StdOut>
      </Output>
    </UnitTestResult>
    <UnitTestResult executionId="f80f5c1f-305f-41a2-a961-2f30858506a8" testId="019b787c-88b2-9680-3a7b-9251d2235f77" testName="Skillaz.Tests.CompanySpecific.X5.Naumen.NaumenSlaTests.Sla_calculates_correctly_for_next_day(candidateTimeZone: 11, sla: 02:00:00, startDate: 2019-12-31T16:30:00.0000000Z, truth: [NaumenTimeRange { From = &quot;2020-01-01 07:00:00&quot;, To = &quot;2020-01-01 09:00:00&quot; }])" computerName="DESKTOP-F6SKA47" duration="00:00:00.0000794" startTime="2021-12-16T16:16:29.3598028+03:00" endTime="2021-12-16T16:16:29.3598033+03:00" testType="13cdc9d9-ddb5-4fa4-a97d-d965ccfc6d4b" outcome="Passed" testListId="8c84fa94-04c1-424b-9868-57a2d4851a1d" relativeResultsDirectory="f80f5c1f-305f-41a2-a961-2f30858506a8" />
    <UnitTestResult executionId="9f6e82ea-858e-4329-bca6-efd101059795" testId="13e32e4a-c7ca-f13e-57f0-45f0d3128273" testName="Skillaz.Tests.Configurator.DocumentModel.JobOfferConfiguratorDataType_feature.JobOfferConfiguratorDataType_use_last_job_offer" computerName="DESKTOP-F6SKA47" duration="00:00:08.4301343" startTime="2021-12-16T16:26:41.4328196+03:00" endTime="2021-12-16T16:26:41.4328214+03:00" testType="13cdc9d9-ddb5-4fa4-a97d-d965ccfc6d4b" outcome="Passed" testListId="8c84fa94-04c1-424b-9868-57a2d4851a1d" relativeResultsDirectory="9f6e82ea-858e-4329-bca6-efd101059795">
      <Output>
        <StdOut>SCENARIO: JobOfferConfiguratorDataType use last job offer&#xD;
  STEP 1/10: GIVEN a company...&#xD;
  STEP 1/10: GIVEN a company (Passed after 199ms)&#xD;
  STEP 2/10: AND the authenticated user...&#xD;
  STEP 2/10: AND the authenticated user (Passed after 444ms)&#xD;
  STEP 3/10: AND the applied configuration of the job offer...&#xD;
  STEP 3/10: AND the applied configuration of the job offer (Passed after 106ms)&#xD;
  STEP 4/10: AND the applied configuration of the candidate check which uses default value...&#xD;
  STEP 4/10: AND the applied configuration of the candidate check which uses default value (Passed after &lt;1ms)&#xD;
  STEP 5/10: AND the applied configuration of the funnel with candidate check and job offer...&#xD;
  STEP 5/10: AND the applied configuration of the funnel with candidate check and job offer (Passed after 381ms)&#xD;
  STEP 6/10: AND the vacancy and candidate created...&#xD;
  STEP 6/10: AND the vacancy and candidate created (Passed after 756ms)&#xD;
  STEP 7/10: AND the job offer...&#xD;
  STEP 7/10: AND the job offer (Passed after 247ms)&#xD;
  STEP 8/10: WHEN the candidate status changed to create a job offer...&#xD;
  STEP 8/10: WHEN the candidate status changed to create a job offer (Passed after 2s 747ms)&#xD;
  STEP 9/10: AND the candidate check started...&#xD;
  STEP 9/10: AND the candidate check started (Passed after 1s 804ms)&#xD;
  STEP 10/10: THEN default value in then candidate check is set last job offer...&#xD;
  STEP 10/10: THEN default value in then candidate check is set last job offer (Passed after 182ms)&#xD;
  SCENARIO RESULT: Passed after 6s 883ms</StdOut>
      </Output>
    </UnitTestResult>
    <UnitTestResult executionId="1fa10448-9a6e-459d-bdfc-c72d917e115a" testId="50c8cf6c-fcec-2cd1-f18c-c22041547548" testName="Skillaz.Tests.Helpers.TimeBoundariesHelperFeature.AddHours(lower: 14, upper: 23, timeZone: 3, results: [0, 2, 17, 24])" computerName="DESKTOP-F6SKA47" duration="00:00:00.0020363" startTime="2021-12-16T16:16:29.9836179+03:00" endTime="2021-12-16T16:16:29.9856378+03:00" testType="13cdc9d9-ddb5-4fa4-a97d-d965ccfc6d4b" outcome="Passed" testListId="8c84fa94-04c1-424b-9868-57a2d4851a1d" relativeResultsDirectory="1fa10448-9a6e-459d-bdfc-c72d917e115a" />
    <UnitTestResult executionId="5509be2f-3c1d-4dad-8e7c-498096d6c3e6" testId="2b7a85a7-e32f-1e23-9ce3-7bbb7fd7bbf0" testName="Skillaz.Tests.Configurator.WorkflowEngine.ConfiguratorWorkflowEngine_check_rules.Check_user_role_available" computerName="DESKTOP-F6SKA47" duration="00:00:20.1491478" startTime="2021-12-16T16:29:34.9042476+03:00" endTime="2021-12-16T16:29:34.9042495+03:00" testType="13cdc9d9-ddb5-4fa4-a97d-d965ccfc6d4b" outcome="Passed" testListId="8c84fa94-04c1-424b-9868-57a2d4851a1d" relativeResultsDirectory="5509be2f-3c1d-4dad-8e7c-498096d6c3e6">
      <Output>
        <StdOut>SCENARIO: Check user role available&#xD;
  STEP 1/10: GIVEN a company...&#xD;
  STEP 1/10: GIVEN a company (Passed after 287ms)&#xD;
  STEP 2/10: AND the vacancy in the company...&#xD;
  STEP 2/10: AND the vacancy in the company (Passed after 528ms)&#xD;
  STEP 3/10: AND the authenticated user...&#xD;
  STEP 3/10: AND the authenticated user (Passed after 913ms)&#xD;
  STEP 4/10: AND check model...&#xD;
  STEP 4/10: AND check model (Passed after 507ms)&#xD;
  STEP 5/10: AND user roles...&#xD;
  STEP 5/10: AND user roles (Passed after &lt;1ms)&#xD;
  STEP 6/10: THEN register model created...&#xD;
  STEP 6/10: THEN register model created (Passed after 4s 045ms)&#xD;
  STEP 7/10: GIVEN a funnel...&#xD;
  STEP 7/10: GIVEN a funnel (Passed after 848ms)&#xD;
  STEP 8/10: AND a candidate without check...&#xD;
  STEP 8/10: AND a candidate without check (Passed after 4s 389ms)&#xD;
  STEP 9/10: WHEN change candidate status with single check...&#xD;
  STEP 9/10: WHEN change candidate status with single check (Passed after 6s 449ms)&#xD;
  STEP 10/10: THEN is available true...&#xD;
  STEP 10/10: THEN is available true (Passed after 1s 287ms)&#xD;
  SCENARIO RESULT: Passed after 19s 337ms</StdOut>
      </Output>
    </UnitTestResult>
    <UnitTestResult executionId="4df676ff-44b2-413a-9de2-d01bffc75e43" testId="019b787c-88b2-9680-3a7b-9251d2235f77" testName="Skillaz.Tests.CompanySpecific.X5.Naumen.NaumenSlaTests.Sla_calculates_correctly_for_next_day(candidateTimeZone: 7, sla: 02:00:00, startDate: 2019-12-31T16:30:00.0000000Z, truth: [NaumenTimeRange { From = &quot;2020-01-01 07:00:00&quot;, To = &quot;2020-01-01 09:00:00&quot; }])" computerName="DESKTOP-F6SKA47" duration="00:00:00.0000342" startTime="2021-12-16T16:16:29.2816282+03:00" endTime="2021-12-16T16:16:29.2816289+03:00" testType="13cdc9d9-ddb5-4fa4-a97d-d965ccfc6d4b" outcome="Passed" testListId="8c84fa94-04c1-424b-9868-57a2d4851a1d" relativeResultsDirectory="4df676ff-44b2-413a-9de2-d01bffc75e43" />
    <UnitTestResult executionId="14252f74-385c-46ba-9cfd-6d614c9c0a3d" testId="e1b1bb17-86ba-ecbf-8a0f-67db463a4c40" testName="Skillaz.Tests.Authorization.AuthLoginWorkflowService_NewUser_feature.CreateUserWithoutSSO" computerName="DESKTOP-F6SKA47" duration="00:00:02.6646357" startTime="2021-12-16T16:24:38.9867947+03:00" endTime="2021-12-16T16:24:38.9867971+03:00" testType="13cdc9d9-ddb5-4fa4-a97d-d965ccfc6d4b" outcome="Passed" testListId="8c84fa94-04c1-424b-9868-57a2d4851a1d" relativeResultsDirectory="14252f74-385c-46ba-9cfd-6d614c9c0a3d">
      <Output>
        <StdOut>SCENARIO: CreateUserWithoutSSO&#xD;
  STEP 1/7: GIVEN Given a company...&#xD;
  STEP 1/7: GIVEN Given a company (Passed after 356ms)&#xD;
  STEP 2/7: AND Given the authenticated user...&#xD;
  STEP 2/7: AND Given the authenticated user (Passed after 748ms)&#xD;
  STEP 3/7: AND add additional models...&#xD;
  STEP 3/7: AND add additional models (Passed after 5ms)&#xD;
  STEP 4/7: WHEN When create user without SSO...&#xD;
  STEP 4/7: WHEN When create user without SSO (Passed after 755ms)&#xD;
  STEP 5/7: THEN Then ensure that user has Password auth type...&#xD;
  STEP 5/7: THEN Then ensure that user has Password auth type (Passed after 69ms)&#xD;
  STEP 6/7: AND Then ensure that user created...&#xD;
  STEP 6/7: AND Then ensure that user created (Passed after 62ms)&#xD;
  STEP 7/7: AND Then ensure that email sender called for correct person...&#xD;
  STEP 7/7: AND Then ensure that email sender called for correct person (Passed after 31ms)&#xD;
  SCENARIO RESULT: Passed after 2s 042ms</StdOut>
      </Output>
    </UnitTestResult>
    <UnitTestResult executionId="cb58bb2c-89f3-4e80-aaec-d3214c57c694" testId="0ba5bce8-353c-5c17-e558-b54d239e0fa0" testName="Should get token with deleted user for exists company(jwt: &quot;eyJraWQiOiJoaF92aWRlb19pbnRlcnZpZXdfc2tpbGxheiIsIm&quot;...)" computerName="DESKTOP-F6SKA47" duration="00:00:03.9633266" startTime="2021-12-16T16:21:50.8104074+03:00" endTime="2021-12-16T16:21:50.8104112+03:00" testType="13cdc9d9-ddb5-4fa4-a97d-d965ccfc6d4b" outcome="Passed" testListId="8c84fa94-04c1-424b-9868-57a2d4851a1d" relativeResultsDirectory="cb58bb2c-89f3-4e80-aaec-d3214c57c694" />
    <UnitTestResult executionId="99baedd5-b88c-4eea-b832-66f550635be0" testId="b8ef1f2f-4814-9a6a-32ed-c6ee0fdd0d76" testName="Skillaz.Tests.HH.VrVideoInterview.HHVrIntergation_feature.Successful_Export_Vr_Response_Non_Vr_Company" computerName="DESKTOP-F6SKA47" duration="00:00:39.2553733" startTime="2021-12-16T16:19:23.4941751+03:00" endTime="2021-12-16T16:19:23.4941812+03:00" testType="13cdc9d9-ddb5-4fa4-a97d-d965ccfc6d4b" outcome="Passed" testListId="8c84fa94-04c1-424b-9868-57a2d4851a1d" relativeResultsDirectory="99baedd5-b88c-4eea-b832-66f550635be0">
      <Output>
        <StdOut>SCENARIO: Successful Export Vr Response Non Vr Company&#xD;
  STEP 1/7: GIVEN a company [companyId: "123123123"]...&#xD;
  STEP 1/7: GIVEN a company [companyId: "123123123"] (Passed after 117ms)&#xD;
  STEP 2/7: AND the vacancy in the company [funnelId: "TestFunnel"]...&#xD;
  STEP 2/7: AND the vacancy in the company [funnelId: "TestFunnel"] (Passed after 82ms)&#xD;
  STEP 3/7: AND hh vacancy linked to the skillaz vacancy...&#xD;
  STEP 3/7: AND hh vacancy linked to the skillaz vacancy (Passed after 4s 996ms)&#xD;
  STEP 4/7: AND the jwt payload non vr company...&#xD;
  STEP 4/7: AND the jwt payload non vr company (Passed after 1ms)&#xD;
  STEP 5/7: WHEN response is coming...&#xD;
  STEP 5/7: WHEN response is coming (Passed after 32s 842ms)&#xD;
  STEP 6/7: THEN candidate is successfully created...&#xD;
  STEP 6/7: THEN candidate is successfully created (Passed after 275ms)&#xD;
  STEP 7/7: AND returned result is correct...&#xD;
  STEP 7/7: AND returned result is correct (Passed after 415ms)&#xD;
  SCENARIO RESULT: Passed after 38s 928ms</StdOut>
      </Output>
    </UnitTestResult>
    <UnitTestResult executionId="05e47525-b6f4-4500-94a3-1ba5f095740a" testId="019b787c-88b2-9680-3a7b-9251d2235f77" testName="Skillaz.Tests.CompanySpecific.X5.Naumen.NaumenSlaTests.Sla_calculates_correctly_for_next_day(candidateTimeZone: 8, sla: 02:00:00, startDate: 2019-12-31T13:30:00.0000000Z, truth: [NaumenTimeRange { From = &quot;2020-01-01 07:00:00&quot;, To = &quot;2020-01-01 09:00:00&quot; }])" computerName="DESKTOP-F6SKA47" duration="00:00:00.0000324" startTime="2021-12-16T16:16:29.2922131+03:00" endTime="2021-12-16T16:16:29.2922135+03:00" testType="13cdc9d9-ddb5-4fa4-a97d-d965ccfc6d4b" outcome="Passed" testListId="8c84fa94-04c1-424b-9868-57a2d4851a1d" relativeResultsDirectory="05e47525-b6f4-4500-94a3-1ba5f095740a" />
    <UnitTestResult executionId="aba58175-99e5-46a9-95ce-8a27450d199f" testId="7640c6df-e102-0a37-0f58-0c33947b5a10" testName="Skillaz.Tests.Authorization.AuthLoginWorkflowService_Restore_feature.Do_first_step_restore_by_username_expects_link_generation_to_recover_the_password" computerName="DESKTOP-F6SKA47" duration="00:00:06.1364305" startTime="2021-12-16T16:21:44.5750226+03:00" endTime="2021-12-16T16:21:44.5750238+03:00" testType="13cdc9d9-ddb5-4fa4-a97d-d965ccfc6d4b" outcome="Passed" testListId="8c84fa94-04c1-424b-9868-57a2d4851a1d" relativeResultsDirectory="aba58175-99e5-46a9-95ce-8a27450d199f">
      <Output>
        <StdOut>SCENARIO: Do first step restore by username expects link generation to recover the password&#xD;
  STEP 1/6: GIVEN a company...&#xD;
  STEP 1/6: GIVEN a company (Passed after 410ms)&#xD;
  STEP 2/6: AND a user with password set property...&#xD;
  STEP 2/6: AND a user with password set property (Passed after 1s 160ms)&#xD;
  STEP 3/6: WHEN doing a password restore [login: "v.pupkin"]...&#xD;
  STEP 3/6: WHEN doing a password restore [login: "v.pupkin"] (Passed after 3s 921ms)&#xD;
  STEP 4/6: THEN ensure that email sender called for correct person...&#xD;
  STEP 4/6: THEN ensure that email sender called for correct person (Passed after 56ms)&#xD;
  STEP 5/6: AND ensure that email sent with correct url to restore password...&#xD;
  STEP 5/6: AND ensure that email sent with correct url to restore password (Passed after 1ms)&#xD;
  STEP 6/6: AND ensure that user password is untouched...&#xD;
  STEP 6/6: AND ensure that user password is untouched (Passed after 7ms)&#xD;
  SCENARIO RESULT: Passed after 5s 781ms</StdOut>
      </Output>
    </UnitTestResult>
    <UnitTestResult executionId="dd8a6b3c-fa42-48fd-84d2-a3407e86bf33" testId="695a69c9-264c-d1c5-2032-535ef4bf39f9" testName="Skillaz.Tests.CompanySpecific.X5.Naumen.NaumenSlaTests.Sla_calculates_correctly_for_split_days(candidateTimeZone: 11, sla: 02:00:00, startDate: 2019-12-31T08:00:00.0000000Z, truth: [NaumenTimeRange { From = &quot;2019-12-31 11:00:00&quot;, To = &quot;2019-12-31 12:00:00&quot; }, NaumenTimeRange { From = &quot;2020-01-01 07:00:00&quot;, To = &quot;2020-01-01 08:00:00&quot; }])" computerName="DESKTOP-F6SKA47" duration="00:00:00.0000544" startTime="2021-12-16T16:16:29.0272589+03:00" endTime="2021-12-16T16:16:29.0272594+03:00" testType="13cdc9d9-ddb5-4fa4-a97d-d965ccfc6d4b" outcome="Passed" testListId="8c84fa94-04c1-424b-9868-57a2d4851a1d" relativeResultsDirectory="dd8a6b3c-fa42-48fd-84d2-a3407e86bf33" />
    <UnitTestResult executionId="ff1b0e78-23ae-4c2d-8ef1-f5a0149a6343" testId="279fda32-1167-98bb-ecda-bd615461418e" testName="Skillaz.Tests.CompanySpecific.Sberbank.SberProfilesTests.SberProfiles" computerName="DESKTOP-F6SKA47" duration="00:00:05.1294106" startTime="2021-12-16T16:18:35.7884269+03:00" endTime="2021-12-16T16:18:35.7884355+03:00" testType="13cdc9d9-ddb5-4fa4-a97d-d965ccfc6d4b" outcome="Passed" testListId="8c84fa94-04c1-424b-9868-57a2d4851a1d" relativeResultsDirectory="ff1b0e78-23ae-4c2d-8ef1-f5a0149a6343">
      <Output>
        <StdOut>SCENARIO: SberProfiles&#xD;
  STEP 1/5: GIVEN a company...&#xD;
  STEP 1/5: GIVEN a company (Passed after 260ms)&#xD;
  STEP 2/5: AND the authenticated user...&#xD;
  STEP 2/5: AND the authenticated user (Passed after 441ms)&#xD;
  STEP 3/5: AND a profiles...&#xD;
  STEP 3/5: AND a profiles (Passed after 1s 609ms)&#xD;
  STEP 4/5: THEN not Duble...&#xD;
  STEP 4/5: THEN not Duble (Passed after 791ms)&#xD;
  STEP 5/5: SberProfileCommand...&#xD;
  STEP 5/5: SberProfileCommand (Passed after 1s 437ms)&#xD;
  SCENARIO RESULT: Passed after 4s 545ms</StdOut>
      </Output>
    </UnitTestResult>
    <UnitTestResult executionId="dcda467d-8e56-4a4c-993a-dd491df62731" testId="019b787c-88b2-9680-3a7b-9251d2235f77" testName="Skillaz.Tests.CompanySpecific.X5.Naumen.NaumenSlaTests.Sla_calculates_correctly_for_next_day(candidateTimeZone: 2, sla: 02:00:00, startDate: 2019-12-31T18:00:00.0000000Z, truth: [NaumenTimeRange { From = &quot;2020-01-01 10:00:00&quot;, To = &quot;2020-01-01 12:00:00&quot; }])" computerName="DESKTOP-F6SKA47" duration="00:00:00.0019005" startTime="2021-12-16T16:16:29.0567329+03:00" endTime="2021-12-16T16:16:29.0567392+03:00" testType="13cdc9d9-ddb5-4fa4-a97d-d965ccfc6d4b" outcome="Passed" testListId="8c84fa94-04c1-424b-9868-57a2d4851a1d" relativeResultsDirectory="dcda467d-8e56-4a4c-993a-dd491df62731" />
    <UnitTestResult executionId="4de10d83-5c33-41f3-ae9b-74951453f179" testId="1698f116-eb9c-5b08-ca88-c4d373ec474f" testName="Skillaz.Tests.Configurator.Prioritization.ConfiguratorPrioritizationRequest_feature.Prioritization_by_days_in_work" computerName="DESKTOP-F6SKA47" duration="00:00:07.0745424" startTime="2021-12-16T16:27:27.1037449+03:00" endTime="2021-12-16T16:27:27.1037525+03:00" testType="13cdc9d9-ddb5-4fa4-a97d-d965ccfc6d4b" outcome="Passed" testListId="8c84fa94-04c1-424b-9868-57a2d4851a1d" relativeResultsDirectory="4de10d83-5c33-41f3-ae9b-74951453f179">
      <Output>
        <StdOut>SCENARIO: Prioritization by days in work&#xD;
  STEP 1/7: GIVEN a company...&#xD;
  STEP 1/7: GIVEN a company (Passed after 399ms)&#xD;
  STEP 2/7: AND the authenticated user...&#xD;
  STEP 2/7: AND the authenticated user (Passed after 702ms)&#xD;
  STEP 3/7: AND the days in work prioritization...&#xD;
  STEP 3/7: AND the days in work prioritization (Passed after 3ms)&#xD;
  STEP 4/7: AND the configuration...&#xD;
  STEP 4/7: AND the configuration (Passed after 352ms)&#xD;
  STEP 5/7: AND the requests for days in work rules...&#xD;
  STEP 5/7: AND the requests for days in work rules (Passed after 572ms)&#xD;
  STEP 6/7: WHEN job prioritization...&#xD;
  STEP 6/7: WHEN job prioritization (Passed after 3s 074ms)&#xD;
  STEP 7/7: THEN check requests priority with correct order...&#xD;
  STEP 7/7: THEN check requests priority with correct order (Passed after 300ms)&#xD;
  SCENARIO RESULT: Passed after 5s 483ms</StdOut>
      </Output>
    </UnitTestResult>
    <UnitTestResult executionId="ec21db0b-ab36-4565-80fa-9f8e6fa9ae31" testId="d6a2357c-b0b4-f95d-3275-283dfccb64bb" testName="Skillaz.Tests.Candidate.Ratings.CascadeRatingScoreUpdate_feature.Candidate_sub_rating_updated" computerName="DESKTOP-F6SKA47" duration="00:00:12.5148941" startTime="2021-12-16T16:22:02.1715104+03:00" endTime="2021-12-16T16:22:02.1715160+03:00" testType="13cdc9d9-ddb5-4fa4-a97d-d965ccfc6d4b" outcome="Passed" testListId="8c84fa94-04c1-424b-9868-57a2d4851a1d" relativeResultsDirectory="ec21db0b-ab36-4565-80fa-9f8e6fa9ae31">
      <Output>
        <StdOut>SCENARIO: Candidate sub rating updated&#xD;
  STEP 1/9: GIVEN a company...&#xD;
  STEP 1/9: GIVEN a company (Passed after 348ms)&#xD;
  STEP 2/9: AND the authenticated user...&#xD;
  STEP 2/9: AND the authenticated user (Passed after 723ms)&#xD;
  STEP 3/9: AND the vacancy in the company...&#xD;
  STEP 3/9: AND the vacancy in the company (Passed after 173ms)&#xD;
  STEP 4/9: AND a candidate...&#xD;
  STEP 4/9: AND a candidate (Passed after 391ms)&#xD;
  STEP 5/9: AND ratings and criteria...&#xD;
  STEP 5/9: AND ratings and criteria (Passed after 2s 406ms)&#xD;
  STEP 6/9: AND a candidate rating...&#xD;
  STEP 6/9: AND a candidate rating (Passed after 4s 302ms)&#xD;
  STEP 7/9: AND a candidate sub rating [totalScore: "&lt;null&gt;"]...&#xD;
  STEP 7/9: AND a candidate sub rating [totalScore: "&lt;null&gt;"] (Passed after 661ms)&#xD;
  STEP 8/9: WHEN sub rating score updated...&#xD;
  STEP 8/9: WHEN sub rating score updated (Passed after 3s 154ms)&#xD;
  STEP 9/9: THEN linked candidate rating total score updated...&#xD;
  STEP 9/9: THEN linked candidate rating total score updated (Passed after 5ms)&#xD;
  SCENARIO RESULT: Passed after 12s 202ms</StdOut>
      </Output>
    </UnitTestResult>
    <UnitTestResult executionId="3e2b8e95-e760-4dfd-8d8e-269420423bb2" testId="74983b6a-02a7-c122-3b57-4648c853f989" testName="Skillaz.Tests.CompanySpecific.Avilon.AvilonHHNegotiations_feature.Check_Candidate_Comment_After_Dublicate_Candidate_in_HH" computerName="DESKTOP-F6SKA47" duration="00:00:06.2473611" startTime="2021-12-16T16:26:05.5844961+03:00" endTime="2021-12-16T16:26:05.5844987+03:00" testType="13cdc9d9-ddb5-4fa4-a97d-d965ccfc6d4b" outcome="Passed" testListId="8c84fa94-04c1-424b-9868-57a2d4851a1d" relativeResultsDirectory="3e2b8e95-e760-4dfd-8d8e-269420423bb2">
      <Output>
        <StdOut>SCENARIO: Check Candidate Comment After Dublicate Candidate in HH&#xD;
  STEP 1/5: GIVEN Given a candidate in a vacancy in a company [makeCompany: "System.Func`1[Skillaz.Candidate.Contract.LegacyCompany.LegacyCompanyDocument]"]...&#xD;
  STEP 1/5: GIVEN Given a candidate in a vacancy in a company [makeCompany: "System.Func`1[Skillaz.Candidate.Contract.LegacyCompany.LegacyCompanyDocument]"] (Passed after 280ms)&#xD;
  STEP 2/5: AND Given the user...&#xD;
  STEP 2/5: AND Given the user (Passed after 401ms)&#xD;
  STEP 3/5: AND Given set candidate info...&#xD;
  STEP 3/5: AND Given set candidate info (Passed after 286ms)&#xD;
  STEP 4/5: WHEN When HH NegotiationCallbackCalled...&#xD;
  STEP 4/5: WHEN When HH NegotiationCallbackCalled (Passed after 4s 641ms)&#xD;
  STEP 5/5: THEN Then check candidate and comment...&#xD;
  STEP 5/5: THEN Then check candidate and comment (Passed after 268ms)&#xD;
  SCENARIO RESULT: Passed after 5s 887ms</StdOut>
      </Output>
    </UnitTestResult>
    <UnitTestResult executionId="7bf73213-e548-4f31-bd0c-af9e47c80394" testId="2309e9db-7216-0acb-d46e-9db02137b8b4" testName="Skillaz.Tests.CompanySpecific.Mvideo.MvideoOpenApiBatchRequest_feature.Обновляет_пользователей_Директор_магазина_у_которых_права_на_несколько_магазинов_должны_проставиться_новые_права_и_роль_Директор_Магазина" computerName="DESKTOP-F6SKA47" duration="00:00:06.7619129" startTime="2021-12-16T16:20:18.3764879+03:00" endTime="2021-12-16T16:20:18.3764925+03:00" testType="13cdc9d9-ddb5-4fa4-a97d-d965ccfc6d4b" outcome="Passed" testListId="8c84fa94-04c1-424b-9868-57a2d4851a1d" relativeResultsDirectory="7bf73213-e548-4f31-bd0c-af9e47c80394">
      <Output>
        <StdOut>SCENARIO: Обновляет пользователей Директор магазина у которых права на несколько магазинов должны проставиться новые права и роль Директор Магазина&#xD;
  STEP 1/7: GIVEN a company...&#xD;
  STEP 1/7: GIVEN a company (Passed after 614ms)&#xD;
  STEP 2/7: AND the authenticated api user...&#xD;
  STEP 2/7: AND the authenticated api user (Passed after 1s 442ms)&#xD;
  STEP 3/7: AND Дана клиентская конфигурация мвидео...&#xD;
  STEP 3/7: AND Дана клиентская конфигурация мвидео (Passed after &lt;1ms)&#xD;
  STEP 4/7: AND Даны роли...&#xD;
  STEP 4/7: AND Даны роли (Passed after 4ms)&#xD;
  STEP 5/7: AND Даны пользователи с правами на орг единицы...&#xD;
  STEP 5/7: AND Даны пользователи с правами на орг единицы (Passed after 9ms)&#xD;
  STEP 6/7: WHEN Когда подготавливаем данные для загрузки...&#xD;
  STEP 6/7: WHEN Когда подготавливаем данные для загрузки (Passed after 3s 806ms)&#xD;
  STEP 7/7: THEN Проверить что у пользователя роль Директор Магазина и есть права на несколько орг единиц после подготовки [userName: "дм_user_multi_with_3_org_items"] [expectedOrgUnitsIds: "multi_1, multi_2, multi_3"]...&#xD;
  STEP 7/7: THEN Проверить что у пользователя роль Директор Магазина и есть права на несколько орг единиц после подготовки [userName: "дм_user_multi_with_3_org_items"] [expectedOrgUnitsIds: "multi_1, multi_2, multi_3"] (Passed after 148ms)&#xD;
  SCENARIO RESULT: Passed after 6s 300ms</StdOut>
      </Output>
    </UnitTestResult>
    <UnitTestResult executionId="5704bce3-e3eb-403f-a89e-eb7b9aacff99" testId="7616d9b2-f2b2-8369-1fa5-2c9c65b7cf0a" testName="Skillaz.Tests.Configurator.Editor.ChangeTrackingMerge.Проверка_корректности_сортировки(a: [ChangeTrackingMergeItem { Id = &quot;a&quot; }, ChangeTrackingMergeItem { Id = &quot;b&quot; }], b: [ChangeTrackingMergeItem { Id = &quot;a&quot; }, ChangeTrackingMergeItem { Id = &quot;b&quot; }], expected: [TabModelPair`1 { Id = &quot;a&quot;, Now = ChangeTrackingMergeItem { ... }, NowOrOrigin = ChangeTrackingMergeItem { ... }, Origin = ChangeTrackingMergeItem { ... } }, TabModelPair`1 { Id = &quot;b&quot;, Now = ChangeTrackingMergeItem { ... }, NowOrOrigin = ChangeTrackingMergeItem { ... }, Origin = ChangeTrackingMergeItem { ... } }])" computerName="DESKTOP-F6SKA47" duration="00:00:00.1462651" startTime="2021-12-16T16:16:28.7583516+03:00" endTime="2021-12-16T16:16:28.7583529+03:00" testType="13cdc9d9-ddb5-4fa4-a97d-d965ccfc6d4b" outcome="Passed" testListId="8c84fa94-04c1-424b-9868-57a2d4851a1d" relativeResultsDirectory="5704bce3-e3eb-403f-a89e-eb7b9aacff99" />
    <UnitTestResult executionId="f40149ad-1c5a-47b5-9853-122cb1a12da7" testId="4100e4cb-4c7f-7998-11cc-0f12e4576f56" testName="Skillaz.Tests.Validators.ListSizeFieldValidator_feature.Should_show_default_list_smaller_error_message_when_validate" computerName="DESKTOP-F6SKA47" duration="00:00:00.0604055" startTime="2021-12-16T16:28:34.2463312+03:00" endTime="2021-12-16T16:28:34.2463332+03:00" testType="13cdc9d9-ddb5-4fa4-a97d-d965ccfc6d4b" outcome="Passed" testListId="8c84fa94-04c1-424b-9868-57a2d4851a1d" relativeResultsDirectory="f40149ad-1c5a-47b5-9853-122cb1a12da7">
      <Output>
        <StdOut>SCENARIO: Should show default list smaller error message when validate&#xD;
  STEP 1/6: GIVEN min size equals one...&#xD;
  STEP 1/6: GIVEN min size equals one (Passed after &lt;1ms)&#xD;
  STEP 2/6: AND ListSizeFieldValidator with default error messages...&#xD;
  STEP 2/6: AND ListSizeFieldValidator with default error messages (Passed after &lt;1ms)&#xD;
  STEP 3/6: AND document with empty string list field...&#xD;
  STEP 3/6: AND document with empty string list field (Passed after &lt;1ms)&#xD;
  STEP 4/6: Run validator...&#xD;
  STEP 4/6: Run validator (Passed after 46ms)&#xD;
  STEP 5/6: Assert result is not valid...&#xD;
  STEP 5/6: Assert result is not valid (Passed after &lt;1ms)&#xD;
  STEP 6/6: Assert default list smaller error message in validation result...&#xD;
  STEP 6/6: Assert default list smaller error message in validation result (Passed after &lt;1ms)&#xD;
  SCENARIO RESULT: Passed after 49ms</StdOut>
      </Output>
    </UnitTestResult>
    <UnitTestResult executionId="3e4469ad-833d-4ee5-b48c-ad601a69ac99" testId="80e8f09a-4089-3a1c-920e-0b73ffcea8d4" testName="Skillaz.Tests.ProductionCalendars.ProductionCalendarService_feature.Get_holidays_for_period_should_cache_production_calendar_for_country_and_year" computerName="DESKTOP-F6SKA47" duration="00:00:03.0854639" startTime="2021-12-16T16:24:07.9054966+03:00" endTime="2021-12-16T16:24:07.9054993+03:00" testType="13cdc9d9-ddb5-4fa4-a97d-d965ccfc6d4b" outcome="Passed" testListId="8c84fa94-04c1-424b-9868-57a2d4851a1d" relativeResultsDirectory="3e4469ad-833d-4ee5-b48c-ad601a69ac99">
      <Output>
        <StdOut>SCENARIO: Get holidays for period should cache production calendar for country and year&#xD;
  STEP 1/5: GIVEN a company [companyDocument: "Skillaz.Candidate.Contract.LegacyCompany.LegacyCompanyDocument"]...&#xD;
  STEP 1/5: GIVEN a company [companyDocument: "Skillaz.Candidate.Contract.LegacyCompany.LegacyCompanyDocument"] (Passed after 209ms)&#xD;
  STEP 2/5: AND the authenticated user...&#xD;
  STEP 2/5: AND the authenticated user (Passed after 544ms)&#xD;
  STEP 3/5: AND production calendar [productionCalendarDocument: "Skillaz.Candidate.Contract.ProductionCalendar.ProductionCalendarDocument"]...&#xD;
  STEP 3/5: AND production calendar [productionCalendarDocument: "Skillaz.Candidate.Contract.ProductionCalendar.ProductionCalendarDocument"] (Passed after 714ms)&#xD;
  STEP 4/5: WHEN get holidays for period [from: "01/01/2020 00:00:00"] [to: "01/05/2020 00:00:00"]...&#xD;
  STEP 4/5: WHEN get holidays for period [from: "01/01/2020 00:00:00"] [to: "01/05/2020 00:00:00"] (Passed after 122ms)&#xD;
  STEP 5/5: THEN production calendar should be in cache [prodCalendarYear: "2020"] [prodCalendarCountryCode: "RU"]...&#xD;
  STEP 5/5: THEN production calendar should be in cache [prodCalendarYear: "2020"] [prodCalendarCountryCode: "RU"] (Passed after 73ms)&#xD;
  SCENARIO RESULT: Passed after 1s 676ms</StdOut>
      </Output>
    </UnitTestResult>
    <UnitTestResult executionId="fb64e605-bf4e-451b-9983-1b2e8058eb86" testId="164ce405-029c-3fae-29fa-d98160ff0c43" testName="Skillaz.Tests.CompanySpecific.Mvideo.MvideoOpenApiBatchRequest_feature.Обновляет_ОЕ_с_ResponsibleId_с_проставленным_флагом_отключения_смены_ответственного_и_проверяет_что_ответственный_не_сменился" computerName="DESKTOP-F6SKA47" duration="00:00:07.8474491" startTime="2021-12-16T16:20:18.8836228+03:00" endTime="2021-12-16T16:20:18.8836263+03:00" testType="13cdc9d9-ddb5-4fa4-a97d-d965ccfc6d4b" outcome="Passed" testListId="8c84fa94-04c1-424b-9868-57a2d4851a1d" relativeResultsDirectory="fb64e605-bf4e-451b-9983-1b2e8058eb86">
      <Output>
        <StdOut>SCENARIO: Обновляет ОЕ с ResponsibleId с проставленным флагом отключения смены ответственного и проверяет что ответственный не сменился&#xD;
  STEP 1/8: GIVEN a company...&#xD;
  STEP 1/8: GIVEN a company (Passed after 566ms)&#xD;
  STEP 2/8: AND the authenticated api user...&#xD;
  STEP 2/8: AND the authenticated api user (Passed after 1s 177ms)&#xD;
  STEP 3/8: AND Дана клиентская конфигурация мвидео...&#xD;
  STEP 3/8: AND Дана клиентская конфигурация мвидео (Passed after &lt;1ms)&#xD;
  STEP 4/8: AND Даны роли...&#xD;
  STEP 4/8: AND Даны роли (Passed after 9ms)&#xD;
  STEP 5/8: AND Даны орг единицы...&#xD;
  STEP 5/8: AND Даны орг единицы (Passed after 852ms)&#xD;
  STEP 6/8: AND Даны пользователи с правами на орг единицы...&#xD;
  STEP 6/8: AND Даны пользователи с правами на орг единицы (Passed after 7ms)&#xD;
  STEP 7/8: WHEN Когда подготавливаем данные для загрузки...&#xD;
  STEP 7/8: WHEN Когда подготавливаем данные для загрузки (Passed after 4s 237ms)&#xD;
  STEP 8/8: THEN Проверить какой ответственный у ОЕ после подготовки [externalId: "org_unit_4"] [responsibleLogin: "дм_user_single"]...&#xD;
  STEP 8/8: THEN Проверить какой ответственный у ОЕ после подготовки [externalId: "org_unit_4"] [responsibleLogin: "дм_user_single"] (Passed after 17ms)&#xD;
  SCENARIO RESULT: Passed after 7s 180ms</StdOut>
      </Output>
    </UnitTestResult>
    <UnitTestResult executionId="be7d8a2f-8ac6-40df-8e3b-ef9a84844fde" testId="2424302d-4d1d-b7bf-baf1-812e6fbadc21" testName="Skillaz.Tests.DocumentModels.FieldValueComparerTests.IntegerComparison(firstValue: 0, secondValue: null, result: False)" computerName="DESKTOP-F6SKA47" duration="00:00:00.0000180" startTime="2021-12-16T16:16:31.0568956+03:00" endTime="2021-12-16T16:16:31.0568960+03:00" testType="13cdc9d9-ddb5-4fa4-a97d-d965ccfc6d4b" outcome="Passed" testListId="8c84fa94-04c1-424b-9868-57a2d4851a1d" relativeResultsDirectory="be7d8a2f-8ac6-40df-8e3b-ef9a84844fde" />
    <UnitTestResult executionId="4f95ef76-542e-46d2-95b1-35c8c6a6d286" testId="4b627e93-05c1-3f8b-69ad-959ea8c029c5" testName="Skillaz.Tests.Configurator.DocumentModel.RefFeature.Проверить_настройку_Ref" computerName="DESKTOP-F6SKA47" duration="00:00:03.8897797" startTime="2021-12-16T16:24:44.5599189+03:00" endTime="2021-12-16T16:24:44.5599212+03:00" testType="13cdc9d9-ddb5-4fa4-a97d-d965ccfc6d4b" outcome="Passed" testListId="8c84fa94-04c1-424b-9868-57a2d4851a1d" relativeResultsDirectory="4f95ef76-542e-46d2-95b1-35c8c6a6d286">
      <Output>
        <StdOut>SCENARIO: Проверить настройку Ref&#xD;
  STEP 1/6: GIVEN a company...&#xD;
  STEP 1/6: GIVEN a company (Passed after 619ms)&#xD;
  STEP 2/6: AND the authenticated user...&#xD;
  STEP 2/6: AND the authenticated user (Passed after 717ms)&#xD;
  STEP 3/6: Определить модель ОЕ...&#xD;
  STEP 3/6: Определить модель ОЕ (Passed after 171ms)&#xD;
  STEP 4/6: Определить модель вакансии с ссылкой на ОЕ...&#xD;
  STEP 4/6: Определить модель вакансии с ссылкой на ОЕ (Passed after 13ms)&#xD;
  STEP 5/6: Создать ОЕ...&#xD;
  STEP 5/6: Создать ОЕ (Passed after 357ms)&#xD;
  STEP 6/6: Создать вакансию и проверить что проставилось поле из ОЕ...&#xD;
  STEP 6/6: Создать вакансию и проверить что проставилось поле из ОЕ (Passed after 961ms)&#xD;
  SCENARIO RESULT: Passed after 2s 877ms</StdOut>
      </Output>
    </UnitTestResult>
    <UnitTestResult executionId="f50671c8-aeff-419d-88b5-7bdc4ee423bb" testId="39bbe88c-a5a1-69b6-0e18-a75bb02edd6c" testName="Skillaz.Tests.CompanySpecific.X5.Naumen.NaumenSlaTests.Sla_calculates_correctly_within_one_day(candidateTimeZone: 5, sla: 07:00:00, startDate: 2019-12-31T08:00:00.0000000Z, truth: [NaumenTimeRange { From = &quot;2019-12-31 11:00:00&quot;, To = &quot;2019-12-31 18:00:00&quot; }])" computerName="DESKTOP-F6SKA47" duration="00:00:00.0001165" startTime="2021-12-16T16:16:29.0017508+03:00" endTime="2021-12-16T16:16:29.0017522+03:00" testType="13cdc9d9-ddb5-4fa4-a97d-d965ccfc6d4b" outcome="Passed" testListId="8c84fa94-04c1-424b-9868-57a2d4851a1d" relativeResultsDirectory="f50671c8-aeff-419d-88b5-7bdc4ee423bb" />
    <UnitTestResult executionId="989312d6-3813-4f45-98ea-1828453c61b6" testId="f2c06541-4543-c888-05f5-44be5810d51f" testName="Skillaz.Tests.HH.HHWebhook_feature.HH_NewNegotiationVacancyCalled" computerName="DESKTOP-F6SKA47" duration="00:00:00.0010000" startTime="2021-12-16T16:24:45.7849162+03:00" endTime="2021-12-16T16:24:45.7849182+03:00" testType="13cdc9d9-ddb5-4fa4-a97d-d965ccfc6d4b" outcome="NotExecuted" testListId="8c84fa94-04c1-424b-9868-57a2d4851a1d" relativeResultsDirectory="989312d6-3813-4f45-98ea-1828453c61b6">
      <Output>
        <StdOut>for tests</StdOut>
      </Output>
    </UnitTestResult>
    <UnitTestResult executionId="a0d5fe9f-ddc8-4ba6-8c47-6d46cacad1ef" testId="5277af88-cbcf-3231-cfcd-72fb8337d277" testName="Skillaz.Tests.CompanySpecific.Mvideo.MvideoArchivingHireNeeds_feature.Dont_get_a_org_item_from_open_api_so_archiving_a_hire_heed(planBefore: 0, factBefore: 0, planAfter: 5, factAfter: 3, isArchivedAfter: False)" computerName="DESKTOP-F6SKA47" duration="00:00:23.0629843" startTime="2021-12-16T16:19:59.2178091+03:00" endTime="2021-12-16T16:19:59.2178112+03:00" testType="13cdc9d9-ddb5-4fa4-a97d-d965ccfc6d4b" outcome="Passed" testListId="8c84fa94-04c1-424b-9868-57a2d4851a1d" relativeResultsDirectory="a0d5fe9f-ddc8-4ba6-8c47-6d46cacad1ef">
      <Output>
        <StdOut>SCENARIO: Dont get a org item from open api so archiving a hire heed [planBefore: "0"] [factBefore: "0"] [planAfter: "5"] [factAfter: "3"] [isArchivedAfter: "False"]&#xD;
  STEP 1/7: GIVEN a company [companyId: "mvideo"]...&#xD;
  STEP 1/7: GIVEN a company [companyId: "mvideo"] (Passed after 716ms)&#xD;
  STEP 2/7: AND the authenticated user...&#xD;
  STEP 2/7: AND the authenticated user (Passed after 1s 444ms)&#xD;
  STEP 3/7: AND Given OrgUnit...&#xD;
  STEP 3/7: AND Given OrgUnit (Passed after 2s 690ms)&#xD;
  STEP 4/7: AND Given Roles...&#xD;
  STEP 4/7: AND Given Roles (Passed after 266ms)&#xD;
  STEP 5/7: AND Given HireNeed [staffCount: "0"] [employeesCount: "0"]...&#xD;
  STEP 5/7: AND Given HireNeed [staffCount: "0"] [employeesCount: "0"] (Passed after 808ms)&#xD;
  STEP 6/7: WHEN BatchUpdate [planned: "5"] [fact: "3"]...&#xD;
  STEP 6/7: WHEN BatchUpdate [planned: "5"] [fact: "3"] (Passed after 14s 580ms)&#xD;
  STEP 7/7: THEN Then check that hire need changed [planAfter: "5"] [factAfter: "3"] [isArchivedAfter: "False"]...&#xD;
  STEP 7/7: THEN Then check that hire need changed [planAfter: "5"] [factAfter: "3"] [isArchivedAfter: "False"] (Passed after 48ms)&#xD;
  SCENARIO RESULT: Passed after 20s 696ms</StdOut>
      </Output>
    </UnitTestResult>
    <UnitTestResult executionId="7e6bf9f3-9171-43c9-9c9c-2aebdb778d37" testId="e86ff62e-d287-0803-9d24-0d7e17d7c1fb" testName="Skillaz.Tests.CompanySpecific.Perekrestok.PerekrestokRequestPriority_feature.Calculation_request_priority(supermarketType: &quot;Открывающийся супермаркет&quot;, requestVl: 100, employmentCandidateCount: 0, employmentFinishedCandidateCount: 10, interviewCandidateCount: 0, requestPriority: Low)" computerName="DESKTOP-F6SKA47" duration="00:00:10.1001589" startTime="2021-12-16T16:23:42.8650876+03:00" endTime="2021-12-16T16:23:42.8650947+03:00" testType="13cdc9d9-ddb5-4fa4-a97d-d965ccfc6d4b" outcome="Passed" testListId="8c84fa94-04c1-424b-9868-57a2d4851a1d" relativeResultsDirectory="7e6bf9f3-9171-43c9-9c9c-2aebdb778d37">
      <Output>
        <StdOut>SCENARIO: Calculation request priority [supermarketType: "Открывающийся супермаркет"] [requestVl: "100"] [employmentCandidateCount: "0"] [employmentFinishedCandidateCount: "10"] [interviewCandidateCount: "0"] [requestPriority: "Low"]&#xD;
  STEP 1/6: GIVEN Given a company [companyId: "PerekrestokCompany"]...&#xD;
  STEP 1/6: GIVEN Given a company [companyId: "PerekrestokCompany"] (Passed after 271ms)&#xD;
  STEP 2/6: AND Given the authenticated user...&#xD;
  STEP 2/6: AND Given the authenticated user (Passed after 206ms)&#xD;
  STEP 3/6: AND Given org unit and request for status [requestState: "InWork"] [supermarketType: "Открывающийся супермаркет"] [requestVl: "100"]...&#xD;
  STEP 3/6: AND Given org unit and request for status [requestState: "InWork"] [supermarketType: "Открывающийся супермаркет"] [requestVl: "100"] (Passed after 262ms)&#xD;
  STEP 4/6: AND Given candidates according data and assigned to request [employmentCandidateCount: "0"] [employmentFinishedCandidateCount: "10"] [interviewCandidateCount: "0"]...&#xD;
  STEP 4/6: AND Given candidates according data and assigned to request [employmentCandidateCount: "0"] [employmentFinishedCandidateCount: "10"] [interviewCandidateCount: "0"] (Passed after 94ms)&#xD;
  STEP 5/6: WHEN When calculation priority...&#xD;
  STEP 5/6: WHEN When calculation priority (Passed after 5s 338ms)&#xD;
  STEP 6/6: THEN Then request priority equal [requestPriority: "Low"]...&#xD;
  STEP 6/6: THEN Then request priority equal [requestPriority: "Low"] (Passed after 6ms)&#xD;
  SCENARIO RESULT: Passed after 6s 213ms</StdOut>
      </Output>
    </UnitTestResult>
    <UnitTestResult executionId="6ab90971-a27f-48fc-b1a4-8c4a575d1f31" testId="ea4dea08-ef2c-30db-0a3a-dd7d151c9255" testName="Skillaz.Tests.DocumentModels.BatchDataLoaderContextFeature.BatchDataLoader_корректно_загружает_данные" computerName="DESKTOP-F6SKA47" duration="00:00:02.8903035" startTime="2021-12-16T16:19:08.6496788+03:00" endTime="2021-12-16T16:19:08.6497053+03:00" testType="13cdc9d9-ddb5-4fa4-a97d-d965ccfc6d4b" outcome="Passed" testListId="8c84fa94-04c1-424b-9868-57a2d4851a1d" relativeResultsDirectory="6ab90971-a27f-48fc-b1a4-8c4a575d1f31">
      <Output>
        <StdOut>SCENARIO: BatchDataLoader корректно загружает данные&#xD;
  STEP 1/5: GIVEN a company...&#xD;
  STEP 1/5: GIVEN a company (Passed after 245ms)&#xD;
  STEP 2/5: AND the authenticated user...&#xD;
  STEP 2/5: AND the authenticated user (Passed after 422ms)&#xD;
  STEP 3/5: AND the vacancy in the company...&#xD;
  STEP 3/5: AND the vacancy in the company (Passed after 579ms)&#xD;
  STEP 4/5: Load city and region references...&#xD;
  STEP 4/5: Load city and region references (Passed after 633ms)&#xD;
  STEP 5/5: Загрузить пачку разных документов...&#xD;
  STEP 5/5: Загрузить пачку разных документов (Passed after 862ms)&#xD;
  SCENARIO RESULT: Passed after 2s 757ms</StdOut>
      </Output>
    </UnitTestResult>
    <UnitTestResult executionId="941a8d19-d683-4068-bf0e-c904fb48d392" testId="51551310-b58d-4878-0abb-f5ed80a1987d" testName="Skillaz.Tests.DocumentModels.DocumentModel_feature.Prepare_new_model" computerName="DESKTOP-F6SKA47" duration="00:00:01.8057523" startTime="2021-12-16T16:24:17.9594844+03:00" endTime="2021-12-16T16:24:17.9594861+03:00" testType="13cdc9d9-ddb5-4fa4-a97d-d965ccfc6d4b" outcome="Passed" testListId="8c84fa94-04c1-424b-9868-57a2d4851a1d" relativeResultsDirectory="941a8d19-d683-4068-bf0e-c904fb48d392">
      <Output>
        <StdOut>SCENARIO: Prepare new model&#xD;
  STEP 1/6: GIVEN a company...&#xD;
  STEP 1/6: GIVEN a company (Passed after 170ms)&#xD;
  STEP 2/6: AND the authenticated user...&#xD;
  STEP 2/6: AND the authenticated user (Passed after 572ms)&#xD;
  STEP 3/6: AND the test document model set...&#xD;
  STEP 3/6: AND the test document model set (Passed after 1ms)&#xD;
  STEP 4/6: AND empty model instance...&#xD;
  STEP 4/6: AND empty model instance (Passed after &lt;1ms)&#xD;
  STEP 5/6: WHEN prepare new model is requested...&#xD;
  STEP 5/6: WHEN prepare new model is requested (Passed after 1s 004ms)&#xD;
  STEP 6/6: THEN default values and formulas are calculated...&#xD;
  STEP 6/6: THEN default values and formulas are calculated (Passed after &lt;1ms)&#xD;
  SCENARIO RESULT: Passed after 1s 753ms</StdOut>
      </Output>
    </UnitTestResult>
    <UnitTestResult executionId="66e9b4ac-fa42-462c-89d3-3e96961dc823" testId="019b787c-88b2-9680-3a7b-9251d2235f77" testName="Skillaz.Tests.CompanySpecific.X5.Naumen.NaumenSlaTests.Sla_calculates_correctly_for_next_day(candidateTimeZone: 7, sla: 02:00:00, startDate: 2019-12-31T17:00:00.0000000Z, truth: [NaumenTimeRange { From = &quot;2020-01-01 07:00:00&quot;, To = &quot;2020-01-01 09:00:00&quot; }])" computerName="DESKTOP-F6SKA47" duration="00:00:00.0000352" startTime="2021-12-16T16:16:29.2816891+03:00" endTime="2021-12-16T16:16:29.2816900+03:00" testType="13cdc9d9-ddb5-4fa4-a97d-d965ccfc6d4b" outcome="Passed" testListId="8c84fa94-04c1-424b-9868-57a2d4851a1d" relativeResultsDirectory="66e9b4ac-fa42-462c-89d3-3e96961dc823" />
    <UnitTestResult executionId="55d6791f-5d41-4617-ba5a-1006c91782b6" testId="ec0b23ba-f49b-cbd1-5f2f-f5add733bf94" testName="Skillaz.Tests.Assessment.Scenario_feature.Getting_a_default_scenario" computerName="DESKTOP-F6SKA47" duration="00:00:01.5483503" startTime="2021-12-16T16:22:19.7187874+03:00" endTime="2021-12-16T16:22:19.7187890+03:00" testType="13cdc9d9-ddb5-4fa4-a97d-d965ccfc6d4b" outcome="Passed" testListId="8c84fa94-04c1-424b-9868-57a2d4851a1d" relativeResultsDirectory="55d6791f-5d41-4617-ba5a-1006c91782b6">
      <Output>
        <StdOut>SCENARIO: Getting a default scenario&#xD;
  STEP 1/5: GIVEN a company...&#xD;
  STEP 1/5: GIVEN a company (Passed after 142ms)&#xD;
  STEP 2/5: AND the authenticated user...&#xD;
  STEP 2/5: AND the authenticated user (Passed after 244ms)&#xD;
  STEP 3/5: AND a default scenario...&#xD;
  STEP 3/5: AND a default scenario (Passed after 195ms)&#xD;
  STEP 4/5: WHEN a default scenario is requested...&#xD;
  STEP 4/5: WHEN a default scenario is requested (Passed after 44ms)&#xD;
  STEP 5/5: Scenario should be retrieved...&#xD;
  STEP 5/5: Scenario should be retrieved (Passed after &lt;1ms)&#xD;
  SCENARIO RESULT: Passed after 632ms</StdOut>
      </Output>
    </UnitTestResult>
    <UnitTestResult executionId="ff5390cc-ec3c-4bd5-8bc5-560b5cf3151c" testId="695a69c9-264c-d1c5-2032-535ef4bf39f9" testName="Skillaz.Tests.CompanySpecific.X5.Naumen.NaumenSlaTests.Sla_calculates_correctly_for_split_days(candidateTimeZone: 12, sla: 01:00:00, startDate: 2019-12-31T07:30:00.0000000Z, truth: [NaumenTimeRange { From = &quot;2019-12-31 10:30:00&quot;, To = &quot;2019-12-31 11:00:00&quot; }, NaumenTimeRange { From = &quot;2020-01-01 07:00:00&quot;, To = &quot;2020-01-01 07:30:00&quot; }])" computerName="DESKTOP-F6SKA47" duration="00:00:00.0000430" startTime="2021-12-16T16:16:29.0366670+03:00" endTime="2021-12-16T16:16:29.0366674+03:00" testType="13cdc9d9-ddb5-4fa4-a97d-d965ccfc6d4b" outcome="Passed" testListId="8c84fa94-04c1-424b-9868-57a2d4851a1d" relativeResultsDirectory="ff5390cc-ec3c-4bd5-8bc5-560b5cf3151c" />
    <UnitTestResult executionId="3361afbf-99da-4c4e-b4b4-c236fb7dcb95" testId="34890cdc-0229-f6d3-cfef-6ef9c37cd0c9" testName="Skillaz.Tests.Authorization.AuthLoginWorkflowService_Login_feature.Do_correct_first_time_login_by_username_with_user_expects_password_change" computerName="DESKTOP-F6SKA47" duration="00:00:02.3456422" startTime="2021-12-16T16:22:31.1648492+03:00" endTime="2021-12-16T16:22:31.1648530+03:00" testType="13cdc9d9-ddb5-4fa4-a97d-d965ccfc6d4b" outcome="Passed" testListId="8c84fa94-04c1-424b-9868-57a2d4851a1d" relativeResultsDirectory="3361afbf-99da-4c4e-b4b4-c236fb7dcb95">
      <Output>
        <StdOut>SCENARIO: Do correct first time login by username with user expects password change&#xD;
  STEP 1/4: GIVEN a company...&#xD;
  STEP 1/4: GIVEN a company (Passed after 73ms)&#xD;
  STEP 2/4: AND a user...&#xD;
  STEP 2/4: AND a user (Passed after 226ms)&#xD;
  STEP 3/4: WHEN doing a login "v.pupkin" attempt [password: "strong_Asdasd123asdasd$Asdasd123asdasd$^1"]...&#xD;
  STEP 3/4: WHEN doing a login "v.pupkin" attempt [password: "strong_Asdasd123asdasd$Asdasd123asdasd$^1"] (Passed after 321ms)&#xD;
  STEP 4/4: THEN ensure that password change is required...&#xD;
  STEP 4/4: THEN ensure that password change is required (Passed after 388ms)&#xD;
  SCENARIO RESULT: Passed after 1s 017ms</StdOut>
      </Output>
    </UnitTestResult>
    <UnitTestResult executionId="519896ee-5138-4910-93df-ff4a7a8825d8" testId="9011140b-1eb4-a37b-f9e0-7ef3174ee8f2" testName="Skillaz.Tests.CompanySpecific.X5.X5CandidatesBlockerStore_feature.Should_reset_oldest_security_check_but_not_resolution" computerName="DESKTOP-F6SKA47" duration="00:00:07.1013071" startTime="2021-12-16T16:23:47.0361449+03:00" endTime="2021-12-16T16:23:47.0361558+03:00" testType="13cdc9d9-ddb5-4fa4-a97d-d965ccfc6d4b" outcome="Passed" testListId="8c84fa94-04c1-424b-9868-57a2d4851a1d" relativeResultsDirectory="519896ee-5138-4910-93df-ff4a7a8825d8">
      <Output>
        <StdOut>SCENARIO: Should reset oldest security check but not resolution&#xD;
  STEP 1/5: GIVEN a candidate with funnel and security checks...&#xD;
  STEP 1/5: GIVEN a candidate with funnel and security checks (Passed after 2s 076ms)&#xD;
  STEP 2/5: AND time to reset oldest check...&#xD;
  STEP 2/5: AND time to reset oldest check (Passed after 669ms)&#xD;
  STEP 3/5: WHEN candidates blocking procedure has executed...&#xD;
  STEP 3/5: WHEN candidates blocking procedure has executed (Passed after 3s 554ms)&#xD;
  STEP 4/5: THEN the oldest check is reset...&#xD;
  STEP 4/5: THEN the oldest check is reset (Passed after 426ms)&#xD;
  STEP 5/5: AND resolution is not reset...&#xD;
  STEP 5/5: AND resolution is not reset (Passed after 349ms)&#xD;
  SCENARIO RESULT: Passed after 7s 092ms</StdOut>
      </Output>
    </UnitTestResult>
    <UnitTestResult executionId="d7a33018-1252-48c3-bd03-c077e3ca4e92" testId="019b787c-88b2-9680-3a7b-9251d2235f77" testName="Skillaz.Tests.CompanySpecific.X5.Naumen.NaumenSlaTests.Sla_calculates_correctly_for_next_day(candidateTimeZone: 4, sla: 02:00:00, startDate: 2019-12-31T21:30:00.0000000Z, truth: [NaumenTimeRange { From = &quot;2020-01-01 08:00:00&quot;, To = &quot;2020-01-01 10:00:00&quot; }])" computerName="DESKTOP-F6SKA47" duration="00:00:00.0000821" startTime="2021-12-16T16:16:29.0931036+03:00" endTime="2021-12-16T16:16:29.0931046+03:00" testType="13cdc9d9-ddb5-4fa4-a97d-d965ccfc6d4b" outcome="Passed" testListId="8c84fa94-04c1-424b-9868-57a2d4851a1d" relativeResultsDirectory="d7a33018-1252-48c3-bd03-c077e3ca4e92" />
    <UnitTestResult executionId="58acae7f-5d1d-4772-8c26-b3455fa74431" testId="39bbe88c-a5a1-69b6-0e18-a75bb02edd6c" testName="Skillaz.Tests.CompanySpecific.X5.Naumen.NaumenSlaTests.Sla_calculates_correctly_within_one_day(candidateTimeZone: 3, sla: 07:00:00, startDate: 2019-12-31T10:00:00.0000000Z, truth: [NaumenTimeRange { From = &quot;2019-12-31 13:00:00&quot;, To = &quot;2019-12-31 20:00:00&quot; }])" computerName="DESKTOP-F6SKA47" duration="00:00:00.0000725" startTime="2021-12-16T16:16:28.9019064+03:00" endTime="2021-12-16T16:16:28.9019075+03:00" testType="13cdc9d9-ddb5-4fa4-a97d-d965ccfc6d4b" outcome="Passed" testListId="8c84fa94-04c1-424b-9868-57a2d4851a1d" relativeResultsDirectory="58acae7f-5d1d-4772-8c26-b3455fa74431" />
    <UnitTestResult executionId="01b66504-885e-4b47-9bb6-45f69cc53d6d" testId="a70ccb20-5341-9f11-7f0c-34212fbe87cf" testName="Skillaz.Tests.Request.HireRequestRefsOrgUnitPosition_feature.Switch_hire_request_step" computerName="DESKTOP-F6SKA47" duration="00:00:05.9656671" startTime="2021-12-16T16:29:30.7065814+03:00" endTime="2021-12-16T16:29:30.7065830+03:00" testType="13cdc9d9-ddb5-4fa4-a97d-d965ccfc6d4b" outcome="Passed" testListId="8c84fa94-04c1-424b-9868-57a2d4851a1d" relativeResultsDirectory="01b66504-885e-4b47-9bb6-45f69cc53d6d">
      <Output>
        <StdOut>SCENARIO: Switch hire request step&#xD;
  STEP 1/7: GIVEN Given a company...&#xD;
  STEP 1/7: GIVEN Given a company (Passed after 757ms)&#xD;
  STEP 2/7: AND Given the authenticated user...&#xD;
  STEP 2/7: AND Given the authenticated user (Passed after 389ms)&#xD;
  STEP 3/7: AND Given override client configuration...&#xD;
  STEP 3/7: AND Given override client configuration (Passed after 375ms)&#xD;
  STEP 4/7: AND Given org unit position...&#xD;
  STEP 4/7: AND Given org unit position (Passed after 151ms)&#xD;
  STEP 5/7: AND Given hire request...&#xD;
  STEP 5/7: AND Given hire request (Passed after 212ms)&#xD;
  STEP 6/7: WHEN When switch hire request state...&#xD;
  STEP 6/7: WHEN When switch hire request state (Passed after 2s 919ms)&#xD;
  STEP 7/7: THEN Then the reference to the hire request in then org unit position is correct...&#xD;
  STEP 7/7: THEN Then the reference to the hire request in then org unit position is correct (Passed after 29ms)&#xD;
  SCENARIO RESULT: Passed after 4s 868ms</StdOut>
      </Output>
    </UnitTestResult>
    <UnitTestResult executionId="c8da35b3-3a4d-42e6-9b19-51254767f233" testId="b028be82-03d0-7462-f5b5-37f3904e7a61" testName="Skillaz.Tests.Candidate.RestrictionsVisibilityCandidatesStatuses_feature.User_has_different_visibility_statuses_and_he_cant_see_candidates2" computerName="DESKTOP-F6SKA47" duration="00:00:00.8173010" startTime="2021-12-16T16:26:21.9731264+03:00" endTime="2021-12-16T16:26:21.9731282+03:00" testType="13cdc9d9-ddb5-4fa4-a97d-d965ccfc6d4b" outcome="Passed" testListId="8c84fa94-04c1-424b-9868-57a2d4851a1d" relativeResultsDirectory="c8da35b3-3a4d-42e6-9b19-51254767f233">
      <Output>
        <StdOut>SCENARIO: User has different visibility statuses and he cant see candidates2&#xD;
  STEP 1/4: GIVEN a company [companyId: "testCompany"]...&#xD;
  STEP 1/4: GIVEN a company [companyId: "testCompany"] (Passed after 72ms)&#xD;
  STEP 2/4: AND a candidate with equal funnel and different status...&#xD;
  STEP 2/4: AND a candidate with equal funnel and different status (Passed after 256ms)&#xD;
  STEP 3/4: WHEN CandidateFilterProcessor is filtered...&#xD;
  STEP 3/4: WHEN CandidateFilterProcessor is filtered (Passed after 219ms)&#xD;
  STEP 4/4: It should be no candidates in result...&#xD;
  STEP 4/4: It should be no candidates in result (Passed after &lt;1ms)&#xD;
  SCENARIO RESULT: Passed after 557ms</StdOut>
      </Output>
    </UnitTestResult>
    <UnitTestResult executionId="71c60fdc-e76a-4c49-987a-f92328961989" testId="019b787c-88b2-9680-3a7b-9251d2235f77" testName="Skillaz.Tests.CompanySpecific.X5.Naumen.NaumenSlaTests.Sla_calculates_correctly_for_next_day(candidateTimeZone: 8, sla: 02:00:00, startDate: 2019-12-31T14:00:00.0000000Z, truth: [NaumenTimeRange { From = &quot;2020-01-01 07:00:00&quot;, To = &quot;2020-01-01 09:00:00&quot; }])" computerName="DESKTOP-F6SKA47" duration="00:00:00.0000352" startTime="2021-12-16T16:16:29.2922590+03:00" endTime="2021-12-16T16:16:29.2922594+03:00" testType="13cdc9d9-ddb5-4fa4-a97d-d965ccfc6d4b" outcome="Passed" testListId="8c84fa94-04c1-424b-9868-57a2d4851a1d" relativeResultsDirectory="71c60fdc-e76a-4c49-987a-f92328961989" />
    <UnitTestResult executionId="80a0a5be-424d-4833-b5e9-c4ce4cbfd80d" testId="fc0c87e7-98ef-d0c4-fddc-5a8475cfcbc1" testName="Skillaz.Tests.DocumentModels.DocumentModel_feature.Change_field_in_object_list_item_triggers_update" computerName="DESKTOP-F6SKA47" duration="00:00:03.2307051" startTime="2021-12-16T16:24:18.9718181+03:00" endTime="2021-12-16T16:24:18.9718208+03:00" testType="13cdc9d9-ddb5-4fa4-a97d-d965ccfc6d4b" outcome="Passed" testListId="8c84fa94-04c1-424b-9868-57a2d4851a1d" relativeResultsDirectory="80a0a5be-424d-4833-b5e9-c4ce4cbfd80d">
      <Output>
        <StdOut>SCENARIO: Change field in object list item triggers update&#xD;
  STEP 1/7: GIVEN a company...&#xD;
  STEP 1/7: GIVEN a company (Passed after 150ms)&#xD;
  STEP 2/7: AND the authenticated user...&#xD;
  STEP 2/7: AND the authenticated user (Passed after 194ms)&#xD;
  STEP 3/7: AND the test document model set...&#xD;
  STEP 3/7: AND the test document model set (Passed after 619ms)&#xD;
  STEP 4/7: AND simple test model instance...&#xD;
  STEP 4/7: AND simple test model instance (Passed after 1s 216ms)&#xD;
  STEP 5/7: AND empty model instance...&#xD;
  STEP 5/7: AND empty model instance (Passed after &lt;1ms)&#xD;
  STEP 6/7: WHEN first object list item changed...&#xD;
  STEP 6/7: WHEN first object list item changed (Passed after 243ms)&#xD;
  STEP 7/7: THEN it triggers item handlers update...&#xD;
  STEP 7/7: THEN it triggers item handlers update (Passed after &lt;1ms)&#xD;
  SCENARIO RESULT: Passed after 2s 428ms</StdOut>
      </Output>
    </UnitTestResult>
    <UnitTestResult executionId="d97ab98e-eaa6-4a41-8c83-fe74d5f27036" testId="d82b29d6-a845-5b99-7d4c-77ec17dee196" testName="Skillaz.Tests.CompanySpecific.Mvideo.MvideoAvaliablePositionsRequestWithAdvancedSearch_feature.Check_avaliable_positions_request_with_advanced_search(staffCount: 4, employeesCount: 0, approvedCounts: [7], expected: (3, 4))" computerName="DESKTOP-F6SKA47" duration="00:00:00.0010000" startTime="2021-12-16T16:29:47.7660399+03:00" endTime="2021-12-16T16:29:47.7660450+03:00" testType="13cdc9d9-ddb5-4fa4-a97d-d965ccfc6d4b" outcome="NotExecuted" testListId="8c84fa94-04c1-424b-9868-57a2d4851a1d" relativeResultsDirectory="d97ab98e-eaa6-4a41-8c83-fe74d5f27036">
      <Output>
        <StdOut>Вернуть как только поправим высчитывание заявок на поиск в mvideo</StdOut>
      </Output>
    </UnitTestResult>
    <UnitTestResult executionId="c03dc0dd-be24-4ad4-bfee-8cbf9d8589bb" testId="c97bf28e-a9c6-bb12-19bc-b270e4fbf71c" testName="Skillaz.Tests.Notifications.Workflow.WorkflowNotificationParameters_feature.Attempt_send_email_notification_with_request_display_name_for_request_workflow" computerName="DESKTOP-F6SKA47" duration="00:00:04.5517508" startTime="2021-12-16T16:24:08.0095096+03:00" endTime="2021-12-16T16:24:08.0095122+03:00" testType="13cdc9d9-ddb5-4fa4-a97d-d965ccfc6d4b" outcome="Passed" testListId="8c84fa94-04c1-424b-9868-57a2d4851a1d" relativeResultsDirectory="c03dc0dd-be24-4ad4-bfee-8cbf9d8589bb">
      <Output>
        <StdOut>SCENARIO: Attempt send email notification with request display name for request workflow&#xD;
  STEP 1/8: GIVEN the company with domain...&#xD;
  STEP 1/8: GIVEN the company with domain (Passed after 170ms)&#xD;
  STEP 2/8: AND the authenticated user...&#xD;
  STEP 2/8: AND the authenticated user (Passed after 424ms)&#xD;
  STEP 3/8: AND the workflow schema for request and processing role [requestTypes: "DefaultRequest"]...&#xD;
  STEP 3/8: AND the workflow schema for request and processing role [requestTypes: "DefaultRequest"] (Passed after 311ms)&#xD;
  STEP 4/8: AND the email template "DefaultRequest{{{req_DefaultRequest_DisplayName}}}"...&#xD;
  STEP 4/8: AND the email template "DefaultRequest{{{req_DefaultRequest_DisplayName}}}" (Passed after 141ms)&#xD;
  STEP 5/8: AND the vacancy in the company...&#xD;
  STEP 5/8: AND the vacancy in the company (Passed after 71ms)&#xD;
  STEP 6/8: AND the request [requestId: "61bb3df27f10d6937478d934"] [requestType: "DefaultRequest"]...&#xD;
  STEP 6/8: AND the request [requestId: "61bb3df27f10d6937478d934"] [requestType: "DefaultRequest"] (Passed after 151ms)&#xD;
  STEP 7/8: WHEN workflow switch status [requestId: "61bb3df27f10d6937478d934"]...&#xD;
  STEP 7/8: WHEN workflow switch status [requestId: "61bb3df27f10d6937478d934"] (Passed after 1s 147ms)&#xD;
  STEP 8/8: THEN attempt method send letter contains text "Some Request"...&#xD;
  STEP 8/8: THEN attempt method send letter contains text "Some Request" (Passed after 3ms)&#xD;
  SCENARIO RESULT: Passed after 2s 464ms</StdOut>
      </Output>
    </UnitTestResult>
    <UnitTestResult executionId="74968594-09cc-40f8-a281-eea0de45d073" testId="39bbe88c-a5a1-69b6-0e18-a75bb02edd6c" testName="Skillaz.Tests.CompanySpecific.X5.Naumen.NaumenSlaTests.Sla_calculates_correctly_within_one_day(candidateTimeZone: 10, sla: 04:00:00, startDate: 2019-12-31T06:00:00.0000000Z, truth: [NaumenTimeRange { From = &quot;2019-12-31 09:00:00&quot;, To = &quot;2019-12-31 13:00:00&quot; }])" computerName="DESKTOP-F6SKA47" duration="00:00:00.0000279" startTime="2021-12-16T16:16:29.0368649+03:00" endTime="2021-12-16T16:16:29.0368653+03:00" testType="13cdc9d9-ddb5-4fa4-a97d-d965ccfc6d4b" outcome="Passed" testListId="8c84fa94-04c1-424b-9868-57a2d4851a1d" relativeResultsDirectory="74968594-09cc-40f8-a281-eea0de45d073" />
    <UnitTestResult executionId="d6a6b833-d9c9-48af-bb84-bdd206f77621" testId="019b787c-88b2-9680-3a7b-9251d2235f77" testName="Skillaz.Tests.CompanySpecific.X5.Naumen.NaumenSlaTests.Sla_calculates_correctly_for_next_day(candidateTimeZone: 10, sla: 02:00:00, startDate: 2020-01-01T03:00:00.0000000Z, truth: [NaumenTimeRange { From = &quot;2020-01-01 07:00:00&quot;, To = &quot;2020-01-01 09:00:00&quot; }])" computerName="DESKTOP-F6SKA47" duration="00:00:00.0000310" startTime="2021-12-16T16:16:29.3393926+03:00" endTime="2021-12-16T16:16:29.3393930+03:00" testType="13cdc9d9-ddb5-4fa4-a97d-d965ccfc6d4b" outcome="Passed" testListId="8c84fa94-04c1-424b-9868-57a2d4851a1d" relativeResultsDirectory="d6a6b833-d9c9-48af-bb84-bdd206f77621" />
    <UnitTestResult executionId="e8007c0f-7239-4bc2-8f65-912ff9717795" testId="695a69c9-264c-d1c5-2032-535ef4bf39f9" testName="Skillaz.Tests.CompanySpecific.X5.Naumen.NaumenSlaTests.Sla_calculates_correctly_for_split_days(candidateTimeZone: 2, sla: 04:00:00, startDate: 2019-12-31T16:00:00.0000000Z, truth: [NaumenTimeRange { From = &quot;2019-12-31 19:00:00&quot;, To = &quot;2019-12-31 21:00:00&quot; }, NaumenTimeRange { From = &quot;2020-01-01 10:00:00&quot;, To = &quot;2020-01-01 12:00:00&quot; }])" computerName="DESKTOP-F6SKA47" duration="00:00:00.0000770" startTime="2021-12-16T16:16:28.9134370+03:00" endTime="2021-12-16T16:16:28.9134376+03:00" testType="13cdc9d9-ddb5-4fa4-a97d-d965ccfc6d4b" outcome="Passed" testListId="8c84fa94-04c1-424b-9868-57a2d4851a1d" relativeResultsDirectory="e8007c0f-7239-4bc2-8f65-912ff9717795" />
    <UnitTestResult executionId="ff224dc9-9569-467a-9a91-8b30ba8d71b5" testId="019b787c-88b2-9680-3a7b-9251d2235f77" testName="Skillaz.Tests.CompanySpecific.X5.Naumen.NaumenSlaTests.Sla_calculates_correctly_for_next_day(candidateTimeZone: 4, sla: 02:00:00, startDate: 2019-12-31T16:30:00.0000000Z, truth: [NaumenTimeRange { From = &quot;2020-01-01 08:00:00&quot;, To = &quot;2020-01-01 10:00:00&quot; }])" computerName="DESKTOP-F6SKA47" duration="00:00:00.0000933" startTime="2021-12-16T16:16:29.0867829+03:00" endTime="2021-12-16T16:16:29.0867835+03:00" testType="13cdc9d9-ddb5-4fa4-a97d-d965ccfc6d4b" outcome="Passed" testListId="8c84fa94-04c1-424b-9868-57a2d4851a1d" relativeResultsDirectory="ff224dc9-9569-467a-9a91-8b30ba8d71b5" />
    <UnitTestResult executionId="8462394d-a0e9-40e8-aebb-1a4acfc673c9" testId="f2e1af4c-4bf5-8dd6-584e-799f642704b3" testName="Should get ForbiddenException(jwt: &quot;eyJraWQiOiJoaF92aWRlb19pbnRlcnZpZXdfc2tpbGxheiIsIm&quot;..., wrongReason: &quot;Wrong signature&quot;)" computerName="DESKTOP-F6SKA47" duration="00:00:01.4182538" startTime="2021-12-16T16:29:47.2759829+03:00" endTime="2021-12-16T16:29:47.2759868+03:00" testType="13cdc9d9-ddb5-4fa4-a97d-d965ccfc6d4b" outcome="Passed" testListId="8c84fa94-04c1-424b-9868-57a2d4851a1d" relativeResultsDirectory="8462394d-a0e9-40e8-aebb-1a4acfc673c9" />
    <UnitTestResult executionId="328eb3fa-b146-4df7-b1d0-ca239478ce7b" testId="0ee64665-9e91-5618-4b51-84e625c33f11" testName="Skillaz.Tests.Candidate.RoleRestrictionControllerEndpoints_feature.User_without_restriction_cant_update" computerName="DESKTOP-F6SKA47" duration="00:00:12.1201673" startTime="2021-12-16T16:22:28.9848001+03:00" endTime="2021-12-16T16:22:28.9848033+03:00" testType="13cdc9d9-ddb5-4fa4-a97d-d965ccfc6d4b" outcome="Passed" testListId="8c84fa94-04c1-424b-9868-57a2d4851a1d" relativeResultsDirectory="328eb3fa-b146-4df7-b1d0-ca239478ce7b">
      <Output>
        <StdOut>SCENARIO: User without restriction cant update&#xD;
  STEP 1/4: GIVEN a request body [requestBody: "Skillaz.Candidate.Contract.Company.UpdateCompanyDto"]...&#xD;
  STEP 1/4: GIVEN a request body [requestBody: "Skillaz.Candidate.Contract.Company.UpdateCompanyDto"] (Passed after 3ms)&#xD;
  STEP 2/4: AND a request [method: "POST"] [url: "/api/v1/fake/company"]...&#xD;
  STEP 2/4: AND a request [method: "POST"] [url: "/api/v1/fake/company"] (Passed after 135ms)&#xD;
  STEP 3/4: WHEN send request...&#xD;
  STEP 3/4: WHEN send request (Passed after 11s 764ms)&#xD;
  STEP 4/4: THEN status code is equal [statusCode: "Unauthorized"]...&#xD;
  STEP 4/4: THEN status code is equal [statusCode: "Unauthorized"] (Passed after 86ms)&#xD;
  SCENARIO RESULT: Passed after 12s 078ms</StdOut>
      </Output>
    </UnitTestResult>
    <UnitTestResult executionId="6f97dfeb-8d42-4445-b893-5ce00157647d" testId="6fa4f158-739a-2ef9-fd11-273c7dcd0c24" testName="Генерация ссылки для витрины с фильтрами(key: &quot;/showcase?StatusAfter=2021-03-03T12:02:10&quot;)" computerName="DESKTOP-F6SKA47" duration="00:00:00.1007504" startTime="2021-12-16T16:29:36.2896631+03:00" endTime="2021-12-16T16:29:36.2896653+03:00" testType="13cdc9d9-ddb5-4fa4-a97d-d965ccfc6d4b" outcome="Passed" testListId="8c84fa94-04c1-424b-9868-57a2d4851a1d" relativeResultsDirectory="6f97dfeb-8d42-4445-b893-5ce00157647d" />
    <UnitTestResult executionId="01639b68-19d4-4820-a872-dbea338ff77a" testId="39bbe88c-a5a1-69b6-0e18-a75bb02edd6c" testName="Skillaz.Tests.CompanySpecific.X5.Naumen.NaumenSlaTests.Sla_calculates_correctly_within_one_day(candidateTimeZone: 3, sla: 03:00:00, startDate: 2019-12-31T14:00:00.0000000Z, truth: [NaumenTimeRange { From = &quot;2019-12-31 17:00:00&quot;, To = &quot;2019-12-31 20:00:00&quot; }])" computerName="DESKTOP-F6SKA47" duration="00:00:00.0006124" startTime="2021-12-16T16:16:28.9014489+03:00" endTime="2021-12-16T16:16:28.9014498+03:00" testType="13cdc9d9-ddb5-4fa4-a97d-d965ccfc6d4b" outcome="Passed" testListId="8c84fa94-04c1-424b-9868-57a2d4851a1d" relativeResultsDirectory="01639b68-19d4-4820-a872-dbea338ff77a" />
    <UnitTestResult executionId="56a69347-6300-4f54-a28d-f6fa0ab7fe92" testId="14ba637c-cebd-a008-92e2-d82caf97344f" testName="Skillaz.Tests.DocumentModels.FieldValueComparerTests.BsonValueComparison" computerName="DESKTOP-F6SKA47" duration="00:00:00.0190757" startTime="2021-12-16T16:16:29.7727841+03:00" endTime="2021-12-16T16:16:29.7727864+03:00" testType="13cdc9d9-ddb5-4fa4-a97d-d965ccfc6d4b" outcome="Passed" testListId="8c84fa94-04c1-424b-9868-57a2d4851a1d" relativeResultsDirectory="56a69347-6300-4f54-a28d-f6fa0ab7fe92" />
    <UnitTestResult executionId="3bbb1e48-3680-4e69-84eb-1c6fad79e2b7" testId="019b787c-88b2-9680-3a7b-9251d2235f77" testName="Skillaz.Tests.CompanySpecific.X5.Naumen.NaumenSlaTests.Sla_calculates_correctly_for_next_day(candidateTimeZone: 6, sla: 02:00:00, startDate: 2019-12-31T22:30:00.0000000Z, truth: [NaumenTimeRange { From = &quot;2020-01-01 07:00:00&quot;, To = &quot;2020-01-01 09:00:00&quot; }])" computerName="DESKTOP-F6SKA47" duration="00:00:00.0442632" startTime="2021-12-16T16:16:29.1212166+03:00" endTime="2021-12-16T16:16:29.1212171+03:00" testType="13cdc9d9-ddb5-4fa4-a97d-d965ccfc6d4b" outcome="Passed" testListId="8c84fa94-04c1-424b-9868-57a2d4851a1d" relativeResultsDirectory="3bbb1e48-3680-4e69-84eb-1c6fad79e2b7" />
    <UnitTestResult executionId="c51d23a8-18da-4825-973a-aac9d5f40d95" testId="cd4870e1-7022-01ea-d1b0-4e313e93b0e4" testName="Генерация ссылки для витрины с фильтрами(key: &quot;/showcase?PagingRequest.CurrentPage=2&amp;PagingReques&quot;...)" computerName="DESKTOP-F6SKA47" duration="00:00:00.0012420" startTime="2021-12-16T16:29:36.3172831+03:00" endTime="2021-12-16T16:29:36.3172836+03:00" testType="13cdc9d9-ddb5-4fa4-a97d-d965ccfc6d4b" outcome="Passed" testListId="8c84fa94-04c1-424b-9868-57a2d4851a1d" relativeResultsDirectory="c51d23a8-18da-4825-973a-aac9d5f40d95" />
    <UnitTestResult executionId="3d9e80d4-166b-475c-b823-838772cdb295" testId="c080c2c9-a6c9-a100-96e6-6c58959f3064" testName="Skillaz.Tests.CompanySpecific.Mvideo.MvideoOpenApiBatchRequest_feature.Присутствует_связь_между_городами_и_местами" computerName="DESKTOP-F6SKA47" duration="00:00:05.6518876" startTime="2021-12-16T16:20:23.8998841+03:00" endTime="2021-12-16T16:20:23.8998882+03:00" testType="13cdc9d9-ddb5-4fa4-a97d-d965ccfc6d4b" outcome="Passed" testListId="8c84fa94-04c1-424b-9868-57a2d4851a1d" relativeResultsDirectory="3d9e80d4-166b-475c-b823-838772cdb295">
      <Output>
        <StdOut>SCENARIO: Присутствует связь между городами и местами&#xD;
  STEP 1/7: GIVEN a company...&#xD;
  STEP 1/7: GIVEN a company (Passed after 216ms)&#xD;
  STEP 2/7: AND the authenticated api user...&#xD;
  STEP 2/7: AND the authenticated api user (Passed after 517ms)&#xD;
  STEP 3/7: Дана клиентская конфигурация мвидео...&#xD;
  STEP 3/7: Дана клиентская конфигурация мвидео (Passed after &lt;1ms)&#xD;
  STEP 4/7: Даны роли...&#xD;
  STEP 4/7: Даны роли (Passed after 3ms)&#xD;
  STEP 5/7: Даны орг единицы...&#xD;
  STEP 5/7: Даны орг единицы (Passed after 152ms)&#xD;
  STEP 6/7: Когда подготавливаем данные для загрузки...&#xD;
  STEP 6/7: Когда подготавливаем данные для загрузки (Passed after 3s 286ms)&#xD;
  STEP 7/7: Проверить что существует LocalityId...&#xD;
  STEP 7/7: Проверить что существует LocalityId (Passed after 33ms)&#xD;
  SCENARIO RESULT: Passed after 4s 227ms</StdOut>
      </Output>
    </UnitTestResult>
    <UnitTestResult executionId="a57c14f0-cf60-4fe2-a910-ccd8ccd807a9" testId="4b71fc26-c696-553b-92bf-07d05d95579b" testName="Skillaz.Tests.HH.VrVideoInterview.HHVrCreateCompany_feature.Create_Vr_Company" computerName="DESKTOP-F6SKA47" duration="00:00:26.7384266" startTime="2021-12-16T16:19:15.3374260+03:00" endTime="2021-12-16T16:19:15.3374320+03:00" testType="13cdc9d9-ddb5-4fa4-a97d-d965ccfc6d4b" outcome="Passed" testListId="8c84fa94-04c1-424b-9868-57a2d4851a1d" relativeResultsDirectory="a57c14f0-cf60-4fe2-a910-ccd8ccd807a9">
      <Output>
        <StdOut>SCENARIO: Create Vr Company&#xD;
  STEP 1/12: GIVEN reference vr company...&#xD;
  STEP 1/12: GIVEN reference vr company (Passed after 347ms)&#xD;
  STEP 2/12: AND reference role...&#xD;
  STEP 2/12: AND reference role (Passed after 444ms)&#xD;
  STEP 3/12: AND vr admins...&#xD;
  STEP 3/12: AND vr admins (Passed after 278ms)&#xD;
  STEP 4/12: AND reference templates...&#xD;
  STEP 4/12: AND reference templates (Passed after 446ms)&#xD;
  STEP 5/12: WHEN company creation api request received...&#xD;
  STEP 5/12: WHEN company creation api request received (Passed after 16s 214ms)&#xD;
  STEP 6/12: THEN new vr company is successfully created...&#xD;
  STEP 6/12: THEN new vr company is successfully created (Passed after 418ms)&#xD;
  STEP 7/12: AND new company has vr admins...&#xD;
  STEP 7/12: AND new company has vr admins (Passed after 388ms)&#xD;
  STEP 8/12: AND new company has default role...&#xD;
  STEP 8/12: AND new company has default role (Passed after 487ms)&#xD;
  STEP 9/12: AND new company has default scenario...&#xD;
  STEP 9/12: AND new company has default scenario (Passed after 2s 011ms)&#xD;
  STEP 10/12: AND new company has default video questionnaire...&#xD;
  STEP 10/12: AND new company has default video questionnaire (Passed after 2s 209ms)&#xD;
  STEP 11/12: AND new company has email template...&#xD;
  STEP 11/12: AND new company has email template (Passed after 150ms)&#xD;
  STEP 12/12: AND new company has sms template...&#xD;
  STEP 12/12: AND new company has sms template (Passed after 152ms)&#xD;
  SCENARIO RESULT: Passed after 23s 643ms</StdOut>
      </Output>
    </UnitTestResult>
    <UnitTestResult executionId="6720d2c5-9979-47c0-aee7-430ba4194f44" testId="019b787c-88b2-9680-3a7b-9251d2235f77" testName="Skillaz.Tests.CompanySpecific.X5.Naumen.NaumenSlaTests.Sla_calculates_correctly_for_next_day(candidateTimeZone: 12, sla: 02:00:00, startDate: 2019-12-31T21:30:00.0000000Z, truth: [NaumenTimeRange { From = &quot;2020-01-01 07:00:00&quot;, To = &quot;2020-01-01 09:00:00&quot; }])" computerName="DESKTOP-F6SKA47" duration="00:00:00.0000348" startTime="2021-12-16T16:16:29.3798267+03:00" endTime="2021-12-16T16:16:29.3798273+03:00" testType="13cdc9d9-ddb5-4fa4-a97d-d965ccfc6d4b" outcome="Passed" testListId="8c84fa94-04c1-424b-9868-57a2d4851a1d" relativeResultsDirectory="6720d2c5-9979-47c0-aee7-430ba4194f44" />
    <UnitTestResult executionId="88daa3de-0448-4b7f-8c96-0b46bf2882a2" testId="84e3e532-d2d1-70a3-d162-46fd831e3ad7" testName="Skillaz.Tests.Configurator.ConfiguratorEditorApiCellTests.Установка_и_удаление_статуса_встречи" computerName="DESKTOP-F6SKA47" duration="00:00:20.4252329" startTime="2021-12-16T16:29:33.7215673+03:00" endTime="2021-12-16T16:29:33.7215693+03:00" testType="13cdc9d9-ddb5-4fa4-a97d-d965ccfc6d4b" outcome="Passed" testListId="8c84fa94-04c1-424b-9868-57a2d4851a1d" relativeResultsDirectory="88daa3de-0448-4b7f-8c96-0b46bf2882a2">
      <Output>
        <StdOut>SCENARIO: Установка и удаление статуса встречи&#xD;
  STEP 1/9: GIVEN a company...&#xD;
  STEP 1/9: GIVEN a company (Passed after 1s 063ms)&#xD;
  STEP 2/9: AND the authenticated user...&#xD;
  STEP 2/9: AND the authenticated user (Passed after 848ms)&#xD;
  STEP 3/9: Выдать пользователю нужные права...&#xD;
  STEP 3/9: Выдать пользователю нужные права (Passed after 1ms)&#xD;
  STEP 4/9: Получить воронку в конфигураторе без черновика...&#xD;
  STEP 4/9: Получить воронку в конфигураторе без черновика (Passed after 538ms)&#xD;
  STEP 5/9: Получить модель для редактирования ячейки параметры...&#xD;
  STEP 5/9: Получить модель для редактирования ячейки параметры (Passed after 4s 084ms)&#xD;
  STEP 6/9: Установить встречу...&#xD;
  STEP 6/9: Установить встречу (Passed after 10s 348ms)&#xD;
  STEP 7/9: Проверить что встреча добавилась...&#xD;
  STEP 7/9: Проверить что встреча добавилась (Passed after 1s 307ms)&#xD;
  STEP 8/9: Удалить встречу...&#xD;
  STEP 8/9: Удалить встречу (Passed after 638ms)&#xD;
  STEP 9/9: Проверить что встреча удалилась...&#xD;
  STEP 9/9: Проверить что встреча удалилась (Passed after 852ms)&#xD;
  SCENARIO RESULT: Passed after 19s 919ms</StdOut>
      </Output>
    </UnitTestResult>
    <UnitTestResult executionId="f9d2e058-6676-44d3-b7b5-57a6e608b372" testId="ea632925-6b24-3571-fb06-a55a7b79609c" testName="Skillaz.Tests.Candidate.RoleRestrictionChangingCandidateStatus_feature.User_has_claim_and_can_force_change_status" computerName="DESKTOP-F6SKA47" duration="00:00:10.7719308" startTime="2021-12-16T16:19:22.9205891+03:00" endTime="2021-12-16T16:19:22.9205944+03:00" testType="13cdc9d9-ddb5-4fa4-a97d-d965ccfc6d4b" outcome="Passed" testListId="8c84fa94-04c1-424b-9868-57a2d4851a1d" relativeResultsDirectory="f9d2e058-6676-44d3-b7b5-57a6e608b372">
      <Output>
        <StdOut>SCENARIO: User has claim and can force change status&#xD;
  STEP 1/8: GIVEN a company [companyId: "testCompany"]...&#xD;
  STEP 1/8: GIVEN a company [companyId: "testCompany"] (Passed after 771ms)&#xD;
  STEP 2/8: AND the authenticated user...&#xD;
  STEP 2/8: AND the authenticated user (Passed after 784ms)&#xD;
  STEP 3/8: Set admin restrictions...&#xD;
  STEP 3/8: Set admin restrictions (Passed after 2ms)&#xD;
  STEP 4/8: GIVEN a vacancy...&#xD;
  STEP 4/8: GIVEN a vacancy (Passed after 383ms)&#xD;
  STEP 5/8: AND a candidate...&#xD;
  STEP 5/8: AND a candidate (Passed after 1s 155ms)&#xD;
  STEP 6/8: AND MassCandidatesStatusDto with force...&#xD;
  STEP 6/8: AND MassCandidatesStatusDto with force (Passed after &lt;1ms)&#xD;
  STEP 7/8: WHEN status change...&#xD;
  STEP 7/8: WHEN status change (Passed after 6s 447ms)&#xD;
  STEP 8/8: THEN Candidate has forced status...&#xD;
  STEP 8/8: THEN Candidate has forced status (Passed after 126ms)&#xD;
  SCENARIO RESULT: Passed after 9s 696ms</StdOut>
      </Output>
    </UnitTestResult>
    <UnitTestResult executionId="7bd22c6e-a0af-434d-88d8-a44189c6c350" testId="11667fb1-7347-0185-ef2c-ec22123118ea" testName="Skillaz.Tests.Users.RoleCandidateFilterService_feature.RoleCandidateFilterService" computerName="DESKTOP-F6SKA47" duration="00:00:03.9572964" startTime="2021-12-16T16:24:48.2553862+03:00" endTime="2021-12-16T16:24:48.2553886+03:00" testType="13cdc9d9-ddb5-4fa4-a97d-d965ccfc6d4b" outcome="Passed" testListId="8c84fa94-04c1-424b-9868-57a2d4851a1d" relativeResultsDirectory="7bd22c6e-a0af-434d-88d8-a44189c6c350">
      <Output>
        <StdOut>SCENARIO: RoleCandidateFilterService&#xD;
  STEP 1/7: GIVEN Given a company...&#xD;
  STEP 1/7: GIVEN Given a company (Passed after 238ms)&#xD;
  STEP 2/7: AND Given Roles...&#xD;
  STEP 2/7: AND Given Roles (Passed after 34ms)&#xD;
  STEP 3/7: AND Given a funnel...&#xD;
  STEP 3/7: AND Given a funnel (Passed after 151ms)&#xD;
  STEP 4/7: AND Given the authenticated user...&#xD;
  STEP 4/7: AND Given the authenticated user (Passed after 235ms)&#xD;
  STEP 5/7: AND Given a candidates...&#xD;
  STEP 5/7: AND Given a candidates (Passed after 180ms)&#xD;
  STEP 6/7: WHEN When GetCandidatesShowcase...&#xD;
  STEP 6/7: WHEN When GetCandidatesShowcase (Passed after 2s 432ms)&#xD;
  STEP 7/7: THEN Then CandidatesOnlyHH...&#xD;
  STEP 7/7: THEN Then CandidatesOnlyHH (Passed after 64ms)&#xD;
  SCENARIO RESULT: Passed after 3s 416ms</StdOut>
      </Output>
    </UnitTestResult>
    <UnitTestResult executionId="7f8b3a7a-45df-4aac-b198-27d65a19b08e" testId="805aa405-cfbc-0051-d920-b097d0b24f3e" testName="Skillaz.Tests.TaskTracker.TaskDashboardController_feature.OpenTask(assigneeUser: null, status: TaskIsCompleted, addHours: -1, taskStatus: Finished)" computerName="DESKTOP-F6SKA47" duration="00:00:17.5694810" startTime="2021-12-16T16:30:04.9148394+03:00" endTime="2021-12-16T16:30:04.9148397+03:00" testType="13cdc9d9-ddb5-4fa4-a97d-d965ccfc6d4b" outcome="Passed" testListId="8c84fa94-04c1-424b-9868-57a2d4851a1d" relativeResultsDirectory="7f8b3a7a-45df-4aac-b198-27d65a19b08e">
      <Output>
        <StdOut>SCENARIO: OpenTask [assigneeUser: "&lt;null&gt;"] [status: "TaskIsCompleted"] [addHours: "-1"] [taskStatus: "Finished"]&#xD;
  STEP 1/9: GIVEN Given a company...&#xD;
  STEP 1/9: GIVEN Given a company (Passed after 270ms)&#xD;
  STEP 2/9: AND Given a client configuration...&#xD;
  STEP 2/9: AND Given a client configuration (Passed after 3ms)&#xD;
  STEP 3/9: AND Given the authenticated user...&#xD;
  STEP 3/9: AND Given the authenticated user (Passed after 4s 149ms)&#xD;
  STEP 4/9: AND Given a user...&#xD;
  STEP 4/9: AND Given a user (Passed after 2s 124ms)&#xD;
  STEP 5/9: AND Given a funnel...&#xD;
  STEP 5/9: AND Given a funnel (Passed after 146ms)&#xD;
  STEP 6/9: AND Given a candidate...&#xD;
  STEP 6/9: AND Given a candidate (Passed after 2s 137ms)&#xD;
  STEP 7/9: AND Given a tasks open [assigneeUser: "&lt;null&gt;"] [activationTime: "12/16/2021 15:29:47"] [taskStatus: "Finished"]...&#xD;
  STEP 7/9: AND Given a tasks open [assigneeUser: "&lt;null&gt;"] [activationTime: "12/16/2021 15:29:47"] [taskStatus: "Finished"] (Passed after 157ms)&#xD;
  STEP 8/9: WHEN When OpenTask...&#xD;
  STEP 8/9: WHEN When OpenTask (Passed after 825ms)&#xD;
  STEP 9/9: THEN Then OpenTask OpenTaskResponse [status: "TaskIsCompleted"]...&#xD;
  STEP 9/9: THEN Then OpenTask OpenTaskResponse [status: "TaskIsCompleted"] (Passed after 213ms)&#xD;
  SCENARIO RESULT: Passed after 10s 069ms</StdOut>
      </Output>
    </UnitTestResult>
    <UnitTestResult executionId="e02bd4c1-140d-48c8-8645-7d9b6382ecf5" testId="7632095f-3893-026d-cc75-621b9c7c268a" testName="Skillaz.Tests.CompanySpecific.Decathlon.DecathlonCheckMiddleNameAndCitizenshipIsFilledTrigger_feature.MiddleName_is_null_or_empty(middleName: &quot;&quot;)" computerName="DESKTOP-F6SKA47" duration="00:00:08.0405698" startTime="2021-12-16T16:30:04.9148135+03:00" endTime="2021-12-16T16:30:04.9148137+03:00" testType="13cdc9d9-ddb5-4fa4-a97d-d965ccfc6d4b" outcome="Passed" testListId="8c84fa94-04c1-424b-9868-57a2d4851a1d" relativeResultsDirectory="e02bd4c1-140d-48c8-8645-7d9b6382ecf5">
      <Output>
        <StdOut>SCENARIO: MiddleName "" is null or empty&#xD;
  STEP 1/6: GIVEN a company [companyId: "decathlonCompany"]...&#xD;
  STEP 1/6: GIVEN a company [companyId: "decathlonCompany"] (Passed after 76ms)&#xD;
  STEP 2/6: AND the authenticated admin user...&#xD;
  STEP 2/6: AND the authenticated admin user (Passed after 255ms)&#xD;
  STEP 3/6: AND the vacancy in the company...&#xD;
  STEP 3/6: AND the vacancy in the company (Passed after 164ms)&#xD;
  STEP 4/6: AND a candidate [middleName: ""] [citizenship: "Russia"]...&#xD;
  STEP 4/6: AND a candidate [middleName: ""] [citizenship: "Russia"] (Passed after 335ms)&#xD;
  STEP 5/6: WHEN trigger executed...&#xD;
  STEP 5/6: WHEN trigger executed (Passed after 4ms)&#xD;
  STEP 6/6: THEN exception thrown...&#xD;
  STEP 6/6: THEN exception thrown (Passed after &lt;1ms)&#xD;
  SCENARIO RESULT: Passed after 909ms</StdOut>
      </Output>
    </UnitTestResult>
    <UnitTestResult executionId="b447da97-628c-45f5-a511-1c5dccf0c6d9" testId="9f1ab568-fe5c-ae97-03f5-9fdba4d6e5c1" testName="Skillaz.Tests.Assessment.Interviews.QuizInterview_feature.Retry_quiz_interview_step_questionnaire" computerName="DESKTOP-F6SKA47" duration="00:00:11.8775919" startTime="2021-12-16T16:29:14.6357194+03:00" endTime="2021-12-16T16:29:14.6357237+03:00" testType="13cdc9d9-ddb5-4fa4-a97d-d965ccfc6d4b" outcome="Passed" testListId="8c84fa94-04c1-424b-9868-57a2d4851a1d" relativeResultsDirectory="b447da97-628c-45f5-a511-1c5dccf0c6d9">
      <Output>
        <StdOut>SCENARIO: Retry quiz interview step questionnaire&#xD;
  STEP 1/4: GIVEN a candidate in a vacancy in a company...&#xD;
  STEP 1/4: GIVEN a candidate in a vacancy in a company (Passed after 2s 035ms)&#xD;
  STEP 2/4: AND the auto score interview with multiple attempts questionnaire...&#xD;
  STEP 2/4: AND the auto score interview with multiple attempts questionnaire (Passed after 2s 542ms)&#xD;
  STEP 3/4: WHEN quiz interview answers are set...&#xD;
  STEP 3/4: WHEN quiz interview answers are set (Passed after 4s 785ms)&#xD;
  STEP 4/4: THEN new attempt for questionnaire was created...&#xD;
  STEP 4/4: THEN new attempt for questionnaire was created (Passed after 1s 168ms)&#xD;
  SCENARIO RESULT: Passed after 10s 692ms</StdOut>
      </Output>
    </UnitTestResult>
    <UnitTestResult executionId="b055b1cd-711b-4f76-a79c-1a877e71f126" testId="019b787c-88b2-9680-3a7b-9251d2235f77" testName="Skillaz.Tests.CompanySpecific.X5.Naumen.NaumenSlaTests.Sla_calculates_correctly_for_next_day(candidateTimeZone: 11, sla: 02:00:00, startDate: 2019-12-31T11:00:00.0000000Z, truth: [NaumenTimeRange { From = &quot;2020-01-01 07:00:00&quot;, To = &quot;2020-01-01 09:00:00&quot; }])" computerName="DESKTOP-F6SKA47" duration="00:00:00.0000409" startTime="2021-12-16T16:16:29.3564048+03:00" endTime="2021-12-16T16:16:29.3564052+03:00" testType="13cdc9d9-ddb5-4fa4-a97d-d965ccfc6d4b" outcome="Passed" testListId="8c84fa94-04c1-424b-9868-57a2d4851a1d" relativeResultsDirectory="b055b1cd-711b-4f76-a79c-1a877e71f126" />
    <UnitTestResult executionId="a33bb736-80cd-4714-b2fe-af2c59972e0b" testId="3348568e-0342-732d-589e-f0fdfbd83a04" testName="Skillaz.Tests.OpenApi.CheckApi.CreateCheck_feature.Check_candidate_created_and_fill" computerName="DESKTOP-F6SKA47" duration="00:00:15.4748236" startTime="2021-12-16T16:29:23.4919999+03:00" endTime="2021-12-16T16:29:23.4920030+03:00" testType="13cdc9d9-ddb5-4fa4-a97d-d965ccfc6d4b" outcome="Passed" testListId="8c84fa94-04c1-424b-9868-57a2d4851a1d" relativeResultsDirectory="a33bb736-80cd-4714-b2fe-af2c59972e0b">
      <Output>
        <StdOut>SCENARIO: Check candidate created and fill&#xD;
  STEP 1/12: GIVEN a company...&#xD;
  STEP 1/12: GIVEN a company (Passed after 717ms)&#xD;
  STEP 2/12: AND the authenticated user...&#xD;
  STEP 2/12: AND the authenticated user (Passed after 1s 045ms)&#xD;
  STEP 3/12: AND the vacancy in the company...&#xD;
  STEP 3/12: AND the vacancy in the company (Passed after 320ms)&#xD;
  STEP 4/12: AND client configuration with check workflow and model...&#xD;
  STEP 4/12: AND client configuration with check workflow and model (Passed after 5s 702ms)&#xD;
  STEP 5/12: AND a candidate...&#xD;
  STEP 5/12: AND a candidate (Passed after 542ms)&#xD;
  STEP 6/12: AND a check...&#xD;
  STEP 6/12: AND a check (Passed after 239ms)&#xD;
  STEP 7/12: AND funnel with check configuration which allows multiple run...&#xD;
  STEP 7/12: AND funnel with check configuration which allows multiple run (Passed after 466ms)&#xD;
  STEP 8/12: WHEN check create and fill...&#xD;
  STEP 8/12: WHEN check create and fill (Passed after 4s 946ms)&#xD;
  STEP 9/12: THEN candidate contains check...&#xD;
  STEP 9/12: THEN candidate contains check (Passed after 6ms)&#xD;
  STEP 10/12: AND contains check in db...&#xD;
  STEP 10/12: AND contains check in db (Passed after 257ms)&#xD;
  STEP 11/12: AND check fill in db...&#xD;
  STEP 11/12: AND check fill in db (Passed after 452ms)&#xD;
  STEP 12/12: AND check fill result...&#xD;
  STEP 12/12: AND check fill result (Passed after 48ms)&#xD;
  SCENARIO RESULT: Passed after 14s 789ms</StdOut>
      </Output>
    </UnitTestResult>
    <UnitTestResult executionId="4b8961d3-1425-409e-ae57-212a0fd141dc" testId="4cfe41ed-bf27-df84-55cc-39cfde35c987" testName="Skillaz.Tests.BJ.BJApiClient_feature.BJ_API_client_creates_with_valid_authorization" computerName="DESKTOP-F6SKA47" duration="00:00:06.2388337" startTime="2021-12-16T16:27:45.2789062+03:00" endTime="2021-12-16T16:27:45.2789086+03:00" testType="13cdc9d9-ddb5-4fa4-a97d-d965ccfc6d4b" outcome="Passed" testListId="8c84fa94-04c1-424b-9868-57a2d4851a1d" relativeResultsDirectory="4b8961d3-1425-409e-ae57-212a0fd141dc">
      <Output>
        <StdOut>SCENARIO: BJ API client creates with valid authorization&#xD;
  STEP 1/5: GIVEN a company...&#xD;
  STEP 1/5: GIVEN a company (Passed after 664ms)&#xD;
  STEP 2/5: AND the authenticated user...&#xD;
  STEP 2/5: AND the authenticated user (Passed after 1s 245ms)&#xD;
  STEP 3/5: AND valid bj account...&#xD;
  STEP 3/5: AND valid bj account (Passed after 868ms)&#xD;
  STEP 4/5: WHEN api client is requested...&#xD;
  STEP 4/5: WHEN api client is requested (Passed after 3s 306ms)&#xD;
  STEP 5/5: THEN api client is successfully created...&#xD;
  STEP 5/5: THEN api client is successfully created (Passed after &lt;1ms)&#xD;
  SCENARIO RESULT: Passed after 6s 096ms</StdOut>
      </Output>
    </UnitTestResult>
    <UnitTestResult executionId="95d395ca-011e-4b5d-bf35-a6b9297b22bb" testId="39bbe88c-a5a1-69b6-0e18-a75bb02edd6c" testName="Skillaz.Tests.CompanySpecific.X5.Naumen.NaumenSlaTests.Sla_calculates_correctly_within_one_day(candidateTimeZone: 3, sla: 04:00:00, startDate: 2019-12-31T13:00:00.0000000Z, truth: [NaumenTimeRange { From = &quot;2019-12-31 16:00:00&quot;, To = &quot;2019-12-31 20:00:00&quot; }])" computerName="DESKTOP-F6SKA47" duration="00:00:00.0000766" startTime="2021-12-16T16:16:28.9015564+03:00" endTime="2021-12-16T16:16:28.9015587+03:00" testType="13cdc9d9-ddb5-4fa4-a97d-d965ccfc6d4b" outcome="Passed" testListId="8c84fa94-04c1-424b-9868-57a2d4851a1d" relativeResultsDirectory="95d395ca-011e-4b5d-bf35-a6b9297b22bb" />
    <UnitTestResult executionId="ead831c9-f4f9-4fa0-b5ff-5a279bba4bba" testId="019b787c-88b2-9680-3a7b-9251d2235f77" testName="Skillaz.Tests.CompanySpecific.X5.Naumen.NaumenSlaTests.Sla_calculates_correctly_for_next_day(candidateTimeZone: 7, sla: 02:00:00, startDate: 2020-01-01T02:30:00.0000000Z, truth: [NaumenTimeRange { From = &quot;2020-01-01 07:00:00&quot;, To = &quot;2020-01-01 09:00:00&quot; }])" computerName="DESKTOP-F6SKA47" duration="00:00:00.0000341" startTime="2021-12-16T16:16:29.2898720+03:00" endTime="2021-12-16T16:16:29.2898725+03:00" testType="13cdc9d9-ddb5-4fa4-a97d-d965ccfc6d4b" outcome="Passed" testListId="8c84fa94-04c1-424b-9868-57a2d4851a1d" relativeResultsDirectory="ead831c9-f4f9-4fa0-b5ff-5a279bba4bba" />
    <UnitTestResult executionId="feecae28-b423-4656-b844-f96c16910aba" testId="7e00d088-bc3e-83ba-22a7-adc2edde9728" testName="Skillaz.Tests.CompanySpecific.X5.X5OrgUnitsTypeProcessing_feature.Problem_category_is_fifteen_percent_of_full_oe_list_when_all_orgunit_without_dm" computerName="DESKTOP-F6SKA47" duration="00:00:00.0010000" startTime="2021-12-16T16:23:39.2907281+03:00" endTime="2021-12-16T16:23:39.2907301+03:00" testType="13cdc9d9-ddb5-4fa4-a97d-d965ccfc6d4b" outcome="NotExecuted" testListId="8c84fa94-04c1-424b-9868-57a2d4851a1d" relativeResultsDirectory="feecae28-b423-4656-b844-f96c16910aba">
      <Output>
        <StdOut>Restore test later</StdOut>
      </Output>
    </UnitTestResult>
    <UnitTestResult executionId="c9a42cc8-5e1f-49f0-9cd3-417471a3dcd8" testId="cb54982a-13bf-7291-97d8-11c3796800b3" testName="Skillaz.Tests.Assessment.Questionnaires.TalentQQuestionnaire_feature.Updating_a_questionnaire" computerName="DESKTOP-F6SKA47" duration="00:00:09.1735828" startTime="2021-12-16T16:19:15.2994180+03:00" endTime="2021-12-16T16:19:15.2994234+03:00" testType="13cdc9d9-ddb5-4fa4-a97d-d965ccfc6d4b" outcome="Passed" testListId="8c84fa94-04c1-424b-9868-57a2d4851a1d" relativeResultsDirectory="c9a42cc8-5e1f-49f0-9cd3-417471a3dcd8">
      <Output>
        <StdOut>SCENARIO: Updating a questionnaire&#xD;
  STEP 1/5: GIVEN a company...&#xD;
  STEP 1/5: GIVEN a company (Passed after 451ms)&#xD;
  STEP 2/5: AND the authenticated user...&#xD;
  STEP 2/5: AND the authenticated user (Passed after 1s 067ms)&#xD;
  STEP 3/5: AND the questionnaire...&#xD;
  STEP 3/5: AND the questionnaire (Passed after 2s 192ms)&#xD;
  STEP 4/5: WHEN questionnaire is updated...&#xD;
  STEP 4/5: WHEN questionnaire is updated (Passed after 3s 956ms)&#xD;
  STEP 5/5: Questionnaire should be updated...&#xD;
  STEP 5/5: Questionnaire should be updated (Passed after 154ms)&#xD;
  SCENARIO RESULT: Passed after 7s 840ms</StdOut>
      </Output>
    </UnitTestResult>
    <UnitTestResult executionId="ad991115-a6ce-4632-9cd3-9d1e47031eb3" testId="a90e0b10-43c2-746f-35ac-11beda9d0458" testName="Skillaz.Tests.OrgUnit.GetOrgUnitWithHierarchyIsAvailable_feature.Parent_and_child_org_units_are_not_available" computerName="DESKTOP-F6SKA47" duration="00:00:02.5896440" startTime="2021-12-16T16:21:35.1465000+03:00" endTime="2021-12-16T16:21:35.1465027+03:00" testType="13cdc9d9-ddb5-4fa4-a97d-d965ccfc6d4b" outcome="Passed" testListId="8c84fa94-04c1-424b-9868-57a2d4851a1d" relativeResultsDirectory="ad991115-a6ce-4632-9cd3-9d1e47031eb3">
      <Output>
        <StdOut>SCENARIO: Parent and child org units are not available&#xD;
  STEP 1/6: GIVEN a company...&#xD;
  STEP 1/6: GIVEN a company (Passed after 337ms)&#xD;
  STEP 2/6: AND company configuration with security filter for org unit document [allOrgUnitsAreVisible: "False"]...&#xD;
  STEP 2/6: AND company configuration with security filter for org unit document [allOrgUnitsAreVisible: "False"] (Passed after 2ms)&#xD;
  STEP 3/6: AND the user with security profile...&#xD;
  STEP 3/6: AND the user with security profile (Passed after 804ms)&#xD;
  STEP 4/6: AND the org unit with hierarchy...&#xD;
  STEP 4/6: AND the org unit with hierarchy (Passed after 255ms)&#xD;
  STEP 5/6: WHEN getting org unit with hierarchy...&#xD;
  STEP 5/6: WHEN getting org unit with hierarchy (Passed after 937ms)&#xD;
  STEP 6/6: THEN org units are not available...&#xD;
  STEP 6/6: THEN org units are not available (Passed after &lt;1ms)&#xD;
  SCENARIO RESULT: Passed after 2s 399ms</StdOut>
      </Output>
    </UnitTestResult>
    <UnitTestResult executionId="e95976cd-f3c0-46c7-9717-05c30974b7d6" testId="019b787c-88b2-9680-3a7b-9251d2235f77" testName="Skillaz.Tests.CompanySpecific.X5.Naumen.NaumenSlaTests.Sla_calculates_correctly_for_next_day(candidateTimeZone: 12, sla: 02:00:00, startDate: 2019-12-31T20:30:00.0000000Z, truth: [NaumenTimeRange { From = &quot;2020-01-01 07:00:00&quot;, To = &quot;2020-01-01 09:00:00&quot; }])" computerName="DESKTOP-F6SKA47" duration="00:00:00.0000309" startTime="2021-12-16T16:16:29.3796977+03:00" endTime="2021-12-16T16:16:29.3796983+03:00" testType="13cdc9d9-ddb5-4fa4-a97d-d965ccfc6d4b" outcome="Passed" testListId="8c84fa94-04c1-424b-9868-57a2d4851a1d" relativeResultsDirectory="e95976cd-f3c0-46c7-9717-05c30974b7d6" />
    <UnitTestResult executionId="fef02c06-abf8-41c3-ba1b-d3b07de5364e" testId="8840492e-a0f1-9bf0-67bf-089252349c5f" testName="Skillaz.Tests.CompanySpecific.Avilon.AvilonHHNegotiations_feature.Check_Candidate_Comment_After_Dublicate_Candidate_in_HH_InExistsVacancy" computerName="DESKTOP-F6SKA47" duration="00:00:05.4077786" startTime="2021-12-16T16:26:04.7368934+03:00" endTime="2021-12-16T16:26:04.7368964+03:00" testType="13cdc9d9-ddb5-4fa4-a97d-d965ccfc6d4b" outcome="Passed" testListId="8c84fa94-04c1-424b-9868-57a2d4851a1d" relativeResultsDirectory="fef02c06-abf8-41c3-ba1b-d3b07de5364e">
      <Output>
        <StdOut>SCENARIO: Check Candidate Comment After Dublicate Candidate in HH InExistsVacancy&#xD;
  STEP 1/5: GIVEN Given a candidate in a vacancy in a company [makeCompany: "System.Func`1[Skillaz.Candidate.Contract.LegacyCompany.LegacyCompanyDocument]"]...&#xD;
  STEP 1/5: GIVEN Given a candidate in a vacancy in a company [makeCompany: "System.Func`1[Skillaz.Candidate.Contract.LegacyCompany.LegacyCompanyDocument]"] (Passed after 241ms)&#xD;
  STEP 2/5: AND Given the user...&#xD;
  STEP 2/5: AND Given the user (Passed after 447ms)&#xD;
  STEP 3/5: AND Given set candidate info exist vacancy candidate...&#xD;
  STEP 3/5: AND Given set candidate info exist vacancy candidate (Passed after 287ms)&#xD;
  STEP 4/5: WHEN When HH NegotiationCallbackCalled...&#xD;
  STEP 4/5: WHEN When HH NegotiationCallbackCalled (Passed after 3s 902ms)&#xD;
  STEP 5/5: THEN Then check candidate...&#xD;
  STEP 5/5: THEN Then check candidate (Passed after 259ms)&#xD;
  SCENARIO RESULT: Passed after 5s 150ms</StdOut>
      </Output>
    </UnitTestResult>
    <UnitTestResult executionId="42a79832-166a-47c0-80a7-e06235a94d56" testId="172e591b-f9e3-8414-8fff-ea2d9778a0f5" testName="Skillaz.Tests.HH.HHNegotiations_feature.NegotiationId_saved_in_FirstSource" computerName="DESKTOP-F6SKA47" duration="00:00:23.3147376" startTime="2021-12-16T16:24:41.4207428+03:00" endTime="2021-12-16T16:24:41.4207444+03:00" testType="13cdc9d9-ddb5-4fa4-a97d-d965ccfc6d4b" outcome="Passed" testListId="8c84fa94-04c1-424b-9868-57a2d4851a1d" relativeResultsDirectory="42a79832-166a-47c0-80a7-e06235a94d56">
      <Output>
        <StdOut>SCENARIO: NegotiationId saved in FirstSource&#xD;
  STEP 1/6: GIVEN a company...&#xD;
  STEP 1/6: GIVEN a company (Passed after 174ms)&#xD;
  STEP 2/6: AND the vacancy in the company...&#xD;
  STEP 2/6: AND the vacancy in the company (Passed after 335ms)&#xD;
  STEP 3/6: AND hh vacancy...&#xD;
  STEP 3/6: AND hh vacancy (Passed after 255ms)&#xD;
  STEP 4/6: AND a candidate...&#xD;
  STEP 4/6: AND a candidate (Passed after 335ms)&#xD;
  STEP 5/6: WHEN negotiations are loaded...&#xD;
  STEP 5/6: WHEN negotiations are loaded (Passed after 20s 332ms)&#xD;
  STEP 6/6: THEN candidate have NegotiationId in FirstSource...&#xD;
  STEP 6/6: THEN candidate have NegotiationId in FirstSource (Passed after 55ms)&#xD;
  SCENARIO RESULT: Passed after 21s 491ms</StdOut>
      </Output>
    </UnitTestResult>
    <UnitTestResult executionId="c497e22e-9b34-4ecc-9ad2-2bcae94fdbd2" testId="7942feed-13b0-cbff-415c-7c19ab9334ac" testName="Skillaz.Tests.Configurator.ConfigurationManager.ConfigurationImportExport_feature.Get_configurations_feature" computerName="DESKTOP-F6SKA47" duration="00:00:21.6171306" startTime="2021-12-16T16:19:32.8873400+03:00" endTime="2021-12-16T16:19:32.8873423+03:00" testType="13cdc9d9-ddb5-4fa4-a97d-d965ccfc6d4b" outcome="Passed" testListId="8c84fa94-04c1-424b-9868-57a2d4851a1d" relativeResultsDirectory="c497e22e-9b34-4ecc-9ad2-2bcae94fdbd2">
      <Output>
        <StdOut>SCENARIO: Get configurations feature&#xD;
  STEP 1/7: GIVEN a company...&#xD;
  STEP 1/7: GIVEN a company (Passed after 93ms)&#xD;
  STEP 2/7: AND the authenticated user...&#xD;
  STEP 2/7: AND the authenticated user (Passed after 148ms)&#xD;
  STEP 3/7: Выдать пользователю нужные права...&#xD;
  STEP 3/7: Выдать пользователю нужные права (Passed after &lt;1ms)&#xD;
  STEP 4/7: Получить воронку в конфигураторе с черновиком...&#xD;
  STEP 4/7: Получить воронку в конфигураторе с черновиком (Passed after 76ms)&#xD;
  STEP 5/7: GIVEN dependencies...&#xD;
  STEP 5/7: GIVEN dependencies (Passed after 273ms)&#xD;
  STEP 6/7: WHEN configuration is requested...&#xD;
  STEP 6/7: WHEN configuration is requested (Passed after 17s 387ms)&#xD;
  STEP 7/7: THEN all funnels should be retrieved...&#xD;
  STEP 7/7: THEN all funnels should be retrieved (Passed after 350ms)&#xD;
  SCENARIO RESULT: Passed after 18s 338ms</StdOut>
      </Output>
    </UnitTestResult>
    <UnitTestResult executionId="a6900c04-cd9b-4f44-b71e-6d71d636636a" testId="0f57bac2-04f2-8693-e8b9-14775752cee5" testName="Skillaz.Tests.Configurator.WorkflowEngine.LoadFeature.Загрузить_конфигурацию_процесса" computerName="DESKTOP-F6SKA47" duration="00:00:02.0695367" startTime="2021-12-16T16:17:43.5423993+03:00" endTime="2021-12-16T16:17:43.5424082+03:00" testType="13cdc9d9-ddb5-4fa4-a97d-d965ccfc6d4b" outcome="Passed" testListId="8c84fa94-04c1-424b-9868-57a2d4851a1d" relativeResultsDirectory="a6900c04-cd9b-4f44-b71e-6d71d636636a">
      <Output>
        <StdOut>SCENARIO: Загрузить конфигурацию процесса&#xD;
  STEP 1/6: GIVEN a company...&#xD;
  STEP 1/6: GIVEN a company (Passed after 526ms)&#xD;
  STEP 2/6: AND the authenticated user...&#xD;
  STEP 2/6: AND the authenticated user (Passed after 248ms)&#xD;
  STEP 3/6: Применить модель заявки с процессом...&#xD;
  STEP 3/6: Применить модель заявки с процессом (Passed after 517ms)&#xD;
  STEP 4/6: Проверить что модель зарегистрировалась...&#xD;
  STEP 4/6: Проверить что модель зарегистрировалась (Passed after 15ms)&#xD;
  STEP 5/6: Проверить что зарегистрировался ЖЦ...&#xD;
  STEP 5/6: Проверить что зарегистрировался ЖЦ (Passed after 101ms)&#xD;
  STEP 6/6: Создать заявку и проверить что у нее загруженный ЖЦ...&#xD;
  STEP 6/6: Создать заявку и проверить что у нее загруженный ЖЦ (Passed after 433ms)&#xD;
  SCENARIO RESULT: Passed after 1s 847ms</StdOut>
      </Output>
    </UnitTestResult>
    <UnitTestResult executionId="abcb04a8-e800-4c0d-b4df-81a0ad54ad86" testId="dd264508-ecfb-4f20-388d-053193e3057d" testName="Skillaz.Tests.OpenApi.OrgStructureApi.OrgEntityStateChange_feature.Org_unit_position_archiving_archived" computerName="DESKTOP-F6SKA47" duration="00:00:03.7182197" startTime="2021-12-16T16:27:41.8798774+03:00" endTime="2021-12-16T16:27:41.8798797+03:00" testType="13cdc9d9-ddb5-4fa4-a97d-d965ccfc6d4b" outcome="Passed" testListId="8c84fa94-04c1-424b-9868-57a2d4851a1d" relativeResultsDirectory="abcb04a8-e800-4c0d-b4df-81a0ad54ad86">
      <Output>
        <StdOut>SCENARIO: Org unit position archiving archived&#xD;
  STEP 1/7: GIVEN a company...&#xD;
  STEP 1/7: GIVEN a company (Passed after 80ms)&#xD;
  STEP 2/7: AND the authenticated api user...&#xD;
  STEP 2/7: AND the authenticated api user (Passed after 778ms)&#xD;
  STEP 3/7: AND an org unit position archived...&#xD;
  STEP 3/7: AND an org unit position archived (Passed after 370ms)&#xD;
  STEP 4/7: WHEN archiving org unit position...&#xD;
  STEP 4/7: WHEN archiving org unit position (Passed after 428ms)&#xD;
  STEP 5/7: THEN result is ok...&#xD;
  STEP 5/7: THEN result is ok (Passed after &lt;1ms)&#xD;
  STEP 6/7: AND org unit position is archived...&#xD;
  STEP 6/7: AND org unit position is archived (Passed after 6ms)&#xD;
  STEP 7/7: AND call publish async count zero...&#xD;
  STEP 7/7: AND call publish async count zero (Passed after &lt;1ms)&#xD;
  SCENARIO RESULT: Passed after 1s 670ms</StdOut>
      </Output>
    </UnitTestResult>
    <UnitTestResult executionId="63e2ef6a-81a2-4214-87fa-1203a7e0be41" testId="29422714-abc4-4b18-116e-914b77234404" testName="Skillaz.Tests.Publication.VacancyPublicationRule_feature.Vacancy_the_publication_should_not_be_created" computerName="DESKTOP-F6SKA47" duration="00:00:01.5991850" startTime="2021-12-16T16:26:52.5409693+03:00" endTime="2021-12-16T16:26:52.5409711+03:00" testType="13cdc9d9-ddb5-4fa4-a97d-d965ccfc6d4b" outcome="Passed" testListId="8c84fa94-04c1-424b-9868-57a2d4851a1d" relativeResultsDirectory="63e2ef6a-81a2-4214-87fa-1203a7e0be41">
      <Output>
        <StdOut>SCENARIO: Vacancy the publication should not be created&#xD;
  STEP 1/6: GIVEN a company...&#xD;
  STEP 1/6: GIVEN a company (Passed after 173ms)&#xD;
  STEP 2/6: AND the authenticated user...&#xD;
  STEP 2/6: AND the authenticated user (Passed after 269ms)&#xD;
  STEP 3/6: AND the vacancy in the company...&#xD;
  STEP 3/6: AND the vacancy in the company (Passed after 223ms)&#xD;
  STEP 4/6: Add vacancy IsConfidential...&#xD;
  STEP 4/6: Add vacancy IsConfidential (Passed after 187ms)&#xD;
  STEP 5/6: WHEN vacancy publication...&#xD;
  STEP 5/6: WHEN vacancy publication (Passed after 518ms)&#xD;
  STEP 6/6: THEN the add fails to execute with business exception vacancy...&#xD;
  STEP 6/6: THEN the add fails to execute with business exception vacancy (Passed after 1ms)&#xD;
  SCENARIO RESULT: Passed after 1s 381ms</StdOut>
      </Output>
    </UnitTestResult>
    <UnitTestResult executionId="80c6c6bb-ef65-495e-88d7-8e0c39ed0ae3" testId="c18de98e-2c99-4edd-d703-692407d51041" testName="Skillaz.Tests.Avito.Publications.AvitoPublishVacancyCommand_feature.ErrorProcessingAvitoApiClient_checking_exceptionMessage_with_statuscode_402_and_billingType_single" computerName="DESKTOP-F6SKA47" duration="00:00:16.9955881" startTime="2021-12-16T16:29:51.8267301+03:00" endTime="2021-12-16T16:29:51.8267304+03:00" testType="13cdc9d9-ddb5-4fa4-a97d-d965ccfc6d4b" outcome="Passed" testListId="8c84fa94-04c1-424b-9868-57a2d4851a1d" relativeResultsDirectory="80c6c6bb-ef65-495e-88d7-8e0c39ed0ae3">
      <Output>
        <StdOut>SCENARIO: ErrorProcessingAvitoApiClient checking exceptionMessage with statuscode 402 and billingType single&#xD;
  STEP 1/7: GIVEN Given a company...&#xD;
  STEP 1/7: GIVEN Given a company (Passed after 167ms)&#xD;
  STEP 2/7: AND Given the authenticated user...&#xD;
  STEP 2/7: AND Given the authenticated user (Passed after 326ms)&#xD;
  STEP 3/7: AND Given a avito account...&#xD;
  STEP 3/7: AND Given a avito account (Passed after 90ms)&#xD;
  STEP 4/7: AND Given a avito vacancy [statusCode: "402"] [billingType: "single"]...&#xD;
  STEP 4/7: AND Given a avito vacancy [statusCode: "402"] [billingType: "single"] (Passed after &lt;1ms)&#xD;
  STEP 5/7: AND Given a error responce [statusCode: "402"]...&#xD;
  STEP 5/7: AND Given a error responce [statusCode: "402"] (Passed after &lt;1ms)&#xD;
  STEP 6/7: WHEN When avito vacancy is published [statusCode: "402"] [billingType: "single"]...&#xD;
  STEP 6/7: WHEN When avito vacancy is published [statusCode: "402"] [billingType: "single"] (Passed after 11s 678ms)&#xD;
  STEP 7/7: THEN Then avito does not validate employee and returns an error [statusCode: "402"] [avitoBillingType: "single"]...&#xD;
  STEP 7/7: THEN Then avito does not validate employee and returns an error [statusCode: "402"] [avitoBillingType: "single"] (Passed after 147ms)&#xD;
  SCENARIO RESULT: Passed after 12s 422ms</StdOut>
      </Output>
    </UnitTestResult>
    <UnitTestResult executionId="fcfe5035-4098-4e61-9c0b-ef2dd46e3988" testId="3cfb080c-a64b-1718-3ba9-9f9a4a865383" testName="Skillaz.Tests.Assessment.Interviews.SelfEntryInterview_feature.Getting_a_self_entry_interview_for_hire_request" computerName="DESKTOP-F6SKA47" duration="00:00:09.4453129" startTime="2021-12-16T16:19:35.6044192+03:00" endTime="2021-12-16T16:19:35.6044237+03:00" testType="13cdc9d9-ddb5-4fa4-a97d-d965ccfc6d4b" outcome="Passed" testListId="8c84fa94-04c1-424b-9868-57a2d4851a1d" relativeResultsDirectory="fcfe5035-4098-4e61-9c0b-ef2dd46e3988">
      <Output>
        <StdOut>SCENARIO: Getting a self entry interview for hire request&#xD;
  STEP 1/6: GIVEN a candidate in a vacancy in a orgUnit in a company...&#xD;
  STEP 1/6: GIVEN a candidate in a vacancy in a orgUnit in a company (Passed after 2s 564ms)&#xD;
  STEP 2/6: AND the request...&#xD;
  STEP 2/6: AND the request (Passed after 602ms)&#xD;
  STEP 3/6: AND the timeSlots...&#xD;
  STEP 3/6: AND the timeSlots (Passed after 847ms)&#xD;
  STEP 4/6: AND the interview and timeslot period [timeSlotSource: "HireRequest"] [addStartPeriod: "False"] [addDurationPeriod: "False"]...&#xD;
  STEP 4/6: AND the interview and timeslot period [timeSlotSource: "HireRequest"] [addStartPeriod: "False"] [addDurationPeriod: "False"] (Passed after 2s 103ms)&#xD;
  STEP 5/6: WHEN a self entry interview is requested...&#xD;
  STEP 5/6: WHEN a self entry interview is requested (Passed after 2s 508ms)&#xD;
  STEP 6/6: THEN a self entry interview should be retrieved...&#xD;
  STEP 6/6: THEN a self entry interview should be retrieved (Passed after 2ms)&#xD;
  SCENARIO RESULT: Passed after 8s 656ms</StdOut>
      </Output>
    </UnitTestResult>
    <UnitTestResult executionId="ca43dcd1-c57a-4e92-987b-db60f86325c5" testId="053b939c-405d-604f-3e5d-7598a3645717" testName="Skillaz.Tests.Vacancy.VacancyCounters_feature.Filtration_by_hire_request_state_in_hire_request_counters_works_properly" computerName="DESKTOP-F6SKA47" duration="00:00:06.8770705" startTime="2021-12-16T16:19:28.7316643+03:00" endTime="2021-12-16T16:19:28.7316747+03:00" testType="13cdc9d9-ddb5-4fa4-a97d-d965ccfc6d4b" outcome="Passed" testListId="8c84fa94-04c1-424b-9868-57a2d4851a1d" relativeResultsDirectory="ca43dcd1-c57a-4e92-987b-db60f86325c5">
      <Output>
        <StdOut>SCENARIO: Filtration by hire request state in hire request counters works properly&#xD;
  STEP 1/11: GIVEN a company...&#xD;
  STEP 1/11: GIVEN a company (Passed after 229ms)&#xD;
  STEP 2/11: AND the authenticated user...&#xD;
  STEP 2/11: AND the authenticated user (Passed after 570ms)&#xD;
  STEP 3/11: AND the client configuration for company...&#xD;
  STEP 3/11: AND the client configuration for company (Passed after 1s 775ms)&#xD;
  STEP 4/11: AND vacancy counter configuration [documentModelCountersConfigurationDto: "Skillaz.Configurator.Contract.DocumentModel.DocumentModelCountersConfigurationDto"]...&#xD;
  STEP 4/11: AND vacancy counter configuration [documentModelCountersConfigurationDto: "Skillaz.Configurator.Contract.DocumentModel.DocumentModelCountersConfigurationDto"] (Passed after 162ms)&#xD;
  STEP 5/11: AND a vacancy "Skillaz.Candidate.Contract.LegacyVacancy.LegacyVacancyDocument"...&#xD;
  STEP 5/11: AND a vacancy "Skillaz.Candidate.Contract.LegacyVacancy.LegacyVacancyDocument" (Passed after 176ms)&#xD;
  STEP 6/11: AND a vacancy "Skillaz.Candidate.Contract.LegacyVacancy.LegacyVacancyDocument"...&#xD;
  STEP 6/11: AND a vacancy "Skillaz.Candidate.Contract.LegacyVacancy.LegacyVacancyDocument" (Passed after 2ms)&#xD;
  STEP 7/11: AND hire request [hireRequest: "Skillaz.Candidate.Contract.Request.RequestDocument"]...&#xD;
  STEP 7/11: AND hire request [hireRequest: "Skillaz.Candidate.Contract.Request.RequestDocument"] (Passed after 133ms)&#xD;
  STEP 8/11: AND hire request [hireRequest: "Skillaz.Candidate.Contract.Request.RequestDocument"]...&#xD;
  STEP 8/11: AND hire request [hireRequest: "Skillaz.Candidate.Contract.Request.RequestDocument"] (Passed after 4ms)&#xD;
  STEP 9/11: WHEN getting vacancy counters for [vacancyIds: "first-vac, second-vac"]...&#xD;
  STEP 9/11: WHEN getting vacancy counters for [vacancyIds: "first-vac, second-vac"] (Passed after 680ms)&#xD;
  STEP 10/11: THEN hire requests counter should display [vacancyId: "first-vac"] [counterName: "Новые заявки"] [count: "0"]...&#xD;
  STEP 10/11: THEN hire requests counter should display [vacancyId: "first-vac"] [counterName: "Новые заявки"] [count: "0"] (Passed after 68ms)&#xD;
  STEP 11/11: AND hire requests counter should display [vacancyId: "second-vac"] [counterName: "Новые заявки"] [count: "1"]...&#xD;
  STEP 11/11: AND hire requests counter should display [vacancyId: "second-vac"] [counterName: "Новые заявки"] [count: "1"] (Passed after &lt;1ms)&#xD;
  SCENARIO RESULT: Passed after 3s 981ms</StdOut>
      </Output>
    </UnitTestResult>
    <UnitTestResult executionId="623674ed-72b8-4feb-8cdc-1ee1e345f6b8" testId="79857c49-5c52-b62d-1e6b-d2927fbed348" testName="Skillaz.Tests.Configurator.FunnelBuilder.FunnelBuildChecksFromCodeAndConfiguratorTests.Test_funnel_build_with_checks_from_configurator_and_from_code" computerName="DESKTOP-F6SKA47" duration="00:00:06.9241765" startTime="2021-12-16T16:21:25.9063868+03:00" endTime="2021-12-16T16:21:25.9063892+03:00" testType="13cdc9d9-ddb5-4fa4-a97d-d965ccfc6d4b" outcome="Passed" testListId="8c84fa94-04c1-424b-9868-57a2d4851a1d" relativeResultsDirectory="623674ed-72b8-4feb-8cdc-1ee1e345f6b8">
      <Output>
        <StdOut>SCENARIO: Test funnel build with checks from configurator and from code&#xD;
  STEP 1/8: GIVEN a company...&#xD;
  STEP 1/8: GIVEN a company (Passed after 512ms)&#xD;
  STEP 2/8: AND the authenticated user...&#xD;
  STEP 2/8: AND the authenticated user (Passed after 917ms)&#xD;
  STEP 3/8: AND the configuration...&#xD;
  STEP 3/8: AND the configuration (Passed after 3ms)&#xD;
  STEP 4/8: AND a checks...&#xD;
  STEP 4/8: AND a checks (Passed after 28ms)&#xD;
  STEP 5/8: AND a funnel witch checks "Skillaz.Configurator.Contract.Funnels.FunnelCheckConfigurationDto, Skillaz.Configurator.Contract.Funnels.FunnelCheckConfigurationDto"...&#xD;
  STEP 5/8: AND a funnel witch checks "Skillaz.Configurator.Contract.Funnels.FunnelCheckConfigurationDto, Skillaz.Configurator.Contract.Funnels.FunnelCheckConfigurationDto" (Passed after 385ms)&#xD;
  STEP 6/8: AND a checks in configurator...&#xD;
  STEP 6/8: AND a checks in configurator (Passed after 207ms)&#xD;
  STEP 7/8: WHEN build with validate errors...&#xD;
  STEP 7/8: WHEN build with validate errors (Passed after 4s 078ms)&#xD;
  STEP 8/8: THEN validate builded funnel with checks from any source...&#xD;
  STEP 8/8: THEN validate builded funnel with checks from any source (Passed after 119ms)&#xD;
  SCENARIO RESULT: Passed after 6s 497ms</StdOut>
      </Output>
    </UnitTestResult>
    <UnitTestResult executionId="0eb6e97f-02a0-47cf-a3c1-890bdcc266e8" testId="695a69c9-264c-d1c5-2032-535ef4bf39f9" testName="Skillaz.Tests.CompanySpecific.X5.Naumen.NaumenSlaTests.Sla_calculates_correctly_for_split_days(candidateTimeZone: 8, sla: 01:00:00, startDate: 2019-12-31T11:30:00.0000000Z, truth: [NaumenTimeRange { From = &quot;2019-12-31 14:30:00&quot;, To = &quot;2019-12-31 15:00:00&quot; }, NaumenTimeRange { From = &quot;2020-01-01 07:00:00&quot;, To = &quot;2020-01-01 07:30:00&quot; }])" computerName="DESKTOP-F6SKA47" duration="00:00:00.0001383" startTime="2021-12-16T16:16:29.0082608+03:00" endTime="2021-12-16T16:16:29.0082636+03:00" testType="13cdc9d9-ddb5-4fa4-a97d-d965ccfc6d4b" outcome="Passed" testListId="8c84fa94-04c1-424b-9868-57a2d4851a1d" relativeResultsDirectory="0eb6e97f-02a0-47cf-a3c1-890bdcc266e8" />
    <UnitTestResult executionId="2c47773f-010d-4f85-b13f-bf0122a8c626" testId="fa28d1b4-b5e7-7c30-a24a-d8237d3a6ffa" testName="Skillaz.Tests.Publication.VacancyPublicationRule_feature.Vacancy_publication_rule_not_created_with_two_max_publications_count_for_two_different_templates" computerName="DESKTOP-F6SKA47" duration="00:00:09.5954991" startTime="2021-12-16T16:27:15.1814770+03:00" endTime="2021-12-16T16:27:15.1814860+03:00" testType="13cdc9d9-ddb5-4fa4-a97d-d965ccfc6d4b" outcome="Passed" testListId="8c84fa94-04c1-424b-9868-57a2d4851a1d" relativeResultsDirectory="2c47773f-010d-4f85-b13f-bf0122a8c626">
      <Output>
        <StdOut>SCENARIO: Vacancy publication rule not created with two max publications count for two different templates&#xD;
  STEP 1/12: GIVEN a company...&#xD;
  STEP 1/12: GIVEN a company (Passed after 97ms)&#xD;
  STEP 2/12: AND the authenticated user...&#xD;
  STEP 2/12: AND the authenticated user (Passed after 184ms)&#xD;
  STEP 3/12: AND the vacancy in the company...&#xD;
  STEP 3/12: AND the vacancy in the company (Passed after 92ms)&#xD;
  STEP 4/12: AND requests with two hh publications...&#xD;
  STEP 4/12: AND requests with two hh publications (Passed after 194ms)&#xD;
  STEP 5/12: AND hh account...&#xD;
  STEP 5/12: AND hh account (Passed after 65ms)&#xD;
  STEP 6/12: AND hh publication template...&#xD;
  STEP 6/12: AND hh publication template (Passed after 53ms)&#xD;
  STEP 7/12: AND two existing active hh publications with different template...&#xD;
  STEP 7/12: AND two existing active hh publications with different template (Passed after 82ms)&#xD;
  STEP 8/12: AND active hh publication rule with max publications count [maxPublicationsCount: "2"]...&#xD;
  STEP 8/12: AND active hh publication rule with max publications count [maxPublicationsCount: "2"] (Passed after 316ms)&#xD;
  STEP 9/12: WHEN vacancy publication rule is triggered...&#xD;
  STEP 9/12: WHEN vacancy publication rule is triggered (Passed after 5s 853ms)&#xD;
  STEP 10/12: THEN new hh vacancy is linked to request [expectedLinkedRequests: "2"]...&#xD;
  STEP 10/12: THEN new hh vacancy is linked to request [expectedLinkedRequests: "2"] (Passed after 243ms)&#xD;
  STEP 11/12: AND publication is successfully processed...&#xD;
  STEP 11/12: AND publication is successfully processed (Passed after &lt;1ms)&#xD;
  STEP 12/12: AND rule is successfully finished...&#xD;
  STEP 12/12: AND rule is successfully finished (Passed after 703ms)&#xD;
  SCENARIO RESULT: Passed after 7s 908ms</StdOut>
      </Output>
    </UnitTestResult>
    <UnitTestResult executionId="ef78d102-505a-4c85-a111-49b6b620b313" testId="a73838be-82d7-f486-85ac-2e75f2c06099" testName="Skillaz.Tests.HH.Search.HHSearch_feature.CreateHHSearchCommand_should_give_account_exception" computerName="DESKTOP-F6SKA47" duration="00:00:01.5135546" startTime="2021-12-16T16:28:49.4778716+03:00" endTime="2021-12-16T16:28:49.4778739+03:00" testType="13cdc9d9-ddb5-4fa4-a97d-d965ccfc6d4b" outcome="Passed" testListId="8c84fa94-04c1-424b-9868-57a2d4851a1d" relativeResultsDirectory="ef78d102-505a-4c85-a111-49b6b620b313">
      <Output>
        <StdOut>SCENARIO: CreateHHSearchCommand should give account exception&#xD;
  STEP 1/6: GIVEN a company...&#xD;
  STEP 1/6: GIVEN a company (Passed after 129ms)&#xD;
  STEP 2/6: AND the vacancy in the company...&#xD;
  STEP 2/6: AND the vacancy in the company (Passed after 433ms)&#xD;
  STEP 3/6: AND search base...&#xD;
  STEP 3/6: AND search base (Passed after &lt;1ms)&#xD;
  STEP 4/6: AND createHHSearchCommand...&#xD;
  STEP 4/6: AND createHHSearchCommand (Passed after &lt;1ms)&#xD;
  STEP 5/6: AND search without accounts...&#xD;
  STEP 5/6: AND search without accounts (Passed after &lt;1ms)&#xD;
  STEP 6/6: THEN command will give exception...&#xD;
  STEP 6/6: THEN command will give exception (Passed after 3ms)&#xD;
  SCENARIO RESULT: Passed after 580ms</StdOut>
      </Output>
    </UnitTestResult>
    <UnitTestResult executionId="0ab0711c-8def-4e7e-9c07-6f48af89edc7" testId="0c980939-5f66-e216-e5c6-08c004de1907" testName="Skillaz.Tests.Assessment.Interviews.TalentQInterview_feature.Setting_a_talentQ_interview_result" computerName="DESKTOP-F6SKA47" duration="00:00:25.5659883" startTime="2021-12-16T16:25:34.3407974+03:00" endTime="2021-12-16T16:25:34.3408037+03:00" testType="13cdc9d9-ddb5-4fa4-a97d-d965ccfc6d4b" outcome="Passed" testListId="8c84fa94-04c1-424b-9868-57a2d4851a1d" relativeResultsDirectory="0ab0711c-8def-4e7e-9c07-6f48af89edc7">
      <Output>
        <StdOut>SCENARIO: Setting a talentQ interview result&#xD;
  STEP 1/4: GIVEN a candidate in a vacancy in a company...&#xD;
  STEP 1/4: GIVEN a candidate in a vacancy in a company (Passed after 724ms)&#xD;
  STEP 2/4: AND the interview...&#xD;
  STEP 2/4: AND the interview (Passed after 2s 897ms)&#xD;
  STEP 3/4: WHEN a talentQ interview result is set...&#xD;
  STEP 3/4: WHEN a talentQ interview result is set (Passed after 18s 864ms)&#xD;
  STEP 4/4: THEN the talentQ should be completed...&#xD;
  STEP 4/4: THEN the talentQ should be completed (Passed after 70ms)&#xD;
  SCENARIO RESULT: Passed after 22s 559ms</StdOut>
      </Output>
    </UnitTestResult>
    <UnitTestResult executionId="c3e3f124-8230-4c09-9a78-2c527563892a" testId="019b787c-88b2-9680-3a7b-9251d2235f77" testName="Skillaz.Tests.CompanySpecific.X5.Naumen.NaumenSlaTests.Sla_calculates_correctly_for_next_day(candidateTimeZone: 2, sla: 02:00:00, startDate: 2020-01-01T01:30:00.0000000Z, truth: [NaumenTimeRange { From = &quot;2020-01-01 10:00:00&quot;, To = &quot;2020-01-01 12:00:00&quot; }])" computerName="DESKTOP-F6SKA47" duration="00:00:00.0000335" startTime="2021-12-16T16:16:29.0631397+03:00" endTime="2021-12-16T16:16:29.0631403+03:00" testType="13cdc9d9-ddb5-4fa4-a97d-d965ccfc6d4b" outcome="Passed" testListId="8c84fa94-04c1-424b-9868-57a2d4851a1d" relativeResultsDirectory="c3e3f124-8230-4c09-9a78-2c527563892a" />
    <UnitTestResult executionId="8438fdfd-965c-4471-9336-db90d2d5d736" testId="019b787c-88b2-9680-3a7b-9251d2235f77" testName="Skillaz.Tests.CompanySpecific.X5.Naumen.NaumenSlaTests.Sla_calculates_correctly_for_next_day(candidateTimeZone: 6, sla: 02:00:00, startDate: 2020-01-01T02:00:00.0000000Z, truth: [NaumenTimeRange { From = &quot;2020-01-01 07:00:00&quot;, To = &quot;2020-01-01 09:00:00&quot; }])" computerName="DESKTOP-F6SKA47" duration="00:00:00.0000290" startTime="2021-12-16T16:16:29.2767378+03:00" endTime="2021-12-16T16:16:29.2767396+03:00" testType="13cdc9d9-ddb5-4fa4-a97d-d965ccfc6d4b" outcome="Passed" testListId="8c84fa94-04c1-424b-9868-57a2d4851a1d" relativeResultsDirectory="8438fdfd-965c-4471-9336-db90d2d5d736" />
    <UnitTestResult executionId="ee51aca2-b055-4cac-a9b4-286a4cc42895" testId="12a5df4f-497f-0a0c-7249-311f6de697d5" testName="Skillaz.Tests.Digest.DigestService_feature.Execution_delete_digest_action" computerName="DESKTOP-F6SKA47" duration="00:00:07.8958756" startTime="2021-12-16T16:24:54.0016357+03:00" endTime="2021-12-16T16:24:54.0016377+03:00" testType="13cdc9d9-ddb5-4fa4-a97d-d965ccfc6d4b" outcome="Passed" testListId="8c84fa94-04c1-424b-9868-57a2d4851a1d" relativeResultsDirectory="ee51aca2-b055-4cac-a9b4-286a4cc42895">
      <Output>
        <StdOut>SCENARIO: Execution delete digest action&#xD;
  STEP 1/7: GIVEN a company...&#xD;
  STEP 1/7: GIVEN a company (Passed after 74ms)&#xD;
  STEP 2/7: AND the authenticated user...&#xD;
  STEP 2/7: AND the authenticated user (Passed after 265ms)&#xD;
  STEP 3/7: AND a candidate...&#xD;
  STEP 3/7: AND a candidate (Passed after 217ms)&#xD;
  STEP 4/7: AND a DigestNotificationFilterDto...&#xD;
  STEP 4/7: AND a DigestNotificationFilterDto (Passed after 7ms)&#xD;
  STEP 5/7: AND a addDigestDataDto...&#xD;
  STEP 5/7: AND a addDigestDataDto (Passed after 9ms)&#xD;
  STEP 6/7: WHEN add reminder and executed action...&#xD;
  STEP 6/7: WHEN add reminder and executed action (Passed after 5s 995ms)&#xD;
  STEP 7/7: THEN digest archived...&#xD;
  STEP 7/7: THEN digest archived (Passed after 129ms)&#xD;
  SCENARIO RESULT: Passed after 6s 701ms</StdOut>
      </Output>
    </UnitTestResult>
    <UnitTestResult executionId="b4916b9f-bd34-4515-87da-28bfc330739b" testId="f74b41ee-8209-6c44-4f8b-009aec396129" testName="Skillaz.Tests.Candidate.Elastic.CandidateElasticFiltration_feature.Full_unsuccess_scenario" computerName="DESKTOP-F6SKA47" duration="00:00:00.0010000" startTime="2021-12-16T16:24:40.0709548+03:00" endTime="2021-12-16T16:24:40.0709565+03:00" testType="13cdc9d9-ddb5-4fa4-a97d-d965ccfc6d4b" outcome="NotExecuted" testListId="8c84fa94-04c1-424b-9868-57a2d4851a1d" relativeResultsDirectory="b4916b9f-bd34-4515-87da-28bfc330739b">
      <Output>
        <StdOut>You need Elasticsearch 7.5 local instance on 9200 port</StdOut>
      </Output>
    </UnitTestResult>
    <UnitTestResult executionId="ffc30c06-34af-4ed6-b0a2-48c34032d75b" testId="2c5f8eab-73ce-0dea-60ce-a3ec9a00fb8d" testName="Skillaz.Tests.Notifications.EmailAntispam_feature.Send_email_to_candidate_and_check_it_was_sent" computerName="DESKTOP-F6SKA47" duration="00:00:03.0569653" startTime="2021-12-16T16:21:36.5997409+03:00" endTime="2021-12-16T16:21:36.5997427+03:00" testType="13cdc9d9-ddb5-4fa4-a97d-d965ccfc6d4b" outcome="Passed" testListId="8c84fa94-04c1-424b-9868-57a2d4851a1d" relativeResultsDirectory="ffc30c06-34af-4ed6-b0a2-48c34032d75b">
      <Output>
        <StdOut>SCENARIO: Send email to candidate and check it was sent&#xD;
  STEP 1/8: GIVEN a company [companyId: "61bb3d5d7f10d6937478c43d"]...&#xD;
  STEP 1/8: GIVEN a company [companyId: "61bb3d5d7f10d6937478c43d"] (Passed after 83ms)&#xD;
  STEP 2/8: AND the authenticated user...&#xD;
  STEP 2/8: AND the authenticated user (Passed after 317ms)&#xD;
  STEP 3/8: AND the vacancy in the company...&#xD;
  STEP 3/8: AND the vacancy in the company (Passed after 108ms)&#xD;
  STEP 4/8: AND a candidate "Skillaz.Candidate.Contract.Documents.Candidate.CandidateDocument" with contact email [contactEmail: "test-email-candidate@yandex.ru"]...&#xD;
  STEP 4/8: AND a candidate "Skillaz.Candidate.Contract.Documents.Candidate.CandidateDocument" with contact email [contactEmail: "test-email-candidate@yandex.ru"] (Passed after 129ms)&#xD;
  STEP 5/8: AND unique n "2" emails for recipient "test-email-candidate@yandex.ru"...&#xD;
  STEP 5/8: AND unique n "2" emails for recipient "test-email-candidate@yandex.ru" (Passed after 58ms)&#xD;
  STEP 6/8: AND email template [templateType: "test-msg-type"]...&#xD;
  STEP 6/8: AND email template [templateType: "test-msg-type"] (Passed after 137ms)&#xD;
  STEP 7/8: WHEN email is sent to candidate [candidateId: "61bb3d5e7f10d6937478c565"]...&#xD;
  STEP 7/8: WHEN email is sent to candidate [candidateId: "61bb3d5e7f10d6937478c565"] (Passed after 1s 200ms)&#xD;
  STEP 8/8: Ensure email was sent...&#xD;
  STEP 8/8: Ensure email was sent (Passed after 1ms)&#xD;
  SCENARIO RESULT: Passed after 2s 202ms</StdOut>
      </Output>
    </UnitTestResult>
    <UnitTestResult executionId="a0bc8c98-d24d-4d82-bfb8-1dfdf6954cee" testId="66950019-f3a0-967c-6feb-ebd58afda14e" testName="Skillaz.Tests.Configurator.DocumentModel.DocumentModelFieldBinderTest.TestDocumentModelDictionaryFieldBinder" computerName="DESKTOP-F6SKA47" duration="00:00:00.0194764" startTime="2021-12-16T16:16:29.8126003+03:00" endTime="2021-12-16T16:16:29.8126126+03:00" testType="13cdc9d9-ddb5-4fa4-a97d-d965ccfc6d4b" outcome="Passed" testListId="8c84fa94-04c1-424b-9868-57a2d4851a1d" relativeResultsDirectory="a0bc8c98-d24d-4d82-bfb8-1dfdf6954cee" />
    <UnitTestResult executionId="35d4cb86-8a43-494e-be1a-3330e3b9d59e" testId="89104bf1-49d2-400d-2d3e-6c695e587c93" testName="Skillaz.Tests.Vacancy.CompanySpecific.MvideoMassCandidateDatabase_feature.After_transfer_to_the_candidate_database_count_of_vacancies_will_equal_two" computerName="DESKTOP-F6SKA47" duration="00:00:00.0010000" startTime="2021-12-16T16:27:20.7187932+03:00" endTime="2021-12-16T16:27:20.7187954+03:00" testType="13cdc9d9-ddb5-4fa4-a97d-d965ccfc6d4b" outcome="NotExecuted" testListId="8c84fa94-04c1-424b-9868-57a2d4851a1d" relativeResultsDirectory="35d4cb86-8a43-494e-be1a-3330e3b9d59e">
      <Output>
        <StdOut>Базу кандидатов мвидео переделали, сейчас не актуально, нужно переписать</StdOut>
      </Output>
    </UnitTestResult>
    <UnitTestResult executionId="1c373878-b451-4c18-b8b5-d6b3181cc121" testId="4a5f74b2-f4b2-a358-042d-566ac426c935" testName="Skillaz.Tests.Request.Mvideo.RequestProfFunnel_feature.Check_prof_request_update_command" computerName="DESKTOP-F6SKA47" duration="00:00:00.0010000" startTime="2021-12-16T16:18:01.6944247+03:00" endTime="2021-12-16T16:18:01.6944269+03:00" testType="13cdc9d9-ddb5-4fa4-a97d-d965ccfc6d4b" outcome="NotExecuted" testListId="8c84fa94-04c1-424b-9868-57a2d4851a1d" relativeResultsDirectory="1c373878-b451-4c18-b8b5-d6b3181cc121">
      <Output>
        <StdOut>Temporarly disabled</StdOut>
      </Output>
    </UnitTestResult>
    <UnitTestResult executionId="974411fc-c960-43bd-b90e-35e36f279dfd" testId="8393da8c-f927-97e0-e1df-374808136190" testName="Skillaz.Tests.DocumentModels.FieldValueComparerTests.DifferentTypeComparison(firstValue: 1, secondValue: 1)" computerName="DESKTOP-F6SKA47" duration="00:00:00.0000097" startTime="2021-12-16T16:16:31.0349586+03:00" endTime="2021-12-16T16:16:31.0349676+03:00" testType="13cdc9d9-ddb5-4fa4-a97d-d965ccfc6d4b" outcome="Passed" testListId="8c84fa94-04c1-424b-9868-57a2d4851a1d" relativeResultsDirectory="974411fc-c960-43bd-b90e-35e36f279dfd" />
    <UnitTestResult executionId="9eb360fe-4f18-4bfa-996b-7340a90e34a3" testId="c535265b-7057-c768-81c9-175e47789cbb" testName="Skillaz.Tests.Publication.VacancyPublicationRule_feature.Vacancy_publication_rule_does_not_publish_vacancy_second_time_when_published_not_from_rule" computerName="DESKTOP-F6SKA47" duration="00:00:06.9290659" startTime="2021-12-16T16:27:15.1401427+03:00" endTime="2021-12-16T16:27:15.1401450+03:00" testType="13cdc9d9-ddb5-4fa4-a97d-d965ccfc6d4b" outcome="Passed" testListId="8c84fa94-04c1-424b-9868-57a2d4851a1d" relativeResultsDirectory="9eb360fe-4f18-4bfa-996b-7340a90e34a3">
      <Output>
        <StdOut>SCENARIO: Vacancy publication rule does not publish vacancy second time when published not from rule&#xD;
  STEP 1/12: GIVEN a company...&#xD;
  STEP 1/12: GIVEN a company (Passed after 34ms)&#xD;
  STEP 2/12: AND the authenticated user...&#xD;
  STEP 2/12: AND the authenticated user (Passed after 151ms)&#xD;
  STEP 3/12: AND the vacancy in the company...&#xD;
  STEP 3/12: AND the vacancy in the company (Passed after 36ms)&#xD;
  STEP 4/12: AND request with hh publication...&#xD;
  STEP 4/12: AND request with hh publication (Passed after 120ms)&#xD;
  STEP 5/12: AND hh account...&#xD;
  STEP 5/12: AND hh account (Passed after 55ms)&#xD;
  STEP 6/12: AND hh publication template...&#xD;
  STEP 6/12: AND hh publication template (Passed after 52ms)&#xD;
  STEP 7/12: AND existing active hh publication...&#xD;
  STEP 7/12: AND existing active hh publication (Passed after 73ms)&#xD;
  STEP 8/12: AND active hh publication rule...&#xD;
  STEP 8/12: AND active hh publication rule (Passed after 158ms)&#xD;
  STEP 9/12: WHEN vacancy publication rule is triggered...&#xD;
  STEP 9/12: WHEN vacancy publication rule is triggered (Passed after 3s 638ms)&#xD;
  STEP 10/12: THEN hh vacancy is linked to request...&#xD;
  STEP 10/12: THEN hh vacancy is linked to request (Passed after 58ms)&#xD;
  STEP 11/12: AND publication is successfully processed...&#xD;
  STEP 11/12: AND publication is successfully processed (Passed after &lt;1ms)&#xD;
  STEP 12/12: AND rule is successfully finished...&#xD;
  STEP 12/12: AND rule is successfully finished (Passed after 887ms)&#xD;
  SCENARIO RESULT: Passed after 5s 281ms</StdOut>
      </Output>
    </UnitTestResult>
    <UnitTestResult executionId="46267d3c-804e-47ce-b121-101bbc397567" testId="695a69c9-264c-d1c5-2032-535ef4bf39f9" testName="Skillaz.Tests.CompanySpecific.X5.Naumen.NaumenSlaTests.Sla_calculates_correctly_for_split_days(candidateTimeZone: 3, sla: 07:00:00, startDate: 2019-12-31T13:30:00.0000000Z, truth: [NaumenTimeRange { From = &quot;2019-12-31 16:30:00&quot;, To = &quot;2019-12-31 20:00:00&quot; }, NaumenTimeRange { From = &quot;2020-01-01 09:00:00&quot;, To = &quot;2020-01-01 12:30:00&quot; }])" computerName="DESKTOP-F6SKA47" duration="00:00:00.0000485" startTime="2021-12-16T16:16:28.9752072+03:00" endTime="2021-12-16T16:16:28.9752083+03:00" testType="13cdc9d9-ddb5-4fa4-a97d-d965ccfc6d4b" outcome="Passed" testListId="8c84fa94-04c1-424b-9868-57a2d4851a1d" relativeResultsDirectory="46267d3c-804e-47ce-b121-101bbc397567" />
    <UnitTestResult executionId="9d97f5e5-ef54-4875-b4ac-bedef7f1f0a3" testId="314b6d50-f7e2-e18d-c7f0-8cb027984311" testName="Skillaz.Tests.DocumentModels.FieldValueComparerTests.DifferentTypeComparison(firstValue: 0, secondValue: False)" computerName="DESKTOP-F6SKA47" duration="00:00:00.0000116" startTime="2021-12-16T16:16:31.0353459+03:00" endTime="2021-12-16T16:16:31.0353468+03:00" testType="13cdc9d9-ddb5-4fa4-a97d-d965ccfc6d4b" outcome="Passed" testListId="8c84fa94-04c1-424b-9868-57a2d4851a1d" relativeResultsDirectory="9d97f5e5-ef54-4875-b4ac-bedef7f1f0a3" />
    <UnitTestResult executionId="f17ceb12-537c-4389-a41b-1bebaf6f093a" testId="cb450790-a32f-9934-62a1-3d19451a12f6" testName="Skillaz.Tests.Candidate.FromForm.CreateFromForm_feature.Candidate_is_created_from_form" computerName="DESKTOP-F6SKA47" duration="00:00:14.3770592" startTime="2021-12-16T16:27:04.5928091+03:00" endTime="2021-12-16T16:27:04.5928124+03:00" testType="13cdc9d9-ddb5-4fa4-a97d-d965ccfc6d4b" outcome="Passed" testListId="8c84fa94-04c1-424b-9868-57a2d4851a1d" relativeResultsDirectory="f17ceb12-537c-4389-a41b-1bebaf6f093a">
      <Output>
        <StdOut>SCENARIO: Candidate is created from form&#xD;
  STEP 1/6: GIVEN a company...&#xD;
  STEP 1/6: GIVEN a company (Passed after 53ms)&#xD;
  STEP 2/6: AND the authenticated user...&#xD;
  STEP 2/6: AND the authenticated user (Passed after 294ms)&#xD;
  STEP 3/6: AND the vacancy in the company...&#xD;
  STEP 3/6: AND the vacancy in the company (Passed after 283ms)&#xD;
  STEP 4/6: AND client configuration with mapped candidate form...&#xD;
  STEP 4/6: AND client configuration with mapped candidate form (Passed after 1s 861ms)&#xD;
  STEP 5/6: WHEN candidate is created from form...&#xD;
  STEP 5/6: WHEN candidate is created from form (Passed after 11s 570ms)&#xD;
  STEP 6/6: THEN candidate appears in db with all fields filled...&#xD;
  STEP 6/6: THEN candidate appears in db with all fields filled (Passed after 32ms)&#xD;
  SCENARIO RESULT: Passed after 14s 115ms</StdOut>
      </Output>
    </UnitTestResult>
    <UnitTestResult executionId="93c8034e-2179-4666-b23b-b4e386bc66cf" testId="5c6b55a4-fee4-a3e3-6044-abdb1b944d61" testName="Skillaz.Tests.Assessment.Questionnaires.TalentQQuestionnaire_feature.Getting_a_questionnaire_list" computerName="DESKTOP-F6SKA47" duration="00:00:05.6549766" startTime="2021-12-16T16:19:12.9011524+03:00" endTime="2021-12-16T16:19:12.9011620+03:00" testType="13cdc9d9-ddb5-4fa4-a97d-d965ccfc6d4b" outcome="Passed" testListId="8c84fa94-04c1-424b-9868-57a2d4851a1d" relativeResultsDirectory="93c8034e-2179-4666-b23b-b4e386bc66cf">
      <Output>
        <StdOut>SCENARIO: Getting a questionnaire list&#xD;
  STEP 1/5: GIVEN a company...&#xD;
  STEP 1/5: GIVEN a company (Passed after 519ms)&#xD;
  STEP 2/5: AND the authenticated user...&#xD;
  STEP 2/5: AND the authenticated user (Passed after 192ms)&#xD;
  STEP 3/5: AND the questionnaire...&#xD;
  STEP 3/5: AND the questionnaire (Passed after 1s 873ms)&#xD;
  STEP 4/5: WHEN questionnaire list is requested...&#xD;
  STEP 4/5: WHEN questionnaire list is requested (Passed after 2s 028ms)&#xD;
  STEP 5/5: Questionnaire list should be retrieved...&#xD;
  STEP 5/5: Questionnaire list should be retrieved (Passed after 30ms)&#xD;
  SCENARIO RESULT: Passed after 4s 755ms</StdOut>
      </Output>
    </UnitTestResult>
    <UnitTestResult executionId="a5bf3142-8b7a-4d86-a055-7aa699cf434d" testId="27a6973a-36fe-7bde-51ff-894e890b0c8a" testName="Skillaz.Tests.Configurator.Deduplication.FindRuleTest.Verify_rule_not_found_if_no_response_type" computerName="DESKTOP-F6SKA47" duration="00:00:00.5916086" startTime="2021-12-16T16:26:47.0778139+03:00" endTime="2021-12-16T16:26:47.0778176+03:00" testType="13cdc9d9-ddb5-4fa4-a97d-d965ccfc6d4b" outcome="Passed" testListId="8c84fa94-04c1-424b-9868-57a2d4851a1d" relativeResultsDirectory="a5bf3142-8b7a-4d86-a055-7aa699cf434d">
      <Output>
        <StdOut>SCENARIO: Verify rule not found if no response type&#xD;
  STEP 1/4: GIVEN a company...&#xD;
  STEP 1/4: GIVEN a company (Passed after 151ms)&#xD;
  STEP 2/4: AND deduplication configuration [response: "ForSameVacancy"]...&#xD;
  STEP 2/4: AND deduplication configuration [response: "ForSameVacancy"] (Passed after 1ms)&#xD;
  STEP 3/4: AND rule finder context...&#xD;
  STEP 3/4: AND rule finder context (Passed after &lt;1ms)&#xD;
  STEP 4/4: THEN rule not found [currentVacancyId: "61bb3e967f10d6937478f089"] [newVacancyId: "61bb3e967f10d6937478f08a"]...&#xD;
  STEP 4/4: THEN rule not found [currentVacancyId: "61bb3e967f10d6937478f089"] [newVacancyId: "61bb3e967f10d6937478f08a"] (Passed after &lt;1ms)&#xD;
  SCENARIO RESULT: Passed after 344ms</StdOut>
      </Output>
    </UnitTestResult>
    <UnitTestResult executionId="e4a62702-6e42-46e4-8fa7-360d532db96b" testId="019b787c-88b2-9680-3a7b-9251d2235f77" testName="Skillaz.Tests.CompanySpecific.X5.Naumen.NaumenSlaTests.Sla_calculates_correctly_for_next_day(candidateTimeZone: 5, sla: 02:00:00, startDate: 2019-12-31T18:00:00.0000000Z, truth: [NaumenTimeRange { From = &quot;2020-01-01 07:00:00&quot;, To = &quot;2020-01-01 09:00:00&quot; }])" computerName="DESKTOP-F6SKA47" duration="00:00:00.0000469" startTime="2021-12-16T16:16:29.1020405+03:00" endTime="2021-12-16T16:16:29.1020410+03:00" testType="13cdc9d9-ddb5-4fa4-a97d-d965ccfc6d4b" outcome="Passed" testListId="8c84fa94-04c1-424b-9868-57a2d4851a1d" relativeResultsDirectory="e4a62702-6e42-46e4-8fa7-360d532db96b" />
    <UnitTestResult executionId="872c0354-ed92-4687-90cc-2ca8844263f9" testId="85510b97-bc29-2cdc-f87e-f5117f0740a0" testName="Skillaz.Tests.Avito.Publications.AvitoPublishVacancyCommand_feature.ErrorProcessingAvitoApiClient_checking_exceptionMessage_with_statuscode_402_and_billingType_package" computerName="DESKTOP-F6SKA47" duration="00:00:16.3118586" startTime="2021-12-16T16:29:51.9856285+03:00" endTime="2021-12-16T16:29:51.9856288+03:00" testType="13cdc9d9-ddb5-4fa4-a97d-d965ccfc6d4b" outcome="Passed" testListId="8c84fa94-04c1-424b-9868-57a2d4851a1d" relativeResultsDirectory="872c0354-ed92-4687-90cc-2ca8844263f9">
      <Output>
        <StdOut>SCENARIO: ErrorProcessingAvitoApiClient checking exceptionMessage with statuscode 402 and billingType package&#xD;
  STEP 1/7: GIVEN Given a company...&#xD;
  STEP 1/7: GIVEN Given a company (Passed after 67ms)&#xD;
  STEP 2/7: AND Given the authenticated user...&#xD;
  STEP 2/7: AND Given the authenticated user (Passed after 152ms)&#xD;
  STEP 3/7: AND Given a avito account...&#xD;
  STEP 3/7: AND Given a avito account (Passed after 87ms)&#xD;
  STEP 4/7: AND Given a avito vacancy [statusCode: "402"] [billingType: "package"]...&#xD;
  STEP 4/7: AND Given a avito vacancy [statusCode: "402"] [billingType: "package"] (Passed after &lt;1ms)&#xD;
  STEP 5/7: AND Given a error responce [statusCode: "402"]...&#xD;
  STEP 5/7: AND Given a error responce [statusCode: "402"] (Passed after &lt;1ms)&#xD;
  STEP 6/7: WHEN When avito vacancy is published [statusCode: "402"] [billingType: "package"]...&#xD;
  STEP 6/7: WHEN When avito vacancy is published [statusCode: "402"] [billingType: "package"] (Passed after 11s 109ms)&#xD;
  STEP 7/7: THEN Then avito does not validate employee and returns an error [statusCode: "402"] [avitoBillingType: "package"]...&#xD;
  STEP 7/7: THEN Then avito does not validate employee and returns an error [statusCode: "402"] [avitoBillingType: "package"] (Passed after 247ms)&#xD;
  SCENARIO RESULT: Passed after 11s 685ms</StdOut>
      </Output>
    </UnitTestResult>
    <UnitTestResult executionId="20d981a6-9596-45a4-b3bb-69aece2d46b9" testId="019b787c-88b2-9680-3a7b-9251d2235f77" testName="Skillaz.Tests.CompanySpecific.X5.Naumen.NaumenSlaTests.Sla_calculates_correctly_for_next_day(candidateTimeZone: 6, sla: 02:00:00, startDate: 2020-01-01T00:30:00.0000000Z, truth: [NaumenTimeRange { From = &quot;2020-01-01 07:00:00&quot;, To = &quot;2020-01-01 09:00:00&quot; }])" computerName="DESKTOP-F6SKA47" duration="00:00:00.0000219" startTime="2021-12-16T16:16:29.2764770+03:00" endTime="2021-12-16T16:16:29.2764776+03:00" testType="13cdc9d9-ddb5-4fa4-a97d-d965ccfc6d4b" outcome="Passed" testListId="8c84fa94-04c1-424b-9868-57a2d4851a1d" relativeResultsDirectory="20d981a6-9596-45a4-b3bb-69aece2d46b9" />
    <UnitTestResult executionId="2cd91068-48d0-4b69-81c4-05e810c5a4fb" testId="39bbe88c-a5a1-69b6-0e18-a75bb02edd6c" testName="Skillaz.Tests.CompanySpecific.X5.Naumen.NaumenSlaTests.Sla_calculates_correctly_within_one_day(candidateTimeZone: 10, sla: 05:00:00, startDate: 2019-12-31T05:00:00.0000000Z, truth: [NaumenTimeRange { From = &quot;2019-12-31 08:00:00&quot;, To = &quot;2019-12-31 13:00:00&quot; }])" computerName="DESKTOP-F6SKA47" duration="00:00:00.0000329" startTime="2021-12-16T16:16:29.0370851+03:00" endTime="2021-12-16T16:16:29.0370913+03:00" testType="13cdc9d9-ddb5-4fa4-a97d-d965ccfc6d4b" outcome="Passed" testListId="8c84fa94-04c1-424b-9868-57a2d4851a1d" relativeResultsDirectory="2cd91068-48d0-4b69-81c4-05e810c5a4fb" />
    <UnitTestResult executionId="3112994f-ccd0-4eb6-8e06-55575fa0f499" testId="019b787c-88b2-9680-3a7b-9251d2235f77" testName="Skillaz.Tests.CompanySpecific.X5.Naumen.NaumenSlaTests.Sla_calculates_correctly_for_next_day(candidateTimeZone: 8, sla: 02:00:00, startDate: 2019-12-31T23:30:00.0000000Z, truth: [NaumenTimeRange { From = &quot;2020-01-01 07:00:00&quot;, To = &quot;2020-01-01 09:00:00&quot; }])" computerName="DESKTOP-F6SKA47" duration="00:00:00.0000292" startTime="2021-12-16T16:16:29.3024000+03:00" endTime="2021-12-16T16:16:29.3024019+03:00" testType="13cdc9d9-ddb5-4fa4-a97d-d965ccfc6d4b" outcome="Passed" testListId="8c84fa94-04c1-424b-9868-57a2d4851a1d" relativeResultsDirectory="3112994f-ccd0-4eb6-8e06-55575fa0f499" />
    <UnitTestResult executionId="b65cdb65-da80-4816-9a0c-8197d6ae3cca" testId="257ce9a0-ab3d-e6a3-6b6a-b36bc47af7bb" testName="Skillaz.Tests.Configurator.DocumentModel.ValidationFeature.Проверить_настройку_значений_валидации(positionsCount: 2, salaryFrom: 3, gmt: 4, expected: True)" computerName="DESKTOP-F6SKA47" duration="00:00:03.6936243" startTime="2021-12-16T16:22:35.6938036+03:00" endTime="2021-12-16T16:22:35.6938050+03:00" testType="13cdc9d9-ddb5-4fa4-a97d-d965ccfc6d4b" outcome="Passed" testListId="8c84fa94-04c1-424b-9868-57a2d4851a1d" relativeResultsDirectory="b65cdb65-da80-4816-9a0c-8197d6ae3cca">
      <Output>
        <StdOut>SCENARIO: Проверить настройку значений валидации [positionsCount: "2"] [salaryFrom: "3"] [gmt: "4"] [expected: "True"]&#xD;
  STEP 1/6: GIVEN Given a company...&#xD;
  STEP 1/6: GIVEN Given a company (Passed after 200ms)&#xD;
  STEP 2/6: AND Given the authenticated user...&#xD;
  STEP 2/6: AND Given the authenticated user (Passed after 286ms)&#xD;
  STEP 3/6: AND Определить модель ОЕ...&#xD;
  STEP 3/6: AND Определить модель ОЕ (Passed after 368ms)&#xD;
  STEP 4/6: AND Определить модель вакансии с ссылкой на ОЕ...&#xD;
  STEP 4/6: AND Определить модель вакансии с ссылкой на ОЕ (Passed after 370ms)&#xD;
  STEP 5/6: AND Создать ОЕ...&#xD;
  STEP 5/6: AND Создать ОЕ (Passed after 372ms)&#xD;
  STEP 6/6: WHEN Проверить валидацию [positionsCount: "2"] [salaryFrom: "3"] [gmt: "4"] [expected: "True"]...&#xD;
  STEP 6/6: WHEN Проверить валидацию [positionsCount: "2"] [salaryFrom: "3"] [gmt: "4"] [expected: "True"] (Passed after 1s 045ms)&#xD;
  SCENARIO RESULT: Passed after 2s 687ms</StdOut>
      </Output>
    </UnitTestResult>
    <UnitTestResult executionId="d1b1eb62-f063-42d3-bfaf-aaab97d2ff4c" testId="a300de76-d456-93d0-4b04-e577caeee963" testName="Skillaz.Tests.Assessment.Interviews.VideoInterview_feature.Setting_an_assessment" computerName="DESKTOP-F6SKA47" duration="00:00:03.7585646" startTime="2021-12-16T16:26:07.2989350+03:00" endTime="2021-12-16T16:26:07.2989353+03:00" testType="13cdc9d9-ddb5-4fa4-a97d-d965ccfc6d4b" outcome="Passed" testListId="8c84fa94-04c1-424b-9868-57a2d4851a1d" relativeResultsDirectory="d1b1eb62-f063-42d3-bfaf-aaab97d2ff4c">
      <Output>
        <StdOut>SCENARIO: Setting an assessment&#xD;
  STEP 1/5: GIVEN a candidate in a vacancy in a company...&#xD;
  STEP 1/5: GIVEN a candidate in a vacancy in a company (Passed after 512ms)&#xD;
  STEP 2/5: AND the authenticated user...&#xD;
  STEP 2/5: AND the authenticated user (Passed after 148ms)&#xD;
  STEP 3/5: AND the interview...&#xD;
  STEP 3/5: AND the interview (Passed after 146ms)&#xD;
  STEP 4/5: WHEN an assessment is set...&#xD;
  STEP 4/5: WHEN an assessment is set (Passed after 1s 407ms)&#xD;
  STEP 5/5: THEN an assessment should be set...&#xD;
  STEP 5/5: THEN an assessment should be set (Passed after 473ms)&#xD;
  SCENARIO RESULT: Passed after 2s 693ms</StdOut>
      </Output>
    </UnitTestResult>
    <UnitTestResult executionId="2af6be1b-8167-43c8-94cc-dac061614e54" testId="7808ca73-ac8c-ad21-0127-6f649cf46329" testName="Skillaz.Tests.Notifications.CustomNotifications_feature.GetPreviewForCustomNotification(currentStatusId: &quot;new&quot;, sendingType: Email, status: &quot;target&quot;, templateType: &quot;helloToCandidate&quot;, result: (Ivanov Ivan&lt;ivan.ivanov@skillaz.co&gt;, M.Video, test message to Ivan))" computerName="DESKTOP-F6SKA47" duration="00:00:04.8554201" startTime="2021-12-16T16:25:50.4657161+03:00" endTime="2021-12-16T16:25:50.4657184+03:00" testType="13cdc9d9-ddb5-4fa4-a97d-d965ccfc6d4b" outcome="Passed" testListId="8c84fa94-04c1-424b-9868-57a2d4851a1d" relativeResultsDirectory="2af6be1b-8167-43c8-94cc-dac061614e54">
      <Output>
        <StdOut>SCENARIO: GetPreviewForCustomNotification [currentStatusId: "new"] [sendingType: "Email"] [status: "target"] [templateType: "helloToCandidate"] [result: "(Ivanov Ivan&lt;ivan.ivanov@skillaz.co&gt;, M.Video, test message to Ivan)"]&#xD;
  STEP 1/8: GIVEN Given a candidate in a vacancy in a company [makeCompany: "System.Func`1[Skillaz.Candidate.Contract.LegacyCompany.LegacyCompanyDocument]"]...&#xD;
  STEP 1/8: GIVEN Given a candidate in a vacancy in a company [makeCompany: "System.Func`1[Skillaz.Candidate.Contract.LegacyCompany.LegacyCompanyDocument]"] (Passed after 471ms)&#xD;
  STEP 2/8: AND Given the authenticated user...&#xD;
  STEP 2/8: AND Given the authenticated user (Passed after 100ms)&#xD;
  STEP 3/8: AND Given the ClientConfigurationForCompany...&#xD;
  STEP 3/8: AND Given the ClientConfigurationForCompany (Passed after 157ms)&#xD;
  STEP 4/8: AND Given the Funnel...&#xD;
  STEP 4/8: AND Given the Funnel (Passed after 198ms)&#xD;
  STEP 5/8: AND Given CandidateCurentStatus [statusId: "new"]...&#xD;
  STEP 5/8: AND Given CandidateCurentStatus [statusId: "new"] (Passed after 45ms)&#xD;
  STEP 6/8: AND Given MessagesTemplates...&#xD;
  STEP 6/8: AND Given MessagesTemplates (Passed after 710ms)&#xD;
  STEP 7/8: WHEN When GetPreview [sendingType: "Email"] [status: "target"] [templateType: "helloToCandidate"]...&#xD;
  STEP 7/8: WHEN When GetPreview [sendingType: "Email"] [status: "target"] [templateType: "helloToCandidate"] (Passed after 1s 571ms)&#xD;
  STEP 8/8: THEN Then CheckPreviewIsBuilded [result: "(Ivanov Ivan&lt;ivan.ivanov@skillaz.co&gt;, M.Video, test message to Ivan)"]...&#xD;
  STEP 8/8: THEN Then CheckPreviewIsBuilded [result: "(Ivanov Ivan&lt;ivan.ivanov@skillaz.co&gt;, M.Video, test message to Ivan)"] (Passed after 17ms)&#xD;
  SCENARIO RESULT: Passed after 3s 294ms</StdOut>
      </Output>
    </UnitTestResult>
    <UnitTestResult executionId="7db92333-09a7-46c4-af96-f9e72818859b" testId="019b787c-88b2-9680-3a7b-9251d2235f77" testName="Skillaz.Tests.CompanySpecific.X5.Naumen.NaumenSlaTests.Sla_calculates_correctly_for_next_day(candidateTimeZone: 11, sla: 02:00:00, startDate: 2019-12-31T20:00:00.0000000Z, truth: [NaumenTimeRange { From = &quot;2020-01-01 07:00:00&quot;, To = &quot;2020-01-01 09:00:00&quot; }])" computerName="DESKTOP-F6SKA47" duration="00:00:00.0000356" startTime="2021-12-16T16:16:29.3602080+03:00" endTime="2021-12-16T16:16:29.3602084+03:00" testType="13cdc9d9-ddb5-4fa4-a97d-d965ccfc6d4b" outcome="Passed" testListId="8c84fa94-04c1-424b-9868-57a2d4851a1d" relativeResultsDirectory="7db92333-09a7-46c4-af96-f9e72818859b" />
    <UnitTestResult executionId="e2888e79-6d9e-4fe2-82d1-54de106b6052" testId="11e6a20c-f1a0-dbc3-7e76-f9b418cfead8" testName="Skillaz.Tests.Request.X5.X5GetRequestListCommand_feature.If_request_has_no_salary_at_all_result_name_should_not_contain_salary_part_at_all" computerName="DESKTOP-F6SKA47" duration="00:00:08.8211996" startTime="2021-12-16T16:24:59.7922640+03:00" endTime="2021-12-16T16:24:59.7922717+03:00" testType="13cdc9d9-ddb5-4fa4-a97d-d965ccfc6d4b" outcome="Passed" testListId="8c84fa94-04c1-424b-9868-57a2d4851a1d" relativeResultsDirectory="e2888e79-6d9e-4fe2-82d1-54de106b6052">
      <Output>
        <StdOut>SCENARIO: If request has no salary at all result name should not contain salary part at all&#xD;
  STEP 1/8: GIVEN a company [companyId: "61bb3e237f10d6937478e064"]...&#xD;
  STEP 1/8: GIVEN a company [companyId: "61bb3e237f10d6937478e064"] (Passed after 43ms)&#xD;
  STEP 2/8: AND the vacancy in the company...&#xD;
  STEP 2/8: AND the vacancy in the company (Passed after 153ms)&#xD;
  STEP 3/8: AND candidate "Skillaz.Candidate.Contract.Documents.Candidate.CandidateDocument"...&#xD;
  STEP 3/8: AND candidate "Skillaz.Candidate.Contract.Documents.Candidate.CandidateDocument" (Passed after 271ms)&#xD;
  STEP 4/8: AND request "Skillaz.Candidate.Contract.Request.RequestDocument"...&#xD;
  STEP 4/8: AND request "Skillaz.Candidate.Contract.Request.RequestDocument" (Passed after 226ms)&#xD;
  STEP 5/8: AND created indexes for requests...&#xD;
  STEP 5/8: AND created indexes for requests (Passed after 3s 962ms)&#xD;
  STEP 6/8: AND candidate profile [candidateProfileDocument: "Skillaz.Candidate.Contract.Documents.CandidateProfile.CandidateProfileDocument"]...&#xD;
  STEP 6/8: AND candidate profile [candidateProfileDocument: "Skillaz.Candidate.Contract.Documents.CandidateProfile.CandidateProfileDocument"] (Passed after 137ms)&#xD;
  STEP 7/8: WHEN getting available requests list...&#xD;
  STEP 7/8: WHEN getting available requests list (Passed after 1s 705ms)&#xD;
  STEP 8/8: THEN result list consists of one element with name "Request #1020 (Расстояние: 28.2 км.) Moscow, Pokryshkina, 10/2, тип: Обычный, график: Flexible, пол: Мужской"...&#xD;
  STEP 8/8: THEN result list consists of one element with name "Request #1020 (Расстояние: 28.2 км.) Moscow, Pokryshkina, 10/2, тип: Обычный, график: Flexible, пол: Мужской" (Passed after 24ms)&#xD;
  SCENARIO RESULT: Passed after 6s 544ms</StdOut>
      </Output>
    </UnitTestResult>
    <UnitTestResult executionId="2cc647bf-a19b-4a6f-b814-4a0512e44ff3" testId="37e6c8b1-fcd9-734e-b323-21d4c73996f9" testName="Skillaz.Tests.CompanySpecific.Mvideo.MvideoOpenApiSapAvaliablePositionsHireNeedBatchRequest_feature.CheckAvaliablePositionsInHireNeedAfterOpenApiRequest_AllRequests(staffCount: 6, employeesCount: 4, manualApprovedCounts: [1], batchOrgItems: (5, 4), expected: (1, Кейс 3. Размер поиска = 1))" computerName="DESKTOP-F6SKA47" duration="00:00:00.0010000" startTime="2021-12-16T16:29:45.6774311+03:00" endTime="2021-12-16T16:29:45.6774336+03:00" testType="13cdc9d9-ddb5-4fa4-a97d-d965ccfc6d4b" outcome="NotExecuted" testListId="8c84fa94-04c1-424b-9868-57a2d4851a1d" relativeResultsDirectory="2cc647bf-a19b-4a6f-b814-4a0512e44ff3">
      <Output>
        <StdOut>Вернуть тесты после правок по потребностям Mvideo</StdOut>
      </Output>
    </UnitTestResult>
    <UnitTestResult executionId="8ace6428-219c-4952-a447-36a4c57e83bc" testId="8206b2f4-fb0f-f216-5451-73790adfae5a" testName="Skillaz.Tests.Helpers.TimeBoundariesHelperFeature.AddHours(lower: 1, upper: 23, timeZone: 3, results: [0, 2, 4, 24])" computerName="DESKTOP-F6SKA47" duration="00:00:00.0019558" startTime="2021-12-16T16:16:29.9791645+03:00" endTime="2021-12-16T16:16:29.9791685+03:00" testType="13cdc9d9-ddb5-4fa4-a97d-d965ccfc6d4b" outcome="Passed" testListId="8c84fa94-04c1-424b-9868-57a2d4851a1d" relativeResultsDirectory="8ace6428-219c-4952-a447-36a4c57e83bc" />
    <UnitTestResult executionId="369693d5-8d11-4221-9e8e-0e3761577e66" testId="019b787c-88b2-9680-3a7b-9251d2235f77" testName="Skillaz.Tests.CompanySpecific.X5.Naumen.NaumenSlaTests.Sla_calculates_correctly_for_next_day(candidateTimeZone: 8, sla: 02:00:00, startDate: 2019-12-31T15:30:00.0000000Z, truth: [NaumenTimeRange { From = &quot;2020-01-01 07:00:00&quot;, To = &quot;2020-01-01 09:00:00&quot; }])" computerName="DESKTOP-F6SKA47" duration="00:00:00.0000308" startTime="2021-12-16T16:16:29.2924043+03:00" endTime="2021-12-16T16:16:29.2924047+03:00" testType="13cdc9d9-ddb5-4fa4-a97d-d965ccfc6d4b" outcome="Passed" testListId="8c84fa94-04c1-424b-9868-57a2d4851a1d" relativeResultsDirectory="369693d5-8d11-4221-9e8e-0e3761577e66" />
    <UnitTestResult executionId="0a080ae3-62c6-4810-ac08-51d36121c0a7" testId="fc816dc0-d2e7-a118-72b1-e30b55bda7fd" testName="Skillaz.Tests.CompanySpecific.Mvideo.MvideoOpenApiSapAvaliablePositionsHireNeedBatchRequest_feature.CheckAvaliablePositionsInHireNeedAfterOpenApiRequest_RequestsNustBeInWork(staffCount: 8, employeesCount: 6, manualApprovedCounts: [3], batchOrgItems: (7, 6), expected: (2, Катя Нашла кейс интересный Размер поиска = 2))" computerName="DESKTOP-F6SKA47" duration="00:00:00.0010000" startTime="2021-12-16T16:29:45.5382297+03:00" endTime="2021-12-16T16:29:45.5382325+03:00" testType="13cdc9d9-ddb5-4fa4-a97d-d965ccfc6d4b" outcome="NotExecuted" testListId="8c84fa94-04c1-424b-9868-57a2d4851a1d" relativeResultsDirectory="0a080ae3-62c6-4810-ac08-51d36121c0a7">
      <Output>
        <StdOut>Вернуть тесты после правок по потребностям Mvideo</StdOut>
      </Output>
    </UnitTestResult>
    <UnitTestResult executionId="261ecb34-83ad-4aec-86c8-12cf9e1fccb6" testId="37af2b6a-f2d3-27de-c92c-275ed3b80c52" testName="Skillaz.Tests.Candidate.Appointments.SetAppointmentOnStatusChange_feature.Change_candidate_status_and_create_another_appointment_from_enter_form" computerName="DESKTOP-F6SKA47" duration="00:00:33.9892068" startTime="2021-12-16T16:20:15.4982958+03:00" endTime="2021-12-16T16:20:15.4982979+03:00" testType="13cdc9d9-ddb5-4fa4-a97d-d965ccfc6d4b" outcome="Passed" testListId="8c84fa94-04c1-424b-9868-57a2d4851a1d" relativeResultsDirectory="261ecb34-83ad-4aec-86c8-12cf9e1fccb6">
      <Output>
        <StdOut>SCENARIO: Change candidate status and create another appointment from enter form&#xD;
  STEP 1/13: GIVEN a company...&#xD;
  STEP 1/13: GIVEN a company (Passed after 1s 122ms)&#xD;
  STEP 2/13: AND the vacancy in the company...&#xD;
  STEP 2/13: AND the vacancy in the company (Passed after 1s 115ms)&#xD;
  STEP 3/13: AND the authenticated user...&#xD;
  STEP 3/13: AND the authenticated user (Passed after 1s 872ms)&#xD;
  STEP 4/13: AND a funnel...&#xD;
  STEP 4/13: AND a funnel (Passed after 369ms)&#xD;
  STEP 5/13: AND client configuration with check workflow and model...&#xD;
  STEP 5/13: AND client configuration with check workflow and model (Passed after 3s 533ms)&#xD;
  STEP 6/13: AND a candidate...&#xD;
  STEP 6/13: AND a candidate (Passed after 367ms)&#xD;
  STEP 7/13: AND interview time slot...&#xD;
  STEP 7/13: AND interview time slot (Passed after 191ms)&#xD;
  STEP 8/13: AND existing occupied time slot [candidateId: "61bb3cf57f10d6937478ada1"]...&#xD;
  STEP 8/13: AND existing occupied time slot [candidateId: "61bb3cf57f10d6937478ada1"] (Passed after 5ms)&#xD;
  STEP 9/13: AND existing candidate "Skillaz.Candidate.Contract.Documents.Candidate.CandidateDocument" appointment...&#xD;
  STEP 9/13: AND existing candidate "Skillaz.Candidate.Contract.Documents.Candidate.CandidateDocument" appointment (Passed after 2s 303ms)&#xD;
  STEP 10/13: WHEN candidate status changed and appointment assigned...&#xD;
  STEP 10/13: WHEN candidate status changed and appointment assigned (Passed after 17s 551ms)&#xD;
  STEP 11/13: THEN candidate has appointment...&#xD;
  STEP 11/13: THEN candidate has appointment (Passed after 270ms)&#xD;
  STEP 12/13: AND time slot is occupied...&#xD;
  STEP 12/13: AND time slot is occupied (Passed after 385ms)&#xD;
  STEP 13/13: AND old timeslot is released...&#xD;
  STEP 13/13: AND old timeslot is released (Passed after 111ms)&#xD;
  SCENARIO RESULT: Passed after 29s 499ms</StdOut>
      </Output>
    </UnitTestResult>
    <UnitTestResult executionId="a6ba77cb-9ffa-4d25-a69a-fccd7c201603" testId="c28d61ae-e3f5-4743-d5ec-172555b33b59" testName="Skillaz.Tests.HH.HHApiClient_feature.HH_API_anonymous_client_creates_without_accounts" computerName="DESKTOP-F6SKA47" duration="00:00:07.1324211" startTime="2021-12-16T16:23:09.3599001+03:00" endTime="2021-12-16T16:23:09.3599006+03:00" testType="13cdc9d9-ddb5-4fa4-a97d-d965ccfc6d4b" outcome="Passed" testListId="8c84fa94-04c1-424b-9868-57a2d4851a1d" relativeResultsDirectory="a6ba77cb-9ffa-4d25-a69a-fccd7c201603">
      <Output>
        <StdOut>SCENARIO: HH API anonymous client creates without accounts&#xD;
  STEP 1/4: GIVEN a company with allowed employers...&#xD;
  STEP 1/4: GIVEN a company with allowed employers (Passed after 1s 717ms)&#xD;
  STEP 2/4: AND the authenticated user...&#xD;
  STEP 2/4: AND the authenticated user (Passed after 1s 697ms)&#xD;
  STEP 3/4: WHEN anonymous client is requested...&#xD;
  STEP 3/4: WHEN anonymous client is requested (Passed after 178ms)&#xD;
  STEP 4/4: THEN api client is successfully created...&#xD;
  STEP 4/4: THEN api client is successfully created (Passed after &lt;1ms)&#xD;
  SCENARIO RESULT: Passed after 3s 599ms</StdOut>
      </Output>
    </UnitTestResult>
    <UnitTestResult executionId="028767df-1ca8-4ab4-92d5-aa16f23836ab" testId="51071ac4-44ca-c821-fb75-3e43aa51f83d" testName="Skillaz.Tests.Telephony.CallList_ExtendFilter_feature.CheckMultiFilterIncludeAndExludeNegotationCase" computerName="DESKTOP-F6SKA47" duration="00:00:02.8022320" startTime="2021-12-16T16:27:25.3892148+03:00" endTime="2021-12-16T16:27:25.3892163+03:00" testType="13cdc9d9-ddb5-4fa4-a97d-d965ccfc6d4b" outcome="Passed" testListId="8c84fa94-04c1-424b-9868-57a2d4851a1d" relativeResultsDirectory="028767df-1ca8-4ab4-92d5-aa16f23836ab">
      <Output>
        <StdOut>SCENARIO: CheckMultiFilterIncludeAndExludeNegotationCase&#xD;
  STEP 1/8: GIVEN Given a company...&#xD;
  STEP 1/8: GIVEN Given a company (Passed after 150ms)&#xD;
  STEP 2/8: AND Given the authenticated user...&#xD;
  STEP 2/8: AND Given the authenticated user (Passed after 425ms)&#xD;
  STEP 3/8: AND Given a vacancy...&#xD;
  STEP 3/8: AND Given a vacancy (Passed after 254ms)&#xD;
  STEP 4/8: AND Given a candidates from custom...&#xD;
  STEP 4/8: AND Given a candidates from custom (Passed after 570ms)&#xD;
  STEP 5/8: AND Given outgoing campaign...&#xD;
  STEP 5/8: AND Given outgoing campaign (Passed after 207ms)&#xD;
  STEP 6/8: WHEN CreateSimpleExtendFilter [include: "(All, System.String[])"] [exclude: "(All, System.String[]), (Any, System.String[])"]...&#xD;
  STEP 6/8: WHEN CreateSimpleExtendFilter [include: "(All, System.String[])"] [exclude: "(All, System.String[]), (Any, System.String[])"] (Passed after &lt;1ms)&#xD;
  STEP 7/8: AND When candidates requested using advanced filter...&#xD;
  STEP 7/8: AND When candidates requested using advanced filter (Passed after 794ms)&#xD;
  STEP 8/8: THEN Then candidates count "4" correct...&#xD;
  STEP 8/8: THEN Then candidates count "4" correct (Passed after &lt;1ms)&#xD;
  SCENARIO RESULT: Passed after 2s 460ms</StdOut>
      </Output>
    </UnitTestResult>
    <UnitTestResult executionId="3c043cdb-f9e8-4792-a340-aa937a0711b8" testId="283432f9-8f46-bba8-d1ab-a3ba70a4ba5e" testName="Skillaz.Tests.CompanySpecific.Sberbank.SberPositionsTests.SberPositionCommand_should_work_as_expected(vacancyName: &quot;Клиентский менеджер малого&quot;, expectedPositionId: &quot;client_manger_sber_mmb&quot;)" computerName="DESKTOP-F6SKA47" duration="00:00:00.0002567" startTime="2021-12-16T16:16:29.6713364+03:00" endTime="2021-12-16T16:16:29.6713370+03:00" testType="13cdc9d9-ddb5-4fa4-a97d-d965ccfc6d4b" outcome="Passed" testListId="8c84fa94-04c1-424b-9868-57a2d4851a1d" relativeResultsDirectory="3c043cdb-f9e8-4792-a340-aa937a0711b8" />
    <UnitTestResult executionId="0d1bde0b-a58f-476e-a769-8f52b4de6b1a" testId="019b787c-88b2-9680-3a7b-9251d2235f77" testName="Skillaz.Tests.CompanySpecific.X5.Naumen.NaumenSlaTests.Sla_calculates_correctly_for_next_day(candidateTimeZone: 10, sla: 02:00:00, startDate: 2019-12-31T21:30:00.0000000Z, truth: [NaumenTimeRange { From = &quot;2020-01-01 07:00:00&quot;, To = &quot;2020-01-01 09:00:00&quot; }])" computerName="DESKTOP-F6SKA47" duration="00:00:00.0000310" startTime="2021-12-16T16:16:29.3363284+03:00" endTime="2021-12-16T16:16:29.3363295+03:00" testType="13cdc9d9-ddb5-4fa4-a97d-d965ccfc6d4b" outcome="Passed" testListId="8c84fa94-04c1-424b-9868-57a2d4851a1d" relativeResultsDirectory="0d1bde0b-a58f-476e-a769-8f52b4de6b1a" />
    <UnitTestResult executionId="83260699-0459-41f0-8eb0-127c189e3335" testId="39bbe88c-a5a1-69b6-0e18-a75bb02edd6c" testName="Skillaz.Tests.CompanySpecific.X5.Naumen.NaumenSlaTests.Sla_calculates_correctly_within_one_day(candidateTimeZone: 8, sla: 01:00:00, startDate: 2019-12-31T11:00:00.0000000Z, truth: [NaumenTimeRange { From = &quot;2019-12-31 14:00:00&quot;, To = &quot;2019-12-31 15:00:00&quot; }])" computerName="DESKTOP-F6SKA47" duration="00:00:00.0000527" startTime="2021-12-16T16:16:29.0175850+03:00" endTime="2021-12-16T16:16:29.0175853+03:00" testType="13cdc9d9-ddb5-4fa4-a97d-d965ccfc6d4b" outcome="Passed" testListId="8c84fa94-04c1-424b-9868-57a2d4851a1d" relativeResultsDirectory="83260699-0459-41f0-8eb0-127c189e3335" />
    <UnitTestResult executionId="3fe7919b-2c8d-4412-ab8e-b28f601fc97f" testId="019b787c-88b2-9680-3a7b-9251d2235f77" testName="Skillaz.Tests.CompanySpecific.X5.Naumen.NaumenSlaTests.Sla_calculates_correctly_for_next_day(candidateTimeZone: 8, sla: 02:00:00, startDate: 2020-01-01T00:00:00.0000000Z, truth: [NaumenTimeRange { From = &quot;2020-01-01 07:00:00&quot;, To = &quot;2020-01-01 09:00:00&quot; }])" computerName="DESKTOP-F6SKA47" duration="00:00:00.0000323" startTime="2021-12-16T16:16:29.3025100+03:00" endTime="2021-12-16T16:16:29.3025112+03:00" testType="13cdc9d9-ddb5-4fa4-a97d-d965ccfc6d4b" outcome="Passed" testListId="8c84fa94-04c1-424b-9868-57a2d4851a1d" relativeResultsDirectory="3fe7919b-2c8d-4412-ab8e-b28f601fc97f" />
    <UnitTestResult executionId="a9eff3e7-1e09-4900-a365-641dc115b59f" testId="f5cb8ad0-bdcc-fe05-f16e-c3746c9c5b0f" testName="Генерация ссылки для витрины с фильтрами(key: &quot;/showcase?IsHot=true&quot;)" computerName="DESKTOP-F6SKA47" duration="00:00:00.0035671" startTime="2021-12-16T16:29:36.3171946+03:00" endTime="2021-12-16T16:29:36.3171950+03:00" testType="13cdc9d9-ddb5-4fa4-a97d-d965ccfc6d4b" outcome="Passed" testListId="8c84fa94-04c1-424b-9868-57a2d4851a1d" relativeResultsDirectory="a9eff3e7-1e09-4900-a365-641dc115b59f" />
    <UnitTestResult executionId="1ae18d6c-0b26-4a9e-a5ae-79ad3f329bb7" testId="d19cdaaf-3d8b-9e5c-7716-fe24cb83faf5" testName="Skillaz.Tests.Candidate.Checks.CandidateAprove_feature.Candidate_checks_workflow_second_state_whith_approval_declined" computerName="DESKTOP-F6SKA47" duration="00:00:13.2982043" startTime="2021-12-16T16:25:46.1099561+03:00" endTime="2021-12-16T16:25:46.1099569+03:00" testType="13cdc9d9-ddb5-4fa4-a97d-d965ccfc6d4b" outcome="Passed" testListId="8c84fa94-04c1-424b-9868-57a2d4851a1d" relativeResultsDirectory="1ae18d6c-0b26-4a9e-a5ae-79ad3f329bb7">
      <Output>
        <StdOut>SCENARIO: Candidate checks workflow second state whith approval declined&#xD;
  STEP 1/9: GIVEN a company...&#xD;
  STEP 1/9: GIVEN a company (Passed after 1s 457ms)&#xD;
  STEP 2/9: AND the vacancy in the company...&#xD;
  STEP 2/9: AND the vacancy in the company (Passed after 604ms)&#xD;
  STEP 3/9: AND the authenticated user...&#xD;
  STEP 3/9: AND the authenticated user (Passed after 570ms)&#xD;
  STEP 4/9: AND checks workflow second state whith approval...&#xD;
  STEP 4/9: AND checks workflow second state whith approval (Passed after 1s 837ms)&#xD;
  STEP 5/9: AND a funnel...&#xD;
  STEP 5/9: AND a funnel (Passed after 109ms)&#xD;
  STEP 6/9: AND a candidate with check...&#xD;
  STEP 6/9: AND a candidate with check (Passed after 3s 570ms)&#xD;
  STEP 7/9: WHEN start approve...&#xD;
  STEP 7/9: WHEN start approve (Passed after 1s 100ms)&#xD;
  STEP 8/9: AND check declined...&#xD;
  STEP 8/9: AND check declined (Passed after 1s 961ms)&#xD;
  STEP 9/9: THEN check declined...&#xD;
  STEP 9/9: THEN check declined (Passed after 881ms)&#xD;
  SCENARIO RESULT: Passed after 12s 099ms</StdOut>
      </Output>
    </UnitTestResult>
    <UnitTestResult executionId="627dbaed-4e58-47c2-8b48-efe6ca152048" testId="d07f5d25-005d-4dc1-6ad6-ee7854ba8bd6" testName="Skillaz.Tests.Users.UserController_feature.RoleCandidateFilterServiceUpdate" computerName="DESKTOP-F6SKA47" duration="00:00:06.7671486" startTime="2021-12-16T16:22:08.8208223+03:00" endTime="2021-12-16T16:22:08.8208254+03:00" testType="13cdc9d9-ddb5-4fa4-a97d-d965ccfc6d4b" outcome="Passed" testListId="8c84fa94-04c1-424b-9868-57a2d4851a1d" relativeResultsDirectory="627dbaed-4e58-47c2-8b48-efe6ca152048">
      <Output>
        <StdOut>SCENARIO: RoleCandidateFilterServiceUpdate&#xD;
  STEP 1/6: GIVEN Given a company...&#xD;
  STEP 1/6: GIVEN Given a company (Passed after 113ms)&#xD;
  STEP 2/6: AND Given the authenticated user...&#xD;
  STEP 2/6: AND Given the authenticated user (Passed after 513ms)&#xD;
  STEP 3/6: AND Given a role...&#xD;
  STEP 3/6: AND Given a role (Passed after 861ms)&#xD;
  STEP 4/6: AND Given configuration...&#xD;
  STEP 4/6: AND Given configuration (Passed after 710ms)&#xD;
  STEP 5/6: WHEN When UpdateUserEditModel...&#xD;
  STEP 5/6: WHEN When UpdateUserEditModel (Passed after 2s 723ms)&#xD;
  STEP 6/6: THEN Then UpdateUserEditModel result...&#xD;
  STEP 6/6: THEN Then UpdateUserEditModel result (Passed after 147ms)&#xD;
  SCENARIO RESULT: Passed after 5s 083ms</StdOut>
      </Output>
    </UnitTestResult>
    <UnitTestResult executionId="90fe2a83-7f19-4c73-96a5-d840e21d095d" testId="00e8828d-1806-fe6f-71f7-5c64ecd9e761" testName="Skillaz.Tests.Configurator.Deduplication.UpdateCandidateByRuleTest.Check_Action_UpdateSource_AddWay_Negotiations_Change_Source" computerName="DESKTOP-F6SKA47" duration="00:00:03.0392224" startTime="2021-12-16T16:27:19.4299280+03:00" endTime="2021-12-16T16:27:19.4299304+03:00" testType="13cdc9d9-ddb5-4fa4-a97d-d965ccfc6d4b" outcome="Passed" testListId="8c84fa94-04c1-424b-9868-57a2d4851a1d" relativeResultsDirectory="90fe2a83-7f19-4c73-96a5-d840e21d095d">
      <Output>
        <StdOut>SCENARIO: Check Action UpdateSource AddWay Negotiations Change Source&#xD;
  STEP 1/5: Init...&#xD;
  STEP 1/5: Init (Passed after 2s 288ms)&#xD;
  STEP 2/5: GIVEN candidate existing source Avito...&#xD;
  STEP 2/5: GIVEN candidate existing source Avito (Passed after 4ms)&#xD;
  STEP 3/5: AND new candidate negotiation addWay source HH new vacancy...&#xD;
  STEP 3/5: AND new candidate negotiation addWay source HH new vacancy (Passed after 2ms)&#xD;
  STEP 4/5: WHEN DeduplicationAction...&#xD;
  STEP 4/5: WHEN DeduplicationAction (Passed after 7ms)&#xD;
  STEP 5/5: Check Change Source...&#xD;
  STEP 5/5: Check Change Source (Passed after 1ms)&#xD;
  SCENARIO RESULT: Passed after 2s 314ms</StdOut>
      </Output>
    </UnitTestResult>
    <UnitTestResult executionId="05531f9a-8240-47d9-937a-97937ee153ac" testId="9ff6bb29-c999-8080-eea6-e8eae81780e8" testName="Skillaz.Tests.ProcessingRole.ProcessingRoleCandidateSwitchStatus_feature.Switching_status_ProcessingRole" computerName="DESKTOP-F6SKA47" duration="00:00:09.3901893" startTime="2021-12-16T16:22:09.0583210+03:00" endTime="2021-12-16T16:22:09.0583333+03:00" testType="13cdc9d9-ddb5-4fa4-a97d-d965ccfc6d4b" outcome="Passed" testListId="8c84fa94-04c1-424b-9868-57a2d4851a1d" relativeResultsDirectory="05531f9a-8240-47d9-937a-97937ee153ac">
      <Output>
        <StdOut>SCENARIO: Switching status ProcessingRole&#xD;
  STEP 1/9: GIVEN a company...&#xD;
  STEP 1/9: GIVEN a company (Passed after 141ms)&#xD;
  STEP 2/9: AND the authenticated user...&#xD;
  STEP 2/9: AND the authenticated user (Passed after 612ms)&#xD;
  STEP 3/9: AND a funnel...&#xD;
  STEP 3/9: AND a funnel (Passed after 444ms)&#xD;
  STEP 4/9: AND a vacancy...&#xD;
  STEP 4/9: AND a vacancy (Passed after 681ms)&#xD;
  STEP 5/9: AND a candidate...&#xD;
  STEP 5/9: AND a candidate (Passed after 346ms)&#xD;
  STEP 6/9: AND a user...&#xD;
  STEP 6/9: AND a user (Passed after 269ms)&#xD;
  STEP 7/9: AND a ProcessingRole...&#xD;
  STEP 7/9: AND a ProcessingRole (Passed after 115ms)&#xD;
  STEP 8/9: WHEN status switching to interview...&#xD;
  STEP 8/9: WHEN status switching to interview (Passed after 4s 720ms)&#xD;
  STEP 9/9: THEN ProcessingRole added to candidate...&#xD;
  STEP 9/9: THEN ProcessingRole added to candidate (Passed after 193ms)&#xD;
  SCENARIO RESULT: Passed after 7s 533ms</StdOut>
      </Output>
    </UnitTestResult>
    <UnitTestResult executionId="4d0056d8-5585-43ec-89c8-50b47d8bc77c" testId="019b787c-88b2-9680-3a7b-9251d2235f77" testName="Skillaz.Tests.CompanySpecific.X5.Naumen.NaumenSlaTests.Sla_calculates_correctly_for_next_day(candidateTimeZone: 4, sla: 02:00:00, startDate: 2020-01-01T03:00:00.0000000Z, truth: [NaumenTimeRange { From = &quot;2020-01-01 08:00:00&quot;, To = &quot;2020-01-01 10:00:00&quot; }])" computerName="DESKTOP-F6SKA47" duration="00:00:00.0000329" startTime="2021-12-16T16:16:29.0965064+03:00" endTime="2021-12-16T16:16:29.0965076+03:00" testType="13cdc9d9-ddb5-4fa4-a97d-d965ccfc6d4b" outcome="Passed" testListId="8c84fa94-04c1-424b-9868-57a2d4851a1d" relativeResultsDirectory="4d0056d8-5585-43ec-89c8-50b47d8bc77c" />
    <UnitTestResult executionId="5fe32484-def8-4651-9f6d-a2c8506f4179" testId="8fafca6f-6d5e-095c-2d51-ba23fee29565" testName="Skillaz.Tests.Configurator.Validation.NotificationTemplates.Проверить_наличие_настроенных_шаблонов" computerName="DESKTOP-F6SKA47" duration="00:00:33.0380775" startTime="2021-12-16T16:18:20.7663000+03:00" endTime="2021-12-16T16:18:20.7663026+03:00" testType="13cdc9d9-ddb5-4fa4-a97d-d965ccfc6d4b" outcome="Passed" testListId="8c84fa94-04c1-424b-9868-57a2d4851a1d" relativeResultsDirectory="5fe32484-def8-4651-9f6d-a2c8506f4179">
      <Output>
        <StdOut>SCENARIO: Проверить наличие настроенных шаблонов&#xD;
  STEP 1/11: GIVEN a company...&#xD;
  STEP 1/11: GIVEN a company (Passed after 182ms)&#xD;
  STEP 2/11: AND the authenticated user...&#xD;
  STEP 2/11: AND the authenticated user (Passed after 159ms)&#xD;
  STEP 3/11: Выдать пользователю нужные права...&#xD;
  STEP 3/11: Выдать пользователю нужные права (Passed after &lt;1ms)&#xD;
  STEP 4/11: Загрузить воронку...&#xD;
  STEP 4/11: Загрузить воронку (Passed after 134ms)&#xD;
  STEP 5/11: Загрузить правила дедупликации...&#xD;
  STEP 5/11: Загрузить правила дедупликации (Passed after 2s 823ms)&#xD;
  STEP 6/11: Загрузить процесс в заявке...&#xD;
  STEP 6/11: Загрузить процесс в заявке (Passed after 342ms)&#xD;
  STEP 7/11: Загрузить шаблоны Email...&#xD;
  STEP 7/11: Загрузить шаблоны Email (Passed after 1s 385ms)&#xD;
  STEP 8/11: Загрузить шаблоны Sms...&#xD;
  STEP 8/11: Загрузить шаблоны Sms (Passed after 1s 876ms)&#xD;
  STEP 9/11: Проверить предупреждения для воронки...&#xD;
  STEP 9/11: Проверить предупреждения для воронки (Passed after 3s 783ms)&#xD;
  STEP 10/11: Проверить предупреждения для дедупликации...&#xD;
  STEP 10/11: Проверить предупреждения для дедупликации (Passed after 21s 530ms)&#xD;
  STEP 11/11: Проверить предупреждения для процесса...&#xD;
  STEP 11/11: Проверить предупреждения для процесса (Passed after 395ms)&#xD;
  SCENARIO RESULT: Passed after 32s 623ms</StdOut>
      </Output>
    </UnitTestResult>
    <UnitTestResult executionId="51934ff6-5e70-4534-8364-cb75007eff4d" testId="019b787c-88b2-9680-3a7b-9251d2235f77" testName="Skillaz.Tests.CompanySpecific.X5.Naumen.NaumenSlaTests.Sla_calculates_correctly_for_next_day(candidateTimeZone: 8, sla: 02:00:00, startDate: 2019-12-31T23:00:00.0000000Z, truth: [NaumenTimeRange { From = &quot;2020-01-01 07:00:00&quot;, To = &quot;2020-01-01 09:00:00&quot; }])" computerName="DESKTOP-F6SKA47" duration="00:00:00.0000354" startTime="2021-12-16T16:16:29.3022598+03:00" endTime="2021-12-16T16:16:29.3022603+03:00" testType="13cdc9d9-ddb5-4fa4-a97d-d965ccfc6d4b" outcome="Passed" testListId="8c84fa94-04c1-424b-9868-57a2d4851a1d" relativeResultsDirectory="51934ff6-5e70-4534-8364-cb75007eff4d" />
    <UnitTestResult executionId="046cb699-771a-42be-8ff9-c22f51cbbabf" testId="1ceeb823-8ac9-7502-b834-7fb85e55bfa2" testName="Skillaz.Tests.Validators.RegexPatternValidator_feature.Should_successfully_validate_valid_pattern" computerName="DESKTOP-F6SKA47" duration="00:00:00.2823948" startTime="2021-12-16T16:26:19.9720532+03:00" endTime="2021-12-16T16:26:19.9720597+03:00" testType="13cdc9d9-ddb5-4fa4-a97d-d965ccfc6d4b" outcome="Passed" testListId="8c84fa94-04c1-424b-9868-57a2d4851a1d" relativeResultsDirectory="046cb699-771a-42be-8ff9-c22f51cbbabf">
      <Output>
        <StdOut>SCENARIO: Should successfully validate valid pattern&#xD;
  STEP 1/4: GIVEN RegexPatternFieldValidator with default error message...&#xD;
  STEP 1/4: GIVEN RegexPatternFieldValidator with default error message (Passed after &lt;1ms)&#xD;
  STEP 2/4: AND document with valid regex field...&#xD;
  STEP 2/4: AND document with valid regex field (Passed after &lt;1ms)&#xD;
  STEP 3/4: Run validator...&#xD;
  STEP 3/4: Run validator (Passed after 231ms)&#xD;
  STEP 4/4: Assert regex pattern validator with valid pattern returns valid result...&#xD;
  STEP 4/4: Assert regex pattern validator with valid pattern returns valid result (Passed after &lt;1ms)&#xD;
  SCENARIO RESULT: Passed after 238ms</StdOut>
      </Output>
    </UnitTestResult>
    <UnitTestResult executionId="20fa6738-cf03-42c6-9b0b-ee1294a5ca26" testId="0bf1e475-a97b-b9f5-4fc5-01d1858583f2" testName="Skillaz.Tests.Configurator.DocumentModel.FromRegistryFeature.Check_FromRegistry_fields_filled_with_refId" computerName="DESKTOP-F6SKA47" duration="00:00:15.6857677" startTime="2021-12-16T16:22:50.3483418+03:00" endTime="2021-12-16T16:22:50.3483468+03:00" testType="13cdc9d9-ddb5-4fa4-a97d-d965ccfc6d4b" outcome="Passed" testListId="8c84fa94-04c1-424b-9868-57a2d4851a1d" relativeResultsDirectory="20fa6738-cf03-42c6-9b0b-ee1294a5ca26">
      <Output>
        <StdOut>SCENARIO: Check FromRegistry fields filled with refId&#xD;
  STEP 1/6: GIVEN a company...&#xD;
  STEP 1/6: GIVEN a company (Passed after 102ms)&#xD;
  STEP 2/6: AND the authenticated user...&#xD;
  STEP 2/6: AND the authenticated user (Passed after 569ms)&#xD;
  STEP 3/6: Load external position references...&#xD;
  STEP 3/6: Load external position references (Passed after 3s 662ms)&#xD;
  STEP 4/6: GIVEN the reqest model...&#xD;
  STEP 4/6: GIVEN the reqest model (Passed after 561ms)&#xD;
  STEP 5/6: WHEN request is created with refId...&#xD;
  STEP 5/6: WHEN request is created with refId (Passed after 9s 233ms)&#xD;
  STEP 6/6: THEN FromRegistry fields is filled in correctly...&#xD;
  STEP 6/6: THEN FromRegistry fields is filled in correctly (Passed after &lt;1ms)&#xD;
  SCENARIO RESULT: Passed after 14s 143ms</StdOut>
      </Output>
    </UnitTestResult>
    <UnitTestResult executionId="66ef7666-b233-410c-9a6b-98d45b880d91" testId="8624046a-b768-c5c2-0f58-174da907c93c" testName="Skillaz.Tests.Users.UserDbOperations_feature.Check_the_user_is_not_found_on_other_company" computerName="DESKTOP-F6SKA47" duration="00:00:05.8918763" startTime="2021-12-16T16:23:08.1576787+03:00" endTime="2021-12-16T16:23:08.1576830+03:00" testType="13cdc9d9-ddb5-4fa4-a97d-d965ccfc6d4b" outcome="Passed" testListId="8c84fa94-04c1-424b-9868-57a2d4851a1d" relativeResultsDirectory="66ef7666-b233-410c-9a6b-98d45b880d91">
      <Output>
        <StdOut>SCENARIO: Check the user is not found on other company&#xD;
  STEP 1/5: GIVEN a company...&#xD;
  STEP 1/5: GIVEN a company (Passed after 599ms)&#xD;
  STEP 2/5: AND the authenticated user...&#xD;
  STEP 2/5: AND the authenticated user (Passed after 1s 862ms)&#xD;
  STEP 3/5: AND user with access...&#xD;
  STEP 3/5: AND user with access (Passed after 184ms)&#xD;
  STEP 4/5: WHEN create other company and authenticated user...&#xD;
  STEP 4/5: WHEN create other company and authenticated user (Passed after 213ms)&#xD;
  STEP 5/5: THEN ensure the user is not found...&#xD;
  STEP 5/5: THEN ensure the user is not found (Passed after 225ms)&#xD;
  SCENARIO RESULT: Passed after 3s 137ms</StdOut>
      </Output>
    </UnitTestResult>
    <UnitTestResult executionId="0a3d7e26-1767-4ca2-b2a5-6b256dce9a74" testId="3ddf6d62-6d89-9163-3bef-c704e94e5a72" testName="Skillaz.Tests.HH.HHNegotiations_feature.HH_messages_are_sent_to_the_candidate" computerName="DESKTOP-F6SKA47" duration="00:00:25.3590275" startTime="2021-12-16T16:24:43.4985592+03:00" endTime="2021-12-16T16:24:43.4985614+03:00" testType="13cdc9d9-ddb5-4fa4-a97d-d965ccfc6d4b" outcome="Passed" testListId="8c84fa94-04c1-424b-9868-57a2d4851a1d" relativeResultsDirectory="0a3d7e26-1767-4ca2-b2a5-6b256dce9a74">
      <Output>
        <StdOut>SCENARIO: HH messages are sent to the candidate&#xD;
  STEP 1/8: GIVEN a company...&#xD;
  STEP 1/8: GIVEN a company (Passed after 190ms)&#xD;
  STEP 2/8: AND the authenticated user...&#xD;
  STEP 2/8: AND the authenticated user (Passed after 587ms)&#xD;
  STEP 3/8: AND the vacancy in the company...&#xD;
  STEP 3/8: AND the vacancy in the company (Passed after 368ms)&#xD;
  STEP 4/8: AND a candidate...&#xD;
  STEP 4/8: AND a candidate (Passed after 399ms)&#xD;
  STEP 5/8: AND hh vacancy...&#xD;
  STEP 5/8: AND hh vacancy (Passed after 334ms)&#xD;
  STEP 6/8: AND HHNegotiationsApi...&#xD;
  STEP 6/8: AND HHNegotiationsApi (Passed after 737ms)&#xD;
  STEP 7/8: WHEN HH messages sent...&#xD;
  STEP 7/8: WHEN HH messages sent (Passed after 19s 291ms)&#xD;
  STEP 8/8: THEN message sent to the candidate hh account...&#xD;
  STEP 8/8: THEN message sent to the candidate hh account (Passed after 51ms)&#xD;
  SCENARIO RESULT: Passed after 22s 007ms</StdOut>
      </Output>
    </UnitTestResult>
    <UnitTestResult executionId="d35dacd1-3053-4a4f-9df0-554b8bc3c059" testId="39bbe88c-a5a1-69b6-0e18-a75bb02edd6c" testName="Skillaz.Tests.CompanySpecific.X5.Naumen.NaumenSlaTests.Sla_calculates_correctly_within_one_day(candidateTimeZone: 7, sla: 05:00:00, startDate: 2019-12-31T08:00:00.0000000Z, truth: [NaumenTimeRange { From = &quot;2019-12-31 11:00:00&quot;, To = &quot;2019-12-31 16:00:00&quot; }])" computerName="DESKTOP-F6SKA47" duration="00:00:00.0000844" startTime="2021-12-16T16:16:29.0170567+03:00" endTime="2021-12-16T16:16:29.0170610+03:00" testType="13cdc9d9-ddb5-4fa4-a97d-d965ccfc6d4b" outcome="Passed" testListId="8c84fa94-04c1-424b-9868-57a2d4851a1d" relativeResultsDirectory="d35dacd1-3053-4a4f-9df0-554b8bc3c059" />
    <UnitTestResult executionId="f44ed311-e875-4fb8-b573-233cc66f1f03" testId="5baef605-cc7e-7d76-5e93-1770790f01f4" testName="Skillaz.Tests.Configurator.Deduplication.TransferToAnotherVacancy.Перевести_кандидата_на_новую_вакансию" computerName="DESKTOP-F6SKA47" duration="00:00:01.1464265" startTime="2021-12-16T16:28:38.6644788+03:00" endTime="2021-12-16T16:28:38.6644807+03:00" testType="13cdc9d9-ddb5-4fa4-a97d-d965ccfc6d4b" outcome="Passed" testListId="8c84fa94-04c1-424b-9868-57a2d4851a1d" relativeResultsDirectory="f44ed311-e875-4fb8-b573-233cc66f1f03">
      <Output>
        <StdOut>SCENARIO: Перевести кандидата на новую вакансию&#xD;
  STEP 1/8: GIVEN a company...&#xD;
  STEP 1/8: GIVEN a company (Passed after 78ms)&#xD;
  STEP 2/8: AND the authenticated user...&#xD;
  STEP 2/8: AND the authenticated user (Passed after 92ms)&#xD;
  STEP 3/8: AND the Funnel...&#xD;
  STEP 3/8: AND the Funnel (Passed after 48ms)&#xD;
  STEP 4/8: AND the vacancy in the company [funnelId: "TestingFunnel"]...&#xD;
  STEP 4/8: AND the vacancy in the company [funnelId: "TestingFunnel"] (Passed after 53ms)&#xD;
  STEP 5/8: AND the new vacancy [funnelId: "TestingFunnel"]...&#xD;
  STEP 5/8: AND the new vacancy [funnelId: "TestingFunnel"] (Passed after 2ms)&#xD;
  STEP 6/8: AND candidate on vacancy...&#xD;
  STEP 6/8: AND candidate on vacancy (Passed after 45ms)&#xD;
  STEP 7/8: WHEN move to new vacancy and save status...&#xD;
  STEP 7/8: WHEN move to new vacancy and save status (Passed after 681ms)&#xD;
  STEP 8/8: Check move to new vacancy and new status...&#xD;
  STEP 8/8: Check move to new vacancy and new status (Passed after &lt;1ms)&#xD;
  SCENARIO RESULT: Passed after 1s 051ms</StdOut>
      </Output>
    </UnitTestResult>
    <UnitTestResult executionId="30ca11fd-6659-4485-b9ba-596f4782ef93" testId="019b787c-88b2-9680-3a7b-9251d2235f77" testName="Skillaz.Tests.CompanySpecific.X5.Naumen.NaumenSlaTests.Sla_calculates_correctly_for_next_day(candidateTimeZone: 10, sla: 02:00:00, startDate: 2019-12-31T16:30:00.0000000Z, truth: [NaumenTimeRange { From = &quot;2020-01-01 07:00:00&quot;, To = &quot;2020-01-01 09:00:00&quot; }])" computerName="DESKTOP-F6SKA47" duration="00:00:00.0000516" startTime="2021-12-16T16:16:29.3335464+03:00" endTime="2021-12-16T16:16:29.3335473+03:00" testType="13cdc9d9-ddb5-4fa4-a97d-d965ccfc6d4b" outcome="Passed" testListId="8c84fa94-04c1-424b-9868-57a2d4851a1d" relativeResultsDirectory="30ca11fd-6659-4485-b9ba-596f4782ef93" />
    <UnitTestResult executionId="1a97d45d-4ce2-4155-af88-f46bb1f7b299" testId="6d93d345-f748-8d53-d9ce-97499bc73592" testName="Skillaz.Tests.OrgUnit.OrgUnitHierarchy_feature.Create_org_unit_with_multi_hierarchy" computerName="DESKTOP-F6SKA47" duration="00:00:06.4875654" startTime="2021-12-16T16:25:11.3527159+03:00" endTime="2021-12-16T16:25:11.3527179+03:00" testType="13cdc9d9-ddb5-4fa4-a97d-d965ccfc6d4b" outcome="Passed" testListId="8c84fa94-04c1-424b-9868-57a2d4851a1d" relativeResultsDirectory="1a97d45d-4ce2-4155-af88-f46bb1f7b299">
      <Output>
        <StdOut>SCENARIO: Create org unit with multi hierarchy&#xD;
  STEP 1/9: GIVEN a company...&#xD;
  STEP 1/9: GIVEN a company (Passed after 186ms)&#xD;
  STEP 2/9: AND the authenticated user...&#xD;
  STEP 2/9: AND the authenticated user (Passed after 513ms)&#xD;
  STEP 3/9: AND the client configuration...&#xD;
  STEP 3/9: AND the client configuration (Passed after 146ms)&#xD;
  STEP 4/9: AND the org units [orgUnitIndex: "1"] [parentOrgUnitIndexes: ""]...&#xD;
  STEP 4/9: AND the org units [orgUnitIndex: "1"] [parentOrgUnitIndexes: ""] (Passed after 505ms)&#xD;
  STEP 5/9: AND the org units [orgUnitIndex: "2"] [parentOrgUnitIndexes: "1"]...&#xD;
  STEP 5/9: AND the org units [orgUnitIndex: "2"] [parentOrgUnitIndexes: "1"] (Passed after 2ms)&#xD;
  STEP 6/9: AND the org units [orgUnitIndex: "3"] [parentOrgUnitIndexes: "1, 2"]...&#xD;
  STEP 6/9: AND the org units [orgUnitIndex: "3"] [parentOrgUnitIndexes: "1, 2"] (Passed after 2ms)&#xD;
  STEP 7/9: WHEN create children orgUnit with index [newOrgUnitIndex: "4"] [parentOrgUnitIndex: "2"]...&#xD;
  STEP 7/9: WHEN create children orgUnit with index [newOrgUnitIndex: "4"] [parentOrgUnitIndex: "2"] (Passed after 2s 183ms)&#xD;
  STEP 8/9: THEN parentIds in org unit [orgUnitIndex: "4"] [parentIndexes: "1, 2"]...&#xD;
  STEP 8/9: THEN parentIds in org unit [orgUnitIndex: "4"] [parentIndexes: "1, 2"] (Passed after 209ms)&#xD;
  STEP 9/9: AND hierarchy path correct [orgUnitIndex: "4"] [parentIndexes: "1, 2"]...&#xD;
  STEP 9/9: AND hierarchy path correct [orgUnitIndex: "4"] [parentIndexes: "1, 2"] (Passed after 84ms)&#xD;
  SCENARIO RESULT: Passed after 3s 856ms</StdOut>
      </Output>
    </UnitTestResult>
    <UnitTestResult executionId="b7789944-7f26-4f13-a295-bf0eebdabe37" testId="62410bb4-f72f-009d-43ae-ef11d96638c7" testName="Skillaz.Tests.CompanySpecific.Magnit.MagnitIntegrationISMonitor_feature.CreateVerify_Unknown" computerName="DESKTOP-F6SKA47" duration="00:00:37.2905742" startTime="2021-12-16T16:22:55.9829722+03:00" endTime="2021-12-16T16:22:55.9829752+03:00" testType="13cdc9d9-ddb5-4fa4-a97d-d965ccfc6d4b" outcome="Passed" testListId="8c84fa94-04c1-424b-9868-57a2d4851a1d" relativeResultsDirectory="b7789944-7f26-4f13-a295-bf0eebdabe37">
      <Output>
        <StdOut>SCENARIO: CreateVerify Unknown&#xD;
  STEP 1/5: Init...&#xD;
  STEP 1/5: Init (Passed after 27s 401ms)&#xD;
  STEP 2/5: WHEN Satart Verify [lastName: "Паравозов"]...&#xD;
  STEP 2/5: WHEN Satart Verify [lastName: "Паравозов"] (Passed after 4s 908ms)&#xD;
  STEP 3/5: THEN Check Satart Verify [IsBudRequest: "False"]...&#xD;
  STEP 3/5: THEN Check Satart Verify [IsBudRequest: "False"] (Passed after 8ms)&#xD;
  STEP 4/5: WHEN Process Response [resolution: "Other"] [error: ""]...&#xD;
  STEP 4/5: WHEN Process Response [resolution: "Other"] [error: ""] (Passed after 2s 800ms)&#xD;
  STEP 5/5: THEN Check Process Response [resolution: "Other"] [isError: "False"]...&#xD;
  STEP 5/5: THEN Check Process Response [resolution: "Other"] [isError: "False"] (Passed after 75ms)&#xD;
  SCENARIO RESULT: Passed after 35s 352ms</StdOut>
      </Output>
    </UnitTestResult>
    <UnitTestResult executionId="518e2188-097a-4fa7-abfd-01202a15b083" testId="695a69c9-264c-d1c5-2032-535ef4bf39f9" testName="Skillaz.Tests.CompanySpecific.X5.Naumen.NaumenSlaTests.Sla_calculates_correctly_for_split_days(candidateTimeZone: 11, sla: 01:00:00, startDate: 2019-12-31T08:30:00.0000000Z, truth: [NaumenTimeRange { From = &quot;2019-12-31 11:30:00&quot;, To = &quot;2019-12-31 12:00:00&quot; }, NaumenTimeRange { From = &quot;2020-01-01 07:00:00&quot;, To = &quot;2020-01-01 07:30:00&quot; }])" computerName="DESKTOP-F6SKA47" duration="00:00:00.0000960" startTime="2021-12-16T16:16:29.0270640+03:00" endTime="2021-12-16T16:16:29.0270670+03:00" testType="13cdc9d9-ddb5-4fa4-a97d-d965ccfc6d4b" outcome="Passed" testListId="8c84fa94-04c1-424b-9868-57a2d4851a1d" relativeResultsDirectory="518e2188-097a-4fa7-abfd-01202a15b083" />
    <UnitTestResult executionId="649d63ed-44a0-44a9-95dc-91659e5e8d5a" testId="998a1261-0247-9360-fa2f-3ec2306fc0fa" testName="Skillaz.Tests.CompanySpecific.Rosatom.RosatomCandidateWorkflowTriggers_feature.Job_offer_state_changed(toCandidateStatusId: &quot;JobOfferRefuseByCandidate&quot;, triggerType: typeof(Skillaz.ClientConfiguration.Rosatom.WorkflowTriggers.CandidateStatusChangeToJobOfferRefuseByCandidate))" computerName="DESKTOP-F6SKA47" duration="00:00:14.3761184" startTime="2021-12-16T16:26:33.3360410+03:00" endTime="2021-12-16T16:26:33.3360428+03:00" testType="13cdc9d9-ddb5-4fa4-a97d-d965ccfc6d4b" outcome="Passed" testListId="8c84fa94-04c1-424b-9868-57a2d4851a1d" relativeResultsDirectory="649d63ed-44a0-44a9-95dc-91659e5e8d5a">
      <Output>
        <StdOut>SCENARIO: Job offer state changed [toCandidateStatusId: "JobOfferRefuseByCandidate"] [triggerType: "Skillaz.ClientConfiguration.Rosatom.WorkflowTriggers.CandidateStatusChangeToJobOfferRefuseByCandidate"]&#xD;
  STEP 1/10: GIVEN a company...&#xD;
  STEP 1/10: GIVEN a company (Passed after 152ms)&#xD;
  STEP 2/10: AND the authenticated user...&#xD;
  STEP 2/10: AND the authenticated user (Passed after 203ms)&#xD;
  STEP 3/10: AND a vacancy...&#xD;
  STEP 3/10: AND a vacancy (Passed after 61ms)&#xD;
  STEP 4/10: AND a model [fromJOStateId: "fromJOStateId"] [toJOStateId: "toJOStateId"] [fromCandidateStatusId: "fromCandidateStatusId"] [toCandidateStatusId: "JobOfferRefuseByCandidate"] [triggerType: "Skillaz.ClientConfiguration.Rosatom.WorkflowTriggers.CandidateStatusChangeToJobOfferRefuseByCandidate"]...&#xD;
  STEP 4/10: AND a model [fromJOStateId: "fromJOStateId"] [toJOStateId: "toJOStateId"] [fromCandidateStatusId: "fromCandidateStatusId"] [toCandidateStatusId: "JobOfferRefuseByCandidate"] [triggerType: "Skillaz.ClientConfiguration.Rosatom.WorkflowTriggers.CandidateStatusChangeToJobOfferRefuseByCandidate"] (Passed after 234ms)&#xD;
  STEP 5/10: AND a candidate [currentStatusId: "fromCandidateStatusId"]...&#xD;
  STEP 5/10: AND a candidate [currentStatusId: "fromCandidateStatusId"] (Passed after 64ms)&#xD;
  STEP 6/10: AND a job offer [currentJOStateId: "fromJOStateId"] [currentCandidateStatusId: "fromCandidateStatusId"]...&#xD;
  STEP 6/10: AND a job offer [currentJOStateId: "fromJOStateId"] [currentCandidateStatusId: "fromCandidateStatusId"] (Passed after 96ms)&#xD;
  STEP 7/10: WHEN job offer state changed [toJOStateId: "toJOStateId"]...&#xD;
  STEP 7/10: WHEN job offer state changed [toJOStateId: "toJOStateId"] (Passed after 8s 588ms)&#xD;
  STEP 8/10: THEN no exception is thrown...&#xD;
  STEP 8/10: THEN no exception is thrown (Passed after 15ms)&#xD;
  STEP 9/10: AND job offer in correct state [toJOStateId: "toJOStateId"]...&#xD;
  STEP 9/10: AND job offer in correct state [toJOStateId: "toJOStateId"] (Passed after 394ms)&#xD;
  STEP 10/10: AND candidate in correct status [toCandidateStatusId: "JobOfferRefuseByCandidate"]...&#xD;
  STEP 10/10: AND candidate in correct status [toCandidateStatusId: "JobOfferRefuseByCandidate"] (Passed after 406ms)&#xD;
  SCENARIO RESULT: Passed after 10s 289ms</StdOut>
      </Output>
    </UnitTestResult>
    <UnitTestResult executionId="3d08f78a-976a-4b07-859a-840274a612dc" testId="becfdc9d-83ea-3b73-4370-5a77d69011a3" testName="Skillaz.Tests.Configurator.DocumentModel.DocumentModelFieldBinderTest.DocumentModelBinderParseTest(expression: &quot;Size&quot;, expectedType: typeof(Skillaz.Framework.DocumentModel.Binders.DocumentModelFieldExpressionValueBinder&lt;Skillaz.Tests.Configurator.DocumentModel.DocumentModelTestDocument, int&gt;))" computerName="DESKTOP-F6SKA47" duration="00:00:00.0382071" startTime="2021-12-16T16:16:31.0924661+03:00" endTime="2021-12-16T16:16:31.0924836+03:00" testType="13cdc9d9-ddb5-4fa4-a97d-d965ccfc6d4b" outcome="Passed" testListId="8c84fa94-04c1-424b-9868-57a2d4851a1d" relativeResultsDirectory="3d08f78a-976a-4b07-859a-840274a612dc" />
    <UnitTestResult executionId="15a97836-a39b-4c9c-8cd1-f3dd8a352786" testId="a1d2dd81-d1d2-b8d0-3101-54998c5dbdaf" testName="Skillaz.Tests.Assessment.Scenario_feature.Unlinking_a_scenario" computerName="DESKTOP-F6SKA47" duration="00:00:01.0333258" startTime="2021-12-16T16:22:17.5869550+03:00" endTime="2021-12-16T16:22:17.5869569+03:00" testType="13cdc9d9-ddb5-4fa4-a97d-d965ccfc6d4b" outcome="Passed" testListId="8c84fa94-04c1-424b-9868-57a2d4851a1d" relativeResultsDirectory="15a97836-a39b-4c9c-8cd1-f3dd8a352786">
      <Output>
        <StdOut>SCENARIO: Unlinking a scenario&#xD;
  STEP 1/7: GIVEN a company...&#xD;
  STEP 1/7: GIVEN a company (Passed after 89ms)&#xD;
  STEP 2/7: AND the vacancy in the company...&#xD;
  STEP 2/7: AND the vacancy in the company (Passed after 62ms)&#xD;
  STEP 3/7: AND the authenticated user...&#xD;
  STEP 3/7: AND the authenticated user (Passed after 138ms)&#xD;
  STEP 4/7: AND a scenario linked to a vacancy...&#xD;
  STEP 4/7: AND a scenario linked to a vacancy (Passed after 134ms)&#xD;
  STEP 5/7: AND another scenario...&#xD;
  STEP 5/7: AND another scenario (Passed after 116ms)&#xD;
  STEP 6/7: WHEN a scenario is unlinked...&#xD;
  STEP 6/7: WHEN a scenario is unlinked (Passed after 134ms)&#xD;
  STEP 7/7: The scenario should be unlinked from a vacancy...&#xD;
  STEP 7/7: The scenario should be unlinked from a vacancy (Passed after 60ms)&#xD;
  SCENARIO RESULT: Passed after 747ms</StdOut>
      </Output>
    </UnitTestResult>
    <UnitTestResult executionId="15d380da-474a-415d-98e9-2d6bb3573f4a" testId="daf53c40-0965-f996-2106-c7a8c6d66a72" testName="Skillaz.Tests.CompanySpecific.Mvideo.MvideoTimeZones_feature.Check_Update_OrgUnits_SetGmt" computerName="DESKTOP-F6SKA47" duration="00:00:00.0010000" startTime="2021-12-16T16:26:46.8636404+03:00" endTime="2021-12-16T16:26:46.8636483+03:00" testType="13cdc9d9-ddb5-4fa4-a97d-d965ccfc6d4b" outcome="NotExecuted" testListId="8c84fa94-04c1-424b-9868-57a2d4851a1d" relativeResultsDirectory="15d380da-474a-415d-98e9-2d6bb3573f4a">
      <Output>
        <StdOut>Мвидео кфг в конфигураторе, не протестировать.</StdOut>
      </Output>
    </UnitTestResult>
    <UnitTestResult executionId="22d4ce81-a0db-4140-8838-41566170eac5" testId="f26a4566-06f6-ed12-9beb-ef75aa9bf119" testName="Skillaz.Tests.Request.X5.X5GetRequestListCommand_feature.Result_should_consists_of_display_name_and_distance_and_address_and_org_unit_type_and_salary_info_and_schedule_and_gender_from_request" computerName="DESKTOP-F6SKA47" duration="00:00:10.0440859" startTime="2021-12-16T16:25:07.6327395+03:00" endTime="2021-12-16T16:25:07.6327418+03:00" testType="13cdc9d9-ddb5-4fa4-a97d-d965ccfc6d4b" outcome="Passed" testListId="8c84fa94-04c1-424b-9868-57a2d4851a1d" relativeResultsDirectory="22d4ce81-a0db-4140-8838-41566170eac5">
      <Output>
        <StdOut>SCENARIO: Result should consists of display name and distance and address and org unit type and salary info and schedule and gender from request&#xD;
  STEP 1/8: GIVEN a company [companyId: "61bb3e297f10d6937478e189"]...&#xD;
  STEP 1/8: GIVEN a company [companyId: "61bb3e297f10d6937478e189"] (Passed after 351ms)&#xD;
  STEP 2/8: AND the vacancy in the company...&#xD;
  STEP 2/8: AND the vacancy in the company (Passed after 347ms)&#xD;
  STEP 3/8: AND candidate "Skillaz.Candidate.Contract.Documents.Candidate.CandidateDocument"...&#xD;
  STEP 3/8: AND candidate "Skillaz.Candidate.Contract.Documents.Candidate.CandidateDocument" (Passed after 294ms)&#xD;
  STEP 4/8: AND request "Skillaz.Candidate.Contract.Request.RequestDocument"...&#xD;
  STEP 4/8: AND request "Skillaz.Candidate.Contract.Request.RequestDocument" (Passed after 320ms)&#xD;
  STEP 5/8: AND created indexes for requests...&#xD;
  STEP 5/8: AND created indexes for requests (Passed after 7s 042ms)&#xD;
  STEP 6/8: AND candidate profile [candidateProfileDocument: "Skillaz.Candidate.Contract.Documents.CandidateProfile.CandidateProfileDocument"]...&#xD;
  STEP 6/8: AND candidate profile [candidateProfileDocument: "Skillaz.Candidate.Contract.Documents.CandidateProfile.CandidateProfileDocument"] (Passed after 306ms)&#xD;
  STEP 7/8: WHEN getting available requests list...&#xD;
  STEP 7/8: WHEN getting available requests list (Passed after 170ms)&#xD;
  STEP 8/8: THEN result list consists of one element with name "Request #1020 (Расстояние: 28.2 км.) Moscow, Pokryshkina, 10/2, тип: Обычный, от 10000 до 20000 руб, график: Flexible, пол: Мужской"...&#xD;
  STEP 8/8: THEN result list consists of one element with name "Request #1020 (Расстояние: 28.2 км.) Moscow, Pokryshkina, 10/2, тип: Обычный, от 10000 до 20000 руб, график: Flexible, пол: Мужской" (Passed after &lt;1ms)&#xD;
  SCENARIO RESULT: Passed after 8s 871ms</StdOut>
      </Output>
    </UnitTestResult>
    <UnitTestResult executionId="7db056ad-27ed-44cf-aa4b-fb2948bb7997" testId="5f9ce908-f9bd-bfa0-993a-e1ec9cc7fcd9" testName="Should create &amp; archive questionnaire" computerName="DESKTOP-F6SKA47" duration="00:00:07.1070695" startTime="2021-12-16T16:21:55.7893289+03:00" endTime="2021-12-16T16:21:55.7893310+03:00" testType="13cdc9d9-ddb5-4fa4-a97d-d965ccfc6d4b" outcome="Passed" testListId="8c84fa94-04c1-424b-9868-57a2d4851a1d" relativeResultsDirectory="7db056ad-27ed-44cf-aa4b-fb2948bb7997" />
    <UnitTestResult executionId="045596bb-91b3-44fe-aa8b-b16af82fbc6e" testId="52929b3c-acf2-9e9b-e808-6f81e51e2294" testName="Skillaz.Tests.Configurator.WorkflowEngine.ConfiguratorWorkflowActionHub_feature.Check_rules_after_fill_states_not_available_for_check_dto" computerName="DESKTOP-F6SKA47" duration="00:00:15.7993638" startTime="2021-12-16T16:19:52.1822472+03:00" endTime="2021-12-16T16:19:52.1822623+03:00" testType="13cdc9d9-ddb5-4fa4-a97d-d965ccfc6d4b" outcome="Passed" testListId="8c84fa94-04c1-424b-9868-57a2d4851a1d" relativeResultsDirectory="045596bb-91b3-44fe-aa8b-b16af82fbc6e">
      <Output>
        <StdOut>SCENARIO: Check rules after fill states not available for check dto&#xD;
  STEP 1/10: GIVEN a company...&#xD;
  STEP 1/10: GIVEN a company (Passed after 648ms)&#xD;
  STEP 2/10: AND Given the authenticated user...&#xD;
  STEP 2/10: AND Given the authenticated user (Passed after 1s 591ms)&#xD;
  STEP 3/10: AND Given the email template...&#xD;
  STEP 3/10: AND Given the email template (Passed after 942ms)&#xD;
  STEP 4/10: AND Given the configurator model...&#xD;
  STEP 4/10: AND Given the configurator model (Passed after 1s 837ms)&#xD;
  STEP 5/10: AND Given the vacancy in the company [funnelId: "61bb3ceb7f10d6937478acf6"]...&#xD;
  STEP 5/10: AND Given the vacancy in the company [funnelId: "61bb3ceb7f10d6937478acf6"] (Passed after 745ms)&#xD;
  STEP 6/10: AND Given the candidate and candidate check...&#xD;
  STEP 6/10: AND Given the candidate and candidate check (Passed after 1s 711ms)&#xD;
  STEP 7/10: WHEN When switch status workflow [newState: "Notification"]...&#xD;
  STEP 7/10: WHEN When switch status workflow [newState: "Notification"] (Passed after 4s 460ms)&#xD;
  STEP 8/10: THEN Then check candidate switch to state [expectedState: "Notification"]...&#xD;
  STEP 8/10: THEN Then check candidate switch to state [expectedState: "Notification"] (Passed after 43ms)&#xD;
  STEP 9/10: AND Then action hub token exists...&#xD;
  STEP 9/10: AND Then action hub token exists (Passed after 535ms)&#xD;
  STEP 10/10: AND Then action for check not exists after fill values [notExistsStateName: "Проверка заполнена"]...&#xD;
  STEP 10/10: AND Then action for check not exists after fill values [notExistsStateName: "Проверка заполнена"] (Passed after 1s 651ms)&#xD;
  SCENARIO RESULT: Passed after 14s 297ms</StdOut>
      </Output>
    </UnitTestResult>
    <UnitTestResult executionId="f766d484-cb8e-43f6-9574-5e03ecdf659b" testId="f65186c2-76d7-8408-9d56-43b1a3476e8e" testName="Skillaz.Tests.TaskTracker.TaskAction_feature.Transfer_candidate_in_status_not_delay" computerName="DESKTOP-F6SKA47" duration="00:00:12.1848973" startTime="2021-12-16T16:22:25.1839285+03:00" endTime="2021-12-16T16:22:25.1839310+03:00" testType="13cdc9d9-ddb5-4fa4-a97d-d965ccfc6d4b" outcome="Passed" testListId="8c84fa94-04c1-424b-9868-57a2d4851a1d" relativeResultsDirectory="f766d484-cb8e-43f6-9574-5e03ecdf659b">
      <Output>
        <StdOut>SCENARIO: Transfer candidate in status not delay&#xD;
  STEP 1/8: GIVEN a company...&#xD;
  STEP 1/8: GIVEN a company (Passed after 117ms)&#xD;
  STEP 2/8: AND the authenticated user...&#xD;
  STEP 2/8: AND the authenticated user (Passed after 440ms)&#xD;
  STEP 3/8: AND the no delay config when status training switches to approved...&#xD;
  STEP 3/8: AND the no delay config when status training switches to approved (Passed after 11ms)&#xD;
  STEP 4/8: AND the funnel and rules action for configuration...&#xD;
  STEP 4/8: AND the funnel and rules action for configuration (Passed after 271ms)&#xD;
  STEP 5/8: AND a candidate in vacancy...&#xD;
  STEP 5/8: AND a candidate in vacancy (Passed after 520ms)&#xD;
  STEP 6/8: WHEN switch candidate to status [statusTo: "training"]...&#xD;
  STEP 6/8: WHEN switch candidate to status [statusTo: "training"] (Passed after 10s 306ms)&#xD;
  STEP 7/8: THEN candidate in status [statusId: "approved"]...&#xD;
  STEP 7/8: THEN candidate in status [statusId: "approved"] (Passed after 2ms)&#xD;
  STEP 8/8: AND is finished tasks...&#xD;
  STEP 8/8: AND is finished tasks (Passed after 1ms)&#xD;
  SCENARIO RESULT: Passed after 11s 735ms</StdOut>
      </Output>
    </UnitTestResult>
    <UnitTestResult executionId="4110b1c0-6e10-4474-978d-10a9a810439e" testId="136a3149-6615-e86a-3f2a-38663e505864" testName="Skillaz.Tests.Configurator.WorkflowEngine.ConfiguratorWorkflowActionHub_feature.Change_workflow_state_from_action_hub_with_configurator_rules" computerName="DESKTOP-F6SKA47" duration="00:00:21.6681679" startTime="2021-12-16T16:20:00.6965300+03:00" endTime="2021-12-16T16:20:00.6965357+03:00" testType="13cdc9d9-ddb5-4fa4-a97d-d965ccfc6d4b" outcome="Passed" testListId="8c84fa94-04c1-424b-9868-57a2d4851a1d" relativeResultsDirectory="4110b1c0-6e10-4474-978d-10a9a810439e">
      <Output>
        <StdOut>SCENARIO: Change workflow state from action hub with configurator rules&#xD;
  STEP 1/10: GIVEN Given a company...&#xD;
  STEP 1/10: GIVEN Given a company (Passed after 743ms)&#xD;
  STEP 2/10: AND Given the authenticated user...&#xD;
  STEP 2/10: AND Given the authenticated user (Passed after 1s 408ms)&#xD;
  STEP 3/10: AND Given the email template...&#xD;
  STEP 3/10: AND Given the email template (Passed after 814ms)&#xD;
  STEP 4/10: AND Given the configurator model...&#xD;
  STEP 4/10: AND Given the configurator model (Passed after 1s 116ms)&#xD;
  STEP 5/10: AND Given the vacancy in the company [funnelId: "61bb3ceb7f10d6937478acf6"]...&#xD;
  STEP 5/10: AND Given the vacancy in the company [funnelId: "61bb3ceb7f10d6937478acf6"] (Passed after 879ms)&#xD;
  STEP 6/10: AND Given the candidate and candidate check...&#xD;
  STEP 6/10: AND Given the candidate and candidate check (Passed after 1s 675ms)&#xD;
  STEP 7/10: WHEN When switch status workflow [newState: "Notification"]...&#xD;
  STEP 7/10: WHEN When switch status workflow [newState: "Notification"] (Passed after 4s 832ms)&#xD;
  STEP 8/10: AND When action hub token approved...&#xD;
  STEP 8/10: AND When action hub token approved (Passed after 9s 236ms)&#xD;
  STEP 9/10: THEN Then action hub token exists...&#xD;
  STEP 9/10: THEN Then action hub token exists (Passed after 3ms)&#xD;
  STEP 10/10: AND Then check candidate switch to state [expectedState: "Done"]...&#xD;
  STEP 10/10: AND Then check candidate switch to state [expectedState: "Done"] (Passed after 2ms)&#xD;
  SCENARIO RESULT: Passed after 20s 877ms</StdOut>
      </Output>
    </UnitTestResult>
    <UnitTestResult executionId="e70515f5-f912-4eae-968a-15ce96b9b170" testId="019b787c-88b2-9680-3a7b-9251d2235f77" testName="Skillaz.Tests.CompanySpecific.X5.Naumen.NaumenSlaTests.Sla_calculates_correctly_for_next_day(candidateTimeZone: 3, sla: 02:00:00, startDate: 2019-12-31T21:30:00.0000000Z, truth: [NaumenTimeRange { From = &quot;2020-01-01 09:00:00&quot;, To = &quot;2020-01-01 11:00:00&quot; }])" computerName="DESKTOP-F6SKA47" duration="00:00:00.0000436" startTime="2021-12-16T16:16:29.0769852+03:00" endTime="2021-12-16T16:16:29.0769858+03:00" testType="13cdc9d9-ddb5-4fa4-a97d-d965ccfc6d4b" outcome="Passed" testListId="8c84fa94-04c1-424b-9868-57a2d4851a1d" relativeResultsDirectory="e70515f5-f912-4eae-968a-15ce96b9b170" />
    <UnitTestResult executionId="b11b0c3d-10de-4c61-8e58-dc4ee7383bf8" testId="019b787c-88b2-9680-3a7b-9251d2235f77" testName="Skillaz.Tests.CompanySpecific.X5.Naumen.NaumenSlaTests.Sla_calculates_correctly_for_next_day(candidateTimeZone: 11, sla: 02:00:00, startDate: 2020-01-01T00:00:00.0000000Z, truth: [NaumenTimeRange { From = &quot;2020-01-01 07:00:00&quot;, To = &quot;2020-01-01 09:00:00&quot; }])" computerName="DESKTOP-F6SKA47" duration="00:00:00.0000524" startTime="2021-12-16T16:16:29.3627549+03:00" endTime="2021-12-16T16:16:29.3627553+03:00" testType="13cdc9d9-ddb5-4fa4-a97d-d965ccfc6d4b" outcome="Passed" testListId="8c84fa94-04c1-424b-9868-57a2d4851a1d" relativeResultsDirectory="b11b0c3d-10de-4c61-8e58-dc4ee7383bf8" />
    <UnitTestResult executionId="186ef271-2688-4b43-a4c1-3fa8e4952cc9" testId="019b787c-88b2-9680-3a7b-9251d2235f77" testName="Skillaz.Tests.CompanySpecific.X5.Naumen.NaumenSlaTests.Sla_calculates_correctly_for_next_day(candidateTimeZone: 11, sla: 02:00:00, startDate: 2019-12-31T12:00:00.0000000Z, truth: [NaumenTimeRange { From = &quot;2020-01-01 07:00:00&quot;, To = &quot;2020-01-01 09:00:00&quot; }])" computerName="DESKTOP-F6SKA47" duration="00:00:00.0000918" startTime="2021-12-16T16:16:29.3565128+03:00" endTime="2021-12-16T16:16:29.3565137+03:00" testType="13cdc9d9-ddb5-4fa4-a97d-d965ccfc6d4b" outcome="Passed" testListId="8c84fa94-04c1-424b-9868-57a2d4851a1d" relativeResultsDirectory="186ef271-2688-4b43-a4c1-3fa8e4952cc9" />
    <UnitTestResult executionId="c3217f1d-c842-491c-9be8-6bfcd14e9e62" testId="9481e5ab-c017-57cc-2361-35df94a187ab" testName="Skillaz.Tests.AsyncEnumerable.AsyncEnumerableTests.Parallel_for_each_handles_exception_in_consumer" computerName="DESKTOP-F6SKA47" duration="00:00:01.4938760" startTime="2021-12-16T16:16:31.3494895+03:00" endTime="2021-12-16T16:16:31.3494899+03:00" testType="13cdc9d9-ddb5-4fa4-a97d-d965ccfc6d4b" outcome="Passed" testListId="8c84fa94-04c1-424b-9868-57a2d4851a1d" relativeResultsDirectory="c3217f1d-c842-491c-9be8-6bfcd14e9e62" />
    <UnitTestResult executionId="a0e1332f-c419-4e25-a256-1857373b08da" testId="fba1a8f6-1ef7-f36e-55fb-b8c99f2efa92" testName="Skillaz.Tests.AsyncEnumerable.AsyncEnumerableTests.Batching_works_for_async_enumerable_when_batches_are_equally_sized(genSize: 10, batchSize: 1)" computerName="DESKTOP-F6SKA47" duration="00:00:00.2224439" startTime="2021-12-16T16:16:31.3475910+03:00" endTime="2021-12-16T16:16:31.3475944+03:00" testType="13cdc9d9-ddb5-4fa4-a97d-d965ccfc6d4b" outcome="Passed" testListId="8c84fa94-04c1-424b-9868-57a2d4851a1d" relativeResultsDirectory="a0e1332f-c419-4e25-a256-1857373b08da" />
    <UnitTestResult executionId="97d140fd-5b66-4263-88b2-a26709d45f05" testId="39bbe88c-a5a1-69b6-0e18-a75bb02edd6c" testName="Skillaz.Tests.CompanySpecific.X5.Naumen.NaumenSlaTests.Sla_calculates_correctly_within_one_day(candidateTimeZone: 7, sla: 01:00:00, startDate: 2019-12-31T12:00:00.0000000Z, truth: [NaumenTimeRange { From = &quot;2019-12-31 15:00:00&quot;, To = &quot;2019-12-31 16:00:00&quot; }])" computerName="DESKTOP-F6SKA47" duration="00:00:00.0000440" startTime="2021-12-16T16:16:29.0112867+03:00" endTime="2021-12-16T16:16:29.0112899+03:00" testType="13cdc9d9-ddb5-4fa4-a97d-d965ccfc6d4b" outcome="Passed" testListId="8c84fa94-04c1-424b-9868-57a2d4851a1d" relativeResultsDirectory="97d140fd-5b66-4263-88b2-a26709d45f05" />
    <UnitTestResult executionId="afb709ee-e088-4dad-b2c5-30f7e8633797" testId="d7cd554e-2593-cfbb-ccae-aef48abd6f00" testName="Skillaz.Tests.Configurator.Deduplication.UpdateCandidateTest.Кандидат_в_статусе_более_10_дней" computerName="DESKTOP-F6SKA47" duration="00:00:02.2915769" startTime="2021-12-16T16:21:47.6416604+03:00" endTime="2021-12-16T16:21:47.6416626+03:00" testType="13cdc9d9-ddb5-4fa4-a97d-d965ccfc6d4b" outcome="Passed" testListId="8c84fa94-04c1-424b-9868-57a2d4851a1d" relativeResultsDirectory="afb709ee-e088-4dad-b2c5-30f7e8633797">
      <Output>
        <StdOut>SCENARIO: Кандидат в статусе более 10 дней&#xD;
  STEP 1/8: GIVEN a company...&#xD;
  STEP 1/8: GIVEN a company (Passed after 139ms)&#xD;
  STEP 2/8: AND the authenticated user...&#xD;
  STEP 2/8: AND the authenticated user (Passed after 402ms)&#xD;
  STEP 3/8: AND the Funnel...&#xD;
  STEP 3/8: AND the Funnel (Passed after 166ms)&#xD;
  STEP 4/8: AND the vacancy in the company [funnelId: "TestingFunnel"]...&#xD;
  STEP 4/8: AND the vacancy in the company [funnelId: "TestingFunnel"] (Passed after 132ms)&#xD;
  STEP 5/8: AND candidate on vacancy [idleTimeDays: "11"]...&#xD;
  STEP 5/8: AND candidate on vacancy [idleTimeDays: "11"] (Passed after 77ms)&#xD;
  STEP 6/8: AND new candidate addway manual...&#xD;
  STEP 6/8: AND new candidate addway manual (Passed after &lt;1ms)&#xD;
  STEP 7/8: WHEN candidates are updated [list: "Skillaz.Configurator.Contract.Deduplication.DeduplicationActionConfigurationDto, Skillaz.Configurator.Contract.Deduplication.DeduplicationActionConfigurationDto, Skillaz.Configurator.Contract.Deduplication.DeduplicationActionConfigurationDto"]...&#xD;
  STEP 7/8: WHEN candidates are updated [list: "Skillaz.Configurator.Contract.Deduplication.DeduplicationActionConfigurationDto, Skillaz.Configurator.Contract.Deduplication.DeduplicationActionConfigurationDto, Skillaz.Configurator.Contract.Deduplication.DeduplicationActionConfigurationDto"] (Passed after 931ms)&#xD;
  STEP 8/8: Check rule [name: "Кандидат в статусе более 10 дней"]...&#xD;
  STEP 8/8: Check rule [name: "Кандидат в статусе более 10 дней"] (Passed after &lt;1ms)&#xD;
  SCENARIO RESULT: Passed after 1s 914ms</StdOut>
      </Output>
    </UnitTestResult>
    <UnitTestResult executionId="abd7ea99-ae3a-421f-8629-7f1714cd9e25" testId="77f2d7be-818f-90c7-bdcf-482cc2cb5bd5" testName="Skillaz.Tests.Authorization.AuthLoginWorkflowService_Login_feature.Do_incorrect_login_by_email_with_no_attempts_left_expects_ban" computerName="DESKTOP-F6SKA47" duration="00:00:05.7079166" startTime="2021-12-16T16:22:35.6914050+03:00" endTime="2021-12-16T16:22:35.6914067+03:00" testType="13cdc9d9-ddb5-4fa4-a97d-d965ccfc6d4b" outcome="Passed" testListId="8c84fa94-04c1-424b-9868-57a2d4851a1d" relativeResultsDirectory="abd7ea99-ae3a-421f-8629-7f1714cd9e25">
      <Output>
        <StdOut>SCENARIO: Do incorrect login by email with no attempts left expects ban&#xD;
  STEP 1/5: GIVEN a company...&#xD;
  STEP 1/5: GIVEN a company (Passed after 565ms)&#xD;
  STEP 2/5: AND a user with maximum login attempts...&#xD;
  STEP 2/5: AND a user with maximum login attempts (Passed after 525ms)&#xD;
  STEP 3/5: WHEN doing a failing login "v.pupkin@skillaz.co" attempt...&#xD;
  STEP 3/5: WHEN doing a failing login "v.pupkin@skillaz.co" attempt (Passed after 3s 481ms)&#xD;
  STEP 4/5: THEN ensure it is account blocked exception...&#xD;
  STEP 4/5: THEN ensure it is account blocked exception (Passed after &lt;1ms)&#xD;
  STEP 5/5: AND ensure that account was banned...&#xD;
  STEP 5/5: AND ensure that account was banned (Passed after 23ms)&#xD;
  SCENARIO RESULT: Passed after 4s 625ms</StdOut>
      </Output>
    </UnitTestResult>
    <UnitTestResult executionId="c51ecbd8-97f5-40ea-b697-fb86e32dd9a5" testId="f8b867c8-60a8-34c9-06c1-ea1e2b9bbed1" testName="Skillaz.Tests.OpenApi.Docs.DocBase.Проверить_что_в_Get_операциях_проставляется_расширенное_описание_ссылок" computerName="DESKTOP-F6SKA47" duration="00:00:11.3719105" startTime="2021-12-16T16:18:58.1679216+03:00" endTime="2021-12-16T16:18:58.1679239+03:00" testType="13cdc9d9-ddb5-4fa4-a97d-d965ccfc6d4b" outcome="Passed" testListId="8c84fa94-04c1-424b-9868-57a2d4851a1d" relativeResultsDirectory="c51ecbd8-97f5-40ea-b697-fb86e32dd9a5">
      <Output>
        <StdOut>SCENARIO: Проверить что в Get операциях проставляется расширенное описание ссылок&#xD;
  STEP 1/9: GIVEN a company...&#xD;
  STEP 1/9: GIVEN a company (Passed after 92ms)&#xD;
  STEP 2/9: AND the authenticated api user...&#xD;
  STEP 2/9: AND the authenticated api user (Passed after 256ms)&#xD;
  STEP 3/9: Настроить модели документов...&#xD;
  STEP 3/9: Настроить модели документов (Passed after 817ms)&#xD;
  STEP 4/9: Load city and region references...&#xD;
  STEP 4/9: Load city and region references (Passed after 80ms)&#xD;
  STEP 5/9: Создать пользователя...&#xD;
  STEP 5/9: Создать пользователя (Passed after 165ms)&#xD;
  STEP 6/9: Создать тестовые объекты...&#xD;
  STEP 6/9: Создать тестовые объекты (Passed after 5s 186ms)&#xD;
  STEP 7/9: Загрузить вакансию через id...&#xD;
  STEP 7/9: Загрузить вакансию через id (Passed after 1s 359ms)&#xD;
  STEP 8/9: Загрузить вакансию через список...&#xD;
  STEP 8/9: Загрузить вакансию через список (Passed after 1s 042ms)&#xD;
  STEP 9/9: Загрузить вакансию через id без кешей...&#xD;
  STEP 9/9: Загрузить вакансию через id без кешей (Passed after 821ms)&#xD;
  SCENARIO RESULT: Passed after 9s 843ms</StdOut>
      </Output>
    </UnitTestResult>
    <UnitTestResult executionId="8a86a0be-c5c4-4511-bf08-3e234d3ae659" testId="7b9e9e63-e1ac-1073-da19-cc8c9ef90688" testName="Skillaz.Tests.Configurator.Deduplication.DeduplicationAction_feature.Check_what_multi_actions_of_deduplication_completed" computerName="DESKTOP-F6SKA47" duration="00:00:07.2832442" startTime="2021-12-16T16:21:43.2083552+03:00" endTime="2021-12-16T16:21:43.2083572+03:00" testType="13cdc9d9-ddb5-4fa4-a97d-d965ccfc6d4b" outcome="Passed" testListId="8c84fa94-04c1-424b-9868-57a2d4851a1d" relativeResultsDirectory="8a86a0be-c5c4-4511-bf08-3e234d3ae659">
      <Output>
        <StdOut>SCENARIO: Check what multi actions of deduplication completed&#xD;
  STEP 1/8: GIVEN a company...&#xD;
  STEP 1/8: GIVEN a company (Passed after 166ms)&#xD;
  STEP 2/8: AND link action in client configuration...&#xD;
  STEP 2/8: AND link action in client configuration (Passed after 381ms)&#xD;
  STEP 3/8: AND link action in client configuration...&#xD;
  STEP 3/8: AND link action in client configuration (Passed after 17ms)&#xD;
  STEP 4/8: AND the configuration with action [actions: "AddFieldDeduplicationAction, ChangeFieldFromNewCandidateDeduplicationAction"]...&#xD;
  STEP 4/8: AND the configuration with action [actions: "AddFieldDeduplicationAction, ChangeFieldFromNewCandidateDeduplicationAction"] (Passed after 611ms)&#xD;
  STEP 5/8: AND the vacancy in the company...&#xD;
  STEP 5/8: AND the vacancy in the company (Passed after 502ms)&#xD;
  STEP 6/8: AND the candidate...&#xD;
  STEP 6/8: AND the candidate (Passed after 600ms)&#xD;
  STEP 7/8: WHEN create candidate as duplicate...&#xD;
  STEP 7/8: WHEN create candidate as duplicate (Passed after 3s 703ms)&#xD;
  STEP 8/8: Ensure that specified fields of candidate updated [expectedValues: "FieldSample: FieldValue, FieldSampleChange: NewChangedValue"]...&#xD;
  STEP 8/8: Ensure that specified fields of candidate updated [expectedValues: "FieldSample: FieldValue, FieldSampleChange: NewChangedValue"] (Passed after 375ms)&#xD;
  SCENARIO RESULT: Passed after 6s 418ms</StdOut>
      </Output>
    </UnitTestResult>
    <UnitTestResult executionId="b2b5eb84-f9cb-44a2-94e4-acb587c5773e" testId="019b787c-88b2-9680-3a7b-9251d2235f77" testName="Skillaz.Tests.CompanySpecific.X5.Naumen.NaumenSlaTests.Sla_calculates_correctly_for_next_day(candidateTimeZone: 3, sla: 02:00:00, startDate: 2019-12-31T18:30:00.0000000Z, truth: [NaumenTimeRange { From = &quot;2020-01-01 09:00:00&quot;, To = &quot;2020-01-01 11:00:00&quot; }])" computerName="DESKTOP-F6SKA47" duration="00:00:00.0000452" startTime="2021-12-16T16:16:29.0740112+03:00" endTime="2021-12-16T16:16:29.0740120+03:00" testType="13cdc9d9-ddb5-4fa4-a97d-d965ccfc6d4b" outcome="Passed" testListId="8c84fa94-04c1-424b-9868-57a2d4851a1d" relativeResultsDirectory="b2b5eb84-f9cb-44a2-94e4-acb587c5773e" />
    <UnitTestResult executionId="405ceb2d-6e1d-4300-9356-fb7eee2255ce" testId="0bdb275d-06fe-542e-40d4-681128a019cc" testName="Skillaz.Tests.AutoComplete.RequestAutoCompleteControllerGetRequests_feature.AutoComplete_with_states_and_state_types(states: null, stateTypes: [&quot;CandidateRecruitment&quot;])" computerName="DESKTOP-F6SKA47" duration="00:00:06.2442743" startTime="2021-12-16T16:26:44.5072599+03:00" endTime="2021-12-16T16:26:44.5072617+03:00" testType="13cdc9d9-ddb5-4fa4-a97d-d965ccfc6d4b" outcome="Passed" testListId="8c84fa94-04c1-424b-9868-57a2d4851a1d" relativeResultsDirectory="405ceb2d-6e1d-4300-9356-fb7eee2255ce">
      <Output>
        <StdOut>SCENARIO: AutoComplete with states "&lt;null&gt;" and state types [stateTypes: "CandidateRecruitment"]&#xD;
  STEP 1/6: GIVEN a company...&#xD;
  STEP 1/6: GIVEN a company (Passed after 274ms)&#xD;
  STEP 2/6: AND the authenticated user...&#xD;
  STEP 2/6: AND the authenticated user (Passed after 274ms)&#xD;
  STEP 3/6: AND a model...&#xD;
  STEP 3/6: AND a model (Passed after 383ms)&#xD;
  STEP 4/6: AND requests...&#xD;
  STEP 4/6: AND requests (Passed after 4s 730ms)&#xD;
  STEP 5/6: WHEN getting requests [states: "&lt;null&gt;"] [stateTypes: "CandidateRecruitment"]...&#xD;
  STEP 5/6: WHEN getting requests [states: "&lt;null&gt;"] [stateTypes: "CandidateRecruitment"] (Passed after 45ms)&#xD;
  STEP 6/6: THEN correct requests return [states: "&lt;null&gt;"] [stateTypes: "CandidateRecruitment"]...&#xD;
  STEP 6/6: THEN correct requests return [states: "&lt;null&gt;"] [stateTypes: "CandidateRecruitment"] (Passed after 6ms)&#xD;
  SCENARIO RESULT: Passed after 5s 731ms</StdOut>
      </Output>
    </UnitTestResult>
    <UnitTestResult executionId="46e25771-3248-45fb-9cca-9db66018dee6" testId="019b787c-88b2-9680-3a7b-9251d2235f77" testName="Skillaz.Tests.CompanySpecific.X5.Naumen.NaumenSlaTests.Sla_calculates_correctly_for_next_day(candidateTimeZone: 9, sla: 02:00:00, startDate: 2019-12-31T14:00:00.0000000Z, truth: [NaumenTimeRange { From = &quot;2020-01-01 07:00:00&quot;, To = &quot;2020-01-01 09:00:00&quot; }])" computerName="DESKTOP-F6SKA47" duration="00:00:00.0000285" startTime="2021-12-16T16:16:29.3155670+03:00" endTime="2021-12-16T16:16:29.3155683+03:00" testType="13cdc9d9-ddb5-4fa4-a97d-d965ccfc6d4b" outcome="Passed" testListId="8c84fa94-04c1-424b-9868-57a2d4851a1d" relativeResultsDirectory="46e25771-3248-45fb-9cca-9db66018dee6" />
    <UnitTestResult executionId="0fdf0832-2a8b-423f-b4c4-a69c62a17f26" testId="019b787c-88b2-9680-3a7b-9251d2235f77" testName="Skillaz.Tests.CompanySpecific.X5.Naumen.NaumenSlaTests.Sla_calculates_correctly_for_next_day(candidateTimeZone: 10, sla: 02:00:00, startDate: 2019-12-31T23:30:00.0000000Z, truth: [NaumenTimeRange { From = &quot;2020-01-01 07:00:00&quot;, To = &quot;2020-01-01 09:00:00&quot; }])" computerName="DESKTOP-F6SKA47" duration="00:00:00.0000422" startTime="2021-12-16T16:16:29.3365482+03:00" endTime="2021-12-16T16:16:29.3365486+03:00" testType="13cdc9d9-ddb5-4fa4-a97d-d965ccfc6d4b" outcome="Passed" testListId="8c84fa94-04c1-424b-9868-57a2d4851a1d" relativeResultsDirectory="0fdf0832-2a8b-423f-b4c4-a69c62a17f26" />
    <UnitTestResult executionId="6385c137-77f0-422e-b36d-39c58b52b29b" testId="3a21bfd0-7da7-ac09-8bdf-1f498bc48810" testName="Skillaz.Tests.Notifications.Workflow.WorkflowNotificationParameters_feature.Attempt_send_email_notification_with_workflow_comment_for_check_workflow" computerName="DESKTOP-F6SKA47" duration="00:00:04.2929570" startTime="2021-12-16T16:24:07.8995780+03:00" endTime="2021-12-16T16:24:07.8995834+03:00" testType="13cdc9d9-ddb5-4fa4-a97d-d965ccfc6d4b" outcome="Passed" testListId="8c84fa94-04c1-424b-9868-57a2d4851a1d" relativeResultsDirectory="6385c137-77f0-422e-b36d-39c58b52b29b">
      <Output>
        <StdOut>SCENARIO: Attempt send email notification with workflow comment for check workflow&#xD;
  STEP 1/9: GIVEN a company...&#xD;
  STEP 1/9: GIVEN a company (Passed after 43ms)&#xD;
  STEP 2/9: AND the authenticated user...&#xD;
  STEP 2/9: AND the authenticated user (Passed after 298ms)&#xD;
  STEP 3/9: AND the workflow schema for security and processing role [workflowCode: "Security"]...&#xD;
  STEP 3/9: AND the workflow schema for security and processing role [workflowCode: "Security"] (Passed after 155ms)&#xD;
  STEP 4/9: AND the email template "Security{{{cnd_chk_Security_workflow_comment}}}"...&#xD;
  STEP 4/9: AND the email template "Security{{{cnd_chk_Security_workflow_comment}}}" (Passed after 133ms)&#xD;
  STEP 5/9: AND the vacancy in the company...&#xD;
  STEP 5/9: AND the vacancy in the company (Passed after 162ms)&#xD;
  STEP 6/9: AND the check document [checkId: "61bb3df27f10d6937478d932"] [workflowCode: "Security"]...&#xD;
  STEP 6/9: AND the check document [checkId: "61bb3df27f10d6937478d932"] [workflowCode: "Security"] (Passed after 121ms)&#xD;
  STEP 7/9: AND the candidate [checkIds: "61bb3df27f10d6937478d932"]...&#xD;
  STEP 7/9: AND the candidate [checkIds: "61bb3df27f10d6937478d932"] (Passed after 77ms)&#xD;
  STEP 8/9: WHEN check workflow switch status [checkId: "61bb3df27f10d6937478d932"]...&#xD;
  STEP 8/9: WHEN check workflow switch status [checkId: "61bb3df27f10d6937478d932"] (Passed after 1s 117ms)&#xD;
  STEP 9/9: THEN attempt method send letter contains workflow comment [startWithWord: ""]...&#xD;
  STEP 9/9: THEN attempt method send letter contains workflow comment [startWithWord: ""] (Passed after 1ms)&#xD;
  SCENARIO RESULT: Passed after 2s 132ms</StdOut>
      </Output>
    </UnitTestResult>
    <UnitTestResult executionId="b9c4e765-22ff-4113-bb5d-fac0101ce619" testId="8acd4525-a627-5fa2-0344-bf4e6672636d" testName="Skillaz.Tests.OpenApi.ObjectHashHelperTest.GetChanges(source: [[a, 1], [b, aa], [c, 10]], update: [[b, zz], [c, 10], [d, qq]], expected: [[b, zz], [c, 10], [d, qq]])" computerName="DESKTOP-F6SKA47" duration="00:00:00.0001711" startTime="2021-12-16T16:16:28.8516320+03:00" endTime="2021-12-16T16:16:28.8516325+03:00" testType="13cdc9d9-ddb5-4fa4-a97d-d965ccfc6d4b" outcome="Passed" testListId="8c84fa94-04c1-424b-9868-57a2d4851a1d" relativeResultsDirectory="b9c4e765-22ff-4113-bb5d-fac0101ce619" />
    <UnitTestResult executionId="ee1eabe5-16a7-4c74-90e6-4ca0f1329ef5" testId="1404f690-f55f-1643-8d2f-cbf3a7460338" testName="Skillaz.Tests.Helpers.WorkingDaysHelperFeature.FindProductionDates(dateStrings: [&quot;2020-05-01&quot;, &quot;2020-05-02&quot;, &quot;2020-05-15&quot;, &quot;2020-05-16&quot;, &quot;2020-05-06&quot;, ...])" computerName="DESKTOP-F6SKA47" duration="00:00:00.0000654" startTime="2021-12-16T16:16:29.3929309+03:00" endTime="2021-12-16T16:16:29.3929331+03:00" testType="13cdc9d9-ddb5-4fa4-a97d-d965ccfc6d4b" outcome="Passed" testListId="8c84fa94-04c1-424b-9868-57a2d4851a1d" relativeResultsDirectory="ee1eabe5-16a7-4c74-90e6-4ca0f1329ef5" />
    <UnitTestResult executionId="253c8c69-9aa1-4646-9331-82a9cec7577a" testId="9ef90f8e-9675-f54f-83b9-42a65deb8801" testName="Skillaz.Tests.AsyncEnumerable.AsyncEnumerableTests.Batching_works_for_async_enumerable_when_batches_are_equally_sized(genSize: 10, batchSize: 5)" computerName="DESKTOP-F6SKA47" duration="00:00:00.2085392" startTime="2021-12-16T16:16:31.3434531+03:00" endTime="2021-12-16T16:16:31.3434537+03:00" testType="13cdc9d9-ddb5-4fa4-a97d-d965ccfc6d4b" outcome="Passed" testListId="8c84fa94-04c1-424b-9868-57a2d4851a1d" relativeResultsDirectory="253c8c69-9aa1-4646-9331-82a9cec7577a" />
    <UnitTestResult executionId="e6c05c5f-fc6b-49b6-aa5c-31519ce6f535" testId="bdebe23e-081b-5984-546a-ca2ddf47b38b" testName="Skillaz.Tests.Reference.FromRegistry_feature.From_registry_available_values_not_contains_archived_reference" computerName="DESKTOP-F6SKA47" duration="00:00:11.1045052" startTime="2021-12-16T16:26:00.1078514+03:00" endTime="2021-12-16T16:26:00.1078590+03:00" testType="13cdc9d9-ddb5-4fa4-a97d-d965ccfc6d4b" outcome="Passed" testListId="8c84fa94-04c1-424b-9868-57a2d4851a1d" relativeResultsDirectory="e6c05c5f-fc6b-49b6-aa5c-31519ce6f535">
      <Output>
        <StdOut>SCENARIO: From registry available values not contains archived reference&#xD;
  STEP 1/6: GIVEN a company...&#xD;
  STEP 1/6: GIVEN a company (Passed after 242ms)&#xD;
  STEP 2/6: AND the model from registry...&#xD;
  STEP 2/6: AND the model from registry (Passed after &lt;1ms)&#xD;
  STEP 3/6: AND the authenticated user...&#xD;
  STEP 3/6: AND the authenticated user (Passed after 473ms)&#xD;
  STEP 4/6: AND a references...&#xD;
  STEP 4/6: AND a references (Passed after 969ms)&#xD;
  STEP 5/6: WHEN archive reference value...&#xD;
  STEP 5/6: WHEN archive reference value (Passed after 634ms)&#xD;
  STEP 6/6: THEN available values not contains archive reference...&#xD;
  STEP 6/6: THEN available values not contains archive reference (Passed after 8s 289ms)&#xD;
  SCENARIO RESULT: Passed after 10s 613ms</StdOut>
      </Output>
    </UnitTestResult>
    <UnitTestResult executionId="f057dced-27d0-4baa-8bd3-9d4315b76bd9" testId="8c3fc4ad-b702-bcba-b791-90079a9f1a6a" testName="Skillaz.Tests.Assessment.Questionnaires.AudioQuestionnaire_feature.Getting_a_questionnaire" computerName="DESKTOP-F6SKA47" duration="00:00:01.9443461" startTime="2021-12-16T16:24:41.4469610+03:00" endTime="2021-12-16T16:24:41.4469629+03:00" testType="13cdc9d9-ddb5-4fa4-a97d-d965ccfc6d4b" outcome="Passed" testListId="8c84fa94-04c1-424b-9868-57a2d4851a1d" relativeResultsDirectory="f057dced-27d0-4baa-8bd3-9d4315b76bd9">
      <Output>
        <StdOut>SCENARIO: Getting a questionnaire&#xD;
  STEP 1/5: GIVEN a company...&#xD;
  STEP 1/5: GIVEN a company (Passed after 185ms)&#xD;
  STEP 2/5: AND the authenticated user...&#xD;
  STEP 2/5: AND the authenticated user (Passed after 613ms)&#xD;
  STEP 3/5: AND the questionnaire...&#xD;
  STEP 3/5: AND the questionnaire (Passed after 317ms)&#xD;
  STEP 4/5: WHEN questionnaire is requested...&#xD;
  STEP 4/5: WHEN questionnaire is requested (Passed after 70ms)&#xD;
  STEP 5/5: Questionnaire should be retrieved...&#xD;
  STEP 5/5: Questionnaire should be retrieved (Passed after &lt;1ms)&#xD;
  SCENARIO RESULT: Passed after 1s 218ms</StdOut>
      </Output>
    </UnitTestResult>
    <UnitTestResult executionId="9e1f9afe-97b2-47e4-aff9-2bcb01ecd6be" testId="695a69c9-264c-d1c5-2032-535ef4bf39f9" testName="Skillaz.Tests.CompanySpecific.X5.Naumen.NaumenSlaTests.Sla_calculates_correctly_for_split_days(candidateTimeZone: 5, sla: 04:00:00, startDate: 2019-12-31T13:00:00.0000000Z, truth: [NaumenTimeRange { From = &quot;2019-12-31 16:00:00&quot;, To = &quot;2019-12-31 18:00:00&quot; }, NaumenTimeRange { From = &quot;2020-01-01 07:00:00&quot;, To = &quot;2020-01-01 09:00:00&quot; }])" computerName="DESKTOP-F6SKA47" duration="00:00:00.0000532" startTime="2021-12-16T16:16:28.9916597+03:00" endTime="2021-12-16T16:16:28.9916610+03:00" testType="13cdc9d9-ddb5-4fa4-a97d-d965ccfc6d4b" outcome="Passed" testListId="8c84fa94-04c1-424b-9868-57a2d4851a1d" relativeResultsDirectory="9e1f9afe-97b2-47e4-aff9-2bcb01ecd6be" />
    <UnitTestResult executionId="df41556d-e619-450c-90b6-d18e55d86b92" testId="799f038b-e1db-aa93-48e2-5c37c00d599b" testName="Skillaz.Tests.DocumentModels.FieldValueComparerTests.StringComparison(firstValue: &quot;abc&quot;, secondValue: &quot;cba&quot;, result: False)" computerName="DESKTOP-F6SKA47" duration="00:00:00.0000227" startTime="2021-12-16T16:16:31.0481481+03:00" endTime="2021-12-16T16:16:31.0481592+03:00" testType="13cdc9d9-ddb5-4fa4-a97d-d965ccfc6d4b" outcome="Passed" testListId="8c84fa94-04c1-424b-9868-57a2d4851a1d" relativeResultsDirectory="df41556d-e619-450c-90b6-d18e55d86b92" />
    <UnitTestResult executionId="dad2fcd9-6968-424b-bc8b-bf534568969e" testId="019b787c-88b2-9680-3a7b-9251d2235f77" testName="Skillaz.Tests.CompanySpecific.X5.Naumen.NaumenSlaTests.Sla_calculates_correctly_for_next_day(candidateTimeZone: 5, sla: 02:00:00, startDate: 2019-12-31T18:30:00.0000000Z, truth: [NaumenTimeRange { From = &quot;2020-01-01 07:00:00&quot;, To = &quot;2020-01-01 09:00:00&quot; }])" computerName="DESKTOP-F6SKA47" duration="00:00:00.0000378" startTime="2021-12-16T16:16:29.1024266+03:00" endTime="2021-12-16T16:16:29.1024283+03:00" testType="13cdc9d9-ddb5-4fa4-a97d-d965ccfc6d4b" outcome="Passed" testListId="8c84fa94-04c1-424b-9868-57a2d4851a1d" relativeResultsDirectory="dad2fcd9-6968-424b-bc8b-bf534568969e" />
    <UnitTestResult executionId="a0464e7c-0c12-4d79-8c94-0e150cf997c4" testId="cdd71d12-acf9-dce6-26e7-909fed4fd3b8" testName="Skillaz.Tests.Candidate.Elastic.CandidateElasticFiltration_feature.Retrieving_no_candidates_that_have_a_resume_that_is_updated_before_specific_date" computerName="DESKTOP-F6SKA47" duration="00:00:00.0010000" startTime="2021-12-16T16:24:40.1730462+03:00" endTime="2021-12-16T16:24:40.1730491+03:00" testType="13cdc9d9-ddb5-4fa4-a97d-d965ccfc6d4b" outcome="NotExecuted" testListId="8c84fa94-04c1-424b-9868-57a2d4851a1d" relativeResultsDirectory="a0464e7c-0c12-4d79-8c94-0e150cf997c4">
      <Output>
        <StdOut>You need Elasticsearch 7.5 local instance on 9200 port</StdOut>
      </Output>
    </UnitTestResult>
    <UnitTestResult executionId="cd4b3da6-4b60-4538-a299-272752e2064a" testId="36186e82-77b6-05cb-6e0e-1f6b728fd74b" testName="Skillaz.Tests.Candidate.Elastic.CandidateElasticFiltration_feature.Retrieving_no_candidates_that_have_a_resume_that_is_updated_after_specific_date" computerName="DESKTOP-F6SKA47" duration="00:00:00.0010000" startTime="2021-12-16T16:24:39.9335367+03:00" endTime="2021-12-16T16:24:39.9335391+03:00" testType="13cdc9d9-ddb5-4fa4-a97d-d965ccfc6d4b" outcome="NotExecuted" testListId="8c84fa94-04c1-424b-9868-57a2d4851a1d" relativeResultsDirectory="cd4b3da6-4b60-4538-a299-272752e2064a">
      <Output>
        <StdOut>You need Elasticsearch 7.5 local instance on 9200 port</StdOut>
      </Output>
    </UnitTestResult>
    <UnitTestResult executionId="9439b1c9-80d4-4375-b41f-15eef278b9c4" testId="3d9f8c73-7080-67cf-88b7-59b20199117a" testName="Skillaz.Tests.Assessment.Interviews.SimulationInterview_feature.Getting_a_simulation_interview_result" computerName="DESKTOP-F6SKA47" duration="00:00:24.4024424" startTime="2021-12-16T16:29:56.8712351+03:00" endTime="2021-12-16T16:29:56.8712379+03:00" testType="13cdc9d9-ddb5-4fa4-a97d-d965ccfc6d4b" outcome="Passed" testListId="8c84fa94-04c1-424b-9868-57a2d4851a1d" relativeResultsDirectory="9439b1c9-80d4-4375-b41f-15eef278b9c4">
      <Output>
        <StdOut>SCENARIO: Getting a simulation interview result&#xD;
  STEP 1/5: GIVEN a candidate in a vacancy in a company...&#xD;
  STEP 1/5: GIVEN a candidate in a vacancy in a company (Passed after 740ms)&#xD;
  STEP 2/5: AND the authenticated user...&#xD;
  STEP 2/5: AND the authenticated user (Passed after 433ms)&#xD;
  STEP 3/5: AND the interview...&#xD;
  STEP 3/5: AND the interview (Passed after 377ms)&#xD;
  STEP 4/5: WHEN a simulation interview result is requested...&#xD;
  STEP 4/5: WHEN a simulation interview result is requested (Passed after 22s 472ms)&#xD;
  STEP 5/5: THEN a simulation interview result should be retrieved...&#xD;
  STEP 5/5: THEN a simulation interview result should be retrieved (Passed after &lt;1ms)&#xD;
  SCENARIO RESULT: Passed after 24s 039ms</StdOut>
      </Output>
    </UnitTestResult>
    <UnitTestResult executionId="b5ac55de-3069-4b23-a92f-b6736014b775" testId="9b91ebe4-16e7-c36a-4fc9-08dc5ede6102" testName="Skillaz.Tests.Users.UserDataService_feature.Check_GetTop100ByQueryAndTagRole_method(filter: (, System.Collections.Generic.List`1[System.String]), result: (3, ))" computerName="DESKTOP-F6SKA47" duration="00:00:01.3166363" startTime="2021-12-16T16:25:15.5856138+03:00" endTime="2021-12-16T16:25:15.5856165+03:00" testType="13cdc9d9-ddb5-4fa4-a97d-d965ccfc6d4b" outcome="Passed" testListId="8c84fa94-04c1-424b-9868-57a2d4851a1d" relativeResultsDirectory="b5ac55de-3069-4b23-a92f-b6736014b775">
      <Output>
        <StdOut>SCENARIO: Check GetTop100ByQueryAndTagRole method [filter: "(, System.Collections.Generic.List`1[System.String])"] [result: "(3, )"]&#xD;
  STEP 1/5: GIVEN Given a company...&#xD;
  STEP 1/5: GIVEN Given a company (Passed after 233ms)&#xD;
  STEP 2/5: AND Given the authenticated user...&#xD;
  STEP 2/5: AND Given the authenticated user (Passed after 313ms)&#xD;
  STEP 3/5: AND Given Roles...&#xD;
  STEP 3/5: AND Given Roles (Passed after 1ms)&#xD;
  STEP 4/5: AND Given test users...&#xD;
  STEP 4/5: AND Given test users (Passed after 2ms)&#xD;
  STEP 5/5: WHEN When Search is appled [query: "&lt;null&gt;"] [tags: "tag1, tag2"]...&#xD;
  STEP 5/5: WHEN When Search is appled [query: "&lt;null&gt;"] [tags: "tag1, tag2"] (Passed after 164ms)&#xD;
  SCENARIO RESULT: Passed after 729ms</StdOut>
      </Output>
    </UnitTestResult>
    <UnitTestResult executionId="613c7340-9edf-4357-8f34-165e6fb75e68" testId="39492b37-8dae-5827-bf07-29d8aef674f4" testName="Skillaz.Tests.AsyncEnumerable.AsyncEnumerableTests.Batching_works_for_async_enumerable_when_batches_are_equally_sized(genSize: 10, batchSize: 2)" computerName="DESKTOP-F6SKA47" duration="00:00:00.2105067" startTime="2021-12-16T16:16:31.3463241+03:00" endTime="2021-12-16T16:16:31.3463405+03:00" testType="13cdc9d9-ddb5-4fa4-a97d-d965ccfc6d4b" outcome="Passed" testListId="8c84fa94-04c1-424b-9868-57a2d4851a1d" relativeResultsDirectory="613c7340-9edf-4357-8f34-165e6fb75e68" />
    <UnitTestResult executionId="28bf9747-dae7-4427-8262-0c6eb5703132" testId="89fab500-a884-ad45-851b-a5b750cbc444" testName="Skillaz.Tests.Configurator.Validation.Funnel.Валидация_что_нет_кандидатов_на_удаляемых_статусах" computerName="DESKTOP-F6SKA47" duration="00:00:29.8081632" startTime="2021-12-16T16:17:04.3448351+03:00" endTime="2021-12-16T16:17:04.3448369+03:00" testType="13cdc9d9-ddb5-4fa4-a97d-d965ccfc6d4b" outcome="Passed" testListId="8c84fa94-04c1-424b-9868-57a2d4851a1d" relativeResultsDirectory="28bf9747-dae7-4427-8262-0c6eb5703132">
      <Output>
        <StdOut>SCENARIO: Валидация что нет кандидатов на удаляемых статусах&#xD;
  STEP 1/5: GIVEN a company...&#xD;
  STEP 1/5: GIVEN a company (Passed after 125ms)&#xD;
  STEP 2/5: AND the authenticated admin user...&#xD;
  STEP 2/5: AND the authenticated admin user (Passed after 198ms)&#xD;
  STEP 3/5: Настроить mock валидатора...&#xD;
  STEP 3/5: Настроить mock валидатора (Passed after 113ms)&#xD;
  STEP 4/5: Загрузить воронку...&#xD;
  STEP 4/5: Загрузить воронку (Passed after 129ms)&#xD;
  STEP 5/5: Проверить что нашлись кандидаты на статусах которых нет в воронке...&#xD;
  STEP 5/5: Проверить что нашлись кандидаты на статусах которых нет в воронке (Passed after 29s 084ms)&#xD;
  SCENARIO RESULT: Passed after 29s 672ms</StdOut>
      </Output>
    </UnitTestResult>
    <UnitTestResult executionId="1ba334b8-ce68-423d-94a5-d5a334eba16b" testId="1ea7760d-0855-7518-f182-269f579ec795" testName="Skillaz.Tests.Telephony.CallList_ExtendFilter_feature.CheckSimpleFilterExcludeOr" computerName="DESKTOP-F6SKA47" duration="00:00:02.5864595" startTime="2021-12-16T16:27:25.3967249+03:00" endTime="2021-12-16T16:27:25.3967267+03:00" testType="13cdc9d9-ddb5-4fa4-a97d-d965ccfc6d4b" outcome="Passed" testListId="8c84fa94-04c1-424b-9868-57a2d4851a1d" relativeResultsDirectory="1ba334b8-ce68-423d-94a5-d5a334eba16b">
      <Output>
        <StdOut>SCENARIO: CheckSimpleFilterExcludeOr&#xD;
  STEP 1/8: GIVEN Given a company...&#xD;
  STEP 1/8: GIVEN Given a company (Passed after 182ms)&#xD;
  STEP 2/8: AND Given the authenticated user...&#xD;
  STEP 2/8: AND Given the authenticated user (Passed after 469ms)&#xD;
  STEP 3/8: AND Given a vacancy...&#xD;
  STEP 3/8: AND Given a vacancy (Passed after 254ms)&#xD;
  STEP 4/8: AND Given a candidates...&#xD;
  STEP 4/8: AND Given a candidates (Passed after 376ms)&#xD;
  STEP 5/8: AND Given outgoing campaign...&#xD;
  STEP 5/8: AND Given outgoing campaign (Passed after 152ms)&#xD;
  STEP 6/8: WHEN CreateSimpleExtendFilter [include: "&lt;null&gt;"] [exclude: "(Any, System.String[])"]...&#xD;
  STEP 6/8: WHEN CreateSimpleExtendFilter [include: "&lt;null&gt;"] [exclude: "(Any, System.String[])"] (Passed after &lt;1ms)&#xD;
  STEP 7/8: AND When candidates requested using advanced filter...&#xD;
  STEP 7/8: AND When candidates requested using advanced filter (Passed after 795ms)&#xD;
  STEP 8/8: THEN Then candidates count "3" correct...&#xD;
  STEP 8/8: THEN Then candidates count "3" correct (Passed after &lt;1ms)&#xD;
  SCENARIO RESULT: Passed after 2s 252ms</StdOut>
      </Output>
    </UnitTestResult>
    <UnitTestResult executionId="706ed970-51ed-4b64-ad24-2f2ee3043ccd" testId="db7619f7-571b-6b60-0231-111f0f108e14" testName="Skillaz.Tests.Notifications.Workflow.WorkflowNotifications_feature.Workflow_Check_that_notification_was_sended_when_status_changed" computerName="DESKTOP-F6SKA47" duration="00:00:05.3346156" startTime="2021-12-16T16:26:13.0149558+03:00" endTime="2021-12-16T16:26:13.0149584+03:00" testType="13cdc9d9-ddb5-4fa4-a97d-d965ccfc6d4b" outcome="Passed" testListId="8c84fa94-04c1-424b-9868-57a2d4851a1d" relativeResultsDirectory="706ed970-51ed-4b64-ad24-2f2ee3043ccd">
      <Output>
        <StdOut>SCENARIO: Workflow Check that notification was sended when status changed&#xD;
  STEP 1/7: GIVEN Given a candidate in a vacancy in a company [makeCompany: "System.Func`1[Skillaz.Candidate.Contract.LegacyCompany.LegacyCompanyDocument]"]...&#xD;
  STEP 1/7: GIVEN Given a candidate in a vacancy in a company [makeCompany: "System.Func`1[Skillaz.Candidate.Contract.LegacyCompany.LegacyCompanyDocument]"] (Passed after 479ms)&#xD;
  STEP 2/7: AND Given the authenticated user...&#xD;
  STEP 2/7: AND Given the authenticated user (Passed after 367ms)&#xD;
  STEP 3/7: AND Given the ClientConfigurationForCompany...&#xD;
  STEP 3/7: AND Given the ClientConfigurationForCompany (Passed after 2s 194ms)&#xD;
  STEP 4/7: AND Given the Funnel...&#xD;
  STEP 4/7: AND Given the Funnel (Passed after 164ms)&#xD;
  STEP 5/7: AND Given the request...&#xD;
  STEP 5/7: AND Given the request (Passed after 691ms)&#xD;
  STEP 6/7: WHEN When request state changed...&#xD;
  STEP 6/7: WHEN When request state changed (Passed after 1s 133ms)&#xD;
  STEP 7/7: THEN Then ensure that notification was sended and context loaded...&#xD;
  STEP 7/7: THEN Then ensure that notification was sended and context loaded (Passed after 48ms)&#xD;
  SCENARIO RESULT: Passed after 5s 103ms</StdOut>
      </Output>
    </UnitTestResult>
    <UnitTestResult executionId="624e7143-6a89-4e66-8de4-53e897afccfb" testId="267b1700-cab0-1502-d511-b624ffddddd7" testName="Skillaz.Tests.CompanySpecific.Perekrestok.PerekrestokRequestPriority_feature.Calculation_request_priority(supermarketType: &quot;Действующий супермаркет&quot;, requestVl: 100, employmentCandidateCount: 0, employmentFinishedCandidateCount: 10, interviewCandidateCount: 0, requestPriority: Low)" computerName="DESKTOP-F6SKA47" duration="00:00:10.8576195" startTime="2021-12-16T16:23:42.4455592+03:00" endTime="2021-12-16T16:23:42.4455602+03:00" testType="13cdc9d9-ddb5-4fa4-a97d-d965ccfc6d4b" outcome="Passed" testListId="8c84fa94-04c1-424b-9868-57a2d4851a1d" relativeResultsDirectory="624e7143-6a89-4e66-8de4-53e897afccfb">
      <Output>
        <StdOut>SCENARIO: Calculation request priority [supermarketType: "Действующий супермаркет"] [requestVl: "100"] [employmentCandidateCount: "0"] [employmentFinishedCandidateCount: "10"] [interviewCandidateCount: "0"] [requestPriority: "Low"]&#xD;
  STEP 1/6: GIVEN Given a company [companyId: "PerekrestokCompany"]...&#xD;
  STEP 1/6: GIVEN Given a company [companyId: "PerekrestokCompany"] (Passed after 163ms)&#xD;
  STEP 2/6: AND Given the authenticated user...&#xD;
  STEP 2/6: AND Given the authenticated user (Passed after 236ms)&#xD;
  STEP 3/6: AND Given org unit and request for status [requestState: "InWork"] [supermarketType: "Действующий супермаркет"] [requestVl: "100"]...&#xD;
  STEP 3/6: AND Given org unit and request for status [requestState: "InWork"] [supermarketType: "Действующий супермаркет"] [requestVl: "100"] (Passed after 162ms)&#xD;
  STEP 4/6: AND Given candidates according data and assigned to request [employmentCandidateCount: "0"] [employmentFinishedCandidateCount: "10"] [interviewCandidateCount: "0"]...&#xD;
  STEP 4/6: AND Given candidates according data and assigned to request [employmentCandidateCount: "0"] [employmentFinishedCandidateCount: "10"] [interviewCandidateCount: "0"] (Passed after 103ms)&#xD;
  STEP 5/6: WHEN When calculation priority...&#xD;
  STEP 5/6: WHEN When calculation priority (Passed after 6s 662ms)&#xD;
  STEP 6/6: THEN Then request priority equal [requestPriority: "Low"]...&#xD;
  STEP 6/6: THEN Then request priority equal [requestPriority: "Low"] (Passed after 6ms)&#xD;
  SCENARIO RESULT: Passed after 7s 392ms</StdOut>
      </Output>
    </UnitTestResult>
    <UnitTestResult executionId="9fc3dc25-2b1c-4534-a69c-f4b458118c30" testId="50c522a9-fec9-421e-ff5a-96a54a3b1957" testName="Skillaz.Tests.AsyncEnumerable.AsyncEnumerableTests.Batching_works_for_async_enumerable_when_batches_are_equally_sized(genSize: 15, batchSize: 1)" computerName="DESKTOP-F6SKA47" duration="00:00:00.2174190" startTime="2021-12-16T16:16:31.3505551+03:00" endTime="2021-12-16T16:16:31.3505612+03:00" testType="13cdc9d9-ddb5-4fa4-a97d-d965ccfc6d4b" outcome="Passed" testListId="8c84fa94-04c1-424b-9868-57a2d4851a1d" relativeResultsDirectory="9fc3dc25-2b1c-4534-a69c-f4b458118c30" />
    <UnitTestResult executionId="e1fcb7f2-4a1c-4ca0-87e3-a0a7fbe46798" testId="019b787c-88b2-9680-3a7b-9251d2235f77" testName="Skillaz.Tests.CompanySpecific.X5.Naumen.NaumenSlaTests.Sla_calculates_correctly_for_next_day(candidateTimeZone: 8, sla: 02:00:00, startDate: 2019-12-31T15:00:00.0000000Z, truth: [NaumenTimeRange { From = &quot;2020-01-01 07:00:00&quot;, To = &quot;2020-01-01 09:00:00&quot; }])" computerName="DESKTOP-F6SKA47" duration="00:00:00.0000357" startTime="2021-12-16T16:16:29.2923537+03:00" endTime="2021-12-16T16:16:29.2923540+03:00" testType="13cdc9d9-ddb5-4fa4-a97d-d965ccfc6d4b" outcome="Passed" testListId="8c84fa94-04c1-424b-9868-57a2d4851a1d" relativeResultsDirectory="e1fcb7f2-4a1c-4ca0-87e3-a0a7fbe46798" />
    <UnitTestResult executionId="f8812e3f-dd51-4a56-83dc-68888778c66a" testId="9ca42aef-bed0-38fd-f309-59c3df0d2b5e" testName="Skillaz.Tests.JobRequisition.JobRequisitionByOrgUnits_feature.Change_hire_request_change_status_works" computerName="DESKTOP-F6SKA47" duration="00:00:17.8209648" startTime="2021-12-16T16:17:09.6546507+03:00" endTime="2021-12-16T16:17:09.6546529+03:00" testType="13cdc9d9-ddb5-4fa4-a97d-d965ccfc6d4b" outcome="Passed" testListId="8c84fa94-04c1-424b-9868-57a2d4851a1d" relativeResultsDirectory="f8812e3f-dd51-4a56-83dc-68888778c66a">
      <Output>
        <StdOut>SCENARIO: Change hire request change status works&#xD;
  STEP 1/7: GIVEN a company...&#xD;
  STEP 1/7: GIVEN a company (Passed after 246ms)&#xD;
  STEP 2/7: AND the authenticated user...&#xD;
  STEP 2/7: AND the authenticated user (Passed after 520ms)&#xD;
  STEP 3/7: AND Given the document model...&#xD;
  STEP 3/7: AND Given the document model (Passed after 36ms)&#xD;
  STEP 4/7: AND Given hireneeds...&#xD;
  STEP 4/7: AND Given hireneeds (Passed after 945ms)&#xD;
  STEP 5/7: AND Given requests [statuses: "InWork, Closed, InWork, Closed, InWork"]...&#xD;
  STEP 5/7: AND Given requests [statuses: "InWork, Closed, InWork, Closed, InWork"] (Passed after 7s 835ms)&#xD;
  STEP 6/7: WHEN When get reqs byOrgUnit change...&#xD;
  STEP 6/7: WHEN When get reqs byOrgUnit change (Passed after 7s 569ms)&#xD;
  STEP 7/7: THEN Then hire request status changed...&#xD;
  STEP 7/7: THEN Then hire request status changed (Passed after 338ms)&#xD;
  SCENARIO RESULT: Passed after 17s 556ms</StdOut>
      </Output>
    </UnitTestResult>
    <UnitTestResult executionId="d0fd6398-e44f-4ff1-81f9-eddd84135efd" testId="14f0caa1-2e58-c32b-6ed8-254050d9e4fb" testName="Skillaz.Tests.DocumentModels.FieldValueComparerTests.IntegerComparison(firstValue: 0, secondValue: 0, result: True)" computerName="DESKTOP-F6SKA47" duration="00:00:00.0000151" startTime="2021-12-16T16:16:31.0567264+03:00" endTime="2021-12-16T16:16:31.0567268+03:00" testType="13cdc9d9-ddb5-4fa4-a97d-d965ccfc6d4b" outcome="Passed" testListId="8c84fa94-04c1-424b-9868-57a2d4851a1d" relativeResultsDirectory="d0fd6398-e44f-4ff1-81f9-eddd84135efd" />
    <UnitTestResult executionId="1298cae7-015c-42d5-819e-fa3bbdc4feb7" testId="5d2451f4-4237-a7b9-805b-cb03837a5142" testName="Skillaz.Tests.CompanySpecific.Perekrestok.PerekrestokRequestPriority_feature.Calculation_request_priority(supermarketType: &quot;Открывающийся супермаркет&quot;, requestVl: 100, employmentCandidateCount: 0, employmentFinishedCandidateCount: 0, interviewCandidateCount: 3, requestPriority: High)" computerName="DESKTOP-F6SKA47" duration="00:00:07.9397669" startTime="2021-12-16T16:23:47.2013896+03:00" endTime="2021-12-16T16:23:47.2013922+03:00" testType="13cdc9d9-ddb5-4fa4-a97d-d965ccfc6d4b" outcome="Passed" testListId="8c84fa94-04c1-424b-9868-57a2d4851a1d" relativeResultsDirectory="1298cae7-015c-42d5-819e-fa3bbdc4feb7">
      <Output>
        <StdOut>SCENARIO: Calculation request priority [supermarketType: "Открывающийся супермаркет"] [requestVl: "100"] [employmentCandidateCount: "0"] [employmentFinishedCandidateCount: "0"] [interviewCandidateCount: "3"] [requestPriority: "High"]&#xD;
  STEP 1/6: GIVEN Given a company [companyId: "PerekrestokCompany"]...&#xD;
  STEP 1/6: GIVEN Given a company [companyId: "PerekrestokCompany"] (Passed after 892ms)&#xD;
  STEP 2/6: AND Given the authenticated user...&#xD;
  STEP 2/6: AND Given the authenticated user (Passed after 2s 403ms)&#xD;
  STEP 3/6: AND Given org unit and request for status [requestState: "InWork"] [supermarketType: "Открывающийся супермаркет"] [requestVl: "100"]...&#xD;
  STEP 3/6: AND Given org unit and request for status [requestState: "InWork"] [supermarketType: "Открывающийся супермаркет"] [requestVl: "100"] (Passed after 1s 248ms)&#xD;
  STEP 4/6: AND Given candidates according data and assigned to request [employmentCandidateCount: "0"] [employmentFinishedCandidateCount: "0"] [interviewCandidateCount: "3"]...&#xD;
  STEP 4/6: AND Given candidates according data and assigned to request [employmentCandidateCount: "0"] [employmentFinishedCandidateCount: "0"] [interviewCandidateCount: "3"] (Passed after 1s 011ms)&#xD;
  STEP 5/6: WHEN When calculation priority...&#xD;
  STEP 5/6: WHEN When calculation priority (Passed after 148ms)&#xD;
  STEP 6/6: THEN Then request priority equal [requestPriority: "High"]...&#xD;
  STEP 6/6: THEN Then request priority equal [requestPriority: "High"] (Passed after 4ms)&#xD;
  SCENARIO RESULT: Passed after 5s 759ms</StdOut>
      </Output>
    </UnitTestResult>
    <UnitTestResult executionId="f3b2bb76-01de-4645-84bc-9e41da0d355a" testId="99885191-af5f-70d5-1550-00f31f24b37c" testName="Skillaz.Tests.HH.Publications.HideContactsPublications_feature.Publish_vacancies_with_hidden_contacts" computerName="DESKTOP-F6SKA47" duration="00:00:26.7828929" startTime="2021-12-16T16:26:20.4725626+03:00" endTime="2021-12-16T16:26:20.4725630+03:00" testType="13cdc9d9-ddb5-4fa4-a97d-d965ccfc6d4b" outcome="Passed" testListId="8c84fa94-04c1-424b-9868-57a2d4851a1d" relativeResultsDirectory="f3b2bb76-01de-4645-84bc-9e41da0d355a">
      <Output>
        <StdOut>SCENARIO: Publish vacancies with hidden contacts&#xD;
  STEP 1/8: GIVEN a company...&#xD;
  STEP 1/8: GIVEN a company (Passed after 224ms)&#xD;
  STEP 2/8: AND the vacancy in the company...&#xD;
  STEP 2/8: AND the vacancy in the company (Passed after 300ms)&#xD;
  STEP 3/8: AND the authenticated user...&#xD;
  STEP 3/8: AND the authenticated user (Passed after 346ms)&#xD;
  STEP 4/8: AND Given hh vacancy template...&#xD;
  STEP 4/8: AND Given hh vacancy template (Passed after 5s 554ms)&#xD;
  STEP 5/8: AND Given VacancyPublicationRequest [hideContacts: "True"]...&#xD;
  STEP 5/8: AND Given VacancyPublicationRequest [hideContacts: "True"] (Passed after 21ms)&#xD;
  STEP 6/8: AND Given hh account [id: "testaccount"]...&#xD;
  STEP 6/8: AND Given hh account [id: "testaccount"] (Passed after 219ms)&#xD;
  STEP 7/8: WHEN When hh vacancy is published...&#xD;
  STEP 7/8: WHEN When hh vacancy is published (Passed after 19s 247ms)&#xD;
  STEP 8/8: THEN Then hh published vacancies should has constacts for each areas if it was not hidden [hideContacts: "True"]...&#xD;
  STEP 8/8: THEN Then hh published vacancies should has constacts for each areas if it was not hidden [hideContacts: "True"] (Passed after 51ms)&#xD;
  SCENARIO RESULT: Passed after 25s 988ms</StdOut>
      </Output>
    </UnitTestResult>
    <UnitTestResult executionId="c4c52f43-d40e-4219-9d9e-c2dbea5184ee" testId="a363fd76-cb27-7fd8-2caa-c959d75aeb48" testName="Skillaz.Tests.BJ.BJApiClient_feature.BJ_API_anonymous_client_creates_without_accounts" computerName="DESKTOP-F6SKA47" duration="00:00:03.5654153" startTime="2021-12-16T16:27:42.3065081+03:00" endTime="2021-12-16T16:27:42.3065166+03:00" testType="13cdc9d9-ddb5-4fa4-a97d-d965ccfc6d4b" outcome="Passed" testListId="8c84fa94-04c1-424b-9868-57a2d4851a1d" relativeResultsDirectory="c4c52f43-d40e-4219-9d9e-c2dbea5184ee">
      <Output>
        <StdOut>SCENARIO: BJ API anonymous client creates without accounts&#xD;
  STEP 1/4: GIVEN a company...&#xD;
  STEP 1/4: GIVEN a company (Passed after 657ms)&#xD;
  STEP 2/4: AND the authenticated user...&#xD;
  STEP 2/4: AND the authenticated user (Passed after 1s 336ms)&#xD;
  STEP 3/4: WHEN anonymous client is requested...&#xD;
  STEP 3/4: WHEN anonymous client is requested (Passed after 175ms)&#xD;
  STEP 4/4: THEN api client is successfully created...&#xD;
  STEP 4/4: THEN api client is successfully created (Passed after &lt;1ms)&#xD;
  SCENARIO RESULT: Passed after 2s 183ms</StdOut>
      </Output>
    </UnitTestResult>
    <UnitTestResult executionId="730a6c56-5ef3-462b-b5ef-07a8bdf5e299" testId="019b787c-88b2-9680-3a7b-9251d2235f77" testName="Skillaz.Tests.CompanySpecific.X5.Naumen.NaumenSlaTests.Sla_calculates_correctly_for_next_day(candidateTimeZone: 9, sla: 02:00:00, startDate: 2019-12-31T14:30:00.0000000Z, truth: [NaumenTimeRange { From = &quot;2020-01-01 07:00:00&quot;, To = &quot;2020-01-01 09:00:00&quot; }])" computerName="DESKTOP-F6SKA47" duration="00:00:00.0000286" startTime="2021-12-16T16:16:29.3156323+03:00" endTime="2021-12-16T16:16:29.3156326+03:00" testType="13cdc9d9-ddb5-4fa4-a97d-d965ccfc6d4b" outcome="Passed" testListId="8c84fa94-04c1-424b-9868-57a2d4851a1d" relativeResultsDirectory="730a6c56-5ef3-462b-b5ef-07a8bdf5e299" />
    <UnitTestResult executionId="94642c7a-8b40-4ebf-a6dd-e4dc2a1665c3" testId="72b9b1ee-43e3-57e6-4790-b6465ea55670" testName="Skillaz.Tests.RabotaNur.RabotaNurHtmlConverterTests.TestMethod(html: &quot;1  \n \r\n   \n \r\n2&quot;, expected: &quot;1\r\n\r\n2&quot;)" computerName="DESKTOP-F6SKA47" duration="00:00:01.6996449" startTime="2021-12-16T16:16:31.4589626+03:00" endTime="2021-12-16T16:16:31.4589640+03:00" testType="13cdc9d9-ddb5-4fa4-a97d-d965ccfc6d4b" outcome="Passed" testListId="8c84fa94-04c1-424b-9868-57a2d4851a1d" relativeResultsDirectory="94642c7a-8b40-4ebf-a6dd-e4dc2a1665c3" />
    <UnitTestResult executionId="224d868a-6c04-4871-9524-91dead206ac4" testId="39bbe88c-a5a1-69b6-0e18-a75bb02edd6c" testName="Skillaz.Tests.CompanySpecific.X5.Naumen.NaumenSlaTests.Sla_calculates_correctly_within_one_day(candidateTimeZone: 6, sla: 02:00:00, startDate: 2019-12-31T12:00:00.0000000Z, truth: [NaumenTimeRange { From = &quot;2019-12-31 15:00:00&quot;, To = &quot;2019-12-31 17:00:00&quot; }])" computerName="DESKTOP-F6SKA47" duration="00:00:00.0000609" startTime="2021-12-16T16:16:29.0047318+03:00" endTime="2021-12-16T16:16:29.0047321+03:00" testType="13cdc9d9-ddb5-4fa4-a97d-d965ccfc6d4b" outcome="Passed" testListId="8c84fa94-04c1-424b-9868-57a2d4851a1d" relativeResultsDirectory="224d868a-6c04-4871-9524-91dead206ac4" />
    <UnitTestResult executionId="e81874b0-5fd2-40f6-8ad1-89a8ae96f6f4" testId="349557d8-dae8-5a82-3802-480654e2642f" testName="Skillaz.Tests.Assessment.Questionnaires.TalentQQuestionnaire_feature.Creating_a_questionnaire" computerName="DESKTOP-F6SKA47" duration="00:00:07.1804770" startTime="2021-12-16T16:19:15.2652350+03:00" endTime="2021-12-16T16:19:15.2652416+03:00" testType="13cdc9d9-ddb5-4fa4-a97d-d965ccfc6d4b" outcome="Passed" testListId="8c84fa94-04c1-424b-9868-57a2d4851a1d" relativeResultsDirectory="e81874b0-5fd2-40f6-8ad1-89a8ae96f6f4">
      <Output>
        <StdOut>SCENARIO: Creating a questionnaire&#xD;
  STEP 1/4: GIVEN a company...&#xD;
  STEP 1/4: GIVEN a company (Passed after 128ms)&#xD;
  STEP 2/4: AND the authenticated user...&#xD;
  STEP 2/4: AND the authenticated user (Passed after 283ms)&#xD;
  STEP 3/4: WHEN questionnaire is created...&#xD;
  STEP 3/4: WHEN questionnaire is created (Passed after 5s 014ms)&#xD;
  STEP 4/4: Questionnaire should be created...&#xD;
  STEP 4/4: Questionnaire should be created (Passed after 223ms)&#xD;
  SCENARIO RESULT: Passed after 5s 662ms</StdOut>
      </Output>
    </UnitTestResult>
    <UnitTestResult executionId="673d367d-a92e-4cd9-a26a-a712e1b96918" testId="695a69c9-264c-d1c5-2032-535ef4bf39f9" testName="Skillaz.Tests.CompanySpecific.X5.Naumen.NaumenSlaTests.Sla_calculates_correctly_for_split_days(candidateTimeZone: 2, sla: 02:00:00, startDate: 2019-12-31T17:00:00.0000000Z, truth: [NaumenTimeRange { From = &quot;2019-12-31 20:00:00&quot;, To = &quot;2019-12-31 21:00:00&quot; }, NaumenTimeRange { From = &quot;2020-01-01 10:00:00&quot;, To = &quot;2020-01-01 11:00:00&quot; }])" computerName="DESKTOP-F6SKA47" duration="00:00:00.0004503" startTime="2021-12-16T16:16:28.9132840+03:00" endTime="2021-12-16T16:16:28.9132855+03:00" testType="13cdc9d9-ddb5-4fa4-a97d-d965ccfc6d4b" outcome="Passed" testListId="8c84fa94-04c1-424b-9868-57a2d4851a1d" relativeResultsDirectory="673d367d-a92e-4cd9-a26a-a712e1b96918" />
    <UnitTestResult executionId="66cc2cce-4bd9-472e-bf76-4ab778bc9ace" testId="eba6c72b-c54f-dedb-685c-52226cbba187" testName="Skillaz.Tests.Assessment.Interviews.AudioInterview_feature.Switching_an_interview_question" computerName="DESKTOP-F6SKA47" duration="00:00:05.3069787" startTime="2021-12-16T16:24:45.9967994+03:00" endTime="2021-12-16T16:24:45.9968070+03:00" testType="13cdc9d9-ddb5-4fa4-a97d-d965ccfc6d4b" outcome="Passed" testListId="8c84fa94-04c1-424b-9868-57a2d4851a1d" relativeResultsDirectory="66cc2cce-4bd9-472e-bf76-4ab778bc9ace">
      <Output>
        <StdOut>SCENARIO: Switching an interview question&#xD;
  STEP 1/4: GIVEN a candidate in a vacancy in a company...&#xD;
  STEP 1/4: GIVEN a candidate in a vacancy in a company (Passed after 1s 222ms)&#xD;
  STEP 2/4: AND the interview...&#xD;
  STEP 2/4: AND the interview (Passed after 757ms)&#xD;
  STEP 3/4: WHEN switch an interview question...&#xD;
  STEP 3/4: WHEN switch an interview question (Passed after 2s 982ms)&#xD;
  STEP 4/4: THEN the interview should be completed...&#xD;
  STEP 4/4: THEN the interview should be completed (Passed after 64ms)&#xD;
  SCENARIO RESULT: Passed after 5s 091ms</StdOut>
      </Output>
    </UnitTestResult>
    <UnitTestResult executionId="540e8a74-3ffa-4795-bf84-d5aff16abaa3" testId="019b787c-88b2-9680-3a7b-9251d2235f77" testName="Skillaz.Tests.CompanySpecific.X5.Naumen.NaumenSlaTests.Sla_calculates_correctly_for_next_day(candidateTimeZone: 2, sla: 02:00:00, startDate: 2020-01-01T04:30:00.0000000Z, truth: [NaumenTimeRange { From = &quot;2020-01-01 10:00:00&quot;, To = &quot;2020-01-01 12:00:00&quot; }])" computerName="DESKTOP-F6SKA47" duration="00:00:00.0000363" startTime="2021-12-16T16:16:29.0707274+03:00" endTime="2021-12-16T16:16:29.0707288+03:00" testType="13cdc9d9-ddb5-4fa4-a97d-d965ccfc6d4b" outcome="Passed" testListId="8c84fa94-04c1-424b-9868-57a2d4851a1d" relativeResultsDirectory="540e8a74-3ffa-4795-bf84-d5aff16abaa3" />
    <UnitTestResult executionId="4f17efde-3165-430d-bd93-1c44ec1e4621" testId="019b787c-88b2-9680-3a7b-9251d2235f77" testName="Skillaz.Tests.CompanySpecific.X5.Naumen.NaumenSlaTests.Sla_calculates_correctly_for_next_day(candidateTimeZone: 9, sla: 02:00:00, startDate: 2019-12-31T13:00:00.0000000Z, truth: [NaumenTimeRange { From = &quot;2020-01-01 07:00:00&quot;, To = &quot;2020-01-01 09:00:00&quot; }])" computerName="DESKTOP-F6SKA47" duration="00:00:00.0000274" startTime="2021-12-16T16:16:29.3126862+03:00" endTime="2021-12-16T16:16:29.3126867+03:00" testType="13cdc9d9-ddb5-4fa4-a97d-d965ccfc6d4b" outcome="Passed" testListId="8c84fa94-04c1-424b-9868-57a2d4851a1d" relativeResultsDirectory="4f17efde-3165-430d-bd93-1c44ec1e4621" />
    <UnitTestResult executionId="b6c81d4f-fbf6-4500-80e2-ee5c00d31ceb" testId="019b787c-88b2-9680-3a7b-9251d2235f77" testName="Skillaz.Tests.CompanySpecific.X5.Naumen.NaumenSlaTests.Sla_calculates_correctly_for_next_day(candidateTimeZone: 4, sla: 02:00:00, startDate: 2019-12-31T17:00:00.0000000Z, truth: [NaumenTimeRange { From = &quot;2020-01-01 08:00:00&quot;, To = &quot;2020-01-01 10:00:00&quot; }])" computerName="DESKTOP-F6SKA47" duration="00:00:00.0001552" startTime="2021-12-16T16:16:29.0868449+03:00" endTime="2021-12-16T16:16:29.0868453+03:00" testType="13cdc9d9-ddb5-4fa4-a97d-d965ccfc6d4b" outcome="Passed" testListId="8c84fa94-04c1-424b-9868-57a2d4851a1d" relativeResultsDirectory="b6c81d4f-fbf6-4500-80e2-ee5c00d31ceb" />
    <UnitTestResult executionId="0b12bd04-c043-4718-b871-8eb4454c7b0f" testId="fc816dc0-d2e7-a118-72b1-e30b55bda7fd" testName="Skillaz.Tests.CompanySpecific.Mvideo.MvideoOpenApiSapAvaliablePositionsHireNeedBatchRequest_feature.CheckAvaliablePositionsInHireNeedAfterOpenApiRequest_RequestsNustBeInWork(staffCount: 4, employeesCount: 2, manualApprovedCounts: [2], batchOrgItems: (2, 2), expected: (0, Кейс 4. Размер поиска = 0))" computerName="DESKTOP-F6SKA47" duration="00:00:00.0010000" startTime="2021-12-16T16:29:45.3732087+03:00" endTime="2021-12-16T16:29:45.3732128+03:00" testType="13cdc9d9-ddb5-4fa4-a97d-d965ccfc6d4b" outcome="NotExecuted" testListId="8c84fa94-04c1-424b-9868-57a2d4851a1d" relativeResultsDirectory="0b12bd04-c043-4718-b871-8eb4454c7b0f">
      <Output>
        <StdOut>Вернуть тесты после правок по потребностям Mvideo</StdOut>
      </Output>
    </UnitTestResult>
    <UnitTestResult executionId="d21b567e-ef33-4b82-888c-09e39d979fe9" testId="e2096335-9df6-fe35-41db-8340caa0f541" testName="Skillaz.Tests.Request.X5.X5GetRequestListCommand_feature.If_request_address_is_not_exist_it_should_not_exist_in_result" computerName="DESKTOP-F6SKA47" duration="00:00:08.7776864" startTime="2021-12-16T16:25:03.9330659+03:00" endTime="2021-12-16T16:25:03.9330680+03:00" testType="13cdc9d9-ddb5-4fa4-a97d-d965ccfc6d4b" outcome="Passed" testListId="8c84fa94-04c1-424b-9868-57a2d4851a1d" relativeResultsDirectory="d21b567e-ef33-4b82-888c-09e39d979fe9">
      <Output>
        <StdOut>SCENARIO: If request address is not exist it should not exist in result&#xD;
  STEP 1/9: GIVEN a company [companyId: "61bb3e277f10d6937478e148"]...&#xD;
  STEP 1/9: GIVEN a company [companyId: "61bb3e277f10d6937478e148"] (Passed after 84ms)&#xD;
  STEP 2/9: AND the vacancy in the company...&#xD;
  STEP 2/9: AND the vacancy in the company (Passed after 81ms)&#xD;
  STEP 3/9: AND candidate "Skillaz.Candidate.Contract.Documents.Candidate.CandidateDocument"...&#xD;
  STEP 3/9: AND candidate "Skillaz.Candidate.Contract.Documents.Candidate.CandidateDocument" (Passed after 68ms)&#xD;
  STEP 4/9: AND request "Skillaz.Candidate.Contract.Request.RequestDocument"...&#xD;
  STEP 4/9: AND request "Skillaz.Candidate.Contract.Request.RequestDocument" (Passed after 66ms)&#xD;
  STEP 5/9: AND request "Skillaz.Candidate.Contract.Request.RequestDocument"...&#xD;
  STEP 5/9: AND request "Skillaz.Candidate.Contract.Request.RequestDocument" (Passed after 3ms)&#xD;
  STEP 6/9: AND created indexes for requests...&#xD;
  STEP 6/9: AND created indexes for requests (Passed after 7s 200ms)&#xD;
  STEP 7/9: AND candidate profile [candidateProfileDocument: "Skillaz.Candidate.Contract.Documents.CandidateProfile.CandidateProfileDocument"]...&#xD;
  STEP 7/9: AND candidate profile [candidateProfileDocument: "Skillaz.Candidate.Contract.Documents.CandidateProfile.CandidateProfileDocument"] (Passed after 142ms)&#xD;
  STEP 8/9: WHEN getting available requests list...&#xD;
  STEP 8/9: WHEN getting available requests list (Passed after 97ms)&#xD;
  STEP 9/9: THEN result list consists of one element with id "5ifdfhiuewr"...&#xD;
  STEP 9/9: THEN result list consists of one element with id "5ifdfhiuewr" (Passed after &lt;1ms)&#xD;
  SCENARIO RESULT: Passed after 7s 760ms</StdOut>
      </Output>
    </UnitTestResult>
    <UnitTestResult executionId="c7c027aa-a5d0-4e7a-99cf-5eab36e538e6" testId="52192223-a6a2-0233-fd61-5305aec9279b" testName="Skillaz.Tests.Candidate.Elastic.CandidateElasticFiltration_feature.Retrieving_no_candidates_that_had_a_contacts_hidden" computerName="DESKTOP-F6SKA47" duration="00:00:00.0010000" startTime="2021-12-16T16:24:40.1042072+03:00" endTime="2021-12-16T16:24:40.1042117+03:00" testType="13cdc9d9-ddb5-4fa4-a97d-d965ccfc6d4b" outcome="NotExecuted" testListId="8c84fa94-04c1-424b-9868-57a2d4851a1d" relativeResultsDirectory="c7c027aa-a5d0-4e7a-99cf-5eab36e538e6">
      <Output>
        <StdOut>You need Elasticsearch 7.5 local instance on 9200 port</StdOut>
      </Output>
    </UnitTestResult>
    <UnitTestResult executionId="6353d05f-0f3d-485c-af24-58c03d6e1fd8" testId="019b787c-88b2-9680-3a7b-9251d2235f77" testName="Skillaz.Tests.CompanySpecific.X5.Naumen.NaumenSlaTests.Sla_calculates_correctly_for_next_day(candidateTimeZone: 2, sla: 02:00:00, startDate: 2020-01-01T06:30:00.0000000Z, truth: [NaumenTimeRange { From = &quot;2020-01-01 10:00:00&quot;, To = &quot;2020-01-01 12:00:00&quot; }])" computerName="DESKTOP-F6SKA47" duration="00:00:00.0000345" startTime="2021-12-16T16:16:29.0737272+03:00" endTime="2021-12-16T16:16:29.0737276+03:00" testType="13cdc9d9-ddb5-4fa4-a97d-d965ccfc6d4b" outcome="Passed" testListId="8c84fa94-04c1-424b-9868-57a2d4851a1d" relativeResultsDirectory="6353d05f-0f3d-485c-af24-58c03d6e1fd8" />
    <UnitTestResult executionId="cdce4889-d691-4db3-9521-a0bc8fda7a0d" testId="33c7d7b6-575b-dafb-3655-c921ce8aad6e" testName="Skillaz.Tests.Notifications.EmailAntispam_feature.Send_duplicate_email_to_regular_user_by_hash_and_check_it_was_not_sent" computerName="DESKTOP-F6SKA47" duration="00:00:03.9358493" startTime="2021-12-16T16:21:39.8585578+03:00" endTime="2021-12-16T16:21:39.8585627+03:00" testType="13cdc9d9-ddb5-4fa4-a97d-d965ccfc6d4b" outcome="Passed" testListId="8c84fa94-04c1-424b-9868-57a2d4851a1d" relativeResultsDirectory="cdce4889-d691-4db3-9521-a0bc8fda7a0d">
      <Output>
        <StdOut>SCENARIO: Send duplicate email to regular user by hash and check it was not sent&#xD;
  STEP 1/6: GIVEN a company [companyId: "61bb3d5f7f10d6937478c686"]...&#xD;
  STEP 1/6: GIVEN a company [companyId: "61bb3d5f7f10d6937478c686"] (Passed after 170ms)&#xD;
  STEP 2/6: AND the authenticated user...&#xD;
  STEP 2/6: AND the authenticated user (Passed after 292ms)&#xD;
  STEP 3/6: AND same n "1" emails for recipient "test-email-user@yandex.ru"...&#xD;
  STEP 3/6: AND same n "1" emails for recipient "test-email-user@yandex.ru" (Passed after 138ms)&#xD;
  STEP 4/6: AND email template [templateType: "test-msg-type"]...&#xD;
  STEP 4/6: AND email template [templateType: "test-msg-type"] (Passed after 253ms)&#xD;
  STEP 5/6: WHEN email is sent to user [processingRole: "user"]...&#xD;
  STEP 5/6: WHEN email is sent to user [processingRole: "user"] (Passed after 1s 505ms)&#xD;
  STEP 6/6: Ensure email was not sent...&#xD;
  STEP 6/6: Ensure email was not sent (Passed after 2ms)&#xD;
  SCENARIO RESULT: Passed after 2s 400ms</StdOut>
      </Output>
    </UnitTestResult>
    <UnitTestResult executionId="aedb4186-6a1a-4ef7-9bc6-5e6cddb752ee" testId="f727b248-9add-f920-b0ce-770364245e70" testName="Skillaz.Tests.Candidate.Elastic.CandidateElasticMultiselectFiltration_feature.MultiLineFilterCheck(filter: (Skillaz.Candidate.Contract.CandidateSearchFilter, Skillaz.Candidate.Contract.CandidateSearchFilterCommon), result: (3, ready to relocate))" computerName="DESKTOP-F6SKA47" duration="00:00:00.0010000" startTime="2021-12-16T16:26:49.2926805+03:00" endTime="2021-12-16T16:26:49.2926826+03:00" testType="13cdc9d9-ddb5-4fa4-a97d-d965ccfc6d4b" outcome="NotExecuted" testListId="8c84fa94-04c1-424b-9868-57a2d4851a1d" relativeResultsDirectory="aedb4186-6a1a-4ef7-9bc6-5e6cddb752ee">
      <Output>
        <StdOut>You need Elasticsearch 7.5 local instance on 9200 port</StdOut>
      </Output>
    </UnitTestResult>
    <UnitTestResult executionId="57fd70e5-b936-45b3-9d3b-1ed8547680b5" testId="9b3b88aa-67bc-ff78-bc28-9bac2c44c007" testName="Skillaz.Tests.Assessment.Questionnaires.ProActionQuestionnaire_feature.Getting_a_questionnaire_list" computerName="DESKTOP-F6SKA47" duration="00:00:04.5199763" startTime="2021-12-16T16:26:33.5090091+03:00" endTime="2021-12-16T16:26:33.5090107+03:00" testType="13cdc9d9-ddb5-4fa4-a97d-d965ccfc6d4b" outcome="Passed" testListId="8c84fa94-04c1-424b-9868-57a2d4851a1d" relativeResultsDirectory="57fd70e5-b936-45b3-9d3b-1ed8547680b5">
      <Output>
        <StdOut>SCENARIO: Getting a questionnaire list&#xD;
  STEP 1/5: GIVEN a company...&#xD;
  STEP 1/5: GIVEN a company (Passed after 322ms)&#xD;
  STEP 2/5: AND the authenticated user...&#xD;
  STEP 2/5: AND the authenticated user (Passed after 1s 588ms)&#xD;
  STEP 3/5: AND the questionnaire...&#xD;
  STEP 3/5: AND the questionnaire (Passed after 987ms)&#xD;
  STEP 4/5: WHEN questionnaire list is requested...&#xD;
  STEP 4/5: WHEN questionnaire list is requested (Passed after 677ms)&#xD;
  STEP 5/5: Questionnaire list should be retrieved...&#xD;
  STEP 5/5: Questionnaire list should be retrieved (Passed after 26ms)&#xD;
  SCENARIO RESULT: Passed after 3s 996ms</StdOut>
      </Output>
    </UnitTestResult>
    <UnitTestResult executionId="bdd84d82-c9e4-468d-a36a-74e439c243d4" testId="019b787c-88b2-9680-3a7b-9251d2235f77" testName="Skillaz.Tests.CompanySpecific.X5.Naumen.NaumenSlaTests.Sla_calculates_correctly_for_next_day(candidateTimeZone: 6, sla: 02:00:00, startDate: 2020-01-01T03:00:00.0000000Z, truth: [NaumenTimeRange { From = &quot;2020-01-01 07:00:00&quot;, To = &quot;2020-01-01 09:00:00&quot; }])" computerName="DESKTOP-F6SKA47" duration="00:00:00.0000339" startTime="2021-12-16T16:16:29.2768970+03:00" endTime="2021-12-16T16:16:29.2768984+03:00" testType="13cdc9d9-ddb5-4fa4-a97d-d965ccfc6d4b" outcome="Passed" testListId="8c84fa94-04c1-424b-9868-57a2d4851a1d" relativeResultsDirectory="bdd84d82-c9e4-468d-a36a-74e439c243d4" />
    <UnitTestResult executionId="cc3e55fe-c4aa-4b55-b965-2a281fd8d607" testId="fb73d9b8-3e20-172b-b408-355c9f9c5757" testName="Расширение файла недолжно совпадает с его типом, но нужно переименовать для полного совпадения(alterName: &quot;Image.jpg&quot;, fileName: &quot;Image.png&quot;)" computerName="DESKTOP-F6SKA47" duration="00:00:00.5888436" startTime="2021-12-16T16:16:30.5697716+03:00" endTime="2021-12-16T16:16:30.5698069+03:00" testType="13cdc9d9-ddb5-4fa4-a97d-d965ccfc6d4b" outcome="Passed" testListId="8c84fa94-04c1-424b-9868-57a2d4851a1d" relativeResultsDirectory="cc3e55fe-c4aa-4b55-b965-2a281fd8d607" />
    <UnitTestResult executionId="afee8a9d-c63e-424e-9fd7-c259d40bbd37" testId="e6bf846b-64f6-e59c-7bca-0a3bdaf30e43" testName="Skillaz.Tests.Notifications.EmailAntispam_feature.Send_email_to_regular_user_and_check_it_was_sent" computerName="DESKTOP-F6SKA47" duration="00:00:02.8142107" startTime="2021-12-16T16:21:37.7925616+03:00" endTime="2021-12-16T16:21:37.7925640+03:00" testType="13cdc9d9-ddb5-4fa4-a97d-d965ccfc6d4b" outcome="Passed" testListId="8c84fa94-04c1-424b-9868-57a2d4851a1d" relativeResultsDirectory="afee8a9d-c63e-424e-9fd7-c259d40bbd37">
      <Output>
        <StdOut>SCENARIO: Send email to regular user and check it was sent&#xD;
  STEP 1/6: GIVEN a company [companyId: "61bb3d5f7f10d6937478c5dd"]...&#xD;
  STEP 1/6: GIVEN a company [companyId: "61bb3d5f7f10d6937478c5dd"] (Passed after 89ms)&#xD;
  STEP 2/6: AND the authenticated user...&#xD;
  STEP 2/6: AND the authenticated user (Passed after 126ms)&#xD;
  STEP 3/6: AND unique n "2" emails for recipient "test-email-user@yandex.ru"...&#xD;
  STEP 3/6: AND unique n "2" emails for recipient "test-email-user@yandex.ru" (Passed after 165ms)&#xD;
  STEP 4/6: AND email template [templateType: "test-msg-type"]...&#xD;
  STEP 4/6: AND email template [templateType: "test-msg-type"] (Passed after 57ms)&#xD;
  STEP 5/6: WHEN email is sent to user [processingRole: "user"]...&#xD;
  STEP 5/6: WHEN email is sent to user [processingRole: "user"] (Passed after 810ms)&#xD;
  STEP 6/6: Ensure email was sent...&#xD;
  STEP 6/6: Ensure email was sent (Passed after 4ms)&#xD;
  SCENARIO RESULT: Passed after 1s 334ms</StdOut>
      </Output>
    </UnitTestResult>
    <UnitTestResult executionId="033b5a31-a74e-4386-9768-3904faf00b03" testId="019b787c-88b2-9680-3a7b-9251d2235f77" testName="Skillaz.Tests.CompanySpecific.X5.Naumen.NaumenSlaTests.Sla_calculates_correctly_for_next_day(candidateTimeZone: 5, sla: 02:00:00, startDate: 2020-01-01T01:00:00.0000000Z, truth: [NaumenTimeRange { From = &quot;2020-01-01 07:00:00&quot;, To = &quot;2020-01-01 09:00:00&quot; }])" computerName="DESKTOP-F6SKA47" duration="00:00:00.0001166" startTime="2021-12-16T16:16:29.1145296+03:00" endTime="2021-12-16T16:16:29.1145300+03:00" testType="13cdc9d9-ddb5-4fa4-a97d-d965ccfc6d4b" outcome="Passed" testListId="8c84fa94-04c1-424b-9868-57a2d4851a1d" relativeResultsDirectory="033b5a31-a74e-4386-9768-3904faf00b03" />
    <UnitTestResult executionId="564e5840-aa2f-48bc-bef4-f46fefb8d07a" testId="5d9117c9-47ac-a1d9-1179-b8b47ebf0bef" testName="Skillaz.Tests.Telephony.CallList_ExtendFilter_feature.CheckMixedFilterIncludeOrExcludeOr" computerName="DESKTOP-F6SKA47" duration="00:00:02.7557016" startTime="2021-12-16T16:27:27.8557761+03:00" endTime="2021-12-16T16:27:27.8557765+03:00" testType="13cdc9d9-ddb5-4fa4-a97d-d965ccfc6d4b" outcome="Passed" testListId="8c84fa94-04c1-424b-9868-57a2d4851a1d" relativeResultsDirectory="564e5840-aa2f-48bc-bef4-f46fefb8d07a">
      <Output>
        <StdOut>SCENARIO: CheckMixedFilterIncludeOrExcludeOr&#xD;
  STEP 1/8: GIVEN Given a company...&#xD;
  STEP 1/8: GIVEN Given a company (Passed after 146ms)&#xD;
  STEP 2/8: AND Given the authenticated user...&#xD;
  STEP 2/8: AND Given the authenticated user (Passed after 195ms)&#xD;
  STEP 3/8: AND Given a vacancy...&#xD;
  STEP 3/8: AND Given a vacancy (Passed after 225ms)&#xD;
  STEP 4/8: AND Given a candidates...&#xD;
  STEP 4/8: AND Given a candidates (Passed after 292ms)&#xD;
  STEP 5/8: AND Given outgoing campaign...&#xD;
  STEP 5/8: AND Given outgoing campaign (Passed after 324ms)&#xD;
  STEP 6/8: WHEN CreateSimpleExtendFilter [include: "(Any, System.String[])"] [exclude: "(Any, System.String[])"]...&#xD;
  STEP 6/8: WHEN CreateSimpleExtendFilter [include: "(Any, System.String[])"] [exclude: "(Any, System.String[])"] (Passed after &lt;1ms)&#xD;
  STEP 7/8: AND When candidates requested using advanced filter...&#xD;
  STEP 7/8: AND When candidates requested using advanced filter (Passed after 311ms)&#xD;
  STEP 8/8: THEN Then candidates count "2" correct...&#xD;
  STEP 8/8: THEN Then candidates count "2" correct (Passed after &lt;1ms)&#xD;
  SCENARIO RESULT: Passed after 1s 565ms</StdOut>
      </Output>
    </UnitTestResult>
    <UnitTestResult executionId="7687e486-9e04-4106-befc-8c8c0e9950cd" testId="239b587c-18bc-12cd-f071-dc4c7e1c73ef" testName="Skillaz.Tests.Candidate.Checks.ChecksWithStatusLimitatins_feature.Successful_change_candidate_status_when_check_without_limit_is_unfinished" computerName="DESKTOP-F6SKA47" duration="00:00:10.3541620" startTime="2021-12-16T16:23:20.3666357+03:00" endTime="2021-12-16T16:23:20.3666387+03:00" testType="13cdc9d9-ddb5-4fa4-a97d-d965ccfc6d4b" outcome="Passed" testListId="8c84fa94-04c1-424b-9868-57a2d4851a1d" relativeResultsDirectory="7687e486-9e04-4106-befc-8c8c0e9950cd">
      <Output>
        <StdOut>SCENARIO: Successful change candidate status when check without limit is unfinished&#xD;
  STEP 1/9: GIVEN a company...&#xD;
  STEP 1/9: GIVEN a company (Passed after 323ms)&#xD;
  STEP 2/9: AND the vacancy in the company...&#xD;
  STEP 2/9: AND the vacancy in the company (Passed after 793ms)&#xD;
  STEP 3/9: AND the authenticated user...&#xD;
  STEP 3/9: AND the authenticated user (Passed after 828ms)&#xD;
  STEP 4/9: AND client configuration with checks workflow and model...&#xD;
  STEP 4/9: AND client configuration with checks workflow and model (Passed after 1s 752ms)&#xD;
  STEP 5/9: AND a funnel...&#xD;
  STEP 5/9: AND a funnel (Passed after 170ms)&#xD;
  STEP 6/9: AND a candidate...&#xD;
  STEP 6/9: AND a candidate (Passed after 359ms)&#xD;
  STEP 7/9: AND not finished single check without limit...&#xD;
  STEP 7/9: AND not finished single check without limit (Passed after 2s 457ms)&#xD;
  STEP 8/9: WHEN change candidate status...&#xD;
  STEP 8/9: WHEN change candidate status (Passed after 3s 056ms)&#xD;
  STEP 9/9: THEN status is changed...&#xD;
  STEP 9/9: THEN status is changed (Passed after 70ms)&#xD;
  SCENARIO RESULT: Passed after 9s 820ms</StdOut>
      </Output>
    </UnitTestResult>
    <UnitTestResult executionId="ea2cd61e-27d7-460f-a233-9eb248e023ff" testId="b005ccee-c853-82a9-c6f9-71708c42fe15" testName="Skillaz.Tests.Configurator.Editor.DocumentModelEditor.Создать_документ_заявки" computerName="DESKTOP-F6SKA47" duration="00:00:18.1514749" startTime="2021-12-16T16:17:57.6828737+03:00" endTime="2021-12-16T16:17:57.6828762+03:00" testType="13cdc9d9-ddb5-4fa4-a97d-d965ccfc6d4b" outcome="Passed" testListId="8c84fa94-04c1-424b-9868-57a2d4851a1d" relativeResultsDirectory="ea2cd61e-27d7-460f-a233-9eb248e023ff">
      <Output>
        <StdOut>SCENARIO: Создать документ заявки&#xD;
  STEP 1/7: GIVEN a company...&#xD;
  STEP 1/7: GIVEN a company (Passed after 261ms)&#xD;
  STEP 2/7: AND the authenticated user...&#xD;
  STEP 2/7: AND the authenticated user (Passed after 405ms)&#xD;
  STEP 3/7: Выдать пользователю нужные права...&#xD;
  STEP 3/7: Выдать пользователю нужные права (Passed after &lt;1ms)&#xD;
  STEP 4/7: Создать заявку через контроллер...&#xD;
  STEP 4/7: Создать заявку через контроллер (Passed after 5s 199ms)&#xD;
  STEP 5/7: Проверить что заявка создалась...&#xD;
  STEP 5/7: Проверить что заявка создалась (Passed after 251ms)&#xD;
  STEP 6/7: Проверить что нельзя поменять тип конфигуратора и документа...&#xD;
  STEP 6/7: Проверить что нельзя поменять тип конфигуратора и документа (Passed after 107ms)&#xD;
  STEP 7/7: Но теперь можно редактировать заголовок...&#xD;
  STEP 7/7: Но теперь можно редактировать заголовок (Passed after 11s 178ms)&#xD;
  SCENARIO RESULT: Passed after 17s 408ms</StdOut>
      </Output>
    </UnitTestResult>
    <UnitTestResult executionId="2f343f5a-b653-4735-938b-b0f3a27a6fbb" testId="5f5bf271-63ee-fdd2-bec0-e46f3232b25e" testName="Skillaz.Tests.AsyncEnumerable.AsyncEnumerableTests.Batching_works_for_async_enumerable_when_batches_are_equally_sized(genSize: 10, batchSize: 10)" computerName="DESKTOP-F6SKA47" duration="00:00:00.2085525" startTime="2021-12-16T16:16:31.3432495+03:00" endTime="2021-12-16T16:16:31.3432644+03:00" testType="13cdc9d9-ddb5-4fa4-a97d-d965ccfc6d4b" outcome="Passed" testListId="8c84fa94-04c1-424b-9868-57a2d4851a1d" relativeResultsDirectory="2f343f5a-b653-4735-938b-b0f3a27a6fbb" />
    <UnitTestResult executionId="7bf81123-d525-45f4-ba4e-e5e9da326911" testId="98ee0fb9-02ed-f015-f1ef-fcdee11fc612" testName="Skillaz.Tests.Candidate.Ratings.Ratings_feature.Update_rating_name" computerName="DESKTOP-F6SKA47" duration="00:00:07.0399943" startTime="2021-12-16T16:23:24.8479870+03:00" endTime="2021-12-16T16:23:24.8479884+03:00" testType="13cdc9d9-ddb5-4fa4-a97d-d965ccfc6d4b" outcome="Passed" testListId="8c84fa94-04c1-424b-9868-57a2d4851a1d" relativeResultsDirectory="7bf81123-d525-45f4-ba4e-e5e9da326911">
      <Output>
        <StdOut>SCENARIO: Update rating name&#xD;
  STEP 1/15: GIVEN a services...&#xD;
  STEP 1/15: GIVEN a services (Passed after 9ms)&#xD;
  STEP 2/15: AND a company...&#xD;
  STEP 2/15: AND a company (Passed after 150ms)&#xD;
  STEP 3/15: AND the authenticated user...&#xD;
  STEP 3/15: AND the authenticated user (Passed after 474ms)&#xD;
  STEP 4/15: AND the vacancy in the company...&#xD;
  STEP 4/15: AND the vacancy in the company (Passed after 62ms)&#xD;
  STEP 5/15: AND a candidate...&#xD;
  STEP 5/15: AND a candidate (Passed after 66ms)&#xD;
  STEP 6/15: AND a rating...&#xD;
  STEP 6/15: AND a rating (Passed after 1ms)&#xD;
  STEP 7/15: WHEN rating created...&#xD;
  STEP 7/15: WHEN rating created (Passed after 109ms)&#xD;
  STEP 8/15: GIVEN a criteria...&#xD;
  STEP 8/15: GIVEN a criteria (Passed after 2ms)&#xD;
  STEP 9/15: WHEN criterion created...&#xD;
  STEP 9/15: WHEN criterion created (Passed after 160ms)&#xD;
  STEP 10/15: GIVEN a candidate rating...&#xD;
  STEP 10/15: GIVEN a candidate rating (Passed after 4ms)&#xD;
  STEP 11/15: WHEN candidate rating created...&#xD;
  STEP 11/15: WHEN candidate rating created (Passed after 166ms)&#xD;
  STEP 12/15: THEN rating and criterion exist...&#xD;
  STEP 12/15: THEN rating and criterion exist (Passed after 373ms)&#xD;
  STEP 13/15: AND documents filled...&#xD;
  STEP 13/15: AND documents filled (Passed after 131ms)&#xD;
  STEP 14/15: WHEN rating name updated...&#xD;
  STEP 14/15: WHEN rating name updated (Passed after 1s 635ms)&#xD;
  STEP 15/15: THEN document fields updated...&#xD;
  STEP 15/15: THEN document fields updated (Passed after 68ms)&#xD;
  SCENARIO RESULT: Passed after 3s 426ms</StdOut>
      </Output>
    </UnitTestResult>
    <UnitTestResult executionId="5ab5e3cc-18ce-4f55-87f7-2b36436dc9ed" testId="e4f93672-16ae-c1db-2db2-c2c4896d6bd3" testName="Skillaz.Tests.CompanySpecific.Perekrestok.PerekrestokRequestPriority_feature.Calculation_request_priority(supermarketType: &quot;Открывающийся супермаркет&quot;, requestVl: 100, employmentCandidateCount: 10, employmentFinishedCandidateCount: 0, interviewCandidateCount: 0, requestPriority: Low)" computerName="DESKTOP-F6SKA47" duration="00:00:06.4570587" startTime="2021-12-16T16:23:44.9767493+03:00" endTime="2021-12-16T16:23:44.9767554+03:00" testType="13cdc9d9-ddb5-4fa4-a97d-d965ccfc6d4b" outcome="Passed" testListId="8c84fa94-04c1-424b-9868-57a2d4851a1d" relativeResultsDirectory="5ab5e3cc-18ce-4f55-87f7-2b36436dc9ed">
      <Output>
        <StdOut>SCENARIO: Calculation request priority [supermarketType: "Открывающийся супермаркет"] [requestVl: "100"] [employmentCandidateCount: "10"] [employmentFinishedCandidateCount: "0"] [interviewCandidateCount: "0"] [requestPriority: "Low"]&#xD;
  STEP 1/6: GIVEN Given a company [companyId: "PerekrestokCompany"]...&#xD;
  STEP 1/6: GIVEN Given a company [companyId: "PerekrestokCompany"] (Passed after 253ms)&#xD;
  STEP 2/6: AND Given the authenticated user...&#xD;
  STEP 2/6: AND Given the authenticated user (Passed after 1s 173ms)&#xD;
  STEP 3/6: AND Given org unit and request for status [requestState: "InWork"] [supermarketType: "Открывающийся супермаркет"] [requestVl: "100"]...&#xD;
  STEP 3/6: AND Given org unit and request for status [requestState: "InWork"] [supermarketType: "Открывающийся супермаркет"] [requestVl: "100"] (Passed after 1s 890ms)&#xD;
  STEP 4/6: AND Given candidates according data and assigned to request [employmentCandidateCount: "10"] [employmentFinishedCandidateCount: "0"] [interviewCandidateCount: "0"]...&#xD;
  STEP 4/6: AND Given candidates according data and assigned to request [employmentCandidateCount: "10"] [employmentFinishedCandidateCount: "0"] [interviewCandidateCount: "0"] (Passed after 1s 256ms)&#xD;
  STEP 5/6: WHEN When calculation priority...&#xD;
  STEP 5/6: WHEN When calculation priority (Passed after 39ms)&#xD;
  STEP 6/6: THEN Then request priority equal [requestPriority: "Low"]...&#xD;
  STEP 6/6: THEN Then request priority equal [requestPriority: "Low"] (Passed after 11ms)&#xD;
  SCENARIO RESULT: Passed after 4s 678ms</StdOut>
      </Output>
    </UnitTestResult>
    <UnitTestResult executionId="7d8f1c3d-653e-4232-824d-6d514e923a2b" testId="68a77fae-d886-5f71-d332-328249e8af6f" testName="Skillaz.Tests.Candidate.FromForm.CreateFromForm_feature.Candidate_is_updated_from_form" computerName="DESKTOP-F6SKA47" duration="00:00:15.3263015" startTime="2021-12-16T16:27:05.6205755+03:00" endTime="2021-12-16T16:27:05.6205775+03:00" testType="13cdc9d9-ddb5-4fa4-a97d-d965ccfc6d4b" outcome="Passed" testListId="8c84fa94-04c1-424b-9868-57a2d4851a1d" relativeResultsDirectory="7d8f1c3d-653e-4232-824d-6d514e923a2b">
      <Output>
        <StdOut>SCENARIO: Candidate is updated from form&#xD;
  STEP 1/9: GIVEN a company...&#xD;
  STEP 1/9: GIVEN a company (Passed after 118ms)&#xD;
  STEP 2/9: AND the authenticated user...&#xD;
  STEP 2/9: AND the authenticated user (Passed after 453ms)&#xD;
  STEP 3/9: AND the vacancy in the company...&#xD;
  STEP 3/9: AND the vacancy in the company (Passed after 236ms)&#xD;
  STEP 4/9: AND client configuration with mapped candidate form...&#xD;
  STEP 4/9: AND client configuration with mapped candidate form (Passed after 1s 744ms)&#xD;
  STEP 5/9: AND the main company sources...&#xD;
  STEP 5/9: AND the main company sources (Passed after 8s 835ms)&#xD;
  STEP 6/9: AND a candidate...&#xD;
  STEP 6/9: AND a candidate (Passed after 166ms)&#xD;
  STEP 7/9: AND the body information...&#xD;
  STEP 7/9: AND the body information (Passed after 85ms)&#xD;
  STEP 8/9: WHEN update candidate...&#xD;
  STEP 8/9: WHEN update candidate (Passed after 3s 514ms)&#xD;
  STEP 9/9: THEN candidate body update to new value...&#xD;
  STEP 9/9: THEN candidate body update to new value (Passed after 37ms)&#xD;
  SCENARIO RESULT: Passed after 15s 210ms</StdOut>
      </Output>
    </UnitTestResult>
    <UnitTestResult executionId="2ad44217-d2c2-4f88-b251-3ea2ac7c7a15" testId="d82b29d6-a845-5b99-7d4c-77ec17dee196" testName="Skillaz.Tests.CompanySpecific.Mvideo.MvideoAvaliablePositionsRequestWithAdvancedSearch_feature.Check_avaliable_positions_request_with_advanced_search(staffCount: 3, employeesCount: 0, approvedCounts: [2, 0], expected: (0, 0))" computerName="DESKTOP-F6SKA47" duration="00:00:00.0010000" startTime="2021-12-16T16:29:48.2060598+03:00" endTime="2021-12-16T16:29:48.2060616+03:00" testType="13cdc9d9-ddb5-4fa4-a97d-d965ccfc6d4b" outcome="NotExecuted" testListId="8c84fa94-04c1-424b-9868-57a2d4851a1d" relativeResultsDirectory="2ad44217-d2c2-4f88-b251-3ea2ac7c7a15">
      <Output>
        <StdOut>Вернуть как только поправим высчитывание заявок на поиск в mvideo</StdOut>
      </Output>
    </UnitTestResult>
    <UnitTestResult executionId="3316cb2b-9e25-4cb8-8c26-147d633588e1" testId="c9eee437-07ed-cb5b-8681-cb2cb04943a3" testName="Skillaz.Tests.Configurator.DocumentModel.DocumentModelFieldRuleTest.Проверить_правила_отображения_поля" computerName="DESKTOP-F6SKA47" duration="00:00:02.3410245" startTime="2021-12-16T16:25:07.0814210+03:00" endTime="2021-12-16T16:25:07.0814227+03:00" testType="13cdc9d9-ddb5-4fa4-a97d-d965ccfc6d4b" outcome="Passed" testListId="8c84fa94-04c1-424b-9868-57a2d4851a1d" relativeResultsDirectory="3316cb2b-9e25-4cb8-8c26-147d633588e1">
      <Output>
        <StdOut>SCENARIO: Проверить правила отображения поля&#xD;
  STEP 1/6: GIVEN Given a company...&#xD;
  STEP 1/6: GIVEN Given a company (Passed after 152ms)&#xD;
  STEP 2/6: AND Given the authenticated user...&#xD;
  STEP 2/6: AND Given the authenticated user (Passed after 457ms)&#xD;
  STEP 3/6: AND Given the vacancy in the company...&#xD;
  STEP 3/6: AND Given the vacancy in the company (Passed after 265ms)&#xD;
  STEP 4/6: AND Load city and region references...&#xD;
  STEP 4/6: AND Load city and region references (Passed after 390ms)&#xD;
  STEP 5/6: AND Given the model for IsAvailable test...&#xD;
  STEP 5/6: AND Given the model for IsAvailable test (Passed after 23ms)&#xD;
  STEP 6/6: CHECK Check that fields is shown...&#xD;
  STEP 6/6: CHECK Check that fields is shown (Passed after 80ms)&#xD;
  SCENARIO RESULT: Passed after 1s 376ms</StdOut>
      </Output>
    </UnitTestResult>
    <UnitTestResult executionId="0233815f-b858-4344-87b0-fe43314c181f" testId="d9623f19-7e6c-7a9e-d605-593eb0fc217f" testName="Skillaz.Tests.HH.HHApiClient_feature.HH_API_client_correct_xManager_is_selected_when_requested_with_xManager" computerName="DESKTOP-F6SKA47" duration="00:00:07.5552992" startTime="2021-12-16T16:23:09.2697516+03:00" endTime="2021-12-16T16:23:09.2697547+03:00" testType="13cdc9d9-ddb5-4fa4-a97d-d965ccfc6d4b" outcome="Passed" testListId="8c84fa94-04c1-424b-9868-57a2d4851a1d" relativeResultsDirectory="0233815f-b858-4344-87b0-fe43314c181f">
      <Output>
        <StdOut>SCENARIO: HH API client correct xManager is selected when requested with xManager&#xD;
  STEP 1/6: GIVEN a company with allowed employers...&#xD;
  STEP 1/6: GIVEN a company with allowed employers (Passed after 1s 033ms)&#xD;
  STEP 2/6: AND the authenticated user...&#xD;
  STEP 2/6: AND the authenticated user (Passed after 1s 628ms)&#xD;
  STEP 3/6: AND valid hh account with xManager...&#xD;
  STEP 3/6: AND valid hh account with xManager (Passed after 739ms)&#xD;
  STEP 4/6: WHEN api client with xManager account is requested...&#xD;
  STEP 4/6: WHEN api client with xManager account is requested (Passed after 259ms)&#xD;
  STEP 5/6: THEN api client is successfully created...&#xD;
  STEP 5/6: THEN api client is successfully created (Passed after &lt;1ms)&#xD;
  STEP 6/6: AND selected xManager equals to requested...&#xD;
  STEP 6/6: AND selected xManager equals to requested (Passed after 1ms)&#xD;
  SCENARIO RESULT: Passed after 3s 670ms</StdOut>
      </Output>
    </UnitTestResult>
    <UnitTestResult executionId="53c81603-a3b0-4e8a-8d16-79670bfb5d41" testId="918b815a-88da-b48e-7c5a-f8d403a083cf" testName="Skillaz.Tests.Candidate.CandidateCardNegotiations_feature.Check_publication_info_exists_in_candidate" computerName="DESKTOP-F6SKA47" duration="00:00:26.0450910" startTime="2021-12-16T16:20:46.5543142+03:00" endTime="2021-12-16T16:20:46.5543208+03:00" testType="13cdc9d9-ddb5-4fa4-a97d-d965ccfc6d4b" outcome="Passed" testListId="8c84fa94-04c1-424b-9868-57a2d4851a1d" relativeResultsDirectory="53c81603-a3b0-4e8a-8d16-79670bfb5d41">
      <Output>
        <StdOut>SCENARIO: Check publication info exists in candidate&#xD;
  STEP 1/6: GIVEN a company...&#xD;
  STEP 1/6: GIVEN a company (Passed after 407ms)&#xD;
  STEP 2/6: AND the authenticated user...&#xD;
  STEP 2/6: AND the authenticated user (Passed after 785ms)&#xD;
  STEP 3/6: AND the vacancy in the company...&#xD;
  STEP 3/6: AND the vacancy in the company (Passed after 627ms)&#xD;
  STEP 4/6: AND the candidate with negotiation [source: "HH"]...&#xD;
  STEP 4/6: AND the candidate with negotiation [source: "HH"] (Passed after 785ms)&#xD;
  STEP 5/6: WHEN get candidate card by id [candidateId: "61bb3d167f10d6937478b244"]...&#xD;
  STEP 5/6: WHEN get candidate card by id [candidateId: "61bb3d167f10d6937478b244"] (Passed after 22s 104ms)&#xD;
  STEP 6/6: THEN ensure candidate card exists info from publication [actuallySources: "HH"]...&#xD;
  STEP 6/6: THEN ensure candidate card exists info from publication [actuallySources: "HH"] (Passed after 123ms)&#xD;
  SCENARIO RESULT: Passed after 25s 082ms</StdOut>
      </Output>
    </UnitTestResult>
    <UnitTestResult executionId="80b6a848-fe77-46de-89cf-f9310ec9e682" testId="019b787c-88b2-9680-3a7b-9251d2235f77" testName="Skillaz.Tests.CompanySpecific.X5.Naumen.NaumenSlaTests.Sla_calculates_correctly_for_next_day(candidateTimeZone: 12, sla: 02:00:00, startDate: 2019-12-31T13:00:00.0000000Z, truth: [NaumenTimeRange { From = &quot;2020-01-01 07:00:00&quot;, To = &quot;2020-01-01 09:00:00&quot; }])" computerName="DESKTOP-F6SKA47" duration="00:00:00.0000378" startTime="2021-12-16T16:16:29.3717245+03:00" endTime="2021-12-16T16:16:29.3717251+03:00" testType="13cdc9d9-ddb5-4fa4-a97d-d965ccfc6d4b" outcome="Passed" testListId="8c84fa94-04c1-424b-9868-57a2d4851a1d" relativeResultsDirectory="80b6a848-fe77-46de-89cf-f9310ec9e682" />
    <UnitTestResult executionId="1437e3ae-af14-435a-b3c9-d827e2da09cc" testId="e285c446-0950-1a91-216e-244318e1de5e" testName="Skillaz.Tests.HH.HHApiClient_feature.HH_API_client_fails_to_create_when_account_is_deleted" computerName="DESKTOP-F6SKA47" duration="00:00:03.6004430" startTime="2021-12-16T16:22:58.2671136+03:00" endTime="2021-12-16T16:22:58.2671178+03:00" testType="13cdc9d9-ddb5-4fa4-a97d-d965ccfc6d4b" outcome="Passed" testListId="8c84fa94-04c1-424b-9868-57a2d4851a1d" relativeResultsDirectory="1437e3ae-af14-435a-b3c9-d827e2da09cc">
      <Output>
        <StdOut>SCENARIO: HH API client fails to create when account is deleted&#xD;
  STEP 1/5: GIVEN a company with allowed employers...&#xD;
  STEP 1/5: GIVEN a company with allowed employers (Passed after 850ms)&#xD;
  STEP 2/5: AND the authenticated user...&#xD;
  STEP 2/5: AND the authenticated user (Passed after 832ms)&#xD;
  STEP 3/5: AND missing hh account...&#xD;
  STEP 3/5: AND missing hh account (Passed after 1ms)&#xD;
  STEP 4/5: WHEN api client is requested...&#xD;
  STEP 4/5: WHEN api client is requested (Passed after 203ms)&#xD;
  STEP 5/5: THEN api client fails to create with account not found exception...&#xD;
  STEP 5/5: THEN api client fails to create with account not found exception (Passed after 77ms)&#xD;
  SCENARIO RESULT: Passed after 1s 994ms</StdOut>
      </Output>
    </UnitTestResult>
    <UnitTestResult executionId="86bb1401-c8bf-4218-9cf0-fcd1301b520b" testId="c9cb86e4-431e-0d7d-4b9c-298df44c8374" testName="Skillaz.Tests.CompanySpecific.Sberbank.SberPositionsTests.SberPositionCommand_should_work_as_expected(vacancyName: &quot;гпрфцзпрфцхрпцфрп&quot;, expectedPositionId: &quot;other&quot;)" computerName="DESKTOP-F6SKA47" duration="00:00:00.0046671" startTime="2021-12-16T16:16:29.6753226+03:00" endTime="2021-12-16T16:16:29.6753232+03:00" testType="13cdc9d9-ddb5-4fa4-a97d-d965ccfc6d4b" outcome="Passed" testListId="8c84fa94-04c1-424b-9868-57a2d4851a1d" relativeResultsDirectory="86bb1401-c8bf-4218-9cf0-fcd1301b520b" />
    <UnitTestResult executionId="da8176e8-822b-49c2-a572-13e98c112dac" testId="621e3691-21fc-9523-debe-8b7efe39e0a9" testName="Skillaz.Tests.Candidate.Workflow.CandidateAddWaySwitchRulesTests.Check_status_is_initial_without_rule_when_candidate_create" computerName="DESKTOP-F6SKA47" duration="00:00:10.2835118" startTime="2021-12-16T16:27:24.0163900+03:00" endTime="2021-12-16T16:27:24.0163923+03:00" testType="13cdc9d9-ddb5-4fa4-a97d-d965ccfc6d4b" outcome="Passed" testListId="8c84fa94-04c1-424b-9868-57a2d4851a1d" relativeResultsDirectory="da8176e8-822b-49c2-a572-13e98c112dac">
      <Output>
        <StdOut>SCENARIO: Check status is initial without rule when candidate create&#xD;
  STEP 1/6: GIVEN a company...&#xD;
  STEP 1/6: GIVEN a company (Passed after 1s 434ms)&#xD;
  STEP 2/6: AND the authenticated user...&#xD;
  STEP 2/6: AND the authenticated user (Passed after 1s 001ms)&#xD;
  STEP 3/6: AND the vacancy in the company...&#xD;
  STEP 3/6: AND the vacancy in the company (Passed after 417ms)&#xD;
  STEP 4/6: AND a funnel...&#xD;
  STEP 4/6: AND a funnel (Passed after 446ms)&#xD;
  STEP 5/6: WHEN create a manual candidate...&#xD;
  STEP 5/6: WHEN create a manual candidate (Passed after 5s 530ms)&#xD;
  STEP 6/6: THEN status is initial...&#xD;
  STEP 6/6: THEN status is initial (Passed after 81ms)&#xD;
  SCENARIO RESULT: Passed after 8s 915ms</StdOut>
      </Output>
    </UnitTestResult>
    <UnitTestResult executionId="6df99e5b-4ccf-4f69-88f7-1cf2e8432569" testId="019b787c-88b2-9680-3a7b-9251d2235f77" testName="Skillaz.Tests.CompanySpecific.X5.Naumen.NaumenSlaTests.Sla_calculates_correctly_for_next_day(candidateTimeZone: 12, sla: 02:00:00, startDate: 2019-12-31T11:00:00.0000000Z, truth: [NaumenTimeRange { From = &quot;2020-01-01 07:00:00&quot;, To = &quot;2020-01-01 09:00:00&quot; }])" computerName="DESKTOP-F6SKA47" duration="00:00:00.0000444" startTime="2021-12-16T16:16:29.3714529+03:00" endTime="2021-12-16T16:16:29.3714533+03:00" testType="13cdc9d9-ddb5-4fa4-a97d-d965ccfc6d4b" outcome="Passed" testListId="8c84fa94-04c1-424b-9868-57a2d4851a1d" relativeResultsDirectory="6df99e5b-4ccf-4f69-88f7-1cf2e8432569" />
    <UnitTestResult executionId="3d3e04b6-46e7-49f1-acac-5fc34751ca3a" testId="d82b29d6-a845-5b99-7d4c-77ec17dee196" testName="Skillaz.Tests.CompanySpecific.Mvideo.MvideoAvaliablePositionsRequestWithAdvancedSearch_feature.Check_avaliable_positions_request_with_advanced_search(staffCount: 1, employeesCount: 1, approvedCounts: [1], expected: (1, 0))" computerName="DESKTOP-F6SKA47" duration="00:00:00.0010000" startTime="2021-12-16T16:29:48.1560046+03:00" endTime="2021-12-16T16:29:48.1560068+03:00" testType="13cdc9d9-ddb5-4fa4-a97d-d965ccfc6d4b" outcome="NotExecuted" testListId="8c84fa94-04c1-424b-9868-57a2d4851a1d" relativeResultsDirectory="3d3e04b6-46e7-49f1-acac-5fc34751ca3a">
      <Output>
        <StdOut>Вернуть как только поправим высчитывание заявок на поиск в mvideo</StdOut>
      </Output>
    </UnitTestResult>
    <UnitTestResult executionId="28c95bc6-01fa-4420-acf8-69d95f88c1d3" testId="d6633f53-13fc-f326-601b-d58d761acb44" testName="Skillaz.Tests.Configurator.Deduplication.CheckDuplicateCandidates.Check_duplicate_candidate" computerName="DESKTOP-F6SKA47" duration="00:00:00.0010000" startTime="2021-12-16T16:19:05.7621344+03:00" endTime="2021-12-16T16:19:05.7621500+03:00" testType="13cdc9d9-ddb5-4fa4-a97d-d965ccfc6d4b" outcome="NotExecuted" testListId="8c84fa94-04c1-424b-9868-57a2d4851a1d" relativeResultsDirectory="28c95bc6-01fa-4420-acf8-69d95f88c1d3">
      <Output>
        <StdOut>You need Elasticsearch 7.5 local instance on 9200 port</StdOut>
      </Output>
    </UnitTestResult>
    <UnitTestResult executionId="877ac494-3ece-4244-a0bf-1e3b08a39d16" testId="019b787c-88b2-9680-3a7b-9251d2235f77" testName="Skillaz.Tests.CompanySpecific.X5.Naumen.NaumenSlaTests.Sla_calculates_correctly_for_next_day(candidateTimeZone: 6, sla: 02:00:00, startDate: 2020-01-01T01:30:00.0000000Z, truth: [NaumenTimeRange { From = &quot;2020-01-01 07:00:00&quot;, To = &quot;2020-01-01 09:00:00&quot; }])" computerName="DESKTOP-F6SKA47" duration="00:00:00.0000255" startTime="2021-12-16T16:16:29.2766414+03:00" endTime="2021-12-16T16:16:29.2766429+03:00" testType="13cdc9d9-ddb5-4fa4-a97d-d965ccfc6d4b" outcome="Passed" testListId="8c84fa94-04c1-424b-9868-57a2d4851a1d" relativeResultsDirectory="877ac494-3ece-4244-a0bf-1e3b08a39d16" />
    <UnitTestResult executionId="99eeec2e-bbbc-46ab-a15d-36c317dbb2f0" testId="b0cd1c35-137b-19ed-df33-bd0c333d5b5c" testName="Skillaz.Tests.CompanySpecific.Avilon.AvilonSendSecurityCheckDocumentCommand_feature.Check_Avilon_SendSecurityCheckDocument" computerName="DESKTOP-F6SKA47" duration="00:00:57.0016417" startTime="2021-12-16T16:18:25.7815589+03:00" endTime="2021-12-16T16:18:25.7815659+03:00" testType="13cdc9d9-ddb5-4fa4-a97d-d965ccfc6d4b" outcome="Passed" testListId="8c84fa94-04c1-424b-9868-57a2d4851a1d" relativeResultsDirectory="99eeec2e-bbbc-46ab-a15d-36c317dbb2f0">
      <Output>
        <StdOut>SCENARIO: Check Avilon SendSecurityCheckDocument&#xD;
  STEP 1/7: GIVEN Given a candidate in a vacancy in a company [makeCompany: "System.Func`1[Skillaz.Candidate.Contract.LegacyCompany.LegacyCompanyDocument]"]...&#xD;
  STEP 1/7: GIVEN Given a candidate in a vacancy in a company [makeCompany: "System.Func`1[Skillaz.Candidate.Contract.LegacyCompany.LegacyCompanyDocument]"] (Passed after 736ms)&#xD;
  STEP 2/7: AND Given ResponsibleManager...&#xD;
  STEP 2/7: AND Given ResponsibleManager (Passed after 899ms)&#xD;
  STEP 3/7: AND Given the user...&#xD;
  STEP 3/7: AND Given the user (Passed after 291ms)&#xD;
  STEP 4/7: AND Given the EmailTemplate...&#xD;
  STEP 4/7: AND Given the EmailTemplate (Passed after 2s 132ms)&#xD;
  STEP 5/7: AND Given the ProcessingRoles...&#xD;
  STEP 5/7: AND Given the ProcessingRoles (Passed after 37s 955ms)&#xD;
  STEP 6/7: WHEN When command execute...&#xD;
  STEP 6/7: WHEN When command execute (Passed after 12s 578ms)&#xD;
  STEP 7/7: THEN Then check what email will be sent...&#xD;
  STEP 7/7: THEN Then check what email will be sent (Passed after 635ms)&#xD;
  SCENARIO RESULT: Passed after 55s 296ms</StdOut>
      </Output>
    </UnitTestResult>
    <UnitTestResult executionId="87a0a4e6-b7b4-4eb7-93c8-503d57f147cc" testId="0952508a-beee-e4dd-7a99-55e321dd48d8" testName="Skillaz.Tests.Candidate.FromForm.GetDuplicates_feature.Candidate_duplicate_is_found" computerName="DESKTOP-F6SKA47" duration="00:00:12.7811234" startTime="2021-12-16T16:25:24.2538927+03:00" endTime="2021-12-16T16:25:24.2538932+03:00" testType="13cdc9d9-ddb5-4fa4-a97d-d965ccfc6d4b" outcome="Passed" testListId="8c84fa94-04c1-424b-9868-57a2d4851a1d" relativeResultsDirectory="87a0a4e6-b7b4-4eb7-93c8-503d57f147cc">
      <Output>
        <StdOut>SCENARIO: Candidate duplicate is found&#xD;
  STEP 1/6: GIVEN a company...&#xD;
  STEP 1/6: GIVEN a company (Passed after 706ms)&#xD;
  STEP 2/6: AND the authenticated user...&#xD;
  STEP 2/6: AND the authenticated user (Passed after 709ms)&#xD;
  STEP 3/6: AND the vacancy in the company...&#xD;
  STEP 3/6: AND the vacancy in the company (Passed after 190ms)&#xD;
  STEP 4/6: AND a candidate...&#xD;
  STEP 4/6: AND a candidate (Passed after 64ms)&#xD;
  STEP 5/6: WHEN request for duplicates received...&#xD;
  STEP 5/6: WHEN request for duplicates received (Passed after 9s 080ms)&#xD;
  STEP 6/6: THEN duplicate is found and returned...&#xD;
  STEP 6/6: THEN duplicate is found and returned (Passed after 273ms)&#xD;
  SCENARIO RESULT: Passed after 12s 342ms</StdOut>
      </Output>
    </UnitTestResult>
    <UnitTestResult executionId="ff5b549b-6eaf-40d6-a03d-03e9ebabe259" testId="798872f5-8313-d8f3-e91f-fe0744fa6eb3" testName="Skillaz.Tests.Candidate.Elastic.CandidateElasticFiltration_feature.Retrieving_a_candidate_by_nonexistent_job_requisition_id" computerName="DESKTOP-F6SKA47" duration="00:00:00.0010000" startTime="2021-12-16T16:24:39.8906903+03:00" endTime="2021-12-16T16:24:39.8906917+03:00" testType="13cdc9d9-ddb5-4fa4-a97d-d965ccfc6d4b" outcome="NotExecuted" testListId="8c84fa94-04c1-424b-9868-57a2d4851a1d" relativeResultsDirectory="ff5b549b-6eaf-40d6-a03d-03e9ebabe259">
      <Output>
        <StdOut>You need Elasticsearch 7.5 local instance on 9200 port</StdOut>
      </Output>
    </UnitTestResult>
    <UnitTestResult executionId="54f4709d-464c-4e01-898d-14bb3c7580ba" testId="2d474ffb-e742-8656-e2e8-758bb663fdf9" testName="Skillaz.Tests.Common.DataValidationHelpers.ValidateDateTimeOffset_feature.Date_time_is_null_valid" computerName="DESKTOP-F6SKA47" duration="00:00:00.7110590" startTime="2021-12-16T16:25:53.5988953+03:00" endTime="2021-12-16T16:25:53.5988989+03:00" testType="13cdc9d9-ddb5-4fa4-a97d-d965ccfc6d4b" outcome="Passed" testListId="8c84fa94-04c1-424b-9868-57a2d4851a1d" relativeResultsDirectory="54f4709d-464c-4e01-898d-14bb3c7580ba">
      <Output>
        <StdOut>SCENARIO: Date time is null valid&#xD;
  STEP 1/3: GIVEN a string [parameter: "&lt;null&gt;"]...&#xD;
  STEP 1/3: GIVEN a string [parameter: "&lt;null&gt;"] (Passed after &lt;1ms)&#xD;
  STEP 2/3: WHEN validation occured [nullAllowed: "True"] [emptyAllowed: "True"]...&#xD;
  STEP 2/3: WHEN validation occured [nullAllowed: "True"] [emptyAllowed: "True"] (Passed after 1ms)&#xD;
  STEP 3/3: THEN is valid...&#xD;
  STEP 3/3: THEN is valid (Passed after &lt;1ms)&#xD;
  SCENARIO RESULT: Passed after 562ms</StdOut>
      </Output>
    </UnitTestResult>
    <UnitTestResult executionId="765229db-5944-4c6b-b8d1-1eb1512d0628" testId="019b787c-88b2-9680-3a7b-9251d2235f77" testName="Skillaz.Tests.CompanySpecific.X5.Naumen.NaumenSlaTests.Sla_calculates_correctly_for_next_day(candidateTimeZone: 10, sla: 02:00:00, startDate: 2019-12-31T13:00:00.0000000Z, truth: [NaumenTimeRange { From = &quot;2020-01-01 07:00:00&quot;, To = &quot;2020-01-01 09:00:00&quot; }])" computerName="DESKTOP-F6SKA47" duration="00:00:00.0000450" startTime="2021-12-16T16:16:29.3283096+03:00" endTime="2021-12-16T16:16:29.3283100+03:00" testType="13cdc9d9-ddb5-4fa4-a97d-d965ccfc6d4b" outcome="Passed" testListId="8c84fa94-04c1-424b-9868-57a2d4851a1d" relativeResultsDirectory="765229db-5944-4c6b-b8d1-1eb1512d0628" />
    <UnitTestResult executionId="31b27fe1-5c8c-4ca8-bcff-c0e4240029c4" testId="4b19360d-7e8d-d351-7103-67e88d5e1fc3" testName="Skillaz.Tests.TaskTracker.SystemTaskNotificationSending_feature.Processing_system_tasks_for_user_notifications" computerName="DESKTOP-F6SKA47" duration="00:00:11.5775268" startTime="2021-12-16T16:19:46.4190056+03:00" endTime="2021-12-16T16:19:46.4190098+03:00" testType="13cdc9d9-ddb5-4fa4-a97d-d965ccfc6d4b" outcome="Passed" testListId="8c84fa94-04c1-424b-9868-57a2d4851a1d" relativeResultsDirectory="31b27fe1-5c8c-4ca8-bcff-c0e4240029c4">
      <Output>
        <StdOut>SCENARIO: Processing system tasks for user notifications&#xD;
  STEP 1/10: GIVEN a candidate in a vacancy in a company...&#xD;
  STEP 1/10: GIVEN a candidate in a vacancy in a company (Passed after 601ms)&#xD;
  STEP 2/10: AND the candidate interview...&#xD;
  STEP 2/10: AND the candidate interview (Passed after 237ms)&#xD;
  STEP 3/10: AND the authenticated user...&#xD;
  STEP 3/10: AND the authenticated user (Passed after 898ms)&#xD;
  STEP 4/10: AND the company default sms template...&#xD;
  STEP 4/10: AND the company default sms template (Passed after 823ms)&#xD;
  STEP 5/10: AND the company default email template...&#xD;
  STEP 5/10: AND the company default email template (Passed after 766ms)&#xD;
  STEP 6/10: AND the system task with notifications...&#xD;
  STEP 6/10: AND the system task with notifications (Passed after 959ms)&#xD;
  STEP 7/10: WHEN job happened...&#xD;
  STEP 7/10: WHEN job happened (Passed after 4s 708ms)&#xD;
  STEP 8/10: THEN only one email should be sent...&#xD;
  STEP 8/10: THEN only one email should be sent (Passed after 57ms)&#xD;
  STEP 9/10: AND only one sms should be sent...&#xD;
  STEP 9/10: AND only one sms should be sent (Passed after 113ms)&#xD;
  STEP 10/10: AND the system task should be in the finished state...&#xD;
  STEP 10/10: AND the system task should be in the finished state (Passed after 106ms)&#xD;
  SCENARIO RESULT: Passed after 9s 289ms</StdOut>
      </Output>
    </UnitTestResult>
    <UnitTestResult executionId="9b8b03d6-95bd-426d-b969-74f8fcfe2e66" testId="670d1273-4493-d1d6-83e4-45cad5b50ba7" testName="Skillaz.Tests.DocumentModels.LegacyVacancyDocuments.LegacyVacancyDocumentWhereAnd_feature.GetIds_CandidateDatabaseAll" computerName="DESKTOP-F6SKA47" duration="00:00:01.3010982" startTime="2021-12-16T16:26:24.4272775+03:00" endTime="2021-12-16T16:26:24.4272789+03:00" testType="13cdc9d9-ddb5-4fa4-a97d-d965ccfc6d4b" outcome="Passed" testListId="8c84fa94-04c1-424b-9868-57a2d4851a1d" relativeResultsDirectory="9b8b03d6-95bd-426d-b969-74f8fcfe2e66">
      <Output>
        <StdOut>SCENARIO: GetIds CandidateDatabaseAll&#xD;
  STEP 1/4: GIVEN a company...&#xD;
  STEP 1/4: GIVEN a company (Passed after 297ms)&#xD;
  STEP 2/4: AND the authenticated user...&#xD;
  STEP 2/4: AND the authenticated user (Passed after 145ms)&#xD;
  STEP 3/4: AND a LegacyVacancyDocuments...&#xD;
  STEP 3/4: AND a LegacyVacancyDocuments (Passed after 286ms)&#xD;
  STEP 4/4: WHEN GetIds CandidateDatabase compareAll...&#xD;
  STEP 4/4: WHEN GetIds CandidateDatabase compareAll (Passed after 215ms)&#xD;
  SCENARIO RESULT: Passed after 963ms</StdOut>
      </Output>
    </UnitTestResult>
    <UnitTestResult executionId="c05f8e3d-f565-4e6f-abd6-51a0cbec2f02" testId="019b787c-88b2-9680-3a7b-9251d2235f77" testName="Skillaz.Tests.CompanySpecific.X5.Naumen.NaumenSlaTests.Sla_calculates_correctly_for_next_day(candidateTimeZone: 6, sla: 02:00:00, startDate: 2019-12-31T17:30:00.0000000Z, truth: [NaumenTimeRange { From = &quot;2020-01-01 07:00:00&quot;, To = &quot;2020-01-01 09:00:00&quot; }])" computerName="DESKTOP-F6SKA47" duration="00:00:00.0000459" startTime="2021-12-16T16:16:29.1177365+03:00" endTime="2021-12-16T16:16:29.1177381+03:00" testType="13cdc9d9-ddb5-4fa4-a97d-d965ccfc6d4b" outcome="Passed" testListId="8c84fa94-04c1-424b-9868-57a2d4851a1d" relativeResultsDirectory="c05f8e3d-f565-4e6f-abd6-51a0cbec2f02" />
    <UnitTestResult executionId="b1cc968b-121a-49cd-a8af-1198a3478085" testId="39bbe88c-a5a1-69b6-0e18-a75bb02edd6c" testName="Skillaz.Tests.CompanySpecific.X5.Naumen.NaumenSlaTests.Sla_calculates_correctly_within_one_day(candidateTimeZone: 11, sla: 01:00:00, startDate: 2019-12-31T08:00:00.0000000Z, truth: [NaumenTimeRange { From = &quot;2019-12-31 11:00:00&quot;, To = &quot;2019-12-31 12:00:00&quot; }])" computerName="DESKTOP-F6SKA47" duration="00:00:00.0000290" startTime="2021-12-16T16:16:29.0398046+03:00" endTime="2021-12-16T16:16:29.0398055+03:00" testType="13cdc9d9-ddb5-4fa4-a97d-d965ccfc6d4b" outcome="Passed" testListId="8c84fa94-04c1-424b-9868-57a2d4851a1d" relativeResultsDirectory="b1cc968b-121a-49cd-a8af-1198a3478085" />
    <UnitTestResult executionId="912882f7-2d1e-425e-9c4f-087d25cf2005" testId="92003874-582a-a72a-ed0b-a674d10f1dc9" testName="Skillaz.Tests.Assessment.Questionnaires.AudioQuestionnaire_feature.Creating_a_questionnaire" computerName="DESKTOP-F6SKA47" duration="00:00:02.0406935" startTime="2021-12-16T16:24:41.4417348+03:00" endTime="2021-12-16T16:24:41.4417362+03:00" testType="13cdc9d9-ddb5-4fa4-a97d-d965ccfc6d4b" outcome="Passed" testListId="8c84fa94-04c1-424b-9868-57a2d4851a1d" relativeResultsDirectory="912882f7-2d1e-425e-9c4f-087d25cf2005">
      <Output>
        <StdOut>SCENARIO: Creating a questionnaire&#xD;
  STEP 1/4: GIVEN a company...&#xD;
  STEP 1/4: GIVEN a company (Passed after 127ms)&#xD;
  STEP 2/4: AND the authenticated user...&#xD;
  STEP 2/4: AND the authenticated user (Passed after 619ms)&#xD;
  STEP 3/4: WHEN questionnaire is created...&#xD;
  STEP 3/4: WHEN questionnaire is created (Passed after 396ms)&#xD;
  STEP 4/4: Questionnaire should be created...&#xD;
  STEP 4/4: Questionnaire should be created (Passed after 22ms)&#xD;
  SCENARIO RESULT: Passed after 1s 167ms</StdOut>
      </Output>
    </UnitTestResult>
    <UnitTestResult executionId="0d8bd29f-27c8-48d2-b24d-a0e679a5b42f" testId="019b787c-88b2-9680-3a7b-9251d2235f77" testName="Skillaz.Tests.CompanySpecific.X5.Naumen.NaumenSlaTests.Sla_calculates_correctly_for_next_day(candidateTimeZone: 6, sla: 02:00:00, startDate: 2020-01-01T02:30:00.0000000Z, truth: [NaumenTimeRange { From = &quot;2020-01-01 07:00:00&quot;, To = &quot;2020-01-01 09:00:00&quot; }])" computerName="DESKTOP-F6SKA47" duration="00:00:00.0000536" startTime="2021-12-16T16:16:29.2768072+03:00" endTime="2021-12-16T16:16:29.2768077+03:00" testType="13cdc9d9-ddb5-4fa4-a97d-d965ccfc6d4b" outcome="Passed" testListId="8c84fa94-04c1-424b-9868-57a2d4851a1d" relativeResultsDirectory="0d8bd29f-27c8-48d2-b24d-a0e679a5b42f" />
    <UnitTestResult executionId="2299c633-ebdc-4fc7-803e-e68df9c347d5" testId="5fa27c83-5bcb-7d68-3e9a-d9b23fc2d7d9" testName="Skillaz.Tests.CompanySpecific.Perekrestok.PerekrestokOrgUnitPositionCreateOrUpdate_feature.Create_request_for_position_with_no_fio" computerName="DESKTOP-F6SKA47" duration="00:01:17.0139440" startTime="2021-12-16T16:29:06.1194556+03:00" endTime="2021-12-16T16:29:06.1194759+03:00" testType="13cdc9d9-ddb5-4fa4-a97d-d965ccfc6d4b" outcome="Passed" testListId="8c84fa94-04c1-424b-9868-57a2d4851a1d" relativeResultsDirectory="2299c633-ebdc-4fc7-803e-e68df9c347d5">
      <Output>
        <StdOut>SCENARIO: Create request for position with no fio&#xD;
  STEP 1/6: GIVEN Given a company [companyId: "PerekrestokCompany"]...&#xD;
  STEP 1/6: GIVEN Given a company [companyId: "PerekrestokCompany"] (Passed after 4s 724ms)&#xD;
  STEP 2/6: AND Given the authenticated api user...&#xD;
  STEP 2/6: AND Given the authenticated api user (Passed after 8s 749ms)&#xD;
  STEP 3/6: AND Given org unit...&#xD;
  STEP 3/6: AND Given org unit (Passed after 5s 341ms)&#xD;
  STEP 4/6: AND Given position with vacancy date [vacancyDate: "12/18/2021 13:28:07"]...&#xD;
  STEP 4/6: AND Given position with vacancy date [vacancyDate: "12/18/2021 13:28:07"] (Passed after 190ms)&#xD;
  STEP 5/6: WHEN Org unit position update...&#xD;
  STEP 5/6: WHEN Org unit position update (Passed after 54s 033ms)&#xD;
  STEP 6/6: THEN First actual request created...&#xD;
  STEP 6/6: THEN First actual request created (Passed after 196ms)&#xD;
  SCENARIO RESULT: Passed after 1m 13s</StdOut>
      </Output>
    </UnitTestResult>
    <UnitTestResult executionId="1d5c0fb9-ec91-43c5-922e-7f6e8f873cd2" testId="06375324-ff7b-f1b0-62d3-0567f833ac5f" testName="Расширение файла недолжно совпадает с его типом, но нужно переименовать для полного совпадения(alterName: &quot;Doc.doc&quot;, fileName: &quot;Doc.docx&quot;)" computerName="DESKTOP-F6SKA47" duration="00:00:00.5894667" startTime="2021-12-16T16:16:30.6217565+03:00" endTime="2021-12-16T16:16:30.6217623+03:00" testType="13cdc9d9-ddb5-4fa4-a97d-d965ccfc6d4b" outcome="Passed" testListId="8c84fa94-04c1-424b-9868-57a2d4851a1d" relativeResultsDirectory="1d5c0fb9-ec91-43c5-922e-7f6e8f873cd2" />
    <UnitTestResult executionId="6bf0d22b-6918-4c23-bbfe-c4eceb11496d" testId="a5f9f24a-e89e-0032-eb90-8a3ccabce172" testName="Skillaz.Tests.Notifications.EmailAntispam_feature.Send_duplicate_email_to_skillaz_user_by_hash_and_check_it_was_sent" computerName="DESKTOP-F6SKA47" duration="00:00:02.4581355" startTime="2021-12-16T16:21:35.9179418+03:00" endTime="2021-12-16T16:21:35.9179439+03:00" testType="13cdc9d9-ddb5-4fa4-a97d-d965ccfc6d4b" outcome="Passed" testListId="8c84fa94-04c1-424b-9868-57a2d4851a1d" relativeResultsDirectory="6bf0d22b-6918-4c23-bbfe-c4eceb11496d">
      <Output>
        <StdOut>SCENARIO: Send duplicate email to skillaz user by hash and check it was sent&#xD;
  STEP 1/6: GIVEN a company [companyId: "61bb3d5d7f10d6937478c43e"]...&#xD;
  STEP 1/6: GIVEN a company [companyId: "61bb3d5d7f10d6937478c43e"] (Passed after 104ms)&#xD;
  STEP 2/6: AND skillaz administrator user with email "test-email@skillaz.ru"...&#xD;
  STEP 2/6: AND skillaz administrator user with email "test-email@skillaz.ru" (Passed after 337ms)&#xD;
  STEP 3/6: AND same n "1" emails for recipient "test-email-user@yandex.ru"...&#xD;
  STEP 3/6: AND same n "1" emails for recipient "test-email-user@yandex.ru" (Passed after 114ms)&#xD;
  STEP 4/6: AND email template [templateType: "test-msg-type"]...&#xD;
  STEP 4/6: AND email template [templateType: "test-msg-type"] (Passed after 96ms)&#xD;
  STEP 5/6: WHEN email is sent to user [processingRole: "admin"]...&#xD;
  STEP 5/6: WHEN email is sent to user [processingRole: "admin"] (Passed after 1s 125ms)&#xD;
  STEP 6/6: Ensure email was sent...&#xD;
  STEP 6/6: Ensure email was sent (Passed after 10ms)&#xD;
  SCENARIO RESULT: Passed after 1s 928ms</StdOut>
      </Output>
    </UnitTestResult>
    <UnitTestResult executionId="2d9a3336-1721-4a99-a258-a09644e9a622" testId="b65e4954-922d-261e-9885-8a6d3490cc9e" testName="Skillaz.Tests.Configurator.DocumentModel.ObjectTypeHireRequest.Заявки" computerName="DESKTOP-F6SKA47" duration="00:00:24.4612664" startTime="2021-12-16T16:16:52.3209061+03:00" endTime="2021-12-16T16:16:52.3209105+03:00" testType="13cdc9d9-ddb5-4fa4-a97d-d965ccfc6d4b" outcome="Passed" testListId="8c84fa94-04c1-424b-9868-57a2d4851a1d" relativeResultsDirectory="2d9a3336-1721-4a99-a258-a09644e9a622">
      <Output>
        <StdOut>SCENARIO: Заявки&#xD;
  STEP 1/5: GIVEN a company...&#xD;
  STEP 1/5: GIVEN a company (Passed after 3s 269ms)&#xD;
  STEP 2/5: AND the authenticated user...&#xD;
  STEP 2/5: AND the authenticated user (Passed after 1s 594ms)&#xD;
  STEP 3/5: Загрузить модель...&#xD;
  STEP 3/5: Загрузить модель (Passed after 17s 012ms)&#xD;
  STEP 4/5: Проверить что модель загружена...&#xD;
  STEP 4/5: Проверить что модель загружена (Passed after 1s 721ms)&#xD;
  STEP 5/5: Проверить что есть рекомендованные поля...&#xD;
  STEP 5/5: Проверить что есть рекомендованные поля (Passed after 103ms)&#xD;
  SCENARIO RESULT: Passed after 23s 825ms</StdOut>
      </Output>
    </UnitTestResult>
    <UnitTestResult executionId="89718118-01ea-48e8-842a-7413f07c5a50" testId="e380a9c5-06db-a38b-5f5d-e78840ef9090" testName="Skillaz.Tests.HH.Publications.AdditionalRegionPublications_feature.Publish_vacancies_in_additional_regions" computerName="DESKTOP-F6SKA47" duration="00:00:06.8627996" startTime="2021-12-16T16:27:20.4739330+03:00" endTime="2021-12-16T16:27:20.4739353+03:00" testType="13cdc9d9-ddb5-4fa4-a97d-d965ccfc6d4b" outcome="Passed" testListId="8c84fa94-04c1-424b-9868-57a2d4851a1d" relativeResultsDirectory="89718118-01ea-48e8-842a-7413f07c5a50">
      <Output>
        <StdOut>SCENARIO: Publish vacancies in additional regions&#xD;
  STEP 1/9: GIVEN a company...&#xD;
  STEP 1/9: GIVEN a company (Passed after 213ms)&#xD;
  STEP 2/9: AND the vacancy in the company...&#xD;
  STEP 2/9: AND the vacancy in the company (Passed after 1s 275ms)&#xD;
  STEP 3/9: AND the authenticated user...&#xD;
  STEP 3/9: AND the authenticated user (Passed after 935ms)&#xD;
  STEP 4/9: AND Given hh vacancy template...&#xD;
  STEP 4/9: AND Given hh vacancy template (Passed after 431ms)&#xD;
  STEP 5/9: AND Given hh account [id: "testaccount"]...&#xD;
  STEP 5/9: AND Given hh account [id: "testaccount"] (Passed after 393ms)&#xD;
  STEP 6/9: AND Given vacancy publication request [vacancyAreaId: "area0"] [vacancyName: "vacancy1"]...&#xD;
  STEP 6/9: AND Given vacancy publication request [vacancyAreaId: "area0"] [vacancyName: "vacancy1"] (Passed after 1ms)&#xD;
  STEP 7/9: WHEN When hh vacancy is published...&#xD;
  STEP 7/9: WHEN When hh vacancy is published (Passed after 1s 995ms)&#xD;
  STEP 8/9: THEN Then hh vacancies should be published for each area id...&#xD;
  STEP 8/9: THEN Then hh vacancies should be published for each area id (Passed after 98ms)&#xD;
  STEP 9/9: AND Then hh vacancies should be linked to skillaz vacancy...&#xD;
  STEP 9/9: AND Then hh vacancies should be linked to skillaz vacancy (Passed after 252ms)&#xD;
  SCENARIO RESULT: Passed after 5s 673ms</StdOut>
      </Output>
    </UnitTestResult>
    <UnitTestResult executionId="2540d2f1-6ef9-48d7-822d-7b9d0748887b" testId="f727b248-9add-f920-b0ce-770364245e70" testName="Skillaz.Tests.Candidate.Elastic.CandidateElasticMultiselectFiltration_feature.MultiLineFilterCheck(filter: (Skillaz.Candidate.Contract.CandidateSearchFilter, Skillaz.Candidate.Contract.CandidateSearchFilterCommon), result: (4, no salary))" computerName="DESKTOP-F6SKA47" duration="00:00:00.0010000" startTime="2021-12-16T16:26:49.7789223+03:00" endTime="2021-12-16T16:26:49.7789258+03:00" testType="13cdc9d9-ddb5-4fa4-a97d-d965ccfc6d4b" outcome="NotExecuted" testListId="8c84fa94-04c1-424b-9868-57a2d4851a1d" relativeResultsDirectory="2540d2f1-6ef9-48d7-822d-7b9d0748887b">
      <Output>
        <StdOut>You need Elasticsearch 7.5 local instance on 9200 port</StdOut>
      </Output>
    </UnitTestResult>
    <UnitTestResult executionId="7be1611b-56bd-4961-ad3d-befe497fe4be" testId="1bb8441a-1953-96a0-d128-5930e3488af0" testName="Skillaz.Tests.Request.X5.X5GetRequestListCommand_feature.If_candidate_is_not_exists_in_database_result_should_be_empty" computerName="DESKTOP-F6SKA47" duration="00:00:09.2170544" startTime="2021-12-16T16:25:03.1537918+03:00" endTime="2021-12-16T16:25:03.1537939+03:00" testType="13cdc9d9-ddb5-4fa4-a97d-d965ccfc6d4b" outcome="Passed" testListId="8c84fa94-04c1-424b-9868-57a2d4851a1d" relativeResultsDirectory="7be1611b-56bd-4961-ad3d-befe497fe4be">
      <Output>
        <StdOut>SCENARIO: If candidate is not exists in database result should be empty&#xD;
  STEP 1/7: GIVEN a company [companyId: "61bb3e257f10d6937478e126"]...&#xD;
  STEP 1/7: GIVEN a company [companyId: "61bb3e257f10d6937478e126"] (Passed after 151ms)&#xD;
  STEP 2/7: AND the vacancy in the company...&#xD;
  STEP 2/7: AND the vacancy in the company (Passed after 124ms)&#xD;
  STEP 3/7: AND request "Skillaz.Candidate.Contract.Request.RequestDocument"...&#xD;
  STEP 3/7: AND request "Skillaz.Candidate.Contract.Request.RequestDocument" (Passed after 122ms)&#xD;
  STEP 4/7: AND created indexes for requests...&#xD;
  STEP 4/7: AND created indexes for requests (Passed after 7s 824ms)&#xD;
  STEP 5/7: AND candidate profile [candidateProfileDocument: "Skillaz.Candidate.Contract.Documents.CandidateProfile.CandidateProfileDocument"]...&#xD;
  STEP 5/7: AND candidate profile [candidateProfileDocument: "Skillaz.Candidate.Contract.Documents.CandidateProfile.CandidateProfileDocument"] (Passed after 89ms)&#xD;
  STEP 6/7: WHEN getting available requests list...&#xD;
  STEP 6/7: WHEN getting available requests list (Passed after &lt;1ms)&#xD;
  STEP 7/7: THEN result list is empty...&#xD;
  STEP 7/7: THEN result list is empty (Passed after &lt;1ms)&#xD;
  SCENARIO RESULT: Passed after 8s 355ms</StdOut>
      </Output>
    </UnitTestResult>
    <UnitTestResult executionId="3f92b1a1-6176-4152-ae73-ccd806b62676" testId="b4bd26c7-35a1-9c59-b2c6-a3ff99740508" testName="Skillaz.Tests.WebHooks.WebHooks_feature.SynchronousWebHookTestCreated" computerName="DESKTOP-F6SKA47" duration="00:00:01.6795568" startTime="2021-12-16T16:22:14.1823148+03:00" endTime="2021-12-16T16:22:14.1823178+03:00" testType="13cdc9d9-ddb5-4fa4-a97d-d965ccfc6d4b" outcome="Passed" testListId="8c84fa94-04c1-424b-9868-57a2d4851a1d" relativeResultsDirectory="3f92b1a1-6176-4152-ae73-ccd806b62676">
      <Output>
        <StdOut>SCENARIO: SynchronousWebHookTestCreated&#xD;
  STEP 1/5: GIVEN a company...&#xD;
  STEP 1/5: GIVEN a company (Passed after 178ms)&#xD;
  STEP 2/5: AND the authenticated user...&#xD;
  STEP 2/5: AND the authenticated user (Passed after 169ms)&#xD;
  STEP 3/5: AND a synchronous subscription...&#xD;
  STEP 3/5: AND a synchronous subscription (Passed after 72ms)&#xD;
  STEP 4/5: WHEN web hook test created...&#xD;
  STEP 4/5: WHEN web hook test created (Passed after 107ms)&#xD;
  STEP 5/5: THEN hook should be sent acknowledged and received callback...&#xD;
  STEP 5/5: THEN hook should be sent acknowledged and received callback (Passed after &lt;1ms)&#xD;
  SCENARIO RESULT: Passed after 529ms</StdOut>
      </Output>
    </UnitTestResult>
    <UnitTestResult executionId="eb02f74d-6096-49e7-a5bc-9b6dd903f579" testId="39bbe88c-a5a1-69b6-0e18-a75bb02edd6c" testName="Skillaz.Tests.CompanySpecific.X5.Naumen.NaumenSlaTests.Sla_calculates_correctly_within_one_day(candidateTimeZone: 9, sla: 01:00:00, startDate: 2019-12-31T10:00:00.0000000Z, truth: [NaumenTimeRange { From = &quot;2019-12-31 13:00:00&quot;, To = &quot;2019-12-31 14:00:00&quot; }])" computerName="DESKTOP-F6SKA47" duration="00:00:00.0000552" startTime="2021-12-16T16:16:29.0230952+03:00" endTime="2021-12-16T16:16:29.0230957+03:00" testType="13cdc9d9-ddb5-4fa4-a97d-d965ccfc6d4b" outcome="Passed" testListId="8c84fa94-04c1-424b-9868-57a2d4851a1d" relativeResultsDirectory="eb02f74d-6096-49e7-a5bc-9b6dd903f579" />
    <UnitTestResult executionId="2126136b-c8e1-4361-b5ba-73b42d47ebb1" testId="a2088b85-598f-e2ef-11a5-20e7c73a9884" testName="Skillaz.Tests.HH.HHApiClient_feature.HH_API_client_creates_with_expired_authorization" computerName="DESKTOP-F6SKA47" duration="00:00:07.4836737" startTime="2021-12-16T16:23:09.1597764+03:00" endTime="2021-12-16T16:23:09.1597861+03:00" testType="13cdc9d9-ddb5-4fa4-a97d-d965ccfc6d4b" outcome="Passed" testListId="8c84fa94-04c1-424b-9868-57a2d4851a1d" relativeResultsDirectory="2126136b-c8e1-4361-b5ba-73b42d47ebb1">
      <Output>
        <StdOut>SCENARIO: HH API client creates with expired authorization&#xD;
  STEP 1/5: GIVEN a company with allowed employers...&#xD;
  STEP 1/5: GIVEN a company with allowed employers (Passed after 734ms)&#xD;
  STEP 2/5: AND the authenticated user...&#xD;
  STEP 2/5: AND the authenticated user (Passed after 1s 679ms)&#xD;
  STEP 3/5: AND expired valid hh account...&#xD;
  STEP 3/5: AND expired valid hh account (Passed after 976ms)&#xD;
  STEP 4/5: WHEN api client is requested...&#xD;
  STEP 4/5: WHEN api client is requested (Passed after 343ms)&#xD;
  STEP 5/5: THEN api client is successfully created...&#xD;
  STEP 5/5: THEN api client is successfully created (Passed after &lt;1ms)&#xD;
  SCENARIO RESULT: Passed after 3s 769ms</StdOut>
      </Output>
    </UnitTestResult>
    <UnitTestResult executionId="17108796-8a2e-4f8e-8e99-750cfde12ccc" testId="531a3fed-3a09-5fe3-c631-748cd6aa89f8" testName="Skillaz.Tests.AsyncEnumerable.AsyncEnumerableTests.Where_works_for_async_enumerable" computerName="DESKTOP-F6SKA47" duration="00:00:01.6429098" startTime="2021-12-16T16:16:31.4997243+03:00" endTime="2021-12-16T16:16:31.4997417+03:00" testType="13cdc9d9-ddb5-4fa4-a97d-d965ccfc6d4b" outcome="Passed" testListId="8c84fa94-04c1-424b-9868-57a2d4851a1d" relativeResultsDirectory="17108796-8a2e-4f8e-8e99-750cfde12ccc" />
    <UnitTestResult executionId="89a717ed-5a13-4b13-a0df-0cdc4a8d519f" testId="b9327af8-0b17-6089-db71-f719caaa9e8d" testName="Skillaz.Tests.BJ.BJApiClient_feature.BJ_API_client_creates_with_expired_authorization" computerName="DESKTOP-F6SKA47" duration="00:00:06.7508383" startTime="2021-12-16T16:27:45.2906100+03:00" endTime="2021-12-16T16:27:45.2906154+03:00" testType="13cdc9d9-ddb5-4fa4-a97d-d965ccfc6d4b" outcome="Passed" testListId="8c84fa94-04c1-424b-9868-57a2d4851a1d" relativeResultsDirectory="89a717ed-5a13-4b13-a0df-0cdc4a8d519f">
      <Output>
        <StdOut>SCENARIO: BJ API client creates with expired authorization&#xD;
  STEP 1/5: GIVEN a company...&#xD;
  STEP 1/5: GIVEN a company (Passed after 673ms)&#xD;
  STEP 2/5: AND the authenticated user...&#xD;
  STEP 2/5: AND the authenticated user (Passed after 1s 415ms)&#xD;
  STEP 3/5: AND expired valid bj account...&#xD;
  STEP 3/5: AND expired valid bj account (Passed after 909ms)&#xD;
  STEP 4/5: WHEN api client is requested...&#xD;
  STEP 4/5: WHEN api client is requested (Passed after 3s 534ms)&#xD;
  STEP 5/5: THEN api client is successfully created...&#xD;
  STEP 5/5: THEN api client is successfully created (Passed after &lt;1ms)&#xD;
  SCENARIO RESULT: Passed after 6s 615ms</StdOut>
      </Output>
    </UnitTestResult>
    <UnitTestResult executionId="ad1c862c-1100-454b-8a2b-63afd6cc201b" testId="e3783c35-711e-a112-3424-2e51926b0657" testName="Skillaz.Tests.Assessment.Questionnaires.SelfEntryQuestionnaire_feature.Getting_a_quiz_questionnaire_list" computerName="DESKTOP-F6SKA47" duration="00:00:06.0817838" startTime="2021-12-16T16:26:39.5526213+03:00" endTime="2021-12-16T16:26:39.5526285+03:00" testType="13cdc9d9-ddb5-4fa4-a97d-d965ccfc6d4b" outcome="Passed" testListId="8c84fa94-04c1-424b-9868-57a2d4851a1d" relativeResultsDirectory="ad1c862c-1100-454b-8a2b-63afd6cc201b">
      <Output>
        <StdOut>SCENARIO: Getting a quiz questionnaire list&#xD;
  STEP 1/7: GIVEN a company...&#xD;
  STEP 1/7: GIVEN a company (Passed after 365ms)&#xD;
  STEP 2/7: AND the authenticated user...&#xD;
  STEP 2/7: AND the authenticated user (Passed after 765ms)&#xD;
  STEP 3/7: AND the self entry questionnaire [timeSlotSource: "HireRequest"]...&#xD;
  STEP 3/7: AND the self entry questionnaire [timeSlotSource: "HireRequest"] (Passed after 403ms)&#xD;
  STEP 4/7: AND the self entry questionnaire [timeSlotSource: "Vacancy"]...&#xD;
  STEP 4/7: AND the self entry questionnaire [timeSlotSource: "Vacancy"] (Passed after 3ms)&#xD;
  STEP 5/7: AND the self entry questionnaire [timeSlotSource: "OrgUnit"]...&#xD;
  STEP 5/7: AND the self entry questionnaire [timeSlotSource: "OrgUnit"] (Passed after 1ms)&#xD;
  STEP 6/7: WHEN self entry questionnaire list is requested...&#xD;
  STEP 6/7: WHEN self entry questionnaire list is requested (Passed after 3s 241ms)&#xD;
  STEP 7/7: THEN self entry questionnaire list should be retrieved...&#xD;
  STEP 7/7: THEN self entry questionnaire list should be retrieved (Passed after 951ms)&#xD;
  SCENARIO RESULT: Passed after 5s 743ms</StdOut>
      </Output>
    </UnitTestResult>
    <UnitTestResult executionId="9a0b72f8-b673-4d7a-a4cd-d41126fdc203" testId="254be34e-8eae-9543-be9e-29a84ee47427" testName="Skillaz.Tests.DocumentModels.DocumentModel_feature.Run_on_change_during_update" computerName="DESKTOP-F6SKA47" duration="00:00:05.0153016" startTime="2021-12-16T16:24:16.9447082+03:00" endTime="2021-12-16T16:24:16.9447109+03:00" testType="13cdc9d9-ddb5-4fa4-a97d-d965ccfc6d4b" outcome="Passed" testListId="8c84fa94-04c1-424b-9868-57a2d4851a1d" relativeResultsDirectory="9a0b72f8-b673-4d7a-a4cd-d41126fdc203">
      <Output>
        <StdOut>SCENARIO: Run on change during update&#xD;
  STEP 1/6: GIVEN a company...&#xD;
  STEP 1/6: GIVEN a company (Passed after 572ms)&#xD;
  STEP 2/6: AND the authenticated user...&#xD;
  STEP 2/6: AND the authenticated user (Passed after 925ms)&#xD;
  STEP 3/6: AND on change document model set...&#xD;
  STEP 3/6: AND on change document model set (Passed after 2s 039ms)&#xD;
  STEP 4/6: AND empty on change model instance...&#xD;
  STEP 4/6: AND empty on change model instance (Passed after &lt;1ms)&#xD;
  STEP 5/6: WHEN fields with onchange are updated...&#xD;
  STEP 5/6: WHEN fields with onchange are updated (Passed after 1s 062ms)&#xD;
  STEP 6/6: THEN fields that should change are changed...&#xD;
  STEP 6/6: THEN fields that should change are changed (Passed after 2ms)&#xD;
  SCENARIO RESULT: Passed after 4s 635ms</StdOut>
      </Output>
    </UnitTestResult>
    <UnitTestResult executionId="3ad1930e-a0dc-4e5e-9541-cf462e1f6505" testId="75c8f883-b3ce-0f5f-92a5-61da085de1e9" testName="Skillaz.Tests.Candidate.CandidateVacancyHistory_feature.Когда_кандидат_переводится_на_другую_ванкасию_это_отражается_в_истории" computerName="DESKTOP-F6SKA47" duration="00:00:08.9013452" startTime="2021-12-16T16:25:15.4191863+03:00" endTime="2021-12-16T16:25:15.4191898+03:00" testType="13cdc9d9-ddb5-4fa4-a97d-d965ccfc6d4b" outcome="Passed" testListId="8c84fa94-04c1-424b-9868-57a2d4851a1d" relativeResultsDirectory="3ad1930e-a0dc-4e5e-9541-cf462e1f6505">
      <Output>
        <StdOut>SCENARIO: Когда кандидат переводится на другую ванкасию это отражается в истории&#xD;
  STEP 1/7: GIVEN a company...&#xD;
  STEP 1/7: GIVEN a company (Passed after 232ms)&#xD;
  STEP 2/7: AND the authenticated user...&#xD;
  STEP 2/7: AND the authenticated user (Passed after 317ms)&#xD;
  STEP 3/7: Дана вакансия...&#xD;
  STEP 3/7: Дана вакансия (Passed after 321ms)&#xD;
  STEP 4/7: Дана вакансия для трансфера...&#xD;
  STEP 4/7: Дана вакансия для трансфера (Passed after 106ms)&#xD;
  STEP 5/7: Дан кандидат с изначальной историей вакансий...&#xD;
  STEP 5/7: Дан кандидат с изначальной историей вакансий (Passed after 168ms)&#xD;
  STEP 6/7: Когда кандидат переводится на вакансию...&#xD;
  STEP 6/7: Когда кандидат переводится на вакансию (Passed after 6s 515ms)&#xD;
  STEP 7/7: Проверить что в истории вакансий кандидата есть информация о том что кандидат покинул вакансию...&#xD;
  STEP 7/7: Проверить что в истории вакансий кандидата есть информация о том что кандидат покинул вакансию (Passed after 74ms)&#xD;
  SCENARIO RESULT: Passed after 7s 742ms</StdOut>
      </Output>
    </UnitTestResult>
    <UnitTestResult executionId="d198c350-fc75-4ff0-a850-6e12be6aaf3d" testId="019b787c-88b2-9680-3a7b-9251d2235f77" testName="Skillaz.Tests.CompanySpecific.X5.Naumen.NaumenSlaTests.Sla_calculates_correctly_for_next_day(candidateTimeZone: 12, sla: 02:00:00, startDate: 2019-12-31T11:30:00.0000000Z, truth: [NaumenTimeRange { From = &quot;2020-01-01 07:00:00&quot;, To = &quot;2020-01-01 09:00:00&quot; }])" computerName="DESKTOP-F6SKA47" duration="00:00:00.0000416" startTime="2021-12-16T16:16:29.3715141+03:00" endTime="2021-12-16T16:16:29.3715155+03:00" testType="13cdc9d9-ddb5-4fa4-a97d-d965ccfc6d4b" outcome="Passed" testListId="8c84fa94-04c1-424b-9868-57a2d4851a1d" relativeResultsDirectory="d198c350-fc75-4ff0-a850-6e12be6aaf3d" />
    <UnitTestResult executionId="3c5fac45-2f17-4988-92f7-e00eb516ab39" testId="019b787c-88b2-9680-3a7b-9251d2235f77" testName="Skillaz.Tests.CompanySpecific.X5.Naumen.NaumenSlaTests.Sla_calculates_correctly_for_next_day(candidateTimeZone: 8, sla: 02:00:00, startDate: 2019-12-31T16:00:00.0000000Z, truth: [NaumenTimeRange { From = &quot;2020-01-01 07:00:00&quot;, To = &quot;2020-01-01 09:00:00&quot; }])" computerName="DESKTOP-F6SKA47" duration="00:00:00.0000365" startTime="2021-12-16T16:16:29.2946221+03:00" endTime="2021-12-16T16:16:29.2946241+03:00" testType="13cdc9d9-ddb5-4fa4-a97d-d965ccfc6d4b" outcome="Passed" testListId="8c84fa94-04c1-424b-9868-57a2d4851a1d" relativeResultsDirectory="3c5fac45-2f17-4988-92f7-e00eb516ab39" />
    <UnitTestResult executionId="a236b08b-cbc8-406e-bbfa-afbafa663ed9" testId="019b787c-88b2-9680-3a7b-9251d2235f77" testName="Skillaz.Tests.CompanySpecific.X5.Naumen.NaumenSlaTests.Sla_calculates_correctly_for_next_day(candidateTimeZone: 5, sla: 02:00:00, startDate: 2019-12-31T17:30:00.0000000Z, truth: [NaumenTimeRange { From = &quot;2020-01-01 07:00:00&quot;, To = &quot;2020-01-01 09:00:00&quot; }])" computerName="DESKTOP-F6SKA47" duration="00:00:00.0004266" startTime="2021-12-16T16:16:29.1019160+03:00" endTime="2021-12-16T16:16:29.1019175+03:00" testType="13cdc9d9-ddb5-4fa4-a97d-d965ccfc6d4b" outcome="Passed" testListId="8c84fa94-04c1-424b-9868-57a2d4851a1d" relativeResultsDirectory="a236b08b-cbc8-406e-bbfa-afbafa663ed9" />
    <UnitTestResult executionId="683901cb-b757-4f9a-84a8-d232266eb04e" testId="691577ce-ec73-bc6b-8584-d0545c8bdde2" testName="Skillaz.Tests.Avito.Publications.AvitoPublishVacancyCommand_feature.ErrorProcessingAvitoApiClient_checking_exceptionMessage_with_statuscode_433_and_billingType_package" computerName="DESKTOP-F6SKA47" duration="00:00:17.8558196" startTime="2021-12-16T16:29:51.9855796+03:00" endTime="2021-12-16T16:29:51.9855817+03:00" testType="13cdc9d9-ddb5-4fa4-a97d-d965ccfc6d4b" outcome="Passed" testListId="8c84fa94-04c1-424b-9868-57a2d4851a1d" relativeResultsDirectory="683901cb-b757-4f9a-84a8-d232266eb04e">
      <Output>
        <StdOut>SCENARIO: ErrorProcessingAvitoApiClient checking exceptionMessage with statuscode 433 and billingType package&#xD;
  STEP 1/7: GIVEN Given a company...&#xD;
  STEP 1/7: GIVEN Given a company (Passed after 275ms)&#xD;
  STEP 2/7: AND Given the authenticated user...&#xD;
  STEP 2/7: AND Given the authenticated user (Passed after 303ms)&#xD;
  STEP 3/7: AND Given a avito account...&#xD;
  STEP 3/7: AND Given a avito account (Passed after 272ms)&#xD;
  STEP 4/7: AND Given a avito vacancy [statusCode: "433"] [billingType: "package"]...&#xD;
  STEP 4/7: AND Given a avito vacancy [statusCode: "433"] [billingType: "package"] (Passed after 30ms)&#xD;
  STEP 5/7: AND Given a error responce [statusCode: "433"]...&#xD;
  STEP 5/7: AND Given a error responce [statusCode: "433"] (Passed after 286ms)&#xD;
  STEP 6/7: WHEN When avito vacancy is published [statusCode: "433"] [billingType: "package"]...&#xD;
  STEP 6/7: WHEN When avito vacancy is published [statusCode: "433"] [billingType: "package"] (Passed after 11s 814ms)&#xD;
  STEP 7/7: THEN Then avito does not validate employee and returns an error [statusCode: "433"] [avitoBillingType: "package"]...&#xD;
  STEP 7/7: THEN Then avito does not validate employee and returns an error [statusCode: "433"] [avitoBillingType: "package"] (Passed after 248ms)&#xD;
  SCENARIO RESULT: Passed after 13s 257ms</StdOut>
      </Output>
    </UnitTestResult>
    <UnitTestResult executionId="283f2bc8-efa4-480e-983b-d3455d76bc57" testId="63ae94e7-b043-706b-ecc5-84700cfe0707" testName="Skillaz.Tests.Request.X5.X5GetRequestListCommand_feature.If_request_address_is_further_than_50_kms_from_candidate_and_candidate_profile_funnel_id_is_logistics_it_should_exist_in_result" computerName="DESKTOP-F6SKA47" duration="00:00:11.1701675" startTime="2021-12-16T16:25:08.7635253+03:00" endTime="2021-12-16T16:25:08.7635274+03:00" testType="13cdc9d9-ddb5-4fa4-a97d-d965ccfc6d4b" outcome="Passed" testListId="8c84fa94-04c1-424b-9868-57a2d4851a1d" relativeResultsDirectory="283f2bc8-efa4-480e-983b-d3455d76bc57">
      <Output>
        <StdOut>SCENARIO: If request address is further than 50 kms from candidate and candidate profile funnel id is logistics it should exist in result&#xD;
  STEP 1/8: GIVEN a company [companyId: "61bb3e297f10d6937478e18a"]...&#xD;
  STEP 1/8: GIVEN a company [companyId: "61bb3e297f10d6937478e18a"] (Passed after 365ms)&#xD;
  STEP 2/8: AND the vacancy in the company...&#xD;
  STEP 2/8: AND the vacancy in the company (Passed after 355ms)&#xD;
  STEP 3/8: AND candidate "Skillaz.Candidate.Contract.Documents.Candidate.CandidateDocument"...&#xD;
  STEP 3/8: AND candidate "Skillaz.Candidate.Contract.Documents.Candidate.CandidateDocument" (Passed after 308ms)&#xD;
  STEP 4/8: AND request "Skillaz.Candidate.Contract.Request.RequestDocument"...&#xD;
  STEP 4/8: AND request "Skillaz.Candidate.Contract.Request.RequestDocument" (Passed after 350ms)&#xD;
  STEP 5/8: AND created indexes for requests...&#xD;
  STEP 5/8: AND created indexes for requests (Passed after 8s 017ms)&#xD;
  STEP 6/8: AND candidate profile [candidateProfileDocument: "Skillaz.Candidate.Contract.Documents.CandidateProfile.CandidateProfileDocument"]...&#xD;
  STEP 6/8: AND candidate profile [candidateProfileDocument: "Skillaz.Candidate.Contract.Documents.CandidateProfile.CandidateProfileDocument"] (Passed after 183ms)&#xD;
  STEP 7/8: WHEN getting available requests list...&#xD;
  STEP 7/8: WHEN getting available requests list (Passed after 231ms)&#xD;
  STEP 8/8: THEN result list consists of one element with id "2h43hud38437dhas"...&#xD;
  STEP 8/8: THEN result list consists of one element with id "2h43hud38437dhas" (Passed after &lt;1ms)&#xD;
  SCENARIO RESULT: Passed after 9s 850ms</StdOut>
      </Output>
    </UnitTestResult>
    <UnitTestResult executionId="d726175f-2a7c-4334-a06e-a4b135e3c35b" testId="99f2d175-1a68-5da2-9ae9-808e3e3bdb17" testName="Skillaz.Tests.Digest.DigestService_feature.Digest_creation" computerName="DESKTOP-F6SKA47" duration="00:00:05.0208737" startTime="2021-12-16T16:24:51.0365982+03:00" endTime="2021-12-16T16:24:51.0365996+03:00" testType="13cdc9d9-ddb5-4fa4-a97d-d965ccfc6d4b" outcome="Passed" testListId="8c84fa94-04c1-424b-9868-57a2d4851a1d" relativeResultsDirectory="d726175f-2a7c-4334-a06e-a4b135e3c35b">
      <Output>
        <StdOut>SCENARIO: Digest creation&#xD;
  STEP 1/7: GIVEN a company...&#xD;
  STEP 1/7: GIVEN a company (Passed after 113ms)&#xD;
  STEP 2/7: AND the authenticated user...&#xD;
  STEP 2/7: AND the authenticated user (Passed after 330ms)&#xD;
  STEP 3/7: AND a candidate...&#xD;
  STEP 3/7: AND a candidate (Passed after 106ms)&#xD;
  STEP 4/7: AND a DigestNotificationFilterDto...&#xD;
  STEP 4/7: AND a DigestNotificationFilterDto (Passed after 10ms)&#xD;
  STEP 5/7: AND a addDigestDataDto...&#xD;
  STEP 5/7: AND a addDigestDataDto (Passed after 9ms)&#xD;
  STEP 6/7: WHEN add reminder to candidate...&#xD;
  STEP 6/7: WHEN add reminder to candidate (Passed after 1s 361ms)&#xD;
  STEP 7/7: THEN digest created...&#xD;
  STEP 7/7: THEN digest created (Passed after 2s 860ms)&#xD;
  SCENARIO RESULT: Passed after 4s 855ms</StdOut>
      </Output>
    </UnitTestResult>
    <UnitTestResult executionId="d0f317d7-76d1-4cc8-90d7-8ce66ebe3afb" testId="cbb1edc2-faaa-f83a-b4d5-c43045c33440" testName="Skillaz.Tests.RabotaNur.RabotaNurHtmlConverterTests.TestMethod(html: &quot; \n \r\n   \n \r\n &quot;, expected: &quot;&quot;)" computerName="DESKTOP-F6SKA47" duration="00:00:01.6989494" startTime="2021-12-16T16:16:31.4584163+03:00" endTime="2021-12-16T16:16:31.4584216+03:00" testType="13cdc9d9-ddb5-4fa4-a97d-d965ccfc6d4b" outcome="Passed" testListId="8c84fa94-04c1-424b-9868-57a2d4851a1d" relativeResultsDirectory="d0f317d7-76d1-4cc8-90d7-8ce66ebe3afb" />
    <UnitTestResult executionId="ef6ad261-ba82-408b-8a81-45546b34c39e" testId="6cba83ac-3704-8c33-fae6-823ee5557212" testName="Skillaz.Tests.Configurator.DocumentModel.RefFeature.Проверить_настройку_Ref_для_справочников_из_кода" computerName="DESKTOP-F6SKA47" duration="00:00:02.4954499" startTime="2021-12-16T16:24:45.7195667+03:00" endTime="2021-12-16T16:24:45.7195694+03:00" testType="13cdc9d9-ddb5-4fa4-a97d-d965ccfc6d4b" outcome="Passed" testListId="8c84fa94-04c1-424b-9868-57a2d4851a1d" relativeResultsDirectory="ef6ad261-ba82-408b-8a81-45546b34c39e">
      <Output>
        <StdOut>SCENARIO: Проверить настройку Ref для справочников из кода&#xD;
  STEP 1/8: GIVEN a company...&#xD;
  STEP 1/8: GIVEN a company (Passed after 291ms)&#xD;
  STEP 2/8: AND the authenticated user...&#xD;
  STEP 2/8: AND the authenticated user (Passed after 577ms)&#xD;
  STEP 3/8: Load city and region references...&#xD;
  STEP 3/8: Load city and region references (Passed after 332ms)&#xD;
  STEP 4/8: Определить модель ОЕ...&#xD;
  STEP 4/8: Определить модель ОЕ (Passed after 1ms)&#xD;
  STEP 5/8: Определить модель заявки...&#xD;
  STEP 5/8: Определить модель заявки (Passed after 116ms)&#xD;
  STEP 6/8: Подготовить конфигурацию заявки...&#xD;
  STEP 6/8: Подготовить конфигурацию заявки (Passed after 28ms)&#xD;
  STEP 7/8: Создать ОЕ...&#xD;
  STEP 7/8: Создать ОЕ (Passed after 84ms)&#xD;
  STEP 8/8: Создать заявку с выбором элемента справочника из кода и проверить что связанное значение подставилось...&#xD;
  STEP 8/8: Создать заявку с выбором элемента справочника из кода и проверить что связанное значение подставилось (Passed after 985ms)&#xD;
  SCENARIO RESULT: Passed after 2s 421ms</StdOut>
      </Output>
    </UnitTestResult>
    <UnitTestResult executionId="7a8744e4-ad1f-4c0a-8bde-84362211fb0d" testId="b528cfae-2ce3-fe90-e38f-0b239d9f91d1" testName="Skillaz.Tests.Candidate.Elastic.CandidateElasticFiltration_feature.Retrieving_no_candidates_by_expired_appointment" computerName="DESKTOP-F6SKA47" duration="00:00:00.0010000" startTime="2021-12-16T16:24:39.8926055+03:00" endTime="2021-12-16T16:24:39.8926075+03:00" testType="13cdc9d9-ddb5-4fa4-a97d-d965ccfc6d4b" outcome="NotExecuted" testListId="8c84fa94-04c1-424b-9868-57a2d4851a1d" relativeResultsDirectory="7a8744e4-ad1f-4c0a-8bde-84362211fb0d">
      <Output>
        <StdOut>You need Elasticsearch 7.5 local instance on 9200 port</StdOut>
      </Output>
    </UnitTestResult>
    <UnitTestResult executionId="20a239bd-6008-4ea1-9f27-1995efcb4bbc" testId="39bbe88c-a5a1-69b6-0e18-a75bb02edd6c" testName="Skillaz.Tests.CompanySpecific.X5.Naumen.NaumenSlaTests.Sla_calculates_correctly_within_one_day(candidateTimeZone: 10, sla: 01:00:00, startDate: 2019-12-31T09:00:00.0000000Z, truth: [NaumenTimeRange { From = &quot;2019-12-31 12:00:00&quot;, To = &quot;2019-12-31 13:00:00&quot; }])" computerName="DESKTOP-F6SKA47" duration="00:00:00.0000300" startTime="2021-12-16T16:16:29.0277555+03:00" endTime="2021-12-16T16:16:29.0277570+03:00" testType="13cdc9d9-ddb5-4fa4-a97d-d965ccfc6d4b" outcome="Passed" testListId="8c84fa94-04c1-424b-9868-57a2d4851a1d" relativeResultsDirectory="20a239bd-6008-4ea1-9f27-1995efcb4bbc" />
    <UnitTestResult executionId="deaceb94-e92e-4784-8bb2-bdce5b30b8a6" testId="a1ae08cb-5c63-f585-b78d-613b1c1c4e46" testName="Skillaz.Tests.Assessment.Interviews.AddressInterview_feature.Getting_a_interview" computerName="DESKTOP-F6SKA47" duration="00:00:16.1919017" startTime="2021-12-16T16:29:04.5926747+03:00" endTime="2021-12-16T16:29:04.5926776+03:00" testType="13cdc9d9-ddb5-4fa4-a97d-d965ccfc6d4b" outcome="Passed" testListId="8c84fa94-04c1-424b-9868-57a2d4851a1d" relativeResultsDirectory="deaceb94-e92e-4784-8bb2-bdce5b30b8a6">
      <Output>
        <StdOut>SCENARIO: Getting a interview&#xD;
  STEP 1/4: GIVEN a company...&#xD;
  STEP 1/4: GIVEN a company (Passed after 490ms)&#xD;
  STEP 2/4: AND the interview...&#xD;
  STEP 2/4: AND the interview (Passed after 7s 644ms)&#xD;
  STEP 3/4: WHEN interview is requested...&#xD;
  STEP 3/4: WHEN interview is requested (Passed after 6s 211ms)&#xD;
  STEP 4/4: Get interview result should be retrieved...&#xD;
  STEP 4/4: Get interview result should be retrieved (Passed after &lt;1ms)&#xD;
  SCENARIO RESULT: Passed after 14s 374ms</StdOut>
      </Output>
    </UnitTestResult>
    <UnitTestResult executionId="10c805cc-451b-48bf-b4c6-b296dfac57b2" testId="414be606-28e1-62a6-af22-18bdbec558f3" testName="Skillaz.Tests.TaskTracker.TaskDelayAction_feature.Create_task_delay_action" computerName="DESKTOP-F6SKA47" duration="00:00:16.4922651" startTime="2021-12-16T16:21:07.5993780+03:00" endTime="2021-12-16T16:21:07.5993804+03:00" testType="13cdc9d9-ddb5-4fa4-a97d-d965ccfc6d4b" outcome="Passed" testListId="8c84fa94-04c1-424b-9868-57a2d4851a1d" relativeResultsDirectory="10c805cc-451b-48bf-b4c6-b296dfac57b2">
      <Output>
        <StdOut>SCENARIO: Create task delay action&#xD;
  STEP 1/5: GIVEN a candidate in a vacancy in a company...&#xD;
  STEP 1/5: GIVEN a candidate in a vacancy in a company (Passed after 491ms)&#xD;
  STEP 2/5: AND a client configuration...&#xD;
  STEP 2/5: AND a client configuration (Passed after 23ms)&#xD;
  STEP 3/5: AND the authenticated user...&#xD;
  STEP 3/5: AND the authenticated user (Passed after 371ms)&#xD;
  STEP 4/5: WHEN event change candidate state handled...&#xD;
  STEP 4/5: WHEN event change candidate state handled (Passed after 13s 102ms)&#xD;
  STEP 5/5: THEN delayed action task created...&#xD;
  STEP 5/5: THEN delayed action task created (Passed after 658ms)&#xD;
  SCENARIO RESULT: Passed after 14s 705ms</StdOut>
      </Output>
    </UnitTestResult>
    <UnitTestResult executionId="d50a8c17-e26d-4ee6-a589-c9db7117b274" testId="68cf73f3-4c26-6d2b-eed2-f4e60f84b8a5" testName="Skillaz.Tests.Helpers.WorkingDaysHelperFeature.FindProductionDates(dateStrings: [&quot;2021-01-01&quot;, &quot;2021-01-02&quot;, &quot;2021-01-15&quot;, &quot;2021-01-16&quot;, &quot;2021-01-11&quot;, ...])" computerName="DESKTOP-F6SKA47" duration="00:00:00.0974602" startTime="2021-12-16T16:16:29.3959515+03:00" endTime="2021-12-16T16:16:29.3959519+03:00" testType="13cdc9d9-ddb5-4fa4-a97d-d965ccfc6d4b" outcome="Passed" testListId="8c84fa94-04c1-424b-9868-57a2d4851a1d" relativeResultsDirectory="d50a8c17-e26d-4ee6-a589-c9db7117b274" />
    <UnitTestResult executionId="c680fc00-d382-41ef-8ccd-ab901f28cec2" testId="61dd33ce-60f9-d56f-cae4-1eed0f8a40ee" testName="Skillaz.Tests.Candidate.Appointments.SetAppointmentOnStatusChange_feature.Switch_candidate_to_refuse_type_status" computerName="DESKTOP-F6SKA47" duration="00:00:19.3621019" startTime="2021-12-16T16:20:16.1673489+03:00" endTime="2021-12-16T16:20:16.1673496+03:00" testType="13cdc9d9-ddb5-4fa4-a97d-d965ccfc6d4b" outcome="Passed" testListId="8c84fa94-04c1-424b-9868-57a2d4851a1d" relativeResultsDirectory="c680fc00-d382-41ef-8ccd-ab901f28cec2">
      <Output>
        <StdOut>SCENARIO: Switch candidate to refuse type status&#xD;
  STEP 1/11: GIVEN a company...&#xD;
  STEP 1/11: GIVEN a company (Passed after 247ms)&#xD;
  STEP 2/11: AND the vacancy in the company...&#xD;
  STEP 2/11: AND the vacancy in the company (Passed after 352ms)&#xD;
  STEP 3/11: AND the authenticated user...&#xD;
  STEP 3/11: AND the authenticated user (Passed after 849ms)&#xD;
  STEP 4/11: AND a funnel...&#xD;
  STEP 4/11: AND a funnel (Passed after 504ms)&#xD;
  STEP 5/11: AND client configuration with check workflow and model...&#xD;
  STEP 5/11: AND client configuration with check workflow and model (Passed after 1s 864ms)&#xD;
  STEP 6/11: AND a candidate on interview status...&#xD;
  STEP 6/11: AND a candidate on interview status (Passed after 290ms)&#xD;
  STEP 7/11: AND multiple occupied time slots [candidateId: "61bb3d007f10d6937478ae6d"]...&#xD;
  STEP 7/11: AND multiple occupied time slots [candidateId: "61bb3d007f10d6937478ae6d"] (Passed after 392ms)&#xD;
  STEP 8/11: AND multiple existing candidate "Skillaz.Candidate.Contract.Documents.Candidate.CandidateDocument" appointments...&#xD;
  STEP 8/11: AND multiple existing candidate "Skillaz.Candidate.Contract.Documents.Candidate.CandidateDocument" appointments (Passed after 391ms)&#xD;
  STEP 9/11: WHEN candidate status is changed to refuse type [candidateId: "61bb3d007f10d6937478ae6d"]...&#xD;
  STEP 9/11: WHEN candidate status is changed to refuse type [candidateId: "61bb3d007f10d6937478ae6d"] (Passed after 10s 805ms)&#xD;
  STEP 10/11: THEN all created and transferred candidate appointments are cancelled [candidateId: "61bb3d007f10d6937478ae6d"]...&#xD;
  STEP 10/11: THEN all created and transferred candidate appointments are cancelled [candidateId: "61bb3d007f10d6937478ae6d"] (Passed after 6ms)&#xD;
  STEP 11/11: AND time slots are released [candidateId: "61bb3d007f10d6937478ae6d"]...&#xD;
  STEP 11/11: AND time slots are released [candidateId: "61bb3d007f10d6937478ae6d"] (Passed after 13ms)&#xD;
  SCENARIO RESULT: Passed after 15s 770ms</StdOut>
      </Output>
    </UnitTestResult>
    <UnitTestResult executionId="2078ded9-f17c-44b9-b5c1-3535ebff9bb9" testId="5a4fefac-e460-e998-6bb2-3e3bfb203358" testName="Skillaz.Tests.Candidate.Elastic.CandidateElasticFiltration_feature.Retrieving_no_candidates_that_are_created_after_specific_date" computerName="DESKTOP-F6SKA47" duration="00:00:00.0010000" startTime="2021-12-16T16:24:39.9365189+03:00" endTime="2021-12-16T16:24:39.9365203+03:00" testType="13cdc9d9-ddb5-4fa4-a97d-d965ccfc6d4b" outcome="NotExecuted" testListId="8c84fa94-04c1-424b-9868-57a2d4851a1d" relativeResultsDirectory="2078ded9-f17c-44b9-b5c1-3535ebff9bb9">
      <Output>
        <StdOut>You need Elasticsearch 7.5 local instance on 9200 port</StdOut>
      </Output>
    </UnitTestResult>
    <UnitTestResult executionId="1a66b2bf-504b-4ec5-9691-3f15d45b1cee" testId="62ee499b-850e-60b9-267f-5de3d681d67f" testName="Skillaz.Tests.AsyncEnumerable.AsyncEnumerableTests.Parallel_for_each_works_for_enumerable" computerName="DESKTOP-F6SKA47" duration="00:00:01.6028872" startTime="2021-12-16T16:16:31.4585087+03:00" endTime="2021-12-16T16:16:31.4585093+03:00" testType="13cdc9d9-ddb5-4fa4-a97d-d965ccfc6d4b" outcome="Passed" testListId="8c84fa94-04c1-424b-9868-57a2d4851a1d" relativeResultsDirectory="1a66b2bf-504b-4ec5-9691-3f15d45b1cee" />
    <UnitTestResult executionId="4be74796-58ed-4f56-8429-adf672ce529f" testId="695a69c9-264c-d1c5-2032-535ef4bf39f9" testName="Skillaz.Tests.CompanySpecific.X5.Naumen.NaumenSlaTests.Sla_calculates_correctly_for_split_days(candidateTimeZone: 6, sla: 01:00:00, startDate: 2019-12-31T13:30:00.0000000Z, truth: [NaumenTimeRange { From = &quot;2019-12-31 16:30:00&quot;, To = &quot;2019-12-31 17:00:00&quot; }, NaumenTimeRange { From = &quot;2020-01-01 07:00:00&quot;, To = &quot;2020-01-01 07:30:00&quot; }])" computerName="DESKTOP-F6SKA47" duration="00:00:00.0000526" startTime="2021-12-16T16:16:28.9971816+03:00" endTime="2021-12-16T16:16:28.9971878+03:00" testType="13cdc9d9-ddb5-4fa4-a97d-d965ccfc6d4b" outcome="Passed" testListId="8c84fa94-04c1-424b-9868-57a2d4851a1d" relativeResultsDirectory="4be74796-58ed-4f56-8429-adf672ce529f" />
    <UnitTestResult executionId="89d91b38-af73-4291-9dd1-b70c27ece4ea" testId="019b787c-88b2-9680-3a7b-9251d2235f77" testName="Skillaz.Tests.CompanySpecific.X5.Naumen.NaumenSlaTests.Sla_calculates_correctly_for_next_day(candidateTimeZone: 2, sla: 02:00:00, startDate: 2020-01-01T00:30:00.0000000Z, truth: [NaumenTimeRange { From = &quot;2020-01-01 10:00:00&quot;, To = &quot;2020-01-01 12:00:00&quot; }])" computerName="DESKTOP-F6SKA47" duration="00:00:00.0000330" startTime="2021-12-16T16:16:29.0629743+03:00" endTime="2021-12-16T16:16:29.0629748+03:00" testType="13cdc9d9-ddb5-4fa4-a97d-d965ccfc6d4b" outcome="Passed" testListId="8c84fa94-04c1-424b-9868-57a2d4851a1d" relativeResultsDirectory="89d91b38-af73-4291-9dd1-b70c27ece4ea" />
    <UnitTestResult executionId="89744b71-c494-42f4-a870-1cf2f41961e6" testId="af406d81-16a6-f3b5-6b6f-f2fc26ed6aae" testName="Skillaz.Tests.HH.HHNegotiations_feature.No_negotiations_are_loaded_when_vacancy_has_no_negotiations" computerName="DESKTOP-F6SKA47" duration="00:00:04.1789962" startTime="2021-12-16T16:24:22.3065697+03:00" endTime="2021-12-16T16:24:22.3065843+03:00" testType="13cdc9d9-ddb5-4fa4-a97d-d965ccfc6d4b" outcome="Passed" testListId="8c84fa94-04c1-424b-9868-57a2d4851a1d" relativeResultsDirectory="89744b71-c494-42f4-a870-1cf2f41961e6">
      <Output>
        <StdOut>SCENARIO: No negotiations are loaded when vacancy has no negotiations&#xD;
  STEP 1/5: GIVEN a company...&#xD;
  STEP 1/5: GIVEN a company (Passed after 227ms)&#xD;
  STEP 2/5: AND the vacancy in the company...&#xD;
  STEP 2/5: AND the vacancy in the company (Passed after 331ms)&#xD;
  STEP 3/5: AND hh vacancy linked to the skillaz vacancy without new negotiations...&#xD;
  STEP 3/5: AND hh vacancy linked to the skillaz vacancy without new negotiations (Passed after 258ms)&#xD;
  STEP 4/5: WHEN negotiations are loaded...&#xD;
  STEP 4/5: WHEN negotiations are loaded (Passed after 2s 471ms)&#xD;
  STEP 5/5: THEN no negotiations are published to queue...&#xD;
  STEP 5/5: THEN no negotiations are published to queue (Passed after 1ms)&#xD;
  SCENARIO RESULT: Passed after 4s 032ms</StdOut>
      </Output>
    </UnitTestResult>
    <UnitTestResult executionId="452ebccb-4368-463a-8e44-1680fd360ef4" testId="a5f78294-0299-f57b-9ed7-58a275badae2" testName="Для 1 и 2 числа перенос на 16 этого месяца, для 15 и 16 перенос на 2 следующего месяца(dateStrings: [&quot;2020-08-15&quot;, &quot;2020-08-16&quot;, &quot;2020-09-02&quot;])" computerName="DESKTOP-F6SKA47" duration="00:00:00.0000621" startTime="2021-12-16T16:16:29.5495430+03:00" endTime="2021-12-16T16:16:29.5495437+03:00" testType="13cdc9d9-ddb5-4fa4-a97d-d965ccfc6d4b" outcome="Passed" testListId="8c84fa94-04c1-424b-9868-57a2d4851a1d" relativeResultsDirectory="452ebccb-4368-463a-8e44-1680fd360ef4" />
    <UnitTestResult executionId="4632210b-c8e4-4139-92ff-eafe9d860744" testId="3cffc1b5-eb05-f4a4-1ea0-7e2a05c0de16" testName="Skillaz.Tests.Assessment.Scenario_feature.Updating_a_scenario" computerName="DESKTOP-F6SKA47" duration="00:00:01.6651524" startTime="2021-12-16T16:22:18.9705515+03:00" endTime="2021-12-16T16:22:18.9705543+03:00" testType="13cdc9d9-ddb5-4fa4-a97d-d965ccfc6d4b" outcome="Passed" testListId="8c84fa94-04c1-424b-9868-57a2d4851a1d" relativeResultsDirectory="4632210b-c8e4-4139-92ff-eafe9d860744">
      <Output>
        <StdOut>SCENARIO: Updating a scenario&#xD;
  STEP 1/6: GIVEN a company...&#xD;
  STEP 1/6: GIVEN a company (Passed after 204ms)&#xD;
  STEP 2/6: AND the vacancy in the company...&#xD;
  STEP 2/6: AND the vacancy in the company (Passed after 122ms)&#xD;
  STEP 3/6: AND the authenticated user...&#xD;
  STEP 3/6: AND the authenticated user (Passed after 173ms)&#xD;
  STEP 4/6: AND a default scenario...&#xD;
  STEP 4/6: AND a default scenario (Passed after 72ms)&#xD;
  STEP 5/6: WHEN scenario is updated...&#xD;
  STEP 5/6: WHEN scenario is updated (Passed after 167ms)&#xD;
  STEP 6/6: It should be updated...&#xD;
  STEP 6/6: It should be updated (Passed after 114ms)&#xD;
  SCENARIO RESULT: Passed after 863ms</StdOut>
      </Output>
    </UnitTestResult>
    <UnitTestResult executionId="8a924b2f-a2f7-4450-9aec-7fdfc5eb6c84" testId="019b787c-88b2-9680-3a7b-9251d2235f77" testName="Skillaz.Tests.CompanySpecific.X5.Naumen.NaumenSlaTests.Sla_calculates_correctly_for_next_day(candidateTimeZone: 8, sla: 02:00:00, startDate: 2019-12-31T16:30:00.0000000Z, truth: [NaumenTimeRange { From = &quot;2020-01-01 07:00:00&quot;, To = &quot;2020-01-01 09:00:00&quot; }])" computerName="DESKTOP-F6SKA47" duration="00:00:00.0000349" startTime="2021-12-16T16:16:29.2947615+03:00" endTime="2021-12-16T16:16:29.2947620+03:00" testType="13cdc9d9-ddb5-4fa4-a97d-d965ccfc6d4b" outcome="Passed" testListId="8c84fa94-04c1-424b-9868-57a2d4851a1d" relativeResultsDirectory="8a924b2f-a2f7-4450-9aec-7fdfc5eb6c84" />
    <UnitTestResult executionId="85661669-61a3-47f3-801f-c3cb55ad1a54" testId="019b787c-88b2-9680-3a7b-9251d2235f77" testName="Skillaz.Tests.CompanySpecific.X5.Naumen.NaumenSlaTests.Sla_calculates_correctly_for_next_day(candidateTimeZone: 12, sla: 02:00:00, startDate: 2019-12-31T13:30:00.0000000Z, truth: [NaumenTimeRange { From = &quot;2020-01-01 07:00:00&quot;, To = &quot;2020-01-01 09:00:00&quot; }])" computerName="DESKTOP-F6SKA47" duration="00:00:00.0000413" startTime="2021-12-16T16:16:29.3717884+03:00" endTime="2021-12-16T16:16:29.3717891+03:00" testType="13cdc9d9-ddb5-4fa4-a97d-d965ccfc6d4b" outcome="Passed" testListId="8c84fa94-04c1-424b-9868-57a2d4851a1d" relativeResultsDirectory="85661669-61a3-47f3-801f-c3cb55ad1a54" />
    <UnitTestResult executionId="b51e31c6-7d5a-4e01-a75a-4649e636e55a" testId="a72b83d8-9396-aff7-7f8c-e2e62e7b3471" testName="Skillaz.Tests.Assessment.Questionnaires.QuizQuestionnaire_feature.Getting_a_quiz_questionnaire" computerName="DESKTOP-F6SKA47" duration="00:00:05.3006179" startTime="2021-12-16T16:26:34.8577119+03:00" endTime="2021-12-16T16:26:34.8577137+03:00" testType="13cdc9d9-ddb5-4fa4-a97d-d965ccfc6d4b" outcome="Passed" testListId="8c84fa94-04c1-424b-9868-57a2d4851a1d" relativeResultsDirectory="b51e31c6-7d5a-4e01-a75a-4649e636e55a">
      <Output>
        <StdOut>SCENARIO: Getting a quiz questionnaire&#xD;
  STEP 1/5: GIVEN a company...&#xD;
  STEP 1/5: GIVEN a company (Passed after 760ms)&#xD;
  STEP 2/5: AND the authenticated user...&#xD;
  STEP 2/5: AND the authenticated user (Passed after 1s 615ms)&#xD;
  STEP 3/5: AND the quiz questionnaire...&#xD;
  STEP 3/5: AND the quiz questionnaire (Passed after 789ms)&#xD;
  STEP 4/5: WHEN quiz questionnaire is requested...&#xD;
  STEP 4/5: WHEN quiz questionnaire is requested (Passed after 699ms)&#xD;
  STEP 5/5: Quiz questionnaire should be retrieved...&#xD;
  STEP 5/5: Quiz questionnaire should be retrieved (Passed after &lt;1ms)&#xD;
  SCENARIO RESULT: Passed after 3s 868ms</StdOut>
      </Output>
    </UnitTestResult>
    <UnitTestResult executionId="39bc9a2c-10e4-4449-8440-fff945668410" testId="019b787c-88b2-9680-3a7b-9251d2235f77" testName="Skillaz.Tests.CompanySpecific.X5.Naumen.NaumenSlaTests.Sla_calculates_correctly_for_next_day(candidateTimeZone: 11, sla: 02:00:00, startDate: 2019-12-31T16:00:00.0000000Z, truth: [NaumenTimeRange { From = &quot;2020-01-01 07:00:00&quot;, To = &quot;2020-01-01 09:00:00&quot; }])" computerName="DESKTOP-F6SKA47" duration="00:00:00.0001099" startTime="2021-12-16T16:16:29.3597384+03:00" endTime="2021-12-16T16:16:29.3597389+03:00" testType="13cdc9d9-ddb5-4fa4-a97d-d965ccfc6d4b" outcome="Passed" testListId="8c84fa94-04c1-424b-9868-57a2d4851a1d" relativeResultsDirectory="39bc9a2c-10e4-4449-8440-fff945668410" />
    <UnitTestResult executionId="eeb17ce5-7791-4af7-bef4-332a0ac7d319" testId="019b787c-88b2-9680-3a7b-9251d2235f77" testName="Skillaz.Tests.CompanySpecific.X5.Naumen.NaumenSlaTests.Sla_calculates_correctly_for_next_day(candidateTimeZone: 8, sla: 02:00:00, startDate: 2019-12-31T18:00:00.0000000Z, truth: [NaumenTimeRange { From = &quot;2020-01-01 07:00:00&quot;, To = &quot;2020-01-01 09:00:00&quot; }])" computerName="DESKTOP-F6SKA47" duration="00:00:00.0000423" startTime="2021-12-16T16:16:29.2980352+03:00" endTime="2021-12-16T16:16:29.2980425+03:00" testType="13cdc9d9-ddb5-4fa4-a97d-d965ccfc6d4b" outcome="Passed" testListId="8c84fa94-04c1-424b-9868-57a2d4851a1d" relativeResultsDirectory="eeb17ce5-7791-4af7-bef4-332a0ac7d319" />
    <UnitTestResult executionId="a8a96fc1-4da1-4c94-a086-65a215aa26e3" testId="80bac9be-9ca6-0bee-26cb-3b0d11e7d7a8" testName="Skillaz.Tests.Assessment.Interviews.VideoInterview_thread_feature.Switching_a_video_interview_step_status_and_tag_candidate_status" computerName="DESKTOP-F6SKA47" duration="00:00:05.8018015" startTime="2021-12-16T16:24:37.9350621+03:00" endTime="2021-12-16T16:24:37.9350638+03:00" testType="13cdc9d9-ddb5-4fa4-a97d-d965ccfc6d4b" outcome="Passed" testListId="8c84fa94-04c1-424b-9868-57a2d4851a1d" relativeResultsDirectory="a8a96fc1-4da1-4c94-a086-65a215aa26e3">
      <Output>
        <StdOut>SCENARIO: Switching a video interview step status and tag candidate status&#xD;
  STEP 1/5: GIVEN a candidate in a vacancy in a company...&#xD;
  STEP 1/5: GIVEN a candidate in a vacancy in a company (Passed after 518ms)&#xD;
  STEP 2/5: AND the interview...&#xD;
  STEP 2/5: AND the interview (Passed after 2s 044ms)&#xD;
  STEP 3/5: AND the Candidate...&#xD;
  STEP 3/5: AND the Candidate (Passed after 338ms)&#xD;
  STEP 4/5: WHEN a video interview step is switched status and tag candidate status...&#xD;
  STEP 4/5: WHEN a video interview step is switched status and tag candidate status (Passed after 1s 280ms)&#xD;
  STEP 5/5: AND CallPublishAsyncCount One...&#xD;
  STEP 5/5: AND CallPublishAsyncCount One (Passed after &lt;1ms)&#xD;
  SCENARIO RESULT: Passed after 4s 184ms</StdOut>
      </Output>
    </UnitTestResult>
    <UnitTestResult executionId="81bbf29b-c016-4b26-b8de-95e9ad84b4a4" testId="019b787c-88b2-9680-3a7b-9251d2235f77" testName="Skillaz.Tests.CompanySpecific.X5.Naumen.NaumenSlaTests.Sla_calculates_correctly_for_next_day(candidateTimeZone: 6, sla: 02:00:00, startDate: 2020-01-01T03:30:00.0000000Z, truth: [NaumenTimeRange { From = &quot;2020-01-01 07:00:00&quot;, To = &quot;2020-01-01 09:00:00&quot; }])" computerName="DESKTOP-F6SKA47" duration="00:00:00.0000308" startTime="2021-12-16T16:16:29.2769632+03:00" endTime="2021-12-16T16:16:29.2769640+03:00" testType="13cdc9d9-ddb5-4fa4-a97d-d965ccfc6d4b" outcome="Passed" testListId="8c84fa94-04c1-424b-9868-57a2d4851a1d" relativeResultsDirectory="81bbf29b-c016-4b26-b8de-95e9ad84b4a4" />
    <UnitTestResult executionId="933d0207-4f00-48ca-9f16-bd338e3fa4a9" testId="25ecfa4f-f473-2d64-471a-8f46f60bb777" testName="Skillaz.Tests.CompanySpecific.Perekrestok.PerekrestokVacancyPriority_feature.Calculation_vacancy_priority(requestPriorities: [Unknown], expectedResult: Unknown)" computerName="DESKTOP-F6SKA47" duration="00:00:02.6200351" startTime="2021-12-16T16:24:39.2928967+03:00" endTime="2021-12-16T16:24:39.2928995+03:00" testType="13cdc9d9-ddb5-4fa4-a97d-d965ccfc6d4b" outcome="Passed" testListId="8c84fa94-04c1-424b-9868-57a2d4851a1d" relativeResultsDirectory="933d0207-4f00-48ca-9f16-bd338e3fa4a9">
      <Output>
        <StdOut>SCENARIO: Calculation vacancy priority [requestPriorities: "Unknown"] [expectedResult: "Unknown"]&#xD;
  STEP 1/5: GIVEN Given a company [companyId: "PerekrestokCompany"]...&#xD;
  STEP 1/5: GIVEN Given a company [companyId: "PerekrestokCompany"] (Passed after 248ms)&#xD;
  STEP 2/5: AND Given the vacancy in the company...&#xD;
  STEP 2/5: AND Given the vacancy in the company (Passed after 374ms)&#xD;
  STEP 3/5: AND Given the requests from list priority [requestPriorities: "Unknown"]...&#xD;
  STEP 3/5: AND Given the requests from list priority [requestPriorities: "Unknown"] (Passed after 385ms)&#xD;
  STEP 4/5: WHEN When calculation priority...&#xD;
  STEP 4/5: WHEN When calculation priority (Passed after 1s 213ms)&#xD;
  STEP 5/5: THEN Then vacancy priority "Unknown" equal...&#xD;
  STEP 5/5: THEN Then vacancy priority "Unknown" equal (Passed after 56ms)&#xD;
  SCENARIO RESULT: Passed after 2s 293ms</StdOut>
      </Output>
    </UnitTestResult>
    <UnitTestResult executionId="b3c7fcb1-9878-4a8c-ab27-9ddf639321e5" testId="fba06a8a-b572-e10f-39c3-602938f7b903" testName="Skillaz.Tests.OrgUnit.OrgUnitExternalIdTests.Test_candidateProfile_update_with_existed_externalId" computerName="DESKTOP-F6SKA47" duration="00:00:00.0010000" startTime="2021-12-16T16:24:39.1152571+03:00" endTime="2021-12-16T16:24:39.1152586+03:00" testType="13cdc9d9-ddb5-4fa4-a97d-d965ccfc6d4b" outcome="NotExecuted" testListId="8c84fa94-04c1-424b-9868-57a2d4851a1d" relativeResultsDirectory="b3c7fcb1-9878-4a8c-ab27-9ddf639321e5">
      <Output>
        <StdOut>Нужно переделать этап Given_dm_configuration, не завязываться на авилон</StdOut>
      </Output>
    </UnitTestResult>
    <UnitTestResult executionId="df912544-45be-4184-9aec-eb692ae8a568" testId="ae9c63fa-3110-1c38-2a1c-cad78a1a2a82" testName="Skillaz.Tests.Configurator.DocumentModel.DataTypes.Проверить_разные_типы_полей" computerName="DESKTOP-F6SKA47" duration="00:00:20.0036932" startTime="2021-12-16T16:18:53.4217862+03:00" endTime="2021-12-16T16:18:53.4217905+03:00" testType="13cdc9d9-ddb5-4fa4-a97d-d965ccfc6d4b" outcome="Passed" testListId="8c84fa94-04c1-424b-9868-57a2d4851a1d" relativeResultsDirectory="df912544-45be-4184-9aec-eb692ae8a568">
      <Output>
        <StdOut>SCENARIO: Проверить разные типы полей&#xD;
  STEP 1/7: GIVEN a company...&#xD;
  STEP 1/7: GIVEN a company (Passed after 104ms)&#xD;
  STEP 2/7: AND the authenticated user...&#xD;
  STEP 2/7: AND the authenticated user (Passed after 296ms)&#xD;
  STEP 3/7: AND the vacancy in the company...&#xD;
  STEP 3/7: AND the vacancy in the company (Passed after 166ms)&#xD;
  STEP 4/7: Load city and region references...&#xD;
  STEP 4/7: Load city and region references (Passed after 431ms)&#xD;
  STEP 5/7: Загрузить тестовые данные...&#xD;
  STEP 5/7: Загрузить тестовые данные (Passed after 841ms)&#xD;
  STEP 6/7: Определить модель с разными типами полей...&#xD;
  STEP 6/7: Определить модель с разными типами полей (Passed after 3s 477ms)&#xD;
  STEP 7/7: Проверить что модель создается и поля правильные...&#xD;
  STEP 7/7: Проверить что модель создается и поля правильные (Passed after 13s 674ms)&#xD;
  SCENARIO RESULT: Passed after 19s 013ms</StdOut>
      </Output>
    </UnitTestResult>
    <UnitTestResult executionId="2520a581-2cd5-4e1d-be29-ce655c4ae691" testId="695a69c9-264c-d1c5-2032-535ef4bf39f9" testName="Skillaz.Tests.CompanySpecific.X5.Naumen.NaumenSlaTests.Sla_calculates_correctly_for_split_days(candidateTimeZone: 11, sla: 04:00:00, startDate: 2019-12-31T07:00:00.0000000Z, truth: [NaumenTimeRange { From = &quot;2019-12-31 10:00:00&quot;, To = &quot;2019-12-31 12:00:00&quot; }, NaumenTimeRange { From = &quot;2020-01-01 07:00:00&quot;, To = &quot;2020-01-01 09:00:00&quot; }])" computerName="DESKTOP-F6SKA47" duration="00:00:00.0000444" startTime="2021-12-16T16:16:29.0363680+03:00" endTime="2021-12-16T16:16:29.0363779+03:00" testType="13cdc9d9-ddb5-4fa4-a97d-d965ccfc6d4b" outcome="Passed" testListId="8c84fa94-04c1-424b-9868-57a2d4851a1d" relativeResultsDirectory="2520a581-2cd5-4e1d-be29-ce655c4ae691" />
    <UnitTestResult executionId="5026ffba-1b0d-4bda-9070-a0e0e46df339" testId="1dcc38d3-8a48-20b6-ec26-f6fc7590594b" testName="Skillaz.Tests.DocumentModels.DocumentModel_SettingPreviewUrlForAttachments.Check_than_preview_url_set_in_attachment_for_view_model_single_attach_in_explicit_field" computerName="DESKTOP-F6SKA47" duration="00:00:02.3586370" startTime="2021-12-16T16:25:47.2722003+03:00" endTime="2021-12-16T16:25:47.2722036+03:00" testType="13cdc9d9-ddb5-4fa4-a97d-d965ccfc6d4b" outcome="Passed" testListId="8c84fa94-04c1-424b-9868-57a2d4851a1d" relativeResultsDirectory="5026ffba-1b0d-4bda-9070-a0e0e46df339">
      <Output>
        <StdOut>SCENARIO: Check than preview url set in attachment for view model single attach in explicit field&#xD;
  STEP 1/6: GIVEN a company...&#xD;
  STEP 1/6: GIVEN a company (Passed after 326ms)&#xD;
  STEP 2/6: AND the authenticated user...&#xD;
  STEP 2/6: AND the authenticated user (Passed after 522ms)&#xD;
  STEP 3/6: AND a test model...&#xD;
  STEP 3/6: AND a test model (Passed after 185ms)&#xD;
  STEP 4/6: AND a test document model...&#xD;
  STEP 4/6: AND a test document model (Passed after 1ms)&#xD;
  STEP 5/6: WHEN model converting to view model [fieldKey: "SingleExplicitAttachment"] [isMultiply: "False"]...&#xD;
  STEP 5/6: WHEN model converting to view model [fieldKey: "SingleExplicitAttachment"] [isMultiply: "False"] (Passed after 480ms)&#xD;
  STEP 6/6: THEN attached file in view model have filled preview url...&#xD;
  STEP 6/6: THEN attached file in view model have filled preview url (Passed after &lt;1ms)&#xD;
  SCENARIO RESULT: Passed after 1s 531ms</StdOut>
      </Output>
    </UnitTestResult>
    <UnitTestResult executionId="c29c586b-c8fe-4200-8e09-ec2ce03f3cf6" testId="171f3c10-d863-8784-c5cb-db5f27841899" testName="Skillaz.Tests.Candidate.Checks.MultipleRunChecks_feature.Fail_when_run_single_check_twice" computerName="DESKTOP-F6SKA47" duration="00:00:13.1355244" startTime="2021-12-16T16:29:02.5454507+03:00" endTime="2021-12-16T16:29:02.5454532+03:00" testType="13cdc9d9-ddb5-4fa4-a97d-d965ccfc6d4b" outcome="Passed" testListId="8c84fa94-04c1-424b-9868-57a2d4851a1d" relativeResultsDirectory="c29c586b-c8fe-4200-8e09-ec2ce03f3cf6">
      <Output>
        <StdOut>SCENARIO: Fail when run single check twice&#xD;
  STEP 1/8: GIVEN a company...&#xD;
  STEP 1/8: GIVEN a company (Passed after 3s 512ms)&#xD;
  STEP 2/8: AND the vacancy in the company...&#xD;
  STEP 2/8: AND the vacancy in the company (Passed after 3s 617ms)&#xD;
  STEP 3/8: AND the authenticated user...&#xD;
  STEP 3/8: AND the authenticated user (Passed after 182ms)&#xD;
  STEP 4/8: AND a funnel...&#xD;
  STEP 4/8: AND a funnel (Passed after 114ms)&#xD;
  STEP 5/8: AND client configuration with checks workflow and model...&#xD;
  STEP 5/8: AND client configuration with checks workflow and model (Passed after 1s 063ms)&#xD;
  STEP 6/8: AND a candidate without check...&#xD;
  STEP 6/8: AND a candidate without check (Passed after 246ms)&#xD;
  STEP 7/8: WHEN single check is started...&#xD;
  STEP 7/8: WHEN single check is started (Passed after 1s 064ms)&#xD;
  STEP 8/8: THEN running another single check throws an exception...&#xD;
  STEP 8/8: THEN running another single check throws an exception (Passed after 2s 961ms)&#xD;
  SCENARIO RESULT: Passed after 12s 769ms</StdOut>
      </Output>
    </UnitTestResult>
    <UnitTestResult executionId="6db6ebe9-f99f-4e53-96a1-c35d0ef382de" testId="d82b29d6-a845-5b99-7d4c-77ec17dee196" testName="Skillaz.Tests.CompanySpecific.Mvideo.MvideoAvaliablePositionsRequestWithAdvancedSearch_feature.Check_avaliable_positions_request_with_advanced_search(staffCount: 6, employeesCount: 1, approvedCounts: [4], expected: (0, 4))" computerName="DESKTOP-F6SKA47" duration="00:00:00.0010000" startTime="2021-12-16T16:29:48.1206292+03:00" endTime="2021-12-16T16:29:48.1206340+03:00" testType="13cdc9d9-ddb5-4fa4-a97d-d965ccfc6d4b" outcome="NotExecuted" testListId="8c84fa94-04c1-424b-9868-57a2d4851a1d" relativeResultsDirectory="6db6ebe9-f99f-4e53-96a1-c35d0ef382de">
      <Output>
        <StdOut>Вернуть как только поправим высчитывание заявок на поиск в mvideo</StdOut>
      </Output>
    </UnitTestResult>
    <UnitTestResult executionId="49b37b03-aee9-4c34-b533-e0c459bb2678" testId="b9695c5f-f172-0bae-a1c8-1867505643a1" testName="Skillaz.Tests.Configurator.DocumentModel.LimitUserTypeFeature.Проверить_настройку_значений_по_умолчанию" computerName="DESKTOP-F6SKA47" duration="00:00:07.5733587" startTime="2021-12-16T16:19:07.8556687+03:00" endTime="2021-12-16T16:19:07.8556749+03:00" testType="13cdc9d9-ddb5-4fa4-a97d-d965ccfc6d4b" outcome="Passed" testListId="8c84fa94-04c1-424b-9868-57a2d4851a1d" relativeResultsDirectory="49b37b03-aee9-4c34-b533-e0c459bb2678">
      <Output>
        <StdOut>SCENARIO: Проверить настройку значений по умолчанию&#xD;
  STEP 1/6: GIVEN a company...&#xD;
  STEP 1/6: GIVEN a company (Passed after 224ms)&#xD;
  STEP 2/6: AND the authenticated user...&#xD;
  STEP 2/6: AND the authenticated user (Passed after 390ms)&#xD;
  STEP 3/6: Определить модель вакансии...&#xD;
  STEP 3/6: Определить модель вакансии (Passed after 1s 030ms)&#xD;
  STEP 4/6: Определить модель заявки с ссылкой на вакансию...&#xD;
  STEP 4/6: Определить модель заявки с ссылкой на вакансию (Passed after 222ms)&#xD;
  STEP 5/6: Создать документы...&#xD;
  STEP 5/6: Создать документы (Passed after 930ms)&#xD;
  STEP 6/6: Проверить модель заявки...&#xD;
  STEP 6/6: Проверить модель заявки (Passed after 4s 070ms)&#xD;
  SCENARIO RESULT: Passed after 6s 905ms</StdOut>
      </Output>
    </UnitTestResult>
    <UnitTestResult executionId="a8f7ac9c-c832-433a-acdd-ebe1a34f875b" testId="3303c4bb-06bc-262c-6ff3-2cff1ccd9398" testName="Skillaz.Tests.OpenApi.OpenApiPipelines_feature.Candidate_Pipelines_is_Not_Empty" computerName="DESKTOP-F6SKA47" duration="00:00:08.3462348" startTime="2021-12-16T16:17:47.9167929+03:00" endTime="2021-12-16T16:17:47.9168028+03:00" testType="13cdc9d9-ddb5-4fa4-a97d-d965ccfc6d4b" outcome="Passed" testListId="8c84fa94-04c1-424b-9868-57a2d4851a1d" relativeResultsDirectory="a8f7ac9c-c832-433a-acdd-ebe1a34f875b">
      <Output>
        <StdOut>SCENARIO: Candidate Pipelines is Not Empty&#xD;
  STEP 1/9: GIVEN a company...&#xD;
  STEP 1/9: GIVEN a company (Passed after 182ms)&#xD;
  STEP 2/9: AND the authenticated user...&#xD;
  STEP 2/9: AND the authenticated user (Passed after 324ms)&#xD;
  STEP 3/9: AND the vacancy in the company...&#xD;
  STEP 3/9: AND the vacancy in the company (Passed after 79ms)&#xD;
  STEP 4/9: AND DM...&#xD;
  STEP 4/9: AND DM (Passed after 255ms)&#xD;
  STEP 5/9: AND the requared documents...&#xD;
  STEP 5/9: AND the requared documents (Passed after 1s 676ms)&#xD;
  STEP 6/9: AND a piplines...&#xD;
  STEP 6/9: AND a piplines (Passed after 112ms)&#xD;
  STEP 7/9: WHEN make CandidateCompactView...&#xD;
  STEP 7/9: WHEN make CandidateCompactView (Passed after 2s 473ms)&#xD;
  STEP 8/9: THEN Check CompactView with pipes...&#xD;
  STEP 8/9: THEN Check CompactView with pipes (Passed after 2s 904ms)&#xD;
  STEP 9/9: AND Check CompactView without pipes...&#xD;
  STEP 9/9: AND Check CompactView without pipes (Passed after 29ms)&#xD;
  SCENARIO RESULT: Passed after 8s 044ms</StdOut>
      </Output>
    </UnitTestResult>
    <UnitTestResult executionId="378596e9-4860-4a0d-b2ce-90f72b8a37c9" testId="796faefe-b01b-105f-d11b-bff838eb16c7" testName="Skillaz.Tests.Assessment.Interviews.BranchTrackInteriew_feature.Getting_a_branch_track_interview_result" computerName="DESKTOP-F6SKA47" duration="00:00:04.0299878" startTime="2021-12-16T16:26:01.1280294+03:00" endTime="2021-12-16T16:26:01.1280348+03:00" testType="13cdc9d9-ddb5-4fa4-a97d-d965ccfc6d4b" outcome="Passed" testListId="8c84fa94-04c1-424b-9868-57a2d4851a1d" relativeResultsDirectory="378596e9-4860-4a0d-b2ce-90f72b8a37c9">
      <Output>
        <StdOut>SCENARIO: Getting a branch track interview result&#xD;
  STEP 1/5: GIVEN a candidate in a vacancy in a company...&#xD;
  STEP 1/5: GIVEN a candidate in a vacancy in a company (Passed after 627ms)&#xD;
  STEP 2/5: AND the authenticated user...&#xD;
  STEP 2/5: AND the authenticated user (Passed after 1s 051ms)&#xD;
  STEP 3/5: AND the interview...&#xD;
  STEP 3/5: AND the interview (Passed after 132ms)&#xD;
  STEP 4/5: WHEN a branch track interview result is requested...&#xD;
  STEP 4/5: WHEN a branch track interview result is requested (Passed after 1s 662ms)&#xD;
  STEP 5/5: THEN a branch track interview result should be retrieved...&#xD;
  STEP 5/5: THEN a branch track interview result should be retrieved (Passed after &lt;1ms)&#xD;
  SCENARIO RESULT: Passed after 3s 478ms</StdOut>
      </Output>
    </UnitTestResult>
    <UnitTestResult executionId="e61c5240-9cc4-4a63-a162-8fee9a29b888" testId="39bbe88c-a5a1-69b6-0e18-a75bb02edd6c" testName="Skillaz.Tests.CompanySpecific.X5.Naumen.NaumenSlaTests.Sla_calculates_correctly_within_one_day(candidateTimeZone: 8, sla: 05:00:00, startDate: 2019-12-31T07:00:00.0000000Z, truth: [NaumenTimeRange { From = &quot;2019-12-31 10:00:00&quot;, To = &quot;2019-12-31 15:00:00&quot; }])" computerName="DESKTOP-F6SKA47" duration="00:00:00.0000557" startTime="2021-12-16T16:16:29.0227460+03:00" endTime="2021-12-16T16:16:29.0227467+03:00" testType="13cdc9d9-ddb5-4fa4-a97d-d965ccfc6d4b" outcome="Passed" testListId="8c84fa94-04c1-424b-9868-57a2d4851a1d" relativeResultsDirectory="e61c5240-9cc4-4a63-a162-8fee9a29b888" />
    <UnitTestResult executionId="72bc5815-febd-4bb3-bbb7-260321ca946f" testId="70f7869c-306e-08e8-03ad-919ef2f6f84b" testName="Skillaz.Tests.Helpers.TimeBoundariesHelperFeature.SubtractHours(lower: 1, upper: 23, timeZone: 3, results: [0, 20, 22, 24])" computerName="DESKTOP-F6SKA47" duration="00:00:00.0333967" startTime="2021-12-16T16:16:29.9768134+03:00" endTime="2021-12-16T16:16:29.9768140+03:00" testType="13cdc9d9-ddb5-4fa4-a97d-d965ccfc6d4b" outcome="Passed" testListId="8c84fa94-04c1-424b-9868-57a2d4851a1d" relativeResultsDirectory="72bc5815-febd-4bb3-bbb7-260321ca946f" />
    <UnitTestResult executionId="621fe317-17a9-45fa-9f02-b1d44bd219f4" testId="695a69c9-264c-d1c5-2032-535ef4bf39f9" testName="Skillaz.Tests.CompanySpecific.X5.Naumen.NaumenSlaTests.Sla_calculates_correctly_for_split_days(candidateTimeZone: 8, sla: 04:00:00, startDate: 2019-12-31T10:00:00.0000000Z, truth: [NaumenTimeRange { From = &quot;2019-12-31 13:00:00&quot;, To = &quot;2019-12-31 15:00:00&quot; }, NaumenTimeRange { From = &quot;2020-01-01 07:00:00&quot;, To = &quot;2020-01-01 09:00:00&quot; }])" computerName="DESKTOP-F6SKA47" duration="00:00:00.0000492" startTime="2021-12-16T16:16:29.0087173+03:00" endTime="2021-12-16T16:16:29.0087177+03:00" testType="13cdc9d9-ddb5-4fa4-a97d-d965ccfc6d4b" outcome="Passed" testListId="8c84fa94-04c1-424b-9868-57a2d4851a1d" relativeResultsDirectory="621fe317-17a9-45fa-9f02-b1d44bd219f4" />
    <UnitTestResult executionId="b3f3ea42-169d-44ed-9262-f02c6b65751d" testId="df1fd4e8-6746-edbc-bc7b-5ad4f673c9a3" testName="Skillaz.Tests.Assessment.Interviews.SelfEntryInterview_feature.Switching_self_entry_interview_by_request_to_next_not_last_step" computerName="DESKTOP-F6SKA47" duration="00:00:17.5701559" startTime="2021-12-16T16:19:43.5244494+03:00" endTime="2021-12-16T16:19:43.5244532+03:00" testType="13cdc9d9-ddb5-4fa4-a97d-d965ccfc6d4b" outcome="Passed" testListId="8c84fa94-04c1-424b-9868-57a2d4851a1d" relativeResultsDirectory="b3f3ea42-169d-44ed-9262-f02c6b65751d">
      <Output>
        <StdOut>SCENARIO: Switching self entry interview by request to next not last step&#xD;
  STEP 1/8: GIVEN a candidate in a vacancy in a orgUnit in a company...&#xD;
  STEP 1/8: GIVEN a candidate in a vacancy in a orgUnit in a company (Passed after 2s 236ms)&#xD;
  STEP 2/8: AND the request...&#xD;
  STEP 2/8: AND the request (Passed after 521ms)&#xD;
  STEP 3/8: AND the one timeslot...&#xD;
  STEP 3/8: AND the one timeslot (Passed after 1s 008ms)&#xD;
  STEP 4/8: AND the interview many steps [timeSlotSource: "HireRequest"]...&#xD;
  STEP 4/8: AND the interview many steps [timeSlotSource: "HireRequest"] (Passed after 2s 442ms)&#xD;
  STEP 5/8: WHEN self entry answer set for request...&#xD;
  STEP 5/8: WHEN self entry answer set for request (Passed after 5s 953ms)&#xD;
  STEP 6/8: THEN the candidate note is added...&#xD;
  STEP 6/8: THEN the candidate note is added (Passed after 94ms)&#xD;
  STEP 7/8: AND self entry interview switches to next step...&#xD;
  STEP 7/8: AND self entry interview switches to next step (Passed after 69ms)&#xD;
  STEP 8/8: AND self entry answer is saved for request and timeslot...&#xD;
  STEP 8/8: AND self entry answer is saved for request and timeslot (Passed after 86ms)&#xD;
  SCENARIO RESULT: Passed after 12s 441ms</StdOut>
      </Output>
    </UnitTestResult>
    <UnitTestResult executionId="253ed5c6-8924-4321-a0b4-7c500696d17c" testId="78b96fbf-9b5c-b48c-611e-fb5f68dd7c98" testName="Skillaz.Tests.CompanySpecific.GazpromNeft.GazpromImportBlueReport_feature.Change_position_count_request_where_position_count_greater_than_zero_and_less_fact" computerName="DESKTOP-F6SKA47" duration="00:01:07.3751956" startTime="2021-12-16T16:28:52.9125055+03:00" endTime="2021-12-16T16:28:52.9125070+03:00" testType="13cdc9d9-ddb5-4fa4-a97d-d965ccfc6d4b" outcome="Passed" testListId="8c84fa94-04c1-424b-9868-57a2d4851a1d" relativeResultsDirectory="253ed5c6-8924-4321-a0b4-7c500696d17c">
      <Output>
        <StdOut>SCENARIO: Change position count request where position count greater than zero and less fact&#xD;
  STEP 1/8: GIVEN a company [companyId: "kdaigswiuJNh8Tvsp"]...&#xD;
  STEP 1/8: GIVEN a company [companyId: "kdaigswiuJNh8Tvsp"] (Passed after 145ms)&#xD;
  STEP 2/8: AND the authenticated user...&#xD;
  STEP 2/8: AND the authenticated user (Passed after 581ms)&#xD;
  STEP 3/8: AND the upload rows [staffUnitNum: "1211"] [clusterName: "АО "Газпромнефть-Урал""] [azsName: "АЗС № 152"] [requestCount: "2"]...&#xD;
  STEP 3/8: AND the upload rows [staffUnitNum: "1211"] [clusterName: "АО "Газпромнефть-Урал""] [azsName: "АЗС № 152"] [requestCount: "2"] (Passed after 7s 499ms)&#xD;
  STEP 4/8: AND the vacancy and request [modelTest: "Skillaz.Tests.CompanySpecific.GazpromNeft.GazpromImportBlueReport_feature+GazpromBlueReportModelTest"] [positionCount: "4"]...&#xD;
  STEP 4/8: AND the vacancy and request [modelTest: "Skillaz.Tests.CompanySpecific.GazpromNeft.GazpromImportBlueReport_feature+GazpromBlueReportModelTest"] [positionCount: "4"] (Passed after 14s 211ms)&#xD;
  STEP 5/8: AND the prepare xlsx file...&#xD;
  STEP 5/8: AND the prepare xlsx file (Passed after 1s 540ms)&#xD;
  STEP 6/8: WHEN upload xlsx file...&#xD;
  STEP 6/8: WHEN upload xlsx file (Passed after 31s 071ms)&#xD;
  STEP 7/8: Ensure change request count by type [inspectCount: "2"] [state: "Cancelled"]...&#xD;
  STEP 7/8: Ensure change request count by type [inspectCount: "2"] [state: "Cancelled"] (Passed after 3s 557ms)&#xD;
  STEP 8/8: Ensure change request count by type [inspectCount: "2"] [state: "InWork"]...&#xD;
  STEP 8/8: Ensure change request count by type [inspectCount: "2"] [state: "InWork"] (Passed after 1s 844ms)&#xD;
  SCENARIO RESULT: Passed after 1m 02s</StdOut>
      </Output>
    </UnitTestResult>
    <UnitTestResult executionId="493128d8-c494-4a95-bb3e-9df02cc8be9a" testId="2779de1e-17f9-2e49-dc7a-4a14d38eb33c" testName="Skillaz.Tests.CompanySpecific.Mvideo.MvideoProfRolesAssign_feature.Assign_roles_of_users_which_already_have_correct_roles" computerName="DESKTOP-F6SKA47" duration="00:00:00.0010000" startTime="2021-12-16T16:24:47.0398819+03:00" endTime="2021-12-16T16:24:47.0398837+03:00" testType="13cdc9d9-ddb5-4fa4-a97d-d965ccfc6d4b" outcome="NotExecuted" testListId="8c84fa94-04c1-424b-9868-57a2d4851a1d" relativeResultsDirectory="493128d8-c494-4a95-bb3e-9df02cc8be9a">
      <Output>
        <StdOut>Не актуально, проф заявка в кфг и логика отличается</StdOut>
      </Output>
    </UnitTestResult>
    <UnitTestResult executionId="b1859a9b-69d8-4ef5-a4d0-5138174b8d9a" testId="f4eedf87-f05c-b5bc-a3bd-b8babc465d59" testName="Skillaz.Tests.DocumentModels.DocumentModel_AvailableValues_feature.Set_value_that_is_in_availableValues" computerName="DESKTOP-F6SKA47" duration="00:00:00.0010000" startTime="2021-12-16T16:22:00.5658731+03:00" endTime="2021-12-16T16:22:00.5658810+03:00" testType="13cdc9d9-ddb5-4fa4-a97d-d965ccfc6d4b" outcome="NotExecuted" testListId="8c84fa94-04c1-424b-9868-57a2d4851a1d" relativeResultsDirectory="b1859a9b-69d8-4ef5-a4d0-5138174b8d9a">
      <Output>
        <StdOut>DM not ready yet</StdOut>
      </Output>
    </UnitTestResult>
    <UnitTestResult executionId="468f347c-54d1-4f14-bf65-f90263c974ce" testId="13b912b3-a86c-3f3d-cf2e-9176feafa2b6" testName="Skillaz.Tests.TaskTracker.TaskDashboardController_feature.OpenTask(assigneeUser: null, status: OK, addHours: -1, taskStatus: Created)" computerName="DESKTOP-F6SKA47" duration="00:00:17.7631422" startTime="2021-12-16T16:30:05.0458280+03:00" endTime="2021-12-16T16:30:05.0458300+03:00" testType="13cdc9d9-ddb5-4fa4-a97d-d965ccfc6d4b" outcome="Passed" testListId="8c84fa94-04c1-424b-9868-57a2d4851a1d" relativeResultsDirectory="468f347c-54d1-4f14-bf65-f90263c974ce">
      <Output>
        <StdOut>SCENARIO: OpenTask [assigneeUser: "&lt;null&gt;"] [status: "OK"] [addHours: "-1"] [taskStatus: "Created"]&#xD;
  STEP 1/9: GIVEN Given a company...&#xD;
  STEP 1/9: GIVEN Given a company (Passed after 413ms)&#xD;
  STEP 2/9: AND Given a client configuration...&#xD;
  STEP 2/9: AND Given a client configuration (Passed after 1ms)&#xD;
  STEP 3/9: AND Given the authenticated user...&#xD;
  STEP 3/9: AND Given the authenticated user (Passed after 4s 009ms)&#xD;
  STEP 4/9: AND Given a user...&#xD;
  STEP 4/9: AND Given a user (Passed after 2s 125ms)&#xD;
  STEP 5/9: AND Given a funnel...&#xD;
  STEP 5/9: AND Given a funnel (Passed after 168ms)&#xD;
  STEP 6/9: AND Given a candidate...&#xD;
  STEP 6/9: AND Given a candidate (Passed after 2s 120ms)&#xD;
  STEP 7/9: AND Given a tasks open [assigneeUser: "&lt;null&gt;"] [activationTime: "12/16/2021 15:29:47"] [taskStatus: "Created"]...&#xD;
  STEP 7/9: AND Given a tasks open [assigneeUser: "&lt;null&gt;"] [activationTime: "12/16/2021 15:29:47"] [taskStatus: "Created"] (Passed after 154ms)&#xD;
  STEP 8/9: WHEN When OpenTask...&#xD;
  STEP 8/9: WHEN When OpenTask (Passed after 828ms)&#xD;
  STEP 9/9: THEN Then OpenTask OpenTaskResponse [status: "OK"]...&#xD;
  STEP 9/9: THEN Then OpenTask OpenTaskResponse [status: "OK"] (Passed after 284ms)&#xD;
  SCENARIO RESULT: Passed after 10s 154ms</StdOut>
      </Output>
    </UnitTestResult>
    <UnitTestResult executionId="a66fc42a-2698-420a-989f-32ac3d19d0e5" testId="339a2ef7-fc8d-5e49-5202-a9bb30f3de57" testName="Skillaz.Tests.Candidate.CandidateVacancyHistory_feature.Когда_кандидат_с_кривой_историей_переводится_на_другую_ванкасию_это_отражается_в_истории" computerName="DESKTOP-F6SKA47" duration="00:00:08.1004393" startTime="2021-12-16T16:25:15.7336291+03:00" endTime="2021-12-16T16:25:15.7336320+03:00" testType="13cdc9d9-ddb5-4fa4-a97d-d965ccfc6d4b" outcome="Passed" testListId="8c84fa94-04c1-424b-9868-57a2d4851a1d" relativeResultsDirectory="a66fc42a-2698-420a-989f-32ac3d19d0e5">
      <Output>
        <StdOut>SCENARIO: Когда кандидат с кривой историей переводится на другую ванкасию это отражается в истории&#xD;
  STEP 1/7: GIVEN a company...&#xD;
  STEP 1/7: GIVEN a company (Passed after 176ms)&#xD;
  STEP 2/7: AND the authenticated user...&#xD;
  STEP 2/7: AND the authenticated user (Passed after 289ms)&#xD;
  STEP 3/7: Дана вакансия...&#xD;
  STEP 3/7: Дана вакансия (Passed after 196ms)&#xD;
  STEP 4/7: Дана вакансия для трансфера...&#xD;
  STEP 4/7: Дана вакансия для трансфера (Passed after 1ms)&#xD;
  STEP 5/7: Дан кандидат с кривой историей вакансий...&#xD;
  STEP 5/7: Дан кандидат с кривой историей вакансий (Passed after 266ms)&#xD;
  STEP 6/7: Когда кандидат переводится на вакансию...&#xD;
  STEP 6/7: Когда кандидат переводится на вакансию (Passed after 6s 116ms)&#xD;
  STEP 7/7: Проверить что в истории вакансий кандидата есть информация о том что кандидат покинул вакансию а старая информация не потерялась...&#xD;
  STEP 7/7: Проверить что в истории вакансий кандидата есть информация о том что кандидат покинул вакансию а старая информация не потерялась (Passed after 1ms)&#xD;
  SCENARIO RESULT: Passed after 7s 052ms</StdOut>
      </Output>
    </UnitTestResult>
    <UnitTestResult executionId="479cce43-6cb3-4e6f-817c-5b56b98749ce" testId="bbad7a3b-1b0a-bdd4-78ed-7d5fcd04c57d" testName="Skillaz.Tests.Mongo.Enums.MongoDictionaryTest_feature.Success" computerName="DESKTOP-F6SKA47" duration="00:00:06.4926778" startTime="2021-12-16T16:17:31.6873694+03:00" endTime="2021-12-16T16:17:31.6873729+03:00" testType="13cdc9d9-ddb5-4fa4-a97d-d965ccfc6d4b" outcome="Passed" testListId="8c84fa94-04c1-424b-9868-57a2d4851a1d" relativeResultsDirectory="479cce43-6cb3-4e6f-817c-5b56b98749ce">
      <Output>
        <StdOut>SCENARIO: Success&#xD;
  STEP 1/1: GIVEN document with correct enum values...&#xD;
  STEP 1/1: GIVEN document with correct enum values (Passed after 6s 419ms)&#xD;
  SCENARIO RESULT: Passed after 6s 421ms</StdOut>
      </Output>
    </UnitTestResult>
    <UnitTestResult executionId="1d6e52a8-84ff-4e14-9aab-16d077277b25" testId="de5a4d9c-3584-4854-ecf2-b188aaa5a1d1" testName="Skillaz.Tests.Assessment.Interviews.QuizInterview_feature.Getting_a_quiz_interview" computerName="DESKTOP-F6SKA47" duration="00:00:12.9080651" startTime="2021-12-16T16:29:16.3196048+03:00" endTime="2021-12-16T16:29:16.3196091+03:00" testType="13cdc9d9-ddb5-4fa4-a97d-d965ccfc6d4b" outcome="Passed" testListId="8c84fa94-04c1-424b-9868-57a2d4851a1d" relativeResultsDirectory="1d6e52a8-84ff-4e14-9aab-16d077277b25">
      <Output>
        <StdOut>SCENARIO: Getting a quiz interview&#xD;
  STEP 1/4: GIVEN a candidate in a vacancy in a company...&#xD;
  STEP 1/4: GIVEN a candidate in a vacancy in a company (Passed after 2s 622ms)&#xD;
  STEP 2/4: AND the interview...&#xD;
  STEP 2/4: AND the interview (Passed after 3s 360ms)&#xD;
  STEP 3/4: WHEN a quiz interview is requested...&#xD;
  STEP 3/4: WHEN a quiz interview is requested (Passed after 5s 136ms)&#xD;
  STEP 4/4: THEN a quiz interview should be retrieved...&#xD;
  STEP 4/4: THEN a quiz interview should be retrieved (Passed after 10ms)&#xD;
  SCENARIO RESULT: Passed after 11s 227ms</StdOut>
      </Output>
    </UnitTestResult>
    <UnitTestResult executionId="06b335da-332e-48a3-b492-f3765027f9a7" testId="20f1799f-03e9-bb14-3e43-7248b02b91ce" testName="Skillaz.Tests.Validators.ListSizeFieldValidator_feature.Should_show_overriden_list_smaller_error_message_when_validate" computerName="DESKTOP-F6SKA47" duration="00:00:00.0296214" startTime="2021-12-16T16:28:34.3013164+03:00" endTime="2021-12-16T16:28:34.3013190+03:00" testType="13cdc9d9-ddb5-4fa4-a97d-d965ccfc6d4b" outcome="Passed" testListId="8c84fa94-04c1-424b-9868-57a2d4851a1d" relativeResultsDirectory="06b335da-332e-48a3-b492-f3765027f9a7">
      <Output>
        <StdOut>SCENARIO: Should show overriden list smaller error message when validate&#xD;
  STEP 1/6: GIVEN min size equals one...&#xD;
  STEP 1/6: GIVEN min size equals one (Passed after &lt;1ms)&#xD;
  STEP 2/6: AND ListSizeFieldValidator with overriden error messages...&#xD;
  STEP 2/6: AND ListSizeFieldValidator with overriden error messages (Passed after &lt;1ms)&#xD;
  STEP 3/6: AND document with empty string list field...&#xD;
  STEP 3/6: AND document with empty string list field (Passed after &lt;1ms)&#xD;
  STEP 4/6: Run validator...&#xD;
  STEP 4/6: Run validator (Passed after &lt;1ms)&#xD;
  STEP 5/6: Assert result is not valid...&#xD;
  STEP 5/6: Assert result is not valid (Passed after &lt;1ms)&#xD;
  STEP 6/6: Assert overriden list smaller error message in validation result...&#xD;
  STEP 6/6: Assert overriden list smaller error message in validation result (Passed after &lt;1ms)&#xD;
  SCENARIO RESULT: Passed after 2ms</StdOut>
      </Output>
    </UnitTestResult>
    <UnitTestResult executionId="d874d6a3-7460-4efe-b76f-4a7c24ecae57" testId="c8dec1fe-e953-550b-8aa8-ed29a48df41e" testName="Skillaz.Tests.Publication.VacancyPublicationRule_feature.Vacancy_publication_rule_publish_second_time_when_linked_one_is_archived" computerName="DESKTOP-F6SKA47" duration="00:00:22.8266012" startTime="2021-12-16T16:27:16.4088388+03:00" endTime="2021-12-16T16:27:16.4088412+03:00" testType="13cdc9d9-ddb5-4fa4-a97d-d965ccfc6d4b" outcome="Passed" testListId="8c84fa94-04c1-424b-9868-57a2d4851a1d" relativeResultsDirectory="d874d6a3-7460-4efe-b76f-4a7c24ecae57">
      <Output>
        <StdOut>SCENARIO: Vacancy publication rule publish second time when linked one is archived&#xD;
  STEP 1/15: GIVEN a company...&#xD;
  STEP 1/15: GIVEN a company (Passed after 7s 185ms)&#xD;
  STEP 2/15: AND the authenticated user...&#xD;
  STEP 2/15: AND the authenticated user (Passed after 291ms)&#xD;
  STEP 3/15: AND the vacancy in the company...&#xD;
  STEP 3/15: AND the vacancy in the company (Passed after 111ms)&#xD;
  STEP 4/15: AND request without hh publication...&#xD;
  STEP 4/15: AND request without hh publication (Passed after 119ms)&#xD;
  STEP 5/15: AND hh account...&#xD;
  STEP 5/15: AND hh account (Passed after 77ms)&#xD;
  STEP 6/15: AND hh publication template [requestName: "request1"]...&#xD;
  STEP 6/15: AND hh publication template [requestName: "request1"] (Passed after 188ms)&#xD;
  STEP 7/15: AND active hh publication rule...&#xD;
  STEP 7/15: AND active hh publication rule (Passed after 5s 187ms)&#xD;
  STEP 8/15: WHEN vacancy publication rule is triggered...&#xD;
  STEP 8/15: WHEN vacancy publication rule is triggered (Passed after 5s 847ms)&#xD;
  STEP 9/15: AND hh publication linked to request becomes archived...&#xD;
  STEP 9/15: AND hh publication linked to request becomes archived (Passed after 337ms)&#xD;
  STEP 10/15: GIVEN hh publication updatedtemplate [requestName: "request2"]...&#xD;
  STEP 10/15: GIVEN hh publication updatedtemplate [requestName: "request2"] (Passed after 596ms)&#xD;
  STEP 11/15: WHEN vacancy publication rule is triggered second time...&#xD;
  STEP 11/15: WHEN vacancy publication rule is triggered second time (Passed after 222ms)&#xD;
  STEP 12/15: THEN hh vacancy linked to request differs from first pass...&#xD;
  STEP 12/15: THEN hh vacancy linked to request differs from first pass (Passed after 31ms)&#xD;
  STEP 13/15: AND there is one successful publication attempt on second pass...&#xD;
  STEP 13/15: AND there is one successful publication attempt on second pass (Passed after &lt;1ms)&#xD;
  STEP 14/15: AND second pass publication attempt contains new hh publication...&#xD;
  STEP 14/15: AND second pass publication attempt contains new hh publication (Passed after 3ms)&#xD;
  STEP 15/15: AND rule is successfully finished...&#xD;
  STEP 15/15: AND rule is successfully finished (Passed after 4ms)&#xD;
  SCENARIO RESULT: Passed after 20s 221ms</StdOut>
      </Output>
    </UnitTestResult>
    <UnitTestResult executionId="d7777162-083d-4df8-83a2-8da98eddabc0" testId="b32694f2-e058-03db-6a3a-3ef6dd90ff8c" testName="Skillaz.Tests.Candidate.Comment.AddCandidateCommentCommand_feature.AddBySystem_check_notify_at" computerName="DESKTOP-F6SKA47" duration="00:00:03.1622871" startTime="2021-12-16T16:18:31.5749794+03:00" endTime="2021-12-16T16:18:31.5749850+03:00" testType="13cdc9d9-ddb5-4fa4-a97d-d965ccfc6d4b" outcome="Passed" testListId="8c84fa94-04c1-424b-9868-57a2d4851a1d" relativeResultsDirectory="d7777162-083d-4df8-83a2-8da98eddabc0">
      <Output>
        <StdOut>SCENARIO: AddBySystem check notify at&#xD;
  STEP 1/7: GIVEN a company...&#xD;
  STEP 1/7: GIVEN a company (Passed after 179ms)&#xD;
  STEP 2/7: AND the authenticated user...&#xD;
  STEP 2/7: AND the authenticated user (Passed after 529ms)&#xD;
  STEP 3/7: AND the vacancy in the company...&#xD;
  STEP 3/7: AND the vacancy in the company (Passed after 275ms)&#xD;
  STEP 4/7: AND a candidate...&#xD;
  STEP 4/7: AND a candidate (Passed after 245ms)&#xD;
  STEP 5/7: AND a note...&#xD;
  STEP 5/7: AND a note (Passed after 1ms)&#xD;
  STEP 6/7: WHEN add comment...&#xD;
  STEP 6/7: WHEN add comment (Passed after 1s 121ms)&#xD;
  STEP 7/7: Ensure NotifyAt time is correct...&#xD;
  STEP 7/7: Ensure NotifyAt time is correct (Passed after 2ms)&#xD;
  SCENARIO RESULT: Passed after 2s 359ms</StdOut>
      </Output>
    </UnitTestResult>
    <UnitTestResult executionId="449911d6-d236-4eb5-8649-ce8cba8bce9c" testId="77d442b9-eb2e-c518-1868-148e458303fd" testName="Skillaz.Tests.DocumentModels.FieldValueReferences.UpdateReferences.Проверить_что_в_документах_обновляются_ссылки_при_обновлении_ссылки" computerName="DESKTOP-F6SKA47" duration="00:00:35.8729850" startTime="2021-12-16T16:18:46.8118595+03:00" endTime="2021-12-16T16:18:46.8118631+03:00" testType="13cdc9d9-ddb5-4fa4-a97d-d965ccfc6d4b" outcome="Passed" testListId="8c84fa94-04c1-424b-9868-57a2d4851a1d" relativeResultsDirectory="449911d6-d236-4eb5-8649-ce8cba8bce9c">
      <Output>
        <StdOut>SCENARIO: Проверить что в документах обновляются ссылки при обновлении ссылки&#xD;
  STEP 1/14: GIVEN a company...&#xD;
  STEP 1/14: GIVEN a company (Passed after 157ms)&#xD;
  STEP 2/14: AND the authenticated user...&#xD;
  STEP 2/14: AND the authenticated user (Passed after 203ms)&#xD;
  STEP 3/14: Настроить конфигурацию документов...&#xD;
  STEP 3/14: Настроить конфигурацию документов (Passed after 3s 483ms)&#xD;
  STEP 4/14: Load city and region references...&#xD;
  STEP 4/14: Load city and region references (Passed after 194ms)&#xD;
  STEP 5/14: Создать тестовые данные...&#xD;
  STEP 5/14: Создать тестовые данные (Passed after 13s 151ms)&#xD;
  STEP 6/14: Создать тестовую заявку...&#xD;
  STEP 6/14: Создать тестовую заявку (Passed after 4s 908ms)&#xD;
  STEP 7/14: Создать тестовую заявку...&#xD;
  STEP 7/14: Создать тестовую заявку (Passed after 571ms)&#xD;
  STEP 8/14: Создать тестовую заявку...&#xD;
  STEP 8/14: Создать тестовую заявку (Passed after 776ms)&#xD;
  STEP 9/14: Поменять значение справочника...&#xD;
  STEP 9/14: Поменять значение справочника (Passed after 1s 523ms)&#xD;
  STEP 10/14: Проверить что обновилась ссылка на справочник...&#xD;
  STEP 10/14: Проверить что обновилась ссылка на справочник (Passed after 433ms)&#xD;
  STEP 11/14: Поменять название ОЕ и проверить что поменялись кэши в заявке...&#xD;
  STEP 11/14: Поменять название ОЕ и проверить что поменялись кэши в заявке (Passed after 2s 157ms)&#xD;
  STEP 12/14: Поменять название профиля и проверить что поменялись кэши в заявке...&#xD;
  STEP 12/14: Поменять название профиля и проверить что поменялись кэши в заявке (Passed after 2s 385ms)&#xD;
  STEP 13/14: Поменять название вакансии и проверить что поменялись кэши в заявке...&#xD;
  STEP 13/14: Поменять название вакансии и проверить что поменялись кэши в заявке (Passed after 1s 563ms)&#xD;
  STEP 14/14: Поменять имя пользователя и проверить что поменялись кэши в заявке...&#xD;
  STEP 14/14: Поменять имя пользователя и проверить что поменялись кэши в заявке (Passed after 3s 886ms)&#xD;
  SCENARIO RESULT: Passed after 35s 433ms</StdOut>
      </Output>
    </UnitTestResult>
    <UnitTestResult executionId="734d48d1-8034-4e6e-9566-6c15db318d22" testId="e40e6cc9-730b-cac4-234c-be6e105b2d92" testName="Skillaz.Tests.TaskTracker.TaskAction_feature.Ensure_that_candidate_switched_no_delay_by_main_source" computerName="DESKTOP-F6SKA47" duration="00:00:13.1445978" startTime="2021-12-16T16:22:26.1887843+03:00" endTime="2021-12-16T16:22:26.1887849+03:00" testType="13cdc9d9-ddb5-4fa4-a97d-d965ccfc6d4b" outcome="Passed" testListId="8c84fa94-04c1-424b-9868-57a2d4851a1d" relativeResultsDirectory="734d48d1-8034-4e6e-9566-6c15db318d22">
      <Output>
        <StdOut>SCENARIO: Ensure that candidate switched no delay by main source&#xD;
  STEP 1/9: GIVEN a company...&#xD;
  STEP 1/9: GIVEN a company (Passed after 139ms)&#xD;
  STEP 2/9: AND the authenticated user...&#xD;
  STEP 2/9: AND the authenticated user (Passed after 453ms)&#xD;
  STEP 3/9: AND the delay config when main source "HH" and status to approved [additionalSource: "0"]...&#xD;
  STEP 3/9: AND the delay config when main source "HH" and status to approved [additionalSource: "0"] (Passed after &lt;1ms)&#xD;
  STEP 4/9: AND the funnel and rules action for configuration...&#xD;
  STEP 4/9: AND the funnel and rules action for configuration (Passed after 273ms)&#xD;
  STEP 5/9: AND the vacancy in the company [funnelId: "61bb3d857f10d6937478ceea"]...&#xD;
  STEP 5/9: AND the vacancy in the company [funnelId: "61bb3d857f10d6937478ceea"] (Passed after 286ms)&#xD;
  STEP 6/9: AND a candidate with source "HH" [aditionalSources: "0"]...&#xD;
  STEP 6/9: AND a candidate with source "HH" [aditionalSources: "0"] (Passed after 307ms)&#xD;
  STEP 7/9: WHEN switch candidate to status [statusTo: "training"]...&#xD;
  STEP 7/9: WHEN switch candidate to status [statusTo: "training"] (Passed after 10s 649ms)&#xD;
  STEP 8/9: THEN candidate in status [statusId: "approved"]...&#xD;
  STEP 8/9: THEN candidate in status [statusId: "approved"] (Passed after 2ms)&#xD;
  STEP 9/9: AND is finished tasks...&#xD;
  STEP 9/9: AND is finished tasks (Passed after 36ms)&#xD;
  SCENARIO RESULT: Passed after 12s 162ms</StdOut>
      </Output>
    </UnitTestResult>
    <UnitTestResult executionId="d4950d2a-db08-4aec-8776-f9b39a707a74" testId="019b787c-88b2-9680-3a7b-9251d2235f77" testName="Skillaz.Tests.CompanySpecific.X5.Naumen.NaumenSlaTests.Sla_calculates_correctly_for_next_day(candidateTimeZone: 10, sla: 02:00:00, startDate: 2020-01-01T01:30:00.0000000Z, truth: [NaumenTimeRange { From = &quot;2020-01-01 07:00:00&quot;, To = &quot;2020-01-01 09:00:00&quot; }])" computerName="DESKTOP-F6SKA47" duration="00:00:00.0000314" startTime="2021-12-16T16:16:29.3392166+03:00" endTime="2021-12-16T16:16:29.3392184+03:00" testType="13cdc9d9-ddb5-4fa4-a97d-d965ccfc6d4b" outcome="Passed" testListId="8c84fa94-04c1-424b-9868-57a2d4851a1d" relativeResultsDirectory="d4950d2a-db08-4aec-8776-f9b39a707a74" />
    <UnitTestResult executionId="8cc9af3c-3684-4cfc-9338-4262f73d84a7" testId="8124389a-5583-02b9-259e-e41e8b5bafaf" testName="Skillaz.Tests.ProcessingRole.CandidateProcessingRoleControllerCandidateProcessingRoleController_feature.RemoveUserProcessingRole" computerName="DESKTOP-F6SKA47" duration="00:00:04.8229780" startTime="2021-12-16T16:26:38.2432292+03:00" endTime="2021-12-16T16:26:38.2432314+03:00" testType="13cdc9d9-ddb5-4fa4-a97d-d965ccfc6d4b" outcome="Passed" testListId="8c84fa94-04c1-424b-9868-57a2d4851a1d" relativeResultsDirectory="8cc9af3c-3684-4cfc-9338-4262f73d84a7">
      <Output>
        <StdOut>SCENARIO: RemoveUserProcessingRole&#xD;
  STEP 1/9: GIVEN a company...&#xD;
  STEP 1/9: GIVEN a company (Passed after 320ms)&#xD;
  STEP 2/9: AND the authenticated user...&#xD;
  STEP 2/9: AND the authenticated user (Passed after 748ms)&#xD;
  STEP 3/9: AND a funnel...&#xD;
  STEP 3/9: AND a funnel (Passed after 383ms)&#xD;
  STEP 4/9: AND a candidate...&#xD;
  STEP 4/9: AND a candidate (Passed after 229ms)&#xD;
  STEP 5/9: AND a ProcessingRole...&#xD;
  STEP 5/9: AND a ProcessingRole (Passed after 13ms)&#xD;
  STEP 6/9: AND a user...&#xD;
  STEP 6/9: AND a user (Passed after 141ms)&#xD;
  STEP 7/9: WHEN AddUserProcessingRoleUser1...&#xD;
  STEP 7/9: WHEN AddUserProcessingRoleUser1 (Passed after 1s 883ms)&#xD;
  STEP 8/9: AND RemoveUserProcessingRole...&#xD;
  STEP 8/9: AND RemoveUserProcessingRole (Passed after 438ms)&#xD;
  STEP 9/9: THEN Candidate remove ProcessingRolesUser...&#xD;
  STEP 9/9: THEN Candidate remove ProcessingRolesUser (Passed after 59ms)&#xD;
  SCENARIO RESULT: Passed after 4s 222ms</StdOut>
      </Output>
    </UnitTestResult>
    <UnitTestResult executionId="c4820c48-8904-42a3-9706-b0ca4fae22ea" testId="695a69c9-264c-d1c5-2032-535ef4bf39f9" testName="Skillaz.Tests.CompanySpecific.X5.Naumen.NaumenSlaTests.Sla_calculates_correctly_for_split_days(candidateTimeZone: 4, sla: 08:00:00, startDate: 2019-12-31T12:00:00.0000000Z, truth: [NaumenTimeRange { From = &quot;2019-12-31 15:00:00&quot;, To = &quot;2019-12-31 19:00:00&quot; }, NaumenTimeRange { From = &quot;2020-01-01 08:00:00&quot;, To = &quot;2020-01-01 12:00:00&quot; }])" computerName="DESKTOP-F6SKA47" duration="00:00:00.0000626" startTime="2021-12-16T16:16:28.9907876+03:00" endTime="2021-12-16T16:16:28.9907880+03:00" testType="13cdc9d9-ddb5-4fa4-a97d-d965ccfc6d4b" outcome="Passed" testListId="8c84fa94-04c1-424b-9868-57a2d4851a1d" relativeResultsDirectory="c4820c48-8904-42a3-9706-b0ca4fae22ea" />
    <UnitTestResult executionId="f8a74342-0f9e-482a-9bb0-6f5c9ad2abe2" testId="39bbe88c-a5a1-69b6-0e18-a75bb02edd6c" testName="Skillaz.Tests.CompanySpecific.X5.Naumen.NaumenSlaTests.Sla_calculates_correctly_within_one_day(candidateTimeZone: 4, sla: 03:00:00, startDate: 2019-12-31T13:00:00.0000000Z, truth: [NaumenTimeRange { From = &quot;2019-12-31 16:00:00&quot;, To = &quot;2019-12-31 19:00:00&quot; }])" computerName="DESKTOP-F6SKA47" duration="00:00:00.0000742" startTime="2021-12-16T16:16:28.9077308+03:00" endTime="2021-12-16T16:16:28.9077312+03:00" testType="13cdc9d9-ddb5-4fa4-a97d-d965ccfc6d4b" outcome="Passed" testListId="8c84fa94-04c1-424b-9868-57a2d4851a1d" relativeResultsDirectory="f8a74342-0f9e-482a-9bb0-6f5c9ad2abe2" />
    <UnitTestResult executionId="7a038c54-b700-44b2-a08e-d346fc08fc04" testId="dff1039f-5a73-e0cd-a489-adeef2947b84" testName="Проверка десериализации полученного сообщения от WhatsApp" computerName="DESKTOP-F6SKA47" duration="00:00:00.9332904" startTime="2021-12-16T16:18:21.0599041+03:00" endTime="2021-12-16T16:18:21.0599092+03:00" testType="13cdc9d9-ddb5-4fa4-a97d-d965ccfc6d4b" outcome="Passed" testListId="8c84fa94-04c1-424b-9868-57a2d4851a1d" relativeResultsDirectory="7a038c54-b700-44b2-a08e-d346fc08fc04">
      <Output>
        <StdOut>SCENARIO: Check the message callback deserialization&#xD;
  STEP 1/3: GIVEN the messages json message...&#xD;
  STEP 1/3: GIVEN the messages json message (Passed after &lt;1ms)&#xD;
  STEP 2/3: WHEN message deserialized...&#xD;
  STEP 2/3: WHEN message deserialized (Passed after 802ms)&#xD;
  STEP 3/3: THEN fields in message is filled...&#xD;
  STEP 3/3: THEN fields in message is filled (Passed after 100ms)&#xD;
  SCENARIO RESULT: Passed after 909ms</StdOut>
      </Output>
    </UnitTestResult>
    <UnitTestResult executionId="6dea8afd-d71a-48a1-b6cd-15e3186d948d" testId="e489cf0d-ff4d-305d-4e3f-55f0fbb8b8c5" testName="Skillaz.Tests.Assessment.Questionnaires.BranchTrackQuestionnaire_feature.Creating_a_questionnaire" computerName="DESKTOP-F6SKA47" duration="00:00:02.2505068" startTime="2021-12-16T16:20:43.1141705+03:00" endTime="2021-12-16T16:20:43.1141734+03:00" testType="13cdc9d9-ddb5-4fa4-a97d-d965ccfc6d4b" outcome="Passed" testListId="8c84fa94-04c1-424b-9868-57a2d4851a1d" relativeResultsDirectory="6dea8afd-d71a-48a1-b6cd-15e3186d948d">
      <Output>
        <StdOut>SCENARIO: Creating a questionnaire&#xD;
  STEP 1/4: GIVEN a company...&#xD;
  STEP 1/4: GIVEN a company (Passed after 179ms)&#xD;
  STEP 2/4: AND the authenticated user...&#xD;
  STEP 2/4: AND the authenticated user (Passed after 281ms)&#xD;
  STEP 3/4: WHEN questionnaire is created...&#xD;
  STEP 3/4: WHEN questionnaire is created (Passed after 701ms)&#xD;
  STEP 4/4: Questionnaire should be created...&#xD;
  STEP 4/4: Questionnaire should be created (Passed after 148ms)&#xD;
  SCENARIO RESULT: Passed after 1s 557ms</StdOut>
      </Output>
    </UnitTestResult>
    <UnitTestResult executionId="6a41380f-c6d8-4e35-b44e-84b02c6ff2c7" testId="019b787c-88b2-9680-3a7b-9251d2235f77" testName="Skillaz.Tests.CompanySpecific.X5.Naumen.NaumenSlaTests.Sla_calculates_correctly_for_next_day(candidateTimeZone: 2, sla: 02:00:00, startDate: 2020-01-01T02:00:00.0000000Z, truth: [NaumenTimeRange { From = &quot;2020-01-01 10:00:00&quot;, To = &quot;2020-01-01 12:00:00&quot; }])" computerName="DESKTOP-F6SKA47" duration="00:00:00.0000356" startTime="2021-12-16T16:16:29.0664041+03:00" endTime="2021-12-16T16:16:29.0664119+03:00" testType="13cdc9d9-ddb5-4fa4-a97d-d965ccfc6d4b" outcome="Passed" testListId="8c84fa94-04c1-424b-9868-57a2d4851a1d" relativeResultsDirectory="6a41380f-c6d8-4e35-b44e-84b02c6ff2c7" />
    <UnitTestResult executionId="01ce02b1-fae3-4b85-9b4b-c519b7e581e6" testId="019b787c-88b2-9680-3a7b-9251d2235f77" testName="Skillaz.Tests.CompanySpecific.X5.Naumen.NaumenSlaTests.Sla_calculates_correctly_for_next_day(candidateTimeZone: 7, sla: 02:00:00, startDate: 2019-12-31T19:30:00.0000000Z, truth: [NaumenTimeRange { From = &quot;2020-01-01 07:00:00&quot;, To = &quot;2020-01-01 09:00:00&quot; }])" computerName="DESKTOP-F6SKA47" duration="00:00:00.0000358" startTime="2021-12-16T16:16:29.2854048+03:00" endTime="2021-12-16T16:16:29.2854058+03:00" testType="13cdc9d9-ddb5-4fa4-a97d-d965ccfc6d4b" outcome="Passed" testListId="8c84fa94-04c1-424b-9868-57a2d4851a1d" relativeResultsDirectory="01ce02b1-fae3-4b85-9b4b-c519b7e581e6" />
    <UnitTestResult executionId="225ae176-c057-4a19-be8e-705471ad44c4" testId="30923a25-f5a1-16d2-d730-dc08e1d81f74" testName="Skillaz.Tests.Helpers.WorkingDaysHelperFeature.FindProductionDates(dateStrings: [&quot;2020-12-01&quot;, &quot;2020-12-02&quot;, &quot;2020-12-15&quot;, &quot;2020-12-16&quot;, &quot;2020-12-01&quot;, ...])" computerName="DESKTOP-F6SKA47" duration="00:00:00.0960367" startTime="2021-12-16T16:16:29.3921878+03:00" endTime="2021-12-16T16:16:29.3921931+03:00" testType="13cdc9d9-ddb5-4fa4-a97d-d965ccfc6d4b" outcome="Passed" testListId="8c84fa94-04c1-424b-9868-57a2d4851a1d" relativeResultsDirectory="225ae176-c057-4a19-be8e-705471ad44c4" />
    <UnitTestResult executionId="61882c3c-6b6a-494d-afea-b55168d77277" testId="c1886587-27cb-44a9-0709-e7df7f454574" testName="Skillaz.Tests.Authorization.LoginCommand_feature.Do_incorrect_login_by_email_with_no_attempts_left_expects_ban" computerName="DESKTOP-F6SKA47" duration="00:00:04.9235333" startTime="2021-12-16T16:24:37.7306858+03:00" endTime="2021-12-16T16:24:37.7306863+03:00" testType="13cdc9d9-ddb5-4fa4-a97d-d965ccfc6d4b" outcome="Passed" testListId="8c84fa94-04c1-424b-9868-57a2d4851a1d" relativeResultsDirectory="61882c3c-6b6a-494d-afea-b55168d77277">
      <Output>
        <StdOut>SCENARIO: Do incorrect login by email with no attempts left expects ban&#xD;
  STEP 1/5: GIVEN a company...&#xD;
  STEP 1/5: GIVEN a company (Passed after 245ms)&#xD;
  STEP 2/5: AND a user with maximum login attempts...&#xD;
  STEP 2/5: AND a user with maximum login attempts (Passed after 1s 026ms)&#xD;
  STEP 3/5: WHEN doing a failing login "v.pupkin@skillaz.co" attempt...&#xD;
  STEP 3/5: WHEN doing a failing login "v.pupkin@skillaz.co" attempt (Passed after 2s 440ms)&#xD;
  STEP 4/5: THEN ensure it is account blocked exception...&#xD;
  STEP 4/5: THEN ensure it is account blocked exception (Passed after 1ms)&#xD;
  STEP 5/5: AND ensure that account was banned...&#xD;
  STEP 5/5: AND ensure that account was banned (Passed after 60ms)&#xD;
  SCENARIO RESULT: Passed after 3s 791ms</StdOut>
      </Output>
    </UnitTestResult>
    <UnitTestResult executionId="2419e733-ec96-427d-ae5b-5bd174d14533" testId="f727b248-9add-f920-b0ce-770364245e70" testName="Skillaz.Tests.Candidate.Elastic.CandidateElasticMultiselectFiltration_feature.MultiLineFilterCheck(filter: (Skillaz.Candidate.Contract.CandidateSearchFilter, Skillaz.Candidate.Contract.CandidateSearchFilterCommon), result: (1, SearchSettingsType.All, phrases: вуз KGTU технолог))" computerName="DESKTOP-F6SKA47" duration="00:00:00.0010000" startTime="2021-12-16T16:26:50.0948516+03:00" endTime="2021-12-16T16:26:50.0948539+03:00" testType="13cdc9d9-ddb5-4fa4-a97d-d965ccfc6d4b" outcome="NotExecuted" testListId="8c84fa94-04c1-424b-9868-57a2d4851a1d" relativeResultsDirectory="2419e733-ec96-427d-ae5b-5bd174d14533">
      <Output>
        <StdOut>You need Elasticsearch 7.5 local instance on 9200 port</StdOut>
      </Output>
    </UnitTestResult>
    <UnitTestResult executionId="9ab4b5b4-65a5-488e-8e0c-221a1db56f14" testId="695a69c9-264c-d1c5-2032-535ef4bf39f9" testName="Skillaz.Tests.CompanySpecific.X5.Naumen.NaumenSlaTests.Sla_calculates_correctly_for_split_days(candidateTimeZone: 6, sla: 06:00:00, startDate: 2019-12-31T11:00:00.0000000Z, truth: [NaumenTimeRange { From = &quot;2019-12-31 14:00:00&quot;, To = &quot;2019-12-31 17:00:00&quot; }, NaumenTimeRange { From = &quot;2020-01-01 07:00:00&quot;, To = &quot;2020-01-01 10:00:00&quot; }])" computerName="DESKTOP-F6SKA47" duration="00:00:00.0000503" startTime="2021-12-16T16:16:29.0015470+03:00" endTime="2021-12-16T16:16:29.0015483+03:00" testType="13cdc9d9-ddb5-4fa4-a97d-d965ccfc6d4b" outcome="Passed" testListId="8c84fa94-04c1-424b-9868-57a2d4851a1d" relativeResultsDirectory="9ab4b5b4-65a5-488e-8e0c-221a1db56f14" />
    <UnitTestResult executionId="1e78cbe9-4b6d-4170-a001-525ee42affdf" testId="4fbd4e42-7b55-e8d8-da9f-287864fa603c" testName="Skillaz.Tests.CompanySpecific.Mvideo.MvideoProcessDelayedHoldRequestsCommand_feature.Set_request_holded_request_hold_date_is_in_future" computerName="DESKTOP-F6SKA47" duration="00:00:04.8844942" startTime="2021-12-16T16:26:17.1964321+03:00" endTime="2021-12-16T16:26:17.1964346+03:00" testType="13cdc9d9-ddb5-4fa4-a97d-d965ccfc6d4b" outcome="Passed" testListId="8c84fa94-04c1-424b-9868-57a2d4851a1d" relativeResultsDirectory="1e78cbe9-4b6d-4170-a001-525ee42affdf">
      <Output>
        <StdOut>SCENARIO: Set request holded request hold date is in future&#xD;
  STEP 1/6: GIVEN a company...&#xD;
  STEP 1/6: GIVEN a company (Passed after 210ms)&#xD;
  STEP 2/6: AND the authenticated user...&#xD;
  STEP 2/6: AND the authenticated user (Passed after 209ms)&#xD;
  STEP 3/6: AND a request with future delayed hold date and and vacancy...&#xD;
  STEP 3/6: AND a request with future delayed hold date and and vacancy (Passed after 927ms)&#xD;
  STEP 4/6: WHEN command executed...&#xD;
  STEP 4/6: WHEN command executed (Passed after 949ms)&#xD;
  STEP 5/6: Ensure that request not in isHold...&#xD;
  STEP 5/6: Ensure that request not in isHold (Passed after 528ms)&#xD;
  STEP 6/6: AND Ensure that vacancy not in isHold...&#xD;
  STEP 6/6: AND Ensure that vacancy not in isHold (Passed after 1s 362ms)&#xD;
  SCENARIO RESULT: Passed after 4s 375ms</StdOut>
      </Output>
    </UnitTestResult>
    <UnitTestResult executionId="eb3dcb6e-a036-457b-aba9-e1974c82613c" testId="019b787c-88b2-9680-3a7b-9251d2235f77" testName="Skillaz.Tests.CompanySpecific.X5.Naumen.NaumenSlaTests.Sla_calculates_correctly_for_next_day(candidateTimeZone: 12, sla: 02:00:00, startDate: 2019-12-31T22:30:00.0000000Z, truth: [NaumenTimeRange { From = &quot;2020-01-01 07:00:00&quot;, To = &quot;2020-01-01 09:00:00&quot; }])" computerName="DESKTOP-F6SKA47" duration="00:00:00.0000374" startTime="2021-12-16T16:16:29.3799537+03:00" endTime="2021-12-16T16:16:29.3799542+03:00" testType="13cdc9d9-ddb5-4fa4-a97d-d965ccfc6d4b" outcome="Passed" testListId="8c84fa94-04c1-424b-9868-57a2d4851a1d" relativeResultsDirectory="eb3dcb6e-a036-457b-aba9-e1974c82613c" />
    <UnitTestResult executionId="f292fef0-f165-488e-bb35-18462226c808" testId="d77787b4-2317-1501-ec57-8c2cd08c1145" testName="Skillaz.Tests.CompanySpecific.Rosatom.RosatomCandidateWorkflowTriggers_feature.Job_offer_state_changed(toCandidateStatusId: &quot;JobOfferIntegrationChange&quot;, triggerType: typeof(Skillaz.ClientConfiguration.Rosatom.WorkflowTriggers.CandidateStatusChangeToJobOfferIntegrationChange))" computerName="DESKTOP-F6SKA47" duration="00:00:14.7753247" startTime="2021-12-16T16:26:33.1952580+03:00" endTime="2021-12-16T16:26:33.1952613+03:00" testType="13cdc9d9-ddb5-4fa4-a97d-d965ccfc6d4b" outcome="Passed" testListId="8c84fa94-04c1-424b-9868-57a2d4851a1d" relativeResultsDirectory="f292fef0-f165-488e-bb35-18462226c808">
      <Output>
        <StdOut>SCENARIO: Job offer state changed [toCandidateStatusId: "JobOfferIntegrationChange"] [triggerType: "Skillaz.ClientConfiguration.Rosatom.WorkflowTriggers.CandidateStatusChangeToJobOfferIntegrationChange"]&#xD;
  STEP 1/10: GIVEN a company...&#xD;
  STEP 1/10: GIVEN a company (Passed after 101ms)&#xD;
  STEP 2/10: AND the authenticated user...&#xD;
  STEP 2/10: AND the authenticated user (Passed after 339ms)&#xD;
  STEP 3/10: AND a vacancy...&#xD;
  STEP 3/10: AND a vacancy (Passed after 157ms)&#xD;
  STEP 4/10: AND a model [fromJOStateId: "fromJOStateId"] [toJOStateId: "toJOStateId"] [fromCandidateStatusId: "fromCandidateStatusId"] [toCandidateStatusId: "JobOfferIntegrationChange"] [triggerType: "Skillaz.ClientConfiguration.Rosatom.WorkflowTriggers.CandidateStatusChangeToJobOfferIntegrationChange"]...&#xD;
  STEP 4/10: AND a model [fromJOStateId: "fromJOStateId"] [toJOStateId: "toJOStateId"] [fromCandidateStatusId: "fromCandidateStatusId"] [toCandidateStatusId: "JobOfferIntegrationChange"] [triggerType: "Skillaz.ClientConfiguration.Rosatom.WorkflowTriggers.CandidateStatusChangeToJobOfferIntegrationChange"] (Passed after 321ms)&#xD;
  STEP 5/10: AND a candidate [currentStatusId: "fromCandidateStatusId"]...&#xD;
  STEP 5/10: AND a candidate [currentStatusId: "fromCandidateStatusId"] (Passed after 61ms)&#xD;
  STEP 6/10: AND a job offer [currentJOStateId: "fromJOStateId"] [currentCandidateStatusId: "fromCandidateStatusId"]...&#xD;
  STEP 6/10: AND a job offer [currentJOStateId: "fromJOStateId"] [currentCandidateStatusId: "fromCandidateStatusId"] (Passed after 83ms)&#xD;
  STEP 7/10: WHEN job offer state changed [toJOStateId: "toJOStateId"]...&#xD;
  STEP 7/10: WHEN job offer state changed [toJOStateId: "toJOStateId"] (Passed after 9s 944ms)&#xD;
  STEP 8/10: THEN no exception is thrown...&#xD;
  STEP 8/10: THEN no exception is thrown (Passed after 1ms)&#xD;
  STEP 9/10: AND job offer in correct state [toJOStateId: "toJOStateId"]...&#xD;
  STEP 9/10: AND job offer in correct state [toJOStateId: "toJOStateId"] (Passed after 10ms)&#xD;
  STEP 10/10: AND candidate in correct status [toCandidateStatusId: "JobOfferIntegrationChange"]...&#xD;
  STEP 10/10: AND candidate in correct status [toCandidateStatusId: "JobOfferIntegrationChange"] (Passed after 10ms)&#xD;
  SCENARIO RESULT: Passed after 11s 087ms</StdOut>
      </Output>
    </UnitTestResult>
    <UnitTestResult executionId="bc43e3b9-24c9-4ef9-8124-c154c00af5e3" testId="019b787c-88b2-9680-3a7b-9251d2235f77" testName="Skillaz.Tests.CompanySpecific.X5.Naumen.NaumenSlaTests.Sla_calculates_correctly_for_next_day(candidateTimeZone: 6, sla: 02:00:00, startDate: 2019-12-31T22:00:00.0000000Z, truth: [NaumenTimeRange { From = &quot;2020-01-01 07:00:00&quot;, To = &quot;2020-01-01 09:00:00&quot; }])" computerName="DESKTOP-F6SKA47" duration="00:00:00.0001585" startTime="2021-12-16T16:16:29.1211320+03:00" endTime="2021-12-16T16:16:29.1211325+03:00" testType="13cdc9d9-ddb5-4fa4-a97d-d965ccfc6d4b" outcome="Passed" testListId="8c84fa94-04c1-424b-9868-57a2d4851a1d" relativeResultsDirectory="bc43e3b9-24c9-4ef9-8124-c154c00af5e3" />
    <UnitTestResult executionId="97a9d47f-abca-4d8b-9537-ee782c2d7435" testId="3e80f80a-8600-baaf-2cfd-55beac9071a2" testName="Skillaz.Tests.CompanySpecific.GazpromNeft.GazpromImportBlueReport_feature.Vacancy_not_created_where_position_count_equals_zero" computerName="DESKTOP-F6SKA47" duration="00:00:34.9736435" startTime="2021-12-16T16:28:20.9761517+03:00" endTime="2021-12-16T16:28:20.9761541+03:00" testType="13cdc9d9-ddb5-4fa4-a97d-d965ccfc6d4b" outcome="Passed" testListId="8c84fa94-04c1-424b-9868-57a2d4851a1d" relativeResultsDirectory="97a9d47f-abca-4d8b-9537-ee782c2d7435">
      <Output>
        <StdOut>SCENARIO: Vacancy not created where position count equals zero&#xD;
  STEP 1/6: GIVEN a company [companyId: "kdaigswiuJNh8Tvsp"]...&#xD;
  STEP 1/6: GIVEN a company [companyId: "kdaigswiuJNh8Tvsp"] (Passed after 304ms)&#xD;
  STEP 2/6: AND the authenticated user...&#xD;
  STEP 2/6: AND the authenticated user (Passed after 401ms)&#xD;
  STEP 3/6: AND the upload rows [staffUnitNum: "1211"] [clusterName: "АО "Газпромнефть-Урал""] [azsName: "АЗС № 152"] [requestCount: "0"]...&#xD;
  STEP 3/6: AND the upload rows [staffUnitNum: "1211"] [clusterName: "АО "Газпромнефть-Урал""] [azsName: "АЗС № 152"] [requestCount: "0"] (Passed after 7s 128ms)&#xD;
  STEP 4/6: AND the prepare xlsx file...&#xD;
  STEP 4/6: AND the prepare xlsx file (Passed after 12s 393ms)&#xD;
  STEP 5/6: WHEN upload xlsx file...&#xD;
  STEP 5/6: WHEN upload xlsx file (Passed after 14s 559ms)&#xD;
  STEP 6/6: Ensure not created vacancy [modelTest: "Skillaz.Tests.CompanySpecific.GazpromNeft.GazpromImportBlueReport_feature+GazpromBlueReportModelTest"]...&#xD;
  STEP 6/6: Ensure not created vacancy [modelTest: "Skillaz.Tests.CompanySpecific.GazpromNeft.GazpromImportBlueReport_feature+GazpromBlueReportModelTest"] (Passed after 30ms)&#xD;
  SCENARIO RESULT: Passed after 34s 830ms</StdOut>
      </Output>
    </UnitTestResult>
    <UnitTestResult executionId="a9e104ce-4421-48a7-9d2a-1af664ec3575" testId="a3b1ea09-f53a-4d6e-9d37-a53d839e86d5" testName="Для 1 и 2 числа перенос на 16 этого месяца, для 15 и 16 перенос на 2 следующего месяца(dateStrings: [&quot;2020-07-15&quot;, &quot;2020-07-16&quot;, &quot;2020-08-04&quot;])" computerName="DESKTOP-F6SKA47" duration="00:00:00.0544180" startTime="2021-12-16T16:16:29.5387964+03:00" endTime="2021-12-16T16:16:29.5387999+03:00" testType="13cdc9d9-ddb5-4fa4-a97d-d965ccfc6d4b" outcome="Passed" testListId="8c84fa94-04c1-424b-9868-57a2d4851a1d" relativeResultsDirectory="a9e104ce-4421-48a7-9d2a-1af664ec3575" />
    <UnitTestResult executionId="9ed1b6e6-7847-4c86-99af-9170efad9f17" testId="019b787c-88b2-9680-3a7b-9251d2235f77" testName="Skillaz.Tests.CompanySpecific.X5.Naumen.NaumenSlaTests.Sla_calculates_correctly_for_next_day(candidateTimeZone: 4, sla: 02:00:00, startDate: 2019-12-31T23:00:00.0000000Z, truth: [NaumenTimeRange { From = &quot;2020-01-01 08:00:00&quot;, To = &quot;2020-01-01 10:00:00&quot; }])" computerName="DESKTOP-F6SKA47" duration="00:00:00.0001114" startTime="2021-12-16T16:16:29.0933672+03:00" endTime="2021-12-16T16:16:29.0933678+03:00" testType="13cdc9d9-ddb5-4fa4-a97d-d965ccfc6d4b" outcome="Passed" testListId="8c84fa94-04c1-424b-9868-57a2d4851a1d" relativeResultsDirectory="9ed1b6e6-7847-4c86-99af-9170efad9f17" />
    <UnitTestResult executionId="fb2fd0af-6393-4ff9-93c1-888326f7dabb" testId="8a006332-b34d-0455-d677-10222a8fc9a4" testName="Skillaz.Tests.Users.RoleCandidateFilterService_feature.RoleCandidateFilterServiceNoFilter" computerName="DESKTOP-F6SKA47" duration="00:00:04.0545623" startTime="2021-12-16T16:24:48.2621116+03:00" endTime="2021-12-16T16:24:48.2621136+03:00" testType="13cdc9d9-ddb5-4fa4-a97d-d965ccfc6d4b" outcome="Passed" testListId="8c84fa94-04c1-424b-9868-57a2d4851a1d" relativeResultsDirectory="fb2fd0af-6393-4ff9-93c1-888326f7dabb">
      <Output>
        <StdOut>SCENARIO: RoleCandidateFilterServiceNoFilter&#xD;
  STEP 1/7: GIVEN Given a company...&#xD;
  STEP 1/7: GIVEN Given a company (Passed after 281ms)&#xD;
  STEP 2/7: AND Given Roles no UserCandidateRestrictions...&#xD;
  STEP 2/7: AND Given Roles no UserCandidateRestrictions (Passed after 16ms)&#xD;
  STEP 3/7: AND Given a funnel...&#xD;
  STEP 3/7: AND Given a funnel (Passed after 208ms)&#xD;
  STEP 4/7: AND Given the authenticated user...&#xD;
  STEP 4/7: AND Given the authenticated user (Passed after 291ms)&#xD;
  STEP 5/7: AND Given a candidates...&#xD;
  STEP 5/7: AND Given a candidates (Passed after 183ms)&#xD;
  STEP 6/7: WHEN When GetCandidatesShowcase...&#xD;
  STEP 6/7: WHEN When GetCandidatesShowcase (Passed after 2s 428ms)&#xD;
  STEP 7/7: THEN Then CandidatesAll...&#xD;
  STEP 7/7: THEN Then CandidatesAll (Passed after 21ms)&#xD;
  SCENARIO RESULT: Passed after 3s 475ms</StdOut>
      </Output>
    </UnitTestResult>
    <UnitTestResult executionId="2527d2d0-006d-4113-b2c2-dbf93853ba6c" testId="695a69c9-264c-d1c5-2032-535ef4bf39f9" testName="Skillaz.Tests.CompanySpecific.X5.Naumen.NaumenSlaTests.Sla_calculates_correctly_for_split_days(candidateTimeZone: 5, sla: 01:00:00, startDate: 2019-12-31T14:30:00.0000000Z, truth: [NaumenTimeRange { From = &quot;2019-12-31 17:30:00&quot;, To = &quot;2019-12-31 18:00:00&quot; }, NaumenTimeRange { From = &quot;2020-01-01 07:00:00&quot;, To = &quot;2020-01-01 07:30:00&quot; }])" computerName="DESKTOP-F6SKA47" duration="00:00:00.0000652" startTime="2021-12-16T16:16:28.9910114+03:00" endTime="2021-12-16T16:16:28.9910120+03:00" testType="13cdc9d9-ddb5-4fa4-a97d-d965ccfc6d4b" outcome="Passed" testListId="8c84fa94-04c1-424b-9868-57a2d4851a1d" relativeResultsDirectory="2527d2d0-006d-4113-b2c2-dbf93853ba6c" />
    <UnitTestResult executionId="73acd8f2-b35f-4e7f-893f-492f32b18035" testId="5cb836ea-faff-5df0-4bf3-494f25d4e162" testName="Skillaz.Tests.Publication.VacancyPublicationRule_feature.Vacancy_publication_rule_does_fake_publication_when_in_dry_run_mode" computerName="DESKTOP-F6SKA47" duration="00:00:08.3911512" startTime="2021-12-16T16:27:15.1625583+03:00" endTime="2021-12-16T16:27:15.1625622+03:00" testType="13cdc9d9-ddb5-4fa4-a97d-d965ccfc6d4b" outcome="Passed" testListId="8c84fa94-04c1-424b-9868-57a2d4851a1d" relativeResultsDirectory="73acd8f2-b35f-4e7f-893f-492f32b18035">
      <Output>
        <StdOut>SCENARIO: Vacancy publication rule does fake publication when in dry run mode&#xD;
  STEP 1/12: GIVEN a company...&#xD;
  STEP 1/12: GIVEN a company (Passed after 33ms)&#xD;
  STEP 2/12: AND the authenticated user...&#xD;
  STEP 2/12: AND the authenticated user (Passed after 60ms)&#xD;
  STEP 3/12: AND the vacancy in the company...&#xD;
  STEP 3/12: AND the vacancy in the company (Passed after 44ms)&#xD;
  STEP 4/12: AND request without hh publication...&#xD;
  STEP 4/12: AND request without hh publication (Passed after 119ms)&#xD;
  STEP 5/12: AND hh account...&#xD;
  STEP 5/12: AND hh account (Passed after 130ms)&#xD;
  STEP 6/12: AND hh publication template...&#xD;
  STEP 6/12: AND hh publication template (Passed after 29ms)&#xD;
  STEP 7/12: AND hh publication rule in dry run mode...&#xD;
  STEP 7/12: AND hh publication rule in dry run mode (Passed after 190ms)&#xD;
  STEP 8/12: WHEN vacancy publication rule is triggered...&#xD;
  STEP 8/12: WHEN vacancy publication rule is triggered (Passed after 4s 930ms)&#xD;
  STEP 9/12: THEN no hh vacancies are linked to request...&#xD;
  STEP 9/12: THEN no hh vacancies are linked to request (Passed after 201ms)&#xD;
  STEP 10/12: AND there is successful fake publication attempt...&#xD;
  STEP 10/12: AND there is successful fake publication attempt (Passed after 82ms)&#xD;
  STEP 11/12: AND rule is successfully finished...&#xD;
  STEP 11/12: AND rule is successfully finished (Passed after 892ms)&#xD;
  STEP 12/12: AND rule is marked as ran in dry run mode...&#xD;
  STEP 12/12: AND rule is marked as ran in dry run mode (Passed after 146ms)&#xD;
  SCENARIO RESULT: Passed after 6s 870ms</StdOut>
      </Output>
    </UnitTestResult>
    <UnitTestResult executionId="48a64844-bd09-4faf-903d-a5d77f410604" testId="5bad804a-e97e-5013-d321-cdb4925012cf" testName="Skillaz.Tests.Candidate.Elastic.CandidateElasticFiltration_feature.Retrieving_a_candidate_by_check_statuses" computerName="DESKTOP-F6SKA47" duration="00:00:00.0010000" startTime="2021-12-16T16:24:39.8865299+03:00" endTime="2021-12-16T16:24:39.8865313+03:00" testType="13cdc9d9-ddb5-4fa4-a97d-d965ccfc6d4b" outcome="NotExecuted" testListId="8c84fa94-04c1-424b-9868-57a2d4851a1d" relativeResultsDirectory="48a64844-bd09-4faf-903d-a5d77f410604">
      <Output>
        <StdOut>You need Elasticsearch 7.5 local instance on 9200 port</StdOut>
      </Output>
    </UnitTestResult>
    <UnitTestResult executionId="37e12059-54db-4aa5-b7e7-22d42935b1e6" testId="019b787c-88b2-9680-3a7b-9251d2235f77" testName="Skillaz.Tests.CompanySpecific.X5.Naumen.NaumenSlaTests.Sla_calculates_correctly_for_next_day(candidateTimeZone: 10, sla: 02:00:00, startDate: 2019-12-31T18:30:00.0000000Z, truth: [NaumenTimeRange { From = &quot;2020-01-01 07:00:00&quot;, To = &quot;2020-01-01 09:00:00&quot; }])" computerName="DESKTOP-F6SKA47" duration="00:00:00.0001009" startTime="2021-12-16T16:16:29.3337769+03:00" endTime="2021-12-16T16:16:29.3337773+03:00" testType="13cdc9d9-ddb5-4fa4-a97d-d965ccfc6d4b" outcome="Passed" testListId="8c84fa94-04c1-424b-9868-57a2d4851a1d" relativeResultsDirectory="37e12059-54db-4aa5-b7e7-22d42935b1e6" />
    <UnitTestResult executionId="1e6a6234-d850-4086-8c23-f8dc9444e90b" testId="305f81b1-a551-b1b8-a180-92bef2b8c6bb" testName="Skillaz.Tests.HH.HHNegotiations_feature.Create_single_candidate_from_collect_negotiations_from_vacancy" computerName="DESKTOP-F6SKA47" duration="00:00:25.7504979" startTime="2021-12-16T16:24:43.8758341+03:00" endTime="2021-12-16T16:24:43.8758394+03:00" testType="13cdc9d9-ddb5-4fa4-a97d-d965ccfc6d4b" outcome="Passed" testListId="8c84fa94-04c1-424b-9868-57a2d4851a1d" relativeResultsDirectory="1e6a6234-d850-4086-8c23-f8dc9444e90b">
      <Output>
        <StdOut>SCENARIO: Create single candidate from collect negotiations from vacancy&#xD;
  STEP 1/9: GIVEN a company...&#xD;
  STEP 1/9: GIVEN a company (Passed after 213ms)&#xD;
  STEP 2/9: AND the authenticated user...&#xD;
  STEP 2/9: AND the authenticated user (Passed after 573ms)&#xD;
  STEP 3/9: AND hh account...&#xD;
  STEP 3/9: AND hh account (Passed after 346ms)&#xD;
  STEP 4/9: AND the vacancy in the company...&#xD;
  STEP 4/9: AND the vacancy in the company (Passed after 434ms)&#xD;
  STEP 5/9: AND hh vacancy...&#xD;
  STEP 5/9: AND hh vacancy (Passed after 369ms)&#xD;
  STEP 6/9: AND the indexes in database...&#xD;
  STEP 6/9: AND the indexes in database (Passed after 4s 824ms)&#xD;
  STEP 7/9: WHEN run multiple collect negotiation from one vacancy...&#xD;
  STEP 7/9: WHEN run multiple collect negotiation from one vacancy (Passed after 14s 646ms)&#xD;
  STEP 8/9: THEN created single candidate...&#xD;
  STEP 8/9: THEN created single candidate (Passed after 39ms)&#xD;
  STEP 9/9: AND negotiations all completed...&#xD;
  STEP 9/9: AND negotiations all completed (Passed after 277ms)&#xD;
  SCENARIO RESULT: Passed after 21s 730ms</StdOut>
      </Output>
    </UnitTestResult>
    <UnitTestResult executionId="4c3a6d37-af9c-45bc-a921-2b328ebc892b" testId="695a69c9-264c-d1c5-2032-535ef4bf39f9" testName="Skillaz.Tests.CompanySpecific.X5.Naumen.NaumenSlaTests.Sla_calculates_correctly_for_split_days(candidateTimeZone: 4, sla: 04:00:00, startDate: 2019-12-31T14:00:00.0000000Z, truth: [NaumenTimeRange { From = &quot;2019-12-31 17:00:00&quot;, To = &quot;2019-12-31 19:00:00&quot; }, NaumenTimeRange { From = &quot;2020-01-01 08:00:00&quot;, To = &quot;2020-01-01 10:00:00&quot; }])" computerName="DESKTOP-F6SKA47" duration="00:00:00.0000630" startTime="2021-12-16T16:16:28.9756815+03:00" endTime="2021-12-16T16:16:28.9756823+03:00" testType="13cdc9d9-ddb5-4fa4-a97d-d965ccfc6d4b" outcome="Passed" testListId="8c84fa94-04c1-424b-9868-57a2d4851a1d" relativeResultsDirectory="4c3a6d37-af9c-45bc-a921-2b328ebc892b" />
    <UnitTestResult executionId="7d406c19-3419-4c4f-8258-fe54f76d1932" testId="cf8d794b-8def-0147-76d2-2f22865d8ebf" testName="Skillaz.Tests.Candidate.CandidateGetDbFiltering_feature.Candidate_filtered" computerName="DESKTOP-F6SKA47" duration="00:00:02.6754668" startTime="2021-12-16T16:18:40.6615072+03:00" endTime="2021-12-16T16:18:40.6615128+03:00" testType="13cdc9d9-ddb5-4fa4-a97d-d965ccfc6d4b" outcome="Passed" testListId="8c84fa94-04c1-424b-9868-57a2d4851a1d" relativeResultsDirectory="7d406c19-3419-4c4f-8258-fe54f76d1932">
      <Output>
        <StdOut>SCENARIO: Candidate filtered&#xD;
  STEP 1/8: GIVEN a company...&#xD;
  STEP 1/8: GIVEN a company (Passed after 256ms)&#xD;
  STEP 2/8: AND the vacancy in the company...&#xD;
  STEP 2/8: AND the vacancy in the company (Passed after 79ms)&#xD;
  STEP 3/8: AND the authenticated user...&#xD;
  STEP 3/8: AND the authenticated user (Passed after 182ms)&#xD;
  STEP 4/8: AND candidates...&#xD;
  STEP 4/8: AND candidates (Passed after 635ms)&#xD;
  STEP 5/8: WHEN candidate filtered...&#xD;
  STEP 5/8: WHEN candidate filtered (Passed after 901ms)&#xD;
  STEP 6/8: THEN filtered by gender...&#xD;
  STEP 6/8: THEN filtered by gender (Passed after 111ms)&#xD;
  STEP 7/8: AND filtered by age...&#xD;
  STEP 7/8: AND filtered by age (Passed after 5ms)&#xD;
  STEP 8/8: AND filtered by age and gender...&#xD;
  STEP 8/8: AND filtered by age and gender (Passed after 16ms)&#xD;
  SCENARIO RESULT: Passed after 2s 229ms</StdOut>
      </Output>
    </UnitTestResult>
    <UnitTestResult executionId="766b504f-52bc-43fc-a503-dc5afde78c19" testId="b50c1a7c-e35a-56e9-49e5-c610e48c0418" testName="Skillaz.Tests.Configurator.WorkflowEngine.ConfiguratorWorkflowEnterform_feature.Check_WorkflowTrigger" computerName="DESKTOP-F6SKA47" duration="00:00:07.0799665" startTime="2021-12-16T16:18:19.7151083+03:00" endTime="2021-12-16T16:18:19.7151139+03:00" testType="13cdc9d9-ddb5-4fa4-a97d-d965ccfc6d4b" outcome="Passed" testListId="8c84fa94-04c1-424b-9868-57a2d4851a1d" relativeResultsDirectory="766b504f-52bc-43fc-a503-dc5afde78c19">
      <Output>
        <StdOut>SCENARIO: Check WorkflowTrigger&#xD;
  STEP 1/6: GIVEN a company...&#xD;
  STEP 1/6: GIVEN a company (Passed after 123ms)&#xD;
  STEP 2/6: AND the authenticated user...&#xD;
  STEP 2/6: AND the authenticated user (Passed after 178ms)&#xD;
  STEP 3/6: Зарегистрируем ЖЦ с формой и триггером и добавим заявку...&#xD;
  STEP 3/6: Зарегистрируем ЖЦ с формой и триггером и добавим заявку (Passed after 3s 891ms)&#xD;
  STEP 4/6: Проверить что зарегистрировался ЖЦ и триггер с формой...&#xD;
  STEP 4/6: Проверить что зарегистрировался ЖЦ и триггер с формой (Passed after 164ms)&#xD;
  STEP 5/6: Выполним переход в новый статус...&#xD;
  STEP 5/6: Выполним переход в новый статус (Passed after 2s 064ms)&#xD;
  STEP 6/6: Проверить выполнение триггера и изменился статус заявки...&#xD;
  STEP 6/6: Проверить выполнение триггера и изменился статус заявки (Passed after 363ms)&#xD;
  SCENARIO RESULT: Passed after 6s 804ms</StdOut>
      </Output>
    </UnitTestResult>
    <UnitTestResult executionId="2fcec1eb-cbf7-4c7a-8949-9b7d58017cac" testId="82e69f68-c925-20bd-0dd1-706d0ad6c0f1" testName="Skillaz.Tests.BJ.BJApiClient_feature.BJ_API_client_creates_when_token_is_not_expired_but_expire_date_has_come" computerName="DESKTOP-F6SKA47" duration="00:00:06.1771337" startTime="2021-12-16T16:27:45.2644632+03:00" endTime="2021-12-16T16:27:45.2644653+03:00" testType="13cdc9d9-ddb5-4fa4-a97d-d965ccfc6d4b" outcome="Passed" testListId="8c84fa94-04c1-424b-9868-57a2d4851a1d" relativeResultsDirectory="2fcec1eb-cbf7-4c7a-8949-9b7d58017cac">
      <Output>
        <StdOut>SCENARIO: BJ API client creates when token is not expired but expire date has come&#xD;
  STEP 1/5: GIVEN a company...&#xD;
  STEP 1/5: GIVEN a company (Passed after 949ms)&#xD;
  STEP 2/5: AND the authenticated user...&#xD;
  STEP 2/5: AND the authenticated user (Passed after 1s 666ms)&#xD;
  STEP 3/5: AND bj account with not expired token but expire date has come...&#xD;
  STEP 3/5: AND bj account with not expired token but expire date has come (Passed after 301ms)&#xD;
  STEP 4/5: WHEN api client is requested...&#xD;
  STEP 4/5: WHEN api client is requested (Passed after 3s 083ms)&#xD;
  STEP 5/5: THEN api client is successfully created...&#xD;
  STEP 5/5: THEN api client is successfully created (Passed after &lt;1ms)&#xD;
  SCENARIO RESULT: Passed after 6s 028ms</StdOut>
      </Output>
    </UnitTestResult>
    <UnitTestResult executionId="9a68e3f4-a796-4fd8-82e8-ce2fca9c71aa" testId="77f9b45b-4377-4390-5770-c750b2b23ade" testName="Skillaz.Tests.JobRequisition.JobRequisition_feature.Get_hire_request_by_company_Id" computerName="DESKTOP-F6SKA47" duration="00:00:03.1508851" startTime="2021-12-16T16:25:42.8525961+03:00" endTime="2021-12-16T16:25:42.8525985+03:00" testType="13cdc9d9-ddb5-4fa4-a97d-d965ccfc6d4b" outcome="Passed" testListId="8c84fa94-04c1-424b-9868-57a2d4851a1d" relativeResultsDirectory="9a68e3f4-a796-4fd8-82e8-ce2fca9c71aa">
      <Output>
        <StdOut>SCENARIO: Get hire request by company Id&#xD;
  STEP 1/10: GIVEN a company...&#xD;
  STEP 1/10: GIVEN a company (Passed after 128ms)&#xD;
  STEP 2/10: AND the authenticated user...&#xD;
  STEP 2/10: AND the authenticated user (Passed after 113ms)&#xD;
  STEP 3/10: AND the document model...&#xD;
  STEP 3/10: AND the document model (Passed after &lt;1ms)&#xD;
  STEP 4/10: AND request [statusKey: "Draft"] [vacancyId: "&lt;null&gt;"]...&#xD;
  STEP 4/10: AND request [statusKey: "Draft"] [vacancyId: "&lt;null&gt;"] (Passed after 1s 616ms)&#xD;
  STEP 5/10: AND request [statusKey: "Closed"] [vacancyId: "&lt;null&gt;"]...&#xD;
  STEP 5/10: AND request [statusKey: "Closed"] [vacancyId: "&lt;null&gt;"] (Passed after 2ms)&#xD;
  STEP 6/10: AND request [statusKey: "InWork"] [vacancyId: "&lt;null&gt;"]...&#xD;
  STEP 6/10: AND request [statusKey: "InWork"] [vacancyId: "&lt;null&gt;"] (Passed after 1ms)&#xD;
  STEP 7/10: AND request [statusKey: "InWork"] [vacancyId: "&lt;null&gt;"]...&#xD;
  STEP 7/10: AND request [statusKey: "InWork"] [vacancyId: "&lt;null&gt;"] (Passed after 1ms)&#xD;
  STEP 8/10: AND expected requestids by company...&#xD;
  STEP 8/10: AND expected requestids by company (Passed after 250ms)&#xD;
  STEP 9/10: WHEN get all requests by company id...&#xD;
  STEP 9/10: WHEN get all requests by company id (Passed after 569ms)&#xD;
  STEP 10/10: THEN requests status equals schemas status with tag...&#xD;
  STEP 10/10: THEN requests status equals schemas status with tag (Passed after &lt;1ms)&#xD;
  SCENARIO RESULT: Passed after 2s 746ms</StdOut>
      </Output>
    </UnitTestResult>
    <UnitTestResult executionId="dbfbd34e-555d-423e-bcde-43accd493a1e" testId="d82b29d6-a845-5b99-7d4c-77ec17dee196" testName="Skillaz.Tests.CompanySpecific.Mvideo.MvideoAvaliablePositionsRequestWithAdvancedSearch_feature.Check_avaliable_positions_request_with_advanced_search(staffCount: 4, employeesCount: 0, approvedCounts: [1, 3, 5], expected: (1, 4))" computerName="DESKTOP-F6SKA47" duration="00:00:00.0010000" startTime="2021-12-16T16:29:47.8618291+03:00" endTime="2021-12-16T16:29:47.8618349+03:00" testType="13cdc9d9-ddb5-4fa4-a97d-d965ccfc6d4b" outcome="NotExecuted" testListId="8c84fa94-04c1-424b-9868-57a2d4851a1d" relativeResultsDirectory="dbfbd34e-555d-423e-bcde-43accd493a1e">
      <Output>
        <StdOut>Вернуть как только поправим высчитывание заявок на поиск в mvideo</StdOut>
      </Output>
    </UnitTestResult>
    <UnitTestResult executionId="c88fef09-c73c-4e2b-a446-5e7d53423cf8" testId="43fa3491-849a-5391-2542-23baab91ea7f" testName="Skillaz.Tests.ProcessingRole.CandidateProcessingRoleControllerCandidateProcessingRoleController_feature.GetHiddenProcessingRolesForUser" computerName="DESKTOP-F6SKA47" duration="00:00:02.2346034" startTime="2021-12-16T16:26:35.6231815+03:00" endTime="2021-12-16T16:26:35.6231834+03:00" testType="13cdc9d9-ddb5-4fa4-a97d-d965ccfc6d4b" outcome="Passed" testListId="8c84fa94-04c1-424b-9868-57a2d4851a1d" relativeResultsDirectory="c88fef09-c73c-4e2b-a446-5e7d53423cf8">
      <Output>
        <StdOut>SCENARIO: GetHiddenProcessingRolesForUser&#xD;
  STEP 1/8: GIVEN a company...&#xD;
  STEP 1/8: GIVEN a company (Passed after 314ms)&#xD;
  STEP 2/8: AND a client configuration...&#xD;
  STEP 2/8: AND a client configuration (Passed after &lt;1ms)&#xD;
  STEP 3/8: AND the authenticated user...&#xD;
  STEP 3/8: AND the authenticated user (Passed after 738ms)&#xD;
  STEP 4/8: AND a funnel...&#xD;
  STEP 4/8: AND a funnel (Passed after 376ms)&#xD;
  STEP 5/8: AND a candidate...&#xD;
  STEP 5/8: AND a candidate (Passed after 248ms)&#xD;
  STEP 6/8: AND a non visible processing role...&#xD;
  STEP 6/8: AND a non visible processing role (Passed after 3ms)&#xD;
  STEP 7/8: WHEN GetProcessingRoles...&#xD;
  STEP 7/8: WHEN GetProcessingRoles (Passed after 368ms)&#xD;
  STEP 8/8: THEN non visible ProcessingRoles list...&#xD;
  STEP 8/8: THEN non visible ProcessingRoles list (Passed after 28ms)&#xD;
  SCENARIO RESULT: Passed after 2s 080ms</StdOut>
      </Output>
    </UnitTestResult>
    <UnitTestResult executionId="d4652440-4128-4290-a86e-a6b862aea621" testId="18e74ddc-470a-68cf-3674-58647f773684" testName="Skillaz.Tests.Assessment.Interviews.InterviewStepSwitcherFeature.Create_new_scenario_with_valid_check_type_scenario_has_check_type_to_start" computerName="DESKTOP-F6SKA47" duration="00:00:00.4009281" startTime="2021-12-16T16:24:46.9293227+03:00" endTime="2021-12-16T16:24:46.9293240+03:00" testType="13cdc9d9-ddb5-4fa4-a97d-d965ccfc6d4b" outcome="Passed" testListId="8c84fa94-04c1-424b-9868-57a2d4851a1d" relativeResultsDirectory="d4652440-4128-4290-a86e-a6b862aea621">
      <Output>
        <StdOut>SCENARIO: Create new scenario with valid check type scenario has check type to start&#xD;
  STEP 1/6: GIVEN a company...&#xD;
  STEP 1/6: GIVEN a company (Passed after 123ms)&#xD;
  STEP 2/6: AND the funnel...&#xD;
  STEP 2/6: AND the funnel (Passed after &lt;1ms)&#xD;
  STEP 3/6: AND the check type [CanStartFromAnyStatus: "True"] [addInFunnel: "True"]...&#xD;
  STEP 3/6: AND the check type [CanStartFromAnyStatus: "True"] [addInFunnel: "True"] (Passed after &lt;1ms)&#xD;
  STEP 4/6: AND the scenario [candidateCheckTypeToStart: "61bb3e1e7f10d6937478dfa0"]...&#xD;
  STEP 4/6: AND the scenario [candidateCheckTypeToStart: "61bb3e1e7f10d6937478dfa0"] (Passed after &lt;1ms)&#xD;
  STEP 5/6: WHEN scenario created...&#xD;
  STEP 5/6: WHEN scenario created (Passed after 175ms)&#xD;
  STEP 6/6: THEN scenario has valid check to start...&#xD;
  STEP 6/6: THEN scenario has valid check to start (Passed after &lt;1ms)&#xD;
  SCENARIO RESULT: Passed after 307ms</StdOut>
      </Output>
    </UnitTestResult>
    <UnitTestResult executionId="afdabf3f-bc1c-41ba-87d1-f4e4f88d24e7" testId="695a69c9-264c-d1c5-2032-535ef4bf39f9" testName="Skillaz.Tests.CompanySpecific.X5.Naumen.NaumenSlaTests.Sla_calculates_correctly_for_split_days(candidateTimeZone: 8, sla: 05:00:00, startDate: 2019-12-31T09:30:00.0000000Z, truth: [NaumenTimeRange { From = &quot;2019-12-31 12:30:00&quot;, To = &quot;2019-12-31 15:00:00&quot; }, NaumenTimeRange { From = &quot;2020-01-01 07:00:00&quot;, To = &quot;2020-01-01 09:30:00&quot; }])" computerName="DESKTOP-F6SKA47" duration="00:00:00.0000436" startTime="2021-12-16T16:16:29.0109832+03:00" endTime="2021-12-16T16:16:29.0109841+03:00" testType="13cdc9d9-ddb5-4fa4-a97d-d965ccfc6d4b" outcome="Passed" testListId="8c84fa94-04c1-424b-9868-57a2d4851a1d" relativeResultsDirectory="afdabf3f-bc1c-41ba-87d1-f4e4f88d24e7" />
    <UnitTestResult executionId="661c8b0f-d743-4bfc-81c7-5a87615d500e" testId="bec36f0a-693d-f936-d980-0693052ae868" testName="Skillaz.Tests.CompanySpecific.Mvideo.MvideoOpenApiBatchRequest_feature.Обновляет_пользователей_Директор_магазина_у_которых_права_на_несколько_магазинов_должны_остаться_прежние_права_и_роль_Директор_Магазина" computerName="DESKTOP-F6SKA47" duration="00:01:36.6982136" startTime="2021-12-16T16:21:47.7335316+03:00" endTime="2021-12-16T16:21:47.7335331+03:00" testType="13cdc9d9-ddb5-4fa4-a97d-d965ccfc6d4b" outcome="Passed" testListId="8c84fa94-04c1-424b-9868-57a2d4851a1d" relativeResultsDirectory="661c8b0f-d743-4bfc-81c7-5a87615d500e">
      <Output>
        <StdOut>SCENARIO: Обновляет пользователей Директор магазина у которых права на несколько магазинов должны остаться прежние права и роль Директор Магазина&#xD;
  STEP 1/7: GIVEN a company...&#xD;
  STEP 1/7: GIVEN a company (Passed after 601ms)&#xD;
  STEP 2/7: AND the authenticated api user...&#xD;
  STEP 2/7: AND the authenticated api user (Passed after 1s 406ms)&#xD;
  STEP 3/7: AND Дана клиентская конфигурация мвидео...&#xD;
  STEP 3/7: AND Дана клиентская конфигурация мвидео (Passed after &lt;1ms)&#xD;
  STEP 4/7: AND Даны роли...&#xD;
  STEP 4/7: AND Даны роли (Passed after 4ms)&#xD;
  STEP 5/7: AND Даны пользователи с правами на орг единицы...&#xD;
  STEP 5/7: AND Даны пользователи с правами на орг единицы (Passed after 196ms)&#xD;
  STEP 6/7: WHEN Когда приходит запрос от сап...&#xD;
  STEP 6/7: WHEN Когда приходит запрос от сап (Passed after 1m 33s)&#xD;
  STEP 7/7: THEN Проверить что у пользователя роль Директор Магазина и есть права на несколько орг единиц [userName: "дм_user_multi"] [expectedOrgUnitsIds: "multi_1, multi_2"]...&#xD;
  STEP 7/7: THEN Проверить что у пользователя роль Директор Магазина и есть права на несколько орг единиц [userName: "дм_user_multi"] [expectedOrgUnitsIds: "multi_1, multi_2"] (Passed after 4ms)&#xD;
  SCENARIO RESULT: Passed after 1m 36s</StdOut>
      </Output>
    </UnitTestResult>
    <UnitTestResult executionId="204fcba0-80a4-4771-911d-7d8d07d20f3a" testId="6b2dc9b3-733b-39cf-d8ed-29faef057ba2" testName="Для 1 и 2 числа перенос на 16 этого месяца, для 15 и 16 перенос на 2 следующего месяца(dateStrings: [&quot;2020-09-15&quot;, &quot;2020-09-16&quot;, &quot;2020-10-02&quot;])" computerName="DESKTOP-F6SKA47" duration="00:00:00.0000468" startTime="2021-12-16T16:16:29.5493999+03:00" endTime="2021-12-16T16:16:29.5494030+03:00" testType="13cdc9d9-ddb5-4fa4-a97d-d965ccfc6d4b" outcome="Passed" testListId="8c84fa94-04c1-424b-9868-57a2d4851a1d" relativeResultsDirectory="204fcba0-80a4-4771-911d-7d8d07d20f3a" />
    <UnitTestResult executionId="77556583-4f82-4a4f-a80b-390886e2673e" testId="8b4b8856-6521-0d01-eb0f-321cd25f2ad3" testName="Skillaz.Tests.HH.Publications.AdditionalRegionPublications_feature.Publish_vacancy_expect_error_with" computerName="DESKTOP-F6SKA47" duration="00:00:08.0541669" startTime="2021-12-16T16:27:21.6544246+03:00" endTime="2021-12-16T16:27:21.6544272+03:00" testType="13cdc9d9-ddb5-4fa4-a97d-d965ccfc6d4b" outcome="Passed" testListId="8c84fa94-04c1-424b-9868-57a2d4851a1d" relativeResultsDirectory="77556583-4f82-4a4f-a80b-390886e2673e">
      <Output>
        <StdOut>SCENARIO: Publish vacancy expect error with&#xD;
  STEP 1/8: GIVEN a company...&#xD;
  STEP 1/8: GIVEN a company (Passed after 199ms)&#xD;
  STEP 2/8: AND the vacancy in the company...&#xD;
  STEP 2/8: AND the vacancy in the company (Passed after 1s 346ms)&#xD;
  STEP 3/8: AND the authenticated user...&#xD;
  STEP 3/8: AND the authenticated user (Passed after 913ms)&#xD;
  STEP 4/8: AND Given hh vacancy template...&#xD;
  STEP 4/8: AND Given hh vacancy template (Passed after 444ms)&#xD;
  STEP 5/8: AND Given hh account [id: "testaccount"]...&#xD;
  STEP 5/8: AND Given hh account [id: "testaccount"] (Passed after 409ms)&#xD;
  STEP 6/8: AND Given vacancy publication request [vacancyAreaId: "area0"] [vacancyName: "vacancy1"]...&#xD;
  STEP 6/8: AND Given vacancy publication request [vacancyAreaId: "area0"] [vacancyName: "vacancy1"] (Passed after &lt;1ms)&#xD;
  STEP 7/8: WHEN When hh vacancy is published twice...&#xD;
  STEP 7/8: WHEN When hh vacancy is published twice (Passed after 2s 494ms)&#xD;
  STEP 8/8: THEN Then publication duplicate found exception is valid [hhItem: "9999"]...&#xD;
  STEP 8/8: THEN Then publication duplicate found exception is valid [hhItem: "9999"] (Passed after 24ms)&#xD;
  SCENARIO RESULT: Passed after 5s 850ms</StdOut>
      </Output>
    </UnitTestResult>
    <UnitTestResult executionId="c8b8bbf6-e2d2-4a9e-9de7-c40a3abc7f45" testId="39bbe88c-a5a1-69b6-0e18-a75bb02edd6c" testName="Skillaz.Tests.CompanySpecific.X5.Naumen.NaumenSlaTests.Sla_calculates_correctly_within_one_day(candidateTimeZone: 3, sla: 10:00:00, startDate: 2019-12-31T07:00:00.0000000Z, truth: [NaumenTimeRange { From = &quot;2019-12-31 10:00:00&quot;, To = &quot;2019-12-31 20:00:00&quot; }])" computerName="DESKTOP-F6SKA47" duration="00:00:00.0000922" startTime="2021-12-16T16:16:28.9073268+03:00" endTime="2021-12-16T16:16:28.9073323+03:00" testType="13cdc9d9-ddb5-4fa4-a97d-d965ccfc6d4b" outcome="Passed" testListId="8c84fa94-04c1-424b-9868-57a2d4851a1d" relativeResultsDirectory="c8b8bbf6-e2d2-4a9e-9de7-c40a3abc7f45" />
    <UnitTestResult executionId="65fa25c1-033d-4879-b01f-5b478d58d7b4" testId="019b787c-88b2-9680-3a7b-9251d2235f77" testName="Skillaz.Tests.CompanySpecific.X5.Naumen.NaumenSlaTests.Sla_calculates_correctly_for_next_day(candidateTimeZone: 5, sla: 02:00:00, startDate: 2019-12-31T15:30:00.0000000Z, truth: [NaumenTimeRange { From = &quot;2020-01-01 07:00:00&quot;, To = &quot;2020-01-01 09:00:00&quot; }])" computerName="DESKTOP-F6SKA47" duration="00:00:00.0000327" startTime="2021-12-16T16:16:29.0969227+03:00" endTime="2021-12-16T16:16:29.0969231+03:00" testType="13cdc9d9-ddb5-4fa4-a97d-d965ccfc6d4b" outcome="Passed" testListId="8c84fa94-04c1-424b-9868-57a2d4851a1d" relativeResultsDirectory="65fa25c1-033d-4879-b01f-5b478d58d7b4" />
    <UnitTestResult executionId="b517ce03-06ad-4c2e-ac22-9c261129b375" testId="705e4a16-2c6c-adf2-ec27-78ba7cb61297" testName="Skillaz.Tests.CompanySpecific.Sberbank.SberPositionsTests.SberPositionCommand_should_work_as_expected(vacancyName: &quot;Менеджер по ключевым клиентам малый&quot;, expectedPositionId: &quot;key_client_manger_sber_mmb&quot;)" computerName="DESKTOP-F6SKA47" duration="00:00:00.0732232" startTime="2021-12-16T16:16:29.6753934+03:00" endTime="2021-12-16T16:16:29.6753939+03:00" testType="13cdc9d9-ddb5-4fa4-a97d-d965ccfc6d4b" outcome="Passed" testListId="8c84fa94-04c1-424b-9868-57a2d4851a1d" relativeResultsDirectory="b517ce03-06ad-4c2e-ac22-9c261129b375" />
    <UnitTestResult executionId="379c5899-b9e4-4bce-bbda-3d1986e4cda1" testId="b241b7f3-d855-6ecc-6c7e-b074795502a7" testName="Skillaz.Tests.Candidate.Ratings.Ratings_feature.Update_rating_criterion_name" computerName="DESKTOP-F6SKA47" duration="00:00:14.3094348" startTime="2021-12-16T16:23:33.0689507+03:00" endTime="2021-12-16T16:23:33.0689656+03:00" testType="13cdc9d9-ddb5-4fa4-a97d-d965ccfc6d4b" outcome="Passed" testListId="8c84fa94-04c1-424b-9868-57a2d4851a1d" relativeResultsDirectory="379c5899-b9e4-4bce-bbda-3d1986e4cda1">
      <Output>
        <StdOut>SCENARIO: Update rating criterion name&#xD;
  STEP 1/15: GIVEN a services...&#xD;
  STEP 1/15: GIVEN a services (Passed after 2ms)&#xD;
  STEP 2/15: AND a company...&#xD;
  STEP 2/15: AND a company (Passed after 99ms)&#xD;
  STEP 3/15: AND the authenticated user...&#xD;
  STEP 3/15: AND the authenticated user (Passed after 334ms)&#xD;
  STEP 4/15: AND the vacancy in the company...&#xD;
  STEP 4/15: AND the vacancy in the company (Passed after 64ms)&#xD;
  STEP 5/15: AND a candidate...&#xD;
  STEP 5/15: AND a candidate (Passed after 45ms)&#xD;
  STEP 6/15: AND a rating...&#xD;
  STEP 6/15: AND a rating (Passed after &lt;1ms)&#xD;
  STEP 7/15: WHEN rating created...&#xD;
  STEP 7/15: WHEN rating created (Passed after 74ms)&#xD;
  STEP 8/15: GIVEN a criteria...&#xD;
  STEP 8/15: GIVEN a criteria (Passed after &lt;1ms)&#xD;
  STEP 9/15: WHEN criterion created...&#xD;
  STEP 9/15: WHEN criterion created (Passed after 121ms)&#xD;
  STEP 10/15: GIVEN a candidate rating...&#xD;
  STEP 10/15: GIVEN a candidate rating (Passed after &lt;1ms)&#xD;
  STEP 11/15: WHEN candidate rating created...&#xD;
  STEP 11/15: WHEN candidate rating created (Passed after 109ms)&#xD;
  STEP 12/15: THEN rating and criterion exist...&#xD;
  STEP 12/15: THEN rating and criterion exist (Passed after 7ms)&#xD;
  STEP 13/15: AND documents filled...&#xD;
  STEP 13/15: AND documents filled (Passed after 5ms)&#xD;
  STEP 14/15: WHEN criterion name updated...&#xD;
  STEP 14/15: WHEN criterion name updated (Passed after 12s 571ms)&#xD;
  STEP 15/15: THEN documents updated criterion...&#xD;
  STEP 15/15: THEN documents updated criterion (Passed after 507ms)&#xD;
  SCENARIO RESULT: Passed after 13s 965ms</StdOut>
      </Output>
    </UnitTestResult>
    <UnitTestResult executionId="1a506e42-b5c1-477d-8ab1-45a3307377fe" testId="df7a440f-ebff-54a7-6065-4028a377c549" testName="Skillaz.Tests.Assessment.Questionnaires.ShlQuestionnaire_feature.Getting_a_questionnaire_list" computerName="DESKTOP-F6SKA47" duration="00:00:06.6269406" startTime="2021-12-16T16:24:05.7985042+03:00" endTime="2021-12-16T16:24:05.7985074+03:00" testType="13cdc9d9-ddb5-4fa4-a97d-d965ccfc6d4b" outcome="Passed" testListId="8c84fa94-04c1-424b-9868-57a2d4851a1d" relativeResultsDirectory="1a506e42-b5c1-477d-8ab1-45a3307377fe">
      <Output>
        <StdOut>SCENARIO: Getting a questionnaire list&#xD;
  STEP 1/5: GIVEN a company...&#xD;
  STEP 1/5: GIVEN a company (Passed after 131ms)&#xD;
  STEP 2/5: AND the authenticated user...&#xD;
  STEP 2/5: AND the authenticated user (Passed after 1s 094ms)&#xD;
  STEP 3/5: AND the questionnaire...&#xD;
  STEP 3/5: AND the questionnaire (Passed after 2s 893ms)&#xD;
  STEP 4/5: WHEN questionnaire list is requested...&#xD;
  STEP 4/5: WHEN questionnaire list is requested (Passed after 1s 454ms)&#xD;
  STEP 5/5: Questionnaire list should be retrieved...&#xD;
  STEP 5/5: Questionnaire list should be retrieved (Passed after 14ms)&#xD;
  SCENARIO RESULT: Passed after 5s 668ms</StdOut>
      </Output>
    </UnitTestResult>
    <UnitTestResult executionId="82cb4ed3-23a2-4547-ba04-3d4327f901d0" testId="5b043f37-1fd0-1aaa-b976-b40b2aa89f0a" testName="Skillaz.Tests.Configurator.SecurityProfile.ConfiguratorSecurityProfileCandidate_feature.Candidate_is_available_by_request_only_rule" computerName="DESKTOP-F6SKA47" duration="00:00:15.6462599" startTime="2021-12-16T16:27:41.7169277+03:00" endTime="2021-12-16T16:27:41.7169355+03:00" testType="13cdc9d9-ddb5-4fa4-a97d-d965ccfc6d4b" outcome="Passed" testListId="8c84fa94-04c1-424b-9868-57a2d4851a1d" relativeResultsDirectory="82cb4ed3-23a2-4547-ba04-3d4327f901d0">
      <Output>
        <StdOut>SCENARIO: Candidate is available by request only rule&#xD;
  STEP 1/9: GIVEN a company...&#xD;
  STEP 1/9: GIVEN a company (Passed after 435ms)&#xD;
  STEP 2/9: AND the user with security profile [securityProfile: "SecurityProfile"]...&#xD;
  STEP 2/9: AND the user with security profile [securityProfile: "SecurityProfile"] (Passed after 888ms)&#xD;
  STEP 3/9: AND the vacancy config...&#xD;
  STEP 3/9: AND the vacancy config (Passed after 361ms)&#xD;
  STEP 4/9: AND the hire request config [hireRequestType: "HireRequest.HireRequest"]...&#xD;
  STEP 4/9: AND the hire request config [hireRequestType: "HireRequest.HireRequest"] (Passed after &lt;1ms)&#xD;
  STEP 5/9: AND security profile cfg request only...&#xD;
  STEP 5/9: AND security profile cfg request only (Passed after 380ms)&#xD;
  STEP 6/9: AND the vacancies...&#xD;
  STEP 6/9: AND the vacancies (Passed after 195ms)&#xD;
  STEP 7/9: AND the candidates with request only...&#xD;
  STEP 7/9: AND the candidates with request only (Passed after 2s 333ms)&#xD;
  STEP 8/9: WHEN filter candidates...&#xD;
  STEP 8/9: WHEN filter candidates (Passed after 7s 537ms)&#xD;
  STEP 9/9: THEN candidate visibility check...&#xD;
  STEP 9/9: THEN candidate visibility check (Passed after &lt;1ms)&#xD;
  SCENARIO RESULT: Passed after 12s 148ms</StdOut>
      </Output>
    </UnitTestResult>
    <UnitTestResult executionId="9438f80c-ee6b-4e60-8ba4-e652d9f1ed10" testId="39bbe88c-a5a1-69b6-0e18-a75bb02edd6c" testName="Skillaz.Tests.CompanySpecific.X5.Naumen.NaumenSlaTests.Sla_calculates_correctly_within_one_day(candidateTimeZone: 8, sla: 06:00:00, startDate: 2019-12-31T06:00:00.0000000Z, truth: [NaumenTimeRange { From = &quot;2019-12-31 09:00:00&quot;, To = &quot;2019-12-31 15:00:00&quot; }])" computerName="DESKTOP-F6SKA47" duration="00:00:00.0000578" startTime="2021-12-16T16:16:29.0229196+03:00" endTime="2021-12-16T16:16:29.0229201+03:00" testType="13cdc9d9-ddb5-4fa4-a97d-d965ccfc6d4b" outcome="Passed" testListId="8c84fa94-04c1-424b-9868-57a2d4851a1d" relativeResultsDirectory="9438f80c-ee6b-4e60-8ba4-e652d9f1ed10" />
    <UnitTestResult executionId="e1a065f3-f6e2-4fdc-b4c5-d8b4e2441136" testId="d86801d4-d884-8230-285b-f76728c1d308" testName="Skillaz.Tests.Candidate.RestrictionsVisibilityCandidatesStatuses_feature.User_has_visibility_statuses_and_he_can_see_candidates" computerName="DESKTOP-F6SKA47" duration="00:00:01.2309531" startTime="2021-12-16T16:26:21.2391370+03:00" endTime="2021-12-16T16:26:21.2391396+03:00" testType="13cdc9d9-ddb5-4fa4-a97d-d965ccfc6d4b" outcome="Passed" testListId="8c84fa94-04c1-424b-9868-57a2d4851a1d" relativeResultsDirectory="e1a065f3-f6e2-4fdc-b4c5-d8b4e2441136">
      <Output>
        <StdOut>SCENARIO: User has visibility statuses and he can see candidates&#xD;
  STEP 1/4: GIVEN a company [companyId: "testCompany"]...&#xD;
  STEP 1/4: GIVEN a company [companyId: "testCompany"] (Passed after 172ms)&#xD;
  STEP 2/4: AND a candidate with equal funnel and status...&#xD;
  STEP 2/4: AND a candidate with equal funnel and status (Passed after 169ms)&#xD;
  STEP 3/4: WHEN CandidateFilterProcessor is filtered...&#xD;
  STEP 3/4: WHEN CandidateFilterProcessor is filtered (Passed after 792ms)&#xD;
  STEP 4/4: It should be one candidate in result...&#xD;
  STEP 4/4: It should be one candidate in result (Passed after &lt;1ms)&#xD;
  SCENARIO RESULT: Passed after 1s 142ms</StdOut>
      </Output>
    </UnitTestResult>
    <UnitTestResult executionId="1e0755c9-7bee-4af0-afe2-dffa43e5e57c" testId="9ab2133a-47a5-e811-ebec-4358421f27bb" testName="Skillaz.Tests.Candidate.Candidate_appointment_feature.Appointments_should_not_be_deleted" computerName="DESKTOP-F6SKA47" duration="00:00:05.5638097" startTime="2021-12-16T16:19:02.7706899+03:00" endTime="2021-12-16T16:19:02.7707020+03:00" testType="13cdc9d9-ddb5-4fa4-a97d-d965ccfc6d4b" outcome="Passed" testListId="8c84fa94-04c1-424b-9868-57a2d4851a1d" relativeResultsDirectory="1e0755c9-7bee-4af0-afe2-dffa43e5e57c">
      <Output>
        <StdOut>SCENARIO: Appointments should not be deleted&#xD;
  STEP 1/7: GIVEN a company...&#xD;
  STEP 1/7: GIVEN a company (Passed after 637ms)&#xD;
  STEP 2/7: AND the authenticated user...&#xD;
  STEP 2/7: AND the authenticated user (Passed after 586ms)&#xD;
  STEP 3/7: AND the vacancy in the company...&#xD;
  STEP 3/7: AND the vacancy in the company (Passed after 109ms)&#xD;
  STEP 4/7: AND candidate...&#xD;
  STEP 4/7: AND candidate (Passed after 258ms)&#xD;
  STEP 5/7: WHEN candidate is switched to initial status...&#xD;
  STEP 5/7: WHEN candidate is switched to initial status (Passed after 1s 084ms)&#xD;
  STEP 6/7: AND filter is applied...&#xD;
  STEP 6/7: AND filter is applied (Passed after 1s 788ms)&#xD;
  STEP 7/7: THEN result should contain candidate...&#xD;
  STEP 7/7: THEN result should contain candidate (Passed after 1ms)&#xD;
  SCENARIO RESULT: Passed after 4s 559ms</StdOut>
      </Output>
    </UnitTestResult>
    <UnitTestResult executionId="acdc60bc-f58f-4211-b908-2dce1813d8c1" testId="019b787c-88b2-9680-3a7b-9251d2235f77" testName="Skillaz.Tests.CompanySpecific.X5.Naumen.NaumenSlaTests.Sla_calculates_correctly_for_next_day(candidateTimeZone: 6, sla: 02:00:00, startDate: 2019-12-31T21:00:00.0000000Z, truth: [NaumenTimeRange { From = &quot;2020-01-01 07:00:00&quot;, To = &quot;2020-01-01 09:00:00&quot; }])" computerName="DESKTOP-F6SKA47" duration="00:00:00.0000847" startTime="2021-12-16T16:16:29.1210175+03:00" endTime="2021-12-16T16:16:29.1210179+03:00" testType="13cdc9d9-ddb5-4fa4-a97d-d965ccfc6d4b" outcome="Passed" testListId="8c84fa94-04c1-424b-9868-57a2d4851a1d" relativeResultsDirectory="acdc60bc-f58f-4211-b908-2dce1813d8c1" />
    <UnitTestResult executionId="dd134e74-8c90-4450-bc3d-5464b7374935" testId="4c3c09fc-9636-1fef-404f-df235eaa0601" testName="Skillaz.Tests.CompanySpecific.Uralchem.UralchemSSOAuth_feature.Авторизация_пользователя_когда_core_логика_не_нашла_пользователя" computerName="DESKTOP-F6SKA47" duration="00:00:12.0905862" startTime="2021-12-16T16:24:07.9510498+03:00" endTime="2021-12-16T16:24:07.9510522+03:00" testType="13cdc9d9-ddb5-4fa4-a97d-d965ccfc6d4b" outcome="Passed" testListId="8c84fa94-04c1-424b-9868-57a2d4851a1d" relativeResultsDirectory="dd134e74-8c90-4450-bc3d-5464b7374935">
      <Output>
        <StdOut>SCENARIO: Авторизация пользователя когда core логика не нашла пользователя&#xD;
  STEP 1/7: GIVEN a company [companyId: "uralchem"]...&#xD;
  STEP 1/7: GIVEN a company [companyId: "uralchem"] (Passed after 476ms)&#xD;
  STEP 2/7: AND the authenticated user...&#xD;
  STEP 2/7: AND the authenticated user (Passed after 1s 025ms)&#xD;
  STEP 3/7: AND uralchem reference values...&#xD;
  STEP 3/7: AND uralchem reference values (Passed after 1s 987ms)&#xD;
  STEP 4/7: AND uralchem role with sso groups...&#xD;
  STEP 4/7: AND uralchem role with sso groups (Passed after 18ms)&#xD;
  STEP 5/7: WHEN use auth use sso [userName: "recruterUserName"] [samlClaims: "ssoGroup: recuterSsoGroup, userName: recruterUserName"] [isFindUserToDataBase: "False"]...&#xD;
  STEP 5/7: WHEN use auth use sso [userName: "recruterUserName"] [samlClaims: "ssoGroup: recuterSsoGroup, userName: recruterUserName"] [isFindUserToDataBase: "False"] (Passed after 6s 358ms)&#xD;
  STEP 6/7: THEN user is created and correct role [userName: "recruterUserName"] [roleTag: "Skillaz.Framework.Auth.RoleTag"]...&#xD;
  STEP 6/7: THEN user is created and correct role [userName: "recruterUserName"] [roleTag: "Skillaz.Framework.Auth.RoleTag"] (Passed after 4ms)&#xD;
  STEP 7/7: AND user is correct link to organization [userName: "recruterUserName"] [organizationId: "testOrgnanization"]...&#xD;
  STEP 7/7: AND user is correct link to organization [userName: "recruterUserName"] [organizationId: "testOrgnanization"] (Passed after 702ms)&#xD;
  SCENARIO RESULT: Passed after 10s 614ms</StdOut>
      </Output>
    </UnitTestResult>
    <UnitTestResult executionId="563f9d62-597f-4281-9bad-a8221f7d26db" testId="e7e0f521-2210-e3b8-073a-a44b8f42ad57" testName="Skillaz.Tests.Validators.ListSizeFieldValidator_feature.Should_show_default_size_not_equal_error_message_when_validate" computerName="DESKTOP-F6SKA47" duration="00:00:00.0305863" startTime="2021-12-16T16:28:34.2755861+03:00" endTime="2021-12-16T16:28:34.2755882+03:00" testType="13cdc9d9-ddb5-4fa4-a97d-d965ccfc6d4b" outcome="Passed" testListId="8c84fa94-04c1-424b-9868-57a2d4851a1d" relativeResultsDirectory="563f9d62-597f-4281-9bad-a8221f7d26db">
      <Output>
        <StdOut>SCENARIO: Should show default size not equal error message when validate&#xD;
  STEP 1/6: GIVEN min size and max value equals two...&#xD;
  STEP 1/6: GIVEN min size and max value equals two (Passed after 1ms)&#xD;
  STEP 2/6: AND ListSizeFieldValidator with default error messages...&#xD;
  STEP 2/6: AND ListSizeFieldValidator with default error messages (Passed after &lt;1ms)&#xD;
  STEP 3/6: AND document with valid string list field...&#xD;
  STEP 3/6: AND document with valid string list field (Passed after &lt;1ms)&#xD;
  STEP 4/6: Run validator...&#xD;
  STEP 4/6: Run validator (Passed after &lt;1ms)&#xD;
  STEP 5/6: Assert result is not valid...&#xD;
  STEP 5/6: Assert result is not valid (Passed after &lt;1ms)&#xD;
  STEP 6/6: Assert default size not equal error message in validation result...&#xD;
  STEP 6/6: Assert default size not equal error message in validation result (Passed after &lt;1ms)&#xD;
  SCENARIO RESULT: Passed after 4ms</StdOut>
      </Output>
    </UnitTestResult>
    <UnitTestResult executionId="7bbed004-8c9a-483f-bb4f-afbc8bcb3ac8" testId="b724eeda-1e4e-e7d6-f7d8-4705ee17d93d" testName="Skillaz.Tests.Authorization.LoginCommand_feature.Do_incorrect_login_by_email_expects_attempts_increment" computerName="DESKTOP-F6SKA47" duration="00:00:04.0911981" startTime="2021-12-16T16:24:37.3506080+03:00" endTime="2021-12-16T16:24:37.3506102+03:00" testType="13cdc9d9-ddb5-4fa4-a97d-d965ccfc6d4b" outcome="Passed" testListId="8c84fa94-04c1-424b-9868-57a2d4851a1d" relativeResultsDirectory="7bbed004-8c9a-483f-bb4f-afbc8bcb3ac8">
      <Output>
        <StdOut>SCENARIO: Do incorrect login by email expects attempts increment&#xD;
  STEP 1/4: GIVEN a company...&#xD;
  STEP 1/4: GIVEN a company (Passed after 1s 596ms)&#xD;
  STEP 2/4: AND a user...&#xD;
  STEP 2/4: AND a user (Passed after 826ms)&#xD;
  STEP 3/4: WHEN doing a failing login "v.pupkin@skillaz.co" attempt...&#xD;
  STEP 3/4: WHEN doing a failing login "v.pupkin@skillaz.co" attempt (Passed after 507ms)&#xD;
  STEP 4/4: THEN ensure that login attempts incremented...&#xD;
  STEP 4/4: THEN ensure that login attempts incremented (Passed after 1ms)&#xD;
  SCENARIO RESULT: Passed after 3s 126ms</StdOut>
      </Output>
    </UnitTestResult>
    <UnitTestResult executionId="a8614ee6-2e2e-4152-8786-3598ab1abeb6" testId="019b787c-88b2-9680-3a7b-9251d2235f77" testName="Skillaz.Tests.CompanySpecific.X5.Naumen.NaumenSlaTests.Sla_calculates_correctly_for_next_day(candidateTimeZone: 4, sla: 02:00:00, startDate: 2019-12-31T21:00:00.0000000Z, truth: [NaumenTimeRange { From = &quot;2020-01-01 08:00:00&quot;, To = &quot;2020-01-01 10:00:00&quot; }])" computerName="DESKTOP-F6SKA47" duration="00:00:00.0000853" startTime="2021-12-16T16:16:29.0929063+03:00" endTime="2021-12-16T16:16:29.0929122+03:00" testType="13cdc9d9-ddb5-4fa4-a97d-d965ccfc6d4b" outcome="Passed" testListId="8c84fa94-04c1-424b-9868-57a2d4851a1d" relativeResultsDirectory="a8614ee6-2e2e-4152-8786-3598ab1abeb6" />
    <UnitTestResult executionId="4c186595-a6ca-4c9c-9a32-f8882caf9e8e" testId="39be84e9-f5b3-e4f2-ecff-2a0209c9cf71" testName="Skillaz.Tests.AsyncEnumerable.AsyncEnumerableTests.Batching_works_for_empty_async_enumerable" computerName="DESKTOP-F6SKA47" duration="00:00:00.0243708" startTime="2021-12-16T16:16:29.9430258+03:00" endTime="2021-12-16T16:16:29.9430293+03:00" testType="13cdc9d9-ddb5-4fa4-a97d-d965ccfc6d4b" outcome="Passed" testListId="8c84fa94-04c1-424b-9868-57a2d4851a1d" relativeResultsDirectory="4c186595-a6ca-4c9c-9a32-f8882caf9e8e" />
    <UnitTestResult executionId="890f2b39-9d70-440c-a1e8-0d3172570e0c" testId="0984823e-539d-bd57-2e56-4d2656c729e0" testName="Для 1 и 2 числа перенос на 16 этого месяца, для 15 и 16 перенос на 2 следующего месяца(dateStrings: [&quot;2020-09-01&quot;, &quot;2020-09-02&quot;, &quot;2020-09-16&quot;])" computerName="DESKTOP-F6SKA47" duration="00:00:00.0422301" startTime="2021-12-16T16:16:29.5398406+03:00" endTime="2021-12-16T16:16:29.5398421+03:00" testType="13cdc9d9-ddb5-4fa4-a97d-d965ccfc6d4b" outcome="Passed" testListId="8c84fa94-04c1-424b-9868-57a2d4851a1d" relativeResultsDirectory="890f2b39-9d70-440c-a1e8-0d3172570e0c" />
    <UnitTestResult executionId="1f9def85-8abf-452e-ba4e-2410cb06bf31" testId="0c097761-7650-d9ae-4f1f-936886c3f7d5" testName="Skillaz.Tests.CompanySpecific.Decathlon.DecathlonCheckMiddleNameAndCitizenshipIsFilledTrigger_feature.MiddleName_and_citizenship_are_filled" computerName="DESKTOP-F6SKA47" duration="00:00:09.6503540" startTime="2021-12-16T16:25:24.3296327+03:00" endTime="2021-12-16T16:25:24.3296356+03:00" testType="13cdc9d9-ddb5-4fa4-a97d-d965ccfc6d4b" outcome="Passed" testListId="8c84fa94-04c1-424b-9868-57a2d4851a1d" relativeResultsDirectory="1f9def85-8abf-452e-ba4e-2410cb06bf31">
      <Output>
        <StdOut>SCENARIO: MiddleName and citizenship are filled&#xD;
  STEP 1/6: GIVEN a company [companyId: "decathlonCompany"]...&#xD;
  STEP 1/6: GIVEN a company [companyId: "decathlonCompany"] (Passed after 144ms)&#xD;
  STEP 2/6: AND the authenticated admin user...&#xD;
  STEP 2/6: AND the authenticated admin user (Passed after 359ms)&#xD;
  STEP 3/6: AND the vacancy in the company...&#xD;
  STEP 3/6: AND the vacancy in the company (Passed after 286ms)&#xD;
  STEP 4/6: AND a candidate [middleName: "Testovich"] [citizenship: "Russia"]...&#xD;
  STEP 4/6: AND a candidate [middleName: "Testovich"] [citizenship: "Russia"] (Passed after 181ms)&#xD;
  STEP 5/6: WHEN trigger executed...&#xD;
  STEP 5/6: WHEN trigger executed (Passed after 7s 944ms)&#xD;
  STEP 6/6: THEN no exception is thrown...&#xD;
  STEP 6/6: THEN no exception is thrown (Passed after &lt;1ms)&#xD;
  SCENARIO RESULT: Passed after 9s 198ms</StdOut>
      </Output>
    </UnitTestResult>
    <UnitTestResult executionId="6d6537a9-1075-4b4c-aa9f-e6bc2b8f4244" testId="695a69c9-264c-d1c5-2032-535ef4bf39f9" testName="Skillaz.Tests.CompanySpecific.X5.Naumen.NaumenSlaTests.Sla_calculates_correctly_for_split_days(candidateTimeZone: 10, sla: 04:00:00, startDate: 2019-12-31T08:00:00.0000000Z, truth: [NaumenTimeRange { From = &quot;2019-12-31 11:00:00&quot;, To = &quot;2019-12-31 13:00:00&quot; }, NaumenTimeRange { From = &quot;2020-01-01 07:00:00&quot;, To = &quot;2020-01-01 09:00:00&quot; }])" computerName="DESKTOP-F6SKA47" duration="00:00:00.0001246" startTime="2021-12-16T16:16:29.0229780+03:00" endTime="2021-12-16T16:16:29.0229786+03:00" testType="13cdc9d9-ddb5-4fa4-a97d-d965ccfc6d4b" outcome="Passed" testListId="8c84fa94-04c1-424b-9868-57a2d4851a1d" relativeResultsDirectory="6d6537a9-1075-4b4c-aa9f-e6bc2b8f4244" />
    <UnitTestResult executionId="ddbe88d3-e4a9-4b9c-8087-19dd4eb0b20a" testId="e55901a6-3a33-8256-bf90-1e4123443361" testName="Skillaz.Tests.Candidate.Elastic.CandidateElasticFiltration_feature.Retrieving_candidates_by_appointment" computerName="DESKTOP-F6SKA47" duration="00:00:00.0010000" startTime="2021-12-16T16:24:40.1422885+03:00" endTime="2021-12-16T16:24:40.1422912+03:00" testType="13cdc9d9-ddb5-4fa4-a97d-d965ccfc6d4b" outcome="NotExecuted" testListId="8c84fa94-04c1-424b-9868-57a2d4851a1d" relativeResultsDirectory="ddbe88d3-e4a9-4b9c-8087-19dd4eb0b20a">
      <Output>
        <StdOut>You need Elasticsearch 7.5 local instance on 9200 port</StdOut>
      </Output>
    </UnitTestResult>
    <UnitTestResult executionId="88edd735-2ff6-476c-a32e-abd338df1641" testId="019b787c-88b2-9680-3a7b-9251d2235f77" testName="Skillaz.Tests.CompanySpecific.X5.Naumen.NaumenSlaTests.Sla_calculates_correctly_for_next_day(candidateTimeZone: 2, sla: 02:00:00, startDate: 2019-12-31T22:30:00.0000000Z, truth: [NaumenTimeRange { From = &quot;2020-01-01 10:00:00&quot;, To = &quot;2020-01-01 12:00:00&quot; }])" computerName="DESKTOP-F6SKA47" duration="00:00:00.0000270" startTime="2021-12-16T16:16:29.0598313+03:00" endTime="2021-12-16T16:16:29.0598318+03:00" testType="13cdc9d9-ddb5-4fa4-a97d-d965ccfc6d4b" outcome="Passed" testListId="8c84fa94-04c1-424b-9868-57a2d4851a1d" relativeResultsDirectory="88edd735-2ff6-476c-a32e-abd338df1641" />
    <UnitTestResult executionId="b554502e-4308-4ee4-afca-31506f8fbfaf" testId="7fa44dcb-157a-fc13-241c-678be1ca4dbb" testName="Skillaz.Tests.Assessment.Questionnaires.SelfEntryQuestionnaire_feature.Creating_a_self_entry_questionnaire" computerName="DESKTOP-F6SKA47" duration="00:00:05.2653881" startTime="2021-12-16T16:26:38.6915486+03:00" endTime="2021-12-16T16:26:38.6915512+03:00" testType="13cdc9d9-ddb5-4fa4-a97d-d965ccfc6d4b" outcome="Passed" testListId="8c84fa94-04c1-424b-9868-57a2d4851a1d" relativeResultsDirectory="b554502e-4308-4ee4-afca-31506f8fbfaf">
      <Output>
        <StdOut>SCENARIO: Creating a self entry questionnaire&#xD;
  STEP 1/4: GIVEN a company...&#xD;
  STEP 1/4: GIVEN a company (Passed after 365ms)&#xD;
  STEP 2/4: AND the authenticated user...&#xD;
  STEP 2/4: AND the authenticated user (Passed after 764ms)&#xD;
  STEP 3/4: WHEN self entry questionnaire is created...&#xD;
  STEP 3/4: WHEN self entry questionnaire is created (Passed after 499ms)&#xD;
  STEP 4/4: THEN self entry questionnaire should be created...&#xD;
  STEP 4/4: THEN self entry questionnaire should be created (Passed after 3s 202ms)&#xD;
  SCENARIO RESULT: Passed after 4s 833ms</StdOut>
      </Output>
    </UnitTestResult>
    <UnitTestResult executionId="6df2565a-59aa-4f76-91ff-34978b43875b" testId="15434553-49df-d2ec-afdc-f118b78d1dda" testName="Skillaz.Tests.TaskTracker.TaskVacancyFilter_feature.Task_is_created_if_vacancy_is_matched_by_vacancy_filter" computerName="DESKTOP-F6SKA47" duration="00:00:05.5274290" startTime="2021-12-16T16:24:04.6969098+03:00" endTime="2021-12-16T16:24:04.6969177+03:00" testType="13cdc9d9-ddb5-4fa4-a97d-d965ccfc6d4b" outcome="Passed" testListId="8c84fa94-04c1-424b-9868-57a2d4851a1d" relativeResultsDirectory="6df2565a-59aa-4f76-91ff-34978b43875b">
      <Output>
        <StdOut>SCENARIO: Task is created if vacancy is matched by vacancy filter&#xD;
  STEP 1/7: GIVEN a company...&#xD;
  STEP 1/7: GIVEN a company (Passed after 133ms)&#xD;
  STEP 2/7: AND the authenticated user...&#xD;
  STEP 2/7: AND the authenticated user (Passed after 1s 055ms)&#xD;
  STEP 3/7: AND the client configuration for company...&#xD;
  STEP 3/7: AND the client configuration for company (Passed after 2s 425ms)&#xD;
  STEP 4/7: AND a candidate in a vacancy...&#xD;
  STEP 4/7: AND a candidate in a vacancy (Passed after 181ms)&#xD;
  STEP 5/7: AND task tracker configuration with vacancy active filter...&#xD;
  STEP 5/7: AND task tracker configuration with vacancy active filter (Passed after 164ms)&#xD;
  STEP 6/7: WHEN candidate state changed...&#xD;
  STEP 6/7: WHEN candidate state changed (Passed after 718ms)&#xD;
  STEP 7/7: THEN task is created for candidate...&#xD;
  STEP 7/7: THEN task is created for candidate (Passed after 1ms)&#xD;
  SCENARIO RESULT: Passed after 4s 687ms</StdOut>
      </Output>
    </UnitTestResult>
    <UnitTestResult executionId="4bf8f94a-fb24-4ec2-8462-1f3aed22a12e" testId="019b787c-88b2-9680-3a7b-9251d2235f77" testName="Skillaz.Tests.CompanySpecific.X5.Naumen.NaumenSlaTests.Sla_calculates_correctly_for_next_day(candidateTimeZone: 4, sla: 02:00:00, startDate: 2019-12-31T18:30:00.0000000Z, truth: [NaumenTimeRange { From = &quot;2020-01-01 08:00:00&quot;, To = &quot;2020-01-01 10:00:00&quot; }])" computerName="DESKTOP-F6SKA47" duration="00:00:00.0001016" startTime="2021-12-16T16:16:29.0875380+03:00" endTime="2021-12-16T16:16:29.0875384+03:00" testType="13cdc9d9-ddb5-4fa4-a97d-d965ccfc6d4b" outcome="Passed" testListId="8c84fa94-04c1-424b-9868-57a2d4851a1d" relativeResultsDirectory="4bf8f94a-fb24-4ec2-8462-1f3aed22a12e" />
    <UnitTestResult executionId="393abcb4-3619-4af3-91da-bbc3d26b7773" testId="65c2b00a-bbdc-9a5b-b491-679018a43b18" testName="Skillaz.Tests.HH.HHWebhook_feature.HH_Check_that_not_subscribe_when_link_publication_and_we_are_admin" computerName="DESKTOP-F6SKA47" duration="00:00:00.0010000" startTime="2021-12-16T16:24:45.8023685+03:00" endTime="2021-12-16T16:24:45.8023700+03:00" testType="13cdc9d9-ddb5-4fa4-a97d-d965ccfc6d4b" outcome="NotExecuted" testListId="8c84fa94-04c1-424b-9868-57a2d4851a1d" relativeResultsDirectory="393abcb4-3619-4af3-91da-bbc3d26b7773">
      <Output>
        <StdOut>for tests</StdOut>
      </Output>
    </UnitTestResult>
    <UnitTestResult executionId="c91cab42-cf54-4792-9752-469145691362" testId="77fb0d3f-3517-6179-5d29-607af3a3e374" testName="Skillaz.Tests.Candidate.CandidateCard_feature.Current_appointment_must_be_null_for_status_without_appointment" computerName="DESKTOP-F6SKA47" duration="00:00:03.2783216" startTime="2021-12-16T16:24:51.8521166+03:00" endTime="2021-12-16T16:24:51.8521187+03:00" testType="13cdc9d9-ddb5-4fa4-a97d-d965ccfc6d4b" outcome="Passed" testListId="8c84fa94-04c1-424b-9868-57a2d4851a1d" relativeResultsDirectory="c91cab42-cf54-4792-9752-469145691362">
      <Output>
        <StdOut>SCENARIO: Current appointment must be null for status without appointment&#xD;
  STEP 1/6: GIVEN a company...&#xD;
  STEP 1/6: GIVEN a company (Passed after 399ms)&#xD;
  STEP 2/6: AND the authenticated user...&#xD;
  STEP 2/6: AND the authenticated user (Passed after 459ms)&#xD;
  STEP 3/6: AND the vacancies in the company...&#xD;
  STEP 3/6: AND the vacancies in the company (Passed after 128ms)&#xD;
  STEP 4/6: AND a candidate with previous appointment...&#xD;
  STEP 4/6: AND a candidate with previous appointment (Passed after 296ms)&#xD;
  STEP 5/6: WHEN get candidate card...&#xD;
  STEP 5/6: WHEN get candidate card (Passed after 1s 231ms)&#xD;
  STEP 6/6: THEN candidates current appointment must be null...&#xD;
  STEP 6/6: THEN candidates current appointment must be null (Passed after &lt;1ms)&#xD;
  SCENARIO RESULT: Passed after 2s 707ms</StdOut>
      </Output>
    </UnitTestResult>
    <UnitTestResult executionId="604b32f2-94ac-4bfe-8534-6c554afe51a2" testId="f04a1c57-f4db-b4b4-892a-0bf00115f3e9" testName="Skillaz.Tests.Configurator.Deduplication.TransferToAnotherVacancy.Перевести_кандидата_на_новую_вакансию_на_статус_новый" computerName="DESKTOP-F6SKA47" duration="00:00:19.8010256" startTime="2021-12-16T16:28:57.9036585+03:00" endTime="2021-12-16T16:28:57.9036615+03:00" testType="13cdc9d9-ddb5-4fa4-a97d-d965ccfc6d4b" outcome="Passed" testListId="8c84fa94-04c1-424b-9868-57a2d4851a1d" relativeResultsDirectory="604b32f2-94ac-4bfe-8534-6c554afe51a2">
      <Output>
        <StdOut>SCENARIO: Перевести кандидата на новую вакансию на статус новый&#xD;
  STEP 1/8: GIVEN a company...&#xD;
  STEP 1/8: GIVEN a company (Passed after 91ms)&#xD;
  STEP 2/8: AND the authenticated user...&#xD;
  STEP 2/8: AND the authenticated user (Passed after 69ms)&#xD;
  STEP 3/8: AND the Funnel...&#xD;
  STEP 3/8: AND the Funnel (Passed after 60ms)&#xD;
  STEP 4/8: AND the vacancy in the company [funnelId: "TestingFunnel"]...&#xD;
  STEP 4/8: AND the vacancy in the company [funnelId: "TestingFunnel"] (Passed after 49ms)&#xD;
  STEP 5/8: AND the new vacancy [funnelId: "TestingFunnel"]...&#xD;
  STEP 5/8: AND the new vacancy [funnelId: "TestingFunnel"] (Passed after 1ms)&#xD;
  STEP 6/8: AND candidate on vacancy...&#xD;
  STEP 6/8: AND candidate on vacancy (Passed after 70ms)&#xD;
  STEP 7/8: WHEN move to new vacancy and switch to new...&#xD;
  STEP 7/8: WHEN move to new vacancy and switch to new (Passed after 18s 605ms)&#xD;
  STEP 8/8: Check move to new vacancy and initial status...&#xD;
  STEP 8/8: Check move to new vacancy and initial status (Passed after &lt;1ms)&#xD;
  SCENARIO RESULT: Passed after 19s</StdOut>
      </Output>
    </UnitTestResult>
    <UnitTestResult executionId="f62d897e-34bd-4ade-84f9-c1bebcefdfb4" testId="5e1fdf50-8917-9d6e-1968-97641f344e63" testName="Skillaz.Tests.DocumentModels.FieldValueReferences.StoreReferences.Проверить_что_при_обновлении_DM_заполняется_FieldValueReferences" computerName="DESKTOP-F6SKA47" duration="00:00:29.6255279" startTime="2021-12-16T16:17:35.1151293+03:00" endTime="2021-12-16T16:17:35.1151335+03:00" testType="13cdc9d9-ddb5-4fa4-a97d-d965ccfc6d4b" outcome="Passed" testListId="8c84fa94-04c1-424b-9868-57a2d4851a1d" relativeResultsDirectory="f62d897e-34bd-4ade-84f9-c1bebcefdfb4">
      <Output>
        <StdOut>SCENARIO: Проверить что при обновлении DM заполняется FieldValueReferences&#xD;
  STEP 1/10: GIVEN a company...&#xD;
  STEP 1/10: GIVEN a company (Passed after 213ms)&#xD;
  STEP 2/10: AND the authenticated user...&#xD;
  STEP 2/10: AND the authenticated user (Passed after 229ms)&#xD;
  STEP 3/10: Подготовить конфигурацию DM...&#xD;
  STEP 3/10: Подготовить конфигурацию DM (Passed after 1s 695ms)&#xD;
  STEP 4/10: Load city and region references...&#xD;
  STEP 4/10: Load city and region references (Passed after 314ms)&#xD;
  STEP 5/10: Создать ОЕ профиль...&#xD;
  STEP 5/10: Создать ОЕ профиль (Passed after 1s 448ms)&#xD;
  STEP 6/10: GIVEN the vacancy in the company...&#xD;
  STEP 6/10: GIVEN the vacancy in the company (Passed after 98ms)&#xD;
  STEP 7/10: Создать заявку...&#xD;
  STEP 7/10: Создать заявку (Passed after 12s 318ms)&#xD;
  STEP 8/10: Проверить что сохранились ссылки на справочники...&#xD;
  STEP 8/10: Проверить что сохранились ссылки на справочники (Passed after 109ms)&#xD;
  STEP 9/10: Обновить заявку...&#xD;
  STEP 9/10: Обновить заявку (Passed after 12s 477ms)&#xD;
  STEP 10/10: Проверить что обновились ссылки на справочники...&#xD;
  STEP 10/10: Проверить что обновились ссылки на справочники (Passed after 64ms)&#xD;
  SCENARIO RESULT: Passed after 29s 146ms</StdOut>
      </Output>
    </UnitTestResult>
    <UnitTestResult executionId="566d3026-d639-4ec0-ab09-4eb059779dc0" testId="f5d491e7-2aee-6671-4bef-2053089c2273" testName="Skillaz.Tests.OrgUnit.OrgUnitExternalIdTests.Test_vacancy_update_with_existed_externalId" computerName="DESKTOP-F6SKA47" duration="00:00:00.0010000" startTime="2021-12-16T16:24:39.2067003+03:00" endTime="2021-12-16T16:24:39.2067026+03:00" testType="13cdc9d9-ddb5-4fa4-a97d-d965ccfc6d4b" outcome="NotExecuted" testListId="8c84fa94-04c1-424b-9868-57a2d4851a1d" relativeResultsDirectory="566d3026-d639-4ec0-ab09-4eb059779dc0">
      <Output>
        <StdOut>Нужно переделать этап Given_dm_configuration, не завязываться на авилон</StdOut>
      </Output>
    </UnitTestResult>
    <UnitTestResult executionId="d54961b4-7642-4838-b64d-678638fd0a31" testId="b93ee438-fbe7-f625-04a7-5a90d3b5859b" testName="Skillaz.Tests.Mongo.Enums.EnumAttributeTest_feature.StringEnumAlias" computerName="DESKTOP-F6SKA47" duration="00:00:04.0868560" startTime="2021-12-16T16:23:17.8395866+03:00" endTime="2021-12-16T16:23:17.8395946+03:00" testType="13cdc9d9-ddb5-4fa4-a97d-d965ccfc6d4b" outcome="Passed" testListId="8c84fa94-04c1-424b-9868-57a2d4851a1d" relativeResultsDirectory="d54961b4-7642-4838-b64d-678638fd0a31">
      <Output>
        <StdOut>SCENARIO: StringEnumAlias&#xD;
  STEP 1/3: GIVEN document with string enum field with aliases...&#xD;
  STEP 1/3: GIVEN document with string enum field with aliases (Passed after 811ms)&#xD;
  STEP 2/3: WHEN retrieve the document...&#xD;
  STEP 2/3: WHEN retrieve the document (Passed after 3s 162ms)&#xD;
  STEP 3/3: THEN document should have alias value in the string enum field...&#xD;
  STEP 3/3: THEN document should have alias value in the string enum field (Passed after 49ms)&#xD;
  SCENARIO RESULT: Passed after 4s 027ms</StdOut>
      </Output>
    </UnitTestResult>
    <UnitTestResult executionId="7597b919-d2e6-417a-8782-99314689f7f4" testId="019b787c-88b2-9680-3a7b-9251d2235f77" testName="Skillaz.Tests.CompanySpecific.X5.Naumen.NaumenSlaTests.Sla_calculates_correctly_for_next_day(candidateTimeZone: 9, sla: 02:00:00, startDate: 2019-12-31T12:30:00.0000000Z, truth: [NaumenTimeRange { From = &quot;2020-01-01 07:00:00&quot;, To = &quot;2020-01-01 09:00:00&quot; }])" computerName="DESKTOP-F6SKA47" duration="00:00:00.0000313" startTime="2021-12-16T16:16:29.3126252+03:00" endTime="2021-12-16T16:16:29.3126256+03:00" testType="13cdc9d9-ddb5-4fa4-a97d-d965ccfc6d4b" outcome="Passed" testListId="8c84fa94-04c1-424b-9868-57a2d4851a1d" relativeResultsDirectory="7597b919-d2e6-417a-8782-99314689f7f4" />
    <UnitTestResult executionId="a895774f-a982-466f-bf82-ad1e70959bd7" testId="37e6c8b1-fcd9-734e-b323-21d4c73996f9" testName="Skillaz.Tests.CompanySpecific.Mvideo.MvideoOpenApiSapAvaliablePositionsHireNeedBatchRequest_feature.CheckAvaliablePositionsInHireNeedAfterOpenApiRequest_AllRequests(staffCount: 4, employeesCount: 2, manualApprovedCounts: [2], batchOrgItems: (2, 2), expected: (0, Кейс 4. Размер поиска = 0))" computerName="DESKTOP-F6SKA47" duration="00:00:00.0010000" startTime="2021-12-16T16:29:45.6411740+03:00" endTime="2021-12-16T16:29:45.6411780+03:00" testType="13cdc9d9-ddb5-4fa4-a97d-d965ccfc6d4b" outcome="NotExecuted" testListId="8c84fa94-04c1-424b-9868-57a2d4851a1d" relativeResultsDirectory="a895774f-a982-466f-bf82-ad1e70959bd7">
      <Output>
        <StdOut>Вернуть тесты после правок по потребностям Mvideo</StdOut>
      </Output>
    </UnitTestResult>
    <UnitTestResult executionId="862f3713-9d5d-43d9-8f8c-3990a7a052f3" testId="019b787c-88b2-9680-3a7b-9251d2235f77" testName="Skillaz.Tests.CompanySpecific.X5.Naumen.NaumenSlaTests.Sla_calculates_correctly_for_next_day(candidateTimeZone: 5, sla: 02:00:00, startDate: 2019-12-31T16:30:00.0000000Z, truth: [NaumenTimeRange { From = &quot;2020-01-01 07:00:00&quot;, To = &quot;2020-01-01 09:00:00&quot; }])" computerName="DESKTOP-F6SKA47" duration="00:00:00.0000504" startTime="2021-12-16T16:16:29.1017129+03:00" endTime="2021-12-16T16:16:29.1017145+03:00" testType="13cdc9d9-ddb5-4fa4-a97d-d965ccfc6d4b" outcome="Passed" testListId="8c84fa94-04c1-424b-9868-57a2d4851a1d" relativeResultsDirectory="862f3713-9d5d-43d9-8f8c-3990a7a052f3" />
    <UnitTestResult executionId="9679b393-0e7b-45fd-969d-0a75d9f53dca" testId="826f4867-d837-391e-327c-9989480a63c4" testName="Skillaz.Tests.Publication.VacancyPublicationRule_feature.Vacancy_publication_rule_create_new_publication_when_linked_one_is_archived" computerName="DESKTOP-F6SKA47" duration="00:00:23.8818552" startTime="2021-12-16T16:27:16.3539870+03:00" endTime="2021-12-16T16:27:16.3539890+03:00" testType="13cdc9d9-ddb5-4fa4-a97d-d965ccfc6d4b" outcome="Passed" testListId="8c84fa94-04c1-424b-9868-57a2d4851a1d" relativeResultsDirectory="9679b393-0e7b-45fd-969d-0a75d9f53dca">
      <Output>
        <StdOut>SCENARIO: Vacancy publication rule create new publication when linked one is archived&#xD;
  STEP 1/12: GIVEN a company...&#xD;
  STEP 1/12: GIVEN a company (Passed after 39ms)&#xD;
  STEP 2/12: AND the authenticated user...&#xD;
  STEP 2/12: AND the authenticated user (Passed after 150ms)&#xD;
  STEP 3/12: AND the vacancy in the company...&#xD;
  STEP 3/12: AND the vacancy in the company (Passed after 97ms)&#xD;
  STEP 4/12: AND request with hh publication...&#xD;
  STEP 4/12: AND request with hh publication (Passed after 130ms)&#xD;
  STEP 5/12: AND hh account...&#xD;
  STEP 5/12: AND hh account (Passed after 63ms)&#xD;
  STEP 6/12: AND hh publication template...&#xD;
  STEP 6/12: AND hh publication template (Passed after 51ms)&#xD;
  STEP 7/12: AND existing archived hh publication...&#xD;
  STEP 7/12: AND existing archived hh publication (Passed after 144ms)&#xD;
  STEP 8/12: AND active hh publication rule...&#xD;
  STEP 8/12: AND active hh publication rule (Passed after 13s 547ms)&#xD;
  STEP 9/12: WHEN vacancy publication rule is triggered...&#xD;
  STEP 9/12: WHEN vacancy publication rule is triggered (Passed after 5s 856ms)&#xD;
  STEP 10/12: THEN new hh vacancy is linked to request [expectedLinkedRequests: "2"]...&#xD;
  STEP 10/12: THEN new hh vacancy is linked to request [expectedLinkedRequests: "2"] (Passed after 251ms)&#xD;
  STEP 11/12: AND there is one successful publication attempt...&#xD;
  STEP 11/12: AND there is one successful publication attempt (Passed after &lt;1ms)&#xD;
  STEP 12/12: AND rule is successfully finished...&#xD;
  STEP 12/12: AND rule is successfully finished (Passed after 719ms)&#xD;
  SCENARIO RESULT: Passed after 21s 100ms</StdOut>
      </Output>
    </UnitTestResult>
    <UnitTestResult executionId="3ed0eaeb-2efe-4c06-9c1d-4a4e780ed16e" testId="ea19669e-8680-79d2-b001-b41bf5bf2de0" testName="Skillaz.Tests.Candidate.Checks.CheckFromConfigurator_feature.Auto_start_check_from_configuration" computerName="DESKTOP-F6SKA47" duration="00:00:09.8279284" startTime="2021-12-16T16:24:17.1718397+03:00" endTime="2021-12-16T16:24:17.1718413+03:00" testType="13cdc9d9-ddb5-4fa4-a97d-d965ccfc6d4b" outcome="Passed" testListId="8c84fa94-04c1-424b-9868-57a2d4851a1d" relativeResultsDirectory="3ed0eaeb-2efe-4c06-9c1d-4a4e780ed16e">
      <Output>
        <StdOut>SCENARIO: Auto start check from configuration&#xD;
  STEP 1/8: GIVEN a company...&#xD;
  STEP 1/8: GIVEN a company (Passed after 649ms)&#xD;
  STEP 2/8: AND the authenticated user...&#xD;
  STEP 2/8: AND the authenticated user (Passed after 565ms)&#xD;
  STEP 3/8: AND the vacancy in the company [funnelId: "FunnelId"]...&#xD;
  STEP 3/8: AND the vacancy in the company [funnelId: "FunnelId"] (Passed after 297ms)&#xD;
  STEP 4/8: AND the candidate with tags ""...&#xD;
  STEP 4/8: AND the candidate with tags "" (Passed after 271ms)&#xD;
  STEP 5/8: AND the configuration check...&#xD;
  STEP 5/8: AND the configuration check (Passed after 328ms)&#xD;
  STEP 6/8: AND the configuration funnel...&#xD;
  STEP 6/8: AND the configuration funnel (Passed after 2ms)&#xD;
  STEP 7/8: WHEN switch candidate to start check...&#xD;
  STEP 7/8: WHEN switch candidate to start check (Passed after 6s 882ms)&#xD;
  STEP 8/8: THEN check must exist in candidate...&#xD;
  STEP 8/8: THEN check must exist in candidate (Passed after 5ms)&#xD;
  SCENARIO RESULT: Passed after 9s 019ms</StdOut>
      </Output>
    </UnitTestResult>
    <UnitTestResult executionId="e588d7fc-2b48-4c89-bf6f-4040deaf8842" testId="37e6c8b1-fcd9-734e-b323-21d4c73996f9" testName="Skillaz.Tests.CompanySpecific.Mvideo.MvideoOpenApiSapAvaliablePositionsHireNeedBatchRequest_feature.CheckAvaliablePositionsInHireNeedAfterOpenApiRequest_AllRequests(staffCount: 8, employeesCount: 6, manualApprovedCounts: [3], batchOrgItems: (7, 6), expected: (2, Катя Нашла кейс интересный Размер поиска = 2))" computerName="DESKTOP-F6SKA47" duration="00:00:00.0010000" startTime="2021-12-16T16:29:45.8055234+03:00" endTime="2021-12-16T16:29:45.8055281+03:00" testType="13cdc9d9-ddb5-4fa4-a97d-d965ccfc6d4b" outcome="NotExecuted" testListId="8c84fa94-04c1-424b-9868-57a2d4851a1d" relativeResultsDirectory="e588d7fc-2b48-4c89-bf6f-4040deaf8842">
      <Output>
        <StdOut>Вернуть тесты после правок по потребностям Mvideo</StdOut>
      </Output>
    </UnitTestResult>
    <UnitTestResult executionId="db4bb8d3-2fe7-4327-b569-caeb01fd1563" testId="e4154e0e-b6dd-75cd-e04f-34cd960d2bda" testName="Skillaz.Tests.Telephony.CallList_ExtendFilter_feature.CheckMultiFilterIncludeAndExclude" computerName="DESKTOP-F6SKA47" duration="00:00:03.9327523" startTime="2021-12-16T16:27:27.2174316+03:00" endTime="2021-12-16T16:27:27.2174342+03:00" testType="13cdc9d9-ddb5-4fa4-a97d-d965ccfc6d4b" outcome="Passed" testListId="8c84fa94-04c1-424b-9868-57a2d4851a1d" relativeResultsDirectory="db4bb8d3-2fe7-4327-b569-caeb01fd1563">
      <Output>
        <StdOut>SCENARIO: CheckMultiFilterIncludeAndExclude&#xD;
  STEP 1/8: GIVEN Given a company...&#xD;
  STEP 1/8: GIVEN Given a company (Passed after 260ms)&#xD;
  STEP 2/8: AND Given the authenticated user...&#xD;
  STEP 2/8: AND Given the authenticated user (Passed after 421ms)&#xD;
  STEP 3/8: AND Given a vacancy...&#xD;
  STEP 3/8: AND Given a vacancy (Passed after 139ms)&#xD;
  STEP 4/8: AND Given a candidates...&#xD;
  STEP 4/8: AND Given a candidates (Passed after 211ms)&#xD;
  STEP 5/8: AND Given outgoing campaign...&#xD;
  STEP 5/8: AND Given outgoing campaign (Passed after 75ms)&#xD;
  STEP 6/8: WHEN CreateSimpleExtendFilter [include: "(All, System.String[]), (All, System.String[])"] [exclude: "(All, System.String[])"]...&#xD;
  STEP 6/8: WHEN CreateSimpleExtendFilter [include: "(All, System.String[]), (All, System.String[])"] [exclude: "(All, System.String[])"] (Passed after &lt;1ms)&#xD;
  STEP 7/8: AND When candidates requested using advanced filter...&#xD;
  STEP 7/8: AND When candidates requested using advanced filter (Passed after 956ms)&#xD;
  STEP 8/8: THEN Then candidates count "2" correct...&#xD;
  STEP 8/8: THEN Then candidates count "2" correct (Passed after &lt;1ms)&#xD;
  SCENARIO RESULT: Passed after 2s 118ms</StdOut>
      </Output>
    </UnitTestResult>
    <UnitTestResult executionId="635017d8-6ec8-4cbf-a735-1f1a9f35f940" testId="695a69c9-264c-d1c5-2032-535ef4bf39f9" testName="Skillaz.Tests.CompanySpecific.X5.Naumen.NaumenSlaTests.Sla_calculates_correctly_for_split_days(candidateTimeZone: 3, sla: 06:00:00, startDate: 2019-12-31T14:00:00.0000000Z, truth: [NaumenTimeRange { From = &quot;2019-12-31 17:00:00&quot;, To = &quot;2019-12-31 20:00:00&quot; }, NaumenTimeRange { From = &quot;2020-01-01 09:00:00&quot;, To = &quot;2020-01-01 12:00:00&quot; }])" computerName="DESKTOP-F6SKA47" duration="00:00:00.0000504" startTime="2021-12-16T16:16:28.9751425+03:00" endTime="2021-12-16T16:16:28.9751434+03:00" testType="13cdc9d9-ddb5-4fa4-a97d-d965ccfc6d4b" outcome="Passed" testListId="8c84fa94-04c1-424b-9868-57a2d4851a1d" relativeResultsDirectory="635017d8-6ec8-4cbf-a735-1f1a9f35f940" />
    <UnitTestResult executionId="b9c52b63-eb29-4e3e-a02a-fb65c355b642" testId="520c34c9-ae1c-9774-25bb-f517744e71a1" testName="Skillaz.Tests.JobRequisition.JobRequisition_feature.Change_hire_request_change_status_works" computerName="DESKTOP-F6SKA47" duration="00:00:03.8993968" startTime="2021-12-16T16:25:39.6618446+03:00" endTime="2021-12-16T16:25:39.6618467+03:00" testType="13cdc9d9-ddb5-4fa4-a97d-d965ccfc6d4b" outcome="Passed" testListId="8c84fa94-04c1-424b-9868-57a2d4851a1d" relativeResultsDirectory="b9c52b63-eb29-4e3e-a02a-fb65c355b642">
      <Output>
        <StdOut>SCENARIO: Change hire request change status works&#xD;
  STEP 1/6: GIVEN a company...&#xD;
  STEP 1/6: GIVEN a company (Passed after 174ms)&#xD;
  STEP 2/6: AND the authenticated user...&#xD;
  STEP 2/6: AND the authenticated user (Passed after 444ms)&#xD;
  STEP 3/6: AND the document model...&#xD;
  STEP 3/6: AND the document model (Passed after &lt;1ms)&#xD;
  STEP 4/6: AND request [statusKey: "&lt;null&gt;"] [vacancyId: "&lt;null&gt;"]...&#xD;
  STEP 4/6: AND request [statusKey: "&lt;null&gt;"] [vacancyId: "&lt;null&gt;"] (Passed after 1s 896ms)&#xD;
  STEP 5/6: WHEN status change...&#xD;
  STEP 5/6: WHEN status change (Passed after 878ms)&#xD;
  STEP 6/6: THEN hire request status changed...&#xD;
  STEP 6/6: THEN hire request status changed (Passed after 169ms)&#xD;
  SCENARIO RESULT: Passed after 3s 674ms</StdOut>
      </Output>
    </UnitTestResult>
    <UnitTestResult executionId="3b777c23-3996-4f2a-88a1-638dc5cf6c40" testId="235ab07d-368a-d769-9096-2d47ba17c523" testName="Skillaz.Tests.Candidate.Ratings.CascadeRatingScoreUpdate_feature.Candidate_complex_rating_created" computerName="DESKTOP-F6SKA47" duration="00:00:08.7048488" startTime="2021-12-16T16:21:59.6618528+03:00" endTime="2021-12-16T16:21:59.6618624+03:00" testType="13cdc9d9-ddb5-4fa4-a97d-d965ccfc6d4b" outcome="Passed" testListId="8c84fa94-04c1-424b-9868-57a2d4851a1d" relativeResultsDirectory="3b777c23-3996-4f2a-88a1-638dc5cf6c40">
      <Output>
        <StdOut>SCENARIO: Candidate complex rating created&#xD;
  STEP 1/8: GIVEN a company...&#xD;
  STEP 1/8: GIVEN a company (Passed after 317ms)&#xD;
  STEP 2/8: AND the authenticated user...&#xD;
  STEP 2/8: AND the authenticated user (Passed after 2s 022ms)&#xD;
  STEP 3/8: AND the vacancy in the company...&#xD;
  STEP 3/8: AND the vacancy in the company (Passed after 1s 292ms)&#xD;
  STEP 4/8: AND a candidate...&#xD;
  STEP 4/8: AND a candidate (Passed after 596ms)&#xD;
  STEP 5/8: AND ratings and criteria...&#xD;
  STEP 5/8: AND ratings and criteria (Passed after 1s 301ms)&#xD;
  STEP 6/8: AND a candidate sub rating [totalScore: "1.5"]...&#xD;
  STEP 6/8: AND a candidate sub rating [totalScore: "1.5"] (Passed after 1s 734ms)&#xD;
  STEP 7/8: WHEN candidate rating created...&#xD;
  STEP 7/8: WHEN candidate rating created (Passed after 644ms)&#xD;
  STEP 8/8: THEN linked candidate rating total score updated...&#xD;
  STEP 8/8: THEN linked candidate rating total score updated (Passed after 310ms)&#xD;
  SCENARIO RESULT: Passed after 8s 259ms</StdOut>
      </Output>
    </UnitTestResult>
    <UnitTestResult executionId="563cc825-bd02-439b-9632-3e257efaf308" testId="f727b248-9add-f920-b0ce-770364245e70" testName="Skillaz.Tests.Candidate.Elastic.CandidateElasticMultiselectFiltration_feature.MultiLineFilterCheck(filter: (Skillaz.Candidate.Contract.CandidateSearchFilter, Skillaz.Candidate.Contract.CandidateSearchFilterCommon), result: (1, salary from 100000 to 150000 ))" computerName="DESKTOP-F6SKA47" duration="00:00:00.0010000" startTime="2021-12-16T16:26:49.6178850+03:00" endTime="2021-12-16T16:26:49.6178877+03:00" testType="13cdc9d9-ddb5-4fa4-a97d-d965ccfc6d4b" outcome="NotExecuted" testListId="8c84fa94-04c1-424b-9868-57a2d4851a1d" relativeResultsDirectory="563cc825-bd02-439b-9632-3e257efaf308">
      <Output>
        <StdOut>You need Elasticsearch 7.5 local instance on 9200 port</StdOut>
      </Output>
    </UnitTestResult>
    <UnitTestResult executionId="1394939c-a626-498d-8338-2dad7a268b8f" testId="019b787c-88b2-9680-3a7b-9251d2235f77" testName="Skillaz.Tests.CompanySpecific.X5.Naumen.NaumenSlaTests.Sla_calculates_correctly_for_next_day(candidateTimeZone: 2, sla: 02:00:00, startDate: 2020-01-01T06:00:00.0000000Z, truth: [NaumenTimeRange { From = &quot;2020-01-01 10:00:00&quot;, To = &quot;2020-01-01 12:00:00&quot; }])" computerName="DESKTOP-F6SKA47" duration="00:00:00.0000339" startTime="2021-12-16T16:16:29.0736222+03:00" endTime="2021-12-16T16:16:29.0736253+03:00" testType="13cdc9d9-ddb5-4fa4-a97d-d965ccfc6d4b" outcome="Passed" testListId="8c84fa94-04c1-424b-9868-57a2d4851a1d" relativeResultsDirectory="1394939c-a626-498d-8338-2dad7a268b8f" />
    <UnitTestResult executionId="7b589a63-832a-46cb-be37-39e8614373e0" testId="019b787c-88b2-9680-3a7b-9251d2235f77" testName="Skillaz.Tests.CompanySpecific.X5.Naumen.NaumenSlaTests.Sla_calculates_correctly_for_next_day(candidateTimeZone: 11, sla: 02:00:00, startDate: 2020-01-01T03:00:00.0000000Z, truth: [NaumenTimeRange { From = &quot;2020-01-01 07:00:00&quot;, To = &quot;2020-01-01 09:00:00&quot; }])" computerName="DESKTOP-F6SKA47" duration="00:00:00.0000513" startTime="2021-12-16T16:16:29.3685846+03:00" endTime="2021-12-16T16:16:29.3685852+03:00" testType="13cdc9d9-ddb5-4fa4-a97d-d965ccfc6d4b" outcome="Passed" testListId="8c84fa94-04c1-424b-9868-57a2d4851a1d" relativeResultsDirectory="7b589a63-832a-46cb-be37-39e8614373e0" />
    <UnitTestResult executionId="b530bedf-c2e4-4669-b460-f153383d6595" testId="019b787c-88b2-9680-3a7b-9251d2235f77" testName="Skillaz.Tests.CompanySpecific.X5.Naumen.NaumenSlaTests.Sla_calculates_correctly_for_next_day(candidateTimeZone: 11, sla: 02:00:00, startDate: 2019-12-31T13:30:00.0000000Z, truth: [NaumenTimeRange { From = &quot;2020-01-01 07:00:00&quot;, To = &quot;2020-01-01 09:00:00&quot; }])" computerName="DESKTOP-F6SKA47" duration="00:00:00.0000715" startTime="2021-12-16T16:16:29.3567146+03:00" endTime="2021-12-16T16:16:29.3567156+03:00" testType="13cdc9d9-ddb5-4fa4-a97d-d965ccfc6d4b" outcome="Passed" testListId="8c84fa94-04c1-424b-9868-57a2d4851a1d" relativeResultsDirectory="b530bedf-c2e4-4669-b460-f153383d6595" />
    <UnitTestResult executionId="f69647a0-40b2-48ba-be93-8a698b6b7f8d" testId="695a69c9-264c-d1c5-2032-535ef4bf39f9" testName="Skillaz.Tests.CompanySpecific.X5.Naumen.NaumenSlaTests.Sla_calculates_correctly_for_split_days(candidateTimeZone: 4, sla: 06:00:00, startDate: 2019-12-31T13:00:00.0000000Z, truth: [NaumenTimeRange { From = &quot;2019-12-31 16:00:00&quot;, To = &quot;2019-12-31 19:00:00&quot; }, NaumenTimeRange { From = &quot;2020-01-01 08:00:00&quot;, To = &quot;2020-01-01 11:00:00&quot; }])" computerName="DESKTOP-F6SKA47" duration="00:00:00.0000601" startTime="2021-12-16T16:16:28.9906306+03:00" endTime="2021-12-16T16:16:28.9906314+03:00" testType="13cdc9d9-ddb5-4fa4-a97d-d965ccfc6d4b" outcome="Passed" testListId="8c84fa94-04c1-424b-9868-57a2d4851a1d" relativeResultsDirectory="f69647a0-40b2-48ba-be93-8a698b6b7f8d" />
    <UnitTestResult executionId="6533ed81-eb14-4232-bf08-58db942e6e48" testId="019b787c-88b2-9680-3a7b-9251d2235f77" testName="Skillaz.Tests.CompanySpecific.X5.Naumen.NaumenSlaTests.Sla_calculates_correctly_for_next_day(candidateTimeZone: 4, sla: 02:00:00, startDate: 2020-01-01T01:30:00.0000000Z, truth: [NaumenTimeRange { From = &quot;2020-01-01 08:00:00&quot;, To = &quot;2020-01-01 10:00:00&quot; }])" computerName="DESKTOP-F6SKA47" duration="00:00:00.0000324" startTime="2021-12-16T16:16:29.0962040+03:00" endTime="2021-12-16T16:16:29.0962063+03:00" testType="13cdc9d9-ddb5-4fa4-a97d-d965ccfc6d4b" outcome="Passed" testListId="8c84fa94-04c1-424b-9868-57a2d4851a1d" relativeResultsDirectory="6533ed81-eb14-4232-bf08-58db942e6e48" />
    <UnitTestResult executionId="12daec00-5fda-4c63-90cc-ebc434e8f3de" testId="636f8628-ff8d-fc2d-9f54-62e4197e65de" testName="Skillaz.Tests.CompanySpecific.Perekrestok.PerekrestokInterimResponsible_feature.Updating_responsible_id_when_responsible_is_interim" computerName="DESKTOP-F6SKA47" duration="00:00:04.9280030" startTime="2021-12-16T16:22:12.1242180+03:00" endTime="2021-12-16T16:22:12.1242207+03:00" testType="13cdc9d9-ddb5-4fa4-a97d-d965ccfc6d4b" outcome="Passed" testListId="8c84fa94-04c1-424b-9868-57a2d4851a1d" relativeResultsDirectory="12daec00-5fda-4c63-90cc-ebc434e8f3de">
      <Output>
        <StdOut>SCENARIO: Updating responsible id when responsible is interim&#xD;
  STEP 1/6: GIVEN a company [companyId: "PerekrestokCompany"]...&#xD;
  STEP 1/6: GIVEN a company [companyId: "PerekrestokCompany"] (Passed after 320ms)&#xD;
  STEP 2/6: AND the authenticated api user...&#xD;
  STEP 2/6: AND the authenticated api user (Passed after 658ms)&#xD;
  STEP 3/6: AND Given orgunit where is responsible iterim is [isResponsibleInterim: "True"]...&#xD;
  STEP 3/6: AND Given orgunit where is responsible iterim is [isResponsibleInterim: "True"] (Passed after 493ms)&#xD;
  STEP 4/6: AND Given user associated with responsible...&#xD;
  STEP 4/6: AND Given user associated with responsible (Passed after 523ms)&#xD;
  STEP 5/6: WHEN When open api batch update is processed...&#xD;
  STEP 5/6: WHEN When open api batch update is processed (Passed after 2s 783ms)&#xD;
  STEP 6/6: THEN Then responsible id should be [responsibleId: "oldResponsibleId"]...&#xD;
  STEP 6/6: THEN Then responsible id should be [responsibleId: "oldResponsibleId"] (Passed after 24ms)&#xD;
  SCENARIO RESULT: Passed after 4s 825ms</StdOut>
      </Output>
    </UnitTestResult>
    <UnitTestResult executionId="5ff7a700-666f-4f9d-9160-b07e1aedd0e4" testId="2f43e318-11ae-49f1-c50d-ffcbd5790ebc" testName="Skillaz.Tests.Configurator.DocumentModel.ValidationFeature.Проверить_настройку_значений_валидации(positionsCount: 2, salaryFrom: 1, gmt: 4, expected: False)" computerName="DESKTOP-F6SKA47" duration="00:00:02.8987647" startTime="2021-12-16T16:22:35.8392922+03:00" endTime="2021-12-16T16:22:35.8393024+03:00" testType="13cdc9d9-ddb5-4fa4-a97d-d965ccfc6d4b" outcome="Passed" testListId="8c84fa94-04c1-424b-9868-57a2d4851a1d" relativeResultsDirectory="5ff7a700-666f-4f9d-9160-b07e1aedd0e4">
      <Output>
        <StdOut>SCENARIO: Проверить настройку значений валидации [positionsCount: "2"] [salaryFrom: "1"] [gmt: "4"] [expected: "False"]&#xD;
  STEP 1/6: GIVEN Given a company...&#xD;
  STEP 1/6: GIVEN Given a company (Passed after 116ms)&#xD;
  STEP 2/6: AND Given the authenticated user...&#xD;
  STEP 2/6: AND Given the authenticated user (Passed after 149ms)&#xD;
  STEP 3/6: AND Определить модель ОЕ...&#xD;
  STEP 3/6: AND Определить модель ОЕ (Passed after 358ms)&#xD;
  STEP 4/6: AND Определить модель вакансии с ссылкой на ОЕ...&#xD;
  STEP 4/6: AND Определить модель вакансии с ссылкой на ОЕ (Passed after 4ms)&#xD;
  STEP 5/6: AND Создать ОЕ...&#xD;
  STEP 5/6: AND Создать ОЕ (Passed after 64ms)&#xD;
  STEP 6/6: WHEN Проверить валидацию [positionsCount: "2"] [salaryFrom: "1"] [gmt: "4"] [expected: "False"]...&#xD;
  STEP 6/6: WHEN Проверить валидацию [positionsCount: "2"] [salaryFrom: "1"] [gmt: "4"] [expected: "False"] (Passed after 1s 005ms)&#xD;
  SCENARIO RESULT: Passed after 1s 747ms</StdOut>
      </Output>
    </UnitTestResult>
    <UnitTestResult executionId="f9df1bbf-5768-4a9e-9c1c-c5d268ef7d48" testId="d5310603-b08a-3ad1-906a-cf5e773c84d6" testName="Skillaz.Tests.CompanySpecific.X5.X5Deduplication_feature.By_name_and_email" computerName="DESKTOP-F6SKA47" duration="00:00:00.0010000" startTime="2021-12-16T16:26:21.7509109+03:00" endTime="2021-12-16T16:26:21.7509239+03:00" testType="13cdc9d9-ddb5-4fa4-a97d-d965ccfc6d4b" outcome="NotExecuted" testListId="8c84fa94-04c1-424b-9868-57a2d4851a1d" relativeResultsDirectory="f9df1bbf-5768-4a9e-9c1c-c5d268ef7d48">
      <Output>
        <StdOut>You need Elasticsearch 7.5 local instance on 9200 port</StdOut>
      </Output>
    </UnitTestResult>
    <UnitTestResult executionId="76b008b7-8471-4144-bf60-c8d0aa5a1408" testId="c2113204-bcfc-6666-09b7-231c5dc3f951" testName="Skillaz.Tests.Publication.VacancyPublicationRule_feature.Vacancy_publication_rule_create_new_publication_with_linked_active_publications_for_different_templates" computerName="DESKTOP-F6SKA47" duration="00:00:07.9262671" startTime="2021-12-16T16:27:16.2847585+03:00" endTime="2021-12-16T16:27:16.2847620+03:00" testType="13cdc9d9-ddb5-4fa4-a97d-d965ccfc6d4b" outcome="Passed" testListId="8c84fa94-04c1-424b-9868-57a2d4851a1d" relativeResultsDirectory="76b008b7-8471-4144-bf60-c8d0aa5a1408">
      <Output>
        <StdOut>SCENARIO: Vacancy publication rule create new publication with linked active publications for different templates&#xD;
  STEP 1/12: GIVEN a company...&#xD;
  STEP 1/12: GIVEN a company (Passed after 63ms)&#xD;
  STEP 2/12: AND the authenticated user...&#xD;
  STEP 2/12: AND the authenticated user (Passed after 104ms)&#xD;
  STEP 3/12: AND the vacancy in the company...&#xD;
  STEP 3/12: AND the vacancy in the company (Passed after 57ms)&#xD;
  STEP 4/12: AND requests with two hh publications...&#xD;
  STEP 4/12: AND requests with two hh publications (Passed after 109ms)&#xD;
  STEP 5/12: AND hh account...&#xD;
  STEP 5/12: AND hh account (Passed after 30ms)&#xD;
  STEP 6/12: AND hh publication template...&#xD;
  STEP 6/12: AND hh publication template (Passed after 43ms)&#xD;
  STEP 7/12: AND two existing active hh publications with different template...&#xD;
  STEP 7/12: AND two existing active hh publications with different template (Passed after 56ms)&#xD;
  STEP 8/12: AND active hh publication rule with max publications count [maxPublicationsCount: "3"]...&#xD;
  STEP 8/12: AND active hh publication rule with max publications count [maxPublicationsCount: "3"] (Passed after 205ms)&#xD;
  STEP 9/12: WHEN vacancy publication rule is triggered...&#xD;
  STEP 9/12: WHEN vacancy publication rule is triggered (Passed after 3s 491ms)&#xD;
  STEP 10/12: THEN new hh vacancy is linked to request [expectedLinkedRequests: "3"]...&#xD;
  STEP 10/12: THEN new hh vacancy is linked to request [expectedLinkedRequests: "3"] (Passed after 242ms)&#xD;
  STEP 11/12: AND there is one successful publication attempt...&#xD;
  STEP 11/12: AND there is one successful publication attempt (Passed after 1ms)&#xD;
  STEP 12/12: AND rule is successfully finished...&#xD;
  STEP 12/12: AND rule is successfully finished (Passed after 731ms)&#xD;
  SCENARIO RESULT: Passed after 5s 168ms</StdOut>
      </Output>
    </UnitTestResult>
    <UnitTestResult executionId="dbd7f87e-fddd-4ef5-a31b-8ef08d23ca28" testId="5d77b5b1-721a-d9f6-906c-5bc5b0a74c5d" testName="Skillaz.Tests.TaskTracker.TaskAction_feature.Ensure_that_candidate_not_switched_no_delay_by_main_source" computerName="DESKTOP-F6SKA47" duration="00:00:06.5084042" startTime="2021-12-16T16:22:19.6537478+03:00" endTime="2021-12-16T16:22:19.6537503+03:00" testType="13cdc9d9-ddb5-4fa4-a97d-d965ccfc6d4b" outcome="Passed" testListId="8c84fa94-04c1-424b-9868-57a2d4851a1d" relativeResultsDirectory="dbd7f87e-fddd-4ef5-a31b-8ef08d23ca28">
      <Output>
        <StdOut>SCENARIO: Ensure that candidate not switched no delay by main source&#xD;
  STEP 1/9: GIVEN a company...&#xD;
  STEP 1/9: GIVEN a company (Passed after 106ms)&#xD;
  STEP 2/9: AND the authenticated user...&#xD;
  STEP 2/9: AND the authenticated user (Passed after 549ms)&#xD;
  STEP 3/9: AND the delay config when main source "Zarplata" and status to approved [additionalSource: "0"]...&#xD;
  STEP 3/9: AND the delay config when main source "Zarplata" and status to approved [additionalSource: "0"] (Passed after &lt;1ms)&#xD;
  STEP 4/9: AND the funnel and rules action for configuration...&#xD;
  STEP 4/9: AND the funnel and rules action for configuration (Passed after 266ms)&#xD;
  STEP 5/9: AND the vacancy in the company [funnelId: "61bb3d857f10d6937478ceea"]...&#xD;
  STEP 5/9: AND the vacancy in the company [funnelId: "61bb3d857f10d6937478ceea"] (Passed after 245ms)&#xD;
  STEP 6/9: AND a candidate with source "HH" [aditionalSources: "0"]...&#xD;
  STEP 6/9: AND a candidate with source "HH" [aditionalSources: "0"] (Passed after 249ms)&#xD;
  STEP 7/9: WHEN switch candidate to status [statusTo: "training"]...&#xD;
  STEP 7/9: WHEN switch candidate to status [statusTo: "training"] (Passed after 3s 304ms)&#xD;
  STEP 8/9: THEN candidate in status [statusId: "training"]...&#xD;
  STEP 8/9: THEN candidate in status [statusId: "training"] (Passed after 67ms)&#xD;
  STEP 9/9: AND is finished tasks...&#xD;
  STEP 9/9: AND is finished tasks (Passed after 116ms)&#xD;
  SCENARIO RESULT: Passed after 4s 926ms</StdOut>
      </Output>
    </UnitTestResult>
    <UnitTestResult executionId="2858cdc6-3da6-45ab-b935-e668e53bee2b" testId="18cd1cc4-6391-b9ee-7a69-41c1fbcb2882" testName="Skillaz.Tests.Candidate.Checks.AutoStartChecks_feature.AutoStart_Multiple_check" computerName="DESKTOP-F6SKA47" duration="00:00:23.6743973" startTime="2021-12-16T16:20:23.8898461+03:00" endTime="2021-12-16T16:20:23.8898478+03:00" testType="13cdc9d9-ddb5-4fa4-a97d-d965ccfc6d4b" outcome="Passed" testListId="8c84fa94-04c1-424b-9868-57a2d4851a1d" relativeResultsDirectory="2858cdc6-3da6-45ab-b935-e668e53bee2b">
      <Output>
        <StdOut>SCENARIO: AutoStart Multiple check&#xD;
  STEP 1/8: GIVEN a company...&#xD;
  STEP 1/8: GIVEN a company (Passed after 425ms)&#xD;
  STEP 2/8: AND the vacancy in the company...&#xD;
  STEP 2/8: AND the vacancy in the company (Passed after 183ms)&#xD;
  STEP 3/8: AND the authenticated user...&#xD;
  STEP 3/8: AND the authenticated user (Passed after 906ms)&#xD;
  STEP 4/8: AND client configuration with checks workflow and model...&#xD;
  STEP 4/8: AND client configuration with checks workflow and model (Passed after 5s 038ms)&#xD;
  STEP 5/8: AND a funnel...&#xD;
  STEP 5/8: AND a funnel (Passed after 106ms)&#xD;
  STEP 6/8: AND a candidate without check...&#xD;
  STEP 6/8: AND a candidate without check (Passed after 160ms)&#xD;
  STEP 7/8: WHEN change candidate status with Multiple check...&#xD;
  STEP 7/8: WHEN change candidate status with Multiple check (Passed after 13s 222ms)&#xD;
  STEP 8/8: THEN only one Multiple check started...&#xD;
  STEP 8/8: THEN only one Multiple check started (Passed after 3ms)&#xD;
  SCENARIO RESULT: Passed after 20s 070ms</StdOut>
      </Output>
    </UnitTestResult>
    <UnitTestResult executionId="d6e1c079-dc65-4bfe-b8fa-93dd13e0ce88" testId="6a5bd417-161f-7ab9-8ae8-1ef386605f7e" testName="Skillaz.Tests.Configurator.DocumentModel.DocumentModelFieldBuilderFromRegistryRefSource_feature.Complex_object_default_value_from_configurator" computerName="DESKTOP-F6SKA47" duration="00:00:09.5555162" startTime="2021-12-16T16:21:46.0674481+03:00" endTime="2021-12-16T16:21:46.0674507+03:00" testType="13cdc9d9-ddb5-4fa4-a97d-d965ccfc6d4b" outcome="Passed" testListId="8c84fa94-04c1-424b-9868-57a2d4851a1d" relativeResultsDirectory="d6e1c079-dc65-4bfe-b8fa-93dd13e0ce88">
      <Output>
        <StdOut>SCENARIO: Complex object default value from configurator&#xD;
  STEP 1/8: GIVEN a company...&#xD;
  STEP 1/8: GIVEN a company (Passed after 137ms)&#xD;
  STEP 2/8: AND the authenticated admin user...&#xD;
  STEP 2/8: AND the authenticated admin user (Passed after 1s 424ms)&#xD;
  STEP 3/8: AND a vacancy...&#xD;
  STEP 3/8: AND a vacancy (Passed after 387ms)&#xD;
  STEP 4/8: AND a model [copyTargetCoreFieldName: "Address"] [copyTargetObjectType: "Vacancy"] [copyTargetType: "Address"] [isMultiValue: "False"]...&#xD;
  STEP 4/8: AND a model [copyTargetCoreFieldName: "Address"] [copyTargetObjectType: "Vacancy"] [copyTargetType: "Address"] [isMultiValue: "False"] (Passed after 2s 214ms)&#xD;
  STEP 5/8: AND an address object...&#xD;
  STEP 5/8: AND an address object (Passed after 2ms)&#xD;
  STEP 6/8: AND a reference value with object from configurator...&#xD;
  STEP 6/8: AND a reference value with object from configurator (Passed after 4s 297ms)&#xD;
  STEP 7/8: WHEN document model load defaults...&#xD;
  STEP 7/8: WHEN document model load defaults (Passed after 56ms)&#xD;
  STEP 8/8: THEN no exception is thrown...&#xD;
  STEP 8/8: THEN no exception is thrown (Passed after &lt;1ms)&#xD;
  SCENARIO RESULT: Passed after 8s 579ms</StdOut>
      </Output>
    </UnitTestResult>
    <UnitTestResult executionId="7719bf65-feed-4c8c-a69f-ef42a06fbace" testId="37e6c8b1-fcd9-734e-b323-21d4c73996f9" testName="Skillaz.Tests.CompanySpecific.Mvideo.MvideoOpenApiSapAvaliablePositionsHireNeedBatchRequest_feature.CheckAvaliablePositionsInHireNeedAfterOpenApiRequest_AllRequests(staffCount: 6, employeesCount: 4, manualApprovedCounts: [3], batchOrgItems: (5, 4), expected: (2, Кейс 1. Размер поиска = 2))" computerName="DESKTOP-F6SKA47" duration="00:00:00.0010000" startTime="2021-12-16T16:29:45.4426150+03:00" endTime="2021-12-16T16:29:45.4426230+03:00" testType="13cdc9d9-ddb5-4fa4-a97d-d965ccfc6d4b" outcome="NotExecuted" testListId="8c84fa94-04c1-424b-9868-57a2d4851a1d" relativeResultsDirectory="7719bf65-feed-4c8c-a69f-ef42a06fbace">
      <Output>
        <StdOut>Вернуть тесты после правок по потребностям Mvideo</StdOut>
      </Output>
    </UnitTestResult>
    <UnitTestResult executionId="0c9077ed-1216-4536-b815-0274e6a3edab" testId="f9c52865-d2a6-1748-8559-a1480e0cde45" testName="Skillaz.Tests.Assessment.Interviews.ShlInterview_feature.Getting_a_shl_interview_result" computerName="DESKTOP-F6SKA47" duration="00:00:07.6282624" startTime="2021-12-16T16:26:07.4094648+03:00" endTime="2021-12-16T16:26:07.4094673+03:00" testType="13cdc9d9-ddb5-4fa4-a97d-d965ccfc6d4b" outcome="Passed" testListId="8c84fa94-04c1-424b-9868-57a2d4851a1d" relativeResultsDirectory="0c9077ed-1216-4536-b815-0274e6a3edab">
      <Output>
        <StdOut>SCENARIO: Getting a shl interview result&#xD;
  STEP 1/5: GIVEN a candidate in a vacancy in a company...&#xD;
  STEP 1/5: GIVEN a candidate in a vacancy in a company (Passed after 321ms)&#xD;
  STEP 2/5: AND the authenticated user...&#xD;
  STEP 2/5: AND the authenticated user (Passed after 160ms)&#xD;
  STEP 3/5: AND the interview...&#xD;
  STEP 3/5: AND the interview (Passed after 306ms)&#xD;
  STEP 4/5: WHEN a shl interview result is requested...&#xD;
  STEP 4/5: WHEN a shl interview result is requested (Passed after 6s 085ms)&#xD;
  STEP 5/5: THEN a shl interview result should be retrieved...&#xD;
  STEP 5/5: THEN a shl interview result should be retrieved (Passed after &lt;1ms)&#xD;
  SCENARIO RESULT: Passed after 6s 880ms</StdOut>
      </Output>
    </UnitTestResult>
    <UnitTestResult executionId="7ae9d75a-8821-4662-8002-d049ee49ae6b" testId="1639d342-c4d4-86f5-56f7-ac8286e2a5c1" testName="Skillaz.Tests.CompanySpecific.GazpromNeft.GazpromUploadReferences_feature.Create_correctly_department_reference" computerName="DESKTOP-F6SKA47" duration="00:00:10.4977327" startTime="2021-12-16T16:25:34.3293019+03:00" endTime="2021-12-16T16:25:34.3293095+03:00" testType="13cdc9d9-ddb5-4fa4-a97d-d965ccfc6d4b" outcome="Passed" testListId="8c84fa94-04c1-424b-9868-57a2d4851a1d" relativeResultsDirectory="7ae9d75a-8821-4662-8002-d049ee49ae6b">
      <Output>
        <StdOut>SCENARIO: Create correctly department reference&#xD;
  STEP 1/8: GIVEN a company [companyId: "kdaigswiuJNh8Tvsp"]...&#xD;
  STEP 1/8: GIVEN a company [companyId: "kdaigswiuJNh8Tvsp"] (Passed after 1s 738ms)&#xD;
  STEP 2/8: AND the authenticated user...&#xD;
  STEP 2/8: AND the authenticated user (Passed after 145ms)&#xD;
  STEP 3/8: AND the data service...&#xD;
  STEP 3/8: AND the data service (Passed after 2ms)&#xD;
  STEP 4/8: AND the rows multiple azs...&#xD;
  STEP 4/8: AND the rows multiple azs (Passed after &lt;1ms)&#xD;
  STEP 5/8: AND the xlsx file...&#xD;
  STEP 5/8: AND the xlsx file (Passed after 1s 525ms)&#xD;
  STEP 6/8: WHEN upload xlsx file...&#xD;
  STEP 6/8: WHEN upload xlsx file (Passed after 3s 801ms)&#xD;
  STEP 7/8: Ensure department reference [uploadReference: "Skillaz.Tests.CompanySpecific.GazpromNeft.GazpromUploadWorkplaceTest"]...&#xD;
  STEP 7/8: Ensure department reference [uploadReference: "Skillaz.Tests.CompanySpecific.GazpromNeft.GazpromUploadWorkplaceTest"] (Passed after 228ms)&#xD;
  STEP 8/8: Ensure department reference [uploadReference: "Skillaz.Tests.CompanySpecific.GazpromNeft.GazpromUploadWorkplaceTest"]...&#xD;
  STEP 8/8: Ensure department reference [uploadReference: "Skillaz.Tests.CompanySpecific.GazpromNeft.GazpromUploadWorkplaceTest"] (Passed after 10ms)&#xD;
  SCENARIO RESULT: Passed after 7s 609ms</StdOut>
      </Output>
    </UnitTestResult>
    <UnitTestResult executionId="001578fb-1bc7-4e85-a443-eed0da876a64" testId="3ac2799e-4a01-3687-014b-3893e9673f45" testName="Skillaz.Tests.Assessment.Questionnaires.ShlQuestionnaire_feature.Creating_a_questionnaire" computerName="DESKTOP-F6SKA47" duration="00:00:02.5805301" startTime="2021-12-16T16:24:07.3434126+03:00" endTime="2021-12-16T16:24:07.3434150+03:00" testType="13cdc9d9-ddb5-4fa4-a97d-d965ccfc6d4b" outcome="Passed" testListId="8c84fa94-04c1-424b-9868-57a2d4851a1d" relativeResultsDirectory="001578fb-1bc7-4e85-a443-eed0da876a64">
      <Output>
        <StdOut>SCENARIO: Creating a questionnaire&#xD;
  STEP 1/4: GIVEN a company...&#xD;
  STEP 1/4: GIVEN a company (Passed after 192ms)&#xD;
  STEP 2/4: AND the authenticated user...&#xD;
  STEP 2/4: AND the authenticated user (Passed after 539ms)&#xD;
  STEP 3/4: WHEN questionnaire is created...&#xD;
  STEP 3/4: WHEN questionnaire is created (Passed after 508ms)&#xD;
  STEP 4/4: Questionnaire should be created...&#xD;
  STEP 4/4: Questionnaire should be created (Passed after 110ms)&#xD;
  SCENARIO RESULT: Passed after 1s 359ms</StdOut>
      </Output>
    </UnitTestResult>
    <UnitTestResult executionId="68a4e4b9-69f9-4a41-8e18-8715c9ce8f06" testId="019b787c-88b2-9680-3a7b-9251d2235f77" testName="Skillaz.Tests.CompanySpecific.X5.Naumen.NaumenSlaTests.Sla_calculates_correctly_for_next_day(candidateTimeZone: 2, sla: 02:00:00, startDate: 2019-12-31T21:30:00.0000000Z, truth: [NaumenTimeRange { From = &quot;2020-01-01 10:00:00&quot;, To = &quot;2020-01-01 12:00:00&quot; }])" computerName="DESKTOP-F6SKA47" duration="00:00:00.0000302" startTime="2021-12-16T16:16:29.0596885+03:00" endTime="2021-12-16T16:16:29.0596891+03:00" testType="13cdc9d9-ddb5-4fa4-a97d-d965ccfc6d4b" outcome="Passed" testListId="8c84fa94-04c1-424b-9868-57a2d4851a1d" relativeResultsDirectory="68a4e4b9-69f9-4a41-8e18-8715c9ce8f06" />
    <UnitTestResult executionId="b54e29bf-830c-4352-80cd-903db948b410" testId="fcc7d03f-fb2f-4a37-d869-6a69775fb596" testName="Skillaz.Tests.Common.DataValidationHelpers.ValidateDateTimeOffset_feature.Date_time_is_not_valid" computerName="DESKTOP-F6SKA47" duration="00:00:01.1159587" startTime="2021-12-16T16:25:53.6061691+03:00" endTime="2021-12-16T16:25:53.6061810+03:00" testType="13cdc9d9-ddb5-4fa4-a97d-d965ccfc6d4b" outcome="Passed" testListId="8c84fa94-04c1-424b-9868-57a2d4851a1d" relativeResultsDirectory="b54e29bf-830c-4352-80cd-903db948b410">
      <Output>
        <StdOut>SCENARIO: Date time is not valid&#xD;
  STEP 1/3: GIVEN a string [parameter: "abc"]...&#xD;
  STEP 1/3: GIVEN a string [parameter: "abc"] (Passed after 4ms)&#xD;
  STEP 2/3: WHEN validation occured [nullAllowed: "True"] [emptyAllowed: "True"]...&#xD;
  STEP 2/3: WHEN validation occured [nullAllowed: "True"] [emptyAllowed: "True"] (Passed after 3ms)&#xD;
  STEP 3/3: THEN is not valid...&#xD;
  STEP 3/3: THEN is not valid (Passed after &lt;1ms)&#xD;
  SCENARIO RESULT: Passed after 956ms</StdOut>
      </Output>
    </UnitTestResult>
    <UnitTestResult executionId="fb3eeff8-6ec5-4026-83f7-50dd1d0764b0" testId="019b787c-88b2-9680-3a7b-9251d2235f77" testName="Skillaz.Tests.CompanySpecific.X5.Naumen.NaumenSlaTests.Sla_calculates_correctly_for_next_day(candidateTimeZone: 10, sla: 02:00:00, startDate: 2019-12-31T19:00:00.0000000Z, truth: [NaumenTimeRange { From = &quot;2020-01-01 07:00:00&quot;, To = &quot;2020-01-01 09:00:00&quot; }])" computerName="DESKTOP-F6SKA47" duration="00:00:00.0004910" startTime="2021-12-16T16:16:29.3338315+03:00" endTime="2021-12-16T16:16:29.3338318+03:00" testType="13cdc9d9-ddb5-4fa4-a97d-d965ccfc6d4b" outcome="Passed" testListId="8c84fa94-04c1-424b-9868-57a2d4851a1d" relativeResultsDirectory="fb3eeff8-6ec5-4026-83f7-50dd1d0764b0" />
    <UnitTestResult executionId="f31b5f4a-dedb-41e0-a3f3-7a036129c734" testId="019b787c-88b2-9680-3a7b-9251d2235f77" testName="Skillaz.Tests.CompanySpecific.X5.Naumen.NaumenSlaTests.Sla_calculates_correctly_for_next_day(candidateTimeZone: 3, sla: 02:00:00, startDate: 2020-01-01T03:30:00.0000000Z, truth: [NaumenTimeRange { From = &quot;2020-01-01 09:00:00&quot;, To = &quot;2020-01-01 11:00:00&quot; }])" computerName="DESKTOP-F6SKA47" duration="00:00:00.0000402" startTime="2021-12-16T16:16:29.0808445+03:00" endTime="2021-12-16T16:16:29.0808448+03:00" testType="13cdc9d9-ddb5-4fa4-a97d-d965ccfc6d4b" outcome="Passed" testListId="8c84fa94-04c1-424b-9868-57a2d4851a1d" relativeResultsDirectory="f31b5f4a-dedb-41e0-a3f3-7a036129c734" />
    <UnitTestResult executionId="340ae56d-1936-4d07-9ff0-e3bb72f800a9" testId="39bbe88c-a5a1-69b6-0e18-a75bb02edd6c" testName="Skillaz.Tests.CompanySpecific.X5.Naumen.NaumenSlaTests.Sla_calculates_correctly_within_one_day(candidateTimeZone: 2, sla: 07:00:00, startDate: 2019-12-31T11:00:00.0000000Z, truth: [NaumenTimeRange { From = &quot;2019-12-31 14:00:00&quot;, To = &quot;2019-12-31 21:00:00&quot; }])" computerName="DESKTOP-F6SKA47" duration="00:00:00.0004908" startTime="2021-12-16T16:16:28.8978966+03:00" endTime="2021-12-16T16:16:28.8978977+03:00" testType="13cdc9d9-ddb5-4fa4-a97d-d965ccfc6d4b" outcome="Passed" testListId="8c84fa94-04c1-424b-9868-57a2d4851a1d" relativeResultsDirectory="340ae56d-1936-4d07-9ff0-e3bb72f800a9" />
    <UnitTestResult executionId="7b71dc59-a7b0-4f30-a57c-74c06c731425" testId="019b787c-88b2-9680-3a7b-9251d2235f77" testName="Skillaz.Tests.CompanySpecific.X5.Naumen.NaumenSlaTests.Sla_calculates_correctly_for_next_day(candidateTimeZone: 10, sla: 02:00:00, startDate: 2020-01-01T04:00:00.0000000Z, truth: [NaumenTimeRange { From = &quot;2020-01-01 07:00:00&quot;, To = &quot;2020-01-01 09:00:00&quot; }])" computerName="DESKTOP-F6SKA47" duration="00:00:00.0000312" startTime="2021-12-16T16:16:29.3395147+03:00" endTime="2021-12-16T16:16:29.3395152+03:00" testType="13cdc9d9-ddb5-4fa4-a97d-d965ccfc6d4b" outcome="Passed" testListId="8c84fa94-04c1-424b-9868-57a2d4851a1d" relativeResultsDirectory="7b71dc59-a7b0-4f30-a57c-74c06c731425" />
    <UnitTestResult executionId="849025c4-1eee-4f4a-976c-268c300a9e0d" testId="8d98fb6c-a5ec-a7da-be3d-5189fab2e076" testName="Skillaz.Tests.OpenApi.HireRequestOpenApi.FindRequests_feature.Request_filter_with_ids" computerName="DESKTOP-F6SKA47" duration="00:00:04.6375238" startTime="2021-12-16T16:26:10.9956198+03:00" endTime="2021-12-16T16:26:10.9956216+03:00" testType="13cdc9d9-ddb5-4fa4-a97d-d965ccfc6d4b" outcome="Passed" testListId="8c84fa94-04c1-424b-9868-57a2d4851a1d" relativeResultsDirectory="849025c4-1eee-4f4a-976c-268c300a9e0d">
      <Output>
        <StdOut>SCENARIO: Request filter with ids&#xD;
  STEP 1/7: GIVEN a company...&#xD;
  STEP 1/7: GIVEN a company (Passed after 187ms)&#xD;
  STEP 2/7: AND client configuration with check workflow and model...&#xD;
  STEP 2/7: AND client configuration with check workflow and model (Passed after 1s 698ms)&#xD;
  STEP 3/7: AND the authenticated api user...&#xD;
  STEP 3/7: AND the authenticated api user (Passed after 340ms)&#xD;
  STEP 4/7: AND the vacancy in the company...&#xD;
  STEP 4/7: AND the vacancy in the company (Passed after 130ms)&#xD;
  STEP 5/7: AND a hire request...&#xD;
  STEP 5/7: AND a hire request (Passed after 214ms)&#xD;
  STEP 6/7: WHEN hire request filter with non existing ids...&#xD;
  STEP 6/7: WHEN hire request filter with non existing ids (Passed after 1s 576ms)&#xD;
  STEP 7/7: THEN empty result...&#xD;
  STEP 7/7: THEN empty result (Passed after 177ms)&#xD;
  SCENARIO RESULT: Passed after 4s 343ms</StdOut>
      </Output>
    </UnitTestResult>
    <UnitTestResult executionId="5e07c367-27b9-4d12-ab48-064474b22efe" testId="7e806e75-67c3-fb72-9a42-e1006a457245" testName="Skillaz.Tests.TargetProcess.TargetProcessService_feature.Create_request_from_chat" computerName="DESKTOP-F6SKA47" duration="00:00:08.3088415" startTime="2021-12-16T16:17:37.8841852+03:00" endTime="2021-12-16T16:17:37.8841898+03:00" testType="13cdc9d9-ddb5-4fa4-a97d-d965ccfc6d4b" outcome="Passed" testListId="8c84fa94-04c1-424b-9868-57a2d4851a1d" relativeResultsDirectory="5e07c367-27b9-4d12-ab48-064474b22efe">
      <Output>
        <StdOut>SCENARIO: Create request from chat&#xD;
  STEP 1/8: GIVEN a company...&#xD;
  STEP 1/8: GIVEN a company (Passed after 108ms)&#xD;
  STEP 2/8: AND the authenticated admin user...&#xD;
  STEP 2/8: AND the authenticated admin user (Passed after 292ms)&#xD;
  STEP 3/8: AND a client user...&#xD;
  STEP 3/8: AND a client user (Passed after 409ms)&#xD;
  STEP 4/8: AND a chat with messages...&#xD;
  STEP 4/8: AND a chat with messages (Passed after 3s 492ms)&#xD;
  STEP 5/8: WHEN requested tp request creation...&#xD;
  STEP 5/8: WHEN requested tp request creation (Passed after 807ms)&#xD;
  STEP 6/8: AND requested new request link...&#xD;
  STEP 6/8: AND requested new request link (Passed after 2s 729ms)&#xD;
  STEP 7/8: THEN request was created...&#xD;
  STEP 7/8: THEN request was created (Passed after 2ms)&#xD;
  STEP 8/8: AND correct link was returned...&#xD;
  STEP 8/8: AND correct link was returned (Passed after &lt;1ms)&#xD;
  SCENARIO RESULT: Passed after 7s 851ms</StdOut>
      </Output>
    </UnitTestResult>
    <UnitTestResult executionId="b6b5dd04-fa48-4fa3-b32c-738c8c1f2da5" testId="c3d91dd3-4478-f66f-59b6-579fb8b4a9a0" testName="Skillaz.Tests.Assessment.Interview_feature.Create_a_link_to_interview" computerName="DESKTOP-F6SKA47" duration="00:00:05.9265836" startTime="2021-12-16T16:25:52.5623237+03:00" endTime="2021-12-16T16:25:52.5623270+03:00" testType="13cdc9d9-ddb5-4fa4-a97d-d965ccfc6d4b" outcome="Passed" testListId="8c84fa94-04c1-424b-9868-57a2d4851a1d" relativeResultsDirectory="b6b5dd04-fa48-4fa3-b32c-738c8c1f2da5">
      <Output>
        <StdOut>SCENARIO: Create a link to interview&#xD;
  STEP 1/4: GIVEN a candidate in a vacancy in a company...&#xD;
  STEP 1/4: GIVEN a candidate in a vacancy in a company (Passed after 1s 101ms)&#xD;
  STEP 2/4: AND a scenario...&#xD;
  STEP 2/4: AND a scenario (Passed after 1s 787ms)&#xD;
  STEP 3/4: WHEN a link to interview is generated...&#xD;
  STEP 3/4: WHEN a link to interview is generated (Passed after 2s 075ms)&#xD;
  STEP 4/4: THEN it is a valid url...&#xD;
  STEP 4/4: THEN it is a valid url (Passed after &lt;1ms)&#xD;
  SCENARIO RESULT: Passed after 4s 969ms</StdOut>
      </Output>
    </UnitTestResult>
    <UnitTestResult executionId="a5a9683a-600d-400c-95ba-3a4d966e0112" testId="3ae4221d-9f8e-3a48-a4a3-5c175ff2ffce" testName="Skillaz.Tests.SupportChats.SupportChats_feature.Read_agent_message" computerName="DESKTOP-F6SKA47" duration="00:00:11.4260024" startTime="2021-12-16T16:23:57.9528139+03:00" endTime="2021-12-16T16:23:57.9528257+03:00" testType="13cdc9d9-ddb5-4fa4-a97d-d965ccfc6d4b" outcome="Passed" testListId="8c84fa94-04c1-424b-9868-57a2d4851a1d" relativeResultsDirectory="a5a9683a-600d-400c-95ba-3a4d966e0112">
      <Output>
        <StdOut>SCENARIO: Read agent message&#xD;
  STEP 1/6: GIVEN a company...&#xD;
  STEP 1/6: GIVEN a company (Passed after 562ms)&#xD;
  STEP 2/6: AND the authenticated user...&#xD;
  STEP 2/6: AND the authenticated user (Passed after 1s 539ms)&#xD;
  STEP 3/6: AND an agent...&#xD;
  STEP 3/6: AND an agent (Passed after 739ms)&#xD;
  STEP 4/6: AND an active chat with messages...&#xD;
  STEP 4/6: AND an active chat with messages (Passed after 760ms)&#xD;
  STEP 5/6: WHEN user reads message...&#xD;
  STEP 5/6: WHEN user reads message (Passed after 4s 482ms)&#xD;
  STEP 6/6: THEN agent message is read...&#xD;
  STEP 6/6: THEN agent message is read (Passed after 989ms)&#xD;
  SCENARIO RESULT: Passed after 9s 121ms</StdOut>
      </Output>
    </UnitTestResult>
    <UnitTestResult executionId="c994773d-5524-405f-95de-9698438e946f" testId="019b787c-88b2-9680-3a7b-9251d2235f77" testName="Skillaz.Tests.CompanySpecific.X5.Naumen.NaumenSlaTests.Sla_calculates_correctly_for_next_day(candidateTimeZone: 8, sla: 02:00:00, startDate: 2020-01-01T03:00:00.0000000Z, truth: [NaumenTimeRange { From = &quot;2020-01-01 07:00:00&quot;, To = &quot;2020-01-01 09:00:00&quot; }])" computerName="DESKTOP-F6SKA47" duration="00:00:00.0000473" startTime="2021-12-16T16:16:29.3122255+03:00" endTime="2021-12-16T16:16:29.3122259+03:00" testType="13cdc9d9-ddb5-4fa4-a97d-d965ccfc6d4b" outcome="Passed" testListId="8c84fa94-04c1-424b-9868-57a2d4851a1d" relativeResultsDirectory="c994773d-5524-405f-95de-9698438e946f" />
    <UnitTestResult executionId="39f6fd89-1d6a-4242-b8bf-5998b9381b70" testId="2f5919bf-579e-5315-c908-7b7409966f76" testName="Skillaz.Tests.CompanySpecific.Mvideo.MvideoProcessDelayedHoldRequestsCommand_feature.Set_request_holded_request_hold_date_is_current" computerName="DESKTOP-F6SKA47" duration="00:00:00.0010000" startTime="2021-12-16T16:26:12.8737670+03:00" endTime="2021-12-16T16:26:12.8737718+03:00" testType="13cdc9d9-ddb5-4fa4-a97d-d965ccfc6d4b" outcome="NotExecuted" testListId="8c84fa94-04c1-424b-9868-57a2d4851a1d" relativeResultsDirectory="39f6fd89-1d6a-4242-b8bf-5998b9381b70">
      <Output>
        <StdOut>Подумать как замокать ClientConfiguration</StdOut>
      </Output>
    </UnitTestResult>
    <UnitTestResult executionId="b51d9619-9a25-498e-b235-91742789cc83" testId="019b787c-88b2-9680-3a7b-9251d2235f77" testName="Skillaz.Tests.CompanySpecific.X5.Naumen.NaumenSlaTests.Sla_calculates_correctly_for_next_day(candidateTimeZone: 9, sla: 02:00:00, startDate: 2019-12-31T20:00:00.0000000Z, truth: [NaumenTimeRange { From = &quot;2020-01-01 07:00:00&quot;, To = &quot;2020-01-01 09:00:00&quot; }])" computerName="DESKTOP-F6SKA47" duration="00:00:00.0002060" startTime="2021-12-16T16:16:29.3188066+03:00" endTime="2021-12-16T16:16:29.3188074+03:00" testType="13cdc9d9-ddb5-4fa4-a97d-d965ccfc6d4b" outcome="Passed" testListId="8c84fa94-04c1-424b-9868-57a2d4851a1d" relativeResultsDirectory="b51d9619-9a25-498e-b235-91742789cc83" />
    <UnitTestResult executionId="494a693e-9168-41ba-a0c8-0cc295acd3dc" testId="0526bb89-e3e6-9814-3fcb-4bb8ecaa89e9" testName="Skillaz.Tests.Configurator.Filter.ConfiguratorRequestFilter_feature.Ensure_that_filter_by_hire_request_type_return_available_values_when_three_request_types" computerName="DESKTOP-F6SKA47" duration="00:00:05.8940404" startTime="2021-12-16T16:29:08.1071919+03:00" endTime="2021-12-16T16:29:08.1071996+03:00" testType="13cdc9d9-ddb5-4fa4-a97d-d965ccfc6d4b" outcome="Passed" testListId="8c84fa94-04c1-424b-9868-57a2d4851a1d" relativeResultsDirectory="494a693e-9168-41ba-a0c8-0cc295acd3dc">
      <Output>
        <StdOut>SCENARIO: Ensure that filter by hire request type return available values when three request types&#xD;
  STEP 1/7: GIVEN a company...&#xD;
  STEP 1/7: GIVEN a company (Passed after 128ms)&#xD;
  STEP 2/7: AND the authenticated user...&#xD;
  STEP 2/7: AND the authenticated user (Passed after 251ms)&#xD;
  STEP 3/7: AND the configurations by request types [requestTypes: "HireRequest, MassRequest, ConfrontationRequest"]...&#xD;
  STEP 3/7: AND the configurations by request types [requestTypes: "HireRequest, MassRequest, ConfrontationRequest"] (Passed after 631ms)&#xD;
  STEP 4/7: AND the data for configurations requests...&#xD;
  STEP 4/7: AND the data for configurations requests (Passed after 784ms)&#xD;
  STEP 5/7: AND the filter by request [filterFields: "Skillaz.Framework.DocumentModel.Contract.DocumentModelFieldUpdate, Skillaz.Framework.DocumentModel.Contract.DocumentModelFieldUpdate"]...&#xD;
  STEP 5/7: AND the filter by request [filterFields: "Skillaz.Framework.DocumentModel.Contract.DocumentModelFieldUpdate, Skillaz.Framework.DocumentModel.Contract.DocumentModelFieldUpdate"] (Passed after &lt;1ms)&#xD;
  STEP 6/7: WHEN get requests by filter...&#xD;
  STEP 6/7: WHEN get requests by filter (Passed after 1s 266ms)&#xD;
  STEP 7/7: THEN requests from filter equal requests by query...&#xD;
  STEP 7/7: THEN requests from filter equal requests by query (Passed after 5ms)&#xD;
  SCENARIO RESULT: Passed after 3s 080ms</StdOut>
      </Output>
    </UnitTestResult>
    <UnitTestResult executionId="104d8a31-9adb-49bc-9382-5a1fc66830d1" testId="9eb95731-bed3-b7c0-00b0-7a33a6ac945c" testName="Skillaz.Tests.OpenApi.CreateNewCandidate_feature.Check_candidate_with_cv_created" computerName="DESKTOP-F6SKA47" duration="00:00:08.0841277" startTime="2021-12-16T16:26:14.3237553+03:00" endTime="2021-12-16T16:26:14.3237572+03:00" testType="13cdc9d9-ddb5-4fa4-a97d-d965ccfc6d4b" outcome="Passed" testListId="8c84fa94-04c1-424b-9868-57a2d4851a1d" relativeResultsDirectory="104d8a31-9adb-49bc-9382-5a1fc66830d1">
      <Output>
        <StdOut>SCENARIO: Check candidate with cv created&#xD;
  STEP 1/8: GIVEN a company...&#xD;
  STEP 1/8: GIVEN a company (Passed after 232ms)&#xD;
  STEP 2/8: AND the authenticated user...&#xD;
  STEP 2/8: AND the authenticated user (Passed after 489ms)&#xD;
  STEP 3/8: AND the vacancy in the company...&#xD;
  STEP 3/8: AND the vacancy in the company (Passed after 330ms)&#xD;
  STEP 4/8: WHEN candidate with cv creation requested...&#xD;
  STEP 4/8: WHEN candidate with cv creation requested (Passed after 5s 378ms)&#xD;
  STEP 5/8: THEN candidate with cv exists...&#xD;
  STEP 5/8: THEN candidate with cv exists (Passed after 191ms)&#xD;
  STEP 6/8: AND gender is correct...&#xD;
  STEP 6/8: AND gender is correct (Passed after 442ms)&#xD;
  STEP 7/8: AND education is correct...&#xD;
  STEP 7/8: AND education is correct (Passed after 380ms)&#xD;
  STEP 8/8: AND citizenship is correct...&#xD;
  STEP 8/8: AND citizenship is correct (Passed after 164ms)&#xD;
  SCENARIO RESULT: Passed after 7s 617ms</StdOut>
      </Output>
    </UnitTestResult>
    <UnitTestResult executionId="4d4a0c88-49e9-4656-9d3b-f2383249cb06" testId="39bbe88c-a5a1-69b6-0e18-a75bb02edd6c" testName="Skillaz.Tests.CompanySpecific.X5.Naumen.NaumenSlaTests.Sla_calculates_correctly_within_one_day(candidateTimeZone: 9, sla: 06:00:00, startDate: 2019-12-31T05:00:00.0000000Z, truth: [NaumenTimeRange { From = &quot;2019-12-31 08:00:00&quot;, To = &quot;2019-12-31 14:00:00&quot; }])" computerName="DESKTOP-F6SKA47" duration="00:00:00.0000515" startTime="2021-12-16T16:16:29.0275255+03:00" endTime="2021-12-16T16:16:29.0275259+03:00" testType="13cdc9d9-ddb5-4fa4-a97d-d965ccfc6d4b" outcome="Passed" testListId="8c84fa94-04c1-424b-9868-57a2d4851a1d" relativeResultsDirectory="4d4a0c88-49e9-4656-9d3b-f2383249cb06" />
    <UnitTestResult executionId="c3c2ee23-ff98-4fd3-af49-084ba164492e" testId="019b787c-88b2-9680-3a7b-9251d2235f77" testName="Skillaz.Tests.CompanySpecific.X5.Naumen.NaumenSlaTests.Sla_calculates_correctly_for_next_day(candidateTimeZone: 7, sla: 02:00:00, startDate: 2019-12-31T23:00:00.0000000Z, truth: [NaumenTimeRange { From = &quot;2020-01-01 07:00:00&quot;, To = &quot;2020-01-01 09:00:00&quot; }])" computerName="DESKTOP-F6SKA47" duration="00:00:00.0000388" startTime="2021-12-16T16:16:29.2890516+03:00" endTime="2021-12-16T16:16:29.2890520+03:00" testType="13cdc9d9-ddb5-4fa4-a97d-d965ccfc6d4b" outcome="Passed" testListId="8c84fa94-04c1-424b-9868-57a2d4851a1d" relativeResultsDirectory="c3c2ee23-ff98-4fd3-af49-084ba164492e" />
    <UnitTestResult executionId="2e984171-6a4d-4e9b-8df5-1116866fef64" testId="39bbe88c-a5a1-69b6-0e18-a75bb02edd6c" testName="Skillaz.Tests.CompanySpecific.X5.Naumen.NaumenSlaTests.Sla_calculates_correctly_within_one_day(candidateTimeZone: 2, sla: 06:00:00, startDate: 2019-12-31T12:00:00.0000000Z, truth: [NaumenTimeRange { From = &quot;2019-12-31 15:00:00&quot;, To = &quot;2019-12-31 21:00:00&quot; }])" computerName="DESKTOP-F6SKA47" duration="00:00:00.0000489" startTime="2021-12-16T16:16:28.8977456+03:00" endTime="2021-12-16T16:16:28.8977460+03:00" testType="13cdc9d9-ddb5-4fa4-a97d-d965ccfc6d4b" outcome="Passed" testListId="8c84fa94-04c1-424b-9868-57a2d4851a1d" relativeResultsDirectory="2e984171-6a4d-4e9b-8df5-1116866fef64" />
    <UnitTestResult executionId="b787ab8d-636c-4547-81d0-2c581d8fcd1d" testId="019b787c-88b2-9680-3a7b-9251d2235f77" testName="Skillaz.Tests.CompanySpecific.X5.Naumen.NaumenSlaTests.Sla_calculates_correctly_for_next_day(candidateTimeZone: 7, sla: 02:00:00, startDate: 2019-12-31T14:30:00.0000000Z, truth: [NaumenTimeRange { From = &quot;2020-01-01 07:00:00&quot;, To = &quot;2020-01-01 09:00:00&quot; }])" computerName="DESKTOP-F6SKA47" duration="00:00:00.0000332" startTime="2021-12-16T16:16:29.2813690+03:00" endTime="2021-12-16T16:16:29.2813693+03:00" testType="13cdc9d9-ddb5-4fa4-a97d-d965ccfc6d4b" outcome="Passed" testListId="8c84fa94-04c1-424b-9868-57a2d4851a1d" relativeResultsDirectory="b787ab8d-636c-4547-81d0-2c581d8fcd1d" />
    <UnitTestResult executionId="f70ea981-6144-4d03-82b4-85b1ed04ac03" testId="01a8e8aa-d348-1b2c-1da6-8f9439c22253" testName="Skillaz.Tests.OrgUnit.OrgUnitExternalIdTests.Test_orgunit_update_with_already_existed_orgunit_by_externalId" computerName="DESKTOP-F6SKA47" duration="00:00:00.0010000" startTime="2021-12-16T16:24:39.1145111+03:00" endTime="2021-12-16T16:24:39.1145180+03:00" testType="13cdc9d9-ddb5-4fa4-a97d-d965ccfc6d4b" outcome="NotExecuted" testListId="8c84fa94-04c1-424b-9868-57a2d4851a1d" relativeResultsDirectory="f70ea981-6144-4d03-82b4-85b1ed04ac03">
      <Output>
        <StdOut>Нужно переделать этап Given_dm_configuration, не завязываться на авилон</StdOut>
      </Output>
    </UnitTestResult>
    <UnitTestResult executionId="7e2f7e74-f16e-4f61-b8b1-38cfcc8c98e1" testId="019b787c-88b2-9680-3a7b-9251d2235f77" testName="Skillaz.Tests.CompanySpecific.X5.Naumen.NaumenSlaTests.Sla_calculates_correctly_for_next_day(candidateTimeZone: 9, sla: 02:00:00, startDate: 2019-12-31T16:00:00.0000000Z, truth: [NaumenTimeRange { From = &quot;2020-01-01 07:00:00&quot;, To = &quot;2020-01-01 09:00:00&quot; }])" computerName="DESKTOP-F6SKA47" duration="00:00:00.0000611" startTime="2021-12-16T16:16:29.3157962+03:00" endTime="2021-12-16T16:16:29.3157965+03:00" testType="13cdc9d9-ddb5-4fa4-a97d-d965ccfc6d4b" outcome="Passed" testListId="8c84fa94-04c1-424b-9868-57a2d4851a1d" relativeResultsDirectory="7e2f7e74-f16e-4f61-b8b1-38cfcc8c98e1" />
    <UnitTestResult executionId="2e3dd1d1-7910-473e-a96c-7452e0815984" testId="ed6c4e9b-1990-d8ab-0bfc-a6213341c867" testName="Skillaz.Tests.OpenApi.CandidateProfileApi.FilterCandidateProfile_feature.Candidate_profile_filter_not_archived_by_default" computerName="DESKTOP-F6SKA47" duration="00:00:04.6710641" startTime="2021-12-16T16:27:30.3104474+03:00" endTime="2021-12-16T16:27:30.3104494+03:00" testType="13cdc9d9-ddb5-4fa4-a97d-d965ccfc6d4b" outcome="Passed" testListId="8c84fa94-04c1-424b-9868-57a2d4851a1d" relativeResultsDirectory="2e3dd1d1-7910-473e-a96c-7452e0815984">
      <Output>
        <StdOut>SCENARIO: Candidate profile filter not archived by default&#xD;
  STEP 1/5: GIVEN a company...&#xD;
  STEP 1/5: GIVEN a company (Passed after 325ms)&#xD;
  STEP 2/5: AND the authenticated api user...&#xD;
  STEP 2/5: AND the authenticated api user (Passed after 697ms)&#xD;
  STEP 3/5: AND random candidate profiles even is archived...&#xD;
  STEP 3/5: AND random candidate profiles even is archived (Passed after 1s 071ms)&#xD;
  STEP 4/5: WHEN candidate profile empty filter...&#xD;
  STEP 4/5: WHEN candidate profile empty filter (Passed after 385ms)&#xD;
  STEP 5/5: THEN only not archived return...&#xD;
  STEP 5/5: THEN only not archived return (Passed after 271ms)&#xD;
  SCENARIO RESULT: Passed after 2s 756ms</StdOut>
      </Output>
    </UnitTestResult>
    <UnitTestResult executionId="2f0a6e93-355e-4279-a51f-cd3b4928d3af" testId="cbd90f5a-09df-5637-d61a-994b31b89e81" testName="Skillaz.Tests.Configurator.DocumentModel.DocumentModelFieldBinderTest.DocumentModelBinderParseTest(expression: &quot;EmbeddedDocument.Name&quot;, expectedType: typeof(Skillaz.Framework.DocumentModel.Binders.DocumentModelFieldExpressionValueBinder&lt;Skillaz.Tests.Configurator.DocumentModel.DocumentModelTestDocument, string&gt;))" computerName="DESKTOP-F6SKA47" duration="00:00:00.0113162" startTime="2021-12-16T16:16:31.1202927+03:00" endTime="2021-12-16T16:16:31.1203006+03:00" testType="13cdc9d9-ddb5-4fa4-a97d-d965ccfc6d4b" outcome="Passed" testListId="8c84fa94-04c1-424b-9868-57a2d4851a1d" relativeResultsDirectory="2f0a6e93-355e-4279-a51f-cd3b4928d3af" />
    <UnitTestResult executionId="495d3d9d-adc4-42b7-a569-d817f24a7fb0" testId="c7785b27-cac0-ee54-f9ef-217e039e1a39" testName="Skillaz.Tests.CompanySpecific.Mvideo.MvideoAvaliablePositionsRequestWithAdvancedSearch_feature.Check_available_position_with_change_staff_and_employees_counts(initialCount: (12, 3), changeCount: (1, 0), requestCount: (0, 1), approvedCount: 5)" computerName="DESKTOP-F6SKA47" duration="00:00:00.0010000" startTime="2021-12-16T16:29:47.8275006+03:00" endTime="2021-12-16T16:29:47.8275044+03:00" testType="13cdc9d9-ddb5-4fa4-a97d-d965ccfc6d4b" outcome="NotExecuted" testListId="8c84fa94-04c1-424b-9868-57a2d4851a1d" relativeResultsDirectory="495d3d9d-adc4-42b7-a569-d817f24a7fb0">
      <Output>
        <StdOut>Вернуть как только поправим высчитывание заявок на поиск в mvideo</StdOut>
      </Output>
    </UnitTestResult>
    <UnitTestResult executionId="864d043c-221b-4ca8-a366-c3773aa56c7b" testId="39bbe88c-a5a1-69b6-0e18-a75bb02edd6c" testName="Skillaz.Tests.CompanySpecific.X5.Naumen.NaumenSlaTests.Sla_calculates_correctly_within_one_day(candidateTimeZone: 6, sla: 08:00:00, startDate: 2019-12-31T06:00:00.0000000Z, truth: [NaumenTimeRange { From = &quot;2019-12-31 09:00:00&quot;, To = &quot;2019-12-31 17:00:00&quot; }])" computerName="DESKTOP-F6SKA47" duration="00:00:00.0000547" startTime="2021-12-16T16:16:29.0086618+03:00" endTime="2021-12-16T16:16:29.0086622+03:00" testType="13cdc9d9-ddb5-4fa4-a97d-d965ccfc6d4b" outcome="Passed" testListId="8c84fa94-04c1-424b-9868-57a2d4851a1d" relativeResultsDirectory="864d043c-221b-4ca8-a366-c3773aa56c7b" />
    <UnitTestResult executionId="23a060e7-18b4-4127-b862-15af6b1d0a89" testId="53406a7a-8b87-4e0d-a5b5-5b7e04c275a9" testName="Skillaz.Tests.Candidate.Checks.FilterChecksBasedOnIsNeedToShow_feature.Get_candidate_info_for_new_interface_by_invalid_user" computerName="DESKTOP-F6SKA47" duration="00:00:06.4037816" startTime="2021-12-16T16:26:49.8799913+03:00" endTime="2021-12-16T16:26:49.8799935+03:00" testType="13cdc9d9-ddb5-4fa4-a97d-d965ccfc6d4b" outcome="Passed" testListId="8c84fa94-04c1-424b-9868-57a2d4851a1d" relativeResultsDirectory="23a060e7-18b4-4127-b862-15af6b1d0a89">
      <Output>
        <StdOut>SCENARIO: Get candidate info for new interface by invalid user&#xD;
  STEP 1/10: GIVEN a company...&#xD;
  STEP 1/10: GIVEN a company (Passed after 127ms)&#xD;
  STEP 2/10: AND the vacancy in the company...&#xD;
  STEP 2/10: AND the vacancy in the company (Passed after 126ms)&#xD;
  STEP 3/10: AND the authenticated user...&#xD;
  STEP 3/10: AND the authenticated user (Passed after 149ms)&#xD;
  STEP 4/10: AND a funnel...&#xD;
  STEP 4/10: AND a funnel (Passed after 120ms)&#xD;
  STEP 5/10: AND a candidate...&#xD;
  STEP 5/10: AND a candidate (Passed after 120ms)&#xD;
  STEP 6/10: AND client configuration with check workflow and model...&#xD;
  STEP 6/10: AND client configuration with check workflow and model (Passed after 2s 507ms)&#xD;
  STEP 7/10: AND started checks...&#xD;
  STEP 7/10: AND started checks (Passed after 2s 145ms)&#xD;
  STEP 8/10: AND the authenticated user...&#xD;
  STEP 8/10: AND the authenticated user (Passed after 41ms)&#xD;
  STEP 9/10: WHEN candidate data for new interface is requested...&#xD;
  STEP 9/10: WHEN candidate data for new interface is requested (Passed after 473ms)&#xD;
  STEP 10/10: THEN check in new interface is not available...&#xD;
  STEP 10/10: THEN check in new interface is not available (Passed after 3ms)&#xD;
  SCENARIO RESULT: Passed after 5s 830ms</StdOut>
      </Output>
    </UnitTestResult>
    <UnitTestResult executionId="25ca3aa9-6cbe-4aa0-a2a9-2e4291cf0c0d" testId="019b787c-88b2-9680-3a7b-9251d2235f77" testName="Skillaz.Tests.CompanySpecific.X5.Naumen.NaumenSlaTests.Sla_calculates_correctly_for_next_day(candidateTimeZone: 5, sla: 02:00:00, startDate: 2019-12-31T20:00:00.0000000Z, truth: [NaumenTimeRange { From = &quot;2020-01-01 07:00:00&quot;, To = &quot;2020-01-01 09:00:00&quot; }])" computerName="DESKTOP-F6SKA47" duration="00:00:00.0000503" startTime="2021-12-16T16:16:29.1043388+03:00" endTime="2021-12-16T16:16:29.1043403+03:00" testType="13cdc9d9-ddb5-4fa4-a97d-d965ccfc6d4b" outcome="Passed" testListId="8c84fa94-04c1-424b-9868-57a2d4851a1d" relativeResultsDirectory="25ca3aa9-6cbe-4aa0-a2a9-2e4291cf0c0d" />
    <UnitTestResult executionId="f6793946-4905-436c-8a61-25fdf098fc59" testId="ce4d0946-c3dc-3a48-31f0-e21bc61f7a25" testName="Skillaz.Tests.Candidate.Checks.FilterChecksBasedOnIsNeedToShow_feature.Get_candidate_check_list_by_admin_user" computerName="DESKTOP-F6SKA47" duration="00:00:06.2067178" startTime="2021-12-16T16:26:51.7738375+03:00" endTime="2021-12-16T16:26:51.7738387+03:00" testType="13cdc9d9-ddb5-4fa4-a97d-d965ccfc6d4b" outcome="Passed" testListId="8c84fa94-04c1-424b-9868-57a2d4851a1d" relativeResultsDirectory="f6793946-4905-436c-8a61-25fdf098fc59">
      <Output>
        <StdOut>SCENARIO: Get candidate check list by admin user&#xD;
  STEP 1/10: GIVEN a company...&#xD;
  STEP 1/10: GIVEN a company (Passed after 184ms)&#xD;
  STEP 2/10: AND the vacancy in the company...&#xD;
  STEP 2/10: AND the vacancy in the company (Passed after 290ms)&#xD;
  STEP 3/10: AND the authenticated user...&#xD;
  STEP 3/10: AND the authenticated user (Passed after 620ms)&#xD;
  STEP 4/10: AND a funnel...&#xD;
  STEP 4/10: AND a funnel (Passed after 180ms)&#xD;
  STEP 5/10: AND a candidate...&#xD;
  STEP 5/10: AND a candidate (Passed after 80ms)&#xD;
  STEP 6/10: AND client configuration with check workflow and model...&#xD;
  STEP 6/10: AND client configuration with check workflow and model (Passed after 1s 757ms)&#xD;
  STEP 7/10: AND started checks...&#xD;
  STEP 7/10: AND started checks (Passed after 2s 142ms)&#xD;
  STEP 8/10: AND the authenticated admin user...&#xD;
  STEP 8/10: AND the authenticated admin user (Passed after 4ms)&#xD;
  STEP 9/10: WHEN candidate check list is requested...&#xD;
  STEP 9/10: WHEN candidate check list is requested (Passed after 12ms)&#xD;
  STEP 10/10: THEN check exists in list...&#xD;
  STEP 10/10: THEN check exists in list (Passed after &lt;1ms)&#xD;
  SCENARIO RESULT: Passed after 5s 404ms</StdOut>
      </Output>
    </UnitTestResult>
    <UnitTestResult executionId="f5da0241-b70f-478c-811a-761aa6c50543" testId="16a5960d-9da8-46ce-fa51-d6ba74162810" testName="Skillaz.Tests.Configurator.Prioritization.ConfiguratorPrioritizationRequest_feature.Prioritization_single_condition_with_correct_order" computerName="DESKTOP-F6SKA47" duration="00:00:07.9236746" startTime="2021-12-16T16:27:27.5335878+03:00" endTime="2021-12-16T16:27:27.5335882+03:00" testType="13cdc9d9-ddb5-4fa4-a97d-d965ccfc6d4b" outcome="Passed" testListId="8c84fa94-04c1-424b-9868-57a2d4851a1d" relativeResultsDirectory="f5da0241-b70f-478c-811a-761aa6c50543">
      <Output>
        <StdOut>SCENARIO: Prioritization single condition with correct order&#xD;
  STEP 1/9: GIVEN a company...&#xD;
  STEP 1/9: GIVEN a company (Passed after 214ms)&#xD;
  STEP 2/9: AND the authenticated user...&#xD;
  STEP 2/9: AND the authenticated user (Passed after 704ms)&#xD;
  STEP 3/9: AND the candidates...&#xD;
  STEP 3/9: AND the candidates (Passed after 292ms)&#xD;
  STEP 4/9: AND the single conditions prioritization with correct order...&#xD;
  STEP 4/9: AND the single conditions prioritization with correct order (Passed after 4ms)&#xD;
  STEP 5/9: AND the configuration...&#xD;
  STEP 5/9: AND the configuration (Passed after 660ms)&#xD;
  STEP 6/9: AND the requests for single and multi rules...&#xD;
  STEP 6/9: AND the requests for single and multi rules (Passed after 381ms)&#xD;
  STEP 7/9: WHEN job prioritization...&#xD;
  STEP 7/9: WHEN job prioritization (Passed after 3s 585ms)&#xD;
  STEP 8/9: THEN check requests priority with correct order...&#xD;
  STEP 8/9: THEN check requests priority with correct order (Passed after 37ms)&#xD;
  STEP 9/9: AND request with priority color by filter...&#xD;
  STEP 9/9: AND request with priority color by filter (Passed after 480ms)&#xD;
  SCENARIO RESULT: Passed after 6s 419ms</StdOut>
      </Output>
    </UnitTestResult>
    <UnitTestResult executionId="61e2e926-6e48-456b-9d0d-189ca6745884" testId="d6bce1e0-69ef-e6cd-7374-cd3512059113" testName="Skillaz.Tests.Candidate.Elastic.CandidateElasticFiltration_feature.Retrieving_a_candidate_by_nonexistent_vacancy_id" computerName="DESKTOP-F6SKA47" duration="00:00:00.0010000" startTime="2021-12-16T16:24:39.8967153+03:00" endTime="2021-12-16T16:24:39.8967159+03:00" testType="13cdc9d9-ddb5-4fa4-a97d-d965ccfc6d4b" outcome="NotExecuted" testListId="8c84fa94-04c1-424b-9868-57a2d4851a1d" relativeResultsDirectory="61e2e926-6e48-456b-9d0d-189ca6745884">
      <Output>
        <StdOut>You need Elasticsearch 7.5 local instance on 9200 port</StdOut>
      </Output>
    </UnitTestResult>
    <UnitTestResult executionId="6d0b9a5e-3399-4e10-ba10-562e8697394c" testId="97f9054b-8b90-87a0-ff5a-24de4a1d98fb" testName="Skillaz.Tests.Configurator.Deduplication.StrategySelecting.Без_конфигуратора_загружаются_стратегии_из_кода" computerName="DESKTOP-F6SKA47" duration="00:00:00.6292058" startTime="2021-12-16T16:25:30.7288877+03:00" endTime="2021-12-16T16:25:30.7288896+03:00" testType="13cdc9d9-ddb5-4fa4-a97d-d965ccfc6d4b" outcome="Passed" testListId="8c84fa94-04c1-424b-9868-57a2d4851a1d" relativeResultsDirectory="6d0b9a5e-3399-4e10-ba10-562e8697394c">
      <Output>
        <StdOut>SCENARIO: Без конфигуратора загружаются стратегии из кода&#xD;
  STEP 1/2: GIVEN a company...&#xD;
  STEP 1/2: GIVEN a company (Passed after 77ms)&#xD;
  STEP 2/2: Стратегия должна быть стандартной...&#xD;
  STEP 2/2: Стратегия должна быть стандартной (Passed after 306ms)&#xD;
  SCENARIO RESULT: Passed after 384ms</StdOut>
      </Output>
    </UnitTestResult>
    <UnitTestResult executionId="c51ffce4-c721-4f16-ad38-da47a2d37a66" testId="d841a7cf-f6aa-3905-77a2-9ed906306f3f" testName="Skillaz.Tests.Authorization.AuthLoginWorkflowService_CheckPrivacyPolicyOnLogin_feature.Do_login_user_with_accepted_other_policy_in_company_with_EnabledRequiredPolicyOfUsers" computerName="DESKTOP-F6SKA47" duration="00:00:04.3976200" startTime="2021-12-16T16:26:29.1568784+03:00" endTime="2021-12-16T16:26:29.1568820+03:00" testType="13cdc9d9-ddb5-4fa4-a97d-d965ccfc6d4b" outcome="Passed" testListId="8c84fa94-04c1-424b-9868-57a2d4851a1d" relativeResultsDirectory="c51ffce4-c721-4f16-ad38-da47a2d37a66">
      <Output>
        <StdOut>SCENARIO: Do login user with accepted other policy in company with EnabledRequiredPolicyOfUsers&#xD;
  STEP 1/5: GIVEN Given Company "Skillaz.Candidate.Contract.LegacyCompany.LegacyCompanyDocument"...&#xD;
  STEP 1/5: GIVEN Given Company "Skillaz.Candidate.Contract.LegacyCompany.LegacyCompanyDocument" (Passed after 271ms)&#xD;
  STEP 2/5: AND Given a user...&#xD;
  STEP 2/5: AND Given a user (Passed after 498ms)&#xD;
  STEP 3/5: AND SetInUserPrivacyPolicyOfUsers [isAccepted: "True"] [AcceptedPolicyLink: "testOtherPrivacy.pdf"]...&#xD;
  STEP 3/5: AND SetInUserPrivacyPolicyOfUsers [isAccepted: "True"] [AcceptedPolicyLink: "testOtherPrivacy.pdf"] (Passed after 56ms)&#xD;
  STEP 4/5: WHEN When doing a login "v.pupkin" attempt [password: "strong_Asdasd123asdasd$Asdasd123asdasd$^1"]...&#xD;
  STEP 4/5: WHEN When doing a login "v.pupkin" attempt [password: "strong_Asdasd123asdasd$Asdasd123asdasd$^1"] (Passed after 1s 963ms)&#xD;
  STEP 5/5: THEN Then ensure that user was not authenticated and return action AcceptPrivacyPolicyOfUsers...&#xD;
  STEP 5/5: THEN Then ensure that user was not authenticated and return action AcceptPrivacyPolicyOfUsers (Passed after 236ms)&#xD;
  SCENARIO RESULT: Passed after 3s 056ms</StdOut>
      </Output>
    </UnitTestResult>
    <UnitTestResult executionId="f1041b0b-dc63-44a5-a9a8-1f005b07cb86" testId="695a69c9-264c-d1c5-2032-535ef4bf39f9" testName="Skillaz.Tests.CompanySpecific.X5.Naumen.NaumenSlaTests.Sla_calculates_correctly_for_split_days(candidateTimeZone: 5, sla: 09:00:00, startDate: 2019-12-31T10:30:00.0000000Z, truth: [NaumenTimeRange { From = &quot;2019-12-31 13:30:00&quot;, To = &quot;2019-12-31 18:00:00&quot; }, NaumenTimeRange { From = &quot;2020-01-01 07:00:00&quot;, To = &quot;2020-01-01 11:30:00&quot; }])" computerName="DESKTOP-F6SKA47" duration="00:00:00.0000947" startTime="2021-12-16T16:16:28.9968820+03:00" endTime="2021-12-16T16:16:28.9968824+03:00" testType="13cdc9d9-ddb5-4fa4-a97d-d965ccfc6d4b" outcome="Passed" testListId="8c84fa94-04c1-424b-9868-57a2d4851a1d" relativeResultsDirectory="f1041b0b-dc63-44a5-a9a8-1f005b07cb86" />
    <UnitTestResult executionId="2bd5775a-8d22-4bcf-9f10-49d957e8d913" testId="28a1cfa7-74f0-bb63-b647-23fa0ca7e58e" testName="Skillaz.Tests.CompanySpecific.Perekrestok.PerekrestokIgnoreHrBpInOrgUnitByOpenApi_feature.Check_ignore_HR_BP_fields_in_OrgUnit_from_OpenApi" computerName="DESKTOP-F6SKA47" duration="00:01:03.1229282" startTime="2021-12-16T16:17:31.1138969+03:00" endTime="2021-12-16T16:17:31.1139014+03:00" testType="13cdc9d9-ddb5-4fa4-a97d-d965ccfc6d4b" outcome="Passed" testListId="8c84fa94-04c1-424b-9868-57a2d4851a1d" relativeResultsDirectory="2bd5775a-8d22-4bcf-9f10-49d957e8d913">
      <Output>
        <StdOut>SCENARIO: Check ignore HR BP fields in OrgUnit from OpenApi&#xD;
  STEP 1/5: GIVEN a company [companyId: "PerekrestokCompany"]...&#xD;
  STEP 1/5: GIVEN a company [companyId: "PerekrestokCompany"] (Passed after 3s 178ms)&#xD;
  STEP 2/5: AND the authenticated user...&#xD;
  STEP 2/5: AND the authenticated user (Passed after 1s 564ms)&#xD;
  STEP 3/5: AND a org unit...&#xD;
  STEP 3/5: AND a org unit (Passed after 749ms)&#xD;
  STEP 4/5: WHEN a load data from open api...&#xD;
  STEP 4/5: WHEN a load data from open api (Passed after 56s 402ms)&#xD;
  STEP 5/5: THEN a HR BP field not changed...&#xD;
  STEP 5/5: THEN a HR BP field not changed (Passed after 329ms)&#xD;
  SCENARIO RESULT: Passed after 1m 02s</StdOut>
      </Output>
    </UnitTestResult>
    <UnitTestResult executionId="a76aa20e-b2c6-4e41-9bda-f04003575786" testId="700ea21d-7baf-501a-6020-80bbf40a0d33" testName="Skillaz.Tests.Configurator.Deduplication.TransferToAnotherVacancy.Создать_дубликат_кандидата" computerName="DESKTOP-F6SKA47" duration="00:00:21.9939726" startTime="2021-12-16T16:28:56.6395595+03:00" endTime="2021-12-16T16:28:56.6395612+03:00" testType="13cdc9d9-ddb5-4fa4-a97d-d965ccfc6d4b" outcome="Passed" testListId="8c84fa94-04c1-424b-9868-57a2d4851a1d" relativeResultsDirectory="a76aa20e-b2c6-4e41-9bda-f04003575786">
      <Output>
        <StdOut>SCENARIO: Создать дубликат кандидата&#xD;
  STEP 1/8: GIVEN a company...&#xD;
  STEP 1/8: GIVEN a company (Passed after 42ms)&#xD;
  STEP 2/8: AND the authenticated user...&#xD;
  STEP 2/8: AND the authenticated user (Passed after 105ms)&#xD;
  STEP 3/8: AND the Funnel...&#xD;
  STEP 3/8: AND the Funnel (Passed after 146ms)&#xD;
  STEP 4/8: AND the vacancy in the company [funnelId: "TestingFunnel"]...&#xD;
  STEP 4/8: AND the vacancy in the company [funnelId: "TestingFunnel"] (Passed after 86ms)&#xD;
  STEP 5/8: AND the new vacancy [funnelId: "TestingFunnel"]...&#xD;
  STEP 5/8: AND the new vacancy [funnelId: "TestingFunnel"] (Passed after 425ms)&#xD;
  STEP 6/8: AND candidate on vacancy...&#xD;
  STEP 6/8: AND candidate on vacancy (Passed after 506ms)&#xD;
  STEP 7/8: WHEN create new candidate...&#xD;
  STEP 7/8: WHEN create new candidate (Passed after 12s 079ms)&#xD;
  STEP 8/8: Check create new candidate...&#xD;
  STEP 8/8: Check create new candidate (Passed after 2ms)&#xD;
  SCENARIO RESULT: Passed after 13s 446ms</StdOut>
      </Output>
    </UnitTestResult>
    <UnitTestResult executionId="fff9703e-1b6c-4acd-bb72-cafe0a83de70" testId="695a69c9-264c-d1c5-2032-535ef4bf39f9" testName="Skillaz.Tests.CompanySpecific.X5.Naumen.NaumenSlaTests.Sla_calculates_correctly_for_split_days(candidateTimeZone: 10, sla: 02:00:00, startDate: 2019-12-31T09:00:00.0000000Z, truth: [NaumenTimeRange { From = &quot;2019-12-31 12:00:00&quot;, To = &quot;2019-12-31 13:00:00&quot; }, NaumenTimeRange { From = &quot;2020-01-01 07:00:00&quot;, To = &quot;2020-01-01 08:00:00&quot; }])" computerName="DESKTOP-F6SKA47" duration="00:00:00.0000967" startTime="2021-12-16T16:16:29.0225884+03:00" endTime="2021-12-16T16:16:29.0225906+03:00" testType="13cdc9d9-ddb5-4fa4-a97d-d965ccfc6d4b" outcome="Passed" testListId="8c84fa94-04c1-424b-9868-57a2d4851a1d" relativeResultsDirectory="fff9703e-1b6c-4acd-bb72-cafe0a83de70" />
    <UnitTestResult executionId="dfa20f5a-b3a2-4343-a6cf-f3296d8baf24" testId="eb235015-b46c-e8ad-7400-b8dcb184a5ec" testName="Skillaz.Testing.Run.System.Security.HtmlSecurityTests.SanitizeHtmlInJson" computerName="DESKTOP-F6SKA47" duration="00:00:02.7699535" startTime="2021-12-16T16:16:31.4909437+03:00" endTime="2021-12-16T16:16:31.4909483+03:00" testType="13cdc9d9-ddb5-4fa4-a97d-d965ccfc6d4b" outcome="Passed" testListId="8c84fa94-04c1-424b-9868-57a2d4851a1d" relativeResultsDirectory="dfa20f5a-b3a2-4343-a6cf-f3296d8baf24" />
    <UnitTestResult executionId="17ca7f79-24e6-4d2b-8b78-bfa736b2ecb7" testId="019b787c-88b2-9680-3a7b-9251d2235f77" testName="Skillaz.Tests.CompanySpecific.X5.Naumen.NaumenSlaTests.Sla_calculates_correctly_for_next_day(candidateTimeZone: 5, sla: 02:00:00, startDate: 2019-12-31T23:30:00.0000000Z, truth: [NaumenTimeRange { From = &quot;2020-01-01 07:00:00&quot;, To = &quot;2020-01-01 09:00:00&quot; }])" computerName="DESKTOP-F6SKA47" duration="00:00:00.0000321" startTime="2021-12-16T16:16:29.1049614+03:00" endTime="2021-12-16T16:16:29.1049628+03:00" testType="13cdc9d9-ddb5-4fa4-a97d-d965ccfc6d4b" outcome="Passed" testListId="8c84fa94-04c1-424b-9868-57a2d4851a1d" relativeResultsDirectory="17ca7f79-24e6-4d2b-8b78-bfa736b2ecb7" />
    <UnitTestResult executionId="c7c24dd6-6071-4296-8e31-8706e2b1e7ba" testId="e8b8752a-020a-a66e-ebcc-e695839766d5" testName="Skillaz.Tests.Configurator.Validation.ListContent.Проверить_что_значения_соответствуют_выпадающим_спискам" computerName="DESKTOP-F6SKA47" duration="00:01:32.8152685" startTime="2021-12-16T16:18:00.6747552+03:00" endTime="2021-12-16T16:18:00.6747576+03:00" testType="13cdc9d9-ddb5-4fa4-a97d-d965ccfc6d4b" outcome="Passed" testListId="8c84fa94-04c1-424b-9868-57a2d4851a1d" relativeResultsDirectory="c7c24dd6-6071-4296-8e31-8706e2b1e7ba">
      <Output>
        <StdOut>SCENARIO: Проверить что значения соответствуют выпадающим спискам&#xD;
  STEP 1/7: GIVEN a company...&#xD;
  STEP 1/7: GIVEN a company (Passed after 3s 251ms)&#xD;
  STEP 2/7: AND the authenticated user...&#xD;
  STEP 2/7: AND the authenticated user (Passed after 1s 281ms)&#xD;
  STEP 3/7: Выдать пользователю нужные права...&#xD;
  STEP 3/7: Выдать пользователю нужные права (Passed after 1ms)&#xD;
  STEP 4/7: Загрузить воронку...&#xD;
  STEP 4/7: Загрузить воронку (Passed after 680ms)&#xD;
  STEP 5/7: Загрузить заявку...&#xD;
  STEP 5/7: Загрузить заявку (Passed after 241ms)&#xD;
  STEP 6/7: Проверить предупреждения для триггеров и выходов...&#xD;
  STEP 6/7: Проверить предупреждения для триггеров и выходов (Passed after 47s 246ms)&#xD;
  STEP 7/7: Проверить предупреждения для документа...&#xD;
  STEP 7/7: Проверить предупреждения для документа (Passed after 39s 444ms)&#xD;
  SCENARIO RESULT: Passed after 1m 32s</StdOut>
      </Output>
    </UnitTestResult>
    <UnitTestResult executionId="74e91b07-a72d-4da0-b4cd-d77c805182f5" testId="019b787c-88b2-9680-3a7b-9251d2235f77" testName="Skillaz.Tests.CompanySpecific.X5.Naumen.NaumenSlaTests.Sla_calculates_correctly_for_next_day(candidateTimeZone: 11, sla: 02:00:00, startDate: 2019-12-31T10:00:00.0000000Z, truth: [NaumenTimeRange { From = &quot;2020-01-01 07:00:00&quot;, To = &quot;2020-01-01 09:00:00&quot; }])" computerName="DESKTOP-F6SKA47" duration="00:00:00.0000360" startTime="2021-12-16T16:16:29.3397206+03:00" endTime="2021-12-16T16:16:29.3397221+03:00" testType="13cdc9d9-ddb5-4fa4-a97d-d965ccfc6d4b" outcome="Passed" testListId="8c84fa94-04c1-424b-9868-57a2d4851a1d" relativeResultsDirectory="74e91b07-a72d-4da0-b4cd-d77c805182f5" />
    <UnitTestResult executionId="d4aba45d-2b1e-4e38-ab0d-02eca50421a3" testId="39bbe88c-a5a1-69b6-0e18-a75bb02edd6c" testName="Skillaz.Tests.CompanySpecific.X5.Naumen.NaumenSlaTests.Sla_calculates_correctly_within_one_day(candidateTimeZone: 8, sla: 03:00:00, startDate: 2019-12-31T09:00:00.0000000Z, truth: [NaumenTimeRange { From = &quot;2019-12-31 12:00:00&quot;, To = &quot;2019-12-31 15:00:00&quot; }])" computerName="DESKTOP-F6SKA47" duration="00:00:00.0000447" startTime="2021-12-16T16:16:29.0223905+03:00" endTime="2021-12-16T16:16:29.0223945+03:00" testType="13cdc9d9-ddb5-4fa4-a97d-d965ccfc6d4b" outcome="Passed" testListId="8c84fa94-04c1-424b-9868-57a2d4851a1d" relativeResultsDirectory="d4aba45d-2b1e-4e38-ab0d-02eca50421a3" />
    <UnitTestResult executionId="29bdc4f8-005a-4074-9ec6-e4366978b9e5" testId="39180c78-d17a-51a9-6e8c-eab6b3ba0f03" testName="Skillaz.Tests.Configurator.Validation.TaskTracker.Найти_одинаковые_id" computerName="DESKTOP-F6SKA47" duration="00:00:17.4706851" startTime="2021-12-16T16:22:14.3118244+03:00" endTime="2021-12-16T16:22:14.3118319+03:00" testType="13cdc9d9-ddb5-4fa4-a97d-d965ccfc6d4b" outcome="Passed" testListId="8c84fa94-04c1-424b-9868-57a2d4851a1d" relativeResultsDirectory="29bdc4f8-005a-4074-9ec6-e4366978b9e5">
      <Output>
        <StdOut>SCENARIO: Найти одинаковые id&#xD;
  STEP 1/5: GIVEN a company...&#xD;
  STEP 1/5: GIVEN a company (Passed after 1s 146ms)&#xD;
  STEP 2/5: AND the authenticated admin user...&#xD;
  STEP 2/5: AND the authenticated admin user (Passed after 448ms)&#xD;
  STEP 3/5: Выдать пользователю нужные права...&#xD;
  STEP 3/5: Выдать пользователю нужные права (Passed after &lt;1ms)&#xD;
  STEP 4/5: Загрузить таск трекеры...&#xD;
  STEP 4/5: Загрузить таск трекеры (Passed after 549ms)&#xD;
  STEP 5/5: Проверить ошибки для таск трекера...&#xD;
  STEP 5/5: Проверить ошибки для таск трекера (Passed after 14s 304ms)&#xD;
  SCENARIO RESULT: Passed after 16s 453ms</StdOut>
      </Output>
    </UnitTestResult>
    <UnitTestResult executionId="2037732e-1f69-44d1-9783-7a32ccd4bed1" testId="d82b29d6-a845-5b99-7d4c-77ec17dee196" testName="Skillaz.Tests.CompanySpecific.Mvideo.MvideoAvaliablePositionsRequestWithAdvancedSearch_feature.Check_avaliable_positions_request_with_advanced_search(staffCount: 2, employeesCount: 0, approvedCounts: [2, 0], expected: (0, 0))" computerName="DESKTOP-F6SKA47" duration="00:00:00.0010000" startTime="2021-12-16T16:29:48.4074613+03:00" endTime="2021-12-16T16:29:48.4074705+03:00" testType="13cdc9d9-ddb5-4fa4-a97d-d965ccfc6d4b" outcome="NotExecuted" testListId="8c84fa94-04c1-424b-9868-57a2d4851a1d" relativeResultsDirectory="2037732e-1f69-44d1-9783-7a32ccd4bed1">
      <Output>
        <StdOut>Вернуть как только поправим высчитывание заявок на поиск в mvideo</StdOut>
      </Output>
    </UnitTestResult>
    <UnitTestResult executionId="214d1d88-8bd2-4f6e-b0df-3a7d586c254d" testId="a37f2545-a5ee-b893-d8ca-4cf000e93b7f" testName="Skillaz.Tests.AsyncEnumerable.AsyncEnumerableTests.Parallel_for_each_works_for_async_enumerable" computerName="DESKTOP-F6SKA47" duration="00:00:01.6041836" startTime="2021-12-16T16:16:31.4596900+03:00" endTime="2021-12-16T16:16:31.4596918+03:00" testType="13cdc9d9-ddb5-4fa4-a97d-d965ccfc6d4b" outcome="Passed" testListId="8c84fa94-04c1-424b-9868-57a2d4851a1d" relativeResultsDirectory="214d1d88-8bd2-4f6e-b0df-3a7d586c254d" />
    <UnitTestResult executionId="2c182858-9067-4209-8acc-36c2acc7e52b" testId="019b787c-88b2-9680-3a7b-9251d2235f77" testName="Skillaz.Tests.CompanySpecific.X5.Naumen.NaumenSlaTests.Sla_calculates_correctly_for_next_day(candidateTimeZone: 6, sla: 02:00:00, startDate: 2020-01-01T04:00:00.0000000Z, truth: [NaumenTimeRange { From = &quot;2020-01-01 07:00:00&quot;, To = &quot;2020-01-01 09:00:00&quot; }])" computerName="DESKTOP-F6SKA47" duration="00:00:00.0000321" startTime="2021-12-16T16:16:29.2810450+03:00" endTime="2021-12-16T16:16:29.2810487+03:00" testType="13cdc9d9-ddb5-4fa4-a97d-d965ccfc6d4b" outcome="Passed" testListId="8c84fa94-04c1-424b-9868-57a2d4851a1d" relativeResultsDirectory="2c182858-9067-4209-8acc-36c2acc7e52b" />
    <UnitTestResult executionId="fdc7b2b6-4645-4688-9a59-d32059bcdd6e" testId="019b787c-88b2-9680-3a7b-9251d2235f77" testName="Skillaz.Tests.CompanySpecific.X5.Naumen.NaumenSlaTests.Sla_calculates_correctly_for_next_day(candidateTimeZone: 6, sla: 02:00:00, startDate: 2019-12-31T19:30:00.0000000Z, truth: [NaumenTimeRange { From = &quot;2020-01-01 07:00:00&quot;, To = &quot;2020-01-01 09:00:00&quot; }])" computerName="DESKTOP-F6SKA47" duration="00:00:00.0010704" startTime="2021-12-16T16:16:29.1208121+03:00" endTime="2021-12-16T16:16:29.1208125+03:00" testType="13cdc9d9-ddb5-4fa4-a97d-d965ccfc6d4b" outcome="Passed" testListId="8c84fa94-04c1-424b-9868-57a2d4851a1d" relativeResultsDirectory="fdc7b2b6-4645-4688-9a59-d32059bcdd6e" />
    <UnitTestResult executionId="3d91be5e-af89-4917-8eba-d67216c18272" testId="eff2c871-0a17-2de3-ffea-ee90bb0c14d7" testName="Should get token(jwt: &quot;eyJraWQiOiJoaF92aWRlb19pbnRlcnZpZXdfc2tpbGxheiIsIm&quot;...)" computerName="DESKTOP-F6SKA47" duration="00:00:01.7293458" startTime="2021-12-16T16:21:49.0541853+03:00" endTime="2021-12-16T16:21:49.0541875+03:00" testType="13cdc9d9-ddb5-4fa4-a97d-d965ccfc6d4b" outcome="Passed" testListId="8c84fa94-04c1-424b-9868-57a2d4851a1d" relativeResultsDirectory="3d91be5e-af89-4917-8eba-d67216c18272" />
    <UnitTestResult executionId="b42686db-464a-4f92-a228-ee7c12821724" testId="0dcf65a9-55d0-eb07-f284-10bcade7db8f" testName="Skillaz.Tests.Notifications.EmailTemplateBuilderTest.Проверка_парсинга_шаблона_для_email" computerName="DESKTOP-F6SKA47" duration="00:00:21.8846820" startTime="2021-12-16T16:16:49.7446007+03:00" endTime="2021-12-16T16:16:49.7446039+03:00" testType="13cdc9d9-ddb5-4fa4-a97d-d965ccfc6d4b" outcome="Passed" testListId="8c84fa94-04c1-424b-9868-57a2d4851a1d" relativeResultsDirectory="b42686db-464a-4f92-a228-ee7c12821724">
      <Output>
        <StdOut>SCENARIO: Проверка парсинга шаблона для email&#xD;
  STEP 1/3: GIVEN a company...&#xD;
  STEP 1/3: GIVEN a company (Passed after 3s 264ms)&#xD;
  STEP 2/3: AND the authenticated user...&#xD;
  STEP 2/3: AND the authenticated user (Passed after 1s 452ms)&#xD;
  STEP 3/3: Проверяем что шаблон правильно спарсился...&#xD;
  STEP 3/3: Проверяем что шаблон правильно спарсился (Passed after 16s 865ms)&#xD;
  SCENARIO RESULT: Passed after 21s 692ms</StdOut>
      </Output>
    </UnitTestResult>
    <UnitTestResult executionId="30bc054d-1064-4a76-b167-1150b295cf58" testId="19856216-00f6-4e68-e136-98f87cc0c034" testName="Для 1 и 2 числа перенос на 16 этого месяца, для 15 и 16 перенос на 2 следующего месяца(dateStrings: [&quot;2020-12-15&quot;, &quot;2020-12-16&quot;, &quot;2021-01-12&quot;])" computerName="DESKTOP-F6SKA47" duration="00:00:00.0000522" startTime="2021-12-16T16:16:29.5504307+03:00" endTime="2021-12-16T16:16:29.5504374+03:00" testType="13cdc9d9-ddb5-4fa4-a97d-d965ccfc6d4b" outcome="Passed" testListId="8c84fa94-04c1-424b-9868-57a2d4851a1d" relativeResultsDirectory="30bc054d-1064-4a76-b167-1150b295cf58" />
    <UnitTestResult executionId="687ff2e7-268f-4a02-be07-694062b93803" testId="6fef620d-eb7f-faee-4b86-b1e5d131115f" testName="Skillaz.Tests.CompanySpecific.X5.X5Deduplication_feature.By_fullname_and_birth_date" computerName="DESKTOP-F6SKA47" duration="00:00:00.0010000" startTime="2021-12-16T16:26:21.7251427+03:00" endTime="2021-12-16T16:26:21.7251454+03:00" testType="13cdc9d9-ddb5-4fa4-a97d-d965ccfc6d4b" outcome="NotExecuted" testListId="8c84fa94-04c1-424b-9868-57a2d4851a1d" relativeResultsDirectory="687ff2e7-268f-4a02-be07-694062b93803">
      <Output>
        <StdOut>You need Elasticsearch 7.5 local instance on 9200 port</StdOut>
      </Output>
    </UnitTestResult>
    <UnitTestResult executionId="9334c3e4-b10e-4bde-b627-e3a84dd4adac" testId="695a69c9-264c-d1c5-2032-535ef4bf39f9" testName="Skillaz.Tests.CompanySpecific.X5.Naumen.NaumenSlaTests.Sla_calculates_correctly_for_split_days(candidateTimeZone: 2, sla: 01:00:00, startDate: 2019-12-31T17:30:00.0000000Z, truth: [NaumenTimeRange { From = &quot;2019-12-31 20:30:00&quot;, To = &quot;2019-12-31 21:00:00&quot; }, NaumenTimeRange { From = &quot;2020-01-01 10:00:00&quot;, To = &quot;2020-01-01 10:30:00&quot; }])" computerName="DESKTOP-F6SKA47" duration="00:00:00.0268448" startTime="2021-12-16T16:16:28.9124666+03:00" endTime="2021-12-16T16:16:28.9124685+03:00" testType="13cdc9d9-ddb5-4fa4-a97d-d965ccfc6d4b" outcome="Passed" testListId="8c84fa94-04c1-424b-9868-57a2d4851a1d" relativeResultsDirectory="9334c3e4-b10e-4bde-b627-e3a84dd4adac" />
    <UnitTestResult executionId="c4f75aae-d376-4136-951f-74fb93177f51" testId="f59f11e8-33d0-c57a-e494-0d101cacc205" testName="Skillaz.Tests.SupportChats.SupportChats_feature.Read_client_message" computerName="DESKTOP-F6SKA47" duration="00:00:04.0827762" startTime="2021-12-16T16:23:56.9302876+03:00" endTime="2021-12-16T16:23:56.9303009+03:00" testType="13cdc9d9-ddb5-4fa4-a97d-d965ccfc6d4b" outcome="Passed" testListId="8c84fa94-04c1-424b-9868-57a2d4851a1d" relativeResultsDirectory="c4f75aae-d376-4136-951f-74fb93177f51">
      <Output>
        <StdOut>SCENARIO: Read client message&#xD;
  STEP 1/6: GIVEN a company...&#xD;
  STEP 1/6: GIVEN a company (Passed after 400ms)&#xD;
  STEP 2/6: AND the authenticated admin user...&#xD;
  STEP 2/6: AND the authenticated admin user (Passed after 557ms)&#xD;
  STEP 3/6: AND a user agent...&#xD;
  STEP 3/6: AND a user agent (Passed after 234ms)&#xD;
  STEP 4/6: AND an active chat with messages...&#xD;
  STEP 4/6: AND an active chat with messages (Passed after 161ms)&#xD;
  STEP 5/6: WHEN user reads message...&#xD;
  STEP 5/6: WHEN user reads message (Passed after 466ms)&#xD;
  STEP 6/6: THEN client message is read...&#xD;
  STEP 6/6: THEN client message is read (Passed after 627ms)&#xD;
  SCENARIO RESULT: Passed after 2s 464ms</StdOut>
      </Output>
    </UnitTestResult>
    <UnitTestResult executionId="004c7139-bf4d-405d-b16f-5cbfdf58cd94" testId="22a25c5c-c7ec-4667-8fc0-7dd1ac8c0c4d" testName="Skillaz.Tests.CompanySpecific.Mvideo.MvideoProcessDelayedHoldRequestsCommand_feature.Run_when_no_requests_update_needed" computerName="DESKTOP-F6SKA47" duration="00:00:01.8950209" startTime="2021-12-16T16:26:14.7932744+03:00" endTime="2021-12-16T16:26:14.7932777+03:00" testType="13cdc9d9-ddb5-4fa4-a97d-d965ccfc6d4b" outcome="Passed" testListId="8c84fa94-04c1-424b-9868-57a2d4851a1d" relativeResultsDirectory="004c7139-bf4d-405d-b16f-5cbfdf58cd94">
      <Output>
        <StdOut>SCENARIO: Run when no requests update needed&#xD;
  STEP 1/3: GIVEN a company...&#xD;
  STEP 1/3: GIVEN a company (Passed after 78ms)&#xD;
  STEP 2/3: AND the authenticated user...&#xD;
  STEP 2/3: AND the authenticated user (Passed after 300ms)&#xD;
  STEP 3/3: WHEN command executed...&#xD;
  STEP 3/3: WHEN command executed (Passed after 1s 298ms)&#xD;
  SCENARIO RESULT: Passed after 1s 683ms</StdOut>
      </Output>
    </UnitTestResult>
    <UnitTestResult executionId="fecc46b5-a3b4-413f-aa6c-d3a3a8b45ec6" testId="ffb37f9f-ca40-b6c9-b7a4-9ce2f6e6bfe1" testName="Should get Ok &amp; have company in mongadb(jwt: &quot;eyJraWQiOiJoaF92aWRlb19pbnRlcnZpZXdfc2tpbGxheiIsIm&quot;...)" computerName="DESKTOP-F6SKA47" duration="00:00:02.1292691" startTime="2021-12-16T16:21:48.9818910+03:00" endTime="2021-12-16T16:21:48.9818926+03:00" testType="13cdc9d9-ddb5-4fa4-a97d-d965ccfc6d4b" outcome="Passed" testListId="8c84fa94-04c1-424b-9868-57a2d4851a1d" relativeResultsDirectory="fecc46b5-a3b4-413f-aa6c-d3a3a8b45ec6" />
    <UnitTestResult executionId="e3374f5e-979f-4aac-98bf-5711319009fb" testId="39bbe88c-a5a1-69b6-0e18-a75bb02edd6c" testName="Skillaz.Tests.CompanySpecific.X5.Naumen.NaumenSlaTests.Sla_calculates_correctly_within_one_day(candidateTimeZone: 7, sla: 08:00:00, startDate: 2019-12-31T05:00:00.0000000Z, truth: [NaumenTimeRange { From = &quot;2019-12-31 08:00:00&quot;, To = &quot;2019-12-31 16:00:00&quot; }])" computerName="DESKTOP-F6SKA47" duration="00:00:00.0000694" startTime="2021-12-16T16:16:29.0175092+03:00" endTime="2021-12-16T16:16:29.0175096+03:00" testType="13cdc9d9-ddb5-4fa4-a97d-d965ccfc6d4b" outcome="Passed" testListId="8c84fa94-04c1-424b-9868-57a2d4851a1d" relativeResultsDirectory="e3374f5e-979f-4aac-98bf-5711319009fb" />
    <UnitTestResult executionId="8d12063d-1041-4af8-835b-15bb44faa291" testId="8075b8cc-71c2-6c7f-186b-5b6b7e96b4d4" testName="Skillaz.Tests.Configurator.ConfiguratorEditorApiReorderingGroupsTests.Строки_в_редакторе_конфигуратора_можно_переставлять" computerName="DESKTOP-F6SKA47" duration="00:00:03.8304954" startTime="2021-12-16T16:18:44.3570557+03:00" endTime="2021-12-16T16:18:44.3570642+03:00" testType="13cdc9d9-ddb5-4fa4-a97d-d965ccfc6d4b" outcome="Passed" testListId="8c84fa94-04c1-424b-9868-57a2d4851a1d" relativeResultsDirectory="8d12063d-1041-4af8-835b-15bb44faa291">
      <Output>
        <StdOut>SCENARIO: Строки в редакторе конфигуратора можно переставлять&#xD;
  STEP 1/5: GIVEN a company...&#xD;
  STEP 1/5: GIVEN a company (Passed after 220ms)&#xD;
  STEP 2/5: AND the authenticated user...&#xD;
  STEP 2/5: AND the authenticated user (Passed after 748ms)&#xD;
  STEP 3/5: Выдать пользователю нужные права...&#xD;
  STEP 3/5: Выдать пользователю нужные права (Passed after &lt;1ms)&#xD;
  STEP 4/5: Получить воронку в конфигураторе без черновика...&#xD;
  STEP 4/5: Получить воронку в конфигураторе без черновика (Passed after 187ms)&#xD;
  STEP 5/5: Переместить группу на последнее место...&#xD;
  STEP 5/5: Переместить группу на последнее место (Passed after 2s 453ms)&#xD;
  SCENARIO RESULT: Passed after 3s 634ms</StdOut>
      </Output>
    </UnitTestResult>
    <UnitTestResult executionId="dbe553dd-cc48-47f3-bae3-08b10fbd6a61" testId="0d41da23-c85c-48d7-1687-1d87f3812f91" testName="Skillaz.Tests.OpenApi.CreateNewCandidate_feature.Check_candidate_created" computerName="DESKTOP-F6SKA47" duration="00:00:08.4160743" startTime="2021-12-16T16:26:19.2921656+03:00" endTime="2021-12-16T16:26:19.2921679+03:00" testType="13cdc9d9-ddb5-4fa4-a97d-d965ccfc6d4b" outcome="Passed" testListId="8c84fa94-04c1-424b-9868-57a2d4851a1d" relativeResultsDirectory="dbe553dd-cc48-47f3-bae3-08b10fbd6a61">
      <Output>
        <StdOut>SCENARIO: Check candidate created&#xD;
  STEP 1/7: GIVEN a company...&#xD;
  STEP 1/7: GIVEN a company (Passed after 119ms)&#xD;
  STEP 2/7: AND the authenticated user...&#xD;
  STEP 2/7: AND the authenticated user (Passed after 260ms)&#xD;
  STEP 3/7: AND the vacancy in the company...&#xD;
  STEP 3/7: AND the vacancy in the company (Passed after 70ms)&#xD;
  STEP 4/7: WHEN candidate creation requested...&#xD;
  STEP 4/7: WHEN candidate creation requested (Passed after 6s 444ms)&#xD;
  STEP 5/7: THEN candidate exists...&#xD;
  STEP 5/7: THEN candidate exists (Passed after 1s 104ms)&#xD;
  STEP 6/7: AND phone is correct...&#xD;
  STEP 6/7: AND phone is correct (Passed after 54ms)&#xD;
  STEP 7/7: AND email is correct...&#xD;
  STEP 7/7: AND email is correct (Passed after 26ms)&#xD;
  SCENARIO RESULT: Passed after 8s 083ms</StdOut>
      </Output>
    </UnitTestResult>
    <UnitTestResult executionId="fd3d63f9-817d-4726-914d-9f53ec0b7384" testId="019b787c-88b2-9680-3a7b-9251d2235f77" testName="Skillaz.Tests.CompanySpecific.X5.Naumen.NaumenSlaTests.Sla_calculates_correctly_for_next_day(candidateTimeZone: 3, sla: 02:00:00, startDate: 2019-12-31T22:00:00.0000000Z, truth: [NaumenTimeRange { From = &quot;2020-01-01 09:00:00&quot;, To = &quot;2020-01-01 11:00:00&quot; }])" computerName="DESKTOP-F6SKA47" duration="00:00:00.0000916" startTime="2021-12-16T16:16:29.0770390+03:00" endTime="2021-12-16T16:16:29.0770400+03:00" testType="13cdc9d9-ddb5-4fa4-a97d-d965ccfc6d4b" outcome="Passed" testListId="8c84fa94-04c1-424b-9868-57a2d4851a1d" relativeResultsDirectory="fd3d63f9-817d-4726-914d-9f53ec0b7384" />
    <UnitTestResult executionId="7f9e6b88-f8c2-40e5-a815-c5c43fed691c" testId="019b787c-88b2-9680-3a7b-9251d2235f77" testName="Skillaz.Tests.CompanySpecific.X5.Naumen.NaumenSlaTests.Sla_calculates_correctly_for_next_day(candidateTimeZone: 4, sla: 02:00:00, startDate: 2019-12-31T20:00:00.0000000Z, truth: [NaumenTimeRange { From = &quot;2020-01-01 08:00:00&quot;, To = &quot;2020-01-01 10:00:00&quot; }])" computerName="DESKTOP-F6SKA47" duration="00:00:00.0001176" startTime="2021-12-16T16:16:29.0877159+03:00" endTime="2021-12-16T16:16:29.0877163+03:00" testType="13cdc9d9-ddb5-4fa4-a97d-d965ccfc6d4b" outcome="Passed" testListId="8c84fa94-04c1-424b-9868-57a2d4851a1d" relativeResultsDirectory="7f9e6b88-f8c2-40e5-a815-c5c43fed691c" />
    <UnitTestResult executionId="8bce2b49-d7b1-4cf8-a6dd-8b1f841499d2" testId="576c76a8-3008-7dbd-589e-61d06494cf33" testName="Skillaz.Tests.OpenApi.ObjectHashHelperTest.Unite(source: [], update: [[c, 10]], expected: [[c, 10]])" computerName="DESKTOP-F6SKA47" duration="00:00:00.0060620" startTime="2021-12-16T16:16:28.8515312+03:00" endTime="2021-12-16T16:16:28.8515321+03:00" testType="13cdc9d9-ddb5-4fa4-a97d-d965ccfc6d4b" outcome="Passed" testListId="8c84fa94-04c1-424b-9868-57a2d4851a1d" relativeResultsDirectory="8bce2b49-d7b1-4cf8-a6dd-8b1f841499d2" />
    <UnitTestResult executionId="b941e7db-52d7-4d26-9a25-499cff296fef" testId="019b787c-88b2-9680-3a7b-9251d2235f77" testName="Skillaz.Tests.CompanySpecific.X5.Naumen.NaumenSlaTests.Sla_calculates_correctly_for_next_day(candidateTimeZone: 6, sla: 02:00:00, startDate: 2019-12-31T23:30:00.0000000Z, truth: [NaumenTimeRange { From = &quot;2020-01-01 07:00:00&quot;, To = &quot;2020-01-01 09:00:00&quot; }])" computerName="DESKTOP-F6SKA47" duration="00:00:00.0000399" startTime="2021-12-16T16:16:29.2762748+03:00" endTime="2021-12-16T16:16:29.2762766+03:00" testType="13cdc9d9-ddb5-4fa4-a97d-d965ccfc6d4b" outcome="Passed" testListId="8c84fa94-04c1-424b-9868-57a2d4851a1d" relativeResultsDirectory="b941e7db-52d7-4d26-9a25-499cff296fef" />
    <UnitTestResult executionId="3d853f96-813f-4aa0-9bb2-442eb678e097" testId="472d6f9b-4a9f-b0c2-076d-2838bfecd30c" testName="Skillaz.Tests.Configurator.DocumentModel.FieldFiltersFeature.Проверить_отображение_фильтров_заявки_конфигуратора" computerName="DESKTOP-F6SKA47" duration="00:00:05.2454694" startTime="2021-12-16T16:20:26.7783119+03:00" endTime="2021-12-16T16:20:26.7783170+03:00" testType="13cdc9d9-ddb5-4fa4-a97d-d965ccfc6d4b" outcome="Passed" testListId="8c84fa94-04c1-424b-9868-57a2d4851a1d" relativeResultsDirectory="3d853f96-813f-4aa0-9bb2-442eb678e097">
      <Output>
        <StdOut>SCENARIO: Проверить отображение фильтров заявки конфигуратора&#xD;
  STEP 1/5: GIVEN a company...&#xD;
  STEP 1/5: GIVEN a company (Passed after 429ms)&#xD;
  STEP 2/5: AND the authenticated user...&#xD;
  STEP 2/5: AND the authenticated user (Passed after 1s 372ms)&#xD;
  STEP 3/5: Определить заявку с разными полями и фильтрами по ним...&#xD;
  STEP 3/5: Определить заявку с разными полями и фильтрами по ним (Passed after 1s 234ms)&#xD;
  STEP 4/5: Добавить заявку...&#xD;
  STEP 4/5: Добавить заявку (Passed after 406ms)&#xD;
  STEP 5/5: Проверить что фильтры заявок получаем корректно...&#xD;
  STEP 5/5: Проверить что фильтры заявок получаем корректно (Passed after 1s 554ms)&#xD;
  SCENARIO RESULT: Passed after 5s 019ms</StdOut>
      </Output>
    </UnitTestResult>
    <UnitTestResult executionId="d6bf87af-2087-4cd5-b753-50bd281e836c" testId="0373137f-9dbf-d332-162b-e9aa4f6d5450" testName="Skillaz.Tests.DocumentModels.FieldValueReferences.ObjectListAndInnerObject.Проверить_корректную_работу_сложных_структур_список_и_вложенный_объект" computerName="DESKTOP-F6SKA47" duration="00:00:16.7753024" startTime="2021-12-16T16:17:47.5308953+03:00" endTime="2021-12-16T16:17:47.5308997+03:00" testType="13cdc9d9-ddb5-4fa4-a97d-d965ccfc6d4b" outcome="Passed" testListId="8c84fa94-04c1-424b-9868-57a2d4851a1d" relativeResultsDirectory="d6bf87af-2087-4cd5-b753-50bd281e836c">
      <Output>
        <StdOut>SCENARIO: Проверить корректную работу сложных структур список и вложенный объект&#xD;
  STEP 1/6: GIVEN a company...&#xD;
  STEP 1/6: GIVEN a company (Passed after 363ms)&#xD;
  STEP 2/6: AND the authenticated user...&#xD;
  STEP 2/6: AND the authenticated user (Passed after 248ms)&#xD;
  STEP 3/6: Определить структуру ДМ...&#xD;
  STEP 3/6: Определить структуру ДМ (Passed after 4s 353ms)&#xD;
  STEP 4/6: Load city and region references...&#xD;
  STEP 4/6: Load city and region references (Passed after 86ms)&#xD;
  STEP 5/6: Обновить документ проверить что вложенные поля записались в родительский...&#xD;
  STEP 5/6: Обновить документ проверить что вложенные поля записались в родительский (Passed after 10s 675ms)&#xD;
  STEP 6/6: Получить модель документа проверить что использовать кэши родителя...&#xD;
  STEP 6/6: Получить модель документа проверить что использовать кэши родителя (Passed after 28ms)&#xD;
  SCENARIO RESULT: Passed after 16s 474ms</StdOut>
      </Output>
    </UnitTestResult>
    <UnitTestResult executionId="dc168752-46ae-43ff-a5fd-43ea6f9b3a0a" testId="c5d2b105-a366-0eb6-6104-a05bdd310cbf" testName="Skillaz.Tests.Candidate.Elastic.CandidateElasticFiltration_feature.Retrieving_no_candidates_by_appointment_filter" computerName="DESKTOP-F6SKA47" duration="00:00:00.0010000" startTime="2021-12-16T16:24:39.8932229+03:00" endTime="2021-12-16T16:24:39.8932244+03:00" testType="13cdc9d9-ddb5-4fa4-a97d-d965ccfc6d4b" outcome="NotExecuted" testListId="8c84fa94-04c1-424b-9868-57a2d4851a1d" relativeResultsDirectory="dc168752-46ae-43ff-a5fd-43ea6f9b3a0a">
      <Output>
        <StdOut>You need Elasticsearch 7.5 local instance on 9200 port</StdOut>
      </Output>
    </UnitTestResult>
    <UnitTestResult executionId="94417a8b-3cb2-4504-8e92-c2b4a4dfb0b4" testId="39bbe88c-a5a1-69b6-0e18-a75bb02edd6c" testName="Skillaz.Tests.CompanySpecific.X5.Naumen.NaumenSlaTests.Sla_calculates_correctly_within_one_day(candidateTimeZone: 7, sla: 06:00:00, startDate: 2019-12-31T07:00:00.0000000Z, truth: [NaumenTimeRange { From = &quot;2019-12-31 10:00:00&quot;, To = &quot;2019-12-31 16:00:00&quot; }])" computerName="DESKTOP-F6SKA47" duration="00:00:00.0001360" startTime="2021-12-16T16:16:29.0173295+03:00" endTime="2021-12-16T16:16:29.0173324+03:00" testType="13cdc9d9-ddb5-4fa4-a97d-d965ccfc6d4b" outcome="Passed" testListId="8c84fa94-04c1-424b-9868-57a2d4851a1d" relativeResultsDirectory="94417a8b-3cb2-4504-8e92-c2b4a4dfb0b4" />
    <UnitTestResult executionId="73565afb-0452-4de8-872b-58a1cfa5d88f" testId="7557ffa7-fc6a-4b1d-f44a-34a68b0568f4" testName="Skillaz.Tests.Request.X5.X5GetRequestListCommand_feature.If_candidate_profile_is_not_exists_in_database_result_should_be_empty" computerName="DESKTOP-F6SKA47" duration="00:00:05.6675940" startTime="2021-12-16T16:24:56.7673555+03:00" endTime="2021-12-16T16:24:56.7673577+03:00" testType="13cdc9d9-ddb5-4fa4-a97d-d965ccfc6d4b" outcome="Passed" testListId="8c84fa94-04c1-424b-9868-57a2d4851a1d" relativeResultsDirectory="73565afb-0452-4de8-872b-58a1cfa5d88f">
      <Output>
        <StdOut>SCENARIO: If candidate profile is not exists in database result should be empty&#xD;
  STEP 1/7: GIVEN a company [companyId: "61bb3e237f10d6937478e069"]...&#xD;
  STEP 1/7: GIVEN a company [companyId: "61bb3e237f10d6937478e069"] (Passed after 142ms)&#xD;
  STEP 2/7: AND the vacancy in the company...&#xD;
  STEP 2/7: AND the vacancy in the company (Passed after 88ms)&#xD;
  STEP 3/7: AND candidate "Skillaz.Candidate.Contract.Documents.Candidate.CandidateDocument"...&#xD;
  STEP 3/7: AND candidate "Skillaz.Candidate.Contract.Documents.Candidate.CandidateDocument" (Passed after 127ms)&#xD;
  STEP 4/7: AND request "Skillaz.Candidate.Contract.Request.RequestDocument"...&#xD;
  STEP 4/7: AND request "Skillaz.Candidate.Contract.Request.RequestDocument" (Passed after 194ms)&#xD;
  STEP 5/7: AND created indexes for requests...&#xD;
  STEP 5/7: AND created indexes for requests (Passed after 3s 914ms)&#xD;
  STEP 6/7: WHEN getting available requests list...&#xD;
  STEP 6/7: WHEN getting available requests list (Passed after 266ms)&#xD;
  STEP 7/7: THEN result list is empty...&#xD;
  STEP 7/7: THEN result list is empty (Passed after 7ms)&#xD;
  SCENARIO RESULT: Passed after 4s 765ms</StdOut>
      </Output>
    </UnitTestResult>
    <UnitTestResult executionId="f363d0ba-d441-40a9-84f1-7b3123088344" testId="038da4ab-048f-b678-c0be-7ca5aa25c876" testName="Skillaz.Tests.TaskTracker.TaskProcess_feature.Successful_process_for_candidate_state_changed" computerName="DESKTOP-F6SKA47" duration="00:00:10.9450790" startTime="2021-12-16T16:18:59.9388292+03:00" endTime="2021-12-16T16:18:59.9388322+03:00" testType="13cdc9d9-ddb5-4fa4-a97d-d965ccfc6d4b" outcome="Passed" testListId="8c84fa94-04c1-424b-9868-57a2d4851a1d" relativeResultsDirectory="f363d0ba-d441-40a9-84f1-7b3123088344">
      <Output>
        <StdOut>SCENARIO: Successful process for candidate state changed&#xD;
  STEP 1/8: GIVEN a candidate in a vacancy in a company...&#xD;
  STEP 1/8: GIVEN a candidate in a vacancy in a company (Passed after 764ms)&#xD;
  STEP 2/8: AND company configuration items...&#xD;
  STEP 2/8: AND company configuration items (Passed after 1s 656ms)&#xD;
  STEP 3/8: AND the authenticated user...&#xD;
  STEP 3/8: AND the authenticated user (Passed after 337ms)&#xD;
  STEP 4/8: AND existing tasks for the candidate...&#xD;
  STEP 4/8: AND existing tasks for the candidate (Passed after 369ms)&#xD;
  STEP 5/8: WHEN candidate state changed...&#xD;
  STEP 5/8: WHEN candidate state changed (Passed after 5s 735ms)&#xD;
  STEP 6/8: THEN inappropriate existing created tasks should be cancelled...&#xD;
  STEP 6/8: THEN inappropriate existing created tasks should be cancelled (Passed after 256ms)&#xD;
  STEP 7/8: AND appropriate not existing tasks should be created...&#xD;
  STEP 7/8: AND appropriate not existing tasks should be created (Passed after 549ms)&#xD;
  STEP 8/8: AND task changed event should be emitted for each created task...&#xD;
  STEP 8/8: AND task changed event should be emitted for each created task (Passed after 534ms)&#xD;
  SCENARIO RESULT: Passed after 10s 239ms</StdOut>
      </Output>
    </UnitTestResult>
    <UnitTestResult executionId="10498fd9-109d-4557-86fe-059849bb6381" testId="a573ef4e-0223-b309-d8d4-3f13a9d3de90" testName="Skillaz.Tests.Assessment.Questionnaires.AudioQuestionnaire_feature.Getting_a_questionnaire_list" computerName="DESKTOP-F6SKA47" duration="00:00:01.9176135" startTime="2021-12-16T16:24:41.2902624+03:00" endTime="2021-12-16T16:24:41.2902643+03:00" testType="13cdc9d9-ddb5-4fa4-a97d-d965ccfc6d4b" outcome="Passed" testListId="8c84fa94-04c1-424b-9868-57a2d4851a1d" relativeResultsDirectory="10498fd9-109d-4557-86fe-059849bb6381">
      <Output>
        <StdOut>SCENARIO: Getting a questionnaire list&#xD;
  STEP 1/5: GIVEN a company...&#xD;
  STEP 1/5: GIVEN a company (Passed after 131ms)&#xD;
  STEP 2/5: AND the authenticated user...&#xD;
  STEP 2/5: AND the authenticated user (Passed after 570ms)&#xD;
  STEP 3/5: AND the questionnaire...&#xD;
  STEP 3/5: AND the questionnaire (Passed after 356ms)&#xD;
  STEP 4/5: WHEN questionnaire list is requested...&#xD;
  STEP 4/5: WHEN questionnaire list is requested (Passed after 79ms)&#xD;
  STEP 5/5: Questionnaire list should be retrieved...&#xD;
  STEP 5/5: Questionnaire list should be retrieved (Passed after &lt;1ms)&#xD;
  SCENARIO RESULT: Passed after 1s 143ms</StdOut>
      </Output>
    </UnitTestResult>
    <UnitTestResult executionId="f8a40303-b91b-4329-992a-7a77cbe3280c" testId="9dff9bf8-d0a0-82d9-e1da-f77e2b6757a7" testName="Skillaz.Tests.Candidate.Elastic.CandidateElasticFiltration_feature.Retrieving_a_candidate_by_nonexistent_sf_sources" computerName="DESKTOP-F6SKA47" duration="00:00:00.0010000" startTime="2021-12-16T16:24:40.1702019+03:00" endTime="2021-12-16T16:24:40.1702045+03:00" testType="13cdc9d9-ddb5-4fa4-a97d-d965ccfc6d4b" outcome="NotExecuted" testListId="8c84fa94-04c1-424b-9868-57a2d4851a1d" relativeResultsDirectory="f8a40303-b91b-4329-992a-7a77cbe3280c">
      <Output>
        <StdOut>You need Elasticsearch 7.5 local instance on 9200 port</StdOut>
      </Output>
    </UnitTestResult>
    <UnitTestResult executionId="bc6f61f5-08a1-40e9-a795-2dda201849ff" testId="6b98a108-7d78-10ce-f300-63c385f3a49d" testName="Skillaz.Tests.TaskTracker.TaskNotificationCurrentDay_feature.TaskNotificationCurrentDay" computerName="DESKTOP-F6SKA47" duration="00:00:08.1949506" startTime="2021-12-16T16:18:34.0407812+03:00" endTime="2021-12-16T16:18:34.0407947+03:00" testType="13cdc9d9-ddb5-4fa4-a97d-d965ccfc6d4b" outcome="Passed" testListId="8c84fa94-04c1-424b-9868-57a2d4851a1d" relativeResultsDirectory="bc6f61f5-08a1-40e9-a795-2dda201849ff">
      <Output>
        <StdOut>SCENARIO: TaskNotificationCurrentDay&#xD;
  STEP 1/8: GIVEN a company...&#xD;
  STEP 1/8: GIVEN a company (Passed after 173ms)&#xD;
  STEP 2/8: AND a client configuration...&#xD;
  STEP 2/8: AND a client configuration (Passed after 1s 988ms)&#xD;
  STEP 3/8: AND a funnel...&#xD;
  STEP 3/8: AND a funnel (Passed after 445ms)&#xD;
  STEP 4/8: AND the authenticated user...&#xD;
  STEP 4/8: AND the authenticated user (Passed after 508ms)&#xD;
  STEP 5/8: AND the company default email template...&#xD;
  STEP 5/8: AND the company default email template (Passed after 432ms)&#xD;
  STEP 6/8: AND notifications...&#xD;
  STEP 6/8: AND notifications (Passed after 1s 645ms)&#xD;
  STEP 7/8: WHEN job happened...&#xD;
  STEP 7/8: WHEN job happened (Passed after 1s 978ms)&#xD;
  STEP 8/8: THEN the system task should be in the completed state...&#xD;
  STEP 8/8: THEN the system task should be in the completed state (Passed after 339ms)&#xD;
  SCENARIO RESULT: Passed after 7s 524ms</StdOut>
      </Output>
    </UnitTestResult>
    <UnitTestResult executionId="8b5a75b5-0659-4c90-8e28-b0b8ec7f209d" testId="329fffca-c8ab-9911-2aad-a5d8c598c341" testName="Skillaz.Tests.Vacancy.CompanySpecific.MvideoMassCandidateDatabase_feature.After_transfer_new_candidate_will_have_same_status" computerName="DESKTOP-F6SKA47" duration="00:00:00.0010000" startTime="2021-12-16T16:27:23.2796052+03:00" endTime="2021-12-16T16:27:23.2796068+03:00" testType="13cdc9d9-ddb5-4fa4-a97d-d965ccfc6d4b" outcome="NotExecuted" testListId="8c84fa94-04c1-424b-9868-57a2d4851a1d" relativeResultsDirectory="8b5a75b5-0659-4c90-8e28-b0b8ec7f209d">
      <Output>
        <StdOut>Базу кандидатов мвидео переделали, сейчас не актуально, нужно переписать</StdOut>
      </Output>
    </UnitTestResult>
    <UnitTestResult executionId="d1e73ded-b0c0-4a39-b710-4eb8abbe1251" testId="d0848841-05a9-46c3-f40e-e4d0c20e682a" testName="Skillaz.Tests.CompanySpecific.X5.X5CandidatesBlockerStore_feature.Should_set_blocking_date_When_latest_security_check_not_passed" computerName="DESKTOP-F6SKA47" duration="00:00:02.5850171" startTime="2021-12-16T16:23:46.4198099+03:00" endTime="2021-12-16T16:23:46.4198139+03:00" testType="13cdc9d9-ddb5-4fa4-a97d-d965ccfc6d4b" outcome="Passed" testListId="8c84fa94-04c1-424b-9868-57a2d4851a1d" relativeResultsDirectory="d1e73ded-b0c0-4a39-b710-4eb8abbe1251">
      <Output>
        <StdOut>SCENARIO: Should set blocking date When latest security check not passed&#xD;
  STEP 1/5: GIVEN a candidate with funnel and security checks...&#xD;
  STEP 1/5: GIVEN a candidate with funnel and security checks (Passed after 1s 816ms)&#xD;
  STEP 2/5: AND latest check is not passed...&#xD;
  STEP 2/5: AND latest check is not passed (Passed after &lt;1ms)&#xD;
  STEP 3/5: AND time to block candidate...&#xD;
  STEP 3/5: AND time to block candidate (Passed after &lt;1ms)&#xD;
  STEP 4/5: WHEN candidates blocking procedure has executed...&#xD;
  STEP 4/5: WHEN candidates blocking procedure has executed (Passed after 543ms)&#xD;
  STEP 5/5: THEN the candidate is blocked...&#xD;
  STEP 5/5: THEN the candidate is blocked (Passed after 201ms)&#xD;
  SCENARIO RESULT: Passed after 2s 575ms</StdOut>
      </Output>
    </UnitTestResult>
    <UnitTestResult executionId="36be0818-a956-4041-84f9-98512e7499ed" testId="1a23b382-46b7-2f21-4888-1f1f07539b38" testName="Skillaz.Tests.Configurator.DocumentModel.ConfiguratorPermissionsPolicyTests.Apply_only_Cannot_permissions" computerName="DESKTOP-F6SKA47" duration="00:00:05.5412435" startTime="2021-12-16T16:21:33.7348547+03:00" endTime="2021-12-16T16:21:33.7348573+03:00" testType="13cdc9d9-ddb5-4fa4-a97d-d965ccfc6d4b" outcome="Passed" testListId="8c84fa94-04c1-424b-9868-57a2d4851a1d" relativeResultsDirectory="36be0818-a956-4041-84f9-98512e7499ed">
      <Output>
        <StdOut>SCENARIO: Apply only Cannot permissions&#xD;
  STEP 1/7: GIVEN Given a company...&#xD;
  STEP 1/7: GIVEN Given a company (Passed after 370ms)&#xD;
  STEP 2/7: AND Given the authenticated user...&#xD;
  STEP 2/7: AND Given the authenticated user (Passed after 671ms)&#xD;
  STEP 3/7: AND Given the vacancy in the company [funnelId: "TestFunnel"]...&#xD;
  STEP 3/7: AND Given the vacancy in the company [funnelId: "TestFunnel"] (Passed after 235ms)&#xD;
  STEP 4/7: AND Given Request...&#xD;
  STEP 4/7: AND Given Request (Passed after 116ms)&#xD;
  STEP 5/7: AND Given Cannot permissions...&#xD;
  STEP 5/7: AND Given Cannot permissions (Passed after 2s 355ms)&#xD;
  STEP 6/7: WHEN When getting EditModel...&#xD;
  STEP 6/7: WHEN When getting EditModel (Passed after 390ms)&#xD;
  STEP 7/7: THEN Then Salary cannot edit and Responsibilities cannot view...&#xD;
  STEP 7/7: THEN Then Salary cannot edit and Responsibilities cannot view (Passed after 55ms)&#xD;
  SCENARIO RESULT: Passed after 4s 285ms</StdOut>
      </Output>
    </UnitTestResult>
    <UnitTestResult executionId="92b3ae1d-3fb5-401a-95aa-cb4695eec491" testId="9cb8dc16-6d49-0605-f3aa-48e0aab8352b" testName="Skillaz.Tests.Configurator.DocumentModel.DocumentModelBuilder_FieldConfigurationType.Проверить_что_для_каждого_типа_поля_есть_класс_с_моделью" computerName="DESKTOP-F6SKA47" duration="00:00:00.0428312" startTime="2021-12-16T16:18:21.1355529+03:00" endTime="2021-12-16T16:18:21.1355567+03:00" testType="13cdc9d9-ddb5-4fa4-a97d-d965ccfc6d4b" outcome="Passed" testListId="8c84fa94-04c1-424b-9868-57a2d4851a1d" relativeResultsDirectory="92b3ae1d-3fb5-401a-95aa-cb4695eec491" />
    <UnitTestResult executionId="fed730bb-3097-440c-b027-3814cf185977" testId="019b787c-88b2-9680-3a7b-9251d2235f77" testName="Skillaz.Tests.CompanySpecific.X5.Naumen.NaumenSlaTests.Sla_calculates_correctly_for_next_day(candidateTimeZone: 9, sla: 02:00:00, startDate: 2019-12-31T11:30:00.0000000Z, truth: [NaumenTimeRange { From = &quot;2020-01-01 07:00:00&quot;, To = &quot;2020-01-01 09:00:00&quot; }])" computerName="DESKTOP-F6SKA47" duration="00:00:00.0000372" startTime="2021-12-16T16:16:29.3124961+03:00" endTime="2021-12-16T16:16:29.3124972+03:00" testType="13cdc9d9-ddb5-4fa4-a97d-d965ccfc6d4b" outcome="Passed" testListId="8c84fa94-04c1-424b-9868-57a2d4851a1d" relativeResultsDirectory="fed730bb-3097-440c-b027-3814cf185977" />
    <UnitTestResult executionId="3f82bdce-0c20-4a58-8dc0-71b3c6e1c9d2" testId="e6053a8c-2300-f48c-2ce4-ac332b4b9c20" testName="Skillaz.Tests.CompanySpecific.Sberbank.SberPositionsTests.SberPositionCommand_should_work_as_expected(vacancyName: &quot;Клиентский менеджер&quot;, expectedPositionId: &quot;client_manger_sber_fl&quot;)" computerName="DESKTOP-F6SKA47" duration="00:00:00.0461653" startTime="2021-12-16T16:16:29.6678913+03:00" endTime="2021-12-16T16:16:29.6679137+03:00" testType="13cdc9d9-ddb5-4fa4-a97d-d965ccfc6d4b" outcome="Passed" testListId="8c84fa94-04c1-424b-9868-57a2d4851a1d" relativeResultsDirectory="3f82bdce-0c20-4a58-8dc0-71b3c6e1c9d2" />
    <UnitTestResult executionId="043507f6-ef32-4cb5-9522-f6534b1dc1b3" testId="019b787c-88b2-9680-3a7b-9251d2235f77" testName="Skillaz.Tests.CompanySpecific.X5.Naumen.NaumenSlaTests.Sla_calculates_correctly_for_next_day(candidateTimeZone: 12, sla: 02:00:00, startDate: 2020-01-01T02:00:00.0000000Z, truth: [NaumenTimeRange { From = &quot;2020-01-01 07:00:00&quot;, To = &quot;2020-01-01 09:00:00&quot; }])" computerName="DESKTOP-F6SKA47" duration="00:00:00.0000487" startTime="2021-12-16T16:16:29.3825344+03:00" endTime="2021-12-16T16:16:29.3825350+03:00" testType="13cdc9d9-ddb5-4fa4-a97d-d965ccfc6d4b" outcome="Passed" testListId="8c84fa94-04c1-424b-9868-57a2d4851a1d" relativeResultsDirectory="043507f6-ef32-4cb5-9522-f6534b1dc1b3" />
    <UnitTestResult executionId="a4369c6c-8b08-4c80-9095-a3d8ec0a6210" testId="f727b248-9add-f920-b0ce-770364245e70" testName="Skillaz.Tests.Candidate.Elastic.CandidateElasticMultiselectFiltration_feature.MultiLineFilterCheck(filter: (Skillaz.Candidate.Contract.CandidateSearchFilter, Skillaz.Candidate.Contract.CandidateSearchFilterCommon), result: (4, SearchSettingsType.Any, phrases: технолог вуз))" computerName="DESKTOP-F6SKA47" duration="00:00:00.0010000" startTime="2021-12-16T16:26:50.0729251+03:00" endTime="2021-12-16T16:26:50.0729287+03:00" testType="13cdc9d9-ddb5-4fa4-a97d-d965ccfc6d4b" outcome="NotExecuted" testListId="8c84fa94-04c1-424b-9868-57a2d4851a1d" relativeResultsDirectory="a4369c6c-8b08-4c80-9095-a3d8ec0a6210">
      <Output>
        <StdOut>You need Elasticsearch 7.5 local instance on 9200 port</StdOut>
      </Output>
    </UnitTestResult>
    <UnitTestResult executionId="8d3663b0-46b0-4049-8575-c731923aa2d0" testId="f689731c-9290-5162-9a49-b85b06691a5f" testName="Skillaz.Tests.Assessment.Scenario_feature.Getting_a_scenario" computerName="DESKTOP-F6SKA47" duration="00:00:00.9738344" startTime="2021-12-16T16:22:16.7734895+03:00" endTime="2021-12-16T16:22:16.7734916+03:00" testType="13cdc9d9-ddb5-4fa4-a97d-d965ccfc6d4b" outcome="Passed" testListId="8c84fa94-04c1-424b-9868-57a2d4851a1d" relativeResultsDirectory="8d3663b0-46b0-4049-8575-c731923aa2d0">
      <Output>
        <StdOut>SCENARIO: Getting a scenario&#xD;
  STEP 1/5: GIVEN a company...&#xD;
  STEP 1/5: GIVEN a company (Passed after 183ms)&#xD;
  STEP 2/5: AND the authenticated user...&#xD;
  STEP 2/5: AND the authenticated user (Passed after 231ms)&#xD;
  STEP 3/5: AND a default scenario...&#xD;
  STEP 3/5: AND a default scenario (Passed after 187ms)&#xD;
  STEP 4/5: WHEN scenario is requested...&#xD;
  STEP 4/5: WHEN scenario is requested (Passed after 111ms)&#xD;
  STEP 5/5: Scenario should be retrieved...&#xD;
  STEP 5/5: Scenario should be retrieved (Passed after &lt;1ms)&#xD;
  SCENARIO RESULT: Passed after 720ms</StdOut>
      </Output>
    </UnitTestResult>
    <UnitTestResult executionId="1dd918f5-a802-40db-a295-cb8899c57f61" testId="bb038436-80d5-6654-8630-b72855267319" testName="Skillaz.Tests.Common.DataValidationHelpers.ValidateDateTimeOffset_feature.Date_time_is_empty_not_valid" computerName="DESKTOP-F6SKA47" duration="00:00:00.7453148" startTime="2021-12-16T16:25:53.5990474+03:00" endTime="2021-12-16T16:25:53.5990480+03:00" testType="13cdc9d9-ddb5-4fa4-a97d-d965ccfc6d4b" outcome="Passed" testListId="8c84fa94-04c1-424b-9868-57a2d4851a1d" relativeResultsDirectory="1dd918f5-a802-40db-a295-cb8899c57f61">
      <Output>
        <StdOut>SCENARIO: Date time is empty not valid&#xD;
  STEP 1/3: GIVEN a string [parameter: ""]...&#xD;
  STEP 1/3: GIVEN a string [parameter: ""] (Passed after 1ms)&#xD;
  STEP 2/3: WHEN validation occured [nullAllowed: "True"] [emptyAllowed: "False"]...&#xD;
  STEP 2/3: WHEN validation occured [nullAllowed: "True"] [emptyAllowed: "False"] (Passed after 1ms)&#xD;
  STEP 3/3: THEN is not valid...&#xD;
  STEP 3/3: THEN is not valid (Passed after &lt;1ms)&#xD;
  SCENARIO RESULT: Passed after 592ms</StdOut>
      </Output>
    </UnitTestResult>
    <UnitTestResult executionId="6cad2a61-d41a-446e-a5b6-c1f28348d110" testId="019b787c-88b2-9680-3a7b-9251d2235f77" testName="Skillaz.Tests.CompanySpecific.X5.Naumen.NaumenSlaTests.Sla_calculates_correctly_for_next_day(candidateTimeZone: 7, sla: 02:00:00, startDate: 2020-01-01T00:00:00.0000000Z, truth: [NaumenTimeRange { From = &quot;2020-01-01 07:00:00&quot;, To = &quot;2020-01-01 09:00:00&quot; }])" computerName="DESKTOP-F6SKA47" duration="00:00:00.0000244" startTime="2021-12-16T16:16:29.2891634+03:00" endTime="2021-12-16T16:16:29.2891638+03:00" testType="13cdc9d9-ddb5-4fa4-a97d-d965ccfc6d4b" outcome="Passed" testListId="8c84fa94-04c1-424b-9868-57a2d4851a1d" relativeResultsDirectory="6cad2a61-d41a-446e-a5b6-c1f28348d110" />
    <UnitTestResult executionId="36df70ec-1934-4c86-8e0e-58cfb5a2d67d" testId="084fd4ff-ee7f-a1d7-2980-4000c20ac3e0" testName="Skillaz.Tests.ApiUser.ApiUser_feature.Api_user_can_access_candidate_from_allowed_source" computerName="DESKTOP-F6SKA47" duration="00:00:10.9772760" startTime="2021-12-16T16:20:58.5895983+03:00" endTime="2021-12-16T16:20:58.5896000+03:00" testType="13cdc9d9-ddb5-4fa4-a97d-d965ccfc6d4b" outcome="Passed" testListId="8c84fa94-04c1-424b-9868-57a2d4851a1d" relativeResultsDirectory="36df70ec-1934-4c86-8e0e-58cfb5a2d67d">
      <Output>
        <StdOut>SCENARIO: Api user can access candidate from allowed source&#xD;
  STEP 1/9: GIVEN a company...&#xD;
  STEP 1/9: GIVEN a company (Passed after 215ms)&#xD;
  STEP 2/9: AND the vacancy in the company...&#xD;
  STEP 2/9: AND the vacancy in the company (Passed after 213ms)&#xD;
  STEP 3/9: AND api user with source restriction...&#xD;
  STEP 3/9: AND api user with source restriction (Passed after 1s 214ms)&#xD;
  STEP 4/9: AND candidate in the allowed source...&#xD;
  STEP 4/9: AND candidate in the allowed source (Passed after 317ms)&#xD;
  STEP 5/9: AND candidate in the allowed additional source...&#xD;
  STEP 5/9: AND candidate in the allowed additional source (Passed after 191ms)&#xD;
  STEP 6/9: AND another candidate from other source...&#xD;
  STEP 6/9: AND another candidate from other source (Passed after 494ms)&#xD;
  STEP 7/9: WHEN current user is api user...&#xD;
  STEP 7/9: WHEN current user is api user (Passed after 2s 981ms)&#xD;
  STEP 8/9: AND created candidates are requested...&#xD;
  STEP 8/9: AND created candidates are requested (Passed after 4s 056ms)&#xD;
  STEP 9/9: THEN two candidates are found...&#xD;
  STEP 9/9: THEN two candidates are found (Passed after 7ms)&#xD;
  SCENARIO RESULT: Passed after 10s 145ms</StdOut>
      </Output>
    </UnitTestResult>
    <UnitTestResult executionId="80ac7f4a-97d4-4405-b3ad-3d4dae322fe8" testId="3f8ceb03-4c45-73a7-d28f-f7ddfe521c4f" testName="Skillaz.Tests.Notifications.AvitoMessenger_feature.Processing_avito_webhook_notification" computerName="DESKTOP-F6SKA47" duration="00:00:09.2113958" startTime="2021-12-16T16:24:49.5182172+03:00" endTime="2021-12-16T16:24:49.5182193+03:00" testType="13cdc9d9-ddb5-4fa4-a97d-d965ccfc6d4b" outcome="Passed" testListId="8c84fa94-04c1-424b-9868-57a2d4851a1d" relativeResultsDirectory="80ac7f4a-97d4-4405-b3ad-3d4dae322fe8">
      <Output>
        <StdOut>SCENARIO: Processing avito webhook notification&#xD;
  STEP 1/8: GIVEN a company...&#xD;
  STEP 1/8: GIVEN a company (Passed after 356ms)&#xD;
  STEP 2/8: AND the vacancy in the company...&#xD;
  STEP 2/8: AND the vacancy in the company (Passed after 561ms)&#xD;
  STEP 3/8: AND a candidate in a vacancy in a company...&#xD;
  STEP 3/8: AND a candidate in a vacancy in a company (Passed after 333ms)&#xD;
  STEP 4/8: AND avito account...&#xD;
  STEP 4/8: AND avito account (Passed after 417ms)&#xD;
  STEP 5/8: AND candidate negotication and avito chat...&#xD;
  STEP 5/8: AND candidate negotication and avito chat (Passed after 1s 677ms)&#xD;
  STEP 6/8: AND the system user...&#xD;
  STEP 6/8: AND the system user (Passed after &lt;1ms)&#xD;
  STEP 7/8: WHEN avito webhook came [typeMessage: "message"]...&#xD;
  STEP 7/8: WHEN avito webhook came [typeMessage: "message"] (Passed after 4s 266ms)&#xD;
  STEP 8/8: THEN new message exists in chat for candidate...&#xD;
  STEP 8/8: THEN new message exists in chat for candidate (Passed after 93ms)&#xD;
  SCENARIO RESULT: Passed after 7s 720ms</StdOut>
      </Output>
    </UnitTestResult>
    <UnitTestResult executionId="0aeb202b-9ac9-4a42-8205-0ba48ba21518" testId="35c2f48c-9c88-a338-53cb-ea2a15bc9650" testName="Расширение файла совпадает с его содержимым(fileName: &quot;Doc.docx&quot;)" computerName="DESKTOP-F6SKA47" duration="00:00:00.1446791" startTime="2021-12-16T16:16:30.7617669+03:00" endTime="2021-12-16T16:16:30.7617798+03:00" testType="13cdc9d9-ddb5-4fa4-a97d-d965ccfc6d4b" outcome="Passed" testListId="8c84fa94-04c1-424b-9868-57a2d4851a1d" relativeResultsDirectory="0aeb202b-9ac9-4a42-8205-0ba48ba21518" />
    <UnitTestResult executionId="ad677c28-9bdc-4df9-9073-858039ad14cb" testId="c4483b90-a31d-ede8-3f8b-e2ea5311fbd6" testName="Skillaz.Tests.Request.HireRequestRefsOrgUnitPosition_feature.Link_a_hire_request_to_org_unit_position" computerName="DESKTOP-F6SKA47" duration="00:00:04.7823677" startTime="2021-12-16T16:29:29.0850648+03:00" endTime="2021-12-16T16:29:29.0850671+03:00" testType="13cdc9d9-ddb5-4fa4-a97d-d965ccfc6d4b" outcome="Passed" testListId="8c84fa94-04c1-424b-9868-57a2d4851a1d" relativeResultsDirectory="ad677c28-9bdc-4df9-9073-858039ad14cb">
      <Output>
        <StdOut>SCENARIO: Link a hire request to org unit position&#xD;
  STEP 1/7: GIVEN Given a company...&#xD;
  STEP 1/7: GIVEN Given a company (Passed after 1s 011ms)&#xD;
  STEP 2/7: AND Given the authenticated user...&#xD;
  STEP 2/7: AND Given the authenticated user (Passed after 584ms)&#xD;
  STEP 3/7: AND Given override client configuration...&#xD;
  STEP 3/7: AND Given override client configuration (Passed after 375ms)&#xD;
  STEP 4/7: AND Given hire request without org unit position...&#xD;
  STEP 4/7: AND Given hire request without org unit position (Passed after 231ms)&#xD;
  STEP 5/7: AND Given org unit position with other request link...&#xD;
  STEP 5/7: AND Given org unit position with other request link (Passed after 217ms)&#xD;
  STEP 6/7: WHEN When link hire request to org unit position...&#xD;
  STEP 6/7: WHEN When link hire request to org unit position (Passed after 1s 972ms)&#xD;
  STEP 7/7: THEN Then the reference to the hire request in then org unit position is correct...&#xD;
  STEP 7/7: THEN Then the reference to the hire request in then org unit position is correct (Passed after 3ms)&#xD;
  SCENARIO RESULT: Passed after 4s 418ms</StdOut>
      </Output>
    </UnitTestResult>
    <UnitTestResult executionId="5c66a764-a5ff-4598-9966-9fd06e7cab3a" testId="019b787c-88b2-9680-3a7b-9251d2235f77" testName="Skillaz.Tests.CompanySpecific.X5.Naumen.NaumenSlaTests.Sla_calculates_correctly_for_next_day(candidateTimeZone: 10, sla: 02:00:00, startDate: 2020-01-01T01:00:00.0000000Z, truth: [NaumenTimeRange { From = &quot;2020-01-01 07:00:00&quot;, To = &quot;2020-01-01 09:00:00&quot; }])" computerName="DESKTOP-F6SKA47" duration="00:00:00.0000268" startTime="2021-12-16T16:16:29.3390494+03:00" endTime="2021-12-16T16:16:29.3390546+03:00" testType="13cdc9d9-ddb5-4fa4-a97d-d965ccfc6d4b" outcome="Passed" testListId="8c84fa94-04c1-424b-9868-57a2d4851a1d" relativeResultsDirectory="5c66a764-a5ff-4598-9966-9fd06e7cab3a" />
    <UnitTestResult executionId="4bd0962c-b498-4ffc-8df0-1aeb68760317" testId="d3a200e4-3f3c-8ab4-2a87-117b478479d0" testName="Skillaz.Tests.Configurator.DocumentModel.ListFeature.Проверить_настройки_по_работе_в_списках" computerName="DESKTOP-F6SKA47" duration="00:00:01.0255682" startTime="2021-12-16T16:17:27.5347161+03:00" endTime="2021-12-16T16:17:27.5347184+03:00" testType="13cdc9d9-ddb5-4fa4-a97d-d965ccfc6d4b" outcome="Passed" testListId="8c84fa94-04c1-424b-9868-57a2d4851a1d" relativeResultsDirectory="4bd0962c-b498-4ffc-8df0-1aeb68760317">
      <Output>
        <StdOut>SCENARIO: Проверить настройки по работе в списках&#xD;
  STEP 1/4: GIVEN a company...&#xD;
  STEP 1/4: GIVEN a company (Passed after 237ms)&#xD;
  STEP 2/4: AND the authenticated user...&#xD;
  STEP 2/4: AND the authenticated user (Passed after 150ms)&#xD;
  STEP 3/4: Определить модель с разными настройками полей в списках...&#xD;
  STEP 3/4: Определить модель с разными настройками полей в списках (Passed after 333ms)&#xD;
  STEP 4/4: Проверить что проставились необходимые тэги к полям...&#xD;
  STEP 4/4: Проверить что проставились необходимые тэги к полям (Passed after 35ms)&#xD;
  SCENARIO RESULT: Passed after 766ms</StdOut>
      </Output>
    </UnitTestResult>
    <UnitTestResult executionId="02660b71-446d-418a-87a0-a22a4e365235" testId="66e52b55-85b7-1c82-a5d4-d2e271a37019" testName="Skillaz.Tests.Vacancy.CompanySpecific.MvideoMassCandidateDatabase_feature.Transfer_from_candidate_database_will_change_status_at_candidate" computerName="DESKTOP-F6SKA47" duration="00:00:00.0010000" startTime="2021-12-16T16:27:23.2860128+03:00" endTime="2021-12-16T16:27:23.2860145+03:00" testType="13cdc9d9-ddb5-4fa4-a97d-d965ccfc6d4b" outcome="NotExecuted" testListId="8c84fa94-04c1-424b-9868-57a2d4851a1d" relativeResultsDirectory="02660b71-446d-418a-87a0-a22a4e365235">
      <Output>
        <StdOut>Базу кандидатов мвидео переделали, сейчас не актуально, нужно переписать</StdOut>
      </Output>
    </UnitTestResult>
    <UnitTestResult executionId="09d748e2-6f05-435b-aa3d-1207e71290e1" testId="e0140a4b-bc78-8c58-ff11-fa88fe223fb0" testName="Skillaz.Tests.Assessment.Questionnaires.VideoQuestionnaire_feature.Getting_a_questionnaire_list" computerName="DESKTOP-F6SKA47" duration="00:00:06.2026694" startTime="2021-12-16T16:19:42.0642170+03:00" endTime="2021-12-16T16:19:42.0642174+03:00" testType="13cdc9d9-ddb5-4fa4-a97d-d965ccfc6d4b" outcome="Passed" testListId="8c84fa94-04c1-424b-9868-57a2d4851a1d" relativeResultsDirectory="09d748e2-6f05-435b-aa3d-1207e71290e1">
      <Output>
        <StdOut>SCENARIO: Getting a questionnaire list&#xD;
  STEP 1/5: GIVEN a company...&#xD;
  STEP 1/5: GIVEN a company (Passed after 611ms)&#xD;
  STEP 2/5: AND the authenticated user...&#xD;
  STEP 2/5: AND the authenticated user (Passed after 1s 493ms)&#xD;
  STEP 3/5: AND the questionnaire...&#xD;
  STEP 3/5: AND the questionnaire (Passed after 797ms)&#xD;
  STEP 4/5: WHEN questionnaire list is requested...&#xD;
  STEP 4/5: WHEN questionnaire list is requested (Passed after 167ms)&#xD;
  STEP 5/5: Questionnaire list should be retrieved...&#xD;
  STEP 5/5: Questionnaire list should be retrieved (Passed after 2ms)&#xD;
  SCENARIO RESULT: Passed after 3s 084ms</StdOut>
      </Output>
    </UnitTestResult>
    <UnitTestResult executionId="a7573ca7-aeb6-47c6-bd66-b4f302c48607" testId="019b787c-88b2-9680-3a7b-9251d2235f77" testName="Skillaz.Tests.CompanySpecific.X5.Naumen.NaumenSlaTests.Sla_calculates_correctly_for_next_day(candidateTimeZone: 6, sla: 02:00:00, startDate: 2019-12-31T15:30:00.0000000Z, truth: [NaumenTimeRange { From = &quot;2020-01-01 07:00:00&quot;, To = &quot;2020-01-01 09:00:00&quot; }])" computerName="DESKTOP-F6SKA47" duration="00:00:00.0000388" startTime="2021-12-16T16:16:29.1174788+03:00" endTime="2021-12-16T16:16:29.1174793+03:00" testType="13cdc9d9-ddb5-4fa4-a97d-d965ccfc6d4b" outcome="Passed" testListId="8c84fa94-04c1-424b-9868-57a2d4851a1d" relativeResultsDirectory="a7573ca7-aeb6-47c6-bd66-b4f302c48607" />
    <UnitTestResult executionId="b62caaac-0052-4ceb-8746-cf7f88150ddb" testId="8ada4ab1-481e-f4a5-7449-157924c72819" testName="Skillaz.Tests.WebHooks.WebHooks_feature.AmountOfResendAttemptsReachedLimit" computerName="DESKTOP-F6SKA47" duration="00:00:05.5011520" startTime="2021-12-16T16:22:13.4623535+03:00" endTime="2021-12-16T16:22:13.4623591+03:00" testType="13cdc9d9-ddb5-4fa4-a97d-d965ccfc6d4b" outcome="Passed" testListId="8c84fa94-04c1-424b-9868-57a2d4851a1d" relativeResultsDirectory="b62caaac-0052-4ceb-8746-cf7f88150ddb">
      <Output>
        <StdOut>SCENARIO: AmountOfResendAttemptsReachedLimit&#xD;
  STEP 1/7: GIVEN a company...&#xD;
  STEP 1/7: GIVEN a company (Passed after 366ms)&#xD;
  STEP 2/7: AND the authenticated user...&#xD;
  STEP 2/7: AND the authenticated user (Passed after 881ms)&#xD;
  STEP 3/7: AND a synchronous subscription...&#xD;
  STEP 3/7: AND a synchronous subscription (Passed after 167ms)&#xD;
  STEP 4/7: AND a broken web hook server...&#xD;
  STEP 4/7: AND a broken web hook server (Passed after 314ms)&#xD;
  STEP 5/7: AND a failed hook with maximum resend attempts...&#xD;
  STEP 5/7: AND a failed hook with maximum resend attempts (Passed after 441ms)&#xD;
  STEP 6/7: WHEN job time has come...&#xD;
  STEP 6/7: WHEN job time has come (Passed after 2s 861ms)&#xD;
  STEP 7/7: THEN hook should be failed...&#xD;
  STEP 7/7: THEN hook should be failed (Passed after 101ms)&#xD;
  SCENARIO RESULT: Passed after 5s 145ms</StdOut>
      </Output>
    </UnitTestResult>
    <UnitTestResult executionId="eb4f28cf-ca21-4ff6-b5bc-62d7ccfda3b3" testId="39bbe88c-a5a1-69b6-0e18-a75bb02edd6c" testName="Skillaz.Tests.CompanySpecific.X5.Naumen.NaumenSlaTests.Sla_calculates_correctly_within_one_day(candidateTimeZone: 6, sla: 03:00:00, startDate: 2019-12-31T11:00:00.0000000Z, truth: [NaumenTimeRange { From = &quot;2019-12-31 14:00:00&quot;, To = &quot;2019-12-31 17:00:00&quot; }])" computerName="DESKTOP-F6SKA47" duration="00:00:00.0001269" startTime="2021-12-16T16:16:29.0048120+03:00" endTime="2021-12-16T16:16:29.0048124+03:00" testType="13cdc9d9-ddb5-4fa4-a97d-d965ccfc6d4b" outcome="Passed" testListId="8c84fa94-04c1-424b-9868-57a2d4851a1d" relativeResultsDirectory="eb4f28cf-ca21-4ff6-b5bc-62d7ccfda3b3" />
    <UnitTestResult executionId="2a7fb071-d856-4dcb-bcf9-33b34b458002" testId="2572fc14-a06b-560b-b1fd-563eec05ebcf" testName="Skillaz.Tests.Configurator.DocumentModel.DocumentModelFieldBuilderFromRegistryRefSource_feature.Null_object_default_value_from_configurator" computerName="DESKTOP-F6SKA47" duration="00:00:07.1802288" startTime="2021-12-16T16:21:44.0590080+03:00" endTime="2021-12-16T16:21:44.0590108+03:00" testType="13cdc9d9-ddb5-4fa4-a97d-d965ccfc6d4b" outcome="Passed" testListId="8c84fa94-04c1-424b-9868-57a2d4851a1d" relativeResultsDirectory="2a7fb071-d856-4dcb-bcf9-33b34b458002">
      <Output>
        <StdOut>SCENARIO: Null object default value from configurator&#xD;
  STEP 1/8: GIVEN a company...&#xD;
  STEP 1/8: GIVEN a company (Passed after 592ms)&#xD;
  STEP 2/8: AND the authenticated admin user...&#xD;
  STEP 2/8: AND the authenticated admin user (Passed after 723ms)&#xD;
  STEP 3/8: AND a vacancy...&#xD;
  STEP 3/8: AND a vacancy (Passed after 388ms)&#xD;
  STEP 4/8: AND a model [copyTargetCoreFieldName: "DisplayName"] [copyTargetObjectType: "Vacancy"] [copyTargetType: "String"] [isMultiValue: "False"]...&#xD;
  STEP 4/8: AND a model [copyTargetCoreFieldName: "DisplayName"] [copyTargetObjectType: "Vacancy"] [copyTargetType: "String"] [isMultiValue: "False"] (Passed after 1s 500ms)&#xD;
  STEP 5/8: AND a null string object...&#xD;
  STEP 5/8: AND a null string object (Passed after &lt;1ms)&#xD;
  STEP 6/8: AND a reference value with object from configurator...&#xD;
  STEP 6/8: AND a reference value with object from configurator (Passed after 3s 199ms)&#xD;
  STEP 7/8: WHEN document model load defaults...&#xD;
  STEP 7/8: WHEN document model load defaults (Passed after 265ms)&#xD;
  STEP 8/8: THEN no exception is thrown...&#xD;
  STEP 8/8: THEN no exception is thrown (Passed after &lt;1ms)&#xD;
  SCENARIO RESULT: Passed after 6s 961ms</StdOut>
      </Output>
    </UnitTestResult>
    <UnitTestResult executionId="b2da54f6-3ea6-43a1-98c6-7d11cec2f9ea" testId="019b787c-88b2-9680-3a7b-9251d2235f77" testName="Skillaz.Tests.CompanySpecific.X5.Naumen.NaumenSlaTests.Sla_calculates_correctly_for_next_day(candidateTimeZone: 5, sla: 02:00:00, startDate: 2019-12-31T20:30:00.0000000Z, truth: [NaumenTimeRange { From = &quot;2020-01-01 07:00:00&quot;, To = &quot;2020-01-01 09:00:00&quot; }])" computerName="DESKTOP-F6SKA47" duration="00:00:00.0000390" startTime="2021-12-16T16:16:29.1045132+03:00" endTime="2021-12-16T16:16:29.1045144+03:00" testType="13cdc9d9-ddb5-4fa4-a97d-d965ccfc6d4b" outcome="Passed" testListId="8c84fa94-04c1-424b-9868-57a2d4851a1d" relativeResultsDirectory="b2da54f6-3ea6-43a1-98c6-7d11cec2f9ea" />
    <UnitTestResult executionId="5e511a47-54c0-435d-bae3-eaa58d589daf" testId="edb80607-61a5-a1c0-3b3a-e4b263d16083" testName="Skillaz.Tests.CompanySpecific.Perekrestok.PerekrestokOrgUnitPositionCreateOrUpdate_feature.Create_request_for_position_with_vacancy_date_within_next_30_days_percentage_and_fio_" computerName="DESKTOP-F6SKA47" duration="00:00:36.5543834" startTime="2021-12-16T16:28:57.5241746+03:00" endTime="2021-12-16T16:28:57.5241772+03:00" testType="13cdc9d9-ddb5-4fa4-a97d-d965ccfc6d4b" outcome="Passed" testListId="8c84fa94-04c1-424b-9868-57a2d4851a1d" relativeResultsDirectory="5e511a47-54c0-435d-bae3-eaa58d589daf">
      <Output>
        <StdOut>SCENARIO: Create request for position with vacancy date within next 30 days percentage and fio &#xD;
  STEP 1/6: GIVEN Given a company [companyId: "PerekrestokCompany"]...&#xD;
  STEP 1/6: GIVEN Given a company [companyId: "PerekrestokCompany"] (Passed after 79ms)&#xD;
  STEP 2/6: AND Given the authenticated api user...&#xD;
  STEP 2/6: AND Given the authenticated api user (Passed after 113ms)&#xD;
  STEP 3/6: AND Given org unit...&#xD;
  STEP 3/6: AND Given org unit (Passed after 178ms)&#xD;
  STEP 4/6: AND Given position with vacancy date fio "Мамонов Петр Николаевич" and percentage [vacancyDate: "12/18/2021 13:28:21"] [employmentPercentage: "75"]...&#xD;
  STEP 4/6: AND Given position with vacancy date fio "Мамонов Петр Николаевич" and percentage [vacancyDate: "12/18/2021 13:28:21"] [employmentPercentage: "75"] (Passed after 222ms)&#xD;
  STEP 5/6: WHEN Org unit position update...&#xD;
  STEP 5/6: WHEN Org unit position update (Passed after 35s 153ms)&#xD;
  STEP 6/6: THEN First actual request created with fio and percentage...&#xD;
  STEP 6/6: THEN First actual request created with fio and percentage (Passed after 174ms)&#xD;
  SCENARIO RESULT: Passed after 35s 932ms</StdOut>
      </Output>
    </UnitTestResult>
    <UnitTestResult executionId="06649883-c5ed-4629-ac07-6957476f7bf3" testId="92adf676-b599-2ee2-cbae-747e533f9428" testName="Skillaz.Tests.Assessment.Questionnaires.VideoQuestionnaire_feature.Creating_a_questionnaire" computerName="DESKTOP-F6SKA47" duration="00:00:05.7764662" startTime="2021-12-16T16:19:41.7552974+03:00" endTime="2021-12-16T16:19:41.7552997+03:00" testType="13cdc9d9-ddb5-4fa4-a97d-d965ccfc6d4b" outcome="Passed" testListId="8c84fa94-04c1-424b-9868-57a2d4851a1d" relativeResultsDirectory="06649883-c5ed-4629-ac07-6957476f7bf3">
      <Output>
        <StdOut>SCENARIO: Creating a questionnaire&#xD;
  STEP 1/4: GIVEN a company...&#xD;
  STEP 1/4: GIVEN a company (Passed after 645ms)&#xD;
  STEP 2/4: AND the authenticated user...&#xD;
  STEP 2/4: AND the authenticated user (Passed after 1s 177ms)&#xD;
  STEP 3/4: WHEN questionnaire is created...&#xD;
  STEP 3/4: WHEN questionnaire is created (Passed after 883ms)&#xD;
  STEP 4/4: Questionnaire should be created...&#xD;
  STEP 4/4: Questionnaire should be created (Passed after 728ms)&#xD;
  SCENARIO RESULT: Passed after 3s 844ms</StdOut>
      </Output>
    </UnitTestResult>
    <UnitTestResult executionId="caebdb52-2f7f-4457-83e3-2d180b94dda8" testId="019b787c-88b2-9680-3a7b-9251d2235f77" testName="Skillaz.Tests.CompanySpecific.X5.Naumen.NaumenSlaTests.Sla_calculates_correctly_for_next_day(candidateTimeZone: 2, sla: 02:00:00, startDate: 2020-01-01T00:00:00.0000000Z, truth: [NaumenTimeRange { From = &quot;2020-01-01 10:00:00&quot;, To = &quot;2020-01-01 12:00:00&quot; }])" computerName="DESKTOP-F6SKA47" duration="00:00:00.0000283" startTime="2021-12-16T16:16:29.0627865+03:00" endTime="2021-12-16T16:16:29.0627894+03:00" testType="13cdc9d9-ddb5-4fa4-a97d-d965ccfc6d4b" outcome="Passed" testListId="8c84fa94-04c1-424b-9868-57a2d4851a1d" relativeResultsDirectory="caebdb52-2f7f-4457-83e3-2d180b94dda8" />
    <UnitTestResult executionId="24fbf227-5097-4333-be20-2e8743b3ee9e" testId="96db9640-171e-7161-1026-8e6d6336d018" testName="Skillaz.Tests.CompanySpecific.Magnit.MagnitIntegrationISMonitor_feature.BadCreateVerify" computerName="DESKTOP-F6SKA47" duration="00:00:28.2216391" startTime="2021-12-16T16:22:53.0683457+03:00" endTime="2021-12-16T16:22:53.0683477+03:00" testType="13cdc9d9-ddb5-4fa4-a97d-d965ccfc6d4b" outcome="Passed" testListId="8c84fa94-04c1-424b-9868-57a2d4851a1d" relativeResultsDirectory="24fbf227-5097-4333-be20-2e8743b3ee9e">
      <Output>
        <StdOut>SCENARIO: BadCreateVerify&#xD;
  STEP 1/3: Init...&#xD;
  STEP 1/3: Init (Passed after 21s 219ms)&#xD;
  STEP 2/3: WHEN Satart Verify [lastName: "BadRequest"]...&#xD;
  STEP 2/3: WHEN Satart Verify [lastName: "BadRequest"] (Passed after 4s 693ms)&#xD;
  STEP 3/3: THEN Check Satart Verify [IsBudRequest: "True"]...&#xD;
  STEP 3/3: THEN Check Satart Verify [IsBudRequest: "True"] (Passed after 171ms)&#xD;
  SCENARIO RESULT: Passed after 26s 107ms</StdOut>
      </Output>
    </UnitTestResult>
    <UnitTestResult executionId="ed00dde0-19d0-4ea4-8c03-d2e5274b0fa3" testId="c6449dd2-79f4-4dd8-acb0-8af1f5d0bab5" testName="Skillaz.Tests.CompanySpecific.Mvideo.MvideoChangePositionCountOrgUnit_feature.CreateHireNeeds_with_approvedCount_then_request_and_vacancy_should_be_created" computerName="DESKTOP-F6SKA47" duration="00:00:00.0010000" startTime="2021-12-16T16:19:35.8519561+03:00" endTime="2021-12-16T16:19:35.8519595+03:00" testType="13cdc9d9-ddb5-4fa4-a97d-d965ccfc6d4b" outcome="NotExecuted" testListId="8c84fa94-04c1-424b-9868-57a2d4851a1d" relativeResultsDirectory="ed00dde0-19d0-4ea4-8c03-d2e5274b0fa3">
      <Output>
        <StdOut>Не актуально, заявка в кфг</StdOut>
      </Output>
    </UnitTestResult>
    <UnitTestResult executionId="0c9dbdeb-eb06-4425-bace-73c02b1c33b4" testId="8daf582a-3d9d-e929-98f5-82bc94f6d8d8" testName="Skillaz.Tests.HH.Search.HHSearch_feature.CreateHHSearchCommand_should_give_uri_exception" computerName="DESKTOP-F6SKA47" duration="00:00:01.3823551" startTime="2021-12-16T16:28:49.0785262+03:00" endTime="2021-12-16T16:28:49.0785293+03:00" testType="13cdc9d9-ddb5-4fa4-a97d-d965ccfc6d4b" outcome="Passed" testListId="8c84fa94-04c1-424b-9868-57a2d4851a1d" relativeResultsDirectory="0c9dbdeb-eb06-4425-bace-73c02b1c33b4">
      <Output>
        <StdOut>SCENARIO: CreateHHSearchCommand should give uri exception&#xD;
  STEP 1/6: GIVEN a company...&#xD;
  STEP 1/6: GIVEN a company (Passed after 119ms)&#xD;
  STEP 2/6: AND the vacancy in the company...&#xD;
  STEP 2/6: AND the vacancy in the company (Passed after 87ms)&#xD;
  STEP 3/6: AND search base...&#xD;
  STEP 3/6: AND search base (Passed after &lt;1ms)&#xD;
  STEP 4/6: AND createHHSearchCommand...&#xD;
  STEP 4/6: AND createHHSearchCommand (Passed after &lt;1ms)&#xD;
  STEP 5/6: AND search wrong uri...&#xD;
  STEP 5/6: AND search wrong uri (Passed after &lt;1ms)&#xD;
  STEP 6/6: THEN command will give exception...&#xD;
  STEP 6/6: THEN command will give exception (Passed after 127ms)&#xD;
  SCENARIO RESULT: Passed after 339ms</StdOut>
      </Output>
    </UnitTestResult>
    <UnitTestResult executionId="1c7963ec-f704-4d88-bd82-8f0442658e72" testId="86b6cab8-69c1-86df-d2d0-5a7f16909c41" testName="Skillaz.Tests.Assessment.Questionnaires.SimulationQuestionnaire_feature.Creating_a_questionnaire" computerName="DESKTOP-F6SKA47" duration="00:00:04.2080538" startTime="2021-12-16T16:27:17.8524569+03:00" endTime="2021-12-16T16:27:17.8524583+03:00" testType="13cdc9d9-ddb5-4fa4-a97d-d965ccfc6d4b" outcome="Passed" testListId="8c84fa94-04c1-424b-9868-57a2d4851a1d" relativeResultsDirectory="1c7963ec-f704-4d88-bd82-8f0442658e72">
      <Output>
        <StdOut>SCENARIO: Creating a questionnaire&#xD;
  STEP 1/4: GIVEN a company...&#xD;
  STEP 1/4: GIVEN a company (Passed after 261ms)&#xD;
  STEP 2/4: AND the authenticated user...&#xD;
  STEP 2/4: AND the authenticated user (Passed after 1s 776ms)&#xD;
  STEP 3/4: WHEN questionnaire is created...&#xD;
  STEP 3/4: WHEN questionnaire is created (Passed after 538ms)&#xD;
  STEP 4/4: Questionnaire should be created...&#xD;
  STEP 4/4: Questionnaire should be created (Passed after 187ms)&#xD;
  SCENARIO RESULT: Passed after 2s 766ms</StdOut>
      </Output>
    </UnitTestResult>
    <UnitTestResult executionId="4c34febf-d47e-462c-8027-503dea46a9b2" testId="eaf8edf8-baf4-8a28-c234-42107404803b" testName="Расширение файла совпадает с его содержимым(fileName: &quot;Video.mp4&quot;)" computerName="DESKTOP-F6SKA47" duration="00:00:00.0813127" startTime="2021-12-16T16:16:30.6504552+03:00" endTime="2021-12-16T16:16:30.6504764+03:00" testType="13cdc9d9-ddb5-4fa4-a97d-d965ccfc6d4b" outcome="Passed" testListId="8c84fa94-04c1-424b-9868-57a2d4851a1d" relativeResultsDirectory="4c34febf-d47e-462c-8027-503dea46a9b2" />
    <UnitTestResult executionId="5cb4ea5d-ba7d-44c1-a988-c059232ba371" testId="019b787c-88b2-9680-3a7b-9251d2235f77" testName="Skillaz.Tests.CompanySpecific.X5.Naumen.NaumenSlaTests.Sla_calculates_correctly_for_next_day(candidateTimeZone: 10, sla: 02:00:00, startDate: 2019-12-31T11:30:00.0000000Z, truth: [NaumenTimeRange { From = &quot;2020-01-01 07:00:00&quot;, To = &quot;2020-01-01 09:00:00&quot; }])" computerName="DESKTOP-F6SKA47" duration="00:00:00.0000487" startTime="2021-12-16T16:16:29.3281562+03:00" endTime="2021-12-16T16:16:29.3281566+03:00" testType="13cdc9d9-ddb5-4fa4-a97d-d965ccfc6d4b" outcome="Passed" testListId="8c84fa94-04c1-424b-9868-57a2d4851a1d" relativeResultsDirectory="5cb4ea5d-ba7d-44c1-a988-c059232ba371" />
    <UnitTestResult executionId="bed6acc8-5738-4f38-9ff5-6218e5df56ba" testId="e23769b1-78b8-e776-e860-4b20f6cb74eb" testName="Skillaz.Tests.Candidate.Checks.AutoStartChecks_feature.Multiple_check_started_once" computerName="DESKTOP-F6SKA47" duration="00:00:19.2997746" startTime="2021-12-16T16:20:16.1818276+03:00" endTime="2021-12-16T16:20:16.1818327+03:00" testType="13cdc9d9-ddb5-4fa4-a97d-d965ccfc6d4b" outcome="Passed" testListId="8c84fa94-04c1-424b-9868-57a2d4851a1d" relativeResultsDirectory="bed6acc8-5738-4f38-9ff5-6218e5df56ba">
      <Output>
        <StdOut>SCENARIO: Multiple check started once&#xD;
  STEP 1/9: GIVEN a company...&#xD;
  STEP 1/9: GIVEN a company (Passed after 411ms)&#xD;
  STEP 2/9: AND the vacancy in the company...&#xD;
  STEP 2/9: AND the vacancy in the company (Passed after 298ms)&#xD;
  STEP 3/9: AND the authenticated user...&#xD;
  STEP 3/9: AND the authenticated user (Passed after 787ms)&#xD;
  STEP 4/9: AND client configuration with checks workflow and model...&#xD;
  STEP 4/9: AND client configuration with checks workflow and model (Passed after 2s 126ms)&#xD;
  STEP 5/9: AND a funnel...&#xD;
  STEP 5/9: AND a funnel (Passed after 208ms)&#xD;
  STEP 6/9: AND a candidate without check...&#xD;
  STEP 6/9: AND a candidate without check (Passed after 389ms)&#xD;
  STEP 7/9: AND started Multiple check...&#xD;
  STEP 7/9: AND started Multiple check (Passed after 2s 920ms)&#xD;
  STEP 8/9: WHEN change candidate status with Multiple check...&#xD;
  STEP 8/9: WHEN change candidate status with Multiple check (Passed after 8s 396ms)&#xD;
  STEP 9/9: THEN only one Multiple check started...&#xD;
  STEP 9/9: THEN only one Multiple check started (Passed after 70ms)&#xD;
  SCENARIO RESULT: Passed after 15s 637ms</StdOut>
      </Output>
    </UnitTestResult>
    <UnitTestResult executionId="2c36fabb-d4d1-436d-8b06-a9f00f3f854d" testId="1c68ff8f-f508-dc04-4563-da611ba6ef70" testName="Skillaz.Tests.CompanySpecific.Decathlon.DecathlonCheckJobOfferStateIsApprovedTrigger_feature.Last_job_offer_approved" computerName="DESKTOP-F6SKA47" duration="00:00:03.6876862" startTime="2021-12-16T16:24:19.9161565+03:00" endTime="2021-12-16T16:24:19.9161678+03:00" testType="13cdc9d9-ddb5-4fa4-a97d-d965ccfc6d4b" outcome="Passed" testListId="8c84fa94-04c1-424b-9868-57a2d4851a1d" relativeResultsDirectory="2c36fabb-d4d1-436d-8b06-a9f00f3f854d">
      <Output>
        <StdOut>SCENARIO: Last job offer approved&#xD;
  STEP 1/7: GIVEN a company [companyId: "decathlonCompany"]...&#xD;
  STEP 1/7: GIVEN a company [companyId: "decathlonCompany"] (Passed after 129ms)&#xD;
  STEP 2/7: AND the authenticated admin user...&#xD;
  STEP 2/7: AND the authenticated admin user (Passed after 474ms)&#xD;
  STEP 3/7: AND the vacancy in the company...&#xD;
  STEP 3/7: AND the vacancy in the company (Passed after 77ms)&#xD;
  STEP 4/7: AND a candidate...&#xD;
  STEP 4/7: AND a candidate (Passed after 97ms)&#xD;
  STEP 5/7: AND job offers [jobOffersCount: "3"] [lastRequestedJobOfferWorkflowItemState: "Approved"]...&#xD;
  STEP 5/7: AND job offers [jobOffersCount: "3"] [lastRequestedJobOfferWorkflowItemState: "Approved"] (Passed after 881ms)&#xD;
  STEP 6/7: WHEN set candidate status registrationSent...&#xD;
  STEP 6/7: WHEN set candidate status registrationSent (Passed after 55ms)&#xD;
  STEP 7/7: THEN no exception is thrown...&#xD;
  STEP 7/7: THEN no exception is thrown (Passed after 9ms)&#xD;
  SCENARIO RESULT: Passed after 1s 733ms</StdOut>
      </Output>
    </UnitTestResult>
    <UnitTestResult executionId="b7fba40a-0c24-4641-8fba-8579b8b080c8" testId="83c34f33-fc7c-8909-0d56-b377aadaa760" testName="Skillaz.Tests.Configurator.DocumentModel.ConfiguratorEditor.В_редакторе_отображается_динамический_набор_полей" computerName="DESKTOP-F6SKA47" duration="00:00:02.9234928" startTime="2021-12-16T16:25:05.8650698+03:00" endTime="2021-12-16T16:25:05.8650720+03:00" testType="13cdc9d9-ddb5-4fa4-a97d-d965ccfc6d4b" outcome="Passed" testListId="8c84fa94-04c1-424b-9868-57a2d4851a1d" relativeResultsDirectory="b7fba40a-0c24-4641-8fba-8579b8b080c8">
      <Output>
        <StdOut>SCENARIO: В редакторе отображается динамический набор полей&#xD;
  STEP 1/5: GIVEN a company...&#xD;
  STEP 1/5: GIVEN a company (Passed after 122ms)&#xD;
  STEP 2/5: AND the authenticated user...&#xD;
  STEP 2/5: AND the authenticated user (Passed after 220ms)&#xD;
  STEP 3/5: Выдать пользователю нужные права...&#xD;
  STEP 3/5: Выдать пользователю нужные права (Passed after &lt;1ms)&#xD;
  STEP 4/5: Создать конфигурацию с вложенными списками...&#xD;
  STEP 4/5: Создать конфигурацию с вложенными списками (Passed after 221ms)&#xD;
  STEP 5/5: Проверить что новые табы появились в редакторе...&#xD;
  STEP 5/5: Проверить что новые табы появились в редакторе (Passed after 1s 476ms)&#xD;
  SCENARIO RESULT: Passed after 2s 045ms</StdOut>
      </Output>
    </UnitTestResult>
    <UnitTestResult executionId="19519498-e427-4171-811e-655e988a907f" testId="019b787c-88b2-9680-3a7b-9251d2235f77" testName="Skillaz.Tests.CompanySpecific.X5.Naumen.NaumenSlaTests.Sla_calculates_correctly_for_next_day(candidateTimeZone: 11, sla: 02:00:00, startDate: 2019-12-31T15:30:00.0000000Z, truth: [NaumenTimeRange { From = &quot;2020-01-01 07:00:00&quot;, To = &quot;2020-01-01 09:00:00&quot; }])" computerName="DESKTOP-F6SKA47" duration="00:00:00.0000648" startTime="2021-12-16T16:16:29.3596094+03:00" endTime="2021-12-16T16:16:29.3596110+03:00" testType="13cdc9d9-ddb5-4fa4-a97d-d965ccfc6d4b" outcome="Passed" testListId="8c84fa94-04c1-424b-9868-57a2d4851a1d" relativeResultsDirectory="19519498-e427-4171-811e-655e988a907f" />
    <UnitTestResult executionId="1db70917-a231-4ac1-b808-c16f39c50075" testId="569c4a90-7777-fc87-f2d6-400b3ea6f7ad" testName="Skillaz.Tests.HH.HHCandidateSourceOther_feature.HH_Create_Candidate_Source_Other" computerName="DESKTOP-F6SKA47" duration="00:00:12.4102575" startTime="2021-12-16T16:25:42.8364750+03:00" endTime="2021-12-16T16:25:42.8364814+03:00" testType="13cdc9d9-ddb5-4fa4-a97d-d965ccfc6d4b" outcome="Passed" testListId="8c84fa94-04c1-424b-9868-57a2d4851a1d" relativeResultsDirectory="1db70917-a231-4ac1-b808-c16f39c50075">
      <Output>
        <StdOut>SCENARIO: HH Create Candidate Source Other&#xD;
  STEP 1/5: GIVEN Given a company...&#xD;
  STEP 1/5: GIVEN Given a company (Passed after 359ms)&#xD;
  STEP 2/5: AND Given the authenticated user...&#xD;
  STEP 2/5: AND Given the authenticated user (Passed after 1s 300ms)&#xD;
  STEP 3/5: AND Given HH Data...&#xD;
  STEP 3/5: AND Given HH Data (Passed after 2s 152ms)&#xD;
  STEP 4/5: WHEN When Negotiation Load...&#xD;
  STEP 4/5: WHEN When Negotiation Load (Passed after 6s 160ms)&#xD;
  STEP 5/5: THEN Then check candidate...&#xD;
  STEP 5/5: THEN Then check candidate (Passed after 226ms)&#xD;
  SCENARIO RESULT: Passed after 10s 206ms</StdOut>
      </Output>
    </UnitTestResult>
    <UnitTestResult executionId="617ff120-f279-4ad4-9c58-343a084c0ca7" testId="139fd02d-4f6c-0d35-4403-12639ed35d5b" testName="Skillaz.Tests.OrgUnit.OrgUnitHierarchy_feature.Change_org_unit_children_to_parent_hierarchy" computerName="DESKTOP-F6SKA47" duration="00:00:07.5850576" startTime="2021-12-16T16:25:13.1521840+03:00" endTime="2021-12-16T16:25:13.1521858+03:00" testType="13cdc9d9-ddb5-4fa4-a97d-d965ccfc6d4b" outcome="Passed" testListId="8c84fa94-04c1-424b-9868-57a2d4851a1d" relativeResultsDirectory="617ff120-f279-4ad4-9c58-343a084c0ca7">
      <Output>
        <StdOut>SCENARIO: Change org unit children to parent hierarchy&#xD;
  STEP 1/11: GIVEN a company...&#xD;
  STEP 1/11: GIVEN a company (Passed after 248ms)&#xD;
  STEP 2/11: AND the authenticated user...&#xD;
  STEP 2/11: AND the authenticated user (Passed after 351ms)&#xD;
  STEP 3/11: AND the client configuration...&#xD;
  STEP 3/11: AND the client configuration (Passed after 103ms)&#xD;
  STEP 4/11: AND the org units [orgUnitIndex: "1"] [parentOrgUnitIndexes: ""]...&#xD;
  STEP 4/11: AND the org units [orgUnitIndex: "1"] [parentOrgUnitIndexes: ""] (Passed after 327ms)&#xD;
  STEP 5/11: AND the org units [orgUnitIndex: "2"] [parentOrgUnitIndexes: "1"]...&#xD;
  STEP 5/11: AND the org units [orgUnitIndex: "2"] [parentOrgUnitIndexes: "1"] (Passed after 2ms)&#xD;
  STEP 6/11: AND the org units [orgUnitIndex: "3"] [parentOrgUnitIndexes: "1, 2"]...&#xD;
  STEP 6/11: AND the org units [orgUnitIndex: "3"] [parentOrgUnitIndexes: "1, 2"] (Passed after 1ms)&#xD;
  STEP 7/11: WHEN update parent field org unit [orgUnitIndex: "2"] [newParentIndex: "&lt;null&gt;"]...&#xD;
  STEP 7/11: WHEN update parent field org unit [orgUnitIndex: "2"] [newParentIndex: "&lt;null&gt;"] (Passed after 4s 486ms)&#xD;
  STEP 8/11: THEN parentIds in org unit [orgUnitIndex: "2"] [parentIndexes: ""]...&#xD;
  STEP 8/11: THEN parentIds in org unit [orgUnitIndex: "2"] [parentIndexes: ""] (Passed after 8ms)&#xD;
  STEP 9/11: AND parentIds in org unit [orgUnitIndex: "3"] [parentIndexes: "2"]...&#xD;
  STEP 9/11: AND parentIds in org unit [orgUnitIndex: "3"] [parentIndexes: "2"] (Passed after 34ms)&#xD;
  STEP 10/11: AND hierarchy path correct [orgUnitIndex: "2"] [parentIndexes: ""]...&#xD;
  STEP 10/11: AND hierarchy path correct [orgUnitIndex: "2"] [parentIndexes: ""] (Passed after 9ms)&#xD;
  STEP 11/11: AND hierarchy path correct [orgUnitIndex: "3"] [parentIndexes: "2"]...&#xD;
  STEP 11/11: AND hierarchy path correct [orgUnitIndex: "3"] [parentIndexes: "2"] (Passed after 10ms)&#xD;
  SCENARIO RESULT: Passed after 5s 860ms</StdOut>
      </Output>
    </UnitTestResult>
    <UnitTestResult executionId="25b4cc9f-6b2e-4331-b2fa-f68929f7cca9" testId="019b787c-88b2-9680-3a7b-9251d2235f77" testName="Skillaz.Tests.CompanySpecific.X5.Naumen.NaumenSlaTests.Sla_calculates_correctly_for_next_day(candidateTimeZone: 5, sla: 02:00:00, startDate: 2019-12-31T19:30:00.0000000Z, truth: [NaumenTimeRange { From = &quot;2020-01-01 07:00:00&quot;, To = &quot;2020-01-01 09:00:00&quot; }])" computerName="DESKTOP-F6SKA47" duration="00:00:00.0000788" startTime="2021-12-16T16:16:29.1025921+03:00" endTime="2021-12-16T16:16:29.1025930+03:00" testType="13cdc9d9-ddb5-4fa4-a97d-d965ccfc6d4b" outcome="Passed" testListId="8c84fa94-04c1-424b-9868-57a2d4851a1d" relativeResultsDirectory="25b4cc9f-6b2e-4331-b2fa-f68929f7cca9" />
    <UnitTestResult executionId="d356f7e5-f0a7-4e03-a8a4-c41c8884d576" testId="f2d57bdd-2374-7604-47ff-fa77282607a7" testName="Skillaz.Tests.DocumentModels.FieldValueComparerTests.DifferentTypeComparison(firstValue: 1, secondValue: 1)" computerName="DESKTOP-F6SKA47" duration="00:00:00.0009928" startTime="2021-12-16T16:16:31.0312860+03:00" endTime="2021-12-16T16:16:31.0312999+03:00" testType="13cdc9d9-ddb5-4fa4-a97d-d965ccfc6d4b" outcome="Passed" testListId="8c84fa94-04c1-424b-9868-57a2d4851a1d" relativeResultsDirectory="d356f7e5-f0a7-4e03-a8a4-c41c8884d576" />
    <UnitTestResult executionId="a2affd6c-58f2-43f9-b7af-067ac059e083" testId="626fcc91-8f4b-1b59-24a3-1dba41f0d26f" testName="Skillaz.Tests.Candidate.CandidateTags.CandidateTagsService_feature.If_category_label_is_changed_then_it_must_be_changed_in_all_child_tags" computerName="DESKTOP-F6SKA47" duration="00:00:09.9246236" startTime="2021-12-16T16:23:15.8375738+03:00" endTime="2021-12-16T16:23:15.8375817+03:00" testType="13cdc9d9-ddb5-4fa4-a97d-d965ccfc6d4b" outcome="Passed" testListId="8c84fa94-04c1-424b-9868-57a2d4851a1d" relativeResultsDirectory="a2affd6c-58f2-43f9-b7af-067ac059e083">
      <Output>
        <StdOut>SCENARIO: If category label is changed then it must be changed in all child tags&#xD;
  STEP 1/6: GIVEN a company...&#xD;
  STEP 1/6: GIVEN a company (Passed after 953ms)&#xD;
  STEP 2/6: AND the authenticated admin user...&#xD;
  STEP 2/6: AND the authenticated admin user (Passed after 2s 361ms)&#xD;
  STEP 3/6: AND a candidate tag category "Skillaz.Candidate.Contract.Documents.CandidateTagDocument.CandidateTagCategoryDocument"...&#xD;
  STEP 3/6: AND a candidate tag category "Skillaz.Candidate.Contract.Documents.CandidateTagDocument.CandidateTagCategoryDocument" (Passed after 745ms)&#xD;
  STEP 4/6: AND a candidate tags [tag: "Skillaz.Candidate.Contract.Documents.CandidateTagDocument.CandidateTagDocument, Skillaz.Candidate.Contract.Documents.CandidateTagDocument.CandidateTagDocument, Skillaz.Candidate.Contract.Documents.CandidateTagDocument.CandidateTagDocument, Skillaz.Candidate.Contract.Documents.CandidateTagDocument.CandidateTagDocument, Skillaz.Candidate.Contract.Documents.CandidateTagDocument.CandidateTagDocument"]...&#xD;
  STEP 4/6: AND a candidate tags [tag: "Skillaz.Candidate.Contract.Documents.CandidateTagDocument.CandidateTagDocument, Skillaz.Candidate.Contract.Documents.CandidateTagDocument.CandidateTagDocument, Skillaz.Candidate.Contract.Documents.CandidateTagDocument.CandidateTagDocument, Skillaz.Candidate.Contract.Documents.CandidateTagDocument.CandidateTagDocument, Skillaz.Candidate.Contract.Documents.CandidateTagDocument.CandidateTagDocument"] (Passed after 1s 184ms)&#xD;
  STEP 5/6: WHEN category changing [dto: "Skillaz.Candidate.Contract.CandidateTagCategoryDto"]...&#xD;
  STEP 5/6: WHEN category changing [dto: "Skillaz.Candidate.Contract.CandidateTagCategoryDto"] (Passed after 3s 353ms)&#xD;
  STEP 6/6: Ensure all tags in category has category label [categoryId: "52837"] [categoryLabel: "Новое название категории"]...&#xD;
  STEP 6/6: Ensure all tags in category has category label [categoryId: "52837"] [categoryLabel: "Новое название категории"] (Passed after 388ms)&#xD;
  SCENARIO RESULT: Passed after 9s 015ms</StdOut>
      </Output>
    </UnitTestResult>
    <UnitTestResult executionId="ebe3edf3-9249-4274-8041-0f7738b44d75" testId="553304f7-bfc2-114d-94a3-f6892ec3a77d" testName="Skillaz.Tests.DocumentModels.DocumentModelFilter_feature.Getting_a_result_of_filter_building" computerName="DESKTOP-F6SKA47" duration="00:00:07.0959415" startTime="2021-12-16T16:19:07.1931059+03:00" endTime="2021-12-16T16:19:07.1931079+03:00" testType="13cdc9d9-ddb5-4fa4-a97d-d965ccfc6d4b" outcome="Passed" testListId="8c84fa94-04c1-424b-9868-57a2d4851a1d" relativeResultsDirectory="ebe3edf3-9249-4274-8041-0f7738b44d75">
      <Output>
        <StdOut>SCENARIO: Getting a result of filter building&#xD;
  STEP 1/9: GIVEN a company...&#xD;
  STEP 1/9: GIVEN a company (Passed after 152ms)&#xD;
  STEP 2/9: AND the authenticated user...&#xD;
  STEP 2/9: AND the authenticated user (Passed after 480ms)&#xD;
  STEP 3/9: AND the document model...&#xD;
  STEP 3/9: AND the document model (Passed after 2s 742ms)&#xD;
  STEP 4/9: WHEN filter metadata got...&#xD;
  STEP 4/9: WHEN filter metadata got (Passed after 2s 508ms)&#xD;
  STEP 5/9: THEN count of fields is correct...&#xD;
  STEP 5/9: THEN count of fields is correct (Passed after 4ms)&#xD;
  STEP 6/9: AND has landing key filter...&#xD;
  STEP 6/9: AND has landing key filter (Passed after 3ms)&#xD;
  STEP 7/9: AND directory filter has values...&#xD;
  STEP 7/9: AND directory filter has values (Passed after 1ms)&#xD;
  STEP 8/9: AND titles are as expected...&#xD;
  STEP 8/9: AND titles are as expected (Passed after 42ms)&#xD;
  STEP 9/9: AND DateRange filter is correct...&#xD;
  STEP 9/9: AND DateRange filter is correct (Passed after 7ms)&#xD;
  SCENARIO RESULT: Passed after 5s 968ms</StdOut>
      </Output>
    </UnitTestResult>
    <UnitTestResult executionId="b6d586fe-4d97-4632-9856-89d6f5830e30" testId="2a62cead-e620-26d3-a5ba-1cc8e4102c3f" testName="Skillaz.Tests.CompanySpecific.Mvideo.MvideoOpenApiSapAvaliablePositionsHireNeedBatchRequest_feature.CheckAvaliablePositionsInHireNeedAfterOpenApiRequest_InHold(staffCount: 11, employeesCount: 6, manualApprovedCounts: [2], batchOrgItems: (11, 7), expected: (2, ))" computerName="DESKTOP-F6SKA47" duration="00:00:00.0010000" startTime="2021-12-16T16:29:36.5689222+03:00" endTime="2021-12-16T16:29:36.5689249+03:00" testType="13cdc9d9-ddb5-4fa4-a97d-d965ccfc6d4b" outcome="NotExecuted" testListId="8c84fa94-04c1-424b-9868-57a2d4851a1d" relativeResultsDirectory="b6d586fe-4d97-4632-9856-89d6f5830e30">
      <Output>
        <StdOut>Вернуть тесты после правок по потребностям Mvideo</StdOut>
      </Output>
    </UnitTestResult>
    <UnitTestResult executionId="e28ecc91-0ac8-4f7b-9091-cc28b02483d9" testId="0747d3df-6344-b693-e31a-a2485e6bea5e" testName="Skillaz.Tests.JobRequisition.JobRequisitionMassChangeStatus_feature.Change_hire_request_mass_change_status_works" computerName="DESKTOP-F6SKA47" duration="00:00:11.7770752" startTime="2021-12-16T16:23:58.1949797+03:00" endTime="2021-12-16T16:23:58.1949818+03:00" testType="13cdc9d9-ddb5-4fa4-a97d-d965ccfc6d4b" outcome="Passed" testListId="8c84fa94-04c1-424b-9868-57a2d4851a1d" relativeResultsDirectory="e28ecc91-0ac8-4f7b-9091-cc28b02483d9">
      <Output>
        <StdOut>SCENARIO: Change hire request mass change status works&#xD;
  STEP 1/7: GIVEN a company...&#xD;
  STEP 1/7: GIVEN a company (Passed after 456ms)&#xD;
  STEP 2/7: AND the authenticated user...&#xD;
  STEP 2/7: AND the authenticated user (Passed after 1s 266ms)&#xD;
  STEP 3/7: AND Given the document model...&#xD;
  STEP 3/7: AND Given the document model (Passed after 1ms)&#xD;
  STEP 4/7: AND Given requests [statuses: "InWork, InWork, InWork"]...&#xD;
  STEP 4/7: AND Given requests [statuses: "InWork, InWork, InWork"] (Passed after 2s 494ms)&#xD;
  STEP 5/7: WHEN When status mass change...&#xD;
  STEP 5/7: WHEN When status mass change (Passed after 5s 600ms)&#xD;
  STEP 6/7: THEN Then hire request status changed...&#xD;
  STEP 6/7: THEN Then hire request status changed (Passed after 352ms)&#xD;
  STEP 7/7: AND Then hire request response success...&#xD;
  STEP 7/7: AND Then hire request response success (Passed after 79ms)&#xD;
  SCENARIO RESULT: Passed after 10s 365ms</StdOut>
      </Output>
    </UnitTestResult>
    <UnitTestResult executionId="fbd890b0-2236-46aa-976f-c6d72ad08e6c" testId="3f93afdc-a0cd-482e-1a0b-ae8d54c769c9" testName="Skillaz.Tests.Vacancy.CompanySpecific.MvideoMassCandidateDatabase_feature.After_transfer_candidate_will_be_have_old_vacancy" computerName="DESKTOP-F6SKA47" duration="00:00:00.0010000" startTime="2021-12-16T16:27:19.1336233+03:00" endTime="2021-12-16T16:27:19.1336253+03:00" testType="13cdc9d9-ddb5-4fa4-a97d-d965ccfc6d4b" outcome="NotExecuted" testListId="8c84fa94-04c1-424b-9868-57a2d4851a1d" relativeResultsDirectory="fbd890b0-2236-46aa-976f-c6d72ad08e6c">
      <Output>
        <StdOut>Базу кандидатов мвидео переделали, сейчас не актуально, нужно переписать</StdOut>
      </Output>
    </UnitTestResult>
    <UnitTestResult executionId="33ac3eb0-0bb9-4946-a6ec-ef126ba96c6a" testId="08c4a058-8072-a3c1-e72a-2e4531a3aa78" testName="Skillaz.Tests.Candidate.RoleRestrictionChangingCandidateStatus_feature.User_has_no_claim_and_try_force_change_status" computerName="DESKTOP-F6SKA47" duration="00:00:03.4276956" startTime="2021-12-16T16:19:17.1793037+03:00" endTime="2021-12-16T16:19:17.1793060+03:00" testType="13cdc9d9-ddb5-4fa4-a97d-d965ccfc6d4b" outcome="Passed" testListId="8c84fa94-04c1-424b-9868-57a2d4851a1d" relativeResultsDirectory="33ac3eb0-0bb9-4946-a6ec-ef126ba96c6a">
      <Output>
        <StdOut>SCENARIO: User has no claim and try force change status&#xD;
  STEP 1/8: GIVEN a company [companyId: "testCompany"]...&#xD;
  STEP 1/8: GIVEN a company [companyId: "testCompany"] (Passed after 469ms)&#xD;
  STEP 2/8: AND the authenticated user...&#xD;
  STEP 2/8: AND the authenticated user (Passed after 1s 397ms)&#xD;
  STEP 3/8: AND user restrictions...&#xD;
  STEP 3/8: AND user restrictions (Passed after &lt;1ms)&#xD;
  STEP 4/8: AND a vacancy...&#xD;
  STEP 4/8: AND a vacancy (Passed after 88ms)&#xD;
  STEP 5/8: AND a candidate...&#xD;
  STEP 5/8: AND a candidate (Passed after 142ms)&#xD;
  STEP 6/8: AND MassCandidatesStatusDto with force...&#xD;
  STEP 6/8: AND MassCandidatesStatusDto with force (Passed after &lt;1ms)&#xD;
  STEP 7/8: WHEN status change...&#xD;
  STEP 7/8: WHEN status change (Passed after 753ms)&#xD;
  STEP 8/8: THEN Candidate change status catch exception2...&#xD;
  STEP 8/8: THEN Candidate change status catch exception2 (Passed after 1ms)&#xD;
  SCENARIO RESULT: Passed after 2s 890ms</StdOut>
      </Output>
    </UnitTestResult>
    <UnitTestResult executionId="a94ae3a3-698c-4ee9-8b47-b86d691fa04c" testId="695a69c9-264c-d1c5-2032-535ef4bf39f9" testName="Skillaz.Tests.CompanySpecific.X5.Naumen.NaumenSlaTests.Sla_calculates_correctly_for_split_days(candidateTimeZone: 3, sla: 02:00:00, startDate: 2019-12-31T16:00:00.0000000Z, truth: [NaumenTimeRange { From = &quot;2019-12-31 19:00:00&quot;, To = &quot;2019-12-31 20:00:00&quot; }, NaumenTimeRange { From = &quot;2020-01-01 09:00:00&quot;, To = &quot;2020-01-01 10:00:00&quot; }])" computerName="DESKTOP-F6SKA47" duration="00:00:00.0000466" startTime="2021-12-16T16:16:28.9247857+03:00" endTime="2021-12-16T16:16:28.9247885+03:00" testType="13cdc9d9-ddb5-4fa4-a97d-d965ccfc6d4b" outcome="Passed" testListId="8c84fa94-04c1-424b-9868-57a2d4851a1d" relativeResultsDirectory="a94ae3a3-698c-4ee9-8b47-b86d691fa04c" />
    <UnitTestResult executionId="7efcab26-4f54-4308-a49e-2c495e4d5b16" testId="b538edeb-c321-eb30-e8a2-3cefc2f759c1" testName="Skillaz.Tests.CompanySpecific.Mvideo.MvideoChangePositionCountOrgUnit_feature.При_достижении_кандидатом_конечного_статуса_если_1_заявка_на_поиск" computerName="DESKTOP-F6SKA47" duration="00:00:00.0010000" startTime="2021-12-16T16:19:35.9656896+03:00" endTime="2021-12-16T16:19:35.9656982+03:00" testType="13cdc9d9-ddb5-4fa4-a97d-d965ccfc6d4b" outcome="NotExecuted" testListId="8c84fa94-04c1-424b-9868-57a2d4851a1d" relativeResultsDirectory="7efcab26-4f54-4308-a49e-2c495e4d5b16">
      <Output>
        <StdOut>Не актуально, заявка в кфг</StdOut>
      </Output>
    </UnitTestResult>
    <UnitTestResult executionId="74544c2e-3d74-49b7-ba2b-6545a604f9b5" testId="019b787c-88b2-9680-3a7b-9251d2235f77" testName="Skillaz.Tests.CompanySpecific.X5.Naumen.NaumenSlaTests.Sla_calculates_correctly_for_next_day(candidateTimeZone: 3, sla: 02:00:00, startDate: 2020-01-01T02:30:00.0000000Z, truth: [NaumenTimeRange { From = &quot;2020-01-01 09:00:00&quot;, To = &quot;2020-01-01 11:00:00&quot; }])" computerName="DESKTOP-F6SKA47" duration="00:00:00.0000429" startTime="2021-12-16T16:16:29.0807377+03:00" endTime="2021-12-16T16:16:29.0807384+03:00" testType="13cdc9d9-ddb5-4fa4-a97d-d965ccfc6d4b" outcome="Passed" testListId="8c84fa94-04c1-424b-9868-57a2d4851a1d" relativeResultsDirectory="74544c2e-3d74-49b7-ba2b-6545a604f9b5" />
    <UnitTestResult executionId="978ab852-4b01-4dcc-bc3b-702609e316f4" testId="019b787c-88b2-9680-3a7b-9251d2235f77" testName="Skillaz.Tests.CompanySpecific.X5.Naumen.NaumenSlaTests.Sla_calculates_correctly_for_next_day(candidateTimeZone: 4, sla: 02:00:00, startDate: 2019-12-31T16:00:00.0000000Z, truth: [NaumenTimeRange { From = &quot;2020-01-01 08:00:00&quot;, To = &quot;2020-01-01 10:00:00&quot; }])" computerName="DESKTOP-F6SKA47" duration="00:00:00.0001013" startTime="2021-12-16T16:16:29.0866724+03:00" endTime="2021-12-16T16:16:29.0866742+03:00" testType="13cdc9d9-ddb5-4fa4-a97d-d965ccfc6d4b" outcome="Passed" testListId="8c84fa94-04c1-424b-9868-57a2d4851a1d" relativeResultsDirectory="978ab852-4b01-4dcc-bc3b-702609e316f4" />
    <UnitTestResult executionId="267822c3-b938-4443-a84f-c8637e6fffb9" testId="8d13cfdf-b244-cdc8-372b-2ef58316b4b9" testName="Skillaz.Tests.Assessment.Interview_feature.Create_new_interview_on_second_testing_status_when_forced" computerName="DESKTOP-F6SKA47" duration="00:00:05.9218735" startTime="2021-12-16T16:25:52.5571499+03:00" endTime="2021-12-16T16:25:52.5571524+03:00" testType="13cdc9d9-ddb5-4fa4-a97d-d965ccfc6d4b" outcome="Passed" testListId="8c84fa94-04c1-424b-9868-57a2d4851a1d" relativeResultsDirectory="267822c3-b938-4443-a84f-c8637e6fffb9">
      <Output>
        <StdOut>SCENARIO: Create new interview on second testing status when forced&#xD;
  STEP 1/4: GIVEN a candidate in a vacancy in a company...&#xD;
  STEP 1/4: GIVEN a candidate in a vacancy in a company (Passed after 1s 047ms)&#xD;
  STEP 2/4: AND a scenario...&#xD;
  STEP 2/4: AND a scenario (Passed after 1s 780ms)&#xD;
  STEP 3/4: WHEN a link to interview is generated second time with forced new interview option...&#xD;
  STEP 3/4: WHEN a link to interview is generated second time with forced new interview option (Passed after 2s 007ms)&#xD;
  STEP 4/4: THEN second link is different from first...&#xD;
  STEP 4/4: THEN second link is different from first (Passed after &lt;1ms)&#xD;
  SCENARIO RESULT: Passed after 4s 838ms</StdOut>
      </Output>
    </UnitTestResult>
    <UnitTestResult executionId="70888c07-d239-42a7-8f7f-67adfb8df6f2" testId="019b787c-88b2-9680-3a7b-9251d2235f77" testName="Skillaz.Tests.CompanySpecific.X5.Naumen.NaumenSlaTests.Sla_calculates_correctly_for_next_day(candidateTimeZone: 6, sla: 02:00:00, startDate: 2020-01-01T00:00:00.0000000Z, truth: [NaumenTimeRange { From = &quot;2020-01-01 07:00:00&quot;, To = &quot;2020-01-01 09:00:00&quot; }])" computerName="DESKTOP-F6SKA47" duration="00:00:00.0000318" startTime="2021-12-16T16:16:29.2763913+03:00" endTime="2021-12-16T16:16:29.2763923+03:00" testType="13cdc9d9-ddb5-4fa4-a97d-d965ccfc6d4b" outcome="Passed" testListId="8c84fa94-04c1-424b-9868-57a2d4851a1d" relativeResultsDirectory="70888c07-d239-42a7-8f7f-67adfb8df6f2" />
    <UnitTestResult executionId="d1984fd4-e875-4b9e-83f2-d337aaf4434c" testId="0ed80f2c-8aa7-71b9-5ce0-295e152d8a11" testName="Skillaz.Tests.DocumentModels.DocumentModel_feature.Update_from_view_model_produces_the_same_model" computerName="DESKTOP-F6SKA47" duration="00:00:07.0726049" startTime="2021-12-16T16:24:18.9423492+03:00" endTime="2021-12-16T16:24:18.9423521+03:00" testType="13cdc9d9-ddb5-4fa4-a97d-d965ccfc6d4b" outcome="Passed" testListId="8c84fa94-04c1-424b-9868-57a2d4851a1d" relativeResultsDirectory="d1984fd4-e875-4b9e-83f2-d337aaf4434c">
      <Output>
        <StdOut>SCENARIO: Update from view model produces the same model&#xD;
  STEP 1/8: GIVEN a company...&#xD;
  STEP 1/8: GIVEN a company (Passed after 500ms)&#xD;
  STEP 2/8: AND the authenticated user...&#xD;
  STEP 2/8: AND the authenticated user (Passed after 1s 015ms)&#xD;
  STEP 3/8: AND the test document model set...&#xD;
  STEP 3/8: AND the test document model set (Passed after 3s 304ms)&#xD;
  STEP 4/8: AND simple test model instance...&#xD;
  STEP 4/8: AND simple test model instance (Passed after 1s 217ms)&#xD;
  STEP 5/8: AND empty model instance...&#xD;
  STEP 5/8: AND empty model instance (Passed after &lt;1ms)&#xD;
  STEP 6/8: WHEN view model is requested...&#xD;
  STEP 6/8: WHEN view model is requested (Passed after 42ms)&#xD;
  STEP 7/8: AND empty model is updated from view model results...&#xD;
  STEP 7/8: AND empty model is updated from view model results (Passed after 181ms)&#xD;
  STEP 8/8: THEN new model should be the same...&#xD;
  STEP 8/8: THEN new model should be the same (Passed after &lt;1ms)&#xD;
  SCENARIO RESULT: Passed after 6s 277ms</StdOut>
      </Output>
    </UnitTestResult>
    <UnitTestResult executionId="bbfb3c87-47b8-49e7-ab2d-07dd0a99dafa" testId="a937cdb3-d272-5880-60db-f041224fdb9f" testName="Skillaz.Tests.Assessment.Publications.VacancyPubliction_feature.Vacancy_publication_document_model_building" computerName="DESKTOP-F6SKA47" duration="00:01:07.9174713" startTime="2021-12-16T16:19:31.1870339+03:00" endTime="2021-12-16T16:19:31.1870377+03:00" testType="13cdc9d9-ddb5-4fa4-a97d-d965ccfc6d4b" outcome="Passed" testListId="8c84fa94-04c1-424b-9868-57a2d4851a1d" relativeResultsDirectory="bbfb3c87-47b8-49e7-ab2d-07dd0a99dafa">
      <Output>
        <StdOut>SCENARIO: Vacancy publication document model building&#xD;
  STEP 1/10: GIVEN the company...&#xD;
  STEP 1/10: GIVEN the company (Passed after 369ms)&#xD;
  STEP 2/10: AND the vacancy in the company...&#xD;
  STEP 2/10: AND the vacancy in the company (Passed after 342ms)&#xD;
  STEP 3/10: AND user in the company...&#xD;
  STEP 3/10: AND user in the company (Passed after 43ms)&#xD;
  STEP 4/10: AND hh account...&#xD;
  STEP 4/10: AND hh account (Passed after 3s 521ms)&#xD;
  STEP 5/10: AND source is filled...&#xD;
  STEP 5/10: AND source is filled (Passed after 28s 633ms)&#xD;
  STEP 6/10: THEN action should appear...&#xD;
  STEP 6/10: THEN action should appear (Passed after 9s 917ms)&#xD;
  STEP 7/10: GIVEN action is filled...&#xD;
  STEP 7/10: GIVEN action is filled (Passed after 5s 805ms)&#xD;
  STEP 8/10: THEN account should appear...&#xD;
  STEP 8/10: THEN account should appear (Passed after 20ms)&#xD;
  STEP 9/10: GIVEN the account is filled...&#xD;
  STEP 9/10: GIVEN the account is filled (Passed after 16s 860ms)&#xD;
  STEP 10/10: THEN all other fields should appear...&#xD;
  STEP 10/10: THEN all other fields should appear (Passed after 135ms)&#xD;
  SCENARIO RESULT: Passed after 1m 05s</StdOut>
      </Output>
    </UnitTestResult>
    <UnitTestResult executionId="e8a63054-fd04-41c9-9543-e0d8ac21d840" testId="7a13cfe4-d6ff-43f7-c97b-4d8c6f6a1310" testName="Skillaz.Tests.Candidate.CandidateProcessMemberNotifications_feature.Notification_request_candidate_sms" computerName="DESKTOP-F6SKA47" duration="00:00:04.2562673" startTime="2021-12-16T16:27:45.1837887+03:00" endTime="2021-12-16T16:27:45.1837905+03:00" testType="13cdc9d9-ddb5-4fa4-a97d-d965ccfc6d4b" outcome="Passed" testListId="8c84fa94-04c1-424b-9868-57a2d4851a1d" relativeResultsDirectory="e8a63054-fd04-41c9-9543-e0d8ac21d840">
      <Output>
        <StdOut>SCENARIO: Notification request candidate sms&#xD;
  STEP 1/4: GIVEN Given test data [recipient: "&lt;null&gt;"]...&#xD;
  STEP 1/4: GIVEN Given test data [recipient: "&lt;null&gt;"] (Passed after 2s 316ms)&#xD;
  STEP 2/4: AND Given request with file [fileName: "&lt;null&gt;"] [notificationType: "Sms"]...&#xD;
  STEP 2/4: AND Given request with file [fileName: "&lt;null&gt;"] [notificationType: "Sms"] (Passed after 73ms)&#xD;
  STEP 3/4: WHEN When sent notification...&#xD;
  STEP 3/4: WHEN When sent notification (Passed after 1s 704ms)&#xD;
  STEP 4/4: THEN Then received a sms to send candidate sms command...&#xD;
  STEP 4/4: THEN Then received a sms to send candidate sms command (Passed after &lt;1ms)&#xD;
  SCENARIO RESULT: Passed after 4s 108ms</StdOut>
      </Output>
    </UnitTestResult>
    <UnitTestResult executionId="5dbdc070-322f-4b86-9c03-3745fd73169d" testId="c2672164-fc0e-e39d-c610-3e3df0a4c298" testName="Skillaz.Tests.ProductionCalendars.ProductionCalendarService_feature.Get_holidays_for_period_should_not_fall_if_no_production_calendar_exists_for_specified_year" computerName="DESKTOP-F6SKA47" duration="00:00:02.2836744" startTime="2021-12-16T16:24:08.0607034+03:00" endTime="2021-12-16T16:24:08.0607065+03:00" testType="13cdc9d9-ddb5-4fa4-a97d-d965ccfc6d4b" outcome="Passed" testListId="8c84fa94-04c1-424b-9868-57a2d4851a1d" relativeResultsDirectory="5dbdc070-322f-4b86-9c03-3745fd73169d">
      <Output>
        <StdOut>SCENARIO: Get holidays for period should not fall if no production calendar exists for specified year&#xD;
  STEP 1/5: GIVEN a company [companyDocument: "Skillaz.Candidate.Contract.LegacyCompany.LegacyCompanyDocument"]...&#xD;
  STEP 1/5: GIVEN a company [companyDocument: "Skillaz.Candidate.Contract.LegacyCompany.LegacyCompanyDocument"] (Passed after 312ms)&#xD;
  STEP 2/5: AND the authenticated user...&#xD;
  STEP 2/5: AND the authenticated user (Passed after 403ms)&#xD;
  STEP 3/5: AND production calendar [productionCalendarDocument: "Skillaz.Candidate.Contract.ProductionCalendar.ProductionCalendarDocument"]...&#xD;
  STEP 3/5: AND production calendar [productionCalendarDocument: "Skillaz.Candidate.Contract.ProductionCalendar.ProductionCalendarDocument"] (Passed after 534ms)&#xD;
  STEP 4/5: WHEN get holidays for period [from: "01/01/2022 00:00:00"] [to: "01/05/2022 00:00:00"]...&#xD;
  STEP 4/5: WHEN get holidays for period [from: "01/01/2022 00:00:00"] [to: "01/05/2022 00:00:00"] (Passed after 10ms)&#xD;
  STEP 5/5: THEN passed...&#xD;
  STEP 5/5: THEN passed (Passed after &lt;1ms)&#xD;
  SCENARIO RESULT: Passed after 1s 273ms</StdOut>
      </Output>
    </UnitTestResult>
    <UnitTestResult executionId="0a2ceda7-84f5-4986-9810-ea9d19fae442" testId="4cb576ef-8be0-18c0-2797-dd8db826cca2" testName="Skillaz.Tests.Configurator.DocumentModel.ObjectTypeJobOffer.JobOfferDocument" computerName="DESKTOP-F6SKA47" duration="00:00:12.3156882" startTime="2021-12-16T16:22:16.5559896+03:00" endTime="2021-12-16T16:22:16.5559901+03:00" testType="13cdc9d9-ddb5-4fa4-a97d-d965ccfc6d4b" outcome="Passed" testListId="8c84fa94-04c1-424b-9868-57a2d4851a1d" relativeResultsDirectory="0a2ceda7-84f5-4986-9810-ea9d19fae442">
      <Output>
        <StdOut>SCENARIO: JobOfferDocument&#xD;
  STEP 1/13: GIVEN a company...&#xD;
  STEP 1/13: GIVEN a company (Passed after 135ms)&#xD;
  STEP 2/13: AND the authenticated user...&#xD;
  STEP 2/13: AND the authenticated user (Passed after 283ms)&#xD;
  STEP 3/13: AND email type...&#xD;
  STEP 3/13: AND email type (Passed after 307ms)&#xD;
  STEP 4/13: AND the vacancy in the company...&#xD;
  STEP 4/13: AND the vacancy in the company (Passed after 242ms)&#xD;
  STEP 5/13: Получить воронку в конфигураторе без черновика...&#xD;
  STEP 5/13: Получить воронку в конфигураторе без черновика (Passed after 97ms)&#xD;
  STEP 6/13: GIVEN a job offer model...&#xD;
  STEP 6/13: GIVEN a job offer model (Passed after 2s 594ms)&#xD;
  STEP 7/13: THEN job offer is loaded...&#xD;
  STEP 7/13: THEN job offer is loaded (Passed after 2s 622ms)&#xD;
  STEP 8/13: AND configuration send to candidate true...&#xD;
  STEP 8/13: AND configuration send to candidate true (Passed after 116ms)&#xD;
  STEP 9/13: GIVEN a candidate...&#xD;
  STEP 9/13: GIVEN a candidate (Passed after 294ms)&#xD;
  STEP 10/13: WHEN job offer created...&#xD;
  STEP 10/13: WHEN job offer created (Passed after 3s 387ms)&#xD;
  STEP 11/13: AND job offer switch status...&#xD;
  STEP 11/13: AND job offer switch status (Passed after 1s 379ms)&#xD;
  STEP 12/13: THEN status changed...&#xD;
  STEP 12/13: THEN status changed (Passed after 51ms)&#xD;
  STEP 13/13: AND offer fields is generated...&#xD;
  STEP 13/13: AND offer fields is generated (Passed after 28ms)&#xD;
  SCENARIO RESULT: Passed after 11s 553ms</StdOut>
      </Output>
    </UnitTestResult>
    <UnitTestResult executionId="c6b351ab-e4cb-4749-9baa-4da728d021d6" testId="019b787c-88b2-9680-3a7b-9251d2235f77" testName="Skillaz.Tests.CompanySpecific.X5.Naumen.NaumenSlaTests.Sla_calculates_correctly_for_next_day(candidateTimeZone: 7, sla: 02:00:00, startDate: 2019-12-31T20:00:00.0000000Z, truth: [NaumenTimeRange { From = &quot;2020-01-01 07:00:00&quot;, To = &quot;2020-01-01 09:00:00&quot; }])" computerName="DESKTOP-F6SKA47" duration="00:00:00.0000339" startTime="2021-12-16T16:16:29.2854753+03:00" endTime="2021-12-16T16:16:29.2854757+03:00" testType="13cdc9d9-ddb5-4fa4-a97d-d965ccfc6d4b" outcome="Passed" testListId="8c84fa94-04c1-424b-9868-57a2d4851a1d" relativeResultsDirectory="c6b351ab-e4cb-4749-9baa-4da728d021d6" />
    <UnitTestResult executionId="cfb7d369-6a89-48f6-bda7-37c54bee962c" testId="019b787c-88b2-9680-3a7b-9251d2235f77" testName="Skillaz.Tests.CompanySpecific.X5.Naumen.NaumenSlaTests.Sla_calculates_correctly_for_next_day(candidateTimeZone: 3, sla: 02:00:00, startDate: 2020-01-01T05:30:00.0000000Z, truth: [NaumenTimeRange { From = &quot;2020-01-01 09:00:00&quot;, To = &quot;2020-01-01 11:00:00&quot; }])" computerName="DESKTOP-F6SKA47" duration="00:00:00.0001299" startTime="2021-12-16T16:16:29.0811738+03:00" endTime="2021-12-16T16:16:29.0811744+03:00" testType="13cdc9d9-ddb5-4fa4-a97d-d965ccfc6d4b" outcome="Passed" testListId="8c84fa94-04c1-424b-9868-57a2d4851a1d" relativeResultsDirectory="cfb7d369-6a89-48f6-bda7-37c54bee962c" />
    <UnitTestResult executionId="fd3aecb3-0d5b-4ba5-bc56-7fef52bdfe37" testId="fa80c8bf-0e1d-5f58-fd60-aa2f91bf5800" testName="Skillaz.Tests.CompanySpecific.Perekrestok.PerekrestokRequestPriority_feature.Calculation_request_priority(supermarketType: &quot;Закрытый супермаркет&quot;, requestVl: 100, employmentCandidateCount: 0, employmentFinishedCandidateCount: 0, interviewCandidateCount: 0, requestPriority: Unknown)" computerName="DESKTOP-F6SKA47" duration="00:00:00.8424865" startTime="2021-12-16T16:23:33.0536894+03:00" endTime="2021-12-16T16:23:33.0536997+03:00" testType="13cdc9d9-ddb5-4fa4-a97d-d965ccfc6d4b" outcome="Passed" testListId="8c84fa94-04c1-424b-9868-57a2d4851a1d" relativeResultsDirectory="fd3aecb3-0d5b-4ba5-bc56-7fef52bdfe37">
      <Output>
        <StdOut>SCENARIO: Calculation request priority [supermarketType: "Закрытый супермаркет"] [requestVl: "100"] [employmentCandidateCount: "0"] [employmentFinishedCandidateCount: "0"] [interviewCandidateCount: "0"] [requestPriority: "Unknown"]&#xD;
  STEP 1/6: GIVEN Given a company [companyId: "PerekrestokCompany"]...&#xD;
  STEP 1/6: GIVEN Given a company [companyId: "PerekrestokCompany"] (Passed after 261ms)&#xD;
  STEP 2/6: AND Given the authenticated user...&#xD;
  STEP 2/6: AND Given the authenticated user (Passed after 126ms)&#xD;
  STEP 3/6: AND Given org unit and request for status [requestState: "InWork"] [supermarketType: "Закрытый супермаркет"] [requestVl: "100"]...&#xD;
  STEP 3/6: AND Given org unit and request for status [requestState: "InWork"] [supermarketType: "Закрытый супермаркет"] [requestVl: "100"] (Passed after 171ms)&#xD;
  STEP 4/6: AND Given candidates according data and assigned to request [employmentCandidateCount: "0"] [employmentFinishedCandidateCount: "0"] [interviewCandidateCount: "0"]...&#xD;
  STEP 4/6: AND Given candidates according data and assigned to request [employmentCandidateCount: "0"] [employmentFinishedCandidateCount: "0"] [interviewCandidateCount: "0"] (Passed after &lt;1ms)&#xD;
  STEP 5/6: WHEN When calculation priority...&#xD;
  STEP 5/6: WHEN When calculation priority (Passed after 53ms)&#xD;
  STEP 6/6: THEN Then request priority equal [requestPriority: "Unknown"]...&#xD;
  STEP 6/6: THEN Then request priority equal [requestPriority: "Unknown"] (Passed after 6ms)&#xD;
  SCENARIO RESULT: Passed after 645ms</StdOut>
      </Output>
    </UnitTestResult>
    <UnitTestResult executionId="f724d2fc-6e3f-4e4d-a73e-2fc161020d67" testId="9a60331e-ca3e-1df1-7b63-5bd8cf646895" testName="Skillaz.Tests.AsyncEnumerable.AsyncEnumerableTests.Parallel_for_each_respects_cancellation_token" computerName="DESKTOP-F6SKA47" duration="00:00:01.4114425" startTime="2021-12-16T16:16:31.3260238+03:00" endTime="2021-12-16T16:16:31.3260249+03:00" testType="13cdc9d9-ddb5-4fa4-a97d-d965ccfc6d4b" outcome="Passed" testListId="8c84fa94-04c1-424b-9868-57a2d4851a1d" relativeResultsDirectory="f724d2fc-6e3f-4e4d-a73e-2fc161020d67" />
    <UnitTestResult executionId="18a7fc13-caaf-4a5a-891b-1f7c7e21f632" testId="e297c288-2c32-21e7-34f6-d146ed67ee02" testName="Skillaz.Tests.Candidate.AddOrUpdateCandidatesExternalLinkCommand_feature.Add_2_new_links_to_candidate" computerName="DESKTOP-F6SKA47" duration="00:00:01.8351601" startTime="2021-12-16T16:24:38.9746118+03:00" endTime="2021-12-16T16:24:38.9746151+03:00" testType="13cdc9d9-ddb5-4fa4-a97d-d965ccfc6d4b" outcome="Passed" testListId="8c84fa94-04c1-424b-9868-57a2d4851a1d" relativeResultsDirectory="18a7fc13-caaf-4a5a-891b-1f7c7e21f632">
      <Output>
        <StdOut>SCENARIO: Add 2 new links to candidate&#xD;
  STEP 1/6: GIVEN a company...&#xD;
  STEP 1/6: GIVEN a company (Passed after 541ms)&#xD;
  STEP 2/6: AND the authenticated user...&#xD;
  STEP 2/6: AND the authenticated user (Passed after 164ms)&#xD;
  STEP 3/6: AND a candidate...&#xD;
  STEP 3/6: AND a candidate (Passed after 162ms)&#xD;
  STEP 4/6: WHEN link type1 added var1...&#xD;
  STEP 4/6: WHEN link type1 added var1 (Passed after 250ms)&#xD;
  STEP 5/6: AND link type2 added var1...&#xD;
  STEP 5/6: AND link type2 added var1 (Passed after 74ms)&#xD;
  STEP 6/6: Assert 2 links were added...&#xD;
  STEP 6/6: Assert 2 links were added (Passed after 56ms)&#xD;
  SCENARIO RESULT: Passed after 1s 298ms</StdOut>
      </Output>
    </UnitTestResult>
    <UnitTestResult executionId="ee5fcca9-5f25-4178-b157-7116f00aed69" testId="39bbe88c-a5a1-69b6-0e18-a75bb02edd6c" testName="Skillaz.Tests.CompanySpecific.X5.Naumen.NaumenSlaTests.Sla_calculates_correctly_within_one_day(candidateTimeZone: 8, sla: 04:00:00, startDate: 2019-12-31T08:00:00.0000000Z, truth: [NaumenTimeRange { From = &quot;2019-12-31 11:00:00&quot;, To = &quot;2019-12-31 15:00:00&quot; }])" computerName="DESKTOP-F6SKA47" duration="00:00:00.0000449" startTime="2021-12-16T16:16:29.0226559+03:00" endTime="2021-12-16T16:16:29.0226567+03:00" testType="13cdc9d9-ddb5-4fa4-a97d-d965ccfc6d4b" outcome="Passed" testListId="8c84fa94-04c1-424b-9868-57a2d4851a1d" relativeResultsDirectory="ee5fcca9-5f25-4178-b157-7116f00aed69" />
    <UnitTestResult executionId="937c4de3-4b0b-483a-9d74-7bb2bf1ccc50" testId="25ecfa4f-f473-2d64-471a-8f46f60bb777" testName="Skillaz.Tests.CompanySpecific.Perekrestok.PerekrestokVacancyPriority_feature.Calculation_vacancy_priority(requestPriorities: [Unknown, Low], expectedResult: Low)" computerName="DESKTOP-F6SKA47" duration="00:00:01.3316469" startTime="2021-12-16T16:24:40.2588140+03:00" endTime="2021-12-16T16:24:40.2588172+03:00" testType="13cdc9d9-ddb5-4fa4-a97d-d965ccfc6d4b" outcome="Passed" testListId="8c84fa94-04c1-424b-9868-57a2d4851a1d" relativeResultsDirectory="937c4de3-4b0b-483a-9d74-7bb2bf1ccc50">
      <Output>
        <StdOut>SCENARIO: Calculation vacancy priority [requestPriorities: "Unknown, Low"] [expectedResult: "Low"]&#xD;
  STEP 1/5: GIVEN Given a company [companyId: "PerekrestokCompany"]...&#xD;
  STEP 1/5: GIVEN Given a company [companyId: "PerekrestokCompany"] (Passed after 233ms)&#xD;
  STEP 2/5: AND Given the vacancy in the company...&#xD;
  STEP 2/5: AND Given the vacancy in the company (Passed after 152ms)&#xD;
  STEP 3/5: AND Given the requests from list priority [requestPriorities: "Unknown, Low"]...&#xD;
  STEP 3/5: AND Given the requests from list priority [requestPriorities: "Unknown, Low"] (Passed after 97ms)&#xD;
  STEP 4/5: WHEN When calculation priority...&#xD;
  STEP 4/5: WHEN When calculation priority (Passed after 76ms)&#xD;
  STEP 5/5: THEN Then vacancy priority "Low" equal...&#xD;
  STEP 5/5: THEN Then vacancy priority "Low" equal (Passed after 1ms)&#xD;
  SCENARIO RESULT: Passed after 571ms</StdOut>
      </Output>
    </UnitTestResult>
    <UnitTestResult executionId="2e42adcb-6a68-4d4b-b239-53363dbe26d6" testId="26cad07b-a8d8-1c50-3658-3c11af87d6f6" testName="Skillaz.Tests.Configurator.DocumentModel.DocumentModelFieldBinderTest.DocumentModelBinderParseTest(expression: &quot;Name&quot;, expectedType: typeof(Skillaz.Framework.DocumentModel.Binders.DocumentModelFieldExpressionValueBinder&lt;Skillaz.Tests.Configurator.DocumentModel.DocumentModelTestDocument, string&gt;))" computerName="DESKTOP-F6SKA47" duration="00:00:00.0113280" startTime="2021-12-16T16:16:31.1205270+03:00" endTime="2021-12-16T16:16:31.1205277+03:00" testType="13cdc9d9-ddb5-4fa4-a97d-d965ccfc6d4b" outcome="Passed" testListId="8c84fa94-04c1-424b-9868-57a2d4851a1d" relativeResultsDirectory="2e42adcb-6a68-4d4b-b239-53363dbe26d6" />
    <UnitTestResult executionId="ee2aaf4f-65ab-48ad-8836-6839d35c2c94" testId="378c8185-f208-09ab-8f61-0993b0da43ab" testName="Skillaz.Tests.Helpers.TimeBoundariesHelperFeature.SubtractHours(lower: 1, upper: 4, timeZone: 3, results: [0, 1, 22, 24])" computerName="DESKTOP-F6SKA47" duration="00:00:00.0327137" startTime="2021-12-16T16:16:29.9766070+03:00" endTime="2021-12-16T16:16:29.9766074+03:00" testType="13cdc9d9-ddb5-4fa4-a97d-d965ccfc6d4b" outcome="Passed" testListId="8c84fa94-04c1-424b-9868-57a2d4851a1d" relativeResultsDirectory="ee2aaf4f-65ab-48ad-8836-6839d35c2c94" />
    <UnitTestResult executionId="2cf6dab6-b552-4708-ae9a-4c8e2fbf16ed" testId="ee13fd88-d1af-2b20-95d9-e6114b889bed" testName="Skillaz.Tests.Configurator.DocumentModel.DocumentModelFieldBuilderFromRegistryRefSource_feature.Simple_object_default_value_from_configurator" computerName="DESKTOP-F6SKA47" duration="00:00:09.1717234" startTime="2021-12-16T16:21:45.5555425+03:00" endTime="2021-12-16T16:21:45.5555442+03:00" testType="13cdc9d9-ddb5-4fa4-a97d-d965ccfc6d4b" outcome="Passed" testListId="8c84fa94-04c1-424b-9868-57a2d4851a1d" relativeResultsDirectory="2cf6dab6-b552-4708-ae9a-4c8e2fbf16ed">
      <Output>
        <StdOut>SCENARIO: Simple object default value from configurator&#xD;
  STEP 1/8: GIVEN a company...&#xD;
  STEP 1/8: GIVEN a company (Passed after 101ms)&#xD;
  STEP 2/8: AND the authenticated admin user...&#xD;
  STEP 2/8: AND the authenticated admin user (Passed after 999ms)&#xD;
  STEP 3/8: AND a vacancy...&#xD;
  STEP 3/8: AND a vacancy (Passed after 328ms)&#xD;
  STEP 4/8: AND a model [copyTargetCoreFieldName: "DisplayName"] [copyTargetObjectType: "Vacancy"] [copyTargetType: "String"] [isMultiValue: "False"]...&#xD;
  STEP 4/8: AND a model [copyTargetCoreFieldName: "DisplayName"] [copyTargetObjectType: "Vacancy"] [copyTargetType: "String"] [isMultiValue: "False"] (Passed after 2s 105ms)&#xD;
  STEP 5/8: AND a simple string object...&#xD;
  STEP 5/8: AND a simple string object (Passed after &lt;1ms)&#xD;
  STEP 6/8: AND a reference value with object from configurator...&#xD;
  STEP 6/8: AND a reference value with object from configurator (Passed after 4s 961ms)&#xD;
  STEP 7/8: WHEN document model load defaults...&#xD;
  STEP 7/8: WHEN document model load defaults (Passed after 8ms)&#xD;
  STEP 8/8: THEN no exception is thrown...&#xD;
  STEP 8/8: THEN no exception is thrown (Passed after &lt;1ms)&#xD;
  SCENARIO RESULT: Passed after 8s 615ms</StdOut>
      </Output>
    </UnitTestResult>
    <UnitTestResult executionId="1a86d347-05de-47be-a45f-64629b0d8250" testId="019b787c-88b2-9680-3a7b-9251d2235f77" testName="Skillaz.Tests.CompanySpecific.X5.Naumen.NaumenSlaTests.Sla_calculates_correctly_for_next_day(candidateTimeZone: 4, sla: 02:00:00, startDate: 2019-12-31T22:30:00.0000000Z, truth: [NaumenTimeRange { From = &quot;2020-01-01 08:00:00&quot;, To = &quot;2020-01-01 10:00:00&quot; }])" computerName="DESKTOP-F6SKA47" duration="00:00:00.0000988" startTime="2021-12-16T16:16:29.0932302+03:00" endTime="2021-12-16T16:16:29.0932307+03:00" testType="13cdc9d9-ddb5-4fa4-a97d-d965ccfc6d4b" outcome="Passed" testListId="8c84fa94-04c1-424b-9868-57a2d4851a1d" relativeResultsDirectory="1a86d347-05de-47be-a45f-64629b0d8250" />
    <UnitTestResult executionId="5b06b1b2-a1f3-456b-a3e4-17e8a32b2ba1" testId="1584d138-2249-0ae8-78f1-bdf6e1a55c70" testName="Skillaz.Tests.CompanySpecific.Mvideo.MvideoArchivingHireNeeds_feature.Dont_get_a_org_item_from_open_api_so_archiving_a_hire_heed(planBefore: 5, factBefore: 3, planAfter: 5, factAfter: 2, isArchivedAfter: False)" computerName="DESKTOP-F6SKA47" duration="00:00:23.1386089" startTime="2021-12-16T16:19:59.2178619+03:00" endTime="2021-12-16T16:19:59.2178622+03:00" testType="13cdc9d9-ddb5-4fa4-a97d-d965ccfc6d4b" outcome="Passed" testListId="8c84fa94-04c1-424b-9868-57a2d4851a1d" relativeResultsDirectory="5b06b1b2-a1f3-456b-a3e4-17e8a32b2ba1">
      <Output>
        <StdOut>SCENARIO: Dont get a org item from open api so archiving a hire heed [planBefore: "5"] [factBefore: "3"] [planAfter: "5"] [factAfter: "2"] [isArchivedAfter: "False"]&#xD;
  STEP 1/7: GIVEN a company [companyId: "mvideo"]...&#xD;
  STEP 1/7: GIVEN a company [companyId: "mvideo"] (Passed after 635ms)&#xD;
  STEP 2/7: AND the authenticated user...&#xD;
  STEP 2/7: AND the authenticated user (Passed after 1s 477ms)&#xD;
  STEP 3/7: AND Given OrgUnit...&#xD;
  STEP 3/7: AND Given OrgUnit (Passed after 2s 694ms)&#xD;
  STEP 4/7: AND Given Roles...&#xD;
  STEP 4/7: AND Given Roles (Passed after 407ms)&#xD;
  STEP 5/7: AND Given HireNeed [staffCount: "5"] [employeesCount: "3"]...&#xD;
  STEP 5/7: AND Given HireNeed [staffCount: "5"] [employeesCount: "3"] (Passed after 1s 196ms)&#xD;
  STEP 6/7: WHEN BatchUpdate [planned: "5"] [fact: "2"]...&#xD;
  STEP 6/7: WHEN BatchUpdate [planned: "5"] [fact: "2"] (Passed after 14s 194ms)&#xD;
  STEP 7/7: THEN Then check that hire need changed [planAfter: "5"] [factAfter: "2"] [isArchivedAfter: "False"]...&#xD;
  STEP 7/7: THEN Then check that hire need changed [planAfter: "5"] [factAfter: "2"] [isArchivedAfter: "False"] (Passed after 48ms)&#xD;
  SCENARIO RESULT: Passed after 20s 714ms</StdOut>
      </Output>
    </UnitTestResult>
    <UnitTestResult executionId="068e3879-738b-4b8f-b1ba-7b1f7a5cf0f4" testId="e6c7e2a5-db66-79bb-015e-f0e5de7a06ad" testName="Расширение файла не должно совпадать с его содержимым(fileName: &quot;HtmlAsDoc.doc&quot;, alterName: &quot;.pdf&quot;)" computerName="DESKTOP-F6SKA47" duration="00:00:00.0231164" startTime="2021-12-16T16:16:30.9664114+03:00" endTime="2021-12-16T16:16:30.9666390+03:00" testType="13cdc9d9-ddb5-4fa4-a97d-d965ccfc6d4b" outcome="Passed" testListId="8c84fa94-04c1-424b-9868-57a2d4851a1d" relativeResultsDirectory="068e3879-738b-4b8f-b1ba-7b1f7a5cf0f4" />
    <UnitTestResult executionId="a8719ab7-3c0a-463d-8887-47f5d944b041" testId="ea35ca34-5752-f92b-471f-2c178568180f" testName="Skillaz.Tests.CompanySpecific.Mvideo.MvideoWithoutProfile_feature.Do_create_vacancy_not_open_vacancies" computerName="DESKTOP-F6SKA47" duration="00:00:12.9692496" startTime="2021-12-16T16:27:00.6196756+03:00" endTime="2021-12-16T16:27:00.6196770+03:00" testType="13cdc9d9-ddb5-4fa4-a97d-d965ccfc6d4b" outcome="Passed" testListId="8c84fa94-04c1-424b-9868-57a2d4851a1d" relativeResultsDirectory="a8719ab7-3c0a-463d-8887-47f5d944b041">
      <Output>
        <StdOut>SCENARIO: Do create vacancy not open vacancies&#xD;
  STEP 1/7: GIVEN a company [companyId: "mvideo"]...&#xD;
  STEP 1/7: GIVEN a company [companyId: "mvideo"] (Passed after 124ms)&#xD;
  STEP 2/7: AND the authenticated user...&#xD;
  STEP 2/7: AND the authenticated user (Passed after 449ms)&#xD;
  STEP 3/7: AND the org unit and references...&#xD;
  STEP 3/7: AND the org unit and references (Passed after 2s 040ms)&#xD;
  STEP 4/7: AND the profile and vacancies [countCreatedVacancies: "2"] [isArchiveVacancy: "True"]...&#xD;
  STEP 4/7: AND the profile and vacancies [countCreatedVacancies: "2"] [isArchiveVacancy: "True"] (Passed after 499ms)&#xD;
  STEP 5/7: WHEN create vacancy [profileId: "61bb3e9a7f10d6937478f0de"]...&#xD;
  STEP 5/7: WHEN create vacancy [profileId: "61bb3e9a7f10d6937478f0de"] (Passed after 2s 478ms)&#xD;
  STEP 6/7: THEN ensure create publication by profile [profileId: "61bb3e9a7f10d6937478f0de"]...&#xD;
  STEP 6/7: THEN ensure create publication by profile [profileId: "61bb3e9a7f10d6937478f0de"] (Passed after 77ms)&#xD;
  STEP 7/7: AND ensure remove publication by profile [profileId: "5f05b4c639e7715029e2c705"]...&#xD;
  STEP 7/7: AND ensure remove publication by profile [profileId: "5f05b4c639e7715029e2c705"] (Passed after 20ms)&#xD;
  SCENARIO RESULT: Passed after 5s 788ms</StdOut>
      </Output>
    </UnitTestResult>
    <UnitTestResult executionId="bd4a59c9-64ab-4cd6-b32d-5bc6099df39d" testId="6ca337fc-c157-1be3-1fec-cc5f8eef9c94" testName="Skillaz.Tests.Assessment.InterviewCreation_feature.Create_an_interview_for_funnel_with_two_scenarios_with_right_scenario_for_a_second_status" computerName="DESKTOP-F6SKA47" duration="00:00:30.7281420" startTime="2021-12-16T16:24:37.2041003+03:00" endTime="2021-12-16T16:24:37.2041024+03:00" testType="13cdc9d9-ddb5-4fa4-a97d-d965ccfc6d4b" outcome="Passed" testListId="8c84fa94-04c1-424b-9868-57a2d4851a1d" relativeResultsDirectory="bd4a59c9-64ab-4cd6-b32d-5bc6099df39d">
      <Output>
        <StdOut>SCENARIO: Create an interview for funnel with two scenarios with right scenario for a second status&#xD;
  STEP 1/5: GIVEN a candidate in a vacancy in a company...&#xD;
  STEP 1/5: GIVEN a candidate in a vacancy in a company (Passed after 1s 528ms)&#xD;
  STEP 2/5: AND the authenticated user...&#xD;
  STEP 2/5: AND the authenticated user (Passed after 656ms)&#xD;
  STEP 3/5: AND two scenarios linked to vacancy for different statuses...&#xD;
  STEP 3/5: AND two scenarios linked to vacancy for different statuses (Passed after 4s 337ms)&#xD;
  STEP 4/5: WHEN interview is created for status other distance testing...&#xD;
  STEP 4/5: WHEN interview is created for status other distance testing (Passed after 19s 587ms)&#xD;
  STEP 5/5: THEN interview with second scenario is created...&#xD;
  STEP 5/5: THEN interview with second scenario is created (Passed after 10ms)&#xD;
  SCENARIO RESULT: Passed after 26s 132ms</StdOut>
      </Output>
    </UnitTestResult>
    <UnitTestResult executionId="0b810894-6dd0-4093-bba2-418abdf1da8a" testId="019b787c-88b2-9680-3a7b-9251d2235f77" testName="Skillaz.Tests.CompanySpecific.X5.Naumen.NaumenSlaTests.Sla_calculates_correctly_for_next_day(candidateTimeZone: 6, sla: 02:00:00, startDate: 2019-12-31T14:00:00.0000000Z, truth: [NaumenTimeRange { From = &quot;2020-01-01 07:00:00&quot;, To = &quot;2020-01-01 09:00:00&quot; }])" computerName="DESKTOP-F6SKA47" duration="00:00:00.0000365" startTime="2021-12-16T16:16:29.1172600+03:00" endTime="2021-12-16T16:16:29.1172610+03:00" testType="13cdc9d9-ddb5-4fa4-a97d-d965ccfc6d4b" outcome="Passed" testListId="8c84fa94-04c1-424b-9868-57a2d4851a1d" relativeResultsDirectory="0b810894-6dd0-4093-bba2-418abdf1da8a" />
    <UnitTestResult executionId="e8c66ee1-2afc-4e7d-afe8-b6f6c49a8846" testId="019b787c-88b2-9680-3a7b-9251d2235f77" testName="Skillaz.Tests.CompanySpecific.X5.Naumen.NaumenSlaTests.Sla_calculates_correctly_for_next_day(candidateTimeZone: 10, sla: 02:00:00, startDate: 2020-01-01T00:00:00.0000000Z, truth: [NaumenTimeRange { From = &quot;2020-01-01 07:00:00&quot;, To = &quot;2020-01-01 09:00:00&quot; }])" computerName="DESKTOP-F6SKA47" duration="00:00:00.0000291" startTime="2021-12-16T16:16:29.3366025+03:00" endTime="2021-12-16T16:16:29.3366029+03:00" testType="13cdc9d9-ddb5-4fa4-a97d-d965ccfc6d4b" outcome="Passed" testListId="8c84fa94-04c1-424b-9868-57a2d4851a1d" relativeResultsDirectory="e8c66ee1-2afc-4e7d-afe8-b6f6c49a8846" />
    <UnitTestResult executionId="61ff8267-21e3-4b28-896d-546686fa9b87" testId="4d34e934-ed18-8d83-5b1e-b13a5e645671" testName="Skillaz.Tests.Candidate.Workflow.CandidateTagSwitchRulesTests.Check_not_use_auto_switch_if_candidate_not_contains_tag" computerName="DESKTOP-F6SKA47" duration="00:00:11.6827023" startTime="2021-12-16T16:22:53.0684105+03:00" endTime="2021-12-16T16:22:53.0684109+03:00" testType="13cdc9d9-ddb5-4fa4-a97d-d965ccfc6d4b" outcome="Passed" testListId="8c84fa94-04c1-424b-9868-57a2d4851a1d" relativeResultsDirectory="61ff8267-21e3-4b28-896d-546686fa9b87">
      <Output>
        <StdOut>SCENARIO: Check not use auto switch if candidate not contains tag&#xD;
  STEP 1/8: GIVEN a company...&#xD;
  STEP 1/8: GIVEN a company (Passed after 591ms)&#xD;
  STEP 2/8: AND the authenticated user...&#xD;
  STEP 2/8: AND the authenticated user (Passed after 682ms)&#xD;
  STEP 3/8: AND the vacancy in the company...&#xD;
  STEP 3/8: AND the vacancy in the company (Passed after 243ms)&#xD;
  STEP 4/8: AND the switch rules with tag "OtherCandidateTag"...&#xD;
  STEP 4/8: AND the switch rules with tag "OtherCandidateTag" (Passed after &lt;1ms)&#xD;
  STEP 5/8: AND a funnel...&#xD;
  STEP 5/8: AND a funnel (Passed after 161ms)&#xD;
  STEP 6/8: AND a candidate with tag "CandidateTag"...&#xD;
  STEP 6/8: AND a candidate with tag "CandidateTag" (Passed after 195ms)&#xD;
  STEP 7/8: WHEN switch candidate to switched status...&#xD;
  STEP 7/8: WHEN switch candidate to switched status (Passed after 7s 078ms)&#xD;
  STEP 8/8: THEN candidate in status "SwitchedStatus" [detail: "&lt;null&gt;"]...&#xD;
  STEP 8/8: THEN candidate in status "SwitchedStatus" [detail: "&lt;null&gt;"] (Passed after 267ms)&#xD;
  SCENARIO RESULT: Passed after 9s 261ms</StdOut>
      </Output>
    </UnitTestResult>
    <UnitTestResult executionId="aa1ab636-bfc3-4e62-9d44-a8d18fffc65d" testId="d3ed3812-13f3-bb89-ea15-993c14c803db" testName="Skillaz.Tests.Publication.VacancyPublicationRule_feature.Vacancy_publication_rule_works_with_date_rule" computerName="DESKTOP-F6SKA47" duration="00:00:10.8977035" startTime="2021-12-16T16:27:24.4867895+03:00" endTime="2021-12-16T16:27:24.4867915+03:00" testType="13cdc9d9-ddb5-4fa4-a97d-d965ccfc6d4b" outcome="Passed" testListId="8c84fa94-04c1-424b-9868-57a2d4851a1d" relativeResultsDirectory="aa1ab636-bfc3-4e62-9d44-a8d18fffc65d">
      <Output>
        <StdOut>SCENARIO: Vacancy publication rule works with date rule&#xD;
  STEP 1/13: GIVEN a company...&#xD;
  STEP 1/13: GIVEN a company (Passed after 255ms)&#xD;
  STEP 2/13: AND the authenticated user...&#xD;
  STEP 2/13: AND the authenticated user (Passed after 1s 766ms)&#xD;
  STEP 3/13: AND the vacancy in the company...&#xD;
  STEP 3/13: AND the vacancy in the company (Passed after 455ms)&#xD;
  STEP 4/13: AND request without hh publication...&#xD;
  STEP 4/13: AND request without hh publication (Passed after 433ms)&#xD;
  STEP 5/13: AND hh account...&#xD;
  STEP 5/13: AND hh account (Passed after 396ms)&#xD;
  STEP 6/13: AND hh publication template...&#xD;
  STEP 6/13: AND hh publication template (Passed after 338ms)&#xD;
  STEP 7/13: AND active hh publication rule with date rule...&#xD;
  STEP 7/13: AND active hh publication rule with date rule (Passed after 3s 066ms)&#xD;
  STEP 8/13: AND additional active manual hh rule...&#xD;
  STEP 8/13: AND additional active manual hh rule (Passed after 35ms)&#xD;
  STEP 9/13: WHEN rules processing is triggered...&#xD;
  STEP 9/13: WHEN rules processing is triggered (Passed after 2s 169ms)&#xD;
  STEP 10/13: THEN hh vacancy is linked to request...&#xD;
  STEP 10/13: THEN hh vacancy is linked to request (Passed after 5ms)&#xD;
  STEP 11/13: AND there is successful publication attempt in publish rule...&#xD;
  STEP 11/13: AND there is successful publication attempt in publish rule (Passed after 116ms)&#xD;
  STEP 12/13: AND rule is successfully finished...&#xD;
  STEP 12/13: AND rule is successfully finished (Passed after 109ms)&#xD;
  STEP 13/13: AND additional rule is not processed...&#xD;
  STEP 13/13: AND additional rule is not processed (Passed after 2ms)&#xD;
  SCENARIO RESULT: Passed after 9s 160ms</StdOut>
      </Output>
    </UnitTestResult>
    <UnitTestResult executionId="2eb4b71e-032b-4ed2-b56c-b08c9828e36a" testId="b6a9df80-7153-36f0-e97d-ca24090a5458" testName="Skillaz.Tests.Notifications.EmailAntispam_feature.Send_email_to_user_which_exceeds_day_limit_and_check_it_was_sent" computerName="DESKTOP-F6SKA47" duration="00:00:04.5552445" startTime="2021-12-16T16:21:38.0300806+03:00" endTime="2021-12-16T16:21:38.0300884+03:00" testType="13cdc9d9-ddb5-4fa4-a97d-d965ccfc6d4b" outcome="Passed" testListId="8c84fa94-04c1-424b-9868-57a2d4851a1d" relativeResultsDirectory="2eb4b71e-032b-4ed2-b56c-b08c9828e36a">
      <Output>
        <StdOut>SCENARIO: Send email to user which exceeds day limit and check it was sent&#xD;
  STEP 1/6: GIVEN a company [companyId: "61bb3d5d7f10d6937478c431"]...&#xD;
  STEP 1/6: GIVEN a company [companyId: "61bb3d5d7f10d6937478c431"] (Passed after 91ms)&#xD;
  STEP 2/6: AND the authenticated user...&#xD;
  STEP 2/6: AND the authenticated user (Passed after 301ms)&#xD;
  STEP 3/6: AND unique n "100" emails for recipient "test-email-user@yandex.ru"...&#xD;
  STEP 3/6: AND unique n "100" emails for recipient "test-email-user@yandex.ru" (Passed after 302ms)&#xD;
  STEP 4/6: AND email template [templateType: "test-msg-type"]...&#xD;
  STEP 4/6: AND email template [templateType: "test-msg-type"] (Passed after 194ms)&#xD;
  STEP 5/6: WHEN email is sent to user [processingRole: "user"]...&#xD;
  STEP 5/6: WHEN email is sent to user [processingRole: "user"] (Passed after 968ms)&#xD;
  STEP 6/6: Ensure email was sent...&#xD;
  STEP 6/6: Ensure email was sent (Passed after 815ms)&#xD;
  SCENARIO RESULT: Passed after 2s 802ms</StdOut>
      </Output>
    </UnitTestResult>
    <UnitTestResult executionId="49593ccb-013d-43d0-8e6a-58589f92f481" testId="019b787c-88b2-9680-3a7b-9251d2235f77" testName="Skillaz.Tests.CompanySpecific.X5.Naumen.NaumenSlaTests.Sla_calculates_correctly_for_next_day(candidateTimeZone: 8, sla: 02:00:00, startDate: 2019-12-31T19:00:00.0000000Z, truth: [NaumenTimeRange { From = &quot;2020-01-01 07:00:00&quot;, To = &quot;2020-01-01 09:00:00&quot; }])" computerName="DESKTOP-F6SKA47" duration="00:00:00.0000318" startTime="2021-12-16T16:16:29.2985665+03:00" endTime="2021-12-16T16:16:29.2985672+03:00" testType="13cdc9d9-ddb5-4fa4-a97d-d965ccfc6d4b" outcome="Passed" testListId="8c84fa94-04c1-424b-9868-57a2d4851a1d" relativeResultsDirectory="49593ccb-013d-43d0-8e6a-58589f92f481" />
    <UnitTestResult executionId="c23902f6-4b69-4cab-8ffa-71e1fe19d70b" testId="8e0524b9-2f57-3b55-3a04-05e2579ebd7c" testName="Skillaz.Tests.CompanySpecific.Mvideo.MvideoOpenApiBatchRequest_feature.Ничего_не_делает_с_пользователями_когда_приходит_запрос_от_сап_в_котором_они_отсутствуют" computerName="DESKTOP-F6SKA47" duration="00:00:39.4123280" startTime="2021-12-16T16:20:52.0103546+03:00" endTime="2021-12-16T16:20:52.0103564+03:00" testType="13cdc9d9-ddb5-4fa4-a97d-d965ccfc6d4b" outcome="Passed" testListId="8c84fa94-04c1-424b-9868-57a2d4851a1d" relativeResultsDirectory="c23902f6-4b69-4cab-8ffa-71e1fe19d70b">
      <Output>
        <StdOut>SCENARIO: Ничего не делает с пользователями когда приходит запрос от сап в котором они отсутствуют&#xD;
  STEP 1/8: GIVEN a company...&#xD;
  STEP 1/8: GIVEN a company (Passed after 708ms)&#xD;
  STEP 2/8: AND the authenticated api user...&#xD;
  STEP 2/8: AND the authenticated api user (Passed after 2s 124ms)&#xD;
  STEP 3/8: AND Дана клиентская конфигурация мвидео...&#xD;
  STEP 3/8: AND Дана клиентская конфигурация мвидео (Passed after &lt;1ms)&#xD;
  STEP 4/8: AND Даны роли...&#xD;
  STEP 4/8: AND Даны роли (Passed after 124ms)&#xD;
  STEP 5/8: AND Даны пользователи без прав...&#xD;
  STEP 5/8: AND Даны пользователи без прав (Passed after 20ms)&#xD;
  STEP 6/8: AND Даны орг единицы...&#xD;
  STEP 6/8: AND Даны орг единицы (Passed after 474ms)&#xD;
  STEP 7/8: WHEN Когда приходит запрос от сап только с орг единицами...&#xD;
  STEP 7/8: WHEN Когда приходит запрос от сап только с орг единицами (Passed after 34s 243ms)&#xD;
  STEP 8/8: THEN Проверить что пользователь с ролью Директор магазина не изменился...&#xD;
  STEP 8/8: THEN Проверить что пользователь с ролью Директор магазина не изменился (Passed after 680ms)&#xD;
  SCENARIO RESULT: Passed after 38s 507ms</StdOut>
      </Output>
    </UnitTestResult>
    <UnitTestResult executionId="b2bef81b-9610-4701-b290-c805f3087c70" testId="695a69c9-264c-d1c5-2032-535ef4bf39f9" testName="Skillaz.Tests.CompanySpecific.X5.Naumen.NaumenSlaTests.Sla_calculates_correctly_for_split_days(candidateTimeZone: 9, sla: 06:00:00, startDate: 2019-12-31T08:00:00.0000000Z, truth: [NaumenTimeRange { From = &quot;2019-12-31 11:00:00&quot;, To = &quot;2019-12-31 14:00:00&quot; }, NaumenTimeRange { From = &quot;2020-01-01 07:00:00&quot;, To = &quot;2020-01-01 10:00:00&quot; }])" computerName="DESKTOP-F6SKA47" duration="00:00:00.0000857" startTime="2021-12-16T16:16:29.0175579+03:00" endTime="2021-12-16T16:16:29.0175581+03:00" testType="13cdc9d9-ddb5-4fa4-a97d-d965ccfc6d4b" outcome="Passed" testListId="8c84fa94-04c1-424b-9868-57a2d4851a1d" relativeResultsDirectory="b2bef81b-9610-4701-b290-c805f3087c70" />
    <UnitTestResult executionId="654e9809-06be-4996-bcd1-1ca0f677c40e" testId="ba62c21e-c11e-d2a3-6b7d-e6f22a397943" testName="Skillaz.Tests.CompanySpecific.Perekrestok.PerekrestokBlockUnblockCandidates_feature.Last_check_refused_and_more_than_7_days_in_not_passed_state" computerName="DESKTOP-F6SKA47" duration="00:00:07.3073250" startTime="2021-12-16T16:24:54.4335143+03:00" endTime="2021-12-16T16:24:54.4335158+03:00" testType="13cdc9d9-ddb5-4fa4-a97d-d965ccfc6d4b" outcome="Passed" testListId="8c84fa94-04c1-424b-9868-57a2d4851a1d" relativeResultsDirectory="654e9809-06be-4996-bcd1-1ca0f677c40e">
      <Output>
        <StdOut>SCENARIO: Last check refused and more than 7 days in not passed state&#xD;
  STEP 1/9: GIVEN a company [companyId: "PerekrestokCompany"]...&#xD;
  STEP 1/9: GIVEN a company [companyId: "PerekrestokCompany"] (Passed after 49ms)&#xD;
  STEP 2/9: AND the authenticated admin user...&#xD;
  STEP 2/9: AND the authenticated admin user (Passed after 113ms)&#xD;
  STEP 3/9: AND the funnel...&#xD;
  STEP 3/9: AND the funnel (Passed after 75ms)&#xD;
  STEP 4/9: AND the vacancy in the company [funnelId: "mass"]...&#xD;
  STEP 4/9: AND the vacancy in the company [funnelId: "mass"] (Passed after 74ms)&#xD;
  STEP 5/9: AND a candidate [blockingDate: "&lt;null&gt;"] [statusType: "InProgress"]...&#xD;
  STEP 5/9: AND a candidate [blockingDate: "&lt;null&gt;"] [statusType: "InProgress"] (Passed after 138ms)&#xD;
  STEP 6/9: AND the check [time: "12/09/2021 13:24:47"] [state: "NotPassed"]...&#xD;
  STEP 6/9: AND the check [time: "12/09/2021 13:24:47"] [state: "NotPassed"] (Passed after 108ms)&#xD;
  STEP 7/9: WHEN blocking procedure occurs...&#xD;
  STEP 7/9: WHEN blocking procedure occurs (Passed after 4s 588ms)&#xD;
  STEP 8/9: THEN candidate is blocked...&#xD;
  STEP 8/9: THEN candidate is blocked (Passed after 126ms)&#xD;
  STEP 9/9: AND candidate is in refused status...&#xD;
  STEP 9/9: AND candidate is in refused status (Passed after 191ms)&#xD;
  SCENARIO RESULT: Passed after 5s 478ms</StdOut>
      </Output>
    </UnitTestResult>
    <UnitTestResult executionId="010e68d8-060d-44aa-bab9-2a86cb375627" testId="b9925365-fdfc-adc9-465f-0092bda28ea8" testName="Skillaz.Tests.Assessment.Interviews.InterviewStepSwitcherFeature.Create_new_scenario_with_check_type_not_in_funnel_returns_bad_request" computerName="DESKTOP-F6SKA47" duration="00:00:00.4828324" startTime="2021-12-16T16:24:46.6503815+03:00" endTime="2021-12-16T16:24:46.6503833+03:00" testType="13cdc9d9-ddb5-4fa4-a97d-d965ccfc6d4b" outcome="Passed" testListId="8c84fa94-04c1-424b-9868-57a2d4851a1d" relativeResultsDirectory="010e68d8-060d-44aa-bab9-2a86cb375627">
      <Output>
        <StdOut>SCENARIO: Create new scenario with check type not in funnel returns bad request&#xD;
  STEP 1/7: GIVEN a company...&#xD;
  STEP 1/7: GIVEN a company (Passed after 174ms)&#xD;
  STEP 2/7: AND the funnel...&#xD;
  STEP 2/7: AND the funnel (Passed after &lt;1ms)&#xD;
  STEP 3/7: AND the candidate checks [CanStartFromAnyStatus: "True"]...&#xD;
  STEP 3/7: AND the candidate checks [CanStartFromAnyStatus: "True"] (Passed after &lt;1ms)&#xD;
  STEP 4/7: AND the check type [CanStartFromAnyStatus: "True"] [addInFunnel: "False"]...&#xD;
  STEP 4/7: AND the check type [CanStartFromAnyStatus: "True"] [addInFunnel: "False"] (Passed after 95ms)&#xD;
  STEP 5/7: AND the scenario [candidateCheckTypeToStart: "61bb3e1e7f10d6937478df7c"]...&#xD;
  STEP 5/7: AND the scenario [candidateCheckTypeToStart: "61bb3e1e7f10d6937478df7c"] (Passed after &lt;1ms)&#xD;
  STEP 6/7: WHEN scenario created...&#xD;
  STEP 6/7: WHEN scenario created (Passed after 75ms)&#xD;
  STEP 7/7: THEN exception...&#xD;
  STEP 7/7: THEN exception (Passed after &lt;1ms)&#xD;
  SCENARIO RESULT: Passed after 356ms</StdOut>
      </Output>
    </UnitTestResult>
    <UnitTestResult executionId="1cc2183c-86ab-4852-9bcd-3f102c85b7b8" testId="a433a805-618c-605a-3acd-b65f1dcd84e9" testName="Skillaz.Tests.BJ.BJReactions_feature.No_negotiations_are_loaded_when_vacancy_has_no_negotiations" computerName="DESKTOP-F6SKA47" duration="00:00:12.7594328" startTime="2021-12-16T16:22:47.8091113+03:00" endTime="2021-12-16T16:22:47.8091130+03:00" testType="13cdc9d9-ddb5-4fa4-a97d-d965ccfc6d4b" outcome="Passed" testListId="8c84fa94-04c1-424b-9868-57a2d4851a1d" relativeResultsDirectory="1cc2183c-86ab-4852-9bcd-3f102c85b7b8">
      <Output>
        <StdOut>SCENARIO: No negotiations are loaded when vacancy has no negotiations&#xD;
  STEP 1/5: GIVEN a company...&#xD;
  STEP 1/5: GIVEN a company (Passed after 498ms)&#xD;
  STEP 2/5: AND the vacancy in the company...&#xD;
  STEP 2/5: AND the vacancy in the company (Passed after 445ms)&#xD;
  STEP 3/5: AND bj vacancy linked to the skillaz vacancy without new negotiations...&#xD;
  STEP 3/5: AND bj vacancy linked to the skillaz vacancy without new negotiations (Passed after 4s 147ms)&#xD;
  STEP 4/5: WHEN negotiations are loaded...&#xD;
  STEP 4/5: WHEN negotiations are loaded (Passed after 7s 408ms)&#xD;
  STEP 5/5: THEN no negotiations are published to queue...&#xD;
  STEP 5/5: THEN no negotiations are published to queue (Passed after 35ms)&#xD;
  SCENARIO RESULT: Passed after 12s 571ms</StdOut>
      </Output>
    </UnitTestResult>
    <UnitTestResult executionId="32eace0d-8fca-47b9-81f3-9cd4758051cf" testId="39bbe88c-a5a1-69b6-0e18-a75bb02edd6c" testName="Skillaz.Tests.CompanySpecific.X5.Naumen.NaumenSlaTests.Sla_calculates_correctly_within_one_day(candidateTimeZone: 10, sla: 02:00:00, startDate: 2019-12-31T08:00:00.0000000Z, truth: [NaumenTimeRange { From = &quot;2019-12-31 11:00:00&quot;, To = &quot;2019-12-31 13:00:00&quot; }])" computerName="DESKTOP-F6SKA47" duration="00:00:00.0000272" startTime="2021-12-16T16:16:29.0365895+03:00" endTime="2021-12-16T16:16:29.0365903+03:00" testType="13cdc9d9-ddb5-4fa4-a97d-d965ccfc6d4b" outcome="Passed" testListId="8c84fa94-04c1-424b-9868-57a2d4851a1d" relativeResultsDirectory="32eace0d-8fca-47b9-81f3-9cd4758051cf" />
    <UnitTestResult executionId="ddd05ac3-288e-467a-8290-c1385f9eaa33" testId="774ab26a-75ab-adc3-c516-dfcf980c74bf" testName="Skillaz.Tests.CompanySpecific.Mvideo.MvideoWithoutProfile_feature.Do_create_vacancy_with_open_vacancy" computerName="DESKTOP-F6SKA47" duration="00:00:13.3462431" startTime="2021-12-16T16:27:00.9968109+03:00" endTime="2021-12-16T16:27:00.9968138+03:00" testType="13cdc9d9-ddb5-4fa4-a97d-d965ccfc6d4b" outcome="Passed" testListId="8c84fa94-04c1-424b-9868-57a2d4851a1d" relativeResultsDirectory="ddd05ac3-288e-467a-8290-c1385f9eaa33">
      <Output>
        <StdOut>SCENARIO: Do create vacancy with open vacancy&#xD;
  STEP 1/7: GIVEN a company [companyId: "mvideo"]...&#xD;
  STEP 1/7: GIVEN a company [companyId: "mvideo"] (Passed after 115ms)&#xD;
  STEP 2/7: AND the authenticated user...&#xD;
  STEP 2/7: AND the authenticated user (Passed after 484ms)&#xD;
  STEP 3/7: AND the org unit and references...&#xD;
  STEP 3/7: AND the org unit and references (Passed after 2s 176ms)&#xD;
  STEP 4/7: AND the profile and vacancies [countCreatedVacancies: "3"] [isArchiveVacancy: "False"]...&#xD;
  STEP 4/7: AND the profile and vacancies [countCreatedVacancies: "3"] [isArchiveVacancy: "False"] (Passed after 545ms)&#xD;
  STEP 5/7: WHEN create vacancy [profileId: "61bb3e9a7f10d6937478f0ee"]...&#xD;
  STEP 5/7: WHEN create vacancy [profileId: "61bb3e9a7f10d6937478f0ee"] (Passed after 2s 298ms)&#xD;
  STEP 6/7: THEN ensure create publication by profile [profileId: "61bb3e9a7f10d6937478f0ee"]...&#xD;
  STEP 6/7: THEN ensure create publication by profile [profileId: "61bb3e9a7f10d6937478f0ee"] (Passed after 77ms)&#xD;
  STEP 7/7: AND ensure not remove publication by profile [profileId: "5f05b4c639e7715029e2c705"]...&#xD;
  STEP 7/7: AND ensure not remove publication by profile [profileId: "5f05b4c639e7715029e2c705"] (Passed after 33ms)&#xD;
  SCENARIO RESULT: Passed after 5s 837ms</StdOut>
      </Output>
    </UnitTestResult>
    <UnitTestResult executionId="d443a0a2-1986-4708-b9b7-4a779a07887b" testId="9286ff3c-773c-6fe8-e339-957782395f04" testName="Генерация ссылки для витрины с фильтрами(key: &quot;/showcase?Sources[]=Avito&amp;Sources[]=Chatbot&quot;)" computerName="DESKTOP-F6SKA47" duration="00:00:00.0023577" startTime="2021-12-16T16:29:36.3173625+03:00" endTime="2021-12-16T16:29:36.3173630+03:00" testType="13cdc9d9-ddb5-4fa4-a97d-d965ccfc6d4b" outcome="Passed" testListId="8c84fa94-04c1-424b-9868-57a2d4851a1d" relativeResultsDirectory="d443a0a2-1986-4708-b9b7-4a779a07887b" />
    <UnitTestResult executionId="06a15b20-dc49-4c21-ac69-5d95428da51b" testId="d45b7a7e-ffae-e79d-af27-9d16eb000f9d" testName="Skillaz.Tests.Assessment.InterviewCreation_feature.Create_an_interview_with_request_security_questionnaire_attribute" computerName="DESKTOP-F6SKA47" duration="00:00:32.7299718" startTime="2021-12-16T16:24:37.6596815+03:00" endTime="2021-12-16T16:24:37.6596840+03:00" testType="13cdc9d9-ddb5-4fa4-a97d-d965ccfc6d4b" outcome="Passed" testListId="8c84fa94-04c1-424b-9868-57a2d4851a1d" relativeResultsDirectory="06a15b20-dc49-4c21-ac69-5d95428da51b">
      <Output>
        <StdOut>SCENARIO: Create an interview with request security questionnaire attribute&#xD;
  STEP 1/5: GIVEN a candidate in a vacancy in a company...&#xD;
  STEP 1/5: GIVEN a candidate in a vacancy in a company (Passed after 732ms)&#xD;
  STEP 2/5: AND the authenticated user...&#xD;
  STEP 2/5: AND the authenticated user (Passed after 464ms)&#xD;
  STEP 3/5: AND the scenario with security questionnaire...&#xD;
  STEP 3/5: AND the scenario with security questionnaire (Passed after 7s 112ms)&#xD;
  STEP 4/5: WHEN interview is created for status distance testing...&#xD;
  STEP 4/5: WHEN interview is created for status distance testing (Passed after 19s 314ms)&#xD;
  STEP 5/5: It should be saved to the database with security questionnaire attribute...&#xD;
  STEP 5/5: It should be saved to the database with security questionnaire attribute (Passed after 229ms)&#xD;
  SCENARIO RESULT: Passed after 27s 857ms</StdOut>
      </Output>
    </UnitTestResult>
    <UnitTestResult executionId="25741645-aecb-4ccc-ba19-f970fec16580" testId="0e49fa36-c03d-50e5-e2ce-bbf4328aa895" testName="Skillaz.Tests.DocumentModels.FieldValueComparerTests.IntegerComparison(firstValue: 0, secondValue: 102, result: False)" computerName="DESKTOP-F6SKA47" duration="00:00:00.0000166" startTime="2021-12-16T16:16:31.0568065+03:00" endTime="2021-12-16T16:16:31.0568070+03:00" testType="13cdc9d9-ddb5-4fa4-a97d-d965ccfc6d4b" outcome="Passed" testListId="8c84fa94-04c1-424b-9868-57a2d4851a1d" relativeResultsDirectory="25741645-aecb-4ccc-ba19-f970fec16580" />
    <UnitTestResult executionId="b9861527-b144-402c-8f8d-0acd8f89ca8a" testId="68577bf1-7ef3-cfbe-b7ae-12a85be2c14e" testName="Skillaz.Tests.Configurator.Deduplication.SendNotificationByRuleTest.Correctly_send_notification_for_deduplication_by_exist_candidate" computerName="DESKTOP-F6SKA47" duration="00:00:05.8898605" startTime="2021-12-16T16:20:33.2747993+03:00" endTime="2021-12-16T16:20:33.2748037+03:00" testType="13cdc9d9-ddb5-4fa4-a97d-d965ccfc6d4b" outcome="Passed" testListId="8c84fa94-04c1-424b-9868-57a2d4851a1d" relativeResultsDirectory="b9861527-b144-402c-8f8d-0acd8f89ca8a">
      <Output>
        <StdOut>SCENARIO: Correctly send notification for deduplication by exist candidate&#xD;
  STEP 1/9: GIVEN a company...&#xD;
  STEP 1/9: GIVEN a company (Passed after 181ms)&#xD;
  STEP 2/9: AND funnel...&#xD;
  STEP 2/9: AND funnel (Passed after 165ms)&#xD;
  STEP 3/9: AND the vacancy in the company...&#xD;
  STEP 3/9: AND the vacancy in the company (Passed after 162ms)&#xD;
  STEP 4/9: AND a existing candidate...&#xD;
  STEP 4/9: AND a existing candidate (Passed after 243ms)&#xD;
  STEP 5/9: AND a new candidate...&#xD;
  STEP 5/9: AND a new candidate (Passed after 1ms)&#xD;
  STEP 6/9: AND deduplication rules by recipient type [recipientType: "ExistCandidate"]...&#xD;
  STEP 6/9: AND deduplication rules by recipient type [recipientType: "ExistCandidate"] (Passed after &lt;1ms)&#xD;
  STEP 7/9: AND update candidate strategy...&#xD;
  STEP 7/9: AND update candidate strategy (Passed after 380ms)&#xD;
  STEP 8/9: WHEN update candidate by strategy...&#xD;
  STEP 8/9: WHEN update candidate by strategy (Passed after 3s 658ms)&#xD;
  STEP 9/9: Ensure notification manager service receive candidateId "61bb3d1c7f10d6937478b301" in context...&#xD;
  STEP 9/9: Ensure notification manager service receive candidateId "61bb3d1c7f10d6937478b301" in context (Passed after 302ms)&#xD;
  SCENARIO RESULT: Passed after 5s 143ms</StdOut>
      </Output>
    </UnitTestResult>
    <UnitTestResult executionId="83c77f98-7de9-40ea-8a12-20ccbef4884c" testId="019b787c-88b2-9680-3a7b-9251d2235f77" testName="Skillaz.Tests.CompanySpecific.X5.Naumen.NaumenSlaTests.Sla_calculates_correctly_for_next_day(candidateTimeZone: 9, sla: 02:00:00, startDate: 2019-12-31T13:30:00.0000000Z, truth: [NaumenTimeRange { From = &quot;2020-01-01 07:00:00&quot;, To = &quot;2020-01-01 09:00:00&quot; }])" computerName="DESKTOP-F6SKA47" duration="00:00:00.0000302" startTime="2021-12-16T16:16:29.3153569+03:00" endTime="2021-12-16T16:16:29.3153603+03:00" testType="13cdc9d9-ddb5-4fa4-a97d-d965ccfc6d4b" outcome="Passed" testListId="8c84fa94-04c1-424b-9868-57a2d4851a1d" relativeResultsDirectory="83c77f98-7de9-40ea-8a12-20ccbef4884c" />
    <UnitTestResult executionId="7418d790-6c48-4ee7-8104-406dcb7d5752" testId="019b787c-88b2-9680-3a7b-9251d2235f77" testName="Skillaz.Tests.CompanySpecific.X5.Naumen.NaumenSlaTests.Sla_calculates_correctly_for_next_day(candidateTimeZone: 10, sla: 02:00:00, startDate: 2019-12-31T14:30:00.0000000Z, truth: [NaumenTimeRange { From = &quot;2020-01-01 07:00:00&quot;, To = &quot;2020-01-01 09:00:00&quot; }])" computerName="DESKTOP-F6SKA47" duration="00:00:00.0000597" startTime="2021-12-16T16:16:29.3284927+03:00" endTime="2021-12-16T16:16:29.3284930+03:00" testType="13cdc9d9-ddb5-4fa4-a97d-d965ccfc6d4b" outcome="Passed" testListId="8c84fa94-04c1-424b-9868-57a2d4851a1d" relativeResultsDirectory="7418d790-6c48-4ee7-8104-406dcb7d5752" />
    <UnitTestResult executionId="1a8da263-e17f-4186-82d6-44c62a1d3f37" testId="e63757c9-ed8c-76a8-aa0d-1329697e8bd1" testName="Skillaz.Tests.Validators.ListSizeFieldValidator_feature.Should_show_overriden_list_empty_error_message_when_validate" computerName="DESKTOP-F6SKA47" duration="00:00:00.0577151" startTime="2021-12-16T16:28:34.4236051+03:00" endTime="2021-12-16T16:28:34.4236074+03:00" testType="13cdc9d9-ddb5-4fa4-a97d-d965ccfc6d4b" outcome="Passed" testListId="8c84fa94-04c1-424b-9868-57a2d4851a1d" relativeResultsDirectory="1a8da263-e17f-4186-82d6-44c62a1d3f37">
      <Output>
        <StdOut>SCENARIO: Should show overriden list empty error message when validate&#xD;
  STEP 1/6: GIVEN max size equals zero...&#xD;
  STEP 1/6: GIVEN max size equals zero (Passed after &lt;1ms)&#xD;
  STEP 2/6: AND ListSizeFieldValidator with overriden error messages...&#xD;
  STEP 2/6: AND ListSizeFieldValidator with overriden error messages (Passed after &lt;1ms)&#xD;
  STEP 3/6: AND document with null string list field...&#xD;
  STEP 3/6: AND document with null string list field (Passed after &lt;1ms)&#xD;
  STEP 4/6: Run validator...&#xD;
  STEP 4/6: Run validator (Passed after &lt;1ms)&#xD;
  STEP 5/6: Assert result is not valid...&#xD;
  STEP 5/6: Assert result is not valid (Passed after &lt;1ms)&#xD;
  STEP 6/6: Assert overriden list empty error message in validation result...&#xD;
  STEP 6/6: Assert overriden list empty error message in validation result (Passed after &lt;1ms)&#xD;
  SCENARIO RESULT: Passed after 2ms</StdOut>
      </Output>
    </UnitTestResult>
    <UnitTestResult executionId="44abc2f5-0aac-4207-829f-ee259b9971cf" testId="27c99711-665b-abab-7f21-20d7c08ae72d" testName="Skillaz.Tests.Configurator.DocumentModel.DocumentModelFieldBinderTest.DocumentModelBinderParseTest(expression: &quot;ExtraData.Text&quot;, expectedType: typeof(Skillaz.Framework.DocumentModel.Binders.DocumentModelFieldBsonDocumentFieldValueBinder&lt;Skillaz.Tests.Configurator.DocumentModel.DocumentModelTestDocument&gt;))" computerName="DESKTOP-F6SKA47" duration="00:00:00.0116819" startTime="2021-12-16T16:16:31.1054400+03:00" endTime="2021-12-16T16:16:31.1054493+03:00" testType="13cdc9d9-ddb5-4fa4-a97d-d965ccfc6d4b" outcome="Passed" testListId="8c84fa94-04c1-424b-9868-57a2d4851a1d" relativeResultsDirectory="44abc2f5-0aac-4207-829f-ee259b9971cf" />
    <UnitTestResult executionId="e9636c16-461a-43f1-8dc0-73664d45c457" testId="019b787c-88b2-9680-3a7b-9251d2235f77" testName="Skillaz.Tests.CompanySpecific.X5.Naumen.NaumenSlaTests.Sla_calculates_correctly_for_next_day(candidateTimeZone: 9, sla: 02:00:00, startDate: 2020-01-01T04:00:00.0000000Z, truth: [NaumenTimeRange { From = &quot;2020-01-01 07:00:00&quot;, To = &quot;2020-01-01 09:00:00&quot; }])" computerName="DESKTOP-F6SKA47" duration="00:00:00.0000492" startTime="2021-12-16T16:16:29.3233304+03:00" endTime="2021-12-16T16:16:29.3233308+03:00" testType="13cdc9d9-ddb5-4fa4-a97d-d965ccfc6d4b" outcome="Passed" testListId="8c84fa94-04c1-424b-9868-57a2d4851a1d" relativeResultsDirectory="e9636c16-461a-43f1-8dc0-73664d45c457" />
    <UnitTestResult executionId="f791650b-5796-46c4-9c44-33f33c018784" testId="e8b02cac-2bf7-d63d-031b-c367723c8128" testName="Skillaz.Tests.Candidate.Elastic.CandidateElasticFiltration_feature.Retrieving_a_candidate_that_is_created_after_specific_date" computerName="DESKTOP-F6SKA47" duration="00:00:00.0010000" startTime="2021-12-16T16:24:39.9884912+03:00" endTime="2021-12-16T16:24:39.9884934+03:00" testType="13cdc9d9-ddb5-4fa4-a97d-d965ccfc6d4b" outcome="NotExecuted" testListId="8c84fa94-04c1-424b-9868-57a2d4851a1d" relativeResultsDirectory="f791650b-5796-46c4-9c44-33f33c018784">
      <Output>
        <StdOut>You need Elasticsearch 7.5 local instance on 9200 port</StdOut>
      </Output>
    </UnitTestResult>
    <UnitTestResult executionId="e22e7043-3a15-4e6a-8e04-ac8a222c3f70" testId="f727b248-9add-f920-b0ce-770364245e70" testName="Skillaz.Tests.Candidate.Elastic.CandidateElasticMultiselectFiltration_feature.MultiLineFilterCheck(filter: (Skillaz.Candidate.Contract.CandidateSearchFilter, Skillaz.Candidate.Contract.CandidateSearchFilterCommon), result: (0, SearchSettingsType.All, phrases: KGTU вуз технолог))" computerName="DESKTOP-F6SKA47" duration="00:00:00.0010000" startTime="2021-12-16T16:26:50.1908191+03:00" endTime="2021-12-16T16:26:50.1908214+03:00" testType="13cdc9d9-ddb5-4fa4-a97d-d965ccfc6d4b" outcome="NotExecuted" testListId="8c84fa94-04c1-424b-9868-57a2d4851a1d" relativeResultsDirectory="e22e7043-3a15-4e6a-8e04-ac8a222c3f70">
      <Output>
        <StdOut>You need Elasticsearch 7.5 local instance on 9200 port</StdOut>
      </Output>
    </UnitTestResult>
    <UnitTestResult executionId="453e6fbe-4c18-4ae7-bd6e-0218a5941189" testId="019b787c-88b2-9680-3a7b-9251d2235f77" testName="Skillaz.Tests.CompanySpecific.X5.Naumen.NaumenSlaTests.Sla_calculates_correctly_for_next_day(candidateTimeZone: 3, sla: 02:00:00, startDate: 2019-12-31T23:00:00.0000000Z, truth: [NaumenTimeRange { From = &quot;2020-01-01 09:00:00&quot;, To = &quot;2020-01-01 11:00:00&quot; }])" computerName="DESKTOP-F6SKA47" duration="00:00:00.0000698" startTime="2021-12-16T16:16:29.0771521+03:00" endTime="2021-12-16T16:16:29.0771530+03:00" testType="13cdc9d9-ddb5-4fa4-a97d-d965ccfc6d4b" outcome="Passed" testListId="8c84fa94-04c1-424b-9868-57a2d4851a1d" relativeResultsDirectory="453e6fbe-4c18-4ae7-bd6e-0218a5941189" />
    <UnitTestResult executionId="b01c1cea-61d4-4e15-9372-6da2a694ee1f" testId="06a8b1fb-294d-c64c-daef-79e9cdc4ee13" testName="Skillaz.Tests.Cron.CronScheduleTests.Interval_job_schedule_works" computerName="DESKTOP-F6SKA47" duration="00:00:00.0097380" startTime="2021-12-16T16:16:29.6511905+03:00" endTime="2021-12-16T16:16:29.6511960+03:00" testType="13cdc9d9-ddb5-4fa4-a97d-d965ccfc6d4b" outcome="Passed" testListId="8c84fa94-04c1-424b-9868-57a2d4851a1d" relativeResultsDirectory="b01c1cea-61d4-4e15-9372-6da2a694ee1f" />
    <UnitTestResult executionId="e1a9de3d-0fd3-46a7-a532-ab3bd57dd765" testId="f470de8f-93fc-6e29-2f28-ac382b3a29f6" testName="Skillaz.Tests.Configurator.WorkflowEngine.ConfiguratorWorkflowNotifications_reature.ConfiguratorWorkflow_Check_that_notification_exists_in_workflow" computerName="DESKTOP-F6SKA47" duration="00:00:06.4967064" startTime="2021-12-16T16:21:57.8682018+03:00" endTime="2021-12-16T16:21:57.8682081+03:00" testType="13cdc9d9-ddb5-4fa4-a97d-d965ccfc6d4b" outcome="Passed" testListId="8c84fa94-04c1-424b-9868-57a2d4851a1d" relativeResultsDirectory="e1a9de3d-0fd3-46a7-a532-ab3bd57dd765">
      <Output>
        <StdOut>SCENARIO: ConfiguratorWorkflow Check that notification exists in workflow&#xD;
  STEP 1/4: GIVEN Given a candidate in a vacancy in a company [makeCompany: "System.Func`1[Skillaz.Candidate.Contract.LegacyCompany.LegacyCompanyDocument]"]...&#xD;
  STEP 1/4: GIVEN Given a candidate in a vacancy in a company [makeCompany: "System.Func`1[Skillaz.Candidate.Contract.LegacyCompany.LegacyCompanyDocument]"] (Passed after 3s 215ms)&#xD;
  STEP 2/4: AND Given the authenticated user...&#xD;
  STEP 2/4: AND Given the authenticated user (Passed after 1s 341ms)&#xD;
  STEP 3/4: AND GivenRequestModel with workflow...&#xD;
  STEP 3/4: AND GivenRequestModel with workflow (Passed after 545ms)&#xD;
  STEP 4/4: THEN Then ensure that notification exist in state...&#xD;
  STEP 4/4: THEN Then ensure that notification exist in state (Passed after 335ms)&#xD;
  SCENARIO RESULT: Passed after 5s 464ms</StdOut>
      </Output>
    </UnitTestResult>
    <UnitTestResult executionId="21c90ad0-eea0-4148-bf55-f562736c927a" testId="83fb1161-91c3-8e53-ef7a-d71a1e83a4d8" testName="Skillaz.Tests.OpenApi.CheckApi.GetCheck_feature.Check_candidate_created_get_by_id" computerName="DESKTOP-F6SKA47" duration="00:00:08.5027884" startTime="2021-12-16T16:23:54.0167387+03:00" endTime="2021-12-16T16:23:54.0167418+03:00" testType="13cdc9d9-ddb5-4fa4-a97d-d965ccfc6d4b" outcome="Passed" testListId="8c84fa94-04c1-424b-9868-57a2d4851a1d" relativeResultsDirectory="21c90ad0-eea0-4148-bf55-f562736c927a">
      <Output>
        <StdOut>SCENARIO: Check candidate created get by id&#xD;
  STEP 1/9: GIVEN a company...&#xD;
  STEP 1/9: GIVEN a company (Passed after 308ms)&#xD;
  STEP 2/9: AND the authenticated user...&#xD;
  STEP 2/9: AND the authenticated user (Passed after 760ms)&#xD;
  STEP 3/9: AND the vacancy in the company...&#xD;
  STEP 3/9: AND the vacancy in the company (Passed after 612ms)&#xD;
  STEP 4/9: AND client configuration with check workflow and model...&#xD;
  STEP 4/9: AND client configuration with check workflow and model (Passed after 2s 774ms)&#xD;
  STEP 5/9: AND a candidate...&#xD;
  STEP 5/9: AND a candidate (Passed after 445ms)&#xD;
  STEP 6/9: AND a check...&#xD;
  STEP 6/9: AND a check (Passed after 106ms)&#xD;
  STEP 7/9: AND funnel with check configuration...&#xD;
  STEP 7/9: AND funnel with check configuration (Passed after 164ms)&#xD;
  STEP 8/9: WHEN check get...&#xD;
  STEP 8/9: WHEN check get (Passed after 1s 911ms)&#xD;
  STEP 9/9: THEN check correct...&#xD;
  STEP 9/9: THEN check correct (Passed after 304ms)&#xD;
  SCENARIO RESULT: Passed after 7s 421ms</StdOut>
      </Output>
    </UnitTestResult>
    <UnitTestResult executionId="9783f1ec-f1a7-4b61-ad18-aa857112a075" testId="81202116-9937-f546-c269-3760bd40490d" testName="Skillaz.Tests.Configurator.SecurityProfile.ConfiguratorSecurityProfileRequest_feature.Request_is_available_to_user_by_confidential_multiple_rules" computerName="DESKTOP-F6SKA47" duration="00:00:23.1046798" startTime="2021-12-16T16:21:20.9449267+03:00" endTime="2021-12-16T16:21:20.9449316+03:00" testType="13cdc9d9-ddb5-4fa4-a97d-d965ccfc6d4b" outcome="Passed" testListId="8c84fa94-04c1-424b-9868-57a2d4851a1d" relativeResultsDirectory="9783f1ec-f1a7-4b61-ad18-aa857112a075">
      <Output>
        <StdOut>SCENARIO: Request is available to user by confidential multiple rules&#xD;
  STEP 1/7: GIVEN a company...&#xD;
  STEP 1/7: GIVEN a company (Passed after 206ms)&#xD;
  STEP 2/7: AND the user with security profile [securityProfile: "SecurityProfile"]...&#xD;
  STEP 2/7: AND the user with security profile [securityProfile: "SecurityProfile"] (Passed after 634ms)&#xD;
  STEP 3/7: AND the security profile config two rules...&#xD;
  STEP 3/7: AND the security profile config two rules (Passed after 1s 621ms)&#xD;
  STEP 4/7: AND the hire request config [hireRequestType: "HireRequest.HireRequest"]...&#xD;
  STEP 4/7: AND the hire request config [hireRequestType: "HireRequest.HireRequest"] (Passed after 2s 458ms)&#xD;
  STEP 5/7: AND the hire requests for two rules...&#xD;
  STEP 5/7: AND the hire requests for two rules (Passed after 434ms)&#xD;
  STEP 6/7: WHEN filter hire requests...&#xD;
  STEP 6/7: WHEN filter hire requests (Passed after 15s 269ms)&#xD;
  STEP 7/7: THEN request visibility check...&#xD;
  STEP 7/7: THEN request visibility check (Passed after 225ms)&#xD;
  SCENARIO RESULT: Passed after 21s 038ms</StdOut>
      </Output>
    </UnitTestResult>
    <UnitTestResult executionId="ce6b85f2-ec6a-4b37-b85b-d65b8082c742" testId="019b787c-88b2-9680-3a7b-9251d2235f77" testName="Skillaz.Tests.CompanySpecific.X5.Naumen.NaumenSlaTests.Sla_calculates_correctly_for_next_day(candidateTimeZone: 10, sla: 02:00:00, startDate: 2020-01-01T02:30:00.0000000Z, truth: [NaumenTimeRange { From = &quot;2020-01-01 07:00:00&quot;, To = &quot;2020-01-01 09:00:00&quot; }])" computerName="DESKTOP-F6SKA47" duration="00:00:00.0000329" startTime="2021-12-16T16:16:29.3393348+03:00" endTime="2021-12-16T16:16:29.3393353+03:00" testType="13cdc9d9-ddb5-4fa4-a97d-d965ccfc6d4b" outcome="Passed" testListId="8c84fa94-04c1-424b-9868-57a2d4851a1d" relativeResultsDirectory="ce6b85f2-ec6a-4b37-b85b-d65b8082c742" />
    <UnitTestResult executionId="28c9deaf-0f9a-4f42-a971-ef5ae816b66a" testId="c40f62b1-400d-c6a2-05e8-6340210cbacf" testName="Skillaz.Tests.DocumentModels.ConvertToDocument.ConvertToDocument_FromOrgUnits_feature.Проверить_ConvertToDocument_в_FromOrgUnits" computerName="DESKTOP-F6SKA47" duration="00:00:05.8411546" startTime="2021-12-16T16:19:07.7822402+03:00" endTime="2021-12-16T16:19:07.7822435+03:00" testType="13cdc9d9-ddb5-4fa4-a97d-d965ccfc6d4b" outcome="Passed" testListId="8c84fa94-04c1-424b-9868-57a2d4851a1d" relativeResultsDirectory="28c9deaf-0f9a-4f42-a971-ef5ae816b66a">
      <Output>
        <StdOut>SCENARIO: Проверить ConvertToDocument в FromOrgUnits&#xD;
  STEP 1/6: GIVEN a company...&#xD;
  STEP 1/6: GIVEN a company (Passed after 294ms)&#xD;
  STEP 2/6: AND the authenticated user...&#xD;
  STEP 2/6: AND the authenticated user (Passed after 424ms)&#xD;
  STEP 3/6: Зарегистрировать модель вакансии...&#xD;
  STEP 3/6: Зарегистрировать модель вакансии (Passed after 868ms)&#xD;
  STEP 4/6: Добавить орг единицы в бд...&#xD;
  STEP 4/6: Добавить орг единицы в бд (Passed after 1s 006ms)&#xD;
  STEP 5/6: Создать вакансию...&#xD;
  STEP 5/6: Создать вакансию (Passed after 1s 552ms)&#xD;
  STEP 6/6: Проверить что внешние идентификаторы оргединиц преобразовались в идентификаторы а те что не сконвертировались остались внешними идентификаторами...&#xD;
  STEP 6/6: Проверить что внешние идентификаторы оргединиц преобразовались в идентификаторы а те что не сконвертировались остались внешними идентификаторами (Passed after 8ms)&#xD;
  SCENARIO RESULT: Passed after 4s 175ms</StdOut>
      </Output>
    </UnitTestResult>
    <UnitTestResult executionId="691b449a-e946-4d7a-a10b-d9fedcb353bb" testId="39bbe88c-a5a1-69b6-0e18-a75bb02edd6c" testName="Skillaz.Tests.CompanySpecific.X5.Naumen.NaumenSlaTests.Sla_calculates_correctly_within_one_day(candidateTimeZone: 11, sla: 02:00:00, startDate: 2019-12-31T07:00:00.0000000Z, truth: [NaumenTimeRange { From = &quot;2019-12-31 10:00:00&quot;, To = &quot;2019-12-31 12:00:00&quot; }])" computerName="DESKTOP-F6SKA47" duration="00:00:00.0000399" startTime="2021-12-16T16:16:29.0399617+03:00" endTime="2021-12-16T16:16:29.0399628+03:00" testType="13cdc9d9-ddb5-4fa4-a97d-d965ccfc6d4b" outcome="Passed" testListId="8c84fa94-04c1-424b-9868-57a2d4851a1d" relativeResultsDirectory="691b449a-e946-4d7a-a10b-d9fedcb353bb" />
    <UnitTestResult executionId="fdf4d7da-6e6d-4f75-942e-c9ab240246df" testId="019b787c-88b2-9680-3a7b-9251d2235f77" testName="Skillaz.Tests.CompanySpecific.X5.Naumen.NaumenSlaTests.Sla_calculates_correctly_for_next_day(candidateTimeZone: 9, sla: 02:00:00, startDate: 2019-12-31T23:30:00.0000000Z, truth: [NaumenTimeRange { From = &quot;2020-01-01 07:00:00&quot;, To = &quot;2020-01-01 09:00:00&quot; }])" computerName="DESKTOP-F6SKA47" duration="00:00:00.0000443" startTime="2021-12-16T16:16:29.3225848+03:00" endTime="2021-12-16T16:16:29.3225880+03:00" testType="13cdc9d9-ddb5-4fa4-a97d-d965ccfc6d4b" outcome="Passed" testListId="8c84fa94-04c1-424b-9868-57a2d4851a1d" relativeResultsDirectory="fdf4d7da-6e6d-4f75-942e-c9ab240246df" />
    <UnitTestResult executionId="6fa4f393-f831-4e68-b01d-c2477ed004ee" testId="019b787c-88b2-9680-3a7b-9251d2235f77" testName="Skillaz.Tests.CompanySpecific.X5.Naumen.NaumenSlaTests.Sla_calculates_correctly_for_next_day(candidateTimeZone: 7, sla: 02:00:00, startDate: 2020-01-01T01:30:00.0000000Z, truth: [NaumenTimeRange { From = &quot;2020-01-01 07:00:00&quot;, To = &quot;2020-01-01 09:00:00&quot; }])" computerName="DESKTOP-F6SKA47" duration="00:00:00.0000339" startTime="2021-12-16T16:16:29.2896940+03:00" endTime="2021-12-16T16:16:29.2896985+03:00" testType="13cdc9d9-ddb5-4fa4-a97d-d965ccfc6d4b" outcome="Passed" testListId="8c84fa94-04c1-424b-9868-57a2d4851a1d" relativeResultsDirectory="6fa4f393-f831-4e68-b01d-c2477ed004ee" />
    <UnitTestResult executionId="329ff3c4-15ee-451b-bbcf-372a7d04e57e" testId="37b2569b-b563-4b49-a052-0b0b2e2bf0f2" testName="Skillaz.Tests.Helpers.TimeBoundariesHelperFeature.AddHours(lower: 23, upper: 24, timeZone: 3, results: [2, 3])" computerName="DESKTOP-F6SKA47" duration="00:00:00.0012160" startTime="2021-12-16T16:16:29.9781188+03:00" endTime="2021-12-16T16:16:29.9781314+03:00" testType="13cdc9d9-ddb5-4fa4-a97d-d965ccfc6d4b" outcome="Passed" testListId="8c84fa94-04c1-424b-9868-57a2d4851a1d" relativeResultsDirectory="329ff3c4-15ee-451b-bbcf-372a7d04e57e" />
    <UnitTestResult executionId="3ba23135-4bbc-4dfe-a689-c71db0030c7a" testId="9b91ebe4-16e7-c36a-4fc9-08dc5ede6102" testName="Skillaz.Tests.Users.UserDataService_feature.Check_GetTop100ByQueryAndTagRole_method(filter: (emailTest, ), result: (1, ))" computerName="DESKTOP-F6SKA47" duration="00:00:03.0902807" startTime="2021-12-16T16:25:14.6697292+03:00" endTime="2021-12-16T16:25:14.6697307+03:00" testType="13cdc9d9-ddb5-4fa4-a97d-d965ccfc6d4b" outcome="Passed" testListId="8c84fa94-04c1-424b-9868-57a2d4851a1d" relativeResultsDirectory="3ba23135-4bbc-4dfe-a689-c71db0030c7a">
      <Output>
        <StdOut>SCENARIO: Check GetTop100ByQueryAndTagRole method [filter: "(emailTest, )"] [result: "(1, )"]&#xD;
  STEP 1/5: GIVEN Given a company...&#xD;
  STEP 1/5: GIVEN Given a company (Passed after 815ms)&#xD;
  STEP 2/5: AND Given the authenticated user...&#xD;
  STEP 2/5: AND Given the authenticated user (Passed after 557ms)&#xD;
  STEP 3/5: AND Given Roles...&#xD;
  STEP 3/5: AND Given Roles (Passed after 126ms)&#xD;
  STEP 4/5: AND Given test users...&#xD;
  STEP 4/5: AND Given test users (Passed after 181ms)&#xD;
  STEP 5/5: WHEN When Search is appled [query: "emailTest"] [tags: "&lt;null&gt;"]...&#xD;
  STEP 5/5: WHEN When Search is appled [query: "emailTest"] [tags: "&lt;null&gt;"] (Passed after 892ms)&#xD;
  SCENARIO RESULT: Passed after 2s 592ms</StdOut>
      </Output>
    </UnitTestResult>
    <UnitTestResult executionId="8398fad8-2f2c-47bc-ad85-da712247dfd6" testId="39bbe88c-a5a1-69b6-0e18-a75bb02edd6c" testName="Skillaz.Tests.CompanySpecific.X5.Naumen.NaumenSlaTests.Sla_calculates_correctly_within_one_day(candidateTimeZone: 6, sla: 06:00:00, startDate: 2019-12-31T08:00:00.0000000Z, truth: [NaumenTimeRange { From = &quot;2019-12-31 11:00:00&quot;, To = &quot;2019-12-31 17:00:00&quot; }])" computerName="DESKTOP-F6SKA47" duration="00:00:00.0000549" startTime="2021-12-16T16:16:29.0083326+03:00" endTime="2021-12-16T16:16:29.0083332+03:00" testType="13cdc9d9-ddb5-4fa4-a97d-d965ccfc6d4b" outcome="Passed" testListId="8c84fa94-04c1-424b-9868-57a2d4851a1d" relativeResultsDirectory="8398fad8-2f2c-47bc-ad85-da712247dfd6" />
    <UnitTestResult executionId="76f9b26f-ef47-42fd-a729-83e567229581" testId="aa231317-e27d-e53e-4717-fd50e2e8f057" testName="Skillaz.Tests.Assessment.Interviews.SimulationInterview_feature.The_Started_status_is_set_only_once" computerName="DESKTOP-F6SKA47" duration="00:00:15.9382228" startTime="2021-12-16T16:29:45.6548802+03:00" endTime="2021-12-16T16:29:45.6548827+03:00" testType="13cdc9d9-ddb5-4fa4-a97d-d965ccfc6d4b" outcome="Passed" testListId="8c84fa94-04c1-424b-9868-57a2d4851a1d" relativeResultsDirectory="76f9b26f-ef47-42fd-a729-83e567229581">
      <Output>
        <StdOut>SCENARIO: The Started status is set only once&#xD;
  STEP 1/6: GIVEN a candidate in a vacancy in a company...&#xD;
  STEP 1/6: GIVEN a candidate in a vacancy in a company (Passed after 821ms)&#xD;
  STEP 2/6: AND the interview...&#xD;
  STEP 2/6: AND the interview (Passed after 713ms)&#xD;
  STEP 3/6: WHEN a simulation interview status Started is set...&#xD;
  STEP 3/6: WHEN a simulation interview status Started is set (Passed after 7s 749ms)&#xD;
  STEP 4/6: AND a simulation interview status ReadyToConsiderJob is set...&#xD;
  STEP 4/6: AND a simulation interview status ReadyToConsiderJob is set (Passed after 174ms)&#xD;
  STEP 5/6: AND a simulation interview status Started is set...&#xD;
  STEP 5/6: AND a simulation interview status Started is set (Passed after 3ms)&#xD;
  STEP 6/6: THEN the interview status should be ReadyToConsiderJob...&#xD;
  STEP 6/6: THEN the interview status should be ReadyToConsiderJob (Passed after 5s 873ms)&#xD;
  SCENARIO RESULT: Passed after 15s 353ms</StdOut>
      </Output>
    </UnitTestResult>
    <UnitTestResult executionId="9363a458-6c1a-4d99-9e36-070df85217cc" testId="da957d7c-a6ec-531a-01e6-2fc63befe529" testName="Skillaz.Tests.Candidate.Checks.CheckFromConfigurator_feature.Auto_start_check_with_multi_tag_candidate_and_with_without_tags_confrontation" computerName="DESKTOP-F6SKA47" duration="00:00:08.4903255" startTime="2021-12-16T16:24:16.0878836+03:00" endTime="2021-12-16T16:24:16.0878853+03:00" testType="13cdc9d9-ddb5-4fa4-a97d-d965ccfc6d4b" outcome="Passed" testListId="8c84fa94-04c1-424b-9868-57a2d4851a1d" relativeResultsDirectory="9363a458-6c1a-4d99-9e36-070df85217cc">
      <Output>
        <StdOut>SCENARIO: Auto start check with multi tag candidate and with without tags confrontation&#xD;
  STEP 1/9: GIVEN a company...&#xD;
  STEP 1/9: GIVEN a company (Passed after 392ms)&#xD;
  STEP 2/9: AND the authenticated user...&#xD;
  STEP 2/9: AND the authenticated user (Passed after 628ms)&#xD;
  STEP 3/9: AND the vacancy in the company [funnelId: "FunnelId"]...&#xD;
  STEP 3/9: AND the vacancy in the company [funnelId: "FunnelId"] (Passed after 297ms)&#xD;
  STEP 4/9: AND the candidate with tags "NewCandidateTag, ExcluderTag"...&#xD;
  STEP 4/9: AND the candidate with tags "NewCandidateTag, ExcluderTag" (Passed after 255ms)&#xD;
  STEP 5/9: AND the configuration check...&#xD;
  STEP 5/9: AND the configuration check (Passed after 419ms)&#xD;
  STEP 6/9: AND the additional conditions [withTags: "NewCandidateTag"] [withoutTags: "ExcluderTag"]...&#xD;
  STEP 6/9: AND the additional conditions [withTags: "NewCandidateTag"] [withoutTags: "ExcluderTag"] (Passed after &lt;1ms)&#xD;
  STEP 7/9: AND the configuration funnel...&#xD;
  STEP 7/9: AND the configuration funnel (Passed after 2ms)&#xD;
  STEP 8/9: WHEN switch candidate to start check...&#xD;
  STEP 8/9: WHEN switch candidate to start check (Passed after 6s 116ms)&#xD;
  STEP 9/9: THEN check must not exist in candidate...&#xD;
  STEP 9/9: THEN check must not exist in candidate (Passed after 5ms)&#xD;
  SCENARIO RESULT: Passed after 8s 136ms</StdOut>
      </Output>
    </UnitTestResult>
    <UnitTestResult executionId="944b4e4c-82d3-4058-978c-07665e539771" testId="6c3178fe-ab8a-5f62-a9e6-73fd2edac44a" testName="Skillaz.Tests.DocumentModels.DocumentModel_SettingPreviewUrlForAttachments.Check_than_preview_url_set_in_attachment_for_edit_model_single_attach_in_explicit_field" computerName="DESKTOP-F6SKA47" duration="00:00:02.5381377" startTime="2021-12-16T16:25:47.4499476+03:00" endTime="2021-12-16T16:25:47.4499495+03:00" testType="13cdc9d9-ddb5-4fa4-a97d-d965ccfc6d4b" outcome="Passed" testListId="8c84fa94-04c1-424b-9868-57a2d4851a1d" relativeResultsDirectory="944b4e4c-82d3-4058-978c-07665e539771">
      <Output>
        <StdOut>SCENARIO: Check than preview url set in attachment for edit model single attach in explicit field&#xD;
  STEP 1/6: GIVEN a company...&#xD;
  STEP 1/6: GIVEN a company (Passed after 326ms)&#xD;
  STEP 2/6: AND the authenticated user...&#xD;
  STEP 2/6: AND the authenticated user (Passed after 577ms)&#xD;
  STEP 3/6: AND a test model...&#xD;
  STEP 3/6: AND a test model (Passed after 138ms)&#xD;
  STEP 4/6: AND a test document model...&#xD;
  STEP 4/6: AND a test document model (Passed after 1ms)&#xD;
  STEP 5/6: WHEN model converting to edit model [fieldKey: "SingleExplicitAttachment"] [isMultiply: "False"]...&#xD;
  STEP 5/6: WHEN model converting to edit model [fieldKey: "SingleExplicitAttachment"] [isMultiply: "False"] (Passed after 658ms)&#xD;
  STEP 6/6: THEN attached file in edit model have filled preview url...&#xD;
  STEP 6/6: THEN attached file in edit model have filled preview url (Passed after &lt;1ms)&#xD;
  SCENARIO RESULT: Passed after 1s 715ms</StdOut>
      </Output>
    </UnitTestResult>
    <UnitTestResult executionId="9b0db5ac-bf62-47f1-ab20-30556a61d49e" testId="58c7ce88-2805-c4fe-b871-49f21bcd5fad" testName="Skillaz.Tests.Assessment.Scenario_with_check_feature.Interview_with_steps_with_check" computerName="DESKTOP-F6SKA47" duration="00:00:16.5592638" startTime="2021-12-16T16:26:52.0317969+03:00" endTime="2021-12-16T16:26:52.0317994+03:00" testType="13cdc9d9-ddb5-4fa4-a97d-d965ccfc6d4b" outcome="Passed" testListId="8c84fa94-04c1-424b-9868-57a2d4851a1d" relativeResultsDirectory="9b0db5ac-bf62-47f1-ab20-30556a61d49e">
      <Output>
        <StdOut>SCENARIO: Interview with steps with check&#xD;
  STEP 1/11: GIVEN a company...&#xD;
  STEP 1/11: GIVEN a company (Passed after 78ms)&#xD;
  STEP 2/11: AND the authenticated user...&#xD;
  STEP 2/11: AND the authenticated user (Passed after 337ms)&#xD;
  STEP 3/11: AND a funnel...&#xD;
  STEP 3/11: AND a funnel (Passed after 210ms)&#xD;
  STEP 4/11: AND the vacancy in the company [funnelId: "TestCandidateChecksFunnel"]...&#xD;
  STEP 4/11: AND the vacancy in the company [funnelId: "TestCandidateChecksFunnel"] (Passed after 84ms)&#xD;
  STEP 5/11: AND client configuration with checks workflow and model...&#xD;
  STEP 5/11: AND client configuration with checks workflow and model (Passed after 1s 248ms)&#xD;
  STEP 6/11: AND a scenario with steps and check...&#xD;
  STEP 6/11: AND a scenario with steps and check (Passed after 515ms)&#xD;
  STEP 7/11: AND a candidate...&#xD;
  STEP 7/11: AND a candidate (Passed after 225ms)&#xD;
  STEP 8/11: WHEN change candidate status with single check...&#xD;
  STEP 8/11: WHEN change candidate status with single check (Passed after 6s 794ms)&#xD;
  STEP 9/11: AND an interview step is switched...&#xD;
  STEP 9/11: AND an interview step is switched (Passed after 5s 820ms)&#xD;
  STEP 10/11: THEN interview exists...&#xD;
  STEP 10/11: THEN interview exists (Passed after 3ms)&#xD;
  STEP 11/11: AND interview has action hub id...&#xD;
  STEP 11/11: AND interview has action hub id (Passed after &lt;1ms)&#xD;
  SCENARIO RESULT: Passed after 15s 341ms</StdOut>
      </Output>
    </UnitTestResult>
    <UnitTestResult executionId="d26fc4cf-0406-4ce6-91e5-21fb28e66068" testId="e14c696c-e47f-4fef-2ef5-0f18390e943a" testName="Skillaz.Tests.Integrations.Nanosemantics.CandidateChangeStatusByChatBot_feature.ChatBot_switches_candidate_to_success" computerName="DESKTOP-F6SKA47" duration="00:00:41.0015402" startTime="2021-12-16T16:23:46.5387172+03:00" endTime="2021-12-16T16:23:46.5387280+03:00" testType="13cdc9d9-ddb5-4fa4-a97d-d965ccfc6d4b" outcome="Passed" testListId="8c84fa94-04c1-424b-9868-57a2d4851a1d" relativeResultsDirectory="d26fc4cf-0406-4ce6-91e5-21fb28e66068">
      <Output>
        <StdOut>SCENARIO: ChatBot switches candidate to success&#xD;
  STEP 1/5: GIVEN vtb company...&#xD;
  STEP 1/5: GIVEN vtb company (Passed after 729ms)&#xD;
  STEP 2/5: AND the vacancy in the company...&#xD;
  STEP 2/5: AND the vacancy in the company (Passed after 1s 197ms)&#xD;
  STEP 3/5: AND vtb candidate for success...&#xD;
  STEP 3/5: AND vtb candidate for success (Passed after 892ms)&#xD;
  STEP 4/5: WHEN chatbot sends success request...&#xD;
  STEP 4/5: WHEN chatbot sends success request (Passed after 36s 534ms)&#xD;
  STEP 5/5: THEN candidate in success status...&#xD;
  STEP 5/5: THEN candidate in success status (Passed after 243ms)&#xD;
  SCENARIO RESULT: Passed after 39s 606ms</StdOut>
      </Output>
    </UnitTestResult>
    <UnitTestResult executionId="37e22da3-bcd2-4552-8403-0a5eb65fe7b6" testId="8227de8d-7583-3a2f-2111-ed652edd707a" testName="Skillaz.Tests.Telephony.MightyCall_callbacks_feature.Saving_callback_after_sync_Request_out_of_MC_calllist" computerName="DESKTOP-F6SKA47" duration="00:00:16.9737100" startTime="2021-12-16T16:24:01.1974333+03:00" endTime="2021-12-16T16:24:01.1974377+03:00" testType="13cdc9d9-ddb5-4fa4-a97d-d965ccfc6d4b" outcome="Passed" testListId="8c84fa94-04c1-424b-9868-57a2d4851a1d" relativeResultsDirectory="37e22da3-bcd2-4552-8403-0a5eb65fe7b6">
      <Output>
        <StdOut>SCENARIO: Saving callback after sync Request out of MC calllist&#xD;
  STEP 1/9: GIVEN a company...&#xD;
  STEP 1/9: GIVEN a company (Passed after 701ms)&#xD;
  STEP 2/9: AND a candidate in a vacancy in a company...&#xD;
  STEP 2/9: AND a candidate in a vacancy in a company (Passed after 982ms)&#xD;
  STEP 3/9: AND outgoing campaign...&#xD;
  STEP 3/9: AND outgoing campaign (Passed after 440ms)&#xD;
  STEP 4/9: AND processed MightyCall request Skillaz...&#xD;
  STEP 4/9: AND processed MightyCall request Skillaz (Passed after 2s 334ms)&#xD;
  STEP 5/9: AND processed MightyCall request Mc...&#xD;
  STEP 5/9: AND processed MightyCall request Mc (Passed after 11ms)&#xD;
  STEP 6/9: AND out of calllist MightyCall request...&#xD;
  STEP 6/9: AND out of calllist MightyCall request (Passed after 353ms)&#xD;
  STEP 7/9: WHEN sync campaign...&#xD;
  STEP 7/9: WHEN sync campaign (Passed after 9s 376ms)&#xD;
  STEP 8/9: THEN unprocessed callback saved...&#xD;
  STEP 8/9: THEN unprocessed callback saved (Passed after 612ms)&#xD;
  STEP 9/9: AND unprocessed request is deleted...&#xD;
  STEP 9/9: AND unprocessed request is deleted (Passed after 100ms)&#xD;
  SCENARIO RESULT: Passed after 14s 929ms</StdOut>
      </Output>
    </UnitTestResult>
    <UnitTestResult executionId="1ed642cb-ede8-4cc1-a0b9-9f5da8178645" testId="39bbe88c-a5a1-69b6-0e18-a75bb02edd6c" testName="Skillaz.Tests.CompanySpecific.X5.Naumen.NaumenSlaTests.Sla_calculates_correctly_within_one_day(candidateTimeZone: 7, sla: 04:00:00, startDate: 2019-12-31T09:00:00.0000000Z, truth: [NaumenTimeRange { From = &quot;2019-12-31 12:00:00&quot;, To = &quot;2019-12-31 16:00:00&quot; }])" computerName="DESKTOP-F6SKA47" duration="00:00:00.0000839" startTime="2021-12-16T16:16:29.0121342+03:00" endTime="2021-12-16T16:16:29.0121345+03:00" testType="13cdc9d9-ddb5-4fa4-a97d-d965ccfc6d4b" outcome="Passed" testListId="8c84fa94-04c1-424b-9868-57a2d4851a1d" relativeResultsDirectory="1ed642cb-ede8-4cc1-a0b9-9f5da8178645" />
    <UnitTestResult executionId="be57513d-bc47-43eb-b4da-60420b5caec8" testId="234caa0f-178f-80f9-eef9-434b043f97bb" testName="Skillaz.Tests.CompanySpecific.Uralchem.UralchemSSOAuth_feature.Первая_авторизация_пользователя_используя_SSO_группы" computerName="DESKTOP-F6SKA47" duration="00:00:14.8725692" startTime="2021-12-16T16:24:08.0095969+03:00" endTime="2021-12-16T16:24:08.0095987+03:00" testType="13cdc9d9-ddb5-4fa4-a97d-d965ccfc6d4b" outcome="Passed" testListId="8c84fa94-04c1-424b-9868-57a2d4851a1d" relativeResultsDirectory="be57513d-bc47-43eb-b4da-60420b5caec8">
      <Output>
        <StdOut>SCENARIO: Первая авторизация пользователя используя SSO группы&#xD;
  STEP 1/13: GIVEN a company [companyId: "uralchem"]...&#xD;
  STEP 1/13: GIVEN a company [companyId: "uralchem"] (Passed after 189ms)&#xD;
  STEP 2/13: AND the authenticated user...&#xD;
  STEP 2/13: AND the authenticated user (Passed after 642ms)&#xD;
  STEP 3/13: AND uralchem reference values...&#xD;
  STEP 3/13: AND uralchem reference values (Passed after 5s 326ms)&#xD;
  STEP 4/13: AND uralchem role with sso groups...&#xD;
  STEP 4/13: AND uralchem role with sso groups (Passed after 18ms)&#xD;
  STEP 5/13: WHEN use auth use sso [userName: "recruterUserName"] [samlClaims: "ssoGroup: recuterSsoGroup, userName: recruterUserName"] [isFindUserToDataBase: "True"]...&#xD;
  STEP 5/13: WHEN use auth use sso [userName: "recruterUserName"] [samlClaims: "ssoGroup: recuterSsoGroup, userName: recruterUserName"] [isFindUserToDataBase: "True"] (Passed after 6s 342ms)&#xD;
  STEP 6/13: AND use auth use sso [userName: "hrUserName"] [samlClaims: "ssoGroup: hrSsoGroup, userName: hrUserName"] [isFindUserToDataBase: "True"]...&#xD;
  STEP 6/13: AND use auth use sso [userName: "hrUserName"] [samlClaims: "ssoGroup: hrSsoGroup, userName: hrUserName"] [isFindUserToDataBase: "True"] (Passed after 122ms)&#xD;
  STEP 7/13: AND use auth use sso [userName: "hiringUserName"] [samlClaims: "ssoGroup: hiringManagerSsoGroup, userName: hiringUserName"] [isFindUserToDataBase: "True"]...&#xD;
  STEP 7/13: AND use auth use sso [userName: "hiringUserName"] [samlClaims: "ssoGroup: hiringManagerSsoGroup, userName: hiringUserName"] [isFindUserToDataBase: "True"] (Passed after 334ms)&#xD;
  STEP 8/13: THEN user is created and correct role [userName: "recruterUserName"] [roleTag: "Skillaz.Framework.Auth.RoleTag"]...&#xD;
  STEP 8/13: THEN user is created and correct role [userName: "recruterUserName"] [roleTag: "Skillaz.Framework.Auth.RoleTag"] (Passed after 6ms)&#xD;
  STEP 9/13: AND user is created and correct role [userName: "hrUserName"] [roleTag: "Skillaz.Framework.Auth.RoleTag"]...&#xD;
  STEP 9/13: AND user is created and correct role [userName: "hrUserName"] [roleTag: "Skillaz.Framework.Auth.RoleTag"] (Passed after 4ms)&#xD;
  STEP 10/13: AND user is created and correct role [userName: "hiringUserName"] [roleTag: "Skillaz.Framework.Auth.RoleTag"]...&#xD;
  STEP 10/13: AND user is created and correct role [userName: "hiringUserName"] [roleTag: "Skillaz.Framework.Auth.RoleTag"] (Passed after 34ms)&#xD;
  STEP 11/13: AND user is correct link to organization [userName: "recruterUserName"] [organizationId: "testOrgnanization"]...&#xD;
  STEP 11/13: AND user is correct link to organization [userName: "recruterUserName"] [organizationId: "testOrgnanization"] (Passed after 216ms)&#xD;
  STEP 12/13: AND user is correct link to organization [userName: "hrUserName"] [organizationId: "testOrgnanization"]...&#xD;
  STEP 12/13: AND user is correct link to organization [userName: "hrUserName"] [organizationId: "testOrgnanization"] (Passed after 8ms)&#xD;
  STEP 13/13: AND user is correct link to organization [userName: "hiringUserName"] [organizationId: "testOrgnanization"]...&#xD;
  STEP 13/13: AND user is correct link to organization [userName: "hiringUserName"] [organizationId: "testOrgnanization"] (Passed after 4ms)&#xD;
  SCENARIO RESULT: Passed after 13s 335ms</StdOut>
      </Output>
    </UnitTestResult>
    <UnitTestResult executionId="10f994bf-7d37-465c-8df4-190d5de56e7d" testId="019b787c-88b2-9680-3a7b-9251d2235f77" testName="Skillaz.Tests.CompanySpecific.X5.Naumen.NaumenSlaTests.Sla_calculates_correctly_for_next_day(candidateTimeZone: 2, sla: 02:00:00, startDate: 2019-12-31T23:00:00.0000000Z, truth: [NaumenTimeRange { From = &quot;2020-01-01 10:00:00&quot;, To = &quot;2020-01-01 12:00:00&quot; }])" computerName="DESKTOP-F6SKA47" duration="00:00:00.0000292" startTime="2021-12-16T16:16:29.0598963+03:00" endTime="2021-12-16T16:16:29.0598969+03:00" testType="13cdc9d9-ddb5-4fa4-a97d-d965ccfc6d4b" outcome="Passed" testListId="8c84fa94-04c1-424b-9868-57a2d4851a1d" relativeResultsDirectory="10f994bf-7d37-465c-8df4-190d5de56e7d" />
    <UnitTestResult executionId="abc20951-e1c3-4c61-a0a3-94dba32f4010" testId="5e8cac09-e15e-554e-4e32-048ec3468c34" testName="Skillaz.Tests.CompanySpecific.Sberbank.SberPositionsTests.SberPositionCommand_should_work_as_expected(vacancyName: &quot;Клиентский менеджер ммб&quot;, expectedPositionId: &quot;client_manger_sber_mmb&quot;)" computerName="DESKTOP-F6SKA47" duration="00:00:00.0002192" startTime="2021-12-16T16:16:29.6713897+03:00" endTime="2021-12-16T16:16:29.6713903+03:00" testType="13cdc9d9-ddb5-4fa4-a97d-d965ccfc6d4b" outcome="Passed" testListId="8c84fa94-04c1-424b-9868-57a2d4851a1d" relativeResultsDirectory="abc20951-e1c3-4c61-a0a3-94dba32f4010" />
    <UnitTestResult executionId="03524373-ef22-4815-ac40-68433705ddf1" testId="ab21a3fe-c0cd-3efd-d2d0-5ea2c2e5412f" testName="Skillaz.Tests.Request.HireRequestRefsOrgUnitPosition_feature.Update_of_a_hire_request_with_linkage_to_org_unit_position" computerName="DESKTOP-F6SKA47" duration="00:00:05.2653258" startTime="2021-12-16T16:29:33.0368030+03:00" endTime="2021-12-16T16:29:33.0368093+03:00" testType="13cdc9d9-ddb5-4fa4-a97d-d965ccfc6d4b" outcome="Passed" testListId="8c84fa94-04c1-424b-9868-57a2d4851a1d" relativeResultsDirectory="03524373-ef22-4815-ac40-68433705ddf1">
      <Output>
        <StdOut>SCENARIO: Update of a hire request with linkage to org unit position&#xD;
  STEP 1/7: GIVEN Given a company...&#xD;
  STEP 1/7: GIVEN Given a company (Passed after 108ms)&#xD;
  STEP 2/7: AND Given the authenticated user...&#xD;
  STEP 2/7: AND Given the authenticated user (Passed after 307ms)&#xD;
  STEP 3/7: AND Given override client configuration...&#xD;
  STEP 3/7: AND Given override client configuration (Passed after 348ms)&#xD;
  STEP 4/7: AND Given org unit position with other request link...&#xD;
  STEP 4/7: AND Given org unit position with other request link (Passed after 76ms)&#xD;
  STEP 5/7: AND Given hire request...&#xD;
  STEP 5/7: AND Given hire request (Passed after 124ms)&#xD;
  STEP 6/7: WHEN When update display name hire request...&#xD;
  STEP 6/7: WHEN When update display name hire request (Passed after 3s 588ms)&#xD;
  STEP 7/7: THEN Then the reference to the hire request in then org unit position is correct...&#xD;
  STEP 7/7: THEN Then the reference to the hire request in then org unit position is correct (Passed after 25ms)&#xD;
  SCENARIO RESULT: Passed after 4s 687ms</StdOut>
      </Output>
    </UnitTestResult>
    <UnitTestResult executionId="de3d204c-4b4e-4002-a80a-5e063da2c91c" testId="06e41769-e208-1dfc-953e-e000b9fff75c" testName="Skillaz.Tests.OpenApi.CheckApi.GetCheckList_feature.Check_candidate_get_list" computerName="DESKTOP-F6SKA47" duration="00:00:05.5825931" startTime="2021-12-16T16:18:20.3924771+03:00" endTime="2021-12-16T16:18:20.3924814+03:00" testType="13cdc9d9-ddb5-4fa4-a97d-d965ccfc6d4b" outcome="Passed" testListId="8c84fa94-04c1-424b-9868-57a2d4851a1d" relativeResultsDirectory="de3d204c-4b4e-4002-a80a-5e063da2c91c">
      <Output>
        <StdOut>SCENARIO: Check candidate get list&#xD;
  STEP 1/10: GIVEN a company...&#xD;
  STEP 1/10: GIVEN a company (Passed after 116ms)&#xD;
  STEP 2/10: AND the authenticated user...&#xD;
  STEP 2/10: AND the authenticated user (Passed after 231ms)&#xD;
  STEP 3/10: AND the vacancy in the company...&#xD;
  STEP 3/10: AND the vacancy in the company (Passed after 173ms)&#xD;
  STEP 4/10: AND client configuration with check workflow and model...&#xD;
  STEP 4/10: AND client configuration with check workflow and model (Passed after 2s 058ms)&#xD;
  STEP 5/10: AND a candidate...&#xD;
  STEP 5/10: AND a candidate (Passed after 78ms)&#xD;
  STEP 6/10: AND a check...&#xD;
  STEP 6/10: AND a check (Passed after 73ms)&#xD;
  STEP 7/10: AND funnel with check configuration...&#xD;
  STEP 7/10: AND funnel with check configuration (Passed after 80ms)&#xD;
  STEP 8/10: WHEN check get...&#xD;
  STEP 8/10: WHEN check get (Passed after 1s 059ms)&#xD;
  STEP 9/10: THEN check ids...&#xD;
  STEP 9/10: THEN check ids (Passed after 509ms)&#xD;
  STEP 10/10: AND checks correct...&#xD;
  STEP 10/10: AND checks correct (Passed after 897ms)&#xD;
  SCENARIO RESULT: Passed after 5s 292ms</StdOut>
      </Output>
    </UnitTestResult>
    <UnitTestResult executionId="a12ac2d0-8a8a-4213-b649-6c0955baeb0b" testId="10e3333a-c1c3-4da9-3b65-a7586c1742b0" testName="Skillaz.Tests.CompanySpecific.Sberbank.SberPositionsTests.SberPositionCommand_should_work_as_expected(vacancyName: &quot;Клиентский менеджер малый&quot;, expectedPositionId: &quot;client_manger_sber_mmb&quot;)" computerName="DESKTOP-F6SKA47" duration="00:00:00.0677638" startTime="2021-12-16T16:16:29.6684730+03:00" endTime="2021-12-16T16:16:29.6684742+03:00" testType="13cdc9d9-ddb5-4fa4-a97d-d965ccfc6d4b" outcome="Passed" testListId="8c84fa94-04c1-424b-9868-57a2d4851a1d" relativeResultsDirectory="a12ac2d0-8a8a-4213-b649-6c0955baeb0b" />
    <UnitTestResult executionId="85dbf64e-b66a-4200-a741-b36422a5b86a" testId="2b40bd1b-6335-61b3-a3ec-ba83358de4fa" testName="Skillaz.Tests.ProcessingRole.ProcessingRoleCandidateSwitchStatus_feature.Switching_status_ProcessingRole_update" computerName="DESKTOP-F6SKA47" duration="00:00:11.6224182" startTime="2021-12-16T16:22:11.3229158+03:00" endTime="2021-12-16T16:22:11.3229215+03:00" testType="13cdc9d9-ddb5-4fa4-a97d-d965ccfc6d4b" outcome="Passed" testListId="8c84fa94-04c1-424b-9868-57a2d4851a1d" relativeResultsDirectory="85dbf64e-b66a-4200-a741-b36422a5b86a">
      <Output>
        <StdOut>SCENARIO: Switching status ProcessingRole update&#xD;
  STEP 1/11: GIVEN a company...&#xD;
  STEP 1/11: GIVEN a company (Passed after 160ms)&#xD;
  STEP 2/11: AND the authenticated user...&#xD;
  STEP 2/11: AND the authenticated user (Passed after 587ms)&#xD;
  STEP 3/11: AND a funnel...&#xD;
  STEP 3/11: AND a funnel (Passed after 225ms)&#xD;
  STEP 4/11: AND a vacancy...&#xD;
  STEP 4/11: AND a vacancy (Passed after 870ms)&#xD;
  STEP 5/11: AND a candidate...&#xD;
  STEP 5/11: AND a candidate (Passed after 350ms)&#xD;
  STEP 6/11: AND a user...&#xD;
  STEP 6/11: AND a user (Passed after 154ms)&#xD;
  STEP 7/11: AND a ProcessingRole...&#xD;
  STEP 7/11: AND a ProcessingRole (Passed after 229ms)&#xD;
  STEP 8/11: WHEN status switching to interview...&#xD;
  STEP 8/11: WHEN status switching to interview (Passed after 4s 741ms)&#xD;
  STEP 9/11: AND vacancy update...&#xD;
  STEP 9/11: AND vacancy update (Passed after 204ms)&#xD;
  STEP 10/11: AND status switching to new...&#xD;
  STEP 10/11: AND status switching to new (Passed after 3s 548ms)&#xD;
  STEP 11/11: THEN ProcessingRole update updatedAt to candidate...&#xD;
  STEP 11/11: THEN ProcessingRole update updatedAt to candidate (Passed after 178ms)&#xD;
  SCENARIO RESULT: Passed after 11s 271ms</StdOut>
      </Output>
    </UnitTestResult>
    <UnitTestResult executionId="a9d3b0aa-c458-4186-abb2-43c918f5b82e" testId="ebbbf6d0-9a6f-bd66-319e-507c591125f4" testName="Skillaz.Tests.CompanySpecific.Sberbank.SberPositionsTests.SberPositionCommand_should_work_as_expected(vacancyName: &quot;Консультант&quot;, expectedPositionId: &quot;consultant&quot;)" computerName="DESKTOP-F6SKA47" duration="00:00:00.0000701" startTime="2021-12-16T16:16:29.6716177+03:00" endTime="2021-12-16T16:16:29.6716181+03:00" testType="13cdc9d9-ddb5-4fa4-a97d-d965ccfc6d4b" outcome="Passed" testListId="8c84fa94-04c1-424b-9868-57a2d4851a1d" relativeResultsDirectory="a9d3b0aa-c458-4186-abb2-43c918f5b82e" />
    <UnitTestResult executionId="1bc9d948-6634-4ea7-8019-221487b7daa5" testId="019b787c-88b2-9680-3a7b-9251d2235f77" testName="Skillaz.Tests.CompanySpecific.X5.Naumen.NaumenSlaTests.Sla_calculates_correctly_for_next_day(candidateTimeZone: 5, sla: 02:00:00, startDate: 2019-12-31T21:30:00.0000000Z, truth: [NaumenTimeRange { From = &quot;2020-01-01 07:00:00&quot;, To = &quot;2020-01-01 09:00:00&quot; }])" computerName="DESKTOP-F6SKA47" duration="00:00:00.0001177" startTime="2021-12-16T16:16:29.1046934+03:00" endTime="2021-12-16T16:16:29.1046947+03:00" testType="13cdc9d9-ddb5-4fa4-a97d-d965ccfc6d4b" outcome="Passed" testListId="8c84fa94-04c1-424b-9868-57a2d4851a1d" relativeResultsDirectory="1bc9d948-6634-4ea7-8019-221487b7daa5" />
    <UnitTestResult executionId="b2d7e6b8-689a-45b3-9d06-8e4b5687cb05" testId="bd44da9c-a637-dd54-42e0-863061921c2e" testName="Skillaz.Tests.Configurator.SecurityProfile.ConfiguratorSecurityProfileVacancy_feature.Vacancy_is_available_to_user_by_core_field" computerName="DESKTOP-F6SKA47" duration="00:00:06.4159903" startTime="2021-12-16T16:23:14.5650631+03:00" endTime="2021-12-16T16:23:14.5650633+03:00" testType="13cdc9d9-ddb5-4fa4-a97d-d965ccfc6d4b" outcome="Passed" testListId="8c84fa94-04c1-424b-9868-57a2d4851a1d" relativeResultsDirectory="b2d7e6b8-689a-45b3-9d06-8e4b5687cb05">
      <Output>
        <StdOut>SCENARIO: Vacancy is available to user by core field&#xD;
  STEP 1/7: GIVEN a company...&#xD;
  STEP 1/7: GIVEN a company (Passed after 1s 187ms)&#xD;
  STEP 2/7: AND the user with security profile [securityProfile: "SecurityProfile"]...&#xD;
  STEP 2/7: AND the user with security profile [securityProfile: "SecurityProfile"] (Passed after 535ms)&#xD;
  STEP 3/7: AND the vacancies for responsible manager...&#xD;
  STEP 3/7: AND the vacancies for responsible manager (Passed after 264ms)&#xD;
  STEP 4/7: AND the vacancy config...&#xD;
  STEP 4/7: AND the vacancy config (Passed after 361ms)&#xD;
  STEP 5/7: AND the security profile config by manager...&#xD;
  STEP 5/7: AND the security profile config by manager (Passed after 747ms)&#xD;
  STEP 6/7: WHEN filter vacancies...&#xD;
  STEP 6/7: WHEN filter vacancies (Passed after 2s 415ms)&#xD;
  STEP 7/7: THEN vacancy visibility check...&#xD;
  STEP 7/7: THEN vacancy visibility check (Passed after 22ms)&#xD;
  SCENARIO RESULT: Passed after 5s 561ms</StdOut>
      </Output>
    </UnitTestResult>
    <UnitTestResult executionId="8a4a1be2-2fc9-45a9-a773-8729bf393ee2" testId="4d8d797d-1570-17f3-9c5a-4925480865a4" testName="Skillaz.Tests.Assessment.Interviews.SelfEntryInterview_feature.Getting_a_self_entry_timeslots_by_request_with_start_period" computerName="DESKTOP-F6SKA47" duration="00:00:15.7977256" startTime="2021-12-16T16:19:42.0640390+03:00" endTime="2021-12-16T16:19:42.0640435+03:00" testType="13cdc9d9-ddb5-4fa4-a97d-d965ccfc6d4b" outcome="Passed" testListId="8c84fa94-04c1-424b-9868-57a2d4851a1d" relativeResultsDirectory="8a4a1be2-2fc9-45a9-a773-8729bf393ee2">
      <Output>
        <StdOut>SCENARIO: Getting a self entry timeslots by request with start period&#xD;
  STEP 1/6: GIVEN a candidate in a vacancy in a orgUnit in a company...&#xD;
  STEP 1/6: GIVEN a candidate in a vacancy in a orgUnit in a company (Passed after 2s 767ms)&#xD;
  STEP 2/6: AND the request...&#xD;
  STEP 2/6: AND the request (Passed after 782ms)&#xD;
  STEP 3/6: AND the timeSlots...&#xD;
  STEP 3/6: AND the timeSlots (Passed after 1s 146ms)&#xD;
  STEP 4/6: AND the interview and timeslot period [timeSlotSource: "HireRequest"] [addStartPeriod: "True"] [addDurationPeriod: "False"]...&#xD;
  STEP 4/6: AND the interview and timeslot period [timeSlotSource: "HireRequest"] [addStartPeriod: "True"] [addDurationPeriod: "False"] (Passed after 1s 854ms)&#xD;
  STEP 5/6: WHEN a self entry timeslots by request is requested...&#xD;
  STEP 5/6: WHEN a self entry timeslots by request is requested (Passed after 2s 493ms)&#xD;
  STEP 6/6: THEN a self entry timeslots by request should be retrieved [useStartPeriod: "True"] [useEndPeriod: "False"]...&#xD;
  STEP 6/6: THEN a self entry timeslots by request should be retrieved [useStartPeriod: "True"] [useEndPeriod: "False"] (Passed after 384ms)&#xD;
  SCENARIO RESULT: Passed after 9s 591ms</StdOut>
      </Output>
    </UnitTestResult>
    <UnitTestResult executionId="40fbe930-005a-4ce8-8452-da33500e977d" testId="019b787c-88b2-9680-3a7b-9251d2235f77" testName="Skillaz.Tests.CompanySpecific.X5.Naumen.NaumenSlaTests.Sla_calculates_correctly_for_next_day(candidateTimeZone: 5, sla: 02:00:00, startDate: 2020-01-01T01:30:00.0000000Z, truth: [NaumenTimeRange { From = &quot;2020-01-01 07:00:00&quot;, To = &quot;2020-01-01 09:00:00&quot; }])" computerName="DESKTOP-F6SKA47" duration="00:00:00.0000853" startTime="2021-12-16T16:16:29.1145971+03:00" endTime="2021-12-16T16:16:29.1145978+03:00" testType="13cdc9d9-ddb5-4fa4-a97d-d965ccfc6d4b" outcome="Passed" testListId="8c84fa94-04c1-424b-9868-57a2d4851a1d" relativeResultsDirectory="40fbe930-005a-4ce8-8452-da33500e977d" />
    <UnitTestResult executionId="41c4be4a-3741-4c16-8410-80497adb3ecb" testId="faf8f261-b929-e42f-fdca-2dfb623ff149" testName="Skillaz.Tests.Assessment.Interviews.QuizInterview_feature.Failing_autoscore_quiz_interview_questionnaire" computerName="DESKTOP-F6SKA47" duration="00:00:08.4487757" startTime="2021-12-16T16:29:11.3602487+03:00" endTime="2021-12-16T16:29:11.3602588+03:00" testType="13cdc9d9-ddb5-4fa4-a97d-d965ccfc6d4b" outcome="Passed" testListId="8c84fa94-04c1-424b-9868-57a2d4851a1d" relativeResultsDirectory="41c4be4a-3741-4c16-8410-80497adb3ecb">
      <Output>
        <StdOut>SCENARIO: Failing autoscore quiz interview questionnaire&#xD;
  STEP 1/4: GIVEN a candidate in a vacancy in a company...&#xD;
  STEP 1/4: GIVEN a candidate in a vacancy in a company (Passed after 2s 591ms)&#xD;
  STEP 2/4: AND the auto score interview with multiple attempts questionnaire...&#xD;
  STEP 2/4: AND the auto score interview with multiple attempts questionnaire (Passed after 1s 750ms)&#xD;
  STEP 3/4: WHEN quiz interview questionnaire is checked...&#xD;
  STEP 3/4: WHEN quiz interview questionnaire is checked (Passed after 2s 477ms)&#xD;
  STEP 4/4: THEN interview current step with this quiz interview questionnaire is failed...&#xD;
  STEP 4/4: THEN interview current step with this quiz interview questionnaire is failed (Passed after 453ms)&#xD;
  SCENARIO RESULT: Passed after 7s 329ms</StdOut>
      </Output>
    </UnitTestResult>
    <UnitTestResult executionId="beb68e57-504b-475c-a039-8f0ec66d84fe" testId="8c91d4f7-22f7-4a1e-7b37-9c02a4158d30" testName="Skillaz.Tests.CompanySpecific.Decathlon.DecathlonCheckMiddleNameAndCitizenshipIsFilledTrigger_feature.Citizenship_is_null_or_empty(citizenship: &quot;&quot;)" computerName="DESKTOP-F6SKA47" duration="00:00:10.7082731" startTime="2021-12-16T16:30:08.2135062+03:00" endTime="2021-12-16T16:30:08.2135069+03:00" testType="13cdc9d9-ddb5-4fa4-a97d-d965ccfc6d4b" outcome="Passed" testListId="8c84fa94-04c1-424b-9868-57a2d4851a1d" relativeResultsDirectory="beb68e57-504b-475c-a039-8f0ec66d84fe">
      <Output>
        <StdOut>SCENARIO: Citizenship "" is null or empty&#xD;
  STEP 1/6: GIVEN a company [companyId: "decathlonCompany"]...&#xD;
  STEP 1/6: GIVEN a company [companyId: "decathlonCompany"] (Passed after 225ms)&#xD;
  STEP 2/6: AND the authenticated admin user...&#xD;
  STEP 2/6: AND the authenticated admin user (Passed after 2s 872ms)&#xD;
  STEP 3/6: AND the vacancy in the company...&#xD;
  STEP 3/6: AND the vacancy in the company (Passed after 2s 243ms)&#xD;
  STEP 4/6: AND a candidate [middleName: "Testovich"] [citizenship: ""]...&#xD;
  STEP 4/6: AND a candidate [middleName: "Testovich"] [citizenship: ""] (Passed after 2s 053ms)&#xD;
  STEP 5/6: WHEN trigger executed...&#xD;
  STEP 5/6: WHEN trigger executed (Passed after 3ms)&#xD;
  STEP 6/6: THEN exception thrown...&#xD;
  STEP 6/6: THEN exception thrown (Passed after &lt;1ms)&#xD;
  SCENARIO RESULT: Passed after 7s 412ms</StdOut>
      </Output>
    </UnitTestResult>
    <UnitTestResult executionId="50686f19-813e-4e3b-ac40-a07f4f893303" testId="b0a4b42d-1108-8a14-fccf-142249765b5e" testName="Skillaz.Tests.Notifications.SendSimpleWhatsAppMessage_feature.SendMessageByVariableVacancyName(phoneNumber: null)" computerName="DESKTOP-F6SKA47" duration="00:00:11.6599492" startTime="2021-12-16T16:30:08.2135735+03:00" endTime="2021-12-16T16:30:08.2135738+03:00" testType="13cdc9d9-ddb5-4fa4-a97d-d965ccfc6d4b" outcome="Passed" testListId="8c84fa94-04c1-424b-9868-57a2d4851a1d" relativeResultsDirectory="50686f19-813e-4e3b-ac40-a07f4f893303">
      <Output>
        <StdOut>SCENARIO: SendMessageByVariableVacancyName [phoneNumber: "&lt;null&gt;"]&#xD;
  STEP 1/5: GIVEN a company...&#xD;
  STEP 1/5: GIVEN a company (Passed after 92ms)&#xD;
  STEP 2/5: AND the authenticated user...&#xD;
  STEP 2/5: AND the authenticated user (Passed after 218ms)&#xD;
  STEP 3/5: Add Additional Data...&#xD;
  STEP 3/5: Add Additional Data (Passed after 651ms)&#xD;
  STEP 4/5: WHEN SendMessage [phoneNumber: "&lt;null&gt;"]...&#xD;
  STEP 4/5: WHEN SendMessage [phoneNumber: "&lt;null&gt;"] (Passed after 3s 095ms)&#xD;
  STEP 5/5: THEN Check Db WithData [phoneNumber: "&lt;null&gt;"]...&#xD;
  STEP 5/5: THEN Check Db WithData [phoneNumber: "&lt;null&gt;"] (Passed after 2s 249ms)&#xD;
  SCENARIO RESULT: Passed after 6s 316ms</StdOut>
      </Output>
    </UnitTestResult>
    <UnitTestResult executionId="1fff9663-e824-44f3-ab40-b10692bbd0b7" testId="1a16c436-b7d6-627a-bd90-e22a598e2b46" testName="Skillaz.Tests.Mongo.MongoFilterTests.Mongo_filter_converter_works(originalFilter: &quot;{ Emails: { $in: [ \&quot;johndoe@example.com\&quot; ] }, Va&quot;..., filterPattern: &quot;{ \&quot;Emails\&quot; : { \&quot;$in\&quot; : [1] }, \&quot;VacancyId\&quot; : &quot;...)" computerName="DESKTOP-F6SKA47" duration="00:00:00.0821419" startTime="2021-12-16T16:16:29.4256153+03:00" endTime="2021-12-16T16:16:29.4256157+03:00" testType="13cdc9d9-ddb5-4fa4-a97d-d965ccfc6d4b" outcome="Passed" testListId="8c84fa94-04c1-424b-9868-57a2d4851a1d" relativeResultsDirectory="1fff9663-e824-44f3-ab40-b10692bbd0b7" />
    <UnitTestResult executionId="8b5fb116-7f2c-4c1f-89f0-e85c87a6881b" testId="019b787c-88b2-9680-3a7b-9251d2235f77" testName="Skillaz.Tests.CompanySpecific.X5.Naumen.NaumenSlaTests.Sla_calculates_correctly_for_next_day(candidateTimeZone: 10, sla: 02:00:00, startDate: 2019-12-31T15:30:00.0000000Z, truth: [NaumenTimeRange { From = &quot;2020-01-01 07:00:00&quot;, To = &quot;2020-01-01 09:00:00&quot; }])" computerName="DESKTOP-F6SKA47" duration="00:00:00.0000460" startTime="2021-12-16T16:16:29.3334218+03:00" endTime="2021-12-16T16:16:29.3334223+03:00" testType="13cdc9d9-ddb5-4fa4-a97d-d965ccfc6d4b" outcome="Passed" testListId="8c84fa94-04c1-424b-9868-57a2d4851a1d" relativeResultsDirectory="8b5fb116-7f2c-4c1f-89f0-e85c87a6881b" />
    <UnitTestResult executionId="01ae6846-3282-46ca-884a-73ff1b90d257" testId="019b787c-88b2-9680-3a7b-9251d2235f77" testName="Skillaz.Tests.CompanySpecific.X5.Naumen.NaumenSlaTests.Sla_calculates_correctly_for_next_day(candidateTimeZone: 10, sla: 02:00:00, startDate: 2019-12-31T10:30:00.0000000Z, truth: [NaumenTimeRange { From = &quot;2020-01-01 07:00:00&quot;, To = &quot;2020-01-01 09:00:00&quot; }])" computerName="DESKTOP-F6SKA47" duration="00:00:00.0000370" startTime="2021-12-16T16:16:29.3280434+03:00" endTime="2021-12-16T16:16:29.3280443+03:00" testType="13cdc9d9-ddb5-4fa4-a97d-d965ccfc6d4b" outcome="Passed" testListId="8c84fa94-04c1-424b-9868-57a2d4851a1d" relativeResultsDirectory="01ae6846-3282-46ca-884a-73ff1b90d257" />
    <UnitTestResult executionId="fb44a482-a9f4-471d-82d9-b9c1fbb20d77" testId="019b787c-88b2-9680-3a7b-9251d2235f77" testName="Skillaz.Tests.CompanySpecific.X5.Naumen.NaumenSlaTests.Sla_calculates_correctly_for_next_day(candidateTimeZone: 11, sla: 02:00:00, startDate: 2019-12-31T09:30:00.0000000Z, truth: [NaumenTimeRange { From = &quot;2020-01-01 07:00:00&quot;, To = &quot;2020-01-01 09:00:00&quot; }])" computerName="DESKTOP-F6SKA47" duration="00:00:00.0000321" startTime="2021-12-16T16:16:29.3396393+03:00" endTime="2021-12-16T16:16:29.3396398+03:00" testType="13cdc9d9-ddb5-4fa4-a97d-d965ccfc6d4b" outcome="Passed" testListId="8c84fa94-04c1-424b-9868-57a2d4851a1d" relativeResultsDirectory="fb44a482-a9f4-471d-82d9-b9c1fbb20d77" />
    <UnitTestResult executionId="5204eb14-e3b8-4e0b-8f97-8f88212f92eb" testId="695a69c9-264c-d1c5-2032-535ef4bf39f9" testName="Skillaz.Tests.CompanySpecific.X5.Naumen.NaumenSlaTests.Sla_calculates_correctly_for_split_days(candidateTimeZone: 10, sla: 01:00:00, startDate: 2019-12-31T09:30:00.0000000Z, truth: [NaumenTimeRange { From = &quot;2019-12-31 12:30:00&quot;, To = &quot;2019-12-31 13:00:00&quot; }, NaumenTimeRange { From = &quot;2020-01-01 07:00:00&quot;, To = &quot;2020-01-01 07:30:00&quot; }])" computerName="DESKTOP-F6SKA47" duration="00:00:00.0000976" startTime="2021-12-16T16:16:29.0210574+03:00" endTime="2021-12-16T16:16:29.0210602+03:00" testType="13cdc9d9-ddb5-4fa4-a97d-d965ccfc6d4b" outcome="Passed" testListId="8c84fa94-04c1-424b-9868-57a2d4851a1d" relativeResultsDirectory="5204eb14-e3b8-4e0b-8f97-8f88212f92eb" />
    <UnitTestResult executionId="42780fcd-c052-41f7-9cd9-fe6ee55216f6" testId="44546cdf-1546-6baf-5661-5edc56f5fc22" testName="Skillaz.Tests.Infra.GetNonRandomizedHashCode.Test(str: &quot;Some Other String&quot;, hash: -1939723398)" computerName="DESKTOP-F6SKA47" duration="00:00:00.0004280" startTime="2021-12-16T16:16:29.6056206+03:00" endTime="2021-12-16T16:16:29.6056233+03:00" testType="13cdc9d9-ddb5-4fa4-a97d-d965ccfc6d4b" outcome="Passed" testListId="8c84fa94-04c1-424b-9868-57a2d4851a1d" relativeResultsDirectory="42780fcd-c052-41f7-9cd9-fe6ee55216f6" />
    <UnitTestResult executionId="c5ad6cc1-3dcb-4cf3-acae-9f34e85be47d" testId="ec3cd668-3d93-67fb-04fb-c8283a0b8ee2" testName="Skillaz.Tests.DocumentModels.LegacyVacancyDocuments.LegacyVacancyDocumentWhereAnd_feature.GetIds_ProcessingAll" computerName="DESKTOP-F6SKA47" duration="00:00:00.9534350" startTime="2021-12-16T16:26:23.4280784+03:00" endTime="2021-12-16T16:26:23.4280809+03:00" testType="13cdc9d9-ddb5-4fa4-a97d-d965ccfc6d4b" outcome="Passed" testListId="8c84fa94-04c1-424b-9868-57a2d4851a1d" relativeResultsDirectory="c5ad6cc1-3dcb-4cf3-acae-9f34e85be47d">
      <Output>
        <StdOut>SCENARIO: GetIds ProcessingAll&#xD;
  STEP 1/4: GIVEN a company...&#xD;
  STEP 1/4: GIVEN a company (Passed after 49ms)&#xD;
  STEP 2/4: AND the authenticated user...&#xD;
  STEP 2/4: AND the authenticated user (Passed after 236ms)&#xD;
  STEP 3/4: AND a LegacyVacancyDocuments...&#xD;
  STEP 3/4: AND a LegacyVacancyDocuments (Passed after 124ms)&#xD;
  STEP 4/4: WHEN GetIds Processing compareAll...&#xD;
  STEP 4/4: WHEN GetIds Processing compareAll (Passed after 217ms)&#xD;
  SCENARIO RESULT: Passed after 650ms</StdOut>
      </Output>
    </UnitTestResult>
    <UnitTestResult executionId="3c14f732-7409-41ac-9991-043222d40763" testId="49696ee2-5215-35d8-0ea9-ac56933fd061" testName="Skillaz.Tests.CompanySpecific.Mvideo.MvideoWithoutProfile_feature.Do_archiving_last_vacancy_exclude_without_profile" computerName="DESKTOP-F6SKA47" duration="00:00:13.6312098" startTime="2021-12-16T16:27:01.2814969+03:00" endTime="2021-12-16T16:27:01.2815024+03:00" testType="13cdc9d9-ddb5-4fa4-a97d-d965ccfc6d4b" outcome="Passed" testListId="8c84fa94-04c1-424b-9868-57a2d4851a1d" relativeResultsDirectory="3c14f732-7409-41ac-9991-043222d40763">
      <Output>
        <StdOut>SCENARIO: Do archiving last vacancy exclude without profile&#xD;
  STEP 1/7: GIVEN a company [companyId: "mvideo"]...&#xD;
  STEP 1/7: GIVEN a company [companyId: "mvideo"] (Passed after 115ms)&#xD;
  STEP 2/7: AND the authenticated user...&#xD;
  STEP 2/7: AND the authenticated user (Passed after 466ms)&#xD;
  STEP 3/7: AND the org unit and references...&#xD;
  STEP 3/7: AND the org unit and references (Passed after 2s 097ms)&#xD;
  STEP 4/7: AND the profile and vacancies [countCreatedVacancies: "2"] [isArchiveVacancy: "False"]...&#xD;
  STEP 4/7: AND the profile and vacancies [countCreatedVacancies: "2"] [isArchiveVacancy: "False"] (Passed after 501ms)&#xD;
  STEP 5/7: WHEN archive vacancy [profileId: "61bb3e9a7f10d6937478f0e5"]...&#xD;
  STEP 5/7: WHEN archive vacancy [profileId: "61bb3e9a7f10d6937478f0e5"] (Passed after 2s 620ms)&#xD;
  STEP 6/7: THEN ensure create publication by profile [profileId: "5f05b4c639e7715029e2c705"]...&#xD;
  STEP 6/7: THEN ensure create publication by profile [profileId: "5f05b4c639e7715029e2c705"] (Passed after 1ms)&#xD;
  STEP 7/7: AND ensure remove publication by profile [profileId: "61bb3e9a7f10d6937478f0e5"]...&#xD;
  STEP 7/7: AND ensure remove publication by profile [profileId: "61bb3e9a7f10d6937478f0e5"] (Passed after 1ms)&#xD;
  SCENARIO RESULT: Passed after 5s 905ms</StdOut>
      </Output>
    </UnitTestResult>
    <UnitTestResult executionId="04a18dc3-9c87-45b0-85be-acb2520dfe1b" testId="45a7a009-9bb3-0ea6-366a-60a5606f98dd" testName="Skillaz.Tests.Configurator.SecurityProfile.ConfiguratorSecurityProfileRequest_feature.Request_is_available_to_user_without_confidential_elastic" computerName="DESKTOP-F6SKA47" duration="00:00:10.1410028" startTime="2021-12-16T16:21:29.1024618+03:00" endTime="2021-12-16T16:21:29.1024627+03:00" testType="13cdc9d9-ddb5-4fa4-a97d-d965ccfc6d4b" outcome="Passed" testListId="8c84fa94-04c1-424b-9868-57a2d4851a1d" relativeResultsDirectory="04a18dc3-9c87-45b0-85be-acb2520dfe1b">
      <Output>
        <StdOut>SCENARIO: Request is available to user without confidential elastic&#xD;
  STEP 1/7: GIVEN a company with features "DisableElasticFiltrationForHireRequests"...&#xD;
  STEP 1/7: GIVEN a company with features "DisableElasticFiltrationForHireRequests" (Passed after 891ms)&#xD;
  STEP 2/7: AND the user with security profile [securityProfile: "SecurityProfile"]...&#xD;
  STEP 2/7: AND the user with security profile [securityProfile: "SecurityProfile"] (Passed after 842ms)&#xD;
  STEP 3/7: AND the security profile config by confidential [grantAccessToConfidential: "False"]...&#xD;
  STEP 3/7: AND the security profile config by confidential [grantAccessToConfidential: "False"] (Passed after 392ms)&#xD;
  STEP 4/7: AND the hire request config [hireRequestType: "HireRequest.HireRequest"]...&#xD;
  STEP 4/7: AND the hire request config [hireRequestType: "HireRequest.HireRequest"] (Passed after 888ms)&#xD;
  STEP 5/7: AND the hire requests for confidential...&#xD;
  STEP 5/7: AND the hire requests for confidential (Passed after 75ms)&#xD;
  STEP 6/7: WHEN filter hire requests...&#xD;
  STEP 6/7: WHEN filter hire requests (Passed after 1s 436ms)&#xD;
  STEP 7/7: THEN search elastic filtration available...&#xD;
  STEP 7/7: THEN search elastic filtration available (Passed after 3s 672ms)&#xD;
  SCENARIO RESULT: Passed after 8s 406ms</StdOut>
      </Output>
    </UnitTestResult>
    <UnitTestResult executionId="d8a1d3b1-fea0-4f5a-ac0a-2c04fdf24472" testId="0cf6904e-f56a-1b33-15af-595cd9c3cd0a" testName="Skillaz.Tests.Request.X5.X5GetRequestListCommand_feature.Result_list_should_have_two_prioritized_org_unit_types_on_first_two_positions_ordered_by_org_unit_type" computerName="DESKTOP-F6SKA47" duration="00:00:09.1168578" startTime="2021-12-16T16:24:59.9889499+03:00" endTime="2021-12-16T16:24:59.9889572+03:00" testType="13cdc9d9-ddb5-4fa4-a97d-d965ccfc6d4b" outcome="Passed" testListId="8c84fa94-04c1-424b-9868-57a2d4851a1d" relativeResultsDirectory="d8a1d3b1-fea0-4f5a-ac0a-2c04fdf24472">
      <Output>
        <StdOut>SCENARIO: Result list should have two prioritized org unit types on first two positions ordered by org unit type&#xD;
  STEP 1/16: GIVEN a company [companyId: "61bb3e237f10d6937478e068"]...&#xD;
  STEP 1/16: GIVEN a company [companyId: "61bb3e237f10d6937478e068"] (Passed after 180ms)&#xD;
  STEP 2/16: AND the vacancy in the company...&#xD;
  STEP 2/16: AND the vacancy in the company (Passed after 88ms)&#xD;
  STEP 3/16: AND candidate "Skillaz.Candidate.Contract.Documents.Candidate.CandidateDocument"...&#xD;
  STEP 3/16: AND candidate "Skillaz.Candidate.Contract.Documents.Candidate.CandidateDocument" (Passed after 196ms)&#xD;
  STEP 4/16: AND request "Skillaz.Candidate.Contract.Request.RequestDocument"...&#xD;
  STEP 4/16: AND request "Skillaz.Candidate.Contract.Request.RequestDocument" (Passed after 205ms)&#xD;
  STEP 5/16: AND request "Skillaz.Candidate.Contract.Request.RequestDocument"...&#xD;
  STEP 5/16: AND request "Skillaz.Candidate.Contract.Request.RequestDocument" (Passed after 5ms)&#xD;
  STEP 6/16: AND request "Skillaz.Candidate.Contract.Request.RequestDocument"...&#xD;
  STEP 6/16: AND request "Skillaz.Candidate.Contract.Request.RequestDocument" (Passed after 3ms)&#xD;
  STEP 7/16: AND request "Skillaz.Candidate.Contract.Request.RequestDocument"...&#xD;
  STEP 7/16: AND request "Skillaz.Candidate.Contract.Request.RequestDocument" (Passed after 2ms)&#xD;
  STEP 8/16: AND request "Skillaz.Candidate.Contract.Request.RequestDocument"...&#xD;
  STEP 8/16: AND request "Skillaz.Candidate.Contract.Request.RequestDocument" (Passed after 1ms)&#xD;
  STEP 9/16: AND request "Skillaz.Candidate.Contract.Request.RequestDocument"...&#xD;
  STEP 9/16: AND request "Skillaz.Candidate.Contract.Request.RequestDocument" (Passed after 1ms)&#xD;
  STEP 10/16: AND request "Skillaz.Candidate.Contract.Request.RequestDocument"...&#xD;
  STEP 10/16: AND request "Skillaz.Candidate.Contract.Request.RequestDocument" (Passed after 3ms)&#xD;
  STEP 11/16: AND request "Skillaz.Candidate.Contract.Request.RequestDocument"...&#xD;
  STEP 11/16: AND request "Skillaz.Candidate.Contract.Request.RequestDocument" (Passed after 3ms)&#xD;
  STEP 12/16: AND request "Skillaz.Candidate.Contract.Request.RequestDocument"...&#xD;
  STEP 12/16: AND request "Skillaz.Candidate.Contract.Request.RequestDocument" (Passed after 55ms)&#xD;
  STEP 13/16: AND created indexes for requests...&#xD;
  STEP 13/16: AND created indexes for requests (Passed after 5s 432ms)&#xD;
  STEP 14/16: AND candidate profile [candidateProfileDocument: "Skillaz.Candidate.Contract.Documents.CandidateProfile.CandidateProfileDocument"]...&#xD;
  STEP 14/16: AND candidate profile [candidateProfileDocument: "Skillaz.Candidate.Contract.Documents.CandidateProfile.CandidateProfileDocument"] (Passed after 256ms)&#xD;
  STEP 15/16: WHEN getting available requests list...&#xD;
  STEP 15/16: WHEN getting available requests list (Passed after 246ms)&#xD;
  STEP 16/16: THEN first two result elements must contain all prioritized org unit types ordered by org unit type...&#xD;
  STEP 16/16: THEN first two result elements must contain all prioritized org unit types ordered by org unit type (Passed after 11ms)&#xD;
  SCENARIO RESULT: Passed after 6s 800ms</StdOut>
      </Output>
    </UnitTestResult>
    <UnitTestResult executionId="794ee98a-092b-4414-b31a-8ca2fa14b430" testId="019b787c-88b2-9680-3a7b-9251d2235f77" testName="Skillaz.Tests.CompanySpecific.X5.Naumen.NaumenSlaTests.Sla_calculates_correctly_for_next_day(candidateTimeZone: 9, sla: 02:00:00, startDate: 2020-01-01T02:30:00.0000000Z, truth: [NaumenTimeRange { From = &quot;2020-01-01 07:00:00&quot;, To = &quot;2020-01-01 09:00:00&quot; }])" computerName="DESKTOP-F6SKA47" duration="00:00:00.0000549" startTime="2021-12-16T16:16:29.3231864+03:00" endTime="2021-12-16T16:16:29.3231867+03:00" testType="13cdc9d9-ddb5-4fa4-a97d-d965ccfc6d4b" outcome="Passed" testListId="8c84fa94-04c1-424b-9868-57a2d4851a1d" relativeResultsDirectory="794ee98a-092b-4414-b31a-8ca2fa14b430" />
    <UnitTestResult executionId="a5d20a05-e5da-415c-957c-28a072384104" testId="695a69c9-264c-d1c5-2032-535ef4bf39f9" testName="Skillaz.Tests.CompanySpecific.X5.Naumen.NaumenSlaTests.Sla_calculates_correctly_for_split_days(candidateTimeZone: 6, sla: 07:00:00, startDate: 2019-12-31T10:30:00.0000000Z, truth: [NaumenTimeRange { From = &quot;2019-12-31 13:30:00&quot;, To = &quot;2019-12-31 17:00:00&quot; }, NaumenTimeRange { From = &quot;2020-01-01 07:00:00&quot;, To = &quot;2020-01-01 10:30:00&quot; }])" computerName="DESKTOP-F6SKA47" duration="00:00:00.0000554" startTime="2021-12-16T16:16:29.0016850+03:00" endTime="2021-12-16T16:16:29.0016856+03:00" testType="13cdc9d9-ddb5-4fa4-a97d-d965ccfc6d4b" outcome="Passed" testListId="8c84fa94-04c1-424b-9868-57a2d4851a1d" relativeResultsDirectory="a5d20a05-e5da-415c-957c-28a072384104" />
    <UnitTestResult executionId="1258d7f4-23b9-40f2-a65a-a8cb771e96b3" testId="58f4312f-3bdc-1c00-4454-9d12f89e5084" testName="Skillaz.Tests.TaskTracker.TaskDashboardController_feature.OpenNextTask" computerName="DESKTOP-F6SKA47" duration="00:00:09.5276444" startTime="2021-12-16T16:23:05.0530306+03:00" endTime="2021-12-16T16:23:05.0530339+03:00" testType="13cdc9d9-ddb5-4fa4-a97d-d965ccfc6d4b" outcome="Passed" testListId="8c84fa94-04c1-424b-9868-57a2d4851a1d" relativeResultsDirectory="1258d7f4-23b9-40f2-a65a-a8cb771e96b3">
      <Output>
        <StdOut>SCENARIO: OpenNextTask&#xD;
  STEP 1/8: GIVEN Given a company...&#xD;
  STEP 1/8: GIVEN Given a company (Passed after 379ms)&#xD;
  STEP 2/8: AND Given a client configuration...&#xD;
  STEP 2/8: AND Given a client configuration (Passed after 3ms)&#xD;
  STEP 3/8: AND Given the authenticated user...&#xD;
  STEP 3/8: AND Given the authenticated user (Passed after 1s 233ms)&#xD;
  STEP 4/8: AND Given a funnel...&#xD;
  STEP 4/8: AND Given a funnel (Passed after 437ms)&#xD;
  STEP 5/8: AND Given a candidate...&#xD;
  STEP 5/8: AND Given a candidate (Passed after 467ms)&#xD;
  STEP 6/8: AND Given a tasks open [assigneeUser: "&lt;null&gt;"] [activationTime: "12/16/2021 15:22:58"] [taskStatus: "Created"]...&#xD;
  STEP 6/8: AND Given a tasks open [assigneeUser: "&lt;null&gt;"] [activationTime: "12/16/2021 15:22:58"] [taskStatus: "Created"] (Passed after 917ms)&#xD;
  STEP 7/8: WHEN When OpenNextTask...&#xD;
  STEP 7/8: WHEN When OpenNextTask (Passed after 2s 169ms)&#xD;
  STEP 8/8: THEN Then OpenNextTask...&#xD;
  STEP 8/8: THEN Then OpenNextTask (Passed after 295ms)&#xD;
  SCENARIO RESULT: Passed after 5s 935ms</StdOut>
      </Output>
    </UnitTestResult>
    <UnitTestResult executionId="4f1a1046-ac44-4c32-b4de-a2656f4de9f7" testId="f794f473-ad02-6ab0-a6ad-ccef8c0419b5" testName="Расширение файла не должно поддерживается системой(fileName: &quot;Image.webp&quot;)" computerName="DESKTOP-F6SKA47" duration="00:00:00.0055862" startTime="2021-12-16T16:16:30.9822795+03:00" endTime="2021-12-16T16:16:30.9822956+03:00" testType="13cdc9d9-ddb5-4fa4-a97d-d965ccfc6d4b" outcome="Passed" testListId="8c84fa94-04c1-424b-9868-57a2d4851a1d" relativeResultsDirectory="4f1a1046-ac44-4c32-b4de-a2656f4de9f7" />
    <UnitTestResult executionId="4242f31f-9d77-415f-8c8d-0a5f9830e5fc" testId="62687f93-d2e4-2ead-56f5-a952102e794a" testName="Skillaz.Tests.Publication.VacancyPublicationRule_feature.Vacancy_publication_rule_works_for_hh_and_requests" computerName="DESKTOP-F6SKA47" duration="00:00:25.2997041" startTime="2021-12-16T16:27:16.2720939+03:00" endTime="2021-12-16T16:27:16.2720968+03:00" testType="13cdc9d9-ddb5-4fa4-a97d-d965ccfc6d4b" outcome="Passed" testListId="8c84fa94-04c1-424b-9868-57a2d4851a1d" relativeResultsDirectory="4242f31f-9d77-415f-8c8d-0a5f9830e5fc">
      <Output>
        <StdOut>SCENARIO: Vacancy publication rule works for hh and requests&#xD;
  STEP 1/11: GIVEN a company...&#xD;
  STEP 1/11: GIVEN a company (Passed after 210ms)&#xD;
  STEP 2/11: AND the authenticated user...&#xD;
  STEP 2/11: AND the authenticated user (Passed after 306ms)&#xD;
  STEP 3/11: AND the vacancy in the company...&#xD;
  STEP 3/11: AND the vacancy in the company (Passed after 204ms)&#xD;
  STEP 4/11: AND request without hh publication...&#xD;
  STEP 4/11: AND request without hh publication (Passed after 258ms)&#xD;
  STEP 5/11: AND hh account...&#xD;
  STEP 5/11: AND hh account (Passed after 214ms)&#xD;
  STEP 6/11: AND hh publication template...&#xD;
  STEP 6/11: AND hh publication template (Passed after 108ms)&#xD;
  STEP 7/11: AND active hh publication rule...&#xD;
  STEP 7/11: AND active hh publication rule (Passed after 14s 419ms)&#xD;
  STEP 8/11: WHEN vacancy publication rule is triggered...&#xD;
  STEP 8/11: WHEN vacancy publication rule is triggered (Passed after 5s 846ms)&#xD;
  STEP 9/11: THEN hh vacancy is linked to request...&#xD;
  STEP 9/11: THEN hh vacancy is linked to request (Passed after 111ms)&#xD;
  STEP 10/11: AND there is successful publication attempt...&#xD;
  STEP 10/11: AND there is successful publication attempt (Passed after 311ms)&#xD;
  STEP 11/11: AND rule is successfully finished...&#xD;
  STEP 11/11: AND rule is successfully finished (Passed after 545ms)&#xD;
  SCENARIO RESULT: Passed after 22s 569ms</StdOut>
      </Output>
    </UnitTestResult>
    <UnitTestResult executionId="1917407d-bd9e-4d0a-81dd-5ed81f5e056a" testId="019b787c-88b2-9680-3a7b-9251d2235f77" testName="Skillaz.Tests.CompanySpecific.X5.Naumen.NaumenSlaTests.Sla_calculates_correctly_for_next_day(candidateTimeZone: 5, sla: 02:00:00, startDate: 2020-01-01T04:00:00.0000000Z, truth: [NaumenTimeRange { From = &quot;2020-01-01 07:00:00&quot;, To = &quot;2020-01-01 09:00:00&quot; }])" computerName="DESKTOP-F6SKA47" duration="00:00:00.0000416" startTime="2021-12-16T16:16:29.1171969+03:00" endTime="2021-12-16T16:16:29.1171986+03:00" testType="13cdc9d9-ddb5-4fa4-a97d-d965ccfc6d4b" outcome="Passed" testListId="8c84fa94-04c1-424b-9868-57a2d4851a1d" relativeResultsDirectory="1917407d-bd9e-4d0a-81dd-5ed81f5e056a" />
    <UnitTestResult executionId="2ec33bee-4cb9-4477-9b58-3f4bfbb507c2" testId="2a62cead-e620-26d3-a5ba-1cc8e4102c3f" testName="Skillaz.Tests.CompanySpecific.Mvideo.MvideoOpenApiSapAvaliablePositionsHireNeedBatchRequest_feature.CheckAvaliablePositionsInHireNeedAfterOpenApiRequest_InHold(staffCount: 6, employeesCount: 4, manualApprovedCounts: [1], batchOrgItems: (5, 4), expected: (1, Кейс 3. Размер поиска = 1))" computerName="DESKTOP-F6SKA47" duration="00:00:00.0010000" startTime="2021-12-16T16:29:36.4435911+03:00" endTime="2021-12-16T16:29:36.4435934+03:00" testType="13cdc9d9-ddb5-4fa4-a97d-d965ccfc6d4b" outcome="NotExecuted" testListId="8c84fa94-04c1-424b-9868-57a2d4851a1d" relativeResultsDirectory="2ec33bee-4cb9-4477-9b58-3f4bfbb507c2">
      <Output>
        <StdOut>Вернуть тесты после правок по потребностям Mvideo</StdOut>
      </Output>
    </UnitTestResult>
    <UnitTestResult executionId="2aefcfb6-4b51-4ed9-9411-03013cc78154" testId="d8f15258-ef5c-40a8-76a4-5331e010e495" testName="Skillaz.Tests.Authorization.LoginCommand_feature.Do_incorrect_login_by_username_expects_attempts_increment" computerName="DESKTOP-F6SKA47" duration="00:00:03.9262151" startTime="2021-12-16T16:24:36.8208510+03:00" endTime="2021-12-16T16:24:36.8208524+03:00" testType="13cdc9d9-ddb5-4fa4-a97d-d965ccfc6d4b" outcome="Passed" testListId="8c84fa94-04c1-424b-9868-57a2d4851a1d" relativeResultsDirectory="2aefcfb6-4b51-4ed9-9411-03013cc78154">
      <Output>
        <StdOut>SCENARIO: Do incorrect login by username expects attempts increment&#xD;
  STEP 1/4: GIVEN a company...&#xD;
  STEP 1/4: GIVEN a company (Passed after 251ms)&#xD;
  STEP 2/4: AND a user...&#xD;
  STEP 2/4: AND a user (Passed after 985ms)&#xD;
  STEP 3/4: WHEN doing a failing login "v.pupkin" attempt...&#xD;
  STEP 3/4: WHEN doing a failing login "v.pupkin" attempt (Passed after 1s 246ms)&#xD;
  STEP 4/4: THEN ensure that login attempts incremented...&#xD;
  STEP 4/4: THEN ensure that login attempts incremented (Passed after 512ms)&#xD;
  SCENARIO RESULT: Passed after 3s 008ms</StdOut>
      </Output>
    </UnitTestResult>
    <UnitTestResult executionId="89699898-2311-4b10-8d76-545e43e70fb8" testId="019b787c-88b2-9680-3a7b-9251d2235f77" testName="Skillaz.Tests.CompanySpecific.X5.Naumen.NaumenSlaTests.Sla_calculates_correctly_for_next_day(candidateTimeZone: 12, sla: 02:00:00, startDate: 2019-12-31T19:30:00.0000000Z, truth: [NaumenTimeRange { From = &quot;2020-01-01 07:00:00&quot;, To = &quot;2020-01-01 09:00:00&quot; }])" computerName="DESKTOP-F6SKA47" duration="00:00:00.0000483" startTime="2021-12-16T16:16:29.3759021+03:00" endTime="2021-12-16T16:16:29.3759030+03:00" testType="13cdc9d9-ddb5-4fa4-a97d-d965ccfc6d4b" outcome="Passed" testListId="8c84fa94-04c1-424b-9868-57a2d4851a1d" relativeResultsDirectory="89699898-2311-4b10-8d76-545e43e70fb8" />
    <UnitTestResult executionId="b61373c4-14ff-4d61-b3d6-247b6dd1aac2" testId="ab9cfe16-659a-adfe-f3c9-a975bf86f43e" testName="Skillaz.Tests.Configurator.DocumentModel.CreateHireRequests.СозданиеЗаявок" computerName="DESKTOP-F6SKA47" duration="00:00:06.0411902" startTime="2021-12-16T16:20:48.1520373+03:00" endTime="2021-12-16T16:20:48.1520398+03:00" testType="13cdc9d9-ddb5-4fa4-a97d-d965ccfc6d4b" outcome="Passed" testListId="8c84fa94-04c1-424b-9868-57a2d4851a1d" relativeResultsDirectory="b61373c4-14ff-4d61-b3d6-247b6dd1aac2">
      <Output>
        <StdOut>SCENARIO: СозданиеЗаявок&#xD;
  STEP 1/6: GIVEN a company...&#xD;
  STEP 1/6: GIVEN a company (Passed after 116ms)&#xD;
  STEP 2/6: AND the authenticated user...&#xD;
  STEP 2/6: AND the authenticated user (Passed after 367ms)&#xD;
  STEP 3/6: Загрузить модель заявок...&#xD;
  STEP 3/6: Загрузить модель заявок (Passed after 810ms)&#xD;
  STEP 4/6: Подготовить конфигурацию...&#xD;
  STEP 4/6: Подготовить конфигурацию (Passed after 1s 023ms)&#xD;
  STEP 5/6: Создать заявки...&#xD;
  STEP 5/6: Создать заявки (Passed after 2s 619ms)&#xD;
  STEP 6/6: Проверить заявки...&#xD;
  STEP 6/6: Проверить заявки (Passed after 436ms)&#xD;
  SCENARIO RESULT: Passed after 5s 494ms</StdOut>
      </Output>
    </UnitTestResult>
    <UnitTestResult executionId="ac1b55c6-ef14-4b77-aa3f-aa87a13e7b3c" testId="019b787c-88b2-9680-3a7b-9251d2235f77" testName="Skillaz.Tests.CompanySpecific.X5.Naumen.NaumenSlaTests.Sla_calculates_correctly_for_next_day(candidateTimeZone: 12, sla: 02:00:00, startDate: 2019-12-31T08:30:00.0000000Z, truth: [NaumenTimeRange { From = &quot;2020-01-01 07:00:00&quot;, To = &quot;2020-01-01 09:00:00&quot; }])" computerName="DESKTOP-F6SKA47" duration="00:00:00.0000694" startTime="2021-12-16T16:16:29.3688594+03:00" endTime="2021-12-16T16:16:29.3688598+03:00" testType="13cdc9d9-ddb5-4fa4-a97d-d965ccfc6d4b" outcome="Passed" testListId="8c84fa94-04c1-424b-9868-57a2d4851a1d" relativeResultsDirectory="ac1b55c6-ef14-4b77-aa3f-aa87a13e7b3c" />
    <UnitTestResult executionId="e03ec3c4-179a-477f-9ca4-834d2ee4748a" testId="10f7d5e3-2f06-9fe6-dd97-492cb3bcf954" testName="Skillaz.Tests.Configurator.DocumentModel.DocumentModelFieldBinderTest.DocumentModelBinderParseTest(expression: &quot;DictExtraData.Very.Complex.Field&quot;, expectedType: typeof(Skillaz.Framework.DocumentModel.Binders.DocumentModelDictionaryFieldBinder&lt;Skillaz.Tests.Configurator.DocumentModel.DocumentModelTestDocument&gt;))" computerName="DESKTOP-F6SKA47" duration="00:00:00.0013561" startTime="2021-12-16T16:16:31.1085792+03:00" endTime="2021-12-16T16:16:31.1085812+03:00" testType="13cdc9d9-ddb5-4fa4-a97d-d965ccfc6d4b" outcome="Passed" testListId="8c84fa94-04c1-424b-9868-57a2d4851a1d" relativeResultsDirectory="e03ec3c4-179a-477f-9ca4-834d2ee4748a" />
    <UnitTestResult executionId="f32829b0-aad6-4fa6-8b7c-d4071ce611a1" testId="019b787c-88b2-9680-3a7b-9251d2235f77" testName="Skillaz.Tests.CompanySpecific.X5.Naumen.NaumenSlaTests.Sla_calculates_correctly_for_next_day(candidateTimeZone: 11, sla: 02:00:00, startDate: 2019-12-31T18:30:00.0000000Z, truth: [NaumenTimeRange { From = &quot;2020-01-01 07:00:00&quot;, To = &quot;2020-01-01 09:00:00&quot; }])" computerName="DESKTOP-F6SKA47" duration="00:00:00.0000649" startTime="2021-12-16T16:16:29.3600452+03:00" endTime="2021-12-16T16:16:29.3600456+03:00" testType="13cdc9d9-ddb5-4fa4-a97d-d965ccfc6d4b" outcome="Passed" testListId="8c84fa94-04c1-424b-9868-57a2d4851a1d" relativeResultsDirectory="f32829b0-aad6-4fa6-8b7c-d4071ce611a1" />
    <UnitTestResult executionId="249d9f85-eec0-426b-b345-e756b5575148" testId="08d63d15-d027-0d90-4dac-94fd198fd066" testName="Skillaz.Tests.Candidate.Elastic.CandidateElasticFiltration_feature.Retrieving_a_candidate_by_nonexistent_id" computerName="DESKTOP-F6SKA47" duration="00:00:00.0010000" startTime="2021-12-16T16:24:39.9346741+03:00" endTime="2021-12-16T16:24:39.9346755+03:00" testType="13cdc9d9-ddb5-4fa4-a97d-d965ccfc6d4b" outcome="NotExecuted" testListId="8c84fa94-04c1-424b-9868-57a2d4851a1d" relativeResultsDirectory="249d9f85-eec0-426b-b345-e756b5575148">
      <Output>
        <StdOut>You need Elasticsearch 7.5 local instance on 9200 port</StdOut>
      </Output>
    </UnitTestResult>
    <UnitTestResult executionId="018f41d9-ef91-492e-b52a-28ed82ace091" testId="019b787c-88b2-9680-3a7b-9251d2235f77" testName="Skillaz.Tests.CompanySpecific.X5.Naumen.NaumenSlaTests.Sla_calculates_correctly_for_next_day(candidateTimeZone: 10, sla: 02:00:00, startDate: 2019-12-31T17:30:00.0000000Z, truth: [NaumenTimeRange { From = &quot;2020-01-01 07:00:00&quot;, To = &quot;2020-01-01 09:00:00&quot; }])" computerName="DESKTOP-F6SKA47" duration="00:00:00.0000517" startTime="2021-12-16T16:16:29.3336677+03:00" endTime="2021-12-16T16:16:29.3336681+03:00" testType="13cdc9d9-ddb5-4fa4-a97d-d965ccfc6d4b" outcome="Passed" testListId="8c84fa94-04c1-424b-9868-57a2d4851a1d" relativeResultsDirectory="018f41d9-ef91-492e-b52a-28ed82ace091" />
    <UnitTestResult executionId="712648aa-0479-4498-8b57-e7bca7944936" testId="019b787c-88b2-9680-3a7b-9251d2235f77" testName="Skillaz.Tests.CompanySpecific.X5.Naumen.NaumenSlaTests.Sla_calculates_correctly_for_next_day(candidateTimeZone: 12, sla: 02:00:00, startDate: 2020-01-01T03:00:00.0000000Z, truth: [NaumenTimeRange { From = &quot;2020-01-01 07:00:00&quot;, To = &quot;2020-01-01 09:00:00&quot; }])" computerName="DESKTOP-F6SKA47" duration="00:00:00.0000559" startTime="2021-12-16T16:16:29.3826978+03:00" endTime="2021-12-16T16:16:29.3826985+03:00" testType="13cdc9d9-ddb5-4fa4-a97d-d965ccfc6d4b" outcome="Passed" testListId="8c84fa94-04c1-424b-9868-57a2d4851a1d" relativeResultsDirectory="712648aa-0479-4498-8b57-e7bca7944936" />
    <UnitTestResult executionId="c4ddbe75-92bb-4fd4-b2fd-abb554c00cf9" testId="019b787c-88b2-9680-3a7b-9251d2235f77" testName="Skillaz.Tests.CompanySpecific.X5.Naumen.NaumenSlaTests.Sla_calculates_correctly_for_next_day(candidateTimeZone: 4, sla: 02:00:00, startDate: 2020-01-01T00:00:00.0000000Z, truth: [NaumenTimeRange { From = &quot;2020-01-01 08:00:00&quot;, To = &quot;2020-01-01 10:00:00&quot; }])" computerName="DESKTOP-F6SKA47" duration="00:00:00.0000416" startTime="2021-12-16T16:16:29.0935388+03:00" endTime="2021-12-16T16:16:29.0935394+03:00" testType="13cdc9d9-ddb5-4fa4-a97d-d965ccfc6d4b" outcome="Passed" testListId="8c84fa94-04c1-424b-9868-57a2d4851a1d" relativeResultsDirectory="c4ddbe75-92bb-4fd4-b2fd-abb554c00cf9" />
    <UnitTestResult executionId="f84d4c6c-dba4-4b52-84b2-c29e78b5eb26" testId="cf67c2fb-5ef6-0a1a-f3c9-3f3d6bc904eb" testName="Skillaz.Tests.OpenApi.OrgStructureApi.OrgEntityStateChange_feature.Org_unit_position_activating_not_existing" computerName="DESKTOP-F6SKA47" duration="00:00:03.4771103" startTime="2021-12-16T16:27:40.2827914+03:00" endTime="2021-12-16T16:27:40.2827967+03:00" testType="13cdc9d9-ddb5-4fa4-a97d-d965ccfc6d4b" outcome="Passed" testListId="8c84fa94-04c1-424b-9868-57a2d4851a1d" relativeResultsDirectory="f84d4c6c-dba4-4b52-84b2-c29e78b5eb26">
      <Output>
        <StdOut>SCENARIO: Org unit position activating not existing&#xD;
  STEP 1/6: GIVEN a company...&#xD;
  STEP 1/6: GIVEN a company (Passed after 170ms)&#xD;
  STEP 2/6: AND the authenticated api user...&#xD;
  STEP 2/6: AND the authenticated api user (Passed after 239ms)&#xD;
  STEP 3/6: AND an org unit position archived...&#xD;
  STEP 3/6: AND an org unit position archived (Passed after 78ms)&#xD;
  STEP 4/6: WHEN activating random org unit position...&#xD;
  STEP 4/6: WHEN activating random org unit position (Passed after 1s 067ms)&#xD;
  STEP 5/6: THEN result is not found...&#xD;
  STEP 5/6: THEN result is not found (Passed after &lt;1ms)&#xD;
  STEP 6/6: AND call publish async count zero...&#xD;
  STEP 6/6: AND call publish async count zero (Passed after &lt;1ms)&#xD;
  SCENARIO RESULT: Passed after 1s 594ms</StdOut>
      </Output>
    </UnitTestResult>
    <UnitTestResult executionId="7ab8bab9-5561-4d06-b65e-1ba667bc5590" testId="019b787c-88b2-9680-3a7b-9251d2235f77" testName="Skillaz.Tests.CompanySpecific.X5.Naumen.NaumenSlaTests.Sla_calculates_correctly_for_next_day(candidateTimeZone: 9, sla: 02:00:00, startDate: 2019-12-31T23:00:00.0000000Z, truth: [NaumenTimeRange { From = &quot;2020-01-01 07:00:00&quot;, To = &quot;2020-01-01 09:00:00&quot; }])" computerName="DESKTOP-F6SKA47" duration="00:00:00.0000433" startTime="2021-12-16T16:16:29.3192558+03:00" endTime="2021-12-16T16:16:29.3192577+03:00" testType="13cdc9d9-ddb5-4fa4-a97d-d965ccfc6d4b" outcome="Passed" testListId="8c84fa94-04c1-424b-9868-57a2d4851a1d" relativeResultsDirectory="7ab8bab9-5561-4d06-b65e-1ba667bc5590" />
    <UnitTestResult executionId="1a9c17aa-55a9-46f6-8fa1-3b685f11f85a" testId="f978b6ed-2a41-d2df-7792-e9aeb9169494" testName="Skillaz.Tests.TaskTracker.TaskVacancyFilter_feature.Task_is_not_created_if_vacancy_is_not_matched_by_vacancy_filter_loaded_from_configuration" computerName="DESKTOP-F6SKA47" duration="00:00:07.6522248" startTime="2021-12-16T16:24:03.6791159+03:00" endTime="2021-12-16T16:24:03.6791187+03:00" testType="13cdc9d9-ddb5-4fa4-a97d-d965ccfc6d4b" outcome="Passed" testListId="8c84fa94-04c1-424b-9868-57a2d4851a1d" relativeResultsDirectory="1a9c17aa-55a9-46f6-8fa1-3b685f11f85a">
      <Output>
        <StdOut>SCENARIO: Task is not created if vacancy is not matched by vacancy filter loaded from configuration&#xD;
  STEP 1/9: GIVEN a company...&#xD;
  STEP 1/9: GIVEN a company (Passed after 458ms)&#xD;
  STEP 2/9: AND the authenticated user...&#xD;
  STEP 2/9: AND the authenticated user (Passed after 1s 054ms)&#xD;
  STEP 3/9: AND the client configuration for company...&#xD;
  STEP 3/9: AND the client configuration for company (Passed after 1s 723ms)&#xD;
  STEP 4/9: AND a candidate in a vacancy...&#xD;
  STEP 4/9: AND a candidate in a vacancy (Passed after 788ms)&#xD;
  STEP 5/9: AND vacancy filter configuration...&#xD;
  STEP 5/9: AND vacancy filter configuration (Passed after 781ms)&#xD;
  STEP 6/9: AND task tracker configuration with another vacancy test field filter...&#xD;
  STEP 6/9: AND task tracker configuration with another vacancy test field filter (Passed after 190ms)&#xD;
  STEP 7/9: WHEN vacancy test field is to match by filter...&#xD;
  STEP 7/9: WHEN vacancy test field is to match by filter (Passed after 1s 121ms)&#xD;
  STEP 8/9: AND candidate state changed...&#xD;
  STEP 8/9: AND candidate state changed (Passed after 1s 140ms)&#xD;
  STEP 9/9: THEN no task is created for candidate...&#xD;
  STEP 9/9: THEN no task is created for candidate (Passed after 138ms)&#xD;
  SCENARIO RESULT: Passed after 7s 413ms</StdOut>
      </Output>
    </UnitTestResult>
    <UnitTestResult executionId="61d18514-61d7-48b2-8852-e4beaf927314" testId="c3f41930-b4e1-475b-0763-4968927d9d37" testName="Расширение файла совпадает с его содержимым(fileName: &quot;Image.png&quot;)" computerName="DESKTOP-F6SKA47" duration="00:00:00.2649005" startTime="2021-12-16T16:16:30.8143594+03:00" endTime="2021-12-16T16:16:30.8143688+03:00" testType="13cdc9d9-ddb5-4fa4-a97d-d965ccfc6d4b" outcome="Passed" testListId="8c84fa94-04c1-424b-9868-57a2d4851a1d" relativeResultsDirectory="61d18514-61d7-48b2-8852-e4beaf927314" />
    <UnitTestResult executionId="00a642bc-0d84-4877-8082-7616bd92a4bb" testId="b86558cc-1b48-6644-c817-e88e276a491f" testName="Skillaz.Tests.Configurator.SecurityProfile.ConfiguratorSecurityProfileRequest_feature.Request_is_available_to_user_by_extra_data_field" computerName="DESKTOP-F6SKA47" duration="00:00:14.1532365" startTime="2021-12-16T16:21:20.1852532+03:00" endTime="2021-12-16T16:21:20.1852555+03:00" testType="13cdc9d9-ddb5-4fa4-a97d-d965ccfc6d4b" outcome="Passed" testListId="8c84fa94-04c1-424b-9868-57a2d4851a1d" relativeResultsDirectory="00a642bc-0d84-4877-8082-7616bd92a4bb">
      <Output>
        <StdOut>SCENARIO: Request is available to user by extra data field&#xD;
  STEP 1/7: GIVEN a company...&#xD;
  STEP 1/7: GIVEN a company (Passed after 276ms)&#xD;
  STEP 2/7: AND the user with security profile [securityProfile: "SecurityProfile"]...&#xD;
  STEP 2/7: AND the user with security profile [securityProfile: "SecurityProfile"] (Passed after 762ms)&#xD;
  STEP 3/7: AND the security profile config by extra data...&#xD;
  STEP 3/7: AND the security profile config by extra data (Passed after 362ms)&#xD;
  STEP 4/7: AND the hire request config [hireRequestType: "HireRequest.HireRequest"]...&#xD;
  STEP 4/7: AND the hire request config [hireRequestType: "HireRequest.HireRequest"] (Passed after 719ms)&#xD;
  STEP 5/7: AND the hire requests for extra data...&#xD;
  STEP 5/7: AND the hire requests for extra data (Passed after 378ms)&#xD;
  STEP 6/7: WHEN filter hire requests...&#xD;
  STEP 6/7: WHEN filter hire requests (Passed after 9s 973ms)&#xD;
  STEP 7/7: THEN request visibility check...&#xD;
  STEP 7/7: THEN request visibility check (Passed after 120ms)&#xD;
  SCENARIO RESULT: Passed after 12s 651ms</StdOut>
      </Output>
    </UnitTestResult>
    <UnitTestResult executionId="5772731c-7d5c-406a-b4e1-d91b150e7086" testId="f727b248-9add-f920-b0ce-770364245e70" testName="Skillaz.Tests.Candidate.Elastic.CandidateElasticMultiselectFiltration_feature.MultiLineFilterCheck(filter: (Skillaz.Candidate.Contract.CandidateSearchFilter, Skillaz.Candidate.Contract.CandidateSearchFilterCommon), result: (1, SearchSettingsType.All, phrases: вуз технолог KGTU))" computerName="DESKTOP-F6SKA47" duration="00:00:00.0010000" startTime="2021-12-16T16:26:50.1149060+03:00" endTime="2021-12-16T16:26:50.1149078+03:00" testType="13cdc9d9-ddb5-4fa4-a97d-d965ccfc6d4b" outcome="NotExecuted" testListId="8c84fa94-04c1-424b-9868-57a2d4851a1d" relativeResultsDirectory="5772731c-7d5c-406a-b4e1-d91b150e7086">
      <Output>
        <StdOut>You need Elasticsearch 7.5 local instance on 9200 port</StdOut>
      </Output>
    </UnitTestResult>
    <UnitTestResult executionId="08c02f4e-4b28-49ff-8333-3595d8b678ec" testId="fcad05ed-2bd0-2cd4-f860-402ee32d9cfc" testName="Skillaz.Tests.Configurator.Deduplication.DeduplicationAction_feature.Check_what_one_action_of_deduplication_completed" computerName="DESKTOP-F6SKA47" duration="00:00:06.8442102" startTime="2021-12-16T16:21:42.7724318+03:00" endTime="2021-12-16T16:21:42.7724364+03:00" testType="13cdc9d9-ddb5-4fa4-a97d-d965ccfc6d4b" outcome="Passed" testListId="8c84fa94-04c1-424b-9868-57a2d4851a1d" relativeResultsDirectory="08c02f4e-4b28-49ff-8333-3595d8b678ec">
      <Output>
        <StdOut>SCENARIO: Check what one action of deduplication completed&#xD;
  STEP 1/7: GIVEN a company...&#xD;
  STEP 1/7: GIVEN a company (Passed after 122ms)&#xD;
  STEP 2/7: AND link action in client configuration...&#xD;
  STEP 2/7: AND link action in client configuration (Passed after 426ms)&#xD;
  STEP 3/7: AND the configuration with action [actions: "AddFieldDeduplicationAction"]...&#xD;
  STEP 3/7: AND the configuration with action [actions: "AddFieldDeduplicationAction"] (Passed after 629ms)&#xD;
  STEP 4/7: AND the vacancy in the company...&#xD;
  STEP 4/7: AND the vacancy in the company (Passed after 520ms)&#xD;
  STEP 5/7: AND the candidate...&#xD;
  STEP 5/7: AND the candidate (Passed after 581ms)&#xD;
  STEP 6/7: WHEN create candidate as duplicate...&#xD;
  STEP 6/7: WHEN create candidate as duplicate (Passed after 3s 767ms)&#xD;
  STEP 7/7: Ensure that specified fields of candidate updated [expectedValues: "FieldSample: FieldValue"]...&#xD;
  STEP 7/7: Ensure that specified fields of candidate updated [expectedValues: "FieldSample: FieldValue"] (Passed after 311ms)&#xD;
  SCENARIO RESULT: Passed after 6s 418ms</StdOut>
      </Output>
    </UnitTestResult>
    <UnitTestResult executionId="62854340-3859-404f-b2a8-11d4787f4b1d" testId="51802d43-c620-7f99-c5b3-8f0de8358537" testName="Skillaz.Tests.TaskTracker.TaskDelayAction_feature.Processing_task_delay_action" computerName="DESKTOP-F6SKA47" duration="00:00:13.7467016" startTime="2021-12-16T16:21:07.7589399+03:00" endTime="2021-12-16T16:21:07.7589449+03:00" testType="13cdc9d9-ddb5-4fa4-a97d-d965ccfc6d4b" outcome="Passed" testListId="8c84fa94-04c1-424b-9868-57a2d4851a1d" relativeResultsDirectory="62854340-3859-404f-b2a8-11d4787f4b1d">
      <Output>
        <StdOut>SCENARIO: Processing task delay action&#xD;
  STEP 1/5: GIVEN a candidate in a vacancy in a company...&#xD;
  STEP 1/5: GIVEN a candidate in a vacancy in a company (Passed after 672ms)&#xD;
  STEP 2/5: AND task delay action...&#xD;
  STEP 2/5: AND task delay action (Passed after 186ms)&#xD;
  STEP 3/5: AND the authenticated user...&#xD;
  STEP 3/5: AND the authenticated user (Passed after 215ms)&#xD;
  STEP 4/5: WHEN processing task delay action...&#xD;
  STEP 4/5: WHEN processing task delay action (Passed after 10s 435ms)&#xD;
  STEP 5/5: THEN the candidate is status changed and task is completed...&#xD;
  STEP 5/5: THEN the candidate is status changed and task is completed (Passed after 302ms)&#xD;
  SCENARIO RESULT: Passed after 11s 837ms</StdOut>
      </Output>
    </UnitTestResult>
    <UnitTestResult executionId="6e579392-a678-47fc-b37e-17f6ba900f2d" testId="694c480e-2bed-c18c-b5db-fa2e622e6d24" testName="Skillaz.Tests.ApiUser.ApiUser_feature.Api_user_can_not_access_candidate_from_the_other_company" computerName="DESKTOP-F6SKA47" duration="00:00:08.9234693" startTime="2021-12-16T16:20:54.6685460+03:00" endTime="2021-12-16T16:20:54.6685530+03:00" testType="13cdc9d9-ddb5-4fa4-a97d-d965ccfc6d4b" outcome="Passed" testListId="8c84fa94-04c1-424b-9868-57a2d4851a1d" relativeResultsDirectory="6e579392-a678-47fc-b37e-17f6ba900f2d">
      <Output>
        <StdOut>SCENARIO: Api user can not access candidate from the other company&#xD;
  STEP 1/7: GIVEN a company...&#xD;
  STEP 1/7: GIVEN a company (Passed after 245ms)&#xD;
  STEP 2/7: AND the vacancy in the company...&#xD;
  STEP 2/7: AND the vacancy in the company (Passed after 377ms)&#xD;
  STEP 3/7: AND api user with single company restriction...&#xD;
  STEP 3/7: AND api user with single company restriction (Passed after 2s 929ms)&#xD;
  STEP 4/7: AND candidate in the other company...&#xD;
  STEP 4/7: AND candidate in the other company (Passed after 357ms)&#xD;
  STEP 5/7: WHEN current user is api user...&#xD;
  STEP 5/7: WHEN current user is api user (Passed after 3s 647ms)&#xD;
  STEP 6/7: AND created candidate is requested...&#xD;
  STEP 6/7: AND created candidate is requested (Passed after 286ms)&#xD;
  STEP 7/7: THEN candidate is not found...&#xD;
  STEP 7/7: THEN candidate is not found (Passed after 1ms)&#xD;
  SCENARIO RESULT: Passed after 8s 230ms</StdOut>
      </Output>
    </UnitTestResult>
    <UnitTestResult executionId="3be58986-5f89-4827-8741-b9fbabef8831" testId="019b787c-88b2-9680-3a7b-9251d2235f77" testName="Skillaz.Tests.CompanySpecific.X5.Naumen.NaumenSlaTests.Sla_calculates_correctly_for_next_day(candidateTimeZone: 4, sla: 02:00:00, startDate: 2020-01-01T05:00:00.0000000Z, truth: [NaumenTimeRange { From = &quot;2020-01-01 08:00:00&quot;, To = &quot;2020-01-01 10:00:00&quot; }])" computerName="DESKTOP-F6SKA47" duration="00:00:00.0000338" startTime="2021-12-16T16:16:29.0967994+03:00" endTime="2021-12-16T16:16:29.0968002+03:00" testType="13cdc9d9-ddb5-4fa4-a97d-d965ccfc6d4b" outcome="Passed" testListId="8c84fa94-04c1-424b-9868-57a2d4851a1d" relativeResultsDirectory="3be58986-5f89-4827-8741-b9fbabef8831" />
    <UnitTestResult executionId="7372991e-d718-4887-89a8-e5bf9ecea153" testId="4c6f7cee-2f40-e103-21ba-141cd0a7355e" testName="Skillaz.Tests.CompanySpecific.Decathlon.DecathlonCheckJobOfferStateIsApprovedTrigger_feature.No_job_offer_exists" computerName="DESKTOP-F6SKA47" duration="00:00:01.2975767" startTime="2021-12-16T16:24:17.7252504+03:00" endTime="2021-12-16T16:24:17.7252531+03:00" testType="13cdc9d9-ddb5-4fa4-a97d-d965ccfc6d4b" outcome="Passed" testListId="8c84fa94-04c1-424b-9868-57a2d4851a1d" relativeResultsDirectory="7372991e-d718-4887-89a8-e5bf9ecea153">
      <Output>
        <StdOut>SCENARIO: No job offer exists&#xD;
  STEP 1/6: GIVEN a company [companyId: "decathlonCompany"]...&#xD;
  STEP 1/6: GIVEN a company [companyId: "decathlonCompany"] (Passed after 422ms)&#xD;
  STEP 2/6: AND the authenticated admin user...&#xD;
  STEP 2/6: AND the authenticated admin user (Passed after 161ms)&#xD;
  STEP 3/6: AND the vacancy in the company...&#xD;
  STEP 3/6: AND the vacancy in the company (Passed after 32ms)&#xD;
  STEP 4/6: AND a candidate...&#xD;
  STEP 4/6: AND a candidate (Passed after 40ms)&#xD;
  STEP 5/6: WHEN set candidate status registrationSent...&#xD;
  STEP 5/6: WHEN set candidate status registrationSent (Passed after 129ms)&#xD;
  STEP 6/6: THEN exception thrown...&#xD;
  STEP 6/6: THEN exception thrown (Passed after 8ms)&#xD;
  SCENARIO RESULT: Passed after 809ms</StdOut>
      </Output>
    </UnitTestResult>
    <UnitTestResult executionId="2df418f7-4f19-4a43-b175-1919f3fc9480" testId="7c8482cd-d475-ea98-74e5-73732285f793" testName="Skillaz.Tests.AsyncEnumerable.AsyncEnumerableTests.Parallel_for_each_handles_exception_in_producer" computerName="DESKTOP-F6SKA47" duration="00:00:01.5432955" startTime="2021-12-16T16:16:31.4627197+03:00" endTime="2021-12-16T16:16:31.4627300+03:00" testType="13cdc9d9-ddb5-4fa4-a97d-d965ccfc6d4b" outcome="Passed" testListId="8c84fa94-04c1-424b-9868-57a2d4851a1d" relativeResultsDirectory="2df418f7-4f19-4a43-b175-1919f3fc9480" />
    <UnitTestResult executionId="a4215a59-9ad3-4911-9e2e-e9c88283df7d" testId="be16cb1a-37c2-27a3-7a25-0425aaf747da" testName="Skillaz.Tests.Notifications.CustomNotifications_feature.GetFunnelStatusIsReturnNotifications(switchType: ByProcess, currentStatusId: &quot;newSms&quot;, emailsCount: 0, smsCount: 2)" computerName="DESKTOP-F6SKA47" duration="00:00:20.9722234" startTime="2021-12-16T16:30:18.5378395+03:00" endTime="2021-12-16T16:30:18.5378420+03:00" testType="13cdc9d9-ddb5-4fa4-a97d-d965ccfc6d4b" outcome="Passed" testListId="8c84fa94-04c1-424b-9868-57a2d4851a1d" relativeResultsDirectory="a4215a59-9ad3-4911-9e2e-e9c88283df7d">
      <Output>
        <StdOut>SCENARIO: GetFunnelStatusIsReturnNotifications [switchType: "ByProcess"] [currentStatusId: "newSms"] [emailsCount: "0"] [smsCount: "2"]&#xD;
  STEP 1/8: GIVEN Given a candidate in a vacancy in a company [makeCompany: "System.Func`1[Skillaz.Candidate.Contract.LegacyCompany.LegacyCompanyDocument]"]...&#xD;
  STEP 1/8: GIVEN Given a candidate in a vacancy in a company [makeCompany: "System.Func`1[Skillaz.Candidate.Contract.LegacyCompany.LegacyCompanyDocument]"] (Passed after 5s 191ms)&#xD;
  STEP 2/8: AND Given the authenticated user...&#xD;
  STEP 2/8: AND Given the authenticated user (Passed after 2s 134ms)&#xD;
  STEP 3/8: AND Given the ClientConfigurationForCompany...&#xD;
  STEP 3/8: AND Given the ClientConfigurationForCompany (Passed after 212ms)&#xD;
  STEP 4/8: AND Given the Funnel...&#xD;
  STEP 4/8: AND Given the Funnel (Passed after 2s 997ms)&#xD;
  STEP 5/8: AND Given CandidateCurentStatus [statusId: "newSms"]...&#xD;
  STEP 5/8: AND Given CandidateCurentStatus [statusId: "newSms"] (Passed after 4ms)&#xD;
  STEP 6/8: WHEN When GetNextStatuses [switchType: "ByProcess"]...&#xD;
  STEP 6/8: WHEN When GetNextStatuses [switchType: "ByProcess"] (Passed after 10s 019ms)&#xD;
  STEP 7/8: THEN Then CheckNotificationsEmails [emailsCount: "0"]...&#xD;
  STEP 7/8: THEN Then CheckNotificationsEmails [emailsCount: "0"] (Passed after 74ms)&#xD;
  STEP 8/8: AND Then CheckNotificationsSms [smsCount: "2"]...&#xD;
  STEP 8/8: AND Then CheckNotificationsSms [smsCount: "2"] (Passed after 5ms)&#xD;
  SCENARIO RESULT: Passed after 20s 752ms</StdOut>
      </Output>
    </UnitTestResult>
    <UnitTestResult executionId="abb6fdf6-99ab-4254-b002-c131a4701286" testId="83f3f7e5-b346-9d5c-ebf5-790abf37675f" testName="Skillaz.Tests.Candidate.Checks.FilterChecksBasedOnIsNeedToShow_feature.Get_candidate_check_list_by_valid_user" computerName="DESKTOP-F6SKA47" duration="00:00:06.2781505" startTime="2021-12-16T16:26:50.2179057+03:00" endTime="2021-12-16T16:26:50.2179085+03:00" testType="13cdc9d9-ddb5-4fa4-a97d-d965ccfc6d4b" outcome="Passed" testListId="8c84fa94-04c1-424b-9868-57a2d4851a1d" relativeResultsDirectory="abb6fdf6-99ab-4254-b002-c131a4701286">
      <Output>
        <StdOut>SCENARIO: Get candidate check list by valid user&#xD;
  STEP 1/9: GIVEN a company...&#xD;
  STEP 1/9: GIVEN a company (Passed after 145ms)&#xD;
  STEP 2/9: AND the vacancy in the company...&#xD;
  STEP 2/9: AND the vacancy in the company (Passed after 119ms)&#xD;
  STEP 3/9: AND the authenticated user...&#xD;
  STEP 3/9: AND the authenticated user (Passed after 294ms)&#xD;
  STEP 4/9: AND a funnel...&#xD;
  STEP 4/9: AND a funnel (Passed after 80ms)&#xD;
  STEP 5/9: AND a candidate...&#xD;
  STEP 5/9: AND a candidate (Passed after 75ms)&#xD;
  STEP 6/9: AND client configuration with check workflow and model...&#xD;
  STEP 6/9: AND client configuration with check workflow and model (Passed after 2s 129ms)&#xD;
  STEP 7/9: AND started checks...&#xD;
  STEP 7/9: AND started checks (Passed after 2s 500ms)&#xD;
  STEP 8/9: WHEN candidate check list is requested...&#xD;
  STEP 8/9: WHEN candidate check list is requested (Passed after 277ms)&#xD;
  STEP 9/9: THEN check exists in list...&#xD;
  STEP 9/9: THEN check exists in list (Passed after 14ms)&#xD;
  SCENARIO RESULT: Passed after 5s 877ms</StdOut>
      </Output>
    </UnitTestResult>
    <UnitTestResult executionId="cb600e61-a0c3-4fc7-ac63-8cce66e60b5e" testId="f9cfe593-5471-1378-838e-78552c82d66c" testName="Skillaz.Tests.Candidate.Checks.CandidateAprove_feature.Candidate_checks_workflow_second_state_whith_approval_aproved" computerName="DESKTOP-F6SKA47" duration="00:00:14.0025880" startTime="2021-12-16T16:25:46.1098651+03:00" endTime="2021-12-16T16:25:46.1098659+03:00" testType="13cdc9d9-ddb5-4fa4-a97d-d965ccfc6d4b" outcome="Passed" testListId="8c84fa94-04c1-424b-9868-57a2d4851a1d" relativeResultsDirectory="cb600e61-a0c3-4fc7-ac63-8cce66e60b5e">
      <Output>
        <StdOut>SCENARIO: Candidate checks workflow second state whith approval aproved&#xD;
  STEP 1/9: GIVEN a company...&#xD;
  STEP 1/9: GIVEN a company (Passed after 663ms)&#xD;
  STEP 2/9: AND the vacancy in the company...&#xD;
  STEP 2/9: AND the vacancy in the company (Passed after 1s 436ms)&#xD;
  STEP 3/9: AND the authenticated user...&#xD;
  STEP 3/9: AND the authenticated user (Passed after 881ms)&#xD;
  STEP 4/9: AND checks workflow second state whith approval...&#xD;
  STEP 4/9: AND checks workflow second state whith approval (Passed after 1s 686ms)&#xD;
  STEP 5/9: AND a funnel...&#xD;
  STEP 5/9: AND a funnel (Passed after 140ms)&#xD;
  STEP 6/9: AND a candidate with check...&#xD;
  STEP 6/9: AND a candidate with check (Passed after 4s 036ms)&#xD;
  STEP 7/9: WHEN start approve...&#xD;
  STEP 7/9: WHEN start approve (Passed after 1s 101ms)&#xD;
  STEP 8/9: AND check aproved...&#xD;
  STEP 8/9: AND check aproved (Passed after 1s 996ms)&#xD;
  STEP 9/9: THEN check aproved...&#xD;
  STEP 9/9: THEN check aproved (Passed after 847ms)&#xD;
  SCENARIO RESULT: Passed after 12s 797ms</StdOut>
      </Output>
    </UnitTestResult>
    <UnitTestResult executionId="e615ed67-2494-4eed-b9a7-be50867189c4" testId="4c11182d-993e-65cf-ee73-3e2cfe4fdeaa" testName="Skillaz.Tests.Candidate.Elastic.CandidateElasticFiltration_feature.Retrieving_no_candidates_that_are_created_before_specific_date" computerName="DESKTOP-F6SKA47" duration="00:00:00.0010000" startTime="2021-12-16T16:24:39.8964439+03:00" endTime="2021-12-16T16:24:39.8964457+03:00" testType="13cdc9d9-ddb5-4fa4-a97d-d965ccfc6d4b" outcome="NotExecuted" testListId="8c84fa94-04c1-424b-9868-57a2d4851a1d" relativeResultsDirectory="e615ed67-2494-4eed-b9a7-be50867189c4">
      <Output>
        <StdOut>You need Elasticsearch 7.5 local instance on 9200 port</StdOut>
      </Output>
    </UnitTestResult>
    <UnitTestResult executionId="598ffa86-8da9-4635-bffc-80d4f82cdf08" testId="019b787c-88b2-9680-3a7b-9251d2235f77" testName="Skillaz.Tests.CompanySpecific.X5.Naumen.NaumenSlaTests.Sla_calculates_correctly_for_next_day(candidateTimeZone: 11, sla: 02:00:00, startDate: 2020-01-01T01:00:00.0000000Z, truth: [NaumenTimeRange { From = &quot;2020-01-01 07:00:00&quot;, To = &quot;2020-01-01 09:00:00&quot; }])" computerName="DESKTOP-F6SKA47" duration="00:00:00.0000538" startTime="2021-12-16T16:16:29.3628573+03:00" endTime="2021-12-16T16:16:29.3628577+03:00" testType="13cdc9d9-ddb5-4fa4-a97d-d965ccfc6d4b" outcome="Passed" testListId="8c84fa94-04c1-424b-9868-57a2d4851a1d" relativeResultsDirectory="598ffa86-8da9-4635-bffc-80d4f82cdf08" />
    <UnitTestResult executionId="ab309c78-bb4d-4c73-a520-96f856a6a113" testId="d7cd816e-ff98-794d-08d2-9e274ce6b247" testName="Skillaz.Tests.Candidate.RestrictionsVisibilityCandidatesStatuses_feature.User_has_visibility_statuses_in_different_funnel_and_he_can_see_candidates" computerName="DESKTOP-F6SKA47" duration="00:00:00.6921127" startTime="2021-12-16T16:26:21.5578717+03:00" endTime="2021-12-16T16:26:21.5578742+03:00" testType="13cdc9d9-ddb5-4fa4-a97d-d965ccfc6d4b" outcome="Passed" testListId="8c84fa94-04c1-424b-9868-57a2d4851a1d" relativeResultsDirectory="ab309c78-bb4d-4c73-a520-96f856a6a113">
      <Output>
        <StdOut>SCENARIO: User has visibility statuses in different funnel and he can see candidates&#xD;
  STEP 1/4: GIVEN a company [companyId: "testCompany"]...&#xD;
  STEP 1/4: GIVEN a company [companyId: "testCompany"] (Passed after 63ms)&#xD;
  STEP 2/4: AND a candidate with different funnel and equal status...&#xD;
  STEP 2/4: AND a candidate with different funnel and equal status (Passed after 256ms)&#xD;
  STEP 3/4: WHEN CandidateFilterProcessor is filtered...&#xD;
  STEP 3/4: WHEN CandidateFilterProcessor is filtered (Passed after 322ms)&#xD;
  STEP 4/4: It should be one candidate in result...&#xD;
  STEP 4/4: It should be one candidate in result (Passed after &lt;1ms)&#xD;
  SCENARIO RESULT: Passed after 649ms</StdOut>
      </Output>
    </UnitTestResult>
    <UnitTestResult executionId="1104eb66-85d9-4039-8367-b8068ce27e72" testId="2df7045f-89bf-2c7e-15b8-24fd673c4844" testName="Skillaz.Tests.Candidate.Agreement.AgreementService_feature.Scenario_for_agreement_via_web" computerName="DESKTOP-F6SKA47" duration="00:00:08.2661590" startTime="2021-12-16T16:22:58.7792090+03:00" endTime="2021-12-16T16:22:58.7792131+03:00" testType="13cdc9d9-ddb5-4fa4-a97d-d965ccfc6d4b" outcome="Passed" testListId="8c84fa94-04c1-424b-9868-57a2d4851a1d" relativeResultsDirectory="1104eb66-85d9-4039-8367-b8068ce27e72">
      <Output>
        <StdOut>SCENARIO: Scenario for agreement via web&#xD;
  STEP 1/5: GIVEN Given test data...&#xD;
  STEP 1/5: GIVEN Given test data (Passed after 2s 705ms)&#xD;
  STEP 2/5: AND Given candidate...&#xD;
  STEP 2/5: AND Given candidate (Passed after 8ms)&#xD;
  STEP 3/5: AND Given actionHubToken...&#xD;
  STEP 3/5: AND Given actionHubToken (Passed after 432ms)&#xD;
  STEP 4/5: WHEN When hadnled via web...&#xD;
  STEP 4/5: WHEN When hadnled via web (Passed after 1s 402ms)&#xD;
  STEP 5/5: THEN Then agreement exists...&#xD;
  STEP 5/5: THEN Then agreement exists (Passed after 822ms)&#xD;
  SCENARIO RESULT: Passed after 5s 410ms</StdOut>
      </Output>
    </UnitTestResult>
    <UnitTestResult executionId="4bf14710-999e-4b41-bbab-7d6da6b60aa4" testId="c501921e-da51-abb9-749b-45fac2b9925c" testName="Skillaz.Tests.Configurator.SecurityProfile.ConfiguratorSecurityProfileRequest_feature.Request_is_available_to_user_by_core_field" computerName="DESKTOP-F6SKA47" duration="00:00:14.9040493" startTime="2021-12-16T16:21:20.7219420+03:00" endTime="2021-12-16T16:21:20.7219480+03:00" testType="13cdc9d9-ddb5-4fa4-a97d-d965ccfc6d4b" outcome="Passed" testListId="8c84fa94-04c1-424b-9868-57a2d4851a1d" relativeResultsDirectory="4bf14710-999e-4b41-bbab-7d6da6b60aa4">
      <Output>
        <StdOut>SCENARIO: Request is available to user by core field&#xD;
  STEP 1/7: GIVEN a company...&#xD;
  STEP 1/7: GIVEN a company (Passed after 297ms)&#xD;
  STEP 2/7: AND the user with security profile [securityProfile: "SecurityProfile"]...&#xD;
  STEP 2/7: AND the user with security profile [securityProfile: "SecurityProfile"] (Passed after 716ms)&#xD;
  STEP 3/7: AND the security profile config by originator...&#xD;
  STEP 3/7: AND the security profile config by originator (Passed after 377ms)&#xD;
  STEP 4/7: AND the hire request config [hireRequestType: "HireRequest.HireRequest"]...&#xD;
  STEP 4/7: AND the hire request config [hireRequestType: "HireRequest.HireRequest"] (Passed after 794ms)&#xD;
  STEP 5/7: AND the hire requests for originator...&#xD;
  STEP 5/7: AND the hire requests for originator (Passed after 296ms)&#xD;
  STEP 6/7: WHEN filter hire requests...&#xD;
  STEP 6/7: WHEN filter hire requests (Passed after 10s 172ms)&#xD;
  STEP 7/7: THEN request visibility check...&#xD;
  STEP 7/7: THEN request visibility check (Passed after 51ms)&#xD;
  SCENARIO RESULT: Passed after 13s 010ms</StdOut>
      </Output>
    </UnitTestResult>
    <UnitTestResult executionId="ac81387a-2d03-435b-9d50-a65cd7dd3531" testId="25795f7b-62d9-4df9-4e94-2407d9382a95" testName="Skillaz.Tests.DocumentModels.LegacyVacancyDocuments.LegacyVacancyDocumentWhereAnd_feature.GetIds_CandidateDatabaseActive" computerName="DESKTOP-F6SKA47" duration="00:00:01.2142890" startTime="2021-12-16T16:26:23.0034397+03:00" endTime="2021-12-16T16:26:23.0034417+03:00" testType="13cdc9d9-ddb5-4fa4-a97d-d965ccfc6d4b" outcome="Passed" testListId="8c84fa94-04c1-424b-9868-57a2d4851a1d" relativeResultsDirectory="ac81387a-2d03-435b-9d50-a65cd7dd3531">
      <Output>
        <StdOut>SCENARIO: GetIds CandidateDatabaseActive&#xD;
  STEP 1/4: GIVEN a company...&#xD;
  STEP 1/4: GIVEN a company (Passed after 121ms)&#xD;
  STEP 2/4: AND the authenticated user...&#xD;
  STEP 2/4: AND the authenticated user (Passed after 150ms)&#xD;
  STEP 3/4: AND a LegacyVacancyDocuments...&#xD;
  STEP 3/4: AND a LegacyVacancyDocuments (Passed after 308ms)&#xD;
  STEP 4/4: WHEN GetIds CandidateDatabase Active...&#xD;
  STEP 4/4: WHEN GetIds CandidateDatabase Active (Passed after 152ms)&#xD;
  SCENARIO RESULT: Passed after 745ms</StdOut>
      </Output>
    </UnitTestResult>
    <UnitTestResult executionId="6e82043f-7d70-487d-9c67-12e8ca254387" testId="695a69c9-264c-d1c5-2032-535ef4bf39f9" testName="Skillaz.Tests.CompanySpecific.X5.Naumen.NaumenSlaTests.Sla_calculates_correctly_for_split_days(candidateTimeZone: 4, sla: 05:00:00, startDate: 2019-12-31T13:30:00.0000000Z, truth: [NaumenTimeRange { From = &quot;2019-12-31 16:30:00&quot;, To = &quot;2019-12-31 19:00:00&quot; }, NaumenTimeRange { From = &quot;2020-01-01 08:00:00&quot;, To = &quot;2020-01-01 10:30:00&quot; }])" computerName="DESKTOP-F6SKA47" duration="00:00:00.0000662" startTime="2021-12-16T16:16:28.9904222+03:00" endTime="2021-12-16T16:16:28.9904299+03:00" testType="13cdc9d9-ddb5-4fa4-a97d-d965ccfc6d4b" outcome="Passed" testListId="8c84fa94-04c1-424b-9868-57a2d4851a1d" relativeResultsDirectory="6e82043f-7d70-487d-9c67-12e8ca254387" />
    <UnitTestResult executionId="edaaa2aa-8644-4e98-9f0c-e12ed452e1fd" testId="019b787c-88b2-9680-3a7b-9251d2235f77" testName="Skillaz.Tests.CompanySpecific.X5.Naumen.NaumenSlaTests.Sla_calculates_correctly_for_next_day(candidateTimeZone: 12, sla: 02:00:00, startDate: 2019-12-31T17:00:00.0000000Z, truth: [NaumenTimeRange { From = &quot;2020-01-01 07:00:00&quot;, To = &quot;2020-01-01 09:00:00&quot; }])" computerName="DESKTOP-F6SKA47" duration="00:00:00.0000420" startTime="2021-12-16T16:16:29.3755751+03:00" endTime="2021-12-16T16:16:29.3755756+03:00" testType="13cdc9d9-ddb5-4fa4-a97d-d965ccfc6d4b" outcome="Passed" testListId="8c84fa94-04c1-424b-9868-57a2d4851a1d" relativeResultsDirectory="edaaa2aa-8644-4e98-9f0c-e12ed452e1fd" />
    <UnitTestResult executionId="8a321c71-50be-48b2-8268-39d2ef5793a8" testId="019b787c-88b2-9680-3a7b-9251d2235f77" testName="Skillaz.Tests.CompanySpecific.X5.Naumen.NaumenSlaTests.Sla_calculates_correctly_for_next_day(candidateTimeZone: 10, sla: 02:00:00, startDate: 2019-12-31T21:00:00.0000000Z, truth: [NaumenTimeRange { From = &quot;2020-01-01 07:00:00&quot;, To = &quot;2020-01-01 09:00:00&quot; }])" computerName="DESKTOP-F6SKA47" duration="00:00:00.0000287" startTime="2021-12-16T16:16:29.3362750+03:00" endTime="2021-12-16T16:16:29.3362755+03:00" testType="13cdc9d9-ddb5-4fa4-a97d-d965ccfc6d4b" outcome="Passed" testListId="8c84fa94-04c1-424b-9868-57a2d4851a1d" relativeResultsDirectory="8a321c71-50be-48b2-8268-39d2ef5793a8" />
    <UnitTestResult executionId="5a51ce15-4680-4579-89a6-acb64dfb0ccd" testId="695a69c9-264c-d1c5-2032-535ef4bf39f9" testName="Skillaz.Tests.CompanySpecific.X5.Naumen.NaumenSlaTests.Sla_calculates_correctly_for_split_days(candidateTimeZone: 2, sla: 10:00:00, startDate: 2019-12-31T13:00:00.0000000Z, truth: [NaumenTimeRange { From = &quot;2019-12-31 16:00:00&quot;, To = &quot;2019-12-31 21:00:00&quot; }, NaumenTimeRange { From = &quot;2020-01-01 10:00:00&quot;, To = &quot;2020-01-01 15:00:00&quot; }])" computerName="DESKTOP-F6SKA47" duration="00:00:00.0000422" startTime="2021-12-16T16:16:28.9189229+03:00" endTime="2021-12-16T16:16:28.9189234+03:00" testType="13cdc9d9-ddb5-4fa4-a97d-d965ccfc6d4b" outcome="Passed" testListId="8c84fa94-04c1-424b-9868-57a2d4851a1d" relativeResultsDirectory="5a51ce15-4680-4579-89a6-acb64dfb0ccd" />
    <UnitTestResult executionId="e7196530-c335-4ae8-90e8-7e972075be05" testId="6fa99195-9013-38b5-0adc-d870ed4cecd7" testName="Skillaz.Tests.Candidate.Workflow.CreateCandidateCommand_feature.If_current_company_is_x5_And_creating_candidate_is_duplicate_And_current_status_set_at_more_then_30_days_in_past_Then_existing_candidate_vacancy_should_be_changed_to_vacancy_from_new_candidate" computerName="DESKTOP-F6SKA47" duration="00:00:00.0010000" startTime="2021-12-16T16:22:49.0219564+03:00" endTime="2021-12-16T16:22:49.0219597+03:00" testType="13cdc9d9-ddb5-4fa4-a97d-d965ccfc6d4b" outcome="NotExecuted" testListId="8c84fa94-04c1-424b-9868-57a2d4851a1d" relativeResultsDirectory="e7196530-c335-4ae8-90e8-7e972075be05">
      <Output>
        <StdOut>You need Elasticsearch 7.5 local instance on 9200 port</StdOut>
      </Output>
    </UnitTestResult>
    <UnitTestResult executionId="69647529-14cc-4c6a-9406-b7040fa59d79" testId="019b787c-88b2-9680-3a7b-9251d2235f77" testName="Skillaz.Tests.CompanySpecific.X5.Naumen.NaumenSlaTests.Sla_calculates_correctly_for_next_day(candidateTimeZone: 6, sla: 02:00:00, startDate: 2019-12-31T20:30:00.0000000Z, truth: [NaumenTimeRange { From = &quot;2020-01-01 07:00:00&quot;, To = &quot;2020-01-01 09:00:00&quot; }])" computerName="DESKTOP-F6SKA47" duration="00:00:00.0001139" startTime="2021-12-16T16:16:29.1209371+03:00" endTime="2021-12-16T16:16:29.1209376+03:00" testType="13cdc9d9-ddb5-4fa4-a97d-d965ccfc6d4b" outcome="Passed" testListId="8c84fa94-04c1-424b-9868-57a2d4851a1d" relativeResultsDirectory="69647529-14cc-4c6a-9406-b7040fa59d79" />
    <UnitTestResult executionId="45dd6173-75ed-4443-88c4-329152ce5b42" testId="bc7b1358-7a64-1603-0775-aed4439b1298" testName="Skillaz.Tests.Configurator.SecurityProfile.ConfiguratorSecurityProfileCandidate_feature.Candidate_is_available_by_vacancy_OR_request_rule" computerName="DESKTOP-F6SKA47" duration="00:00:15.7631142" startTime="2021-12-16T16:27:41.7948444+03:00" endTime="2021-12-16T16:27:41.7948470+03:00" testType="13cdc9d9-ddb5-4fa4-a97d-d965ccfc6d4b" outcome="Passed" testListId="8c84fa94-04c1-424b-9868-57a2d4851a1d" relativeResultsDirectory="45dd6173-75ed-4443-88c4-329152ce5b42">
      <Output>
        <StdOut>SCENARIO: Candidate is available by vacancy OR request rule&#xD;
  STEP 1/9: GIVEN a company...&#xD;
  STEP 1/9: GIVEN a company (Passed after 359ms)&#xD;
  STEP 2/9: AND the user with security profile [securityProfile: "SecurityProfile"]...&#xD;
  STEP 2/9: AND the user with security profile [securityProfile: "SecurityProfile"] (Passed after 789ms)&#xD;
  STEP 3/9: AND the vacancy config...&#xD;
  STEP 3/9: AND the vacancy config (Passed after 516ms)&#xD;
  STEP 4/9: AND the hire request config [hireRequestType: "HireRequest.HireRequest"]...&#xD;
  STEP 4/9: AND the hire request config [hireRequestType: "HireRequest.HireRequest"] (Passed after &lt;1ms)&#xD;
  STEP 5/9: AND security profile cfg vacancy OR request...&#xD;
  STEP 5/9: AND security profile cfg vacancy OR request (Passed after 415ms)&#xD;
  STEP 6/9: AND the vacancies...&#xD;
  STEP 6/9: AND the vacancies (Passed after 127ms)&#xD;
  STEP 7/9: AND the candidates with vacancies OR requests...&#xD;
  STEP 7/9: AND the candidates with vacancies OR requests (Passed after 1s 463ms)&#xD;
  STEP 8/9: WHEN filter candidates...&#xD;
  STEP 8/9: WHEN filter candidates (Passed after 8s 489ms)&#xD;
  STEP 9/9: THEN candidate visibility check...&#xD;
  STEP 9/9: THEN candidate visibility check (Passed after &lt;1ms)&#xD;
  SCENARIO RESULT: Passed after 12s 172ms</StdOut>
      </Output>
    </UnitTestResult>
    <UnitTestResult executionId="bdc7a945-834a-45dc-b468-594a1d6e8206" testId="ee446746-973b-9f7f-5d57-37df87215421" testName="Skillaz.Tests.Controllers.CandidateAutoloadFilterController_feature.Check_Post_GetAllFilter" computerName="DESKTOP-F6SKA47" duration="00:00:05.3592332" startTime="2021-12-16T16:22:30.7009029+03:00" endTime="2021-12-16T16:22:30.7009085+03:00" testType="13cdc9d9-ddb5-4fa4-a97d-d965ccfc6d4b" outcome="Passed" testListId="8c84fa94-04c1-424b-9868-57a2d4851a1d" relativeResultsDirectory="bdc7a945-834a-45dc-b468-594a1d6e8206">
      <Output>
        <StdOut>SCENARIO: Check Post GetAllFilter&#xD;
  STEP 1/7: GIVEN Given a company...&#xD;
  STEP 1/7: GIVEN Given a company (Passed after 128ms)&#xD;
  STEP 2/7: AND Given the authenticated user...&#xD;
  STEP 2/7: AND Given the authenticated user (Passed after 277ms)&#xD;
  STEP 3/7: AND Given a vacancys...&#xD;
  STEP 3/7: AND Given a vacancys (Passed after 169ms)&#xD;
  STEP 4/7: AND Given CandidateAutoloadDocuments...&#xD;
  STEP 4/7: AND Given CandidateAutoloadDocuments (Passed after 2s 621ms)&#xD;
  STEP 5/7: AND Given dm configuration...&#xD;
  STEP 5/7: AND Given dm configuration (Passed after 103ms)&#xD;
  STEP 6/7: WHEN When GetAllFilter Post...&#xD;
  STEP 6/7: WHEN When GetAllFilter Post (Passed after 753ms)&#xD;
  STEP 7/7: THEN Then GetAllFilter Post...&#xD;
  STEP 7/7: THEN Then GetAllFilter Post (Passed after 3ms)&#xD;
  SCENARIO RESULT: Passed after 4s 067ms</StdOut>
      </Output>
    </UnitTestResult>
    <UnitTestResult executionId="93e46fb9-c106-4279-8513-e290059c88fb" testId="53ec521e-8d72-aab0-c038-3263a35ab2dc" testName="Skillaz.Tests.Assessment.Questionnaires.ShlQuestionnaire_feature.Getting_a_questionnaire" computerName="DESKTOP-F6SKA47" duration="00:00:06.4682281" startTime="2021-12-16T16:24:05.8046548+03:00" endTime="2021-12-16T16:24:05.8046573+03:00" testType="13cdc9d9-ddb5-4fa4-a97d-d965ccfc6d4b" outcome="Passed" testListId="8c84fa94-04c1-424b-9868-57a2d4851a1d" relativeResultsDirectory="93e46fb9-c106-4279-8513-e290059c88fb">
      <Output>
        <StdOut>SCENARIO: Getting a questionnaire&#xD;
  STEP 1/5: GIVEN a company...&#xD;
  STEP 1/5: GIVEN a company (Passed after 560ms)&#xD;
  STEP 2/5: AND the authenticated user...&#xD;
  STEP 2/5: AND the authenticated user (Passed after 1s 321ms)&#xD;
  STEP 3/5: AND the questionnaire...&#xD;
  STEP 3/5: AND the questionnaire (Passed after 2s 148ms)&#xD;
  STEP 4/5: WHEN questionnaire is requested...&#xD;
  STEP 4/5: WHEN questionnaire is requested (Passed after 1s 439ms)&#xD;
  STEP 5/5: Questionnaire should be retrieved...&#xD;
  STEP 5/5: Questionnaire should be retrieved (Passed after 1ms)&#xD;
  SCENARIO RESULT: Passed after 5s 481ms</StdOut>
      </Output>
    </UnitTestResult>
    <UnitTestResult executionId="f6c4fada-8b42-4f0e-a193-abb74147c07a" testId="040dbccb-df96-062f-2095-f385def8de19" testName="Skillaz.Tests.Candidate.CandidateRequestPublicCreation_feature.Check_candidate_created" computerName="DESKTOP-F6SKA47" duration="00:00:32.6876705" startTime="2021-12-16T16:19:01.0296207+03:00" endTime="2021-12-16T16:19:01.0296251+03:00" testType="13cdc9d9-ddb5-4fa4-a97d-d965ccfc6d4b" outcome="Passed" testListId="8c84fa94-04c1-424b-9868-57a2d4851a1d" relativeResultsDirectory="f6c4fada-8b42-4f0e-a193-abb74147c07a">
      <Output>
        <StdOut>SCENARIO: Check candidate created&#xD;
  STEP 1/12: GIVEN a company [companyDocument: "Skillaz.Candidate.Contract.LegacyCompany.LegacyCompanyDocument"]...&#xD;
  STEP 1/12: GIVEN a company [companyDocument: "Skillaz.Candidate.Contract.LegacyCompany.LegacyCompanyDocument"] (Passed after 290ms)&#xD;
  STEP 2/12: AND the authenticated user...&#xD;
  STEP 2/12: AND the authenticated user (Passed after 511ms)&#xD;
  STEP 3/12: AND the client configuration for company...&#xD;
  STEP 3/12: AND the client configuration for company (Passed after 1s 805ms)&#xD;
  STEP 4/12: AND the Funnel...&#xD;
  STEP 4/12: AND the Funnel (Passed after 296ms)&#xD;
  STEP 5/12: AND the vacancy in the company [funnelId: "TestingFunnel"]...&#xD;
  STEP 5/12: AND the vacancy in the company [funnelId: "TestingFunnel"] (Passed after 166ms)&#xD;
  STEP 6/12: AND messages templates...&#xD;
  STEP 6/12: AND messages templates (Passed after 264ms)&#xD;
  STEP 7/12: WHEN candidate creation requested...&#xD;
  STEP 7/12: WHEN candidate creation requested (Passed after 26s 888ms)&#xD;
  STEP 8/12: THEN candidate exists...&#xD;
  STEP 8/12: THEN candidate exists (Passed after 581ms)&#xD;
  STEP 9/12: AND candidate name is correct...&#xD;
  STEP 9/12: AND candidate name is correct (Passed after 193ms)&#xD;
  STEP 10/12: AND candidate birthdate is correct...&#xD;
  STEP 10/12: AND candidate birthdate is correct (Passed after 238ms)&#xD;
  STEP 11/12: AND candidate status correct...&#xD;
  STEP 11/12: AND candidate status correct (Passed after 210ms)&#xD;
  STEP 12/12: AND email sent...&#xD;
  STEP 12/12: AND email sent (Passed after 113ms)&#xD;
  SCENARIO RESULT: Passed after 31s 689ms</StdOut>
      </Output>
    </UnitTestResult>
    <UnitTestResult executionId="f0fe242f-14f8-4dd2-88de-b4af7b41ffec" testId="cd8df9d1-89e6-fb35-39a2-33247a70e781" testName="Skillaz.Tests.OpenApi.OrgStructureApi.OrgEntityStateChange_feature.Org_unit_position_archiving_active" computerName="DESKTOP-F6SKA47" duration="00:00:10.9384244" startTime="2021-12-16T16:27:38.7997850+03:00" endTime="2021-12-16T16:27:38.7997875+03:00" testType="13cdc9d9-ddb5-4fa4-a97d-d965ccfc6d4b" outcome="Passed" testListId="8c84fa94-04c1-424b-9868-57a2d4851a1d" relativeResultsDirectory="f0fe242f-14f8-4dd2-88de-b4af7b41ffec">
      <Output>
        <StdOut>SCENARIO: Org unit position archiving active&#xD;
  STEP 1/7: GIVEN a company...&#xD;
  STEP 1/7: GIVEN a company (Passed after 111ms)&#xD;
  STEP 2/7: AND the authenticated api user...&#xD;
  STEP 2/7: AND the authenticated api user (Passed after 269ms)&#xD;
  STEP 3/7: AND an org unit position active...&#xD;
  STEP 3/7: AND an org unit position active (Passed after 1s 109ms)&#xD;
  STEP 4/7: WHEN archiving org unit position...&#xD;
  STEP 4/7: WHEN archiving org unit position (Passed after 8s 360ms)&#xD;
  STEP 5/7: THEN result is ok...&#xD;
  STEP 5/7: THEN result is ok (Passed after &lt;1ms)&#xD;
  STEP 6/7: AND org unit position is archived...&#xD;
  STEP 6/7: AND org unit position is archived (Passed after 427ms)&#xD;
  STEP 7/7: AND call publish async count one...&#xD;
  STEP 7/7: AND call publish async count one (Passed after &lt;1ms)&#xD;
  SCENARIO RESULT: Passed after 10s 293ms</StdOut>
      </Output>
    </UnitTestResult>
    <UnitTestResult executionId="67733d32-f845-404c-a011-cfcbdf159e3c" testId="7eb76593-ec2d-3cd7-374d-36a77c6445f0" testName="Skillaz.Tests.CompanySpecific.Perekrestok.PerekrestokBlockUnblockCandidates_feature.Last_check_sent_and_more_than_1_day_have_passed" computerName="DESKTOP-F6SKA47" duration="00:00:07.3654748" startTime="2021-12-16T16:24:55.1158635+03:00" endTime="2021-12-16T16:24:55.1158651+03:00" testType="13cdc9d9-ddb5-4fa4-a97d-d965ccfc6d4b" outcome="Passed" testListId="8c84fa94-04c1-424b-9868-57a2d4851a1d" relativeResultsDirectory="67733d32-f845-404c-a011-cfcbdf159e3c">
      <Output>
        <StdOut>SCENARIO: Last check sent and more than 1 day have passed&#xD;
  STEP 1/8: GIVEN a company [companyId: "PerekrestokCompany"]...&#xD;
  STEP 1/8: GIVEN a company [companyId: "PerekrestokCompany"] (Passed after 225ms)&#xD;
  STEP 2/8: AND the authenticated admin user...&#xD;
  STEP 2/8: AND the authenticated admin user (Passed after 466ms)&#xD;
  STEP 3/8: AND the funnel...&#xD;
  STEP 3/8: AND the funnel (Passed after 232ms)&#xD;
  STEP 4/8: AND the vacancy in the company [funnelId: "mass"]...&#xD;
  STEP 4/8: AND the vacancy in the company [funnelId: "mass"] (Passed after 249ms)&#xD;
  STEP 5/8: AND a candidate [blockingDate: "&lt;null&gt;"] [statusType: "InProgress"]...&#xD;
  STEP 5/8: AND a candidate [blockingDate: "&lt;null&gt;"] [statusType: "InProgress"] (Passed after 249ms)&#xD;
  STEP 6/8: AND the check [time: "12/15/2021 13:24:49"] [state: "StatusCodeCheckSended"]...&#xD;
  STEP 6/8: AND the check [time: "12/15/2021 13:24:49"] [state: "StatusCodeCheckSended"] (Passed after 120ms)&#xD;
  STEP 7/8: WHEN blocking procedure occurs...&#xD;
  STEP 7/8: WHEN blocking procedure occurs (Passed after 4s 569ms)&#xD;
  STEP 8/8: THEN candidate check is in not passed stage...&#xD;
  STEP 8/8: THEN candidate check is in not passed stage (Passed after 21ms)&#xD;
  SCENARIO RESULT: Passed after 6s 161ms</StdOut>
      </Output>
    </UnitTestResult>
    <UnitTestResult executionId="f866dada-8e7b-4af9-8c3e-5e13ed25683f" testId="019b787c-88b2-9680-3a7b-9251d2235f77" testName="Skillaz.Tests.CompanySpecific.X5.Naumen.NaumenSlaTests.Sla_calculates_correctly_for_next_day(candidateTimeZone: 10, sla: 02:00:00, startDate: 2019-12-31T10:00:00.0000000Z, truth: [NaumenTimeRange { From = &quot;2020-01-01 07:00:00&quot;, To = &quot;2020-01-01 09:00:00&quot; }])" computerName="DESKTOP-F6SKA47" duration="00:00:00.0000432" startTime="2021-12-16T16:16:29.3277549+03:00" endTime="2021-12-16T16:16:29.3277580+03:00" testType="13cdc9d9-ddb5-4fa4-a97d-d965ccfc6d4b" outcome="Passed" testListId="8c84fa94-04c1-424b-9868-57a2d4851a1d" relativeResultsDirectory="f866dada-8e7b-4af9-8c3e-5e13ed25683f" />
    <UnitTestResult executionId="21c432d0-47ac-4fe3-9775-ef30bf7f15f4" testId="00c481fd-4353-d74c-ad9e-c5108af94c6d" testName="Skillaz.Tests.HH.HHCandidateHiddenContacts_feature.HH_Check_that_AutoSearch_job_not_create_candidate" computerName="DESKTOP-F6SKA47" duration="00:00:15.3641011" startTime="2021-12-16T16:25:46.4285823+03:00" endTime="2021-12-16T16:25:46.4285843+03:00" testType="13cdc9d9-ddb5-4fa4-a97d-d965ccfc6d4b" outcome="Passed" testListId="8c84fa94-04c1-424b-9868-57a2d4851a1d" relativeResultsDirectory="21c432d0-47ac-4fe3-9775-ef30bf7f15f4">
      <Output>
        <StdOut>SCENARIO: HH Check that AutoSearch job not create candidate&#xD;
  STEP 1/8: GIVEN Given a company...&#xD;
  STEP 1/8: GIVEN Given a company (Passed after 385ms)&#xD;
  STEP 2/8: AND Given the authenticated user...&#xD;
  STEP 2/8: AND Given the authenticated user (Passed after 1s 339ms)&#xD;
  STEP 3/8: AND Given HH Data...&#xD;
  STEP 3/8: AND Given HH Data (Passed after 2s 023ms)&#xD;
  STEP 4/8: AND Given the duplicate candidate with hidden contact...&#xD;
  STEP 4/8: AND Given the duplicate candidate with hidden contact (Passed after 125ms)&#xD;
  STEP 5/8: AND Given HHSearchDocument [getContacts: "True"]...&#xD;
  STEP 5/8: AND Given HHSearchDocument [getContacts: "True"] (Passed after 3s 348ms)&#xD;
  STEP 6/8: WHEN When Handled Resume With AutoSearch job...&#xD;
  STEP 6/8: WHEN When Handled Resume With AutoSearch job (Passed after 7s 391ms)&#xD;
  STEP 7/8: THEN Then GetResume of HH was called [getContacts: "True"]...&#xD;
  STEP 7/8: THEN Then GetResume of HH was called [getContacts: "True"] (Passed after &lt;1ms)&#xD;
  STEP 8/8: AND Then exists candidates equals one...&#xD;
  STEP 8/8: AND Then exists candidates equals one (Passed after 1ms)&#xD;
  SCENARIO RESULT: Passed after 14s 658ms</StdOut>
      </Output>
    </UnitTestResult>
    <UnitTestResult executionId="722043d7-1340-46ab-a594-db7c6ab6495d" testId="dec6bacc-dada-755f-a037-7833f3b8596e" testName="Skillaz.Tests.CompanySpecific.GazpromNeft.GazpromImportBlueReport_feature.Check_multi_line_request_and_vacancy_fields_are_correctly" computerName="DESKTOP-F6SKA47" duration="00:01:07.3834363" startTime="2021-12-16T16:28:52.9155062+03:00" endTime="2021-12-16T16:28:52.9155072+03:00" testType="13cdc9d9-ddb5-4fa4-a97d-d965ccfc6d4b" outcome="Passed" testListId="8c84fa94-04c1-424b-9868-57a2d4851a1d" relativeResultsDirectory="722043d7-1340-46ab-a594-db7c6ab6495d">
      <Output>
        <StdOut>SCENARIO: Check multi line request and vacancy fields are correctly&#xD;
  STEP 1/13: GIVEN a company [companyId: "kdaigswiuJNh8Tvsp"]...&#xD;
  STEP 1/13: GIVEN a company [companyId: "kdaigswiuJNh8Tvsp"] (Passed after 254ms)&#xD;
  STEP 2/13: AND the authenticated user...&#xD;
  STEP 2/13: AND the authenticated user (Passed after 649ms)&#xD;
  STEP 3/13: AND the upload rows [staffUnitNum: "1211"] [clusterName: "АО "Газпромнефть-Урал""] [azsName: "АЗС № 152"] [requestCount: "1"]...&#xD;
  STEP 3/13: AND the upload rows [staffUnitNum: "1211"] [clusterName: "АО "Газпромнефть-Урал""] [azsName: "АЗС № 152"] [requestCount: "1"] (Passed after 3s 006ms)&#xD;
  STEP 4/13: AND the upload rows [staffUnitNum: "1212"] [clusterName: "АО "Газпромнефть-Екатеринбург""] [azsName: "АЗС № 11"] [requestCount: "5"]...&#xD;
  STEP 4/13: AND the upload rows [staffUnitNum: "1212"] [clusterName: "АО "Газпромнефть-Екатеринбург""] [azsName: "АЗС № 11"] [requestCount: "5"] (Passed after 12s 396ms)&#xD;
  STEP 5/13: AND the upload rows [staffUnitNum: "1213"] [clusterName: "АО "Газпромнефть-Урал""] [azsName: "АЗС № 14"] [requestCount: "2"]...&#xD;
  STEP 5/13: AND the upload rows [staffUnitNum: "1213"] [clusterName: "АО "Газпромнефть-Урал""] [azsName: "АЗС № 14"] [requestCount: "2"] (Passed after 18ms)&#xD;
  STEP 6/13: AND the prepare xlsx file...&#xD;
  STEP 6/13: AND the prepare xlsx file (Passed after 1s 598ms)&#xD;
  STEP 7/13: WHEN upload xlsx file...&#xD;
  STEP 7/13: WHEN upload xlsx file (Passed after 34s 393ms)&#xD;
  STEP 8/13: Ensure correctly fields are vacancy [modelTest: "Skillaz.Tests.CompanySpecific.GazpromNeft.GazpromImportBlueReport_feature+GazpromBlueReportModelTest"]...&#xD;
  STEP 8/13: Ensure correctly fields are vacancy [modelTest: "Skillaz.Tests.CompanySpecific.GazpromNeft.GazpromImportBlueReport_feature+GazpromBlueReportModelTest"] (Passed after 3s 415ms)&#xD;
  STEP 9/13: Ensure correctly fields are request [modelTest: "Skillaz.Tests.CompanySpecific.GazpromNeft.GazpromImportBlueReport_feature+GazpromBlueReportModelTest"]...&#xD;
  STEP 9/13: Ensure correctly fields are request [modelTest: "Skillaz.Tests.CompanySpecific.GazpromNeft.GazpromImportBlueReport_feature+GazpromBlueReportModelTest"] (Passed after 157ms)&#xD;
  STEP 10/13: Ensure correctly fields are vacancy [modelTest: "Skillaz.Tests.CompanySpecific.GazpromNeft.GazpromImportBlueReport_feature+GazpromBlueReportModelTest"]...&#xD;
  STEP 10/13: Ensure correctly fields are vacancy [modelTest: "Skillaz.Tests.CompanySpecific.GazpromNeft.GazpromImportBlueReport_feature+GazpromBlueReportModelTest"] (Passed after 3ms)&#xD;
  STEP 11/13: Ensure correctly fields are request [modelTest: "Skillaz.Tests.CompanySpecific.GazpromNeft.GazpromImportBlueReport_feature+GazpromBlueReportModelTest"]...&#xD;
  STEP 11/13: Ensure correctly fields are request [modelTest: "Skillaz.Tests.CompanySpecific.GazpromNeft.GazpromImportBlueReport_feature+GazpromBlueReportModelTest"] (Passed after 5ms)&#xD;
  STEP 12/13: Ensure correctly fields are vacancy [modelTest: "Skillaz.Tests.CompanySpecific.GazpromNeft.GazpromImportBlueReport_feature+GazpromBlueReportModelTest"]...&#xD;
  STEP 12/13: Ensure correctly fields are vacancy [modelTest: "Skillaz.Tests.CompanySpecific.GazpromNeft.GazpromImportBlueReport_feature+GazpromBlueReportModelTest"] (Passed after 2ms)&#xD;
  STEP 13/13: Ensure correctly fields are request [modelTest: "Skillaz.Tests.CompanySpecific.GazpromNeft.GazpromImportBlueReport_feature+GazpromBlueReportModelTest"]...&#xD;
  STEP 13/13: Ensure correctly fields are request [modelTest: "Skillaz.Tests.CompanySpecific.GazpromNeft.GazpromImportBlueReport_feature+GazpromBlueReportModelTest"] (Passed after 2ms)&#xD;
  SCENARIO RESULT: Passed after 1m 02s</StdOut>
      </Output>
    </UnitTestResult>
    <UnitTestResult executionId="47c5fe4e-4653-46b2-8677-049518873656" testId="e99b4445-ae99-60c6-37e9-cd92bcb420bd" testName="Skillaz.Tests.CompanySpecific.Mvideo.MvideoOrgUnitIsInHold_feature.OrgUnit_IsInHold_field_sets_true_when_all_vacancies_is_true" computerName="DESKTOP-F6SKA47" duration="00:00:46.2916797" startTime="2021-12-16T16:18:24.8843702+03:00" endTime="2021-12-16T16:18:24.8843728+03:00" testType="13cdc9d9-ddb5-4fa4-a97d-d965ccfc6d4b" outcome="Passed" testListId="8c84fa94-04c1-424b-9868-57a2d4851a1d" relativeResultsDirectory="47c5fe4e-4653-46b2-8677-049518873656">
      <Output>
        <StdOut>SCENARIO: OrgUnit IsInHold field sets true when all vacancies is true&#xD;
  STEP 1/6: GIVEN a company [companyId: "mvideo"]...&#xD;
  STEP 1/6: GIVEN a company [companyId: "mvideo"] (Passed after 122ms)&#xD;
  STEP 2/6: AND the authenticated user...&#xD;
  STEP 2/6: AND the authenticated user (Passed after 243ms)&#xD;
  STEP 3/6: AND a org unit...&#xD;
  STEP 3/6: AND a org unit (Passed after 150ms)&#xD;
  STEP 4/6: AND a vacancies...&#xD;
  STEP 4/6: AND a vacancies (Passed after 132ms)&#xD;
  STEP 5/6: WHEN set to all vacancies IsInHold as true...&#xD;
  STEP 5/6: WHEN set to all vacancies IsInHold as true (Passed after 43s 491ms)&#xD;
  STEP 6/6: THEN org unit changed IsInHold to true...&#xD;
  STEP 6/6: THEN org unit changed IsInHold to true (Passed after 119ms)&#xD;
  SCENARIO RESULT: Passed after 44s 487ms</StdOut>
      </Output>
    </UnitTestResult>
    <UnitTestResult executionId="09b1e0ce-33f4-447a-92ed-a0ac27f85fe3" testId="ea1e8bbf-b910-35e4-8b4e-7fb2c7c0dbe5" testName="Skillaz.Tests.BlackList.BlackList_feature.Candidates_imported_in_black_list" computerName="DESKTOP-F6SKA47" duration="00:00:22.0061459" startTime="2021-12-16T16:23:39.7746616+03:00" endTime="2021-12-16T16:23:39.7746758+03:00" testType="13cdc9d9-ddb5-4fa4-a97d-d965ccfc6d4b" outcome="Passed" testListId="8c84fa94-04c1-424b-9868-57a2d4851a1d" relativeResultsDirectory="09b1e0ce-33f4-447a-92ed-a0ac27f85fe3">
      <Output>
        <StdOut>SCENARIO: Candidates imported in black list&#xD;
  STEP 1/6: GIVEN a company [companyId: "pepsico"]...&#xD;
  STEP 1/6: GIVEN a company [companyId: "pepsico"] (Passed after 102ms)&#xD;
  STEP 2/6: AND the authenticated user...&#xD;
  STEP 2/6: AND the authenticated user (Passed after 411ms)&#xD;
  STEP 3/6: AND the upload rows...&#xD;
  STEP 3/6: AND the upload rows (Passed after 3ms)&#xD;
  STEP 4/6: AND the prepare xlsx file...&#xD;
  STEP 4/6: AND the prepare xlsx file (Passed after 6s 516ms)&#xD;
  STEP 5/6: WHEN the black list imported...&#xD;
  STEP 5/6: WHEN the black list imported (Passed after 9s 366ms)&#xD;
  STEP 6/6: THEN candidates upsert [availableCount: "3"]...&#xD;
  STEP 6/6: THEN candidates upsert [availableCount: "3"] (Passed after 4s 280ms)&#xD;
  SCENARIO RESULT: Passed after 20s 708ms</StdOut>
      </Output>
    </UnitTestResult>
    <UnitTestResult executionId="ca61b609-2be6-49a8-a6ce-a23ff205d2d7" testId="019b787c-88b2-9680-3a7b-9251d2235f77" testName="Skillaz.Tests.CompanySpecific.X5.Naumen.NaumenSlaTests.Sla_calculates_correctly_for_next_day(candidateTimeZone: 10, sla: 02:00:00, startDate: 2019-12-31T14:00:00.0000000Z, truth: [NaumenTimeRange { From = &quot;2020-01-01 07:00:00&quot;, To = &quot;2020-01-01 09:00:00&quot; }])" computerName="DESKTOP-F6SKA47" duration="00:00:00.0000529" startTime="2021-12-16T16:16:29.3284366+03:00" endTime="2021-12-16T16:16:29.3284369+03:00" testType="13cdc9d9-ddb5-4fa4-a97d-d965ccfc6d4b" outcome="Passed" testListId="8c84fa94-04c1-424b-9868-57a2d4851a1d" relativeResultsDirectory="ca61b609-2be6-49a8-a6ce-a23ff205d2d7" />
    <UnitTestResult executionId="5413509d-7291-4a0f-be5a-777f9d51ce7f" testId="da290fac-f7a7-5ff5-2d43-0a563899d377" testName="Skillaz.Tests.OpenApi.Batch.OpenApiBatchIndexes_feature.Ensure_error_indexes_updated_from_request" computerName="DESKTOP-F6SKA47" duration="00:00:08.0827249" startTime="2021-12-16T16:19:12.3260506+03:00" endTime="2021-12-16T16:19:12.3260632+03:00" testType="13cdc9d9-ddb5-4fa4-a97d-d965ccfc6d4b" outcome="Passed" testListId="8c84fa94-04c1-424b-9868-57a2d4851a1d" relativeResultsDirectory="5413509d-7291-4a0f-be5a-777f9d51ce7f">
      <Output>
        <StdOut>SCENARIO: Ensure error indexes updated from request&#xD;
  STEP 1/5: GIVEN a company...&#xD;
  STEP 1/5: GIVEN a company (Passed after 98ms)&#xD;
  STEP 2/5: AND the authenticated api user...&#xD;
  STEP 2/5: AND the authenticated api user (Passed after 392ms)&#xD;
  STEP 3/5: AND the error indexes...&#xD;
  STEP 3/5: AND the error indexes (Passed after 3s 971ms)&#xD;
  STEP 4/5: WHEN upload batch request...&#xD;
  STEP 4/5: WHEN upload batch request (Passed after 2s 517ms)&#xD;
  STEP 5/5: THEN indexes is actually a request data...&#xD;
  STEP 5/5: THEN indexes is actually a request data (Passed after 513ms)&#xD;
  SCENARIO RESULT: Passed after 7s 501ms</StdOut>
      </Output>
    </UnitTestResult>
    <UnitTestResult executionId="f0161568-f93f-4c36-8b38-17486701f8c0" testId="e6edf9ea-7251-2bac-8533-05ede2d0112c" testName="Skillaz.Testing.Run.System.Security.HtmlSecurityTests.SanitizeHtml" computerName="DESKTOP-F6SKA47" duration="00:00:02.7670516" startTime="2021-12-16T16:16:31.4896298+03:00" endTime="2021-12-16T16:16:31.4896361+03:00" testType="13cdc9d9-ddb5-4fa4-a97d-d965ccfc6d4b" outcome="Passed" testListId="8c84fa94-04c1-424b-9868-57a2d4851a1d" relativeResultsDirectory="f0161568-f93f-4c36-8b38-17486701f8c0" />
    <UnitTestResult executionId="b5e5a4d0-b520-48b1-987a-a52dc7391e07" testId="ee4aadbf-a15e-2271-cf96-d004deeff9d6" testName="Skillaz.Tests.Assessment.Scenario_feature.Setting_a_default_scenario" computerName="DESKTOP-F6SKA47" duration="00:00:01.8138781" startTime="2021-12-16T16:22:19.7889805+03:00" endTime="2021-12-16T16:22:19.7889824+03:00" testType="13cdc9d9-ddb5-4fa4-a97d-d965ccfc6d4b" outcome="Passed" testListId="8c84fa94-04c1-424b-9868-57a2d4851a1d" relativeResultsDirectory="b5e5a4d0-b520-48b1-987a-a52dc7391e07">
      <Output>
        <StdOut>SCENARIO: Setting a default scenario&#xD;
  STEP 1/6: GIVEN a company...&#xD;
  STEP 1/6: GIVEN a company (Passed after 53ms)&#xD;
  STEP 2/6: AND the authenticated user...&#xD;
  STEP 2/6: AND the authenticated user (Passed after 218ms)&#xD;
  STEP 3/6: AND a default scenario...&#xD;
  STEP 3/6: AND a default scenario (Passed after 154ms)&#xD;
  STEP 4/6: AND another scenario...&#xD;
  STEP 4/6: AND another scenario (Passed after 3ms)&#xD;
  STEP 5/6: WHEN a default scenario is changed...&#xD;
  STEP 5/6: WHEN a default scenario is changed (Passed after 216ms)&#xD;
  STEP 6/6: New scenario should have become default...&#xD;
  STEP 6/6: New scenario should have become default (Passed after 56ms)&#xD;
  SCENARIO RESULT: Passed after 716ms</StdOut>
      </Output>
    </UnitTestResult>
    <UnitTestResult executionId="d7b7f9c5-783b-4c32-a77c-ede4cf724ec0" testId="019b787c-88b2-9680-3a7b-9251d2235f77" testName="Skillaz.Tests.CompanySpecific.X5.Naumen.NaumenSlaTests.Sla_calculates_correctly_for_next_day(candidateTimeZone: 9, sla: 02:00:00, startDate: 2020-01-01T02:00:00.0000000Z, truth: [NaumenTimeRange { From = &quot;2020-01-01 07:00:00&quot;, To = &quot;2020-01-01 09:00:00&quot; }])" computerName="DESKTOP-F6SKA47" duration="00:00:00.0000638" startTime="2021-12-16T16:16:29.3231349+03:00" endTime="2021-12-16T16:16:29.3231353+03:00" testType="13cdc9d9-ddb5-4fa4-a97d-d965ccfc6d4b" outcome="Passed" testListId="8c84fa94-04c1-424b-9868-57a2d4851a1d" relativeResultsDirectory="d7b7f9c5-783b-4c32-a77c-ede4cf724ec0" />
    <UnitTestResult executionId="f9b21376-9540-42f3-a4f2-22cee1a6e7e9" testId="a29e40e6-006e-f56e-8c18-1ae314a9b5d7" testName="Skillaz.Tests.Candidate.Checks.FilterChecksBasedOnIsNeedToShow_feature.Get_candidate_check_list_by_invalid_user" computerName="DESKTOP-F6SKA47" duration="00:00:05.5785973" startTime="2021-12-16T16:26:49.5742480+03:00" endTime="2021-12-16T16:26:49.5742494+03:00" testType="13cdc9d9-ddb5-4fa4-a97d-d965ccfc6d4b" outcome="Passed" testListId="8c84fa94-04c1-424b-9868-57a2d4851a1d" relativeResultsDirectory="f9b21376-9540-42f3-a4f2-22cee1a6e7e9">
      <Output>
        <StdOut>SCENARIO: Get candidate check list by invalid user&#xD;
  STEP 1/10: GIVEN a company...&#xD;
  STEP 1/10: GIVEN a company (Passed after 110ms)&#xD;
  STEP 2/10: AND the vacancy in the company...&#xD;
  STEP 2/10: AND the vacancy in the company (Passed after 106ms)&#xD;
  STEP 3/10: AND the authenticated user...&#xD;
  STEP 3/10: AND the authenticated user (Passed after 283ms)&#xD;
  STEP 4/10: AND a funnel...&#xD;
  STEP 4/10: AND a funnel (Passed after 71ms)&#xD;
  STEP 5/10: AND a candidate...&#xD;
  STEP 5/10: AND a candidate (Passed after 76ms)&#xD;
  STEP 6/10: AND client configuration with check workflow and model...&#xD;
  STEP 6/10: AND client configuration with check workflow and model (Passed after 2s 033ms)&#xD;
  STEP 7/10: AND started checks...&#xD;
  STEP 7/10: AND started checks (Passed after 2s 201ms)&#xD;
  STEP 8/10: AND the authenticated user...&#xD;
  STEP 8/10: AND the authenticated user (Passed after 3ms)&#xD;
  STEP 9/10: WHEN candidate check list is requested...&#xD;
  STEP 9/10: WHEN candidate check list is requested (Passed after 232ms)&#xD;
  STEP 10/10: THEN check does not exist in list...&#xD;
  STEP 10/10: THEN check does not exist in list (Passed after 46ms)&#xD;
  SCENARIO RESULT: Passed after 5s 176ms</StdOut>
      </Output>
    </UnitTestResult>
    <UnitTestResult executionId="df15923c-19b8-4835-b2d0-fba25c26ef5a" testId="8bea1119-f536-f3f1-9436-7e698337ae30" testName="Skillaz.Tests.Assessment.Questionnaires.AddressQuestionnaire_feature.Getting_a_questionnaire" computerName="DESKTOP-F6SKA47" duration="00:00:01.7640156" startTime="2021-12-16T16:25:44.3254017+03:00" endTime="2021-12-16T16:25:44.3254064+03:00" testType="13cdc9d9-ddb5-4fa4-a97d-d965ccfc6d4b" outcome="Passed" testListId="8c84fa94-04c1-424b-9868-57a2d4851a1d" relativeResultsDirectory="df15923c-19b8-4835-b2d0-fba25c26ef5a">
      <Output>
        <StdOut>SCENARIO: Getting a questionnaire&#xD;
  STEP 1/5: GIVEN a company...&#xD;
  STEP 1/5: GIVEN a company (Passed after 274ms)&#xD;
  STEP 2/5: AND the authenticated user...&#xD;
  STEP 2/5: AND the authenticated user (Passed after 134ms)&#xD;
  STEP 3/5: AND the questionnaire...&#xD;
  STEP 3/5: AND the questionnaire (Passed after 39ms)&#xD;
  STEP 4/5: WHEN questionnaire is requested...&#xD;
  STEP 4/5: WHEN questionnaire is requested (Passed after 757ms)&#xD;
  STEP 5/5: Questionnaire should be retrieved...&#xD;
  STEP 5/5: Questionnaire should be retrieved (Passed after 13ms)&#xD;
  SCENARIO RESULT: Passed after 1s 237ms</StdOut>
      </Output>
    </UnitTestResult>
    <UnitTestResult executionId="a35909e0-68f6-441d-8cae-24485ae62826" testId="9543aaee-213f-c277-75ec-47667e5a9f7b" testName="Skillaz.Tests.Configurator.ConfiguratorEditorApiRowTests.Редактор_конфигуратора_создается_и_редактируется" computerName="DESKTOP-F6SKA47" duration="00:00:18.8580792" startTime="2021-12-16T16:17:10.1339314+03:00" endTime="2021-12-16T16:17:10.1339357+03:00" testType="13cdc9d9-ddb5-4fa4-a97d-d965ccfc6d4b" outcome="Passed" testListId="8c84fa94-04c1-424b-9868-57a2d4851a1d" relativeResultsDirectory="a35909e0-68f6-441d-8cae-24485ae62826">
      <Output>
        <StdOut>SCENARIO: Редактор конфигуратора создается и редактируется&#xD;
  STEP 1/15: GIVEN a company...&#xD;
  STEP 1/15: GIVEN a company (Passed after 238ms)&#xD;
  STEP 2/15: AND the authenticated user...&#xD;
  STEP 2/15: AND the authenticated user (Passed after 184ms)&#xD;
  STEP 3/15: Выдать пользователю нужные права...&#xD;
  STEP 3/15: Выдать пользователю нужные права (Passed after &lt;1ms)&#xD;
  STEP 4/15: Получить воронку в конфигураторе без черновика...&#xD;
  STEP 4/15: Получить воронку в конфигураторе без черновика (Passed after 498ms)&#xD;
  STEP 5/15: Загрузить редактор конфигуратора...&#xD;
  STEP 5/15: Загрузить редактор конфигуратора (Passed after 12s 954ms)&#xD;
  STEP 6/15: Получить форму для новой строки...&#xD;
  STEP 6/15: Получить форму для новой строки (Passed after 733ms)&#xD;
  STEP 7/15: Добавить новую строку...&#xD;
  STEP 7/15: Добавить новую строку (Passed after 1s 631ms)&#xD;
  STEP 8/15: Проверить что строка добавилась...&#xD;
  STEP 8/15: Проверить что строка добавилась (Passed after 110ms)&#xD;
  STEP 9/15: Проверить что строка появилась в данных вкладки...&#xD;
  STEP 9/15: Проверить что строка появилась в данных вкладки (Passed after 351ms)&#xD;
  STEP 10/15: Добавить еще строку с тем же кодом...&#xD;
  STEP 10/15: Добавить еще строку с тем же кодом (Passed after 190ms)&#xD;
  STEP 11/15: Получить модель для редактирования строки...&#xD;
  STEP 11/15: Получить модель для редактирования строки (Passed after 389ms)&#xD;
  STEP 12/15: Отредактировать строку...&#xD;
  STEP 12/15: Отредактировать строку (Passed after 473ms)&#xD;
  STEP 13/15: Проверить что строка отредактировалась...&#xD;
  STEP 13/15: Проверить что строка отредактировалась (Passed after 327ms)&#xD;
  STEP 14/15: Удалить строку...&#xD;
  STEP 14/15: Удалить строку (Passed after 234ms)&#xD;
  STEP 15/15: Проверить что строка удалилась...&#xD;
  STEP 15/15: Проверить что строка удалилась (Passed after 159ms)&#xD;
  SCENARIO RESULT: Passed after 18s 594ms</StdOut>
      </Output>
    </UnitTestResult>
    <UnitTestResult executionId="83bad2ca-e040-4f65-9758-2deb8ba0e5f7" testId="5ec28a4c-def0-5734-96c7-786773e5deba" testName="Skillaz.Tests.CompanySpecific.Sberbank.SberPositionsTests.SberPositionCommand_should_work_as_expected(vacancyName: &quot;Менеджер по ключевым клиентам микро&quot;, expectedPositionId: &quot;key_client_manger_sber_mmb&quot;)" computerName="DESKTOP-F6SKA47" duration="00:00:00.0112839" startTime="2021-12-16T16:16:29.6752505+03:00" endTime="2021-12-16T16:16:29.6752511+03:00" testType="13cdc9d9-ddb5-4fa4-a97d-d965ccfc6d4b" outcome="Passed" testListId="8c84fa94-04c1-424b-9868-57a2d4851a1d" relativeResultsDirectory="83bad2ca-e040-4f65-9758-2deb8ba0e5f7" />
    <UnitTestResult executionId="f5c89403-a4fb-43a6-8f79-89181a4c03ef" testId="695a69c9-264c-d1c5-2032-535ef4bf39f9" testName="Skillaz.Tests.CompanySpecific.X5.Naumen.NaumenSlaTests.Sla_calculates_correctly_for_split_days(candidateTimeZone: 7, sla: 08:00:00, startDate: 2019-12-31T09:00:00.0000000Z, truth: [NaumenTimeRange { From = &quot;2019-12-31 12:00:00&quot;, To = &quot;2019-12-31 16:00:00&quot; }, NaumenTimeRange { From = &quot;2020-01-01 07:00:00&quot;, To = &quot;2020-01-01 11:00:00&quot; }])" computerName="DESKTOP-F6SKA47" duration="00:00:00.0000898" startTime="2021-12-16T16:16:29.0080245+03:00" endTime="2021-12-16T16:16:29.0080249+03:00" testType="13cdc9d9-ddb5-4fa4-a97d-d965ccfc6d4b" outcome="Passed" testListId="8c84fa94-04c1-424b-9868-57a2d4851a1d" relativeResultsDirectory="f5c89403-a4fb-43a6-8f79-89181a4c03ef" />
    <UnitTestResult executionId="a5999473-a62f-4a33-832b-7ab07e270851" testId="695a69c9-264c-d1c5-2032-535ef4bf39f9" testName="Skillaz.Tests.CompanySpecific.X5.Naumen.NaumenSlaTests.Sla_calculates_correctly_for_split_days(candidateTimeZone: 5, sla: 06:00:00, startDate: 2019-12-31T12:00:00.0000000Z, truth: [NaumenTimeRange { From = &quot;2019-12-31 15:00:00&quot;, To = &quot;2019-12-31 18:00:00&quot; }, NaumenTimeRange { From = &quot;2020-01-01 07:00:00&quot;, To = &quot;2020-01-01 10:00:00&quot; }])" computerName="DESKTOP-F6SKA47" duration="00:00:00.0000546" startTime="2021-12-16T16:16:28.9966945+03:00" endTime="2021-12-16T16:16:28.9966952+03:00" testType="13cdc9d9-ddb5-4fa4-a97d-d965ccfc6d4b" outcome="Passed" testListId="8c84fa94-04c1-424b-9868-57a2d4851a1d" relativeResultsDirectory="a5999473-a62f-4a33-832b-7ab07e270851" />
    <UnitTestResult executionId="a3ab8e88-4ad4-4100-9678-a50c89dee43d" testId="4a7634ee-a423-106c-c2fb-444672100921" testName="Skillaz.Tests.Assessment.Interviews.TalentQInterview_feature.Getting_a_talentQ_interview_result" computerName="DESKTOP-F6SKA47" duration="00:00:12.1969902" startTime="2021-12-16T16:25:20.9126805+03:00" endTime="2021-12-16T16:25:20.9126823+03:00" testType="13cdc9d9-ddb5-4fa4-a97d-d965ccfc6d4b" outcome="Passed" testListId="8c84fa94-04c1-424b-9868-57a2d4851a1d" relativeResultsDirectory="a3ab8e88-4ad4-4100-9678-a50c89dee43d">
      <Output>
        <StdOut>SCENARIO: Getting a talentQ interview result&#xD;
  STEP 1/5: GIVEN a candidate in a vacancy in a company...&#xD;
  STEP 1/5: GIVEN a candidate in a vacancy in a company (Passed after 699ms)&#xD;
  STEP 2/5: AND the authenticated user...&#xD;
  STEP 2/5: AND the authenticated user (Passed after 1s 479ms)&#xD;
  STEP 3/5: AND the interview...&#xD;
  STEP 3/5: AND the interview (Passed after 1s 478ms)&#xD;
  STEP 4/5: WHEN a talentQ interview result is requested...&#xD;
  STEP 4/5: WHEN a talentQ interview result is requested (Passed after 2s 618ms)&#xD;
  STEP 5/5: THEN a talentQ interview result should be retrieved...&#xD;
  STEP 5/5: THEN a talentQ interview result should be retrieved (Passed after &lt;1ms)&#xD;
  SCENARIO RESULT: Passed after 6s 304ms</StdOut>
      </Output>
    </UnitTestResult>
    <UnitTestResult executionId="c37913f3-d203-4ec8-b46d-f1e02f6b8ae4" testId="019b787c-88b2-9680-3a7b-9251d2235f77" testName="Skillaz.Tests.CompanySpecific.X5.Naumen.NaumenSlaTests.Sla_calculates_correctly_for_next_day(candidateTimeZone: 4, sla: 02:00:00, startDate: 2019-12-31T23:30:00.0000000Z, truth: [NaumenTimeRange { From = &quot;2020-01-01 08:00:00&quot;, To = &quot;2020-01-01 10:00:00&quot; }])" computerName="DESKTOP-F6SKA47" duration="00:00:00.0000823" startTime="2021-12-16T16:16:29.0934763+03:00" endTime="2021-12-16T16:16:29.0934769+03:00" testType="13cdc9d9-ddb5-4fa4-a97d-d965ccfc6d4b" outcome="Passed" testListId="8c84fa94-04c1-424b-9868-57a2d4851a1d" relativeResultsDirectory="c37913f3-d203-4ec8-b46d-f1e02f6b8ae4" />
    <UnitTestResult executionId="53fde100-4299-4604-9274-92461c459c7a" testId="b02b6a11-71bd-2f26-f8d6-f34ffe18b11f" testName="Skillaz.Tests.Assessment.Interview_feature.Do_not_create_new_interview_on_second_testing_status_by_default" computerName="DESKTOP-F6SKA47" duration="00:00:05.8868188" startTime="2021-12-16T16:25:52.5910654+03:00" endTime="2021-12-16T16:25:52.5910679+03:00" testType="13cdc9d9-ddb5-4fa4-a97d-d965ccfc6d4b" outcome="Passed" testListId="8c84fa94-04c1-424b-9868-57a2d4851a1d" relativeResultsDirectory="53fde100-4299-4604-9274-92461c459c7a">
      <Output>
        <StdOut>SCENARIO: Do not create new interview on second testing status by default&#xD;
  STEP 1/4: GIVEN a candidate in a vacancy in a company...&#xD;
  STEP 1/4: GIVEN a candidate in a vacancy in a company (Passed after 1s 179ms)&#xD;
  STEP 2/4: AND a scenario...&#xD;
  STEP 2/4: AND a scenario (Passed after 1s 887ms)&#xD;
  STEP 3/4: WHEN a link to interview is generated twice...&#xD;
  STEP 3/4: WHEN a link to interview is generated twice (Passed after 2s 343ms)&#xD;
  STEP 4/4: THEN second link is identical to first...&#xD;
  STEP 4/4: THEN second link is identical to first (Passed after &lt;1ms)&#xD;
  SCENARIO RESULT: Passed after 5s 418ms</StdOut>
      </Output>
    </UnitTestResult>
    <UnitTestResult executionId="973e64c2-1a7f-411e-8c9f-e18c12e98e12" testId="9101aaa2-825b-6697-3863-43268b8899b9" testName="Skillaz.Tests.Notifications.SmsTemplateBuilderTest.Проверка_парсинга_шаблона_для_sms" computerName="DESKTOP-F6SKA47" duration="00:00:01.3228633" startTime="2021-12-16T16:18:57.9758336+03:00" endTime="2021-12-16T16:18:57.9758421+03:00" testType="13cdc9d9-ddb5-4fa4-a97d-d965ccfc6d4b" outcome="Passed" testListId="8c84fa94-04c1-424b-9868-57a2d4851a1d" relativeResultsDirectory="973e64c2-1a7f-411e-8c9f-e18c12e98e12">
      <Output>
        <StdOut>SCENARIO: Проверка парсинга шаблона для sms&#xD;
  STEP 1/3: GIVEN a company...&#xD;
  STEP 1/3: GIVEN a company (Passed after 148ms)&#xD;
  STEP 2/3: AND the authenticated user...&#xD;
  STEP 2/3: AND the authenticated user (Passed after 503ms)&#xD;
  STEP 3/3: Проверяем что шаблон правильно спарсился...&#xD;
  STEP 3/3: Проверяем что шаблон правильно спарсился (Passed after 149ms)&#xD;
  SCENARIO RESULT: Passed after 809ms</StdOut>
      </Output>
    </UnitTestResult>
    <UnitTestResult executionId="02ca1239-f5ae-4ca6-bfc6-a885e9cbe3c7" testId="24da63dd-e1a9-0eda-ed7c-81fcb1500bd5" testName="Skillaz.Tests.Configurator.ConfiguratorApiListTests.Объект_конфигуратора_создается_и_редактируется" computerName="DESKTOP-F6SKA47" duration="00:00:02.3967793" startTime="2021-12-16T16:18:31.3754478+03:00" endTime="2021-12-16T16:18:31.3754591+03:00" testType="13cdc9d9-ddb5-4fa4-a97d-d965ccfc6d4b" outcome="Passed" testListId="8c84fa94-04c1-424b-9868-57a2d4851a1d" relativeResultsDirectory="02ca1239-f5ae-4ca6-bfc6-a885e9cbe3c7">
      <Output>
        <StdOut>SCENARIO: Объект конфигуратора создается и редактируется&#xD;
  STEP 1/5: GIVEN a company...&#xD;
  STEP 1/5: GIVEN a company (Passed after 249ms)&#xD;
  STEP 2/5: AND the authenticated user...&#xD;
  STEP 2/5: AND the authenticated user (Passed after 434ms)&#xD;
  STEP 3/5: Выдать пользователю нужные права...&#xD;
  STEP 3/5: Выдать пользователю нужные права (Passed after &lt;1ms)&#xD;
  STEP 4/5: Получить воронку в конфигураторе без черновика...&#xD;
  STEP 4/5: Получить воронку в конфигураторе без черновика (Passed after 153ms)&#xD;
  STEP 5/5: Получить список объектов конфигуратора...&#xD;
  STEP 5/5: Получить список объектов конфигуратора (Passed after 841ms)&#xD;
  SCENARIO RESULT: Passed after 1s 682ms</StdOut>
      </Output>
    </UnitTestResult>
    <UnitTestResult executionId="dbe969af-fc3d-4e71-adc9-2e757ac940be" testId="80b28bd1-fa2c-1394-d9c2-3c826a523a3e" testName="Skillaz.Tests.Assessment.Interviews.SelfEntryInterview_feature.Getting_a_self_entry_request_by_interview" computerName="DESKTOP-F6SKA47" duration="00:00:14.6776944" startTime="2021-12-16T16:19:40.6392391+03:00" endTime="2021-12-16T16:19:40.6392480+03:00" testType="13cdc9d9-ddb5-4fa4-a97d-d965ccfc6d4b" outcome="Passed" testListId="8c84fa94-04c1-424b-9868-57a2d4851a1d" relativeResultsDirectory="dbe969af-fc3d-4e71-adc9-2e757ac940be">
      <Output>
        <StdOut>SCENARIO: Getting a self entry request by interview&#xD;
  STEP 1/6: GIVEN a candidate in a vacancy in a orgUnit in a company...&#xD;
  STEP 1/6: GIVEN a candidate in a vacancy in a orgUnit in a company (Passed after 2s 761ms)&#xD;
  STEP 2/6: AND the request...&#xD;
  STEP 2/6: AND the request (Passed after 477ms)&#xD;
  STEP 3/6: AND the timeSlots...&#xD;
  STEP 3/6: AND the timeSlots (Passed after 854ms)&#xD;
  STEP 4/6: AND the interview and timeslot period [timeSlotSource: "HireRequest"] [addStartPeriod: "False"] [addDurationPeriod: "False"]...&#xD;
  STEP 4/6: AND the interview and timeslot period [timeSlotSource: "HireRequest"] [addStartPeriod: "False"] [addDurationPeriod: "False"] (Passed after 2s 226ms)&#xD;
  STEP 5/6: WHEN a self entry items is requested...&#xD;
  STEP 5/6: WHEN a self entry items is requested (Passed after 3s 071ms)&#xD;
  STEP 6/6: THEN a self entry requests should be retrieved...&#xD;
  STEP 6/6: THEN a self entry requests should be retrieved (Passed after 298ms)&#xD;
  SCENARIO RESULT: Passed after 9s 712ms</StdOut>
      </Output>
    </UnitTestResult>
    <UnitTestResult executionId="0ca6d0c6-23af-44c3-9316-ef21e53dc171" testId="22f745c8-ab6e-1846-1a59-332d4d861183" testName="Skillaz.Tests.Request.X5.X5GetRequestListCommand_feature.Result_list_elements_count_should_be_equal_or_less_than_one_hundred" computerName="DESKTOP-F6SKA47" duration="00:00:12.8193103" startTime="2021-12-16T16:25:13.0130965+03:00" endTime="2021-12-16T16:25:13.0130998+03:00" testType="13cdc9d9-ddb5-4fa4-a97d-d965ccfc6d4b" outcome="Passed" testListId="8c84fa94-04c1-424b-9868-57a2d4851a1d" relativeResultsDirectory="0ca6d0c6-23af-44c3-9316-ef21e53dc171">
      <Output>
        <StdOut>SCENARIO: Result list elements count should be equal or less than one hundred&#xD;
  STEP 1/8: GIVEN a company [companyId: "61bb3e2c7f10d6937478e1d2"]...&#xD;
  STEP 1/8: GIVEN a company [companyId: "61bb3e2c7f10d6937478e1d2"] (Passed after 197ms)&#xD;
  STEP 2/8: AND the vacancy in the company...&#xD;
  STEP 2/8: AND the vacancy in the company (Passed after 140ms)&#xD;
  STEP 3/8: AND candidate "Skillaz.Candidate.Contract.Documents.Candidate.CandidateDocument"...&#xD;
  STEP 3/8: AND candidate "Skillaz.Candidate.Contract.Documents.Candidate.CandidateDocument" (Passed after 124ms)&#xD;
  STEP 4/8: AND requests [template: "Skillaz.Candidate.Contract.Request.RequestDocument"] [requestsCount: "200"]...&#xD;
  STEP 4/8: AND requests [template: "Skillaz.Candidate.Contract.Request.RequestDocument"] [requestsCount: "200"] (Passed after 428ms)&#xD;
  STEP 5/8: AND created indexes for requests...&#xD;
  STEP 5/8: AND created indexes for requests (Passed after 8s 077ms)&#xD;
  STEP 6/8: AND candidate profile [candidateProfileDocument: "Skillaz.Candidate.Contract.Documents.CandidateProfile.CandidateProfileDocument"]...&#xD;
  STEP 6/8: AND candidate profile [candidateProfileDocument: "Skillaz.Candidate.Contract.Documents.CandidateProfile.CandidateProfileDocument"] (Passed after 259ms)&#xD;
  STEP 7/8: WHEN getting available requests list...&#xD;
  STEP 7/8: WHEN getting available requests list (Passed after 471ms)&#xD;
  STEP 8/8: THEN result list elements count equal to [elementsCount: "100"]...&#xD;
  STEP 8/8: THEN result list elements count equal to [elementsCount: "100"] (Passed after 77ms)&#xD;
  SCENARIO RESULT: Passed after 9s 798ms</StdOut>
      </Output>
    </UnitTestResult>
    <UnitTestResult executionId="d40fcd51-3eee-4545-aaef-b5d26a15e702" testId="cb38e228-a979-bf4e-be0b-244890bbcddb" testName="Skillaz.Tests.Authorization.AuthLoginWorkflowService_Login_feature.Do_incorrect_login_by_username_with_no_attempts_left_expects_ban" computerName="DESKTOP-F6SKA47" duration="00:00:06.2392530" startTime="2021-12-16T16:22:35.6869547+03:00" endTime="2021-12-16T16:22:35.6869563+03:00" testType="13cdc9d9-ddb5-4fa4-a97d-d965ccfc6d4b" outcome="Passed" testListId="8c84fa94-04c1-424b-9868-57a2d4851a1d" relativeResultsDirectory="d40fcd51-3eee-4545-aaef-b5d26a15e702">
      <Output>
        <StdOut>SCENARIO: Do incorrect login by username with no attempts left expects ban&#xD;
  STEP 1/5: GIVEN a company...&#xD;
  STEP 1/5: GIVEN a company (Passed after 145ms)&#xD;
  STEP 2/5: AND a user with maximum login attempts...&#xD;
  STEP 2/5: AND a user with maximum login attempts (Passed after 940ms)&#xD;
  STEP 3/5: WHEN doing a failing login "v.pupkin" attempt...&#xD;
  STEP 3/5: WHEN doing a failing login "v.pupkin" attempt (Passed after 4s 070ms)&#xD;
  STEP 4/5: THEN ensure it is account blocked exception...&#xD;
  STEP 4/5: THEN ensure it is account blocked exception (Passed after &lt;1ms)&#xD;
  STEP 5/5: AND ensure that account was banned...&#xD;
  STEP 5/5: AND ensure that account was banned (Passed after 22ms)&#xD;
  SCENARIO RESULT: Passed after 5s 189ms</StdOut>
      </Output>
    </UnitTestResult>
    <UnitTestResult executionId="46d3351c-0d53-4d48-8b08-73b2af265c65" testId="a70afff7-761c-67c6-c8a3-e7818bd719f5" testName="Skillaz.Tests.CompanySpecific.X5.X5CandidatesBlockerStore_feature.Should_unlock_candidate_When_latest_security_check_not_passed" computerName="DESKTOP-F6SKA47" duration="00:00:07.2749223" startTime="2021-12-16T16:23:47.2090462+03:00" endTime="2021-12-16T16:23:47.2090515+03:00" testType="13cdc9d9-ddb5-4fa4-a97d-d965ccfc6d4b" outcome="Passed" testListId="8c84fa94-04c1-424b-9868-57a2d4851a1d" relativeResultsDirectory="46d3351c-0d53-4d48-8b08-73b2af265c65">
      <Output>
        <StdOut>SCENARIO: Should unlock candidate When latest security check not passed&#xD;
  STEP 1/7: GIVEN a candidate with funnel and security checks...&#xD;
  STEP 1/7: GIVEN a candidate with funnel and security checks (Passed after 2s 075ms)&#xD;
  STEP 2/7: AND latest check is not passed...&#xD;
  STEP 2/7: AND latest check is not passed (Passed after 167ms)&#xD;
  STEP 3/7: AND time to unlock candidate...&#xD;
  STEP 3/7: AND time to unlock candidate (Passed after 873ms)&#xD;
  STEP 4/7: WHEN candidates blocking procedure has executed...&#xD;
  STEP 4/7: WHEN candidates blocking procedure has executed (Passed after 3s 517ms)&#xD;
  STEP 5/7: THEN the candidate is unlocked...&#xD;
  STEP 5/7: THEN the candidate is unlocked (Passed after &lt;1ms)&#xD;
  STEP 6/7: AND all checks are reset...&#xD;
  STEP 6/7: AND all checks are reset (Passed after 337ms)&#xD;
  STEP 7/7: AND resolution is reset...&#xD;
  STEP 7/7: AND resolution is reset (Passed after 265ms)&#xD;
  SCENARIO RESULT: Passed after 7s 264ms</StdOut>
      </Output>
    </UnitTestResult>
    <UnitTestResult executionId="7672dae4-1d51-4a9d-8c42-c9ffd6bf28e5" testId="a9f58f15-6d84-c5e6-3b9e-72800fdab0ab" testName="Расширение файла совпадает с его содержимым(fileName: &quot;Image.jpg&quot;)" computerName="DESKTOP-F6SKA47" duration="00:00:00.4822871" startTime="2021-12-16T16:16:31.2449051+03:00" endTime="2021-12-16T16:16:31.2449056+03:00" testType="13cdc9d9-ddb5-4fa4-a97d-d965ccfc6d4b" outcome="Passed" testListId="8c84fa94-04c1-424b-9868-57a2d4851a1d" relativeResultsDirectory="7672dae4-1d51-4a9d-8c42-c9ffd6bf28e5" />
    <UnitTestResult executionId="2655548d-9043-4fcb-ac96-be94a4ed18c2" testId="39bbe88c-a5a1-69b6-0e18-a75bb02edd6c" testName="Skillaz.Tests.CompanySpecific.X5.Naumen.NaumenSlaTests.Sla_calculates_correctly_within_one_day(candidateTimeZone: 12, sla: 01:00:00, startDate: 2019-12-31T07:00:00.0000000Z, truth: [NaumenTimeRange { From = &quot;2019-12-31 10:00:00&quot;, To = &quot;2019-12-31 11:00:00&quot; }])" computerName="DESKTOP-F6SKA47" duration="00:00:00.0000289" startTime="2021-12-16T16:16:29.0404967+03:00" endTime="2021-12-16T16:16:29.0404971+03:00" testType="13cdc9d9-ddb5-4fa4-a97d-d965ccfc6d4b" outcome="Passed" testListId="8c84fa94-04c1-424b-9868-57a2d4851a1d" relativeResultsDirectory="2655548d-9043-4fcb-ac96-be94a4ed18c2" />
    <UnitTestResult executionId="ad1c0e3e-f040-4267-b099-16d6014d23b7" testId="2633a07f-0023-a471-b773-efc113e7995b" testName="Skillaz.Tests.Notifications.CustomNotifications_feature.Check_if_user_send_changed_notificaction" computerName="DESKTOP-F6SKA47" duration="00:00:06.6487643" startTime="2021-12-16T16:25:52.9040426+03:00" endTime="2021-12-16T16:25:52.9040509+03:00" testType="13cdc9d9-ddb5-4fa4-a97d-d965ccfc6d4b" outcome="Passed" testListId="8c84fa94-04c1-424b-9868-57a2d4851a1d" relativeResultsDirectory="ad1c0e3e-f040-4267-b099-16d6014d23b7">
      <Output>
        <StdOut>SCENARIO: Check if user send changed notificaction&#xD;
  STEP 1/7: GIVEN Given a candidate in a vacancy in a company [makeCompany: "System.Func`1[Skillaz.Candidate.Contract.LegacyCompany.LegacyCompanyDocument]"]...&#xD;
  STEP 1/7: GIVEN Given a candidate in a vacancy in a company [makeCompany: "System.Func`1[Skillaz.Candidate.Contract.LegacyCompany.LegacyCompanyDocument]"] (Passed after 196ms)&#xD;
  STEP 2/7: AND Given the authenticated user...&#xD;
  STEP 2/7: AND Given the authenticated user (Passed after 601ms)&#xD;
  STEP 3/7: AND Given the ClientConfigurationForCompany...&#xD;
  STEP 3/7: AND Given the ClientConfigurationForCompany (Passed after 82ms)&#xD;
  STEP 4/7: AND Given the Funnel...&#xD;
  STEP 4/7: AND Given the Funnel (Passed after 366ms)&#xD;
  STEP 5/7: AND Given CandidateCurentStatus [statusId: "new"]...&#xD;
  STEP 5/7: AND Given CandidateCurentStatus [statusId: "new"] (Passed after 2ms)&#xD;
  STEP 6/7: WHEN When user change candidate status changed notify...&#xD;
  STEP 6/7: WHEN When user change candidate status changed notify (Passed after 5s 129ms)&#xD;
  STEP 7/7: THEN Then ensure that email has changed text...&#xD;
  STEP 7/7: THEN Then ensure that email has changed text (Passed after 189ms)&#xD;
  SCENARIO RESULT: Passed after 6s 606ms</StdOut>
      </Output>
    </UnitTestResult>
    <UnitTestResult executionId="cc00fc07-6e2d-4870-bcff-b722e82376ef" testId="19d57e96-a268-254e-ecba-d615d8be5b07" testName="Skillaz.Tests.DocumentModels.ConvertToDocument.ConvertToDocument_Result_feature.Выполнить_UpdateModel_с_ConvertToDocument_и_получить_статус_конвертации" computerName="DESKTOP-F6SKA47" duration="00:00:01.8661177" startTime="2021-12-16T16:18:47.1706881+03:00" endTime="2021-12-16T16:18:47.1706943+03:00" testType="13cdc9d9-ddb5-4fa4-a97d-d965ccfc6d4b" outcome="Passed" testListId="8c84fa94-04c1-424b-9868-57a2d4851a1d" relativeResultsDirectory="cc00fc07-6e2d-4870-bcff-b722e82376ef">
      <Output>
        <StdOut>SCENARIO: Выполнить UpdateModel с ConvertToDocument и получить статус конвертации&#xD;
  STEP 1/5: GIVEN a company...&#xD;
  STEP 1/5: GIVEN a company (Passed after 143ms)&#xD;
  STEP 2/5: AND the authenticated user...&#xD;
  STEP 2/5: AND the authenticated user (Passed after 305ms)&#xD;
  STEP 3/5: Зарегистрировать модель ОЕ...&#xD;
  STEP 3/5: Зарегистрировать модель ОЕ (Passed after 995ms)&#xD;
  STEP 4/5: Обновить модель ОЕ...&#xD;
  STEP 4/5: Обновить модель ОЕ (Passed after 220ms)&#xD;
  STEP 5/5: Проверить статус конвертации в результате обновления...&#xD;
  STEP 5/5: Проверить статус конвертации в результате обновления (Passed after 11ms)&#xD;
  SCENARIO RESULT: Passed after 1s 686ms</StdOut>
      </Output>
    </UnitTestResult>
    <UnitTestResult executionId="7e268cd6-704b-4081-8fff-d058b8cf7b99" testId="2b9dd309-991c-2583-f695-e6404df19bbe" testName="Skillaz.Tests.CompanySpecific.X5.X5Deduplication_feature.By_birth_date_and_phone_number" computerName="DESKTOP-F6SKA47" duration="00:00:00.0010000" startTime="2021-12-16T16:26:21.6875893+03:00" endTime="2021-12-16T16:26:21.6875998+03:00" testType="13cdc9d9-ddb5-4fa4-a97d-d965ccfc6d4b" outcome="NotExecuted" testListId="8c84fa94-04c1-424b-9868-57a2d4851a1d" relativeResultsDirectory="7e268cd6-704b-4081-8fff-d058b8cf7b99">
      <Output>
        <StdOut>You need Elasticsearch 7.5 local instance on 9200 port</StdOut>
      </Output>
    </UnitTestResult>
    <UnitTestResult executionId="47322a50-0a2e-44d5-b1a3-e2f9033e678c" testId="5917921d-4f11-ce03-463c-55a97725bc78" testName="Skillaz.Tests.Telephony.CallList_ExtendFilter_feature.CheckSimpleFilterExcludeAnd" computerName="DESKTOP-F6SKA47" duration="00:00:03.5556538" startTime="2021-12-16T16:27:24.2880732+03:00" endTime="2021-12-16T16:27:24.2880749+03:00" testType="13cdc9d9-ddb5-4fa4-a97d-d965ccfc6d4b" outcome="Passed" testListId="8c84fa94-04c1-424b-9868-57a2d4851a1d" relativeResultsDirectory="47322a50-0a2e-44d5-b1a3-e2f9033e678c">
      <Output>
        <StdOut>SCENARIO: CheckSimpleFilterExcludeAnd&#xD;
  STEP 1/8: GIVEN Given a company...&#xD;
  STEP 1/8: GIVEN Given a company (Passed after 298ms)&#xD;
  STEP 2/8: AND Given the authenticated user...&#xD;
  STEP 2/8: AND Given the authenticated user (Passed after 804ms)&#xD;
  STEP 3/8: AND Given a vacancy...&#xD;
  STEP 3/8: AND Given a vacancy (Passed after 303ms)&#xD;
  STEP 4/8: AND Given a candidates...&#xD;
  STEP 4/8: AND Given a candidates (Passed after 265ms)&#xD;
  STEP 5/8: AND Given outgoing campaign...&#xD;
  STEP 5/8: AND Given outgoing campaign (Passed after 133ms)&#xD;
  STEP 6/8: WHEN CreateSimpleExtendFilter [include: "&lt;null&gt;"] [exclude: "(All, System.String[])"]...&#xD;
  STEP 6/8: WHEN CreateSimpleExtendFilter [include: "&lt;null&gt;"] [exclude: "(All, System.String[])"] (Passed after 1ms)&#xD;
  STEP 7/8: AND When candidates requested using advanced filter...&#xD;
  STEP 7/8: AND When candidates requested using advanced filter (Passed after 760ms)&#xD;
  STEP 8/8: THEN Then candidates count "6" correct...&#xD;
  STEP 8/8: THEN Then candidates count "6" correct (Passed after 1ms)&#xD;
  SCENARIO RESULT: Passed after 2s 598ms</StdOut>
      </Output>
    </UnitTestResult>
    <UnitTestResult executionId="28b377f1-ce44-4a50-aa6e-590fd0c1db5f" testId="4c8a87ce-59af-339d-0893-989053d151bb" testName="Skillaz.Tests.HH.Publications.HideContactsPublications_feature.Publish_vacancies_with_not_hidden_contacts" computerName="DESKTOP-F6SKA47" duration="00:00:26.7826883" startTime="2021-12-16T16:26:20.4725102+03:00" endTime="2021-12-16T16:26:20.4725119+03:00" testType="13cdc9d9-ddb5-4fa4-a97d-d965ccfc6d4b" outcome="Passed" testListId="8c84fa94-04c1-424b-9868-57a2d4851a1d" relativeResultsDirectory="28b377f1-ce44-4a50-aa6e-590fd0c1db5f">
      <Output>
        <StdOut>SCENARIO: Publish vacancies with not hidden contacts&#xD;
  STEP 1/8: GIVEN a company...&#xD;
  STEP 1/8: GIVEN a company (Passed after 246ms)&#xD;
  STEP 2/8: AND the vacancy in the company...&#xD;
  STEP 2/8: AND the vacancy in the company (Passed after 315ms)&#xD;
  STEP 3/8: AND the authenticated user...&#xD;
  STEP 3/8: AND the authenticated user (Passed after 335ms)&#xD;
  STEP 4/8: AND Given hh vacancy template...&#xD;
  STEP 4/8: AND Given hh vacancy template (Passed after 5s 528ms)&#xD;
  STEP 5/8: AND Given VacancyPublicationRequest [hideContacts: "False"]...&#xD;
  STEP 5/8: AND Given VacancyPublicationRequest [hideContacts: "False"] (Passed after 26ms)&#xD;
  STEP 6/8: AND Given hh account [id: "testaccount"]...&#xD;
  STEP 6/8: AND Given hh account [id: "testaccount"] (Passed after 207ms)&#xD;
  STEP 7/8: WHEN When hh vacancy is published...&#xD;
  STEP 7/8: WHEN When hh vacancy is published (Passed after 19s 255ms)&#xD;
  STEP 8/8: THEN Then hh published vacancies should has constacts for each areas if it was not hidden [hideContacts: "False"]...&#xD;
  STEP 8/8: THEN Then hh published vacancies should has constacts for each areas if it was not hidden [hideContacts: "False"] (Passed after 73ms)&#xD;
  SCENARIO RESULT: Passed after 26s 010ms</StdOut>
      </Output>
    </UnitTestResult>
    <UnitTestResult executionId="3e7a3fe5-848a-4f21-95d8-e5478879f321" testId="34c7f234-3d87-3006-caf1-93ffc4b7a43f" testName="Skillaz.Tests.CompanySpecific.Decathlon.DecathlonRecruiterSecurityProfile_feature.Getting_requests_using_security_provider_by_default" computerName="DESKTOP-F6SKA47" duration="00:00:06.2370967" startTime="2021-12-16T16:23:11.6935823+03:00" endTime="2021-12-16T16:23:11.6935880+03:00" testType="13cdc9d9-ddb5-4fa4-a97d-d965ccfc6d4b" outcome="Passed" testListId="8c84fa94-04c1-424b-9868-57a2d4851a1d" relativeResultsDirectory="3e7a3fe5-848a-4f21-95d8-e5478879f321">
      <Output>
        <StdOut>SCENARIO: Getting requests using security provider by default&#xD;
  STEP 1/6: GIVEN Given orgunits...&#xD;
  STEP 1/6: GIVEN Given orgunits (Passed after 667ms)&#xD;
  STEP 2/6: AND Given requests...&#xD;
  STEP 2/6: AND Given requests (Passed after 1s 098ms)&#xD;
  STEP 3/6: AND Given a company [companyId: "decathlonCompany"]...&#xD;
  STEP 3/6: AND Given a company [companyId: "decathlonCompany"] (Passed after 1s 028ms)&#xD;
  STEP 4/6: AND Given authenticated user with decathlon security profile [scopeOrgUnitId: "61bb3db97f10d6937478d4a4"]...&#xD;
  STEP 4/6: AND Given authenticated user with decathlon security profile [scopeOrgUnitId: "61bb3db97f10d6937478d4a4"] (Passed after 1s 337ms)&#xD;
  STEP 5/6: WHEN When requesting requests vacancy and state [useSecurityProfile: "True"]...&#xD;
  STEP 5/6: WHEN When requesting requests vacancy and state [useSecurityProfile: "True"] (Passed after 93ms)&#xD;
  STEP 6/6: THEN Then restricted request list returned [requestId: "61bb3dba7f10d6937478d4bc"]...&#xD;
  STEP 6/6: THEN Then restricted request list returned [requestId: "61bb3dba7f10d6937478d4bc"] (Passed after 8ms)&#xD;
  SCENARIO RESULT: Passed after 4s 257ms</StdOut>
      </Output>
    </UnitTestResult>
    <UnitTestResult executionId="5266f440-ebd2-456d-bf67-1ce1eca15216" testId="67a2258d-6bc1-b9af-122c-7845d53ded31" testName="Skillaz.Tests.CompanySpecific.Perekrestok.PerekrestokOrgUnitOpenApiManagement_feature.No_supermarket_type_field_edit_during_update" computerName="DESKTOP-F6SKA47" duration="00:00:05.4481524" startTime="2021-12-16T16:25:35.4470777+03:00" endTime="2021-12-16T16:25:35.4470797+03:00" testType="13cdc9d9-ddb5-4fa4-a97d-d965ccfc6d4b" outcome="Passed" testListId="8c84fa94-04c1-424b-9868-57a2d4851a1d" relativeResultsDirectory="5266f440-ebd2-456d-bf67-1ce1eca15216">
      <Output>
        <StdOut>SCENARIO: No supermarket type field edit during update&#xD;
  STEP 1/6: GIVEN Given a company [companyId: "PerekrestokCompany"]...&#xD;
  STEP 1/6: GIVEN Given a company [companyId: "PerekrestokCompany"] (Passed after 91ms)&#xD;
  STEP 2/6: AND Given the authenticated api user...&#xD;
  STEP 2/6: AND Given the authenticated api user (Passed after 158ms)&#xD;
  STEP 3/6: AND Given existing orgunit [existingOrgUnitId: "ExistingOrgUnitId"]...&#xD;
  STEP 3/6: AND Given existing orgunit [existingOrgUnitId: "ExistingOrgUnitId"] (Passed after 63ms)&#xD;
  STEP 4/6: AND Given existing update request index...&#xD;
  STEP 4/6: AND Given existing update request index (Passed after 45ms)&#xD;
  STEP 5/6: WHEN When open api batch update with orgunit is processed [orgUnitExternalId: "ExistingOrgUnitId"]...&#xD;
  STEP 5/6: WHEN When open api batch update with orgunit is processed [orgUnitExternalId: "ExistingOrgUnitId"] (Passed after 2s 131ms)&#xD;
  STEP 6/6: THEN Then orgunit should be updated but supermarket stays the same...&#xD;
  STEP 6/6: THEN Then orgunit should be updated but supermarket stays the same (Passed after 266ms)&#xD;
  SCENARIO RESULT: Passed after 2s 778ms</StdOut>
      </Output>
    </UnitTestResult>
    <UnitTestResult executionId="eec5e60e-11eb-4d7b-ab05-10b0d2cf9a17" testId="019b787c-88b2-9680-3a7b-9251d2235f77" testName="Skillaz.Tests.CompanySpecific.X5.Naumen.NaumenSlaTests.Sla_calculates_correctly_for_next_day(candidateTimeZone: 7, sla: 02:00:00, startDate: 2019-12-31T13:30:00.0000000Z, truth: [NaumenTimeRange { From = &quot;2020-01-01 07:00:00&quot;, To = &quot;2020-01-01 09:00:00&quot; }])" computerName="DESKTOP-F6SKA47" duration="00:00:00.0000360" startTime="2021-12-16T16:16:29.2812493+03:00" endTime="2021-12-16T16:16:29.2812499+03:00" testType="13cdc9d9-ddb5-4fa4-a97d-d965ccfc6d4b" outcome="Passed" testListId="8c84fa94-04c1-424b-9868-57a2d4851a1d" relativeResultsDirectory="eec5e60e-11eb-4d7b-ab05-10b0d2cf9a17" />
    <UnitTestResult executionId="5d304684-2d4d-438e-b51e-9eaf30ba793c" testId="c3cf6f3a-152e-683c-9fe3-13d7b52fe7a9" testName="Skillaz.Tests.CompanySpecific.Mvideo.MvideoTimeZones_feature.Check_Create_ProfVacancy" computerName="DESKTOP-F6SKA47" duration="00:00:00.0010000" startTime="2021-12-16T16:26:46.8599142+03:00" endTime="2021-12-16T16:26:46.8599193+03:00" testType="13cdc9d9-ddb5-4fa4-a97d-d965ccfc6d4b" outcome="NotExecuted" testListId="8c84fa94-04c1-424b-9868-57a2d4851a1d" relativeResultsDirectory="5d304684-2d4d-438e-b51e-9eaf30ba793c">
      <Output>
        <StdOut>Мвидео кфг в конфигураторе, не протестировать.</StdOut>
      </Output>
    </UnitTestResult>
    <UnitTestResult executionId="7e633c2a-f9ce-4720-949f-2ebfbd273159" testId="a04788c7-7aff-f4f5-63ee-14950590d11d" testName="Skillaz.Tests.Assessment.Questionnaires.HomeworkQuestionnaire_feature.Getting_a_questionnaire" computerName="DESKTOP-F6SKA47" duration="00:00:03.6863064" startTime="2021-12-16T16:19:37.8206808+03:00" endTime="2021-12-16T16:19:37.8206842+03:00" testType="13cdc9d9-ddb5-4fa4-a97d-d965ccfc6d4b" outcome="Passed" testListId="8c84fa94-04c1-424b-9868-57a2d4851a1d" relativeResultsDirectory="7e633c2a-f9ce-4720-949f-2ebfbd273159">
      <Output>
        <StdOut>SCENARIO: Getting a questionnaire&#xD;
  STEP 1/5: GIVEN a company...&#xD;
  STEP 1/5: GIVEN a company (Passed after 94ms)&#xD;
  STEP 2/5: AND the authenticated user...&#xD;
  STEP 2/5: AND the authenticated user (Passed after 213ms)&#xD;
  STEP 3/5: AND the questionnaire...&#xD;
  STEP 3/5: AND the questionnaire (Passed after 644ms)&#xD;
  STEP 4/5: WHEN questionnaire is requested...&#xD;
  STEP 4/5: WHEN questionnaire is requested (Passed after 595ms)&#xD;
  STEP 5/5: Questionnaire should be retrieved...&#xD;
  STEP 5/5: Questionnaire should be retrieved (Passed after &lt;1ms)&#xD;
  SCENARIO RESULT: Passed after 1s 555ms</StdOut>
      </Output>
    </UnitTestResult>
    <UnitTestResult executionId="49aa2d91-9951-44b3-8dce-dfa7762b0035" testId="019b787c-88b2-9680-3a7b-9251d2235f77" testName="Skillaz.Tests.CompanySpecific.X5.Naumen.NaumenSlaTests.Sla_calculates_correctly_for_next_day(candidateTimeZone: 12, sla: 02:00:00, startDate: 2019-12-31T20:00:00.0000000Z, truth: [NaumenTimeRange { From = &quot;2020-01-01 07:00:00&quot;, To = &quot;2020-01-01 09:00:00&quot; }])" computerName="DESKTOP-F6SKA47" duration="00:00:00.0000302" startTime="2021-12-16T16:16:29.3795481+03:00" endTime="2021-12-16T16:16:29.3795524+03:00" testType="13cdc9d9-ddb5-4fa4-a97d-d965ccfc6d4b" outcome="Passed" testListId="8c84fa94-04c1-424b-9868-57a2d4851a1d" relativeResultsDirectory="49aa2d91-9951-44b3-8dce-dfa7762b0035" />
    <UnitTestResult executionId="3e3d48c0-cc69-491d-8cf2-44f9d093821f" testId="5738f7a7-eb3e-29ff-a388-3989a6e0727b" testName="Skillaz.Tests.HH.HHCandidateHiddenContacts_feature.HH_Check_that_AutoSearch_job_dont_ask_contacts" computerName="DESKTOP-F6SKA47" duration="00:00:19.7428481" startTime="2021-12-16T16:25:50.7755590+03:00" endTime="2021-12-16T16:25:50.7755604+03:00" testType="13cdc9d9-ddb5-4fa4-a97d-d965ccfc6d4b" outcome="Passed" testListId="8c84fa94-04c1-424b-9868-57a2d4851a1d" relativeResultsDirectory="3e3d48c0-cc69-491d-8cf2-44f9d093821f">
      <Output>
        <StdOut>SCENARIO: HH Check that AutoSearch job dont ask contacts&#xD;
  STEP 1/7: GIVEN Given a company...&#xD;
  STEP 1/7: GIVEN Given a company (Passed after 360ms)&#xD;
  STEP 2/7: AND Given the authenticated user...&#xD;
  STEP 2/7: AND Given the authenticated user (Passed after 2s 293ms)&#xD;
  STEP 3/7: AND Given HH Data...&#xD;
  STEP 3/7: AND Given HH Data (Passed after 1s 193ms)&#xD;
  STEP 4/7: AND Given HHSearchDocument [getContacts: "False"]...&#xD;
  STEP 4/7: AND Given HHSearchDocument [getContacts: "False"] (Passed after 3s 439ms)&#xD;
  STEP 5/7: WHEN When Handled Resume With AutoSearch job...&#xD;
  STEP 5/7: WHEN When Handled Resume With AutoSearch job (Passed after 10s 141ms)&#xD;
  STEP 6/7: THEN Then GetResume of HH was called [getContacts: "False"]...&#xD;
  STEP 6/7: THEN Then GetResume of HH was called [getContacts: "False"] (Passed after &lt;1ms)&#xD;
  STEP 7/7: AND Then exists candidates equals one...&#xD;
  STEP 7/7: AND Then exists candidates equals one (Passed after 5ms)&#xD;
  SCENARIO RESULT: Passed after 17s 445ms</StdOut>
      </Output>
    </UnitTestResult>
    <UnitTestResult executionId="bc00614d-c2a7-49ab-b415-9533787f1ffb" testId="fc816dc0-d2e7-a118-72b1-e30b55bda7fd" testName="Skillaz.Tests.CompanySpecific.Mvideo.MvideoOpenApiSapAvaliablePositionsHireNeedBatchRequest_feature.CheckAvaliablePositionsInHireNeedAfterOpenApiRequest_RequestsNustBeInWork(staffCount: 6, employeesCount: 4, manualApprovedCounts: [1], batchOrgItems: (5, 4), expected: (1, Кейс 3. Размер поиска = 1))" computerName="DESKTOP-F6SKA47" duration="00:00:00.0010000" startTime="2021-12-16T16:29:45.1478126+03:00" endTime="2021-12-16T16:29:45.1478185+03:00" testType="13cdc9d9-ddb5-4fa4-a97d-d965ccfc6d4b" outcome="NotExecuted" testListId="8c84fa94-04c1-424b-9868-57a2d4851a1d" relativeResultsDirectory="bc00614d-c2a7-49ab-b415-9533787f1ffb">
      <Output>
        <StdOut>Вернуть тесты после правок по потребностям Mvideo</StdOut>
      </Output>
    </UnitTestResult>
    <UnitTestResult executionId="86ee6399-a61b-4f41-9046-1fae2567b1c9" testId="6b45849f-6dfb-e997-a7c0-81e65af14576" testName="Skillaz.Tests.Candidate.Checks.AutoStartChecks_feature.AutoStart_single_check" computerName="DESKTOP-F6SKA47" duration="00:00:19.2718108" startTime="2021-12-16T16:20:16.1672149+03:00" endTime="2021-12-16T16:20:16.1672179+03:00" testType="13cdc9d9-ddb5-4fa4-a97d-d965ccfc6d4b" outcome="Passed" testListId="8c84fa94-04c1-424b-9868-57a2d4851a1d" relativeResultsDirectory="86ee6399-a61b-4f41-9046-1fae2567b1c9">
      <Output>
        <StdOut>SCENARIO: AutoStart single check&#xD;
  STEP 1/8: GIVEN a company...&#xD;
  STEP 1/8: GIVEN a company (Passed after 417ms)&#xD;
  STEP 2/8: AND the vacancy in the company...&#xD;
  STEP 2/8: AND the vacancy in the company (Passed after 271ms)&#xD;
  STEP 3/8: AND the authenticated user...&#xD;
  STEP 3/8: AND the authenticated user (Passed after 1s 268ms)&#xD;
  STEP 4/8: AND client configuration with checks workflow and model...&#xD;
  STEP 4/8: AND client configuration with checks workflow and model (Passed after 1s 797ms)&#xD;
  STEP 5/8: AND a funnel...&#xD;
  STEP 5/8: AND a funnel (Passed after 310ms)&#xD;
  STEP 6/8: AND a candidate without check...&#xD;
  STEP 6/8: AND a candidate without check (Passed after 431ms)&#xD;
  STEP 7/8: WHEN change candidate status with single check...&#xD;
  STEP 7/8: WHEN change candidate status with single check (Passed after 11s 656ms)&#xD;
  STEP 8/8: THEN only one single check started...&#xD;
  STEP 8/8: THEN only one single check started (Passed after 54ms)&#xD;
  SCENARIO RESULT: Passed after 16s 268ms</StdOut>
      </Output>
    </UnitTestResult>
    <UnitTestResult executionId="f8913367-c7ee-49d9-a322-237f9ab4ec9a" testId="a92840b8-1f2a-f706-4288-a846f6d66ce9" testName="Skillaz.Tests.Candidate.Elastic.CandidateElasticFiltration_feature.Retrieving_a_candidate_by_existing_user_id" computerName="DESKTOP-F6SKA47" duration="00:00:00.0010000" startTime="2021-12-16T16:24:39.9001903+03:00" endTime="2021-12-16T16:24:39.9001917+03:00" testType="13cdc9d9-ddb5-4fa4-a97d-d965ccfc6d4b" outcome="NotExecuted" testListId="8c84fa94-04c1-424b-9868-57a2d4851a1d" relativeResultsDirectory="f8913367-c7ee-49d9-a322-237f9ab4ec9a">
      <Output>
        <StdOut>You need Elasticsearch 7.5 local instance on 9200 port</StdOut>
      </Output>
    </UnitTestResult>
    <UnitTestResult executionId="ac62362c-71e7-4100-b697-45b499885275" testId="019b787c-88b2-9680-3a7b-9251d2235f77" testName="Skillaz.Tests.CompanySpecific.X5.Naumen.NaumenSlaTests.Sla_calculates_correctly_for_next_day(candidateTimeZone: 11, sla: 02:00:00, startDate: 2019-12-31T22:00:00.0000000Z, truth: [NaumenTimeRange { From = &quot;2020-01-01 07:00:00&quot;, To = &quot;2020-01-01 09:00:00&quot; }])" computerName="DESKTOP-F6SKA47" duration="00:00:00.0000620" startTime="2021-12-16T16:16:29.3625237+03:00" endTime="2021-12-16T16:16:29.3625241+03:00" testType="13cdc9d9-ddb5-4fa4-a97d-d965ccfc6d4b" outcome="Passed" testListId="8c84fa94-04c1-424b-9868-57a2d4851a1d" relativeResultsDirectory="ac62362c-71e7-4100-b697-45b499885275" />
    <UnitTestResult executionId="a75d0fff-35b8-46bc-9e06-128844ec68de" testId="72dafc85-360d-ee07-5fdc-c713524692c5" testName="Skillaz.Tests.Telephony.CallList_RatingFilter_feature.CandidateFilterRatingEq5" computerName="DESKTOP-F6SKA47" duration="00:00:01.0612938" startTime="2021-12-16T16:21:31.3737510+03:00" endTime="2021-12-16T16:21:31.3737524+03:00" testType="13cdc9d9-ddb5-4fa4-a97d-d965ccfc6d4b" outcome="Passed" testListId="8c84fa94-04c1-424b-9868-57a2d4851a1d" relativeResultsDirectory="a75d0fff-35b8-46bc-9e06-128844ec68de">
      <Output>
        <StdOut>SCENARIO: CandidateFilterRatingEq5&#xD;
  STEP 1/7: GIVEN Given a company...&#xD;
  STEP 1/7: GIVEN Given a company (Passed after 77ms)&#xD;
  STEP 2/7: AND Given a vacancy...&#xD;
  STEP 2/7: AND Given a vacancy (Passed after 106ms)&#xD;
  STEP 3/7: AND Given a candidates from rating [totalScore1: "5"] [totalScore2: "10"]...&#xD;
  STEP 3/7: AND Given a candidates from rating [totalScore1: "5"] [totalScore2: "10"] (Passed after 196ms)&#xD;
  STEP 4/7: AND Given a candidates from rating [totalScore1: "1"] [totalScore2: "5"]...&#xD;
  STEP 4/7: AND Given a candidates from rating [totalScore1: "1"] [totalScore2: "5"] (Passed after 122ms)&#xD;
  STEP 5/7: AND Given filter "Skillaz.Candidate.Contract.CampaignRatingFilter"...&#xD;
  STEP 5/7: AND Given filter "Skillaz.Candidate.Contract.CampaignRatingFilter" (Passed after &lt;1ms)&#xD;
  STEP 6/7: WHEN When candidates requested using advanced filter...&#xD;
  STEP 6/7: WHEN When candidates requested using advanced filter (Passed after 71ms)&#xD;
  STEP 7/7: THEN Then one candidate...&#xD;
  STEP 7/7: THEN Then one candidate (Passed after 2ms)&#xD;
  SCENARIO RESULT: Passed after 872ms</StdOut>
      </Output>
    </UnitTestResult>
    <UnitTestResult executionId="c38c4502-8bd5-4721-855f-f2d8a24dac1a" testId="019b787c-88b2-9680-3a7b-9251d2235f77" testName="Skillaz.Tests.CompanySpecific.X5.Naumen.NaumenSlaTests.Sla_calculates_correctly_for_next_day(candidateTimeZone: 11, sla: 02:00:00, startDate: 2019-12-31T17:30:00.0000000Z, truth: [NaumenTimeRange { From = &quot;2020-01-01 07:00:00&quot;, To = &quot;2020-01-01 09:00:00&quot; }])" computerName="DESKTOP-F6SKA47" duration="00:00:00.0000824" startTime="2021-12-16T16:16:29.3599193+03:00" endTime="2021-12-16T16:16:29.3599198+03:00" testType="13cdc9d9-ddb5-4fa4-a97d-d965ccfc6d4b" outcome="Passed" testListId="8c84fa94-04c1-424b-9868-57a2d4851a1d" relativeResultsDirectory="c38c4502-8bd5-4721-855f-f2d8a24dac1a" />
    <UnitTestResult executionId="7c31cadd-b1ef-4ead-8537-3dc654db798c" testId="062a2941-b296-62ab-da70-f10cbb38b8b9" testName="Skillaz.Tests.Configurator.DocumentModel.ValidationFeature.Проверить_настройку_значений_валидации(positionsCount: 0, salaryFrom: 3, gmt: 4, expected: False)" computerName="DESKTOP-F6SKA47" duration="00:00:04.3829008" startTime="2021-12-16T16:22:35.8444969+03:00" endTime="2021-12-16T16:22:35.8445016+03:00" testType="13cdc9d9-ddb5-4fa4-a97d-d965ccfc6d4b" outcome="Passed" testListId="8c84fa94-04c1-424b-9868-57a2d4851a1d" relativeResultsDirectory="7c31cadd-b1ef-4ead-8537-3dc654db798c">
      <Output>
        <StdOut>SCENARIO: Проверить настройку значений валидации [positionsCount: "0"] [salaryFrom: "3"] [gmt: "4"] [expected: "False"]&#xD;
  STEP 1/6: GIVEN Given a company...&#xD;
  STEP 1/6: GIVEN Given a company (Passed after 105ms)&#xD;
  STEP 2/6: AND Given the authenticated user...&#xD;
  STEP 2/6: AND Given the authenticated user (Passed after 244ms)&#xD;
  STEP 3/6: AND Определить модель ОЕ...&#xD;
  STEP 3/6: AND Определить модель ОЕ (Passed after 529ms)&#xD;
  STEP 4/6: AND Определить модель вакансии с ссылкой на ОЕ...&#xD;
  STEP 4/6: AND Определить модель вакансии с ссылкой на ОЕ (Passed after 880ms)&#xD;
  STEP 5/6: AND Создать ОЕ...&#xD;
  STEP 5/6: AND Создать ОЕ (Passed after 394ms)&#xD;
  STEP 6/6: WHEN Проверить валидацию [positionsCount: "0"] [salaryFrom: "3"] [gmt: "4"] [expected: "False"]...&#xD;
  STEP 6/6: WHEN Проверить валидацию [positionsCount: "0"] [salaryFrom: "3"] [gmt: "4"] [expected: "False"] (Passed after 1s 046ms)&#xD;
  SCENARIO RESULT: Passed after 3s 222ms</StdOut>
      </Output>
    </UnitTestResult>
    <UnitTestResult executionId="8c1f777b-9386-4973-b76a-02f610674635" testId="5bf13b5d-3efa-7c93-aee0-819c10a2c025" testName="Skillaz.Tests.Candidate.Checks.CandidateAprove_feature.Candidate_checks_workflow_first_state_whith_approval_declined" computerName="DESKTOP-F6SKA47" duration="00:00:14.3805372" startTime="2021-12-16T16:25:46.0348059+03:00" endTime="2021-12-16T16:25:46.0348082+03:00" testType="13cdc9d9-ddb5-4fa4-a97d-d965ccfc6d4b" outcome="Passed" testListId="8c84fa94-04c1-424b-9868-57a2d4851a1d" relativeResultsDirectory="8c1f777b-9386-4973-b76a-02f610674635">
      <Output>
        <StdOut>SCENARIO: Candidate checks workflow first state whith approval declined&#xD;
  STEP 1/8: GIVEN a company...&#xD;
  STEP 1/8: GIVEN a company (Passed after 461ms)&#xD;
  STEP 2/8: AND the vacancy in the company...&#xD;
  STEP 2/8: AND the vacancy in the company (Passed after 654ms)&#xD;
  STEP 3/8: AND the authenticated user...&#xD;
  STEP 3/8: AND the authenticated user (Passed after 1s 930ms)&#xD;
  STEP 4/8: AND checks workflow first state whith approval...&#xD;
  STEP 4/8: AND checks workflow first state whith approval (Passed after 895ms)&#xD;
  STEP 5/8: AND a funnel...&#xD;
  STEP 5/8: AND a funnel (Passed after 238ms)&#xD;
  STEP 6/8: AND a candidate with check...&#xD;
  STEP 6/8: AND a candidate with check (Passed after 5s 407ms)&#xD;
  STEP 7/8: WHEN check declined...&#xD;
  STEP 7/8: WHEN check declined (Passed after 2s 806ms)&#xD;
  STEP 8/8: THEN check declined...&#xD;
  STEP 8/8: THEN check declined (Passed after 856ms)&#xD;
  SCENARIO RESULT: Passed after 13s 256ms</StdOut>
      </Output>
    </UnitTestResult>
    <UnitTestResult executionId="cf9a752b-b594-45b6-85b1-af9a0d0fe840" testId="fcb287a0-806b-6316-d604-7ffb1dc97802" testName="Skillaz.Tests.DocumentModels.FieldValueComparerTests.PrimitiveTypeListComparison" computerName="DESKTOP-F6SKA47" duration="00:00:00.0066087" startTime="2021-12-16T16:16:29.7641680+03:00" endTime="2021-12-16T16:16:29.7641712+03:00" testType="13cdc9d9-ddb5-4fa4-a97d-d965ccfc6d4b" outcome="Passed" testListId="8c84fa94-04c1-424b-9868-57a2d4851a1d" relativeResultsDirectory="cf9a752b-b594-45b6-85b1-af9a0d0fe840" />
    <UnitTestResult executionId="7452a691-d785-4c5f-8d63-16a6476bde2b" testId="7d4d8109-c40a-593d-7d08-b34464dcac72" testName="Skillaz.Tests.DocumentModels.LegacyVacancyDocuments.LegacyVacancyDocumentWhereAnd_feature.GetActiveIdsEqualGetIds" computerName="DESKTOP-F6SKA47" duration="00:00:01.9066496" startTime="2021-12-16T16:26:25.9993879+03:00" endTime="2021-12-16T16:26:25.9993909+03:00" testType="13cdc9d9-ddb5-4fa4-a97d-d965ccfc6d4b" outcome="Passed" testListId="8c84fa94-04c1-424b-9868-57a2d4851a1d" relativeResultsDirectory="7452a691-d785-4c5f-8d63-16a6476bde2b">
      <Output>
        <StdOut>SCENARIO: GetActiveIdsEqualGetIds&#xD;
  STEP 1/4: GIVEN a company...&#xD;
  STEP 1/4: GIVEN a company (Passed after 192ms)&#xD;
  STEP 2/4: AND the authenticated user...&#xD;
  STEP 2/4: AND the authenticated user (Passed after 213ms)&#xD;
  STEP 3/4: AND a LegacyVacancyDocuments...&#xD;
  STEP 3/4: AND a LegacyVacancyDocuments (Passed after 115ms)&#xD;
  STEP 4/4: WHEN GetActiveIds and GetIds compare...&#xD;
  STEP 4/4: WHEN GetActiveIds and GetIds compare (Passed after 270ms)&#xD;
  SCENARIO RESULT: Passed after 932ms</StdOut>
      </Output>
    </UnitTestResult>
    <UnitTestResult executionId="3ed70ce6-8164-46d2-9e10-f8954c4a4ab5" testId="019b787c-88b2-9680-3a7b-9251d2235f77" testName="Skillaz.Tests.CompanySpecific.X5.Naumen.NaumenSlaTests.Sla_calculates_correctly_for_next_day(candidateTimeZone: 11, sla: 02:00:00, startDate: 2019-12-31T17:00:00.0000000Z, truth: [NaumenTimeRange { From = &quot;2020-01-01 07:00:00&quot;, To = &quot;2020-01-01 09:00:00&quot; }])" computerName="DESKTOP-F6SKA47" duration="00:00:00.0000730" startTime="2021-12-16T16:16:29.3598622+03:00" endTime="2021-12-16T16:16:29.3598626+03:00" testType="13cdc9d9-ddb5-4fa4-a97d-d965ccfc6d4b" outcome="Passed" testListId="8c84fa94-04c1-424b-9868-57a2d4851a1d" relativeResultsDirectory="3ed70ce6-8164-46d2-9e10-f8954c4a4ab5" />
    <UnitTestResult executionId="25b93530-8b87-4021-b344-1f1982051954" testId="bdd592a9-f0b6-34e6-f823-f623b305b837" testName="Skillaz.Tests.Assessment.Interviews.TalentQInterview_feature.Getting_a_talentQ_interview" computerName="DESKTOP-F6SKA47" duration="00:00:12.0694524" startTime="2021-12-16T16:25:20.8254879+03:00" endTime="2021-12-16T16:25:20.8254900+03:00" testType="13cdc9d9-ddb5-4fa4-a97d-d965ccfc6d4b" outcome="Passed" testListId="8c84fa94-04c1-424b-9868-57a2d4851a1d" relativeResultsDirectory="25b93530-8b87-4021-b344-1f1982051954">
      <Output>
        <StdOut>SCENARIO: Getting a talentQ interview&#xD;
  STEP 1/4: GIVEN a candidate in a vacancy in a company...&#xD;
  STEP 1/4: GIVEN a candidate in a vacancy in a company (Passed after 722ms)&#xD;
  STEP 2/4: AND the interview...&#xD;
  STEP 2/4: AND the interview (Passed after 3s 001ms)&#xD;
  STEP 3/4: WHEN a talentQ interview is requested...&#xD;
  STEP 3/4: WHEN a talentQ interview is requested (Passed after 2s 628ms)&#xD;
  STEP 4/4: THEN a talentQ interview should be retrieved...&#xD;
  STEP 4/4: THEN a talentQ interview should be retrieved (Passed after &lt;1ms)&#xD;
  SCENARIO RESULT: Passed after 6s 374ms</StdOut>
      </Output>
    </UnitTestResult>
    <UnitTestResult executionId="9abaf565-2dc4-48d8-82f7-196c7f8442b4" testId="625b5681-f8e6-1a43-cbf7-d72f020df739" testName="Skillaz.Tests.Configurator.DocumentModel.AddressCloning.Check_fill_city" computerName="DESKTOP-F6SKA47" duration="00:00:05.0236112" startTime="2021-12-16T16:18:28.0504116+03:00" endTime="2021-12-16T16:18:28.0504193+03:00" testType="13cdc9d9-ddb5-4fa4-a97d-d965ccfc6d4b" outcome="Passed" testListId="8c84fa94-04c1-424b-9868-57a2d4851a1d" relativeResultsDirectory="9abaf565-2dc4-48d8-82f7-196c7f8442b4">
      <Output>
        <StdOut>SCENARIO: Check fill city&#xD;
  STEP 1/5: GIVEN a company...&#xD;
  STEP 1/5: GIVEN a company (Passed after 251ms)&#xD;
  STEP 2/5: AND the authenticated user...&#xD;
  STEP 2/5: AND the authenticated user (Passed after 736ms)&#xD;
  STEP 3/5: AND oe model...&#xD;
  STEP 3/5: AND oe model (Passed after 810ms)&#xD;
  STEP 4/5: WHEN oe created...&#xD;
  STEP 4/5: WHEN oe created (Passed after 2s 192ms)&#xD;
  STEP 5/5: THEN city filled...&#xD;
  STEP 5/5: THEN city filled (Passed after 719ms)&#xD;
  SCENARIO RESULT: Passed after 4s 726ms</StdOut>
      </Output>
    </UnitTestResult>
    <UnitTestResult executionId="11439ef1-7f89-4c80-981a-d570c75b7082" testId="3e23fdf8-8cd3-7b72-db1a-478faebedeaa" testName="Skillaz.Tests.Configurator.DocumentModel.DocumentModelFieldBinderTest.DocumentModelBinderParseTest(expression: &quot;DictExtraData.Field&quot;, expectedType: typeof(Skillaz.Framework.DocumentModel.Binders.DocumentModelDictionaryFieldBinder&lt;Skillaz.Tests.Configurator.DocumentModel.DocumentModelTestDocument&gt;))" computerName="DESKTOP-F6SKA47" duration="00:00:00.0005072" startTime="2021-12-16T16:16:31.1086247+03:00" endTime="2021-12-16T16:16:31.1086250+03:00" testType="13cdc9d9-ddb5-4fa4-a97d-d965ccfc6d4b" outcome="Passed" testListId="8c84fa94-04c1-424b-9868-57a2d4851a1d" relativeResultsDirectory="11439ef1-7f89-4c80-981a-d570c75b7082" />
    <UnitTestResult executionId="071170e9-97de-406b-a3d0-c517112270d9" testId="5fc9e3e6-e1c8-8206-49e3-78ff4090faa9" testName="Skillaz.Tests.OpenApi.OrgStructureApi.OrgEntityStateChange_feature.Hire_need_archiving_active" computerName="DESKTOP-F6SKA47" duration="00:00:10.6729357" startTime="2021-12-16T16:27:39.0145127+03:00" endTime="2021-12-16T16:27:39.0145199+03:00" testType="13cdc9d9-ddb5-4fa4-a97d-d965ccfc6d4b" outcome="Passed" testListId="8c84fa94-04c1-424b-9868-57a2d4851a1d" relativeResultsDirectory="071170e9-97de-406b-a3d0-c517112270d9">
      <Output>
        <StdOut>SCENARIO: Hire need archiving active&#xD;
  STEP 1/7: GIVEN a company...&#xD;
  STEP 1/7: GIVEN a company (Passed after 479ms)&#xD;
  STEP 2/7: AND the authenticated api user...&#xD;
  STEP 2/7: AND the authenticated api user (Passed after 1s 152ms)&#xD;
  STEP 3/7: AND a hire need active...&#xD;
  STEP 3/7: AND a hire need active (Passed after 804ms)&#xD;
  STEP 4/7: WHEN archiving hire need...&#xD;
  STEP 4/7: WHEN archiving hire need (Passed after 7s 045ms)&#xD;
  STEP 5/7: THEN result is ok...&#xD;
  STEP 5/7: THEN result is ok (Passed after 1ms)&#xD;
  STEP 6/7: AND hire need is archived...&#xD;
  STEP 6/7: AND hire need is archived (Passed after 422ms)&#xD;
  STEP 7/7: AND call publish async count one...&#xD;
  STEP 7/7: AND call publish async count one (Passed after &lt;1ms)&#xD;
  SCENARIO RESULT: Passed after 9s 915ms</StdOut>
      </Output>
    </UnitTestResult>
    <UnitTestResult executionId="7202fa71-acc7-49c8-a5f8-2c7f9d31bc79" testId="c5799ee0-7503-b78d-d0b2-d445cac2656a" testName="Skillaz.Tests.Assessment.Interviews.QuizInterview_feature.Setting_quiz_interview_answers" computerName="DESKTOP-F6SKA47" duration="00:00:17.3277972" startTime="2021-12-16T16:29:20.3247293+03:00" endTime="2021-12-16T16:29:20.3247429+03:00" testType="13cdc9d9-ddb5-4fa4-a97d-d965ccfc6d4b" outcome="Passed" testListId="8c84fa94-04c1-424b-9868-57a2d4851a1d" relativeResultsDirectory="7202fa71-acc7-49c8-a5f8-2c7f9d31bc79">
      <Output>
        <StdOut>SCENARIO: Setting quiz interview answers&#xD;
  STEP 1/4: GIVEN a candidate in a vacancy in a company...&#xD;
  STEP 1/4: GIVEN a candidate in a vacancy in a company (Passed after 2s 570ms)&#xD;
  STEP 2/4: AND the interview...&#xD;
  STEP 2/4: AND the interview (Passed after 3s 351ms)&#xD;
  STEP 3/4: WHEN quiz interview answers are set...&#xD;
  STEP 3/4: WHEN quiz interview answers are set (Passed after 10s 053ms)&#xD;
  STEP 4/4: THEN the interview should be completed...&#xD;
  STEP 4/4: THEN the interview should be completed (Passed after 872ms)&#xD;
  SCENARIO RESULT: Passed after 16s 860ms</StdOut>
      </Output>
    </UnitTestResult>
    <UnitTestResult executionId="f10e9e32-2769-4a7d-9840-5bc4e9b10a66" testId="64a411c1-0926-3fa1-6874-38dda44a7d1d" testName="Skillaz.Tests.Configurator.Deduplication.UpdateCandidateByRuleTest.Check_Action_UpdateSource_AddWay_Negotiations_Change_Fields_Source_Other" computerName="DESKTOP-F6SKA47" duration="00:00:03.6186468" startTime="2021-12-16T16:27:22.4069868+03:00" endTime="2021-12-16T16:27:22.4069891+03:00" testType="13cdc9d9-ddb5-4fa4-a97d-d965ccfc6d4b" outcome="Passed" testListId="8c84fa94-04c1-424b-9868-57a2d4851a1d" relativeResultsDirectory="f10e9e32-2769-4a7d-9840-5bc4e9b10a66">
      <Output>
        <StdOut>SCENARIO: Check Action UpdateSource AddWay Negotiations Change Fields Source Other&#xD;
  STEP 1/5: Init...&#xD;
  STEP 1/5: Init (Passed after 1s 798ms)&#xD;
  STEP 2/5: GIVEN candidate existing source other...&#xD;
  STEP 2/5: GIVEN candidate existing source other (Passed after 153ms)&#xD;
  STEP 3/5: AND new candidate negotiation addWay source other new vacancy...&#xD;
  STEP 3/5: AND new candidate negotiation addWay source other new vacancy (Passed after &lt;1ms)&#xD;
  STEP 4/5: WHEN DeduplicationAction...&#xD;
  STEP 4/5: WHEN DeduplicationAction (Passed after 49ms)&#xD;
  STEP 5/5: Check Change Fields Source...&#xD;
  STEP 5/5: Check Change Fields Source (Passed after &lt;1ms)&#xD;
  SCENARIO RESULT: Passed after 2s 013ms</StdOut>
      </Output>
    </UnitTestResult>
    <UnitTestResult executionId="c58e9b36-57fe-45ce-9fa1-9484bfc60d29" testId="2dc33a34-422f-fab5-bf99-cb81ee40c14f" testName="Skillaz.Tests.Configurator.Deduplication.UpdateRuleSelecting.Проверить_выбор_стратегии_обновления" computerName="DESKTOP-F6SKA47" duration="00:00:01.7586484" startTime="2021-12-16T16:17:11.2248438+03:00" endTime="2021-12-16T16:17:11.2248530+03:00" testType="13cdc9d9-ddb5-4fa4-a97d-d965ccfc6d4b" outcome="Passed" testListId="8c84fa94-04c1-424b-9868-57a2d4851a1d" relativeResultsDirectory="c58e9b36-57fe-45ce-9fa1-9484bfc60d29">
      <Output>
        <StdOut>SCENARIO: Проверить выбор стратегии обновления&#xD;
  STEP 1/5: GIVEN a company...&#xD;
  STEP 1/5: GIVEN a company (Passed after 184ms)&#xD;
  STEP 2/5: Подготовить стратегию...&#xD;
  STEP 2/5: Подготовить стратегию (Passed after 47ms)&#xD;
  STEP 3/5: Проверить что порядок правил имеет значение...&#xD;
  STEP 3/5: Проверить что порядок правил имеет значение (Passed after 197ms)&#xD;
  STEP 4/5: Проверить что источник и доп источник проверяются вместе...&#xD;
  STEP 4/5: Проверить что источник и доп источник проверяются вместе (Passed after 973ms)&#xD;
  STEP 5/5: Проверить что все правила проверяются...&#xD;
  STEP 5/5: Проверить что все правила проверяются (Passed after 310ms)&#xD;
  SCENARIO RESULT: Passed after 1s 720ms</StdOut>
      </Output>
    </UnitTestResult>
    <UnitTestResult executionId="ad3da81c-2cfa-44c1-9c96-8e17c2252bc2" testId="019b787c-88b2-9680-3a7b-9251d2235f77" testName="Skillaz.Tests.CompanySpecific.X5.Naumen.NaumenSlaTests.Sla_calculates_correctly_for_next_day(candidateTimeZone: 8, sla: 02:00:00, startDate: 2019-12-31T22:00:00.0000000Z, truth: [NaumenTimeRange { From = &quot;2020-01-01 07:00:00&quot;, To = &quot;2020-01-01 09:00:00&quot; }])" computerName="DESKTOP-F6SKA47" duration="00:00:00.0000337" startTime="2021-12-16T16:16:29.3021269+03:00" endTime="2021-12-16T16:16:29.3021275+03:00" testType="13cdc9d9-ddb5-4fa4-a97d-d965ccfc6d4b" outcome="Passed" testListId="8c84fa94-04c1-424b-9868-57a2d4851a1d" relativeResultsDirectory="ad3da81c-2cfa-44c1-9c96-8e17c2252bc2" />
    <UnitTestResult executionId="1a08e5fb-9e5a-427b-8098-7942f8ccabfa" testId="711f79fc-c77f-326e-2bec-32bb6588906f" testName="Skillaz.Tests.DocumentModels.DocumentModel_feature.View_model_generation_for_simple_model" computerName="DESKTOP-F6SKA47" duration="00:00:02.1786614" startTime="2021-12-16T16:24:18.1798319+03:00" endTime="2021-12-16T16:24:18.1798423+03:00" testType="13cdc9d9-ddb5-4fa4-a97d-d965ccfc6d4b" outcome="Passed" testListId="8c84fa94-04c1-424b-9868-57a2d4851a1d" relativeResultsDirectory="1a08e5fb-9e5a-427b-8098-7942f8ccabfa">
      <Output>
        <StdOut>SCENARIO: View model generation for simple model&#xD;
  STEP 1/6: GIVEN a company...&#xD;
  STEP 1/6: GIVEN a company (Passed after 105ms)&#xD;
  STEP 2/6: AND the authenticated user...&#xD;
  STEP 2/6: AND the authenticated user (Passed after 224ms)&#xD;
  STEP 3/6: AND the test document model set...&#xD;
  STEP 3/6: AND the test document model set (Passed after 374ms)&#xD;
  STEP 4/6: AND simple test model instance...&#xD;
  STEP 4/6: AND simple test model instance (Passed after 1s 217ms)&#xD;
  STEP 5/6: WHEN view model is requested...&#xD;
  STEP 5/6: WHEN view model is requested (Passed after 48ms)&#xD;
  STEP 6/6: THEN view model content is the same as in simple test model instance...&#xD;
  STEP 6/6: THEN view model content is the same as in simple test model instance (Passed after 2ms)&#xD;
  SCENARIO RESULT: Passed after 2s 052ms</StdOut>
      </Output>
    </UnitTestResult>
    <UnitTestResult executionId="78ea4407-6d0d-4d1d-b79d-b0d94b8645e6" testId="81004c64-f887-c3ce-00ec-5cc01b19d874" testName="Расширение файла не должно совпадать с его содержимым(fileName: &quot;HtmlAsDoc.doc&quot;, alterName: &quot;.jpg&quot;)" computerName="DESKTOP-F6SKA47" duration="00:00:00.0072777" startTime="2021-12-16T16:16:30.8899970+03:00" endTime="2021-12-16T16:16:30.8900058+03:00" testType="13cdc9d9-ddb5-4fa4-a97d-d965ccfc6d4b" outcome="Passed" testListId="8c84fa94-04c1-424b-9868-57a2d4851a1d" relativeResultsDirectory="78ea4407-6d0d-4d1d-b79d-b0d94b8645e6" />
    <UnitTestResult executionId="3b775f90-7266-4cef-9f87-ff36697b98f4" testId="55477d44-8cdf-0b89-a189-3417de1d8ea3" testName="Skillaz.Tests.CompanySpecific.GazpromNeft.GazpromUploadReferences_feature.Create_correctly_position_reference" computerName="DESKTOP-F6SKA47" duration="00:00:19.6746465" startTime="2021-12-16T16:25:34.5103252+03:00" endTime="2021-12-16T16:25:34.5103321+03:00" testType="13cdc9d9-ddb5-4fa4-a97d-d965ccfc6d4b" outcome="Passed" testListId="8c84fa94-04c1-424b-9868-57a2d4851a1d" relativeResultsDirectory="3b775f90-7266-4cef-9f87-ff36697b98f4">
      <Output>
        <StdOut>SCENARIO: Create correctly position reference&#xD;
  STEP 1/8: GIVEN a company [companyId: "kdaigswiuJNh8Tvsp"]...&#xD;
  STEP 1/8: GIVEN a company [companyId: "kdaigswiuJNh8Tvsp"] (Passed after 124ms)&#xD;
  STEP 2/8: AND the data service...&#xD;
  STEP 2/8: AND the data service (Passed after 19ms)&#xD;
  STEP 3/8: AND the authenticated user...&#xD;
  STEP 3/8: AND the authenticated user (Passed after 587ms)&#xD;
  STEP 4/8: AND the rows multiple azs...&#xD;
  STEP 4/8: AND the rows multiple azs (Passed after 26ms)&#xD;
  STEP 5/8: AND the xlsx file...&#xD;
  STEP 5/8: AND the xlsx file (Passed after 4s 808ms)&#xD;
  STEP 6/8: WHEN upload xlsx file...&#xD;
  STEP 6/8: WHEN upload xlsx file (Passed after 10s 851ms)&#xD;
  STEP 7/8: Ensure position reference [uploadReference: "Skillaz.Tests.CompanySpecific.GazpromNeft.GazpromUploadWorkplaceTest"]...&#xD;
  STEP 7/8: Ensure position reference [uploadReference: "Skillaz.Tests.CompanySpecific.GazpromNeft.GazpromUploadWorkplaceTest"] (Passed after 268ms)&#xD;
  STEP 8/8: Ensure position reference [uploadReference: "Skillaz.Tests.CompanySpecific.GazpromNeft.GazpromUploadWorkplaceTest"]...&#xD;
  STEP 8/8: Ensure position reference [uploadReference: "Skillaz.Tests.CompanySpecific.GazpromNeft.GazpromUploadWorkplaceTest"] (Passed after 4ms)&#xD;
  SCENARIO RESULT: Passed after 16s 712ms</StdOut>
      </Output>
    </UnitTestResult>
    <UnitTestResult executionId="10f629cf-6b1b-4d6d-9b08-fd930ce1677f" testId="0ea91eea-8357-b0a3-a2f7-8346afcfd49e" testName="Skillaz.Tests.Avito.Publications.AvitoPublishVacancyCommand_feature.ErrorProcessingAvitoApiClient_checking_exceptionMessage_with_statuscode_403_and_billingType_package" computerName="DESKTOP-F6SKA47" duration="00:00:17.1584270" startTime="2021-12-16T16:29:51.9856507+03:00" endTime="2021-12-16T16:29:51.9856510+03:00" testType="13cdc9d9-ddb5-4fa4-a97d-d965ccfc6d4b" outcome="Passed" testListId="8c84fa94-04c1-424b-9868-57a2d4851a1d" relativeResultsDirectory="10f629cf-6b1b-4d6d-9b08-fd930ce1677f">
      <Output>
        <StdOut>SCENARIO: ErrorProcessingAvitoApiClient checking exceptionMessage with statuscode 403 and billingType package&#xD;
  STEP 1/7: GIVEN Given a company...&#xD;
  STEP 1/7: GIVEN Given a company (Passed after 135ms)&#xD;
  STEP 2/7: AND Given the authenticated user...&#xD;
  STEP 2/7: AND Given the authenticated user (Passed after 335ms)&#xD;
  STEP 3/7: AND Given a avito account...&#xD;
  STEP 3/7: AND Given a avito account (Passed after 98ms)&#xD;
  STEP 4/7: AND Given a avito vacancy [statusCode: "403"] [billingType: "package"]...&#xD;
  STEP 4/7: AND Given a avito vacancy [statusCode: "403"] [billingType: "package"] (Passed after &lt;1ms)&#xD;
  STEP 5/7: AND Given a error responce [statusCode: "403"]...&#xD;
  STEP 5/7: AND Given a error responce [statusCode: "403"] (Passed after 1ms)&#xD;
  STEP 6/7: WHEN When avito vacancy is published [statusCode: "403"] [billingType: "package"]...&#xD;
  STEP 6/7: WHEN When avito vacancy is published [statusCode: "403"] [billingType: "package"] (Passed after 11s 695ms)&#xD;
  STEP 7/7: THEN Then avito does not validate employee and returns an error [statusCode: "403"] [avitoBillingType: "package"]...&#xD;
  STEP 7/7: THEN Then avito does not validate employee and returns an error [statusCode: "403"] [avitoBillingType: "package"] (Passed after 232ms)&#xD;
  SCENARIO RESULT: Passed after 12s 528ms</StdOut>
      </Output>
    </UnitTestResult>
    <UnitTestResult executionId="2ae3fcf0-e592-40c5-be96-56c645f76c10" testId="be30016e-9070-9ada-62d9-b39688e09121" testName="Skillaz.Tests.Assessment.Questionnaires.HomeworkQuestionnaire_feature.Updating_a_questionnaire" computerName="DESKTOP-F6SKA47" duration="00:00:08.5290675" startTime="2021-12-16T16:19:37.2954286+03:00" endTime="2021-12-16T16:19:37.2954315+03:00" testType="13cdc9d9-ddb5-4fa4-a97d-d965ccfc6d4b" outcome="Passed" testListId="8c84fa94-04c1-424b-9868-57a2d4851a1d" relativeResultsDirectory="2ae3fcf0-e592-40c5-be96-56c645f76c10">
      <Output>
        <StdOut>SCENARIO: Updating a questionnaire&#xD;
  STEP 1/5: GIVEN a company...&#xD;
  STEP 1/5: GIVEN a company (Passed after 620ms)&#xD;
  STEP 2/5: AND the authenticated user...&#xD;
  STEP 2/5: AND the authenticated user (Passed after 1s 576ms)&#xD;
  STEP 3/5: AND the questionnaire...&#xD;
  STEP 3/5: AND the questionnaire (Passed after 2s 852ms)&#xD;
  STEP 4/5: WHEN questionnaire is updated...&#xD;
  STEP 4/5: WHEN questionnaire is updated (Passed after 1s 553ms)&#xD;
  STEP 5/5: Questionnaire should be updated...&#xD;
  STEP 5/5: Questionnaire should be updated (Passed after 308ms)&#xD;
  SCENARIO RESULT: Passed after 6s 916ms</StdOut>
      </Output>
    </UnitTestResult>
    <UnitTestResult executionId="65e4b86b-eb2f-48bb-badb-38e30947afd2" testId="39bbe88c-a5a1-69b6-0e18-a75bb02edd6c" testName="Skillaz.Tests.CompanySpecific.X5.Naumen.NaumenSlaTests.Sla_calculates_correctly_within_one_day(candidateTimeZone: 3, sla: 06:00:00, startDate: 2019-12-31T11:00:00.0000000Z, truth: [NaumenTimeRange { From = &quot;2019-12-31 14:00:00&quot;, To = &quot;2019-12-31 20:00:00&quot; }])" computerName="DESKTOP-F6SKA47" duration="00:00:00.0000327" startTime="2021-12-16T16:16:28.9017881+03:00" endTime="2021-12-16T16:16:28.9017895+03:00" testType="13cdc9d9-ddb5-4fa4-a97d-d965ccfc6d4b" outcome="Passed" testListId="8c84fa94-04c1-424b-9868-57a2d4851a1d" relativeResultsDirectory="65e4b86b-eb2f-48bb-badb-38e30947afd2" />
    <UnitTestResult executionId="fe01f1cf-f232-4c5c-9b4f-ef792fd30ad7" testId="7d72a6e7-d315-7a08-2299-fe21e9e57d1b" testName="Skillaz.Tests.Assessment.Interviews.ProActionInterview_feature.Updating_a_trigger" computerName="DESKTOP-F6SKA47" duration="00:00:11.3556534" startTime="2021-12-16T16:25:42.8477369+03:00" endTime="2021-12-16T16:25:42.8477384+03:00" testType="13cdc9d9-ddb5-4fa4-a97d-d965ccfc6d4b" outcome="Passed" testListId="8c84fa94-04c1-424b-9868-57a2d4851a1d" relativeResultsDirectory="fe01f1cf-f232-4c5c-9b4f-ef792fd30ad7">
      <Output>
        <StdOut>SCENARIO: Updating a trigger&#xD;
  STEP 1/4: GIVEN a candidate in a vacancy in a company...&#xD;
  STEP 1/4: GIVEN a candidate in a vacancy in a company (Passed after 1s 464ms)&#xD;
  STEP 2/4: AND the interview...&#xD;
  STEP 2/4: AND the interview (Passed after 2s 174ms)&#xD;
  STEP 3/4: WHEN a pro action interview step is switched...&#xD;
  STEP 3/4: WHEN a pro action interview step is switched (Passed after 6s 828ms)&#xD;
  STEP 4/4: THEN the interview should be completed...&#xD;
  STEP 4/4: THEN the interview should be completed (Passed after 175ms)&#xD;
  SCENARIO RESULT: Passed after 10s 648ms</StdOut>
      </Output>
    </UnitTestResult>
    <UnitTestResult executionId="442b6be4-fb74-4b5e-a215-315392c464c6" testId="60733a1a-6c5c-7dc6-4d9c-94586d0f95fa" testName="Skillaz.Tests.Assessment.Questionnaires.HomeworkQuestionnaire_feature.Creating_a_questionnaire" computerName="DESKTOP-F6SKA47" duration="00:00:03.7802008" startTime="2021-12-16T16:19:38.1288116+03:00" endTime="2021-12-16T16:19:38.1288153+03:00" testType="13cdc9d9-ddb5-4fa4-a97d-d965ccfc6d4b" outcome="Passed" testListId="8c84fa94-04c1-424b-9868-57a2d4851a1d" relativeResultsDirectory="442b6be4-fb74-4b5e-a215-315392c464c6">
      <Output>
        <StdOut>SCENARIO: Creating a questionnaire&#xD;
  STEP 1/4: GIVEN a company...&#xD;
  STEP 1/4: GIVEN a company (Passed after 181ms)&#xD;
  STEP 2/4: AND the authenticated user...&#xD;
  STEP 2/4: AND the authenticated user (Passed after 347ms)&#xD;
  STEP 3/4: WHEN questionnaire is created...&#xD;
  STEP 3/4: WHEN questionnaire is created (Passed after 597ms)&#xD;
  STEP 4/4: Questionnaire should be created...&#xD;
  STEP 4/4: Questionnaire should be created (Passed after 221ms)&#xD;
  SCENARIO RESULT: Passed after 1s 360ms</StdOut>
      </Output>
    </UnitTestResult>
    <UnitTestResult executionId="1014252e-18b1-498d-9697-fb70581a2088" testId="ee30fc0a-c0ef-aa58-0f31-0a7b72a25653" testName="Should create &amp; get questionnaire by vacancy" computerName="DESKTOP-F6SKA47" duration="00:00:07.0140279" startTime="2021-12-16T16:21:56.1168758+03:00" endTime="2021-12-16T16:21:56.1168890+03:00" testType="13cdc9d9-ddb5-4fa4-a97d-d965ccfc6d4b" outcome="Passed" testListId="8c84fa94-04c1-424b-9868-57a2d4851a1d" relativeResultsDirectory="1014252e-18b1-498d-9697-fb70581a2088" />
    <UnitTestResult executionId="5e02d40d-2326-4180-a5f8-3367ea992577" testId="019b787c-88b2-9680-3a7b-9251d2235f77" testName="Skillaz.Tests.CompanySpecific.X5.Naumen.NaumenSlaTests.Sla_calculates_correctly_for_next_day(candidateTimeZone: 9, sla: 02:00:00, startDate: 2019-12-31T20:30:00.0000000Z, truth: [NaumenTimeRange { From = &quot;2020-01-01 07:00:00&quot;, To = &quot;2020-01-01 09:00:00&quot; }])" computerName="DESKTOP-F6SKA47" duration="00:00:00.0002368" startTime="2021-12-16T16:16:29.3188591+03:00" endTime="2021-12-16T16:16:29.3188595+03:00" testType="13cdc9d9-ddb5-4fa4-a97d-d965ccfc6d4b" outcome="Passed" testListId="8c84fa94-04c1-424b-9868-57a2d4851a1d" relativeResultsDirectory="5e02d40d-2326-4180-a5f8-3367ea992577" />
    <UnitTestResult executionId="cd7bd39d-9acd-4369-b46f-557c4cc79537" testId="cef075e6-c1cf-3449-7cd8-7902cf96efe1" testName="Skillaz.Tests.Notifications.Workflow.WorkflowNotificationParameters_feature.Attempt_send_email_notification_with_request_url_for_request_workflow" computerName="DESKTOP-F6SKA47" duration="00:00:04.9827454" startTime="2021-12-16T16:24:08.6737435+03:00" endTime="2021-12-16T16:24:08.6737451+03:00" testType="13cdc9d9-ddb5-4fa4-a97d-d965ccfc6d4b" outcome="Passed" testListId="8c84fa94-04c1-424b-9868-57a2d4851a1d" relativeResultsDirectory="cd7bd39d-9acd-4369-b46f-557c4cc79537">
      <Output>
        <StdOut>SCENARIO: Attempt send email notification with request url for request workflow&#xD;
  STEP 1/8: GIVEN the company with domain...&#xD;
  STEP 1/8: GIVEN the company with domain (Passed after 226ms)&#xD;
  STEP 2/8: AND the authenticated user...&#xD;
  STEP 2/8: AND the authenticated user (Passed after 364ms)&#xD;
  STEP 3/8: AND the workflow schema for request and processing role [requestTypes: "DefaultRequest"]...&#xD;
  STEP 3/8: AND the workflow schema for request and processing role [requestTypes: "DefaultRequest"] (Passed after 238ms)&#xD;
  STEP 4/8: AND the email template "DefaultRequest{{{req_DefaultRequest_Url}}}"...&#xD;
  STEP 4/8: AND the email template "DefaultRequest{{{req_DefaultRequest_Url}}}" (Passed after 107ms)&#xD;
  STEP 5/8: AND the vacancy in the company...&#xD;
  STEP 5/8: AND the vacancy in the company (Passed after 153ms)&#xD;
  STEP 6/8: AND the request [requestId: "61bb3df27f10d6937478d934"] [requestType: "DefaultRequest"]...&#xD;
  STEP 6/8: AND the request [requestId: "61bb3df27f10d6937478d934"] [requestType: "DefaultRequest"] (Passed after 240ms)&#xD;
  STEP 7/8: WHEN workflow switch status [requestId: "61bb3df27f10d6937478d934"]...&#xD;
  STEP 7/8: WHEN workflow switch status [requestId: "61bb3df27f10d6937478d934"] (Passed after 1s 302ms)&#xD;
  STEP 8/8: THEN attempt method send letter contains url "https://some.domaine.ru/hire-requests/61bb3df27f10d6937478d934" request...&#xD;
  STEP 8/8: THEN attempt method send letter contains url "https://some.domaine.ru/hire-requests/61bb3df27f10d6937478d934" request (Passed after 13ms)&#xD;
  SCENARIO RESULT: Passed after 2s 699ms</StdOut>
      </Output>
    </UnitTestResult>
    <UnitTestResult executionId="b4fa19d2-8ca5-401f-951e-3e7da57a8a36" testId="b02f6b6e-fc4e-19cf-2d01-b151e8219f88" testName="Skillaz.Tests.SupportChats.SupportChats_feature.Reply_to_agent" computerName="DESKTOP-F6SKA47" duration="00:00:10.0525897" startTime="2021-12-16T16:23:57.0637780+03:00" endTime="2021-12-16T16:23:57.0637888+03:00" testType="13cdc9d9-ddb5-4fa4-a97d-d965ccfc6d4b" outcome="Passed" testListId="8c84fa94-04c1-424b-9868-57a2d4851a1d" relativeResultsDirectory="b4fa19d2-8ca5-401f-951e-3e7da57a8a36">
      <Output>
        <StdOut>SCENARIO: Reply to agent&#xD;
  STEP 1/6: GIVEN a company...&#xD;
  STEP 1/6: GIVEN a company (Passed after 693ms)&#xD;
  STEP 2/6: AND the authenticated user...&#xD;
  STEP 2/6: AND the authenticated user (Passed after 1s 065ms)&#xD;
  STEP 3/6: AND an agent...&#xD;
  STEP 3/6: AND an agent (Passed after 490ms)&#xD;
  STEP 4/6: AND an active chat...&#xD;
  STEP 4/6: AND an active chat (Passed after 499ms)&#xD;
  STEP 5/6: WHEN user replies...&#xD;
  STEP 5/6: WHEN user replies (Passed after 4s 499ms)&#xD;
  STEP 6/6: THEN chat has client message...&#xD;
  STEP 6/6: THEN chat has client message (Passed after 942ms)&#xD;
  SCENARIO RESULT: Passed after 8s 208ms</StdOut>
      </Output>
    </UnitTestResult>
    <UnitTestResult executionId="6e1a83ef-b106-4c27-a5ab-4cc991362490" testId="019b787c-88b2-9680-3a7b-9251d2235f77" testName="Skillaz.Tests.CompanySpecific.X5.Naumen.NaumenSlaTests.Sla_calculates_correctly_for_next_day(candidateTimeZone: 9, sla: 02:00:00, startDate: 2020-01-01T00:00:00.0000000Z, truth: [NaumenTimeRange { From = &quot;2020-01-01 07:00:00&quot;, To = &quot;2020-01-01 09:00:00&quot; }])" computerName="DESKTOP-F6SKA47" duration="00:00:00.0000475" startTime="2021-12-16T16:16:29.3227529+03:00" endTime="2021-12-16T16:16:29.3227534+03:00" testType="13cdc9d9-ddb5-4fa4-a97d-d965ccfc6d4b" outcome="Passed" testListId="8c84fa94-04c1-424b-9868-57a2d4851a1d" relativeResultsDirectory="6e1a83ef-b106-4c27-a5ab-4cc991362490" />
    <UnitTestResult executionId="c17df278-d562-4c15-890c-9c2e29dbe889" testId="ba47e629-bb62-d977-cfbe-06a944cf144e" testName="Skillaz.Tests.Helpers.TimeBoundariesHelperFeature.AddHours(lower: 0, upper: 24, timeZone: 3, results: [0, 3, 3, 24])" computerName="DESKTOP-F6SKA47" duration="00:00:00.0020078" startTime="2021-12-16T16:16:29.9858043+03:00" endTime="2021-12-16T16:16:29.9858053+03:00" testType="13cdc9d9-ddb5-4fa4-a97d-d965ccfc6d4b" outcome="Passed" testListId="8c84fa94-04c1-424b-9868-57a2d4851a1d" relativeResultsDirectory="c17df278-d562-4c15-890c-9c2e29dbe889" />
    <UnitTestResult executionId="933035eb-6a67-4ca6-b0f6-17223ae5c271" testId="019b787c-88b2-9680-3a7b-9251d2235f77" testName="Skillaz.Tests.CompanySpecific.X5.Naumen.NaumenSlaTests.Sla_calculates_correctly_for_next_day(candidateTimeZone: 5, sla: 02:00:00, startDate: 2019-12-31T19:00:00.0000000Z, truth: [NaumenTimeRange { From = &quot;2020-01-01 07:00:00&quot;, To = &quot;2020-01-01 09:00:00&quot; }])" computerName="DESKTOP-F6SKA47" duration="00:00:00.0000387" startTime="2021-12-16T16:16:29.1025059+03:00" endTime="2021-12-16T16:16:29.1025073+03:00" testType="13cdc9d9-ddb5-4fa4-a97d-d965ccfc6d4b" outcome="Passed" testListId="8c84fa94-04c1-424b-9868-57a2d4851a1d" relativeResultsDirectory="933035eb-6a67-4ca6-b0f6-17223ae5c271" />
    <UnitTestResult executionId="f6613d1e-6244-4e5d-b9c0-b08b9e5cc58f" testId="39bbe88c-a5a1-69b6-0e18-a75bb02edd6c" testName="Skillaz.Tests.CompanySpecific.X5.Naumen.NaumenSlaTests.Sla_calculates_correctly_within_one_day(candidateTimeZone: 8, sla: 02:00:00, startDate: 2019-12-31T10:00:00.0000000Z, truth: [NaumenTimeRange { From = &quot;2019-12-31 13:00:00&quot;, To = &quot;2019-12-31 15:00:00&quot; }])" computerName="DESKTOP-F6SKA47" duration="00:00:00.0000629" startTime="2021-12-16T16:16:29.0176576+03:00" endTime="2021-12-16T16:16:29.0176589+03:00" testType="13cdc9d9-ddb5-4fa4-a97d-d965ccfc6d4b" outcome="Passed" testListId="8c84fa94-04c1-424b-9868-57a2d4851a1d" relativeResultsDirectory="f6613d1e-6244-4e5d-b9c0-b08b9e5cc58f" />
    <UnitTestResult executionId="05d0a14c-cba7-4440-acea-979178d4d04f" testId="39bbe88c-a5a1-69b6-0e18-a75bb02edd6c" testName="Skillaz.Tests.CompanySpecific.X5.Naumen.NaumenSlaTests.Sla_calculates_correctly_within_one_day(candidateTimeZone: 12, sla: 03:00:00, startDate: 2019-12-31T05:00:00.0000000Z, truth: [NaumenTimeRange { From = &quot;2019-12-31 08:00:00&quot;, To = &quot;2019-12-31 11:00:00&quot; }])" computerName="DESKTOP-F6SKA47" duration="00:00:00.0000318" startTime="2021-12-16T16:16:29.0406457+03:00" endTime="2021-12-16T16:16:29.0406477+03:00" testType="13cdc9d9-ddb5-4fa4-a97d-d965ccfc6d4b" outcome="Passed" testListId="8c84fa94-04c1-424b-9868-57a2d4851a1d" relativeResultsDirectory="05d0a14c-cba7-4440-acea-979178d4d04f" />
    <UnitTestResult executionId="d5fd3b1a-0c17-42e1-9aa6-5699911b9820" testId="0c939551-4a30-7d9e-bd21-c30d877c2cd6" testName="Skillaz.Tests.DocumentModels.DocumentModelFilterFromProfile_feature.FilterFromProfileAndFromPosition" computerName="DESKTOP-F6SKA47" duration="00:00:11.4307753" startTime="2021-12-16T16:18:13.0996728+03:00" endTime="2021-12-16T16:18:13.0996841+03:00" testType="13cdc9d9-ddb5-4fa4-a97d-d965ccfc6d4b" outcome="Passed" testListId="8c84fa94-04c1-424b-9868-57a2d4851a1d" relativeResultsDirectory="d5fd3b1a-0c17-42e1-9aa6-5699911b9820">
      <Output>
        <StdOut>SCENARIO: FilterFromProfileAndFromPosition&#xD;
  STEP 1/6: GIVEN a company...&#xD;
  STEP 1/6: GIVEN a company (Passed after 171ms)&#xD;
  STEP 2/6: AND the authenticated user...&#xD;
  STEP 2/6: AND the authenticated user (Passed after 824ms)&#xD;
  STEP 3/6: AND configuration DM...&#xD;
  STEP 3/6: AND configuration DM (Passed after 1s 089ms)&#xD;
  STEP 4/6: AND configuration request...&#xD;
  STEP 4/6: AND configuration request (Passed after 68ms)&#xD;
  STEP 5/6: WHEN create objects...&#xD;
  STEP 5/6: WHEN create objects (Passed after 6s 467ms)&#xD;
  STEP 6/6: THEN check build filters...&#xD;
  STEP 6/6: THEN check build filters (Passed after 2s 334ms)&#xD;
  SCENARIO RESULT: Passed after 10s 962ms</StdOut>
      </Output>
    </UnitTestResult>
    <UnitTestResult executionId="368e8d12-5556-4c00-b9c2-510bac760b91" testId="5fc99430-ba55-7ee5-89d5-783cbf9fd6dd" testName="Skillaz.Tests.Assessment.Interviews.InterviewStepSwitcherFeature.When_funnels_checks_is_not_empty_get_candidate_check_types_returns_only_valid_checks" computerName="DESKTOP-F6SKA47" duration="00:00:00.3930442" startTime="2021-12-16T16:24:46.2961813+03:00" endTime="2021-12-16T16:24:46.2961846+03:00" testType="13cdc9d9-ddb5-4fa4-a97d-d965ccfc6d4b" outcome="Passed" testListId="8c84fa94-04c1-424b-9868-57a2d4851a1d" relativeResultsDirectory="368e8d12-5556-4c00-b9c2-510bac760b91">
      <Output>
        <StdOut>SCENARIO: When funnels checks is not empty get candidate check types returns only valid checks&#xD;
  STEP 1/7: GIVEN a company...&#xD;
  STEP 1/7: GIVEN a company (Passed after 38ms)&#xD;
  STEP 2/7: AND the funnel...&#xD;
  STEP 2/7: AND the funnel (Passed after 12ms)&#xD;
  STEP 3/7: AND the candidate checks [CanStartFromAnyStatus: "False"]...&#xD;
  STEP 3/7: AND the candidate checks [CanStartFromAnyStatus: "False"] (Passed after 20ms)&#xD;
  STEP 4/7: AND the candidate checks [CanStartFromAnyStatus: "True"]...&#xD;
  STEP 4/7: AND the candidate checks [CanStartFromAnyStatus: "True"] (Passed after &lt;1ms)&#xD;
  STEP 5/7: WHEN get the check types...&#xD;
  STEP 5/7: WHEN get the check types (Passed after 150ms)&#xD;
  STEP 6/7: THEN check types contains valid candidate check...&#xD;
  STEP 6/7: THEN check types contains valid candidate check (Passed after 29ms)&#xD;
  STEP 7/7: AND check types not contains valid candidate check...&#xD;
  STEP 7/7: AND check types not contains valid candidate check (Passed after &lt;1ms)&#xD;
  SCENARIO RESULT: Passed after 262ms</StdOut>
      </Output>
    </UnitTestResult>
    <UnitTestResult executionId="f7866f52-8fdc-4f22-9283-001d0fd3652b" testId="4f45d4d5-953e-6e1e-2aca-15d719c0291a" testName="Skillaz.Tests.Candidate.Elastic.CandidateElasticFiltration_feature.Retrieving_a_candidate_by_nonexistent_vacancy_ids" computerName="DESKTOP-F6SKA47" duration="00:00:00.0010000" startTime="2021-12-16T16:24:40.1091555+03:00" endTime="2021-12-16T16:24:40.1091591+03:00" testType="13cdc9d9-ddb5-4fa4-a97d-d965ccfc6d4b" outcome="NotExecuted" testListId="8c84fa94-04c1-424b-9868-57a2d4851a1d" relativeResultsDirectory="f7866f52-8fdc-4f22-9283-001d0fd3652b">
      <Output>
        <StdOut>You need Elasticsearch 7.5 local instance on 9200 port</StdOut>
      </Output>
    </UnitTestResult>
    <UnitTestResult executionId="21b01167-7e0d-4795-9088-26c2bc9c0112" testId="e6536462-443b-167d-3a6e-bb7da418fb7c" testName="Skillaz.Tests.CompanySpecific.Mvideo.MvideoPrepareBatchUpdateRequest_feature.Office_managers_roles_is_untouched" computerName="DESKTOP-F6SKA47" duration="00:00:00.0010000" startTime="2021-12-16T16:29:23.2780236+03:00" endTime="2021-12-16T16:29:23.2780296+03:00" testType="13cdc9d9-ddb5-4fa4-a97d-d965ccfc6d4b" outcome="NotExecuted" testListId="8c84fa94-04c1-424b-9868-57a2d4851a1d" relativeResultsDirectory="21b01167-7e0d-4795-9088-26c2bc9c0112">
      <Output>
        <StdOut>Появился тест MvideoOpenApiBatchRequest_feature</StdOut>
      </Output>
    </UnitTestResult>
    <UnitTestResult executionId="422f65f5-6f0e-4887-a9ac-c4e11c28b3c3" testId="51d5d566-4037-d46f-e9fc-59089a914f91" testName="Skillaz.Tests.CompanySpecific.Sberbank.SberPositionsTests.SberPositionCommand_should_work_as_expected(vacancyName: &quot;Клиентский менеджер   (премьер)&quot;, expectedPositionId: &quot;client_manger_sber_premier&quot;)" computerName="DESKTOP-F6SKA47" duration="00:00:00.0381524" startTime="2021-12-16T16:16:29.6584319+03:00" endTime="2021-12-16T16:16:29.6584448+03:00" testType="13cdc9d9-ddb5-4fa4-a97d-d965ccfc6d4b" outcome="Passed" testListId="8c84fa94-04c1-424b-9868-57a2d4851a1d" relativeResultsDirectory="422f65f5-6f0e-4887-a9ac-c4e11c28b3c3" />
    <UnitTestResult executionId="e6d5c92f-a5aa-4b80-a558-fddf1f1758d3" testId="b1e83f46-ce2a-c141-e888-3364166f7307" testName="Skillaz.Tests.Candidate.RoleRestrictionControllerEndpoints_feature.User_without_restriction_can_login" computerName="DESKTOP-F6SKA47" duration="00:00:18.0367636" startTime="2021-12-16T16:22:34.9010066+03:00" endTime="2021-12-16T16:22:34.9010097+03:00" testType="13cdc9d9-ddb5-4fa4-a97d-d965ccfc6d4b" outcome="Passed" testListId="8c84fa94-04c1-424b-9868-57a2d4851a1d" relativeResultsDirectory="e6d5c92f-a5aa-4b80-a558-fddf1f1758d3">
      <Output>
        <StdOut>SCENARIO: User without restriction can login&#xD;
  STEP 1/5: GIVEN a request body [requestBody: "Skillaz.Auth.Contract.LoginDto"]...&#xD;
  STEP 1/5: GIVEN a request body [requestBody: "Skillaz.Auth.Contract.LoginDto"] (Passed after &lt;1ms)&#xD;
  STEP 2/5: AND a request [method: "POST"] [url: "/api/v1/fakeAuth/currentUser"]...&#xD;
  STEP 2/5: AND a request [method: "POST"] [url: "/api/v1/fakeAuth/currentUser"] (Passed after 3ms)&#xD;
  STEP 3/5: WHEN send request...&#xD;
  STEP 3/5: WHEN send request (Passed after 17s 784ms)&#xD;
  STEP 4/5: THEN status code is equal [statusCode: "OK"]...&#xD;
  STEP 4/5: THEN status code is equal [statusCode: "OK"] (Passed after &lt;1ms)&#xD;
  STEP 5/5: AND user info response is correct...&#xD;
  STEP 5/5: AND user info response is correct (Passed after 107ms)&#xD;
  SCENARIO RESULT: Passed after 17s 996ms</StdOut>
      </Output>
    </UnitTestResult>
    <UnitTestResult executionId="265084f6-bd37-4a05-9b71-f75068695dde" testId="39bbe88c-a5a1-69b6-0e18-a75bb02edd6c" testName="Skillaz.Tests.CompanySpecific.X5.Naumen.NaumenSlaTests.Sla_calculates_correctly_within_one_day(candidateTimeZone: 4, sla: 09:00:00, startDate: 2019-12-31T07:00:00.0000000Z, truth: [NaumenTimeRange { From = &quot;2019-12-31 10:00:00&quot;, To = &quot;2019-12-31 19:00:00&quot; }])" computerName="DESKTOP-F6SKA47" duration="00:00:00.0000361" startTime="2021-12-16T16:16:28.9080640+03:00" endTime="2021-12-16T16:16:28.9080645+03:00" testType="13cdc9d9-ddb5-4fa4-a97d-d965ccfc6d4b" outcome="Passed" testListId="8c84fa94-04c1-424b-9868-57a2d4851a1d" relativeResultsDirectory="265084f6-bd37-4a05-9b71-f75068695dde" />
    <UnitTestResult executionId="b54c2a68-4fa5-4cd1-ade4-63e045713361" testId="5f949fbb-ff82-7f81-62ca-b425fbb8e287" testName="Skillaz.Tests.Candidate.Appointments.SetAppointmentOnStatusChange_feature.Switch_candidate_to_refuse_type_status_with_occupied_self_entry_time_slots" computerName="DESKTOP-F6SKA47" duration="00:00:30.1659646" startTime="2021-12-16T16:20:11.0212727+03:00" endTime="2021-12-16T16:20:11.0212765+03:00" testType="13cdc9d9-ddb5-4fa4-a97d-d965ccfc6d4b" outcome="Passed" testListId="8c84fa94-04c1-424b-9868-57a2d4851a1d" relativeResultsDirectory="b54c2a68-4fa5-4cd1-ade4-63e045713361">
      <Output>
        <StdOut>SCENARIO: Switch candidate to refuse type status with occupied self entry time slots&#xD;
  STEP 1/14: GIVEN a company...&#xD;
  STEP 1/14: GIVEN a company (Passed after 549ms)&#xD;
  STEP 2/14: AND the vacancy in the company...&#xD;
  STEP 2/14: AND the vacancy in the company (Passed after 794ms)&#xD;
  STEP 3/14: AND the authenticated user...&#xD;
  STEP 3/14: AND the authenticated user (Passed after 1s 876ms)&#xD;
  STEP 4/14: AND a funnel...&#xD;
  STEP 4/14: AND a funnel (Passed after 650ms)&#xD;
  STEP 5/14: AND client configuration with check workflow and model...&#xD;
  STEP 5/14: AND client configuration with check workflow and model (Passed after 4s 374ms)&#xD;
  STEP 6/14: AND a candidate on interview status...&#xD;
  STEP 6/14: AND a candidate on interview status (Passed after 378ms)&#xD;
  STEP 7/14: AND multiple occupied time slots [candidateId: "61bb3cf57f10d6937478ad92"]...&#xD;
  STEP 7/14: AND multiple occupied time slots [candidateId: "61bb3cf57f10d6937478ad92"] (Passed after 335ms)&#xD;
  STEP 8/14: AND multiple existing candidate "Skillaz.Candidate.Contract.Documents.Candidate.CandidateDocument" appointments...&#xD;
  STEP 8/14: AND multiple existing candidate "Skillaz.Candidate.Contract.Documents.Candidate.CandidateDocument" appointments (Passed after 2s 486ms)&#xD;
  STEP 9/14: AND self entry occupied time slot [candidateId: "61bb3cf57f10d6937478ad92"]...&#xD;
  STEP 9/14: AND self entry occupied time slot [candidateId: "61bb3cf57f10d6937478ad92"] (Passed after 4ms)&#xD;
  STEP 10/14: AND the interview and timeslot period [candidate: "Skillaz.Candidate.Contract.Documents.Candidate.CandidateDocument"] [timeSlotId: "61bb3cf87f10d6937478adf6"]...&#xD;
  STEP 10/14: AND the interview and timeslot period [candidate: "Skillaz.Candidate.Contract.Documents.Candidate.CandidateDocument"] [timeSlotId: "61bb3cf87f10d6937478adf6"] (Passed after 346ms)&#xD;
  STEP 11/14: WHEN candidate status is changed to refuse type [candidateId: "61bb3cf57f10d6937478ad92"]...&#xD;
  STEP 11/14: WHEN candidate status is changed to refuse type [candidateId: "61bb3cf57f10d6937478ad92"] (Passed after 16s 016ms)&#xD;
  STEP 12/14: THEN all created and transferred candidate appointments are cancelled [candidateId: "61bb3cf57f10d6937478ad92"]...&#xD;
  STEP 12/14: THEN all created and transferred candidate appointments are cancelled [candidateId: "61bb3cf57f10d6937478ad92"] (Passed after 6ms)&#xD;
  STEP 13/14: AND time slots are released [candidateId: "61bb3cf57f10d6937478ad92"]...&#xD;
  STEP 13/14: AND time slots are released [candidateId: "61bb3cf57f10d6937478ad92"] (Passed after 12ms)&#xD;
  STEP 14/14: AND self entry time slot is released [candidateId: "61bb3cf57f10d6937478ad92"]...&#xD;
  STEP 14/14: AND self entry time slot is released [candidateId: "61bb3cf57f10d6937478ad92"] (Passed after 94ms)&#xD;
  SCENARIO RESULT: Passed after 28s 179ms</StdOut>
      </Output>
    </UnitTestResult>
    <UnitTestResult executionId="a74a0720-4a7d-4746-8169-a7cc8e80d1a2" testId="83dcc145-cb26-bc73-1a78-b16434e77158" testName="Skillaz.Tests.Candidate.CandidateTags.CandidateTagsService_feature.If_category_archived_then_all_child_tags_should_be_archived_too" computerName="DESKTOP-F6SKA47" duration="00:00:10.0727862" startTime="2021-12-16T16:23:15.8147960+03:00" endTime="2021-12-16T16:23:15.8148085+03:00" testType="13cdc9d9-ddb5-4fa4-a97d-d965ccfc6d4b" outcome="Passed" testListId="8c84fa94-04c1-424b-9868-57a2d4851a1d" relativeResultsDirectory="a74a0720-4a7d-4746-8169-a7cc8e80d1a2">
      <Output>
        <StdOut>SCENARIO: If category archived then all child tags should be archived too&#xD;
  STEP 1/6: GIVEN a company...&#xD;
  STEP 1/6: GIVEN a company (Passed after 863ms)&#xD;
  STEP 2/6: AND the authenticated admin user...&#xD;
  STEP 2/6: AND the authenticated admin user (Passed after 2s 491ms)&#xD;
  STEP 3/6: AND a candidate tag category "Skillaz.Candidate.Contract.Documents.CandidateTagDocument.CandidateTagCategoryDocument"...&#xD;
  STEP 3/6: AND a candidate tag category "Skillaz.Candidate.Contract.Documents.CandidateTagDocument.CandidateTagCategoryDocument" (Passed after 823ms)&#xD;
  STEP 4/6: AND a candidate tags [tag: "Skillaz.Candidate.Contract.Documents.CandidateTagDocument.CandidateTagDocument, Skillaz.Candidate.Contract.Documents.CandidateTagDocument.CandidateTagDocument, Skillaz.Candidate.Contract.Documents.CandidateTagDocument.CandidateTagDocument, Skillaz.Candidate.Contract.Documents.CandidateTagDocument.CandidateTagDocument, Skillaz.Candidate.Contract.Documents.CandidateTagDocument.CandidateTagDocument"]...&#xD;
  STEP 4/6: AND a candidate tags [tag: "Skillaz.Candidate.Contract.Documents.CandidateTagDocument.CandidateTagDocument, Skillaz.Candidate.Contract.Documents.CandidateTagDocument.CandidateTagDocument, Skillaz.Candidate.Contract.Documents.CandidateTagDocument.CandidateTagDocument, Skillaz.Candidate.Contract.Documents.CandidateTagDocument.CandidateTagDocument, Skillaz.Candidate.Contract.Documents.CandidateTagDocument.CandidateTagDocument"] (Passed after 1s 185ms)&#xD;
  STEP 5/6: WHEN category archive [categoryId: "52837"]...&#xD;
  STEP 5/6: WHEN category archive [categoryId: "52837"] (Passed after 3s 207ms)&#xD;
  STEP 6/6: Ensure all tags in category archived "True" [categoryId: "52837"]...&#xD;
  STEP 6/6: Ensure all tags in category archived "True" [categoryId: "52837"] (Passed after 525ms)&#xD;
  SCENARIO RESULT: Passed after 9s 131ms</StdOut>
      </Output>
    </UnitTestResult>
    <UnitTestResult executionId="879d7c7b-aac2-4046-b385-eff0e8e4c3ad" testId="a5fd6427-0efa-aef0-7520-2fa989e5e94a" testName="Skillaz.Tests.TaskTracker.TaskCreateManually_feature.Creating_task_manually" computerName="DESKTOP-F6SKA47" duration="00:00:56.0918556" startTime="2021-12-16T16:17:23.9510413+03:00" endTime="2021-12-16T16:17:23.9510439+03:00" testType="13cdc9d9-ddb5-4fa4-a97d-d965ccfc6d4b" outcome="Passed" testListId="8c84fa94-04c1-424b-9868-57a2d4851a1d" relativeResultsDirectory="879d7c7b-aac2-4046-b385-eff0e8e4c3ad">
      <Output>
        <StdOut>SCENARIO: Creating task manually&#xD;
  STEP 1/6: GIVEN a candidate in a vacancy in a company...&#xD;
  STEP 1/6: GIVEN a candidate in a vacancy in a company (Passed after 5s 160ms)&#xD;
  STEP 2/6: AND the authenticated user...&#xD;
  STEP 2/6: AND the authenticated user (Passed after 803ms)&#xD;
  STEP 3/6: AND the document model...&#xD;
  STEP 3/6: AND the document model (Passed after 23s 801ms)&#xD;
  STEP 4/6: AND task to create as dm update request...&#xD;
  STEP 4/6: AND task to create as dm update request (Passed after 15ms)&#xD;
  STEP 5/6: WHEN task is created manually...&#xD;
  STEP 5/6: WHEN task is created manually (Passed after 24s 814ms)&#xD;
  STEP 6/6: THEN it has manually creation type and passed fields updated...&#xD;
  STEP 6/6: THEN it has manually creation type and passed fields updated (Passed after 1s 078ms)&#xD;
  SCENARIO RESULT: Passed after 55s 721ms</StdOut>
      </Output>
    </UnitTestResult>
    <UnitTestResult executionId="7db87d19-2dac-4efc-a87f-3cd5e14c09ff" testId="06091564-81b7-0c8c-f3d1-0709ecfdc87a" testName="Skillaz.Tests.Validators.RequiredFieldValidator_feature.Should_be_valid_if_document_valid_when_validate" computerName="DESKTOP-F6SKA47" duration="00:00:00.1508568" startTime="2021-12-16T16:26:35.6258763+03:00" endTime="2021-12-16T16:26:35.6258776+03:00" testType="13cdc9d9-ddb5-4fa4-a97d-d965ccfc6d4b" outcome="Passed" testListId="8c84fa94-04c1-424b-9868-57a2d4851a1d" relativeResultsDirectory="7db87d19-2dac-4efc-a87f-3cd5e14c09ff">
      <Output>
        <StdOut>SCENARIO: Should be valid if document valid when validate&#xD;
  STEP 1/5: GIVEN RequiredFieldValidator with default error message...&#xD;
  STEP 1/5: GIVEN RequiredFieldValidator with default error message (Passed after &lt;1ms)&#xD;
  STEP 2/5: AND document with valid string field...&#xD;
  STEP 2/5: AND document with valid string field (Passed after &lt;1ms)&#xD;
  STEP 3/5: Run validator...&#xD;
  STEP 3/5: Run validator (Passed after 65ms)&#xD;
  STEP 4/5: Assert result is valid...&#xD;
  STEP 4/5: Assert result is valid (Passed after &lt;1ms)&#xD;
  STEP 5/5: Assert no messages in valid result...&#xD;
  STEP 5/5: Assert no messages in valid result (Passed after &lt;1ms)&#xD;
  SCENARIO RESULT: Passed after 67ms</StdOut>
      </Output>
    </UnitTestResult>
    <UnitTestResult executionId="de1bd9fc-16e3-4330-a24c-fdaacd603d36" testId="014fe5ce-e041-43b6-1da7-6f12ae1f10da" testName="Skillaz.Tests.Authorization.AuthLoginWorkflowService_CheckPrivacyPolicyOnLogin_feature.Do_login_user_without_accepted_policy_in_company_with_EnabledRequiredPolicyOfUsers_and_user_policy_accept" computerName="DESKTOP-F6SKA47" duration="00:00:08.6338587" startTime="2021-12-16T16:26:32.8129443+03:00" endTime="2021-12-16T16:26:32.8129479+03:00" testType="13cdc9d9-ddb5-4fa4-a97d-d965ccfc6d4b" outcome="Passed" testListId="8c84fa94-04c1-424b-9868-57a2d4851a1d" relativeResultsDirectory="de1bd9fc-16e3-4330-a24c-fdaacd603d36">
      <Output>
        <StdOut>SCENARIO: Do login user without accepted policy in company with EnabledRequiredPolicyOfUsers and user policy accept&#xD;
  STEP 1/6: GIVEN Given Company "Skillaz.Candidate.Contract.LegacyCompany.LegacyCompanyDocument"...&#xD;
  STEP 1/6: GIVEN Given Company "Skillaz.Candidate.Contract.LegacyCompany.LegacyCompanyDocument" (Passed after 292ms)&#xD;
  STEP 2/6: AND Given a user...&#xD;
  STEP 2/6: AND Given a user (Passed after 835ms)&#xD;
  STEP 3/6: AND SetInUserPrivacyPolicyOfUsers [isAccepted: "False"] [AcceptedPolicyLink: "&lt;null&gt;"]...&#xD;
  STEP 3/6: AND SetInUserPrivacyPolicyOfUsers [isAccepted: "False"] [AcceptedPolicyLink: "&lt;null&gt;"] (Passed after 310ms)&#xD;
  STEP 4/6: WHEN When doing a login "v.pupkin" attempt with accepting policy [password: "strong_Asdasd123asdasd$Asdasd123asdasd$^1"] [privacyIsAttempt: "True"]...&#xD;
  STEP 4/6: WHEN When doing a login "v.pupkin" attempt with accepting policy [password: "strong_Asdasd123asdasd$Asdasd123asdasd$^1"] [privacyIsAttempt: "True"] (Passed after 2s 692ms)&#xD;
  STEP 5/6: THEN Then ensure that user was authenticated...&#xD;
  STEP 5/6: THEN Then ensure that user was authenticated (Passed after 508ms)&#xD;
  STEP 6/6: AND Then ensure that user have accepted AcceptPrivacyPolicyOfUsers...&#xD;
  STEP 6/6: AND Then ensure that user have accepted AcceptPrivacyPolicyOfUsers (Passed after 552ms)&#xD;
  SCENARIO RESULT: Passed after 5s 245ms</StdOut>
      </Output>
    </UnitTestResult>
    <UnitTestResult executionId="0bd8d836-1a57-4f12-a709-9eb87ebccd06" testId="5ad4df05-180a-df40-b414-1da50f6c8fb6" testName="Skillaz.Tests.Configurator.DocumentModel.ObjectTypeOrgUnitPosition.ШтатныеДолжности" computerName="DESKTOP-F6SKA47" duration="00:00:03.7585969" startTime="2021-12-16T16:18:28.8277800+03:00" endTime="2021-12-16T16:18:28.8277833+03:00" testType="13cdc9d9-ddb5-4fa4-a97d-d965ccfc6d4b" outcome="Passed" testListId="8c84fa94-04c1-424b-9868-57a2d4851a1d" relativeResultsDirectory="0bd8d836-1a57-4f12-a709-9eb87ebccd06">
      <Output>
        <StdOut>SCENARIO: ШтатныеДолжности&#xD;
  STEP 1/5: GIVEN a company...&#xD;
  STEP 1/5: GIVEN a company (Passed after 495ms)&#xD;
  STEP 2/5: AND the authenticated user...&#xD;
  STEP 2/5: AND the authenticated user (Passed after 310ms)&#xD;
  STEP 3/5: Загрузить модель...&#xD;
  STEP 3/5: Загрузить модель (Passed after 1s 680ms)&#xD;
  STEP 4/5: Проверить что модель загружена...&#xD;
  STEP 4/5: Проверить что модель загружена (Passed after 747ms)&#xD;
  STEP 5/5: Проверить что есть рекомендованные поля...&#xD;
  STEP 5/5: Проверить что есть рекомендованные поля (Passed after 31ms)&#xD;
  SCENARIO RESULT: Passed after 3s 271ms</StdOut>
      </Output>
    </UnitTestResult>
    <UnitTestResult executionId="e1fb2d26-fafa-47b0-a032-74500eb7b753" testId="695a69c9-264c-d1c5-2032-535ef4bf39f9" testName="Skillaz.Tests.CompanySpecific.X5.Naumen.NaumenSlaTests.Sla_calculates_correctly_for_split_days(candidateTimeZone: 10, sla: 05:00:00, startDate: 2019-12-31T07:30:00.0000000Z, truth: [NaumenTimeRange { From = &quot;2019-12-31 10:30:00&quot;, To = &quot;2019-12-31 13:00:00&quot; }, NaumenTimeRange { From = &quot;2020-01-01 07:00:00&quot;, To = &quot;2020-01-01 09:30:00&quot; }])" computerName="DESKTOP-F6SKA47" duration="00:00:00.0000800" startTime="2021-12-16T16:16:29.0256748+03:00" endTime="2021-12-16T16:16:29.0256765+03:00" testType="13cdc9d9-ddb5-4fa4-a97d-d965ccfc6d4b" outcome="Passed" testListId="8c84fa94-04c1-424b-9868-57a2d4851a1d" relativeResultsDirectory="e1fb2d26-fafa-47b0-a032-74500eb7b753" />
    <UnitTestResult executionId="b3085758-7af8-41ac-aa61-b39311dd1bc5" testId="79502095-68f6-f663-6bc3-f5f538e107fa" testName="Skillaz.Tests.WebHooks.ReferenceValueWebHooks_feature.SynchronousWebHookTestCreated" computerName="DESKTOP-F6SKA47" duration="00:00:06.7307565" startTime="2021-12-16T16:16:34.6016114+03:00" endTime="2021-12-16T16:16:34.6016161+03:00" testType="13cdc9d9-ddb5-4fa4-a97d-d965ccfc6d4b" outcome="Passed" testListId="8c84fa94-04c1-424b-9868-57a2d4851a1d" relativeResultsDirectory="b3085758-7af8-41ac-aa61-b39311dd1bc5">
      <Output>
        <StdOut>SCENARIO: SynchronousWebHookTestCreated&#xD;
  STEP 1/5: GIVEN a company...&#xD;
  STEP 1/5: GIVEN a company (Passed after 3s 243ms)&#xD;
  STEP 2/5: AND the authenticated user...&#xD;
  STEP 2/5: AND the authenticated user (Passed after 1s 438ms)&#xD;
  STEP 3/5: AND a synchronous subscription...&#xD;
  STEP 3/5: AND a synchronous subscription (Passed after 531ms)&#xD;
  STEP 4/5: WHEN reference item web hook created sent...&#xD;
  STEP 4/5: WHEN reference item web hook created sent (Passed after 883ms)&#xD;
  STEP 5/5: THEN the hook should be sent...&#xD;
  STEP 5/5: THEN the hook should be sent (Passed after 4ms)&#xD;
  SCENARIO RESULT: Passed after 6s 191ms</StdOut>
      </Output>
    </UnitTestResult>
    <UnitTestResult executionId="2f1b9e27-2589-4dce-be8a-73b5c8cfc5b7" testId="76623197-2484-102c-39f9-2a6a6d0359a9" testName="Skillaz.Tests.DocumentModels.DocumentModel_SettingPreviewUrlForAttachments.Check_than_preview_url_set_in_attachment_for_edit_model_multiply_attach_in_implicit_field" computerName="DESKTOP-F6SKA47" duration="00:00:04.3416834" startTime="2021-12-16T16:25:47.6896267+03:00" endTime="2021-12-16T16:25:47.6896295+03:00" testType="13cdc9d9-ddb5-4fa4-a97d-d965ccfc6d4b" outcome="Passed" testListId="8c84fa94-04c1-424b-9868-57a2d4851a1d" relativeResultsDirectory="2f1b9e27-2589-4dce-be8a-73b5c8cfc5b7">
      <Output>
        <StdOut>SCENARIO: Check than preview url set in attachment for edit model multiply attach in implicit field&#xD;
  STEP 1/6: GIVEN a company...&#xD;
  STEP 1/6: GIVEN a company (Passed after 256ms)&#xD;
  STEP 2/6: AND the authenticated user...&#xD;
  STEP 2/6: AND the authenticated user (Passed after 300ms)&#xD;
  STEP 3/6: AND a test model...&#xD;
  STEP 3/6: AND a test model (Passed after 1s 826ms)&#xD;
  STEP 4/6: AND a test document model...&#xD;
  STEP 4/6: AND a test document model (Passed after 74ms)&#xD;
  STEP 5/6: WHEN model converting to edit model [fieldKey: "ExtraData.MultiplyImplicitAttachment"] [isMultiply: "True"]...&#xD;
  STEP 5/6: WHEN model converting to edit model [fieldKey: "ExtraData.MultiplyImplicitAttachment"] [isMultiply: "True"] (Passed after 798ms)&#xD;
  STEP 6/6: THEN attached file in edit model have filled preview url...&#xD;
  STEP 6/6: THEN attached file in edit model have filled preview url (Passed after &lt;1ms)&#xD;
  SCENARIO RESULT: Passed after 3s 277ms</StdOut>
      </Output>
    </UnitTestResult>
    <UnitTestResult executionId="c32f28fb-1fc3-4d3f-96aa-e52e47dae713" testId="7ec9cbc1-ed75-28c3-930f-a3f1da977fac" testName="Skillaz.Tests.Telephony.MightyCall_callbacks_feature.Restore_callback_when_campaign_started" computerName="DESKTOP-F6SKA47" duration="00:00:16.4893645" startTime="2021-12-16T16:24:01.3391768+03:00" endTime="2021-12-16T16:24:01.3391830+03:00" testType="13cdc9d9-ddb5-4fa4-a97d-d965ccfc6d4b" outcome="Passed" testListId="8c84fa94-04c1-424b-9868-57a2d4851a1d" relativeResultsDirectory="c32f28fb-1fc3-4d3f-96aa-e52e47dae713">
      <Output>
        <StdOut>SCENARIO: Restore callback when campaign started&#xD;
  STEP 1/9: GIVEN a candidate in a vacancy in a company...&#xD;
  STEP 1/9: GIVEN a candidate in a vacancy in a company (Passed after 1s 068ms)&#xD;
  STEP 2/9: AND the authenticated user...&#xD;
  STEP 2/9: AND the authenticated user (Passed after 757ms)&#xD;
  STEP 3/9: AND outgoing campaign...&#xD;
  STEP 3/9: AND outgoing campaign (Passed after 859ms)&#xD;
  STEP 4/9: AND processed MightyCall request Skillaz...&#xD;
  STEP 4/9: AND processed MightyCall request Skillaz (Passed after 1s 091ms)&#xD;
  STEP 5/9: AND not restored callback...&#xD;
  STEP 5/9: AND not restored callback (Passed after 3s 417ms)&#xD;
  STEP 6/9: AND restored callback...&#xD;
  STEP 6/9: AND restored callback (Passed after 540ms)&#xD;
  STEP 7/9: WHEN campaign started...&#xD;
  STEP 7/9: WHEN campaign started (Passed after 6s 646ms)&#xD;
  STEP 8/9: THEN callback is restored...&#xD;
  STEP 8/9: THEN callback is restored (Passed after 63ms)&#xD;
  STEP 9/9: AND requests is correct...&#xD;
  STEP 9/9: AND requests is correct (Passed after 31ms)&#xD;
  SCENARIO RESULT: Passed after 14s 484ms</StdOut>
      </Output>
    </UnitTestResult>
    <UnitTestResult executionId="328b4ede-5be6-4484-a56a-86b92f4db3ad" testId="d96f8dea-5f59-0097-88b7-55deb04cfdb0" testName="Skillaz.Tests.TaskTracker.TaskDashboardController_feature.CloseTask" computerName="DESKTOP-F6SKA47" duration="00:00:09.4072486" startTime="2021-12-16T16:23:05.3790818+03:00" endTime="2021-12-16T16:23:05.3790854+03:00" testType="13cdc9d9-ddb5-4fa4-a97d-d965ccfc6d4b" outcome="Passed" testListId="8c84fa94-04c1-424b-9868-57a2d4851a1d" relativeResultsDirectory="328b4ede-5be6-4484-a56a-86b92f4db3ad">
      <Output>
        <StdOut>SCENARIO: CloseTask&#xD;
  STEP 1/8: GIVEN Given a company...&#xD;
  STEP 1/8: GIVEN Given a company (Passed after 854ms)&#xD;
  STEP 2/8: AND Given a client configuration...&#xD;
  STEP 2/8: AND Given a client configuration (Passed after 2ms)&#xD;
  STEP 3/8: AND Given the authenticated user...&#xD;
  STEP 3/8: AND Given the authenticated user (Passed after 914ms)&#xD;
  STEP 4/8: AND Given a funnel...&#xD;
  STEP 4/8: AND Given a funnel (Passed after 480ms)&#xD;
  STEP 5/8: AND Given a candidate...&#xD;
  STEP 5/8: AND Given a candidate (Passed after 362ms)&#xD;
  STEP 6/8: AND Given a tasks open [assigneeUser: "61bb3db126cd1138cf78d3d7"] [activationTime: "12/16/2021 15:22:58"] [taskStatus: "InProcess"]...&#xD;
  STEP 6/8: AND Given a tasks open [assigneeUser: "61bb3db126cd1138cf78d3d7"] [activationTime: "12/16/2021 15:22:58"] [taskStatus: "InProcess"] (Passed after 227ms)&#xD;
  STEP 7/8: WHEN When CloseTask...&#xD;
  STEP 7/8: WHEN When CloseTask (Passed after 2s 164ms)&#xD;
  STEP 8/8: THEN Then CloseTask...&#xD;
  STEP 8/8: THEN Then CloseTask (Passed after 374ms)&#xD;
  SCENARIO RESULT: Passed after 5s 449ms</StdOut>
      </Output>
    </UnitTestResult>
    <UnitTestResult executionId="90661583-571d-43b2-bf88-aabb9c3761c7" testId="6680b9a3-fe15-707d-eebf-2dcdcc444748" testName="Skillaz.Tests.Assessment.Questionnaires.QuizQuestionnaire_feature.Creating_a_quiz_questionnaire" computerName="DESKTOP-F6SKA47" duration="00:00:05.2290981" startTime="2021-12-16T16:26:34.7396730+03:00" endTime="2021-12-16T16:26:34.7396751+03:00" testType="13cdc9d9-ddb5-4fa4-a97d-d965ccfc6d4b" outcome="Passed" testListId="8c84fa94-04c1-424b-9868-57a2d4851a1d" relativeResultsDirectory="90661583-571d-43b2-bf88-aabb9c3761c7">
      <Output>
        <StdOut>SCENARIO: Creating a quiz questionnaire&#xD;
  STEP 1/4: GIVEN a company...&#xD;
  STEP 1/4: GIVEN a company (Passed after 751ms)&#xD;
  STEP 2/4: AND the authenticated user...&#xD;
  STEP 2/4: AND the authenticated user (Passed after 1s 970ms)&#xD;
  STEP 3/4: WHEN quiz questionnaire is created...&#xD;
  STEP 3/4: WHEN quiz questionnaire is created (Passed after 747ms)&#xD;
  STEP 4/4: Quiz questionnaire should be created...&#xD;
  STEP 4/4: Quiz questionnaire should be created (Passed after 396ms)&#xD;
  SCENARIO RESULT: Passed after 3s 873ms</StdOut>
      </Output>
    </UnitTestResult>
    <UnitTestResult executionId="6a2d430b-4f4b-4335-8073-5ac0d7cb3688" testId="df670315-007b-fd5f-713c-0b09f1567bd0" testName="Skillaz.Tests.Avito.Publications.AvitoPublishVacancyCommand_feature.ErrorProcessingAvitoApiClient_checking_exceptionMessage_with_statuscode_404_and_billingType_package" computerName="DESKTOP-F6SKA47" duration="00:00:17.3070272" startTime="2021-12-16T16:29:51.8266582+03:00" endTime="2021-12-16T16:29:51.8266606+03:00" testType="13cdc9d9-ddb5-4fa4-a97d-d965ccfc6d4b" outcome="Passed" testListId="8c84fa94-04c1-424b-9868-57a2d4851a1d" relativeResultsDirectory="6a2d430b-4f4b-4335-8073-5ac0d7cb3688">
      <Output>
        <StdOut>SCENARIO: ErrorProcessingAvitoApiClient checking exceptionMessage with statuscode 404 and billingType package&#xD;
  STEP 1/7: GIVEN Given a company...&#xD;
  STEP 1/7: GIVEN Given a company (Passed after 150ms)&#xD;
  STEP 2/7: AND Given the authenticated user...&#xD;
  STEP 2/7: AND Given the authenticated user (Passed after 385ms)&#xD;
  STEP 3/7: AND Given a avito account...&#xD;
  STEP 3/7: AND Given a avito account (Passed after 136ms)&#xD;
  STEP 4/7: AND Given a avito vacancy [statusCode: "404"] [billingType: "package"]...&#xD;
  STEP 4/7: AND Given a avito vacancy [statusCode: "404"] [billingType: "package"] (Passed after 1ms)&#xD;
  STEP 5/7: AND Given a error responce [statusCode: "404"]...&#xD;
  STEP 5/7: AND Given a error responce [statusCode: "404"] (Passed after 65ms)&#xD;
  STEP 6/7: WHEN When avito vacancy is published [statusCode: "404"] [billingType: "package"]...&#xD;
  STEP 6/7: WHEN When avito vacancy is published [statusCode: "404"] [billingType: "package"] (Passed after 11s 828ms)&#xD;
  STEP 7/7: THEN Then avito does not validate employee and returns an error [statusCode: "404"] [avitoBillingType: "package"]...&#xD;
  STEP 7/7: THEN Then avito does not validate employee and returns an error [statusCode: "404"] [avitoBillingType: "package"] (Passed after 214ms)&#xD;
  SCENARIO RESULT: Passed after 12s 807ms</StdOut>
      </Output>
    </UnitTestResult>
    <UnitTestResult executionId="948d3a04-5528-4c5a-8b50-810ca8a7ca87" testId="998a9e03-83b0-a0fd-7a96-3fae3b87e4b0" testName="Расширение файла совпадает с его содержимым(fileName: &quot;Doc.doc&quot;)" computerName="DESKTOP-F6SKA47" duration="00:00:00.0254559" startTime="2021-12-16T16:16:30.3632799+03:00" endTime="2021-12-16T16:16:30.3632865+03:00" testType="13cdc9d9-ddb5-4fa4-a97d-d965ccfc6d4b" outcome="Passed" testListId="8c84fa94-04c1-424b-9868-57a2d4851a1d" relativeResultsDirectory="948d3a04-5528-4c5a-8b50-810ca8a7ca87" />
    <UnitTestResult executionId="b3678200-8a9e-44cd-ba41-33745a75b70b" testId="54d597f5-352a-2575-99c6-4a4fe8237efb" testName="Skillaz.Tests.Candidate.AddOrUpdateCandidatesExternalLinkCommand_feature.Add_new_link_to_candidate" computerName="DESKTOP-F6SKA47" duration="00:00:01.7900154" startTime="2021-12-16T16:24:40.3503504+03:00" endTime="2021-12-16T16:24:40.3503528+03:00" testType="13cdc9d9-ddb5-4fa4-a97d-d965ccfc6d4b" outcome="Passed" testListId="8c84fa94-04c1-424b-9868-57a2d4851a1d" relativeResultsDirectory="b3678200-8a9e-44cd-ba41-33745a75b70b">
      <Output>
        <StdOut>SCENARIO: Add new link to candidate&#xD;
  STEP 1/5: GIVEN a company...&#xD;
  STEP 1/5: GIVEN a company (Passed after 261ms)&#xD;
  STEP 2/5: AND the authenticated user...&#xD;
  STEP 2/5: AND the authenticated user (Passed after 288ms)&#xD;
  STEP 3/5: AND a candidate...&#xD;
  STEP 3/5: AND a candidate (Passed after 103ms)&#xD;
  STEP 4/5: WHEN link type1 added var1...&#xD;
  STEP 4/5: WHEN link type1 added var1 (Passed after 30ms)&#xD;
  STEP 5/5: Assert link type1 var1 was added...&#xD;
  STEP 5/5: Assert link type1 var1 was added (Passed after 147ms)&#xD;
  SCENARIO RESULT: Passed after 836ms</StdOut>
      </Output>
    </UnitTestResult>
    <UnitTestResult executionId="9c2ab001-e55d-4687-ad90-37863e9770bd" testId="f727b248-9add-f920-b0ce-770364245e70" testName="Skillaz.Tests.Candidate.Elastic.CandidateElasticMultiselectFiltration_feature.MultiLineFilterCheck(filter: (Skillaz.Candidate.Contract.CandidateSearchFilter, Skillaz.Candidate.Contract.CandidateSearchFilterCommon), result: (1, search by tabel number))" computerName="DESKTOP-F6SKA47" duration="00:00:00.0010000" startTime="2021-12-16T16:26:50.1911515+03:00" endTime="2021-12-16T16:26:50.1911527+03:00" testType="13cdc9d9-ddb5-4fa4-a97d-d965ccfc6d4b" outcome="NotExecuted" testListId="8c84fa94-04c1-424b-9868-57a2d4851a1d" relativeResultsDirectory="9c2ab001-e55d-4687-ad90-37863e9770bd">
      <Output>
        <StdOut>You need Elasticsearch 7.5 local instance on 9200 port</StdOut>
      </Output>
    </UnitTestResult>
    <UnitTestResult executionId="02ad29b6-e48e-4816-b54e-0270f0bbea7f" testId="38ffa8cd-0743-ba20-ee92-ddb319b038c4" testName="Skillaz.Tests.CompanySpecific.X5.X5Deduplication_feature.By_phone_number_and_email" computerName="DESKTOP-F6SKA47" duration="00:00:00.0010000" startTime="2021-12-16T16:26:21.5830460+03:00" endTime="2021-12-16T16:26:21.5830497+03:00" testType="13cdc9d9-ddb5-4fa4-a97d-d965ccfc6d4b" outcome="NotExecuted" testListId="8c84fa94-04c1-424b-9868-57a2d4851a1d" relativeResultsDirectory="02ad29b6-e48e-4816-b54e-0270f0bbea7f">
      <Output>
        <StdOut>You need Elasticsearch 7.5 local instance on 9200 port</StdOut>
      </Output>
    </UnitTestResult>
    <UnitTestResult executionId="d37d914b-c902-47aa-b0ef-dcb955a47d16" testId="24816846-3ce7-f5d2-a234-ab07146a7014" testName="Skillaz.Tests.Candidate.Elastic.CandidateElasticFiltration_feature.Retrieving_a_candidate_by_existing_job_requisition_id" computerName="DESKTOP-F6SKA47" duration="00:00:00.0010000" startTime="2021-12-16T16:24:39.9388988+03:00" endTime="2021-12-16T16:24:39.9389001+03:00" testType="13cdc9d9-ddb5-4fa4-a97d-d965ccfc6d4b" outcome="NotExecuted" testListId="8c84fa94-04c1-424b-9868-57a2d4851a1d" relativeResultsDirectory="d37d914b-c902-47aa-b0ef-dcb955a47d16">
      <Output>
        <StdOut>You need Elasticsearch 7.5 local instance on 9200 port</StdOut>
      </Output>
    </UnitTestResult>
    <UnitTestResult executionId="afeecc26-e126-4541-bb6c-bf7514070a96" testId="0d64b995-9bd6-9286-0e9a-c3ad022ef162" testName="Skillaz.Tests.CompanySpecific.Mvideo.MvideoProfRolesAssign_feature.Assign_roles_of_users_which_already_have_incorrect_roles" computerName="DESKTOP-F6SKA47" duration="00:00:00.0010000" startTime="2021-12-16T16:24:47.0317550+03:00" endTime="2021-12-16T16:24:47.0317572+03:00" testType="13cdc9d9-ddb5-4fa4-a97d-d965ccfc6d4b" outcome="NotExecuted" testListId="8c84fa94-04c1-424b-9868-57a2d4851a1d" relativeResultsDirectory="afeecc26-e126-4541-bb6c-bf7514070a96">
      <Output>
        <StdOut>Не актуально, проф заявка в кфг и логика отличается</StdOut>
      </Output>
    </UnitTestResult>
    <UnitTestResult executionId="322ce020-4ae6-4604-bc43-c51731af6a3c" testId="39bbe88c-a5a1-69b6-0e18-a75bb02edd6c" testName="Skillaz.Tests.CompanySpecific.X5.Naumen.NaumenSlaTests.Sla_calculates_correctly_within_one_day(candidateTimeZone: 5, sla: 09:00:00, startDate: 2019-12-31T06:00:00.0000000Z, truth: [NaumenTimeRange { From = &quot;2019-12-31 09:00:00&quot;, To = &quot;2019-12-31 18:00:00&quot; }])" computerName="DESKTOP-F6SKA47" duration="00:00:00.0001387" startTime="2021-12-16T16:16:29.0020862+03:00" endTime="2021-12-16T16:16:29.0020884+03:00" testType="13cdc9d9-ddb5-4fa4-a97d-d965ccfc6d4b" outcome="Passed" testListId="8c84fa94-04c1-424b-9868-57a2d4851a1d" relativeResultsDirectory="322ce020-4ae6-4604-bc43-c51731af6a3c" />
    <UnitTestResult executionId="27eee436-b33b-4752-beec-a1424863b7fa" testId="b3ade0b5-da39-9b87-1577-b298f59cfdf6" testName="Skillaz.Tests.CompanySpecific.Mvideo.MvideoChangePositionCountOrgUnit_feature.При_закрытии_заявки_вакансия_должна_уйти_в_архив" computerName="DESKTOP-F6SKA47" duration="00:00:00.0010000" startTime="2021-12-16T16:19:36.0235647+03:00" endTime="2021-12-16T16:19:36.0235702+03:00" testType="13cdc9d9-ddb5-4fa4-a97d-d965ccfc6d4b" outcome="NotExecuted" testListId="8c84fa94-04c1-424b-9868-57a2d4851a1d" relativeResultsDirectory="27eee436-b33b-4752-beec-a1424863b7fa">
      <Output>
        <StdOut>Не актуально, заявка в кфг</StdOut>
      </Output>
    </UnitTestResult>
    <UnitTestResult executionId="ae754ba8-9fba-4d1b-9c53-d3bf8a76ffeb" testId="a30b4c46-43d6-c47e-0498-27d73b58413a" testName="Skillaz.Tests.DocumentModels.Refs.RefMechanic.Зависимые_поля_подставляются_и_обновляются" computerName="DESKTOP-F6SKA47" duration="00:00:18.1679021" startTime="2021-12-16T16:17:56.0323950+03:00" endTime="2021-12-16T16:17:56.0323970+03:00" testType="13cdc9d9-ddb5-4fa4-a97d-d965ccfc6d4b" outcome="Passed" testListId="8c84fa94-04c1-424b-9868-57a2d4851a1d" relativeResultsDirectory="ae754ba8-9fba-4d1b-9c53-d3bf8a76ffeb">
      <Output>
        <StdOut>SCENARIO: Зависимые поля подставляются и обновляются&#xD;
  STEP 1/10: GIVEN a company...&#xD;
  STEP 1/10: GIVEN a company (Passed after 250ms)&#xD;
  STEP 2/10: AND the authenticated user...&#xD;
  STEP 2/10: AND the authenticated user (Passed after 473ms)&#xD;
  STEP 3/10: Load city and region references...&#xD;
  STEP 3/10: Load city and region references (Passed after 525ms)&#xD;
  STEP 4/10: Подготовить конфигурацию DM...&#xD;
  STEP 4/10: Подготовить конфигурацию DM (Passed after 36ms)&#xD;
  STEP 5/10: Создать ОЕ...&#xD;
  STEP 5/10: Создать ОЕ (Passed after 1s 178ms)&#xD;
  STEP 6/10: Создать вакансию...&#xD;
  STEP 6/10: Создать вакансию (Passed after 6s 045ms)&#xD;
  STEP 7/10: Проверить что в вакансии проставился адрес из ОЕ...&#xD;
  STEP 7/10: Проверить что в вакансии проставился адрес из ОЕ (Passed after 3ms)&#xD;
  STEP 8/10: Проверить что в вакансии проставилась ссылка на ОЕ...&#xD;
  STEP 8/10: Проверить что в вакансии проставилась ссылка на ОЕ (Passed after 239ms)&#xD;
  STEP 9/10: Обновить ОЕ...&#xD;
  STEP 9/10: Обновить ОЕ (Passed after 8s 687ms)&#xD;
  STEP 10/10: Проверить что в вакансиях обновился адрес из ОЕ...&#xD;
  STEP 10/10: Проверить что в вакансиях обновился адрес из ОЕ (Passed after 52ms)&#xD;
  SCENARIO RESULT: Passed after 17s 505ms</StdOut>
      </Output>
    </UnitTestResult>
    <UnitTestResult executionId="0f06fe3d-84e5-4d38-8e0a-600ab7b9104d" testId="09df7320-8312-4a53-7bd3-ca60a0e621da" testName="Skillaz.Tests.Publication.VacancyPublicationRule_feature.Vacancy_publication_rule_not_created_with_linked_active_publications_for_same_template" computerName="DESKTOP-F6SKA47" duration="00:00:25.0656811" startTime="2021-12-16T16:27:15.3758827+03:00" endTime="2021-12-16T16:27:15.3758914+03:00" testType="13cdc9d9-ddb5-4fa4-a97d-d965ccfc6d4b" outcome="Passed" testListId="8c84fa94-04c1-424b-9868-57a2d4851a1d" relativeResultsDirectory="0f06fe3d-84e5-4d38-8e0a-600ab7b9104d">
      <Output>
        <StdOut>SCENARIO: Vacancy publication rule not created with linked active publications for same template&#xD;
  STEP 1/11: GIVEN a company...&#xD;
  STEP 1/11: GIVEN a company (Passed after 284ms)&#xD;
  STEP 2/11: AND the authenticated user...&#xD;
  STEP 2/11: AND the authenticated user (Passed after 450ms)&#xD;
  STEP 3/11: AND the vacancy in the company...&#xD;
  STEP 3/11: AND the vacancy in the company (Passed after 251ms)&#xD;
  STEP 4/11: AND request with hh publication...&#xD;
  STEP 4/11: AND request with hh publication (Passed after 652ms)&#xD;
  STEP 5/11: AND hh account...&#xD;
  STEP 5/11: AND hh account (Passed after 95ms)&#xD;
  STEP 6/11: AND hh publication template...&#xD;
  STEP 6/11: AND hh publication template (Passed after 95ms)&#xD;
  STEP 7/11: AND existing active hh publication...&#xD;
  STEP 7/11: AND existing active hh publication (Passed after 177ms)&#xD;
  STEP 8/11: AND active hh publication rule with max publications count [maxPublicationsCount: "100"]...&#xD;
  STEP 8/11: AND active hh publication rule with max publications count [maxPublicationsCount: "100"] (Passed after 14s 257ms)&#xD;
  STEP 9/11: WHEN vacancy publication rule is triggered...&#xD;
  STEP 9/11: WHEN vacancy publication rule is triggered (Passed after 5s 841ms)&#xD;
  STEP 10/11: THEN publication is successfully processed...&#xD;
  STEP 10/11: THEN publication is successfully processed (Passed after 59ms)&#xD;
  STEP 11/11: AND rule is successfully finished...&#xD;
  STEP 11/11: AND rule is successfully finished (Passed after 887ms)&#xD;
  SCENARIO RESULT: Passed after 23s 134ms</StdOut>
      </Output>
    </UnitTestResult>
    <UnitTestResult executionId="c5ed6906-1b55-45bd-80df-b7747ae170d1" testId="e9d5d265-1418-0f84-41d9-b7cc95209021" testName="Skillaz.Tests.Mongo.MongoFilterTests.Mongo_filter_converter_works(originalFilter: &quot;{ _id: \&quot;123asd\&quot; }&quot;, filterPattern: &quot;{ \&quot;_id\&quot; : 1 }&quot;)" computerName="DESKTOP-F6SKA47" duration="00:00:00.0826421" startTime="2021-12-16T16:16:29.4255096+03:00" endTime="2021-12-16T16:16:29.4255111+03:00" testType="13cdc9d9-ddb5-4fa4-a97d-d965ccfc6d4b" outcome="Passed" testListId="8c84fa94-04c1-424b-9868-57a2d4851a1d" relativeResultsDirectory="c5ed6906-1b55-45bd-80df-b7747ae170d1" />
    <UnitTestResult executionId="b45d9280-5d23-4fa6-b111-6e87e99e6e71" testId="0f238917-6d54-acd7-c8ab-7da2dc1577a5" testName="Skillaz.Tests.Assessment.Interviews.QuizInterview_feature.Getting_a_quiz_interview_result" computerName="DESKTOP-F6SKA47" duration="00:00:11.6411567" startTime="2021-12-16T16:29:14.5854838+03:00" endTime="2021-12-16T16:29:14.5854879+03:00" testType="13cdc9d9-ddb5-4fa4-a97d-d965ccfc6d4b" outcome="Passed" testListId="8c84fa94-04c1-424b-9868-57a2d4851a1d" relativeResultsDirectory="b45d9280-5d23-4fa6-b111-6e87e99e6e71">
      <Output>
        <StdOut>SCENARIO: Getting a quiz interview result&#xD;
  STEP 1/5: GIVEN a candidate in a vacancy in a company...&#xD;
  STEP 1/5: GIVEN a candidate in a vacancy in a company (Passed after 2s 629ms)&#xD;
  STEP 2/5: AND the authenticated user...&#xD;
  STEP 2/5: AND the authenticated user (Passed after 892ms)&#xD;
  STEP 3/5: AND the interview...&#xD;
  STEP 3/5: AND the interview (Passed after 2s 360ms)&#xD;
  STEP 4/5: WHEN a quiz interview result is requested...&#xD;
  STEP 4/5: WHEN a quiz interview result is requested (Passed after 4s 414ms)&#xD;
  STEP 5/5: THEN a quiz interview result should be retrieved...&#xD;
  STEP 5/5: THEN a quiz interview result should be retrieved (Passed after 9ms)&#xD;
  SCENARIO RESULT: Passed after 10s 327ms</StdOut>
      </Output>
    </UnitTestResult>
    <UnitTestResult executionId="82e803a8-c63f-4201-850b-f2e8b4be9891" testId="914b3e56-e069-0002-bff7-18cb3ce2e69a" testName="Skillaz.Tests.Authorization.LoginCommand_feature.Do_incorrect_login_by_email_ensure_wrong_credentials_exceptions_throws" computerName="DESKTOP-F6SKA47" duration="00:00:01.7698805" startTime="2021-12-16T16:24:37.6585677+03:00" endTime="2021-12-16T16:24:37.6585697+03:00" testType="13cdc9d9-ddb5-4fa4-a97d-d965ccfc6d4b" outcome="Passed" testListId="8c84fa94-04c1-424b-9868-57a2d4851a1d" relativeResultsDirectory="82e803a8-c63f-4201-850b-f2e8b4be9891">
      <Output>
        <StdOut>SCENARIO: Do incorrect login by email ensure wrong credentials exceptions throws&#xD;
  STEP 1/4: GIVEN a company...&#xD;
  STEP 1/4: GIVEN a company (Passed after 268ms)&#xD;
  STEP 2/4: AND a user...&#xD;
  STEP 2/4: AND a user (Passed after 628ms)&#xD;
  STEP 3/4: WHEN doing a failing login "v.pupkin@skillaz.co" attempt...&#xD;
  STEP 3/4: WHEN doing a failing login "v.pupkin@skillaz.co" attempt (Passed after 319ms)&#xD;
  STEP 4/4: THEN ensure it is wrong credentials exception...&#xD;
  STEP 4/4: THEN ensure it is wrong credentials exception (Passed after &lt;1ms)&#xD;
  SCENARIO RESULT: Passed after 1s 232ms</StdOut>
      </Output>
    </UnitTestResult>
    <UnitTestResult executionId="48e30a1f-f730-45c2-ad13-a097046acb47" testId="2a3f5311-a4b1-fa05-37cd-a3685ec8782e" testName="Skillaz.Tests.HH.HHApiClient_feature.HH_API_client_fails_to_create_without_company_employer_access" computerName="DESKTOP-F6SKA47" duration="00:00:11.6961443" startTime="2021-12-16T16:23:05.7510364+03:00" endTime="2021-12-16T16:23:05.7510397+03:00" testType="13cdc9d9-ddb5-4fa4-a97d-d965ccfc6d4b" outcome="Passed" testListId="8c84fa94-04c1-424b-9868-57a2d4851a1d" relativeResultsDirectory="48e30a1f-f730-45c2-ad13-a097046acb47">
      <Output>
        <StdOut>SCENARIO: HH API client fails to create without company employer access&#xD;
  STEP 1/5: GIVEN a company with allowed employers...&#xD;
  STEP 1/5: GIVEN a company with allowed employers (Passed after 401ms)&#xD;
  STEP 2/5: AND the authenticated user...&#xD;
  STEP 2/5: AND the authenticated user (Passed after 482ms)&#xD;
  STEP 3/5: AND valid hh account with disallowed employer...&#xD;
  STEP 3/5: AND valid hh account with disallowed employer (Passed after 327ms)&#xD;
  STEP 4/5: WHEN api client is requested...&#xD;
  STEP 4/5: WHEN api client is requested (Passed after 6s 952ms)&#xD;
  STEP 5/5: THEN api client fails to create with business exception...&#xD;
  STEP 5/5: THEN api client fails to create with business exception (Passed after &lt;1ms)&#xD;
  SCENARIO RESULT: Passed after 8s 168ms</StdOut>
      </Output>
    </UnitTestResult>
    <UnitTestResult executionId="0fa5123a-6c3c-4a2a-ab46-c7f192f3630d" testId="842d2a24-b59d-d6ac-60f0-e726f812dce5" testName="Skillaz.Tests.SupportChats.SupportChats_feature.Receive_message_attachment_links" computerName="DESKTOP-F6SKA47" duration="00:00:11.0629139" startTime="2021-12-16T16:23:58.0939007+03:00" endTime="2021-12-16T16:23:58.0939064+03:00" testType="13cdc9d9-ddb5-4fa4-a97d-d965ccfc6d4b" outcome="Passed" testListId="8c84fa94-04c1-424b-9868-57a2d4851a1d" relativeResultsDirectory="0fa5123a-6c3c-4a2a-ab46-c7f192f3630d">
      <Output>
        <StdOut>SCENARIO: Receive message attachment links&#xD;
  STEP 1/6: GIVEN a company...&#xD;
  STEP 1/6: GIVEN a company (Passed after 663ms)&#xD;
  STEP 2/6: AND the authenticated user...&#xD;
  STEP 2/6: AND the authenticated user (Passed after 1s 039ms)&#xD;
  STEP 3/6: AND an agent...&#xD;
  STEP 3/6: AND an agent (Passed after 517ms)&#xD;
  STEP 4/6: AND an active chat with messages...&#xD;
  STEP 4/6: AND an active chat with messages (Passed after 609ms)&#xD;
  STEP 5/6: WHEN user requests attachment links...&#xD;
  STEP 5/6: WHEN user requests attachment links (Passed after 4s 831ms)&#xD;
  STEP 6/6: THEN correct attachment links returned...&#xD;
  STEP 6/6: THEN correct attachment links returned (Passed after 877ms)&#xD;
  SCENARIO RESULT: Passed after 8s 664ms</StdOut>
      </Output>
    </UnitTestResult>
    <UnitTestResult executionId="8885b9c8-6bcc-411c-833e-dff87fc87c60" testId="019b787c-88b2-9680-3a7b-9251d2235f77" testName="Skillaz.Tests.CompanySpecific.X5.Naumen.NaumenSlaTests.Sla_calculates_correctly_for_next_day(candidateTimeZone: 12, sla: 02:00:00, startDate: 2019-12-31T21:00:00.0000000Z, truth: [NaumenTimeRange { From = &quot;2020-01-01 07:00:00&quot;, To = &quot;2020-01-01 09:00:00&quot; }])" computerName="DESKTOP-F6SKA47" duration="00:00:00.0000279" startTime="2021-12-16T16:16:29.3797671+03:00" endTime="2021-12-16T16:16:29.3797677+03:00" testType="13cdc9d9-ddb5-4fa4-a97d-d965ccfc6d4b" outcome="Passed" testListId="8c84fa94-04c1-424b-9868-57a2d4851a1d" relativeResultsDirectory="8885b9c8-6bcc-411c-833e-dff87fc87c60" />
    <UnitTestResult executionId="c97c85af-1c74-4357-bbf0-aa330cb6b021" testId="695a69c9-264c-d1c5-2032-535ef4bf39f9" testName="Skillaz.Tests.CompanySpecific.X5.Naumen.NaumenSlaTests.Sla_calculates_correctly_for_split_days(candidateTimeZone: 2, sla: 05:00:00, startDate: 2019-12-31T15:30:00.0000000Z, truth: [NaumenTimeRange { From = &quot;2019-12-31 18:30:00&quot;, To = &quot;2019-12-31 21:00:00&quot; }, NaumenTimeRange { From = &quot;2020-01-01 10:00:00&quot;, To = &quot;2020-01-01 12:30:00&quot; }])" computerName="DESKTOP-F6SKA47" duration="00:00:00.0000652" startTime="2021-12-16T16:16:28.9137505+03:00" endTime="2021-12-16T16:16:28.9137522+03:00" testType="13cdc9d9-ddb5-4fa4-a97d-d965ccfc6d4b" outcome="Passed" testListId="8c84fa94-04c1-424b-9868-57a2d4851a1d" relativeResultsDirectory="c97c85af-1c74-4357-bbf0-aa330cb6b021" />
    <UnitTestResult executionId="47392a5f-4b41-4a09-aa15-58a727b1bfc0" testId="8e60c4c2-aff8-b384-4ac2-06f419a719a5" testName="Skillaz.Tests.Candidate.DashboardReports.DashboardReport_feature.FunnelReport_insert" computerName="DESKTOP-F6SKA47" duration="00:00:07.1336061" startTime="2021-12-16T16:24:13.6532987+03:00" endTime="2021-12-16T16:24:13.6533002+03:00" testType="13cdc9d9-ddb5-4fa4-a97d-d965ccfc6d4b" outcome="Passed" testListId="8c84fa94-04c1-424b-9868-57a2d4851a1d" relativeResultsDirectory="47392a5f-4b41-4a09-aa15-58a727b1bfc0">
      <Output>
        <StdOut>SCENARIO: FunnelReport insert&#xD;
  STEP 1/4: GIVEN a company...&#xD;
  STEP 1/4: GIVEN a company (Passed after 315ms)&#xD;
  STEP 2/4: AND the authenticated user...&#xD;
  STEP 2/4: AND the authenticated user (Passed after 784ms)&#xD;
  STEP 3/4: WHEN report is inserted...&#xD;
  STEP 3/4: WHEN report is inserted (Passed after 1s 442ms)&#xD;
  STEP 4/4: THEN report should be retrieved...&#xD;
  STEP 4/4: THEN report should be retrieved (Passed after 2s 589ms)&#xD;
  SCENARIO RESULT: Passed after 5s 341ms</StdOut>
      </Output>
    </UnitTestResult>
    <UnitTestResult executionId="60eb2d52-b7eb-4d0e-b64e-c7f1ce96ef5a" testId="6797539b-8d80-cc60-c238-75cf13f6978b" testName="Skillaz.Tests.CompanySpecific.Mvideo.MvideoArchivingHireNeeds_feature.Dont_get_a_org_item_from_open_api_so_archiving_a_hire_heed(planBefore: 5, factBefore: 3, planAfter: 0, factAfter: 0, isArchivedAfter: True)" computerName="DESKTOP-F6SKA47" duration="00:00:20.7047916" startTime="2021-12-16T16:19:59.1192119+03:00" endTime="2021-12-16T16:19:59.1192164+03:00" testType="13cdc9d9-ddb5-4fa4-a97d-d965ccfc6d4b" outcome="Passed" testListId="8c84fa94-04c1-424b-9868-57a2d4851a1d" relativeResultsDirectory="60eb2d52-b7eb-4d0e-b64e-c7f1ce96ef5a">
      <Output>
        <StdOut>SCENARIO: Dont get a org item from open api so archiving a hire heed [planBefore: "5"] [factBefore: "3"] [planAfter: "0"] [factAfter: "0"] [isArchivedAfter: "True"]&#xD;
  STEP 1/7: GIVEN a company [companyId: "mvideo"]...&#xD;
  STEP 1/7: GIVEN a company [companyId: "mvideo"] (Passed after 1s 337ms)&#xD;
  STEP 2/7: AND the authenticated user...&#xD;
  STEP 2/7: AND the authenticated user (Passed after 1s 429ms)&#xD;
  STEP 3/7: AND Given OrgUnit...&#xD;
  STEP 3/7: AND Given OrgUnit (Passed after 2s 107ms)&#xD;
  STEP 4/7: AND Given Roles...&#xD;
  STEP 4/7: AND Given Roles (Passed after 2ms)&#xD;
  STEP 5/7: AND Given HireNeed [staffCount: "5"] [employeesCount: "3"]...&#xD;
  STEP 5/7: AND Given HireNeed [staffCount: "5"] [employeesCount: "3"] (Passed after 666ms)&#xD;
  STEP 6/7: WHEN BatchUpdate [planned: "0"] [fact: "0"]...&#xD;
  STEP 6/7: WHEN BatchUpdate [planned: "0"] [fact: "0"] (Passed after 12s 733ms)&#xD;
  STEP 7/7: THEN Then check that hire need changed [planAfter: "0"] [factAfter: "0"] [isArchivedAfter: "True"]...&#xD;
  STEP 7/7: THEN Then check that hire need changed [planAfter: "0"] [factAfter: "0"] [isArchivedAfter: "True"] (Passed after 48ms)&#xD;
  SCENARIO RESULT: Passed after 18s 387ms</StdOut>
      </Output>
    </UnitTestResult>
    <UnitTestResult executionId="93e2c372-0a03-497c-998d-7e8073f7afb8" testId="7f1f7c6a-438b-16dd-82e1-7fe3431d0a7e" testName="Skillaz.Tests.Candidate.Users.CandidateAttachRequest_feature.Check_candidate_attach_to_request" computerName="DESKTOP-F6SKA47" duration="00:00:15.0478298" startTime="2021-12-16T16:25:29.6697963+03:00" endTime="2021-12-16T16:25:29.6697989+03:00" testType="13cdc9d9-ddb5-4fa4-a97d-d965ccfc6d4b" outcome="Passed" testListId="8c84fa94-04c1-424b-9868-57a2d4851a1d" relativeResultsDirectory="93e2c372-0a03-497c-998d-7e8073f7afb8">
      <Output>
        <StdOut>SCENARIO: Check candidate attach to request&#xD;
  STEP 1/7: GIVEN an enterprise company...&#xD;
  STEP 1/7: GIVEN an enterprise company (Passed after 995ms)&#xD;
  STEP 2/7: AND the authenticated user...&#xD;
  STEP 2/7: AND the authenticated user (Passed after 5s 162ms)&#xD;
  STEP 3/7: AND the vacancy in the company...&#xD;
  STEP 3/7: AND the vacancy in the company (Passed after 2s 715ms)&#xD;
  STEP 4/7: AND the request in the company...&#xD;
  STEP 4/7: AND the request in the company (Passed after 384ms)&#xD;
  STEP 5/7: AND the candidate in the company and vacancy...&#xD;
  STEP 5/7: AND the candidate in the company and vacancy (Passed after 330ms)&#xD;
  STEP 6/7: WHEN candidate attach to request...&#xD;
  STEP 6/7: WHEN candidate attach to request (Passed after 5s 117ms)&#xD;
  STEP 7/7: THEN candidate exists by request...&#xD;
  STEP 7/7: THEN candidate exists by request (Passed after 50ms)&#xD;
  SCENARIO RESULT: Passed after 14s 805ms</StdOut>
      </Output>
    </UnitTestResult>
    <UnitTestResult executionId="00824d31-7625-42c7-94c7-4d453d667ec9" testId="1214229a-a144-3ca5-0303-4f435f3dc35f" testName="Skillaz.Tests.DocumentModels.ViewModels.DocumentModelToModelFeature.Проверка_заполнения_полей_text" computerName="DESKTOP-F6SKA47" duration="00:00:01.7365031" startTime="2021-12-16T16:18:38.3212382+03:00" endTime="2021-12-16T16:18:38.3212418+03:00" testType="13cdc9d9-ddb5-4fa4-a97d-d965ccfc6d4b" outcome="Passed" testListId="8c84fa94-04c1-424b-9868-57a2d4851a1d" relativeResultsDirectory="00824d31-7625-42c7-94c7-4d453d667ec9">
      <Output>
        <StdOut>SCENARIO: Проверка заполнения полей text&#xD;
  STEP 1/4: Подготовить данные для теста...&#xD;
  STEP 1/4: Подготовить данные для теста (Passed after 387ms)&#xD;
  STEP 2/4: Load city and region references...&#xD;
  STEP 2/4: Load city and region references (Passed after 628ms)&#xD;
  STEP 3/4: Заполнить модель...&#xD;
  STEP 3/4: Заполнить модель (Passed after 79ms)&#xD;
  STEP 4/4: Проверить что поля правильно заполнены...&#xD;
  STEP 4/4: Проверить что поля правильно заполнены (Passed after 196ms)&#xD;
  SCENARIO RESULT: Passed after 1s 347ms</StdOut>
      </Output>
    </UnitTestResult>
    <UnitTestResult executionId="361f11d1-70f7-4abd-bed9-c0bea69b39cd" testId="cd484aa6-bf43-513f-3026-23853ddcd2b2" testName="Skillaz.Tests.TaskTracker.TaskVacancyFilter_feature.Task_is_created_if_vacancy_is_matched_by_vacancy_filter_loaded_from_configuration" computerName="DESKTOP-F6SKA47" duration="00:00:08.2752431" startTime="2021-12-16T16:24:04.5585305+03:00" endTime="2021-12-16T16:24:04.5585335+03:00" testType="13cdc9d9-ddb5-4fa4-a97d-d965ccfc6d4b" outcome="Passed" testListId="8c84fa94-04c1-424b-9868-57a2d4851a1d" relativeResultsDirectory="361f11d1-70f7-4abd-bed9-c0bea69b39cd">
      <Output>
        <StdOut>SCENARIO: Task is created if vacancy is matched by vacancy filter loaded from configuration&#xD;
  STEP 1/9: GIVEN a company...&#xD;
  STEP 1/9: GIVEN a company (Passed after 538ms)&#xD;
  STEP 2/9: AND the authenticated user...&#xD;
  STEP 2/9: AND the authenticated user (Passed after 1s 026ms)&#xD;
  STEP 3/9: AND the client configuration for company...&#xD;
  STEP 3/9: AND the client configuration for company (Passed after 1s 470ms)&#xD;
  STEP 4/9: AND a candidate in a vacancy...&#xD;
  STEP 4/9: AND a candidate in a vacancy (Passed after 1s 186ms)&#xD;
  STEP 5/9: AND vacancy filter configuration...&#xD;
  STEP 5/9: AND vacancy filter configuration (Passed after 553ms)&#xD;
  STEP 6/9: AND task tracker configuration with vacancy test field filter...&#xD;
  STEP 6/9: AND task tracker configuration with vacancy test field filter (Passed after 659ms)&#xD;
  STEP 7/9: WHEN vacancy test field is to match by filter...&#xD;
  STEP 7/9: WHEN vacancy test field is to match by filter (Passed after 678ms)&#xD;
  STEP 8/9: AND candidate state changed...&#xD;
  STEP 8/9: AND candidate state changed (Passed after 1s 031ms)&#xD;
  STEP 9/9: THEN task is created for candidate...&#xD;
  STEP 9/9: THEN task is created for candidate (Passed after 142ms)&#xD;
  SCENARIO RESULT: Passed after 7s 424ms</StdOut>
      </Output>
    </UnitTestResult>
    <UnitTestResult executionId="a390a441-6f01-4f01-933a-d04d1f3fc0bc" testId="39bbe88c-a5a1-69b6-0e18-a75bb02edd6c" testName="Skillaz.Tests.CompanySpecific.X5.Naumen.NaumenSlaTests.Sla_calculates_correctly_within_one_day(candidateTimeZone: 5, sla: 03:00:00, startDate: 2019-12-31T12:00:00.0000000Z, truth: [NaumenTimeRange { From = &quot;2019-12-31 15:00:00&quot;, To = &quot;2019-12-31 18:00:00&quot; }])" computerName="DESKTOP-F6SKA47" duration="00:00:00.0000378" startTime="2021-12-16T16:16:28.9123980+03:00" endTime="2021-12-16T16:16:28.9123985+03:00" testType="13cdc9d9-ddb5-4fa4-a97d-d965ccfc6d4b" outcome="Passed" testListId="8c84fa94-04c1-424b-9868-57a2d4851a1d" relativeResultsDirectory="a390a441-6f01-4f01-933a-d04d1f3fc0bc" />
    <UnitTestResult executionId="f2507465-0f4d-4e2e-9a4e-928196c948c6" testId="86f8b240-ee14-84ee-a4a1-f8be955e002b" testName="Skillaz.Tests.Configurator.DocumentModel.JobOfferConfiguratorDataType_feature.JobOfferConfiguratorDataType_default_value" computerName="DESKTOP-F6SKA47" duration="00:00:09.7321244" startTime="2021-12-16T16:26:40.9411174+03:00" endTime="2021-12-16T16:26:40.9411198+03:00" testType="13cdc9d9-ddb5-4fa4-a97d-d965ccfc6d4b" outcome="Passed" testListId="8c84fa94-04c1-424b-9868-57a2d4851a1d" relativeResultsDirectory="f2507465-0f4d-4e2e-9a4e-928196c948c6">
      <Output>
        <StdOut>SCENARIO: JobOfferConfiguratorDataType default value&#xD;
  STEP 1/9: GIVEN a company...&#xD;
  STEP 1/9: GIVEN a company (Passed after 840ms)&#xD;
  STEP 2/9: AND the authenticated user...&#xD;
  STEP 2/9: AND the authenticated user (Passed after 948ms)&#xD;
  STEP 3/9: AND the applied configuration of the job offer...&#xD;
  STEP 3/9: AND the applied configuration of the job offer (Passed after 339ms)&#xD;
  STEP 4/9: AND the applied configuration of the candidate check which uses default value...&#xD;
  STEP 4/9: AND the applied configuration of the candidate check which uses default value (Passed after 31ms)&#xD;
  STEP 5/9: AND the applied configuration of the funnel with candidate check and job offer...&#xD;
  STEP 5/9: AND the applied configuration of the funnel with candidate check and job offer (Passed after 249ms)&#xD;
  STEP 6/9: AND the vacancy and candidate created...&#xD;
  STEP 6/9: AND the vacancy and candidate created (Passed after 764ms)&#xD;
  STEP 7/9: WHEN the candidate status changed to create a job offer...&#xD;
  STEP 7/9: WHEN the candidate status changed to create a job offer (Passed after 2s 686ms)&#xD;
  STEP 8/9: AND the candidate check started...&#xD;
  STEP 8/9: AND the candidate check started (Passed after 2s 616ms)&#xD;
  STEP 9/9: THEN default value in then candidate check is set...&#xD;
  STEP 9/9: THEN default value in then candidate check is set (Passed after 9ms)&#xD;
  SCENARIO RESULT: Passed after 8s 495ms</StdOut>
      </Output>
    </UnitTestResult>
    <UnitTestResult executionId="976c9181-d2c3-4d0f-9b76-93c62f1ed9dd" testId="2b907b0e-915d-4c47-1f14-cad0fe768f23" testName="Skillaz.Tests.CompanySpecific.Perekrestok.PerekrestokOrgUnitOpenApiManagement_feature.Create_orgunit_with_api" computerName="DESKTOP-F6SKA47" duration="00:00:09.8316553" startTime="2021-12-16T16:25:35.4920906+03:00" endTime="2021-12-16T16:25:35.4920929+03:00" testType="13cdc9d9-ddb5-4fa4-a97d-d965ccfc6d4b" outcome="Passed" testListId="8c84fa94-04c1-424b-9868-57a2d4851a1d" relativeResultsDirectory="976c9181-d2c3-4d0f-9b76-93c62f1ed9dd">
      <Output>
        <StdOut>SCENARIO: Create orgunit with api&#xD;
  STEP 1/4: GIVEN Given a company [companyId: "PerekrestokCompany"]...&#xD;
  STEP 1/4: GIVEN Given a company [companyId: "PerekrestokCompany"] (Passed after 146ms)&#xD;
  STEP 2/4: AND Given the authenticated api user...&#xD;
  STEP 2/4: AND Given the authenticated api user (Passed after 1s 789ms)&#xD;
  STEP 3/4: WHEN When open api batch update with orgunit is processed [orgUnitExternalId: "NewOrgUnitId"]...&#xD;
  STEP 3/4: WHEN When open api batch update with orgunit is processed [orgUnitExternalId: "NewOrgUnitId"] (Passed after 2s 671ms)&#xD;
  STEP 4/4: THEN Then orgunit should be created...&#xD;
  STEP 4/4: THEN Then orgunit should be created (Passed after 32ms)&#xD;
  SCENARIO RESULT: Passed after 6s 320ms</StdOut>
      </Output>
    </UnitTestResult>
    <UnitTestResult executionId="42d82b95-483d-4fcb-bfc7-cf2374ae1f97" testId="019b787c-88b2-9680-3a7b-9251d2235f77" testName="Skillaz.Tests.CompanySpecific.X5.Naumen.NaumenSlaTests.Sla_calculates_correctly_for_next_day(candidateTimeZone: 7, sla: 02:00:00, startDate: 2019-12-31T22:30:00.0000000Z, truth: [NaumenTimeRange { From = &quot;2020-01-01 07:00:00&quot;, To = &quot;2020-01-01 09:00:00&quot; }])" computerName="DESKTOP-F6SKA47" duration="00:00:00.0000366" startTime="2021-12-16T16:16:29.2889072+03:00" endTime="2021-12-16T16:16:29.2889131+03:00" testType="13cdc9d9-ddb5-4fa4-a97d-d965ccfc6d4b" outcome="Passed" testListId="8c84fa94-04c1-424b-9868-57a2d4851a1d" relativeResultsDirectory="42d82b95-483d-4fcb-bfc7-cf2374ae1f97" />
    <UnitTestResult executionId="fa6090eb-b27e-4106-862f-feb52b70476d" testId="1aafffcd-3ae6-d69a-1a26-263533fe5c7f" testName="Skillaz.Tests.OrgUnit.OrgUnitExternalIdTests.Test_vacancy_create_with_existed_externalId" computerName="DESKTOP-F6SKA47" duration="00:00:00.0010000" startTime="2021-12-16T16:24:39.2905380+03:00" endTime="2021-12-16T16:24:39.2905398+03:00" testType="13cdc9d9-ddb5-4fa4-a97d-d965ccfc6d4b" outcome="NotExecuted" testListId="8c84fa94-04c1-424b-9868-57a2d4851a1d" relativeResultsDirectory="fa6090eb-b27e-4106-862f-feb52b70476d">
      <Output>
        <StdOut>Нужно переделать этап Given_dm_configuration, не завязываться на авилон</StdOut>
      </Output>
    </UnitTestResult>
    <UnitTestResult executionId="49e7c5f4-ca80-4b68-be40-78b513769dde" testId="d990c056-19fc-0456-774e-f5c00df92000" testName="Skillaz.Tests.AsyncEnumerable.AsyncEnumerableTests.First_or_default_works_for_async_enumerable" computerName="DESKTOP-F6SKA47" duration="00:00:01.3944429" startTime="2021-12-16T16:16:31.3317618+03:00" endTime="2021-12-16T16:16:31.3317674+03:00" testType="13cdc9d9-ddb5-4fa4-a97d-d965ccfc6d4b" outcome="Passed" testListId="8c84fa94-04c1-424b-9868-57a2d4851a1d" relativeResultsDirectory="49e7c5f4-ca80-4b68-be40-78b513769dde" />
    <UnitTestResult executionId="64b86cdb-8826-4a88-a4ba-bf52c1df57f2" testId="e34e43da-9466-8a26-567e-4cbe47a492c2" testName="Skillaz.Tests.Telephony.CallList_ExtendFilter_feature.CheckMixedFilterIncludeAndExcludeAnd" computerName="DESKTOP-F6SKA47" duration="00:00:04.3595800" startTime="2021-12-16T16:27:23.4798275+03:00" endTime="2021-12-16T16:27:23.4798295+03:00" testType="13cdc9d9-ddb5-4fa4-a97d-d965ccfc6d4b" outcome="Passed" testListId="8c84fa94-04c1-424b-9868-57a2d4851a1d" relativeResultsDirectory="64b86cdb-8826-4a88-a4ba-bf52c1df57f2">
      <Output>
        <StdOut>SCENARIO: CheckMixedFilterIncludeAndExcludeAnd&#xD;
  STEP 1/8: GIVEN Given a company...&#xD;
  STEP 1/8: GIVEN Given a company (Passed after 224ms)&#xD;
  STEP 2/8: AND Given the authenticated user...&#xD;
  STEP 2/8: AND Given the authenticated user (Passed after 413ms)&#xD;
  STEP 3/8: AND Given a vacancy...&#xD;
  STEP 3/8: AND Given a vacancy (Passed after 411ms)&#xD;
  STEP 4/8: AND Given a candidates...&#xD;
  STEP 4/8: AND Given a candidates (Passed after 352ms)&#xD;
  STEP 5/8: AND Given outgoing campaign...&#xD;
  STEP 5/8: AND Given outgoing campaign (Passed after 451ms)&#xD;
  STEP 6/8: WHEN CreateSimpleExtendFilter [include: "(All, System.String[])"] [exclude: "(All, System.String[])"]...&#xD;
  STEP 6/8: WHEN CreateSimpleExtendFilter [include: "(All, System.String[])"] [exclude: "(All, System.String[])"] (Passed after 422ms)&#xD;
  STEP 7/8: AND When candidates requested using advanced filter...&#xD;
  STEP 7/8: AND When candidates requested using advanced filter (Passed after 840ms)&#xD;
  STEP 8/8: THEN Then candidates count "1" correct...&#xD;
  STEP 8/8: THEN Then candidates count "1" correct (Passed after 1ms)&#xD;
  SCENARIO RESULT: Passed after 3s 137ms</StdOut>
      </Output>
    </UnitTestResult>
    <UnitTestResult executionId="b5c4d561-4947-4898-9784-3ddf729ffe33" testId="569db4e7-cbdf-4254-fcfc-b85641eb8cb9" testName="Skillaz.Tests.CompanySpecific.Megafon.MegafonDeduplication_feature.DuplicateByPhoneFilterTest" computerName="DESKTOP-F6SKA47" duration="00:00:06.8380668" startTime="2021-12-16T16:21:57.7298225+03:00" endTime="2021-12-16T16:21:57.7298305+03:00" testType="13cdc9d9-ddb5-4fa4-a97d-d965ccfc6d4b" outcome="Passed" testListId="8c84fa94-04c1-424b-9868-57a2d4851a1d" relativeResultsDirectory="b5c4d561-4947-4898-9784-3ddf729ffe33">
      <Output>
        <StdOut>SCENARIO: DuplicateByPhoneFilterTest&#xD;
  STEP 1/8: GIVEN a company...&#xD;
  STEP 1/8: GIVEN a company (Passed after 344ms)&#xD;
  STEP 2/8: AND the authenticated user...&#xD;
  STEP 2/8: AND the authenticated user (Passed after 2s 116ms)&#xD;
  STEP 3/8: AND megafon user...&#xD;
  STEP 3/8: AND megafon user (Passed after 2ms)&#xD;
  STEP 4/8: AND the vacancy in the company...&#xD;
  STEP 4/8: AND the vacancy in the company (Passed after 1s 145ms)&#xD;
  STEP 5/8: AND candidate on vacancy...&#xD;
  STEP 5/8: AND candidate on vacancy (Passed after 1s 004ms)&#xD;
  STEP 6/8: AND duplicate by phoneNumber...&#xD;
  STEP 6/8: AND duplicate by phoneNumber (Passed after 1ms)&#xD;
  STEP 7/8: WHEN candidates are filtered...&#xD;
  STEP 7/8: WHEN candidates are filtered (Passed after 487ms)&#xD;
  STEP 8/8: THEN found duplicate should be not null...&#xD;
  STEP 8/8: THEN found duplicate should be not null (Passed after 1ms)&#xD;
  SCENARIO RESULT: Passed after 5s 109ms</StdOut>
      </Output>
    </UnitTestResult>
    <UnitTestResult executionId="4806e2c4-d89d-466f-b8b1-f08a137602f2" testId="ab7b73d3-3825-a56c-9ede-874d6df5bc97" testName="Skillaz.Tests.Assessment.Questionnaires.SelfEntryQuestionnaire_feature.Updating_period_a_self_entry_questionnaire" computerName="DESKTOP-F6SKA47" duration="00:00:05.8672181" startTime="2021-12-16T16:26:39.4462076+03:00" endTime="2021-12-16T16:26:39.4462099+03:00" testType="13cdc9d9-ddb5-4fa4-a97d-d965ccfc6d4b" outcome="Passed" testListId="8c84fa94-04c1-424b-9868-57a2d4851a1d" relativeResultsDirectory="4806e2c4-d89d-466f-b8b1-f08a137602f2">
      <Output>
        <StdOut>SCENARIO: Updating period a self entry questionnaire&#xD;
  STEP 1/5: GIVEN a company...&#xD;
  STEP 1/5: GIVEN a company (Passed after 367ms)&#xD;
  STEP 2/5: AND the authenticated user...&#xD;
  STEP 2/5: AND the authenticated user (Passed after 741ms)&#xD;
  STEP 3/5: AND the self entry questionnaire [timeSlotSource: "HireRequest"]...&#xD;
  STEP 3/5: AND the self entry questionnaire [timeSlotSource: "HireRequest"] (Passed after 351ms)&#xD;
  STEP 4/5: WHEN quiz questionnaire is updated...&#xD;
  STEP 4/5: WHEN quiz questionnaire is updated (Passed after 3s 892ms)&#xD;
  STEP 5/5: THEN self entry questionnaire should be updated...&#xD;
  STEP 5/5: THEN self entry questionnaire should be updated (Passed after 213ms)&#xD;
  SCENARIO RESULT: Passed after 5s 577ms</StdOut>
      </Output>
    </UnitTestResult>
    <UnitTestResult executionId="4da5cc2b-610d-4cd3-bce8-5b751e5f3022" testId="dd32c36c-ae59-99d2-c946-e56e98d314b3" testName="Skillaz.Tests.Notifications.SendSimpleWhatsAppMessage_feature.SendMessageByVariableVacancyName(phoneNumber: &quot;+7952561111&quot;)" computerName="DESKTOP-F6SKA47" duration="00:00:16.6456548" startTime="2021-12-16T16:30:05.0475044+03:00" endTime="2021-12-16T16:30:05.0475066+03:00" testType="13cdc9d9-ddb5-4fa4-a97d-d965ccfc6d4b" outcome="Passed" testListId="8c84fa94-04c1-424b-9868-57a2d4851a1d" relativeResultsDirectory="4da5cc2b-610d-4cd3-bce8-5b751e5f3022">
      <Output>
        <StdOut>SCENARIO: SendMessageByVariableVacancyName [phoneNumber: "+7952561111"]&#xD;
  STEP 1/5: GIVEN a company...&#xD;
  STEP 1/5: GIVEN a company (Passed after 170ms)&#xD;
  STEP 2/5: AND the authenticated user...&#xD;
  STEP 2/5: AND the authenticated user (Passed after 2s 082ms)&#xD;
  STEP 3/5: Add Additional Data...&#xD;
  STEP 3/5: Add Additional Data (Passed after 2s 554ms)&#xD;
  STEP 4/5: WHEN SendMessage [phoneNumber: "+7952561111"]...&#xD;
  STEP 4/5: WHEN SendMessage [phoneNumber: "+7952561111"] (Passed after 737ms)&#xD;
  STEP 5/5: THEN Check Db WithData [phoneNumber: "+7952561111"]...&#xD;
  STEP 5/5: THEN Check Db WithData [phoneNumber: "+7952561111"] (Passed after 141ms)&#xD;
  SCENARIO RESULT: Passed after 5s 696ms</StdOut>
      </Output>
    </UnitTestResult>
    <UnitTestResult executionId="42ab706a-2a30-421a-a28d-9f059a2cd64e" testId="39bbe88c-a5a1-69b6-0e18-a75bb02edd6c" testName="Skillaz.Tests.CompanySpecific.X5.Naumen.NaumenSlaTests.Sla_calculates_correctly_within_one_day(candidateTimeZone: 4, sla: 07:00:00, startDate: 2019-12-31T09:00:00.0000000Z, truth: [NaumenTimeRange { From = &quot;2019-12-31 12:00:00&quot;, To = &quot;2019-12-31 19:00:00&quot; }])" computerName="DESKTOP-F6SKA47" duration="00:00:00.0000397" startTime="2021-12-16T16:16:28.9079403+03:00" endTime="2021-12-16T16:16:28.9079407+03:00" testType="13cdc9d9-ddb5-4fa4-a97d-d965ccfc6d4b" outcome="Passed" testListId="8c84fa94-04c1-424b-9868-57a2d4851a1d" relativeResultsDirectory="42ab706a-2a30-421a-a28d-9f059a2cd64e" />
    <UnitTestResult executionId="98182a65-5205-42f4-9dc3-95d1350dc778" testId="019b787c-88b2-9680-3a7b-9251d2235f77" testName="Skillaz.Tests.CompanySpecific.X5.Naumen.NaumenSlaTests.Sla_calculates_correctly_for_next_day(candidateTimeZone: 10, sla: 02:00:00, startDate: 2019-12-31T12:30:00.0000000Z, truth: [NaumenTimeRange { From = &quot;2020-01-01 07:00:00&quot;, To = &quot;2020-01-01 09:00:00&quot; }])" computerName="DESKTOP-F6SKA47" duration="00:00:00.0000417" startTime="2021-12-16T16:16:29.3282596+03:00" endTime="2021-12-16T16:16:29.3282600+03:00" testType="13cdc9d9-ddb5-4fa4-a97d-d965ccfc6d4b" outcome="Passed" testListId="8c84fa94-04c1-424b-9868-57a2d4851a1d" relativeResultsDirectory="98182a65-5205-42f4-9dc3-95d1350dc778" />
    <UnitTestResult executionId="76217251-331f-48f4-9326-e47a1600c3cd" testId="576c76a8-3008-7dbd-589e-61d06494cf33" testName="Skillaz.Tests.OpenApi.ObjectHashHelperTest.Unite(source: [[a, 1], [b, aa], [c, 10]], update: [[b, bb], [c, 10]], expected: [[a, 1], [b, bb], [c, 10]])" computerName="DESKTOP-F6SKA47" duration="00:00:00.0000247" startTime="2021-12-16T16:16:28.8525204+03:00" endTime="2021-12-16T16:16:28.8525209+03:00" testType="13cdc9d9-ddb5-4fa4-a97d-d965ccfc6d4b" outcome="Passed" testListId="8c84fa94-04c1-424b-9868-57a2d4851a1d" relativeResultsDirectory="76217251-331f-48f4-9326-e47a1600c3cd" />
    <UnitTestResult executionId="a68c0662-3bd6-42fa-b2ba-40c199f9da95" testId="234c0ba9-a3a7-a40a-69c7-b8898626edab" testName="Skillaz.Tests.OpenApi.CreateNewCandidate_feature.Candidate_duplicate_not_returned" computerName="DESKTOP-F6SKA47" duration="00:00:12.9320616" startTime="2021-12-16T16:26:18.8421135+03:00" endTime="2021-12-16T16:26:18.8421175+03:00" testType="13cdc9d9-ddb5-4fa4-a97d-d965ccfc6d4b" outcome="Passed" testListId="8c84fa94-04c1-424b-9868-57a2d4851a1d" relativeResultsDirectory="a68c0662-3bd6-42fa-b2ba-40c199f9da95">
      <Output>
        <StdOut>SCENARIO: Candidate duplicate not returned&#xD;
  STEP 1/8: GIVEN a company...&#xD;
  STEP 1/8: GIVEN a company (Passed after 158ms)&#xD;
  STEP 2/8: AND the authenticated user...&#xD;
  STEP 2/8: AND the authenticated user (Passed after 342ms)&#xD;
  STEP 3/8: AND the vacancy in the company...&#xD;
  STEP 3/8: AND the vacancy in the company (Passed after 151ms)&#xD;
  STEP 4/8: AND the request in the company...&#xD;
  STEP 4/8: AND the request in the company (Passed after 310ms)&#xD;
  STEP 5/8: AND not duplicated candidate...&#xD;
  STEP 5/8: AND not duplicated candidate (Passed after 72ms)&#xD;
  STEP 6/8: WHEN candidate with request requested...&#xD;
  STEP 6/8: WHEN candidate with request requested (Passed after 5s 448ms)&#xD;
  STEP 7/8: AND create candidate "Skillaz.OpenApi.Dto.NewCandidateOpenApiDto" requested...&#xD;
  STEP 7/8: AND create candidate "Skillaz.OpenApi.Dto.NewCandidateOpenApiDto" requested (Passed after 4s 931ms)&#xD;
  STEP 8/8: THEN there is no duplicated candidate in response...&#xD;
  STEP 8/8: THEN there is no duplicated candidate in response (Passed after 1s 051ms)&#xD;
  SCENARIO RESULT: Passed after 12s 504ms</StdOut>
      </Output>
    </UnitTestResult>
    <UnitTestResult executionId="cf0c7d89-ed1a-41a9-8b55-b8212624785e" testId="d7a40763-4246-0cc9-df11-0fbe5560c164" testName="Skillaz.Tests.CompanySpecific.Sberbank.SberPositionsTests.SberPositionCommand_should_work_as_expected(vacancyName: &quot;Специалист контактного центра&quot;, expectedPositionId: &quot;contact_center&quot;)" computerName="DESKTOP-F6SKA47" duration="00:00:00.0153633" startTime="2021-12-16T16:16:29.6754922+03:00" endTime="2021-12-16T16:16:29.6754932+03:00" testType="13cdc9d9-ddb5-4fa4-a97d-d965ccfc6d4b" outcome="Passed" testListId="8c84fa94-04c1-424b-9868-57a2d4851a1d" relativeResultsDirectory="cf0c7d89-ed1a-41a9-8b55-b8212624785e" />
    <UnitTestResult executionId="d8714d98-dba9-4704-8b05-550e4a2eb441" testId="f1448bfb-4b63-0fe8-7fa6-8c71be5943ba" testName="Skillaz.Tests.Candidate.Elastic.CandidateElasticFiltration_feature.Retrieving_a_candidate_by_existing_vacancy_id" computerName="DESKTOP-F6SKA47" duration="00:00:00.0010000" startTime="2021-12-16T16:24:39.9833274+03:00" endTime="2021-12-16T16:24:39.9833344+03:00" testType="13cdc9d9-ddb5-4fa4-a97d-d965ccfc6d4b" outcome="NotExecuted" testListId="8c84fa94-04c1-424b-9868-57a2d4851a1d" relativeResultsDirectory="d8714d98-dba9-4704-8b05-550e4a2eb441">
      <Output>
        <StdOut>You need Elasticsearch 7.5 local instance on 9200 port</StdOut>
      </Output>
    </UnitTestResult>
    <UnitTestResult executionId="d9ecc5be-76b8-4b40-b4ba-fd20bca1021e" testId="94c8d04e-6970-799d-2c57-750f6be3e268" testName="Skillaz.Tests.HH.HHCandidateHiddenContacts_feature.HH_Check_that_AutoSearch_job_ask_contacts" computerName="DESKTOP-F6SKA47" duration="00:00:19.6631781" startTime="2021-12-16T16:25:50.6639055+03:00" endTime="2021-12-16T16:25:50.6639078+03:00" testType="13cdc9d9-ddb5-4fa4-a97d-d965ccfc6d4b" outcome="Passed" testListId="8c84fa94-04c1-424b-9868-57a2d4851a1d" relativeResultsDirectory="d9ecc5be-76b8-4b40-b4ba-fd20bca1021e">
      <Output>
        <StdOut>SCENARIO: HH Check that AutoSearch job ask contacts&#xD;
  STEP 1/7: GIVEN Given a company...&#xD;
  STEP 1/7: GIVEN Given a company (Passed after 331ms)&#xD;
  STEP 2/7: AND Given the authenticated user...&#xD;
  STEP 2/7: AND Given the authenticated user (Passed after 1s 257ms)&#xD;
  STEP 3/7: AND Given HH Data...&#xD;
  STEP 3/7: AND Given HH Data (Passed after 2s 201ms)&#xD;
  STEP 4/7: AND Given HHSearchDocument [getContacts: "True"]...&#xD;
  STEP 4/7: AND Given HHSearchDocument [getContacts: "True"] (Passed after 3s 474ms)&#xD;
  STEP 5/7: WHEN When Handled Resume With AutoSearch job...&#xD;
  STEP 5/7: WHEN When Handled Resume With AutoSearch job (Passed after 10s 141ms)&#xD;
  STEP 6/7: THEN Then GetResume of HH was called [getContacts: "True"]...&#xD;
  STEP 6/7: THEN Then GetResume of HH was called [getContacts: "True"] (Passed after &lt;1ms)&#xD;
  STEP 7/7: AND Then exists candidates equals one...&#xD;
  STEP 7/7: AND Then exists candidates equals one (Passed after 2ms)&#xD;
  SCENARIO RESULT: Passed after 17s 475ms</StdOut>
      </Output>
    </UnitTestResult>
    <UnitTestResult executionId="640057aa-2107-47e1-880a-5dad97d86400" testId="019b787c-88b2-9680-3a7b-9251d2235f77" testName="Skillaz.Tests.CompanySpecific.X5.Naumen.NaumenSlaTests.Sla_calculates_correctly_for_next_day(candidateTimeZone: 3, sla: 02:00:00, startDate: 2020-01-01T04:30:00.0000000Z, truth: [NaumenTimeRange { From = &quot;2020-01-01 09:00:00&quot;, To = &quot;2020-01-01 11:00:00&quot; }])" computerName="DESKTOP-F6SKA47" duration="00:00:00.0001058" startTime="2021-12-16T16:16:29.0810355+03:00" endTime="2021-12-16T16:16:29.0810359+03:00" testType="13cdc9d9-ddb5-4fa4-a97d-d965ccfc6d4b" outcome="Passed" testListId="8c84fa94-04c1-424b-9868-57a2d4851a1d" relativeResultsDirectory="640057aa-2107-47e1-880a-5dad97d86400" />
    <UnitTestResult executionId="84c72161-e74e-46be-b36d-fb8e7970ae08" testId="019b787c-88b2-9680-3a7b-9251d2235f77" testName="Skillaz.Tests.CompanySpecific.X5.Naumen.NaumenSlaTests.Sla_calculates_correctly_for_next_day(candidateTimeZone: 2, sla: 02:00:00, startDate: 2019-12-31T22:00:00.0000000Z, truth: [NaumenTimeRange { From = &quot;2020-01-01 10:00:00&quot;, To = &quot;2020-01-01 12:00:00&quot; }])" computerName="DESKTOP-F6SKA47" duration="00:00:00.0000269" startTime="2021-12-16T16:16:29.0597530+03:00" endTime="2021-12-16T16:16:29.0597534+03:00" testType="13cdc9d9-ddb5-4fa4-a97d-d965ccfc6d4b" outcome="Passed" testListId="8c84fa94-04c1-424b-9868-57a2d4851a1d" relativeResultsDirectory="84c72161-e74e-46be-b36d-fb8e7970ae08" />
    <UnitTestResult executionId="183c7676-942a-438c-b4e9-6d1ca33084f3" testId="019b787c-88b2-9680-3a7b-9251d2235f77" testName="Skillaz.Tests.CompanySpecific.X5.Naumen.NaumenSlaTests.Sla_calculates_correctly_for_next_day(candidateTimeZone: 11, sla: 02:00:00, startDate: 2019-12-31T14:00:00.0000000Z, truth: [NaumenTimeRange { From = &quot;2020-01-01 07:00:00&quot;, To = &quot;2020-01-01 09:00:00&quot; }])" computerName="DESKTOP-F6SKA47" duration="00:00:00.0000725" startTime="2021-12-16T16:16:29.3567716+03:00" endTime="2021-12-16T16:16:29.3567722+03:00" testType="13cdc9d9-ddb5-4fa4-a97d-d965ccfc6d4b" outcome="Passed" testListId="8c84fa94-04c1-424b-9868-57a2d4851a1d" relativeResultsDirectory="183c7676-942a-438c-b4e9-6d1ca33084f3" />
    <UnitTestResult executionId="6ad122c9-5ce6-4d65-a546-4b4a3d183797" testId="82664798-de8b-1819-d4f5-14c49537d195" testName="Skillaz.Tests.CompanySpecific.Decathlon.DecathlonRecruiterSecurityProfile_feature.Getting_allowed_orguits_with_empty_scope" computerName="DESKTOP-F6SKA47" duration="00:00:06.4199889" startTime="2021-12-16T16:23:09.3930473+03:00" endTime="2021-12-16T16:23:09.3930517+03:00" testType="13cdc9d9-ddb5-4fa4-a97d-d965ccfc6d4b" outcome="Passed" testListId="8c84fa94-04c1-424b-9868-57a2d4851a1d" relativeResultsDirectory="6ad122c9-5ce6-4d65-a546-4b4a3d183797">
      <Output>
        <StdOut>SCENARIO: Getting allowed orguits with empty scope&#xD;
  STEP 1/5: GIVEN Given orgunits...&#xD;
  STEP 1/5: GIVEN Given orgunits (Passed after 763ms)&#xD;
  STEP 2/5: AND Given a company [companyId: "decathlonCompany"]...&#xD;
  STEP 2/5: AND Given a company [companyId: "decathlonCompany"] (Passed after 1s 312ms)&#xD;
  STEP 3/5: AND Given authenticated user with decathlon security profile [scopeOrgUnitId: "&lt;null&gt;"]...&#xD;
  STEP 3/5: AND Given authenticated user with decathlon security profile [scopeOrgUnitId: "&lt;null&gt;"] (Passed after 1s 490ms)&#xD;
  STEP 4/5: WHEN When requesting decathlon orgunits list...&#xD;
  STEP 4/5: WHEN When requesting decathlon orgunits list (Passed after 158ms)&#xD;
  STEP 5/5: THEN Then no orgunits returned...&#xD;
  STEP 5/5: THEN Then no orgunits returned (Passed after 16ms)&#xD;
  SCENARIO RESULT: Passed after 3s 751ms</StdOut>
      </Output>
    </UnitTestResult>
    <UnitTestResult executionId="50f4c757-0af4-4587-8262-c4ba0564d4a4" testId="019b787c-88b2-9680-3a7b-9251d2235f77" testName="Skillaz.Tests.CompanySpecific.X5.Naumen.NaumenSlaTests.Sla_calculates_correctly_for_next_day(candidateTimeZone: 9, sla: 02:00:00, startDate: 2019-12-31T19:00:00.0000000Z, truth: [NaumenTimeRange { From = &quot;2020-01-01 07:00:00&quot;, To = &quot;2020-01-01 09:00:00&quot; }])" computerName="DESKTOP-F6SKA47" duration="00:00:00.0000824" startTime="2021-12-16T16:16:29.3186897+03:00" endTime="2021-12-16T16:16:29.3186905+03:00" testType="13cdc9d9-ddb5-4fa4-a97d-d965ccfc6d4b" outcome="Passed" testListId="8c84fa94-04c1-424b-9868-57a2d4851a1d" relativeResultsDirectory="50f4c757-0af4-4587-8262-c4ba0564d4a4" />
    <UnitTestResult executionId="b87372a6-5353-4bd1-8c3b-98bb26fb742d" testId="b7e1f7e0-9b84-b643-56ca-80784e4d697e" testName="Skillaz.Tests.Controllers.CandidateAutoloadFilterController_feature.Check_Put_GetListMetadata" computerName="DESKTOP-F6SKA47" duration="00:00:03.6628731" startTime="2021-12-16T16:22:28.9648980+03:00" endTime="2021-12-16T16:22:28.9648994+03:00" testType="13cdc9d9-ddb5-4fa4-a97d-d965ccfc6d4b" outcome="Passed" testListId="8c84fa94-04c1-424b-9868-57a2d4851a1d" relativeResultsDirectory="b87372a6-5353-4bd1-8c3b-98bb26fb742d">
      <Output>
        <StdOut>SCENARIO: Check Put GetListMetadata&#xD;
  STEP 1/6: GIVEN Given a company...&#xD;
  STEP 1/6: GIVEN Given a company (Passed after 79ms)&#xD;
  STEP 2/6: AND Given the authenticated user...&#xD;
  STEP 2/6: AND Given the authenticated user (Passed after 322ms)&#xD;
  STEP 3/6: AND Given a vacancys...&#xD;
  STEP 3/6: AND Given a vacancys (Passed after 148ms)&#xD;
  STEP 4/6: AND Given dm configuration...&#xD;
  STEP 4/6: AND Given dm configuration (Passed after 593ms)&#xD;
  STEP 5/6: WHEN When GetListMetadata Put...&#xD;
  STEP 5/6: WHEN When GetListMetadata Put (Passed after 2s 327ms)&#xD;
  STEP 6/6: THEN Then GetListMetadata Put...&#xD;
  STEP 6/6: THEN Then GetListMetadata Put (Passed after 11ms)&#xD;
  SCENARIO RESULT: Passed after 3s 492ms</StdOut>
      </Output>
    </UnitTestResult>
    <UnitTestResult executionId="5880ce05-10b1-43e9-8953-9286199f63c0" testId="ced47903-b940-6b08-69cc-d76d7783a83e" testName="Skillaz.Tests.Telephony.CallList_RatingFilter_feature.CandidateFilterRatingRange" computerName="DESKTOP-F6SKA47" duration="00:00:01.0748764" startTime="2021-12-16T16:21:30.5373895+03:00" endTime="2021-12-16T16:21:30.5373917+03:00" testType="13cdc9d9-ddb5-4fa4-a97d-d965ccfc6d4b" outcome="Passed" testListId="8c84fa94-04c1-424b-9868-57a2d4851a1d" relativeResultsDirectory="5880ce05-10b1-43e9-8953-9286199f63c0">
      <Output>
        <StdOut>SCENARIO: CandidateFilterRatingRange&#xD;
  STEP 1/7: GIVEN Given a company...&#xD;
  STEP 1/7: GIVEN Given a company (Passed after 207ms)&#xD;
  STEP 2/7: AND Given a vacancy...&#xD;
  STEP 2/7: AND Given a vacancy (Passed after 138ms)&#xD;
  STEP 3/7: AND Given a candidates from rating [totalScore1: "5"] [totalScore2: "10"]...&#xD;
  STEP 3/7: AND Given a candidates from rating [totalScore1: "5"] [totalScore2: "10"] (Passed after 102ms)&#xD;
  STEP 4/7: AND Given a candidates from rating [totalScore1: "1"] [totalScore2: "5"]...&#xD;
  STEP 4/7: AND Given a candidates from rating [totalScore1: "1"] [totalScore2: "5"] (Passed after 9ms)&#xD;
  STEP 5/7: AND Given filter "Skillaz.Candidate.Contract.CampaignRatingFilter"...&#xD;
  STEP 5/7: AND Given filter "Skillaz.Candidate.Contract.CampaignRatingFilter" (Passed after 70ms)&#xD;
  STEP 6/7: WHEN When candidates requested using advanced filter...&#xD;
  STEP 6/7: WHEN When candidates requested using advanced filter (Passed after 110ms)&#xD;
  STEP 7/7: THEN Then two candidates...&#xD;
  STEP 7/7: THEN Then two candidates (Passed after &lt;1ms)&#xD;
  SCENARIO RESULT: Passed after 842ms</StdOut>
      </Output>
    </UnitTestResult>
    <UnitTestResult executionId="ee5542a2-adac-452f-b15c-44afc7553fb8" testId="019b787c-88b2-9680-3a7b-9251d2235f77" testName="Skillaz.Tests.CompanySpecific.X5.Naumen.NaumenSlaTests.Sla_calculates_correctly_for_next_day(candidateTimeZone: 11, sla: 02:00:00, startDate: 2019-12-31T22:30:00.0000000Z, truth: [NaumenTimeRange { From = &quot;2020-01-01 07:00:00&quot;, To = &quot;2020-01-01 09:00:00&quot; }])" computerName="DESKTOP-F6SKA47" duration="00:00:00.0000722" startTime="2021-12-16T16:16:29.3625750+03:00" endTime="2021-12-16T16:16:29.3625754+03:00" testType="13cdc9d9-ddb5-4fa4-a97d-d965ccfc6d4b" outcome="Passed" testListId="8c84fa94-04c1-424b-9868-57a2d4851a1d" relativeResultsDirectory="ee5542a2-adac-452f-b15c-44afc7553fb8" />
    <UnitTestResult executionId="ccc85d6c-199a-4941-8529-0ea52ac00c03" testId="019b787c-88b2-9680-3a7b-9251d2235f77" testName="Skillaz.Tests.CompanySpecific.X5.Naumen.NaumenSlaTests.Sla_calculates_correctly_for_next_day(candidateTimeZone: 4, sla: 02:00:00, startDate: 2020-01-01T02:30:00.0000000Z, truth: [NaumenTimeRange { From = &quot;2020-01-01 08:00:00&quot;, To = &quot;2020-01-01 10:00:00&quot; }])" computerName="DESKTOP-F6SKA47" duration="00:00:00.0000332" startTime="2021-12-16T16:16:29.0964127+03:00" endTime="2021-12-16T16:16:29.0964131+03:00" testType="13cdc9d9-ddb5-4fa4-a97d-d965ccfc6d4b" outcome="Passed" testListId="8c84fa94-04c1-424b-9868-57a2d4851a1d" relativeResultsDirectory="ccc85d6c-199a-4941-8529-0ea52ac00c03" />
    <UnitTestResult executionId="a165d6ab-cad8-4a6d-9be8-3466b2459d5c" testId="d1e527af-35d2-5f52-9e1a-a77ab5146b5e" testName="Skillaz.Tests.CompanySpecific.X5.X5CandidatesBlockerStore_feature.Should_reset_all_security_checks_and_resolution" computerName="DESKTOP-F6SKA47" duration="00:00:04.1056111" startTime="2021-12-16T16:23:47.2092005+03:00" endTime="2021-12-16T16:23:47.2092009+03:00" testType="13cdc9d9-ddb5-4fa4-a97d-d965ccfc6d4b" outcome="Passed" testListId="8c84fa94-04c1-424b-9868-57a2d4851a1d" relativeResultsDirectory="a165d6ab-cad8-4a6d-9be8-3466b2459d5c">
      <Output>
        <StdOut>SCENARIO: Should reset all security checks and resolution&#xD;
  STEP 1/5: GIVEN a candidate with funnel and security checks...&#xD;
  STEP 1/5: GIVEN a candidate with funnel and security checks (Passed after 274ms)&#xD;
  STEP 2/5: AND time to reset checks and resolution...&#xD;
  STEP 2/5: AND time to reset checks and resolution (Passed after 2s 271ms)&#xD;
  STEP 3/5: WHEN candidates blocking procedure has executed...&#xD;
  STEP 3/5: WHEN candidates blocking procedure has executed (Passed after 954ms)&#xD;
  STEP 4/5: THEN all checks are reset...&#xD;
  STEP 4/5: THEN all checks are reset (Passed after 316ms)&#xD;
  STEP 5/5: AND resolution is reset...&#xD;
  STEP 5/5: AND resolution is reset (Passed after 266ms)&#xD;
  SCENARIO RESULT: Passed after 4s 094ms</StdOut>
      </Output>
    </UnitTestResult>
    <UnitTestResult executionId="4a77aeaf-7ffd-4fdc-be87-c54e1a9c4577" testId="02134537-7eea-7c29-8274-e7f829aa8d63" testName="Skillaz.Tests.Assessment.InterviewCreation_feature.Successful_creation" computerName="DESKTOP-F6SKA47" duration="00:00:30.0552513" startTime="2021-12-16T16:24:36.5397423+03:00" endTime="2021-12-16T16:24:36.5397441+03:00" testType="13cdc9d9-ddb5-4fa4-a97d-d965ccfc6d4b" outcome="Passed" testListId="8c84fa94-04c1-424b-9868-57a2d4851a1d" relativeResultsDirectory="4a77aeaf-7ffd-4fdc-be87-c54e1a9c4577">
      <Output>
        <StdOut>SCENARIO: Successful creation&#xD;
  STEP 1/5: GIVEN a candidate in a vacancy in a company...&#xD;
  STEP 1/5: GIVEN a candidate in a vacancy in a company (Passed after 1s 521ms)&#xD;
  STEP 2/5: AND the authenticated user...&#xD;
  STEP 2/5: AND the authenticated user (Passed after 600ms)&#xD;
  STEP 3/5: AND the scenario in the vacancy...&#xD;
  STEP 3/5: AND the scenario in the vacancy (Passed after 4s 559ms)&#xD;
  STEP 4/5: WHEN interview is created for status distance testing...&#xD;
  STEP 4/5: WHEN interview is created for status distance testing (Passed after 19s 299ms)&#xD;
  STEP 5/5: It should be saved to the database...&#xD;
  STEP 5/5: It should be saved to the database (Passed after 221ms)&#xD;
  SCENARIO RESULT: Passed after 26s 214ms</StdOut>
      </Output>
    </UnitTestResult>
    <UnitTestResult executionId="dbce181c-d7b7-4a5d-aaac-82817e46216a" testId="74f2e6d6-00ae-046e-96d1-c6961b80c321" testName="Skillaz.Tests.Assessment.Interviews.QuizInterview_feature.Switching_quiz_interview_to_next_not_last_step" computerName="DESKTOP-F6SKA47" duration="00:00:07.6994662" startTime="2021-12-16T16:29:10.2417735+03:00" endTime="2021-12-16T16:29:10.2417768+03:00" testType="13cdc9d9-ddb5-4fa4-a97d-d965ccfc6d4b" outcome="Passed" testListId="8c84fa94-04c1-424b-9868-57a2d4851a1d" relativeResultsDirectory="dbce181c-d7b7-4a5d-aaac-82817e46216a">
      <Output>
        <StdOut>SCENARIO: Switching quiz interview to next not last step&#xD;
  STEP 1/4: GIVEN a candidate in a vacancy in a company...&#xD;
  STEP 1/4: GIVEN a candidate in a vacancy in a company (Passed after 1s 558ms)&#xD;
  STEP 2/4: AND the interview with multiple steps...&#xD;
  STEP 2/4: AND the interview with multiple steps (Passed after 3s 275ms)&#xD;
  STEP 3/4: WHEN quiz interview answers are set...&#xD;
  STEP 3/4: WHEN quiz interview answers are set (Passed after 1s 713ms)&#xD;
  STEP 4/4: THEN quiz interview switches to next step...&#xD;
  STEP 4/4: THEN quiz interview switches to next step (Passed after 498ms)&#xD;
  SCENARIO RESULT: Passed after 7s 051ms</StdOut>
      </Output>
    </UnitTestResult>
    <UnitTestResult executionId="1527c949-6a68-4cb9-a64c-c718ab98bebc" testId="6e567c3a-9c5e-7a19-53c2-223295814f29" testName="Skillaz.Tests.Configurator.WorkflowEngine.ConfiguratorWorkflowTriggerFeature.Check_WorkflowTrigger" computerName="DESKTOP-F6SKA47" duration="00:00:51.6757326" startTime="2021-12-16T16:17:19.5352294+03:00" endTime="2021-12-16T16:17:19.5352345+03:00" testType="13cdc9d9-ddb5-4fa4-a97d-d965ccfc6d4b" outcome="Passed" testListId="8c84fa94-04c1-424b-9868-57a2d4851a1d" relativeResultsDirectory="1527c949-6a68-4cb9-a64c-c718ab98bebc">
      <Output>
        <StdOut>SCENARIO: Check WorkflowTrigger&#xD;
  STEP 1/6: GIVEN a company...&#xD;
  STEP 1/6: GIVEN a company (Passed after 3s 243ms)&#xD;
  STEP 2/6: AND the authenticated user...&#xD;
  STEP 2/6: AND the authenticated user (Passed after 1s 406ms)&#xD;
  STEP 3/6: Зарегистрируем ЖЦ с триггером и добавим заявку...&#xD;
  STEP 3/6: Зарегистрируем ЖЦ с триггером и добавим заявку (Passed after 31s 512ms)&#xD;
  STEP 4/6: Проверить что зарегистрировался ЖЦ и триггер...&#xD;
  STEP 4/6: Проверить что зарегистрировался ЖЦ и триггер (Passed after 10ms)&#xD;
  STEP 5/6: Выполним переход в новый статус...&#xD;
  STEP 5/6: Выполним переход в новый статус (Passed after 14s 959ms)&#xD;
  STEP 6/6: Проверить выполнение триггера и изменился статус заявки...&#xD;
  STEP 6/6: Проверить выполнение триггера и изменился статус заявки (Passed after 177ms)&#xD;
  SCENARIO RESULT: Passed after 51s 386ms</StdOut>
      </Output>
    </UnitTestResult>
    <UnitTestResult executionId="2d6b1eab-3212-4587-8a7c-95992f036bfb" testId="019b787c-88b2-9680-3a7b-9251d2235f77" testName="Skillaz.Tests.CompanySpecific.X5.Naumen.NaumenSlaTests.Sla_calculates_correctly_for_next_day(candidateTimeZone: 7, sla: 02:00:00, startDate: 2019-12-31T17:30:00.0000000Z, truth: [NaumenTimeRange { From = &quot;2020-01-01 07:00:00&quot;, To = &quot;2020-01-01 09:00:00&quot; }])" computerName="DESKTOP-F6SKA47" duration="00:00:00.0000313" startTime="2021-12-16T16:16:29.2849413+03:00" endTime="2021-12-16T16:16:29.2849474+03:00" testType="13cdc9d9-ddb5-4fa4-a97d-d965ccfc6d4b" outcome="Passed" testListId="8c84fa94-04c1-424b-9868-57a2d4851a1d" relativeResultsDirectory="2d6b1eab-3212-4587-8a7c-95992f036bfb" />
    <UnitTestResult executionId="c084f7fb-b2c2-4a04-97e3-0c426774077d" testId="1c96f993-11b3-1653-cd43-2933f1671077" testName="Проверка на получение стандартного провайдера" computerName="DESKTOP-F6SKA47" duration="00:00:02.1185639" startTime="2021-12-16T16:27:45.5495877+03:00" endTime="2021-12-16T16:27:45.5495898+03:00" testType="13cdc9d9-ddb5-4fa4-a97d-d965ccfc6d4b" outcome="Passed" testListId="8c84fa94-04c1-424b-9868-57a2d4851a1d" relativeResultsDirectory="c084f7fb-b2c2-4a04-97e3-0c426774077d">
      <Output>
        <StdOut>SCENARIO: Check default service&#xD;
  STEP 1/3: GIVEN a company...&#xD;
  STEP 1/3: GIVEN a company (Passed after 268ms)&#xD;
  STEP 2/3: WHEN service is resolved...&#xD;
  STEP 2/3: WHEN service is resolved (Passed after 1s 598ms)&#xD;
  STEP 3/3: THEN service is infobip...&#xD;
  STEP 3/3: THEN service is infobip (Passed after 30ms)&#xD;
  SCENARIO RESULT: Passed after 1s 903ms</StdOut>
      </Output>
    </UnitTestResult>
    <UnitTestResult executionId="fdb80d7c-b8ae-4096-b972-78793f7a071d" testId="3fd0ded2-1714-02d5-173f-a740609c4288" testName="Skillaz.Tests.OpenApi.CandidateProfileApi.FilterCandidateProfile_feature.Candidate_profile_filter_only_archived" computerName="DESKTOP-F6SKA47" duration="00:00:04.7467388" startTime="2021-12-16T16:27:30.3105052+03:00" endTime="2021-12-16T16:27:30.3105055+03:00" testType="13cdc9d9-ddb5-4fa4-a97d-d965ccfc6d4b" outcome="Passed" testListId="8c84fa94-04c1-424b-9868-57a2d4851a1d" relativeResultsDirectory="fdb80d7c-b8ae-4096-b972-78793f7a071d">
      <Output>
        <StdOut>SCENARIO: Candidate profile filter only archived&#xD;
  STEP 1/5: GIVEN a company...&#xD;
  STEP 1/5: GIVEN a company (Passed after 398ms)&#xD;
  STEP 2/5: AND the authenticated api user...&#xD;
  STEP 2/5: AND the authenticated api user (Passed after 753ms)&#xD;
  STEP 3/5: AND random candidate profiles even is archived...&#xD;
  STEP 3/5: AND random candidate profiles even is archived (Passed after 982ms)&#xD;
  STEP 4/5: WHEN candidate profile filter archived...&#xD;
  STEP 4/5: WHEN candidate profile filter archived (Passed after 464ms)&#xD;
  STEP 5/5: THEN only archived return...&#xD;
  STEP 5/5: THEN only archived return (Passed after 403ms)&#xD;
  SCENARIO RESULT: Passed after 3s 003ms</StdOut>
      </Output>
    </UnitTestResult>
    <UnitTestResult executionId="3c6f7d77-169c-40ab-8d52-7f08d81bc499" testId="019b787c-88b2-9680-3a7b-9251d2235f77" testName="Skillaz.Tests.CompanySpecific.X5.Naumen.NaumenSlaTests.Sla_calculates_correctly_for_next_day(candidateTimeZone: 6, sla: 02:00:00, startDate: 2019-12-31T15:00:00.0000000Z, truth: [NaumenTimeRange { From = &quot;2020-01-01 07:00:00&quot;, To = &quot;2020-01-01 09:00:00&quot; }])" computerName="DESKTOP-F6SKA47" duration="00:00:00.0000402" startTime="2021-12-16T16:16:29.1174130+03:00" endTime="2021-12-16T16:16:29.1174137+03:00" testType="13cdc9d9-ddb5-4fa4-a97d-d965ccfc6d4b" outcome="Passed" testListId="8c84fa94-04c1-424b-9868-57a2d4851a1d" relativeResultsDirectory="3c6f7d77-169c-40ab-8d52-7f08d81bc499" />
    <UnitTestResult executionId="7c4f56d1-db4f-461a-8979-8c123a775aad" testId="a25e6752-78c5-91c0-8024-0fe11e2a23d7" testName="Skillaz.Tests.Configurator.Editor.EnumHelperFeature.GetForDocumentModel" computerName="DESKTOP-F6SKA47" duration="00:00:02.9916780" startTime="2021-12-16T16:18:35.1297556+03:00" endTime="2021-12-16T16:18:35.1297582+03:00" testType="13cdc9d9-ddb5-4fa4-a97d-d965ccfc6d4b" outcome="Passed" testListId="8c84fa94-04c1-424b-9868-57a2d4851a1d" relativeResultsDirectory="7c4f56d1-db4f-461a-8979-8c123a775aad">
      <Output>
        <StdOut>SCENARIO: GetForDocumentModel&#xD;
  STEP 1/4: По умолчанию отображаются все значения...&#xD;
  STEP 1/4: По умолчанию отображаются все значения (Passed after 2s 517ms)&#xD;
  STEP 2/4: Outdated выделяются комментарием...&#xD;
  STEP 2/4: Outdated выделяются комментарием (Passed after 140ms)&#xD;
  STEP 3/4: Outdated можно убрать из списка...&#xD;
  STEP 3/4: Outdated можно убрать из списка (Passed after 109ms)&#xD;
  STEP 4/4: Если убираем Outdated но текущее значение Outdated оно должно остаться...&#xD;
  STEP 4/4: Если убираем Outdated но текущее значение Outdated оно должно остаться (Passed after 144ms)&#xD;
  SCENARIO RESULT: Passed after 2s 924ms</StdOut>
      </Output>
    </UnitTestResult>
    <UnitTestResult executionId="84466fb6-7e6b-4c46-a7bc-6fa557864235" testId="c2db3518-31bb-e4c7-0515-52a987f184f6" testName="Skillaz.Tests.CompanySpecific.GazpromNeft.GazpromUploadReferences_feature.Create_correctly_cluster_reference" computerName="DESKTOP-F6SKA47" duration="00:00:18.4384222" startTime="2021-12-16T16:25:34.1726787+03:00" endTime="2021-12-16T16:25:34.1726814+03:00" testType="13cdc9d9-ddb5-4fa4-a97d-d965ccfc6d4b" outcome="Passed" testListId="8c84fa94-04c1-424b-9868-57a2d4851a1d" relativeResultsDirectory="84466fb6-7e6b-4c46-a7bc-6fa557864235">
      <Output>
        <StdOut>SCENARIO: Create correctly cluster reference&#xD;
  STEP 1/8: GIVEN a company [companyId: "kdaigswiuJNh8Tvsp"]...&#xD;
  STEP 1/8: GIVEN a company [companyId: "kdaigswiuJNh8Tvsp"] (Passed after 3s 379ms)&#xD;
  STEP 2/8: AND the authenticated user...&#xD;
  STEP 2/8: AND the authenticated user (Passed after 438ms)&#xD;
  STEP 3/8: AND the data service...&#xD;
  STEP 3/8: AND the data service (Passed after 4ms)&#xD;
  STEP 4/8: AND the rows multiple azs...&#xD;
  STEP 4/8: AND the rows multiple azs (Passed after &lt;1ms)&#xD;
  STEP 5/8: AND the xlsx file...&#xD;
  STEP 5/8: AND the xlsx file (Passed after 1s 389ms)&#xD;
  STEP 6/8: WHEN upload xlsx file...&#xD;
  STEP 6/8: WHEN upload xlsx file (Passed after 5s 630ms)&#xD;
  STEP 7/8: Ensure cluster reference [uploadReference: "Skillaz.Tests.CompanySpecific.GazpromNeft.GazpromUploadWorkplaceTest"]...&#xD;
  STEP 7/8: Ensure cluster reference [uploadReference: "Skillaz.Tests.CompanySpecific.GazpromNeft.GazpromUploadWorkplaceTest"] (Passed after 145ms)&#xD;
  STEP 8/8: Ensure cluster reference [uploadReference: "Skillaz.Tests.CompanySpecific.GazpromNeft.GazpromUploadWorkplaceTest"]...&#xD;
  STEP 8/8: Ensure cluster reference [uploadReference: "Skillaz.Tests.CompanySpecific.GazpromNeft.GazpromUploadWorkplaceTest"] (Passed after 52ms)&#xD;
  SCENARIO RESULT: Passed after 11s 063ms</StdOut>
      </Output>
    </UnitTestResult>
    <UnitTestResult executionId="6e99d498-bb7c-4c26-aab9-ca75099e1a3e" testId="695a69c9-264c-d1c5-2032-535ef4bf39f9" testName="Skillaz.Tests.CompanySpecific.X5.Naumen.NaumenSlaTests.Sla_calculates_correctly_for_split_days(candidateTimeZone: 3, sla: 09:00:00, startDate: 2019-12-31T12:30:00.0000000Z, truth: [NaumenTimeRange { From = &quot;2019-12-31 15:30:00&quot;, To = &quot;2019-12-31 20:00:00&quot; }, NaumenTimeRange { From = &quot;2020-01-01 09:00:00&quot;, To = &quot;2020-01-01 13:30:00&quot; }])" computerName="DESKTOP-F6SKA47" duration="00:00:00.0000471" startTime="2021-12-16T16:16:28.9753281+03:00" endTime="2021-12-16T16:16:28.9753289+03:00" testType="13cdc9d9-ddb5-4fa4-a97d-d965ccfc6d4b" outcome="Passed" testListId="8c84fa94-04c1-424b-9868-57a2d4851a1d" relativeResultsDirectory="6e99d498-bb7c-4c26-aab9-ca75099e1a3e" />
    <UnitTestResult executionId="f4f35535-5b38-4a5f-8801-65dc656bc1cb" testId="0e5436b5-d4b0-4dad-55b0-9c56049092b3" testName="Skillaz.Tests.CompanySpecific.GazpromNeft.GazpromImportBlueReport_feature.Not_attempt_publication_if_accounts_is_empty" computerName="DESKTOP-F6SKA47" duration="00:01:02.5746150" startTime="2021-12-16T16:28:48.1113443+03:00" endTime="2021-12-16T16:28:48.1113468+03:00" testType="13cdc9d9-ddb5-4fa4-a97d-d965ccfc6d4b" outcome="Passed" testListId="8c84fa94-04c1-424b-9868-57a2d4851a1d" relativeResultsDirectory="f4f35535-5b38-4a5f-8801-65dc656bc1cb">
      <Output>
        <StdOut>SCENARIO: Not attempt publication if accounts is empty&#xD;
  STEP 1/6: GIVEN a company [companyId: "kdaigswiuJNh8Tvsp"]...&#xD;
  STEP 1/6: GIVEN a company [companyId: "kdaigswiuJNh8Tvsp"] (Passed after 239ms)&#xD;
  STEP 2/6: AND the authenticated user...&#xD;
  STEP 2/6: AND the authenticated user (Passed after 615ms)&#xD;
  STEP 3/6: AND the upload rows [staffUnitNum: "1211"] [clusterName: "АО "Газпромнефть-Урал""] [azsName: "АЗС № 152"] [requestCount: "2"]...&#xD;
  STEP 3/6: AND the upload rows [staffUnitNum: "1211"] [clusterName: "АО "Газпромнефть-Урал""] [azsName: "АЗС № 152"] [requestCount: "2"] (Passed after 2s 964ms)&#xD;
  STEP 4/6: AND the prepare xlsx file...&#xD;
  STEP 4/6: AND the prepare xlsx file (Passed after 4s 410ms)&#xD;
  STEP 5/6: WHEN upload xlsx file...&#xD;
  STEP 5/6: WHEN upload xlsx file (Passed after 53s 806ms)&#xD;
  STEP 6/6: Ensure not attempt create publication [modelTest: "Skillaz.Tests.CompanySpecific.GazpromNeft.GazpromImportBlueReport_feature+GazpromBlueReportModelTest"]...&#xD;
  STEP 6/6: Ensure not attempt create publication [modelTest: "Skillaz.Tests.CompanySpecific.GazpromNeft.GazpromImportBlueReport_feature+GazpromBlueReportModelTest"] (Passed after 3ms)&#xD;
  SCENARIO RESULT: Passed after 1m 02s</StdOut>
      </Output>
    </UnitTestResult>
    <UnitTestResult executionId="31e5dc70-4052-4e32-9438-fdc0bed7881b" testId="019b787c-88b2-9680-3a7b-9251d2235f77" testName="Skillaz.Tests.CompanySpecific.X5.Naumen.NaumenSlaTests.Sla_calculates_correctly_for_next_day(candidateTimeZone: 4, sla: 02:00:00, startDate: 2020-01-01T02:00:00.0000000Z, truth: [NaumenTimeRange { From = &quot;2020-01-01 08:00:00&quot;, To = &quot;2020-01-01 10:00:00&quot; }])" computerName="DESKTOP-F6SKA47" duration="00:00:00.0000300" startTime="2021-12-16T16:16:29.0963478+03:00" endTime="2021-12-16T16:16:29.0963483+03:00" testType="13cdc9d9-ddb5-4fa4-a97d-d965ccfc6d4b" outcome="Passed" testListId="8c84fa94-04c1-424b-9868-57a2d4851a1d" relativeResultsDirectory="31e5dc70-4052-4e32-9438-fdc0bed7881b" />
    <UnitTestResult executionId="eb3d0c0f-b9f0-4e95-8c2e-cba1f9ffb635" testId="16d02ffb-eb5e-e625-2a9a-10f500b96958" testName="Skillaz.Tests.WebHooks.WebHooks_feature.SynchronousWebHookTestCreatedRequestSendingFailed" computerName="DESKTOP-F6SKA47" duration="00:00:01.9762424" startTime="2021-12-16T16:22:12.9579135+03:00" endTime="2021-12-16T16:22:12.9579193+03:00" testType="13cdc9d9-ddb5-4fa4-a97d-d965ccfc6d4b" outcome="Passed" testListId="8c84fa94-04c1-424b-9868-57a2d4851a1d" relativeResultsDirectory="eb3d0c0f-b9f0-4e95-8c2e-cba1f9ffb635">
      <Output>
        <StdOut>SCENARIO: SynchronousWebHookTestCreatedRequestSendingFailed&#xD;
  STEP 1/6: GIVEN a company...&#xD;
  STEP 1/6: GIVEN a company (Passed after 267ms)&#xD;
  STEP 2/6: AND the authenticated user...&#xD;
  STEP 2/6: AND the authenticated user (Passed after 155ms)&#xD;
  STEP 3/6: AND a synchronous subscription...&#xD;
  STEP 3/6: AND a synchronous subscription (Passed after 61ms)&#xD;
  STEP 4/6: AND a broken web hook server...&#xD;
  STEP 4/6: AND a broken web hook server (Passed after &lt;1ms)&#xD;
  STEP 5/6: WHEN web hook test created...&#xD;
  STEP 5/6: WHEN web hook test created (Passed after 910ms)&#xD;
  STEP 6/6: THEN error should be logged...&#xD;
  STEP 6/6: THEN error should be logged (Passed after 30ms)&#xD;
  SCENARIO RESULT: Passed after 1s 432ms</StdOut>
      </Output>
    </UnitTestResult>
    <UnitTestResult executionId="741063c2-bd67-4b94-8dae-60bdeca4c90d" testId="019b787c-88b2-9680-3a7b-9251d2235f77" testName="Skillaz.Tests.CompanySpecific.X5.Naumen.NaumenSlaTests.Sla_calculates_correctly_for_next_day(candidateTimeZone: 5, sla: 02:00:00, startDate: 2019-12-31T16:00:00.0000000Z, truth: [NaumenTimeRange { From = &quot;2020-01-01 07:00:00&quot;, To = &quot;2020-01-01 09:00:00&quot; }])" computerName="DESKTOP-F6SKA47" duration="00:00:00.0000332" startTime="2021-12-16T16:16:29.1015105+03:00" endTime="2021-12-16T16:16:29.1015148+03:00" testType="13cdc9d9-ddb5-4fa4-a97d-d965ccfc6d4b" outcome="Passed" testListId="8c84fa94-04c1-424b-9868-57a2d4851a1d" relativeResultsDirectory="741063c2-bd67-4b94-8dae-60bdeca4c90d" />
    <UnitTestResult executionId="08fabfa0-1b0f-484c-a2a1-ed64b7b7f1ec" testId="46a08345-a920-7815-7abf-e86d67926f40" testName="Skillaz.Tests.DocumentModels.DocumentModel_SettingPreviewUrlForAttachments.Check_than_preview_url_set_in_attachment_for_edit_model_multiply_attach_in_explicit_field" computerName="DESKTOP-F6SKA47" duration="00:00:04.3995591" startTime="2021-12-16T16:25:47.6757743+03:00" endTime="2021-12-16T16:25:47.6757762+03:00" testType="13cdc9d9-ddb5-4fa4-a97d-d965ccfc6d4b" outcome="Passed" testListId="8c84fa94-04c1-424b-9868-57a2d4851a1d" relativeResultsDirectory="08fabfa0-1b0f-484c-a2a1-ed64b7b7f1ec">
      <Output>
        <StdOut>SCENARIO: Check than preview url set in attachment for edit model multiply attach in explicit field&#xD;
  STEP 1/6: GIVEN a company...&#xD;
  STEP 1/6: GIVEN a company (Passed after 121ms)&#xD;
  STEP 2/6: AND the authenticated user...&#xD;
  STEP 2/6: AND the authenticated user (Passed after 443ms)&#xD;
  STEP 3/6: AND a test model...&#xD;
  STEP 3/6: AND a test model (Passed after 1s 871ms)&#xD;
  STEP 4/6: AND a test document model...&#xD;
  STEP 4/6: AND a test document model (Passed after 72ms)&#xD;
  STEP 5/6: WHEN model converting to edit model [fieldKey: "MultiplyExplicitAttachments"] [isMultiply: "True"]...&#xD;
  STEP 5/6: WHEN model converting to edit model [fieldKey: "MultiplyExplicitAttachments"] [isMultiply: "True"] (Passed after 800ms)&#xD;
  STEP 6/6: THEN attached file in edit model have filled preview url...&#xD;
  STEP 6/6: THEN attached file in edit model have filled preview url (Passed after &lt;1ms)&#xD;
  SCENARIO RESULT: Passed after 3s 336ms</StdOut>
      </Output>
    </UnitTestResult>
    <UnitTestResult executionId="f0f76071-44ba-4454-bef7-16721bf04c3f" testId="019b787c-88b2-9680-3a7b-9251d2235f77" testName="Skillaz.Tests.CompanySpecific.X5.Naumen.NaumenSlaTests.Sla_calculates_correctly_for_next_day(candidateTimeZone: 5, sla: 02:00:00, startDate: 2019-12-31T15:00:00.0000000Z, truth: [NaumenTimeRange { From = &quot;2020-01-01 07:00:00&quot;, To = &quot;2020-01-01 09:00:00&quot; }])" computerName="DESKTOP-F6SKA47" duration="00:00:00.0000338" startTime="2021-12-16T16:16:29.0968610+03:00" endTime="2021-12-16T16:16:29.0968626+03:00" testType="13cdc9d9-ddb5-4fa4-a97d-d965ccfc6d4b" outcome="Passed" testListId="8c84fa94-04c1-424b-9868-57a2d4851a1d" relativeResultsDirectory="f0f76071-44ba-4454-bef7-16721bf04c3f" />
    <UnitTestResult executionId="191fb837-d744-4d01-8fb2-f882c41d262c" testId="4b404ee5-9a05-ced6-4ff6-f917d3cae6f2" testName="Расширение файла недолжно совпадает с его типом, но нужно переименовать для полного совпадения(alterName: &quot;Doc.docx&quot;, fileName: &quot;Doc.doc&quot;)" computerName="DESKTOP-F6SKA47" duration="00:00:00.3591449" startTime="2021-12-16T16:16:30.3374117+03:00" endTime="2021-12-16T16:16:30.3374180+03:00" testType="13cdc9d9-ddb5-4fa4-a97d-d965ccfc6d4b" outcome="Passed" testListId="8c84fa94-04c1-424b-9868-57a2d4851a1d" relativeResultsDirectory="191fb837-d744-4d01-8fb2-f882c41d262c" />
    <UnitTestResult executionId="732e3e91-117b-494d-8733-b56b8205e101" testId="fdffafba-b735-773b-e5b8-ba0d025a0361" testName="Skillaz.Tests.Assessment.Questionnaires.QuizQuestionnaire_feature.Getting_a_quiz_questionnaire_list" computerName="DESKTOP-F6SKA47" duration="00:00:05.4244073" startTime="2021-12-16T16:26:34.8266309+03:00" endTime="2021-12-16T16:26:34.8266330+03:00" testType="13cdc9d9-ddb5-4fa4-a97d-d965ccfc6d4b" outcome="Passed" testListId="8c84fa94-04c1-424b-9868-57a2d4851a1d" relativeResultsDirectory="732e3e91-117b-494d-8733-b56b8205e101">
      <Output>
        <StdOut>SCENARIO: Getting a quiz questionnaire list&#xD;
  STEP 1/5: GIVEN a company...&#xD;
  STEP 1/5: GIVEN a company (Passed after 858ms)&#xD;
  STEP 2/5: AND the authenticated user...&#xD;
  STEP 2/5: AND the authenticated user (Passed after 1s 945ms)&#xD;
  STEP 3/5: AND the quiz questionnaire...&#xD;
  STEP 3/5: AND the quiz questionnaire (Passed after 608ms)&#xD;
  STEP 4/5: WHEN quiz questionnaire list is requested...&#xD;
  STEP 4/5: WHEN quiz questionnaire list is requested (Passed after 586ms)&#xD;
  STEP 5/5: Quiz questionnaire list should be retrieved...&#xD;
  STEP 5/5: Quiz questionnaire list should be retrieved (Passed after &lt;1ms)&#xD;
  SCENARIO RESULT: Passed after 4s 006ms</StdOut>
      </Output>
    </UnitTestResult>
    <UnitTestResult executionId="c3177a69-1313-47f6-aeaa-f5a1b31f29fc" testId="39bbe88c-a5a1-69b6-0e18-a75bb02edd6c" testName="Skillaz.Tests.CompanySpecific.X5.Naumen.NaumenSlaTests.Sla_calculates_correctly_within_one_day(candidateTimeZone: 6, sla: 01:00:00, startDate: 2019-12-31T13:00:00.0000000Z, truth: [NaumenTimeRange { From = &quot;2019-12-31 16:00:00&quot;, To = &quot;2019-12-31 17:00:00&quot; }])" computerName="DESKTOP-F6SKA47" duration="00:00:00.0000880" startTime="2021-12-16T16:16:29.0046495+03:00" endTime="2021-12-16T16:16:29.0046498+03:00" testType="13cdc9d9-ddb5-4fa4-a97d-d965ccfc6d4b" outcome="Passed" testListId="8c84fa94-04c1-424b-9868-57a2d4851a1d" relativeResultsDirectory="c3177a69-1313-47f6-aeaa-f5a1b31f29fc" />
    <UnitTestResult executionId="63d2df19-b57d-46e6-80aa-07be099f9d61" testId="6334cced-c4a1-db38-b216-df7f745a6f14" testName="Skillaz.Tests.DocumentModels.LegacyVacancyDocuments.LegacyVacancyDocumentWhereAnd_feature.GetArchiveIdsEqualGetIds" computerName="DESKTOP-F6SKA47" duration="00:00:01.6689428" startTime="2021-12-16T16:26:25.2421259+03:00" endTime="2021-12-16T16:26:25.2421292+03:00" testType="13cdc9d9-ddb5-4fa4-a97d-d965ccfc6d4b" outcome="Passed" testListId="8c84fa94-04c1-424b-9868-57a2d4851a1d" relativeResultsDirectory="63d2df19-b57d-46e6-80aa-07be099f9d61">
      <Output>
        <StdOut>SCENARIO: GetArchiveIdsEqualGetIds&#xD;
  STEP 1/4: GIVEN a company...&#xD;
  STEP 1/4: GIVEN a company (Passed after 335ms)&#xD;
  STEP 2/4: AND the authenticated user...&#xD;
  STEP 2/4: AND the authenticated user (Passed after 275ms)&#xD;
  STEP 3/4: AND a LegacyVacancyDocuments...&#xD;
  STEP 3/4: AND a LegacyVacancyDocuments (Passed after 159ms)&#xD;
  STEP 4/4: WHEN GetArchiveIds and GetIds compare...&#xD;
  STEP 4/4: WHEN GetArchiveIds and GetIds compare (Passed after 397ms)&#xD;
  SCENARIO RESULT: Passed after 1s 182ms</StdOut>
      </Output>
    </UnitTestResult>
    <UnitTestResult executionId="e8c492f6-9bf6-4299-beb3-4c5652654688" testId="019b787c-88b2-9680-3a7b-9251d2235f77" testName="Skillaz.Tests.CompanySpecific.X5.Naumen.NaumenSlaTests.Sla_calculates_correctly_for_next_day(candidateTimeZone: 3, sla: 02:00:00, startDate: 2020-01-01T01:30:00.0000000Z, truth: [NaumenTimeRange { From = &quot;2020-01-01 09:00:00&quot;, To = &quot;2020-01-01 11:00:00&quot; }])" computerName="DESKTOP-F6SKA47" duration="00:00:00.0006343" startTime="2021-12-16T16:16:29.0805606+03:00" endTime="2021-12-16T16:16:29.0805634+03:00" testType="13cdc9d9-ddb5-4fa4-a97d-d965ccfc6d4b" outcome="Passed" testListId="8c84fa94-04c1-424b-9868-57a2d4851a1d" relativeResultsDirectory="e8c492f6-9bf6-4299-beb3-4c5652654688" />
    <UnitTestResult executionId="5202cf2c-29f9-4f98-937c-30f69e6982f1" testId="49bee76e-ef1a-a948-710e-04f737705139" testName="Skillaz.Tests.DocumentModels.FieldValueComparerTests.StringComparison(firstValue: &quot;a&quot;, secondValue: null, result: False)" computerName="DESKTOP-F6SKA47" duration="00:00:00.0002590" startTime="2021-12-16T16:16:31.0479628+03:00" endTime="2021-12-16T16:16:31.0479659+03:00" testType="13cdc9d9-ddb5-4fa4-a97d-d965ccfc6d4b" outcome="Passed" testListId="8c84fa94-04c1-424b-9868-57a2d4851a1d" relativeResultsDirectory="5202cf2c-29f9-4f98-937c-30f69e6982f1" />
    <UnitTestResult executionId="587bcd3f-21ec-40eb-afbc-35b72b1913ef" testId="019b787c-88b2-9680-3a7b-9251d2235f77" testName="Skillaz.Tests.CompanySpecific.X5.Naumen.NaumenSlaTests.Sla_calculates_correctly_for_next_day(candidateTimeZone: 11, sla: 02:00:00, startDate: 2019-12-31T11:30:00.0000000Z, truth: [NaumenTimeRange { From = &quot;2020-01-01 07:00:00&quot;, To = &quot;2020-01-01 09:00:00&quot; }])" computerName="DESKTOP-F6SKA47" duration="00:00:00.0000626" startTime="2021-12-16T16:16:29.3564604+03:00" endTime="2021-12-16T16:16:29.3564608+03:00" testType="13cdc9d9-ddb5-4fa4-a97d-d965ccfc6d4b" outcome="Passed" testListId="8c84fa94-04c1-424b-9868-57a2d4851a1d" relativeResultsDirectory="587bcd3f-21ec-40eb-afbc-35b72b1913ef" />
    <UnitTestResult executionId="7cbbee9f-c024-4511-93b1-fb292e4387f8" testId="019b787c-88b2-9680-3a7b-9251d2235f77" testName="Skillaz.Tests.CompanySpecific.X5.Naumen.NaumenSlaTests.Sla_calculates_correctly_for_next_day(candidateTimeZone: 11, sla: 02:00:00, startDate: 2020-01-01T02:00:00.0000000Z, truth: [NaumenTimeRange { From = &quot;2020-01-01 07:00:00&quot;, To = &quot;2020-01-01 09:00:00&quot; }])" computerName="DESKTOP-F6SKA47" duration="00:00:00.0000674" startTime="2021-12-16T16:16:29.3684583+03:00" endTime="2021-12-16T16:16:29.3684600+03:00" testType="13cdc9d9-ddb5-4fa4-a97d-d965ccfc6d4b" outcome="Passed" testListId="8c84fa94-04c1-424b-9868-57a2d4851a1d" relativeResultsDirectory="7cbbee9f-c024-4511-93b1-fb292e4387f8" />
    <UnitTestResult executionId="6141e6fc-e1c0-4216-8dbe-900040f5f7c5" testId="842d3a94-72be-8994-8df2-7bcc724c944a" testName="Skillaz.Tests.Assessment.Interviews.VideoInterview_feature.Getting_a_video_interview_result" computerName="DESKTOP-F6SKA47" duration="00:00:02.8154071" startTime="2021-12-16T16:26:07.2988722+03:00" endTime="2021-12-16T16:26:07.2988745+03:00" testType="13cdc9d9-ddb5-4fa4-a97d-d965ccfc6d4b" outcome="Passed" testListId="8c84fa94-04c1-424b-9868-57a2d4851a1d" relativeResultsDirectory="6141e6fc-e1c0-4216-8dbe-900040f5f7c5">
      <Output>
        <StdOut>SCENARIO: Getting a video interview result&#xD;
  STEP 1/5: GIVEN a candidate in a vacancy in a company...&#xD;
  STEP 1/5: GIVEN a candidate in a vacancy in a company (Passed after 459ms)&#xD;
  STEP 2/5: AND the authenticated user...&#xD;
  STEP 2/5: AND the authenticated user (Passed after 123ms)&#xD;
  STEP 3/5: AND the interview...&#xD;
  STEP 3/5: AND the interview (Passed after 149ms)&#xD;
  STEP 4/5: WHEN a video interview result is requested...&#xD;
  STEP 4/5: WHEN a video interview result is requested (Passed after 1s 133ms)&#xD;
  STEP 5/5: THEN a video interview result should be retrieved...&#xD;
  STEP 5/5: THEN a video interview result should be retrieved (Passed after &lt;1ms)&#xD;
  SCENARIO RESULT: Passed after 1s 872ms</StdOut>
      </Output>
    </UnitTestResult>
    <UnitTestResult executionId="490de804-52a4-4347-92c3-df8098de5d0a" testId="695a69c9-264c-d1c5-2032-535ef4bf39f9" testName="Skillaz.Tests.CompanySpecific.X5.Naumen.NaumenSlaTests.Sla_calculates_correctly_for_split_days(candidateTimeZone: 11, sla: 03:00:00, startDate: 2019-12-31T07:30:00.0000000Z, truth: [NaumenTimeRange { From = &quot;2019-12-31 10:30:00&quot;, To = &quot;2019-12-31 12:00:00&quot; }, NaumenTimeRange { From = &quot;2020-01-01 07:00:00&quot;, To = &quot;2020-01-01 08:30:00&quot; }])" computerName="DESKTOP-F6SKA47" duration="00:00:00.0000877" startTime="2021-12-16T16:16:29.0275016+03:00" endTime="2021-12-16T16:16:29.0275021+03:00" testType="13cdc9d9-ddb5-4fa4-a97d-d965ccfc6d4b" outcome="Passed" testListId="8c84fa94-04c1-424b-9868-57a2d4851a1d" relativeResultsDirectory="490de804-52a4-4347-92c3-df8098de5d0a" />
    <UnitTestResult executionId="4de10383-b512-485c-9246-6f17cbe7c6c8" testId="b6fe95b8-ae01-5219-1376-8e5edb8b1086" testName="Skillaz.Tests.Publication.VacancyPublicationRule_feature.Automatic_vacancy_publication_rules_processing_works" computerName="DESKTOP-F6SKA47" duration="00:00:11.1694470" startTime="2021-12-16T16:27:16.7053989+03:00" endTime="2021-12-16T16:27:16.7054008+03:00" testType="13cdc9d9-ddb5-4fa4-a97d-d965ccfc6d4b" outcome="Passed" testListId="8c84fa94-04c1-424b-9868-57a2d4851a1d" relativeResultsDirectory="4de10383-b512-485c-9246-6f17cbe7c6c8">
      <Output>
        <StdOut>SCENARIO: Automatic vacancy publication rules processing works&#xD;
  STEP 1/13: GIVEN a company...&#xD;
  STEP 1/13: GIVEN a company (Passed after 55ms)&#xD;
  STEP 2/13: AND the authenticated user...&#xD;
  STEP 2/13: AND the authenticated user (Passed after 97ms)&#xD;
  STEP 3/13: AND the vacancy in the company...&#xD;
  STEP 3/13: AND the vacancy in the company (Passed after 98ms)&#xD;
  STEP 4/13: AND request without hh publication...&#xD;
  STEP 4/13: AND request without hh publication (Passed after 89ms)&#xD;
  STEP 5/13: AND hh account...&#xD;
  STEP 5/13: AND hh account (Passed after 90ms)&#xD;
  STEP 6/13: AND hh publication template...&#xD;
  STEP 6/13: AND hh publication template (Passed after 103ms)&#xD;
  STEP 7/13: AND active hh publication rule...&#xD;
  STEP 7/13: AND active hh publication rule (Passed after 671ms)&#xD;
  STEP 8/13: AND additional active manual hh rule...&#xD;
  STEP 8/13: AND additional active manual hh rule (Passed after 104ms)&#xD;
  STEP 9/13: WHEN rules processing is triggered...&#xD;
  STEP 9/13: WHEN rules processing is triggered (Passed after 5s 541ms)&#xD;
  STEP 10/13: THEN hh vacancy is linked to request...&#xD;
  STEP 10/13: THEN hh vacancy is linked to request (Passed after 269ms)&#xD;
  STEP 11/13: AND there is successful publication attempt in publish rule...&#xD;
  STEP 11/13: AND there is successful publication attempt in publish rule (Passed after 1s 216ms)&#xD;
  STEP 12/13: AND rule is successfully finished...&#xD;
  STEP 12/13: AND rule is successfully finished (Passed after 4ms)&#xD;
  STEP 13/13: AND additional rule is not processed...&#xD;
  STEP 13/13: AND additional rule is not processed (Passed after 25ms)&#xD;
  SCENARIO RESULT: Passed after 8s 373ms</StdOut>
      </Output>
    </UnitTestResult>
    <UnitTestResult executionId="d6f373ff-babf-4eb4-a578-4466d479df90" testId="464266a4-a6bd-5a86-e6ca-6e956ba0703a" testName="Skillaz.Tests.Configurator.Deduplication.UpdateCandidateByRuleTest.Check_Action_Notifications" computerName="DESKTOP-F6SKA47" duration="00:00:05.8214464" startTime="2021-12-16T16:27:22.2342825+03:00" endTime="2021-12-16T16:27:22.2342847+03:00" testType="13cdc9d9-ddb5-4fa4-a97d-d965ccfc6d4b" outcome="Passed" testListId="8c84fa94-04c1-424b-9868-57a2d4851a1d" relativeResultsDirectory="d6f373ff-babf-4eb4-a578-4466d479df90">
      <Output>
        <StdOut>SCENARIO: Check Action Notifications&#xD;
  STEP 1/5: Init...&#xD;
  STEP 1/5: Init (Passed after 2s 297ms)&#xD;
  STEP 2/5: GIVEN email template...&#xD;
  STEP 2/5: GIVEN email template (Passed after 417ms)&#xD;
  STEP 3/5: WHEN Notifications...&#xD;
  STEP 3/5: WHEN Notifications (Passed after 1s 179ms)&#xD;
  STEP 4/5: THEN Candidate...&#xD;
  STEP 4/5: THEN Candidate (Passed after 3ms)&#xD;
  STEP 5/5: Check Notifications...&#xD;
  STEP 5/5: Check Notifications (Passed after 40ms)&#xD;
  SCENARIO RESULT: Passed after 3s 946ms</StdOut>
      </Output>
    </UnitTestResult>
    <UnitTestResult executionId="46397dc4-e409-41e7-b9b6-53c348275971" testId="ec057dab-064e-cf8b-d844-8c3bf6f45cb6" testName="Skillaz.Tests.OpenApi.CheckApi.UpdateCheck_feature.Check_candidate_update" computerName="DESKTOP-F6SKA47" duration="00:00:12.9857013" startTime="2021-12-16T16:28:37.7444475+03:00" endTime="2021-12-16T16:28:37.7444502+03:00" testType="13cdc9d9-ddb5-4fa4-a97d-d965ccfc6d4b" outcome="Passed" testListId="8c84fa94-04c1-424b-9868-57a2d4851a1d" relativeResultsDirectory="46397dc4-e409-41e7-b9b6-53c348275971">
      <Output>
        <StdOut>SCENARIO: Check candidate update&#xD;
  STEP 1/11: GIVEN a company...&#xD;
  STEP 1/11: GIVEN a company (Passed after 91ms)&#xD;
  STEP 2/11: AND the authenticated user...&#xD;
  STEP 2/11: AND the authenticated user (Passed after 194ms)&#xD;
  STEP 3/11: AND the vacancy in the company...&#xD;
  STEP 3/11: AND the vacancy in the company (Passed after 104ms)&#xD;
  STEP 4/11: AND client configuration with check workflow and model...&#xD;
  STEP 4/11: AND client configuration with check workflow and model (Passed after 9s 210ms)&#xD;
  STEP 5/11: AND a candidate...&#xD;
  STEP 5/11: AND a candidate (Passed after 49ms)&#xD;
  STEP 6/11: AND a check...&#xD;
  STEP 6/11: AND a check (Passed after 96ms)&#xD;
  STEP 7/11: AND funnel with check configuration...&#xD;
  STEP 7/11: AND funnel with check configuration (Passed after 46ms)&#xD;
  STEP 8/11: WHEN check update...&#xD;
  STEP 8/11: WHEN check update (Passed after 1s 842ms)&#xD;
  STEP 9/11: THEN TestData result is correct...&#xD;
  STEP 9/11: THEN TestData result is correct (Passed after 186ms)&#xD;
  STEP 10/11: AND TestData db is correct...&#xD;
  STEP 10/11: AND TestData db is correct (Passed after 453ms)&#xD;
  STEP 11/11: AND status is correct...&#xD;
  STEP 11/11: AND status is correct (Passed after 473ms)&#xD;
  SCENARIO RESULT: Passed after 12s 757ms</StdOut>
      </Output>
    </UnitTestResult>
    <UnitTestResult executionId="45cede71-ce55-476d-b226-a7dcd1336881" testId="1f76166c-e4f6-f0bd-9edd-97eaf2a34672" testName="Skillaz.Tests.Candidate.Workflow.CreateCandidateCommand_feature.If_current_company_is_x5_And_creating_candidate_is_duplicate_And_audit_info_updated_at_more_then_30_days_in_past_Then_existing_candidate_vacancy_should_be_changed_to_vacancy_from_new_candidate" computerName="DESKTOP-F6SKA47" duration="00:00:00.0010000" startTime="2021-12-16T16:22:49.0183849+03:00" endTime="2021-12-16T16:22:49.0183866+03:00" testType="13cdc9d9-ddb5-4fa4-a97d-d965ccfc6d4b" outcome="NotExecuted" testListId="8c84fa94-04c1-424b-9868-57a2d4851a1d" relativeResultsDirectory="45cede71-ce55-476d-b226-a7dcd1336881">
      <Output>
        <StdOut>You need Elasticsearch 7.5 local instance on 9200 port</StdOut>
      </Output>
    </UnitTestResult>
    <UnitTestResult executionId="47173f04-32a7-41a0-94af-10edf6286413" testId="e8e1fa6a-66fd-320c-d150-bc0efc0ee09b" testName="Skillaz.Tests.Configurator.DocumentModel.TitleFeature.Проверить_настройки_заголовков" computerName="DESKTOP-F6SKA47" duration="00:00:02.0719025" startTime="2021-12-16T16:16:52.7884805+03:00" endTime="2021-12-16T16:16:52.7884845+03:00" testType="13cdc9d9-ddb5-4fa4-a97d-d965ccfc6d4b" outcome="Passed" testListId="8c84fa94-04c1-424b-9868-57a2d4851a1d" relativeResultsDirectory="47173f04-32a7-41a0-94af-10edf6286413">
      <Output>
        <StdOut>SCENARIO: Проверить настройки заголовков&#xD;
  STEP 1/4: GIVEN a company...&#xD;
  STEP 1/4: GIVEN a company (Passed after 137ms)&#xD;
  STEP 2/4: AND the authenticated user...&#xD;
  STEP 2/4: AND the authenticated user (Passed after 154ms)&#xD;
  STEP 3/4: Определить модель...&#xD;
  STEP 3/4: Определить модель (Passed after 527ms)&#xD;
  STEP 4/4: Проверить как генерируется заголовок...&#xD;
  STEP 4/4: Проверить как генерируется заголовок (Passed after 734ms)&#xD;
  SCENARIO RESULT: Passed after 1s 559ms</StdOut>
      </Output>
    </UnitTestResult>
    <UnitTestResult executionId="7de97fd3-9441-4682-bbdf-1c557b94a355" testId="a5fabe35-6350-cdb8-82a4-586b676504e6" testName="Skillaz.Tests.Configurator.DocumentModel.DocumentModelFieldBuilderFromRegistryRefSource_feature.Multiple_options_default_value_from_configurator" computerName="DESKTOP-F6SKA47" duration="00:00:03.8840844" startTime="2021-12-16T16:21:46.3839693+03:00" endTime="2021-12-16T16:21:46.3839722+03:00" testType="13cdc9d9-ddb5-4fa4-a97d-d965ccfc6d4b" outcome="Passed" testListId="8c84fa94-04c1-424b-9868-57a2d4851a1d" relativeResultsDirectory="7de97fd3-9441-4682-bbdf-1c557b94a355">
      <Output>
        <StdOut>SCENARIO: Multiple options default value from configurator&#xD;
  STEP 1/8: GIVEN a company...&#xD;
  STEP 1/8: GIVEN a company (Passed after 114ms)&#xD;
  STEP 2/8: AND the authenticated admin user...&#xD;
  STEP 2/8: AND the authenticated admin user (Passed after 200ms)&#xD;
  STEP 3/8: AND an org unit...&#xD;
  STEP 3/8: AND an org unit (Passed after 262ms)&#xD;
  STEP 4/8: AND a model [copyTargetCoreFieldName: "ParentIds"] [copyTargetObjectType: "OrgUnit"] [copyTargetType: "OrgUnit"] [isMultiValue: "True"]...&#xD;
  STEP 4/8: AND a model [copyTargetCoreFieldName: "ParentIds"] [copyTargetObjectType: "OrgUnit"] [copyTargetType: "OrgUnit"] [isMultiValue: "True"] (Passed after 557ms)&#xD;
  STEP 5/8: AND an array of org units...&#xD;
  STEP 5/8: AND an array of org units (Passed after 72ms)&#xD;
  STEP 6/8: AND a reference value with object from configurator...&#xD;
  STEP 6/8: AND a reference value with object from configurator (Passed after 1s 452ms)&#xD;
  STEP 7/8: WHEN document model load defaults...&#xD;
  STEP 7/8: WHEN document model load defaults (Passed after 190ms)&#xD;
  STEP 8/8: THEN no exception is thrown...&#xD;
  STEP 8/8: THEN no exception is thrown (Passed after &lt;1ms)&#xD;
  SCENARIO RESULT: Passed after 3s 107ms</StdOut>
      </Output>
    </UnitTestResult>
    <UnitTestResult executionId="89057800-efa6-435f-bc8a-945c0a7dc964" testId="4a239d1e-c12b-15c8-2f9f-41cde3094d5e" testName="Skillaz.Tests.DocumentModels.FieldValueComparerTests.DifferentTypeComparison(firstValue: 1, secondValue: &quot;1&quot;)" computerName="DESKTOP-F6SKA47" duration="00:00:00.0000126" startTime="2021-12-16T16:16:31.0317919+03:00" endTime="2021-12-16T16:16:31.0317930+03:00" testType="13cdc9d9-ddb5-4fa4-a97d-d965ccfc6d4b" outcome="Passed" testListId="8c84fa94-04c1-424b-9868-57a2d4851a1d" relativeResultsDirectory="89057800-efa6-435f-bc8a-945c0a7dc964" />
    <UnitTestResult executionId="5ccc1752-6c76-4d19-bef0-20facc9d113d" testId="39bbe88c-a5a1-69b6-0e18-a75bb02edd6c" testName="Skillaz.Tests.CompanySpecific.X5.Naumen.NaumenSlaTests.Sla_calculates_correctly_within_one_day(candidateTimeZone: 9, sla: 03:00:00, startDate: 2019-12-31T08:00:00.0000000Z, truth: [NaumenTimeRange { From = &quot;2019-12-31 11:00:00&quot;, To = &quot;2019-12-31 14:00:00&quot; }])" computerName="DESKTOP-F6SKA47" duration="00:00:00.0000512" startTime="2021-12-16T16:16:29.0271159+03:00" endTime="2021-12-16T16:16:29.0271163+03:00" testType="13cdc9d9-ddb5-4fa4-a97d-d965ccfc6d4b" outcome="Passed" testListId="8c84fa94-04c1-424b-9868-57a2d4851a1d" relativeResultsDirectory="5ccc1752-6c76-4d19-bef0-20facc9d113d" />
    <UnitTestResult executionId="1bc25520-ad40-4e4a-bbdf-292ba6ab691b" testId="9262dd40-c709-46f8-2cb6-41a70019d903" testName="Skillaz.Tests.Request.X5.X5GetRequestListCommand_feature.If_request_has_no_display_name_result_name_should_contain_request_title" computerName="DESKTOP-F6SKA47" duration="00:00:07.5472911" startTime="2021-12-16T16:24:59.7090866+03:00" endTime="2021-12-16T16:24:59.7090977+03:00" testType="13cdc9d9-ddb5-4fa4-a97d-d965ccfc6d4b" outcome="Passed" testListId="8c84fa94-04c1-424b-9868-57a2d4851a1d" relativeResultsDirectory="1bc25520-ad40-4e4a-bbdf-292ba6ab691b">
      <Output>
        <StdOut>SCENARIO: If request has no display name result name should contain request title&#xD;
  STEP 1/8: GIVEN a company [companyId: "61bb3e247f10d6937478e0d4"]...&#xD;
  STEP 1/8: GIVEN a company [companyId: "61bb3e247f10d6937478e0d4"] (Passed after 63ms)&#xD;
  STEP 2/8: AND the vacancy in the company...&#xD;
  STEP 2/8: AND the vacancy in the company (Passed after 56ms)&#xD;
  STEP 3/8: AND candidate "Skillaz.Candidate.Contract.Documents.Candidate.CandidateDocument"...&#xD;
  STEP 3/8: AND candidate "Skillaz.Candidate.Contract.Documents.Candidate.CandidateDocument" (Passed after 66ms)&#xD;
  STEP 4/8: AND request "Skillaz.Candidate.Contract.Request.RequestDocument"...&#xD;
  STEP 4/8: AND request "Skillaz.Candidate.Contract.Request.RequestDocument" (Passed after 40ms)&#xD;
  STEP 5/8: AND created indexes for requests...&#xD;
  STEP 5/8: AND created indexes for requests (Passed after 4s 478ms)&#xD;
  STEP 6/8: AND candidate profile [candidateProfileDocument: "Skillaz.Candidate.Contract.Documents.CandidateProfile.CandidateProfileDocument"]...&#xD;
  STEP 6/8: AND candidate profile [candidateProfileDocument: "Skillaz.Candidate.Contract.Documents.CandidateProfile.CandidateProfileDocument"] (Passed after 68ms)&#xD;
  STEP 7/8: WHEN getting available requests list...&#xD;
  STEP 7/8: WHEN getting available requests list (Passed after 547ms)&#xD;
  STEP 8/8: THEN result list consists of one element with name "Request awesome title (Расстояние: 28.2 км.) Moscow, Pokryshkina, 10/2, тип: Обычный, от 10000 до 20000 руб, график: Flexible, пол: Мужской"...&#xD;
  STEP 8/8: THEN result list consists of one element with name "Request awesome title (Расстояние: 28.2 км.) Moscow, Pokryshkina, 10/2, тип: Обычный, от 10000 до 20000 руб, график: Flexible, пол: Мужской" (Passed after 18ms)&#xD;
  SCENARIO RESULT: Passed after 5s 363ms</StdOut>
      </Output>
    </UnitTestResult>
    <UnitTestResult executionId="a09503a7-67b7-4b65-9f42-5356c622d35f" testId="71414aab-127a-a791-b6e6-528a7bc1f3b8" testName="Skillaz.Tests.WebHooks.WebHooks_feature.AsynchronousWebHookTestCreatedWithUnsuccessfulCallback" computerName="DESKTOP-F6SKA47" duration="00:00:02.4440521" startTime="2021-12-16T16:22:14.9377729+03:00" endTime="2021-12-16T16:22:14.9377747+03:00" testType="13cdc9d9-ddb5-4fa4-a97d-d965ccfc6d4b" outcome="Passed" testListId="8c84fa94-04c1-424b-9868-57a2d4851a1d" relativeResultsDirectory="a09503a7-67b7-4b65-9f42-5356c622d35f">
      <Output>
        <StdOut>SCENARIO: AsynchronousWebHookTestCreatedWithUnsuccessfulCallback&#xD;
  STEP 1/6: GIVEN a company...&#xD;
  STEP 1/6: GIVEN a company (Passed after 101ms)&#xD;
  STEP 2/6: AND the authenticated user...&#xD;
  STEP 2/6: AND the authenticated user (Passed after 234ms)&#xD;
  STEP 3/6: AND a asynchronous subscription...&#xD;
  STEP 3/6: AND a asynchronous subscription (Passed after 79ms)&#xD;
  STEP 4/6: AND a web hook server which sends unsuccessful callbacks...&#xD;
  STEP 4/6: AND a web hook server which sends unsuccessful callbacks (Passed after &lt;1ms)&#xD;
  STEP 5/6: WHEN web hook test created...&#xD;
  STEP 5/6: WHEN web hook test created (Passed after 450ms)&#xD;
  STEP 6/6: THEN fail should be logged...&#xD;
  STEP 6/6: THEN fail should be logged (Passed after 3ms)&#xD;
  SCENARIO RESULT: Passed after 872ms</StdOut>
      </Output>
    </UnitTestResult>
    <UnitTestResult executionId="c8e95d60-36d3-43e1-bf0c-61d1658a2c6c" testId="4ca2daa2-bc33-a608-b0a7-7c4e1d778083" testName="Skillaz.Tests.SupportChats.SupportChats_feature.Accept_client_chat" computerName="DESKTOP-F6SKA47" duration="00:00:08.9608695" startTime="2021-12-16T16:24:01.2094126+03:00" endTime="2021-12-16T16:24:01.2094158+03:00" testType="13cdc9d9-ddb5-4fa4-a97d-d965ccfc6d4b" outcome="Passed" testListId="8c84fa94-04c1-424b-9868-57a2d4851a1d" relativeResultsDirectory="c8e95d60-36d3-43e1-bf0c-61d1658a2c6c">
      <Output>
        <StdOut>SCENARIO: Accept client chat&#xD;
  STEP 1/6: GIVEN a company...&#xD;
  STEP 1/6: GIVEN a company (Passed after 148ms)&#xD;
  STEP 2/6: AND the authenticated admin user...&#xD;
  STEP 2/6: AND the authenticated admin user (Passed after 307ms)&#xD;
  STEP 3/6: AND a user agent...&#xD;
  STEP 3/6: AND a user agent (Passed after 213ms)&#xD;
  STEP 4/6: AND a new chat...&#xD;
  STEP 4/6: AND a new chat (Passed after 724ms)&#xD;
  STEP 5/6: WHEN agent accepts chat...&#xD;
  STEP 5/6: WHEN agent accepts chat (Passed after 5s 227ms)&#xD;
  STEP 6/6: THEN chat is accepted...&#xD;
  STEP 6/6: THEN chat is accepted (Passed after 104ms)&#xD;
  SCENARIO RESULT: Passed after 6s 736ms</StdOut>
      </Output>
    </UnitTestResult>
    <UnitTestResult executionId="41264726-a584-41e5-bba5-d92724730589" testId="019b787c-88b2-9680-3a7b-9251d2235f77" testName="Skillaz.Tests.CompanySpecific.X5.Naumen.NaumenSlaTests.Sla_calculates_correctly_for_next_day(candidateTimeZone: 9, sla: 02:00:00, startDate: 2019-12-31T12:00:00.0000000Z, truth: [NaumenTimeRange { From = &quot;2020-01-01 07:00:00&quot;, To = &quot;2020-01-01 09:00:00&quot; }])" computerName="DESKTOP-F6SKA47" duration="00:00:00.0000339" startTime="2021-12-16T16:16:29.3125611+03:00" endTime="2021-12-16T16:16:29.3125621+03:00" testType="13cdc9d9-ddb5-4fa4-a97d-d965ccfc6d4b" outcome="Passed" testListId="8c84fa94-04c1-424b-9868-57a2d4851a1d" relativeResultsDirectory="41264726-a584-41e5-bba5-d92724730589" />
    <UnitTestResult executionId="e64aaea9-25c0-432e-8916-888dbe6087bc" testId="b12ab7f1-6f04-0dbb-b758-be106052c56a" testName="Should create questionnaire" computerName="DESKTOP-F6SKA47" duration="00:00:07.1002618" startTime="2021-12-16T16:21:56.0394627+03:00" endTime="2021-12-16T16:21:56.0394704+03:00" testType="13cdc9d9-ddb5-4fa4-a97d-d965ccfc6d4b" outcome="Passed" testListId="8c84fa94-04c1-424b-9868-57a2d4851a1d" relativeResultsDirectory="e64aaea9-25c0-432e-8916-888dbe6087bc" />
    <UnitTestResult executionId="1f03311e-340e-486b-a745-02cbac04821f" testId="019b787c-88b2-9680-3a7b-9251d2235f77" testName="Skillaz.Tests.CompanySpecific.X5.Naumen.NaumenSlaTests.Sla_calculates_correctly_for_next_day(candidateTimeZone: 12, sla: 02:00:00, startDate: 2019-12-31T23:30:00.0000000Z, truth: [NaumenTimeRange { From = &quot;2020-01-01 07:00:00&quot;, To = &quot;2020-01-01 09:00:00&quot; }])" computerName="DESKTOP-F6SKA47" duration="00:00:00.0000457" startTime="2021-12-16T16:16:29.3800837+03:00" endTime="2021-12-16T16:16:29.3800843+03:00" testType="13cdc9d9-ddb5-4fa4-a97d-d965ccfc6d4b" outcome="Passed" testListId="8c84fa94-04c1-424b-9868-57a2d4851a1d" relativeResultsDirectory="1f03311e-340e-486b-a745-02cbac04821f" />
    <UnitTestResult executionId="827547fc-be6e-4762-984d-96791ef0ae15" testId="01c4c4b2-93a9-083b-8385-d5344d71efc0" testName="Skillaz.Tests.Candidate.Elastic.CandidateElasticFiltration_feature.Retrieving_candidates_by_current_status" computerName="DESKTOP-F6SKA47" duration="00:00:00.0010000" startTime="2021-12-16T16:24:39.9413287+03:00" endTime="2021-12-16T16:24:39.9413346+03:00" testType="13cdc9d9-ddb5-4fa4-a97d-d965ccfc6d4b" outcome="NotExecuted" testListId="8c84fa94-04c1-424b-9868-57a2d4851a1d" relativeResultsDirectory="827547fc-be6e-4762-984d-96791ef0ae15">
      <Output>
        <StdOut>You need Elasticsearch 7.5 local instance on 9200 port</StdOut>
      </Output>
    </UnitTestResult>
    <UnitTestResult executionId="0eefc2aa-00ce-4f14-88e6-949608eb23f1" testId="04e919ac-d964-b15e-bff2-9363ef536ccb" testName="Skillaz.Tests.SupportAgents.SupportAgents_feature.Update_agent_info" computerName="DESKTOP-F6SKA47" duration="00:00:04.5855069" startTime="2021-12-16T16:20:07.4752040+03:00" endTime="2021-12-16T16:20:07.4752096+03:00" testType="13cdc9d9-ddb5-4fa4-a97d-d965ccfc6d4b" outcome="Passed" testListId="8c84fa94-04c1-424b-9868-57a2d4851a1d" relativeResultsDirectory="0eefc2aa-00ce-4f14-88e6-949608eb23f1">
      <Output>
        <StdOut>SCENARIO: Update agent info&#xD;
  STEP 1/5: GIVEN a company...&#xD;
  STEP 1/5: GIVEN a company (Passed after 267ms)&#xD;
  STEP 2/5: AND the authenticated admin user...&#xD;
  STEP 2/5: AND the authenticated admin user (Passed after 555ms)&#xD;
  STEP 3/5: AND support agent...&#xD;
  STEP 3/5: AND support agent (Passed after 2s 107ms)&#xD;
  STEP 4/5: WHEN changing agent info...&#xD;
  STEP 4/5: WHEN changing agent info (Passed after 1s 046ms)&#xD;
  STEP 5/5: THEN agent info updated...&#xD;
  STEP 5/5: THEN agent info updated (Passed after 175ms)&#xD;
  SCENARIO RESULT: Passed after 4s 193ms</StdOut>
      </Output>
    </UnitTestResult>
    <UnitTestResult executionId="e286bdf1-e0d2-4614-b9d2-7d5993d5b6bc" testId="13c59ff2-3734-61ea-863d-2beb120fa3d8" testName="Skillaz.Tests.DocumentModels.DocumentModel_SettingPreviewUrlForAttachments.Check_than_preview_url_set_in_attachment_for_view_model_multiply_attach_in_implicit_field" computerName="DESKTOP-F6SKA47" duration="00:00:03.3228201" startTime="2021-12-16T16:25:47.2260935+03:00" endTime="2021-12-16T16:25:47.2260939+03:00" testType="13cdc9d9-ddb5-4fa4-a97d-d965ccfc6d4b" outcome="Passed" testListId="8c84fa94-04c1-424b-9868-57a2d4851a1d" relativeResultsDirectory="e286bdf1-e0d2-4614-b9d2-7d5993d5b6bc">
      <Output>
        <StdOut>SCENARIO: Check than preview url set in attachment for view model multiply attach in implicit field&#xD;
  STEP 1/6: GIVEN a company...&#xD;
  STEP 1/6: GIVEN a company (Passed after 227ms)&#xD;
  STEP 2/6: AND the authenticated user...&#xD;
  STEP 2/6: AND the authenticated user (Passed after 454ms)&#xD;
  STEP 3/6: AND a test model...&#xD;
  STEP 3/6: AND a test model (Passed after 1s 127ms)&#xD;
  STEP 4/6: AND a test document model...&#xD;
  STEP 4/6: AND a test document model (Passed after 74ms)&#xD;
  STEP 5/6: WHEN model converting to view model [fieldKey: "ExtraData.MultiplyImplicitAttachment"] [isMultiply: "True"]...&#xD;
  STEP 5/6: WHEN model converting to view model [fieldKey: "ExtraData.MultiplyImplicitAttachment"] [isMultiply: "True"] (Passed after 615ms)&#xD;
  STEP 6/6: THEN attached file in view model have filled preview url...&#xD;
  STEP 6/6: THEN attached file in view model have filled preview url (Passed after &lt;1ms)&#xD;
  SCENARIO RESULT: Passed after 2s 542ms</StdOut>
      </Output>
    </UnitTestResult>
    <UnitTestResult executionId="0205d38a-9511-4540-a3bf-22f16bac909e" testId="fa9452aa-a9cf-3b83-c5e1-d7e5d5ef7d94" testName="Skillaz.Tests.Assessment.Interviews.QuizInterview_feature.Setting_auto_score_quiz_interview_answers" computerName="DESKTOP-F6SKA47" duration="00:00:18.4024243" startTime="2021-12-16T16:29:21.3832257+03:00" endTime="2021-12-16T16:29:21.3832430+03:00" testType="13cdc9d9-ddb5-4fa4-a97d-d965ccfc6d4b" outcome="Passed" testListId="8c84fa94-04c1-424b-9868-57a2d4851a1d" relativeResultsDirectory="0205d38a-9511-4540-a3bf-22f16bac909e">
      <Output>
        <StdOut>SCENARIO: Setting auto score quiz interview answers&#xD;
  STEP 1/4: GIVEN a candidate in a vacancy in a company...&#xD;
  STEP 1/4: GIVEN a candidate in a vacancy in a company (Passed after 2s 513ms)&#xD;
  STEP 2/4: AND the auto score interview...&#xD;
  STEP 2/4: AND the auto score interview (Passed after 2s 126ms)&#xD;
  STEP 3/4: WHEN quiz interview answers are set...&#xD;
  STEP 3/4: WHEN quiz interview answers are set (Passed after 12s 033ms)&#xD;
  STEP 4/4: THEN candidate status should be declined by testing...&#xD;
  STEP 4/4: THEN candidate status should be declined by testing (Passed after 1s 166ms)&#xD;
  SCENARIO RESULT: Passed after 17s 856ms</StdOut>
      </Output>
    </UnitTestResult>
    <UnitTestResult executionId="48904bac-0bb5-4f37-91f8-9c36af639075" testId="40b10183-501a-339a-6868-18857312ac99" testName="Skillaz.Tests.Candidate.RoleRestrictionChangingCandidateStatus_feature.User_is_admin_and_can_change_status" computerName="DESKTOP-F6SKA47" duration="00:00:10.3784881" startTime="2021-12-16T16:19:22.7056398+03:00" endTime="2021-12-16T16:19:22.7056433+03:00" testType="13cdc9d9-ddb5-4fa4-a97d-d965ccfc6d4b" outcome="Passed" testListId="8c84fa94-04c1-424b-9868-57a2d4851a1d" relativeResultsDirectory="48904bac-0bb5-4f37-91f8-9c36af639075">
      <Output>
        <StdOut>SCENARIO: User is admin and can change status&#xD;
  STEP 1/8: GIVEN a company [companyId: "testCompany"]...&#xD;
  STEP 1/8: GIVEN a company [companyId: "testCompany"] (Passed after 548ms)&#xD;
  STEP 2/8: AND the authenticated user...&#xD;
  STEP 2/8: AND the authenticated user (Passed after 810ms)&#xD;
  STEP 3/8: Set admin restrictions...&#xD;
  STEP 3/8: Set admin restrictions (Passed after &lt;1ms)&#xD;
  STEP 4/8: GIVEN a vacancy...&#xD;
  STEP 4/8: GIVEN a vacancy (Passed after 430ms)&#xD;
  STEP 5/8: AND a candidate...&#xD;
  STEP 5/8: AND a candidate (Passed after 1s 139ms)&#xD;
  STEP 6/8: AND MassCandidatesStatusDto with restrict user status...&#xD;
  STEP 6/8: AND MassCandidatesStatusDto with restrict user status (Passed after 1ms)&#xD;
  STEP 7/8: WHEN status change...&#xD;
  STEP 7/8: WHEN status change (Passed after 6s 383ms)&#xD;
  STEP 8/8: THEN Candidate has new status...&#xD;
  STEP 8/8: THEN Candidate has new status (Passed after 134ms)&#xD;
  SCENARIO RESULT: Passed after 9s 512ms</StdOut>
      </Output>
    </UnitTestResult>
    <UnitTestResult executionId="f77d0bb9-e0b1-44b6-8c71-f844438bb03a" testId="019b787c-88b2-9680-3a7b-9251d2235f77" testName="Skillaz.Tests.CompanySpecific.X5.Naumen.NaumenSlaTests.Sla_calculates_correctly_for_next_day(candidateTimeZone: 3, sla: 02:00:00, startDate: 2020-01-01T04:00:00.0000000Z, truth: [NaumenTimeRange { From = &quot;2020-01-01 09:00:00&quot;, To = &quot;2020-01-01 11:00:00&quot; }])" computerName="DESKTOP-F6SKA47" duration="00:00:00.0000338" startTime="2021-12-16T16:16:29.0809737+03:00" endTime="2021-12-16T16:16:29.0809751+03:00" testType="13cdc9d9-ddb5-4fa4-a97d-d965ccfc6d4b" outcome="Passed" testListId="8c84fa94-04c1-424b-9868-57a2d4851a1d" relativeResultsDirectory="f77d0bb9-e0b1-44b6-8c71-f844438bb03a" />
    <UnitTestResult executionId="25105ea0-bbc9-4d45-a60a-11d26e6c5c3b" testId="e1181005-2f42-210e-eca6-ebfa79a255a4" testName="Skillaz.Tests.Configurator.ConfigurationManager.ConfigurationImportExport_feature.Export_all_selected_configurations_feature" computerName="DESKTOP-F6SKA47" duration="00:00:20.8982655" startTime="2021-12-16T16:19:32.6567717+03:00" endTime="2021-12-16T16:19:32.6567736+03:00" testType="13cdc9d9-ddb5-4fa4-a97d-d965ccfc6d4b" outcome="Passed" testListId="8c84fa94-04c1-424b-9868-57a2d4851a1d" relativeResultsDirectory="25105ea0-bbc9-4d45-a60a-11d26e6c5c3b">
      <Output>
        <StdOut>SCENARIO: Export all selected configurations feature&#xD;
  STEP 1/7: GIVEN a company...&#xD;
  STEP 1/7: GIVEN a company (Passed after 245ms)&#xD;
  STEP 2/7: AND the authenticated user...&#xD;
  STEP 2/7: AND the authenticated user (Passed after 895ms)&#xD;
  STEP 3/7: Выдать пользователю нужные права...&#xD;
  STEP 3/7: Выдать пользователю нужные права (Passed after &lt;1ms)&#xD;
  STEP 4/7: Получить воронку в конфигураторе с черновиком...&#xD;
  STEP 4/7: Получить воронку в конфигураторе с черновиком (Passed after 282ms)&#xD;
  STEP 5/7: GIVEN dependencies...&#xD;
  STEP 5/7: GIVEN dependencies (Passed after 1s 410ms)&#xD;
  STEP 6/7: WHEN configuration is exported...&#xD;
  STEP 6/7: WHEN configuration is exported (Passed after 13s 745ms)&#xD;
  STEP 7/7: THEN selected Items should be exported...&#xD;
  STEP 7/7: THEN selected Items should be exported (Passed after 140ms)&#xD;
  SCENARIO RESULT: Passed after 16s 993ms</StdOut>
      </Output>
    </UnitTestResult>
    <UnitTestResult executionId="b066b12a-6e32-46b7-b961-2bf7d61e0fbe" testId="019b787c-88b2-9680-3a7b-9251d2235f77" testName="Skillaz.Tests.CompanySpecific.X5.Naumen.NaumenSlaTests.Sla_calculates_correctly_for_next_day(candidateTimeZone: 12, sla: 02:00:00, startDate: 2019-12-31T09:30:00.0000000Z, truth: [NaumenTimeRange { From = &quot;2020-01-01 07:00:00&quot;, To = &quot;2020-01-01 09:00:00&quot; }])" computerName="DESKTOP-F6SKA47" duration="00:00:00.0000427" startTime="2021-12-16T16:16:29.3690178+03:00" endTime="2021-12-16T16:16:29.3690189+03:00" testType="13cdc9d9-ddb5-4fa4-a97d-d965ccfc6d4b" outcome="Passed" testListId="8c84fa94-04c1-424b-9868-57a2d4851a1d" relativeResultsDirectory="b066b12a-6e32-46b7-b961-2bf7d61e0fbe" />
    <UnitTestResult executionId="42395963-0596-45e2-848d-a57f250c7b3e" testId="04ac004a-5397-1ad2-ffdc-eaa061ac426c" testName="Should get ForbiddenException(jwt: &quot;eyJraWQiOiJGYWtlS2V5IiwiYWxnIjoiSFMyNTYifQ.eyJlbXB&quot;..., wrongReason: &quot;Wrong key&quot;)" computerName="DESKTOP-F6SKA47" duration="00:00:01.1101426" startTime="2021-12-16T16:29:46.9124163+03:00" endTime="2021-12-16T16:29:46.9124238+03:00" testType="13cdc9d9-ddb5-4fa4-a97d-d965ccfc6d4b" outcome="Passed" testListId="8c84fa94-04c1-424b-9868-57a2d4851a1d" relativeResultsDirectory="42395963-0596-45e2-848d-a57f250c7b3e" />
    <UnitTestResult executionId="81cc4888-159c-478d-8431-724c956c44f6" testId="c22554de-7306-bfd1-5343-49cc0ce99d4f" testName="Skillaz.Tests.Vacancy.VacancyCounters_feature.Multiple_hire_requests_counters_works" computerName="DESKTOP-F6SKA47" duration="00:00:10.6688863" startTime="2021-12-16T16:19:27.3211036+03:00" endTime="2021-12-16T16:19:27.3211104+03:00" testType="13cdc9d9-ddb5-4fa4-a97d-d965ccfc6d4b" outcome="Passed" testListId="8c84fa94-04c1-424b-9868-57a2d4851a1d" relativeResultsDirectory="81cc4888-159c-478d-8431-724c956c44f6">
      <Output>
        <StdOut>SCENARIO: Multiple hire requests counters works&#xD;
  STEP 1/11: GIVEN a company...&#xD;
  STEP 1/11: GIVEN a company (Passed after 139ms)&#xD;
  STEP 2/11: AND the authenticated user...&#xD;
  STEP 2/11: AND the authenticated user (Passed after 341ms)&#xD;
  STEP 3/11: AND the client configuration for company...&#xD;
  STEP 3/11: AND the client configuration for company (Passed after 2s 257ms)&#xD;
  STEP 4/11: AND vacancy counter configuration [documentModelCountersConfigurationDto: "Skillaz.Configurator.Contract.DocumentModel.DocumentModelCountersConfigurationDto, Skillaz.Configurator.Contract.DocumentModel.DocumentModelCountersConfigurationDto"]...&#xD;
  STEP 4/11: AND vacancy counter configuration [documentModelCountersConfigurationDto: "Skillaz.Configurator.Contract.DocumentModel.DocumentModelCountersConfigurationDto, Skillaz.Configurator.Contract.DocumentModel.DocumentModelCountersConfigurationDto"] (Passed after 367ms)&#xD;
  STEP 5/11: AND a vacancy "Skillaz.Candidate.Contract.LegacyVacancy.LegacyVacancyDocument"...&#xD;
  STEP 5/11: AND a vacancy "Skillaz.Candidate.Contract.LegacyVacancy.LegacyVacancyDocument" (Passed after 226ms)&#xD;
  STEP 6/11: AND a vacancy "Skillaz.Candidate.Contract.LegacyVacancy.LegacyVacancyDocument"...&#xD;
  STEP 6/11: AND a vacancy "Skillaz.Candidate.Contract.LegacyVacancy.LegacyVacancyDocument" (Passed after 4ms)&#xD;
  STEP 7/11: AND hire request [hireRequest: "Skillaz.Candidate.Contract.Request.RequestDocument"]...&#xD;
  STEP 7/11: AND hire request [hireRequest: "Skillaz.Candidate.Contract.Request.RequestDocument"] (Passed after 245ms)&#xD;
  STEP 8/11: AND hire request [hireRequest: "Skillaz.Candidate.Contract.Request.RequestDocument"]...&#xD;
  STEP 8/11: AND hire request [hireRequest: "Skillaz.Candidate.Contract.Request.RequestDocument"] (Passed after 4ms)&#xD;
  STEP 9/11: WHEN getting vacancy counters for [vacancyIds: "first-vac, second-vac"]...&#xD;
  STEP 9/11: WHEN getting vacancy counters for [vacancyIds: "first-vac, second-vac"] (Passed after 5s 252ms)&#xD;
  STEP 10/11: THEN hire requests counter should display [vacancyId: "first-vac"] [counterName: "Новые заявки"] [count: "1"]...&#xD;
  STEP 10/11: THEN hire requests counter should display [vacancyId: "first-vac"] [counterName: "Новые заявки"] [count: "1"] (Passed after 38ms)&#xD;
  STEP 11/11: AND hire requests counter should display [vacancyId: "second-vac"] [counterName: "Другие старые заявки"] [count: "1"]...&#xD;
  STEP 11/11: AND hire requests counter should display [vacancyId: "second-vac"] [counterName: "Другие старые заявки"] [count: "1"] (Passed after &lt;1ms)&#xD;
  SCENARIO RESULT: Passed after 9s 212ms</StdOut>
      </Output>
    </UnitTestResult>
    <UnitTestResult executionId="611a8c76-8fb8-47c4-9f82-0f7349c58f3b" testId="2a238c83-444c-7c2d-c4b1-e7a76799652d" testName="Skillaz.Tests.Assessment.Questionnaires.SimulationQuestionnaire_feature.Getting_a_questionnaire_list" computerName="DESKTOP-F6SKA47" duration="00:00:04.2021947" startTime="2021-12-16T16:27:17.8543729+03:00" endTime="2021-12-16T16:27:17.8543748+03:00" testType="13cdc9d9-ddb5-4fa4-a97d-d965ccfc6d4b" outcome="Passed" testListId="8c84fa94-04c1-424b-9868-57a2d4851a1d" relativeResultsDirectory="611a8c76-8fb8-47c4-9f82-0f7349c58f3b">
      <Output>
        <StdOut>SCENARIO: Getting a questionnaire list&#xD;
  STEP 1/5: GIVEN a company...&#xD;
  STEP 1/5: GIVEN a company (Passed after 342ms)&#xD;
  STEP 2/5: AND the authenticated user...&#xD;
  STEP 2/5: AND the authenticated user (Passed after 1s 723ms)&#xD;
  STEP 3/5: AND the questionnaire...&#xD;
  STEP 3/5: AND the questionnaire (Passed after 432ms)&#xD;
  STEP 4/5: WHEN questionnaire list is requested...&#xD;
  STEP 4/5: WHEN questionnaire list is requested (Passed after 234ms)&#xD;
  STEP 5/5: Questionnaire list should be retrieved...&#xD;
  STEP 5/5: Questionnaire list should be retrieved (Passed after &lt;1ms)&#xD;
  SCENARIO RESULT: Passed after 2s 735ms</StdOut>
      </Output>
    </UnitTestResult>
    <UnitTestResult executionId="b6450487-d50e-4514-911f-4a67041e73f2" testId="39bbe88c-a5a1-69b6-0e18-a75bb02edd6c" testName="Skillaz.Tests.CompanySpecific.X5.Naumen.NaumenSlaTests.Sla_calculates_correctly_within_one_day(candidateTimeZone: 4, sla: 05:00:00, startDate: 2019-12-31T11:00:00.0000000Z, truth: [NaumenTimeRange { From = &quot;2019-12-31 14:00:00&quot;, To = &quot;2019-12-31 19:00:00&quot; }])" computerName="DESKTOP-F6SKA47" duration="00:00:00.0000367" startTime="2021-12-16T16:16:28.9078335+03:00" endTime="2021-12-16T16:16:28.9078339+03:00" testType="13cdc9d9-ddb5-4fa4-a97d-d965ccfc6d4b" outcome="Passed" testListId="8c84fa94-04c1-424b-9868-57a2d4851a1d" relativeResultsDirectory="b6450487-d50e-4514-911f-4a67041e73f2" />
    <UnitTestResult executionId="b94c3d6e-3748-4a7d-8680-94c98f09288b" testId="6e238558-a563-5145-daa7-8fe64f56355d" testName="Skillaz.Tests.ProductionCalendars.ProductionCalendarService_feature.Get_holidays_for_period_should_return_holidays_from_to_inclusive_across_different_years" computerName="DESKTOP-F6SKA47" duration="00:00:03.0432741" startTime="2021-12-16T16:24:07.9103306+03:00" endTime="2021-12-16T16:24:07.9103321+03:00" testType="13cdc9d9-ddb5-4fa4-a97d-d965ccfc6d4b" outcome="Passed" testListId="8c84fa94-04c1-424b-9868-57a2d4851a1d" relativeResultsDirectory="b94c3d6e-3748-4a7d-8680-94c98f09288b">
      <Output>
        <StdOut>SCENARIO: Get holidays for period should return holidays from to inclusive across different years&#xD;
  STEP 1/6: GIVEN a company [companyDocument: "Skillaz.Candidate.Contract.LegacyCompany.LegacyCompanyDocument"]...&#xD;
  STEP 1/6: GIVEN a company [companyDocument: "Skillaz.Candidate.Contract.LegacyCompany.LegacyCompanyDocument"] (Passed after 250ms)&#xD;
  STEP 2/6: AND the authenticated user...&#xD;
  STEP 2/6: AND the authenticated user (Passed after 505ms)&#xD;
  STEP 3/6: AND production calendar [productionCalendarDocument: "Skillaz.Candidate.Contract.ProductionCalendar.ProductionCalendarDocument"]...&#xD;
  STEP 3/6: AND production calendar [productionCalendarDocument: "Skillaz.Candidate.Contract.ProductionCalendar.ProductionCalendarDocument"] (Passed after 674ms)&#xD;
  STEP 4/6: AND production calendar [productionCalendarDocument: "Skillaz.Candidate.Contract.ProductionCalendar.ProductionCalendarDocument"]...&#xD;
  STEP 4/6: AND production calendar [productionCalendarDocument: "Skillaz.Candidate.Contract.ProductionCalendar.ProductionCalendarDocument"] (Passed after 1ms)&#xD;
  STEP 5/6: WHEN get holidays for period [from: "12/25/2020 00:00:00"] [to: "01/05/2021 00:00:00"]...&#xD;
  STEP 5/6: WHEN get holidays for period [from: "12/25/2020 00:00:00"] [to: "01/05/2021 00:00:00"] (Passed after 121ms)&#xD;
  STEP 6/6: THEN holidays count should be [holidaysCount: "8"]...&#xD;
  STEP 6/6: THEN holidays count should be [holidaysCount: "8"] (Passed after 71ms)&#xD;
  SCENARIO RESULT: Passed after 1s 640ms</StdOut>
      </Output>
    </UnitTestResult>
    <UnitTestResult executionId="8fb3abbf-c3ca-4c44-bfaf-eacacbeb4aef" testId="086fcd4b-b5c9-266f-189d-7e9ce11ef20c" testName="Skillaz.Tests.Helpers.WorkingDaysHelperFeature.FindProductionDates(dateStrings: [&quot;2020-08-02&quot;, &quot;2020-08-03&quot;, &quot;2020-08-04&quot;, &quot;2020-08-03&quot;])" computerName="DESKTOP-F6SKA47" duration="00:00:00.0971514" startTime="2021-12-16T16:16:29.3925632+03:00" endTime="2021-12-16T16:16:29.3925637+03:00" testType="13cdc9d9-ddb5-4fa4-a97d-d965ccfc6d4b" outcome="Passed" testListId="8c84fa94-04c1-424b-9868-57a2d4851a1d" relativeResultsDirectory="8fb3abbf-c3ca-4c44-bfaf-eacacbeb4aef" />
    <UnitTestResult executionId="66c34c0d-3769-4b44-b2c3-d53d66e023f8" testId="d3686756-b2de-3e8d-01c9-bc4bf442958b" testName="Skillaz.Tests.DocumentModels.DocumentModel_SettingPreviewUrlForAttachments.Check_than_preview_url_set_in_attachment_for_view_model_multiply_attach_in_explicit_field" computerName="DESKTOP-F6SKA47" duration="00:00:03.4209355" startTime="2021-12-16T16:25:47.2260333+03:00" endTime="2021-12-16T16:25:47.2260354+03:00" testType="13cdc9d9-ddb5-4fa4-a97d-d965ccfc6d4b" outcome="Passed" testListId="8c84fa94-04c1-424b-9868-57a2d4851a1d" relativeResultsDirectory="66c34c0d-3769-4b44-b2c3-d53d66e023f8">
      <Output>
        <StdOut>SCENARIO: Check than preview url set in attachment for view model multiply attach in explicit field&#xD;
  STEP 1/6: GIVEN a company...&#xD;
  STEP 1/6: GIVEN a company (Passed after 259ms)&#xD;
  STEP 2/6: AND the authenticated user...&#xD;
  STEP 2/6: AND the authenticated user (Passed after 457ms)&#xD;
  STEP 3/6: AND a test model...&#xD;
  STEP 3/6: AND a test model (Passed after 1s 127ms)&#xD;
  STEP 4/6: AND a test document model...&#xD;
  STEP 4/6: AND a test document model (Passed after 74ms)&#xD;
  STEP 5/6: WHEN model converting to view model [fieldKey: "MultiplyExplicitAttachments"] [isMultiply: "True"]...&#xD;
  STEP 5/6: WHEN model converting to view model [fieldKey: "MultiplyExplicitAttachments"] [isMultiply: "True"] (Passed after 615ms)&#xD;
  STEP 6/6: THEN attached file in view model have filled preview url...&#xD;
  STEP 6/6: THEN attached file in view model have filled preview url (Passed after &lt;1ms)&#xD;
  SCENARIO RESULT: Passed after 2s 641ms</StdOut>
      </Output>
    </UnitTestResult>
    <UnitTestResult executionId="c1c2a42e-2d41-422b-9245-9ede378b03d8" testId="019b787c-88b2-9680-3a7b-9251d2235f77" testName="Skillaz.Tests.CompanySpecific.X5.Naumen.NaumenSlaTests.Sla_calculates_correctly_for_next_day(candidateTimeZone: 2, sla: 02:00:00, startDate: 2019-12-31T19:00:00.0000000Z, truth: [NaumenTimeRange { From = &quot;2020-01-01 10:00:00&quot;, To = &quot;2020-01-01 12:00:00&quot; }])" computerName="DESKTOP-F6SKA47" duration="00:00:00.0001141" startTime="2021-12-16T16:16:29.0593489+03:00" endTime="2021-12-16T16:16:29.0593530+03:00" testType="13cdc9d9-ddb5-4fa4-a97d-d965ccfc6d4b" outcome="Passed" testListId="8c84fa94-04c1-424b-9868-57a2d4851a1d" relativeResultsDirectory="c1c2a42e-2d41-422b-9245-9ede378b03d8" />
    <UnitTestResult executionId="c00db4c2-915e-430b-8348-d6ee69d5ce12" testId="bbee9b98-efa4-bbac-168c-d0cb4fb5815e" testName="Skillaz.Tests.Configurator.DocumentModel.Builder.Зарегистрировать_модель_в_конфигурации_через_билдер" computerName="DESKTOP-F6SKA47" duration="00:00:01.6457411" startTime="2021-12-16T16:24:41.2485627+03:00" endTime="2021-12-16T16:24:41.2485658+03:00" testType="13cdc9d9-ddb5-4fa4-a97d-d965ccfc6d4b" outcome="Passed" testListId="8c84fa94-04c1-424b-9868-57a2d4851a1d" relativeResultsDirectory="c00db4c2-915e-430b-8348-d6ee69d5ce12">
      <Output>
        <StdOut>SCENARIO: Зарегистрировать модель в конфигурации через билдер&#xD;
  STEP 1/6: GIVEN a company...&#xD;
  STEP 1/6: GIVEN a company (Passed after 306ms)&#xD;
  STEP 2/6: AND the authenticated user...&#xD;
  STEP 2/6: AND the authenticated user (Passed after 673ms)&#xD;
  STEP 3/6: в конфигурации преднастроенная модель...&#xD;
  STEP 3/6: в конфигурации преднастроенная модель (Passed after 122ms)&#xD;
  STEP 4/6: зарегистрировать модель через билдер...&#xD;
  STEP 4/6: зарегистрировать модель через билдер (Passed after 4ms)&#xD;
  STEP 5/6: в конфигурации обновленная схема...&#xD;
  STEP 5/6: в конфигурации обновленная схема (Passed after 7ms)&#xD;
  STEP 6/6: генерируется корректная модель...&#xD;
  STEP 6/6: генерируется корректная модель (Passed after 5ms)&#xD;
  SCENARIO RESULT: Passed after 1s 122ms</StdOut>
      </Output>
    </UnitTestResult>
    <UnitTestResult executionId="a951024f-b299-4319-bf76-bd3261f274ea" testId="019b787c-88b2-9680-3a7b-9251d2235f77" testName="Skillaz.Tests.CompanySpecific.X5.Naumen.NaumenSlaTests.Sla_calculates_correctly_for_next_day(candidateTimeZone: 12, sla: 02:00:00, startDate: 2020-01-01T00:00:00.0000000Z, truth: [NaumenTimeRange { From = &quot;2020-01-01 07:00:00&quot;, To = &quot;2020-01-01 09:00:00&quot; }])" computerName="DESKTOP-F6SKA47" duration="00:00:00.0000427" startTime="2021-12-16T16:16:29.3801480+03:00" endTime="2021-12-16T16:16:29.3801485+03:00" testType="13cdc9d9-ddb5-4fa4-a97d-d965ccfc6d4b" outcome="Passed" testListId="8c84fa94-04c1-424b-9868-57a2d4851a1d" relativeResultsDirectory="a951024f-b299-4319-bf76-bd3261f274ea" />
    <UnitTestResult executionId="8fcade20-370e-4a4f-9e99-92d5072a92a2" testId="185dface-623f-aecc-65dc-ef1a5f863d67" testName="Should get BusinessException because of non-exists Company or non-exists User(jwt: &quot;eyJraWQiOiJoaF92aWRlb19pbnRlcnZpZXdfc2tpbGxheiIsIm&quot;...)" computerName="DESKTOP-F6SKA47" duration="00:00:01.6787251" startTime="2021-12-16T16:21:47.5506195+03:00" endTime="2021-12-16T16:21:47.5506206+03:00" testType="13cdc9d9-ddb5-4fa4-a97d-d965ccfc6d4b" outcome="Passed" testListId="8c84fa94-04c1-424b-9868-57a2d4851a1d" relativeResultsDirectory="8fcade20-370e-4a4f-9e99-92d5072a92a2" />
    <UnitTestResult executionId="1593d012-8aff-4bba-b2b8-7a32212c2162" testId="fc816dc0-d2e7-a118-72b1-e30b55bda7fd" testName="Skillaz.Tests.CompanySpecific.Mvideo.MvideoOpenApiSapAvaliablePositionsHireNeedBatchRequest_feature.CheckAvaliablePositionsInHireNeedAfterOpenApiRequest_RequestsNustBeInWork(staffCount: 6, employeesCount: 4, manualApprovedCounts: [2], batchOrgItems: (5, 4), expected: (1, Кейс 2. Размер поиска = 1))" computerName="DESKTOP-F6SKA47" duration="00:00:00.0010000" startTime="2021-12-16T16:29:36.6342473+03:00" endTime="2021-12-16T16:29:36.6342502+03:00" testType="13cdc9d9-ddb5-4fa4-a97d-d965ccfc6d4b" outcome="NotExecuted" testListId="8c84fa94-04c1-424b-9868-57a2d4851a1d" relativeResultsDirectory="1593d012-8aff-4bba-b2b8-7a32212c2162">
      <Output>
        <StdOut>Вернуть тесты после правок по потребностям Mvideo</StdOut>
      </Output>
    </UnitTestResult>
    <UnitTestResult executionId="19ab4b29-e7b2-4757-894a-078789606a43" testId="2c04cd83-0515-24c2-6b62-5216913baa1d" testName="Генерация ссылки для витрины с фильтрами(key: &quot;/showcase&amp;Ids[]=1&amp;Ids[]=2&amp;Ids[]=3&quot;)" computerName="DESKTOP-F6SKA47" duration="00:00:00.0027839" startTime="2021-12-16T16:29:36.3174393+03:00" endTime="2021-12-16T16:29:36.3174397+03:00" testType="13cdc9d9-ddb5-4fa4-a97d-d965ccfc6d4b" outcome="Passed" testListId="8c84fa94-04c1-424b-9868-57a2d4851a1d" relativeResultsDirectory="19ab4b29-e7b2-4757-894a-078789606a43" />
    <UnitTestResult executionId="e174ef1a-d7c7-4dba-a180-16560463a247" testId="fcee5074-5c4a-dc3f-0be1-4d173e798ba0" testName="Skillaz.Tests.DocumentModels.LegacyVacancyDocuments.LegacyVacancyDocumentWhereAnd_feature.AllIdsByCompanyEqualGetIds" computerName="DESKTOP-F6SKA47" duration="00:00:01.1026733" startTime="2021-12-16T16:26:22.8958037+03:00" endTime="2021-12-16T16:26:22.8958062+03:00" testType="13cdc9d9-ddb5-4fa4-a97d-d965ccfc6d4b" outcome="Passed" testListId="8c84fa94-04c1-424b-9868-57a2d4851a1d" relativeResultsDirectory="e174ef1a-d7c7-4dba-a180-16560463a247">
      <Output>
        <StdOut>SCENARIO: AllIdsByCompanyEqualGetIds&#xD;
  STEP 1/4: GIVEN a company...&#xD;
  STEP 1/4: GIVEN a company (Passed after 176ms)&#xD;
  STEP 2/4: AND the authenticated user...&#xD;
  STEP 2/4: AND the authenticated user (Passed after 174ms)&#xD;
  STEP 3/4: AND a LegacyVacancyDocuments...&#xD;
  STEP 3/4: AND a LegacyVacancyDocuments (Passed after 230ms)&#xD;
  STEP 4/4: WHEN AllIdsByCompany and GetIds compare...&#xD;
  STEP 4/4: WHEN AllIdsByCompany and GetIds compare (Passed after 96ms)&#xD;
  SCENARIO RESULT: Passed after 680ms</StdOut>
      </Output>
    </UnitTestResult>
    <UnitTestResult executionId="424adb1b-07db-4c16-9fbd-0a17170e21b1" testId="695a69c9-264c-d1c5-2032-535ef4bf39f9" testName="Skillaz.Tests.CompanySpecific.X5.Naumen.NaumenSlaTests.Sla_calculates_correctly_for_split_days(candidateTimeZone: 9, sla: 04:00:00, startDate: 2019-12-31T09:00:00.0000000Z, truth: [NaumenTimeRange { From = &quot;2019-12-31 12:00:00&quot;, To = &quot;2019-12-31 14:00:00&quot; }, NaumenTimeRange { From = &quot;2020-01-01 07:00:00&quot;, To = &quot;2020-01-01 09:00:00&quot; }])" computerName="DESKTOP-F6SKA47" duration="00:00:00.0001099" startTime="2021-12-16T16:16:29.0172848+03:00" endTime="2021-12-16T16:16:29.0172854+03:00" testType="13cdc9d9-ddb5-4fa4-a97d-d965ccfc6d4b" outcome="Passed" testListId="8c84fa94-04c1-424b-9868-57a2d4851a1d" relativeResultsDirectory="424adb1b-07db-4c16-9fbd-0a17170e21b1" />
    <UnitTestResult executionId="ec2f7796-7b3d-4ef7-9669-3a927e76d6ec" testId="5a5eebfd-d23e-a7ef-ccde-682440736dfe" testName="Skillaz.Tests.CompanySpecific.Decathlon.DecathlonRecruiterSecurityProfile_feature.Getting_requests_ignoring_security_profile" computerName="DESKTOP-F6SKA47" duration="00:00:08.0091667" startTime="2021-12-16T16:23:11.4502642+03:00" endTime="2021-12-16T16:23:11.4502710+03:00" testType="13cdc9d9-ddb5-4fa4-a97d-d965ccfc6d4b" outcome="Passed" testListId="8c84fa94-04c1-424b-9868-57a2d4851a1d" relativeResultsDirectory="ec2f7796-7b3d-4ef7-9669-3a927e76d6ec">
      <Output>
        <StdOut>SCENARIO: Getting requests ignoring security profile&#xD;
  STEP 1/6: GIVEN Given orgunits...&#xD;
  STEP 1/6: GIVEN Given orgunits (Passed after 1s 689ms)&#xD;
  STEP 2/6: AND Given requests...&#xD;
  STEP 2/6: AND Given requests (Passed after 830ms)&#xD;
  STEP 3/6: AND Given a company [companyId: "decathlonCompany"]...&#xD;
  STEP 3/6: AND Given a company [companyId: "decathlonCompany"] (Passed after 1s 069ms)&#xD;
  STEP 4/6: AND Given authenticated user with decathlon security profile [scopeOrgUnitId: "61bb3db77f10d6937478d45e"]...&#xD;
  STEP 4/6: AND Given authenticated user with decathlon security profile [scopeOrgUnitId: "61bb3db77f10d6937478d45e"] (Passed after 2s 283ms)&#xD;
  STEP 5/6: WHEN When requesting requests vacancy and state [useSecurityProfile: "False"]...&#xD;
  STEP 5/6: WHEN When requesting requests vacancy and state [useSecurityProfile: "False"] (Passed after 40ms)&#xD;
  STEP 6/6: THEN Then getting all available requests...&#xD;
  STEP 6/6: THEN Then getting all available requests (Passed after 12ms)&#xD;
  SCENARIO RESULT: Passed after 5s 962ms</StdOut>
      </Output>
    </UnitTestResult>
    <UnitTestResult executionId="412e53af-eff2-4a73-92c4-d69ed5fd3a75" testId="c85cb0be-5d3e-6b48-55bf-eae5d1c7f7ec" testName="Skillaz.Tests.Publication.VacancyPublicationRule_feature.Vacancy_publication_rule_works_for_hh_vacancy_close" computerName="DESKTOP-F6SKA47" duration="00:00:12.5004402" startTime="2021-12-16T16:27:16.8385276+03:00" endTime="2021-12-16T16:27:16.8385301+03:00" testType="13cdc9d9-ddb5-4fa4-a97d-d965ccfc6d4b" outcome="Passed" testListId="8c84fa94-04c1-424b-9868-57a2d4851a1d" relativeResultsDirectory="412e53af-eff2-4a73-92c4-d69ed5fd3a75">
      <Output>
        <StdOut>SCENARIO: Vacancy publication rule works for hh vacancy close&#xD;
  STEP 1/14: GIVEN a company...&#xD;
  STEP 1/14: GIVEN a company (Passed after 41ms)&#xD;
  STEP 2/14: AND the authenticated user...&#xD;
  STEP 2/14: AND the authenticated user (Passed after 77ms)&#xD;
  STEP 3/14: AND the vacancy in the company...&#xD;
  STEP 3/14: AND the vacancy in the company (Passed after 36ms)&#xD;
  STEP 4/14: AND request without hh publication...&#xD;
  STEP 4/14: AND request without hh publication (Passed after 49ms)&#xD;
  STEP 5/14: AND hh account...&#xD;
  STEP 5/14: AND hh account (Passed after 34ms)&#xD;
  STEP 6/14: AND hh publication template...&#xD;
  STEP 6/14: AND hh publication template (Passed after 55ms)&#xD;
  STEP 7/14: AND active hh publication rule...&#xD;
  STEP 7/14: AND active hh publication rule (Passed after 2s 093ms)&#xD;
  STEP 8/14: AND active hh archivation rule...&#xD;
  STEP 8/14: AND active hh archivation rule (Passed after 91ms)&#xD;
  STEP 9/14: WHEN rules processing is triggered...&#xD;
  STEP 9/14: WHEN rules processing is triggered (Passed after 6s 849ms)&#xD;
  STEP 10/14: THEN hh vacancy is linked to request...&#xD;
  STEP 10/14: THEN hh vacancy is linked to request (Passed after 2ms)&#xD;
  STEP 11/14: AND there is successful publication attempt in publish rule...&#xD;
  STEP 11/14: AND there is successful publication attempt in publish rule (Passed after 187ms)&#xD;
  STEP 12/14: AND there is successful publication close attempt...&#xD;
  STEP 12/14: AND there is successful publication close attempt (Passed after 47ms)&#xD;
  STEP 13/14: AND rule is successfully finished...&#xD;
  STEP 13/14: AND rule is successfully finished (Passed after 5ms)&#xD;
  STEP 14/14: AND additional rule is successfully finished...&#xD;
  STEP 14/14: AND additional rule is successfully finished (Passed after 38ms)&#xD;
  SCENARIO RESULT: Passed after 9s 643ms</StdOut>
      </Output>
    </UnitTestResult>
    <UnitTestResult executionId="2bfeb15a-4ee1-4beb-a065-9b64ee39d6bc" testId="d915ca16-9da2-6d2f-7067-f8475ed0a0f5" testName="Skillaz.Tests.Configurator.ConfiguratorDraftTests.Воронка_для_работы_из_Current_при_наличии_Draft" computerName="DESKTOP-F6SKA47" duration="00:00:02.0650807" startTime="2021-12-16T16:18:21.5410457+03:00" endTime="2021-12-16T16:18:21.5410508+03:00" testType="13cdc9d9-ddb5-4fa4-a97d-d965ccfc6d4b" outcome="Passed" testListId="8c84fa94-04c1-424b-9868-57a2d4851a1d" relativeResultsDirectory="2bfeb15a-4ee1-4beb-a065-9b64ee39d6bc">
      <Output>
        <StdOut>SCENARIO: Воронка для работы из Current при наличии Draft&#xD;
  STEP 1/5: GIVEN a company...&#xD;
  STEP 1/5: GIVEN a company (Passed after 137ms)&#xD;
  STEP 2/5: AND the authenticated user...&#xD;
  STEP 2/5: AND the authenticated user (Passed after 185ms)&#xD;
  STEP 3/5: Выдать пользователю нужные права...&#xD;
  STEP 3/5: Выдать пользователю нужные права (Passed after &lt;1ms)&#xD;
  STEP 4/5: Получить воронку в конфигураторе с черновиком...&#xD;
  STEP 4/5: Получить воронку в конфигураторе с черновиком (Passed after 246ms)&#xD;
  STEP 5/5: Проверить что взята воронка Current для работы...&#xD;
  STEP 5/5: Проверить что взята воронка Current для работы (Passed after 944ms)&#xD;
  SCENARIO RESULT: Passed after 1s 606ms</StdOut>
      </Output>
    </UnitTestResult>
    <UnitTestResult executionId="e07ce1ff-0f09-4d92-8c11-8c14af1ceb5c" testId="f2a704d2-2902-aefe-745b-ce33009d4825" testName="Skillaz.Tests.Assessment.CreateTestScenarioCommand_feature.Creating_test_scenario" computerName="DESKTOP-F6SKA47" duration="00:00:37.8323565" startTime="2021-12-16T16:19:01.9418308+03:00" endTime="2021-12-16T16:19:01.9418342+03:00" testType="13cdc9d9-ddb5-4fa4-a97d-d965ccfc6d4b" outcome="Passed" testListId="8c84fa94-04c1-424b-9868-57a2d4851a1d" relativeResultsDirectory="e07ce1ff-0f09-4d92-8c11-8c14af1ceb5c">
      <Output>
        <StdOut>SCENARIO: Creating test scenario&#xD;
  STEP 1/3: GIVEN a company...&#xD;
  STEP 1/3: GIVEN a company (Passed after 339ms)&#xD;
  STEP 2/3: AND the authenticated user...&#xD;
  STEP 2/3: AND the authenticated user (Passed after 511ms)&#xD;
  STEP 3/3: When...&#xD;
  STEP 3/3: When (Passed after 36s 400ms)&#xD;
  SCENARIO RESULT: Passed after 37s 286ms</StdOut>
      </Output>
    </UnitTestResult>
    <UnitTestResult executionId="6cef7ebe-b770-4a6b-b613-e86d38c06a79" testId="c8fbba19-e48a-d5d2-6116-31938e41f352" testName="Skillaz.Tests.Candidate.FromForm.CreateFromForm_feature.Candidate_update_source_type" computerName="DESKTOP-F6SKA47" duration="00:00:15.4076480" startTime="2021-12-16T16:27:06.3042454+03:00" endTime="2021-12-16T16:27:06.3042470+03:00" testType="13cdc9d9-ddb5-4fa4-a97d-d965ccfc6d4b" outcome="Passed" testListId="8c84fa94-04c1-424b-9868-57a2d4851a1d" relativeResultsDirectory="6cef7ebe-b770-4a6b-b613-e86d38c06a79">
      <Output>
        <StdOut>SCENARIO: Candidate update source type&#xD;
  STEP 1/10: GIVEN a company...&#xD;
  STEP 1/10: GIVEN a company (Passed after 223ms)&#xD;
  STEP 2/10: AND the authenticated user...&#xD;
  STEP 2/10: AND the authenticated user (Passed after 368ms)&#xD;
  STEP 3/10: AND the vacancy in the company...&#xD;
  STEP 3/10: AND the vacancy in the company (Passed after 105ms)&#xD;
  STEP 4/10: AND client configuration with mapped candidate form...&#xD;
  STEP 4/10: AND client configuration with mapped candidate form (Passed after 1s 595ms)&#xD;
  STEP 5/10: AND the main company sources...&#xD;
  STEP 5/10: AND the main company sources (Passed after 8s 506ms)&#xD;
  STEP 6/10: AND a candidate...&#xD;
  STEP 6/10: AND a candidate (Passed after 181ms)&#xD;
  STEP 7/10: AND the update candidate request change source with source type...&#xD;
  STEP 7/10: AND the update candidate request change source with source type (Passed after 79ms)&#xD;
  STEP 8/10: WHEN update candidate...&#xD;
  STEP 8/10: WHEN update candidate (Passed after 3s 486ms)&#xD;
  STEP 9/10: THEN candidate first source updated to new value...&#xD;
  STEP 9/10: THEN candidate first source updated to new value (Passed after 133ms)&#xD;
  STEP 10/10: AND candidate sources length is three...&#xD;
  STEP 10/10: AND candidate sources length is three (Passed after 64ms)&#xD;
  SCENARIO RESULT: Passed after 14s 750ms</StdOut>
      </Output>
    </UnitTestResult>
    <UnitTestResult executionId="43f82c98-133c-4258-89b9-62b10e726598" testId="695a69c9-264c-d1c5-2032-535ef4bf39f9" testName="Skillaz.Tests.CompanySpecific.X5.Naumen.NaumenSlaTests.Sla_calculates_correctly_for_split_days(candidateTimeZone: 8, sla: 02:00:00, startDate: 2019-12-31T11:00:00.0000000Z, truth: [NaumenTimeRange { From = &quot;2019-12-31 14:00:00&quot;, To = &quot;2019-12-31 15:00:00&quot; }, NaumenTimeRange { From = &quot;2020-01-01 07:00:00&quot;, To = &quot;2020-01-01 08:00:00&quot; }])" computerName="DESKTOP-F6SKA47" duration="00:00:00.0000745" startTime="2021-12-16T16:16:29.0083931+03:00" endTime="2021-12-16T16:16:29.0083936+03:00" testType="13cdc9d9-ddb5-4fa4-a97d-d965ccfc6d4b" outcome="Passed" testListId="8c84fa94-04c1-424b-9868-57a2d4851a1d" relativeResultsDirectory="43f82c98-133c-4258-89b9-62b10e726598" />
    <UnitTestResult executionId="761dcc63-8666-41eb-a2b6-5ab55ae4536a" testId="39bbe88c-a5a1-69b6-0e18-a75bb02edd6c" testName="Skillaz.Tests.CompanySpecific.X5.Naumen.NaumenSlaTests.Sla_calculates_correctly_within_one_day(candidateTimeZone: 3, sla: 08:00:00, startDate: 2019-12-31T09:00:00.0000000Z, truth: [NaumenTimeRange { From = &quot;2019-12-31 12:00:00&quot;, To = &quot;2019-12-31 20:00:00&quot; }])" computerName="DESKTOP-F6SKA47" duration="00:00:00.0000878" startTime="2021-12-16T16:16:28.9020141+03:00" endTime="2021-12-16T16:16:28.9020146+03:00" testType="13cdc9d9-ddb5-4fa4-a97d-d965ccfc6d4b" outcome="Passed" testListId="8c84fa94-04c1-424b-9868-57a2d4851a1d" relativeResultsDirectory="761dcc63-8666-41eb-a2b6-5ab55ae4536a" />
    <UnitTestResult executionId="df519c67-146b-4882-b7bb-888e12de6754" testId="54628fbc-3866-2a98-ed83-12b3fa799ac3" testName="Skillaz.Tests.DocumentModels.ConvertToDocument.ConvertToDocument_FromRegistry_feature.Проверить_ConvertToDocument_в_FromRegistry" computerName="DESKTOP-F6SKA47" duration="00:00:09.0134723" startTime="2021-12-16T16:17:32.9367453+03:00" endTime="2021-12-16T16:17:32.9367479+03:00" testType="13cdc9d9-ddb5-4fa4-a97d-d965ccfc6d4b" outcome="Passed" testListId="8c84fa94-04c1-424b-9868-57a2d4851a1d" relativeResultsDirectory="df519c67-146b-4882-b7bb-888e12de6754">
      <Output>
        <StdOut>SCENARIO: Проверить ConvertToDocument в FromRegistry&#xD;
  STEP 1/6: GIVEN a company...&#xD;
  STEP 1/6: GIVEN a company (Passed after 65ms)&#xD;
  STEP 2/6: AND the authenticated user...&#xD;
  STEP 2/6: AND the authenticated user (Passed after 192ms)&#xD;
  STEP 3/6: Зарегистрировать модель ОЕ...&#xD;
  STEP 3/6: Зарегистрировать модель ОЕ (Passed after 431ms)&#xD;
  STEP 4/6: Добавить справочники в бд...&#xD;
  STEP 4/6: Добавить справочники в бд (Passed after 1s 227ms)&#xD;
  STEP 5/6: Создать ОЕ...&#xD;
  STEP 5/6: Создать ОЕ (Passed after 6s 832ms)&#xD;
  STEP 6/6: Проверить что внешние идентификаторы справочников преобразовались в идентификаторы а те что не сконвертировались остались внешними...&#xD;
  STEP 6/6: Проверить что внешние идентификаторы справочников преобразовались в идентификаторы а те что не сконвертировались остались внешними (Passed after 14ms)&#xD;
  SCENARIO RESULT: Passed after 8s 772ms</StdOut>
      </Output>
    </UnitTestResult>
    <UnitTestResult executionId="7af44aa2-2f99-49a2-8fc5-7fb5353cf3db" testId="d789e0ac-21a2-57d0-0eba-3bdd5f8e90a8" testName="Skillaz.Tests.Helpers.TimeBoundariesHelperFeature.SubtractHours(lower: 0, upper: 24, timeZone: 3, results: [0, 21, 21, 24])" computerName="DESKTOP-F6SKA47" duration="00:00:00.0326449" startTime="2021-12-16T16:16:29.9765742+03:00" endTime="2021-12-16T16:16:29.9765749+03:00" testType="13cdc9d9-ddb5-4fa4-a97d-d965ccfc6d4b" outcome="Passed" testListId="8c84fa94-04c1-424b-9868-57a2d4851a1d" relativeResultsDirectory="7af44aa2-2f99-49a2-8fc5-7fb5353cf3db" />
    <UnitTestResult executionId="17de3c2d-f76c-48b3-bdc1-b493f88b7c88" testId="2fa8223c-953a-c2a2-d7c3-c2ce26be01a9" testName="Skillaz.Tests.Candidate.RoleRestrictionControllerEndpoints_feature.User_with_restriction_can_update" computerName="DESKTOP-F6SKA47" duration="00:00:16.4093124" startTime="2021-12-16T16:22:33.2744675+03:00" endTime="2021-12-16T16:22:33.2744780+03:00" testType="13cdc9d9-ddb5-4fa4-a97d-d965ccfc6d4b" outcome="Passed" testListId="8c84fa94-04c1-424b-9868-57a2d4851a1d" relativeResultsDirectory="17de3c2d-f76c-48b3-bdc1-b493f88b7c88">
      <Output>
        <StdOut>SCENARIO: User with restriction can update&#xD;
  STEP 1/9: GIVEN a company...&#xD;
  STEP 1/9: GIVEN a company (Passed after 101ms)&#xD;
  STEP 2/9: AND a role with claims "EditCompanyInfo"...&#xD;
  STEP 2/9: AND a role with claims "EditCompanyInfo" (Passed after &lt;1ms)&#xD;
  STEP 3/9: AND a user with role and password set property...&#xD;
  STEP 3/9: AND a user with role and password set property (Passed after 331ms)&#xD;
  STEP 4/9: AND a request body [requestBody: "Skillaz.Candidate.Contract.Company.UpdateCompanyDto"]...&#xD;
  STEP 4/9: AND a request body [requestBody: "Skillaz.Candidate.Contract.Company.UpdateCompanyDto"] (Passed after &lt;1ms)&#xD;
  STEP 5/9: AND a authentication header...&#xD;
  STEP 5/9: AND a authentication header (Passed after 5s 088ms)&#xD;
  STEP 6/9: AND a request [method: "POST"] [url: "/api/v1/fake/company"]...&#xD;
  STEP 6/9: AND a request [method: "POST"] [url: "/api/v1/fake/company"] (Passed after 1ms)&#xD;
  STEP 7/9: WHEN send request...&#xD;
  STEP 7/9: WHEN send request (Passed after 9s 932ms)&#xD;
  STEP 8/9: THEN status code is equal [statusCode: "OK"]...&#xD;
  STEP 8/9: THEN status code is equal [statusCode: "OK"] (Passed after &lt;1ms)&#xD;
  STEP 9/9: AND update company dto response is correct...&#xD;
  STEP 9/9: AND update company dto response is correct (Passed after 459ms)&#xD;
  SCENARIO RESULT: Passed after 16s 025ms</StdOut>
      </Output>
    </UnitTestResult>
    <UnitTestResult executionId="325dd998-f7cd-4de9-bdd8-3960aab13ae1" testId="019b787c-88b2-9680-3a7b-9251d2235f77" testName="Skillaz.Tests.CompanySpecific.X5.Naumen.NaumenSlaTests.Sla_calculates_correctly_for_next_day(candidateTimeZone: 10, sla: 02:00:00, startDate: 2019-12-31T19:30:00.0000000Z, truth: [NaumenTimeRange { From = &quot;2020-01-01 07:00:00&quot;, To = &quot;2020-01-01 09:00:00&quot; }])" computerName="DESKTOP-F6SKA47" duration="00:00:00.0000690" startTime="2021-12-16T16:16:29.3338844+03:00" endTime="2021-12-16T16:16:29.3338849+03:00" testType="13cdc9d9-ddb5-4fa4-a97d-d965ccfc6d4b" outcome="Passed" testListId="8c84fa94-04c1-424b-9868-57a2d4851a1d" relativeResultsDirectory="325dd998-f7cd-4de9-bdd8-3960aab13ae1" />
    <UnitTestResult executionId="b8575246-696a-455f-baf4-0533a49e9fae" testId="e3b3fbd6-2e0c-99db-5a79-6937e5c60c37" testName="Skillaz.Tests.Candidate.CandidateProcessMemberNotifications_feature.Notification_request_should_be_sent_to_sms" computerName="DESKTOP-F6SKA47" duration="00:00:04.3371411" startTime="2021-12-16T16:27:45.1758403+03:00" endTime="2021-12-16T16:27:45.1758426+03:00" testType="13cdc9d9-ddb5-4fa4-a97d-d965ccfc6d4b" outcome="Passed" testListId="8c84fa94-04c1-424b-9868-57a2d4851a1d" relativeResultsDirectory="b8575246-696a-455f-baf4-0533a49e9fae">
      <Output>
        <StdOut>SCENARIO: Notification request should be sent to sms&#xD;
  STEP 1/4: GIVEN Given test data [recipient: "РМП"]...&#xD;
  STEP 1/4: GIVEN Given test data [recipient: "РМП"] (Passed after 2s 488ms)&#xD;
  STEP 2/4: AND Given request with file [fileName: "&lt;null&gt;"] [notificationType: "Sms"]...&#xD;
  STEP 2/4: AND Given request with file [fileName: "&lt;null&gt;"] [notificationType: "Sms"] (Passed after 4ms)&#xD;
  STEP 3/4: WHEN When sent notification...&#xD;
  STEP 3/4: WHEN When sent notification (Passed after 1s 694ms)&#xD;
  STEP 4/4: THEN Then received a sms to send sms command...&#xD;
  STEP 4/4: THEN Then received a sms to send sms command (Passed after 1ms)&#xD;
  SCENARIO RESULT: Passed after 4s 197ms</StdOut>
      </Output>
    </UnitTestResult>
    <UnitTestResult executionId="70d89e0f-a684-41ea-8fa0-f0f6180e9cc9" testId="038ea2fa-11b0-6330-4318-e8a886074ce7" testName="Skillaz.Tests.CompanySpecific.Perekrestok.PerekrestokRequestPriority_feature.Calculation_request_priority(supermarketType: &quot;Открывающийся супермаркет&quot;, requestVl: 100, employmentCandidateCount: 0, employmentFinishedCandidateCount: 0, interviewCandidateCount: 10, requestPriority: Normal)" computerName="DESKTOP-F6SKA47" duration="00:00:22.5909018" startTime="2021-12-16T16:23:42.8692108+03:00" endTime="2021-12-16T16:23:42.8692178+03:00" testType="13cdc9d9-ddb5-4fa4-a97d-d965ccfc6d4b" outcome="Passed" testListId="8c84fa94-04c1-424b-9868-57a2d4851a1d" relativeResultsDirectory="70d89e0f-a684-41ea-8fa0-f0f6180e9cc9">
      <Output>
        <StdOut>SCENARIO: Calculation request priority [supermarketType: "Открывающийся супермаркет"] [requestVl: "100"] [employmentCandidateCount: "0"] [employmentFinishedCandidateCount: "0"] [interviewCandidateCount: "10"] [requestPriority: "Normal"]&#xD;
  STEP 1/6: GIVEN Given a company [companyId: "PerekrestokCompany"]...&#xD;
  STEP 1/6: GIVEN Given a company [companyId: "PerekrestokCompany"] (Passed after 72ms)&#xD;
  STEP 2/6: AND Given the authenticated user...&#xD;
  STEP 2/6: AND Given the authenticated user (Passed after 172ms)&#xD;
  STEP 3/6: AND Given org unit and request for status [requestState: "InWork"] [supermarketType: "Открывающийся супермаркет"] [requestVl: "100"]...&#xD;
  STEP 3/6: AND Given org unit and request for status [requestState: "InWork"] [supermarketType: "Открывающийся супермаркет"] [requestVl: "100"] (Passed after 170ms)&#xD;
  STEP 4/6: AND Given candidates according data and assigned to request [employmentCandidateCount: "0"] [employmentFinishedCandidateCount: "0"] [interviewCandidateCount: "10"]...&#xD;
  STEP 4/6: AND Given candidates according data and assigned to request [employmentCandidateCount: "0"] [employmentFinishedCandidateCount: "0"] [interviewCandidateCount: "10"] (Passed after 45ms)&#xD;
  STEP 5/6: WHEN When calculation priority...&#xD;
  STEP 5/6: WHEN When calculation priority (Passed after 18s 211ms)&#xD;
  STEP 6/6: THEN Then request priority equal [requestPriority: "Normal"]...&#xD;
  STEP 6/6: THEN Then request priority equal [requestPriority: "Normal"] (Passed after 5ms)&#xD;
  SCENARIO RESULT: Passed after 18s 703ms</StdOut>
      </Output>
    </UnitTestResult>
    <UnitTestResult executionId="48b8b46f-b7c8-425b-8337-d325efe74359" testId="a9789afe-fc8e-2dbf-af88-de078cfbeae0" testName="Skillaz.Tests.CompanySpecific.Mvideo.MvideoOpenApiBatchRequest_feature.Обновляет_пользователей_не_меняет_телефон_пользователю_если_он_уже_установлен_телефона_в_выгрузке_нет" computerName="DESKTOP-F6SKA47" duration="00:00:09.4180505" startTime="2021-12-16T16:20:21.4149575+03:00" endTime="2021-12-16T16:20:21.4149598+03:00" testType="13cdc9d9-ddb5-4fa4-a97d-d965ccfc6d4b" outcome="Passed" testListId="8c84fa94-04c1-424b-9868-57a2d4851a1d" relativeResultsDirectory="48b8b46f-b7c8-425b-8337-d325efe74359">
      <Output>
        <StdOut>SCENARIO: Обновляет пользователей не меняет телефон пользователю если он уже установлен телефона в выгрузке нет&#xD;
  STEP 1/9: GIVEN a company...&#xD;
  STEP 1/9: GIVEN a company (Passed after 653ms)&#xD;
  STEP 2/9: AND the authenticated api user...&#xD;
  STEP 2/9: AND the authenticated api user (Passed after 2s 224ms)&#xD;
  STEP 3/9: AND Дана клиентская конфигурация мвидео...&#xD;
  STEP 3/9: AND Дана клиентская конфигурация мвидео (Passed after 2ms)&#xD;
  STEP 4/9: AND Даны роли...&#xD;
  STEP 4/9: AND Даны роли (Passed after 13ms)&#xD;
  STEP 5/9: AND Даны пользователи без прав...&#xD;
  STEP 5/9: AND Даны пользователи без прав (Passed after 572ms)&#xD;
  STEP 6/9: AND Даны орг единицы...&#xD;
  STEP 6/9: AND Даны орг единицы (Passed after 640ms)&#xD;
  STEP 7/9: WHEN Когда подготавливаем данные для загрузки...&#xD;
  STEP 7/9: WHEN Когда подготавливаем данные для загрузки (Passed after 4s 060ms)&#xD;
  STEP 8/9: THEN Проверить что телефон пользователя не изменился [userId: "телефон_user"]...&#xD;
  STEP 8/9: THEN Проверить что телефон пользователя не изменился [userId: "телефон_user"] (Passed after 5ms)&#xD;
  STEP 9/9: AND Проверить что телефон пользователя не изменился [userId: "телефон_user_телефон_есть"]...&#xD;
  STEP 9/9: AND Проверить что телефон пользователя не изменился [userId: "телефон_user_телефон_есть"] (Passed after 3ms)&#xD;
  SCENARIO RESULT: Passed after 8s 236ms</StdOut>
      </Output>
    </UnitTestResult>
    <UnitTestResult executionId="d7975789-586a-4b2c-bd79-368345ad784b" testId="d10a6893-6ae0-cc03-60c6-7f0311aebcb5" testName="Skillaz.Tests.Candidate.Ratings.CreateCandidateRatingFromOpenApi_feature.Candidate_rating_with_int_score_created" computerName="DESKTOP-F6SKA47" duration="00:00:34.7432830" startTime="2021-12-16T16:19:32.4416477+03:00" endTime="2021-12-16T16:19:32.4416577+03:00" testType="13cdc9d9-ddb5-4fa4-a97d-d965ccfc6d4b" outcome="Passed" testListId="8c84fa94-04c1-424b-9868-57a2d4851a1d" relativeResultsDirectory="d7975789-586a-4b2c-bd79-368345ad784b">
      <Output>
        <StdOut>SCENARIO: Candidate rating with int score created&#xD;
  STEP 1/7: GIVEN a company...&#xD;
  STEP 1/7: GIVEN a company (Passed after 351ms)&#xD;
  STEP 2/7: AND the authenticated user...&#xD;
  STEP 2/7: AND the authenticated user (Passed after 459ms)&#xD;
  STEP 3/7: AND the vacancy in the company...&#xD;
  STEP 3/7: AND the vacancy in the company (Passed after 134ms)&#xD;
  STEP 4/7: AND a candidate...&#xD;
  STEP 4/7: AND a candidate (Passed after 570ms)&#xD;
  STEP 5/7: AND ratings and criteria...&#xD;
  STEP 5/7: AND ratings and criteria (Passed after 12s 320ms)&#xD;
  STEP 6/7: WHEN candidate rating created...&#xD;
  STEP 6/7: WHEN candidate rating created (Passed after 16s 383ms)&#xD;
  STEP 7/7: THEN candidate rating is correct...&#xD;
  STEP 7/7: THEN candidate rating is correct (Passed after 225ms)&#xD;
  SCENARIO RESULT: Passed after 30s 474ms</StdOut>
      </Output>
    </UnitTestResult>
    <UnitTestResult executionId="56f0b3ee-692c-4e25-849b-a6d61d528d7a" testId="f5a74d27-39b9-b474-177a-14562c658170" testName="Skillaz.Tests.DocumentModels.FieldValueComparerTests.DifferentTypeComparison(firstValue: &quot;a&quot;, secondValue: 'a')" computerName="DESKTOP-F6SKA47" duration="00:00:00.0000297" startTime="2021-12-16T16:16:31.0316888+03:00" endTime="2021-12-16T16:16:31.0316905+03:00" testType="13cdc9d9-ddb5-4fa4-a97d-d965ccfc6d4b" outcome="Passed" testListId="8c84fa94-04c1-424b-9868-57a2d4851a1d" relativeResultsDirectory="56f0b3ee-692c-4e25-849b-a6d61d528d7a" />
    <UnitTestResult executionId="6d0e8013-325d-490d-8012-702edfc65800" testId="39bbe88c-a5a1-69b6-0e18-a75bb02edd6c" testName="Skillaz.Tests.CompanySpecific.X5.Naumen.NaumenSlaTests.Sla_calculates_correctly_within_one_day(candidateTimeZone: 8, sla: 07:00:00, startDate: 2019-12-31T05:00:00.0000000Z, truth: [NaumenTimeRange { From = &quot;2019-12-31 08:00:00&quot;, To = &quot;2019-12-31 15:00:00&quot; }])" computerName="DESKTOP-F6SKA47" duration="00:00:00.0000730" startTime="2021-12-16T16:16:29.0230048+03:00" endTime="2021-12-16T16:16:29.0230052+03:00" testType="13cdc9d9-ddb5-4fa4-a97d-d965ccfc6d4b" outcome="Passed" testListId="8c84fa94-04c1-424b-9868-57a2d4851a1d" relativeResultsDirectory="6d0e8013-325d-490d-8012-702edfc65800" />
    <UnitTestResult executionId="25e3e3c4-d8a6-4630-bb44-3bba80ade396" testId="ccf3bbf1-4f41-f614-a5b7-5ee558b037a4" testName="Skillaz.Tests.DocumentModels.FieldValueComparerTests.IntegerComparison(firstValue: 102, secondValue: 0, result: False)" computerName="DESKTOP-F6SKA47" duration="00:00:00.0000154" startTime="2021-12-16T16:16:31.0566387+03:00" endTime="2021-12-16T16:16:31.0566392+03:00" testType="13cdc9d9-ddb5-4fa4-a97d-d965ccfc6d4b" outcome="Passed" testListId="8c84fa94-04c1-424b-9868-57a2d4851a1d" relativeResultsDirectory="25e3e3c4-d8a6-4630-bb44-3bba80ade396" />
    <UnitTestResult executionId="bb5a06f6-3045-4adc-8617-4cdace9a9d6e" testId="fd47e646-622d-8155-e110-e7260a0ea270" testName="Skillaz.Tests.Mongo.MongoFilterTests.Mongo_filter_converter_works(originalFilter: &quot;{ A: [{ B: [1, 2, 3] }, {C: [4, 5, 6]}], D: new Da&quot;..., filterPattern: &quot;{ \&quot;A\&quot; : [{ \&quot;B\&quot; : [1] }, { \&quot;C\&quot; : [1] }], \&quot;D\&quot;...)" computerName="DESKTOP-F6SKA47" duration="00:00:00.2453880" startTime="2021-12-16T16:16:29.5086800+03:00" endTime="2021-12-16T16:16:29.5086821+03:00" testType="13cdc9d9-ddb5-4fa4-a97d-d965ccfc6d4b" outcome="Passed" testListId="8c84fa94-04c1-424b-9868-57a2d4851a1d" relativeResultsDirectory="bb5a06f6-3045-4adc-8617-4cdace9a9d6e" />
    <UnitTestResult executionId="5e04b146-4c36-4277-9ecb-68eef5feabca" testId="07227beb-6ff0-19cf-de92-400286d7d25d" testName="Skillaz.Tests.Configurator.DocumentModel.ObjectTypeHireNeed.Потребности" computerName="DESKTOP-F6SKA47" duration="00:00:02.3405615" startTime="2021-12-16T16:18:57.7703468+03:00" endTime="2021-12-16T16:18:57.7703500+03:00" testType="13cdc9d9-ddb5-4fa4-a97d-d965ccfc6d4b" outcome="Passed" testListId="8c84fa94-04c1-424b-9868-57a2d4851a1d" relativeResultsDirectory="5e04b146-4c36-4277-9ecb-68eef5feabca">
      <Output>
        <StdOut>SCENARIO: Потребности&#xD;
  STEP 1/5: GIVEN a company...&#xD;
  STEP 1/5: GIVEN a company (Passed after 328ms)&#xD;
  STEP 2/5: AND the authenticated user...&#xD;
  STEP 2/5: AND the authenticated user (Passed after 576ms)&#xD;
  STEP 3/5: Загрузить модель...&#xD;
  STEP 3/5: Загрузить модель (Passed after 360ms)&#xD;
  STEP 4/5: Проверить что модель загружена...&#xD;
  STEP 4/5: Проверить что модель загружена (Passed after 280ms)&#xD;
  STEP 5/5: Проверить что есть рекомендованные поля...&#xD;
  STEP 5/5: Проверить что есть рекомендованные поля (Passed after 24ms)&#xD;
  SCENARIO RESULT: Passed after 1s 617ms</StdOut>
      </Output>
    </UnitTestResult>
    <UnitTestResult executionId="04be2c0b-6ef1-4a64-89db-64bd8f917698" testId="02b78f3f-dffa-0aec-7d07-f59addfd14d6" testName="Skillaz.Tests.Configurator.WorkflowEngine.ConfiguratorWorkflowNotifications_reature.ConfiguratorWorkflow_Check_that_notification_was_sended_when_status_changed" computerName="DESKTOP-F6SKA47" duration="00:00:11.9658014" startTime="2021-12-16T16:22:03.1378287+03:00" endTime="2021-12-16T16:22:03.1378327+03:00" testType="13cdc9d9-ddb5-4fa4-a97d-d965ccfc6d4b" outcome="Passed" testListId="8c84fa94-04c1-424b-9868-57a2d4851a1d" relativeResultsDirectory="04be2c0b-6ef1-4a64-89db-64bd8f917698">
      <Output>
        <StdOut>SCENARIO: ConfiguratorWorkflow Check that notification was sended when status changed&#xD;
  STEP 1/8: GIVEN Given a candidate in a vacancy in a company [makeCompany: "System.Func`1[Skillaz.Candidate.Contract.LegacyCompany.LegacyCompanyDocument]"]...&#xD;
  STEP 1/8: GIVEN Given a candidate in a vacancy in a company [makeCompany: "System.Func`1[Skillaz.Candidate.Contract.LegacyCompany.LegacyCompanyDocument]"] (Passed after 3s 417ms)&#xD;
  STEP 2/8: AND Given the authenticated user...&#xD;
  STEP 2/8: AND Given the authenticated user (Passed after 1s 318ms)&#xD;
  STEP 3/8: AND Given the Funnel...&#xD;
  STEP 3/8: AND Given the Funnel (Passed after 723ms)&#xD;
  STEP 4/8: AND Given the EmailTemplate...&#xD;
  STEP 4/8: AND Given the EmailTemplate (Passed after 672ms)&#xD;
  STEP 5/8: AND GivenCheckModel with workflow...&#xD;
  STEP 5/8: AND GivenCheckModel with workflow (Passed after 801ms)&#xD;
  STEP 6/8: AND Given the check...&#xD;
  STEP 6/8: AND Given the check (Passed after 1s 054ms)&#xD;
  STEP 7/8: WHEN When check state changed...&#xD;
  STEP 7/8: WHEN When check state changed (Passed after 2s 401ms)&#xD;
  STEP 8/8: THEN Then ensure that notification was sended and context loaded check...&#xD;
  STEP 8/8: THEN Then ensure that notification was sended and context loaded check (Passed after 463ms)&#xD;
  SCENARIO RESULT: Passed after 10s 875ms</StdOut>
      </Output>
    </UnitTestResult>
    <UnitTestResult executionId="d227eaef-4fe6-494d-9e9b-a3dfd6816369" testId="10a10989-0b74-87a3-5a6c-4b1983eb2c86" testName="Skillaz.Tests.Configurator.DocumentModel.FromRegistryFeature.Check_FromRegistry_fields_filled_with_externalId" computerName="DESKTOP-F6SKA47" duration="00:00:15.4124803" startTime="2021-12-16T16:22:50.0511357+03:00" endTime="2021-12-16T16:22:50.0511386+03:00" testType="13cdc9d9-ddb5-4fa4-a97d-d965ccfc6d4b" outcome="Passed" testListId="8c84fa94-04c1-424b-9868-57a2d4851a1d" relativeResultsDirectory="d227eaef-4fe6-494d-9e9b-a3dfd6816369">
      <Output>
        <StdOut>SCENARIO: Check FromRegistry fields filled with externalId&#xD;
  STEP 1/6: GIVEN a company...&#xD;
  STEP 1/6: GIVEN a company (Passed after 96ms)&#xD;
  STEP 2/6: AND the authenticated user...&#xD;
  STEP 2/6: AND the authenticated user (Passed after 513ms)&#xD;
  STEP 3/6: Load external position references...&#xD;
  STEP 3/6: Load external position references (Passed after 3s 753ms)&#xD;
  STEP 4/6: GIVEN the reqest model...&#xD;
  STEP 4/6: GIVEN the reqest model (Passed after 564ms)&#xD;
  STEP 5/6: WHEN request is created with extId...&#xD;
  STEP 5/6: WHEN request is created with extId (Passed after 9s 162ms)&#xD;
  STEP 6/6: THEN FromRegistry fields is filled in correctly...&#xD;
  STEP 6/6: THEN FromRegistry fields is filled in correctly (Passed after 2ms)&#xD;
  SCENARIO RESULT: Passed after 14s 096ms</StdOut>
      </Output>
    </UnitTestResult>
    <UnitTestResult executionId="7a2400aa-de8b-43c2-bad3-b0b5b947b3ed" testId="019b787c-88b2-9680-3a7b-9251d2235f77" testName="Skillaz.Tests.CompanySpecific.X5.Naumen.NaumenSlaTests.Sla_calculates_correctly_for_next_day(candidateTimeZone: 12, sla: 02:00:00, startDate: 2019-12-31T09:00:00.0000000Z, truth: [NaumenTimeRange { From = &quot;2020-01-01 07:00:00&quot;, To = &quot;2020-01-01 09:00:00&quot; }])" computerName="DESKTOP-F6SKA47" duration="00:00:00.0000838" startTime="2021-12-16T16:16:29.3689363+03:00" endTime="2021-12-16T16:16:29.3689375+03:00" testType="13cdc9d9-ddb5-4fa4-a97d-d965ccfc6d4b" outcome="Passed" testListId="8c84fa94-04c1-424b-9868-57a2d4851a1d" relativeResultsDirectory="7a2400aa-de8b-43c2-bad3-b0b5b947b3ed" />
    <UnitTestResult executionId="2201a683-096a-4e37-b162-1b402cb0a1bb" testId="7d5c8268-00e1-840c-44e1-d3048cbbf1fc" testName="Skillaz.Tests.Configurator.Editor.PreventSameInnerNameUsageFeature.Нельзя_создать_документы_с_одинаковым_кодом" computerName="DESKTOP-F6SKA47" duration="00:00:02.5797179" startTime="2021-12-16T16:18:23.7053897+03:00" endTime="2021-12-16T16:18:23.7054030+03:00" testType="13cdc9d9-ddb5-4fa4-a97d-d965ccfc6d4b" outcome="Passed" testListId="8c84fa94-04c1-424b-9868-57a2d4851a1d" relativeResultsDirectory="2201a683-096a-4e37-b162-1b402cb0a1bb">
      <Output>
        <StdOut>SCENARIO: Нельзя создать документы с одинаковым кодом&#xD;
  STEP 1/7: GIVEN a company...&#xD;
  STEP 1/7: GIVEN a company (Passed after 112ms)&#xD;
  STEP 2/7: AND the authenticated user...&#xD;
  STEP 2/7: AND the authenticated user (Passed after 358ms)&#xD;
  STEP 3/7: Выдать пользователю нужные права...&#xD;
  STEP 3/7: Выдать пользователю нужные права (Passed after &lt;1ms)&#xD;
  STEP 4/7: Создать заявку...&#xD;
  STEP 4/7: Создать заявку (Passed after 619ms)&#xD;
  STEP 5/7: Проверить что заявка создалась...&#xD;
  STEP 5/7: Проверить что заявка создалась (Passed after 185ms)&#xD;
  STEP 6/7: Создать еще одну заявку с таким же кодом...&#xD;
  STEP 6/7: Создать еще одну заявку с таким же кодом (Passed after 452ms)&#xD;
  STEP 7/7: Проверить что новая заявка не создалась...&#xD;
  STEP 7/7: Проверить что новая заявка не создалась (Passed after 162ms)&#xD;
  SCENARIO RESULT: Passed after 2s 083ms</StdOut>
      </Output>
    </UnitTestResult>
    <UnitTestResult executionId="13a844f2-0200-4f83-887e-7131684e632e" testId="82db9127-b50b-1d57-a8d8-189433751ea3" testName="Skillaz.Tests.JobRequisition.JobRequisition_feature.Get_hire_request_by_vacancy_Id" computerName="DESKTOP-F6SKA47" duration="00:00:05.6839050" startTime="2021-12-16T16:25:39.8567330+03:00" endTime="2021-12-16T16:25:39.8567356+03:00" testType="13cdc9d9-ddb5-4fa4-a97d-d965ccfc6d4b" outcome="Passed" testListId="8c84fa94-04c1-424b-9868-57a2d4851a1d" relativeResultsDirectory="13a844f2-0200-4f83-887e-7131684e632e">
      <Output>
        <StdOut>SCENARIO: Get hire request by vacancy Id&#xD;
  STEP 1/15: GIVEN a company...&#xD;
  STEP 1/15: GIVEN a company (Passed after 571ms)&#xD;
  STEP 2/15: AND the authenticated user...&#xD;
  STEP 2/15: AND the authenticated user (Passed after 637ms)&#xD;
  STEP 3/15: AND the document model...&#xD;
  STEP 3/15: AND the document model (Passed after 51ms)&#xD;
  STEP 4/15: AND the vacancy in the company...&#xD;
  STEP 4/15: AND the vacancy in the company (Passed after 98ms)&#xD;
  STEP 5/15: AND not expect vacancy...&#xD;
  STEP 5/15: AND not expect vacancy (Passed after 128ms)&#xD;
  STEP 6/15: AND request [statusKey: "Draft"] [vacancyId: "61bb3e4f7f10d6937478e871"]...&#xD;
  STEP 6/15: AND request [statusKey: "Draft"] [vacancyId: "61bb3e4f7f10d6937478e871"] (Passed after 2s 241ms)&#xD;
  STEP 7/15: AND request [statusKey: "Draft"] [vacancyId: "61bb3e4f7f10d6937478e868"]...&#xD;
  STEP 7/15: AND request [statusKey: "Draft"] [vacancyId: "61bb3e4f7f10d6937478e868"] (Passed after 4ms)&#xD;
  STEP 8/15: AND request [statusKey: "Closed"] [vacancyId: "&lt;null&gt;"]...&#xD;
  STEP 8/15: AND request [statusKey: "Closed"] [vacancyId: "&lt;null&gt;"] (Passed after 3ms)&#xD;
  STEP 9/15: AND request [statusKey: "InWork"] [vacancyId: "61bb3e4f7f10d6937478e868"]...&#xD;
  STEP 9/15: AND request [statusKey: "InWork"] [vacancyId: "61bb3e4f7f10d6937478e868"] (Passed after 2ms)&#xD;
  STEP 10/15: AND request [statusKey: "InWork"] [vacancyId: "61bb3e4f7f10d6937478e868"]...&#xD;
  STEP 10/15: AND request [statusKey: "InWork"] [vacancyId: "61bb3e4f7f10d6937478e868"] (Passed after 5ms)&#xD;
  STEP 11/15: AND request [statusKey: "InWork"] [vacancyId: "61bb3e4f7f10d6937478e871"]...&#xD;
  STEP 11/15: AND request [statusKey: "InWork"] [vacancyId: "61bb3e4f7f10d6937478e871"] (Passed after 3ms)&#xD;
  STEP 12/15: AND request [statusKey: "InWork"] [vacancyId: "&lt;null&gt;"]...&#xD;
  STEP 12/15: AND request [statusKey: "InWork"] [vacancyId: "&lt;null&gt;"] (Passed after 1ms)&#xD;
  STEP 13/15: AND expected requestids by vacancy id...&#xD;
  STEP 13/15: AND expected requestids by vacancy id (Passed after 752ms)&#xD;
  STEP 14/15: WHEN get requests by vacancy id...&#xD;
  STEP 14/15: WHEN get requests by vacancy id (Passed after 789ms)&#xD;
  STEP 15/15: THEN requests status equals schemas status with tag...&#xD;
  STEP 15/15: THEN requests status equals schemas status with tag (Passed after 128ms)&#xD;
  SCENARIO RESULT: Passed after 5s 478ms</StdOut>
      </Output>
    </UnitTestResult>
    <UnitTestResult executionId="753e9f93-93fd-4cb6-be26-ebd6c732ef2e" testId="27d39d16-ec36-2ed1-9f6a-bd91d5addcdc" testName="Skillaz.Tests.ProductionCalendars.ProductionCalendarService_feature.Get_holidays_for_period_should_return_holidays_for_specified_country" computerName="DESKTOP-F6SKA47" duration="00:00:02.5373408" startTime="2021-12-16T16:24:08.5513760+03:00" endTime="2021-12-16T16:24:08.5513801+03:00" testType="13cdc9d9-ddb5-4fa4-a97d-d965ccfc6d4b" outcome="Passed" testListId="8c84fa94-04c1-424b-9868-57a2d4851a1d" relativeResultsDirectory="753e9f93-93fd-4cb6-be26-ebd6c732ef2e">
      <Output>
        <StdOut>SCENARIO: Get holidays for period should return holidays for specified country&#xD;
  STEP 1/6: GIVEN a company [companyDocument: "Skillaz.Candidate.Contract.LegacyCompany.LegacyCompanyDocument"]...&#xD;
  STEP 1/6: GIVEN a company [companyDocument: "Skillaz.Candidate.Contract.LegacyCompany.LegacyCompanyDocument"] (Passed after 165ms)&#xD;
  STEP 2/6: AND the authenticated user...&#xD;
  STEP 2/6: AND the authenticated user (Passed after 542ms)&#xD;
  STEP 3/6: AND production calendar [productionCalendarDocument: "Skillaz.Candidate.Contract.ProductionCalendar.ProductionCalendarDocument"]...&#xD;
  STEP 3/6: AND production calendar [productionCalendarDocument: "Skillaz.Candidate.Contract.ProductionCalendar.ProductionCalendarDocument"] (Passed after 602ms)&#xD;
  STEP 4/6: AND production calendar [productionCalendarDocument: "Skillaz.Candidate.Contract.ProductionCalendar.ProductionCalendarDocument"]...&#xD;
  STEP 4/6: AND production calendar [productionCalendarDocument: "Skillaz.Candidate.Contract.ProductionCalendar.ProductionCalendarDocument"] (Passed after 114ms)&#xD;
  STEP 5/6: WHEN get holidays for period [from: "01/01/2020 00:00:00"] [to: "01/05/2020 00:00:00"]...&#xD;
  STEP 5/6: WHEN get holidays for period [from: "01/01/2020 00:00:00"] [to: "01/05/2020 00:00:00"] (Passed after 4ms)&#xD;
  STEP 6/6: THEN holidays count should be [holidaysCount: "2"]...&#xD;
  STEP 6/6: THEN holidays count should be [holidaysCount: "2"] (Passed after &lt;1ms)&#xD;
  SCENARIO RESULT: Passed after 1s 442ms</StdOut>
      </Output>
    </UnitTestResult>
    <UnitTestResult executionId="89c47f07-c1a2-40a8-bd8e-bc6c3b0a8608" testId="019b787c-88b2-9680-3a7b-9251d2235f77" testName="Skillaz.Tests.CompanySpecific.X5.Naumen.NaumenSlaTests.Sla_calculates_correctly_for_next_day(candidateTimeZone: 3, sla: 02:00:00, startDate: 2019-12-31T19:30:00.0000000Z, truth: [NaumenTimeRange { From = &quot;2020-01-01 09:00:00&quot;, To = &quot;2020-01-01 11:00:00&quot; }])" computerName="DESKTOP-F6SKA47" duration="00:00:00.0000551" startTime="2021-12-16T16:16:29.0741278+03:00" endTime="2021-12-16T16:16:29.0741282+03:00" testType="13cdc9d9-ddb5-4fa4-a97d-d965ccfc6d4b" outcome="Passed" testListId="8c84fa94-04c1-424b-9868-57a2d4851a1d" relativeResultsDirectory="89c47f07-c1a2-40a8-bd8e-bc6c3b0a8608" />
    <UnitTestResult executionId="b3c46947-9273-43eb-a268-2e786eba800e" testId="3e286d15-1d7c-a423-79a3-dfabcc6a2cf0" testName="Skillaz.Tests.Configurator.DocumentModel.RefFeature.Проверить_настройку_Ref_для_справочников_из_конфигуратора" computerName="DESKTOP-F6SKA47" duration="00:00:03.5436428" startTime="2021-12-16T16:24:47.0905846+03:00" endTime="2021-12-16T16:24:47.0905871+03:00" testType="13cdc9d9-ddb5-4fa4-a97d-d965ccfc6d4b" outcome="Passed" testListId="8c84fa94-04c1-424b-9868-57a2d4851a1d" relativeResultsDirectory="b3c46947-9273-43eb-a268-2e786eba800e">
      <Output>
        <StdOut>SCENARIO: Проверить настройку Ref для справочников из конфигуратора&#xD;
  STEP 1/5: GIVEN a company...&#xD;
  STEP 1/5: GIVEN a company (Passed after 321ms)&#xD;
  STEP 2/5: AND the authenticated user...&#xD;
  STEP 2/5: AND the authenticated user (Passed after 477ms)&#xD;
  STEP 3/5: Определить модель Справочника в конфигураторе со значениями...&#xD;
  STEP 3/5: Определить модель Справочника в конфигураторе со значениями (Passed after 629ms)&#xD;
  STEP 4/5: Определить модель ОЕ с полем справочника из кфг...&#xD;
  STEP 4/5: Определить модель ОЕ с полем справочника из кфг (Passed after 288ms)&#xD;
  STEP 5/5: Создать ОЕ с выбором элемента справочника из кфг и проверить что связанное значение подставилось...&#xD;
  STEP 5/5: Создать ОЕ с выбором элемента справочника из кфг и проверить что связанное значение подставилось (Passed after 1s 679ms)&#xD;
  SCENARIO RESULT: Passed after 3s 398ms</StdOut>
      </Output>
    </UnitTestResult>
    <UnitTestResult executionId="bc52cc3d-7a2c-4c58-b2fb-ad0b712b4d82" testId="019b787c-88b2-9680-3a7b-9251d2235f77" testName="Skillaz.Tests.CompanySpecific.X5.Naumen.NaumenSlaTests.Sla_calculates_correctly_for_next_day(candidateTimeZone: 2, sla: 02:00:00, startDate: 2019-12-31T23:30:00.0000000Z, truth: [NaumenTimeRange { From = &quot;2020-01-01 10:00:00&quot;, To = &quot;2020-01-01 12:00:00&quot; }])" computerName="DESKTOP-F6SKA47" duration="00:00:00.0000338" startTime="2021-12-16T16:16:29.0599730+03:00" endTime="2021-12-16T16:16:29.0599734+03:00" testType="13cdc9d9-ddb5-4fa4-a97d-d965ccfc6d4b" outcome="Passed" testListId="8c84fa94-04c1-424b-9868-57a2d4851a1d" relativeResultsDirectory="bc52cc3d-7a2c-4c58-b2fb-ad0b712b4d82" />
    <UnitTestResult executionId="ca37d575-ad5d-4eb8-b498-914acb4e3826" testId="f9aa3372-35f2-d38d-da06-c52850a4d4ec" testName="Skillaz.Tests.Vacancy.CompanySpecific.MvideoMassCandidateDatabase_feature.Transfer_to_the_candidate_database_will_create_candidate" computerName="DESKTOP-F6SKA47" duration="00:00:00.0010000" startTime="2021-12-16T16:27:22.6663431+03:00" endTime="2021-12-16T16:27:22.6663461+03:00" testType="13cdc9d9-ddb5-4fa4-a97d-d965ccfc6d4b" outcome="NotExecuted" testListId="8c84fa94-04c1-424b-9868-57a2d4851a1d" relativeResultsDirectory="ca37d575-ad5d-4eb8-b498-914acb4e3826">
      <Output>
        <StdOut>Базу кандидатов мвидео переделали, сейчас не актуально, нужно переписать</StdOut>
      </Output>
    </UnitTestResult>
    <UnitTestResult executionId="49e74c6f-4dd4-4b16-aa50-98af3f4003dc" testId="bf753f95-d4e5-af57-faee-882baaec6d00" testName="Skillaz.Tests.Candidate.Checks.ChecksWithStatusLimitatins_feature.Successful_change_candidate_status_when_all_Multiple_checks_is_in_finished_state" computerName="DESKTOP-F6SKA47" duration="00:00:20.1318818" startTime="2021-12-16T16:23:30.2439596+03:00" endTime="2021-12-16T16:23:30.2439674+03:00" testType="13cdc9d9-ddb5-4fa4-a97d-d965ccfc6d4b" outcome="Passed" testListId="8c84fa94-04c1-424b-9868-57a2d4851a1d" relativeResultsDirectory="49e74c6f-4dd4-4b16-aa50-98af3f4003dc">
      <Output>
        <StdOut>SCENARIO: Successful change candidate status when all Multiple checks is in finished state&#xD;
  STEP 1/9: GIVEN a company...&#xD;
  STEP 1/9: GIVEN a company (Passed after 640ms)&#xD;
  STEP 2/9: AND the vacancy in the company...&#xD;
  STEP 2/9: AND the vacancy in the company (Passed after 698ms)&#xD;
  STEP 3/9: AND the authenticated user...&#xD;
  STEP 3/9: AND the authenticated user (Passed after 739ms)&#xD;
  STEP 4/9: AND client configuration with checks workflow and model...&#xD;
  STEP 4/9: AND client configuration with checks workflow and model (Passed after 1s 532ms)&#xD;
  STEP 5/9: AND a funnel...&#xD;
  STEP 5/9: AND a funnel (Passed after 143ms)&#xD;
  STEP 6/9: AND a candidate...&#xD;
  STEP 6/9: AND a candidate (Passed after 243ms)&#xD;
  STEP 7/9: AND a two Multiple checks with final stages...&#xD;
  STEP 7/9: AND a two Multiple checks with final stages (Passed after 5s 676ms)&#xD;
  STEP 8/9: WHEN change candidate status...&#xD;
  STEP 8/9: WHEN change candidate status (Passed after 10s 132ms)&#xD;
  STEP 9/9: THEN status is changed...&#xD;
  STEP 9/9: THEN status is changed (Passed after 3ms)&#xD;
  SCENARIO RESULT: Passed after 19s 815ms</StdOut>
      </Output>
    </UnitTestResult>
    <UnitTestResult executionId="991c3aae-273f-4e2b-ac9f-36aeb6207bb9" testId="019b787c-88b2-9680-3a7b-9251d2235f77" testName="Skillaz.Tests.CompanySpecific.X5.Naumen.NaumenSlaTests.Sla_calculates_correctly_for_next_day(candidateTimeZone: 8, sla: 02:00:00, startDate: 2019-12-31T19:30:00.0000000Z, truth: [NaumenTimeRange { From = &quot;2020-01-01 07:00:00&quot;, To = &quot;2020-01-01 09:00:00&quot; }])" computerName="DESKTOP-F6SKA47" duration="00:00:00.0004111" startTime="2021-12-16T16:16:29.2986282+03:00" endTime="2021-12-16T16:16:29.2986287+03:00" testType="13cdc9d9-ddb5-4fa4-a97d-d965ccfc6d4b" outcome="Passed" testListId="8c84fa94-04c1-424b-9868-57a2d4851a1d" relativeResultsDirectory="991c3aae-273f-4e2b-ac9f-36aeb6207bb9" />
    <UnitTestResult executionId="91c58857-8c32-4fdd-9161-56276d5d0238" testId="24e4a873-074e-7719-3ab8-9a612d5a942c" testName="Skillaz.Tests.Configurator.DocumentModel.DocumentModelFieldRuleTest.Проверить_правила_обязательности_поля" computerName="DESKTOP-F6SKA47" duration="00:00:02.5247392" startTime="2021-12-16T16:25:06.6490383+03:00" endTime="2021-12-16T16:25:06.6490412+03:00" testType="13cdc9d9-ddb5-4fa4-a97d-d965ccfc6d4b" outcome="Passed" testListId="8c84fa94-04c1-424b-9868-57a2d4851a1d" relativeResultsDirectory="91c58857-8c32-4fdd-9161-56276d5d0238">
      <Output>
        <StdOut>SCENARIO: Проверить правила обязательности поля&#xD;
  STEP 1/6: GIVEN Given a company...&#xD;
  STEP 1/6: GIVEN Given a company (Passed after 81ms)&#xD;
  STEP 2/6: AND Given the authenticated user...&#xD;
  STEP 2/6: AND Given the authenticated user (Passed after 212ms)&#xD;
  STEP 3/6: AND Given the vacancy in the company...&#xD;
  STEP 3/6: AND Given the vacancy in the company (Passed after 133ms)&#xD;
  STEP 4/6: AND Load city and region references...&#xD;
  STEP 4/6: AND Load city and region references (Passed after 284ms)&#xD;
  STEP 5/6: AND Given the model for IsRequired test...&#xD;
  STEP 5/6: AND Given the model for IsRequired test (Passed after 256ms)&#xD;
  STEP 6/6: CHECK Check that fields is required...&#xD;
  STEP 6/6: CHECK Check that fields is required (Passed after 458ms)&#xD;
  SCENARIO RESULT: Passed after 1s 434ms</StdOut>
      </Output>
    </UnitTestResult>
    <UnitTestResult executionId="f8ec18a4-fd66-40f0-a3cc-c7d5e0bb0773" testId="be85612c-fe29-ee17-4777-339ddd970428" testName="Skillaz.Tests.Telephony.CallList_ExtendFilter_feature.CheckSimpleFilterIncludeAnd" computerName="DESKTOP-F6SKA47" duration="00:00:04.0516890" startTime="2021-12-16T16:27:29.3822686+03:00" endTime="2021-12-16T16:27:29.3822722+03:00" testType="13cdc9d9-ddb5-4fa4-a97d-d965ccfc6d4b" outcome="Passed" testListId="8c84fa94-04c1-424b-9868-57a2d4851a1d" relativeResultsDirectory="f8ec18a4-fd66-40f0-a3cc-c7d5e0bb0773">
      <Output>
        <StdOut>SCENARIO: CheckSimpleFilterIncludeAnd&#xD;
  STEP 1/8: GIVEN Given a company...&#xD;
  STEP 1/8: GIVEN Given a company (Passed after 137ms)&#xD;
  STEP 2/8: AND Given the authenticated user...&#xD;
  STEP 2/8: AND Given the authenticated user (Passed after 464ms)&#xD;
  STEP 3/8: AND Given a vacancy...&#xD;
  STEP 3/8: AND Given a vacancy (Passed after 336ms)&#xD;
  STEP 4/8: AND Given a candidates...&#xD;
  STEP 4/8: AND Given a candidates (Passed after 425ms)&#xD;
  STEP 5/8: AND Given outgoing campaign...&#xD;
  STEP 5/8: AND Given outgoing campaign (Passed after 387ms)&#xD;
  STEP 6/8: WHEN CreateSimpleExtendFilter [include: "(All, System.String[])"] [exclude: "&lt;null&gt;"]...&#xD;
  STEP 6/8: WHEN CreateSimpleExtendFilter [include: "(All, System.String[])"] [exclude: "&lt;null&gt;"] (Passed after &lt;1ms)&#xD;
  STEP 7/8: AND When candidates requested using advanced filter...&#xD;
  STEP 7/8: AND When candidates requested using advanced filter (Passed after 705ms)&#xD;
  STEP 8/8: THEN Then candidates count "3" correct...&#xD;
  STEP 8/8: THEN Then candidates count "3" correct (Passed after &lt;1ms)&#xD;
  SCENARIO RESULT: Passed after 2s 470ms</StdOut>
      </Output>
    </UnitTestResult>
    <UnitTestResult executionId="f0aff7b6-cfcb-485e-990c-c1f13b94bd5f" testId="695a69c9-264c-d1c5-2032-535ef4bf39f9" testName="Skillaz.Tests.CompanySpecific.X5.Naumen.NaumenSlaTests.Sla_calculates_correctly_for_split_days(candidateTimeZone: 7, sla: 03:00:00, startDate: 2019-12-31T11:30:00.0000000Z, truth: [NaumenTimeRange { From = &quot;2019-12-31 14:30:00&quot;, To = &quot;2019-12-31 16:00:00&quot; }, NaumenTimeRange { From = &quot;2020-01-01 07:00:00&quot;, To = &quot;2020-01-01 08:30:00&quot; }])" computerName="DESKTOP-F6SKA47" duration="00:00:00.0001008" startTime="2021-12-16T16:16:29.0044856+03:00" endTime="2021-12-16T16:16:29.0044865+03:00" testType="13cdc9d9-ddb5-4fa4-a97d-d965ccfc6d4b" outcome="Passed" testListId="8c84fa94-04c1-424b-9868-57a2d4851a1d" relativeResultsDirectory="f0aff7b6-cfcb-485e-990c-c1f13b94bd5f" />
    <UnitTestResult executionId="294d3849-6bec-4af5-8bca-7be8c1fd6981" testId="fa24c906-0200-10d6-80a1-6825166e00b6" testName="Skillaz.Tests.Validators.RequiredFieldValidator_feature.Should_show_overriden_error_message_when_validate" computerName="DESKTOP-F6SKA47" duration="00:00:00.0998024" startTime="2021-12-16T16:26:35.7262997+03:00" endTime="2021-12-16T16:26:35.7263015+03:00" testType="13cdc9d9-ddb5-4fa4-a97d-d965ccfc6d4b" outcome="Passed" testListId="8c84fa94-04c1-424b-9868-57a2d4851a1d" relativeResultsDirectory="294d3849-6bec-4af5-8bca-7be8c1fd6981">
      <Output>
        <StdOut>SCENARIO: Should show overriden error message when validate&#xD;
  STEP 1/5: GIVEN RequiredFieldValidator with overriden error message...&#xD;
  STEP 1/5: GIVEN RequiredFieldValidator with overriden error message (Passed after &lt;1ms)&#xD;
  STEP 2/5: AND document with invalid string field...&#xD;
  STEP 2/5: AND document with invalid string field (Passed after 1ms)&#xD;
  STEP 3/5: Run validator...&#xD;
  STEP 3/5: Run validator (Passed after 40ms)&#xD;
  STEP 4/5: Assert result is not valid...&#xD;
  STEP 4/5: Assert result is not valid (Passed after &lt;1ms)&#xD;
  STEP 5/5: Assert overriden error message in validation result...&#xD;
  STEP 5/5: Assert overriden error message in validation result (Passed after &lt;1ms)&#xD;
  SCENARIO RESULT: Passed after 47ms</StdOut>
      </Output>
    </UnitTestResult>
    <UnitTestResult executionId="03745ab6-6f33-4844-b8f8-69e57d3d41e1" testId="019b787c-88b2-9680-3a7b-9251d2235f77" testName="Skillaz.Tests.CompanySpecific.X5.Naumen.NaumenSlaTests.Sla_calculates_correctly_for_next_day(candidateTimeZone: 4, sla: 02:00:00, startDate: 2019-12-31T17:30:00.0000000Z, truth: [NaumenTimeRange { From = &quot;2020-01-01 08:00:00&quot;, To = &quot;2020-01-01 10:00:00&quot; }])" computerName="DESKTOP-F6SKA47" duration="00:00:00.0001287" startTime="2021-12-16T16:16:29.0873719+03:00" endTime="2021-12-16T16:16:29.0873770+03:00" testType="13cdc9d9-ddb5-4fa4-a97d-d965ccfc6d4b" outcome="Passed" testListId="8c84fa94-04c1-424b-9868-57a2d4851a1d" relativeResultsDirectory="03745ab6-6f33-4844-b8f8-69e57d3d41e1" />
    <UnitTestResult executionId="ff78ae8d-8f22-4a48-bd94-2293b7ca33ef" testId="019b787c-88b2-9680-3a7b-9251d2235f77" testName="Skillaz.Tests.CompanySpecific.X5.Naumen.NaumenSlaTests.Sla_calculates_correctly_for_next_day(candidateTimeZone: 6, sla: 02:00:00, startDate: 2019-12-31T23:00:00.0000000Z, truth: [NaumenTimeRange { From = &quot;2020-01-01 07:00:00&quot;, To = &quot;2020-01-01 09:00:00&quot; }])" computerName="DESKTOP-F6SKA47" duration="00:00:00.0001121" startTime="2021-12-16T16:16:29.2760012+03:00" endTime="2021-12-16T16:16:29.2760182+03:00" testType="13cdc9d9-ddb5-4fa4-a97d-d965ccfc6d4b" outcome="Passed" testListId="8c84fa94-04c1-424b-9868-57a2d4851a1d" relativeResultsDirectory="ff78ae8d-8f22-4a48-bd94-2293b7ca33ef" />
    <UnitTestResult executionId="7280a6c7-cded-47ea-9932-32771d9fe05c" testId="019b787c-88b2-9680-3a7b-9251d2235f77" testName="Skillaz.Tests.CompanySpecific.X5.Naumen.NaumenSlaTests.Sla_calculates_correctly_for_next_day(candidateTimeZone: 10, sla: 02:00:00, startDate: 2019-12-31T20:00:00.0000000Z, truth: [NaumenTimeRange { From = &quot;2020-01-01 07:00:00&quot;, To = &quot;2020-01-01 09:00:00&quot; }])" computerName="DESKTOP-F6SKA47" duration="00:00:00.0000298" startTime="2021-12-16T16:16:29.3361223+03:00" endTime="2021-12-16T16:16:29.3361246+03:00" testType="13cdc9d9-ddb5-4fa4-a97d-d965ccfc6d4b" outcome="Passed" testListId="8c84fa94-04c1-424b-9868-57a2d4851a1d" relativeResultsDirectory="7280a6c7-cded-47ea-9932-32771d9fe05c" />
    <UnitTestResult executionId="74ec9135-a228-477c-afe3-817164d382c8" testId="7e1c408e-1f77-c5af-b1d4-ff0c41e2e5a6" testName="Skillaz.Tests.WebHooks.WebHooks_feature.FailedHookFailedResend" computerName="DESKTOP-F6SKA47" duration="00:00:01.1368494" startTime="2021-12-16T16:22:13.2908597+03:00" endTime="2021-12-16T16:22:13.2908632+03:00" testType="13cdc9d9-ddb5-4fa4-a97d-d965ccfc6d4b" outcome="Passed" testListId="8c84fa94-04c1-424b-9868-57a2d4851a1d" relativeResultsDirectory="74ec9135-a228-477c-afe3-817164d382c8">
      <Output>
        <StdOut>SCENARIO: FailedHookFailedResend&#xD;
  STEP 1/8: GIVEN a company...&#xD;
  STEP 1/8: GIVEN a company (Passed after 82ms)&#xD;
  STEP 2/8: AND the authenticated user...&#xD;
  STEP 2/8: AND the authenticated user (Passed after 150ms)&#xD;
  STEP 3/8: AND a synchronous subscription...&#xD;
  STEP 3/8: AND a synchronous subscription (Passed after 110ms)&#xD;
  STEP 4/8: AND a broken web hook server...&#xD;
  STEP 4/8: AND a broken web hook server (Passed after &lt;1ms)&#xD;
  STEP 5/8: AND a failed hook...&#xD;
  STEP 5/8: AND a failed hook (Passed after 102ms)&#xD;
  STEP 6/8: WHEN job time has come...&#xD;
  STEP 6/8: WHEN job time has come (Passed after 400ms)&#xD;
  STEP 7/8: THEN error should be logged...&#xD;
  STEP 7/8: THEN error should be logged (Passed after &lt;1ms)&#xD;
  STEP 8/8: AND resend attempt should be increased...&#xD;
  STEP 8/8: AND resend attempt should be increased (Passed after 52ms)&#xD;
  SCENARIO RESULT: Passed after 903ms</StdOut>
      </Output>
    </UnitTestResult>
    <UnitTestResult executionId="b9a86e79-24b7-46a1-89a7-489324c0fcff" testId="39bbe88c-a5a1-69b6-0e18-a75bb02edd6c" testName="Skillaz.Tests.CompanySpecific.X5.Naumen.NaumenSlaTests.Sla_calculates_correctly_within_one_day(candidateTimeZone: 6, sla: 09:00:00, startDate: 2019-12-31T05:00:00.0000000Z, truth: [NaumenTimeRange { From = &quot;2019-12-31 08:00:00&quot;, To = &quot;2019-12-31 17:00:00&quot; }])" computerName="DESKTOP-F6SKA47" duration="00:00:00.0000432" startTime="2021-12-16T16:16:29.0108509+03:00" endTime="2021-12-16T16:16:29.0108541+03:00" testType="13cdc9d9-ddb5-4fa4-a97d-d965ccfc6d4b" outcome="Passed" testListId="8c84fa94-04c1-424b-9868-57a2d4851a1d" relativeResultsDirectory="b9a86e79-24b7-46a1-89a7-489324c0fcff" />
    <UnitTestResult executionId="687003c0-856a-4ecf-bf88-f75195e023f8" testId="deac3dac-ffea-575d-c1a2-8b26adb26f47" testName="Skillaz.Tests.Candidate.RoleRestrictionChangingCandidateStatus_feature.User_with_restrictions_can_change_status" computerName="DESKTOP-F6SKA47" duration="00:00:10.7332007" startTime="2021-12-16T16:19:22.6728054+03:00" endTime="2021-12-16T16:19:22.6728089+03:00" testType="13cdc9d9-ddb5-4fa4-a97d-d965ccfc6d4b" outcome="Passed" testListId="8c84fa94-04c1-424b-9868-57a2d4851a1d" relativeResultsDirectory="687003c0-856a-4ecf-bf88-f75195e023f8">
      <Output>
        <StdOut>SCENARIO: User with restrictions can change status&#xD;
  STEP 1/8: GIVEN a company [companyId: "testCompany"]...&#xD;
  STEP 1/8: GIVEN a company [companyId: "testCompany"] (Passed after 284ms)&#xD;
  STEP 2/8: AND the authenticated user...&#xD;
  STEP 2/8: AND the authenticated user (Passed after 960ms)&#xD;
  STEP 3/8: AND user restrictions...&#xD;
  STEP 3/8: AND user restrictions (Passed after 1ms)&#xD;
  STEP 4/8: AND a vacancy...&#xD;
  STEP 4/8: AND a vacancy (Passed after 728ms)&#xD;
  STEP 5/8: AND a candidate...&#xD;
  STEP 5/8: AND a candidate (Passed after 1s 431ms)&#xD;
  STEP 6/8: AND MassCandidatesStatusDto with restrict user status...&#xD;
  STEP 6/8: AND MassCandidatesStatusDto with restrict user status (Passed after &lt;1ms)&#xD;
  STEP 7/8: WHEN status change...&#xD;
  STEP 7/8: WHEN status change (Passed after 6s 342ms)&#xD;
  STEP 8/8: THEN Candidate has new status...&#xD;
  STEP 8/8: THEN Candidate has new status (Passed after 126ms)&#xD;
  SCENARIO RESULT: Passed after 9s 908ms</StdOut>
      </Output>
    </UnitTestResult>
    <UnitTestResult executionId="4c209dbd-f013-4f83-9152-db3ac11a5ace" testId="2a5e6d8b-bdd2-2876-273c-757bcec171b9" testName="Skillaz.Tests.DocumentModels.DocumentModel_AvailableValues_feature.Set_value_that_is_not_in_availableValues" computerName="DESKTOP-F6SKA47" duration="00:00:00.0010000" startTime="2021-12-16T16:22:00.5580604+03:00" endTime="2021-12-16T16:22:00.5580659+03:00" testType="13cdc9d9-ddb5-4fa4-a97d-d965ccfc6d4b" outcome="NotExecuted" testListId="8c84fa94-04c1-424b-9868-57a2d4851a1d" relativeResultsDirectory="4c209dbd-f013-4f83-9152-db3ac11a5ace">
      <Output>
        <StdOut>DM not ready yet</StdOut>
      </Output>
    </UnitTestResult>
    <UnitTestResult executionId="874d16a0-6bf9-4370-9777-e03e7061fd23" testId="019b787c-88b2-9680-3a7b-9251d2235f77" testName="Skillaz.Tests.CompanySpecific.X5.Naumen.NaumenSlaTests.Sla_calculates_correctly_for_next_day(candidateTimeZone: 5, sla: 02:00:00, startDate: 2020-01-01T03:00:00.0000000Z, truth: [NaumenTimeRange { From = &quot;2020-01-01 07:00:00&quot;, To = &quot;2020-01-01 09:00:00&quot; }])" computerName="DESKTOP-F6SKA47" duration="00:00:00.0001016" startTime="2021-12-16T16:16:29.1148003+03:00" endTime="2021-12-16T16:16:29.1148008+03:00" testType="13cdc9d9-ddb5-4fa4-a97d-d965ccfc6d4b" outcome="Passed" testListId="8c84fa94-04c1-424b-9868-57a2d4851a1d" relativeResultsDirectory="874d16a0-6bf9-4370-9777-e03e7061fd23" />
    <UnitTestResult executionId="44068478-d3a3-4b76-bac5-011128140f22" testId="84d778aa-2de0-c2bd-38bb-9fd7798609bc" testName="Skillaz.Tests.CompanySpecific.GazpromNeft.GazpromUploadReferences_feature.Create_multiple_staff_unit_with_equal_azs" computerName="DESKTOP-F6SKA47" duration="00:00:10.2539514" startTime="2021-12-16T16:25:34.2100999+03:00" endTime="2021-12-16T16:25:34.2101082+03:00" testType="13cdc9d9-ddb5-4fa4-a97d-d965ccfc6d4b" outcome="Passed" testListId="8c84fa94-04c1-424b-9868-57a2d4851a1d" relativeResultsDirectory="44068478-d3a3-4b76-bac5-011128140f22">
      <Output>
        <StdOut>SCENARIO: Create multiple staff unit with equal azs&#xD;
  STEP 1/8: GIVEN a company [companyId: "kdaigswiuJNh8Tvsp"]...&#xD;
  STEP 1/8: GIVEN a company [companyId: "kdaigswiuJNh8Tvsp"] (Passed after 1s 761ms)&#xD;
  STEP 2/8: AND the authenticated user...&#xD;
  STEP 2/8: AND the authenticated user (Passed after 1s 782ms)&#xD;
  STEP 3/8: AND the data service...&#xD;
  STEP 3/8: AND the data service (Passed after 2ms)&#xD;
  STEP 4/8: AND the rows equals azs...&#xD;
  STEP 4/8: AND the rows equals azs (Passed after 14ms)&#xD;
  STEP 5/8: AND the xlsx file...&#xD;
  STEP 5/8: AND the xlsx file (Passed after 1s 423ms)&#xD;
  STEP 6/8: WHEN upload xlsx file...&#xD;
  STEP 6/8: WHEN upload xlsx file (Passed after 2s 222ms)&#xD;
  STEP 7/8: Ensure staff unit reference [uploadReference: "Skillaz.Tests.CompanySpecific.GazpromNeft.GazpromUploadWorkplaceTest"]...&#xD;
  STEP 7/8: Ensure staff unit reference [uploadReference: "Skillaz.Tests.CompanySpecific.GazpromNeft.GazpromUploadWorkplaceTest"] (Passed after 186ms)&#xD;
  STEP 8/8: Ensure staff unit reference [uploadReference: "Skillaz.Tests.CompanySpecific.GazpromNeft.GazpromUploadWorkplaceTest"]...&#xD;
  STEP 8/8: Ensure staff unit reference [uploadReference: "Skillaz.Tests.CompanySpecific.GazpromNeft.GazpromUploadWorkplaceTest"] (Passed after 11ms)&#xD;
  SCENARIO RESULT: Passed after 7s 523ms</StdOut>
      </Output>
    </UnitTestResult>
    <UnitTestResult executionId="52bd818b-b71a-4a07-9f9c-0fcd9f7e9edb" testId="dd0eca32-8425-abe6-3c2c-4fb09321aa67" testName="Should create &amp; get questionnaire" computerName="DESKTOP-F6SKA47" duration="00:00:06.9086586" startTime="2021-12-16T16:21:54.8138108+03:00" endTime="2021-12-16T16:21:54.8138221+03:00" testType="13cdc9d9-ddb5-4fa4-a97d-d965ccfc6d4b" outcome="Passed" testListId="8c84fa94-04c1-424b-9868-57a2d4851a1d" relativeResultsDirectory="52bd818b-b71a-4a07-9f9c-0fcd9f7e9edb" />
    <UnitTestResult executionId="d6da8b31-40d6-4009-9693-d3441af4d60c" testId="c3e221e4-4593-c0e3-f43d-00389e8002b2" testName="Skillaz.Tests.Candidate.Elastic.CandidateElasticFiltration_feature.Retrieving_a_candidate_by_nonexistent_request_id" computerName="DESKTOP-F6SKA47" duration="00:00:00.0010000" startTime="2021-12-16T16:24:39.8799264+03:00" endTime="2021-12-16T16:24:39.8799347+03:00" testType="13cdc9d9-ddb5-4fa4-a97d-d965ccfc6d4b" outcome="NotExecuted" testListId="8c84fa94-04c1-424b-9868-57a2d4851a1d" relativeResultsDirectory="d6da8b31-40d6-4009-9693-d3441af4d60c">
      <Output>
        <StdOut>You need Elasticsearch 7.5 local instance on 9200 port</StdOut>
      </Output>
    </UnitTestResult>
    <UnitTestResult executionId="f5b314cc-bdb5-4727-8488-d63a2620e7e9" testId="a6417458-0d03-cf81-81fa-b5a56f1aa985" testName="Skillaz.Tests.Helpers.WorkingDaysHelperFeature.FindProductionDates(dateStrings: [&quot;2020-08-01&quot;, &quot;2020-08-02&quot;, &quot;2020-08-15&quot;, &quot;2020-08-16&quot;, &quot;2020-08-03&quot;, ...])" computerName="DESKTOP-F6SKA47" duration="00:00:00.0000669" startTime="2021-12-16T16:16:29.3930934+03:00" endTime="2021-12-16T16:16:29.3930938+03:00" testType="13cdc9d9-ddb5-4fa4-a97d-d965ccfc6d4b" outcome="Passed" testListId="8c84fa94-04c1-424b-9868-57a2d4851a1d" relativeResultsDirectory="f5b314cc-bdb5-4727-8488-d63a2620e7e9" />
    <UnitTestResult executionId="e292b497-cd33-4517-9caa-7922437f8129" testId="019b787c-88b2-9680-3a7b-9251d2235f77" testName="Skillaz.Tests.CompanySpecific.X5.Naumen.NaumenSlaTests.Sla_calculates_correctly_for_next_day(candidateTimeZone: 2, sla: 02:00:00, startDate: 2020-01-01T02:30:00.0000000Z, truth: [NaumenTimeRange { From = &quot;2020-01-01 10:00:00&quot;, To = &quot;2020-01-01 12:00:00&quot; }])" computerName="DESKTOP-F6SKA47" duration="00:00:00.0000378" startTime="2021-12-16T16:16:29.0700090+03:00" endTime="2021-12-16T16:16:29.0700167+03:00" testType="13cdc9d9-ddb5-4fa4-a97d-d965ccfc6d4b" outcome="Passed" testListId="8c84fa94-04c1-424b-9868-57a2d4851a1d" relativeResultsDirectory="e292b497-cd33-4517-9caa-7922437f8129" />
    <UnitTestResult executionId="5976fbe9-ee78-4640-85da-bd237361a08a" testId="8ba939dc-50ed-a5b6-7eff-95ca207682ff" testName="Skillaz.Tests.Vacancy.VacancyCounters_feature.If_company_has_no_configured_filter_by_vacancy_id_in_hire_requests_then_hire_requests_vacancy_counter_still_filters_by_vacancy_id" computerName="DESKTOP-F6SKA47" duration="00:00:06.9022889" startTime="2021-12-16T16:19:28.7580097+03:00" endTime="2021-12-16T16:19:28.7580119+03:00" testType="13cdc9d9-ddb5-4fa4-a97d-d965ccfc6d4b" outcome="Passed" testListId="8c84fa94-04c1-424b-9868-57a2d4851a1d" relativeResultsDirectory="5976fbe9-ee78-4640-85da-bd237361a08a">
      <Output>
        <StdOut>SCENARIO: If company has no configured filter by vacancy id in hire requests then hire requests vacancy counter still filters by vacancy id&#xD;
  STEP 1/11: GIVEN a company...&#xD;
  STEP 1/11: GIVEN a company (Passed after 233ms)&#xD;
  STEP 2/11: AND the authenticated user...&#xD;
  STEP 2/11: AND the authenticated user (Passed after 561ms)&#xD;
  STEP 3/11: AND the client configuration for company...&#xD;
  STEP 3/11: AND the client configuration for company (Passed after 1s 857ms)&#xD;
  STEP 4/11: AND vacancy counter configuration [documentModelCountersConfigurationDto: "Skillaz.Configurator.Contract.DocumentModel.DocumentModelCountersConfigurationDto"]...&#xD;
  STEP 4/11: AND vacancy counter configuration [documentModelCountersConfigurationDto: "Skillaz.Configurator.Contract.DocumentModel.DocumentModelCountersConfigurationDto"] (Passed after 162ms)&#xD;
  STEP 5/11: AND a vacancy "Skillaz.Candidate.Contract.LegacyVacancy.LegacyVacancyDocument"...&#xD;
  STEP 5/11: AND a vacancy "Skillaz.Candidate.Contract.LegacyVacancy.LegacyVacancyDocument" (Passed after 150ms)&#xD;
  STEP 6/11: AND a vacancy "Skillaz.Candidate.Contract.LegacyVacancy.LegacyVacancyDocument"...&#xD;
  STEP 6/11: AND a vacancy "Skillaz.Candidate.Contract.LegacyVacancy.LegacyVacancyDocument" (Passed after 8ms)&#xD;
  STEP 7/11: AND hire request [hireRequest: "Skillaz.Candidate.Contract.Request.RequestDocument"]...&#xD;
  STEP 7/11: AND hire request [hireRequest: "Skillaz.Candidate.Contract.Request.RequestDocument"] (Passed after 124ms)&#xD;
  STEP 8/11: AND hire request [hireRequest: "Skillaz.Candidate.Contract.Request.RequestDocument"]...&#xD;
  STEP 8/11: AND hire request [hireRequest: "Skillaz.Candidate.Contract.Request.RequestDocument"] (Passed after 7ms)&#xD;
  STEP 9/11: WHEN getting vacancy counters for [vacancyIds: "first-vac, second-vac"]...&#xD;
  STEP 9/11: WHEN getting vacancy counters for [vacancyIds: "first-vac, second-vac"] (Passed after 710ms)&#xD;
  STEP 10/11: THEN hire requests counter should display [vacancyId: "first-vac"] [counterName: "Новые заявки"] [count: "1"]...&#xD;
  STEP 10/11: THEN hire requests counter should display [vacancyId: "first-vac"] [counterName: "Новые заявки"] [count: "1"] (Passed after 68ms)&#xD;
  STEP 11/11: AND hire requests counter should display [vacancyId: "second-vac"] [counterName: "Новые заявки"] [count: "1"]...&#xD;
  STEP 11/11: AND hire requests counter should display [vacancyId: "second-vac"] [counterName: "Новые заявки"] [count: "1"] (Passed after &lt;1ms)&#xD;
  SCENARIO RESULT: Passed after 3s 975ms</StdOut>
      </Output>
    </UnitTestResult>
    <UnitTestResult executionId="d7a8a9b4-8a3b-440c-be70-2bbcb40a72cf" testId="4fa6d963-6126-fea1-285e-e3c64f57523d" testName="Skillaz.Tests.Mongo.Enums.EnumAttributeTest_feature.IntEnumFallback" computerName="DESKTOP-F6SKA47" duration="00:00:04.0067175" startTime="2021-12-16T16:23:17.7637665+03:00" endTime="2021-12-16T16:23:17.7637695+03:00" testType="13cdc9d9-ddb5-4fa4-a97d-d965ccfc6d4b" outcome="Passed" testListId="8c84fa94-04c1-424b-9868-57a2d4851a1d" relativeResultsDirectory="d7a8a9b4-8a3b-440c-be70-2bbcb40a72cf">
      <Output>
        <StdOut>SCENARIO: IntEnumFallback&#xD;
  STEP 1/3: GIVEN document with int enum field with fallback...&#xD;
  STEP 1/3: GIVEN document with int enum field with fallback (Passed after 616ms)&#xD;
  STEP 2/3: WHEN retrieve the document...&#xD;
  STEP 2/3: WHEN retrieve the document (Passed after 3s 295ms)&#xD;
  STEP 3/3: THEN document should have fallback value in the int enum field...&#xD;
  STEP 3/3: THEN document should have fallback value in the int enum field (Passed after 31ms)&#xD;
  SCENARIO RESULT: Passed after 3s 971ms</StdOut>
      </Output>
    </UnitTestResult>
    <UnitTestResult executionId="27819aef-7184-4433-823e-e55052b4d2cc" testId="019b787c-88b2-9680-3a7b-9251d2235f77" testName="Skillaz.Tests.CompanySpecific.X5.Naumen.NaumenSlaTests.Sla_calculates_correctly_for_next_day(candidateTimeZone: 9, sla: 02:00:00, startDate: 2019-12-31T19:30:00.0000000Z, truth: [NaumenTimeRange { From = &quot;2020-01-01 07:00:00&quot;, To = &quot;2020-01-01 09:00:00&quot; }])" computerName="DESKTOP-F6SKA47" duration="00:00:00.0001259" startTime="2021-12-16T16:16:29.3187557+03:00" endTime="2021-12-16T16:16:29.3187564+03:00" testType="13cdc9d9-ddb5-4fa4-a97d-d965ccfc6d4b" outcome="Passed" testListId="8c84fa94-04c1-424b-9868-57a2d4851a1d" relativeResultsDirectory="27819aef-7184-4433-823e-e55052b4d2cc" />
    <UnitTestResult executionId="844821f6-5b20-47d5-8eb6-23dc0a68401f" testId="6c7fafb5-1fcb-261d-55ee-a3eb4fc6e8cb" testName="Skillaz.Tests.OpenApi.CandidateProfileApi.FilterCandidateProfile_feature.Candidate_profile_filter_not_existing_vacancy" computerName="DESKTOP-F6SKA47" duration="00:00:02.7779919" startTime="2021-12-16T16:27:28.1859126+03:00" endTime="2021-12-16T16:27:28.1859147+03:00" testType="13cdc9d9-ddb5-4fa4-a97d-d965ccfc6d4b" outcome="Passed" testListId="8c84fa94-04c1-424b-9868-57a2d4851a1d" relativeResultsDirectory="844821f6-5b20-47d5-8eb6-23dc0a68401f">
      <Output>
        <StdOut>SCENARIO: Candidate profile filter not existing vacancy&#xD;
  STEP 1/6: GIVEN a company...&#xD;
  STEP 1/6: GIVEN a company (Passed after 152ms)&#xD;
  STEP 2/6: AND the authenticated api user...&#xD;
  STEP 2/6: AND the authenticated api user (Passed after 510ms)&#xD;
  STEP 3/6: AND the vacancy in the company...&#xD;
  STEP 3/6: AND the vacancy in the company (Passed after 375ms)&#xD;
  STEP 4/6: AND a candidate profile with vacancy...&#xD;
  STEP 4/6: AND a candidate profile with vacancy (Passed after 389ms)&#xD;
  STEP 5/6: WHEN candidate profile filter not existing vacancy...&#xD;
  STEP 5/6: WHEN candidate profile filter not existing vacancy (Passed after 616ms)&#xD;
  STEP 6/6: THEN result empty...&#xD;
  STEP 6/6: THEN result empty (Passed after 88ms)&#xD;
  SCENARIO RESULT: Passed after 2s 136ms</StdOut>
      </Output>
    </UnitTestResult>
    <UnitTestResult executionId="a78dbb36-96d8-4e72-83c4-a316997e8e9a" testId="f727b248-9add-f920-b0ce-770364245e70" testName="Skillaz.Tests.Candidate.Elastic.CandidateElasticMultiselectFiltration_feature.MultiLineFilterCheck(filter: (Skillaz.Candidate.Contract.CandidateSearchFilter, Skillaz.Candidate.Contract.CandidateSearchFilterCommon), result: (4, salary from 150000 or no salary))" computerName="DESKTOP-F6SKA47" duration="00:00:00.0010000" startTime="2021-12-16T16:26:49.8181048+03:00" endTime="2021-12-16T16:26:49.8181078+03:00" testType="13cdc9d9-ddb5-4fa4-a97d-d965ccfc6d4b" outcome="NotExecuted" testListId="8c84fa94-04c1-424b-9868-57a2d4851a1d" relativeResultsDirectory="a78dbb36-96d8-4e72-83c4-a316997e8e9a">
      <Output>
        <StdOut>You need Elasticsearch 7.5 local instance on 9200 port</StdOut>
      </Output>
    </UnitTestResult>
    <UnitTestResult executionId="f7b58760-d7f5-44bf-8f58-61a33e201063" testId="58ce0dba-77b2-3f59-3f53-23ca49da71fb" testName="Skillaz.Tests.Authorization.AuthLoginWorkflowService_Restore_feature.Do_final_step_restore_by_username_expects_password_is_changed_to_correct_one" computerName="DESKTOP-F6SKA47" duration="00:00:09.7773615" startTime="2021-12-16T16:21:48.2115115+03:00" endTime="2021-12-16T16:21:48.2115140+03:00" testType="13cdc9d9-ddb5-4fa4-a97d-d965ccfc6d4b" outcome="Passed" testListId="8c84fa94-04c1-424b-9868-57a2d4851a1d" relativeResultsDirectory="f7b58760-d7f5-44bf-8f58-61a33e201063">
      <Output>
        <StdOut>SCENARIO: Do final step restore by username expects password is changed to correct one&#xD;
  STEP 1/6: GIVEN a company...&#xD;
  STEP 1/6: GIVEN a company (Passed after 538ms)&#xD;
  STEP 2/6: AND a user with password set property...&#xD;
  STEP 2/6: AND a user with password set property (Passed after 1s 027ms)&#xD;
  STEP 3/6: WHEN doing a password restore [login: "v.pupkin"]...&#xD;
  STEP 3/6: WHEN doing a password restore [login: "v.pupkin"] (Passed after 3s 921ms)&#xD;
  STEP 4/6: AND doing a execute with [loginRequest: "Skillaz.Auth.Contract.Agent.Persistence.User.UserLoginRequestDocument"]...&#xD;
  STEP 4/6: AND doing a execute with [loginRequest: "Skillaz.Auth.Contract.Agent.Persistence.User.UserLoginRequestDocument"] (Passed after 854ms)&#xD;
  STEP 5/6: AND doing a execute with new password "strong2_Asdasd123asdasd$Asdasd123asdasd$^1" [loginRequest: "Skillaz.Auth.Contract.Agent.Persistence.User.UserLoginRequestDocument"]...&#xD;
  STEP 5/6: AND doing a execute with new password "strong2_Asdasd123asdasd$Asdasd123asdasd$^1" [loginRequest: "Skillaz.Auth.Contract.Agent.Persistence.User.UserLoginRequestDocument"] (Passed after 2s 629ms)&#xD;
  STEP 6/6: THEN ensure that users password "strong2_Asdasd123asdasd$Asdasd123asdasd$^1" was changed to...&#xD;
  STEP 6/6: THEN ensure that users password "strong2_Asdasd123asdasd$Asdasd123asdasd$^1" was changed to (Passed after 95ms)&#xD;
  SCENARIO RESULT: Passed after 9s 306ms</StdOut>
      </Output>
    </UnitTestResult>
    <UnitTestResult executionId="5088b17e-087b-451f-abae-443f8d04f609" testId="a151c569-2791-bb17-31e2-ff3b9195b644" testName="Skillaz.Tests.Security.QuerySecurityFilter_feature.Retrieve_query_security_filter" computerName="DESKTOP-F6SKA47" duration="00:00:01.4580890" startTime="2021-12-16T16:18:38.3280639+03:00" endTime="2021-12-16T16:18:38.3280730+03:00" testType="13cdc9d9-ddb5-4fa4-a97d-d965ccfc6d4b" outcome="Passed" testListId="8c84fa94-04c1-424b-9868-57a2d4851a1d" relativeResultsDirectory="5088b17e-087b-451f-abae-443f8d04f609">
      <Output>
        <StdOut>SCENARIO: Retrieve query security filter&#xD;
  STEP 1/5: GIVEN a company...&#xD;
  STEP 1/5: GIVEN a company (Passed after 261ms)&#xD;
  STEP 2/5: AND company configuration with test query security filter for candidate document...&#xD;
  STEP 2/5: AND company configuration with test query security filter for candidate document (Passed after 2ms)&#xD;
  STEP 3/5: AND authenticated user with security profile...&#xD;
  STEP 3/5: AND authenticated user with security profile (Passed after 375ms)&#xD;
  STEP 4/5: WHEN query security filter is retrieved for candidate document...&#xD;
  STEP 4/5: WHEN query security filter is retrieved for candidate document (Passed after 416ms)&#xD;
  STEP 5/5: THEN retrieved query security filter should be test query security filter...&#xD;
  STEP 5/5: THEN retrieved query security filter should be test query security filter (Passed after 4ms)&#xD;
  SCENARIO RESULT: Passed after 1s 069ms</StdOut>
      </Output>
    </UnitTestResult>
    <UnitTestResult executionId="19df1e7b-b79f-4d7e-a7f9-1c7692e4792e" testId="019b787c-88b2-9680-3a7b-9251d2235f77" testName="Skillaz.Tests.CompanySpecific.X5.Naumen.NaumenSlaTests.Sla_calculates_correctly_for_next_day(candidateTimeZone: 11, sla: 02:00:00, startDate: 2019-12-31T19:00:00.0000000Z, truth: [NaumenTimeRange { From = &quot;2020-01-01 07:00:00&quot;, To = &quot;2020-01-01 09:00:00&quot; }])" computerName="DESKTOP-F6SKA47" duration="00:00:00.0000421" startTime="2021-12-16T16:16:29.3600936+03:00" endTime="2021-12-16T16:16:29.3600939+03:00" testType="13cdc9d9-ddb5-4fa4-a97d-d965ccfc6d4b" outcome="Passed" testListId="8c84fa94-04c1-424b-9868-57a2d4851a1d" relativeResultsDirectory="19df1e7b-b79f-4d7e-a7f9-1c7692e4792e" />
    <UnitTestResult executionId="f5c9a40d-b720-4a05-ac44-788809577b53" testId="019b787c-88b2-9680-3a7b-9251d2235f77" testName="Skillaz.Tests.CompanySpecific.X5.Naumen.NaumenSlaTests.Sla_calculates_correctly_for_next_day(candidateTimeZone: 11, sla: 02:00:00, startDate: 2020-01-01T01:30:00.0000000Z, truth: [NaumenTimeRange { From = &quot;2020-01-01 07:00:00&quot;, To = &quot;2020-01-01 09:00:00&quot; }])" computerName="DESKTOP-F6SKA47" duration="00:00:00.0000954" startTime="2021-12-16T16:16:29.3682422+03:00" endTime="2021-12-16T16:16:29.3682440+03:00" testType="13cdc9d9-ddb5-4fa4-a97d-d965ccfc6d4b" outcome="Passed" testListId="8c84fa94-04c1-424b-9868-57a2d4851a1d" relativeResultsDirectory="f5c9a40d-b720-4a05-ac44-788809577b53" />
    <UnitTestResult executionId="a81896a2-8d2f-45ff-931d-2d9563ce52bc" testId="01e7b8bb-d18a-de92-76f1-4859f2785dff" testName="Skillaz.Tests.Candidate.CandidateTags.CandidateTagsService_feature.Current_user_could_see_only_tags_for_current_user_company" computerName="DESKTOP-F6SKA47" duration="00:00:04.0102627" startTime="2021-12-16T16:23:13.3963896+03:00" endTime="2021-12-16T16:23:13.3963927+03:00" testType="13cdc9d9-ddb5-4fa4-a97d-d965ccfc6d4b" outcome="Passed" testListId="8c84fa94-04c1-424b-9868-57a2d4851a1d" relativeResultsDirectory="a81896a2-8d2f-45ff-931d-2d9563ce52bc">
      <Output>
        <StdOut>SCENARIO: Current user could see only tags for current user company&#xD;
  STEP 1/8: GIVEN a company [companyId: "prussia"]...&#xD;
  STEP 1/8: GIVEN a company [companyId: "prussia"] (Passed after 221ms)&#xD;
  STEP 2/8: AND the authenticated user...&#xD;
  STEP 2/8: AND the authenticated user (Passed after 664ms)&#xD;
  STEP 3/8: AND a candidate tag category "Skillaz.Candidate.Contract.Documents.CandidateTagDocument.CandidateTagCategoryDocument"...&#xD;
  STEP 3/8: AND a candidate tag category "Skillaz.Candidate.Contract.Documents.CandidateTagDocument.CandidateTagCategoryDocument" (Passed after 765ms)&#xD;
  STEP 4/8: AND a candidate tag category "Skillaz.Candidate.Contract.Documents.CandidateTagDocument.CandidateTagCategoryDocument"...&#xD;
  STEP 4/8: AND a candidate tag category "Skillaz.Candidate.Contract.Documents.CandidateTagDocument.CandidateTagCategoryDocument" (Passed after 7ms)&#xD;
  STEP 5/8: AND a candidate tags [tag: "Skillaz.Candidate.Contract.Documents.CandidateTagDocument.CandidateTagDocument, Skillaz.Candidate.Contract.Documents.CandidateTagDocument.CandidateTagDocument, Skillaz.Candidate.Contract.Documents.CandidateTagDocument.CandidateTagDocument, Skillaz.Candidate.Contract.Documents.CandidateTagDocument.CandidateTagDocument, Skillaz.Candidate.Contract.Documents.CandidateTagDocument.CandidateTagDocument"]...&#xD;
  STEP 5/8: AND a candidate tags [tag: "Skillaz.Candidate.Contract.Documents.CandidateTagDocument.CandidateTagDocument, Skillaz.Candidate.Contract.Documents.CandidateTagDocument.CandidateTagDocument, Skillaz.Candidate.Contract.Documents.CandidateTagDocument.CandidateTagDocument, Skillaz.Candidate.Contract.Documents.CandidateTagDocument.CandidateTagDocument, Skillaz.Candidate.Contract.Documents.CandidateTagDocument.CandidateTagDocument"] (Passed after 416ms)&#xD;
  STEP 6/8: AND a candidate tags [tag: "Skillaz.Candidate.Contract.Documents.CandidateTagDocument.CandidateTagDocument, Skillaz.Candidate.Contract.Documents.CandidateTagDocument.CandidateTagDocument, Skillaz.Candidate.Contract.Documents.CandidateTagDocument.CandidateTagDocument, Skillaz.Candidate.Contract.Documents.CandidateTagDocument.CandidateTagDocument, Skillaz.Candidate.Contract.Documents.CandidateTagDocument.CandidateTagDocument"]...&#xD;
  STEP 6/8: AND a candidate tags [tag: "Skillaz.Candidate.Contract.Documents.CandidateTagDocument.CandidateTagDocument, Skillaz.Candidate.Contract.Documents.CandidateTagDocument.CandidateTagDocument, Skillaz.Candidate.Contract.Documents.CandidateTagDocument.CandidateTagDocument, Skillaz.Candidate.Contract.Documents.CandidateTagDocument.CandidateTagDocument, Skillaz.Candidate.Contract.Documents.CandidateTagDocument.CandidateTagDocument"] (Passed after 3ms)&#xD;
  STEP 7/8: WHEN tags querying...&#xD;
  STEP 7/8: WHEN tags querying (Passed after 1s 751ms)&#xD;
  STEP 8/8: Ensure all tags in query results has category id [categoryId: "2_83411"]...&#xD;
  STEP 8/8: Ensure all tags in query results has category id [categoryId: "2_83411"] (Passed after &lt;1ms)&#xD;
  SCENARIO RESULT: Passed after 3s 875ms</StdOut>
      </Output>
    </UnitTestResult>
    <UnitTestResult executionId="4722ba1e-e67a-40da-ba4e-07f1877eab85" testId="1f263e45-4224-7eaa-60b8-dec6f1683835" testName="Skillaz.Tests.Candidate.Checks.ChecksWithStatusLimitatins_feature.Throw_exception_when_single_check_with_limit_is_not_finished" computerName="DESKTOP-F6SKA47" duration="00:00:06.8338797" startTime="2021-12-16T16:23:17.5735403+03:00" endTime="2021-12-16T16:23:17.5735425+03:00" testType="13cdc9d9-ddb5-4fa4-a97d-d965ccfc6d4b" outcome="Passed" testListId="8c84fa94-04c1-424b-9868-57a2d4851a1d" relativeResultsDirectory="4722ba1e-e67a-40da-ba4e-07f1877eab85">
      <Output>
        <StdOut>SCENARIO: Throw exception when single check with limit is not finished&#xD;
  STEP 1/9: GIVEN a company...&#xD;
  STEP 1/9: GIVEN a company (Passed after 712ms)&#xD;
  STEP 2/9: AND the vacancy in the company...&#xD;
  STEP 2/9: AND the vacancy in the company (Passed after 552ms)&#xD;
  STEP 3/9: AND the authenticated user...&#xD;
  STEP 3/9: AND the authenticated user (Passed after 507ms)&#xD;
  STEP 4/9: AND client configuration with checks workflow and model...&#xD;
  STEP 4/9: AND client configuration with checks workflow and model (Passed after 1s 323ms)&#xD;
  STEP 5/9: AND a funnel...&#xD;
  STEP 5/9: AND a funnel (Passed after 183ms)&#xD;
  STEP 6/9: AND a candidate...&#xD;
  STEP 6/9: AND a candidate (Passed after 533ms)&#xD;
  STEP 7/9: AND not finished single check with limit...&#xD;
  STEP 7/9: AND not finished single check with limit (Passed after 2s 652ms)&#xD;
  STEP 8/9: WHEN change candidate status...&#xD;
  STEP 8/9: WHEN change candidate status (Passed after 22ms)&#xD;
  STEP 9/9: THEN exception was thrown...&#xD;
  STEP 9/9: THEN exception was thrown (Passed after 73ms)&#xD;
  SCENARIO RESULT: Passed after 6s 572ms</StdOut>
      </Output>
    </UnitTestResult>
    <UnitTestResult executionId="75164c08-246a-4fb7-bd5d-a297db0c0363" testId="942e8bc9-4e4f-c4f2-bc6d-ecea5e6b7015" testName="Skillaz.Tests.DocumentModels.ObjectListIdStoring.Проверить_что_во_вложенных_списках_корректно_сохраняются_id_при_редактировании" computerName="DESKTOP-F6SKA47" duration="00:00:12.5660971" startTime="2021-12-16T16:19:11.4188215+03:00" endTime="2021-12-16T16:19:11.4188239+03:00" testType="13cdc9d9-ddb5-4fa4-a97d-d965ccfc6d4b" outcome="Passed" testListId="8c84fa94-04c1-424b-9868-57a2d4851a1d" relativeResultsDirectory="75164c08-246a-4fb7-bd5d-a297db0c0363">
      <Output>
        <StdOut>SCENARIO: Проверить что во вложенных списках корректно сохраняются id при редактировании&#xD;
  STEP 1/5: GIVEN a company...&#xD;
  STEP 1/5: GIVEN a company (Passed after 197ms)&#xD;
  STEP 2/5: AND the authenticated user...&#xD;
  STEP 2/5: AND the authenticated user (Passed after 240ms)&#xD;
  STEP 3/5: Настроить ДМ...&#xD;
  STEP 3/5: Настроить ДМ (Passed after 5s 025ms)&#xD;
  STEP 4/5: Проверить сохранность ид...&#xD;
  STEP 4/5: Проверить сохранность ид (Passed after 6s 856ms)&#xD;
  STEP 5/5: Проверить что ид сами генерируются...&#xD;
  STEP 5/5: Проверить что ид сами генерируются (Passed after 51ms)&#xD;
  SCENARIO RESULT: Passed after 12s 385ms</StdOut>
      </Output>
    </UnitTestResult>
    <UnitTestResult executionId="3a4a100e-c637-48b3-bbf1-41905f333169" testId="019b787c-88b2-9680-3a7b-9251d2235f77" testName="Skillaz.Tests.CompanySpecific.X5.Naumen.NaumenSlaTests.Sla_calculates_correctly_for_next_day(candidateTimeZone: 12, sla: 02:00:00, startDate: 2019-12-31T15:00:00.0000000Z, truth: [NaumenTimeRange { From = &quot;2020-01-01 07:00:00&quot;, To = &quot;2020-01-01 09:00:00&quot; }])" computerName="DESKTOP-F6SKA47" duration="00:00:00.0000443" startTime="2021-12-16T16:16:29.3752547+03:00" endTime="2021-12-16T16:16:29.3752575+03:00" testType="13cdc9d9-ddb5-4fa4-a97d-d965ccfc6d4b" outcome="Passed" testListId="8c84fa94-04c1-424b-9868-57a2d4851a1d" relativeResultsDirectory="3a4a100e-c637-48b3-bbf1-41905f333169" />
    <UnitTestResult executionId="5291e2f5-5be0-4db9-a1e9-cd4c14c1b394" testId="f328548d-24d0-21b0-cb01-345fd0f3c47b" testName="Для 1 и 2 числа перенос на 16 этого месяца, для 15 и 16 перенос на 2 следующего месяца(dateStrings: [&quot;2020-11-15&quot;, &quot;2020-11-16&quot;, &quot;2020-12-02&quot;])" computerName="DESKTOP-F6SKA47" duration="00:00:00.0001950" startTime="2021-12-16T16:16:29.5441269+03:00" endTime="2021-12-16T16:16:29.5441295+03:00" testType="13cdc9d9-ddb5-4fa4-a97d-d965ccfc6d4b" outcome="Passed" testListId="8c84fa94-04c1-424b-9868-57a2d4851a1d" relativeResultsDirectory="5291e2f5-5be0-4db9-a1e9-cd4c14c1b394" />
    <UnitTestResult executionId="b16396c7-bf24-4dcf-8562-081ef1685db9" testId="019b787c-88b2-9680-3a7b-9251d2235f77" testName="Skillaz.Tests.CompanySpecific.X5.Naumen.NaumenSlaTests.Sla_calculates_correctly_for_next_day(candidateTimeZone: 9, sla: 02:00:00, startDate: 2020-01-01T00:30:00.0000000Z, truth: [NaumenTimeRange { From = &quot;2020-01-01 07:00:00&quot;, To = &quot;2020-01-01 09:00:00&quot; }])" computerName="DESKTOP-F6SKA47" duration="00:00:00.0000460" startTime="2021-12-16T16:16:29.3228106+03:00" endTime="2021-12-16T16:16:29.3228112+03:00" testType="13cdc9d9-ddb5-4fa4-a97d-d965ccfc6d4b" outcome="Passed" testListId="8c84fa94-04c1-424b-9868-57a2d4851a1d" relativeResultsDirectory="b16396c7-bf24-4dcf-8562-081ef1685db9" />
    <UnitTestResult executionId="d3339455-9373-471e-a267-98a5200d4e7f" testId="39bbe88c-a5a1-69b6-0e18-a75bb02edd6c" testName="Skillaz.Tests.CompanySpecific.X5.Naumen.NaumenSlaTests.Sla_calculates_correctly_within_one_day(candidateTimeZone: 4, sla: 10:00:00, startDate: 2019-12-31T06:00:00.0000000Z, truth: [NaumenTimeRange { From = &quot;2019-12-31 09:00:00&quot;, To = &quot;2019-12-31 19:00:00&quot; }])" computerName="DESKTOP-F6SKA47" duration="00:00:00.0000408" startTime="2021-12-16T16:16:28.9120671+03:00" endTime="2021-12-16T16:16:28.9120748+03:00" testType="13cdc9d9-ddb5-4fa4-a97d-d965ccfc6d4b" outcome="Passed" testListId="8c84fa94-04c1-424b-9868-57a2d4851a1d" relativeResultsDirectory="d3339455-9373-471e-a267-98a5200d4e7f" />
    <UnitTestResult executionId="160ce3c6-7d8d-4f7b-b4de-a27ce8d422bd" testId="604dbb21-0c7f-6827-160d-f4180dc27148" testName="Skillaz.Tests.Candidate.Elastic.CandidateElasticFiltration_feature.Retrieving_candidates_by_current_tags" computerName="DESKTOP-F6SKA47" duration="00:00:00.0010000" startTime="2021-12-16T16:24:39.9603695+03:00" endTime="2021-12-16T16:24:39.9603719+03:00" testType="13cdc9d9-ddb5-4fa4-a97d-d965ccfc6d4b" outcome="NotExecuted" testListId="8c84fa94-04c1-424b-9868-57a2d4851a1d" relativeResultsDirectory="160ce3c6-7d8d-4f7b-b4de-a27ce8d422bd">
      <Output>
        <StdOut>You need Elasticsearch 7.5 local instance on 9200 port</StdOut>
      </Output>
    </UnitTestResult>
    <UnitTestResult executionId="bdc804f0-248f-4dd3-a27f-acd2a59e1347" testId="941523b7-e287-4096-0ee8-6d8b05c44303" testName="Для 1 и 2 числа перенос на 16 этого месяца, для 15 и 16 перенос на 2 следующего месяца(dateStrings: [&quot;2020-10-01&quot;, &quot;2020-10-02&quot;, &quot;2020-10-16&quot;])" computerName="DESKTOP-F6SKA47" duration="00:00:00.0551153" startTime="2021-12-16T16:16:29.5442281+03:00" endTime="2021-12-16T16:16:29.5442287+03:00" testType="13cdc9d9-ddb5-4fa4-a97d-d965ccfc6d4b" outcome="Passed" testListId="8c84fa94-04c1-424b-9868-57a2d4851a1d" relativeResultsDirectory="bdc804f0-248f-4dd3-a27f-acd2a59e1347" />
    <UnitTestResult executionId="b9868d52-529b-46cc-b4e5-289b8765a970" testId="019b787c-88b2-9680-3a7b-9251d2235f77" testName="Skillaz.Tests.CompanySpecific.X5.Naumen.NaumenSlaTests.Sla_calculates_correctly_for_next_day(candidateTimeZone: 9, sla: 02:00:00, startDate: 2020-01-01T03:00:00.0000000Z, truth: [NaumenTimeRange { From = &quot;2020-01-01 07:00:00&quot;, To = &quot;2020-01-01 09:00:00&quot; }])" computerName="DESKTOP-F6SKA47" duration="00:00:00.0000532" startTime="2021-12-16T16:16:29.3232350+03:00" endTime="2021-12-16T16:16:29.3232354+03:00" testType="13cdc9d9-ddb5-4fa4-a97d-d965ccfc6d4b" outcome="Passed" testListId="8c84fa94-04c1-424b-9868-57a2d4851a1d" relativeResultsDirectory="b9868d52-529b-46cc-b4e5-289b8765a970" />
    <UnitTestResult executionId="a6a1f807-e602-4032-88c2-90795e1d609c" testId="d142152a-1897-b4e6-a746-e27792954bd3" testName="Skillaz.Tests.CompanySpecific.GazpromNeft.GazpromUploadReferences_feature.Create_correctly_staff_unit_reference" computerName="DESKTOP-F6SKA47" duration="00:00:18.9786592" startTime="2021-12-16T16:25:34.2573909+03:00" endTime="2021-12-16T16:25:34.2573943+03:00" testType="13cdc9d9-ddb5-4fa4-a97d-d965ccfc6d4b" outcome="Passed" testListId="8c84fa94-04c1-424b-9868-57a2d4851a1d" relativeResultsDirectory="a6a1f807-e602-4032-88c2-90795e1d609c">
      <Output>
        <StdOut>SCENARIO: Create correctly staff unit reference&#xD;
  STEP 1/8: GIVEN a company [companyId: "kdaigswiuJNh8Tvsp"]...&#xD;
  STEP 1/8: GIVEN a company [companyId: "kdaigswiuJNh8Tvsp"] (Passed after 328ms)&#xD;
  STEP 2/8: AND the authenticated user...&#xD;
  STEP 2/8: AND the authenticated user (Passed after 5s 161ms)&#xD;
  STEP 3/8: AND the data service...&#xD;
  STEP 3/8: AND the data service (Passed after 4ms)&#xD;
  STEP 4/8: AND the rows multiple azs...&#xD;
  STEP 4/8: AND the rows multiple azs (Passed after 1ms)&#xD;
  STEP 5/8: AND the xlsx file...&#xD;
  STEP 5/8: AND the xlsx file (Passed after 2s 702ms)&#xD;
  STEP 6/8: WHEN upload xlsx file...&#xD;
  STEP 6/8: WHEN upload xlsx file (Passed after 7s 740ms)&#xD;
  STEP 7/8: Ensure staff unit reference [uploadReference: "Skillaz.Tests.CompanySpecific.GazpromNeft.GazpromUploadWorkplaceTest"]...&#xD;
  STEP 7/8: Ensure staff unit reference [uploadReference: "Skillaz.Tests.CompanySpecific.GazpromNeft.GazpromUploadWorkplaceTest"] (Passed after 210ms)&#xD;
  STEP 8/8: Ensure staff unit reference [uploadReference: "Skillaz.Tests.CompanySpecific.GazpromNeft.GazpromUploadWorkplaceTest"]...&#xD;
  STEP 8/8: Ensure staff unit reference [uploadReference: "Skillaz.Tests.CompanySpecific.GazpromNeft.GazpromUploadWorkplaceTest"] (Passed after 2ms)&#xD;
  SCENARIO RESULT: Passed after 16s 218ms</StdOut>
      </Output>
    </UnitTestResult>
    <UnitTestResult executionId="c1b82cb0-82cf-4a49-9017-03df5ecf7ce2" testId="981a48c0-740c-e140-a77c-529e1e129b56" testName="Skillaz.Tests.Users.UserController_feature.RoleCandidateFilterServiceGet" computerName="DESKTOP-F6SKA47" duration="00:00:06.9761630" startTime="2021-12-16T16:22:07.5387745+03:00" endTime="2021-12-16T16:22:07.5387787+03:00" testType="13cdc9d9-ddb5-4fa4-a97d-d965ccfc6d4b" outcome="Passed" testListId="8c84fa94-04c1-424b-9868-57a2d4851a1d" relativeResultsDirectory="c1b82cb0-82cf-4a49-9017-03df5ecf7ce2">
      <Output>
        <StdOut>SCENARIO: RoleCandidateFilterServiceGet&#xD;
  STEP 1/6: GIVEN Given a company...&#xD;
  STEP 1/6: GIVEN Given a company (Passed after 371ms)&#xD;
  STEP 2/6: AND Given the authenticated user...&#xD;
  STEP 2/6: AND Given the authenticated user (Passed after 602ms)&#xD;
  STEP 3/6: AND Given a role...&#xD;
  STEP 3/6: AND Given a role (Passed after 2s 006ms)&#xD;
  STEP 4/6: AND Given configuration...&#xD;
  STEP 4/6: AND Given configuration (Passed after 736ms)&#xD;
  STEP 5/6: WHEN When GetUserEditModel...&#xD;
  STEP 5/6: WHEN When GetUserEditModel (Passed after 2s 611ms)&#xD;
  STEP 6/6: THEN Then GetUserEditModel result...&#xD;
  STEP 6/6: THEN Then GetUserEditModel result (Passed after 14ms)&#xD;
  SCENARIO RESULT: Passed after 6s 360ms</StdOut>
      </Output>
    </UnitTestResult>
    <UnitTestResult executionId="4503d1a8-ee8f-4511-9560-2f9733e57e92" testId="e98ecf02-9a98-579c-eff5-198f1ec590b6" testName="Skillaz.Tests.Publication.VacancyPublicationRule_feature.Vacancy_publication_rule_does_not_publish_vacancy_second_time" computerName="DESKTOP-F6SKA47" duration="00:00:10.8504570" startTime="2021-12-16T16:27:16.4550598+03:00" endTime="2021-12-16T16:27:16.4550623+03:00" testType="13cdc9d9-ddb5-4fa4-a97d-d965ccfc6d4b" outcome="Passed" testListId="8c84fa94-04c1-424b-9868-57a2d4851a1d" relativeResultsDirectory="4503d1a8-ee8f-4511-9560-2f9733e57e92">
      <Output>
        <StdOut>SCENARIO: Vacancy publication rule does not publish vacancy second time&#xD;
  STEP 1/14: GIVEN a company...&#xD;
  STEP 1/14: GIVEN a company (Passed after 68ms)&#xD;
  STEP 2/14: AND the authenticated user...&#xD;
  STEP 2/14: AND the authenticated user (Passed after 184ms)&#xD;
  STEP 3/14: AND the vacancy in the company...&#xD;
  STEP 3/14: AND the vacancy in the company (Passed after 91ms)&#xD;
  STEP 4/14: AND request without hh publication...&#xD;
  STEP 4/14: AND request without hh publication (Passed after 108ms)&#xD;
  STEP 5/14: AND hh account...&#xD;
  STEP 5/14: AND hh account (Passed after 94ms)&#xD;
  STEP 6/14: AND hh publication template...&#xD;
  STEP 6/14: AND hh publication template (Passed after 44ms)&#xD;
  STEP 7/14: AND active hh publication rule...&#xD;
  STEP 7/14: AND active hh publication rule (Passed after 524ms)&#xD;
  STEP 8/14: WHEN vacancy publication rule is triggered...&#xD;
  STEP 8/14: WHEN vacancy publication rule is triggered (Passed after 5s 866ms)&#xD;
  STEP 9/14: AND vacancy publication rule is triggered second time...&#xD;
  STEP 9/14: AND vacancy publication rule is triggered second time (Passed after 668ms)&#xD;
  STEP 10/14: THEN hh vacancy is linked to request...&#xD;
  STEP 10/14: THEN hh vacancy is linked to request (Passed after 9ms)&#xD;
  STEP 11/14: AND there is one successful publication attempt...&#xD;
  STEP 11/14: AND there is one successful publication attempt (Passed after &lt;1ms)&#xD;
  STEP 12/14: AND attempt from second pass did nothing...&#xD;
  STEP 12/14: AND attempt from second pass did nothing (Passed after 2ms)&#xD;
  STEP 13/14: AND rule is successfully finished...&#xD;
  STEP 13/14: AND rule is successfully finished (Passed after 291ms)&#xD;
  STEP 14/14: AND there are two rule runs...&#xD;
  STEP 14/14: AND there are two rule runs (Passed after 91ms)&#xD;
  SCENARIO RESULT: Passed after 8s 055ms</StdOut>
      </Output>
    </UnitTestResult>
    <UnitTestResult executionId="b5e69d10-d783-4d11-993f-b68d9b513137" testId="52385d82-f2aa-ce10-1b54-4ce13fedb319" testName="Skillaz.Tests.CompanySpecific.Perekrestok.PerekrestokRequestPriority_feature.Calculation_request_priority(supermarketType: &quot;Действующий супермаркет&quot;, requestVl: -100, employmentCandidateCount: 0, employmentFinishedCandidateCount: 0, interviewCandidateCount: 0, requestPriority: Low)" computerName="DESKTOP-F6SKA47" duration="00:00:05.8932052" startTime="2021-12-16T16:23:44.8729737+03:00" endTime="2021-12-16T16:23:44.8729803+03:00" testType="13cdc9d9-ddb5-4fa4-a97d-d965ccfc6d4b" outcome="Passed" testListId="8c84fa94-04c1-424b-9868-57a2d4851a1d" relativeResultsDirectory="b5e69d10-d783-4d11-993f-b68d9b513137">
      <Output>
        <StdOut>SCENARIO: Calculation request priority [supermarketType: "Действующий супермаркет"] [requestVl: "-100"] [employmentCandidateCount: "0"] [employmentFinishedCandidateCount: "0"] [interviewCandidateCount: "0"] [requestPriority: "Low"]&#xD;
  STEP 1/6: GIVEN Given a company [companyId: "PerekrestokCompany"]...&#xD;
  STEP 1/6: GIVEN Given a company [companyId: "PerekrestokCompany"] (Passed after 758ms)&#xD;
  STEP 2/6: AND Given the authenticated user...&#xD;
  STEP 2/6: AND Given the authenticated user (Passed after 2s 412ms)&#xD;
  STEP 3/6: AND Given org unit and request for status [requestState: "InWork"] [supermarketType: "Действующий супермаркет"] [requestVl: "-100"]...&#xD;
  STEP 3/6: AND Given org unit and request for status [requestState: "InWork"] [supermarketType: "Действующий супермаркет"] [requestVl: "-100"] (Passed after 1s 353ms)&#xD;
  STEP 4/6: AND Given candidates according data and assigned to request [employmentCandidateCount: "0"] [employmentFinishedCandidateCount: "0"] [interviewCandidateCount: "0"]...&#xD;
  STEP 4/6: AND Given candidates according data and assigned to request [employmentCandidateCount: "0"] [employmentFinishedCandidateCount: "0"] [interviewCandidateCount: "0"] (Passed after &lt;1ms)&#xD;
  STEP 5/6: WHEN When calculation priority...&#xD;
  STEP 5/6: WHEN When calculation priority (Passed after 14ms)&#xD;
  STEP 6/6: THEN Then request priority equal [requestPriority: "Low"]...&#xD;
  STEP 6/6: THEN Then request priority equal [requestPriority: "Low"] (Passed after 4ms)&#xD;
  SCENARIO RESULT: Passed after 4s 849ms</StdOut>
      </Output>
    </UnitTestResult>
    <UnitTestResult executionId="4bf1e60a-5230-4266-8471-dee44c9903ed" testId="7bb73e92-2766-45f8-932b-75ac401aa731" testName="Skillaz.Tests.Controllers.CandidateAutoloadFilterController_feature.Check_Get_GetListMetadata" computerName="DESKTOP-F6SKA47" duration="00:00:03.6272160" startTime="2021-12-16T16:22:28.9512687+03:00" endTime="2021-12-16T16:22:28.9512708+03:00" testType="13cdc9d9-ddb5-4fa4-a97d-d965ccfc6d4b" outcome="Passed" testListId="8c84fa94-04c1-424b-9868-57a2d4851a1d" relativeResultsDirectory="4bf1e60a-5230-4266-8471-dee44c9903ed">
      <Output>
        <StdOut>SCENARIO: Check Get GetListMetadata&#xD;
  STEP 1/6: GIVEN Given a company...&#xD;
  STEP 1/6: GIVEN Given a company (Passed after 91ms)&#xD;
  STEP 2/6: AND Given the authenticated user...&#xD;
  STEP 2/6: AND Given the authenticated user (Passed after 298ms)&#xD;
  STEP 3/6: AND Given a vacancys...&#xD;
  STEP 3/6: AND Given a vacancys (Passed after 140ms)&#xD;
  STEP 4/6: AND Given dm configuration...&#xD;
  STEP 4/6: AND Given dm configuration (Passed after 585ms)&#xD;
  STEP 5/6: WHEN When GetListMetadata...&#xD;
  STEP 5/6: WHEN When GetListMetadata (Passed after 2s 321ms)&#xD;
  STEP 6/6: THEN Then GetListMetadata...&#xD;
  STEP 6/6: THEN Then GetListMetadata (Passed after 12ms)&#xD;
  SCENARIO RESULT: Passed after 3s 460ms</StdOut>
      </Output>
    </UnitTestResult>
    <UnitTestResult executionId="3131bd08-b670-4a0b-8dbd-14d842b4aa73" testId="4324f8de-21eb-7a99-1ee1-3078479e95ed" testName="Skillaz.Tests.CompanySpecific.Rosatom.RosatomCandidateWorkflowTriggers_feature.Job_offer_state_changed(toCandidateStatusId: &quot;JobOfferIntegrationApproved&quot;, triggerType: typeof(Skillaz.ClientConfiguration.Rosatom.WorkflowTriggers.CandidateStatusChangeToJobOfferIntegrationApproved))" computerName="DESKTOP-F6SKA47" duration="00:00:16.6388393" startTime="2021-12-16T16:26:33.3360874+03:00" endTime="2021-12-16T16:26:33.3360877+03:00" testType="13cdc9d9-ddb5-4fa4-a97d-d965ccfc6d4b" outcome="Passed" testListId="8c84fa94-04c1-424b-9868-57a2d4851a1d" relativeResultsDirectory="3131bd08-b670-4a0b-8dbd-14d842b4aa73">
      <Output>
        <StdOut>SCENARIO: Job offer state changed [toCandidateStatusId: "JobOfferIntegrationApproved"] [triggerType: "Skillaz.ClientConfiguration.Rosatom.WorkflowTriggers.CandidateStatusChangeToJobOfferIntegrationApproved"]&#xD;
  STEP 1/10: GIVEN a company...&#xD;
  STEP 1/10: GIVEN a company (Passed after 297ms)&#xD;
  STEP 2/10: AND the authenticated user...&#xD;
  STEP 2/10: AND the authenticated user (Passed after 441ms)&#xD;
  STEP 3/10: AND a vacancy...&#xD;
  STEP 3/10: AND a vacancy (Passed after 96ms)&#xD;
  STEP 4/10: AND a model [fromJOStateId: "fromJOStateId"] [toJOStateId: "toJOStateId"] [fromCandidateStatusId: "fromCandidateStatusId"] [toCandidateStatusId: "JobOfferIntegrationApproved"] [triggerType: "Skillaz.ClientConfiguration.Rosatom.WorkflowTriggers.CandidateStatusChangeToJobOfferIntegrationApproved"]...&#xD;
  STEP 4/10: AND a model [fromJOStateId: "fromJOStateId"] [toJOStateId: "toJOStateId"] [fromCandidateStatusId: "fromCandidateStatusId"] [toCandidateStatusId: "JobOfferIntegrationApproved"] [triggerType: "Skillaz.ClientConfiguration.Rosatom.WorkflowTriggers.CandidateStatusChangeToJobOfferIntegrationApproved"] (Passed after 616ms)&#xD;
  STEP 5/10: AND a candidate [currentStatusId: "fromCandidateStatusId"]...&#xD;
  STEP 5/10: AND a candidate [currentStatusId: "fromCandidateStatusId"] (Passed after 112ms)&#xD;
  STEP 6/10: AND a job offer [currentJOStateId: "fromJOStateId"] [currentCandidateStatusId: "fromCandidateStatusId"]...&#xD;
  STEP 6/10: AND a job offer [currentJOStateId: "fromJOStateId"] [currentCandidateStatusId: "fromCandidateStatusId"] (Passed after 570ms)&#xD;
  STEP 7/10: WHEN job offer state changed [toJOStateId: "toJOStateId"]...&#xD;
  STEP 7/10: WHEN job offer state changed [toJOStateId: "toJOStateId"] (Passed after 10s 709ms)&#xD;
  STEP 8/10: THEN no exception is thrown...&#xD;
  STEP 8/10: THEN no exception is thrown (Passed after &lt;1ms)&#xD;
  STEP 9/10: AND job offer in correct state [toJOStateId: "toJOStateId"]...&#xD;
  STEP 9/10: AND job offer in correct state [toJOStateId: "toJOStateId"] (Passed after 9ms)&#xD;
  STEP 10/10: AND candidate in correct status [toCandidateStatusId: "JobOfferIntegrationApproved"]...&#xD;
  STEP 10/10: AND candidate in correct status [toCandidateStatusId: "JobOfferIntegrationApproved"] (Passed after 7ms)&#xD;
  SCENARIO RESULT: Passed after 13s 072ms</StdOut>
      </Output>
    </UnitTestResult>
    <UnitTestResult executionId="9e947cc1-1757-424d-8d0c-090b77340593" testId="b0b88165-6fee-97dc-5ce4-ac46b44c25ac" testName="Skillaz.Tests.Candidate.Checks.MultipleRunChecks_feature.Run_2_multiple_checks" computerName="DESKTOP-F6SKA47" duration="00:00:10.6920535" startTime="2021-12-16T16:29:07.8004316+03:00" endTime="2021-12-16T16:29:07.8004346+03:00" testType="13cdc9d9-ddb5-4fa4-a97d-d965ccfc6d4b" outcome="Passed" testListId="8c84fa94-04c1-424b-9868-57a2d4851a1d" relativeResultsDirectory="9e947cc1-1757-424d-8d0c-090b77340593">
      <Output>
        <StdOut>SCENARIO: Run 2 multiple checks&#xD;
  STEP 1/8: GIVEN a company...&#xD;
  STEP 1/8: GIVEN a company (Passed after 181ms)&#xD;
  STEP 2/8: AND the vacancy in the company...&#xD;
  STEP 2/8: AND the vacancy in the company (Passed after 233ms)&#xD;
  STEP 3/8: AND the authenticated user...&#xD;
  STEP 3/8: AND the authenticated user (Passed after 216ms)&#xD;
  STEP 4/8: AND a funnel...&#xD;
  STEP 4/8: AND a funnel (Passed after 91ms)&#xD;
  STEP 5/8: AND client configuration with checks workflow and model...&#xD;
  STEP 5/8: AND client configuration with checks workflow and model (Passed after 817ms)&#xD;
  STEP 6/8: AND a candidate without check...&#xD;
  STEP 6/8: AND a candidate without check (Passed after 65ms)&#xD;
  STEP 7/8: WHEN multiple check is started twice...&#xD;
  STEP 7/8: WHEN multiple check is started twice (Passed after 4s 301ms)&#xD;
  STEP 8/8: THEN multiple candidate checks count is 2...&#xD;
  STEP 8/8: THEN multiple candidate checks count is 2 (Passed after 219ms)&#xD;
  SCENARIO RESULT: Passed after 6s 133ms</StdOut>
      </Output>
    </UnitTestResult>
    <UnitTestResult executionId="62325ee6-869c-454f-98e6-ec9d6e78a2bd" testId="6de3365a-cc7c-4212-8e7e-3a09cffed8fe" testName="Skillaz.Tests.CompanySpecific.Perekrestok.CandidatePersonalDataProcessingPermissionCheck_feature.PersonalDataValidationShouldBePassed" computerName="DESKTOP-F6SKA47" duration="00:01:34.9662023" startTime="2021-12-16T16:18:02.8253800+03:00" endTime="2021-12-16T16:18:02.8253885+03:00" testType="13cdc9d9-ddb5-4fa4-a97d-d965ccfc6d4b" outcome="Passed" testListId="8c84fa94-04c1-424b-9868-57a2d4851a1d" relativeResultsDirectory="62325ee6-869c-454f-98e6-ec9d6e78a2bd">
      <Output>
        <StdOut>SCENARIO: PersonalDataValidationShouldBePassed&#xD;
  STEP 1/9: GIVEN a company [companyId: "PerekrestokCompany"]...&#xD;
  STEP 1/9: GIVEN a company [companyId: "PerekrestokCompany"] (Passed after 3s 180ms)&#xD;
  STEP 2/9: AND the authenticated user...&#xD;
  STEP 2/9: AND the authenticated user (Passed after 1s 523ms)&#xD;
  STEP 3/9: AND Given vacancies...&#xD;
  STEP 3/9: AND Given vacancies (Passed after 473ms)&#xD;
  STEP 4/9: AND Given candidate...&#xD;
  STEP 4/9: AND Given candidate (Passed after 492ms)&#xD;
  STEP 5/9: AND Given candidate vacancy change...&#xD;
  STEP 5/9: AND Given candidate vacancy change (Passed after 1m 09s)&#xD;
  STEP 6/9: AND Given candidate security check...&#xD;
  STEP 6/9: AND Given candidate security check (Passed after 13s 739ms)&#xD;
  STEP 7/9: AND Given candidate personal data processing permission...&#xD;
  STEP 7/9: AND Given candidate personal data processing permission (Passed after 2s 009ms)&#xD;
  STEP 8/9: WHEN When check sent to security...&#xD;
  STEP 8/9: WHEN When check sent to security (Passed after 2s 812ms)&#xD;
  STEP 9/9: THEN Then exception should not be thrown...&#xD;
  STEP 9/9: THEN Then exception should not be thrown (Passed after &lt;1ms)&#xD;
  SCENARIO RESULT: Passed after 1m 33s</StdOut>
      </Output>
    </UnitTestResult>
    <UnitTestResult executionId="ec19218f-6aeb-4ad1-9e49-4f88d7a67373" testId="39bbe88c-a5a1-69b6-0e18-a75bb02edd6c" testName="Skillaz.Tests.CompanySpecific.X5.Naumen.NaumenSlaTests.Sla_calculates_correctly_within_one_day(candidateTimeZone: 5, sla: 06:00:00, startDate: 2019-12-31T09:00:00.0000000Z, truth: [NaumenTimeRange { From = &quot;2019-12-31 12:00:00&quot;, To = &quot;2019-12-31 18:00:00&quot; }])" computerName="DESKTOP-F6SKA47" duration="00:00:00.0031663" startTime="2021-12-16T16:16:29.0016123+03:00" endTime="2021-12-16T16:16:29.0016137+03:00" testType="13cdc9d9-ddb5-4fa4-a97d-d965ccfc6d4b" outcome="Passed" testListId="8c84fa94-04c1-424b-9868-57a2d4851a1d" relativeResultsDirectory="ec19218f-6aeb-4ad1-9e49-4f88d7a67373" />
    <UnitTestResult executionId="ffe791a8-e539-4b72-82e3-ae538d1496b3" testId="f304a5f7-0c9a-adcb-9923-400669e44e8c" testName="Skillaz.Tests.Authorization.AuthLoginWorkflowService_CheckPrivacyPolicyOnLogin_feature.Do_login_user_without_accepted_policy_in_company_with_EnabledRequiredPolicyOfUsers" computerName="DESKTOP-F6SKA47" duration="00:00:04.2490312" startTime="2021-12-16T16:26:29.5677824+03:00" endTime="2021-12-16T16:26:29.5677869+03:00" testType="13cdc9d9-ddb5-4fa4-a97d-d965ccfc6d4b" outcome="Passed" testListId="8c84fa94-04c1-424b-9868-57a2d4851a1d" relativeResultsDirectory="ffe791a8-e539-4b72-82e3-ae538d1496b3">
      <Output>
        <StdOut>SCENARIO: Do login user without accepted policy in company with EnabledRequiredPolicyOfUsers&#xD;
  STEP 1/5: GIVEN Given Company "Skillaz.Candidate.Contract.LegacyCompany.LegacyCompanyDocument"...&#xD;
  STEP 1/5: GIVEN Given Company "Skillaz.Candidate.Contract.LegacyCompany.LegacyCompanyDocument" (Passed after 225ms)&#xD;
  STEP 2/5: AND Given a user...&#xD;
  STEP 2/5: AND Given a user (Passed after 768ms)&#xD;
  STEP 3/5: AND SetInUserPrivacyPolicyOfUsers [isAccepted: "False"] [AcceptedPolicyLink: "&lt;null&gt;"]...&#xD;
  STEP 3/5: AND SetInUserPrivacyPolicyOfUsers [isAccepted: "False"] [AcceptedPolicyLink: "&lt;null&gt;"] (Passed after 5ms)&#xD;
  STEP 4/5: WHEN When doing a login "v.pupkin" attempt [password: "strong_Asdasd123asdasd$Asdasd123asdasd$^1"]...&#xD;
  STEP 4/5: WHEN When doing a login "v.pupkin" attempt [password: "strong_Asdasd123asdasd$Asdasd123asdasd$^1"] (Passed after 2s 373ms)&#xD;
  STEP 5/5: THEN Then ensure that user was not authenticated and return action AcceptPrivacyPolicyOfUsers...&#xD;
  STEP 5/5: THEN Then ensure that user was not authenticated and return action AcceptPrivacyPolicyOfUsers (Passed after 7ms)&#xD;
  SCENARIO RESULT: Passed after 3s 416ms</StdOut>
      </Output>
    </UnitTestResult>
    <UnitTestResult executionId="c2db6595-568c-48b2-b1f0-64e71031dbce" testId="ac397fd5-f72f-cfc4-63d1-3d273678265b" testName="Skillaz.Tests.Request.HireRequestRefsOrgUnitPosition_feature.Create_of_a_hire_request_with_linkage_to_org_unit_position" computerName="DESKTOP-F6SKA47" duration="00:00:04.7114706" startTime="2021-12-16T16:29:28.2034004+03:00" endTime="2021-12-16T16:29:28.2034026+03:00" testType="13cdc9d9-ddb5-4fa4-a97d-d965ccfc6d4b" outcome="Passed" testListId="8c84fa94-04c1-424b-9868-57a2d4851a1d" relativeResultsDirectory="c2db6595-568c-48b2-b1f0-64e71031dbce">
      <Output>
        <StdOut>SCENARIO: Create of a hire request with linkage to org unit position&#xD;
  STEP 1/6: GIVEN Given a company...&#xD;
  STEP 1/6: GIVEN Given a company (Passed after 270ms)&#xD;
  STEP 2/6: AND Given the authenticated user...&#xD;
  STEP 2/6: AND Given the authenticated user (Passed after 1s 807ms)&#xD;
  STEP 3/6: AND Given override client configuration...&#xD;
  STEP 3/6: AND Given override client configuration (Passed after 663ms)&#xD;
  STEP 4/6: AND Given org unit position...&#xD;
  STEP 4/6: AND Given org unit position (Passed after 193ms)&#xD;
  STEP 5/6: WHEN When create hire request...&#xD;
  STEP 5/6: WHEN When create hire request (Passed after 652ms)&#xD;
  STEP 6/6: THEN Then the reference to the hire request in then org unit position is correct...&#xD;
  STEP 6/6: THEN Then the reference to the hire request in then org unit position is correct (Passed after 656ms)&#xD;
  SCENARIO RESULT: Passed after 4s 262ms</StdOut>
      </Output>
    </UnitTestResult>
    <UnitTestResult executionId="026df0a7-12af-439e-aadc-73d304d21f0f" testId="69b7035e-3c94-00ee-fe41-5bfe4a4a5267" testName="Skillaz.Tests.Configurator.Deduplication.UpdateCandidateByRuleTest.Check_Action_AddComment" computerName="DESKTOP-F6SKA47" duration="00:00:04.8699191" startTime="2021-12-16T16:27:20.0062959+03:00" endTime="2021-12-16T16:27:20.0062987+03:00" testType="13cdc9d9-ddb5-4fa4-a97d-d965ccfc6d4b" outcome="Passed" testListId="8c84fa94-04c1-424b-9868-57a2d4851a1d" relativeResultsDirectory="026df0a7-12af-439e-aadc-73d304d21f0f">
      <Output>
        <StdOut>SCENARIO: Check Action AddComment&#xD;
  STEP 1/4: Init...&#xD;
  STEP 1/4: Init (Passed after 3s 013ms)&#xD;
  STEP 2/4: WHEN AddComment...&#xD;
  STEP 2/4: WHEN AddComment (Passed after 656ms)&#xD;
  STEP 3/4: THEN Candidate...&#xD;
  STEP 3/4: THEN Candidate (Passed after 176ms)&#xD;
  STEP 4/4: Check AddComment...&#xD;
  STEP 4/4: Check AddComment (Passed after 3ms)&#xD;
  SCENARIO RESULT: Passed after 3s 977ms</StdOut>
      </Output>
    </UnitTestResult>
    <UnitTestResult executionId="ab30debf-4b88-4c59-823d-5d814d056850" testId="f727b248-9add-f920-b0ce-770364245e70" testName="Skillaz.Tests.Candidate.Elastic.CandidateElasticMultiselectFiltration_feature.MultiLineFilterCheck(filter: (Skillaz.Candidate.Contract.CandidateSearchFilter, Skillaz.Candidate.Contract.CandidateSearchFilterCommon), result: (1, ExperienceRange.From3To6Years))" computerName="DESKTOP-F6SKA47" duration="00:00:00.0010000" startTime="2021-12-16T16:26:49.9414223+03:00" endTime="2021-12-16T16:26:49.9414255+03:00" testType="13cdc9d9-ddb5-4fa4-a97d-d965ccfc6d4b" outcome="NotExecuted" testListId="8c84fa94-04c1-424b-9868-57a2d4851a1d" relativeResultsDirectory="ab30debf-4b88-4c59-823d-5d814d056850">
      <Output>
        <StdOut>You need Elasticsearch 7.5 local instance on 9200 port</StdOut>
      </Output>
    </UnitTestResult>
    <UnitTestResult executionId="dcf670ed-8f38-4b94-a385-3659a4f5cc26" testId="39bbe88c-a5a1-69b6-0e18-a75bb02edd6c" testName="Skillaz.Tests.CompanySpecific.X5.Naumen.NaumenSlaTests.Sla_calculates_correctly_within_one_day(candidateTimeZone: 2, sla: 08:00:00, startDate: 2019-12-31T10:00:00.0000000Z, truth: [NaumenTimeRange { From = &quot;2019-12-31 13:00:00&quot;, To = &quot;2019-12-31 21:00:00&quot; }])" computerName="DESKTOP-F6SKA47" duration="00:00:00.0000518" startTime="2021-12-16T16:16:28.8979713+03:00" endTime="2021-12-16T16:16:28.8979717+03:00" testType="13cdc9d9-ddb5-4fa4-a97d-d965ccfc6d4b" outcome="Passed" testListId="8c84fa94-04c1-424b-9868-57a2d4851a1d" relativeResultsDirectory="dcf670ed-8f38-4b94-a385-3659a4f5cc26" />
    <UnitTestResult executionId="8c5ed429-24bf-4691-88cd-4e8ff263b27f" testId="367f172f-d050-f163-9d9a-5392c42c9cb3" testName="Skillaz.Tests.OpenApi.CandidateProfileApi.FilterCandidateProfile_feature.Candidate_profile_empty_filter" computerName="DESKTOP-F6SKA47" duration="00:00:05.7389768" startTime="2021-12-16T16:27:31.3737837+03:00" endTime="2021-12-16T16:27:31.3737850+03:00" testType="13cdc9d9-ddb5-4fa4-a97d-d965ccfc6d4b" outcome="Passed" testListId="8c84fa94-04c1-424b-9868-57a2d4851a1d" relativeResultsDirectory="8c5ed429-24bf-4691-88cd-4e8ff263b27f">
      <Output>
        <StdOut>SCENARIO: Candidate profile empty filter&#xD;
  STEP 1/6: GIVEN a company...&#xD;
  STEP 1/6: GIVEN a company (Passed after 325ms)&#xD;
  STEP 2/6: AND the authenticated api user...&#xD;
  STEP 2/6: AND the authenticated api user (Passed after 754ms)&#xD;
  STEP 3/6: AND a candidate profile empty...&#xD;
  STEP 3/6: AND a candidate profile empty (Passed after 381ms)&#xD;
  STEP 4/6: WHEN candidate profile empty filter...&#xD;
  STEP 4/6: WHEN candidate profile empty filter (Passed after 865ms)&#xD;
  STEP 5/6: THEN candidate profiles ids...&#xD;
  STEP 5/6: THEN candidate profiles ids (Passed after 410ms)&#xD;
  STEP 6/6: AND candidate profiles correct...&#xD;
  STEP 6/6: AND candidate profiles correct (Passed after 2s 871ms)&#xD;
  SCENARIO RESULT: Passed after 5s 615ms</StdOut>
      </Output>
    </UnitTestResult>
    <UnitTestResult executionId="054bc58e-9901-4731-81be-3cba56790138" testId="f727b248-9add-f920-b0ce-770364245e70" testName="Skillaz.Tests.Candidate.Elastic.CandidateElasticMultiselectFiltration_feature.MultiLineFilterCheck(filter: (Skillaz.Candidate.Contract.CandidateSearchFilter, Skillaz.Candidate.Contract.CandidateSearchFilterCommon), result: (1, SearchSettingsType.Exact, phrases: технолог вуз))" computerName="DESKTOP-F6SKA47" duration="00:00:00.0010000" startTime="2021-12-16T16:26:50.2214475+03:00" endTime="2021-12-16T16:26:50.2214497+03:00" testType="13cdc9d9-ddb5-4fa4-a97d-d965ccfc6d4b" outcome="NotExecuted" testListId="8c84fa94-04c1-424b-9868-57a2d4851a1d" relativeResultsDirectory="054bc58e-9901-4731-81be-3cba56790138">
      <Output>
        <StdOut>You need Elasticsearch 7.5 local instance on 9200 port</StdOut>
      </Output>
    </UnitTestResult>
    <UnitTestResult executionId="a9c96b68-6476-4b33-903a-defbebb10604" testId="baa7c8a3-1ca1-37af-f055-9c353b12bdf9" testName="Skillaz.Tests.Notifications.CustomNotifications_feature.Check_if_user_doesnt_want_to_send_notification" computerName="DESKTOP-F6SKA47" duration="00:00:06.1079251" startTime="2021-12-16T16:25:52.5587778+03:00" endTime="2021-12-16T16:25:52.5587798+03:00" testType="13cdc9d9-ddb5-4fa4-a97d-d965ccfc6d4b" outcome="Passed" testListId="8c84fa94-04c1-424b-9868-57a2d4851a1d" relativeResultsDirectory="a9c96b68-6476-4b33-903a-defbebb10604">
      <Output>
        <StdOut>SCENARIO: Check if user doesnt want to send notification&#xD;
  STEP 1/7: GIVEN Given a candidate in a vacancy in a company [makeCompany: "System.Func`1[Skillaz.Candidate.Contract.LegacyCompany.LegacyCompanyDocument]"]...&#xD;
  STEP 1/7: GIVEN Given a candidate in a vacancy in a company [makeCompany: "System.Func`1[Skillaz.Candidate.Contract.LegacyCompany.LegacyCompanyDocument]"] (Passed after 821ms)&#xD;
  STEP 2/7: AND Given the authenticated user...&#xD;
  STEP 2/7: AND Given the authenticated user (Passed after 589ms)&#xD;
  STEP 3/7: AND Given the ClientConfigurationForCompany...&#xD;
  STEP 3/7: AND Given the ClientConfigurationForCompany (Passed after 210ms)&#xD;
  STEP 4/7: AND Given the Funnel...&#xD;
  STEP 4/7: AND Given the Funnel (Passed after 160ms)&#xD;
  STEP 5/7: AND Given CandidateCurentStatus [statusId: "new"]...&#xD;
  STEP 5/7: AND Given CandidateCurentStatus [statusId: "new"] (Passed after 6ms)&#xD;
  STEP 6/7: WHEN When user change candidate status no notify...&#xD;
  STEP 6/7: WHEN When user change candidate status no notify (Passed after 3s 461ms)&#xD;
  STEP 7/7: THEN Then ensure that email not sended...&#xD;
  STEP 7/7: THEN Then ensure that email not sended (Passed after 321ms)&#xD;
  SCENARIO RESULT: Passed after 5s 600ms</StdOut>
      </Output>
    </UnitTestResult>
    <UnitTestResult executionId="f38823ff-527b-461b-8f81-50fd41a79e59" testId="019b787c-88b2-9680-3a7b-9251d2235f77" testName="Skillaz.Tests.CompanySpecific.X5.Naumen.NaumenSlaTests.Sla_calculates_correctly_for_next_day(candidateTimeZone: 11, sla: 02:00:00, startDate: 2019-12-31T12:30:00.0000000Z, truth: [NaumenTimeRange { From = &quot;2020-01-01 07:00:00&quot;, To = &quot;2020-01-01 09:00:00&quot; }])" computerName="DESKTOP-F6SKA47" duration="00:00:00.0000674" startTime="2021-12-16T16:16:29.3565693+03:00" endTime="2021-12-16T16:16:29.3565696+03:00" testType="13cdc9d9-ddb5-4fa4-a97d-d965ccfc6d4b" outcome="Passed" testListId="8c84fa94-04c1-424b-9868-57a2d4851a1d" relativeResultsDirectory="f38823ff-527b-461b-8f81-50fd41a79e59" />
    <UnitTestResult executionId="a84d64ef-82d8-466a-9eaf-a7bc1ecf36c9" testId="8c0c4d06-3e50-efa3-c458-9b2b9ef43798" testName="Skillaz.Tests.Configurator.Editor.Undo.Проверить_отмену_редактирования_строк" computerName="DESKTOP-F6SKA47" duration="00:00:01.7060035" startTime="2021-12-16T16:16:51.4518198+03:00" endTime="2021-12-16T16:16:51.4518287+03:00" testType="13cdc9d9-ddb5-4fa4-a97d-d965ccfc6d4b" outcome="Passed" testListId="8c84fa94-04c1-424b-9868-57a2d4851a1d" relativeResultsDirectory="a84d64ef-82d8-466a-9eaf-a7bc1ecf36c9">
      <Output>
        <StdOut>SCENARIO: Проверить отмену редактирования строк&#xD;
  STEP 1/6: GIVEN a company...&#xD;
  STEP 1/6: GIVEN a company (Passed after 94ms)&#xD;
  STEP 2/6: AND the authenticated admin user...&#xD;
  STEP 2/6: AND the authenticated admin user (Passed after 186ms)&#xD;
  STEP 3/6: Настроить воронку в конфигураторе...&#xD;
  STEP 3/6: Настроить воронку в конфигураторе (Passed after 150ms)&#xD;
  STEP 4/6: Вернуть удаленную строчку и проверить...&#xD;
  STEP 4/6: Вернуть удаленную строчку и проверить (Passed after 741ms)&#xD;
  STEP 5/6: Отменить редактирование в действующей строке и проверить...&#xD;
  STEP 5/6: Отменить редактирование в действующей строке и проверить (Passed after 104ms)&#xD;
  STEP 6/6: Вернуть первую удаленную строчку и проверить...&#xD;
  STEP 6/6: Вернуть первую удаленную строчку и проверить (Passed after 194ms)&#xD;
  SCENARIO RESULT: Passed after 1s 477ms</StdOut>
      </Output>
    </UnitTestResult>
    <UnitTestResult executionId="915e76b0-f7e0-4d93-8d11-869ebcc856f3" testId="039c8bb6-d52e-2d76-6a67-8cefd92eaaa5" testName="Skillaz.Tests.Configurator.Editor.ChangeTracking.Проверить_статус_строк" computerName="DESKTOP-F6SKA47" duration="00:00:14.5114418" startTime="2021-12-16T16:17:06.2539323+03:00" endTime="2021-12-16T16:17:06.2539454+03:00" testType="13cdc9d9-ddb5-4fa4-a97d-d965ccfc6d4b" outcome="Passed" testListId="8c84fa94-04c1-424b-9868-57a2d4851a1d" relativeResultsDirectory="915e76b0-f7e0-4d93-8d11-869ebcc856f3">
      <Output>
        <StdOut>SCENARIO: Проверить статус строк&#xD;
  STEP 1/8: GIVEN a company...&#xD;
  STEP 1/8: GIVEN a company (Passed after 139ms)&#xD;
  STEP 2/8: AND the authenticated admin user...&#xD;
  STEP 2/8: AND the authenticated admin user (Passed after 562ms)&#xD;
  STEP 3/8: Настроить воронку в конфигураторе...&#xD;
  STEP 3/8: Настроить воронку в конфигураторе (Passed after 679ms)&#xD;
  STEP 4/8: Загрузить редактор воронки...&#xD;
  STEP 4/8: Загрузить редактор воронки (Passed after 12s 064ms)&#xD;
  STEP 5/8: Проверить что статусы отмечаются как новый и удаленный...&#xD;
  STEP 5/8: Проверить что статусы отмечаются как новый и удаленный (Passed after 279ms)&#xD;
  STEP 6/8: Проверить что измененные заголовки отмечаются...&#xD;
  STEP 6/8: Проверить что измененные заголовки отмечаются (Passed after 311ms)&#xD;
  STEP 7/8: Проверить что измененные поля отмечаются...&#xD;
  STEP 7/8: Проверить что измененные поля отмечаются (Passed after 159ms)&#xD;
  STEP 8/8: Проверить что считаются измененные строки...&#xD;
  STEP 8/8: Проверить что считаются измененные строки (Passed after 101ms)&#xD;
  SCENARIO RESULT: Passed after 14s 337ms</StdOut>
      </Output>
    </UnitTestResult>
    <UnitTestResult executionId="7f89a24f-d32a-47f9-91ea-4e1fffacf0c7" testId="019b787c-88b2-9680-3a7b-9251d2235f77" testName="Skillaz.Tests.CompanySpecific.X5.Naumen.NaumenSlaTests.Sla_calculates_correctly_for_next_day(candidateTimeZone: 8, sla: 02:00:00, startDate: 2019-12-31T14:30:00.0000000Z, truth: [NaumenTimeRange { From = &quot;2020-01-01 07:00:00&quot;, To = &quot;2020-01-01 09:00:00&quot; }])" computerName="DESKTOP-F6SKA47" duration="00:00:00.0000380" startTime="2021-12-16T16:16:29.2923057+03:00" endTime="2021-12-16T16:16:29.2923061+03:00" testType="13cdc9d9-ddb5-4fa4-a97d-d965ccfc6d4b" outcome="Passed" testListId="8c84fa94-04c1-424b-9868-57a2d4851a1d" relativeResultsDirectory="7f89a24f-d32a-47f9-91ea-4e1fffacf0c7" />
    <UnitTestResult executionId="cb3f2c9e-f737-4e39-bd6b-af838b0c11c1" testId="019b787c-88b2-9680-3a7b-9251d2235f77" testName="Skillaz.Tests.CompanySpecific.X5.Naumen.NaumenSlaTests.Sla_calculates_correctly_for_next_day(candidateTimeZone: 2, sla: 02:00:00, startDate: 2019-12-31T20:30:00.0000000Z, truth: [NaumenTimeRange { From = &quot;2020-01-01 10:00:00&quot;, To = &quot;2020-01-01 12:00:00&quot; }])" computerName="DESKTOP-F6SKA47" duration="00:00:00.0000606" startTime="2021-12-16T16:16:29.0595759+03:00" endTime="2021-12-16T16:16:29.0595765+03:00" testType="13cdc9d9-ddb5-4fa4-a97d-d965ccfc6d4b" outcome="Passed" testListId="8c84fa94-04c1-424b-9868-57a2d4851a1d" relativeResultsDirectory="cb3f2c9e-f737-4e39-bd6b-af838b0c11c1" />
    <UnitTestResult executionId="71ea4335-b161-4d06-bcb0-b63123f20cdc" testId="b942f58c-e563-dd0f-a48c-68d3747f1e24" testName="Skillaz.Tests.AutoComplete.RequestAutoCompleteControllerGetRequests_feature.AutoComplete_with_states_and_state_types(states: [&quot;unknownState&quot;], stateTypes: null)" computerName="DESKTOP-F6SKA47" duration="00:00:06.3619286" startTime="2021-12-16T16:26:44.0065381+03:00" endTime="2021-12-16T16:26:44.0065407+03:00" testType="13cdc9d9-ddb5-4fa4-a97d-d965ccfc6d4b" outcome="Passed" testListId="8c84fa94-04c1-424b-9868-57a2d4851a1d" relativeResultsDirectory="71ea4335-b161-4d06-bcb0-b63123f20cdc">
      <Output>
        <StdOut>SCENARIO: AutoComplete with states "unknownState" and state types [stateTypes: "&lt;null&gt;"]&#xD;
  STEP 1/6: GIVEN a company...&#xD;
  STEP 1/6: GIVEN a company (Passed after 191ms)&#xD;
  STEP 2/6: AND the authenticated user...&#xD;
  STEP 2/6: AND the authenticated user (Passed after 276ms)&#xD;
  STEP 3/6: AND a model...&#xD;
  STEP 3/6: AND a model (Passed after 427ms)&#xD;
  STEP 4/6: AND requests...&#xD;
  STEP 4/6: AND requests (Passed after 4s 853ms)&#xD;
  STEP 5/6: WHEN getting requests [states: "unknownState"] [stateTypes: "&lt;null&gt;"]...&#xD;
  STEP 5/6: WHEN getting requests [states: "unknownState"] [stateTypes: "&lt;null&gt;"] (Passed after 9ms)&#xD;
  STEP 6/6: THEN correct requests return [states: "unknownState"] [stateTypes: "&lt;null&gt;"]...&#xD;
  STEP 6/6: THEN correct requests return [states: "unknownState"] [stateTypes: "&lt;null&gt;"] (Passed after 53ms)&#xD;
  SCENARIO RESULT: Passed after 5s 827ms</StdOut>
      </Output>
    </UnitTestResult>
    <UnitTestResult executionId="067dc8b7-f4b6-4b2b-bfea-a086423b0871" testId="019b787c-88b2-9680-3a7b-9251d2235f77" testName="Skillaz.Tests.CompanySpecific.X5.Naumen.NaumenSlaTests.Sla_calculates_correctly_for_next_day(candidateTimeZone: 10, sla: 02:00:00, startDate: 2020-01-01T03:30:00.0000000Z, truth: [NaumenTimeRange { From = &quot;2020-01-01 07:00:00&quot;, To = &quot;2020-01-01 09:00:00&quot; }])" computerName="DESKTOP-F6SKA47" duration="00:00:00.0000301" startTime="2021-12-16T16:16:29.3394565+03:00" endTime="2021-12-16T16:16:29.3394568+03:00" testType="13cdc9d9-ddb5-4fa4-a97d-d965ccfc6d4b" outcome="Passed" testListId="8c84fa94-04c1-424b-9868-57a2d4851a1d" relativeResultsDirectory="067dc8b7-f4b6-4b2b-bfea-a086423b0871" />
    <UnitTestResult executionId="5f649b37-f4d0-4da1-b8c0-42fd099f4463" testId="36f5ab0c-0151-c554-04b8-9780614564e2" testName="Skillaz.Tests.Candidate.Elastic.CandidateElasticFiltration_feature.Retrieving_candidates_by_history_statuses" computerName="DESKTOP-F6SKA47" duration="00:00:00.0010000" startTime="2021-12-16T16:24:39.9055335+03:00" endTime="2021-12-16T16:24:39.9055350+03:00" testType="13cdc9d9-ddb5-4fa4-a97d-d965ccfc6d4b" outcome="NotExecuted" testListId="8c84fa94-04c1-424b-9868-57a2d4851a1d" relativeResultsDirectory="5f649b37-f4d0-4da1-b8c0-42fd099f4463">
      <Output>
        <StdOut>You need Elasticsearch 7.5 local instance on 9200 port</StdOut>
      </Output>
    </UnitTestResult>
    <UnitTestResult executionId="97876c2f-fc51-43eb-815e-5ac8034ee4cc" testId="9b66c100-569d-3ad5-e12e-190fe8eb9809" testName="Skillaz.Tests.DocumentModels.FieldValueComparerTests.DifferentTypeComparison(firstValue: 1, secondValue: 1)" computerName="DESKTOP-F6SKA47" duration="00:00:00.0000101" startTime="2021-12-16T16:16:31.0354933+03:00" endTime="2021-12-16T16:16:31.0354937+03:00" testType="13cdc9d9-ddb5-4fa4-a97d-d965ccfc6d4b" outcome="Passed" testListId="8c84fa94-04c1-424b-9868-57a2d4851a1d" relativeResultsDirectory="97876c2f-fc51-43eb-815e-5ac8034ee4cc" />
    <UnitTestResult executionId="a007b671-1562-4763-b391-adfd87b433b7" testId="2a62cead-e620-26d3-a5ba-1cc8e4102c3f" testName="Skillaz.Tests.CompanySpecific.Mvideo.MvideoOpenApiSapAvaliablePositionsHireNeedBatchRequest_feature.CheckAvaliablePositionsInHireNeedAfterOpenApiRequest_InHold(staffCount: 8, employeesCount: 6, manualApprovedCounts: [3], batchOrgItems: (7, 6), expected: (2, Катя Нашла кейс интересный Размер поиска = 2))" computerName="DESKTOP-F6SKA47" duration="00:00:00.0010000" startTime="2021-12-16T16:29:36.4874159+03:00" endTime="2021-12-16T16:29:36.4874182+03:00" testType="13cdc9d9-ddb5-4fa4-a97d-d965ccfc6d4b" outcome="NotExecuted" testListId="8c84fa94-04c1-424b-9868-57a2d4851a1d" relativeResultsDirectory="a007b671-1562-4763-b391-adfd87b433b7">
      <Output>
        <StdOut>Вернуть тесты после правок по потребностям Mvideo</StdOut>
      </Output>
    </UnitTestResult>
    <UnitTestResult executionId="6287fc32-4965-4f08-a67a-3e6660de3a15" testId="c43f7068-2fc2-c038-40e1-6aa5fed0902b" testName="Skillaz.Tests.OrgUnit.OrgUnitExternalIdTests.Test_orgunit_update_with_existed_externalId" computerName="DESKTOP-F6SKA47" duration="00:00:00.0010000" startTime="2021-12-16T16:24:39.1645632+03:00" endTime="2021-12-16T16:24:39.1645661+03:00" testType="13cdc9d9-ddb5-4fa4-a97d-d965ccfc6d4b" outcome="NotExecuted" testListId="8c84fa94-04c1-424b-9868-57a2d4851a1d" relativeResultsDirectory="6287fc32-4965-4f08-a67a-3e6660de3a15">
      <Output>
        <StdOut>Нужно переделать этап Given_dm_configuration, не завязываться на авилон</StdOut>
      </Output>
    </UnitTestResult>
    <UnitTestResult executionId="238b570d-bcc7-4ecf-973b-7d564de14d25" testId="39bbe88c-a5a1-69b6-0e18-a75bb02edd6c" testName="Skillaz.Tests.CompanySpecific.X5.Naumen.NaumenSlaTests.Sla_calculates_correctly_within_one_day(candidateTimeZone: 6, sla: 05:00:00, startDate: 2019-12-31T09:00:00.0000000Z, truth: [NaumenTimeRange { From = &quot;2019-12-31 12:00:00&quot;, To = &quot;2019-12-31 17:00:00&quot; }])" computerName="DESKTOP-F6SKA47" duration="00:00:00.0000945" startTime="2021-12-16T16:16:29.0080923+03:00" endTime="2021-12-16T16:16:29.0080927+03:00" testType="13cdc9d9-ddb5-4fa4-a97d-d965ccfc6d4b" outcome="Passed" testListId="8c84fa94-04c1-424b-9868-57a2d4851a1d" relativeResultsDirectory="238b570d-bcc7-4ecf-973b-7d564de14d25" />
    <UnitTestResult executionId="59d7cf8b-dc65-4375-8fe4-c7eefa2bb0a8" testId="76150b2d-765b-1f6f-f18c-eceeda4ad122" testName="Skillaz.Tests.Candidate.Elastic.CandidateElasticFiltration_feature.Retrieving_a_candidate_by_existing_search_id" computerName="DESKTOP-F6SKA47" duration="00:00:00.0010000" startTime="2021-12-16T16:24:40.1192099+03:00" endTime="2021-12-16T16:24:40.1192131+03:00" testType="13cdc9d9-ddb5-4fa4-a97d-d965ccfc6d4b" outcome="NotExecuted" testListId="8c84fa94-04c1-424b-9868-57a2d4851a1d" relativeResultsDirectory="59d7cf8b-dc65-4375-8fe4-c7eefa2bb0a8">
      <Output>
        <StdOut>You need Elasticsearch 7.5 local instance on 9200 port</StdOut>
      </Output>
    </UnitTestResult>
    <UnitTestResult executionId="5d2a9884-062d-4148-b8fc-a06a15ae10c5" testId="efc09a1a-9c69-7770-403a-ad7efbc34d02" testName="Skillaz.Tests.Vacancy.VacancyCounters_feature.If_candidates_counter_set_up_then_it_should_show_for_passed_vacancy" computerName="DESKTOP-F6SKA47" duration="00:00:10.4279932" startTime="2021-12-16T16:19:24.4028308+03:00" endTime="2021-12-16T16:19:24.4028385+03:00" testType="13cdc9d9-ddb5-4fa4-a97d-d965ccfc6d4b" outcome="Passed" testListId="8c84fa94-04c1-424b-9868-57a2d4851a1d" relativeResultsDirectory="5d2a9884-062d-4148-b8fc-a06a15ae10c5">
      <Output>
        <StdOut>SCENARIO: If candidates counter set up then it should show for passed vacancy&#xD;
  STEP 1/8: GIVEN a company...&#xD;
  STEP 1/8: GIVEN a company (Passed after 538ms)&#xD;
  STEP 2/8: AND the authenticated user...&#xD;
  STEP 2/8: AND the authenticated user (Passed after 1s 147ms)&#xD;
  STEP 3/8: AND the client configuration for company...&#xD;
  STEP 3/8: AND the client configuration for company (Passed after 2s 851ms)&#xD;
  STEP 4/8: AND vacancy counter configuration [documentModelCountersConfigurationDto: "Skillaz.Configurator.Contract.DocumentModel.DocumentModelCountersConfigurationDto"]...&#xD;
  STEP 4/8: AND vacancy counter configuration [documentModelCountersConfigurationDto: "Skillaz.Configurator.Contract.DocumentModel.DocumentModelCountersConfigurationDto"] (Passed after 1s 540ms)&#xD;
  STEP 5/8: AND a vacancy "Skillaz.Candidate.Contract.LegacyVacancy.LegacyVacancyDocument"...&#xD;
  STEP 5/8: AND a vacancy "Skillaz.Candidate.Contract.LegacyVacancy.LegacyVacancyDocument" (Passed after 243ms)&#xD;
  STEP 6/8: AND a candidate "Skillaz.Candidate.Contract.Documents.Candidate.CandidateDocument"...&#xD;
  STEP 6/8: AND a candidate "Skillaz.Candidate.Contract.Documents.Candidate.CandidateDocument" (Passed after 307ms)&#xD;
  STEP 7/8: WHEN getting vacancy counters for [vacancyIds: "first-vac"]...&#xD;
  STEP 7/8: WHEN getting vacancy counters for [vacancyIds: "first-vac"] (Passed after 2s 477ms)&#xD;
  STEP 8/8: THEN candidates counter should display [vacancyId: "first-vac"] [counterName: "Новые кандидаты"] [count: "1"]...&#xD;
  STEP 8/8: THEN candidates counter should display [vacancyId: "first-vac"] [counterName: "Новые кандидаты"] [count: "1"] (Passed after 317ms)&#xD;
  SCENARIO RESULT: Passed after 9s 477ms</StdOut>
      </Output>
    </UnitTestResult>
    <UnitTestResult executionId="40623d34-401f-4247-b9bb-44ad9c2b7990" testId="6c285f54-2bee-5681-1441-45540a633fc7" testName="Skillaz.Tests.CompanySpecific.Sberbank.SberPositionsTests.SberPositionCommand_should_work_as_expected(vacancyName: &quot;Менеджер по работе с ключевыми клиентами&quot;, expectedPositionId: &quot;key_client_manger_sber_mmb&quot;)" computerName="DESKTOP-F6SKA47" duration="00:00:00.1424300" startTime="2021-12-16T16:16:29.7680477+03:00" endTime="2021-12-16T16:16:29.7680506+03:00" testType="13cdc9d9-ddb5-4fa4-a97d-d965ccfc6d4b" outcome="Passed" testListId="8c84fa94-04c1-424b-9868-57a2d4851a1d" relativeResultsDirectory="40623d34-401f-4247-b9bb-44ad9c2b7990" />
    <UnitTestResult executionId="252d8c17-d2a4-40e4-865d-6b84b36c960d" testId="309e0964-cc7e-6f02-5a26-46b53ae68f92" testName="Skillaz.Tests.Assessment.Interview_feature.Continue_interview_from_last_step" computerName="DESKTOP-F6SKA47" duration="00:00:12.6594762" startTime="2021-12-16T16:25:59.2946495+03:00" endTime="2021-12-16T16:25:59.2946523+03:00" testType="13cdc9d9-ddb5-4fa4-a97d-d965ccfc6d4b" outcome="Passed" testListId="8c84fa94-04c1-424b-9868-57a2d4851a1d" relativeResultsDirectory="252d8c17-d2a4-40e4-865d-6b84b36c960d">
      <Output>
        <StdOut>SCENARIO: Continue interview from last step&#xD;
  STEP 1/4: GIVEN a candidate in a vacancy in a company...&#xD;
  STEP 1/4: GIVEN a candidate in a vacancy in a company (Passed after 1s 101ms)&#xD;
  STEP 2/4: AND the interview...&#xD;
  STEP 2/4: AND the interview (Passed after 1s 340ms)&#xD;
  STEP 3/4: WHEN an interview step is switched...&#xD;
  STEP 3/4: WHEN an interview step is switched (Passed after 8s 140ms)&#xD;
  STEP 4/4: THEN current step of interview should be changed...&#xD;
  STEP 4/4: THEN current step of interview should be changed (Passed after 1s 902ms)&#xD;
  SCENARIO RESULT: Passed after 12s 489ms</StdOut>
      </Output>
    </UnitTestResult>
    <UnitTestResult executionId="4f54f9cd-440d-4c71-a682-f1773c4b6c04" testId="ecf9b6bc-e1f5-b2a1-108a-35866d56220d" testName="Skillaz.Tests.Authorization.AuthLoginWorkflowService_Login_feature.Do_correct_login_by_username_with_user" computerName="DESKTOP-F6SKA47" duration="00:00:02.9267252" startTime="2021-12-16T16:22:32.2814768+03:00" endTime="2021-12-16T16:22:32.2814855+03:00" testType="13cdc9d9-ddb5-4fa4-a97d-d965ccfc6d4b" outcome="Passed" testListId="8c84fa94-04c1-424b-9868-57a2d4851a1d" relativeResultsDirectory="4f54f9cd-440d-4c71-a682-f1773c4b6c04">
      <Output>
        <StdOut>SCENARIO: Do correct login by username with user&#xD;
  STEP 1/4: GIVEN a company...&#xD;
  STEP 1/4: GIVEN a company (Passed after 60ms)&#xD;
  STEP 2/4: AND a user with password set property...&#xD;
  STEP 2/4: AND a user with password set property (Passed after 635ms)&#xD;
  STEP 3/4: WHEN doing a login "v.pupkin" attempt [password: "strong_Asdasd123asdasd$Asdasd123asdasd$^1"]...&#xD;
  STEP 3/4: WHEN doing a login "v.pupkin" attempt [password: "strong_Asdasd123asdasd$Asdasd123asdasd$^1"] (Passed after 1s 273ms)&#xD;
  STEP 4/4: THEN ensure that user was authenticated...&#xD;
  STEP 4/4: THEN ensure that user was authenticated (Passed after 348ms)&#xD;
  SCENARIO RESULT: Passed after 2s 326ms</StdOut>
      </Output>
    </UnitTestResult>
    <UnitTestResult executionId="b96abeb0-e13a-4253-87c0-6a16ae8b97ee" testId="7c5a6be9-713a-8ee5-2fd3-4b93be6e3078" testName="Skillaz.Tests.AutoComplete.RequestAutoCompleteControllerGetRequests_feature.AutoComplete_with_states_and_state_types(states: [&quot;New&quot;], stateTypes: null)" computerName="DESKTOP-F6SKA47" duration="00:00:07.3306262" startTime="2021-12-16T16:26:46.6245609+03:00" endTime="2021-12-16T16:26:46.6245614+03:00" testType="13cdc9d9-ddb5-4fa4-a97d-d965ccfc6d4b" outcome="Passed" testListId="8c84fa94-04c1-424b-9868-57a2d4851a1d" relativeResultsDirectory="b96abeb0-e13a-4253-87c0-6a16ae8b97ee">
      <Output>
        <StdOut>SCENARIO: AutoComplete with states "New" and state types [stateTypes: "&lt;null&gt;"]&#xD;
  STEP 1/6: GIVEN a company...&#xD;
  STEP 1/6: GIVEN a company (Passed after 88ms)&#xD;
  STEP 2/6: AND the authenticated user...&#xD;
  STEP 2/6: AND the authenticated user (Passed after 240ms)&#xD;
  STEP 3/6: AND a model...&#xD;
  STEP 3/6: AND a model (Passed after 364ms)&#xD;
  STEP 4/6: AND requests...&#xD;
  STEP 4/6: AND requests (Passed after 5s 570ms)&#xD;
  STEP 5/6: WHEN getting requests [states: "New"] [stateTypes: "&lt;null&gt;"]...&#xD;
  STEP 5/6: WHEN getting requests [states: "New"] [stateTypes: "&lt;null&gt;"] (Passed after 9ms)&#xD;
  STEP 6/6: THEN correct requests return [states: "New"] [stateTypes: "&lt;null&gt;"]...&#xD;
  STEP 6/6: THEN correct requests return [states: "New"] [stateTypes: "&lt;null&gt;"] (Passed after 19ms)&#xD;
  SCENARIO RESULT: Passed after 6s 391ms</StdOut>
      </Output>
    </UnitTestResult>
    <UnitTestResult executionId="d3119527-4785-4ecb-b489-45e9bfa12d1a" testId="b4fd2066-aaa5-d2d8-494b-bdda9bb1f2cd" testName="Skillaz.Tests.Assessment.Interviews.ProActionInterview_feature.Getting_a_pro_action_interview" computerName="DESKTOP-F6SKA47" duration="00:00:04.9315619" startTime="2021-12-16T16:25:35.4168684+03:00" endTime="2021-12-16T16:25:35.4168718+03:00" testType="13cdc9d9-ddb5-4fa4-a97d-d965ccfc6d4b" outcome="Passed" testListId="8c84fa94-04c1-424b-9868-57a2d4851a1d" relativeResultsDirectory="d3119527-4785-4ecb-b489-45e9bfa12d1a">
      <Output>
        <StdOut>SCENARIO: Getting a pro action interview&#xD;
  STEP 1/4: GIVEN a candidate in a vacancy in a company...&#xD;
  STEP 1/4: GIVEN a candidate in a vacancy in a company (Passed after 662ms)&#xD;
  STEP 2/4: AND the interview...&#xD;
  STEP 2/4: AND the interview (Passed after 273ms)&#xD;
  STEP 3/4: WHEN a pro action interview is requested...&#xD;
  STEP 3/4: WHEN a pro action interview is requested (Passed after 1s 803ms)&#xD;
  STEP 4/4: THEN a pro action interview should be retrieved...&#xD;
  STEP 4/4: THEN a pro action interview should be retrieved (Passed after 1ms)&#xD;
  SCENARIO RESULT: Passed after 2s 843ms</StdOut>
      </Output>
    </UnitTestResult>
    <UnitTestResult executionId="8a9032ef-0775-4871-8130-37674dcabbff" testId="e726c651-b3d0-75aa-91b8-fe51eb1543f0" testName="Skillaz.Tests.Configurator.ConfiguratorEditorApiReorderingRowTests.Кейс_когда_в_группе_всего_одна_строка" computerName="DESKTOP-F6SKA47" duration="00:00:07.7853292" startTime="2021-12-16T16:19:44.7616064+03:00" endTime="2021-12-16T16:19:44.7616176+03:00" testType="13cdc9d9-ddb5-4fa4-a97d-d965ccfc6d4b" outcome="Passed" testListId="8c84fa94-04c1-424b-9868-57a2d4851a1d" relativeResultsDirectory="8a9032ef-0775-4871-8130-37674dcabbff">
      <Output>
        <StdOut>SCENARIO: Кейс когда в группе всего одна строка&#xD;
  STEP 1/5: GIVEN a company...&#xD;
  STEP 1/5: GIVEN a company (Passed after 741ms)&#xD;
  STEP 2/5: AND the authenticated user...&#xD;
  STEP 2/5: AND the authenticated user (Passed after 2s 078ms)&#xD;
  STEP 3/5: Выдать пользователю нужные права...&#xD;
  STEP 3/5: Выдать пользователю нужные права (Passed after &lt;1ms)&#xD;
  STEP 4/5: Получить воронку в конфигураторе без черновика...&#xD;
  STEP 4/5: Получить воронку в конфигураторе без черновика (Passed after 836ms)&#xD;
  STEP 5/5: Переместить строку когда одна строка в своей группе...&#xD;
  STEP 5/5: Переместить строку когда одна строка в своей группе (Passed after 513ms)&#xD;
  SCENARIO RESULT: Passed after 4s 304ms</StdOut>
      </Output>
    </UnitTestResult>
    <UnitTestResult executionId="2f3d6aac-3594-46af-b2f2-da4326d05aec" testId="96603ff9-4808-fcd9-a215-6e5be97a237b" testName="Skillaz.Tests.OrgUnit.OrgUnitExternalIdTests.Test_request_create_with_existed_externalId" computerName="DESKTOP-F6SKA47" duration="00:00:00.0010000" startTime="2021-12-16T16:24:39.0590611+03:00" endTime="2021-12-16T16:24:39.0590631+03:00" testType="13cdc9d9-ddb5-4fa4-a97d-d965ccfc6d4b" outcome="NotExecuted" testListId="8c84fa94-04c1-424b-9868-57a2d4851a1d" relativeResultsDirectory="2f3d6aac-3594-46af-b2f2-da4326d05aec">
      <Output>
        <StdOut>Нужно переделать этап Given_dm_configuration, не завязываться на авилон</StdOut>
      </Output>
    </UnitTestResult>
    <UnitTestResult executionId="b081a197-4d73-4965-86ea-3b2059ccd280" testId="53564abf-c929-68f7-2c88-2ee26c036473" testName="Skillaz.Tests.Configurator.Prioritization.ConfiguratorPrioritizationRequest_feature.Prioritization_single_condition_with_rules_overlay" computerName="DESKTOP-F6SKA47" duration="00:00:07.1282381" startTime="2021-12-16T16:27:27.4922358+03:00" endTime="2021-12-16T16:27:27.4922533+03:00" testType="13cdc9d9-ddb5-4fa4-a97d-d965ccfc6d4b" outcome="Passed" testListId="8c84fa94-04c1-424b-9868-57a2d4851a1d" relativeResultsDirectory="b081a197-4d73-4965-86ea-3b2059ccd280">
      <Output>
        <StdOut>SCENARIO: Prioritization single condition with rules overlay&#xD;
  STEP 1/9: GIVEN a company...&#xD;
  STEP 1/9: GIVEN a company (Passed after 256ms)&#xD;
  STEP 2/9: AND the authenticated user...&#xD;
  STEP 2/9: AND the authenticated user (Passed after 800ms)&#xD;
  STEP 3/9: AND the candidates...&#xD;
  STEP 3/9: AND the candidates (Passed after 254ms)&#xD;
  STEP 4/9: AND the single conditions prioritization with rules overlay...&#xD;
  STEP 4/9: AND the single conditions prioritization with rules overlay (Passed after &lt;1ms)&#xD;
  STEP 5/9: AND the configuration...&#xD;
  STEP 5/9: AND the configuration (Passed after 377ms)&#xD;
  STEP 6/9: AND the requests for single and multi rules...&#xD;
  STEP 6/9: AND the requests for single and multi rules (Passed after 212ms)&#xD;
  STEP 7/9: WHEN job prioritization...&#xD;
  STEP 7/9: WHEN job prioritization (Passed after 2s 915ms)&#xD;
  STEP 8/9: THEN check requests priority with overlay...&#xD;
  STEP 8/9: THEN check requests priority with overlay (Passed after 300ms)&#xD;
  STEP 9/9: AND request with priority color by filter...&#xD;
  STEP 9/9: AND request with priority color by filter (Passed after 476ms)&#xD;
  SCENARIO RESULT: Passed after 5s 667ms</StdOut>
      </Output>
    </UnitTestResult>
    <UnitTestResult executionId="76c4912a-b8a7-44eb-82e2-8f921e755bef" testId="902fa757-9f4d-b9aa-cb12-7acd89bc1b1d" testName="Skillaz.Tests.Request.X5.X5GetRequestListCommand_feature.If_candidate_has_no_address_result_should_be_empty" computerName="DESKTOP-F6SKA47" duration="00:00:08.6228724" startTime="2021-12-16T16:24:59.9085610+03:00" endTime="2021-12-16T16:24:59.9085673+03:00" testType="13cdc9d9-ddb5-4fa4-a97d-d965ccfc6d4b" outcome="Passed" testListId="8c84fa94-04c1-424b-9868-57a2d4851a1d" relativeResultsDirectory="76c4912a-b8a7-44eb-82e2-8f921e755bef">
      <Output>
        <StdOut>SCENARIO: If candidate has no address result should be empty&#xD;
  STEP 1/8: GIVEN a company [companyId: "61bb3e237f10d6937478e083"]...&#xD;
  STEP 1/8: GIVEN a company [companyId: "61bb3e237f10d6937478e083"] (Passed after 179ms)&#xD;
  STEP 2/8: AND the vacancy in the company...&#xD;
  STEP 2/8: AND the vacancy in the company (Passed after 210ms)&#xD;
  STEP 3/8: AND candidate "Skillaz.Candidate.Contract.Documents.Candidate.CandidateDocument"...&#xD;
  STEP 3/8: AND candidate "Skillaz.Candidate.Contract.Documents.Candidate.CandidateDocument" (Passed after 47ms)&#xD;
  STEP 4/8: AND request "Skillaz.Candidate.Contract.Request.RequestDocument"...&#xD;
  STEP 4/8: AND request "Skillaz.Candidate.Contract.Request.RequestDocument" (Passed after 36ms)&#xD;
  STEP 5/8: AND created indexes for requests...&#xD;
  STEP 5/8: AND created indexes for requests (Passed after 5s 312ms)&#xD;
  STEP 6/8: AND candidate profile [candidateProfileDocument: "Skillaz.Candidate.Contract.Documents.CandidateProfile.CandidateProfileDocument"]...&#xD;
  STEP 6/8: AND candidate profile [candidateProfileDocument: "Skillaz.Candidate.Contract.Documents.CandidateProfile.CandidateProfileDocument"] (Passed after 215ms)&#xD;
  STEP 7/8: WHEN getting available requests list...&#xD;
  STEP 7/8: WHEN getting available requests list (Passed after &lt;1ms)&#xD;
  STEP 8/8: THEN result list is empty...&#xD;
  STEP 8/8: THEN result list is empty (Passed after &lt;1ms)&#xD;
  SCENARIO RESULT: Passed after 6s 097ms</StdOut>
      </Output>
    </UnitTestResult>
    <UnitTestResult executionId="67405cef-162f-449a-8e4a-adb43a55fd18" testId="e5272ca0-ad97-1a60-c810-569b49a21d5c" testName="Skillaz.Tests.CompanySpecific.Mvideo.MvideoChangePositionCountOrgUnit_feature.Set_hire_needs_approved_count_then_request_and_vacancy_should_be_created" computerName="DESKTOP-F6SKA47" duration="00:00:00.0010000" startTime="2021-12-16T16:19:35.9334502+03:00" endTime="2021-12-16T16:19:35.9334544+03:00" testType="13cdc9d9-ddb5-4fa4-a97d-d965ccfc6d4b" outcome="NotExecuted" testListId="8c84fa94-04c1-424b-9868-57a2d4851a1d" relativeResultsDirectory="67405cef-162f-449a-8e4a-adb43a55fd18">
      <Output>
        <StdOut>Не актуально, заявка в кфг</StdOut>
      </Output>
    </UnitTestResult>
    <UnitTestResult executionId="78b8a50a-87cf-4b37-ad70-3261e02acdb1" testId="cdb468b8-5c0f-105f-873c-568717197303" testName="Skillaz.Tests.Mongo.Transactions.MongoTransactionFeature.Transaction_should_be_atomic" computerName="DESKTOP-F6SKA47" duration="00:00:00.0010000" startTime="2021-12-16T16:18:49.0038272+03:00" endTime="2021-12-16T16:18:49.0038341+03:00" testType="13cdc9d9-ddb5-4fa4-a97d-d965ccfc6d4b" outcome="NotExecuted" testListId="8c84fa94-04c1-424b-9868-57a2d4851a1d" relativeResultsDirectory="78b8a50a-87cf-4b37-ad70-3261e02acdb1" />
    <UnitTestResult executionId="4f69170c-1ca2-4eef-bb70-2b6cfa92793a" testId="8cd5ddd9-05e2-d26c-710a-53354f1e7ec1" testName="Skillaz.Tests.Configurator.Deduplication.UpdateCandidateByRuleTest.Check_Action_DisplayMessage" computerName="DESKTOP-F6SKA47" duration="00:00:03.5207587" startTime="2021-12-16T16:27:22.2343398+03:00" endTime="2021-12-16T16:27:22.2343403+03:00" testType="13cdc9d9-ddb5-4fa4-a97d-d965ccfc6d4b" outcome="Passed" testListId="8c84fa94-04c1-424b-9868-57a2d4851a1d" relativeResultsDirectory="4f69170c-1ca2-4eef-bb70-2b6cfa92793a">
      <Output>
        <StdOut>SCENARIO: Check Action DisplayMessage&#xD;
  STEP 1/4: Init...&#xD;
  STEP 1/4: Init (Passed after 1s 667ms)&#xD;
  STEP 2/4: WHEN DisplayMessage...&#xD;
  STEP 2/4: WHEN DisplayMessage (Passed after 196ms)&#xD;
  STEP 3/4: THEN Candidate...&#xD;
  STEP 3/4: THEN Candidate (Passed after 9ms)&#xD;
  STEP 4/4: Check DisplayMessage...&#xD;
  STEP 4/4: Check DisplayMessage (Passed after 1ms)&#xD;
  SCENARIO RESULT: Passed after 1s 883ms</StdOut>
      </Output>
    </UnitTestResult>
    <UnitTestResult executionId="852c92be-9075-43b6-95e5-3a2f13b06ca3" testId="98c21cb0-09f7-2d25-30ed-0e9aec23e48a" testName="Skillaz.Tests.Telephony.CallList_RatingFilter_feature.CandidateFilterRatingFrom10" computerName="DESKTOP-F6SKA47" duration="00:00:01.3359471" startTime="2021-12-16T16:21:33.1585426+03:00" endTime="2021-12-16T16:21:33.1585440+03:00" testType="13cdc9d9-ddb5-4fa4-a97d-d965ccfc6d4b" outcome="Passed" testListId="8c84fa94-04c1-424b-9868-57a2d4851a1d" relativeResultsDirectory="852c92be-9075-43b6-95e5-3a2f13b06ca3">
      <Output>
        <StdOut>SCENARIO: CandidateFilterRatingFrom10&#xD;
  STEP 1/7: GIVEN Given a company...&#xD;
  STEP 1/7: GIVEN Given a company (Passed after 151ms)&#xD;
  STEP 2/7: AND Given a vacancy...&#xD;
  STEP 2/7: AND Given a vacancy (Passed after 129ms)&#xD;
  STEP 3/7: AND Given a candidates from rating [totalScore1: "5"] [totalScore2: "10"]...&#xD;
  STEP 3/7: AND Given a candidates from rating [totalScore1: "5"] [totalScore2: "10"] (Passed after 219ms)&#xD;
  STEP 4/7: AND Given a candidates from rating [totalScore1: "1"] [totalScore2: "5"]...&#xD;
  STEP 4/7: AND Given a candidates from rating [totalScore1: "1"] [totalScore2: "5"] (Passed after 7ms)&#xD;
  STEP 5/7: AND Given filter "Skillaz.Candidate.Contract.CampaignRatingFilter"...&#xD;
  STEP 5/7: AND Given filter "Skillaz.Candidate.Contract.CampaignRatingFilter" (Passed after 5ms)&#xD;
  STEP 6/7: WHEN When candidates requested using advanced filter...&#xD;
  STEP 6/7: WHEN When candidates requested using advanced filter (Passed after 7ms)&#xD;
  STEP 7/7: THEN Then one candidate...&#xD;
  STEP 7/7: THEN Then one candidate (Passed after &lt;1ms)&#xD;
  SCENARIO RESULT: Passed after 727ms</StdOut>
      </Output>
    </UnitTestResult>
    <UnitTestResult executionId="e4251af0-35f7-40bc-aa1e-c88a8b563ab1" testId="7cbc4c88-3824-7be2-f9e6-89ecb5e57bb6" testName="Skillaz.Tests.FileTypeGuesser.FileTypeCheckerTests.Check_filename_with_wrong_extension_fail_check" computerName="DESKTOP-F6SKA47" duration="00:00:00.0163689" startTime="2021-12-16T16:19:09.2163412+03:00" endTime="2021-12-16T16:19:09.2163434+03:00" testType="13cdc9d9-ddb5-4fa4-a97d-d965ccfc6d4b" outcome="Passed" testListId="8c84fa94-04c1-424b-9868-57a2d4851a1d" relativeResultsDirectory="e4251af0-35f7-40bc-aa1e-c88a8b563ab1">
      <Output>
        <StdOut>SCENARIO: Check filename with wrong extension fail check&#xD;
  STEP 1/1: CheckFile [filename: "mpeg-video-with-wrong-extension.png"] [isCorrect: "False"]...&#xD;
  STEP 1/1: CheckFile [filename: "mpeg-video-with-wrong-extension.png"] [isCorrect: "False"] (Passed after &lt;1ms)&#xD;
  SCENARIO RESULT: Passed after 9ms</StdOut>
      </Output>
    </UnitTestResult>
    <UnitTestResult executionId="3f0c71f4-81ff-47a5-9904-113d08a5ec1d" testId="93e603d2-4224-97cb-0c40-2b2210c21378" testName="Skillaz.Tests.Candidate.Checks.CheckFromConfigurator_feature.Auto_start_check_with_multi_tag_candidate_and_any_tag_include" computerName="DESKTOP-F6SKA47" duration="00:00:06.5293574" startTime="2021-12-16T16:24:18.1060553+03:00" endTime="2021-12-16T16:24:18.1060573+03:00" testType="13cdc9d9-ddb5-4fa4-a97d-d965ccfc6d4b" outcome="Passed" testListId="8c84fa94-04c1-424b-9868-57a2d4851a1d" relativeResultsDirectory="3f0c71f4-81ff-47a5-9904-113d08a5ec1d">
      <Output>
        <StdOut>SCENARIO: Auto start check with multi tag candidate and any tag include&#xD;
  STEP 1/9: GIVEN a company...&#xD;
  STEP 1/9: GIVEN a company (Passed after 751ms)&#xD;
  STEP 2/9: AND the authenticated user...&#xD;
  STEP 2/9: AND the authenticated user (Passed after 975ms)&#xD;
  STEP 3/9: AND the vacancy in the company [funnelId: "FunnelId"]...&#xD;
  STEP 3/9: AND the vacancy in the company [funnelId: "FunnelId"] (Passed after 256ms)&#xD;
  STEP 4/9: AND the candidate with tags "NewCandidateTag, ExcluderTag"...&#xD;
  STEP 4/9: AND the candidate with tags "NewCandidateTag, ExcluderTag" (Passed after 162ms)&#xD;
  STEP 5/9: AND the configuration check...&#xD;
  STEP 5/9: AND the configuration check (Passed after 165ms)&#xD;
  STEP 6/9: AND the additional conditions [withTags: "NewCandidateTag, TestTag, MultiTag"] [withoutTags: "&lt;null&gt;"]...&#xD;
  STEP 6/9: AND the additional conditions [withTags: "NewCandidateTag, TestTag, MultiTag"] [withoutTags: "&lt;null&gt;"] (Passed after &lt;1ms)&#xD;
  STEP 7/9: AND the configuration funnel...&#xD;
  STEP 7/9: AND the configuration funnel (Passed after 27ms)&#xD;
  STEP 8/9: WHEN switch candidate to start check...&#xD;
  STEP 8/9: WHEN switch candidate to start check (Passed after 3s 950ms)&#xD;
  STEP 9/9: THEN check must exist in candidate...&#xD;
  STEP 9/9: THEN check must exist in candidate (Passed after 1ms)&#xD;
  SCENARIO RESULT: Passed after 6s 375ms</StdOut>
      </Output>
    </UnitTestResult>
    <UnitTestResult executionId="b3aba5a3-3155-4b24-a4be-fde3d350ba0e" testId="c944041e-9e7e-f828-b1be-888e45cf920c" testName="Skillaz.Tests.HH.HHApiClient_feature.HH_API_client_fails_to_create_when_requested_with_missing_xManager" computerName="DESKTOP-F6SKA47" duration="00:00:07.5115422" startTime="2021-12-16T16:23:09.3598361+03:00" endTime="2021-12-16T16:23:09.3598380+03:00" testType="13cdc9d9-ddb5-4fa4-a97d-d965ccfc6d4b" outcome="Passed" testListId="8c84fa94-04c1-424b-9868-57a2d4851a1d" relativeResultsDirectory="b3aba5a3-3155-4b24-a4be-fde3d350ba0e">
      <Output>
        <StdOut>SCENARIO: HH API client fails to create when requested with missing xManager&#xD;
  STEP 1/5: GIVEN a company with allowed employers...&#xD;
  STEP 1/5: GIVEN a company with allowed employers (Passed after 1s 227ms)&#xD;
  STEP 2/5: AND the authenticated user...&#xD;
  STEP 2/5: AND the authenticated user (Passed after 1s 902ms)&#xD;
  STEP 3/5: AND valid hh account...&#xD;
  STEP 3/5: AND valid hh account (Passed after 551ms)&#xD;
  STEP 4/5: WHEN api client with xManager account is requested...&#xD;
  STEP 4/5: WHEN api client with xManager account is requested (Passed after 203ms)&#xD;
  STEP 5/5: THEN api client fails to create with business exception...&#xD;
  STEP 5/5: THEN api client fails to create with business exception (Passed after &lt;1ms)&#xD;
  SCENARIO RESULT: Passed after 3s 890ms</StdOut>
      </Output>
    </UnitTestResult>
    <UnitTestResult executionId="dfc106ce-1397-4a58-a497-8bf800427928" testId="47f370d8-216c-a4ab-3f40-f9380f0d3c93" testName="Skillaz.Tests.Helpers.WorkingDaysHelperFeature.FindProductionDates(dateStrings: [&quot;2020-02-01&quot;, &quot;2020-02-02&quot;, &quot;2020-02-15&quot;, &quot;2020-02-16&quot;, &quot;2020-02-03&quot;, ...])" computerName="DESKTOP-F6SKA47" duration="00:00:00.0988860" startTime="2021-12-16T16:16:29.3958491+03:00" endTime="2021-12-16T16:16:29.3958501+03:00" testType="13cdc9d9-ddb5-4fa4-a97d-d965ccfc6d4b" outcome="Passed" testListId="8c84fa94-04c1-424b-9868-57a2d4851a1d" relativeResultsDirectory="dfc106ce-1397-4a58-a497-8bf800427928" />
    <UnitTestResult executionId="d8c3b2f1-c56b-4580-911b-c7f5b23b86fb" testId="4a611efe-04cb-a080-a986-13bbfd5d2926" testName="Skillaz.Tests.CompanySpecific.X5.X5OpenApiHireNeedUpdate_feature.HireNeed_profile_should_not_be_set_on_update" computerName="DESKTOP-F6SKA47" duration="00:00:13.5910147" startTime="2021-12-16T16:26:27.4595365+03:00" endTime="2021-12-16T16:26:27.4595442+03:00" testType="13cdc9d9-ddb5-4fa4-a97d-d965ccfc6d4b" outcome="Passed" testListId="8c84fa94-04c1-424b-9868-57a2d4851a1d" relativeResultsDirectory="d8c3b2f1-c56b-4580-911b-c7f5b23b86fb">
      <Output>
        <StdOut>SCENARIO: HireNeed profile should not be set on update&#xD;
  STEP 1/7: GIVEN a company [companyId: "x5Company"]...&#xD;
  STEP 1/7: GIVEN a company [companyId: "x5Company"] (Passed after 74ms)&#xD;
  STEP 2/7: AND the authenticated api user...&#xD;
  STEP 2/7: AND the authenticated api user (Passed after 402ms)&#xD;
  STEP 3/7: AND Given OrgUnit [orgUnitDocument: "Skillaz.Candidate.Contract.OrgUnit.OrgUnitDocument"]...&#xD;
  STEP 3/7: AND Given OrgUnit [orgUnitDocument: "Skillaz.Candidate.Contract.OrgUnit.OrgUnitDocument"] (Passed after 103ms)&#xD;
  STEP 4/7: AND Given CandidateProfile...&#xD;
  STEP 4/7: AND Given CandidateProfile (Passed after 199ms)&#xD;
  STEP 5/7: WHEN When OpenApi HireNeedCreate Request is processed...&#xD;
  STEP 5/7: WHEN When OpenApi HireNeedCreate Request is processed (Passed after 8s 942ms)&#xD;
  STEP 6/7: AND When OpenApi HireNeedUpdate Request is processed...&#xD;
  STEP 6/7: AND When OpenApi HireNeedUpdate Request is processed (Passed after 1s 541ms)&#xD;
  STEP 7/7: THEN Then HireNee Profile Should not be changed...&#xD;
  STEP 7/7: THEN Then HireNee Profile Should not be changed (Passed after 163ms)&#xD;
  SCENARIO RESULT: Passed after 11s 450ms</StdOut>
      </Output>
    </UnitTestResult>
    <UnitTestResult executionId="db2dace3-45d8-4da9-8b3f-72acb3436f44" testId="6118893f-d51a-0332-41e0-93c0ca3bfa39" testName="Skillaz.Tests.Assessment.Questionnaires.AddressQuestionnaire_feature.Updating_a_questionnaire" computerName="DESKTOP-F6SKA47" duration="00:00:02.2694848" startTime="2021-12-16T16:25:44.0420945+03:00" endTime="2021-12-16T16:25:44.0420983+03:00" testType="13cdc9d9-ddb5-4fa4-a97d-d965ccfc6d4b" outcome="Passed" testListId="8c84fa94-04c1-424b-9868-57a2d4851a1d" relativeResultsDirectory="db2dace3-45d8-4da9-8b3f-72acb3436f44">
      <Output>
        <StdOut>SCENARIO: Updating a questionnaire&#xD;
  STEP 1/5: GIVEN a company...&#xD;
  STEP 1/5: GIVEN a company (Passed after 185ms)&#xD;
  STEP 2/5: AND the authenticated user...&#xD;
  STEP 2/5: AND the authenticated user (Passed after 180ms)&#xD;
  STEP 3/5: AND the questionnaire...&#xD;
  STEP 3/5: AND the questionnaire (Passed after 135ms)&#xD;
  STEP 4/5: WHEN questionnaire is updated...&#xD;
  STEP 4/5: WHEN questionnaire is updated (Passed after 743ms)&#xD;
  STEP 5/5: Questionnaire should be updated...&#xD;
  STEP 5/5: Questionnaire should be updated (Passed after 247ms)&#xD;
  SCENARIO RESULT: Passed after 1s 573ms</StdOut>
      </Output>
    </UnitTestResult>
    <UnitTestResult executionId="f0751645-6e13-4dc5-b5ca-abe482f96ff8" testId="019b787c-88b2-9680-3a7b-9251d2235f77" testName="Skillaz.Tests.CompanySpecific.X5.Naumen.NaumenSlaTests.Sla_calculates_correctly_for_next_day(candidateTimeZone: 7, sla: 02:00:00, startDate: 2019-12-31T15:00:00.0000000Z, truth: [NaumenTimeRange { From = &quot;2020-01-01 07:00:00&quot;, To = &quot;2020-01-01 09:00:00&quot; }])" computerName="DESKTOP-F6SKA47" duration="00:00:00.0000317" startTime="2021-12-16T16:16:29.2814349+03:00" endTime="2021-12-16T16:16:29.2814356+03:00" testType="13cdc9d9-ddb5-4fa4-a97d-d965ccfc6d4b" outcome="Passed" testListId="8c84fa94-04c1-424b-9868-57a2d4851a1d" relativeResultsDirectory="f0751645-6e13-4dc5-b5ca-abe482f96ff8" />
    <UnitTestResult executionId="8b1349ca-a411-46df-b03e-f3f656f5310e" testId="befe8594-cd87-902f-e31e-342e7af14f28" testName="Skillaz.Tests.HH.HHApiClient_feature.HH_API_client_fails_to_create_when_password_is_invalidated_during_refresh" computerName="DESKTOP-F6SKA47" duration="00:00:11.0066540" startTime="2021-12-16T16:23:05.0622359+03:00" endTime="2021-12-16T16:23:05.0622448+03:00" testType="13cdc9d9-ddb5-4fa4-a97d-d965ccfc6d4b" outcome="Passed" testListId="8c84fa94-04c1-424b-9868-57a2d4851a1d" relativeResultsDirectory="8b1349ca-a411-46df-b03e-f3f656f5310e">
      <Output>
        <StdOut>SCENARIO: HH API client fails to create when password is invalidated during refresh&#xD;
  STEP 1/7: GIVEN a company with allowed employers...&#xD;
  STEP 1/7: GIVEN a company with allowed employers (Passed after 347ms)&#xD;
  STEP 2/7: AND the authenticated user...&#xD;
  STEP 2/7: AND the authenticated user (Passed after 609ms)&#xD;
  STEP 3/7: AND expired hh account with token and invalidated password...&#xD;
  STEP 3/7: AND expired hh account with token and invalidated password (Passed after 405ms)&#xD;
  STEP 4/7: WHEN api client is requested...&#xD;
  STEP 4/7: WHEN api client is requested (Passed after 6s 421ms)&#xD;
  STEP 5/7: THEN api client fails to create with business exception...&#xD;
  STEP 5/7: THEN api client fails to create with business exception (Passed after &lt;1ms)&#xD;
  STEP 6/7: AND account should be marked as password invalidated...&#xD;
  STEP 6/7: AND account should be marked as password invalidated (Passed after &lt;1ms)&#xD;
  STEP 7/7: AND token should not present in account...&#xD;
  STEP 7/7: AND token should not present in account (Passed after &lt;1ms)&#xD;
  SCENARIO RESULT: Passed after 7s 790ms</StdOut>
      </Output>
    </UnitTestResult>
    <UnitTestResult executionId="5b653c42-3b0d-4522-a463-9096435fbf98" testId="546d0fd4-90ca-7bf9-9e6d-2f6de9f9da9c" testName="Skillaz.Tests.Configurator.SecurityProfile.ConfiguratorSecurityProfileOrgUnit_feature.Org_unit_without_hierarchy_available_for_user" computerName="DESKTOP-F6SKA47" duration="00:00:16.9921744" startTime="2021-12-16T16:26:06.3890523+03:00" endTime="2021-12-16T16:26:06.3890540+03:00" testType="13cdc9d9-ddb5-4fa4-a97d-d965ccfc6d4b" outcome="Passed" testListId="8c84fa94-04c1-424b-9868-57a2d4851a1d" relativeResultsDirectory="5b653c42-3b0d-4522-a463-9096435fbf98">
      <Output>
        <StdOut>SCENARIO: Org unit without hierarchy available for user&#xD;
  STEP 1/8: GIVEN a company...&#xD;
  STEP 1/8: GIVEN a company (Passed after 199ms)&#xD;
  STEP 2/8: AND the user with security profile [securityProfile: "ResponsibleSecurityProfileWithoutHierarchy"]...&#xD;
  STEP 2/8: AND the user with security profile [securityProfile: "ResponsibleSecurityProfileWithoutHierarchy"] (Passed after 548ms)&#xD;
  STEP 3/8: AND the configuration security profile [code: "ResponsibleSecurityProfileWithoutHierarchy"]...&#xD;
  STEP 3/8: AND the configuration security profile [code: "ResponsibleSecurityProfileWithoutHierarchy"] (Passed after 182ms)&#xD;
  STEP 4/8: AND the parent org unit with responsible current user [isResponsibleCurrentUser: "True"]...&#xD;
  STEP 4/8: AND the parent org unit with responsible current user [isResponsibleCurrentUser: "True"] (Passed after 177ms)&#xD;
  STEP 5/8: AND the org unit config...&#xD;
  STEP 5/8: AND the org unit config (Passed after 703ms)&#xD;
  STEP 6/8: AND the children org units [parentOrgUnit: "Skillaz.Candidate.Contract.OrgUnit.OrgUnitDocument"] [orgUnitCount: "3"]...&#xD;
  STEP 6/8: AND the children org units [parentOrgUnit: "Skillaz.Candidate.Contract.OrgUnit.OrgUnitDocument"] [orgUnitCount: "3"] (Passed after 101ms)&#xD;
  STEP 7/8: WHEN load org units for list...&#xD;
  STEP 7/8: WHEN load org units for list (Passed after 14s 336ms)&#xD;
  STEP 8/8: THEN org units to view from array [viewedIds: "61bb3e5e7f10d6937478ea0c"]...&#xD;
  STEP 8/8: THEN org units to view from array [viewedIds: "61bb3e5e7f10d6937478ea0c"] (Passed after 55ms)&#xD;
  SCENARIO RESULT: Passed after 16s 319ms</StdOut>
      </Output>
    </UnitTestResult>
    <UnitTestResult executionId="09709816-9485-4e2b-a930-b54ec391a8d0" testId="a77e6175-1d0b-a021-09a0-4e96e05a9842" testName="Skillaz.Tests.Candidate.DashboardReports.DashboardReport_feature.FunnelReport_update" computerName="DESKTOP-F6SKA47" duration="00:00:06.0331661" startTime="2021-12-16T16:24:12.5306152+03:00" endTime="2021-12-16T16:24:12.5306428+03:00" testType="13cdc9d9-ddb5-4fa4-a97d-d965ccfc6d4b" outcome="Passed" testListId="8c84fa94-04c1-424b-9868-57a2d4851a1d" relativeResultsDirectory="09709816-9485-4e2b-a930-b54ec391a8d0">
      <Output>
        <StdOut>SCENARIO: FunnelReport update&#xD;
  STEP 1/5: GIVEN a company...&#xD;
  STEP 1/5: GIVEN a company (Passed after 324ms)&#xD;
  STEP 2/5: AND the authenticated user...&#xD;
  STEP 2/5: AND the authenticated user (Passed after 1s 079ms)&#xD;
  STEP 3/5: AND funnel report...&#xD;
  STEP 3/5: AND funnel report (Passed after 1s 162ms)&#xD;
  STEP 4/5: WHEN report has been updated...&#xD;
  STEP 4/5: WHEN report has been updated (Passed after 100ms)&#xD;
  STEP 5/5: THEN report should be updated...&#xD;
  STEP 5/5: THEN report should be updated (Passed after 2s 406ms)&#xD;
  SCENARIO RESULT: Passed after 5s 078ms</StdOut>
      </Output>
    </UnitTestResult>
    <UnitTestResult executionId="3876d5bb-0b7b-44c1-b66d-050298fef171" testId="4cd6f786-e79c-6622-e976-c426e8837a31" testName="Skillaz.Tests.Assessment.Questionnaires.SimulationQuestionnaire_feature.Getting_a_questionnaire" computerName="DESKTOP-F6SKA47" duration="00:00:04.0835443" startTime="2021-12-16T16:27:17.7002803+03:00" endTime="2021-12-16T16:27:17.7002896+03:00" testType="13cdc9d9-ddb5-4fa4-a97d-d965ccfc6d4b" outcome="Passed" testListId="8c84fa94-04c1-424b-9868-57a2d4851a1d" relativeResultsDirectory="3876d5bb-0b7b-44c1-b66d-050298fef171">
      <Output>
        <StdOut>SCENARIO: Getting a questionnaire&#xD;
  STEP 1/5: GIVEN a company...&#xD;
  STEP 1/5: GIVEN a company (Passed after 151ms)&#xD;
  STEP 2/5: AND the authenticated user...&#xD;
  STEP 2/5: AND the authenticated user (Passed after 1s 658ms)&#xD;
  STEP 3/5: AND the questionnaire...&#xD;
  STEP 3/5: AND the questionnaire (Passed after 641ms)&#xD;
  STEP 4/5: WHEN questionnaire is requested...&#xD;
  STEP 4/5: WHEN questionnaire is requested (Passed after 75ms)&#xD;
  STEP 5/5: Questionnaire should be retrieved...&#xD;
  STEP 5/5: Questionnaire should be retrieved (Passed after 1ms)&#xD;
  SCENARIO RESULT: Passed after 2s 531ms</StdOut>
      </Output>
    </UnitTestResult>
    <UnitTestResult executionId="d2cb0fe5-625e-45f8-924e-1dd612161e11" testId="0356ff7d-20bc-1b7c-8eac-59f41149aae9" testName="Skillaz.Tests.Candidate.Users.CandidateAttachRequest_feature.Check_candidate_reattach_to_request" computerName="DESKTOP-F6SKA47" duration="00:00:15.0983675" startTime="2021-12-16T16:25:30.0994289+03:00" endTime="2021-12-16T16:25:30.0994305+03:00" testType="13cdc9d9-ddb5-4fa4-a97d-d965ccfc6d4b" outcome="Passed" testListId="8c84fa94-04c1-424b-9868-57a2d4851a1d" relativeResultsDirectory="d2cb0fe5-625e-45f8-924e-1dd612161e11">
      <Output>
        <StdOut>SCENARIO: Check candidate reattach to request&#xD;
  STEP 1/10: GIVEN an enterprise company...&#xD;
  STEP 1/10: GIVEN an enterprise company (Passed after 617ms)&#xD;
  STEP 2/10: AND the authenticated user...&#xD;
  STEP 2/10: AND the authenticated user (Passed after 5s 203ms)&#xD;
  STEP 3/10: AND the vacancy in the company...&#xD;
  STEP 3/10: AND the vacancy in the company (Passed after 2s 715ms)&#xD;
  STEP 4/10: AND the first request in the company...&#xD;
  STEP 4/10: AND the first request in the company (Passed after 391ms)&#xD;
  STEP 5/10: AND the second request in the company...&#xD;
  STEP 5/10: AND the second request in the company (Passed after 117ms)&#xD;
  STEP 6/10: AND the candidate in the company and vacancy...&#xD;
  STEP 6/10: AND the candidate in the company and vacancy (Passed after 1s 603ms)&#xD;
  STEP 7/10: WHEN candidate attach to request...&#xD;
  STEP 7/10: WHEN candidate attach to request (Passed after 3s 719ms)&#xD;
  STEP 8/10: AND candidate reattach to request...&#xD;
  STEP 8/10: AND candidate reattach to request (Passed after 490ms)&#xD;
  STEP 9/10: THEN candidate not exists by first request...&#xD;
  STEP 9/10: THEN candidate not exists by first request (Passed after 21ms)&#xD;
  STEP 10/10: AND candidate exists by second request...&#xD;
  STEP 10/10: AND candidate exists by second request (Passed after 69ms)&#xD;
  SCENARIO RESULT: Passed after 14s 964ms</StdOut>
      </Output>
    </UnitTestResult>
    <UnitTestResult executionId="04ada280-1b19-4092-a3ae-cb1b2ff756a4" testId="d422e736-cd57-175d-bf04-410fc669ad85" testName="Skillaz.Tests.OpenApi.CheckApi.CreateCheck_feature.Check_candidate_created" computerName="DESKTOP-F6SKA47" duration="00:00:17.1269056" startTime="2021-12-16T16:29:23.5651421+03:00" endTime="2021-12-16T16:29:23.5651488+03:00" testType="13cdc9d9-ddb5-4fa4-a97d-d965ccfc6d4b" outcome="Passed" testListId="8c84fa94-04c1-424b-9868-57a2d4851a1d" relativeResultsDirectory="04ada280-1b19-4092-a3ae-cb1b2ff756a4">
      <Output>
        <StdOut>SCENARIO: Check candidate created&#xD;
  STEP 1/9: GIVEN a company...&#xD;
  STEP 1/9: GIVEN a company (Passed after 558ms)&#xD;
  STEP 2/9: AND the authenticated user...&#xD;
  STEP 2/9: AND the authenticated user (Passed after 1s 586ms)&#xD;
  STEP 3/9: AND the vacancy in the company...&#xD;
  STEP 3/9: AND the vacancy in the company (Passed after 876ms)&#xD;
  STEP 4/9: AND client configuration with check workflow and model...&#xD;
  STEP 4/9: AND client configuration with check workflow and model (Passed after 5s 720ms)&#xD;
  STEP 5/9: AND a candidate...&#xD;
  STEP 5/9: AND a candidate (Passed after 1s 143ms)&#xD;
  STEP 6/9: AND funnel with check configuration...&#xD;
  STEP 6/9: AND funnel with check configuration (Passed after 223ms)&#xD;
  STEP 7/9: WHEN check create...&#xD;
  STEP 7/9: WHEN check create (Passed after 4s 741ms)&#xD;
  STEP 8/9: THEN candidate contains check...&#xD;
  STEP 8/9: THEN candidate contains check (Passed after 664ms)&#xD;
  STEP 9/9: AND contains check in db...&#xD;
  STEP 9/9: AND contains check in db (Passed after 489ms)&#xD;
  SCENARIO RESULT: Passed after 16s 051ms</StdOut>
      </Output>
    </UnitTestResult>
    <UnitTestResult executionId="028f0eeb-68fb-4b39-80b4-1797a32befa2" testId="3608dc75-2aec-5018-0411-93babe908ac0" testName="Skillaz.Tests.CompanySpecific.Mvideo.MvideoChangePositionCountOrgUnit_feature.Set_hire_needs_approved_count_then_same_vacancy_should_be_not_archived" computerName="DESKTOP-F6SKA47" duration="00:00:00.0010000" startTime="2021-12-16T16:19:35.9341321+03:00" endTime="2021-12-16T16:19:35.9341374+03:00" testType="13cdc9d9-ddb5-4fa4-a97d-d965ccfc6d4b" outcome="NotExecuted" testListId="8c84fa94-04c1-424b-9868-57a2d4851a1d" relativeResultsDirectory="028f0eeb-68fb-4b39-80b4-1797a32befa2">
      <Output>
        <StdOut>Не актуально, заявка в кфг</StdOut>
      </Output>
    </UnitTestResult>
    <UnitTestResult executionId="83879720-ae33-47ff-863b-5afad509076f" testId="df4795f1-fe1a-385f-114d-0fd74fd27125" testName="Skillaz.Tests.CompanySpecific.GazpromNeft.GazpromImportBlueReport_feature.Check_one_line_request_and_vacancy_fields_are_correctly" computerName="DESKTOP-F6SKA47" duration="00:01:07.3833842" startTime="2021-12-16T16:28:52.9146778+03:00" endTime="2021-12-16T16:28:52.9146797+03:00" testType="13cdc9d9-ddb5-4fa4-a97d-d965ccfc6d4b" outcome="Passed" testListId="8c84fa94-04c1-424b-9868-57a2d4851a1d" relativeResultsDirectory="83879720-ae33-47ff-863b-5afad509076f">
      <Output>
        <StdOut>SCENARIO: Check one line request and vacancy fields are correctly&#xD;
  STEP 1/7: GIVEN a company [companyId: "kdaigswiuJNh8Tvsp"]...&#xD;
  STEP 1/7: GIVEN a company [companyId: "kdaigswiuJNh8Tvsp"] (Passed after 212ms)&#xD;
  STEP 2/7: AND the authenticated user...&#xD;
  STEP 2/7: AND the authenticated user (Passed after 620ms)&#xD;
  STEP 3/7: AND the upload rows [staffUnitNum: "1211"] [clusterName: "АО "Газпромнефть-Урал""] [azsName: "АЗС № 152"] [requestCount: "1"]...&#xD;
  STEP 3/7: AND the upload rows [staffUnitNum: "1211"] [clusterName: "АО "Газпромнефть-Урал""] [azsName: "АЗС № 152"] [requestCount: "1"] (Passed after 3s 074ms)&#xD;
  STEP 4/7: AND the prepare xlsx file...&#xD;
  STEP 4/7: AND the prepare xlsx file (Passed after 8s 411ms)&#xD;
  STEP 5/7: WHEN upload xlsx file...&#xD;
  STEP 5/7: WHEN upload xlsx file (Passed after 47s 883ms)&#xD;
  STEP 6/7: Ensure correctly fields are vacancy [modelTest: "Skillaz.Tests.CompanySpecific.GazpromNeft.GazpromImportBlueReport_feature+GazpromBlueReportModelTest"]...&#xD;
  STEP 6/7: Ensure correctly fields are vacancy [modelTest: "Skillaz.Tests.CompanySpecific.GazpromNeft.GazpromImportBlueReport_feature+GazpromBlueReportModelTest"] (Passed after 1s 912ms)&#xD;
  STEP 7/7: Ensure correctly fields are request [modelTest: "Skillaz.Tests.CompanySpecific.GazpromNeft.GazpromImportBlueReport_feature+GazpromBlueReportModelTest"]...&#xD;
  STEP 7/7: Ensure correctly fields are request [modelTest: "Skillaz.Tests.CompanySpecific.GazpromNeft.GazpromImportBlueReport_feature+GazpromBlueReportModelTest"] (Passed after 157ms)&#xD;
  SCENARIO RESULT: Passed after 1m 02s</StdOut>
      </Output>
    </UnitTestResult>
    <UnitTestResult executionId="5daae2a0-4d66-4dce-9498-c2ceb1109df2" testId="5972ace4-c610-696b-3f6c-b1f8d3a735e8" testName="Skillaz.Tests.Mvideo.Commands.MvideoBatchUpdateRequestCommand_feature.PrepareBatchUpdateRequest_checking_should_remove_orgitem_for_mediamarketsection" computerName="DESKTOP-F6SKA47" duration="00:00:03.2160745" startTime="2021-12-16T16:17:37.8609601+03:00" endTime="2021-12-16T16:17:37.8609650+03:00" testType="13cdc9d9-ddb5-4fa4-a97d-d965ccfc6d4b" outcome="Passed" testListId="8c84fa94-04c1-424b-9868-57a2d4851a1d" relativeResultsDirectory="5daae2a0-4d66-4dce-9498-c2ceb1109df2">
      <Output>
        <StdOut>SCENARIO: PrepareBatchUpdateRequest checking should remove orgitem for mediamarketsection&#xD;
  STEP 1/6: GIVEN Given a company...&#xD;
  STEP 1/6: GIVEN Given a company (Passed after 83ms)&#xD;
  STEP 2/6: AND Given authenticated user with not access skillaz role name...&#xD;
  STEP 2/6: AND Given authenticated user with not access skillaz role name (Passed after 358ms)&#xD;
  STEP 3/6: AND Given BatchUpdateRequestOpenApiDto...&#xD;
  STEP 3/6: AND Given BatchUpdateRequestOpenApiDto (Passed after 38ms)&#xD;
  STEP 4/6: BEFORE Before batchUpdateRequest has orgitem with mediamarkets section...&#xD;
  STEP 4/6: BEFORE Before batchUpdateRequest has orgitem with mediamarkets section (Passed after 32ms)&#xD;
  STEP 5/6: WHEN When PrepareBatchUpdateRequest...&#xD;
  STEP 5/6: WHEN When PrepareBatchUpdateRequest (Passed after 2s 347ms)&#xD;
  STEP 6/6: THEN Then batchUpdateRequest does not has orgitem with mediamarkets section...&#xD;
  STEP 6/6: THEN Then batchUpdateRequest does not has orgitem with mediamarkets section (Passed after 2ms)&#xD;
  SCENARIO RESULT: Passed after 2s 914ms</StdOut>
      </Output>
    </UnitTestResult>
    <UnitTestResult executionId="1c446ca6-945f-4aac-8e13-5b3f907b124e" testId="a10a62b4-286f-b7bc-b640-0eddd573bfc2" testName="Skillaz.Tests.OrgUnit.OrgUnitHierarchy_feature.Change_org_unit_children_to_children_hierarchy" computerName="DESKTOP-F6SKA47" duration="00:00:06.8601077" startTime="2021-12-16T16:25:12.9048424+03:00" endTime="2021-12-16T16:25:12.9048449+03:00" testType="13cdc9d9-ddb5-4fa4-a97d-d965ccfc6d4b" outcome="Passed" testListId="8c84fa94-04c1-424b-9868-57a2d4851a1d" relativeResultsDirectory="1c446ca6-945f-4aac-8e13-5b3f907b124e">
      <Output>
        <StdOut>SCENARIO: Change org unit children to children hierarchy&#xD;
  STEP 1/13: GIVEN a company...&#xD;
  STEP 1/13: GIVEN a company (Passed after 263ms)&#xD;
  STEP 2/13: AND the authenticated user...&#xD;
  STEP 2/13: AND the authenticated user (Passed after 428ms)&#xD;
  STEP 3/13: AND the client configuration...&#xD;
  STEP 3/13: AND the client configuration (Passed after 256ms)&#xD;
  STEP 4/13: AND the org units [orgUnitIndex: "1"] [parentOrgUnitIndexes: ""]...&#xD;
  STEP 4/13: AND the org units [orgUnitIndex: "1"] [parentOrgUnitIndexes: ""] (Passed after 297ms)&#xD;
  STEP 5/13: AND the org units [orgUnitIndex: "2, 3"] [parentOrgUnitIndexes: "1"]...&#xD;
  STEP 5/13: AND the org units [orgUnitIndex: "2, 3"] [parentOrgUnitIndexes: "1"] (Passed after 2ms)&#xD;
  STEP 6/13: AND the org units [orgUnitIndex: "4, 5"] [parentOrgUnitIndexes: "3"]...&#xD;
  STEP 6/13: AND the org units [orgUnitIndex: "4, 5"] [parentOrgUnitIndexes: "3"] (Passed after 8ms)&#xD;
  STEP 7/13: WHEN update parent field org unit [orgUnitIndex: "3"] [newParentIndex: "2"]...&#xD;
  STEP 7/13: WHEN update parent field org unit [orgUnitIndex: "3"] [newParentIndex: "2"] (Passed after 3s 972ms)&#xD;
  STEP 8/13: THEN parentIds in org unit [orgUnitIndex: "3"] [parentIndexes: "1, 2"]...&#xD;
  STEP 8/13: THEN parentIds in org unit [orgUnitIndex: "3"] [parentIndexes: "1, 2"] (Passed after 7ms)&#xD;
  STEP 9/13: AND parentIds in org unit [orgUnitIndex: "4"] [parentIndexes: "1, 2, 3"]...&#xD;
  STEP 9/13: AND parentIds in org unit [orgUnitIndex: "4"] [parentIndexes: "1, 2, 3"] (Passed after 9ms)&#xD;
  STEP 10/13: AND parentIds in org unit [orgUnitIndex: "5"] [parentIndexes: "1, 2, 3"]...&#xD;
  STEP 10/13: AND parentIds in org unit [orgUnitIndex: "5"] [parentIndexes: "1, 2, 3"] (Passed after 6ms)&#xD;
  STEP 11/13: AND hierarchy path correct [orgUnitIndex: "3"] [parentIndexes: "1, 2"]...&#xD;
  STEP 11/13: AND hierarchy path correct [orgUnitIndex: "3"] [parentIndexes: "1, 2"] (Passed after 13ms)&#xD;
  STEP 12/13: AND hierarchy path correct [orgUnitIndex: "4"] [parentIndexes: "1, 2, 3"]...&#xD;
  STEP 12/13: AND hierarchy path correct [orgUnitIndex: "4"] [parentIndexes: "1, 2, 3"] (Passed after 19ms)&#xD;
  STEP 13/13: AND hierarchy path correct [orgUnitIndex: "5"] [parentIndexes: "1, 2, 3"]...&#xD;
  STEP 13/13: AND hierarchy path correct [orgUnitIndex: "5"] [parentIndexes: "1, 2, 3"] (Passed after 116ms)&#xD;
  SCENARIO RESULT: Passed after 5s 470ms</StdOut>
      </Output>
    </UnitTestResult>
    <UnitTestResult executionId="e5c76452-2c07-4af1-9980-ee9fe19cebec" testId="019b787c-88b2-9680-3a7b-9251d2235f77" testName="Skillaz.Tests.CompanySpecific.X5.Naumen.NaumenSlaTests.Sla_calculates_correctly_for_next_day(candidateTimeZone: 11, sla: 02:00:00, startDate: 2020-01-01T00:30:00.0000000Z, truth: [NaumenTimeRange { From = &quot;2020-01-01 07:00:00&quot;, To = &quot;2020-01-01 09:00:00&quot; }])" computerName="DESKTOP-F6SKA47" duration="00:00:00.0000645" startTime="2021-12-16T16:16:29.3628083+03:00" endTime="2021-12-16T16:16:29.3628092+03:00" testType="13cdc9d9-ddb5-4fa4-a97d-d965ccfc6d4b" outcome="Passed" testListId="8c84fa94-04c1-424b-9868-57a2d4851a1d" relativeResultsDirectory="e5c76452-2c07-4af1-9980-ee9fe19cebec" />
    <UnitTestResult executionId="192cbbab-689d-44ef-85da-23cc77bb9bac" testId="695a69c9-264c-d1c5-2032-535ef4bf39f9" testName="Skillaz.Tests.CompanySpecific.X5.Naumen.NaumenSlaTests.Sla_calculates_correctly_for_split_days(candidateTimeZone: 4, sla: 07:00:00, startDate: 2019-12-31T12:30:00.0000000Z, truth: [NaumenTimeRange { From = &quot;2019-12-31 15:30:00&quot;, To = &quot;2019-12-31 19:00:00&quot; }, NaumenTimeRange { From = &quot;2020-01-01 08:00:00&quot;, To = &quot;2020-01-01 11:30:00&quot; }])" computerName="DESKTOP-F6SKA47" duration="00:00:00.0000690" startTime="2021-12-16T16:16:28.9907078+03:00" endTime="2021-12-16T16:16:28.9907087+03:00" testType="13cdc9d9-ddb5-4fa4-a97d-d965ccfc6d4b" outcome="Passed" testListId="8c84fa94-04c1-424b-9868-57a2d4851a1d" relativeResultsDirectory="192cbbab-689d-44ef-85da-23cc77bb9bac" />
    <UnitTestResult executionId="8f77b85a-fa5b-414e-80ce-d741800397dc" testId="019b787c-88b2-9680-3a7b-9251d2235f77" testName="Skillaz.Tests.CompanySpecific.X5.Naumen.NaumenSlaTests.Sla_calculates_correctly_for_next_day(candidateTimeZone: 9, sla: 02:00:00, startDate: 2019-12-31T18:30:00.0000000Z, truth: [NaumenTimeRange { From = &quot;2020-01-01 07:00:00&quot;, To = &quot;2020-01-01 09:00:00&quot; }])" computerName="DESKTOP-F6SKA47" duration="00:00:00.0001366" startTime="2021-12-16T16:16:29.3184036+03:00" endTime="2021-12-16T16:16:29.3184063+03:00" testType="13cdc9d9-ddb5-4fa4-a97d-d965ccfc6d4b" outcome="Passed" testListId="8c84fa94-04c1-424b-9868-57a2d4851a1d" relativeResultsDirectory="8f77b85a-fa5b-414e-80ce-d741800397dc" />
    <UnitTestResult executionId="f2eaa1d8-ccb5-4104-af19-7526e4e97207" testId="78bd4e97-c3fc-3e83-7255-4d689bac0fc1" testName="Skillaz.Tests.Candidate.Elastic.CandidateElasticFiltration_feature.Retrieving_a_candidate_by_nonexistent_job_requisition_ids" computerName="DESKTOP-F6SKA47" duration="00:00:00.0010000" startTime="2021-12-16T16:24:40.1878133+03:00" endTime="2021-12-16T16:24:40.1878159+03:00" testType="13cdc9d9-ddb5-4fa4-a97d-d965ccfc6d4b" outcome="NotExecuted" testListId="8c84fa94-04c1-424b-9868-57a2d4851a1d" relativeResultsDirectory="f2eaa1d8-ccb5-4104-af19-7526e4e97207">
      <Output>
        <StdOut>You need Elasticsearch 7.5 local instance on 9200 port</StdOut>
      </Output>
    </UnitTestResult>
    <UnitTestResult executionId="24b920f0-5307-45a6-b20a-33909492da2f" testId="9351685c-db57-f66b-a830-54987a68fe96" testName="Для 1 и 2 числа перенос на 16 этого месяца, для 15 и 16 перенос на 2 следующего месяца(dateStrings: [&quot;2020-08-01&quot;, &quot;2020-08-02&quot;, &quot;2020-08-18&quot;])" computerName="DESKTOP-F6SKA47" duration="00:00:00.0000493" startTime="2021-12-16T16:16:29.5496056+03:00" endTime="2021-12-16T16:16:29.5496061+03:00" testType="13cdc9d9-ddb5-4fa4-a97d-d965ccfc6d4b" outcome="Passed" testListId="8c84fa94-04c1-424b-9868-57a2d4851a1d" relativeResultsDirectory="24b920f0-5307-45a6-b20a-33909492da2f" />
    <UnitTestResult executionId="70fe04a4-c42b-4972-b9f4-7074544c2100" testId="dda8bdab-8ec6-4d52-0391-ca207f63032e" testName="Skillaz.Tests.Users.UserDbOperations_feature.Check_to_add_user_access" computerName="DESKTOP-F6SKA47" duration="00:00:03.2302517" startTime="2021-12-16T16:23:05.4948829+03:00" endTime="2021-12-16T16:23:05.4948922+03:00" testType="13cdc9d9-ddb5-4fa4-a97d-d965ccfc6d4b" outcome="Passed" testListId="8c84fa94-04c1-424b-9868-57a2d4851a1d" relativeResultsDirectory="70fe04a4-c42b-4972-b9f4-7074544c2100">
      <Output>
        <StdOut>SCENARIO: Check to add user access&#xD;
  STEP 1/5: GIVEN a company...&#xD;
  STEP 1/5: GIVEN a company (Passed after 683ms)&#xD;
  STEP 2/5: AND fake the authenticated user...&#xD;
  STEP 2/5: AND fake the authenticated user (Passed after 19ms)&#xD;
  STEP 3/5: AND user without access...&#xD;
  STEP 3/5: AND user without access (Passed after 922ms)&#xD;
  STEP 4/5: WHEN user set access...&#xD;
  STEP 4/5: WHEN user set access (Passed after 158ms)&#xD;
  STEP 5/5: THEN ensure the user is found and access set to user...&#xD;
  STEP 5/5: THEN ensure the user is found and access set to user (Passed after 71ms)&#xD;
  SCENARIO RESULT: Passed after 1s 868ms</StdOut>
      </Output>
    </UnitTestResult>
    <UnitTestResult executionId="b5f62b98-0319-49b6-a4b5-f1c8e4c39e2c" testId="abac3658-679d-2d8f-e045-01a9b98f7725" testName="Skillaz.Tests.TaskTracker.TaskAction_feature.Ensure_that_candidate_switched_no_delay_by_additional_source" computerName="DESKTOP-F6SKA47" duration="00:00:12.9020037" startTime="2021-12-16T16:22:26.1887013+03:00" endTime="2021-12-16T16:22:26.1887017+03:00" testType="13cdc9d9-ddb5-4fa4-a97d-d965ccfc6d4b" outcome="Passed" testListId="8c84fa94-04c1-424b-9868-57a2d4851a1d" relativeResultsDirectory="b5f62b98-0319-49b6-a4b5-f1c8e4c39e2c">
      <Output>
        <StdOut>SCENARIO: Ensure that candidate switched no delay by additional source&#xD;
  STEP 1/9: GIVEN a company...&#xD;
  STEP 1/9: GIVEN a company (Passed after 254ms)&#xD;
  STEP 2/9: AND the authenticated user...&#xD;
  STEP 2/9: AND the authenticated user (Passed after 561ms)&#xD;
  STEP 3/9: AND the delay config when main source "Other" and status to approved [additionalSource: "10"]...&#xD;
  STEP 3/9: AND the delay config when main source "Other" and status to approved [additionalSource: "10"] (Passed after &lt;1ms)&#xD;
  STEP 4/9: AND the funnel and rules action for configuration...&#xD;
  STEP 4/9: AND the funnel and rules action for configuration (Passed after 268ms)&#xD;
  STEP 5/9: AND the vacancy in the company [funnelId: "61bb3d857f10d6937478ceea"]...&#xD;
  STEP 5/9: AND the vacancy in the company [funnelId: "61bb3d857f10d6937478ceea"] (Passed after 296ms)&#xD;
  STEP 6/9: AND a candidate with source "Other" [aditionalSources: "10"]...&#xD;
  STEP 6/9: AND a candidate with source "Other" [aditionalSources: "10"] (Passed after 153ms)&#xD;
  STEP 7/9: WHEN switch candidate to status [statusTo: "training"]...&#xD;
  STEP 7/9: WHEN switch candidate to status [statusTo: "training"] (Passed after 10s 408ms)&#xD;
  STEP 8/9: THEN candidate in status [statusId: "approved"]...&#xD;
  STEP 8/9: THEN candidate in status [statusId: "approved"] (Passed after 2ms)&#xD;
  STEP 9/9: AND is finished tasks...&#xD;
  STEP 9/9: AND is finished tasks (Passed after 1ms)&#xD;
  SCENARIO RESULT: Passed after 11s 962ms</StdOut>
      </Output>
    </UnitTestResult>
    <UnitTestResult executionId="fcb69580-1b14-4ad4-af0b-b7b08581c06c" testId="c09482a8-5198-3723-da64-f1fefde12383" testName="Skillaz.Tests.Helpers.UrlHelpersTests.NullQueryDoesNotGoesToQueryString" computerName="DESKTOP-F6SKA47" duration="00:00:00.1525519" startTime="2021-12-16T16:16:28.5541267+03:00" endTime="2021-12-16T16:16:28.5542286+03:00" testType="13cdc9d9-ddb5-4fa4-a97d-d965ccfc6d4b" outcome="Passed" testListId="8c84fa94-04c1-424b-9868-57a2d4851a1d" relativeResultsDirectory="fcb69580-1b14-4ad4-af0b-b7b08581c06c" />
    <UnitTestResult executionId="17d9790f-81e2-4f8a-a7d5-877bde62766e" testId="323625aa-395c-0104-2ec3-9c29477f6323" testName="Skillaz.Tests.Request.X5.X5GetRequestListCommand_feature.If_request_address_is_further_than_50_kms_from_candidate_it_should_not_exist_in_result" computerName="DESKTOP-F6SKA47" duration="00:00:10.5402681" startTime="2021-12-16T16:25:06.5120016+03:00" endTime="2021-12-16T16:25:06.5120049+03:00" testType="13cdc9d9-ddb5-4fa4-a97d-d965ccfc6d4b" outcome="Passed" testListId="8c84fa94-04c1-424b-9868-57a2d4851a1d" relativeResultsDirectory="17d9790f-81e2-4f8a-a7d5-877bde62766e">
      <Output>
        <StdOut>SCENARIO: If request address is further than 50 kms from candidate it should not exist in result&#xD;
  STEP 1/8: GIVEN a company [companyId: "61bb3e277f10d6937478e16c"]...&#xD;
  STEP 1/8: GIVEN a company [companyId: "61bb3e277f10d6937478e16c"] (Passed after 112ms)&#xD;
  STEP 2/8: AND the vacancy in the company...&#xD;
  STEP 2/8: AND the vacancy in the company (Passed after 118ms)&#xD;
  STEP 3/8: AND candidate "Skillaz.Candidate.Contract.Documents.Candidate.CandidateDocument"...&#xD;
  STEP 3/8: AND candidate "Skillaz.Candidate.Contract.Documents.Candidate.CandidateDocument" (Passed after 117ms)&#xD;
  STEP 4/8: AND request "Skillaz.Candidate.Contract.Request.RequestDocument"...&#xD;
  STEP 4/8: AND request "Skillaz.Candidate.Contract.Request.RequestDocument" (Passed after 128ms)&#xD;
  STEP 5/8: AND created indexes for requests...&#xD;
  STEP 5/8: AND created indexes for requests (Passed after 7s 956ms)&#xD;
  STEP 6/8: AND candidate profile [candidateProfileDocument: "Skillaz.Candidate.Contract.Documents.CandidateProfile.CandidateProfileDocument"]...&#xD;
  STEP 6/8: AND candidate profile [candidateProfileDocument: "Skillaz.Candidate.Contract.Documents.CandidateProfile.CandidateProfileDocument"] (Passed after 176ms)&#xD;
  STEP 7/8: WHEN getting available requests list...&#xD;
  STEP 7/8: WHEN getting available requests list (Passed after 94ms)&#xD;
  STEP 8/8: THEN result list is empty...&#xD;
  STEP 8/8: THEN result list is empty (Passed after &lt;1ms)&#xD;
  SCENARIO RESULT: Passed after 8s 719ms</StdOut>
      </Output>
    </UnitTestResult>
    <UnitTestResult executionId="eddd9ec5-f938-414a-96ba-8831f8dcf6ac" testId="2230d90e-f470-d984-ec1d-5f1e3df2e6dc" testName="Skillaz.Tests.RabotaNur.RabotaNurHtmlConverterTests.TestMethod(html: &quot;\r\n1\n2 \r\n\n&quot;, expected: &quot;1\n2&quot;)" computerName="DESKTOP-F6SKA47" duration="00:00:01.6990215" startTime="2021-12-16T16:16:31.4587617+03:00" endTime="2021-12-16T16:16:31.4587634+03:00" testType="13cdc9d9-ddb5-4fa4-a97d-d965ccfc6d4b" outcome="Passed" testListId="8c84fa94-04c1-424b-9868-57a2d4851a1d" relativeResultsDirectory="eddd9ec5-f938-414a-96ba-8831f8dcf6ac" />
    <UnitTestResult executionId="94425215-5bd0-48f7-a66b-5a5dc62a8d66" testId="019b787c-88b2-9680-3a7b-9251d2235f77" testName="Skillaz.Tests.CompanySpecific.X5.Naumen.NaumenSlaTests.Sla_calculates_correctly_for_next_day(candidateTimeZone: 2, sla: 02:00:00, startDate: 2020-01-01T04:00:00.0000000Z, truth: [NaumenTimeRange { From = &quot;2020-01-01 10:00:00&quot;, To = &quot;2020-01-01 12:00:00&quot; }])" computerName="DESKTOP-F6SKA47" duration="00:00:00.0000330" startTime="2021-12-16T16:16:29.0706417+03:00" endTime="2021-12-16T16:16:29.0706441+03:00" testType="13cdc9d9-ddb5-4fa4-a97d-d965ccfc6d4b" outcome="Passed" testListId="8c84fa94-04c1-424b-9868-57a2d4851a1d" relativeResultsDirectory="94425215-5bd0-48f7-a66b-5a5dc62a8d66" />
    <UnitTestResult executionId="67127e25-a0f8-4352-89dd-9b82cfb94700" testId="512ae6aa-563f-84c9-cb63-e39ddbc49f36" testName="Skillaz.Tests.Request.X5.X5GetRequestListCommand_feature.If_request_has_no_salary_from_result_name_should_not_contain_salary_from_part_at_all" computerName="DESKTOP-F6SKA47" duration="00:00:10.6553091" startTime="2021-12-16T16:25:11.3536130+03:00" endTime="2021-12-16T16:25:11.3536154+03:00" testType="13cdc9d9-ddb5-4fa4-a97d-d965ccfc6d4b" outcome="Passed" testListId="8c84fa94-04c1-424b-9868-57a2d4851a1d" relativeResultsDirectory="67127e25-a0f8-4352-89dd-9b82cfb94700">
      <Output>
        <StdOut>SCENARIO: If request has no salary from result name should not contain salary from part at all&#xD;
  STEP 1/8: GIVEN a company [companyId: "61bb3e2c7f10d6937478e1e4"]...&#xD;
  STEP 1/8: GIVEN a company [companyId: "61bb3e2c7f10d6937478e1e4"] (Passed after 98ms)&#xD;
  STEP 2/8: AND the vacancy in the company...&#xD;
  STEP 2/8: AND the vacancy in the company (Passed after 76ms)&#xD;
  STEP 3/8: AND candidate "Skillaz.Candidate.Contract.Documents.Candidate.CandidateDocument"...&#xD;
  STEP 3/8: AND candidate "Skillaz.Candidate.Contract.Documents.Candidate.CandidateDocument" (Passed after 84ms)&#xD;
  STEP 4/8: AND request "Skillaz.Candidate.Contract.Request.RequestDocument"...&#xD;
  STEP 4/8: AND request "Skillaz.Candidate.Contract.Request.RequestDocument" (Passed after 124ms)&#xD;
  STEP 5/8: AND created indexes for requests...&#xD;
  STEP 5/8: AND created indexes for requests (Passed after 7s 239ms)&#xD;
  STEP 6/8: AND candidate profile [candidateProfileDocument: "Skillaz.Candidate.Contract.Documents.CandidateProfile.CandidateProfileDocument"]...&#xD;
  STEP 6/8: AND candidate profile [candidateProfileDocument: "Skillaz.Candidate.Contract.Documents.CandidateProfile.CandidateProfileDocument"] (Passed after 167ms)&#xD;
  STEP 7/8: WHEN getting available requests list...&#xD;
  STEP 7/8: WHEN getting available requests list (Passed after 104ms)&#xD;
  STEP 8/8: THEN result list consists of one element with name "Request #1020 (Расстояние: 28.2 км.) Moscow, Pokryshkina, 10/2, тип: Обычный, до 20000 руб, график: Flexible, пол: Мужской"...&#xD;
  STEP 8/8: THEN result list consists of one element with name "Request #1020 (Расстояние: 28.2 км.) Moscow, Pokryshkina, 10/2, тип: Обычный, до 20000 руб, график: Flexible, пол: Мужской" (Passed after &lt;1ms)&#xD;
  SCENARIO RESULT: Passed after 7s 910ms</StdOut>
      </Output>
    </UnitTestResult>
    <UnitTestResult executionId="45ee7913-21b5-4f69-826e-bdbcbc6e95bf" testId="826d90ea-7376-9e0b-80c9-08e9fa6c7a0d" testName="Skillaz.Tests.OrgUnit.OrgUnitHierarchy_feature.Get_org_unit_hierarchy_with_no_security_filter" computerName="DESKTOP-F6SKA47" duration="00:00:03.9611406" startTime="2021-12-16T16:25:08.7451810+03:00" endTime="2021-12-16T16:25:08.7451848+03:00" testType="13cdc9d9-ddb5-4fa4-a97d-d965ccfc6d4b" outcome="Passed" testListId="8c84fa94-04c1-424b-9868-57a2d4851a1d" relativeResultsDirectory="45ee7913-21b5-4f69-826e-bdbcbc6e95bf">
      <Output>
        <StdOut>SCENARIO: Get org unit hierarchy with no security filter&#xD;
  STEP 1/8: GIVEN a company...&#xD;
  STEP 1/8: GIVEN a company (Passed after 177ms)&#xD;
  STEP 2/8: AND the authenticated user...&#xD;
  STEP 2/8: AND the authenticated user (Passed after 500ms)&#xD;
  STEP 3/8: AND the client configuration...&#xD;
  STEP 3/8: AND the client configuration (Passed after 175ms)&#xD;
  STEP 4/8: AND the org units [orgUnitIndex: "1"] [parentOrgUnitIndexes: ""]...&#xD;
  STEP 4/8: AND the org units [orgUnitIndex: "1"] [parentOrgUnitIndexes: ""] (Passed after 505ms)&#xD;
  STEP 5/8: AND the org units [orgUnitIndex: "2"] [parentOrgUnitIndexes: "1"]...&#xD;
  STEP 5/8: AND the org units [orgUnitIndex: "2"] [parentOrgUnitIndexes: "1"] (Passed after 2ms)&#xD;
  STEP 6/8: AND the org units [orgUnitIndex: "3"] [parentOrgUnitIndexes: "1"]...&#xD;
  STEP 6/8: AND the org units [orgUnitIndex: "3"] [parentOrgUnitIndexes: "1"] (Passed after 2ms)&#xD;
  STEP 7/8: WHEN get hierarchy [orgUnitIndex: "1"]...&#xD;
  STEP 7/8: WHEN get hierarchy [orgUnitIndex: "1"] (Passed after 1s 775ms)&#xD;
  STEP 8/8: THEN hierarchy items are available [orgUnitIndexes: "2, 3"]...&#xD;
  STEP 8/8: THEN hierarchy items are available [orgUnitIndexes: "2, 3"] (Passed after 70ms)&#xD;
  SCENARIO RESULT: Passed after 3s 226ms</StdOut>
      </Output>
    </UnitTestResult>
    <UnitTestResult executionId="18f9ca6d-c330-45e2-a397-438893600f9d" testId="844d5bc2-3ad9-8cde-1e47-817a5b77692a" testName="Расширение файла не должно совпадать с его содержимым(fileName: &quot;Workbook.xlsx&quot;, alterName: &quot;.png&quot;)" computerName="DESKTOP-F6SKA47" duration="00:00:00.0114398" startTime="2021-12-16T16:16:30.9012529+03:00" endTime="2021-12-16T16:16:30.9012657+03:00" testType="13cdc9d9-ddb5-4fa4-a97d-d965ccfc6d4b" outcome="Passed" testListId="8c84fa94-04c1-424b-9868-57a2d4851a1d" relativeResultsDirectory="18f9ca6d-c330-45e2-a397-438893600f9d" />
    <UnitTestResult executionId="bbfadd03-9135-4710-ab15-f4632f5e2cda" testId="019b787c-88b2-9680-3a7b-9251d2235f77" testName="Skillaz.Tests.CompanySpecific.X5.Naumen.NaumenSlaTests.Sla_calculates_correctly_for_next_day(candidateTimeZone: 9, sla: 02:00:00, startDate: 2019-12-31T11:00:00.0000000Z, truth: [NaumenTimeRange { From = &quot;2020-01-01 07:00:00&quot;, To = &quot;2020-01-01 09:00:00&quot; }])" computerName="DESKTOP-F6SKA47" duration="00:00:00.0000348" startTime="2021-12-16T16:16:29.3124291+03:00" endTime="2021-12-16T16:16:29.3124303+03:00" testType="13cdc9d9-ddb5-4fa4-a97d-d965ccfc6d4b" outcome="Passed" testListId="8c84fa94-04c1-424b-9868-57a2d4851a1d" relativeResultsDirectory="bbfadd03-9135-4710-ab15-f4632f5e2cda" />
    <UnitTestResult executionId="4ad343b3-d9e8-46fa-80cf-8875cd043d50" testId="695a69c9-264c-d1c5-2032-535ef4bf39f9" testName="Skillaz.Tests.CompanySpecific.X5.Naumen.NaumenSlaTests.Sla_calculates_correctly_for_split_days(candidateTimeZone: 5, sla: 07:00:00, startDate: 2019-12-31T11:30:00.0000000Z, truth: [NaumenTimeRange { From = &quot;2019-12-31 14:30:00&quot;, To = &quot;2019-12-31 18:00:00&quot; }, NaumenTimeRange { From = &quot;2020-01-01 07:00:00&quot;, To = &quot;2020-01-01 10:30:00&quot; }])" computerName="DESKTOP-F6SKA47" duration="00:00:00.0000574" startTime="2021-12-16T16:16:28.9967658+03:00" endTime="2021-12-16T16:16:28.9967665+03:00" testType="13cdc9d9-ddb5-4fa4-a97d-d965ccfc6d4b" outcome="Passed" testListId="8c84fa94-04c1-424b-9868-57a2d4851a1d" relativeResultsDirectory="4ad343b3-d9e8-46fa-80cf-8875cd043d50" />
    <UnitTestResult executionId="177eb3e0-9805-4c20-8ca0-9331e4254fe2" testId="76cfa268-0c10-1255-2b9d-b4fee865d12b" testName="Skillaz.Tests.Candidate.Checks.FilterChecksBasedOnIsNeedToShow_feature.Get_candidate_info_for_old_interface_by_invalid_user" computerName="DESKTOP-F6SKA47" duration="00:00:07.0865009" startTime="2021-12-16T16:26:47.0562755+03:00" endTime="2021-12-16T16:26:47.0562773+03:00" testType="13cdc9d9-ddb5-4fa4-a97d-d965ccfc6d4b" outcome="Passed" testListId="8c84fa94-04c1-424b-9868-57a2d4851a1d" relativeResultsDirectory="177eb3e0-9805-4c20-8ca0-9331e4254fe2">
      <Output>
        <StdOut>SCENARIO: Get candidate info for old interface by invalid user&#xD;
  STEP 1/10: GIVEN a company...&#xD;
  STEP 1/10: GIVEN a company (Passed after 200ms)&#xD;
  STEP 2/10: AND the vacancy in the company...&#xD;
  STEP 2/10: AND the vacancy in the company (Passed after 235ms)&#xD;
  STEP 3/10: AND the authenticated user...&#xD;
  STEP 3/10: AND the authenticated user (Passed after 530ms)&#xD;
  STEP 4/10: AND a funnel...&#xD;
  STEP 4/10: AND a funnel (Passed after 235ms)&#xD;
  STEP 5/10: AND a candidate...&#xD;
  STEP 5/10: AND a candidate (Passed after 209ms)&#xD;
  STEP 6/10: AND client configuration with check workflow and model...&#xD;
  STEP 6/10: AND client configuration with check workflow and model (Passed after 1s 679ms)&#xD;
  STEP 7/10: AND started checks...&#xD;
  STEP 7/10: AND started checks (Passed after 2s 401ms)&#xD;
  STEP 8/10: AND the authenticated user...&#xD;
  STEP 8/10: AND the authenticated user (Passed after 6ms)&#xD;
  STEP 9/10: WHEN candidate data is requested...&#xD;
  STEP 9/10: WHEN candidate data is requested (Passed after 710ms)&#xD;
  STEP 10/10: THEN check is not available...&#xD;
  STEP 10/10: THEN check is not available (Passed after 7ms)&#xD;
  SCENARIO RESULT: Passed after 6s 235ms</StdOut>
      </Output>
    </UnitTestResult>
    <UnitTestResult executionId="7b2e75e9-dac3-45f4-9327-9d167a61db8a" testId="ae9be7fc-f385-ec42-2c89-1248152e1de1" testName="Skillaz.Tests.Configurator.DocumentModel.ObjectTypeRegistry.Валидация" computerName="DESKTOP-F6SKA47" duration="00:00:08.3505797" startTime="2021-12-16T16:18:39.9248309+03:00" endTime="2021-12-16T16:18:39.9248413+03:00" testType="13cdc9d9-ddb5-4fa4-a97d-d965ccfc6d4b" outcome="Passed" testListId="8c84fa94-04c1-424b-9868-57a2d4851a1d" relativeResultsDirectory="7b2e75e9-dac3-45f4-9327-9d167a61db8a">
      <Output>
        <StdOut>SCENARIO: Валидация&#xD;
  STEP 1/6: GIVEN a company...&#xD;
  STEP 1/6: GIVEN a company (Passed after 151ms)&#xD;
  STEP 2/6: AND the authenticated admin user...&#xD;
  STEP 2/6: AND the authenticated admin user (Passed after 365ms)&#xD;
  STEP 3/6: Загрузить модель...&#xD;
  STEP 3/6: Загрузить модель (Passed after 662ms)&#xD;
  STEP 4/6: Загрузить модель проверку...&#xD;
  STEP 4/6: Загрузить модель проверку (Passed after 415ms)&#xD;
  STEP 5/6: Загрузить данные...&#xD;
  STEP 5/6: Загрузить данные (Passed after 1s 216ms)&#xD;
  STEP 6/6: Проверить наличие ошибок...&#xD;
  STEP 6/6: Проверить наличие ошибок (Passed after 5s 187ms)&#xD;
  SCENARIO RESULT: Passed after 8s 002ms</StdOut>
      </Output>
    </UnitTestResult>
    <UnitTestResult executionId="5536934d-f560-4350-b8a1-e50a8e542732" testId="08e2f00b-c73a-15a5-20e7-6a1eacf29aa9" testName="Skillaz.Tests.HH.HHNegotiations_feature.Create_single_candidate_from_multiple_negotiation" computerName="DESKTOP-F6SKA47" duration="00:00:25.5289487" startTime="2021-12-16T16:24:43.6171789+03:00" endTime="2021-12-16T16:24:43.6171814+03:00" testType="13cdc9d9-ddb5-4fa4-a97d-d965ccfc6d4b" outcome="Passed" testListId="8c84fa94-04c1-424b-9868-57a2d4851a1d" relativeResultsDirectory="5536934d-f560-4350-b8a1-e50a8e542732">
      <Output>
        <StdOut>SCENARIO: Create single candidate from multiple negotiation&#xD;
  STEP 1/9: GIVEN a company...&#xD;
  STEP 1/9: GIVEN a company (Passed after 140ms)&#xD;
  STEP 2/9: AND the authenticated user...&#xD;
  STEP 2/9: AND the authenticated user (Passed after 587ms)&#xD;
  STEP 3/9: AND hh account...&#xD;
  STEP 3/9: AND hh account (Passed after 423ms)&#xD;
  STEP 4/9: AND the vacancy in the company...&#xD;
  STEP 4/9: AND the vacancy in the company (Passed after 403ms)&#xD;
  STEP 5/9: AND hh vacancy...&#xD;
  STEP 5/9: AND hh vacancy (Passed after 343ms)&#xD;
  STEP 6/9: AND the indexes in database...&#xD;
  STEP 6/9: AND the indexes in database (Passed after 5s 364ms)&#xD;
  STEP 7/9: WHEN run multiple threads negotiations...&#xD;
  STEP 7/9: WHEN run multiple threads negotiations (Passed after 14s 170ms)&#xD;
  STEP 8/9: THEN created single candidate...&#xD;
  STEP 8/9: THEN created single candidate (Passed after 33ms)&#xD;
  STEP 9/9: AND negotiations all completed...&#xD;
  STEP 9/9: AND negotiations all completed (Passed after 276ms)&#xD;
  SCENARIO RESULT: Passed after 21s 748ms</StdOut>
      </Output>
    </UnitTestResult>
    <UnitTestResult executionId="a5008813-1463-4bf9-a2b8-81b0b44500b3" testId="019b787c-88b2-9680-3a7b-9251d2235f77" testName="Skillaz.Tests.CompanySpecific.X5.Naumen.NaumenSlaTests.Sla_calculates_correctly_for_next_day(candidateTimeZone: 9, sla: 02:00:00, startDate: 2019-12-31T22:30:00.0000000Z, truth: [NaumenTimeRange { From = &quot;2020-01-01 07:00:00&quot;, To = &quot;2020-01-01 09:00:00&quot; }])" computerName="DESKTOP-F6SKA47" duration="00:00:00.0000927" startTime="2021-12-16T16:16:29.3191379+03:00" endTime="2021-12-16T16:16:29.3191384+03:00" testType="13cdc9d9-ddb5-4fa4-a97d-d965ccfc6d4b" outcome="Passed" testListId="8c84fa94-04c1-424b-9868-57a2d4851a1d" relativeResultsDirectory="a5008813-1463-4bf9-a2b8-81b0b44500b3" />
    <UnitTestResult executionId="b13d7e8f-46de-49f1-b192-5c6df1925a59" testId="4eb16cde-def2-e76a-a857-cbda15229fdc" testName="Skillaz.Tests.CompanySpecific.Magnit.MagnitCandidateRatingCalculateKPI_feature.Calculate_KPI" computerName="DESKTOP-F6SKA47" duration="00:00:01.1441091" startTime="2021-12-16T16:17:44.5674869+03:00" endTime="2021-12-16T16:17:44.5674880+03:00" testType="13cdc9d9-ddb5-4fa4-a97d-d965ccfc6d4b" outcome="Passed" testListId="8c84fa94-04c1-424b-9868-57a2d4851a1d" relativeResultsDirectory="b13d7e8f-46de-49f1-b192-5c6df1925a59">
      <Output>
        <StdOut>SCENARIO: Calculate KPI&#xD;
  STEP 1/3: GIVEN a candidate rating document...&#xD;
  STEP 1/3: GIVEN a candidate rating document (Passed after 168ms)&#xD;
  STEP 2/3: WHEN KPI calculated...&#xD;
  STEP 2/3: WHEN KPI calculated (Passed after 681ms)&#xD;
  STEP 3/3: THEN KPI is correct...&#xD;
  STEP 3/3: THEN KPI is correct (Passed after 106ms)&#xD;
  SCENARIO RESULT: Passed after 970ms</StdOut>
      </Output>
    </UnitTestResult>
    <UnitTestResult executionId="9b7402ea-7c45-43b4-ba22-916ac75582d9" testId="9694b41f-f0ec-9a5e-3e2f-1700ede76af0" testName="Skillaz.Tests.Helpers.WorkingDaysHelperFeature.FindProductionDates(dateStrings: [&quot;2020-08-16&quot;, &quot;2020-08-17&quot;])" computerName="DESKTOP-F6SKA47" duration="00:00:00.0974781" startTime="2021-12-16T16:16:29.3834389+03:00" endTime="2021-12-16T16:16:29.3834409+03:00" testType="13cdc9d9-ddb5-4fa4-a97d-d965ccfc6d4b" outcome="Passed" testListId="8c84fa94-04c1-424b-9868-57a2d4851a1d" relativeResultsDirectory="9b7402ea-7c45-43b4-ba22-916ac75582d9" />
    <UnitTestResult executionId="d2323b8a-c98b-4a17-9a8e-93ba515444e3" testId="ff9c4148-5676-ad39-250d-1dae2a06b8a3" testName="Skillaz.Tests.Candidate.CandidateCardNegotiations_feature.Check_publication_info_exists_by_create_candidate_with_configurator_deduplication" computerName="DESKTOP-F6SKA47" duration="00:00:26.3604754" startTime="2021-12-16T16:20:46.6473656+03:00" endTime="2021-12-16T16:20:46.6473671+03:00" testType="13cdc9d9-ddb5-4fa4-a97d-d965ccfc6d4b" outcome="Passed" testListId="8c84fa94-04c1-424b-9868-57a2d4851a1d" relativeResultsDirectory="d2323b8a-c98b-4a17-9a8e-93ba515444e3">
      <Output>
        <StdOut>SCENARIO: Check publication info exists by create candidate with configurator deduplication&#xD;
  STEP 1/9: GIVEN a company...&#xD;
  STEP 1/9: GIVEN a company (Passed after 444ms)&#xD;
  STEP 2/9: AND the authenticated user...&#xD;
  STEP 2/9: AND the authenticated user (Passed after 1s 010ms)&#xD;
  STEP 3/9: AND the vacancy in the company...&#xD;
  STEP 3/9: AND the vacancy in the company (Passed after 574ms)&#xD;
  STEP 4/9: AND the configuration deduplication...&#xD;
  STEP 4/9: AND the configuration deduplication (Passed after 1s 185ms)&#xD;
  STEP 5/9: AND the candidate with negotiation [source: "HH"]...&#xD;
  STEP 5/9: AND the candidate with negotiation [source: "HH"] (Passed after 195ms)&#xD;
  STEP 6/9: AND the data for new candidate dto [source: "Avito"]...&#xD;
  STEP 6/9: AND the data for new candidate dto [source: "Avito"] (Passed after 9ms)&#xD;
  STEP 7/9: WHEN create candidate from new candidate dto...&#xD;
  STEP 7/9: WHEN create candidate from new candidate dto (Passed after 9s 064ms)&#xD;
  STEP 8/9: AND get candidate card by id [candidateId: "61bb3d177f10d6937478b270"]...&#xD;
  STEP 8/9: AND get candidate card by id [candidateId: "61bb3d177f10d6937478b270"] (Passed after 12s 268ms)&#xD;
  STEP 9/9: THEN ensure candidate card exists info from publication [actuallySources: "HH, Avito"]...&#xD;
  STEP 9/9: THEN ensure candidate card exists info from publication [actuallySources: "HH, Avito"] (Passed after 94ms)&#xD;
  SCENARIO RESULT: Passed after 25s 156ms</StdOut>
      </Output>
    </UnitTestResult>
    <UnitTestResult executionId="68231ac0-6192-49dd-ba25-9dcf18db87ad" testId="6d2ab4df-464c-bf7d-752b-097c5f0e8caf" testName="Skillaz.Tests.Candidate.CandidateCard_feature.Negotiations_in_candidate_card_should_be_sorted_by_date_and_has_vacancy_id" computerName="DESKTOP-F6SKA47" duration="00:00:03.1944171" startTime="2021-12-16T16:24:51.4498964+03:00" endTime="2021-12-16T16:24:51.4498993+03:00" testType="13cdc9d9-ddb5-4fa4-a97d-d965ccfc6d4b" outcome="Passed" testListId="8c84fa94-04c1-424b-9868-57a2d4851a1d" relativeResultsDirectory="68231ac0-6192-49dd-ba25-9dcf18db87ad">
      <Output>
        <StdOut>SCENARIO: Negotiations in candidate card should be sorted by date and has vacancy id&#xD;
  STEP 1/6: GIVEN a company...&#xD;
  STEP 1/6: GIVEN a company (Passed after 80ms)&#xD;
  STEP 2/6: AND the authenticated user...&#xD;
  STEP 2/6: AND the authenticated user (Passed after 430ms)&#xD;
  STEP 3/6: AND the vacancies in the company...&#xD;
  STEP 3/6: AND the vacancies in the company (Passed after 461ms)&#xD;
  STEP 4/6: AND a candidate with negotiations...&#xD;
  STEP 4/6: AND a candidate with negotiations (Passed after 343ms)&#xD;
  STEP 5/6: WHEN get candidate card...&#xD;
  STEP 5/6: WHEN get candidate card (Passed after 1s 354ms)&#xD;
  STEP 6/6: THEN candidage card has valid negotiation...&#xD;
  STEP 6/6: THEN candidage card has valid negotiation (Passed after 39ms)&#xD;
  SCENARIO RESULT: Passed after 2s 713ms</StdOut>
      </Output>
    </UnitTestResult>
    <UnitTestResult executionId="ba61d04d-acca-4c81-bd6e-fd0d6ad1e2d7" testId="695a69c9-264c-d1c5-2032-535ef4bf39f9" testName="Skillaz.Tests.CompanySpecific.X5.Naumen.NaumenSlaTests.Sla_calculates_correctly_for_split_days(candidateTimeZone: 4, sla: 09:00:00, startDate: 2019-12-31T11:30:00.0000000Z, truth: [NaumenTimeRange { From = &quot;2019-12-31 14:30:00&quot;, To = &quot;2019-12-31 19:00:00&quot; }, NaumenTimeRange { From = &quot;2020-01-01 08:00:00&quot;, To = &quot;2020-01-01 12:30:00&quot; }])" computerName="DESKTOP-F6SKA47" duration="00:00:00.0000676" startTime="2021-12-16T16:16:28.9908648+03:00" endTime="2021-12-16T16:16:28.9908657+03:00" testType="13cdc9d9-ddb5-4fa4-a97d-d965ccfc6d4b" outcome="Passed" testListId="8c84fa94-04c1-424b-9868-57a2d4851a1d" relativeResultsDirectory="ba61d04d-acca-4c81-bd6e-fd0d6ad1e2d7" />
    <UnitTestResult executionId="18952c1e-326d-488e-a43f-760ff3a18334" testId="f47fda96-d607-dcf3-e6a6-2f89e73ed517" testName="Skillaz.Tests.Notifications.AvitoMessenger_feature.Mark_all_message_as_read" computerName="DESKTOP-F6SKA47" duration="00:00:09.5823236" startTime="2021-12-16T16:24:49.8186926+03:00" endTime="2021-12-16T16:24:49.8186960+03:00" testType="13cdc9d9-ddb5-4fa4-a97d-d965ccfc6d4b" outcome="Passed" testListId="8c84fa94-04c1-424b-9868-57a2d4851a1d" relativeResultsDirectory="18952c1e-326d-488e-a43f-760ff3a18334">
      <Output>
        <StdOut>SCENARIO: Mark all message as read&#xD;
  STEP 1/9: GIVEN a company...&#xD;
  STEP 1/9: GIVEN a company (Passed after 314ms)&#xD;
  STEP 2/9: AND a candidate in a vacancy in a company...&#xD;
  STEP 2/9: AND a candidate in a vacancy in a company (Passed after 993ms)&#xD;
  STEP 3/9: AND avito account...&#xD;
  STEP 3/9: AND avito account (Passed after 480ms)&#xD;
  STEP 4/9: AND avito publication for vacancy...&#xD;
  STEP 4/9: AND avito publication for vacancy (Passed after 576ms)&#xD;
  STEP 5/9: AND candidate negotication and avito chat...&#xD;
  STEP 5/9: AND candidate negotication and avito chat (Passed after 935ms)&#xD;
  STEP 6/9: AND the authenticated user...&#xD;
  STEP 6/9: AND the authenticated user (Passed after 568ms)&#xD;
  STEP 7/9: AND many not read message for chat...&#xD;
  STEP 7/9: AND many not read message for chat (Passed after 1s 604ms)&#xD;
  STEP 8/9: WHEN user open avito chat...&#xD;
  STEP 8/9: WHEN user open avito chat (Passed after 2s 646ms)&#xD;
  STEP 9/9: THEN all messages as read...&#xD;
  STEP 9/9: THEN all messages as read (Passed after 191ms)&#xD;
  SCENARIO RESULT: Passed after 8s 324ms</StdOut>
      </Output>
    </UnitTestResult>
    <UnitTestResult executionId="b161ba14-cc9f-4d0c-90c8-c0435a91da45" testId="9598c3b0-705b-9e4e-827d-2cd5d270060f" testName="Skillaz.Tests.JobRequisition.JobRequisitionNotification_feature.Change_hire_request_change_status_works" computerName="DESKTOP-F6SKA47" duration="00:00:26.2642388" startTime="2021-12-16T16:18:26.4472101+03:00" endTime="2021-12-16T16:18:26.4472122+03:00" testType="13cdc9d9-ddb5-4fa4-a97d-d965ccfc6d4b" outcome="Passed" testListId="8c84fa94-04c1-424b-9868-57a2d4851a1d" relativeResultsDirectory="b161ba14-cc9f-4d0c-90c8-c0435a91da45">
      <Output>
        <StdOut>SCENARIO: Change hire request change status works&#xD;
  STEP 1/7: GIVEN a company...&#xD;
  STEP 1/7: GIVEN a company (Passed after 191ms)&#xD;
  STEP 2/7: AND the authenticated user...&#xD;
  STEP 2/7: AND the authenticated user (Passed after 346ms)&#xD;
  STEP 3/7: AND the document model...&#xD;
  STEP 3/7: AND the document model (Passed after 1s 967ms)&#xD;
  STEP 4/7: AND the email template...&#xD;
  STEP 4/7: AND the email template (Passed after 379ms)&#xD;
  STEP 5/7: AND request...&#xD;
  STEP 5/7: AND request (Passed after 500ms)&#xD;
  STEP 6/7: WHEN status change...&#xD;
  STEP 6/7: WHEN status change (Passed after 21s 831ms)&#xD;
  STEP 7/7: THEN ensure that template is founded in GetTemplates...&#xD;
  STEP 7/7: THEN ensure that template is founded in GetTemplates (Passed after 392ms)&#xD;
  SCENARIO RESULT: Passed after 25s 617ms</StdOut>
      </Output>
    </UnitTestResult>
    <UnitTestResult executionId="057a1579-e23c-4d64-b465-2dae783851fb" testId="fab9ac52-9983-35db-64aa-b12034bfaf82" testName="Skillaz.Tests.Telephony.CallList_ExtendFilter_feature.CheckSimpleFilterIncludeOr" computerName="DESKTOP-F6SKA47" duration="00:00:02.8261175" startTime="2021-12-16T16:27:26.1626880+03:00" endTime="2021-12-16T16:27:26.1626961+03:00" testType="13cdc9d9-ddb5-4fa4-a97d-d965ccfc6d4b" outcome="Passed" testListId="8c84fa94-04c1-424b-9868-57a2d4851a1d" relativeResultsDirectory="057a1579-e23c-4d64-b465-2dae783851fb">
      <Output>
        <StdOut>SCENARIO: CheckSimpleFilterIncludeOr&#xD;
  STEP 1/8: GIVEN Given a company...&#xD;
  STEP 1/8: GIVEN Given a company (Passed after 246ms)&#xD;
  STEP 2/8: AND Given the authenticated user...&#xD;
  STEP 2/8: AND Given the authenticated user (Passed after 504ms)&#xD;
  STEP 3/8: AND Given a vacancy...&#xD;
  STEP 3/8: AND Given a vacancy (Passed after 160ms)&#xD;
  STEP 4/8: AND Given a candidates...&#xD;
  STEP 4/8: AND Given a candidates (Passed after 115ms)&#xD;
  STEP 5/8: AND Given outgoing campaign...&#xD;
  STEP 5/8: AND Given outgoing campaign (Passed after 106ms)&#xD;
  STEP 6/8: WHEN CreateSimpleExtendFilter [include: "(Any, System.String[])"] [exclude: "&lt;null&gt;"]...&#xD;
  STEP 6/8: WHEN CreateSimpleExtendFilter [include: "(Any, System.String[])"] [exclude: "&lt;null&gt;"] (Passed after &lt;1ms)&#xD;
  STEP 7/8: AND When candidates requested using advanced filter...&#xD;
  STEP 7/8: AND When candidates requested using advanced filter (Passed after 839ms)&#xD;
  STEP 8/8: THEN Then candidates count "6" correct...&#xD;
  STEP 8/8: THEN Then candidates count "6" correct (Passed after &lt;1ms)&#xD;
  SCENARIO RESULT: Passed after 1s 989ms</StdOut>
      </Output>
    </UnitTestResult>
    <UnitTestResult executionId="ff5cddf4-0f82-4440-9496-0262bd7afc7e" testId="9d9ae014-871d-664e-3980-e29680f94308" testName="Расширение файла совпадает с его содержимым(fileName: &quot;Sample.pdf&quot;)" computerName="DESKTOP-F6SKA47" duration="00:00:00.1829382" startTime="2021-12-16T16:16:30.5497723+03:00" endTime="2021-12-16T16:16:30.5497904+03:00" testType="13cdc9d9-ddb5-4fa4-a97d-d965ccfc6d4b" outcome="Passed" testListId="8c84fa94-04c1-424b-9868-57a2d4851a1d" relativeResultsDirectory="ff5cddf4-0f82-4440-9496-0262bd7afc7e" />
    <UnitTestResult executionId="7ff0642c-4653-4d21-b4de-dd9314dda527" testId="c3eba6a4-a090-11d9-a1b1-50461a57b31b" testName="Skillaz.Tests.Assessment.Interviews.SelfEntryInterview_feature.Getting_a_self_entry_timeslots_by_request" computerName="DESKTOP-F6SKA47" duration="00:00:14.8738101" startTime="2021-12-16T16:19:41.2544046+03:00" endTime="2021-12-16T16:19:41.2544072+03:00" testType="13cdc9d9-ddb5-4fa4-a97d-d965ccfc6d4b" outcome="Passed" testListId="8c84fa94-04c1-424b-9868-57a2d4851a1d" relativeResultsDirectory="7ff0642c-4653-4d21-b4de-dd9314dda527">
      <Output>
        <StdOut>SCENARIO: Getting a self entry timeslots by request&#xD;
  STEP 1/6: GIVEN a candidate in a vacancy in a orgUnit in a company...&#xD;
  STEP 1/6: GIVEN a candidate in a vacancy in a orgUnit in a company (Passed after 2s 446ms)&#xD;
  STEP 2/6: AND the request...&#xD;
  STEP 2/6: AND the request (Passed after 597ms)&#xD;
  STEP 3/6: AND the timeSlots...&#xD;
  STEP 3/6: AND the timeSlots (Passed after 868ms)&#xD;
  STEP 4/6: AND the interview and timeslot period [timeSlotSource: "HireRequest"] [addStartPeriod: "False"] [addDurationPeriod: "False"]...&#xD;
  STEP 4/6: AND the interview and timeslot period [timeSlotSource: "HireRequest"] [addStartPeriod: "False"] [addDurationPeriod: "False"] (Passed after 2s 034ms)&#xD;
  STEP 5/6: WHEN a self entry timeslots by request is requested...&#xD;
  STEP 5/6: WHEN a self entry timeslots by request is requested (Passed after 3s 058ms)&#xD;
  STEP 6/6: THEN a self entry timeslots by request should be retrieved [useStartPeriod: "False"] [useEndPeriod: "False"]...&#xD;
  STEP 6/6: THEN a self entry timeslots by request should be retrieved [useStartPeriod: "False"] [useEndPeriod: "False"] (Passed after 384ms)&#xD;
  SCENARIO RESULT: Passed after 9s 528ms</StdOut>
      </Output>
    </UnitTestResult>
    <UnitTestResult executionId="6010f765-16d5-4181-9e1f-0c6a12204034" testId="acf98975-fdd1-a7d7-a5e8-bb1c6ce38c93" testName="Skillaz.Tests.Authorization.AuthAccessHelper_feature.Проверить_рекомендации_по_смене_компании_для_простых_пользователей" computerName="DESKTOP-F6SKA47" duration="00:00:06.7744537" startTime="2021-12-16T16:19:28.8193163+03:00" endTime="2021-12-16T16:19:28.8193216+03:00" testType="13cdc9d9-ddb5-4fa4-a97d-d965ccfc6d4b" outcome="Passed" testListId="8c84fa94-04c1-424b-9868-57a2d4851a1d" relativeResultsDirectory="6010f765-16d5-4181-9e1f-0c6a12204034">
      <Output>
        <StdOut>SCENARIO: Проверить рекомендации по смене компании для простых пользователей&#xD;
  STEP 1/10: GIVEN a company...&#xD;
  STEP 1/10: GIVEN a company (Passed after 290ms)&#xD;
  STEP 2/10: AND the authenticated user...&#xD;
  STEP 2/10: AND the authenticated user (Passed after 581ms)&#xD;
  STEP 3/10: Загрузить компании...&#xD;
  STEP 3/10: Загрузить компании (Passed after 240ms)&#xD;
  STEP 4/10: GIVEN the vacancy in the company...&#xD;
  STEP 4/10: GIVEN the vacancy in the company (Passed after 340ms)&#xD;
  STEP 5/10: Загрузить вакансии...&#xD;
  STEP 5/10: Загрузить вакансии (Passed after 223ms)&#xD;
  STEP 6/10: Загрузить кандидатов...&#xD;
  STEP 6/10: Загрузить кандидатов (Passed after 450ms)&#xD;
  STEP 7/10: Загрузить конфигуратор...&#xD;
  STEP 7/10: Загрузить конфигуратор (Passed after 407ms)&#xD;
  STEP 8/10: Проверить компанию пользователь...&#xD;
  STEP 8/10: Проверить компанию пользователь (Passed after 1s 181ms)&#xD;
  STEP 9/10: Проверить кандидата пользователь...&#xD;
  STEP 9/10: Проверить кандидата пользователь (Passed after 224ms)&#xD;
  STEP 10/10: Проверить конфигуратор пользователь...&#xD;
  STEP 10/10: Проверить конфигуратор пользователь (Passed after 227ms)&#xD;
  SCENARIO RESULT: Passed after 4s 181ms</StdOut>
      </Output>
    </UnitTestResult>
    <UnitTestResult executionId="ac55304e-d99a-42d4-92d2-f79e9b08de0e" testId="31041562-27f5-99fd-0819-76aef126a9b5" testName="Skillaz.Tests.DocumentModels.ConvertToDocument.ConvertToDocument_FromUsers_feature.Выполнить_UpdateModel_с_ConvertToDocument_в_FromUsers_и_получить_статус_конвертации" computerName="DESKTOP-F6SKA47" duration="00:00:09.5872106" startTime="2021-12-16T16:28:57.6224956+03:00" endTime="2021-12-16T16:28:57.6224982+03:00" testType="13cdc9d9-ddb5-4fa4-a97d-d965ccfc6d4b" outcome="Passed" testListId="8c84fa94-04c1-424b-9868-57a2d4851a1d" relativeResultsDirectory="ac55304e-d99a-42d4-92d2-f79e9b08de0e">
      <Output>
        <StdOut>SCENARIO: Выполнить UpdateModel с ConvertToDocument в FromUsers и получить статус конвертации&#xD;
  STEP 1/6: GIVEN a company...&#xD;
  STEP 1/6: GIVEN a company (Passed after 736ms)&#xD;
  STEP 2/6: AND the authenticated user...&#xD;
  STEP 2/6: AND the authenticated user (Passed after 4s 081ms)&#xD;
  STEP 3/6: Зарегистрировать модель ОЕ...&#xD;
  STEP 3/6: Зарегистрировать модель ОЕ (Passed after 3s 813ms)&#xD;
  STEP 4/6: Добавить пользователей в бд...&#xD;
  STEP 4/6: Добавить пользователей в бд (Passed after 322ms)&#xD;
  STEP 5/6: Обновить модель ОЕ...&#xD;
  STEP 5/6: Обновить модель ОЕ (Passed after 210ms)&#xD;
  STEP 6/6: Проверить статус конвертации в результате обновления...&#xD;
  STEP 6/6: Проверить статус конвертации в результате обновления (Passed after 69ms)&#xD;
  SCENARIO RESULT: Passed after 9s 304ms</StdOut>
      </Output>
    </UnitTestResult>
    <UnitTestResult executionId="f0fde05d-01e1-4dbc-bdf1-02833c5d4047" testId="019b787c-88b2-9680-3a7b-9251d2235f77" testName="Skillaz.Tests.CompanySpecific.X5.Naumen.NaumenSlaTests.Sla_calculates_correctly_for_next_day(candidateTimeZone: 5, sla: 02:00:00, startDate: 2020-01-01T02:00:00.0000000Z, truth: [NaumenTimeRange { From = &quot;2020-01-01 07:00:00&quot;, To = &quot;2020-01-01 09:00:00&quot; }])" computerName="DESKTOP-F6SKA47" duration="00:00:00.0000889" startTime="2021-12-16T16:16:29.1146644+03:00" endTime="2021-12-16T16:16:29.1146648+03:00" testType="13cdc9d9-ddb5-4fa4-a97d-d965ccfc6d4b" outcome="Passed" testListId="8c84fa94-04c1-424b-9868-57a2d4851a1d" relativeResultsDirectory="f0fde05d-01e1-4dbc-bdf1-02833c5d4047" />
    <UnitTestResult executionId="d35f2747-e4df-4783-aa1c-4ef0bf124e46" testId="4f8af24d-19a8-6bc1-6044-aafceedf2a44" testName="Skillaz.Tests.CompanySpecific.Perekrestok.PerekrestokRequestPriority_feature.Calculation_request_priority(supermarketType: &quot;Закрытый супермаркет&quot;, requestVl: 0, employmentCandidateCount: 1, employmentFinishedCandidateCount: 1, interviewCandidateCount: 1, requestPriority: Unknown)" computerName="DESKTOP-F6SKA47" duration="00:00:06.5315986" startTime="2021-12-16T16:23:45.5155116+03:00" endTime="2021-12-16T16:23:45.5155248+03:00" testType="13cdc9d9-ddb5-4fa4-a97d-d965ccfc6d4b" outcome="Passed" testListId="8c84fa94-04c1-424b-9868-57a2d4851a1d" relativeResultsDirectory="d35f2747-e4df-4783-aa1c-4ef0bf124e46">
      <Output>
        <StdOut>SCENARIO: Calculation request priority [supermarketType: "Закрытый супермаркет"] [requestVl: "0"] [employmentCandidateCount: "1"] [employmentFinishedCandidateCount: "1"] [interviewCandidateCount: "1"] [requestPriority: "Unknown"]&#xD;
  STEP 1/6: GIVEN Given a company [companyId: "PerekrestokCompany"]...&#xD;
  STEP 1/6: GIVEN Given a company [companyId: "PerekrestokCompany"] (Passed after 721ms)&#xD;
  STEP 2/6: AND Given the authenticated user...&#xD;
  STEP 2/6: AND Given the authenticated user (Passed after 2s 061ms)&#xD;
  STEP 3/6: AND Given org unit and request for status [requestState: "InWork"] [supermarketType: "Закрытый супермаркет"] [requestVl: "0"]...&#xD;
  STEP 3/6: AND Given org unit and request for status [requestState: "InWork"] [supermarketType: "Закрытый супермаркет"] [requestVl: "0"] (Passed after 1s 567ms)&#xD;
  STEP 4/6: AND Given candidates according data and assigned to request [employmentCandidateCount: "1"] [employmentFinishedCandidateCount: "1"] [interviewCandidateCount: "1"]...&#xD;
  STEP 4/6: AND Given candidates according data and assigned to request [employmentCandidateCount: "1"] [employmentFinishedCandidateCount: "1"] [interviewCandidateCount: "1"] (Passed after 500ms)&#xD;
  STEP 5/6: WHEN When calculation priority...&#xD;
  STEP 5/6: WHEN When calculation priority (Passed after 49ms)&#xD;
  STEP 6/6: THEN Then request priority equal [requestPriority: "Unknown"]...&#xD;
  STEP 6/6: THEN Then request priority equal [requestPriority: "Unknown"] (Passed after 38ms)&#xD;
  SCENARIO RESULT: Passed after 5s 250ms</StdOut>
      </Output>
    </UnitTestResult>
    <UnitTestResult executionId="0f206389-d756-497d-97c5-f9a4a24839cf" testId="41eda090-84b5-14a3-440f-b004c8d172c8" testName="Skillaz.Tests.Publication.VacancyPublicationRule_feature.Request_the_publication_should_not_be_created" computerName="DESKTOP-F6SKA47" duration="00:00:01.4267932" startTime="2021-12-16T16:27:02.0472936+03:00" endTime="2021-12-16T16:27:02.0472961+03:00" testType="13cdc9d9-ddb5-4fa4-a97d-d965ccfc6d4b" outcome="Passed" testListId="8c84fa94-04c1-424b-9868-57a2d4851a1d" relativeResultsDirectory="0f206389-d756-497d-97c5-f9a4a24839cf">
      <Output>
        <StdOut>SCENARIO: Request the publication should not be created&#xD;
  STEP 1/7: GIVEN a company...&#xD;
  STEP 1/7: GIVEN a company (Passed after 114ms)&#xD;
  STEP 2/7: AND the authenticated user...&#xD;
  STEP 2/7: AND the authenticated user (Passed after 288ms)&#xD;
  STEP 3/7: AND the vacancy in the company...&#xD;
  STEP 3/7: AND the vacancy in the company (Passed after 79ms)&#xD;
  STEP 4/7: AND request with hh publication...&#xD;
  STEP 4/7: AND request with hh publication (Passed after 216ms)&#xD;
  STEP 5/7: Add request IsConfidential...&#xD;
  STEP 5/7: Add request IsConfidential (Passed after 62ms)&#xD;
  STEP 6/7: WHEN vacancy publication...&#xD;
  STEP 6/7: WHEN vacancy publication (Passed after 197ms)&#xD;
  STEP 7/7: THEN the add fails to execute with business exception request...&#xD;
  STEP 7/7: THEN the add fails to execute with business exception request (Passed after &lt;1ms)&#xD;
  SCENARIO RESULT: Passed after 960ms</StdOut>
      </Output>
    </UnitTestResult>
    <UnitTestResult executionId="f71284b7-00e6-4d79-8f36-6c65d20001c6" testId="019b787c-88b2-9680-3a7b-9251d2235f77" testName="Skillaz.Tests.CompanySpecific.X5.Naumen.NaumenSlaTests.Sla_calculates_correctly_for_next_day(candidateTimeZone: 11, sla: 02:00:00, startDate: 2020-01-01T04:00:00.0000000Z, truth: [NaumenTimeRange { From = &quot;2020-01-01 07:00:00&quot;, To = &quot;2020-01-01 09:00:00&quot; }])" computerName="DESKTOP-F6SKA47" duration="00:00:00.0000589" startTime="2021-12-16T16:16:29.3687342+03:00" endTime="2021-12-16T16:16:29.3687349+03:00" testType="13cdc9d9-ddb5-4fa4-a97d-d965ccfc6d4b" outcome="Passed" testListId="8c84fa94-04c1-424b-9868-57a2d4851a1d" relativeResultsDirectory="f71284b7-00e6-4d79-8f36-6c65d20001c6" />
    <UnitTestResult executionId="edcd4a76-ea6b-4e65-ada5-a940991b75c0" testId="dcd3967f-8e32-b880-3d34-ff25245ff8c2" testName="Skillaz.Tests.Configurator.DocumentModel.EnterFormWithProcessingRoles.Проверить_работу_с_процессными_ролям" computerName="DESKTOP-F6SKA47" duration="00:00:12.5573124" startTime="2021-12-16T16:18:01.5912931+03:00" endTime="2021-12-16T16:18:01.5912978+03:00" testType="13cdc9d9-ddb5-4fa4-a97d-d965ccfc6d4b" outcome="Passed" testListId="8c84fa94-04c1-424b-9868-57a2d4851a1d" relativeResultsDirectory="edcd4a76-ea6b-4e65-ada5-a940991b75c0">
      <Output>
        <StdOut>SCENARIO: Проверить работу с процессными ролям&#xD;
  STEP 1/8: GIVEN a company...&#xD;
  STEP 1/8: GIVEN a company (Passed after 296ms)&#xD;
  STEP 2/8: AND the authenticated user...&#xD;
  STEP 2/8: AND the authenticated user (Passed after 225ms)&#xD;
  STEP 3/8: Настроить процессные роли...&#xD;
  STEP 3/8: Настроить процессные роли (Passed after 292ms)&#xD;
  STEP 4/8: Добавить пользователей...&#xD;
  STEP 4/8: Добавить пользователей (Passed after 1s 551ms)&#xD;
  STEP 5/8: Настроить форму смены статуса...&#xD;
  STEP 5/8: Настроить форму смены статуса (Passed after 121ms)&#xD;
  STEP 6/8: Завести воронку вакансию и кандидата...&#xD;
  STEP 6/8: Завести воронку вакансию и кандидата (Passed after 605ms)&#xD;
  STEP 7/8: Получить и проверить форму при смены статуса...&#xD;
  STEP 7/8: Получить и проверить форму при смены статуса (Passed after 3s 740ms)&#xD;
  STEP 8/8: Проверить что обновились процессные роли...&#xD;
  STEP 8/8: Проверить что обновились процессные роли (Passed after 5s 349ms)&#xD;
  SCENARIO RESULT: Passed after 12s 193ms</StdOut>
      </Output>
    </UnitTestResult>
    <UnitTestResult executionId="0a706107-da1d-4feb-a5da-46a0ee6ad9b8" testId="85be22d1-13c0-7d76-d62c-aeae43b9ad7d" testName="Should create &amp; unlink questionnaire from vacancy" computerName="DESKTOP-F6SKA47" duration="00:00:08.4177321" startTime="2021-12-16T16:21:55.5522159+03:00" endTime="2021-12-16T16:21:55.5522202+03:00" testType="13cdc9d9-ddb5-4fa4-a97d-d965ccfc6d4b" outcome="Passed" testListId="8c84fa94-04c1-424b-9868-57a2d4851a1d" relativeResultsDirectory="0a706107-da1d-4feb-a5da-46a0ee6ad9b8" />
    <UnitTestResult executionId="b2e2fdb7-85b1-4e4e-a9ff-58dbdafd2eeb" testId="3286041f-c027-c5bf-e041-f0035587c3f3" testName="Skillaz.Tests.Configurator.DocumentModel.HireNeedFilterService_feature.Getting_a_result_of_hireneed_filter" computerName="DESKTOP-F6SKA47" duration="00:00:11.2263464" startTime="2021-12-16T16:19:03.9144534+03:00" endTime="2021-12-16T16:19:03.9144937+03:00" testType="13cdc9d9-ddb5-4fa4-a97d-d965ccfc6d4b" outcome="Passed" testListId="8c84fa94-04c1-424b-9868-57a2d4851a1d" relativeResultsDirectory="b2e2fdb7-85b1-4e4e-a9ff-58dbdafd2eeb">
      <Output>
        <StdOut>SCENARIO: Getting a result of hireneed filter&#xD;
  STEP 1/7: GIVEN a company...&#xD;
  STEP 1/7: GIVEN a company (Passed after 307ms)&#xD;
  STEP 2/7: AND the authenticated user...&#xD;
  STEP 2/7: AND the authenticated user (Passed after 368ms)&#xD;
  STEP 3/7: AND the document model...&#xD;
  STEP 3/7: AND the document model (Passed after 677ms)&#xD;
  STEP 4/7: AND hireneed...&#xD;
  STEP 4/7: AND hireneed (Passed after 280ms)&#xD;
  STEP 5/7: WHEN filter metadata got...&#xD;
  STEP 5/7: WHEN filter metadata got (Passed after 3s 097ms)&#xD;
  STEP 6/7: THEN count of fields is correct...&#xD;
  STEP 6/7: THEN count of fields is correct (Passed after 41ms)&#xD;
  STEP 7/7: AND execute query...&#xD;
  STEP 7/7: AND execute query (Passed after 6s 099ms)&#xD;
  SCENARIO RESULT: Passed after 10s 896ms</StdOut>
      </Output>
    </UnitTestResult>
    <UnitTestResult executionId="9cb37cea-5b52-478a-9079-950e3f54011f" testId="5a73f9b7-1def-ac2d-18ea-363281d1d954" testName="Skillaz.Tests.CompanySpecific.GazpromNeft.GazpromUploadReferences_feature.Create_correctly_locality_reference" computerName="DESKTOP-F6SKA47" duration="00:00:19.4764522" startTime="2021-12-16T16:25:34.5930495+03:00" endTime="2021-12-16T16:25:34.5930514+03:00" testType="13cdc9d9-ddb5-4fa4-a97d-d965ccfc6d4b" outcome="Passed" testListId="8c84fa94-04c1-424b-9868-57a2d4851a1d" relativeResultsDirectory="9cb37cea-5b52-478a-9079-950e3f54011f">
      <Output>
        <StdOut>SCENARIO: Create correctly locality reference&#xD;
  STEP 1/8: GIVEN a company [companyId: "kdaigswiuJNh8Tvsp"]...&#xD;
  STEP 1/8: GIVEN a company [companyId: "kdaigswiuJNh8Tvsp"] (Passed after 467ms)&#xD;
  STEP 2/8: AND the authenticated user...&#xD;
  STEP 2/8: AND the authenticated user (Passed after 5s 211ms)&#xD;
  STEP 3/8: AND the data service...&#xD;
  STEP 3/8: AND the data service (Passed after 3ms)&#xD;
  STEP 4/8: AND the rows multiple azs...&#xD;
  STEP 4/8: AND the rows multiple azs (Passed after 1ms)&#xD;
  STEP 5/8: AND the xlsx file...&#xD;
  STEP 5/8: AND the xlsx file (Passed after 2s 701ms)&#xD;
  STEP 6/8: WHEN upload xlsx file...&#xD;
  STEP 6/8: WHEN upload xlsx file (Passed after 7s 741ms)&#xD;
  STEP 7/8: Ensure locality reference [uploadReference: "Skillaz.Tests.CompanySpecific.GazpromNeft.GazpromUploadWorkplaceTest"]...&#xD;
  STEP 7/8: Ensure locality reference [uploadReference: "Skillaz.Tests.CompanySpecific.GazpromNeft.GazpromUploadWorkplaceTest"] (Passed after 244ms)&#xD;
  STEP 8/8: Ensure locality reference [uploadReference: "Skillaz.Tests.CompanySpecific.GazpromNeft.GazpromUploadWorkplaceTest"]...&#xD;
  STEP 8/8: Ensure locality reference [uploadReference: "Skillaz.Tests.CompanySpecific.GazpromNeft.GazpromUploadWorkplaceTest"] (Passed after 32ms)&#xD;
  SCENARIO RESULT: Passed after 16s 443ms</StdOut>
      </Output>
    </UnitTestResult>
    <UnitTestResult executionId="e019ab5d-255f-4853-8ab4-22a9426438b7" testId="39bbe88c-a5a1-69b6-0e18-a75bb02edd6c" testName="Skillaz.Tests.CompanySpecific.X5.Naumen.NaumenSlaTests.Sla_calculates_correctly_within_one_day(candidateTimeZone: 5, sla: 08:00:00, startDate: 2019-12-31T07:00:00.0000000Z, truth: [NaumenTimeRange { From = &quot;2019-12-31 10:00:00&quot;, To = &quot;2019-12-31 18:00:00&quot; }])" computerName="DESKTOP-F6SKA47" duration="00:00:00.0001238" startTime="2021-12-16T16:16:29.0018676+03:00" endTime="2021-12-16T16:16:29.0018679+03:00" testType="13cdc9d9-ddb5-4fa4-a97d-d965ccfc6d4b" outcome="Passed" testListId="8c84fa94-04c1-424b-9868-57a2d4851a1d" relativeResultsDirectory="e019ab5d-255f-4853-8ab4-22a9426438b7" />
    <UnitTestResult executionId="7e0e2637-f705-4b9a-9e52-9a75fa1121c0" testId="019b787c-88b2-9680-3a7b-9251d2235f77" testName="Skillaz.Tests.CompanySpecific.X5.Naumen.NaumenSlaTests.Sla_calculates_correctly_for_next_day(candidateTimeZone: 12, sla: 02:00:00, startDate: 2019-12-31T19:00:00.0000000Z, truth: [NaumenTimeRange { From = &quot;2020-01-01 07:00:00&quot;, To = &quot;2020-01-01 09:00:00&quot; }])" computerName="DESKTOP-F6SKA47" duration="00:00:00.0000475" startTime="2021-12-16T16:16:29.3758283+03:00" endTime="2021-12-16T16:16:29.3758288+03:00" testType="13cdc9d9-ddb5-4fa4-a97d-d965ccfc6d4b" outcome="Passed" testListId="8c84fa94-04c1-424b-9868-57a2d4851a1d" relativeResultsDirectory="7e0e2637-f705-4b9a-9e52-9a75fa1121c0" />
    <UnitTestResult executionId="7485f138-9630-4d26-8483-21bc6c17cf88" testId="91619195-2830-97c3-d4b7-786b83d2a864" testName="Skillaz.Tests.CompanySpecific.Perekrestok.PerekrestokRequestPriority_feature.Calculation_request_priority(supermarketType: &quot;Действующий супермаркет&quot;, requestVl: 100, employmentCandidateCount: 0, employmentFinishedCandidateCount: 0, interviewCandidateCount: 3, requestPriority: Normal)" computerName="DESKTOP-F6SKA47" duration="00:00:09.4179324" startTime="2021-12-16T16:23:42.4453281+03:00" endTime="2021-12-16T16:23:42.4453354+03:00" testType="13cdc9d9-ddb5-4fa4-a97d-d965ccfc6d4b" outcome="Passed" testListId="8c84fa94-04c1-424b-9868-57a2d4851a1d" relativeResultsDirectory="7485f138-9630-4d26-8483-21bc6c17cf88">
      <Output>
        <StdOut>SCENARIO: Calculation request priority [supermarketType: "Действующий супермаркет"] [requestVl: "100"] [employmentCandidateCount: "0"] [employmentFinishedCandidateCount: "0"] [interviewCandidateCount: "3"] [requestPriority: "Normal"]&#xD;
  STEP 1/6: GIVEN Given a company [companyId: "PerekrestokCompany"]...&#xD;
  STEP 1/6: GIVEN Given a company [companyId: "PerekrestokCompany"] (Passed after 87ms)&#xD;
  STEP 2/6: AND Given the authenticated user...&#xD;
  STEP 2/6: AND Given the authenticated user (Passed after 213ms)&#xD;
  STEP 3/6: AND Given org unit and request for status [requestState: "InWork"] [supermarketType: "Действующий супермаркет"] [requestVl: "100"]...&#xD;
  STEP 3/6: AND Given org unit and request for status [requestState: "InWork"] [supermarketType: "Действующий супермаркет"] [requestVl: "100"] (Passed after 191ms)&#xD;
  STEP 4/6: AND Given candidates according data and assigned to request [employmentCandidateCount: "0"] [employmentFinishedCandidateCount: "0"] [interviewCandidateCount: "3"]...&#xD;
  STEP 4/6: AND Given candidates according data and assigned to request [employmentCandidateCount: "0"] [employmentFinishedCandidateCount: "0"] [interviewCandidateCount: "3"] (Passed after 102ms)&#xD;
  STEP 5/6: WHEN When calculation priority...&#xD;
  STEP 5/6: WHEN When calculation priority (Passed after 5s 312ms)&#xD;
  STEP 6/6: THEN Then request priority equal [requestPriority: "Normal"]...&#xD;
  STEP 6/6: THEN Then request priority equal [requestPriority: "Normal"] (Passed after 6ms)&#xD;
  SCENARIO RESULT: Passed after 5s 955ms</StdOut>
      </Output>
    </UnitTestResult>
    <UnitTestResult executionId="6e747ea2-4dd9-4af4-a2f0-d3a44a4c6791" testId="9208f864-a693-874f-6ce7-c29fe13a7706" testName="Skillaz.Tests.OpenApi.CreateNewCandidate_feature.Check_candidate_with_resume_created" computerName="DESKTOP-F6SKA47" duration="00:00:56.6826398" startTime="2021-12-16T16:27:08.4235596+03:00" endTime="2021-12-16T16:27:08.4235634+03:00" testType="13cdc9d9-ddb5-4fa4-a97d-d965ccfc6d4b" outcome="Passed" testListId="8c84fa94-04c1-424b-9868-57a2d4851a1d" relativeResultsDirectory="6e747ea2-4dd9-4af4-a2f0-d3a44a4c6791">
      <Output>
        <StdOut>SCENARIO: Check candidate with resume created&#xD;
  STEP 1/6: GIVEN a company...&#xD;
  STEP 1/6: GIVEN a company (Passed after 87ms)&#xD;
  STEP 2/6: AND the authenticated user...&#xD;
  STEP 2/6: AND the authenticated user (Passed after 455ms)&#xD;
  STEP 3/6: AND the vacancy in the company...&#xD;
  STEP 3/6: AND the vacancy in the company (Passed after 168ms)&#xD;
  STEP 4/6: WHEN candidate with resume creation requested...&#xD;
  STEP 4/6: WHEN candidate with resume creation requested (Passed after 55s 762ms)&#xD;
  STEP 5/6: THEN candidate with resume exists...&#xD;
  STEP 5/6: THEN candidate with resume exists (Passed after 36ms)&#xD;
  STEP 6/6: AND resume is correct...&#xD;
  STEP 6/6: AND resume is correct (Passed after 3ms)&#xD;
  SCENARIO RESULT: Passed after 56s 518ms</StdOut>
      </Output>
    </UnitTestResult>
    <UnitTestResult executionId="70db8029-aa06-41ec-874f-2465f468d154" testId="884b9447-ed6e-7a19-3b01-548cce2468cd" testName="Skillaz.Tests.Notifications.AvitoMessenger_feature.Processing_avito_webhook_notification_when_candidate_isnt_exists" computerName="DESKTOP-F6SKA47" duration="00:00:00.0232066" startTime="2021-12-16T16:24:40.2831533+03:00" endTime="2021-12-16T16:24:40.2831557+03:00" testType="13cdc9d9-ddb5-4fa4-a97d-d965ccfc6d4b" outcome="Passed" testListId="8c84fa94-04c1-424b-9868-57a2d4851a1d" relativeResultsDirectory="70db8029-aa06-41ec-874f-2465f468d154" />
    <UnitTestResult executionId="608153fb-ca36-4a50-89fe-a89a209cec41" testId="d98222d1-9712-890e-f8de-c45e84b77833" testName="Skillaz.Tests.Assessment.Interviews.SelfEntryInterview_feature.Getting_a_self_entry_timeslots_by_request_with_end_period" computerName="DESKTOP-F6SKA47" duration="00:00:17.4661337" startTime="2021-12-16T16:19:41.0960326+03:00" endTime="2021-12-16T16:19:41.0960358+03:00" testType="13cdc9d9-ddb5-4fa4-a97d-d965ccfc6d4b" outcome="Passed" testListId="8c84fa94-04c1-424b-9868-57a2d4851a1d" relativeResultsDirectory="608153fb-ca36-4a50-89fe-a89a209cec41">
      <Output>
        <StdOut>SCENARIO: Getting a self entry timeslots by request with end period&#xD;
  STEP 1/6: GIVEN a candidate in a vacancy in a orgUnit in a company...&#xD;
  STEP 1/6: GIVEN a candidate in a vacancy in a orgUnit in a company (Passed after 974ms)&#xD;
  STEP 2/6: AND the request...&#xD;
  STEP 2/6: AND the request (Passed after 396ms)&#xD;
  STEP 3/6: AND the timeSlots...&#xD;
  STEP 3/6: AND the timeSlots (Passed after 548ms)&#xD;
  STEP 4/6: AND the interview and timeslot period [timeSlotSource: "HireRequest"] [addStartPeriod: "False"] [addDurationPeriod: "True"]...&#xD;
  STEP 4/6: AND the interview and timeslot period [timeSlotSource: "HireRequest"] [addStartPeriod: "False"] [addDurationPeriod: "True"] (Passed after 6s 248ms)&#xD;
  STEP 5/6: WHEN a self entry timeslots by request is requested...&#xD;
  STEP 5/6: WHEN a self entry timeslots by request is requested (Passed after 3s 546ms)&#xD;
  STEP 6/6: THEN a self entry timeslots by request should be retrieved [useStartPeriod: "False"] [useEndPeriod: "True"]...&#xD;
  STEP 6/6: THEN a self entry timeslots by request should be retrieved [useStartPeriod: "False"] [useEndPeriod: "True"] (Passed after 363ms)&#xD;
  SCENARIO RESULT: Passed after 12s 100ms</StdOut>
      </Output>
    </UnitTestResult>
    <UnitTestResult executionId="09f8ce5c-b32d-4c46-bc58-07bb0d4525d0" testId="7484b8c7-139a-f4b1-39c6-23954a7f6d69" testName="Skillaz.Tests.Vacancy.CompanySpecific.MvideoTransferToAnotherVacancy_feature.ChangeVacancy_in_one_funnel_make_new_candidate" computerName="DESKTOP-F6SKA47" duration="00:00:00.0010000" startTime="2021-12-16T16:17:11.7082617+03:00" endTime="2021-12-16T16:17:11.7082804+03:00" testType="13cdc9d9-ddb5-4fa4-a97d-d965ccfc6d4b" outcome="NotExecuted" testListId="8c84fa94-04c1-424b-9868-57a2d4851a1d" relativeResultsDirectory="09f8ce5c-b32d-4c46-bc58-07bb0d4525d0">
      <Output>
        <StdOut>Базу кандидатов мвидео переделали, сейчас не актуально, нужно переписать</StdOut>
      </Output>
    </UnitTestResult>
    <UnitTestResult executionId="b2a718bb-07cd-432e-8122-bc91faa30cc8" testId="f727b248-9add-f920-b0ce-770364245e70" testName="Skillaz.Tests.Candidate.Elastic.CandidateElasticMultiselectFiltration_feature.MultiLineFilterCheck(filter: (Skillaz.Candidate.Contract.CandidateSearchFilter, Skillaz.Candidate.Contract.CandidateSearchFilterCommon), result: (2, search by education only))" computerName="DESKTOP-F6SKA47" duration="00:00:00.0010000" startTime="2021-12-16T16:27:13.6155973+03:00" endTime="2021-12-16T16:27:13.6155992+03:00" testType="13cdc9d9-ddb5-4fa4-a97d-d965ccfc6d4b" outcome="NotExecuted" testListId="8c84fa94-04c1-424b-9868-57a2d4851a1d" relativeResultsDirectory="b2a718bb-07cd-432e-8122-bc91faa30cc8">
      <Output>
        <StdOut>You need Elasticsearch 7.5 local instance on 9200 port</StdOut>
      </Output>
    </UnitTestResult>
    <UnitTestResult executionId="13b66966-52f8-4067-954b-fda404bbe608" testId="93371de6-d167-0e41-cb76-8b3b0291633d" testName="Skillaz.Tests.Candidate.AddOrUpdateCandidatesExternalLinkCommand_feature.Replace_existing_link_of_candidate" computerName="DESKTOP-F6SKA47" duration="00:00:02.3043615" startTime="2021-12-16T16:24:40.7395457+03:00" endTime="2021-12-16T16:24:40.7395476+03:00" testType="13cdc9d9-ddb5-4fa4-a97d-d965ccfc6d4b" outcome="Passed" testListId="8c84fa94-04c1-424b-9868-57a2d4851a1d" relativeResultsDirectory="13b66966-52f8-4067-954b-fda404bbe608">
      <Output>
        <StdOut>SCENARIO: Replace existing link of candidate&#xD;
  STEP 1/6: GIVEN a company...&#xD;
  STEP 1/6: GIVEN a company (Passed after 123ms)&#xD;
  STEP 2/6: AND the authenticated user...&#xD;
  STEP 2/6: AND the authenticated user (Passed after 364ms)&#xD;
  STEP 3/6: AND a candidate...&#xD;
  STEP 3/6: AND a candidate (Passed after 100ms)&#xD;
  STEP 4/6: WHEN link type1 added var1...&#xD;
  STEP 4/6: WHEN link type1 added var1 (Passed after 151ms)&#xD;
  STEP 5/6: AND link type1 added var2...&#xD;
  STEP 5/6: AND link type1 added var2 (Passed after 341ms)&#xD;
  STEP 6/6: Assert link type1 var2 was added...&#xD;
  STEP 6/6: Assert link type1 var2 was added (Passed after 47ms)&#xD;
  SCENARIO RESULT: Passed after 1s 131ms</StdOut>
      </Output>
    </UnitTestResult>
    <UnitTestResult executionId="198ddc48-dd4a-4e5c-a63a-7e63e8274610" testId="e5c75c09-b881-f25f-b7ff-8150a17552ed" testName="Skillaz.Tests.Candidate.CandidateProcessMemberNotifications_feature.Notification_request_without_file_should_be_sent_to_email" computerName="DESKTOP-F6SKA47" duration="00:00:02.0242111" startTime="2021-12-16T16:27:45.3837831+03:00" endTime="2021-12-16T16:27:45.3837859+03:00" testType="13cdc9d9-ddb5-4fa4-a97d-d965ccfc6d4b" outcome="Passed" testListId="8c84fa94-04c1-424b-9868-57a2d4851a1d" relativeResultsDirectory="198ddc48-dd4a-4e5c-a63a-7e63e8274610">
      <Output>
        <StdOut>SCENARIO: Notification request without file should be sent to email&#xD;
  STEP 1/4: GIVEN Given test data [recipient: "РМП"]...&#xD;
  STEP 1/4: GIVEN Given test data [recipient: "РМП"] (Passed after 1s 049ms)&#xD;
  STEP 2/4: AND Given request with file [fileName: "&lt;null&gt;"] [notificationType: "Email"]...&#xD;
  STEP 2/4: AND Given request with file [fileName: "&lt;null&gt;"] [notificationType: "Email"] (Passed after &lt;1ms)&#xD;
  STEP 3/4: WHEN When sent notification...&#xD;
  STEP 3/4: WHEN When sent notification (Passed after 722ms)&#xD;
  STEP 4/4: THEN Then received a letter to send email command...&#xD;
  STEP 4/4: THEN Then received a letter to send email command (Passed after 52ms)&#xD;
  SCENARIO RESULT: Passed after 1s 917ms</StdOut>
      </Output>
    </UnitTestResult>
    <UnitTestResult executionId="d6758457-f99f-49ab-92c8-6ed8a99b0f31" testId="019b787c-88b2-9680-3a7b-9251d2235f77" testName="Skillaz.Tests.CompanySpecific.X5.Naumen.NaumenSlaTests.Sla_calculates_correctly_for_next_day(candidateTimeZone: 3, sla: 02:00:00, startDate: 2019-12-31T18:00:00.0000000Z, truth: [NaumenTimeRange { From = &quot;2020-01-01 09:00:00&quot;, To = &quot;2020-01-01 11:00:00&quot; }])" computerName="DESKTOP-F6SKA47" duration="00:00:00.0000320" startTime="2021-12-16T16:16:29.0739547+03:00" endTime="2021-12-16T16:16:29.0739558+03:00" testType="13cdc9d9-ddb5-4fa4-a97d-d965ccfc6d4b" outcome="Passed" testListId="8c84fa94-04c1-424b-9868-57a2d4851a1d" relativeResultsDirectory="d6758457-f99f-49ab-92c8-6ed8a99b0f31" />
    <UnitTestResult executionId="993627a5-4556-4c76-9bdb-a231f1d5fc31" testId="af76761b-9eba-9f05-8565-5c70f1a4944b" testName="Skillaz.Tests.Configurator.DocumentModel.DefaultValueFeature.Проверить_настройку_значений_по_умолчанию" computerName="DESKTOP-F6SKA47" duration="00:00:07.5715781" startTime="2021-12-16T16:18:04.5122696+03:00" endTime="2021-12-16T16:18:04.5122745+03:00" testType="13cdc9d9-ddb5-4fa4-a97d-d965ccfc6d4b" outcome="Passed" testListId="8c84fa94-04c1-424b-9868-57a2d4851a1d" relativeResultsDirectory="993627a5-4556-4c76-9bdb-a231f1d5fc31">
      <Output>
        <StdOut>SCENARIO: Проверить настройку значений по умолчанию&#xD;
  STEP 1/6: GIVEN a company...&#xD;
  STEP 1/6: GIVEN a company (Passed after 174ms)&#xD;
  STEP 2/6: AND the authenticated user...&#xD;
  STEP 2/6: AND the authenticated user (Passed after 734ms)&#xD;
  STEP 3/6: Определить модель ОЕ...&#xD;
  STEP 3/6: Определить модель ОЕ (Passed after 677ms)&#xD;
  STEP 4/6: Определить модель вакансии с ссылкой на ОЕ...&#xD;
  STEP 4/6: Определить модель вакансии с ссылкой на ОЕ (Passed after 841ms)&#xD;
  STEP 5/6: Создать ОЕ...&#xD;
  STEP 5/6: Создать ОЕ (Passed after 170ms)&#xD;
  STEP 6/6: Создать вакансию и проверить значения по умолчанию...&#xD;
  STEP 6/6: Создать вакансию и проверить значения по умолчанию (Passed after 4s 585ms)&#xD;
  SCENARIO RESULT: Passed after 7s 194ms</StdOut>
      </Output>
    </UnitTestResult>
    <UnitTestResult executionId="24c46471-30af-476f-9615-d91c7f136043" testId="f727b248-9add-f920-b0ce-770364245e70" testName="Skillaz.Tests.Candidate.Elastic.CandidateElasticMultiselectFiltration_feature.MultiLineFilterCheck(filter: (Skillaz.Candidate.Contract.CandidateSearchFilter, Skillaz.Candidate.Contract.CandidateSearchFilterCommon), result: (1, SearchSettingsType.All, phrases: KGTU вуз технолог))" computerName="DESKTOP-F6SKA47" duration="00:00:00.0010000" startTime="2021-12-16T16:26:50.1764666+03:00" endTime="2021-12-16T16:26:50.1764695+03:00" testType="13cdc9d9-ddb5-4fa4-a97d-d965ccfc6d4b" outcome="NotExecuted" testListId="8c84fa94-04c1-424b-9868-57a2d4851a1d" relativeResultsDirectory="24c46471-30af-476f-9615-d91c7f136043">
      <Output>
        <StdOut>You need Elasticsearch 7.5 local instance on 9200 port</StdOut>
      </Output>
    </UnitTestResult>
    <UnitTestResult executionId="61d18f2e-34bb-4f44-bebe-4c5d37a6865f" testId="11a96181-7863-409c-34a9-df0093caa1ae" testName="Skillaz.Tests.Assessment.Interviews.VideoInterview_thread_feature.Switching_a_video_interview_step_status_and_tag" computerName="DESKTOP-F6SKA47" duration="00:00:01.6567597" startTime="2021-12-16T16:24:32.6930055+03:00" endTime="2021-12-16T16:24:32.6930109+03:00" testType="13cdc9d9-ddb5-4fa4-a97d-d965ccfc6d4b" outcome="Passed" testListId="8c84fa94-04c1-424b-9868-57a2d4851a1d" relativeResultsDirectory="61d18f2e-34bb-4f44-bebe-4c5d37a6865f">
      <Output>
        <StdOut>SCENARIO: Switching a video interview step status and tag&#xD;
  STEP 1/4: GIVEN a candidate in a vacancy in a company...&#xD;
  STEP 1/4: GIVEN a candidate in a vacancy in a company (Passed after 111ms)&#xD;
  STEP 2/4: AND the interview...&#xD;
  STEP 2/4: AND the interview (Passed after 153ms)&#xD;
  STEP 3/4: WHEN a video interview step is switched status and tag...&#xD;
  STEP 3/4: WHEN a video interview step is switched status and tag (Passed after 770ms)&#xD;
  STEP 4/4: AND CallPublishAsyncCount Two...&#xD;
  STEP 4/4: AND CallPublishAsyncCount Two (Passed after 9ms)&#xD;
  SCENARIO RESULT: Passed after 1s 047ms</StdOut>
      </Output>
    </UnitTestResult>
    <UnitTestResult executionId="88bc4b6d-c702-43ce-8825-0d878deb7a5e" testId="97b6b726-7205-f134-702d-ef0dadcef239" testName="Skillaz.Tests.CompanySpecific.GazpromNeft.GazpromImportBlueReport_feature.Change_workplace_reference_where_workplace_is_not_active" computerName="DESKTOP-F6SKA47" duration="00:01:33.7827774" startTime="2021-12-16T16:29:19.3208568+03:00" endTime="2021-12-16T16:29:19.3208720+03:00" testType="13cdc9d9-ddb5-4fa4-a97d-d965ccfc6d4b" outcome="Passed" testListId="8c84fa94-04c1-424b-9868-57a2d4851a1d" relativeResultsDirectory="88bc4b6d-c702-43ce-8825-0d878deb7a5e">
      <Output>
        <StdOut>SCENARIO: Change workplace reference where workplace is not active&#xD;
  STEP 1/9: GIVEN a company [companyId: "kdaigswiuJNh8Tvsp"]...&#xD;
  STEP 1/9: GIVEN a company [companyId: "kdaigswiuJNh8Tvsp"] (Passed after 275ms)&#xD;
  STEP 2/9: AND the authenticated user...&#xD;
  STEP 2/9: AND the authenticated user (Passed after 620ms)&#xD;
  STEP 3/9: AND the references [staffUnitNum: "1211"] [clusterName: "АО "Газпромнефт-Урал""] [azsName: "АЗС № 152"] [requestCount: "1"] [departmentName: ""] [positionName: ""] [isActive: "False"]...&#xD;
  STEP 3/9: AND the references [staffUnitNum: "1211"] [clusterName: "АО "Газпромнефт-Урал""] [azsName: "АЗС № 152"] [requestCount: "1"] [departmentName: ""] [positionName: ""] [isActive: "False"] (Passed after 7s 297ms)&#xD;
  STEP 4/9: AND the upload rows [staffUnitNum: "1211"] [clusterName: "АО "Газпромнефт-Урал""] [azsName: "АЗС № 152"] [requestCount: "1"]...&#xD;
  STEP 4/9: AND the upload rows [staffUnitNum: "1211"] [clusterName: "АО "Газпромнефт-Урал""] [azsName: "АЗС № 152"] [requestCount: "1"] (Passed after 12s 396ms)&#xD;
  STEP 5/9: AND the vacancy and request with two parts of models [isActiveModelTest: "Skillaz.Tests.CompanySpecific.GazpromNeft.GazpromImportBlueReport_feature+GazpromBlueReportModelTest"] [notActiveModelTest: "Skillaz.Tests.CompanySpecific.GazpromNeft.GazpromImportBlueReport_feature+GazpromBlueReportModelTest"] [positionCount: "0"]...&#xD;
  STEP 5/9: AND the vacancy and request with two parts of models [isActiveModelTest: "Skillaz.Tests.CompanySpecific.GazpromNeft.GazpromImportBlueReport_feature+GazpromBlueReportModelTest"] [notActiveModelTest: "Skillaz.Tests.CompanySpecific.GazpromNeft.GazpromImportBlueReport_feature+GazpromBlueReportModelTest"] [positionCount: "0"] (Passed after 1s 822ms)&#xD;
  STEP 6/9: AND the prepare xlsx file...&#xD;
  STEP 6/9: AND the prepare xlsx file (Passed after 2s 960ms)&#xD;
  STEP 7/9: WHEN upload xlsx file...&#xD;
  STEP 7/9: WHEN upload xlsx file (Passed after 33s 278ms)&#xD;
  STEP 8/9: Ensure correctly fields are vacancy by org unit id [modelTest: "Skillaz.Tests.CompanySpecific.GazpromNeft.GazpromImportBlueReport_feature+GazpromBlueReportModelTest"] [orgUnitId: "61bb3ed37f10d6937478fb00"]...&#xD;
  STEP 8/9: Ensure correctly fields are vacancy by org unit id [modelTest: "Skillaz.Tests.CompanySpecific.GazpromNeft.GazpromImportBlueReport_feature+GazpromBlueReportModelTest"] [orgUnitId: "61bb3ed37f10d6937478fb00"] (Passed after 3s 624ms)&#xD;
  STEP 9/9: Ensure active links on reference values in vacancy by org unit id [orgUnitId: "61bb3ed37f10d6937478fb00"]...&#xD;
  STEP 9/9: Ensure active links on reference values in vacancy by org unit id [orgUnitId: "61bb3ed37f10d6937478fb00"] (Passed after 30s 062ms)&#xD;
  SCENARIO RESULT: Passed after 1m 32s</StdOut>
      </Output>
    </UnitTestResult>
    <UnitTestResult executionId="d936773e-bcee-4f1f-885a-b6aaa5bf8446" testId="10abce2a-667d-fab4-5fe9-ebfa7b54933e" testName="Skillaz.Tests.Configurator.DocumentModel.RefFeature.Проверить_настройку_Ref_через_ExternalId" computerName="DESKTOP-F6SKA47" duration="00:00:02.0336628" startTime="2021-12-16T16:24:45.7741405+03:00" endTime="2021-12-16T16:24:45.7741447+03:00" testType="13cdc9d9-ddb5-4fa4-a97d-d965ccfc6d4b" outcome="Passed" testListId="8c84fa94-04c1-424b-9868-57a2d4851a1d" relativeResultsDirectory="d936773e-bcee-4f1f-885a-b6aaa5bf8446">
      <Output>
        <StdOut>SCENARIO: Проверить настройку Ref через ExternalId&#xD;
  STEP 1/8: GIVEN a company...&#xD;
  STEP 1/8: GIVEN a company (Passed after 308ms)&#xD;
  STEP 2/8: AND the authenticated user...&#xD;
  STEP 2/8: AND the authenticated user (Passed after 465ms)&#xD;
  STEP 3/8: Определить модель ОЕ...&#xD;
  STEP 3/8: Определить модель ОЕ (Passed after 254ms)&#xD;
  STEP 4/8: Определить модель заявки...&#xD;
  STEP 4/8: Определить модель заявки (Passed after 2ms)&#xD;
  STEP 5/8: Подготовить конфигурацию заявки...&#xD;
  STEP 5/8: Подготовить конфигурацию заявки (Passed after &lt;1ms)&#xD;
  STEP 6/8: Определить модель вакансии с ссылкой на ОЕ...&#xD;
  STEP 6/8: Определить модель вакансии с ссылкой на ОЕ (Passed after &lt;1ms)&#xD;
  STEP 7/8: Создать ОЕ...&#xD;
  STEP 7/8: Создать ОЕ (Passed after 76ms)&#xD;
  STEP 8/8: Создать заявку с привязкой через External ID и проверить что проставилось поле из ОЕ1...&#xD;
  STEP 8/8: Создать заявку с привязкой через External ID и проверить что проставилось поле из ОЕ1 (Passed after 790ms)&#xD;
  SCENARIO RESULT: Passed after 1s 903ms</StdOut>
      </Output>
    </UnitTestResult>
    <UnitTestResult executionId="27555217-9563-4854-b46f-11a45913a7e6" testId="bd30a120-86d4-4441-21e5-db174079ad06" testName="Skillaz.Tests.Configurator.ProcessingRoles.ConfiguratorProcessingRoles_feature.Check_configurator_processing_roles" computerName="DESKTOP-F6SKA47" duration="00:00:06.5877864" startTime="2021-12-16T16:18:25.5239828+03:00" endTime="2021-12-16T16:18:25.5239949+03:00" testType="13cdc9d9-ddb5-4fa4-a97d-d965ccfc6d4b" outcome="Passed" testListId="8c84fa94-04c1-424b-9868-57a2d4851a1d" relativeResultsDirectory="27555217-9563-4854-b46f-11a45913a7e6">
      <Output>
        <StdOut>SCENARIO: Check configurator processing roles&#xD;
  STEP 1/8: GIVEN a company...&#xD;
  STEP 1/8: GIVEN a company (Passed after 171ms)&#xD;
  STEP 2/8: AND the authenticated user...&#xD;
  STEP 2/8: AND the authenticated user (Passed after 279ms)&#xD;
  STEP 3/8: AND a orgunit configuration...&#xD;
  STEP 3/8: AND a orgunit configuration (Passed after 2ms)&#xD;
  STEP 4/8: AND a processing roles configuration...&#xD;
  STEP 4/8: AND a processing roles configuration (Passed after 1ms)&#xD;
  STEP 5/8: AND a user...&#xD;
  STEP 5/8: AND a user (Passed after 253ms)&#xD;
  STEP 6/8: WHEN load configuration...&#xD;
  STEP 6/8: WHEN load configuration (Passed after 369ms)&#xD;
  STEP 7/8: AND create orgunit...&#xD;
  STEP 7/8: AND create orgunit (Passed after 423ms)&#xD;
  STEP 8/8: THEN check processing roles...&#xD;
  STEP 8/8: THEN check processing roles (Passed after 3s 420ms)&#xD;
  SCENARIO RESULT: Passed after 4s 934ms</StdOut>
      </Output>
    </UnitTestResult>
    <UnitTestResult executionId="ec4178b9-b249-441d-a924-39f264c023c9" testId="78b03ec6-c656-eb67-f125-ba94e17fedee" testName="Skillaz.Tests.CompanySpecific.Rosatom.RosatomCandidateWorkflowTriggers_feature.Job_offer_state_changed(toCandidateStatusId: &quot;JobOfferIntegration&quot;, triggerType: typeof(Skillaz.ClientConfiguration.Rosatom.WorkflowTriggers.CandidateStatusChangeToJobOfferIntegration))" computerName="DESKTOP-F6SKA47" duration="00:00:13.7183282" startTime="2021-12-16T16:26:33.3782142+03:00" endTime="2021-12-16T16:26:33.3782164+03:00" testType="13cdc9d9-ddb5-4fa4-a97d-d965ccfc6d4b" outcome="Passed" testListId="8c84fa94-04c1-424b-9868-57a2d4851a1d" relativeResultsDirectory="ec4178b9-b249-441d-a924-39f264c023c9">
      <Output>
        <StdOut>SCENARIO: Job offer state changed [toCandidateStatusId: "JobOfferIntegration"] [triggerType: "Skillaz.ClientConfiguration.Rosatom.WorkflowTriggers.CandidateStatusChangeToJobOfferIntegration"]&#xD;
  STEP 1/10: GIVEN a company...&#xD;
  STEP 1/10: GIVEN a company (Passed after 191ms)&#xD;
  STEP 2/10: AND the authenticated user...&#xD;
  STEP 2/10: AND the authenticated user (Passed after 310ms)&#xD;
  STEP 3/10: AND a vacancy...&#xD;
  STEP 3/10: AND a vacancy (Passed after 98ms)&#xD;
  STEP 4/10: AND a model [fromJOStateId: "fromJOStateId"] [toJOStateId: "toJOStateId"] [fromCandidateStatusId: "fromCandidateStatusId"] [toCandidateStatusId: "JobOfferIntegration"] [triggerType: "Skillaz.ClientConfiguration.Rosatom.WorkflowTriggers.CandidateStatusChangeToJobOfferIntegration"]...&#xD;
  STEP 4/10: AND a model [fromJOStateId: "fromJOStateId"] [toJOStateId: "toJOStateId"] [fromCandidateStatusId: "fromCandidateStatusId"] [toCandidateStatusId: "JobOfferIntegration"] [triggerType: "Skillaz.ClientConfiguration.Rosatom.WorkflowTriggers.CandidateStatusChangeToJobOfferIntegration"] (Passed after 328ms)&#xD;
  STEP 5/10: AND a candidate [currentStatusId: "fromCandidateStatusId"]...&#xD;
  STEP 5/10: AND a candidate [currentStatusId: "fromCandidateStatusId"] (Passed after 65ms)&#xD;
  STEP 6/10: AND a job offer [currentJOStateId: "fromJOStateId"] [currentCandidateStatusId: "fromCandidateStatusId"]...&#xD;
  STEP 6/10: AND a job offer [currentJOStateId: "fromJOStateId"] [currentCandidateStatusId: "fromCandidateStatusId"] (Passed after 51ms)&#xD;
  STEP 7/10: WHEN job offer state changed [toJOStateId: "toJOStateId"]...&#xD;
  STEP 7/10: WHEN job offer state changed [toJOStateId: "toJOStateId"] (Passed after 8s 850ms)&#xD;
  STEP 8/10: THEN no exception is thrown...&#xD;
  STEP 8/10: THEN no exception is thrown (Passed after &lt;1ms)&#xD;
  STEP 9/10: AND job offer in correct state [toJOStateId: "toJOStateId"]...&#xD;
  STEP 9/10: AND job offer in correct state [toJOStateId: "toJOStateId"] (Passed after 114ms)&#xD;
  STEP 10/10: AND candidate in correct status [toCandidateStatusId: "JobOfferIntegration"]...&#xD;
  STEP 10/10: AND candidate in correct status [toCandidateStatusId: "JobOfferIntegration"] (Passed after 7ms)&#xD;
  SCENARIO RESULT: Passed after 10s 040ms</StdOut>
      </Output>
    </UnitTestResult>
    <UnitTestResult executionId="cb96fec6-132d-4517-a734-e7f1d13dd415" testId="2dfb1cad-175e-3fe2-efbd-52a60c107af8" testName="Skillaz.Tests.Notifications.CustomNotifications_feature.GetFunnelStatusIsReturnNotifications(switchType: AnyStatus, currentStatusId: &quot;new&quot;, emailsCount: 3, smsCount: 2)" computerName="DESKTOP-F6SKA47" duration="00:00:21.0074463" startTime="2021-12-16T16:30:18.5528034+03:00" endTime="2021-12-16T16:30:18.5528060+03:00" testType="13cdc9d9-ddb5-4fa4-a97d-d965ccfc6d4b" outcome="Passed" testListId="8c84fa94-04c1-424b-9868-57a2d4851a1d" relativeResultsDirectory="cb96fec6-132d-4517-a734-e7f1d13dd415">
      <Output>
        <StdOut>SCENARIO: GetFunnelStatusIsReturnNotifications [switchType: "AnyStatus"] [currentStatusId: "new"] [emailsCount: "3"] [smsCount: "2"]&#xD;
  STEP 1/8: GIVEN Given a candidate in a vacancy in a company [makeCompany: "System.Func`1[Skillaz.Candidate.Contract.LegacyCompany.LegacyCompanyDocument]"]...&#xD;
  STEP 1/8: GIVEN Given a candidate in a vacancy in a company [makeCompany: "System.Func`1[Skillaz.Candidate.Contract.LegacyCompany.LegacyCompanyDocument]"] (Passed after 5s 303ms)&#xD;
  STEP 2/8: AND Given the authenticated user...&#xD;
  STEP 2/8: AND Given the authenticated user (Passed after 2s 178ms)&#xD;
  STEP 3/8: AND Given the ClientConfigurationForCompany...&#xD;
  STEP 3/8: AND Given the ClientConfigurationForCompany (Passed after 3s 189ms)&#xD;
  STEP 4/8: AND Given the Funnel...&#xD;
  STEP 4/8: AND Given the Funnel (Passed after 208ms)&#xD;
  STEP 5/8: AND Given CandidateCurentStatus [statusId: "new"]...&#xD;
  STEP 5/8: AND Given CandidateCurentStatus [statusId: "new"] (Passed after 6ms)&#xD;
  STEP 6/8: WHEN When GetNextStatuses [switchType: "AnyStatus"]...&#xD;
  STEP 6/8: WHEN When GetNextStatuses [switchType: "AnyStatus"] (Passed after 9s 834ms)&#xD;
  STEP 7/8: THEN Then CheckNotificationsEmails [emailsCount: "3"]...&#xD;
  STEP 7/8: THEN Then CheckNotificationsEmails [emailsCount: "3"] (Passed after 32ms)&#xD;
  STEP 8/8: AND Then CheckNotificationsSms [smsCount: "2"]...&#xD;
  STEP 8/8: AND Then CheckNotificationsSms [smsCount: "2"] (Passed after &lt;1ms)&#xD;
  SCENARIO RESULT: Passed after 20s 772ms</StdOut>
      </Output>
    </UnitTestResult>
    <UnitTestResult executionId="0b8833c3-3b66-4eb3-b802-1895adce3b59" testId="85f2792b-2c04-4178-2e8d-415585b6f159" testName="Skillaz.Tests.Assessment.Interviews.AudioInterview_feature.Getting_step_of_audio_interview" computerName="DESKTOP-F6SKA47" duration="00:00:03.1764071" startTime="2021-12-16T16:24:44.4285418+03:00" endTime="2021-12-16T16:24:44.4285473+03:00" testType="13cdc9d9-ddb5-4fa4-a97d-d965ccfc6d4b" outcome="Passed" testListId="8c84fa94-04c1-424b-9868-57a2d4851a1d" relativeResultsDirectory="0b8833c3-3b66-4eb3-b802-1895adce3b59">
      <Output>
        <StdOut>SCENARIO: Getting step of audio interview&#xD;
  STEP 1/4: GIVEN a candidate in a vacancy in a company...&#xD;
  STEP 1/4: GIVEN a candidate in a vacancy in a company (Passed after 967ms)&#xD;
  STEP 2/4: AND the interview...&#xD;
  STEP 2/4: AND the interview (Passed after 685ms)&#xD;
  STEP 3/4: WHEN step of audio interview is requested...&#xD;
  STEP 3/4: WHEN step of audio interview is requested (Passed after 318ms)&#xD;
  STEP 4/4: THEN step of audio interview should be retrieved...&#xD;
  STEP 4/4: THEN step of audio interview should be retrieved (Passed after &lt;1ms)&#xD;
  SCENARIO RESULT: Passed after 1s 974ms</StdOut>
      </Output>
    </UnitTestResult>
    <UnitTestResult executionId="445d9a23-e4d4-4e13-8776-aaf8f57c28ca" testId="695a69c9-264c-d1c5-2032-535ef4bf39f9" testName="Skillaz.Tests.CompanySpecific.X5.Naumen.NaumenSlaTests.Sla_calculates_correctly_for_split_days(candidateTimeZone: 7, sla: 05:00:00, startDate: 2019-12-31T10:30:00.0000000Z, truth: [NaumenTimeRange { From = &quot;2019-12-31 13:30:00&quot;, To = &quot;2019-12-31 16:00:00&quot; }, NaumenTimeRange { From = &quot;2020-01-01 07:00:00&quot;, To = &quot;2020-01-01 09:30:00&quot; }])" computerName="DESKTOP-F6SKA47" duration="00:00:00.0001240" startTime="2021-12-16T16:16:29.0045976+03:00" endTime="2021-12-16T16:16:29.0045981+03:00" testType="13cdc9d9-ddb5-4fa4-a97d-d965ccfc6d4b" outcome="Passed" testListId="8c84fa94-04c1-424b-9868-57a2d4851a1d" relativeResultsDirectory="445d9a23-e4d4-4e13-8776-aaf8f57c28ca" />
    <UnitTestResult executionId="a111be96-dfcd-482c-bd63-b08070797fb7" testId="39bbe88c-a5a1-69b6-0e18-a75bb02edd6c" testName="Skillaz.Tests.CompanySpecific.X5.Naumen.NaumenSlaTests.Sla_calculates_correctly_within_one_day(candidateTimeZone: 4, sla: 08:00:00, startDate: 2019-12-31T08:00:00.0000000Z, truth: [NaumenTimeRange { From = &quot;2019-12-31 11:00:00&quot;, To = &quot;2019-12-31 19:00:00&quot; }])" computerName="DESKTOP-F6SKA47" duration="00:00:00.0000401" startTime="2021-12-16T16:16:28.9080069+03:00" endTime="2021-12-16T16:16:28.9080073+03:00" testType="13cdc9d9-ddb5-4fa4-a97d-d965ccfc6d4b" outcome="Passed" testListId="8c84fa94-04c1-424b-9868-57a2d4851a1d" relativeResultsDirectory="a111be96-dfcd-482c-bd63-b08070797fb7" />
    <UnitTestResult executionId="18f65c75-171a-4766-8d3d-5e27c932b0eb" testId="019b787c-88b2-9680-3a7b-9251d2235f77" testName="Skillaz.Tests.CompanySpecific.X5.Naumen.NaumenSlaTests.Sla_calculates_correctly_for_next_day(candidateTimeZone: 2, sla: 02:00:00, startDate: 2020-01-01T05:00:00.0000000Z, truth: [NaumenTimeRange { From = &quot;2020-01-01 10:00:00&quot;, To = &quot;2020-01-01 12:00:00&quot; }])" computerName="DESKTOP-F6SKA47" duration="00:00:00.0000345" startTime="2021-12-16T16:16:29.0708001+03:00" endTime="2021-12-16T16:16:29.0708005+03:00" testType="13cdc9d9-ddb5-4fa4-a97d-d965ccfc6d4b" outcome="Passed" testListId="8c84fa94-04c1-424b-9868-57a2d4851a1d" relativeResultsDirectory="18f65c75-171a-4766-8d3d-5e27c932b0eb" />
    <UnitTestResult executionId="cb09024c-a54d-483b-b99c-3d59c7cb2fc1" testId="66fdab56-7038-aaf7-4d53-95343adce905" testName="Skillaz.Tests.AutoComplete.RequestAutoCompleteControllerGetRequests_feature.AutoComplete_with_states_and_state_types(states: [&quot;Approved&quot;], stateTypes: [&quot;CandidateRecruitment&quot;])" computerName="DESKTOP-F6SKA47" duration="00:00:05.6767010" startTime="2021-12-16T16:26:41.3096365+03:00" endTime="2021-12-16T16:26:41.3096435+03:00" testType="13cdc9d9-ddb5-4fa4-a97d-d965ccfc6d4b" outcome="Passed" testListId="8c84fa94-04c1-424b-9868-57a2d4851a1d" relativeResultsDirectory="cb09024c-a54d-483b-b99c-3d59c7cb2fc1">
      <Output>
        <StdOut>SCENARIO: AutoComplete with states "Approved" and state types [stateTypes: "CandidateRecruitment"]&#xD;
  STEP 1/6: GIVEN a company...&#xD;
  STEP 1/6: GIVEN a company (Passed after 149ms)&#xD;
  STEP 2/6: AND the authenticated user...&#xD;
  STEP 2/6: AND the authenticated user (Passed after 233ms)&#xD;
  STEP 3/6: AND a model...&#xD;
  STEP 3/6: AND a model (Passed after 422ms)&#xD;
  STEP 4/6: AND requests...&#xD;
  STEP 4/6: AND requests (Passed after 3s 009ms)&#xD;
  STEP 5/6: WHEN getting requests [states: "Approved"] [stateTypes: "CandidateRecruitment"]...&#xD;
  STEP 5/6: WHEN getting requests [states: "Approved"] [stateTypes: "CandidateRecruitment"] (Passed after 150ms)&#xD;
  STEP 6/6: THEN correct requests return [states: "Approved"] [stateTypes: "CandidateRecruitment"]...&#xD;
  STEP 6/6: THEN correct requests return [states: "Approved"] [stateTypes: "CandidateRecruitment"] (Passed after 177ms)&#xD;
  SCENARIO RESULT: Passed after 4s 201ms</StdOut>
      </Output>
    </UnitTestResult>
    <UnitTestResult executionId="c14579cc-b485-4578-a30f-69edab53aae7" testId="bca9a3cf-fc6a-c51b-e573-21b1143f642a" testName="Skillaz.Tests.Configurator.ConfiguratorStatusChangeTests.При_смене_идентификатора_статуса_обновляются_выходы_и_проч" computerName="DESKTOP-F6SKA47" duration="00:00:00.0010000" startTime="2021-12-16T16:17:55.3986892+03:00" endTime="2021-12-16T16:17:55.3986993+03:00" testType="13cdc9d9-ddb5-4fa4-a97d-d965ccfc6d4b" outcome="NotExecuted" testListId="8c84fa94-04c1-424b-9868-57a2d4851a1d" relativeResultsDirectory="c14579cc-b485-4578-a30f-69edab53aae7">
      <Output>
        <StdOut>Теперь идентификаторы менять нельзя</StdOut>
      </Output>
    </UnitTestResult>
    <UnitTestResult executionId="f65c699f-857d-4546-b12a-6feab1090304" testId="39bbe88c-a5a1-69b6-0e18-a75bb02edd6c" testName="Skillaz.Tests.CompanySpecific.X5.Naumen.NaumenSlaTests.Sla_calculates_correctly_within_one_day(candidateTimeZone: 5, sla: 02:00:00, startDate: 2019-12-31T13:00:00.0000000Z, truth: [NaumenTimeRange { From = &quot;2019-12-31 16:00:00&quot;, To = &quot;2019-12-31 18:00:00&quot; }])" computerName="DESKTOP-F6SKA47" duration="00:00:00.0000424" startTime="2021-12-16T16:16:28.9123293+03:00" endTime="2021-12-16T16:16:28.9123297+03:00" testType="13cdc9d9-ddb5-4fa4-a97d-d965ccfc6d4b" outcome="Passed" testListId="8c84fa94-04c1-424b-9868-57a2d4851a1d" relativeResultsDirectory="f65c699f-857d-4546-b12a-6feab1090304" />
    <UnitTestResult executionId="6ef833c7-af09-4006-b9dd-03c88d464445" testId="d1fce199-908f-9a0f-c652-067f38098189" testName="Skillaz.Tests.HH.HHWebhook_feature.HH_Check_that_subscribe_when_link_publication_and_we_are_not_admin" computerName="DESKTOP-F6SKA47" duration="00:00:00.0010000" startTime="2021-12-16T16:24:45.7799429+03:00" endTime="2021-12-16T16:24:45.7799440+03:00" testType="13cdc9d9-ddb5-4fa4-a97d-d965ccfc6d4b" outcome="NotExecuted" testListId="8c84fa94-04c1-424b-9868-57a2d4851a1d" relativeResultsDirectory="6ef833c7-af09-4006-b9dd-03c88d464445">
      <Output>
        <StdOut>for tests</StdOut>
      </Output>
    </UnitTestResult>
    <UnitTestResult executionId="321f320b-c5a9-48f1-a49d-db70a0f50e93" testId="2567cb21-220e-9709-c058-5cc7816c33d9" testName="Skillaz.Tests.OpenApi.OrgStructureApi.OrgEntityStateChange_feature.Org_unit_position_activating_archived" computerName="DESKTOP-F6SKA47" duration="00:00:11.8448677" startTime="2021-12-16T16:27:40.5224358+03:00" endTime="2021-12-16T16:27:40.5224394+03:00" testType="13cdc9d9-ddb5-4fa4-a97d-d965ccfc6d4b" outcome="Passed" testListId="8c84fa94-04c1-424b-9868-57a2d4851a1d" relativeResultsDirectory="321f320b-c5a9-48f1-a49d-db70a0f50e93">
      <Output>
        <StdOut>SCENARIO: Org unit position activating archived&#xD;
  STEP 1/7: GIVEN a company...&#xD;
  STEP 1/7: GIVEN a company (Passed after 503ms)&#xD;
  STEP 2/7: AND the authenticated api user...&#xD;
  STEP 2/7: AND the authenticated api user (Passed after 1s 402ms)&#xD;
  STEP 3/7: AND an org unit position archived...&#xD;
  STEP 3/7: AND an org unit position archived (Passed after 475ms)&#xD;
  STEP 4/7: WHEN activating org unit position...&#xD;
  STEP 4/7: WHEN activating org unit position (Passed after 7s 075ms)&#xD;
  STEP 5/7: THEN result is ok...&#xD;
  STEP 5/7: THEN result is ok (Passed after &lt;1ms)&#xD;
  STEP 6/7: AND org unit position is active...&#xD;
  STEP 6/7: AND org unit position is active (Passed after 501ms)&#xD;
  STEP 7/7: AND call publish async count one...&#xD;
  STEP 7/7: AND call publish async count one (Passed after &lt;1ms)&#xD;
  SCENARIO RESULT: Passed after 9s 998ms</StdOut>
      </Output>
    </UnitTestResult>
    <UnitTestResult executionId="d3bb156f-3e4b-4aac-94bc-6f8189ecabff" testId="ce04b6f0-f473-6ce9-e0ce-44a067b4690a" testName="Skillaz.Tests.HH.HHWebhook_feature.HH_NewNegotiationMessageCalled" computerName="DESKTOP-F6SKA47" duration="00:00:00.0010000" startTime="2021-12-16T16:24:45.7796169+03:00" endTime="2021-12-16T16:24:45.7796198+03:00" testType="13cdc9d9-ddb5-4fa4-a97d-d965ccfc6d4b" outcome="NotExecuted" testListId="8c84fa94-04c1-424b-9868-57a2d4851a1d" relativeResultsDirectory="d3bb156f-3e4b-4aac-94bc-6f8189ecabff">
      <Output>
        <StdOut>for tests</StdOut>
      </Output>
    </UnitTestResult>
    <UnitTestResult executionId="c78cf6c0-f0bd-4b86-8a07-6044914ece8b" testId="019b787c-88b2-9680-3a7b-9251d2235f77" testName="Skillaz.Tests.CompanySpecific.X5.Naumen.NaumenSlaTests.Sla_calculates_correctly_for_next_day(candidateTimeZone: 12, sla: 02:00:00, startDate: 2020-01-01T03:30:00.0000000Z, truth: [NaumenTimeRange { From = &quot;2020-01-01 07:00:00&quot;, To = &quot;2020-01-01 09:00:00&quot; }])" computerName="DESKTOP-F6SKA47" duration="00:00:00.0000530" startTime="2021-12-16T16:16:29.3827620+03:00" endTime="2021-12-16T16:16:29.3827636+03:00" testType="13cdc9d9-ddb5-4fa4-a97d-d965ccfc6d4b" outcome="Passed" testListId="8c84fa94-04c1-424b-9868-57a2d4851a1d" relativeResultsDirectory="c78cf6c0-f0bd-4b86-8a07-6044914ece8b" />
    <UnitTestResult executionId="b6b5d4d6-bf77-4f4e-b18f-ff116cb5a091" testId="02affe89-201d-b1c4-3b0b-ae6d9954de6f" testName="Skillaz.Tests.CompanySpecific.GazpromNeft.GazpromUploadReferences_feature.Create_correctly_org_unit" computerName="DESKTOP-F6SKA47" duration="00:00:19.7466473" startTime="2021-12-16T16:25:34.4336041+03:00" endTime="2021-12-16T16:25:34.4336191+03:00" testType="13cdc9d9-ddb5-4fa4-a97d-d965ccfc6d4b" outcome="Passed" testListId="8c84fa94-04c1-424b-9868-57a2d4851a1d" relativeResultsDirectory="b6b5d4d6-bf77-4f4e-b18f-ff116cb5a091">
      <Output>
        <StdOut>SCENARIO: Create correctly org unit&#xD;
  STEP 1/8: GIVEN a company [companyId: "kdaigswiuJNh8Tvsp"]...&#xD;
  STEP 1/8: GIVEN a company [companyId: "kdaigswiuJNh8Tvsp"] (Passed after 213ms)&#xD;
  STEP 2/8: AND the authenticated user...&#xD;
  STEP 2/8: AND the authenticated user (Passed after 587ms)&#xD;
  STEP 3/8: AND the data service...&#xD;
  STEP 3/8: AND the data service (Passed after 5ms)&#xD;
  STEP 4/8: AND the rows multiple azs...&#xD;
  STEP 4/8: AND the rows multiple azs (Passed after 18ms)&#xD;
  STEP 5/8: AND the xlsx file...&#xD;
  STEP 5/8: AND the xlsx file (Passed after 4s 808ms)&#xD;
  STEP 6/8: WHEN upload xlsx file...&#xD;
  STEP 6/8: WHEN upload xlsx file (Passed after 10s 851ms)&#xD;
  STEP 7/8: Ensure orgUnit [uploadReference: "Skillaz.Tests.CompanySpecific.GazpromNeft.GazpromUploadWorkplaceTest"]...&#xD;
  STEP 7/8: Ensure orgUnit [uploadReference: "Skillaz.Tests.CompanySpecific.GazpromNeft.GazpromUploadWorkplaceTest"] (Passed after 317ms)&#xD;
  STEP 8/8: Ensure orgUnit [uploadReference: "Skillaz.Tests.CompanySpecific.GazpromNeft.GazpromUploadWorkplaceTest"]...&#xD;
  STEP 8/8: Ensure orgUnit [uploadReference: "Skillaz.Tests.CompanySpecific.GazpromNeft.GazpromUploadWorkplaceTest"] (Passed after 50ms)&#xD;
  SCENARIO RESULT: Passed after 16s 881ms</StdOut>
      </Output>
    </UnitTestResult>
    <UnitTestResult executionId="bef28a85-03ad-49b0-b570-12b5e4af89ed" testId="019b787c-88b2-9680-3a7b-9251d2235f77" testName="Skillaz.Tests.CompanySpecific.X5.Naumen.NaumenSlaTests.Sla_calculates_correctly_for_next_day(candidateTimeZone: 9, sla: 02:00:00, startDate: 2019-12-31T18:00:00.0000000Z, truth: [NaumenTimeRange { From = &quot;2020-01-01 07:00:00&quot;, To = &quot;2020-01-01 09:00:00&quot; }])" computerName="DESKTOP-F6SKA47" duration="00:00:00.0001245" startTime="2021-12-16T16:16:29.3160061+03:00" endTime="2021-12-16T16:16:29.3160066+03:00" testType="13cdc9d9-ddb5-4fa4-a97d-d965ccfc6d4b" outcome="Passed" testListId="8c84fa94-04c1-424b-9868-57a2d4851a1d" relativeResultsDirectory="bef28a85-03ad-49b0-b570-12b5e4af89ed" />
    <UnitTestResult executionId="ffda6271-1238-4a3d-9c7b-f500e9e19f14" testId="019b787c-88b2-9680-3a7b-9251d2235f77" testName="Skillaz.Tests.CompanySpecific.X5.Naumen.NaumenSlaTests.Sla_calculates_correctly_for_next_day(candidateTimeZone: 7, sla: 02:00:00, startDate: 2019-12-31T14:00:00.0000000Z, truth: [NaumenTimeRange { From = &quot;2020-01-01 07:00:00&quot;, To = &quot;2020-01-01 09:00:00&quot; }])" computerName="DESKTOP-F6SKA47" duration="00:00:00.0000401" startTime="2021-12-16T16:16:29.2813090+03:00" endTime="2021-12-16T16:16:29.2813099+03:00" testType="13cdc9d9-ddb5-4fa4-a97d-d965ccfc6d4b" outcome="Passed" testListId="8c84fa94-04c1-424b-9868-57a2d4851a1d" relativeResultsDirectory="ffda6271-1238-4a3d-9c7b-f500e9e19f14" />
    <UnitTestResult executionId="971474bb-16d6-44a7-b8aa-10ea0b3cf253" testId="019b787c-88b2-9680-3a7b-9251d2235f77" testName="Skillaz.Tests.CompanySpecific.X5.Naumen.NaumenSlaTests.Sla_calculates_correctly_for_next_day(candidateTimeZone: 5, sla: 02:00:00, startDate: 2020-01-01T00:30:00.0000000Z, truth: [NaumenTimeRange { From = &quot;2020-01-01 07:00:00&quot;, To = &quot;2020-01-01 09:00:00&quot; }])" computerName="DESKTOP-F6SKA47" duration="00:00:00.0001289" startTime="2021-12-16T16:16:29.1144384+03:00" endTime="2021-12-16T16:16:29.1144391+03:00" testType="13cdc9d9-ddb5-4fa4-a97d-d965ccfc6d4b" outcome="Passed" testListId="8c84fa94-04c1-424b-9868-57a2d4851a1d" relativeResultsDirectory="971474bb-16d6-44a7-b8aa-10ea0b3cf253" />
    <UnitTestResult executionId="7bed4d1b-0aab-4deb-a649-869ff1e8988f" testId="21b6c246-c4e3-a0ad-015d-ff42c2de0958" testName="Skillaz.Tests.CompanySpecific.Mvideo.MvideoOpenApiBatchRequest_feature.Создает_ОЕ_с_ResponsibleId_из_нулей_и_проверяет_что_ResponsibleId_стал_равен_null" computerName="DESKTOP-F6SKA47" duration="00:00:02.6442488" startTime="2021-12-16T16:20:22.8969255+03:00" endTime="2021-12-16T16:20:22.8969294+03:00" testType="13cdc9d9-ddb5-4fa4-a97d-d965ccfc6d4b" outcome="Passed" testListId="8c84fa94-04c1-424b-9868-57a2d4851a1d" relativeResultsDirectory="7bed4d1b-0aab-4deb-a649-869ff1e8988f">
      <Output>
        <StdOut>SCENARIO: Создает ОЕ с ResponsibleId из нулей и проверяет что ResponsibleId стал равен null&#xD;
  STEP 1/6: GIVEN a company...&#xD;
  STEP 1/6: GIVEN a company (Passed after 278ms)&#xD;
  STEP 2/6: AND the authenticated api user...&#xD;
  STEP 2/6: AND the authenticated api user (Passed after 693ms)&#xD;
  STEP 3/6: AND Дана клиентская конфигурация мвидео...&#xD;
  STEP 3/6: AND Дана клиентская конфигурация мвидео (Passed after 1ms)&#xD;
  STEP 4/6: AND Даны роли...&#xD;
  STEP 4/6: AND Даны роли (Passed after 18ms)&#xD;
  STEP 5/6: WHEN Когда подготавливаем данные для загрузки состоящих из ОЕ...&#xD;
  STEP 5/6: WHEN Когда подготавливаем данные для загрузки состоящих из ОЕ (Passed after 214ms)&#xD;
  STEP 6/6: THEN Проверить что ResponsibleId ОЕ равен null [orgUnitExternalId: "org_unit_4"]...&#xD;
  STEP 6/6: THEN Проверить что ResponsibleId ОЕ равен null [orgUnitExternalId: "org_unit_4"] (Passed after 2ms)&#xD;
  SCENARIO RESULT: Passed after 1s 245ms</StdOut>
      </Output>
    </UnitTestResult>
    <UnitTestResult executionId="c19104af-d9c8-4e41-a0f6-c7269383ac57" testId="019b787c-88b2-9680-3a7b-9251d2235f77" testName="Skillaz.Tests.CompanySpecific.X5.Naumen.NaumenSlaTests.Sla_calculates_correctly_for_next_day(candidateTimeZone: 12, sla: 02:00:00, startDate: 2019-12-31T10:00:00.0000000Z, truth: [NaumenTimeRange { From = &quot;2020-01-01 07:00:00&quot;, To = &quot;2020-01-01 09:00:00&quot; }])" computerName="DESKTOP-F6SKA47" duration="00:00:00.0000407" startTime="2021-12-16T16:16:29.3712610+03:00" endTime="2021-12-16T16:16:29.3712622+03:00" testType="13cdc9d9-ddb5-4fa4-a97d-d965ccfc6d4b" outcome="Passed" testListId="8c84fa94-04c1-424b-9868-57a2d4851a1d" relativeResultsDirectory="c19104af-d9c8-4e41-a0f6-c7269383ac57" />
    <UnitTestResult executionId="176c993e-bb49-4385-af18-5b2883e7806f" testId="2f68ec08-832b-3feb-f485-da953e05f66b" testName="Skillaz.Tests.Vacancy.CompanySpecific.MvideoMassCandidateDatabase_feature.Transfer_to_the_candidate_database_will_create_vacancy_if_vacancy_not_exist" computerName="DESKTOP-F6SKA47" duration="00:00:00.0010000" startTime="2021-12-16T16:27:25.0666440+03:00" endTime="2021-12-16T16:27:25.0666457+03:00" testType="13cdc9d9-ddb5-4fa4-a97d-d965ccfc6d4b" outcome="NotExecuted" testListId="8c84fa94-04c1-424b-9868-57a2d4851a1d" relativeResultsDirectory="176c993e-bb49-4385-af18-5b2883e7806f">
      <Output>
        <StdOut>Базу кандидатов мвидео переделали, сейчас не актуально, нужно переписать</StdOut>
      </Output>
    </UnitTestResult>
    <UnitTestResult executionId="da1ec3df-bc26-449d-af20-ebcd52dc8313" testId="bfad7690-9904-85bb-06a2-f9959684e024" testName="Skillaz.Tests.Telephony.CallList_RatingFilter_feature.CandidateFilterRating1From10" computerName="DESKTOP-F6SKA47" duration="00:00:00.8485096" startTime="2021-12-16T16:21:32.0570520+03:00" endTime="2021-12-16T16:21:32.0570564+03:00" testType="13cdc9d9-ddb5-4fa4-a97d-d965ccfc6d4b" outcome="Passed" testListId="8c84fa94-04c1-424b-9868-57a2d4851a1d" relativeResultsDirectory="da1ec3df-bc26-449d-af20-ebcd52dc8313">
      <Output>
        <StdOut>SCENARIO: CandidateFilterRating1From10&#xD;
  STEP 1/7: GIVEN Given a company...&#xD;
  STEP 1/7: GIVEN Given a company (Passed after 120ms)&#xD;
  STEP 2/7: AND Given a vacancy...&#xD;
  STEP 2/7: AND Given a vacancy (Passed after 122ms)&#xD;
  STEP 3/7: AND Given a candidates from rating [totalScore1: "5"] [totalScore2: "10"]...&#xD;
  STEP 3/7: AND Given a candidates from rating [totalScore1: "5"] [totalScore2: "10"] (Passed after 159ms)&#xD;
  STEP 4/7: AND Given a candidates from rating [totalScore1: "1"] [totalScore2: "5"]...&#xD;
  STEP 4/7: AND Given a candidates from rating [totalScore1: "1"] [totalScore2: "5"] (Passed after 4ms)&#xD;
  STEP 5/7: AND Given filter "Skillaz.Candidate.Contract.CampaignRatingFilter"...&#xD;
  STEP 5/7: AND Given filter "Skillaz.Candidate.Contract.CampaignRatingFilter" (Passed after 1ms)&#xD;
  STEP 6/7: WHEN When candidates requested using advanced filter...&#xD;
  STEP 6/7: WHEN When candidates requested using advanced filter (Passed after 4ms)&#xD;
  STEP 7/7: THEN Then empty...&#xD;
  STEP 7/7: THEN Then empty (Passed after 3ms)&#xD;
  SCENARIO RESULT: Passed after 603ms</StdOut>
      </Output>
    </UnitTestResult>
    <UnitTestResult executionId="6c7b2a11-ec27-4300-959d-f31dbdec0345" testId="00e627c1-ed61-3a01-fbe2-fd8f8845151b" testName="Skillaz.Tests.TaskTracker.TaskNotificationRecipient_feature.Processing_task_notification_recipient" computerName="DESKTOP-F6SKA47" duration="00:00:28.7278805" startTime="2021-12-16T16:18:49.7909762+03:00" endTime="2021-12-16T16:18:49.7910134+03:00" testType="13cdc9d9-ddb5-4fa4-a97d-d965ccfc6d4b" outcome="Passed" testListId="8c84fa94-04c1-424b-9868-57a2d4851a1d" relativeResultsDirectory="6c7b2a11-ec27-4300-959d-f31dbdec0345">
      <Output>
        <StdOut>SCENARIO: Processing task notification recipient&#xD;
  STEP 1/11: GIVEN a candidate in a vacancy in a company...&#xD;
  STEP 1/11: GIVEN a candidate in a vacancy in a company (Passed after 438ms)&#xD;
  STEP 2/11: AND a client configuration...&#xD;
  STEP 2/11: AND a client configuration (Passed after 2ms)&#xD;
  STEP 3/11: AND the authenticated user...&#xD;
  STEP 3/11: AND the authenticated user (Passed after 210ms)&#xD;
  STEP 4/11: AND the company default sms template...&#xD;
  STEP 4/11: AND the company default sms template (Passed after 240ms)&#xD;
  STEP 5/11: AND the company default email template...&#xD;
  STEP 5/11: AND the company default email template (Passed after 308ms)&#xD;
  STEP 6/11: AND the system task with notifications...&#xD;
  STEP 6/11: AND the system task with notifications (Passed after 325ms)&#xD;
  STEP 7/11: AND the ProcessingRoles...&#xD;
  STEP 7/11: AND the ProcessingRoles (Passed after 307ms)&#xD;
  STEP 8/11: WHEN job happened...&#xD;
  STEP 8/11: WHEN job happened (Passed after 25s 413ms)&#xD;
  STEP 9/11: THEN only one email should be sent...&#xD;
  STEP 9/11: THEN only one email should be sent (Passed after 96ms)&#xD;
  STEP 10/11: AND only one sms should be sent...&#xD;
  STEP 10/11: AND only one sms should be sent (Passed after 308ms)&#xD;
  STEP 11/11: AND the system task should be in the finished state...&#xD;
  STEP 11/11: AND the system task should be in the finished state (Passed after 262ms)&#xD;
  SCENARIO RESULT: Passed after 27s 924ms</StdOut>
      </Output>
    </UnitTestResult>
    <UnitTestResult executionId="232c2f3f-78c7-47dd-aedf-f053b653107b" testId="5b215235-456b-0e29-2261-4f097da825d5" testName="Skillaz.Tests.CompanySpecific.Mvideo.MvideoTimeZones_feature.Check_Create_MassVacancy" computerName="DESKTOP-F6SKA47" duration="00:00:00.0010000" startTime="2021-12-16T16:26:46.8521026+03:00" endTime="2021-12-16T16:26:46.8521051+03:00" testType="13cdc9d9-ddb5-4fa4-a97d-d965ccfc6d4b" outcome="NotExecuted" testListId="8c84fa94-04c1-424b-9868-57a2d4851a1d" relativeResultsDirectory="232c2f3f-78c7-47dd-aedf-f053b653107b">
      <Output>
        <StdOut>Мвидео кфг в конфигураторе, не протестировать.</StdOut>
      </Output>
    </UnitTestResult>
    <UnitTestResult executionId="581b825e-198e-4722-8b0c-2d856bef455e" testId="515eeb7e-61d5-c493-3609-f4fff9d816c8" testName="Skillaz.Tests.Configurator.SecurityProfile.ConfiguratorSecurityProfileCandidate_feature.Candidate_is_available_by_vacancy_only_rule" computerName="DESKTOP-F6SKA47" duration="00:00:15.4478074" startTime="2021-12-16T16:27:41.4773068+03:00" endTime="2021-12-16T16:27:41.4773156+03:00" testType="13cdc9d9-ddb5-4fa4-a97d-d965ccfc6d4b" outcome="Passed" testListId="8c84fa94-04c1-424b-9868-57a2d4851a1d" relativeResultsDirectory="581b825e-198e-4722-8b0c-2d856bef455e">
      <Output>
        <StdOut>SCENARIO: Candidate is available by vacancy only rule&#xD;
  STEP 1/8: GIVEN a company...&#xD;
  STEP 1/8: GIVEN a company (Passed after 348ms)&#xD;
  STEP 2/8: AND the user with security profile [securityProfile: "SecurityProfile"]...&#xD;
  STEP 2/8: AND the user with security profile [securityProfile: "SecurityProfile"] (Passed after 773ms)&#xD;
  STEP 3/8: AND the vacancy config...&#xD;
  STEP 3/8: AND the vacancy config (Passed after 346ms)&#xD;
  STEP 4/8: AND the security profile cfg candidate vacancy only...&#xD;
  STEP 4/8: AND the security profile cfg candidate vacancy only (Passed after 327ms)&#xD;
  STEP 5/8: AND the vacancies...&#xD;
  STEP 5/8: AND the vacancies (Passed after 299ms)&#xD;
  STEP 6/8: AND the candidates with vacancies...&#xD;
  STEP 6/8: AND the candidates with vacancies (Passed after 565ms)&#xD;
  STEP 7/8: WHEN filter candidates...&#xD;
  STEP 7/8: WHEN filter candidates (Passed after 9s 519ms)&#xD;
  STEP 8/8: THEN candidate visibility check...&#xD;
  STEP 8/8: THEN candidate visibility check (Passed after &lt;1ms)&#xD;
  SCENARIO RESULT: Passed after 12s 197ms</StdOut>
      </Output>
    </UnitTestResult>
    <UnitTestResult executionId="1415593a-0080-42ca-897c-411934863738" testId="f865539f-e482-49f3-986d-75c32537a890" testName="Skillaz.Tests.TaskTracker.TaskAction_feature.Transfer_candidate_in_status_double_not_delay" computerName="DESKTOP-F6SKA47" duration="00:00:18.7948489" startTime="2021-12-16T16:22:32.0292447+03:00" endTime="2021-12-16T16:22:32.0292590+03:00" testType="13cdc9d9-ddb5-4fa4-a97d-d965ccfc6d4b" outcome="Passed" testListId="8c84fa94-04c1-424b-9868-57a2d4851a1d" relativeResultsDirectory="1415593a-0080-42ca-897c-411934863738">
      <Output>
        <StdOut>SCENARIO: Transfer candidate in status double not delay&#xD;
  STEP 1/11: GIVEN a company...&#xD;
  STEP 1/11: GIVEN a company (Passed after 225ms)&#xD;
  STEP 2/11: AND the authenticated user...&#xD;
  STEP 2/11: AND the authenticated user (Passed after 558ms)&#xD;
  STEP 3/11: AND the no delay config when status training switches to approved...&#xD;
  STEP 3/11: AND the no delay config when status training switches to approved (Passed after &lt;1ms)&#xD;
  STEP 4/11: AND the funnel and rules action for configuration...&#xD;
  STEP 4/11: AND the funnel and rules action for configuration (Passed after 253ms)&#xD;
  STEP 5/11: AND a candidate in vacancy...&#xD;
  STEP 5/11: AND a candidate in vacancy (Passed after 450ms)&#xD;
  STEP 6/11: WHEN switch candidate to status [statusTo: "training"]...&#xD;
  STEP 6/11: WHEN switch candidate to status [statusTo: "training"] (Passed after 10s 423ms)&#xD;
  STEP 7/11: THEN candidate in status [statusId: "approved"]...&#xD;
  STEP 7/11: THEN candidate in status [statusId: "approved"] (Passed after 2ms)&#xD;
  STEP 8/11: AND is finished tasks...&#xD;
  STEP 8/11: AND is finished tasks (Passed after 1ms)&#xD;
  STEP 9/11: WHEN switch candidate to status [statusTo: "training"]...&#xD;
  STEP 9/11: WHEN switch candidate to status [statusTo: "training"] (Passed after 4s 682ms)&#xD;
  STEP 10/11: THEN candidate in status [statusId: "approved"]...&#xD;
  STEP 10/11: THEN candidate in status [statusId: "approved"] (Passed after 7ms)&#xD;
  STEP 11/11: AND is finished tasks...&#xD;
  STEP 11/11: AND is finished tasks (Passed after 6ms)&#xD;
  SCENARIO RESULT: Passed after 16s 626ms</StdOut>
      </Output>
    </UnitTestResult>
    <UnitTestResult executionId="95895209-8627-4f38-82e6-cfe84dcc26d5" testId="5520a926-ee97-8b5e-27ac-51cccdfa03c2" testName="Skillaz.Tests.Configurator.FunnelProjection.FunnelProjectionFeature.Check_create_funnel_projections" computerName="DESKTOP-F6SKA47" duration="00:00:06.2164349" startTime="2021-12-16T16:17:25.5485061+03:00" endTime="2021-12-16T16:17:25.5485122+03:00" testType="13cdc9d9-ddb5-4fa4-a97d-d965ccfc6d4b" outcome="Passed" testListId="8c84fa94-04c1-424b-9868-57a2d4851a1d" relativeResultsDirectory="95895209-8627-4f38-82e6-cfe84dcc26d5">
      <Output>
        <StdOut>SCENARIO: Check create funnel projections&#xD;
  STEP 1/6: GIVEN a company...&#xD;
  STEP 1/6: GIVEN a company (Passed after 154ms)&#xD;
  STEP 2/6: AND the authenticated admin user...&#xD;
  STEP 2/6: AND the authenticated admin user (Passed after 139ms)&#xD;
  STEP 3/6: AND funnel...&#xD;
  STEP 3/6: AND funnel (Passed after 137ms)&#xD;
  STEP 4/6: AND config...&#xD;
  STEP 4/6: AND config (Passed after 1ms)&#xD;
  STEP 5/6: WHEN create...&#xD;
  STEP 5/6: WHEN create (Passed after 73ms)&#xD;
  STEP 6/6: THEN check funnel projections...&#xD;
  STEP 6/6: THEN check funnel projections (Passed after 5s 497ms)&#xD;
  SCENARIO RESULT: Passed after 6s 095ms</StdOut>
      </Output>
    </UnitTestResult>
    <UnitTestResult executionId="28f1c6ed-3ec1-4f6e-aae6-8beedd277d9f" testId="019b787c-88b2-9680-3a7b-9251d2235f77" testName="Skillaz.Tests.CompanySpecific.X5.Naumen.NaumenSlaTests.Sla_calculates_correctly_for_next_day(candidateTimeZone: 7, sla: 02:00:00, startDate: 2019-12-31T23:30:00.0000000Z, truth: [NaumenTimeRange { From = &quot;2020-01-01 07:00:00&quot;, To = &quot;2020-01-01 09:00:00&quot; }])" computerName="DESKTOP-F6SKA47" duration="00:00:00.0000379" startTime="2021-12-16T16:16:29.2891077+03:00" endTime="2021-12-16T16:16:29.2891080+03:00" testType="13cdc9d9-ddb5-4fa4-a97d-d965ccfc6d4b" outcome="Passed" testListId="8c84fa94-04c1-424b-9868-57a2d4851a1d" relativeResultsDirectory="28f1c6ed-3ec1-4f6e-aae6-8beedd277d9f" />
    <UnitTestResult executionId="cb7e9a77-b7f6-4fb9-bb19-3d7dd6fac8cf" testId="2a62cead-e620-26d3-a5ba-1cc8e4102c3f" testName="Skillaz.Tests.CompanySpecific.Mvideo.MvideoOpenApiSapAvaliablePositionsHireNeedBatchRequest_feature.CheckAvaliablePositionsInHireNeedAfterOpenApiRequest_InHold(staffCount: 6, employeesCount: 4, manualApprovedCounts: [3], batchOrgItems: (5, 4), expected: (2, Кейс 1. Размер поиска = 2))" computerName="DESKTOP-F6SKA47" duration="00:00:00.0010000" startTime="2021-12-16T16:29:36.3654064+03:00" endTime="2021-12-16T16:29:36.3654094+03:00" testType="13cdc9d9-ddb5-4fa4-a97d-d965ccfc6d4b" outcome="NotExecuted" testListId="8c84fa94-04c1-424b-9868-57a2d4851a1d" relativeResultsDirectory="cb7e9a77-b7f6-4fb9-bb19-3d7dd6fac8cf">
      <Output>
        <StdOut>Вернуть тесты после правок по потребностям Mvideo</StdOut>
      </Output>
    </UnitTestResult>
    <UnitTestResult executionId="79eb93ff-9cf9-47d4-978d-111bb2c9e006" testId="39bbe88c-a5a1-69b6-0e18-a75bb02edd6c" testName="Skillaz.Tests.CompanySpecific.X5.Naumen.NaumenSlaTests.Sla_calculates_correctly_within_one_day(candidateTimeZone: 10, sla: 03:00:00, startDate: 2019-12-31T07:00:00.0000000Z, truth: [NaumenTimeRange { From = &quot;2019-12-31 10:00:00&quot;, To = &quot;2019-12-31 13:00:00&quot; }])" computerName="DESKTOP-F6SKA47" duration="00:00:00.0000320" startTime="2021-12-16T16:16:29.0367339+03:00" endTime="2021-12-16T16:16:29.0367350+03:00" testType="13cdc9d9-ddb5-4fa4-a97d-d965ccfc6d4b" outcome="Passed" testListId="8c84fa94-04c1-424b-9868-57a2d4851a1d" relativeResultsDirectory="79eb93ff-9cf9-47d4-978d-111bb2c9e006" />
    <UnitTestResult executionId="6b1faf54-05eb-4d5b-9578-25894b307dd0" testId="019b787c-88b2-9680-3a7b-9251d2235f77" testName="Skillaz.Tests.CompanySpecific.X5.Naumen.NaumenSlaTests.Sla_calculates_correctly_for_next_day(candidateTimeZone: 11, sla: 02:00:00, startDate: 2019-12-31T10:30:00.0000000Z, truth: [NaumenTimeRange { From = &quot;2020-01-01 07:00:00&quot;, To = &quot;2020-01-01 09:00:00&quot; }])" computerName="DESKTOP-F6SKA47" duration="00:00:00.0000536" startTime="2021-12-16T16:16:29.3562894+03:00" endTime="2021-12-16T16:16:29.3562913+03:00" testType="13cdc9d9-ddb5-4fa4-a97d-d965ccfc6d4b" outcome="Passed" testListId="8c84fa94-04c1-424b-9868-57a2d4851a1d" relativeResultsDirectory="6b1faf54-05eb-4d5b-9578-25894b307dd0" />
    <UnitTestResult executionId="03065b5f-81a3-4d60-bb97-71934bcb75ff" testId="695a69c9-264c-d1c5-2032-535ef4bf39f9" testName="Skillaz.Tests.CompanySpecific.X5.Naumen.NaumenSlaTests.Sla_calculates_correctly_for_split_days(candidateTimeZone: 8, sla: 07:00:00, startDate: 2019-12-31T08:30:00.0000000Z, truth: [NaumenTimeRange { From = &quot;2019-12-31 11:30:00&quot;, To = &quot;2019-12-31 15:00:00&quot; }, NaumenTimeRange { From = &quot;2020-01-01 07:00:00&quot;, To = &quot;2020-01-01 10:30:00&quot; }])" computerName="DESKTOP-F6SKA47" duration="00:00:00.0000453" startTime="2021-12-16T16:16:29.0119208+03:00" endTime="2021-12-16T16:16:29.0119233+03:00" testType="13cdc9d9-ddb5-4fa4-a97d-d965ccfc6d4b" outcome="Passed" testListId="8c84fa94-04c1-424b-9868-57a2d4851a1d" relativeResultsDirectory="03065b5f-81a3-4d60-bb97-71934bcb75ff" />
    <UnitTestResult executionId="893f9c95-fbde-4fa7-86fc-818d05418d2c" testId="5420ffd5-3f01-c052-e212-323500089f8f" testName="Skillaz.Tests.AsyncEnumerable.AsyncEnumerableTests.Batching_works_for_async_enumerable_when_batches_are_equally_sized(genSize: 15, batchSize: 5)" computerName="DESKTOP-F6SKA47" duration="00:00:00.2151982" startTime="2021-12-16T16:16:31.3486909+03:00" endTime="2021-12-16T16:16:31.3486916+03:00" testType="13cdc9d9-ddb5-4fa4-a97d-d965ccfc6d4b" outcome="Passed" testListId="8c84fa94-04c1-424b-9868-57a2d4851a1d" relativeResultsDirectory="893f9c95-fbde-4fa7-86fc-818d05418d2c" />
    <UnitTestResult executionId="34cfef7d-c3c4-4c61-856f-ce91c55cf660" testId="019b787c-88b2-9680-3a7b-9251d2235f77" testName="Skillaz.Tests.CompanySpecific.X5.Naumen.NaumenSlaTests.Sla_calculates_correctly_for_next_day(candidateTimeZone: 9, sla: 02:00:00, startDate: 2019-12-31T15:30:00.0000000Z, truth: [NaumenTimeRange { From = &quot;2020-01-01 07:00:00&quot;, To = &quot;2020-01-01 09:00:00&quot; }])" computerName="DESKTOP-F6SKA47" duration="00:00:00.0000724" startTime="2021-12-16T16:16:29.3157383+03:00" endTime="2021-12-16T16:16:29.3157387+03:00" testType="13cdc9d9-ddb5-4fa4-a97d-d965ccfc6d4b" outcome="Passed" testListId="8c84fa94-04c1-424b-9868-57a2d4851a1d" relativeResultsDirectory="34cfef7d-c3c4-4c61-856f-ce91c55cf660" />
    <UnitTestResult executionId="a9bc8212-78d0-41e8-99ac-1ffc317cb853" testId="019b787c-88b2-9680-3a7b-9251d2235f77" testName="Skillaz.Tests.CompanySpecific.X5.Naumen.NaumenSlaTests.Sla_calculates_correctly_for_next_day(candidateTimeZone: 11, sla: 02:00:00, startDate: 2019-12-31T18:00:00.0000000Z, truth: [NaumenTimeRange { From = &quot;2020-01-01 07:00:00&quot;, To = &quot;2020-01-01 09:00:00&quot; }])" computerName="DESKTOP-F6SKA47" duration="00:00:00.0000545" startTime="2021-12-16T16:16:29.3599807+03:00" endTime="2021-12-16T16:16:29.3599813+03:00" testType="13cdc9d9-ddb5-4fa4-a97d-d965ccfc6d4b" outcome="Passed" testListId="8c84fa94-04c1-424b-9868-57a2d4851a1d" relativeResultsDirectory="a9bc8212-78d0-41e8-99ac-1ffc317cb853" />
    <UnitTestResult executionId="c4870d6b-1d52-46b8-810c-f012df7de2fb" testId="695a69c9-264c-d1c5-2032-535ef4bf39f9" testName="Skillaz.Tests.CompanySpecific.X5.Naumen.NaumenSlaTests.Sla_calculates_correctly_for_split_days(candidateTimeZone: 12, sla: 03:00:00, startDate: 2019-12-31T06:30:00.0000000Z, truth: [NaumenTimeRange { From = &quot;2019-12-31 09:30:00&quot;, To = &quot;2019-12-31 11:00:00&quot; }, NaumenTimeRange { From = &quot;2020-01-01 07:00:00&quot;, To = &quot;2020-01-01 08:30:00&quot; }])" computerName="DESKTOP-F6SKA47" duration="00:00:00.0000441" startTime="2021-12-16T16:16:29.0395744+03:00" endTime="2021-12-16T16:16:29.0395764+03:00" testType="13cdc9d9-ddb5-4fa4-a97d-d965ccfc6d4b" outcome="Passed" testListId="8c84fa94-04c1-424b-9868-57a2d4851a1d" relativeResultsDirectory="c4870d6b-1d52-46b8-810c-f012df7de2fb" />
    <UnitTestResult executionId="d1943cd1-a3d7-4777-8b41-24114e055a34" testId="86a4302c-3509-e86d-f858-8f2b7079679f" testName="Skillaz.Tests.OrgUnit.OrgUnitHierarchy_feature.Create_org_unit_with_one_hierarchy" computerName="DESKTOP-F6SKA47" duration="00:00:05.9278679" startTime="2021-12-16T16:25:10.8985831+03:00" endTime="2021-12-16T16:25:10.8985857+03:00" testType="13cdc9d9-ddb5-4fa4-a97d-d965ccfc6d4b" outcome="Passed" testListId="8c84fa94-04c1-424b-9868-57a2d4851a1d" relativeResultsDirectory="d1943cd1-a3d7-4777-8b41-24114e055a34">
      <Output>
        <StdOut>SCENARIO: Create org unit with one hierarchy&#xD;
  STEP 1/7: GIVEN a company...&#xD;
  STEP 1/7: GIVEN a company (Passed after 237ms)&#xD;
  STEP 2/7: AND the authenticated user...&#xD;
  STEP 2/7: AND the authenticated user (Passed after 489ms)&#xD;
  STEP 3/7: AND the client configuration...&#xD;
  STEP 3/7: AND the client configuration (Passed after 195ms)&#xD;
  STEP 4/7: AND the org units [orgUnitIndex: "1"] [parentOrgUnitIndexes: ""]...&#xD;
  STEP 4/7: AND the org units [orgUnitIndex: "1"] [parentOrgUnitIndexes: ""] (Passed after 376ms)&#xD;
  STEP 5/7: WHEN create children orgUnit with index [newOrgUnitIndex: "2"] [parentOrgUnitIndex: "1"]...&#xD;
  STEP 5/7: WHEN create children orgUnit with index [newOrgUnitIndex: "2"] [parentOrgUnitIndex: "1"] (Passed after 2s 055ms)&#xD;
  STEP 6/7: THEN parentIds in org unit [orgUnitIndex: "2"] [parentIndexes: "1"]...&#xD;
  STEP 6/7: THEN parentIds in org unit [orgUnitIndex: "2"] [parentIndexes: "1"] (Passed after 287ms)&#xD;
  STEP 7/7: AND hierarchy path correct [orgUnitIndex: "2"] [parentIndexes: "1"]...&#xD;
  STEP 7/7: AND hierarchy path correct [orgUnitIndex: "2"] [parentIndexes: "1"] (Passed after 108ms)&#xD;
  SCENARIO RESULT: Passed after 3s 763ms</StdOut>
      </Output>
    </UnitTestResult>
    <UnitTestResult executionId="fc5b1930-1d20-4636-93c8-15e1e793e02f" testId="019b787c-88b2-9680-3a7b-9251d2235f77" testName="Skillaz.Tests.CompanySpecific.X5.Naumen.NaumenSlaTests.Sla_calculates_correctly_for_next_day(candidateTimeZone: 12, sla: 02:00:00, startDate: 2019-12-31T12:30:00.0000000Z, truth: [NaumenTimeRange { From = &quot;2020-01-01 07:00:00&quot;, To = &quot;2020-01-01 09:00:00&quot; }])" computerName="DESKTOP-F6SKA47" duration="00:00:00.0000445" startTime="2021-12-16T16:16:29.3716415+03:00" endTime="2021-12-16T16:16:29.3716421+03:00" testType="13cdc9d9-ddb5-4fa4-a97d-d965ccfc6d4b" outcome="Passed" testListId="8c84fa94-04c1-424b-9868-57a2d4851a1d" relativeResultsDirectory="fc5b1930-1d20-4636-93c8-15e1e793e02f" />
    <UnitTestResult executionId="814e5c91-bdbb-484b-9d04-4fc79edcc983" testId="30f0423f-1b09-42b6-b637-e89467ac2f31" testName="Skillaz.Tests.Mongo.MongoFilterTests.Mongo_filter_converter_works(originalFilter: &quot;{ CompanyId: \&quot;Uber\&quot;, Appointments: { $elemMatch:&quot;..., filterPattern: &quot;{ \&quot;CompanyId\&quot; : 1, \&quot;Appointments\&quot; : { \&quot;$elemM&quot;...)" computerName="DESKTOP-F6SKA47" duration="00:00:00.2435838" startTime="2021-12-16T16:16:29.5069737+03:00" endTime="2021-12-16T16:16:29.5069777+03:00" testType="13cdc9d9-ddb5-4fa4-a97d-d965ccfc6d4b" outcome="Passed" testListId="8c84fa94-04c1-424b-9868-57a2d4851a1d" relativeResultsDirectory="814e5c91-bdbb-484b-9d04-4fc79edcc983" />
    <UnitTestResult executionId="57d5d177-1a07-49e4-9ab1-229e766e02ee" testId="019b787c-88b2-9680-3a7b-9251d2235f77" testName="Skillaz.Tests.CompanySpecific.X5.Naumen.NaumenSlaTests.Sla_calculates_correctly_for_next_day(candidateTimeZone: 7, sla: 02:00:00, startDate: 2020-01-01T04:00:00.0000000Z, truth: [NaumenTimeRange { From = &quot;2020-01-01 07:00:00&quot;, To = &quot;2020-01-01 09:00:00&quot; }])" computerName="DESKTOP-F6SKA47" duration="00:00:00.0000354" startTime="2021-12-16T16:16:29.2920184+03:00" endTime="2021-12-16T16:16:29.2920188+03:00" testType="13cdc9d9-ddb5-4fa4-a97d-d965ccfc6d4b" outcome="Passed" testListId="8c84fa94-04c1-424b-9868-57a2d4851a1d" relativeResultsDirectory="57d5d177-1a07-49e4-9ab1-229e766e02ee" />
    <UnitTestResult executionId="939ff5c4-a8a3-4672-a33e-e2febc0a7558" testId="3f893d6a-c046-5485-0054-6c46ec78b5c8" testName="Skillaz.Tests.HH.HHApiClient_feature.HH_API_client_fails_to_create_when_there_token_is_missing" computerName="DESKTOP-F6SKA47" duration="00:00:07.5476500" startTime="2021-12-16T16:23:09.3978548+03:00" endTime="2021-12-16T16:23:09.3978571+03:00" testType="13cdc9d9-ddb5-4fa4-a97d-d965ccfc6d4b" outcome="Passed" testListId="8c84fa94-04c1-424b-9868-57a2d4851a1d" relativeResultsDirectory="939ff5c4-a8a3-4672-a33e-e2febc0a7558">
      <Output>
        <StdOut>SCENARIO: HH API client fails to create when there token is missing&#xD;
  STEP 1/5: GIVEN a company with allowed employers...&#xD;
  STEP 1/5: GIVEN a company with allowed employers (Passed after 1s 211ms)&#xD;
  STEP 2/5: AND the authenticated user...&#xD;
  STEP 2/5: AND the authenticated user (Passed after 1s 835ms)&#xD;
  STEP 3/5: AND not authorized or deactivated hh account...&#xD;
  STEP 3/5: AND not authorized or deactivated hh account (Passed after 611ms)&#xD;
  STEP 4/5: WHEN api client is requested...&#xD;
  STEP 4/5: WHEN api client is requested (Passed after 14ms)&#xD;
  STEP 5/5: THEN api client fails to create with business exception...&#xD;
  STEP 5/5: THEN api client fails to create with business exception (Passed after &lt;1ms)&#xD;
  SCENARIO RESULT: Passed after 3s 685ms</StdOut>
      </Output>
    </UnitTestResult>
    <UnitTestResult executionId="c50171f9-a31d-4b5f-a8bb-d2e34f5c7be9" testId="dae202ba-4fcd-7c5f-c73b-8a1a5f973999" testName="Skillaz.Tests.Candidate.CandidateVacancyHistory_feature.Когда_кандидат_с_лимитом_истории_вакансий_переводится_на_другую_ванкасию_история_не_добавляется" computerName="DESKTOP-F6SKA47" duration="00:00:08.0720238" startTime="2021-12-16T16:25:15.6179663+03:00" endTime="2021-12-16T16:25:15.6179693+03:00" testType="13cdc9d9-ddb5-4fa4-a97d-d965ccfc6d4b" outcome="Passed" testListId="8c84fa94-04c1-424b-9868-57a2d4851a1d" relativeResultsDirectory="c50171f9-a31d-4b5f-a8bb-d2e34f5c7be9">
      <Output>
        <StdOut>SCENARIO: Когда кандидат с лимитом истории вакансий переводится на другую ванкасию история не добавляется&#xD;
  STEP 1/7: GIVEN a company...&#xD;
  STEP 1/7: GIVEN a company (Passed after 262ms)&#xD;
  STEP 2/7: AND the authenticated user...&#xD;
  STEP 2/7: AND the authenticated user (Passed after 308ms)&#xD;
  STEP 3/7: Дана вакансия...&#xD;
  STEP 3/7: Дана вакансия (Passed after 184ms)&#xD;
  STEP 4/7: Дана вакансия для трансфера...&#xD;
  STEP 4/7: Дана вакансия для трансфера (Passed after 2ms)&#xD;
  STEP 5/7: Дан кандидат с лимитом историей вакансий...&#xD;
  STEP 5/7: Дан кандидат с лимитом историей вакансий (Passed after 338ms)&#xD;
  STEP 6/7: Когда кандидат переводится на вакансию...&#xD;
  STEP 6/7: Когда кандидат переводится на вакансию (Passed after 5s 898ms)&#xD;
  STEP 7/7: Проверить что история кандидата не изменилась...&#xD;
  STEP 7/7: Проверить что история кандидата не изменилась (Passed after 24ms)&#xD;
  SCENARIO RESULT: Passed after 7s 028ms</StdOut>
      </Output>
    </UnitTestResult>
    <UnitTestResult executionId="1c5473b5-9dae-40ce-a468-79fd3f1e13f8" testId="1fc654e2-a171-bf77-3a52-672a424857fe" testName="Skillaz.Tests.Validators.RegexPatternValidator_feature.Should_return_invalid_result_for_null_pattern" computerName="DESKTOP-F6SKA47" duration="00:00:00.0511120" startTime="2021-12-16T16:26:20.0210966+03:00" endTime="2021-12-16T16:26:20.0210981+03:00" testType="13cdc9d9-ddb5-4fa4-a97d-d965ccfc6d4b" outcome="Passed" testListId="8c84fa94-04c1-424b-9868-57a2d4851a1d" relativeResultsDirectory="1c5473b5-9dae-40ce-a468-79fd3f1e13f8">
      <Output>
        <StdOut>SCENARIO: Should return invalid result for null pattern&#xD;
  STEP 1/4: GIVEN RegexPatternFieldValidator with default error message...&#xD;
  STEP 1/4: GIVEN RegexPatternFieldValidator with default error message (Passed after &lt;1ms)&#xD;
  STEP 2/4: AND document with null regex field...&#xD;
  STEP 2/4: AND document with null regex field (Passed after &lt;1ms)&#xD;
  STEP 3/4: Run validator...&#xD;
  STEP 3/4: Run validator (Passed after 2ms)&#xD;
  STEP 4/4: Assert regex pattern validator with null pattern returns not valid result...&#xD;
  STEP 4/4: Assert regex pattern validator with null pattern returns not valid result (Passed after &lt;1ms)&#xD;
  SCENARIO RESULT: Passed after 5ms</StdOut>
      </Output>
    </UnitTestResult>
    <UnitTestResult executionId="f9247211-06f1-4f12-b37a-bf4ac09ec369" testId="83bf1f64-3dd8-c8b5-e9fc-9d026172e802" testName="Skillaz.Tests.CompanySpecific.Decathlon.DecathlonRecruiterSecurityProfileCandidatesFilter_feature.Getting_allowed_candidates_from_mongo" computerName="DESKTOP-F6SKA47" duration="00:00:32.6792019" startTime="2021-12-16T16:17:58.1996631+03:00" endTime="2021-12-16T16:17:58.1996701+03:00" testType="13cdc9d9-ddb5-4fa4-a97d-d965ccfc6d4b" outcome="Passed" testListId="8c84fa94-04c1-424b-9868-57a2d4851a1d" relativeResultsDirectory="f9247211-06f1-4f12-b37a-bf4ac09ec369">
      <Output>
        <StdOut>SCENARIO: Getting allowed candidates from mongo&#xD;
  STEP 1/8: GIVEN Given vacancies...&#xD;
  STEP 1/8: GIVEN Given vacancies (Passed after 433ms)&#xD;
  STEP 2/8: AND Given orgunits...&#xD;
  STEP 2/8: AND Given orgunits (Passed after 377ms)&#xD;
  STEP 3/8: AND Given requests...&#xD;
  STEP 3/8: AND Given requests (Passed after 901ms)&#xD;
  STEP 4/8: AND Given candidates...&#xD;
  STEP 4/8: AND Given candidates (Passed after 239ms)&#xD;
  STEP 5/8: AND Given a company [companyId: "decathlonCompany"]...&#xD;
  STEP 5/8: AND Given a company [companyId: "decathlonCompany"] (Passed after 90ms)&#xD;
  STEP 6/8: AND Given authenticated user with decathlon security profile [scopeOrgUnitId: "61bb3c667f10d69374789d82"]...&#xD;
  STEP 6/8: AND Given authenticated user with decathlon security profile [scopeOrgUnitId: "61bb3c667f10d69374789d82"] (Passed after 322ms)&#xD;
  STEP 7/8: WHEN When requesting showcase candidates...&#xD;
  STEP 7/8: WHEN When requesting showcase candidates (Passed after 29s 140ms)&#xD;
  STEP 8/8: THEN Then restricted candidates list returned...&#xD;
  STEP 8/8: THEN Then restricted candidates list returned (Passed after 16ms)&#xD;
  SCENARIO RESULT: Passed after 31s 552ms</StdOut>
      </Output>
    </UnitTestResult>
    <UnitTestResult executionId="c5246e3c-18c3-4e98-94d8-0b2acbdc02a7" testId="08acea76-cb46-a433-f0e8-999081d1f845" testName="Skillaz.Tests.Configurator.Deduplication.FindRuleTest.Verify_find_rule_for_vacancy_response_type" computerName="DESKTOP-F6SKA47" duration="00:00:00.8984880" startTime="2021-12-16T16:26:46.8360068+03:00" endTime="2021-12-16T16:26:46.8360112+03:00" testType="13cdc9d9-ddb5-4fa4-a97d-d965ccfc6d4b" outcome="Passed" testListId="8c84fa94-04c1-424b-9868-57a2d4851a1d" relativeResultsDirectory="c5246e3c-18c3-4e98-94d8-0b2acbdc02a7">
      <Output>
        <StdOut>SCENARIO: Verify find rule for vacancy response type&#xD;
  STEP 1/4: GIVEN a company...&#xD;
  STEP 1/4: GIVEN a company (Passed after 195ms)&#xD;
  STEP 2/4: AND deduplication configuration [response: "ForSameVacancy"]...&#xD;
  STEP 2/4: AND deduplication configuration [response: "ForSameVacancy"] (Passed after 36ms)&#xD;
  STEP 3/4: AND rule finder context...&#xD;
  STEP 3/4: AND rule finder context (Passed after 64ms)&#xD;
  STEP 4/4: THEN rule found [existingVacancyId: "61bb3c2d7f10d69374789bc8"] [newVacancyId: "61bb3c2d7f10d69374789bc8"]...&#xD;
  STEP 4/4: THEN rule found [existingVacancyId: "61bb3c2d7f10d69374789bc8"] [newVacancyId: "61bb3c2d7f10d69374789bc8"] (Passed after 23ms)&#xD;
  SCENARIO RESULT: Passed after 643ms</StdOut>
      </Output>
    </UnitTestResult>
    <UnitTestResult executionId="b4a3d9cf-61bb-4a8b-82ff-b917897b279f" testId="8029e08e-2ec6-ed77-563f-a9762b873350" testName="Skillaz.Tests.DocumentModels.ConvertToDocument.ConvertToDocument_FromPositions_feature.Проверить_ConvertToDocument_в_FromOrgUnits" computerName="DESKTOP-F6SKA47" duration="00:00:19.5820322" startTime="2021-12-16T16:17:29.5392160+03:00" endTime="2021-12-16T16:17:29.5392243+03:00" testType="13cdc9d9-ddb5-4fa4-a97d-d965ccfc6d4b" outcome="Passed" testListId="8c84fa94-04c1-424b-9868-57a2d4851a1d" relativeResultsDirectory="b4a3d9cf-61bb-4a8b-82ff-b917897b279f">
      <Output>
        <StdOut>SCENARIO: Проверить ConvertToDocument в FromOrgUnits&#xD;
  STEP 1/6: GIVEN a company...&#xD;
  STEP 1/6: GIVEN a company (Passed after 165ms)&#xD;
  STEP 2/6: AND the authenticated user...&#xD;
  STEP 2/6: AND the authenticated user (Passed after 547ms)&#xD;
  STEP 3/6: Зарегистрировать модель вакансии...&#xD;
  STEP 3/6: Зарегистрировать модель вакансии (Passed after 583ms)&#xD;
  STEP 4/6: Добавить орг единицы в бд...&#xD;
  STEP 4/6: Добавить орг единицы в бд (Passed after 1s 852ms)&#xD;
  STEP 5/6: Создать вакансию...&#xD;
  STEP 5/6: Создать вакансию (Passed after 16s 092ms)&#xD;
  STEP 6/6: Проверить что внешние идентификаторы штаток преобразовались в идентификаторы а те что не сконвертировались остались внешними идентификаторами...&#xD;
  STEP 6/6: Проверить что внешние идентификаторы штаток преобразовались в идентификаторы а те что не сконвертировались остались внешними идентификаторами (Passed after 175ms)&#xD;
  SCENARIO RESULT: Passed after 19s 423ms</StdOut>
      </Output>
    </UnitTestResult>
    <UnitTestResult executionId="edec4505-0313-46b3-a5a8-18b7a339b703" testId="f8bf9eff-2f45-1b88-ddc4-7815e979148f" testName="Skillaz.Tests.CompanySpecific.Mvideo.MvideoPrepareBatchUpdateRequest_feature.Store_directors_roles_is_set" computerName="DESKTOP-F6SKA47" duration="00:00:00.0010000" startTime="2021-12-16T16:29:23.3032699+03:00" endTime="2021-12-16T16:29:23.3032929+03:00" testType="13cdc9d9-ddb5-4fa4-a97d-d965ccfc6d4b" outcome="NotExecuted" testListId="8c84fa94-04c1-424b-9868-57a2d4851a1d" relativeResultsDirectory="edec4505-0313-46b3-a5a8-18b7a339b703">
      <Output>
        <StdOut>Появился тест MvideoOpenApiBatchRequest_feature</StdOut>
      </Output>
    </UnitTestResult>
    <UnitTestResult executionId="520335f6-3120-411d-b48e-befb43ca82eb" testId="f7e2c3f5-b106-4925-6a51-22456fb8e34f" testName="Skillaz.Tests.Helpers.WorkingDaysHelperFeature.FindProductionDates(dateStrings: [&quot;2020-04-01&quot;, &quot;2020-04-02&quot;, &quot;2020-04-15&quot;, &quot;2020-04-16&quot;, &quot;2020-04-01&quot;, ...])" computerName="DESKTOP-F6SKA47" duration="00:00:00.0000638" startTime="2021-12-16T16:16:29.3929750+03:00" endTime="2021-12-16T16:16:29.3929753+03:00" testType="13cdc9d9-ddb5-4fa4-a97d-d965ccfc6d4b" outcome="Passed" testListId="8c84fa94-04c1-424b-9868-57a2d4851a1d" relativeResultsDirectory="520335f6-3120-411d-b48e-befb43ca82eb" />
    <UnitTestResult executionId="c946b387-fb44-467f-ad5f-bd7eae81eefe" testId="20ac2b51-4215-b649-1117-d394f7ddc223" testName="Skillaz.Tests.OpenApi.OrgStructureApi.OrgEntityStateChange_feature.Hire_need_activating_archived" computerName="DESKTOP-F6SKA47" duration="00:00:09.8206327" startTime="2021-12-16T16:27:37.4742637+03:00" endTime="2021-12-16T16:27:37.4742715+03:00" testType="13cdc9d9-ddb5-4fa4-a97d-d965ccfc6d4b" outcome="Passed" testListId="8c84fa94-04c1-424b-9868-57a2d4851a1d" relativeResultsDirectory="c946b387-fb44-467f-ad5f-bd7eae81eefe">
      <Output>
        <StdOut>SCENARIO: Hire need activating archived&#xD;
  STEP 1/7: GIVEN a company...&#xD;
  STEP 1/7: GIVEN a company (Passed after 198ms)&#xD;
  STEP 2/7: AND the authenticated api user...&#xD;
  STEP 2/7: AND the authenticated api user (Passed after 263ms)&#xD;
  STEP 3/7: AND a hire need archived...&#xD;
  STEP 3/7: AND a hire need archived (Passed after 451ms)&#xD;
  STEP 4/7: WHEN activating hire need...&#xD;
  STEP 4/7: WHEN activating hire need (Passed after 8s 105ms)&#xD;
  STEP 5/7: THEN result is ok...&#xD;
  STEP 5/7: THEN result is ok (Passed after 1ms)&#xD;
  STEP 6/7: AND hire need is active...&#xD;
  STEP 6/7: AND hire need is active (Passed after 616ms)&#xD;
  STEP 7/7: AND call publish async count one...&#xD;
  STEP 7/7: AND call publish async count one (Passed after 1ms)&#xD;
  SCENARIO RESULT: Passed after 9s 644ms</StdOut>
      </Output>
    </UnitTestResult>
    <UnitTestResult executionId="bfd9ab86-2d65-4a80-bf87-3d3353130ace" testId="695a69c9-264c-d1c5-2032-535ef4bf39f9" testName="Skillaz.Tests.CompanySpecific.X5.Naumen.NaumenSlaTests.Sla_calculates_correctly_for_split_days(candidateTimeZone: 7, sla: 04:00:00, startDate: 2019-12-31T11:00:00.0000000Z, truth: [NaumenTimeRange { From = &quot;2019-12-31 14:00:00&quot;, To = &quot;2019-12-31 16:00:00&quot; }, NaumenTimeRange { From = &quot;2020-01-01 07:00:00&quot;, To = &quot;2020-01-01 09:00:00&quot; }])" computerName="DESKTOP-F6SKA47" duration="00:00:00.0001115" startTime="2021-12-16T16:16:29.0045476+03:00" endTime="2021-12-16T16:16:29.0045480+03:00" testType="13cdc9d9-ddb5-4fa4-a97d-d965ccfc6d4b" outcome="Passed" testListId="8c84fa94-04c1-424b-9868-57a2d4851a1d" relativeResultsDirectory="bfd9ab86-2d65-4a80-bf87-3d3353130ace" />
    <UnitTestResult executionId="7b356b53-afd3-4b36-b499-84a8c89cacbe" testId="695a69c9-264c-d1c5-2032-535ef4bf39f9" testName="Skillaz.Tests.CompanySpecific.X5.Naumen.NaumenSlaTests.Sla_calculates_correctly_for_split_days(candidateTimeZone: 8, sla: 03:00:00, startDate: 2019-12-31T10:30:00.0000000Z, truth: [NaumenTimeRange { From = &quot;2019-12-31 13:30:00&quot;, To = &quot;2019-12-31 15:00:00&quot; }, NaumenTimeRange { From = &quot;2020-01-01 07:00:00&quot;, To = &quot;2020-01-01 08:30:00&quot; }])" computerName="DESKTOP-F6SKA47" duration="00:00:00.0000929" startTime="2021-12-16T16:16:29.0086052+03:00" endTime="2021-12-16T16:16:29.0086057+03:00" testType="13cdc9d9-ddb5-4fa4-a97d-d965ccfc6d4b" outcome="Passed" testListId="8c84fa94-04c1-424b-9868-57a2d4851a1d" relativeResultsDirectory="7b356b53-afd3-4b36-b499-84a8c89cacbe" />
    <UnitTestResult executionId="34399689-6161-4465-bc5c-4b881561f745" testId="019b787c-88b2-9680-3a7b-9251d2235f77" testName="Skillaz.Tests.CompanySpecific.X5.Naumen.NaumenSlaTests.Sla_calculates_correctly_for_next_day(candidateTimeZone: 10, sla: 02:00:00, startDate: 2019-12-31T17:00:00.0000000Z, truth: [NaumenTimeRange { From = &quot;2020-01-01 07:00:00&quot;, To = &quot;2020-01-01 09:00:00&quot; }])" computerName="DESKTOP-F6SKA47" duration="00:00:00.0000490" startTime="2021-12-16T16:16:29.3336032+03:00" endTime="2021-12-16T16:16:29.3336036+03:00" testType="13cdc9d9-ddb5-4fa4-a97d-d965ccfc6d4b" outcome="Passed" testListId="8c84fa94-04c1-424b-9868-57a2d4851a1d" relativeResultsDirectory="34399689-6161-4465-bc5c-4b881561f745" />
    <UnitTestResult executionId="b4a3e189-6acf-4bb0-ab89-e9c21134df4c" testId="d1d95c81-6e9b-093c-3e99-158e7985243d" testName="Skillaz.Tests.Assessment.Interviews.ProActionInterview_feature.Switching_an_interview_step" computerName="DESKTOP-F6SKA47" duration="00:00:11.4124091" startTime="2021-12-16T16:25:42.9263613+03:00" endTime="2021-12-16T16:25:42.9263649+03:00" testType="13cdc9d9-ddb5-4fa4-a97d-d965ccfc6d4b" outcome="Passed" testListId="8c84fa94-04c1-424b-9868-57a2d4851a1d" relativeResultsDirectory="b4a3e189-6acf-4bb0-ab89-e9c21134df4c">
      <Output>
        <StdOut>SCENARIO: Switching an interview step&#xD;
  STEP 1/4: GIVEN a candidate in a vacancy in a company...&#xD;
  STEP 1/4: GIVEN a candidate in a vacancy in a company (Passed after 1s 293ms)&#xD;
  STEP 2/4: AND the interview...&#xD;
  STEP 2/4: AND the interview (Passed after 2s 338ms)&#xD;
  STEP 3/4: WHEN a pro action interview step is switched...&#xD;
  STEP 3/4: WHEN a pro action interview step is switched (Passed after 6s 845ms)&#xD;
  STEP 4/4: THEN the interview should be completed...&#xD;
  STEP 4/4: THEN the interview should be completed (Passed after 175ms)&#xD;
  SCENARIO RESULT: Passed after 10s 663ms</StdOut>
      </Output>
    </UnitTestResult>
    <UnitTestResult executionId="a79c8cfe-b42a-49b2-beb7-f0b43fe34172" testId="39bbe88c-a5a1-69b6-0e18-a75bb02edd6c" testName="Skillaz.Tests.CompanySpecific.X5.Naumen.NaumenSlaTests.Sla_calculates_correctly_within_one_day(candidateTimeZone: 3, sla: 09:00:00, startDate: 2019-12-31T08:00:00.0000000Z, truth: [NaumenTimeRange { From = &quot;2019-12-31 11:00:00&quot;, To = &quot;2019-12-31 20:00:00&quot; }])" computerName="DESKTOP-F6SKA47" duration="00:00:00.0000558" startTime="2021-12-16T16:16:28.9021277+03:00" endTime="2021-12-16T16:16:28.9021281+03:00" testType="13cdc9d9-ddb5-4fa4-a97d-d965ccfc6d4b" outcome="Passed" testListId="8c84fa94-04c1-424b-9868-57a2d4851a1d" relativeResultsDirectory="a79c8cfe-b42a-49b2-beb7-f0b43fe34172" />
    <UnitTestResult executionId="72400139-7d79-4852-8150-177443896326" testId="39bbe88c-a5a1-69b6-0e18-a75bb02edd6c" testName="Skillaz.Tests.CompanySpecific.X5.Naumen.NaumenSlaTests.Sla_calculates_correctly_within_one_day(candidateTimeZone: 5, sla: 10:00:00, startDate: 2019-12-31T05:00:00.0000000Z, truth: [NaumenTimeRange { From = &quot;2019-12-31 08:00:00&quot;, To = &quot;2019-12-31 18:00:00&quot; }])" computerName="DESKTOP-F6SKA47" duration="00:00:00.0000819" startTime="2021-12-16T16:16:29.0044365+03:00" endTime="2021-12-16T16:16:29.0044368+03:00" testType="13cdc9d9-ddb5-4fa4-a97d-d965ccfc6d4b" outcome="Passed" testListId="8c84fa94-04c1-424b-9868-57a2d4851a1d" relativeResultsDirectory="72400139-7d79-4852-8150-177443896326" />
    <UnitTestResult executionId="d1023ff1-13cd-4c32-a301-55349e91f02f" testId="019b787c-88b2-9680-3a7b-9251d2235f77" testName="Skillaz.Tests.CompanySpecific.X5.Naumen.NaumenSlaTests.Sla_calculates_correctly_for_next_day(candidateTimeZone: 5, sla: 02:00:00, startDate: 2019-12-31T17:00:00.0000000Z, truth: [NaumenTimeRange { From = &quot;2020-01-01 07:00:00&quot;, To = &quot;2020-01-01 09:00:00&quot; }])" computerName="DESKTOP-F6SKA47" duration="00:00:00.0001943" startTime="2021-12-16T16:16:29.1017843+03:00" endTime="2021-12-16T16:16:29.1017850+03:00" testType="13cdc9d9-ddb5-4fa4-a97d-d965ccfc6d4b" outcome="Passed" testListId="8c84fa94-04c1-424b-9868-57a2d4851a1d" relativeResultsDirectory="d1023ff1-13cd-4c32-a301-55349e91f02f" />
    <UnitTestResult executionId="0bd66922-b80c-4e48-99dc-71022af2cb83" testId="019b787c-88b2-9680-3a7b-9251d2235f77" testName="Skillaz.Tests.CompanySpecific.X5.Naumen.NaumenSlaTests.Sla_calculates_correctly_for_next_day(candidateTimeZone: 4, sla: 02:00:00, startDate: 2020-01-01T04:30:00.0000000Z, truth: [NaumenTimeRange { From = &quot;2020-01-01 08:00:00&quot;, To = &quot;2020-01-01 10:00:00&quot; }])" computerName="DESKTOP-F6SKA47" duration="00:00:00.0000407" startTime="2021-12-16T16:16:29.0967343+03:00" endTime="2021-12-16T16:16:29.0967348+03:00" testType="13cdc9d9-ddb5-4fa4-a97d-d965ccfc6d4b" outcome="Passed" testListId="8c84fa94-04c1-424b-9868-57a2d4851a1d" relativeResultsDirectory="0bd66922-b80c-4e48-99dc-71022af2cb83" />
    <UnitTestResult executionId="5370a7c0-8090-47b3-8c2b-a2637bfee5f4" testId="a78deea3-bfb0-a1f2-ed5d-5bf346af72ac" testName="Skillaz.Tests.Assessment.Interviews.SimulationInterview_feature.Getting_a_simulation_interview" computerName="DESKTOP-F6SKA47" duration="00:00:02.1742549" startTime="2021-12-16T16:29:35.4082854+03:00" endTime="2021-12-16T16:29:35.4082886+03:00" testType="13cdc9d9-ddb5-4fa4-a97d-d965ccfc6d4b" outcome="Passed" testListId="8c84fa94-04c1-424b-9868-57a2d4851a1d" relativeResultsDirectory="5370a7c0-8090-47b3-8c2b-a2637bfee5f4">
      <Output>
        <StdOut>SCENARIO: Getting a simulation interview&#xD;
  STEP 1/4: GIVEN a candidate in a vacancy in a company...&#xD;
  STEP 1/4: GIVEN a candidate in a vacancy in a company (Passed after 544ms)&#xD;
  STEP 2/4: AND the interview...&#xD;
  STEP 2/4: AND the interview (Passed after 342ms)&#xD;
  STEP 3/4: WHEN a simulation interview is requested...&#xD;
  STEP 3/4: WHEN a simulation interview is requested (Passed after 627ms)&#xD;
  STEP 4/4: THEN a simulation interview should be retrieved...&#xD;
  STEP 4/4: THEN a simulation interview should be retrieved (Passed after &lt;1ms)&#xD;
  SCENARIO RESULT: Passed after 1s 521ms</StdOut>
      </Output>
    </UnitTestResult>
    <UnitTestResult executionId="43b937d4-2371-482b-bcaf-fa20f4221c01" testId="b5c40e53-4f35-9f2a-c7d0-67d888978dc2" testName="Skillaz.Tests.Notifications.Workflow.WorkflowNotifications_feature.Workflow_Check_that_templates_in_workflow_is_avaliable" computerName="DESKTOP-F6SKA47" duration="00:00:04.9547388" startTime="2021-12-16T16:26:12.6565843+03:00" endTime="2021-12-16T16:26:12.6565873+03:00" testType="13cdc9d9-ddb5-4fa4-a97d-d965ccfc6d4b" outcome="Passed" testListId="8c84fa94-04c1-424b-9868-57a2d4851a1d" relativeResultsDirectory="43b937d4-2371-482b-bcaf-fa20f4221c01">
      <Output>
        <StdOut>SCENARIO: Workflow Check that templates in workflow is avaliable&#xD;
  STEP 1/6: GIVEN Given a candidate in a vacancy in a company [makeCompany: "System.Func`1[Skillaz.Candidate.Contract.LegacyCompany.LegacyCompanyDocument]"]...&#xD;
  STEP 1/6: GIVEN Given a candidate in a vacancy in a company [makeCompany: "System.Func`1[Skillaz.Candidate.Contract.LegacyCompany.LegacyCompanyDocument]"] (Passed after 571ms)&#xD;
  STEP 2/6: AND Given the authenticated user...&#xD;
  STEP 2/6: AND Given the authenticated user (Passed after 454ms)&#xD;
  STEP 3/6: AND Given the ClientConfigurationForCompany...&#xD;
  STEP 3/6: AND Given the ClientConfigurationForCompany (Passed after 1s 937ms)&#xD;
  STEP 4/6: AND Given the Funnel...&#xD;
  STEP 4/6: AND Given the Funnel (Passed after 229ms)&#xD;
  STEP 5/6: AND Given the request...&#xD;
  STEP 5/6: AND Given the request (Passed after 615ms)&#xD;
  STEP 6/6: THEN Then ensure that template is founded in GetTemplates...&#xD;
  STEP 6/6: THEN Then ensure that template is founded in GetTemplates (Passed after 235ms)&#xD;
  SCENARIO RESULT: Passed after 4s 056ms</StdOut>
      </Output>
    </UnitTestResult>
    <UnitTestResult executionId="12d3fe23-c067-4bcf-a07f-2c5464e7c8b7" testId="7fd5cacf-93f0-3703-5ac8-2d90ee197f99" testName="Skillaz.Tests.Candidate.Checks.MultipleRunChecks_feature.Impossibility_to_run_second_single_check" computerName="DESKTOP-F6SKA47" duration="00:00:09.0301414" startTime="2021-12-16T16:29:05.9392608+03:00" endTime="2021-12-16T16:29:05.9392658+03:00" testType="13cdc9d9-ddb5-4fa4-a97d-d965ccfc6d4b" outcome="Passed" testListId="8c84fa94-04c1-424b-9868-57a2d4851a1d" relativeResultsDirectory="12d3fe23-c067-4bcf-a07f-2c5464e7c8b7">
      <Output>
        <StdOut>SCENARIO: Impossibility to run second single check&#xD;
  STEP 1/8: GIVEN a company...&#xD;
  STEP 1/8: GIVEN a company (Passed after 141ms)&#xD;
  STEP 2/8: AND the vacancy in the company...&#xD;
  STEP 2/8: AND the vacancy in the company (Passed after 89ms)&#xD;
  STEP 3/8: AND the authenticated user...&#xD;
  STEP 3/8: AND the authenticated user (Passed after 379ms)&#xD;
  STEP 4/8: AND a funnel...&#xD;
  STEP 4/8: AND a funnel (Passed after 143ms)&#xD;
  STEP 5/8: AND client configuration with checks workflow and model...&#xD;
  STEP 5/8: AND client configuration with checks workflow and model (Passed after 983ms)&#xD;
  STEP 6/8: AND a candidate without check...&#xD;
  STEP 6/8: AND a candidate without check (Passed after 79ms)&#xD;
  STEP 7/8: WHEN single check is started...&#xD;
  STEP 7/8: WHEN single check is started (Passed after 3s 449ms)&#xD;
  STEP 8/8: THEN ability to run another single check is unavailable...&#xD;
  STEP 8/8: THEN ability to run another single check is unavailable (Passed after 228ms)&#xD;
  SCENARIO RESULT: Passed after 5s 499ms</StdOut>
      </Output>
    </UnitTestResult>
    <UnitTestResult executionId="15f646a6-8dfa-4be3-9f19-5e32e85a3caa" testId="cf4a439c-27b0-78df-7b56-0dffca91ab7d" testName="Skillaz.Tests.Vacancy.VacancyCounters_feature.Filtration_by_hire_request_type_in_hire_request_counters_works_properly" computerName="DESKTOP-F6SKA47" duration="00:00:12.1601493" startTime="2021-12-16T16:19:28.7501146+03:00" endTime="2021-12-16T16:19:28.7501211+03:00" testType="13cdc9d9-ddb5-4fa4-a97d-d965ccfc6d4b" outcome="Passed" testListId="8c84fa94-04c1-424b-9868-57a2d4851a1d" relativeResultsDirectory="15f646a6-8dfa-4be3-9f19-5e32e85a3caa">
      <Output>
        <StdOut>SCENARIO: Filtration by hire request type in hire request counters works properly&#xD;
  STEP 1/11: GIVEN a company...&#xD;
  STEP 1/11: GIVEN a company (Passed after 229ms)&#xD;
  STEP 2/11: AND the authenticated user...&#xD;
  STEP 2/11: AND the authenticated user (Passed after 348ms)&#xD;
  STEP 3/11: AND the client configuration for company...&#xD;
  STEP 3/11: AND the client configuration for company (Passed after 2s 383ms)&#xD;
  STEP 4/11: AND vacancy counter configuration [documentModelCountersConfigurationDto: "Skillaz.Configurator.Contract.DocumentModel.DocumentModelCountersConfigurationDto"]...&#xD;
  STEP 4/11: AND vacancy counter configuration [documentModelCountersConfigurationDto: "Skillaz.Configurator.Contract.DocumentModel.DocumentModelCountersConfigurationDto"] (Passed after 258ms)&#xD;
  STEP 5/11: AND a vacancy "Skillaz.Candidate.Contract.LegacyVacancy.LegacyVacancyDocument"...&#xD;
  STEP 5/11: AND a vacancy "Skillaz.Candidate.Contract.LegacyVacancy.LegacyVacancyDocument" (Passed after 206ms)&#xD;
  STEP 6/11: AND a vacancy "Skillaz.Candidate.Contract.LegacyVacancy.LegacyVacancyDocument"...&#xD;
  STEP 6/11: AND a vacancy "Skillaz.Candidate.Contract.LegacyVacancy.LegacyVacancyDocument" (Passed after 5ms)&#xD;
  STEP 7/11: AND hire request [hireRequest: "Skillaz.Candidate.Contract.Request.RequestDocument"]...&#xD;
  STEP 7/11: AND hire request [hireRequest: "Skillaz.Candidate.Contract.Request.RequestDocument"] (Passed after 269ms)&#xD;
  STEP 8/11: AND hire request [hireRequest: "Skillaz.Candidate.Contract.Request.RequestDocument"]...&#xD;
  STEP 8/11: AND hire request [hireRequest: "Skillaz.Candidate.Contract.Request.RequestDocument"] (Passed after 6ms)&#xD;
  STEP 9/11: WHEN getting vacancy counters for [vacancyIds: "first-vac, second-vac"]...&#xD;
  STEP 9/11: WHEN getting vacancy counters for [vacancyIds: "first-vac, second-vac"] (Passed after 5s 196ms)&#xD;
  STEP 10/11: THEN hire requests counter should display [vacancyId: "first-vac"] [counterName: "Новые дефолтные заявки"] [count: "1"]...&#xD;
  STEP 10/11: THEN hire requests counter should display [vacancyId: "first-vac"] [counterName: "Новые дефолтные заявки"] [count: "1"] (Passed after 68ms)&#xD;
  STEP 11/11: AND hire requests counter should display [vacancyId: "second-vac"] [counterName: "Новые дефолтные заявки"] [count: "0"]...&#xD;
  STEP 11/11: AND hire requests counter should display [vacancyId: "second-vac"] [counterName: "Новые дефолтные заявки"] [count: "0"] (Passed after &lt;1ms)&#xD;
  SCENARIO RESULT: Passed after 9s 205ms</StdOut>
      </Output>
    </UnitTestResult>
    <UnitTestResult executionId="5680c17d-f5e0-44d5-8768-424d5ab6af84" testId="f57f44ff-3cd8-c36a-b19f-dba6c92d5304" testName="Skillaz.Tests.CompanySpecific.Sberbank.SberPositionsTests.SberPositionCommand_should_work_as_expected(vacancyName: &quot;Старший клиентский менеджер&quot;, expectedPositionId: &quot;sales&quot;)" computerName="DESKTOP-F6SKA47" duration="00:00:00.0002692" startTime="2021-12-16T16:16:29.6711853+03:00" endTime="2021-12-16T16:16:29.6711862+03:00" testType="13cdc9d9-ddb5-4fa4-a97d-d965ccfc6d4b" outcome="Passed" testListId="8c84fa94-04c1-424b-9868-57a2d4851a1d" relativeResultsDirectory="5680c17d-f5e0-44d5-8768-424d5ab6af84" />
    <UnitTestResult executionId="7ddee89f-6424-4c51-a2d6-c350d30e8ab2" testId="4dc4f32d-9bfb-fd1b-9b0e-f58bba0e6da4" testName="Skillaz.Tests.Configurator.DocumentModel.ObjectTypeOrgUnit.Орг_единицы" computerName="DESKTOP-F6SKA47" duration="00:00:24.4828875" startTime="2021-12-16T16:16:52.3438092+03:00" endTime="2021-12-16T16:16:52.3438202+03:00" testType="13cdc9d9-ddb5-4fa4-a97d-d965ccfc6d4b" outcome="Passed" testListId="8c84fa94-04c1-424b-9868-57a2d4851a1d" relativeResultsDirectory="7ddee89f-6424-4c51-a2d6-c350d30e8ab2">
      <Output>
        <StdOut>SCENARIO: Орг единицы&#xD;
  STEP 1/5: GIVEN a company...&#xD;
  STEP 1/5: GIVEN a company (Passed after 3s 243ms)&#xD;
  STEP 2/5: AND the authenticated user...&#xD;
  STEP 2/5: AND the authenticated user (Passed after 1s 422ms)&#xD;
  STEP 3/5: Загрузить модель ОЕ...&#xD;
  STEP 3/5: Загрузить модель ОЕ (Passed after 17s 160ms)&#xD;
  STEP 4/5: Проверить что модель ОЕ загружена...&#xD;
  STEP 4/5: Проверить что модель ОЕ загружена (Passed after 1s 755ms)&#xD;
  STEP 5/5: Проверить что есть рекомендованные поля для ОЕ...&#xD;
  STEP 5/5: Проверить что есть рекомендованные поля для ОЕ (Passed after 105ms)&#xD;
  SCENARIO RESULT: Passed after 23s 811ms</StdOut>
      </Output>
    </UnitTestResult>
    <UnitTestResult executionId="793cedb7-2ac0-441e-a106-887bc8973861" testId="cf1d41b0-c511-1d81-4be6-ffdde60f1ca2" testName="Skillaz.Tests.Notifications.AvitoMessenger_feature.Get_chat_info_by_candidate" computerName="DESKTOP-F6SKA47" duration="00:00:05.1039015" startTime="2021-12-16T16:24:45.3599445+03:00" endTime="2021-12-16T16:24:45.3599465+03:00" testType="13cdc9d9-ddb5-4fa4-a97d-d965ccfc6d4b" outcome="Passed" testListId="8c84fa94-04c1-424b-9868-57a2d4851a1d" relativeResultsDirectory="793cedb7-2ac0-441e-a106-887bc8973861">
      <Output>
        <StdOut>SCENARIO: Get chat info by candidate&#xD;
  STEP 1/7: GIVEN a company...&#xD;
  STEP 1/7: GIVEN a company (Passed after 315ms)&#xD;
  STEP 2/7: AND a candidate in a vacancy in a company...&#xD;
  STEP 2/7: AND a candidate in a vacancy in a company (Passed after 972ms)&#xD;
  STEP 3/7: AND avito account...&#xD;
  STEP 3/7: AND avito account (Passed after 466ms)&#xD;
  STEP 4/7: AND candidate negotication and avito chat...&#xD;
  STEP 4/7: AND candidate negotication and avito chat (Passed after 1s 647ms)&#xD;
  STEP 5/7: AND the authenticated user...&#xD;
  STEP 5/7: AND the authenticated user (Passed after 604ms)&#xD;
  STEP 6/7: WHEN request chat info by candidate id...&#xD;
  STEP 6/7: WHEN request chat info by candidate id (Passed after 785ms)&#xD;
  STEP 7/7: THEN candidate chat info isnt empty...&#xD;
  STEP 7/7: THEN candidate chat info isnt empty (Passed after 23ms)&#xD;
  SCENARIO RESULT: Passed after 4s 828ms</StdOut>
      </Output>
    </UnitTestResult>
    <UnitTestResult executionId="3509d15d-37ca-4216-91b6-3388bb892c02" testId="23edb2c8-fcbd-621b-a3de-18d3790e4cf6" testName="Skillaz.Tests.Assessment.Questionnaires.VideoQuestionnaire_feature.Getting_a_questionnaire" computerName="DESKTOP-F6SKA47" duration="00:00:06.4088976" startTime="2021-12-16T16:19:42.3683215+03:00" endTime="2021-12-16T16:19:42.3683281+03:00" testType="13cdc9d9-ddb5-4fa4-a97d-d965ccfc6d4b" outcome="Passed" testListId="8c84fa94-04c1-424b-9868-57a2d4851a1d" relativeResultsDirectory="3509d15d-37ca-4216-91b6-3388bb892c02">
      <Output>
        <StdOut>SCENARIO: Getting a questionnaire&#xD;
  STEP 1/5: GIVEN a company...&#xD;
  STEP 1/5: GIVEN a company (Passed after 597ms)&#xD;
  STEP 2/5: AND the authenticated user...&#xD;
  STEP 2/5: AND the authenticated user (Passed after 1s 526ms)&#xD;
  STEP 3/5: AND the questionnaire...&#xD;
  STEP 3/5: AND the questionnaire (Passed after 817ms)&#xD;
  STEP 4/5: WHEN questionnaire is requested...&#xD;
  STEP 4/5: WHEN questionnaire is requested (Passed after 721ms)&#xD;
  STEP 5/5: Questionnaire should be retrieved...&#xD;
  STEP 5/5: Questionnaire should be retrieved (Passed after &lt;1ms)&#xD;
  SCENARIO RESULT: Passed after 3s 880ms</StdOut>
      </Output>
    </UnitTestResult>
    <UnitTestResult executionId="cf5e9e42-200a-4563-be8c-ce6f6942e0e9" testId="b3a66bc6-f596-05c7-89c8-4a1cb54f0d86" testName="Skillaz.Tests.WebHooks.WebHooks_feature.AsynchronousWebHookTestCreated" computerName="DESKTOP-F6SKA47" duration="00:00:02.6737217" startTime="2021-12-16T16:22:14.7900569+03:00" endTime="2021-12-16T16:22:14.7900592+03:00" testType="13cdc9d9-ddb5-4fa4-a97d-d965ccfc6d4b" outcome="Passed" testListId="8c84fa94-04c1-424b-9868-57a2d4851a1d" relativeResultsDirectory="cf5e9e42-200a-4563-be8c-ce6f6942e0e9">
      <Output>
        <StdOut>SCENARIO: AsynchronousWebHookTestCreated&#xD;
  STEP 1/5: GIVEN a company...&#xD;
  STEP 1/5: GIVEN a company (Passed after 53ms)&#xD;
  STEP 2/5: AND the authenticated user...&#xD;
  STEP 2/5: AND the authenticated user (Passed after 141ms)&#xD;
  STEP 3/5: AND a asynchronous subscription...&#xD;
  STEP 3/5: AND a asynchronous subscription (Passed after 95ms)&#xD;
  STEP 4/5: WHEN web hook test created...&#xD;
  STEP 4/5: WHEN web hook test created (Passed after 946ms)&#xD;
  STEP 5/5: THEN hook should be sent acknowledged and received callback...&#xD;
  STEP 5/5: THEN hook should be sent acknowledged and received callback (Passed after &lt;1ms)&#xD;
  SCENARIO RESULT: Passed after 1s 240ms</StdOut>
      </Output>
    </UnitTestResult>
    <UnitTestResult executionId="99de22e7-55ea-478a-924f-4ef4f6d0b8b4" testId="c8eb849b-c7a9-aaee-12fe-a5387bbfd05e" testName="Skillaz.Tests.Configurator.ConfiguratorApiEditTests.Объект_конфигуратора_создается_и_редактируется" computerName="DESKTOP-F6SKA47" duration="00:00:37.1171723" startTime="2021-12-16T16:17:04.9813280+03:00" endTime="2021-12-16T16:17:04.9813463+03:00" testType="13cdc9d9-ddb5-4fa4-a97d-d965ccfc6d4b" outcome="Passed" testListId="8c84fa94-04c1-424b-9868-57a2d4851a1d" relativeResultsDirectory="99de22e7-55ea-478a-924f-4ef4f6d0b8b4">
      <Output>
        <StdOut>SCENARIO: Объект конфигуратора создается и редактируется&#xD;
  STEP 1/7: GIVEN a company [companyDocument: "Skillaz.Candidate.Contract.LegacyCompany.LegacyCompanyDocument"]...&#xD;
  STEP 1/7: GIVEN a company [companyDocument: "Skillaz.Candidate.Contract.LegacyCompany.LegacyCompanyDocument"] (Passed after 3s 155ms)&#xD;
  STEP 2/7: AND the authenticated user...&#xD;
  STEP 2/7: AND the authenticated user (Passed after 1s 324ms)&#xD;
  STEP 3/7: Выдать пользователю нужные права...&#xD;
  STEP 3/7: Выдать пользователю нужные права (Passed after &lt;1ms)&#xD;
  STEP 4/7: Получить модель для нового объекта...&#xD;
  STEP 4/7: Получить модель для нового объекта (Passed after 19s 885ms)&#xD;
  STEP 5/7: Обновить модель для нового объекта...&#xD;
  STEP 5/7: Обновить модель для нового объекта (Passed after 2s 073ms)&#xD;
  STEP 6/7: Создать новый объект черновик...&#xD;
  STEP 6/7: Создать новый объект черновик (Passed after 873ms)&#xD;
  STEP 7/7: Сохранить черновик...&#xD;
  STEP 7/7: Сохранить черновик (Passed after 9s 300ms)&#xD;
  SCENARIO RESULT: Passed after 36s 822ms</StdOut>
      </Output>
    </UnitTestResult>
    <UnitTestResult executionId="22f19a45-7ba5-42bf-b455-6470cacddc56" testId="15e0d906-307f-1e45-3bd5-7d4b45322396" testName="Skillaz.Tests.CustomFilters.CandidateCustomFilters.Check_filters_options" computerName="DESKTOP-F6SKA47" duration="00:00:21.9109534" startTime="2021-12-16T16:26:08.3714045+03:00" endTime="2021-12-16T16:26:08.3714072+03:00" testType="13cdc9d9-ddb5-4fa4-a97d-d965ccfc6d4b" outcome="Passed" testListId="8c84fa94-04c1-424b-9868-57a2d4851a1d" relativeResultsDirectory="22f19a45-7ba5-42bf-b455-6470cacddc56">
      <Output>
        <StdOut>SCENARIO: Check filters options&#xD;
  STEP 1/8: GIVEN a company...&#xD;
  STEP 1/8: GIVEN a company (Passed after 203ms)&#xD;
  STEP 2/8: AND the authenticated user...&#xD;
  STEP 2/8: AND the authenticated user (Passed after 795ms)&#xD;
  STEP 3/8: AND the client configuration for company...&#xD;
  STEP 3/8: AND the client configuration for company (Passed after 1s 293ms)&#xD;
  STEP 4/8: AND the vacancy in the company...&#xD;
  STEP 4/8: AND the vacancy in the company (Passed after 122ms)&#xD;
  STEP 5/8: AND a candidates...&#xD;
  STEP 5/8: AND a candidates (Passed after &lt;1ms)&#xD;
  STEP 6/8: AND a filter...&#xD;
  STEP 6/8: AND a filter (Passed after 2ms)&#xD;
  STEP 7/8: WHEN filter created...&#xD;
  STEP 7/8: WHEN filter created (Passed after 14s 409ms)&#xD;
  STEP 8/8: THEN filter options applied...&#xD;
  STEP 8/8: THEN filter options applied (Passed after 4s 079ms)&#xD;
  SCENARIO RESULT: Passed after 21s 139ms</StdOut>
      </Output>
    </UnitTestResult>
    <UnitTestResult executionId="2687f2b3-1a90-4fe3-b012-705ab178ef6f" testId="b9961a83-e014-36f4-2b15-aefd5bfb9a01" testName="Skillaz.Tests.Validators.ListSizeFieldValidator_feature.Should_show_overriden_size_not_equal_error_message_when_validate" computerName="DESKTOP-F6SKA47" duration="00:00:00.0345168" startTime="2021-12-16T16:28:34.6483642+03:00" endTime="2021-12-16T16:28:34.6483661+03:00" testType="13cdc9d9-ddb5-4fa4-a97d-d965ccfc6d4b" outcome="Passed" testListId="8c84fa94-04c1-424b-9868-57a2d4851a1d" relativeResultsDirectory="2687f2b3-1a90-4fe3-b012-705ab178ef6f">
      <Output>
        <StdOut>SCENARIO: Should show overriden size not equal error message when validate&#xD;
  STEP 1/6: GIVEN min size and max value equals two...&#xD;
  STEP 1/6: GIVEN min size and max value equals two (Passed after &lt;1ms)&#xD;
  STEP 2/6: AND ListSizeFieldValidator with overriden error messages...&#xD;
  STEP 2/6: AND ListSizeFieldValidator with overriden error messages (Passed after &lt;1ms)&#xD;
  STEP 3/6: AND document with valid string list field...&#xD;
  STEP 3/6: AND document with valid string list field (Passed after &lt;1ms)&#xD;
  STEP 4/6: Run validator...&#xD;
  STEP 4/6: Run validator (Passed after &lt;1ms)&#xD;
  STEP 5/6: Assert result is not valid...&#xD;
  STEP 5/6: Assert result is not valid (Passed after &lt;1ms)&#xD;
  STEP 6/6: Assert overriden size not equal error message in validation result...&#xD;
  STEP 6/6: Assert overriden size not equal error message in validation result (Passed after &lt;1ms)&#xD;
  SCENARIO RESULT: Passed after 2ms</StdOut>
      </Output>
    </UnitTestResult>
    <UnitTestResult executionId="96cff08a-8e71-4bb8-ad04-20c5736702b6" testId="019b787c-88b2-9680-3a7b-9251d2235f77" testName="Skillaz.Tests.CompanySpecific.X5.Naumen.NaumenSlaTests.Sla_calculates_correctly_for_next_day(candidateTimeZone: 10, sla: 02:00:00, startDate: 2019-12-31T18:00:00.0000000Z, truth: [NaumenTimeRange { From = &quot;2020-01-01 07:00:00&quot;, To = &quot;2020-01-01 09:00:00&quot; }])" computerName="DESKTOP-F6SKA47" duration="00:00:00.0000309" startTime="2021-12-16T16:16:29.3337187+03:00" endTime="2021-12-16T16:16:29.3337190+03:00" testType="13cdc9d9-ddb5-4fa4-a97d-d965ccfc6d4b" outcome="Passed" testListId="8c84fa94-04c1-424b-9868-57a2d4851a1d" relativeResultsDirectory="96cff08a-8e71-4bb8-ad04-20c5736702b6" />
    <UnitTestResult executionId="3cd94ab6-0a6c-4444-bb7d-019c290531df" testId="0f531e69-1f12-1190-aa68-05486f6ccf03" testName="Skillaz.Tests.Candidate.RestrictionsVisibilityCandidatesStatuses_feature.User_has_no_restrictions_user_is_admin" computerName="DESKTOP-F6SKA47" duration="00:00:00.9231457" startTime="2021-12-16T16:26:20.9413116+03:00" endTime="2021-12-16T16:26:20.9413150+03:00" testType="13cdc9d9-ddb5-4fa4-a97d-d965ccfc6d4b" outcome="Passed" testListId="8c84fa94-04c1-424b-9868-57a2d4851a1d" relativeResultsDirectory="3cd94ab6-0a6c-4444-bb7d-019c290531df">
      <Output>
        <StdOut>SCENARIO: User has no restrictions user is admin&#xD;
  STEP 1/5: GIVEN a company [companyId: "testCompany"]...&#xD;
  STEP 1/5: GIVEN a company [companyId: "testCompany"] (Passed after 162ms)&#xD;
  STEP 2/5: AND current User With no restrictions...&#xD;
  STEP 2/5: AND current User With no restrictions (Passed after 93ms)&#xD;
  STEP 3/5: AND a candidate with equal funnel and status...&#xD;
  STEP 3/5: AND a candidate with equal funnel and status (Passed after 184ms)&#xD;
  STEP 4/5: WHEN CandidateFilterProcessor is filtered...&#xD;
  STEP 4/5: WHEN CandidateFilterProcessor is filtered (Passed after 389ms)&#xD;
  STEP 5/5: It should be one candidate in result...&#xD;
  STEP 5/5: It should be one candidate in result (Passed after 1ms)&#xD;
  SCENARIO RESULT: Passed after 842ms</StdOut>
      </Output>
    </UnitTestResult>
    <UnitTestResult executionId="73996da1-fae1-4596-8f3e-5c667984c3a1" testId="019b787c-88b2-9680-3a7b-9251d2235f77" testName="Skillaz.Tests.CompanySpecific.X5.Naumen.NaumenSlaTests.Sla_calculates_correctly_for_next_day(candidateTimeZone: 6, sla: 02:00:00, startDate: 2019-12-31T18:00:00.0000000Z, truth: [NaumenTimeRange { From = &quot;2020-01-01 07:00:00&quot;, To = &quot;2020-01-01 09:00:00&quot; }])" computerName="DESKTOP-F6SKA47" duration="00:00:00.0005697" startTime="2021-12-16T16:16:29.1205585+03:00" endTime="2021-12-16T16:16:29.1205607+03:00" testType="13cdc9d9-ddb5-4fa4-a97d-d965ccfc6d4b" outcome="Passed" testListId="8c84fa94-04c1-424b-9868-57a2d4851a1d" relativeResultsDirectory="73996da1-fae1-4596-8f3e-5c667984c3a1" />
    <UnitTestResult executionId="4d513da4-9375-4a3c-94f2-7a34574e219c" testId="472203bc-d05c-64f9-ce88-46acdbe6bd8e" testName="Расширение файла не должно совпадать с его содержимым(fileName: &quot;HtmlAsDoc.doc&quot;, alterName: &quot;.doc&quot;)" computerName="DESKTOP-F6SKA47" duration="00:00:00.0658875" startTime="2021-12-16T16:16:30.8808907+03:00" endTime="2021-12-16T16:16:30.8808964+03:00" testType="13cdc9d9-ddb5-4fa4-a97d-d965ccfc6d4b" outcome="Passed" testListId="8c84fa94-04c1-424b-9868-57a2d4851a1d" relativeResultsDirectory="4d513da4-9375-4a3c-94f2-7a34574e219c" />
    <UnitTestResult executionId="9920b8e4-87b2-43bf-a8f2-2a43d07a83c0" testId="9b6250b3-8447-932a-3233-024575ad8065" testName="Skillaz.Tests.Controllers.Controllers_feature.Check_endpoints_duplicates" computerName="DESKTOP-F6SKA47" duration="00:00:17.3030944" startTime="2021-12-16T16:18:55.3223536+03:00" endTime="2021-12-16T16:18:55.3223571+03:00" testType="13cdc9d9-ddb5-4fa4-a97d-d965ccfc6d4b" outcome="Passed" testListId="8c84fa94-04c1-424b-9868-57a2d4851a1d" relativeResultsDirectory="9920b8e4-87b2-43bf-a8f2-2a43d07a83c0">
      <Output>
        <StdOut>SCENARIO: Check endpoints duplicates&#xD;
  STEP 1/2: WHEN endpoints list is requested...&#xD;
  STEP 1/2: WHEN endpoints list is requested (Passed after 17s 202ms)&#xD;
  STEP 2/2: THEN there are no duplicated endpoints...&#xD;
  STEP 2/2: THEN there are no duplicated endpoints (Passed after &lt;1ms)&#xD;
  SCENARIO RESULT: Passed after 17s 204ms</StdOut>
      </Output>
    </UnitTestResult>
    <UnitTestResult executionId="2bbf3cef-85ee-4d8c-ab99-524784974097" testId="d537d5d5-5b52-80d5-1b17-6fd29b10aabb" testName="Skillaz.Tests.OpenApi.HireRequestOpenApi.FindRequests_feature.Request_filter_with_external_ids" computerName="DESKTOP-F6SKA47" duration="00:00:05.8235589" startTime="2021-12-16T16:26:12.4001870+03:00" endTime="2021-12-16T16:26:12.4001898+03:00" testType="13cdc9d9-ddb5-4fa4-a97d-d965ccfc6d4b" outcome="Passed" testListId="8c84fa94-04c1-424b-9868-57a2d4851a1d" relativeResultsDirectory="2bbf3cef-85ee-4d8c-ab99-524784974097">
      <Output>
        <StdOut>SCENARIO: Request filter with external ids&#xD;
  STEP 1/7: GIVEN a company...&#xD;
  STEP 1/7: GIVEN a company (Passed after 639ms)&#xD;
  STEP 2/7: AND client configuration with check workflow and model...&#xD;
  STEP 2/7: AND client configuration with check workflow and model (Passed after 1s 902ms)&#xD;
  STEP 3/7: AND the authenticated api user...&#xD;
  STEP 3/7: AND the authenticated api user (Passed after 372ms)&#xD;
  STEP 4/7: AND the vacancy in the company...&#xD;
  STEP 4/7: AND the vacancy in the company (Passed after 99ms)&#xD;
  STEP 5/7: AND a hire request with external id...&#xD;
  STEP 5/7: AND a hire request with external id (Passed after 359ms)&#xD;
  STEP 6/7: WHEN hire request filter with external ids...&#xD;
  STEP 6/7: WHEN hire request filter with external ids (Passed after 1s 245ms)&#xD;
  STEP 7/7: THEN hire requests with external ids...&#xD;
  STEP 7/7: THEN hire requests with external ids (Passed after 376ms)&#xD;
  SCENARIO RESULT: Passed after 5s 015ms</StdOut>
      </Output>
    </UnitTestResult>
    <UnitTestResult executionId="4fd4d31b-5bc0-45de-a451-cbb7b6eecbb1" testId="98ac1a9b-6a87-dea6-f328-d45565ab8a74" testName="Skillaz.Tests.Candidate.CandidateCard_feature.Current_appointment_must_be_not_null_for_status_without_appointment_with_feature" computerName="DESKTOP-F6SKA47" duration="00:00:01.6095052" startTime="2021-12-16T16:24:52.1599480+03:00" endTime="2021-12-16T16:24:52.1599566+03:00" testType="13cdc9d9-ddb5-4fa4-a97d-d965ccfc6d4b" outcome="Passed" testListId="8c84fa94-04c1-424b-9868-57a2d4851a1d" relativeResultsDirectory="4fd4d31b-5bc0-45de-a451-cbb7b6eecbb1">
      <Output>
        <StdOut>SCENARIO: Current appointment must be not null for status without appointment with feature&#xD;
  STEP 1/7: GIVEN a company...&#xD;
  STEP 1/7: GIVEN a company (Passed after 66ms)&#xD;
  STEP 2/7: AND a PermanentDisplayOfLastAppointment system feature...&#xD;
  STEP 2/7: AND a PermanentDisplayOfLastAppointment system feature (Passed after 13ms)&#xD;
  STEP 3/7: AND the authenticated user...&#xD;
  STEP 3/7: AND the authenticated user (Passed after 164ms)&#xD;
  STEP 4/7: AND the vacancies in the company...&#xD;
  STEP 4/7: AND the vacancies in the company (Passed after 142ms)&#xD;
  STEP 5/7: AND a candidate with previous appointment...&#xD;
  STEP 5/7: AND a candidate with previous appointment (Passed after 61ms)&#xD;
  STEP 6/7: WHEN get candidate card...&#xD;
  STEP 6/7: WHEN get candidate card (Passed after 1s 147ms)&#xD;
  STEP 7/7: THEN candidates current appointment must not be null...&#xD;
  STEP 7/7: THEN candidates current appointment must not be null (Passed after &lt;1ms)&#xD;
  SCENARIO RESULT: Passed after 1s 600ms</StdOut>
      </Output>
    </UnitTestResult>
    <UnitTestResult executionId="a2881983-dfcb-43ba-ab3a-6cc5b70f2473" testId="e6da6e17-a7dc-372a-d00f-51995b4afae5" testName="Skillaz.Tests.Candidate.Elastic.CandidateElasticFiltration_feature.Retrieving_a_candidate_by_existing_request_id" computerName="DESKTOP-F6SKA47" duration="00:00:00.0010000" startTime="2021-12-16T16:24:39.9014091+03:00" endTime="2021-12-16T16:24:39.9014105+03:00" testType="13cdc9d9-ddb5-4fa4-a97d-d965ccfc6d4b" outcome="NotExecuted" testListId="8c84fa94-04c1-424b-9868-57a2d4851a1d" relativeResultsDirectory="a2881983-dfcb-43ba-ab3a-6cc5b70f2473">
      <Output>
        <StdOut>You need Elasticsearch 7.5 local instance on 9200 port</StdOut>
      </Output>
    </UnitTestResult>
    <UnitTestResult executionId="2788041e-1577-4bf2-917d-54cf4f3bdf89" testId="089c705b-b0a2-4f20-0336-babaab0a0141" testName="Skillaz.Tests.Configurator.DocumentModel.MaskFeature.Проверить_настройку_маски_полей" computerName="DESKTOP-F6SKA47" duration="00:00:01.6391252" startTime="2021-12-16T16:18:36.6941587+03:00" endTime="2021-12-16T16:18:36.6941612+03:00" testType="13cdc9d9-ddb5-4fa4-a97d-d965ccfc6d4b" outcome="Passed" testListId="8c84fa94-04c1-424b-9868-57a2d4851a1d" relativeResultsDirectory="2788041e-1577-4bf2-917d-54cf4f3bdf89">
      <Output>
        <StdOut>SCENARIO: Проверить настройку маски полей&#xD;
  STEP 1/4: GIVEN Given a company...&#xD;
  STEP 1/4: GIVEN Given a company (Passed after 200ms)&#xD;
  STEP 2/4: AND Given the authenticated user...&#xD;
  STEP 2/4: AND Given the authenticated user (Passed after 261ms)&#xD;
  STEP 3/4: AND Определить модель ОЕ...&#xD;
  STEP 3/4: AND Определить модель ОЕ (Passed after 469ms)&#xD;
  STEP 4/4: AND Проверить что модель создается и маски полей верные...&#xD;
  STEP 4/4: AND Проверить что модель создается и маски полей верные (Passed after 384ms)&#xD;
  SCENARIO RESULT: Passed after 1s 406ms</StdOut>
      </Output>
    </UnitTestResult>
    <UnitTestResult executionId="9749abfe-b042-4237-b68a-843bcc706bdc" testId="019b787c-88b2-9680-3a7b-9251d2235f77" testName="Skillaz.Tests.CompanySpecific.X5.Naumen.NaumenSlaTests.Sla_calculates_correctly_for_next_day(candidateTimeZone: 10, sla: 02:00:00, startDate: 2019-12-31T13:30:00.0000000Z, truth: [NaumenTimeRange { From = &quot;2020-01-01 07:00:00&quot;, To = &quot;2020-01-01 09:00:00&quot; }])" computerName="DESKTOP-F6SKA47" duration="00:00:00.0000407" startTime="2021-12-16T16:16:29.3283641+03:00" endTime="2021-12-16T16:16:29.3283645+03:00" testType="13cdc9d9-ddb5-4fa4-a97d-d965ccfc6d4b" outcome="Passed" testListId="8c84fa94-04c1-424b-9868-57a2d4851a1d" relativeResultsDirectory="9749abfe-b042-4237-b68a-843bcc706bdc" />
    <UnitTestResult executionId="07412840-0230-4524-892a-7af6b6b601b8" testId="4369dcf1-5e2f-7531-13b2-59e2fe71e139" testName="Skillaz.Tests.CompanySpecific.Perekrestok.PerekrestokInterimResponsible_feature.Updating_responsible_id_when_responsible_is_not_interim" computerName="DESKTOP-F6SKA47" duration="00:00:05.6313658" startTime="2021-12-16T16:22:12.7469682+03:00" endTime="2021-12-16T16:22:12.7469713+03:00" testType="13cdc9d9-ddb5-4fa4-a97d-d965ccfc6d4b" outcome="Passed" testListId="8c84fa94-04c1-424b-9868-57a2d4851a1d" relativeResultsDirectory="07412840-0230-4524-892a-7af6b6b601b8">
      <Output>
        <StdOut>SCENARIO: Updating responsible id when responsible is not interim&#xD;
  STEP 1/5: GIVEN a company [companyId: "PerekrestokCompany"]...&#xD;
  STEP 1/5: GIVEN a company [companyId: "PerekrestokCompany"] (Passed after 201ms)&#xD;
  STEP 2/5: AND the authenticated api user...&#xD;
  STEP 2/5: AND the authenticated api user (Passed after 757ms)&#xD;
  STEP 3/5: AND Given orgunit where is responsible iterim is [isResponsibleInterim: "False"]...&#xD;
  STEP 3/5: AND Given orgunit where is responsible iterim is [isResponsibleInterim: "False"] (Passed after 540ms)&#xD;
  STEP 4/5: WHEN When open api batch update is processed...&#xD;
  STEP 4/5: WHEN When open api batch update is processed (Passed after 3s 496ms)&#xD;
  STEP 5/5: THEN Then responsible id should be [responsibleId: "newResponsibleId"]...&#xD;
  STEP 5/5: THEN Then responsible id should be [responsibleId: "newResponsibleId"] (Passed after 1ms)&#xD;
  SCENARIO RESULT: Passed after 5s 023ms</StdOut>
      </Output>
    </UnitTestResult>
    <UnitTestResult executionId="f29bd3c3-b9b1-46b3-9389-b402bcf22609" testId="019b787c-88b2-9680-3a7b-9251d2235f77" testName="Skillaz.Tests.CompanySpecific.X5.Naumen.NaumenSlaTests.Sla_calculates_correctly_for_next_day(candidateTimeZone: 4, sla: 02:00:00, startDate: 2020-01-01T04:00:00.0000000Z, truth: [NaumenTimeRange { From = &quot;2020-01-01 08:00:00&quot;, To = &quot;2020-01-01 10:00:00&quot; }])" computerName="DESKTOP-F6SKA47" duration="00:00:00.0000601" startTime="2021-12-16T16:16:29.0966738+03:00" endTime="2021-12-16T16:16:29.0966742+03:00" testType="13cdc9d9-ddb5-4fa4-a97d-d965ccfc6d4b" outcome="Passed" testListId="8c84fa94-04c1-424b-9868-57a2d4851a1d" relativeResultsDirectory="f29bd3c3-b9b1-46b3-9389-b402bcf22609" />
    <UnitTestResult executionId="18804b19-3c52-4fac-b3a6-83a9bf2d555c" testId="147a2ea2-e7d5-78bc-0fa5-b0b95f387368" testName="Skillaz.Tests.Assessment.Interviews.VideoInterview_thread_feature.Switching_a_video_interview_step_status" computerName="DESKTOP-F6SKA47" duration="00:00:03.6744597" startTime="2021-12-16T16:24:35.2343873+03:00" endTime="2021-12-16T16:24:35.2343897+03:00" testType="13cdc9d9-ddb5-4fa4-a97d-d965ccfc6d4b" outcome="Passed" testListId="8c84fa94-04c1-424b-9868-57a2d4851a1d" relativeResultsDirectory="18804b19-3c52-4fac-b3a6-83a9bf2d555c">
      <Output>
        <StdOut>SCENARIO: Switching a video interview step status&#xD;
  STEP 1/4: GIVEN a candidate in a vacancy in a company...&#xD;
  STEP 1/4: GIVEN a candidate in a vacancy in a company (Passed after 176ms)&#xD;
  STEP 2/4: AND the interview...&#xD;
  STEP 2/4: AND the interview (Passed after 216ms)&#xD;
  STEP 3/4: WHEN a video interview step is switched status...&#xD;
  STEP 3/4: WHEN a video interview step is switched status (Passed after 1s 302ms)&#xD;
  STEP 4/4: AND CallPublishAsyncCount Two...&#xD;
  STEP 4/4: AND CallPublishAsyncCount Two (Passed after &lt;1ms)&#xD;
  SCENARIO RESULT: Passed after 1s 697ms</StdOut>
      </Output>
    </UnitTestResult>
    <UnitTestResult executionId="f9e91f64-ccfe-4921-87f6-91db69c80590" testId="7628da23-5ea6-ac25-9666-38ffc3ca7c0e" testName="Skillaz.Tests.Assessment.Interviews.SimulationInterview_feature.Switching_a_video_interview_step" computerName="DESKTOP-F6SKA47" duration="00:00:12.1760415" startTime="2021-12-16T16:29:46.0302317+03:00" endTime="2021-12-16T16:29:46.0302398+03:00" testType="13cdc9d9-ddb5-4fa4-a97d-d965ccfc6d4b" outcome="Passed" testListId="8c84fa94-04c1-424b-9868-57a2d4851a1d" relativeResultsDirectory="f9e91f64-ccfe-4921-87f6-91db69c80590">
      <Output>
        <StdOut>SCENARIO: Switching a video interview step&#xD;
  STEP 1/4: GIVEN a candidate in a vacancy in a company...&#xD;
  STEP 1/4: GIVEN a candidate in a vacancy in a company (Passed after 502ms)&#xD;
  STEP 2/4: AND the interview...&#xD;
  STEP 2/4: AND the interview (Passed after 445ms)&#xD;
  STEP 3/4: WHEN a simulation interview step is switch...&#xD;
  STEP 3/4: WHEN a simulation interview step is switch (Passed after 10s 230ms)&#xD;
  STEP 4/4: THEN the interview should be completed...&#xD;
  STEP 4/4: THEN the interview should be completed (Passed after 596ms)&#xD;
  SCENARIO RESULT: Passed after 11s 779ms</StdOut>
      </Output>
    </UnitTestResult>
    <UnitTestResult executionId="130dcb2b-f207-4cd7-ba07-168f146b3791" testId="f8708a08-c206-da47-baad-5439e03e34c6" testName="Skillaz.Tests.ApiUser.ApiUser_feature.Api_user_can_candidate_from_the_accessible_company" computerName="DESKTOP-F6SKA47" duration="00:00:06.8220520" startTime="2021-12-16T16:20:54.6447341+03:00" endTime="2021-12-16T16:20:54.6447446+03:00" testType="13cdc9d9-ddb5-4fa4-a97d-d965ccfc6d4b" outcome="Passed" testListId="8c84fa94-04c1-424b-9868-57a2d4851a1d" relativeResultsDirectory="130dcb2b-f207-4cd7-ba07-168f146b3791">
      <Output>
        <StdOut>SCENARIO: Api user can candidate from the accessible company&#xD;
  STEP 1/7: GIVEN a company...&#xD;
  STEP 1/7: GIVEN a company (Passed after 321ms)&#xD;
  STEP 2/7: AND the vacancy in the company...&#xD;
  STEP 2/7: AND the vacancy in the company (Passed after 176ms)&#xD;
  STEP 3/7: AND api user with single company restriction...&#xD;
  STEP 3/7: AND api user with single company restriction (Passed after 1s 010ms)&#xD;
  STEP 4/7: AND candidate in the company...&#xD;
  STEP 4/7: AND candidate in the company (Passed after 255ms)&#xD;
  STEP 5/7: WHEN current user is api user...&#xD;
  STEP 5/7: WHEN current user is api user (Passed after 3s 749ms)&#xD;
  STEP 6/7: AND created candidate is requested...&#xD;
  STEP 6/7: AND created candidate is requested (Passed after 240ms)&#xD;
  STEP 7/7: THEN candidate is found...&#xD;
  STEP 7/7: THEN candidate is found (Passed after 1ms)&#xD;
  SCENARIO RESULT: Passed after 6s 135ms</StdOut>
      </Output>
    </UnitTestResult>
    <UnitTestResult executionId="2b7dffd6-12e9-439e-992b-4fd3ac3a8d13" testId="019b787c-88b2-9680-3a7b-9251d2235f77" testName="Skillaz.Tests.CompanySpecific.X5.Naumen.NaumenSlaTests.Sla_calculates_correctly_for_next_day(candidateTimeZone: 5, sla: 02:00:00, startDate: 2019-12-31T22:00:00.0000000Z, truth: [NaumenTimeRange { From = &quot;2020-01-01 07:00:00&quot;, To = &quot;2020-01-01 09:00:00&quot; }])" computerName="DESKTOP-F6SKA47" duration="00:00:00.0000608" startTime="2021-12-16T16:16:29.1047760+03:00" endTime="2021-12-16T16:16:29.1047765+03:00" testType="13cdc9d9-ddb5-4fa4-a97d-d965ccfc6d4b" outcome="Passed" testListId="8c84fa94-04c1-424b-9868-57a2d4851a1d" relativeResultsDirectory="2b7dffd6-12e9-439e-992b-4fd3ac3a8d13" />
    <UnitTestResult executionId="7081636e-dde5-44e0-8a1f-ea8d401e10a9" testId="76d2adef-b55d-d2ac-47ae-3426173462ef" testName="Skillaz.Tests.CompanySpecific.Perekrestok.PerekrestokBlockUnblockCandidates_feature.Last_check_refused_and_more_than_30_days_is_blocked" computerName="DESKTOP-F6SKA47" duration="00:00:07.8614657" startTime="2021-12-16T16:24:55.6819742+03:00" endTime="2021-12-16T16:24:55.6819805+03:00" testType="13cdc9d9-ddb5-4fa4-a97d-d965ccfc6d4b" outcome="Passed" testListId="8c84fa94-04c1-424b-9868-57a2d4851a1d" relativeResultsDirectory="7081636e-dde5-44e0-8a1f-ea8d401e10a9">
      <Output>
        <StdOut>SCENARIO: Last check refused and more than 30 days is blocked&#xD;
  STEP 1/10: GIVEN a company [companyId: "PerekrestokCompany"]...&#xD;
  STEP 1/10: GIVEN a company [companyId: "PerekrestokCompany"] (Passed after 170ms)&#xD;
  STEP 2/10: AND the authenticated admin user...&#xD;
  STEP 2/10: AND the authenticated admin user (Passed after 485ms)&#xD;
  STEP 3/10: AND the funnel...&#xD;
  STEP 3/10: AND the funnel (Passed after 232ms)&#xD;
  STEP 4/10: AND the vacancy in the company [funnelId: "mass"]...&#xD;
  STEP 4/10: AND the vacancy in the company [funnelId: "mass"] (Passed after 231ms)&#xD;
  STEP 5/10: AND a candidate [blockingDate: "12/16/2021 13:24:48"] [statusType: "Refuse"]...&#xD;
  STEP 5/10: AND a candidate [blockingDate: "12/16/2021 13:24:48"] [statusType: "Refuse"] (Passed after 249ms)&#xD;
  STEP 6/10: AND the check [time: "11/09/2021 13:24:49"] [state: "NotPassed"]...&#xD;
  STEP 6/10: AND the check [time: "11/09/2021 13:24:49"] [state: "NotPassed"] (Passed after 217ms)&#xD;
  STEP 7/10: WHEN blocking procedure occurs...&#xD;
  STEP 7/10: WHEN blocking procedure occurs (Passed after 5s 678ms)&#xD;
  STEP 8/10: THEN candidate is not blocked...&#xD;
  STEP 8/10: THEN candidate is not blocked (Passed after 25ms)&#xD;
  STEP 9/10: AND candidate check is in created stage...&#xD;
  STEP 9/10: AND candidate check is in created stage (Passed after 3ms)&#xD;
  STEP 10/10: AND candidate resolution file does not exist...&#xD;
  STEP 10/10: AND candidate resolution file does not exist (Passed after 1ms)&#xD;
  SCENARIO RESULT: Passed after 7s 317ms</StdOut>
      </Output>
    </UnitTestResult>
    <UnitTestResult executionId="a44fe6b5-558c-4124-a340-ee87db49b31e" testId="d5329137-4f8c-01e1-5090-0971d9dda34f" testName="Skillaz.Tests.Candidate.Elastic.CandidateElasticFiltration_feature.Retrieving_a_candidate_that_is_created_before_specific_date" computerName="DESKTOP-F6SKA47" duration="00:00:00.0010000" startTime="2021-12-16T16:24:40.0995525+03:00" endTime="2021-12-16T16:24:40.0995541+03:00" testType="13cdc9d9-ddb5-4fa4-a97d-d965ccfc6d4b" outcome="NotExecuted" testListId="8c84fa94-04c1-424b-9868-57a2d4851a1d" relativeResultsDirectory="a44fe6b5-558c-4124-a340-ee87db49b31e">
      <Output>
        <StdOut>You need Elasticsearch 7.5 local instance on 9200 port</StdOut>
      </Output>
    </UnitTestResult>
    <UnitTestResult executionId="0b609158-7b95-4268-a668-43662ebe369d" testId="cf38923d-76ed-6194-accc-8ba8713a3402" testName="Skillaz.Tests.Users.SignOutAllUsersJob_feature.Check_deactivation_users" computerName="DESKTOP-F6SKA47" duration="00:00:09.3299021" startTime="2021-12-16T16:18:10.9597938+03:00" endTime="2021-12-16T16:18:10.9597977+03:00" testType="13cdc9d9-ddb5-4fa4-a97d-d965ccfc6d4b" outcome="Passed" testListId="8c84fa94-04c1-424b-9868-57a2d4851a1d" relativeResultsDirectory="0b609158-7b95-4268-a668-43662ebe369d">
      <Output>
        <StdOut>SCENARIO: Check deactivation users&#xD;
  STEP 1/5: GIVEN test users...&#xD;
  STEP 1/5: GIVEN test users (Passed after 296ms)&#xD;
  STEP 2/5: WHEN job happened...&#xD;
  STEP 2/5: WHEN job happened (Passed after 8s 730ms)&#xD;
  STEP 3/5: THEN users without deactivation date not blocked...&#xD;
  STEP 3/5: THEN users without deactivation date not blocked (Passed after 111ms)&#xD;
  STEP 4/5: AND users with deactivation date less check date blocked...&#xD;
  STEP 4/5: AND users with deactivation date less check date blocked (Passed after 54ms)&#xD;
  STEP 5/5: AND users with deactivation date greater check date not blocked...&#xD;
  STEP 5/5: AND users with deactivation date greater check date not blocked (Passed after 83ms)&#xD;
  SCENARIO RESULT: Passed after 9s 281ms</StdOut>
      </Output>
    </UnitTestResult>
    <UnitTestResult executionId="1523762d-b95f-418c-a5ac-a54a49d79f35" testId="f727b248-9add-f920-b0ce-770364245e70" testName="Skillaz.Tests.Candidate.Elastic.CandidateElasticMultiselectFiltration_feature.MultiLineFilterCheck(filter: (Skillaz.Candidate.Contract.CandidateSearchFilter, Skillaz.Candidate.Contract.CandidateSearchFilterCommon), result: (1, simple search: UseStrictSearch = false))" computerName="DESKTOP-F6SKA47" duration="00:00:00.0010000" startTime="2021-12-16T16:26:49.4076400+03:00" endTime="2021-12-16T16:26:49.4076441+03:00" testType="13cdc9d9-ddb5-4fa4-a97d-d965ccfc6d4b" outcome="NotExecuted" testListId="8c84fa94-04c1-424b-9868-57a2d4851a1d" relativeResultsDirectory="1523762d-b95f-418c-a5ac-a54a49d79f35">
      <Output>
        <StdOut>You need Elasticsearch 7.5 local instance on 9200 port</StdOut>
      </Output>
    </UnitTestResult>
    <UnitTestResult executionId="4e2ffa60-6d2f-497f-b3bb-3de7e7f734f6" testId="1e41b325-f949-0211-7305-fed8d85575b1" testName="Skillaz.Tests.Candidate.Workflow.CreateCandidateCommand_feature.Duplicated_candidate_on_new_vacancy_by_deduplication" computerName="DESKTOP-F6SKA47" duration="00:00:20.3908932" startTime="2021-12-16T16:23:09.2003796+03:00" endTime="2021-12-16T16:23:09.2003879+03:00" testType="13cdc9d9-ddb5-4fa4-a97d-d965ccfc6d4b" outcome="Passed" testListId="8c84fa94-04c1-424b-9868-57a2d4851a1d" relativeResultsDirectory="4e2ffa60-6d2f-497f-b3bb-3de7e7f734f6">
      <Output>
        <StdOut>SCENARIO: Duplicated candidate on new vacancy by deduplication&#xD;
  STEP 1/11: GIVEN a company [companyId: "avilon"]...&#xD;
  STEP 1/11: GIVEN a company [companyId: "avilon"] (Passed after 277ms)&#xD;
  STEP 2/11: AND the authenticated user...&#xD;
  STEP 2/11: AND the authenticated user (Passed after 503ms)&#xD;
  STEP 3/11: AND the vacancy in the company [funnelId: "X5FunnelAdmin"]...&#xD;
  STEP 3/11: AND the vacancy in the company [funnelId: "X5FunnelAdmin"] (Passed after 508ms)&#xD;
  STEP 4/11: AND trigger to funnel...&#xD;
  STEP 4/11: AND trigger to funnel (Passed after 155ms)&#xD;
  STEP 5/11: AND deduplication configuration...&#xD;
  STEP 5/11: AND deduplication configuration (Passed after 424ms)&#xD;
  STEP 6/11: AND existing candidate "Skillaz.Candidate.Contract.Documents.Candidate.CandidateDocument"...&#xD;
  STEP 6/11: AND existing candidate "Skillaz.Candidate.Contract.Documents.Candidate.CandidateDocument" (Passed after 442ms)&#xD;
  STEP 7/11: AND the vacancy in the company [funnelId: "X5FunnelAdmin"]...&#xD;
  STEP 7/11: AND the vacancy in the company [funnelId: "X5FunnelAdmin"] (Passed after 5ms)&#xD;
  STEP 8/11: AND new candidate [newCandidateDto: "Skillaz.Candidate.Contract.NewCandidateDto"]...&#xD;
  STEP 8/11: AND new candidate [newCandidateDto: "Skillaz.Candidate.Contract.NewCandidateDto"] (Passed after 41ms)&#xD;
  STEP 9/11: WHEN creating new candidate...&#xD;
  STEP 9/11: WHEN creating new candidate (Passed after 12s 023ms)&#xD;
  STEP 10/11: THEN trigger executed...&#xD;
  STEP 10/11: THEN trigger executed (Passed after 1ms)&#xD;
  STEP 11/11: AND transfered to vacancy with new status...&#xD;
  STEP 11/11: AND transfered to vacancy with new status (Passed after 68ms)&#xD;
  SCENARIO RESULT: Passed after 14s 503ms</StdOut>
      </Output>
    </UnitTestResult>
    <UnitTestResult executionId="296f356f-d067-4c03-9dff-78d4a8645767" testId="695a69c9-264c-d1c5-2032-535ef4bf39f9" testName="Skillaz.Tests.CompanySpecific.X5.Naumen.NaumenSlaTests.Sla_calculates_correctly_for_split_days(candidateTimeZone: 4, sla: 10:00:00, startDate: 2019-12-31T11:00:00.0000000Z, truth: [NaumenTimeRange { From = &quot;2019-12-31 14:00:00&quot;, To = &quot;2019-12-31 19:00:00&quot; }, NaumenTimeRange { From = &quot;2020-01-01 08:00:00&quot;, To = &quot;2020-01-01 13:00:00&quot; }])" computerName="DESKTOP-F6SKA47" duration="00:00:00.0001004" startTime="2021-12-16T16:16:28.9909378+03:00" endTime="2021-12-16T16:16:28.9909390+03:00" testType="13cdc9d9-ddb5-4fa4-a97d-d965ccfc6d4b" outcome="Passed" testListId="8c84fa94-04c1-424b-9868-57a2d4851a1d" relativeResultsDirectory="296f356f-d067-4c03-9dff-78d4a8645767" />
    <UnitTestResult executionId="d4b031f4-26ce-49cf-a358-0194bd653413" testId="71bfb71b-9688-8e90-7438-b188db608146" testName="Skillaz.Tests.Configurator.DocumentModel.ValidationFeature.Проверить_настройку_значений_валидации(positionsCount: 2, salaryFrom: 3, gmt: 2, expected: False)" computerName="DESKTOP-F6SKA47" duration="00:00:03.9454867" startTime="2021-12-16T16:22:35.6868207+03:00" endTime="2021-12-16T16:22:35.6868246+03:00" testType="13cdc9d9-ddb5-4fa4-a97d-d965ccfc6d4b" outcome="Passed" testListId="8c84fa94-04c1-424b-9868-57a2d4851a1d" relativeResultsDirectory="d4b031f4-26ce-49cf-a358-0194bd653413">
      <Output>
        <StdOut>SCENARIO: Проверить настройку значений валидации [positionsCount: "2"] [salaryFrom: "3"] [gmt: "2"] [expected: "False"]&#xD;
  STEP 1/6: GIVEN Given a company...&#xD;
  STEP 1/6: GIVEN Given a company (Passed after 183ms)&#xD;
  STEP 2/6: AND Given the authenticated user...&#xD;
  STEP 2/6: AND Given the authenticated user (Passed after 383ms)&#xD;
  STEP 3/6: AND Определить модель ОЕ...&#xD;
  STEP 3/6: AND Определить модель ОЕ (Passed after 315ms)&#xD;
  STEP 4/6: AND Определить модель вакансии с ссылкой на ОЕ...&#xD;
  STEP 4/6: AND Определить модель вакансии с ссылкой на ОЕ (Passed after 590ms)&#xD;
  STEP 5/6: AND Создать ОЕ...&#xD;
  STEP 5/6: AND Создать ОЕ (Passed after 393ms)&#xD;
  STEP 6/6: WHEN Проверить валидацию [positionsCount: "2"] [salaryFrom: "3"] [gmt: "2"] [expected: "False"]...&#xD;
  STEP 6/6: WHEN Проверить валидацию [positionsCount: "2"] [salaryFrom: "3"] [gmt: "2"] [expected: "False"] (Passed after 1s 045ms)&#xD;
  SCENARIO RESULT: Passed after 2s 945ms</StdOut>
      </Output>
    </UnitTestResult>
    <UnitTestResult executionId="fd9d2352-b605-4cb8-9dcf-2907b50dbe82" testId="2505d59d-98f2-1da3-de59-3985234df62f" testName="Skillaz.Tests.DocumentModels.DocumentModel_AutoFillInnerField.При_обновлении_поля_во_вложенной_модели_вложенная_модель_инициализируется" computerName="DESKTOP-F6SKA47" duration="00:00:05.3229611" startTime="2021-12-16T16:18:19.1304724+03:00" endTime="2021-12-16T16:18:19.1304820+03:00" testType="13cdc9d9-ddb5-4fa4-a97d-d965ccfc6d4b" outcome="Passed" testListId="8c84fa94-04c1-424b-9868-57a2d4851a1d" relativeResultsDirectory="fd9d2352-b605-4cb8-9dcf-2907b50dbe82">
      <Output>
        <StdOut>SCENARIO: При обновлении поля во вложенной модели вложенная модель инициализируется&#xD;
  STEP 1/4: GIVEN a company...&#xD;
  STEP 1/4: GIVEN a company (Passed after 118ms)&#xD;
  STEP 2/4: AND the authenticated user...&#xD;
  STEP 2/4: AND the authenticated user (Passed after 316ms)&#xD;
  STEP 3/4: Определить модель с вложенным объектом...&#xD;
  STEP 3/4: Определить модель с вложенным объектом (Passed after 1s 068ms)&#xD;
  STEP 4/4: Установить значение поля вложенной модели...&#xD;
  STEP 4/4: Установить значение поля вложенной модели (Passed after 3s 603ms)&#xD;
  SCENARIO RESULT: Passed after 5s 110ms</StdOut>
      </Output>
    </UnitTestResult>
    <UnitTestResult executionId="f271cc83-c2fd-4491-84ec-085e3dbcecd7" testId="df338da2-f3b5-3654-fd6c-a007ba790b8c" testName="Skillaz.Tests.Authorization.LoginCommand_feature.Do_incorrect_login_by_username_with_no_attempts_left_expects_ban" computerName="DESKTOP-F6SKA47" duration="00:00:02.1295565" startTime="2021-12-16T16:24:38.2630491+03:00" endTime="2021-12-16T16:24:38.2630513+03:00" testType="13cdc9d9-ddb5-4fa4-a97d-d965ccfc6d4b" outcome="Passed" testListId="8c84fa94-04c1-424b-9868-57a2d4851a1d" relativeResultsDirectory="f271cc83-c2fd-4491-84ec-085e3dbcecd7">
      <Output>
        <StdOut>SCENARIO: Do incorrect login by username with no attempts left expects ban&#xD;
  STEP 1/5: GIVEN a company...&#xD;
  STEP 1/5: GIVEN a company (Passed after 283ms)&#xD;
  STEP 2/5: AND a user with maximum login attempts...&#xD;
  STEP 2/5: AND a user with maximum login attempts (Passed after 731ms)&#xD;
  STEP 3/5: WHEN doing a failing login "v.pupkin" attempt...&#xD;
  STEP 3/5: WHEN doing a failing login "v.pupkin" attempt (Passed after 739ms)&#xD;
  STEP 4/5: THEN ensure it is account blocked exception...&#xD;
  STEP 4/5: THEN ensure it is account blocked exception (Passed after &lt;1ms)&#xD;
  STEP 5/5: AND ensure that account was banned...&#xD;
  STEP 5/5: AND ensure that account was banned (Passed after 2ms)&#xD;
  SCENARIO RESULT: Passed after 1s 769ms</StdOut>
      </Output>
    </UnitTestResult>
    <UnitTestResult executionId="3c9fca43-3199-48bc-a02f-e4912dfee5e3" testId="923f641c-f972-2103-dac9-6a64c5950a95" testName="Skillaz.Tests.Configurator.ConfiguratorEditorApiReorderingRowTests.Строки_в_редакторе_конфигуратора_можно_переставлять" computerName="DESKTOP-F6SKA47" duration="00:00:08.0582443" startTime="2021-12-16T16:19:44.2391393+03:00" endTime="2021-12-16T16:19:44.2391449+03:00" testType="13cdc9d9-ddb5-4fa4-a97d-d965ccfc6d4b" outcome="Passed" testListId="8c84fa94-04c1-424b-9868-57a2d4851a1d" relativeResultsDirectory="3c9fca43-3199-48bc-a02f-e4912dfee5e3">
      <Output>
        <StdOut>SCENARIO: Строки в редакторе конфигуратора можно переставлять&#xD;
  STEP 1/9: GIVEN a company...&#xD;
  STEP 1/9: GIVEN a company (Passed after 757ms)&#xD;
  STEP 2/9: AND the authenticated user...&#xD;
  STEP 2/9: AND the authenticated user (Passed after 1s 498ms)&#xD;
  STEP 3/9: Выдать пользователю нужные права...&#xD;
  STEP 3/9: Выдать пользователю нужные права (Passed after &lt;1ms)&#xD;
  STEP 4/9: Получить воронку в конфигураторе без черновика...&#xD;
  STEP 4/9: Получить воронку в конфигураторе без черновика (Passed after 867ms)&#xD;
  STEP 5/9: Переместить строку new в группе первый контакт поставить на второе место...&#xD;
  STEP 5/9: Переместить строку new в группе первый контакт поставить на второе место (Passed after 673ms)&#xD;
  STEP 6/9: Переместить строку new в группе первый контакт вернуть на первое место...&#xD;
  STEP 6/9: Переместить строку new в группе первый контакт вернуть на первое место (Passed after 144ms)&#xD;
  STEP 7/9: Переместить строку new в группе первый контакт поставить на последнее место...&#xD;
  STEP 7/9: Переместить строку new в группе первый контакт поставить на последнее место (Passed after 428ms)&#xD;
  STEP 8/9: Переместить строку new в группу трудоустроен...&#xD;
  STEP 8/9: Переместить строку new в группу трудоустроен (Passed after 382ms)&#xD;
  STEP 9/9: Переместить строку new в группе первый контакт вернуть на первое место...&#xD;
  STEP 9/9: Переместить строку new в группе первый контакт вернуть на первое место (Passed after 320ms)&#xD;
  SCENARIO RESULT: Passed after 5s 320ms</StdOut>
      </Output>
    </UnitTestResult>
    <UnitTestResult executionId="0b806ed1-3247-41a1-9ffe-3de2dfc5a99a" testId="4cf6d071-f83e-386d-ea06-4f83615f48d9" testName="Skillaz.Tests.Helpers.WorkingDaysHelperFeature.FindProductionDates(dateStrings: [&quot;2020-07-01&quot;, &quot;2020-07-02&quot;, &quot;2020-07-15&quot;, &quot;2020-07-16&quot;, &quot;2020-07-03&quot;, ...])" computerName="DESKTOP-F6SKA47" duration="00:00:00.0000664" startTime="2021-12-16T16:16:29.3930166+03:00" endTime="2021-12-16T16:16:29.3930170+03:00" testType="13cdc9d9-ddb5-4fa4-a97d-d965ccfc6d4b" outcome="Passed" testListId="8c84fa94-04c1-424b-9868-57a2d4851a1d" relativeResultsDirectory="0b806ed1-3247-41a1-9ffe-3de2dfc5a99a" />
    <UnitTestResult executionId="fbe6913f-8f41-47d7-89bb-2216e590226a" testId="b8bf9acb-74c6-08bd-93e4-37e20e018719" testName="Skillaz.Tests.CompanySpecific.GazpromNeft.GazpromImportBlueReport_feature.Old_vacancy_not_archiving_where_position_count_equals_zero" computerName="DESKTOP-F6SKA47" duration="00:00:48.9761582" startTime="2021-12-16T16:28:34.5107583+03:00" endTime="2021-12-16T16:28:34.5107598+03:00" testType="13cdc9d9-ddb5-4fa4-a97d-d965ccfc6d4b" outcome="Passed" testListId="8c84fa94-04c1-424b-9868-57a2d4851a1d" relativeResultsDirectory="fbe6913f-8f41-47d7-89bb-2216e590226a">
      <Output>
        <StdOut>SCENARIO: Old vacancy not archiving where position count equals zero&#xD;
  STEP 1/7: GIVEN a company [companyId: "kdaigswiuJNh8Tvsp"]...&#xD;
  STEP 1/7: GIVEN a company [companyId: "kdaigswiuJNh8Tvsp"] (Passed after 165ms)&#xD;
  STEP 2/7: AND the authenticated user...&#xD;
  STEP 2/7: AND the authenticated user (Passed after 604ms)&#xD;
  STEP 3/7: AND the upload rows [staffUnitNum: "1211"] [clusterName: "АО "Газпромнефть-Урал""] [azsName: "АЗС № 152"] [requestCount: "0"]...&#xD;
  STEP 3/7: AND the upload rows [staffUnitNum: "1211"] [clusterName: "АО "Газпромнефть-Урал""] [azsName: "АЗС № 152"] [requestCount: "0"] (Passed after 3s 139ms)&#xD;
  STEP 4/7: AND the vacancy and request [modelTest: "Skillaz.Tests.CompanySpecific.GazpromNeft.GazpromImportBlueReport_feature+GazpromBlueReportModelTest"] [positionCount: "1"]...&#xD;
  STEP 4/7: AND the vacancy and request [modelTest: "Skillaz.Tests.CompanySpecific.GazpromNeft.GazpromImportBlueReport_feature+GazpromBlueReportModelTest"] [positionCount: "1"] (Passed after 18s 616ms)&#xD;
  STEP 5/7: AND the prepare xlsx file...&#xD;
  STEP 5/7: AND the prepare xlsx file (Passed after 4s 358ms)&#xD;
  STEP 6/7: WHEN upload xlsx file...&#xD;
  STEP 6/7: WHEN upload xlsx file (Passed after 14s 768ms)&#xD;
  STEP 7/7: Ensure vacancy is archived [modelTest: "Skillaz.Tests.CompanySpecific.GazpromNeft.GazpromImportBlueReport_feature+GazpromBlueReportModelTest"] [isArchived: "False"]...&#xD;
  STEP 7/7: Ensure vacancy is archived [modelTest: "Skillaz.Tests.CompanySpecific.GazpromNeft.GazpromImportBlueReport_feature+GazpromBlueReportModelTest"] [isArchived: "False"] (Passed after 3s 935ms)&#xD;
  SCENARIO RESULT: Passed after 48s 547ms</StdOut>
      </Output>
    </UnitTestResult>
    <UnitTestResult executionId="bcd35c40-936f-4b5e-bcdf-ef7c404e9765" testId="163f7b9e-335e-ce4b-224f-332b032bff09" testName="Skillaz.Tests.CompanySpecific.X5.X5Deduplication_feature.By_tabel_number_and_vacancy_but_fired_reservists" computerName="DESKTOP-F6SKA47" duration="00:00:00.0010000" startTime="2021-12-16T16:26:21.5586445+03:00" endTime="2021-12-16T16:26:21.5586463+03:00" testType="13cdc9d9-ddb5-4fa4-a97d-d965ccfc6d4b" outcome="NotExecuted" testListId="8c84fa94-04c1-424b-9868-57a2d4851a1d" relativeResultsDirectory="bcd35c40-936f-4b5e-bcdf-ef7c404e9765">
      <Output>
        <StdOut>You need Elasticsearch 7.5 local instance on 9200 port</StdOut>
      </Output>
    </UnitTestResult>
    <UnitTestResult executionId="84f6a181-3ef2-47d9-a730-64de84bf6582" testId="edb2071c-a9b0-9440-b3f3-4b0aee9b2c92" testName="Skillaz.Tests.Candidate.Elastic.CandidateElasticFiltration_feature.Retrieving_a_candidate_by_nonexistent_client_id" computerName="DESKTOP-F6SKA47" duration="00:00:00.0010000" startTime="2021-12-16T16:24:40.0945382+03:00" endTime="2021-12-16T16:24:40.0945444+03:00" testType="13cdc9d9-ddb5-4fa4-a97d-d965ccfc6d4b" outcome="NotExecuted" testListId="8c84fa94-04c1-424b-9868-57a2d4851a1d" relativeResultsDirectory="84f6a181-3ef2-47d9-a730-64de84bf6582">
      <Output>
        <StdOut>You need Elasticsearch 7.5 local instance on 9200 port</StdOut>
      </Output>
    </UnitTestResult>
    <UnitTestResult executionId="af0e1882-1a1b-471a-8aac-2e8fb69cdcf9" testId="cd5b40ce-0ea2-8209-9eb7-8ff32457ab90" testName="Skillaz.Tests.CompanySpecific.Perekrestok.PerekrestokRequestPriority_feature.Calculation_request_priority(supermarketType: &quot;Открывающийся супермаркет&quot;, requestVl: 100, employmentCandidateCount: 0, employmentFinishedCandidateCount: 0, interviewCandidateCount: 1, requestPriority: Critical)" computerName="DESKTOP-F6SKA47" duration="00:00:06.7769630" startTime="2021-12-16T16:23:45.5247244+03:00" endTime="2021-12-16T16:23:45.5247320+03:00" testType="13cdc9d9-ddb5-4fa4-a97d-d965ccfc6d4b" outcome="Passed" testListId="8c84fa94-04c1-424b-9868-57a2d4851a1d" relativeResultsDirectory="af0e1882-1a1b-471a-8aac-2e8fb69cdcf9">
      <Output>
        <StdOut>SCENARIO: Calculation request priority [supermarketType: "Открывающийся супермаркет"] [requestVl: "100"] [employmentCandidateCount: "0"] [employmentFinishedCandidateCount: "0"] [interviewCandidateCount: "1"] [requestPriority: "Critical"]&#xD;
  STEP 1/6: GIVEN Given a company [companyId: "PerekrestokCompany"]...&#xD;
  STEP 1/6: GIVEN Given a company [companyId: "PerekrestokCompany"] (Passed after 491ms)&#xD;
  STEP 2/6: AND Given the authenticated user...&#xD;
  STEP 2/6: AND Given the authenticated user (Passed after 1s 868ms)&#xD;
  STEP 3/6: AND Given org unit and request for status [requestState: "InWork"] [supermarketType: "Открывающийся супермаркет"] [requestVl: "100"]...&#xD;
  STEP 3/6: AND Given org unit and request for status [requestState: "InWork"] [supermarketType: "Открывающийся супермаркет"] [requestVl: "100"] (Passed after 2s 056ms)&#xD;
  STEP 4/6: AND Given candidates according data and assigned to request [employmentCandidateCount: "0"] [employmentFinishedCandidateCount: "0"] [interviewCandidateCount: "1"]...&#xD;
  STEP 4/6: AND Given candidates according data and assigned to request [employmentCandidateCount: "0"] [employmentFinishedCandidateCount: "0"] [interviewCandidateCount: "1"] (Passed after 584ms)&#xD;
  STEP 5/6: WHEN When calculation priority...&#xD;
  STEP 5/6: WHEN When calculation priority (Passed after 24ms)&#xD;
  STEP 6/6: THEN Then request priority equal [requestPriority: "Critical"]...&#xD;
  STEP 6/6: THEN Then request priority equal [requestPriority: "Critical"] (Passed after 5ms)&#xD;
  SCENARIO RESULT: Passed after 5s 377ms</StdOut>
      </Output>
    </UnitTestResult>
    <UnitTestResult executionId="b370aa84-c401-4d80-987f-8f2a7f3a6e35" testId="019b787c-88b2-9680-3a7b-9251d2235f77" testName="Skillaz.Tests.CompanySpecific.X5.Naumen.NaumenSlaTests.Sla_calculates_correctly_for_next_day(candidateTimeZone: 9, sla: 02:00:00, startDate: 2020-01-01T03:30:00.0000000Z, truth: [NaumenTimeRange { From = &quot;2020-01-01 07:00:00&quot;, To = &quot;2020-01-01 09:00:00&quot; }])" computerName="DESKTOP-F6SKA47" duration="00:00:00.0000446" startTime="2021-12-16T16:16:29.3232821+03:00" endTime="2021-12-16T16:16:29.3232824+03:00" testType="13cdc9d9-ddb5-4fa4-a97d-d965ccfc6d4b" outcome="Passed" testListId="8c84fa94-04c1-424b-9868-57a2d4851a1d" relativeResultsDirectory="b370aa84-c401-4d80-987f-8f2a7f3a6e35" />
    <UnitTestResult executionId="661f06f5-e7b1-4f39-af20-1829d74659a8" testId="fc816dc0-d2e7-a118-72b1-e30b55bda7fd" testName="Skillaz.Tests.CompanySpecific.Mvideo.MvideoOpenApiSapAvaliablePositionsHireNeedBatchRequest_feature.CheckAvaliablePositionsInHireNeedAfterOpenApiRequest_RequestsNustBeInWork(staffCount: 6, employeesCount: 4, manualApprovedCounts: [3], batchOrgItems: (5, 4), expected: (2, Кейс 1. Размер поиска = 2))" computerName="DESKTOP-F6SKA47" duration="00:00:00.0010000" startTime="2021-12-16T16:29:36.5970143+03:00" endTime="2021-12-16T16:29:36.5970160+03:00" testType="13cdc9d9-ddb5-4fa4-a97d-d965ccfc6d4b" outcome="NotExecuted" testListId="8c84fa94-04c1-424b-9868-57a2d4851a1d" relativeResultsDirectory="661f06f5-e7b1-4f39-af20-1829d74659a8">
      <Output>
        <StdOut>Вернуть тесты после правок по потребностям Mvideo</StdOut>
      </Output>
    </UnitTestResult>
    <UnitTestResult executionId="3931c20f-1bf7-4ea3-9fd3-db51ce99006b" testId="019b787c-88b2-9680-3a7b-9251d2235f77" testName="Skillaz.Tests.CompanySpecific.X5.Naumen.NaumenSlaTests.Sla_calculates_correctly_for_next_day(candidateTimeZone: 5, sla: 02:00:00, startDate: 2020-01-01T03:30:00.0000000Z, truth: [NaumenTimeRange { From = &quot;2020-01-01 07:00:00&quot;, To = &quot;2020-01-01 09:00:00&quot; }])" computerName="DESKTOP-F6SKA47" duration="00:00:00.0000834" startTime="2021-12-16T16:16:29.1170194+03:00" endTime="2021-12-16T16:16:29.1170231+03:00" testType="13cdc9d9-ddb5-4fa4-a97d-d965ccfc6d4b" outcome="Passed" testListId="8c84fa94-04c1-424b-9868-57a2d4851a1d" relativeResultsDirectory="3931c20f-1bf7-4ea3-9fd3-db51ce99006b" />
    <UnitTestResult executionId="7f12168c-facd-4f43-a83f-123d8d8fca89" testId="25ecfa4f-f473-2d64-471a-8f46f60bb777" testName="Skillaz.Tests.CompanySpecific.Perekrestok.PerekrestokVacancyPriority_feature.Calculation_vacancy_priority(requestPriorities: [Unknown, Low, Normal, High], expectedResult: High)" computerName="DESKTOP-F6SKA47" duration="00:00:01.2394099" startTime="2021-12-16T16:24:39.1967210+03:00" endTime="2021-12-16T16:24:39.1967257+03:00" testType="13cdc9d9-ddb5-4fa4-a97d-d965ccfc6d4b" outcome="Passed" testListId="8c84fa94-04c1-424b-9868-57a2d4851a1d" relativeResultsDirectory="7f12168c-facd-4f43-a83f-123d8d8fca89">
      <Output>
        <StdOut>SCENARIO: Calculation vacancy priority [requestPriorities: "Unknown, Low, Normal, High"] [expectedResult: "High"]&#xD;
  STEP 1/5: GIVEN Given a company [companyId: "PerekrestokCompany"]...&#xD;
  STEP 1/5: GIVEN Given a company [companyId: "PerekrestokCompany"] (Passed after 70ms)&#xD;
  STEP 2/5: AND Given the vacancy in the company...&#xD;
  STEP 2/5: AND Given the vacancy in the company (Passed after 94ms)&#xD;
  STEP 3/5: AND Given the requests from list priority [requestPriorities: "Unknown, Low, Normal, High"]...&#xD;
  STEP 3/5: AND Given the requests from list priority [requestPriorities: "Unknown, Low, Normal, High"] (Passed after 94ms)&#xD;
  STEP 4/5: WHEN When calculation priority...&#xD;
  STEP 4/5: WHEN When calculation priority (Passed after 622ms)&#xD;
  STEP 5/5: THEN Then vacancy priority "High" equal...&#xD;
  STEP 5/5: THEN Then vacancy priority "High" equal (Passed after 56ms)&#xD;
  SCENARIO RESULT: Passed after 947ms</StdOut>
      </Output>
    </UnitTestResult>
    <UnitTestResult executionId="68aa8e3a-961d-44b5-acad-110b5f820b7f" testId="74492eba-d157-5c78-bb14-ceade27e4948" testName="Skillaz.Tests.OrgUnit.OrgUnitHierarchy_feature.Change_org_unit_with_one_hierarchy" computerName="DESKTOP-F6SKA47" duration="00:00:07.0048863" startTime="2021-12-16T16:25:12.9337346+03:00" endTime="2021-12-16T16:25:12.9337375+03:00" testType="13cdc9d9-ddb5-4fa4-a97d-d965ccfc6d4b" outcome="Passed" testListId="8c84fa94-04c1-424b-9868-57a2d4851a1d" relativeResultsDirectory="68aa8e3a-961d-44b5-acad-110b5f820b7f">
      <Output>
        <StdOut>SCENARIO: Change org unit with one hierarchy&#xD;
  STEP 1/9: GIVEN a company...&#xD;
  STEP 1/9: GIVEN a company (Passed after 211ms)&#xD;
  STEP 2/9: AND the authenticated user...&#xD;
  STEP 2/9: AND the authenticated user (Passed after 494ms)&#xD;
  STEP 3/9: AND the client configuration...&#xD;
  STEP 3/9: AND the client configuration (Passed after 253ms)&#xD;
  STEP 4/9: AND the org units [orgUnitIndex: "1"] [parentOrgUnitIndexes: ""]...&#xD;
  STEP 4/9: AND the org units [orgUnitIndex: "1"] [parentOrgUnitIndexes: ""] (Passed after 210ms)&#xD;
  STEP 5/9: AND the org units [orgUnitIndex: "2, 3"] [parentOrgUnitIndexes: "1"]...&#xD;
  STEP 5/9: AND the org units [orgUnitIndex: "2, 3"] [parentOrgUnitIndexes: "1"] (Passed after 2ms)&#xD;
  STEP 6/9: AND the org units [orgUnitIndex: "4, 5"] [parentOrgUnitIndexes: "1, 3"]...&#xD;
  STEP 6/9: AND the org units [orgUnitIndex: "4, 5"] [parentOrgUnitIndexes: "1, 3"] (Passed after 2ms)&#xD;
  STEP 7/9: WHEN update parent field org unit [orgUnitIndex: "4"] [newParentIndex: "1"]...&#xD;
  STEP 7/9: WHEN update parent field org unit [orgUnitIndex: "4"] [newParentIndex: "1"] (Passed after 4s 197ms)&#xD;
  STEP 8/9: THEN parentIds in org unit [orgUnitIndex: "4"] [parentIndexes: "1"]...&#xD;
  STEP 8/9: THEN parentIds in org unit [orgUnitIndex: "4"] [parentIndexes: "1"] (Passed after 6ms)&#xD;
  STEP 9/9: AND hierarchy path correct [orgUnitIndex: "4"] [parentIndexes: "1"]...&#xD;
  STEP 9/9: AND hierarchy path correct [orgUnitIndex: "4"] [parentIndexes: "1"] (Passed after 5ms)&#xD;
  SCENARIO RESULT: Passed after 5s 461ms</StdOut>
      </Output>
    </UnitTestResult>
    <UnitTestResult executionId="f9ae8d81-29b1-4577-ad6d-b142e101143a" testId="0b840d98-380a-90d4-d354-7d0747c94985" testName="Skillaz.Tests.CompanySpecific.Perekrestok.PerekrestokRequestPriority_feature.Calculation_request_priority(supermarketType: &quot;Критичный супермаркет&quot;, requestVl: 0, employmentCandidateCount: 0, employmentFinishedCandidateCount: 0, interviewCandidateCount: 0, requestPriority: Critical)" computerName="DESKTOP-F6SKA47" duration="00:00:06.0845792" startTime="2021-12-16T16:23:44.8480952+03:00" endTime="2021-12-16T16:23:44.8481073+03:00" testType="13cdc9d9-ddb5-4fa4-a97d-d965ccfc6d4b" outcome="Passed" testListId="8c84fa94-04c1-424b-9868-57a2d4851a1d" relativeResultsDirectory="f9ae8d81-29b1-4577-ad6d-b142e101143a">
      <Output>
        <StdOut>SCENARIO: Calculation request priority [supermarketType: "Критичный супермаркет"] [requestVl: "0"] [employmentCandidateCount: "0"] [employmentFinishedCandidateCount: "0"] [interviewCandidateCount: "0"] [requestPriority: "Critical"]&#xD;
  STEP 1/6: GIVEN Given a company [companyId: "PerekrestokCompany"]...&#xD;
  STEP 1/6: GIVEN Given a company [companyId: "PerekrestokCompany"] (Passed after 498ms)&#xD;
  STEP 2/6: AND Given the authenticated user...&#xD;
  STEP 2/6: AND Given the authenticated user (Passed after 1s 852ms)&#xD;
  STEP 3/6: AND Given org unit and request for status [requestState: "InWork"] [supermarketType: "Критичный супермаркет"] [requestVl: "0"]...&#xD;
  STEP 3/6: AND Given org unit and request for status [requestState: "InWork"] [supermarketType: "Критичный супермаркет"] [requestVl: "0"] (Passed after 1s 916ms)&#xD;
  STEP 4/6: AND Given candidates according data and assigned to request [employmentCandidateCount: "0"] [employmentFinishedCandidateCount: "0"] [interviewCandidateCount: "0"]...&#xD;
  STEP 4/6: AND Given candidates according data and assigned to request [employmentCandidateCount: "0"] [employmentFinishedCandidateCount: "0"] [interviewCandidateCount: "0"] (Passed after &lt;1ms)&#xD;
  STEP 5/6: WHEN When calculation priority...&#xD;
  STEP 5/6: WHEN When calculation priority (Passed after 19ms)&#xD;
  STEP 6/6: THEN Then request priority equal [requestPriority: "Critical"]...&#xD;
  STEP 6/6: THEN Then request priority equal [requestPriority: "Critical"] (Passed after 5ms)&#xD;
  SCENARIO RESULT: Passed after 4s 336ms</StdOut>
      </Output>
    </UnitTestResult>
    <UnitTestResult executionId="2b5bc2c8-bef3-4977-a547-e8584cb1a94e" testId="019b787c-88b2-9680-3a7b-9251d2235f77" testName="Skillaz.Tests.CompanySpecific.X5.Naumen.NaumenSlaTests.Sla_calculates_correctly_for_next_day(candidateTimeZone: 9, sla: 02:00:00, startDate: 2019-12-31T22:00:00.0000000Z, truth: [NaumenTimeRange { From = &quot;2020-01-01 07:00:00&quot;, To = &quot;2020-01-01 09:00:00&quot; }])" computerName="DESKTOP-F6SKA47" duration="00:00:00.0002205" startTime="2021-12-16T16:16:29.3190576+03:00" endTime="2021-12-16T16:16:29.3190580+03:00" testType="13cdc9d9-ddb5-4fa4-a97d-d965ccfc6d4b" outcome="Passed" testListId="8c84fa94-04c1-424b-9868-57a2d4851a1d" relativeResultsDirectory="2b5bc2c8-bef3-4977-a547-e8584cb1a94e" />
    <UnitTestResult executionId="80c2011f-76bc-4c54-bf29-a296f027ef0a" testId="019b787c-88b2-9680-3a7b-9251d2235f77" testName="Skillaz.Tests.CompanySpecific.X5.Naumen.NaumenSlaTests.Sla_calculates_correctly_for_next_day(candidateTimeZone: 4, sla: 02:00:00, startDate: 2019-12-31T19:00:00.0000000Z, truth: [NaumenTimeRange { From = &quot;2020-01-01 08:00:00&quot;, To = &quot;2020-01-01 10:00:00&quot; }])" computerName="DESKTOP-F6SKA47" duration="00:00:00.0000890" startTime="2021-12-16T16:16:29.0875994+03:00" endTime="2021-12-16T16:16:29.0875997+03:00" testType="13cdc9d9-ddb5-4fa4-a97d-d965ccfc6d4b" outcome="Passed" testListId="8c84fa94-04c1-424b-9868-57a2d4851a1d" relativeResultsDirectory="80c2011f-76bc-4c54-bf29-a296f027ef0a" />
    <UnitTestResult executionId="e873c5fe-d132-4411-89c2-7727bbdd7230" testId="9b91ebe4-16e7-c36a-4fc9-08dc5ede6102" testName="Skillaz.Tests.Users.UserDataService_feature.Check_GetTop100ByQueryAndTagRole_method(filter: (u2ser, System.Collections.Generic.List`1[System.String]), result: (1, ))" computerName="DESKTOP-F6SKA47" duration="00:00:00.9909319" startTime="2021-12-16T16:25:15.2593214+03:00" endTime="2021-12-16T16:25:15.2593287+03:00" testType="13cdc9d9-ddb5-4fa4-a97d-d965ccfc6d4b" outcome="Passed" testListId="8c84fa94-04c1-424b-9868-57a2d4851a1d" relativeResultsDirectory="e873c5fe-d132-4411-89c2-7727bbdd7230">
      <Output>
        <StdOut>SCENARIO: Check GetTop100ByQueryAndTagRole method [filter: "(u2ser, System.Collections.Generic.List`1[System.String])"] [result: "(1, )"]&#xD;
  STEP 1/5: GIVEN Given a company...&#xD;
  STEP 1/5: GIVEN Given a company (Passed after 232ms)&#xD;
  STEP 2/5: AND Given the authenticated user...&#xD;
  STEP 2/5: AND Given the authenticated user (Passed after 281ms)&#xD;
  STEP 3/5: AND Given Roles...&#xD;
  STEP 3/5: AND Given Roles (Passed after 2ms)&#xD;
  STEP 4/5: AND Given test users...&#xD;
  STEP 4/5: AND Given test users (Passed after 1ms)&#xD;
  STEP 5/5: WHEN When Search is appled [query: "u2ser"] [tags: "tag1"]...&#xD;
  STEP 5/5: WHEN When Search is appled [query: "u2ser"] [tags: "tag1"] (Passed after 35ms)&#xD;
  SCENARIO RESULT: Passed after 568ms</StdOut>
      </Output>
    </UnitTestResult>
    <UnitTestResult executionId="22d670bd-ab88-468d-93ab-89a5dd002bdc" testId="7c725e47-d57a-18cf-b691-ed651bcd01e3" testName="Skillaz.Tests.Candidate.Elastic.CandidateElasticFiltration_feature.Full_success_scenario" computerName="DESKTOP-F6SKA47" duration="00:00:00.0010000" startTime="2021-12-16T16:24:40.0878344+03:00" endTime="2021-12-16T16:24:40.0878383+03:00" testType="13cdc9d9-ddb5-4fa4-a97d-d965ccfc6d4b" outcome="NotExecuted" testListId="8c84fa94-04c1-424b-9868-57a2d4851a1d" relativeResultsDirectory="22d670bd-ab88-468d-93ab-89a5dd002bdc">
      <Output>
        <StdOut>You need Elasticsearch 7.5 local instance on 9200 port</StdOut>
      </Output>
    </UnitTestResult>
    <UnitTestResult executionId="1ed4fbe7-753a-4aac-9cca-c7f71bd57c95" testId="7331f2c9-9096-f35c-90b3-50b40753cd52" testName="Skillaz.Tests.Assessment.Interviews.AudioInterview_feature.Getting_an_interview_result" computerName="DESKTOP-F6SKA47" duration="00:00:03.3295615" startTime="2021-12-16T16:24:44.8331427+03:00" endTime="2021-12-16T16:24:44.8331469+03:00" testType="13cdc9d9-ddb5-4fa4-a97d-d965ccfc6d4b" outcome="Passed" testListId="8c84fa94-04c1-424b-9868-57a2d4851a1d" relativeResultsDirectory="1ed4fbe7-753a-4aac-9cca-c7f71bd57c95">
      <Output>
        <StdOut>SCENARIO: Getting an interview result&#xD;
  STEP 1/5: GIVEN a candidate in a vacancy in a company...&#xD;
  STEP 1/5: GIVEN a candidate in a vacancy in a company (Passed after 1s 046ms)&#xD;
  STEP 2/5: AND the authenticated user...&#xD;
  STEP 2/5: AND the authenticated user (Passed after 671ms)&#xD;
  STEP 3/5: AND the interview...&#xD;
  STEP 3/5: AND the interview (Passed after 569ms)&#xD;
  STEP 4/5: WHEN an interview result is requested...&#xD;
  STEP 4/5: WHEN an interview result is requested (Passed after 503ms)&#xD;
  STEP 5/5: THEN an interview result should be retrieved...&#xD;
  STEP 5/5: THEN an interview result should be retrieved (Passed after &lt;1ms)&#xD;
  SCENARIO RESULT: Passed after 2s 796ms</StdOut>
      </Output>
    </UnitTestResult>
    <UnitTestResult executionId="0966bdfb-f087-4f93-ac8b-ae175e330909" testId="019b787c-88b2-9680-3a7b-9251d2235f77" testName="Skillaz.Tests.CompanySpecific.X5.Naumen.NaumenSlaTests.Sla_calculates_correctly_for_next_day(candidateTimeZone: 6, sla: 02:00:00, startDate: 2019-12-31T20:00:00.0000000Z, truth: [NaumenTimeRange { From = &quot;2020-01-01 07:00:00&quot;, To = &quot;2020-01-01 09:00:00&quot; }])" computerName="DESKTOP-F6SKA47" duration="00:00:00.0002159" startTime="2021-12-16T16:16:29.1208711+03:00" endTime="2021-12-16T16:16:29.1208715+03:00" testType="13cdc9d9-ddb5-4fa4-a97d-d965ccfc6d4b" outcome="Passed" testListId="8c84fa94-04c1-424b-9868-57a2d4851a1d" relativeResultsDirectory="0966bdfb-f087-4f93-ac8b-ae175e330909" />
    <UnitTestResult executionId="bee77922-2a1f-4f59-93f0-eae93011b3f4" testId="e7fb445d-a768-9f1b-9305-54ec3641f4aa" testName="Skillaz.Tests.Assessment.Interviews.SimulationInterview_feature.Setting_a_simulation_interview_status" computerName="DESKTOP-F6SKA47" duration="00:00:16.8239865" startTime="2021-12-16T16:29:45.5532630+03:00" endTime="2021-12-16T16:29:45.5532659+03:00" testType="13cdc9d9-ddb5-4fa4-a97d-d965ccfc6d4b" outcome="Passed" testListId="8c84fa94-04c1-424b-9868-57a2d4851a1d" relativeResultsDirectory="bee77922-2a1f-4f59-93f0-eae93011b3f4">
      <Output>
        <StdOut>SCENARIO: Setting a simulation interview status&#xD;
  STEP 1/4: GIVEN a candidate in a vacancy in a company...&#xD;
  STEP 1/4: GIVEN a candidate in a vacancy in a company (Passed after 541ms)&#xD;
  STEP 2/4: AND the interview...&#xD;
  STEP 2/4: AND the interview (Passed after 1s 464ms)&#xD;
  STEP 3/4: WHEN a simulation interview status Started is set...&#xD;
  STEP 3/4: WHEN a simulation interview status Started is set (Passed after 8s 283ms)&#xD;
  STEP 4/4: THEN the interview should be started...&#xD;
  STEP 4/4: THEN the interview should be started (Passed after 6s 050ms)&#xD;
  SCENARIO RESULT: Passed after 16s 344ms</StdOut>
      </Output>
    </UnitTestResult>
    <UnitTestResult executionId="a79e1a8b-fcc7-45ec-b53a-aa3429ba8141" testId="019b787c-88b2-9680-3a7b-9251d2235f77" testName="Skillaz.Tests.CompanySpecific.X5.Naumen.NaumenSlaTests.Sla_calculates_correctly_for_next_day(candidateTimeZone: 4, sla: 02:00:00, startDate: 2019-12-31T20:30:00.0000000Z, truth: [NaumenTimeRange { From = &quot;2020-01-01 08:00:00&quot;, To = &quot;2020-01-01 10:00:00&quot; }])" computerName="DESKTOP-F6SKA47" duration="00:00:00.0001032" startTime="2021-12-16T16:16:29.0877834+03:00" endTime="2021-12-16T16:16:29.0877837+03:00" testType="13cdc9d9-ddb5-4fa4-a97d-d965ccfc6d4b" outcome="Passed" testListId="8c84fa94-04c1-424b-9868-57a2d4851a1d" relativeResultsDirectory="a79e1a8b-fcc7-45ec-b53a-aa3429ba8141" />
    <UnitTestResult executionId="19f252ef-8ee4-4aa8-9531-98365b1a7a9a" testId="5244d254-212b-0033-7cc8-9d71b4f78ec9" testName="Skillaz.Tests.Request.IAssignCandidateHireRequestStrategy_feature.AssignCandidateHireRequestStrategyTest" computerName="DESKTOP-F6SKA47" duration="00:00:05.9807068" startTime="2021-12-16T16:18:52.9723973+03:00" endTime="2021-12-16T16:18:52.9724028+03:00" testType="13cdc9d9-ddb5-4fa4-a97d-d965ccfc6d4b" outcome="Passed" testListId="8c84fa94-04c1-424b-9868-57a2d4851a1d" relativeResultsDirectory="19f252ef-8ee4-4aa8-9531-98365b1a7a9a">
      <Output>
        <StdOut>SCENARIO: AssignCandidateHireRequestStrategyTest&#xD;
  STEP 1/7: GIVEN a company Enterprise...&#xD;
  STEP 1/7: GIVEN a company Enterprise (Passed after 686ms)&#xD;
  STEP 2/7: AND the authenticated user...&#xD;
  STEP 2/7: AND the authenticated user (Passed after 208ms)&#xD;
  STEP 3/7: AND the vacancy in the company...&#xD;
  STEP 3/7: AND the vacancy in the company (Passed after 88ms)&#xD;
  STEP 4/7: AND the request in the company...&#xD;
  STEP 4/7: AND the request in the company (Passed after 230ms)&#xD;
  STEP 5/7: AND the candidate in the company and vacancy...&#xD;
  STEP 5/7: AND the candidate in the company and vacancy (Passed after 170ms)&#xD;
  STEP 6/7: WHEN assign candidate request...&#xD;
  STEP 6/7: WHEN assign candidate request (Passed after 3s 837ms)&#xD;
  STEP 7/7: THEN candidate Test result...&#xD;
  STEP 7/7: THEN candidate Test result (Passed after 107ms)&#xD;
  SCENARIO RESULT: Passed after 5s 373ms</StdOut>
      </Output>
    </UnitTestResult>
    <UnitTestResult executionId="b1012b27-634c-4481-a51c-ecbb7d3e26af" testId="795a966c-43b0-a4ea-6171-6ba2b6de49a4" testName="Skillaz.Tests.AsyncEnumerable.AsyncEnumerableTests.Batching_works_for_async_enumerable_when_batches_are_not_equally_sized" computerName="DESKTOP-F6SKA47" duration="00:00:01.4104176" startTime="2021-12-16T16:16:31.3258956+03:00" endTime="2021-12-16T16:16:31.3259030+03:00" testType="13cdc9d9-ddb5-4fa4-a97d-d965ccfc6d4b" outcome="Passed" testListId="8c84fa94-04c1-424b-9868-57a2d4851a1d" relativeResultsDirectory="b1012b27-634c-4481-a51c-ecbb7d3e26af" />
    <UnitTestResult executionId="eeb859fc-41c6-49d8-bfff-6f1a8ef41d9b" testId="8cec8bf0-7e2e-da22-085d-1e07fea50044" testName="Skillaz.Tests.Candidate.Workflow.CandidateTagSwitchRulesTests.Check_use_auto_switch_rule_by_always_priority_before_by_tag" computerName="DESKTOP-F6SKA47" duration="00:00:15.5653436" startTime="2021-12-16T16:22:56.9502736+03:00" endTime="2021-12-16T16:22:56.9502762+03:00" testType="13cdc9d9-ddb5-4fa4-a97d-d965ccfc6d4b" outcome="Passed" testListId="8c84fa94-04c1-424b-9868-57a2d4851a1d" relativeResultsDirectory="eeb859fc-41c6-49d8-bfff-6f1a8ef41d9b">
      <Output>
        <StdOut>SCENARIO: Check use auto switch rule by always priority before by tag&#xD;
  STEP 1/8: GIVEN a company...&#xD;
  STEP 1/8: GIVEN a company (Passed after 774ms)&#xD;
  STEP 2/8: AND the authenticated user...&#xD;
  STEP 2/8: AND the authenticated user (Passed after 543ms)&#xD;
  STEP 3/8: AND the vacancy in the company...&#xD;
  STEP 3/8: AND the vacancy in the company (Passed after 283ms)&#xD;
  STEP 4/8: AND the switch rules always and tag "CandidateTag"...&#xD;
  STEP 4/8: AND the switch rules always and tag "CandidateTag" (Passed after &lt;1ms)&#xD;
  STEP 5/8: AND a funnel...&#xD;
  STEP 5/8: AND a funnel (Passed after 108ms)&#xD;
  STEP 6/8: AND a candidate with tag "CandidateTag"...&#xD;
  STEP 6/8: AND a candidate with tag "CandidateTag" (Passed after 211ms)&#xD;
  STEP 7/8: WHEN switch candidate to switched status...&#xD;
  STEP 7/8: WHEN switch candidate to switched status (Passed after 11s 146ms)&#xD;
  STEP 8/8: THEN candidate in status "TargetStatusWithAlways" [detail: "&lt;null&gt;"]...&#xD;
  STEP 8/8: THEN candidate in status "TargetStatusWithAlways" [detail: "&lt;null&gt;"] (Passed after 1ms)&#xD;
  SCENARIO RESULT: Passed after 13s 090ms</StdOut>
      </Output>
    </UnitTestResult>
    <UnitTestResult executionId="22b830b1-a5f3-4b0e-b40e-13eb2bfbc4a9" testId="695a69c9-264c-d1c5-2032-535ef4bf39f9" testName="Skillaz.Tests.CompanySpecific.X5.Naumen.NaumenSlaTests.Sla_calculates_correctly_for_split_days(candidateTimeZone: 9, sla: 05:00:00, startDate: 2019-12-31T08:30:00.0000000Z, truth: [NaumenTimeRange { From = &quot;2019-12-31 11:30:00&quot;, To = &quot;2019-12-31 14:00:00&quot; }, NaumenTimeRange { From = &quot;2020-01-01 07:00:00&quot;, To = &quot;2020-01-01 09:30:00&quot; }])" computerName="DESKTOP-F6SKA47" duration="00:00:00.0001182" startTime="2021-12-16T16:16:29.0174493+03:00" endTime="2021-12-16T16:16:29.0174496+03:00" testType="13cdc9d9-ddb5-4fa4-a97d-d965ccfc6d4b" outcome="Passed" testListId="8c84fa94-04c1-424b-9868-57a2d4851a1d" relativeResultsDirectory="22b830b1-a5f3-4b0e-b40e-13eb2bfbc4a9" />
    <UnitTestResult executionId="75bcde3e-57ce-4b4a-b2b8-036fb612676d" testId="fd241181-d48b-d098-e700-e572436ff44c" testName="Skillaz.Tests.Configurator.DocumentModel.ObjectTypeJobOffer.JobOfferDocument_Notification" computerName="DESKTOP-F6SKA47" duration="00:00:09.4841420" startTime="2021-12-16T16:22:16.5559385+03:00" endTime="2021-12-16T16:22:16.5559392+03:00" testType="13cdc9d9-ddb5-4fa4-a97d-d965ccfc6d4b" outcome="Passed" testListId="8c84fa94-04c1-424b-9868-57a2d4851a1d" relativeResultsDirectory="75bcde3e-57ce-4b4a-b2b8-036fb612676d">
      <Output>
        <StdOut>SCENARIO: JobOfferDocument Notification&#xD;
  STEP 1/12: GIVEN a company...&#xD;
  STEP 1/12: GIVEN a company (Passed after 108ms)&#xD;
  STEP 2/12: AND the authenticated user...&#xD;
  STEP 2/12: AND the authenticated user (Passed after 658ms)&#xD;
  STEP 3/12: AND email type...&#xD;
  STEP 3/12: AND email type (Passed after 216ms)&#xD;
  STEP 4/12: AND the vacancy in the company...&#xD;
  STEP 4/12: AND the vacancy in the company (Passed after 393ms)&#xD;
  STEP 5/12: Получить воронку в конфигураторе без черновика...&#xD;
  STEP 5/12: Получить воронку в конфигураторе без черновика (Passed after 355ms)&#xD;
  STEP 6/12: GIVEN a job offer model...&#xD;
  STEP 6/12: GIVEN a job offer model (Passed after 575ms)&#xD;
  STEP 7/12: THEN job offer is loaded...&#xD;
  STEP 7/12: THEN job offer is loaded (Passed after 1s 140ms)&#xD;
  STEP 8/12: AND configuration send to candidate true...&#xD;
  STEP 8/12: AND configuration send to candidate true (Passed after 116ms)&#xD;
  STEP 9/12: GIVEN a candidate...&#xD;
  STEP 9/12: GIVEN a candidate (Passed after 294ms)&#xD;
  STEP 10/12: WHEN job offer created...&#xD;
  STEP 10/12: WHEN job offer created (Passed after 3s 388ms)&#xD;
  STEP 11/12: AND job offer switch status...&#xD;
  STEP 11/12: AND job offer switch status (Passed after 1s 359ms)&#xD;
  STEP 12/12: THEN notification sent...&#xD;
  STEP 12/12: THEN notification sent (Passed after 14ms)&#xD;
  SCENARIO RESULT: Passed after 8s 635ms</StdOut>
      </Output>
    </UnitTestResult>
    <UnitTestResult executionId="cce3206c-5f2a-4fed-a018-301e5c9e6fa2" testId="39bbe88c-a5a1-69b6-0e18-a75bb02edd6c" testName="Skillaz.Tests.CompanySpecific.X5.Naumen.NaumenSlaTests.Sla_calculates_correctly_within_one_day(candidateTimeZone: 9, sla: 04:00:00, startDate: 2019-12-31T07:00:00.0000000Z, truth: [NaumenTimeRange { From = &quot;2019-12-31 10:00:00&quot;, To = &quot;2019-12-31 14:00:00&quot; }])" computerName="DESKTOP-F6SKA47" duration="00:00:00.0000351" startTime="2021-12-16T16:16:29.0272034+03:00" endTime="2021-12-16T16:16:29.0272039+03:00" testType="13cdc9d9-ddb5-4fa4-a97d-d965ccfc6d4b" outcome="Passed" testListId="8c84fa94-04c1-424b-9868-57a2d4851a1d" relativeResultsDirectory="cce3206c-5f2a-4fed-a018-301e5c9e6fa2" />
    <UnitTestResult executionId="dc739188-9de5-4dc4-8d17-eb7a37bd661a" testId="05acc31b-4d42-8518-2527-595db733ea2c" testName="Skillaz.Tests.CompanySpecific.Uralchem.UralchemSSOAuth_feature.Вторая_авторизация_пользователя_используя_SSO_группы" computerName="DESKTOP-F6SKA47" duration="00:00:11.8646246" startTime="2021-12-16T16:24:07.5967545+03:00" endTime="2021-12-16T16:24:07.5967567+03:00" testType="13cdc9d9-ddb5-4fa4-a97d-d965ccfc6d4b" outcome="Passed" testListId="8c84fa94-04c1-424b-9868-57a2d4851a1d" relativeResultsDirectory="dc739188-9de5-4dc4-8d17-eb7a37bd661a">
      <Output>
        <StdOut>SCENARIO: Вторая авторизация пользователя используя SSO группы&#xD;
  STEP 1/19: GIVEN a company [companyId: "uralchem"]...&#xD;
  STEP 1/19: GIVEN a company [companyId: "uralchem"] (Passed after 370ms)&#xD;
  STEP 2/19: AND the authenticated user...&#xD;
  STEP 2/19: AND the authenticated user (Passed after 1s 112ms)&#xD;
  STEP 3/19: AND uralchem reference values...&#xD;
  STEP 3/19: AND uralchem reference values (Passed after 2s 017ms)&#xD;
  STEP 4/19: AND uralchem role with sso groups...&#xD;
  STEP 4/19: AND uralchem role with sso groups (Passed after 18ms)&#xD;
  STEP 5/19: AND user [userName: "recruterUserName"] [roleTag: "Skillaz.Framework.Auth.RoleTag"]...&#xD;
  STEP 5/19: AND user [userName: "recruterUserName"] [roleTag: "Skillaz.Framework.Auth.RoleTag"] (Passed after 96ms)&#xD;
  STEP 6/19: AND user [userName: "hrUserName"] [roleTag: "Skillaz.Framework.Auth.RoleTag"]...&#xD;
  STEP 6/19: AND user [userName: "hrUserName"] [roleTag: "Skillaz.Framework.Auth.RoleTag"] (Passed after 12ms)&#xD;
  STEP 7/19: AND user [userName: "hiringUserName"] [roleTag: "Skillaz.Framework.Auth.RoleTag"]...&#xD;
  STEP 7/19: AND user [userName: "hiringUserName"] [roleTag: "Skillaz.Framework.Auth.RoleTag"] (Passed after 13ms)&#xD;
  STEP 8/19: WHEN use auth use sso [userName: "recruterUserName"] [samlClaims: "ssoGroup: recuterSsoGroup, userName: recruterUserName"] [isFindUserToDataBase: "True"]...&#xD;
  STEP 8/19: WHEN use auth use sso [userName: "recruterUserName"] [samlClaims: "ssoGroup: recuterSsoGroup, userName: recruterUserName"] [isFindUserToDataBase: "True"] (Passed after 5s 775ms)&#xD;
  STEP 9/19: AND use auth use sso [userName: "hrUserName"] [samlClaims: "ssoGroup: hrSsoGroup, userName: hrUserName"] [isFindUserToDataBase: "True"]...&#xD;
  STEP 9/19: AND use auth use sso [userName: "hrUserName"] [samlClaims: "ssoGroup: hrSsoGroup, userName: hrUserName"] [isFindUserToDataBase: "True"] (Passed after 128ms)&#xD;
  STEP 10/19: AND use auth use sso [userName: "hiringUserName"] [samlClaims: "ssoGroup: hiringManagerSsoGroup, userName: hiringUserName"] [isFindUserToDataBase: "True"]...&#xD;
  STEP 10/19: AND use auth use sso [userName: "hiringUserName"] [samlClaims: "ssoGroup: hiringManagerSsoGroup, userName: hiringUserName"] [isFindUserToDataBase: "True"] (Passed after 179ms)&#xD;
  STEP 11/19: THEN user is created and correct role [userName: "recruterUserName"] [roleTag: "Skillaz.Framework.Auth.RoleTag"]...&#xD;
  STEP 11/19: THEN user is created and correct role [userName: "recruterUserName"] [roleTag: "Skillaz.Framework.Auth.RoleTag"] (Passed after 34ms)&#xD;
  STEP 12/19: AND user is created and correct role [userName: "hrUserName"] [roleTag: "Skillaz.Framework.Auth.RoleTag"]...&#xD;
  STEP 12/19: AND user is created and correct role [userName: "hrUserName"] [roleTag: "Skillaz.Framework.Auth.RoleTag"] (Passed after 3ms)&#xD;
  STEP 13/19: AND user is created and correct role [userName: "hiringUserName"] [roleTag: "Skillaz.Framework.Auth.RoleTag"]...&#xD;
  STEP 13/19: AND user is created and correct role [userName: "hiringUserName"] [roleTag: "Skillaz.Framework.Auth.RoleTag"] (Passed after 12ms)&#xD;
  STEP 14/19: AND user is not exists duplicate [userName: "recruterUserName"]...&#xD;
  STEP 14/19: AND user is not exists duplicate [userName: "recruterUserName"] (Passed after 41ms)&#xD;
  STEP 15/19: AND user is not exists duplicate [userName: "hrUserName"]...&#xD;
  STEP 15/19: AND user is not exists duplicate [userName: "hrUserName"] (Passed after 29ms)&#xD;
  STEP 16/19: AND user is not exists duplicate [userName: "hiringUserName"]...&#xD;
  STEP 16/19: AND user is not exists duplicate [userName: "hiringUserName"] (Passed after 2ms)&#xD;
  STEP 17/19: AND user is correct link to organization [userName: "recruterUserName"] [organizationId: "testOrgnanization"]...&#xD;
  STEP 17/19: AND user is correct link to organization [userName: "recruterUserName"] [organizationId: "testOrgnanization"] (Passed after 732ms)&#xD;
  STEP 18/19: AND user is correct link to organization [userName: "hrUserName"] [organizationId: "testOrgnanization"]...&#xD;
  STEP 18/19: AND user is correct link to organization [userName: "hrUserName"] [organizationId: "testOrgnanization"] (Passed after 8ms)&#xD;
  STEP 19/19: AND user is correct link to organization [userName: "hiringUserName"] [organizationId: "testOrgnanization"]...&#xD;
  STEP 19/19: AND user is correct link to organization [userName: "hiringUserName"] [organizationId: "testOrgnanization"] (Passed after 3ms)&#xD;
  SCENARIO RESULT: Passed after 10s 732ms</StdOut>
      </Output>
    </UnitTestResult>
    <UnitTestResult executionId="e92d1d05-df8a-4cc2-a2d8-673fc7c7e169" testId="39bbe88c-a5a1-69b6-0e18-a75bb02edd6c" testName="Skillaz.Tests.CompanySpecific.X5.Naumen.NaumenSlaTests.Sla_calculates_correctly_within_one_day(candidateTimeZone: 5, sla: 05:00:00, startDate: 2019-12-31T10:00:00.0000000Z, truth: [NaumenTimeRange { From = &quot;2019-12-31 13:00:00&quot;, To = &quot;2019-12-31 18:00:00&quot; }])" computerName="DESKTOP-F6SKA47" duration="00:00:00.0016046" startTime="2021-12-16T16:16:28.9250260+03:00" endTime="2021-12-16T16:16:28.9250266+03:00" testType="13cdc9d9-ddb5-4fa4-a97d-d965ccfc6d4b" outcome="Passed" testListId="8c84fa94-04c1-424b-9868-57a2d4851a1d" relativeResultsDirectory="e92d1d05-df8a-4cc2-a2d8-673fc7c7e169" />
    <UnitTestResult executionId="82544603-ecf7-4e9a-9c5e-5412d43ec16f" testId="5959079a-7e1e-eb78-6ff2-9e00f88d90ec" testName="Skillaz.Tests.Configurator.Deduplication.FindRuleTest.Verify_rule_not_found_if_vacancies_are_same" computerName="DESKTOP-F6SKA47" duration="00:00:00.6035736" startTime="2021-12-16T16:26:47.0201958+03:00" endTime="2021-12-16T16:26:47.0201985+03:00" testType="13cdc9d9-ddb5-4fa4-a97d-d965ccfc6d4b" outcome="Passed" testListId="8c84fa94-04c1-424b-9868-57a2d4851a1d" relativeResultsDirectory="82544603-ecf7-4e9a-9c5e-5412d43ec16f">
      <Output>
        <StdOut>SCENARIO: Verify rule not found if vacancies are same&#xD;
  STEP 1/4: GIVEN a company...&#xD;
  STEP 1/4: GIVEN a company (Passed after 187ms)&#xD;
  STEP 2/4: AND deduplication configuration [response: "ForOtherVacancy"]...&#xD;
  STEP 2/4: AND deduplication configuration [response: "ForOtherVacancy"] (Passed after &lt;1ms)&#xD;
  STEP 3/4: AND rule finder context...&#xD;
  STEP 3/4: AND rule finder context (Passed after 11ms)&#xD;
  STEP 4/4: THEN rule not found [currentVacancyId: "61bb3c2d7f10d69374789bc9"] [newVacancyId: "61bb3c2d7f10d69374789bc9"]...&#xD;
  STEP 4/4: THEN rule not found [currentVacancyId: "61bb3c2d7f10d69374789bc9"] [newVacancyId: "61bb3c2d7f10d69374789bc9"] (Passed after 68ms)&#xD;
  SCENARIO RESULT: Passed after 362ms</StdOut>
      </Output>
    </UnitTestResult>
    <UnitTestResult executionId="7c84c752-7450-47d9-a85a-ed85cb8be594" testId="d7c5ef52-816c-7850-caa7-10642d9f81e3" testName="Skillaz.Tests.Assessment.Scenario_feature.Getting_scenario_list" computerName="DESKTOP-F6SKA47" duration="00:00:01.9976073" startTime="2021-12-16T16:22:20.1674933+03:00" endTime="2021-12-16T16:22:20.1674967+03:00" testType="13cdc9d9-ddb5-4fa4-a97d-d965ccfc6d4b" outcome="Passed" testListId="8c84fa94-04c1-424b-9868-57a2d4851a1d" relativeResultsDirectory="7c84c752-7450-47d9-a85a-ed85cb8be594">
      <Output>
        <StdOut>SCENARIO: Getting scenario list&#xD;
  STEP 1/7: GIVEN a company...&#xD;
  STEP 1/7: GIVEN a company (Passed after 120ms)&#xD;
  STEP 2/7: AND the authenticated user...&#xD;
  STEP 2/7: AND the authenticated user (Passed after 395ms)&#xD;
  STEP 3/7: AND the vacancy in the company...&#xD;
  STEP 3/7: AND the vacancy in the company (Passed after 210ms)&#xD;
  STEP 4/7: AND a scenario list...&#xD;
  STEP 4/7: AND a scenario list (Passed after 366ms)&#xD;
  STEP 5/7: AND scenario filter...&#xD;
  STEP 5/7: AND scenario filter (Passed after &lt;1ms)&#xD;
  STEP 6/7: WHEN scenario list is requested...&#xD;
  STEP 6/7: WHEN scenario list is requested (Passed after 86ms)&#xD;
  STEP 7/7: Scenario list should be retrieved...&#xD;
  STEP 7/7: Scenario list should be retrieved (Passed after &lt;1ms)&#xD;
  SCENARIO RESULT: Passed after 1s 184ms</StdOut>
      </Output>
    </UnitTestResult>
    <UnitTestResult executionId="f3e5d378-9527-4fe9-b09e-d828e64aaf9d" testId="d85ea6cb-b578-b631-0e48-81c4a9519feb" testName="Skillaz.Tests.AutoComplete.RequestAutoCompleteControllerGetRequests_feature.AutoComplete_with_states_and_state_types(states: [&quot;InWork&quot;], stateTypes: [&quot;CandidateRecruitment&quot;])" computerName="DESKTOP-F6SKA47" duration="00:00:05.6446498" startTime="2021-12-16T16:26:41.3708399+03:00" endTime="2021-12-16T16:26:41.3708423+03:00" testType="13cdc9d9-ddb5-4fa4-a97d-d965ccfc6d4b" outcome="Passed" testListId="8c84fa94-04c1-424b-9868-57a2d4851a1d" relativeResultsDirectory="f3e5d378-9527-4fe9-b09e-d828e64aaf9d">
      <Output>
        <StdOut>SCENARIO: AutoComplete with states "InWork" and state types [stateTypes: "CandidateRecruitment"]&#xD;
  STEP 1/6: GIVEN a company...&#xD;
  STEP 1/6: GIVEN a company (Passed after 232ms)&#xD;
  STEP 2/6: AND the authenticated user...&#xD;
  STEP 2/6: AND the authenticated user (Passed after 201ms)&#xD;
  STEP 3/6: AND a model...&#xD;
  STEP 3/6: AND a model (Passed after 371ms)&#xD;
  STEP 4/6: AND requests...&#xD;
  STEP 4/6: AND requests (Passed after 2s 856ms)&#xD;
  STEP 5/6: WHEN getting requests [states: "InWork"] [stateTypes: "CandidateRecruitment"]...&#xD;
  STEP 5/6: WHEN getting requests [states: "InWork"] [stateTypes: "CandidateRecruitment"] (Passed after 318ms)&#xD;
  STEP 6/6: THEN correct requests return [states: "InWork"] [stateTypes: "CandidateRecruitment"]...&#xD;
  STEP 6/6: THEN correct requests return [states: "InWork"] [stateTypes: "CandidateRecruitment"] (Passed after 162ms)&#xD;
  SCENARIO RESULT: Passed after 4s 158ms</StdOut>
      </Output>
    </UnitTestResult>
    <UnitTestResult executionId="13f0ffd0-fd81-4b70-8436-0808ca23ce86" testId="01f0e9b6-7a7f-6c3d-c42c-2c4a03d6e0f0" testName="Skillaz.Tests.Reference.FromRegistry_feature.From_registry_correctly_view_model_after_archiving_reference" computerName="DESKTOP-F6SKA47" duration="00:00:08.1862337" startTime="2021-12-16T16:25:57.0977641+03:00" endTime="2021-12-16T16:25:57.0977673+03:00" testType="13cdc9d9-ddb5-4fa4-a97d-d965ccfc6d4b" outcome="Passed" testListId="8c84fa94-04c1-424b-9868-57a2d4851a1d" relativeResultsDirectory="13f0ffd0-fd81-4b70-8436-0808ca23ce86">
      <Output>
        <StdOut>SCENARIO: From registry correctly view model after archiving reference&#xD;
  STEP 1/6: GIVEN a company...&#xD;
  STEP 1/6: GIVEN a company (Passed after 226ms)&#xD;
  STEP 2/6: AND the model from registry...&#xD;
  STEP 2/6: AND the model from registry (Passed after 1ms)&#xD;
  STEP 3/6: AND the authenticated user...&#xD;
  STEP 3/6: AND the authenticated user (Passed after 453ms)&#xD;
  STEP 4/6: AND a references...&#xD;
  STEP 4/6: AND a references (Passed after 1s 124ms)&#xD;
  STEP 5/6: WHEN archive reference value...&#xD;
  STEP 5/6: WHEN archive reference value (Passed after 634ms)&#xD;
  STEP 6/6: THEN the view model field have correct text...&#xD;
  STEP 6/6: THEN the view model field have correct text (Passed after 5s 254ms)&#xD;
  SCENARIO RESULT: Passed after 7s 854ms</StdOut>
      </Output>
    </UnitTestResult>
    <UnitTestResult executionId="d206138f-f9aa-44e5-b3c6-ff6693dd7b1a" testId="37e6c8b1-fcd9-734e-b323-21d4c73996f9" testName="Skillaz.Tests.CompanySpecific.Mvideo.MvideoOpenApiSapAvaliablePositionsHireNeedBatchRequest_feature.CheckAvaliablePositionsInHireNeedAfterOpenApiRequest_AllRequests(staffCount: 11, employeesCount: 6, manualApprovedCounts: [2], batchOrgItems: (11, 7), expected: (2, ))" computerName="DESKTOP-F6SKA47" duration="00:00:00.0010000" startTime="2021-12-16T16:29:45.8231797+03:00" endTime="2021-12-16T16:29:45.8231905+03:00" testType="13cdc9d9-ddb5-4fa4-a97d-d965ccfc6d4b" outcome="NotExecuted" testListId="8c84fa94-04c1-424b-9868-57a2d4851a1d" relativeResultsDirectory="d206138f-f9aa-44e5-b3c6-ff6693dd7b1a">
      <Output>
        <StdOut>Вернуть тесты после правок по потребностям Mvideo</StdOut>
      </Output>
    </UnitTestResult>
    <UnitTestResult executionId="963b7d7d-c665-4536-b4fa-5fffbc147cca" testId="e9363b57-7b56-3a3b-5e56-7db6d32f94ce" testName="Skillaz.Tests.Configurator.DocumentModel.ReferencesFilter_feature.Check_if_filter_for_ref_exists" computerName="DESKTOP-F6SKA47" duration="00:00:10.5729203" startTime="2021-12-16T16:17:57.7401194+03:00" endTime="2021-12-16T16:17:57.7401319+03:00" testType="13cdc9d9-ddb5-4fa4-a97d-d965ccfc6d4b" outcome="Passed" testListId="8c84fa94-04c1-424b-9868-57a2d4851a1d" relativeResultsDirectory="963b7d7d-c665-4536-b4fa-5fffbc147cca">
      <Output>
        <StdOut>SCENARIO: Check if filter for ref exists&#xD;
  STEP 1/4: GIVEN a company...&#xD;
  STEP 1/4: GIVEN a company (Passed after 240ms)&#xD;
  STEP 2/4: AND the authenticated user...&#xD;
  STEP 2/4: AND the authenticated user (Passed after 129ms)&#xD;
  STEP 3/4: Define dm with reference...&#xD;
  STEP 3/4: Define dm with reference (Passed after 5s 485ms)&#xD;
  STEP 4/4: Check if query exists after expression built...&#xD;
  STEP 4/4: Check if query exists after expression built (Passed after 3s 842ms)&#xD;
  SCENARIO RESULT: Passed after 9s 705ms</StdOut>
      </Output>
    </UnitTestResult>
    <UnitTestResult executionId="ae39c947-8b36-42d6-83a8-0d964dbec939" testId="445bbdb1-1ff1-aa22-e907-a127ba978158" testName="Skillaz.Tests.Notifications.Workflow.WorkflowNotificationParameters_feature.Attempt_send_email_notification_with_workflow_comment_for_actually_check_workflow" computerName="DESKTOP-F6SKA47" duration="00:00:07.5072026" startTime="2021-12-16T16:24:06.7267108+03:00" endTime="2021-12-16T16:24:06.7267141+03:00" testType="13cdc9d9-ddb5-4fa4-a97d-d965ccfc6d4b" outcome="Passed" testListId="8c84fa94-04c1-424b-9868-57a2d4851a1d" relativeResultsDirectory="ae39c947-8b36-42d6-83a8-0d964dbec939">
      <Output>
        <StdOut>SCENARIO: Attempt send email notification with workflow comment for actually check workflow&#xD;
  STEP 1/11: GIVEN a company...&#xD;
  STEP 1/11: GIVEN a company (Passed after 320ms)&#xD;
  STEP 2/11: AND the authenticated user...&#xD;
  STEP 2/11: AND the authenticated user (Passed after 1s 242ms)&#xD;
  STEP 3/11: AND the workflow schema for security and processing role [workflowCode: "Security"]...&#xD;
  STEP 3/11: AND the workflow schema for security and processing role [workflowCode: "Security"] (Passed after 1s 330ms)&#xD;
  STEP 4/11: AND the workflow schema for security and processing role [workflowCode: "Custom"]...&#xD;
  STEP 4/11: AND the workflow schema for security and processing role [workflowCode: "Custom"] (Passed after 1ms)&#xD;
  STEP 5/11: AND the email template "Security{{{cnd_chk_Security_workflow_comment}}}Custom{{{cnd_chk_Custom_workflow_comment}}}"...&#xD;
  STEP 5/11: AND the email template "Security{{{cnd_chk_Security_workflow_comment}}}Custom{{{cnd_chk_Custom_workflow_comment}}}" (Passed after 582ms)&#xD;
  STEP 6/11: AND the vacancy in the company...&#xD;
  STEP 6/11: AND the vacancy in the company (Passed after 113ms)&#xD;
  STEP 7/11: AND the check document [checkId: "61bb3df27f10d6937478d932"] [workflowCode: "Security"]...&#xD;
  STEP 7/11: AND the check document [checkId: "61bb3df27f10d6937478d932"] [workflowCode: "Security"] (Passed after 229ms)&#xD;
  STEP 8/11: AND the check document [checkId: "61bb3df27f10d6937478d933"] [workflowCode: "Custom"]...&#xD;
  STEP 8/11: AND the check document [checkId: "61bb3df27f10d6937478d933"] [workflowCode: "Custom"] (Passed after 17ms)&#xD;
  STEP 9/11: AND the candidate [checkIds: "61bb3df27f10d6937478d932, 61bb3df27f10d6937478d933"]...&#xD;
  STEP 9/11: AND the candidate [checkIds: "61bb3df27f10d6937478d932, 61bb3df27f10d6937478d933"] (Passed after 163ms)&#xD;
  STEP 10/11: WHEN check workflow switch status [checkId: "61bb3df27f10d6937478d933"]...&#xD;
  STEP 10/11: WHEN check workflow switch status [checkId: "61bb3df27f10d6937478d933"] (Passed after 1s 551ms)&#xD;
  STEP 11/11: THEN attempt method send letter contains workflow comment [startWithWord: "Custom"]...&#xD;
  STEP 11/11: THEN attempt method send letter contains workflow comment [startWithWord: "Custom"] (Passed after 1ms)&#xD;
  SCENARIO RESULT: Passed after 5s 614ms</StdOut>
      </Output>
    </UnitTestResult>
    <UnitTestResult executionId="4bcc1255-0741-4395-a647-8aaf42692c62" testId="61c3d6f9-5d78-df6a-5eaa-9bb3522e90a6" testName="Skillaz.Tests.Assessment.Questionnaires.TalentQQuestionnaire_feature.Getting_a_questionnaire" computerName="DESKTOP-F6SKA47" duration="00:00:06.7689877" startTime="2021-12-16T16:19:12.8444859+03:00" endTime="2021-12-16T16:19:12.8445048+03:00" testType="13cdc9d9-ddb5-4fa4-a97d-d965ccfc6d4b" outcome="Passed" testListId="8c84fa94-04c1-424b-9868-57a2d4851a1d" relativeResultsDirectory="4bcc1255-0741-4395-a647-8aaf42692c62">
      <Output>
        <StdOut>SCENARIO: Getting a questionnaire&#xD;
  STEP 1/5: GIVEN a company...&#xD;
  STEP 1/5: GIVEN a company (Passed after 299ms)&#xD;
  STEP 2/5: AND the authenticated user...&#xD;
  STEP 2/5: AND the authenticated user (Passed after 878ms)&#xD;
  STEP 3/5: AND the questionnaire...&#xD;
  STEP 3/5: AND the questionnaire (Passed after 2s 590ms)&#xD;
  STEP 4/5: WHEN questionnaire is requested...&#xD;
  STEP 4/5: WHEN questionnaire is requested (Passed after 2s 028ms)&#xD;
  STEP 5/5: Questionnaire should be retrieved...&#xD;
  STEP 5/5: Questionnaire should be retrieved (Passed after 1ms)&#xD;
  SCENARIO RESULT: Passed after 5s 805ms</StdOut>
      </Output>
    </UnitTestResult>
    <UnitTestResult executionId="8b4a574c-ffe8-414c-a4a3-dd8b621891e7" testId="019b787c-88b2-9680-3a7b-9251d2235f77" testName="Skillaz.Tests.CompanySpecific.X5.Naumen.NaumenSlaTests.Sla_calculates_correctly_for_next_day(candidateTimeZone: 10, sla: 02:00:00, startDate: 2019-12-31T16:00:00.0000000Z, truth: [NaumenTimeRange { From = &quot;2020-01-01 07:00:00&quot;, To = &quot;2020-01-01 09:00:00&quot; }])" computerName="DESKTOP-F6SKA47" duration="00:00:00.0000351" startTime="2021-12-16T16:16:29.3334920+03:00" endTime="2021-12-16T16:16:29.3334924+03:00" testType="13cdc9d9-ddb5-4fa4-a97d-d965ccfc6d4b" outcome="Passed" testListId="8c84fa94-04c1-424b-9868-57a2d4851a1d" relativeResultsDirectory="8b4a574c-ffe8-414c-a4a3-dd8b621891e7" />
    <UnitTestResult executionId="4ce628c2-9439-4c56-99d9-f4e9b2b9efb9" testId="87114bf8-ac51-6312-d09c-5d17ad042fd8" testName="Skillaz.Tests.HH.HHNegotiations_feature.SMS_are_sent_to_the_candidate" computerName="DESKTOP-F6SKA47" duration="00:00:24.8004965" startTime="2021-12-16T16:24:42.8881695+03:00" endTime="2021-12-16T16:24:42.8881726+03:00" testType="13cdc9d9-ddb5-4fa4-a97d-d965ccfc6d4b" outcome="Passed" testListId="8c84fa94-04c1-424b-9868-57a2d4851a1d" relativeResultsDirectory="4ce628c2-9439-4c56-99d9-f4e9b2b9efb9">
      <Output>
        <StdOut>SCENARIO: SMS are sent to the candidate&#xD;
  STEP 1/6: GIVEN a company...&#xD;
  STEP 1/6: GIVEN a company (Passed after 94ms)&#xD;
  STEP 2/6: AND the vacancy in the company...&#xD;
  STEP 2/6: AND the vacancy in the company (Passed after 289ms)&#xD;
  STEP 3/6: AND hh vacancy...&#xD;
  STEP 3/6: AND hh vacancy (Passed after 299ms)&#xD;
  STEP 4/6: AND a candidate...&#xD;
  STEP 4/6: AND a candidate (Passed after 359ms)&#xD;
  STEP 5/6: WHEN sms sent...&#xD;
  STEP 5/6: WHEN sms sent (Passed after 20s 943ms)&#xD;
  STEP 6/6: THEN message saved in db...&#xD;
  STEP 6/6: THEN message saved in db (Passed after 165ms)&#xD;
  SCENARIO RESULT: Passed after 22s 198ms</StdOut>
      </Output>
    </UnitTestResult>
    <UnitTestResult executionId="65b3e062-7ff2-4af1-aaf2-2a81a35314cd" testId="46c74d2f-2f56-b49c-17c0-2c98b6c95470" testName="Skillaz.Tests.Request.X5.X5GetRequestListCommand_feature.If_request_has_no_salary_to_result_name_should_not_contain_salary_to_part_at_all" computerName="DESKTOP-F6SKA47" duration="00:00:09.7243551" startTime="2021-12-16T16:25:05.4312572+03:00" endTime="2021-12-16T16:25:05.4312601+03:00" testType="13cdc9d9-ddb5-4fa4-a97d-d965ccfc6d4b" outcome="Passed" testListId="8c84fa94-04c1-424b-9868-57a2d4851a1d" relativeResultsDirectory="65b3e062-7ff2-4af1-aaf2-2a81a35314cd">
      <Output>
        <StdOut>SCENARIO: If request has no salary to result name should not contain salary to part at all&#xD;
  STEP 1/8: GIVEN a company [companyId: "61bb3e277f10d6937478e163"]...&#xD;
  STEP 1/8: GIVEN a company [companyId: "61bb3e277f10d6937478e163"] (Passed after 152ms)&#xD;
  STEP 2/8: AND the vacancy in the company...&#xD;
  STEP 2/8: AND the vacancy in the company (Passed after 96ms)&#xD;
  STEP 3/8: AND candidate "Skillaz.Candidate.Contract.Documents.Candidate.CandidateDocument"...&#xD;
  STEP 3/8: AND candidate "Skillaz.Candidate.Contract.Documents.Candidate.CandidateDocument" (Passed after 108ms)&#xD;
  STEP 4/8: AND request "Skillaz.Candidate.Contract.Request.RequestDocument"...&#xD;
  STEP 4/8: AND request "Skillaz.Candidate.Contract.Request.RequestDocument" (Passed after 121ms)&#xD;
  STEP 5/8: AND created indexes for requests...&#xD;
  STEP 5/8: AND created indexes for requests (Passed after 7s 808ms)&#xD;
  STEP 6/8: AND candidate profile [candidateProfileDocument: "Skillaz.Candidate.Contract.Documents.CandidateProfile.CandidateProfileDocument"]...&#xD;
  STEP 6/8: AND candidate profile [candidateProfileDocument: "Skillaz.Candidate.Contract.Documents.CandidateProfile.CandidateProfileDocument"] (Passed after 66ms)&#xD;
  STEP 7/8: WHEN getting available requests list...&#xD;
  STEP 7/8: WHEN getting available requests list (Passed after 33ms)&#xD;
  STEP 8/8: THEN result list consists of one element with name "Request #1020 (Расстояние: 28.2 км.) Moscow, Pokryshkina, 10/2, тип: Обычный, от 20000 руб, график: Flexible, пол: Мужской"...&#xD;
  STEP 8/8: THEN result list consists of one element with name "Request #1020 (Расстояние: 28.2 км.) Moscow, Pokryshkina, 10/2, тип: Обычный, от 20000 руб, график: Flexible, пол: Мужской" (Passed after &lt;1ms)&#xD;
  SCENARIO RESULT: Passed after 8s 402ms</StdOut>
      </Output>
    </UnitTestResult>
    <UnitTestResult executionId="f837f7d5-4bce-4782-8ec0-47d98a72e9c4" testId="aa98561e-5a04-e6a8-f149-9f0cda89953a" testName="Skillaz.Tests.Notifications.AvitoMessenger_feature.Send_avito_empty_message" computerName="DESKTOP-F6SKA47" duration="00:00:04.7938686" startTime="2021-12-16T16:24:45.0948333+03:00" endTime="2021-12-16T16:24:45.0948358+03:00" testType="13cdc9d9-ddb5-4fa4-a97d-d965ccfc6d4b" outcome="Passed" testListId="8c84fa94-04c1-424b-9868-57a2d4851a1d" relativeResultsDirectory="f837f7d5-4bce-4782-8ec0-47d98a72e9c4">
      <Output>
        <StdOut>SCENARIO: Send avito empty message&#xD;
  STEP 1/8: GIVEN a company...&#xD;
  STEP 1/8: GIVEN a company (Passed after 362ms)&#xD;
  STEP 2/8: AND a candidate in a vacancy in a company...&#xD;
  STEP 2/8: AND a candidate in a vacancy in a company (Passed after 878ms)&#xD;
  STEP 3/8: AND avito account...&#xD;
  STEP 3/8: AND avito account (Passed after 435ms)&#xD;
  STEP 4/8: AND avito publication for vacancy...&#xD;
  STEP 4/8: AND avito publication for vacancy (Passed after 576ms)&#xD;
  STEP 5/8: AND candidate negotication and avito chat...&#xD;
  STEP 5/8: AND candidate negotication and avito chat (Passed after 971ms)&#xD;
  STEP 6/8: AND the authenticated user...&#xD;
  STEP 6/8: AND the authenticated user (Passed after 585ms)&#xD;
  STEP 7/8: WHEN user send message to chat avito [messageText: ""]...&#xD;
  STEP 7/8: WHEN user send message to chat avito [messageText: ""] (Passed after 99ms)&#xD;
  STEP 8/8: THEN candidate chat is empty and exception is not null...&#xD;
  STEP 8/8: THEN candidate chat is empty and exception is not null (Passed after 147ms)&#xD;
  SCENARIO RESULT: Passed after 4s 172ms</StdOut>
      </Output>
    </UnitTestResult>
    <UnitTestResult executionId="2e3582a5-5e7c-43af-812e-fa1fa4fb6f80" testId="019b787c-88b2-9680-3a7b-9251d2235f77" testName="Skillaz.Tests.CompanySpecific.X5.Naumen.NaumenSlaTests.Sla_calculates_correctly_for_next_day(candidateTimeZone: 2, sla: 02:00:00, startDate: 2019-12-31T20:00:00.0000000Z, truth: [NaumenTimeRange { From = &quot;2020-01-01 10:00:00&quot;, To = &quot;2020-01-01 12:00:00&quot; }])" computerName="DESKTOP-F6SKA47" duration="00:00:00.0001441" startTime="2021-12-16T16:16:29.0595195+03:00" endTime="2021-12-16T16:16:29.0595199+03:00" testType="13cdc9d9-ddb5-4fa4-a97d-d965ccfc6d4b" outcome="Passed" testListId="8c84fa94-04c1-424b-9868-57a2d4851a1d" relativeResultsDirectory="2e3582a5-5e7c-43af-812e-fa1fa4fb6f80" />
    <UnitTestResult executionId="99fb1d1a-14d2-4faf-8c94-d04ab0be958c" testId="461a161d-c2a6-317b-55b2-42876b47e76b" testName="Skillaz.Tests.Candidate.Workflow.CreateCandidateCommand_feature.Duplicated_candidate_on_new_vacancy_autoswitch_executed" computerName="DESKTOP-F6SKA47" duration="00:00:21.7941553" startTime="2021-12-16T16:23:10.6080071+03:00" endTime="2021-12-16T16:23:10.6080119+03:00" testType="13cdc9d9-ddb5-4fa4-a97d-d965ccfc6d4b" outcome="Passed" testListId="8c84fa94-04c1-424b-9868-57a2d4851a1d" relativeResultsDirectory="99fb1d1a-14d2-4faf-8c94-d04ab0be958c">
      <Output>
        <StdOut>SCENARIO: Duplicated candidate on new vacancy autoswitch executed&#xD;
  STEP 1/9: GIVEN a company [companyId: "mvideo"]...&#xD;
  STEP 1/9: GIVEN a company [companyId: "mvideo"] (Passed after 402ms)&#xD;
  STEP 2/9: AND the authenticated user...&#xD;
  STEP 2/9: AND the authenticated user (Passed after 778ms)&#xD;
  STEP 3/9: AND the vacancy in the company [funnelId: "MvideoMassRetail_"]...&#xD;
  STEP 3/9: AND the vacancy in the company [funnelId: "MvideoMassRetail_"] (Passed after 392ms)&#xD;
  STEP 4/9: AND deduplication configuration...&#xD;
  STEP 4/9: AND deduplication configuration (Passed after 289ms)&#xD;
  STEP 5/9: AND existing candidate "Skillaz.Candidate.Contract.Documents.Candidate.CandidateDocument"...&#xD;
  STEP 5/9: AND existing candidate "Skillaz.Candidate.Contract.Documents.Candidate.CandidateDocument" (Passed after 1s 882ms)&#xD;
  STEP 6/9: AND new candidate [newCandidateDto: "Skillaz.Candidate.Contract.NewCandidateDto"]...&#xD;
  STEP 6/9: AND new candidate [newCandidateDto: "Skillaz.Candidate.Contract.NewCandidateDto"] (Passed after 1ms)&#xD;
  STEP 7/9: WHEN creating new candidate...&#xD;
  STEP 7/9: WHEN creating new candidate (Passed after 13s 091ms)&#xD;
  STEP 8/9: THEN same vacancy and single new status...&#xD;
  STEP 8/9: THEN same vacancy and single new status (Passed after 8ms)&#xD;
  STEP 9/9: AND autoswitch successfully switched to status [statusName: "assessment"]...&#xD;
  STEP 9/9: AND autoswitch successfully switched to status [statusName: "assessment"] (Passed after 38ms)&#xD;
  SCENARIO RESULT: Passed after 16s 931ms</StdOut>
      </Output>
    </UnitTestResult>
    <UnitTestResult executionId="cb9e6ee1-04fe-4cbd-94a2-d0312af856c3" testId="b299e743-a7fb-33d2-7a4b-e22d28dead4d" testName="Skillaz.Tests.Configurator.DocumentModel.FieldFiltersFeature.Проверить_отображение_фильтров_вакансии_конфигуратора" computerName="DESKTOP-F6SKA47" duration="00:00:04.1848382" startTime="2021-12-16T16:20:26.7841879+03:00" endTime="2021-12-16T16:20:26.7841905+03:00" testType="13cdc9d9-ddb5-4fa4-a97d-d965ccfc6d4b" outcome="Passed" testListId="8c84fa94-04c1-424b-9868-57a2d4851a1d" relativeResultsDirectory="cb9e6ee1-04fe-4cbd-94a2-d0312af856c3">
      <Output>
        <StdOut>SCENARIO: Проверить отображение фильтров вакансии конфигуратора&#xD;
  STEP 1/5: GIVEN a company...&#xD;
  STEP 1/5: GIVEN a company (Passed after 865ms)&#xD;
  STEP 2/5: AND the authenticated user...&#xD;
  STEP 2/5: AND the authenticated user (Passed after 499ms)&#xD;
  STEP 3/5: Определить вакансию с разными полями и фильтрами по ним...&#xD;
  STEP 3/5: Определить вакансию с разными полями и фильтрами по ним (Passed after 991ms)&#xD;
  STEP 4/5: Добавить вакансию...&#xD;
  STEP 4/5: Добавить вакансию (Passed after 225ms)&#xD;
  STEP 5/5: Проверить что фильтры вакансий получаем корректно...&#xD;
  STEP 5/5: Проверить что фильтры вакансий получаем корректно (Passed after 1s 346ms)&#xD;
  SCENARIO RESULT: Passed after 3s 949ms</StdOut>
      </Output>
    </UnitTestResult>
    <UnitTestResult executionId="37754b94-e506-40f0-8bab-41f8bebedd63" testId="83a2fa87-c922-47bb-0958-9d8492aaca20" testName="Skillaz.Tests.DocumentModels.FieldValueComparerTests.IntegerComparison(firstValue: null, secondValue: null, result: True)" computerName="DESKTOP-F6SKA47" duration="00:00:00.0000181" startTime="2021-12-16T16:16:31.0569836+03:00" endTime="2021-12-16T16:16:31.0569839+03:00" testType="13cdc9d9-ddb5-4fa4-a97d-d965ccfc6d4b" outcome="Passed" testListId="8c84fa94-04c1-424b-9868-57a2d4851a1d" relativeResultsDirectory="37754b94-e506-40f0-8bab-41f8bebedd63" />
    <UnitTestResult executionId="0280a48f-d91b-485b-a2c9-20c217cd1e63" testId="019b787c-88b2-9680-3a7b-9251d2235f77" testName="Skillaz.Tests.CompanySpecific.X5.Naumen.NaumenSlaTests.Sla_calculates_correctly_for_next_day(candidateTimeZone: 12, sla: 02:00:00, startDate: 2019-12-31T10:30:00.0000000Z, truth: [NaumenTimeRange { From = &quot;2020-01-01 07:00:00&quot;, To = &quot;2020-01-01 09:00:00&quot; }])" computerName="DESKTOP-F6SKA47" duration="00:00:00.0000405" startTime="2021-12-16T16:16:29.3713850+03:00" endTime="2021-12-16T16:16:29.3713855+03:00" testType="13cdc9d9-ddb5-4fa4-a97d-d965ccfc6d4b" outcome="Passed" testListId="8c84fa94-04c1-424b-9868-57a2d4851a1d" relativeResultsDirectory="0280a48f-d91b-485b-a2c9-20c217cd1e63" />
    <UnitTestResult executionId="5d9005a6-05d9-45f4-b25b-c5a76a9f87d2" testId="1e9ea4f5-6bf5-6dd3-ca43-04305ddbe3a1" testName="Skillaz.Tests.TaskTracker.TaskDashboardController_feature.GetTaskById" computerName="DESKTOP-F6SKA47" duration="00:00:06.4824414" startTime="2021-12-16T16:23:02.1912428+03:00" endTime="2021-12-16T16:23:02.1912525+03:00" testType="13cdc9d9-ddb5-4fa4-a97d-d965ccfc6d4b" outcome="Passed" testListId="8c84fa94-04c1-424b-9868-57a2d4851a1d" relativeResultsDirectory="5d9005a6-05d9-45f4-b25b-c5a76a9f87d2">
      <Output>
        <StdOut>SCENARIO: GetTaskById&#xD;
  STEP 1/8: GIVEN Given a company...&#xD;
  STEP 1/8: GIVEN Given a company (Passed after 685ms)&#xD;
  STEP 2/8: AND Given a client configuration...&#xD;
  STEP 2/8: AND Given a client configuration (Passed after &lt;1ms)&#xD;
  STEP 3/8: AND Given the authenticated user...&#xD;
  STEP 3/8: AND Given the authenticated user (Passed after 1s 134ms)&#xD;
  STEP 4/8: AND Given a funnel...&#xD;
  STEP 4/8: AND Given a funnel (Passed after 436ms)&#xD;
  STEP 5/8: AND Given a candidate...&#xD;
  STEP 5/8: AND Given a candidate (Passed after 511ms)&#xD;
  STEP 6/8: AND Given a tasks open [assigneeUser: "&lt;null&gt;"] [activationTime: "12/16/2021 15:22:58"] [taskStatus: "Created"]...&#xD;
  STEP 6/8: AND Given a tasks open [assigneeUser: "&lt;null&gt;"] [activationTime: "12/16/2021 15:22:58"] [taskStatus: "Created"] (Passed after 360ms)&#xD;
  STEP 7/8: WHEN When GetTaskById...&#xD;
  STEP 7/8: WHEN When GetTaskById (Passed after 2s 121ms)&#xD;
  STEP 8/8: THEN Then GetTaskById...&#xD;
  STEP 8/8: THEN Then GetTaskById (Passed after 32ms)&#xD;
  SCENARIO RESULT: Passed after 5s 413ms</StdOut>
      </Output>
    </UnitTestResult>
    <UnitTestResult executionId="73888531-177c-40f8-8d69-dd6ff082795d" testId="8659df1d-9590-23b9-0105-1a749d3a4d11" testName="Skillaz.Tests.Configurator.DocumentModel.DocumentModelFieldBinderTest.DocumentModelBinderParseForBsonDocumentTest" computerName="DESKTOP-F6SKA47" duration="00:00:00.0175969" startTime="2021-12-16T16:16:29.8111115+03:00" endTime="2021-12-16T16:16:29.8111339+03:00" testType="13cdc9d9-ddb5-4fa4-a97d-d965ccfc6d4b" outcome="Passed" testListId="8c84fa94-04c1-424b-9868-57a2d4851a1d" relativeResultsDirectory="73888531-177c-40f8-8d69-dd6ff082795d" />
    <UnitTestResult executionId="2deef2e4-45d1-4033-aa8c-83f597d65790" testId="019b787c-88b2-9680-3a7b-9251d2235f77" testName="Skillaz.Tests.CompanySpecific.X5.Naumen.NaumenSlaTests.Sla_calculates_correctly_for_next_day(candidateTimeZone: 4, sla: 02:00:00, startDate: 2020-01-01T01:00:00.0000000Z, truth: [NaumenTimeRange { From = &quot;2020-01-01 08:00:00&quot;, To = &quot;2020-01-01 10:00:00&quot; }])" computerName="DESKTOP-F6SKA47" duration="00:00:00.0000349" startTime="2021-12-16T16:16:29.0936576+03:00" endTime="2021-12-16T16:16:29.0936582+03:00" testType="13cdc9d9-ddb5-4fa4-a97d-d965ccfc6d4b" outcome="Passed" testListId="8c84fa94-04c1-424b-9868-57a2d4851a1d" relativeResultsDirectory="2deef2e4-45d1-4033-aa8c-83f597d65790" />
    <UnitTestResult executionId="7ad27e34-5c26-4333-a012-afd4b93b1c79" testId="90b19d04-447c-abf4-5496-02cf3df6a21b" testName="Расширение файла не должно поддерживается системой(fileName: &quot;Workbook.xls&quot;)" computerName="DESKTOP-F6SKA47" duration="00:00:00.0463868" startTime="2021-12-16T16:16:30.0280349+03:00" endTime="2021-12-16T16:16:30.0280483+03:00" testType="13cdc9d9-ddb5-4fa4-a97d-d965ccfc6d4b" outcome="Passed" testListId="8c84fa94-04c1-424b-9868-57a2d4851a1d" relativeResultsDirectory="7ad27e34-5c26-4333-a012-afd4b93b1c79" />
    <UnitTestResult executionId="5c52fdd0-de2c-44c5-a3b6-df8d068f7822" testId="e653aadb-4794-f403-a7dc-c5068f96b3b3" testName="Skillaz.Tests.CompanySpecific.Magnit.MagnitIntegrationISMonitor_feature.CreateVerify_Refused" computerName="DESKTOP-F6SKA47" duration="00:00:36.9588664" startTime="2021-12-16T16:22:55.7648026+03:00" endTime="2021-12-16T16:22:55.7648170+03:00" testType="13cdc9d9-ddb5-4fa4-a97d-d965ccfc6d4b" outcome="Passed" testListId="8c84fa94-04c1-424b-9868-57a2d4851a1d" relativeResultsDirectory="5c52fdd0-de2c-44c5-a3b6-df8d068f7822">
      <Output>
        <StdOut>SCENARIO: CreateVerify Refused&#xD;
  STEP 1/5: Init...&#xD;
  STEP 1/5: Init (Passed after 27s 513ms)&#xD;
  STEP 2/5: WHEN Satart Verify [lastName: "Паравозов"]...&#xD;
  STEP 2/5: WHEN Satart Verify [lastName: "Паравозов"] (Passed after 4s 687ms)&#xD;
  STEP 3/5: THEN Check Satart Verify [IsBudRequest: "False"]...&#xD;
  STEP 3/5: THEN Check Satart Verify [IsBudRequest: "False"] (Passed after 5ms)&#xD;
  STEP 4/5: WHEN Process Response [resolution: "Red"] [error: ""]...&#xD;
  STEP 4/5: WHEN Process Response [resolution: "Red"] [error: ""] (Passed after 2s 801ms)&#xD;
  STEP 5/5: THEN Check Process Response [resolution: "Red"] [isError: "False"]...&#xD;
  STEP 5/5: THEN Check Process Response [resolution: "Red"] [isError: "False"] (Passed after 77ms)&#xD;
  SCENARIO RESULT: Passed after 35s 242ms</StdOut>
      </Output>
    </UnitTestResult>
    <UnitTestResult executionId="ca00b9ee-4526-4ab0-b85d-62fcaaa2199b" testId="3d2736a1-3094-12d8-983b-64fb610da2d5" testName="Skillaz.Tests.OrgUnit.OrgUnitExternalIdTests.Test_orgunit_create_with_existed_externalId" computerName="DESKTOP-F6SKA47" duration="00:00:00.0010000" startTime="2021-12-16T16:24:39.1840640+03:00" endTime="2021-12-16T16:24:39.1840666+03:00" testType="13cdc9d9-ddb5-4fa4-a97d-d965ccfc6d4b" outcome="NotExecuted" testListId="8c84fa94-04c1-424b-9868-57a2d4851a1d" relativeResultsDirectory="ca00b9ee-4526-4ab0-b85d-62fcaaa2199b">
      <Output>
        <StdOut>Нужно переделать этап Given_dm_configuration, не завязываться на авилон</StdOut>
      </Output>
    </UnitTestResult>
    <UnitTestResult executionId="fc26b4ca-7151-4097-8cc9-8d7534ce856d" testId="ba58e272-d8b6-caec-b83d-e7a130385992" testName="Skillaz.Tests.CompanySpecific.Perekrestok.PerekrestokOrgUnitPositionCreateOrUpdate_feature.Create_request_for_position_with_zero_percentage_and_fio" computerName="DESKTOP-F6SKA47" duration="00:00:32.7149510" startTime="2021-12-16T16:28:57.4610312+03:00" endTime="2021-12-16T16:28:57.4610333+03:00" testType="13cdc9d9-ddb5-4fa4-a97d-d965ccfc6d4b" outcome="Passed" testListId="8c84fa94-04c1-424b-9868-57a2d4851a1d" relativeResultsDirectory="fc26b4ca-7151-4097-8cc9-8d7534ce856d">
      <Output>
        <StdOut>SCENARIO: Create request for position with zero percentage and fio&#xD;
  STEP 1/6: GIVEN Given a company [companyId: "PerekrestokCompany"]...&#xD;
  STEP 1/6: GIVEN Given a company [companyId: "PerekrestokCompany"] (Passed after 84ms)&#xD;
  STEP 2/6: AND Given the authenticated api user...&#xD;
  STEP 2/6: AND Given the authenticated api user (Passed after 235ms)&#xD;
  STEP 3/6: AND Given org unit...&#xD;
  STEP 3/6: AND Given org unit (Passed after 154ms)&#xD;
  STEP 4/6: AND Given position with vacancy date fio "Мамонов Петр Николаевич" and percentage [vacancyDate: "12/18/2021 13:28:25"] [employmentPercentage: "0"]...&#xD;
  STEP 4/6: AND Given position with vacancy date fio "Мамонов Петр Николаевич" and percentage [vacancyDate: "12/18/2021 13:28:25"] [employmentPercentage: "0"] (Passed after 66ms)&#xD;
  STEP 5/6: WHEN Org unit position update...&#xD;
  STEP 5/6: WHEN Org unit position update (Passed after 31s 434ms)&#xD;
  STEP 6/6: THEN First actual request created with fio...&#xD;
  STEP 6/6: THEN First actual request created with fio (Passed after 89ms)&#xD;
  SCENARIO RESULT: Passed after 32s 077ms</StdOut>
      </Output>
    </UnitTestResult>
    <UnitTestResult executionId="dcc77051-e4dc-4e28-9d28-1b3d479ac97e" testId="55910a8c-d093-1da9-45b2-c45119aa9307" testName="Skillaz.Tests.BJ.BJReactions_feature.SMS_are_sent_to_the_candidate" computerName="DESKTOP-F6SKA47" duration="00:00:06.3525472" startTime="2021-12-16T16:22:41.4026340+03:00" endTime="2021-12-16T16:22:41.4026435+03:00" testType="13cdc9d9-ddb5-4fa4-a97d-d965ccfc6d4b" outcome="Passed" testListId="8c84fa94-04c1-424b-9868-57a2d4851a1d" relativeResultsDirectory="dcc77051-e4dc-4e28-9d28-1b3d479ac97e">
      <Output>
        <StdOut>SCENARIO: SMS are sent to the candidate&#xD;
  STEP 1/5: GIVEN a company...&#xD;
  STEP 1/5: GIVEN a company (Passed after 633ms)&#xD;
  STEP 2/5: AND the vacancy in the company...&#xD;
  STEP 2/5: AND the vacancy in the company (Passed after 311ms)&#xD;
  STEP 3/5: AND bj vacancy...&#xD;
  STEP 3/5: AND bj vacancy (Passed after 4s 162ms)&#xD;
  STEP 4/5: AND a candidate...&#xD;
  STEP 4/5: AND a candidate (Passed after 454ms)&#xD;
  STEP 5/5: AND bj api client...&#xD;
  STEP 5/5: AND bj api client (Passed after 298ms)&#xD;
  SCENARIO RESULT: Passed after 5s 879ms</StdOut>
      </Output>
    </UnitTestResult>
    <UnitTestResult executionId="c6abd0c3-c9bd-492c-a743-2ae1a9dbe9c2" testId="a15d13d3-8042-c37e-70dc-344ac550358f" testName="Skillaz.Tests.Configurator.Editor.HidingDocumentTypesConfiguratorTypesFeature.Созданные_типы_документов_пропадают_из_доступных" computerName="DESKTOP-F6SKA47" duration="00:00:02.5479830" startTime="2021-12-16T16:18:45.3199202+03:00" endTime="2021-12-16T16:18:45.3199237+03:00" testType="13cdc9d9-ddb5-4fa4-a97d-d965ccfc6d4b" outcome="Passed" testListId="8c84fa94-04c1-424b-9868-57a2d4851a1d" relativeResultsDirectory="c6abd0c3-c9bd-492c-a743-2ae1a9dbe9c2">
      <Output>
        <StdOut>SCENARIO: Созданные типы документов пропадают из доступных&#xD;
  STEP 1/8: GIVEN a company...&#xD;
  STEP 1/8: GIVEN a company (Passed after 141ms)&#xD;
  STEP 2/8: AND the authenticated user...&#xD;
  STEP 2/8: AND the authenticated user (Passed after 245ms)&#xD;
  STEP 3/8: Выдать пользователю нужные права...&#xD;
  STEP 3/8: Выдать пользователю нужные права (Passed after &lt;1ms)&#xD;
  STEP 4/8: Проверить что доступны все типы документов...&#xD;
  STEP 4/8: Проверить что доступны все типы документов (Passed after 622ms)&#xD;
  STEP 5/8: Создать вакансию...&#xD;
  STEP 5/8: Создать вакансию (Passed after 241ms)&#xD;
  STEP 6/8: Проверить что вакансия исчезла из выбора...&#xD;
  STEP 6/8: Проверить что вакансия исчезла из выбора (Passed after 422ms)&#xD;
  STEP 7/8: Создать заявку...&#xD;
  STEP 7/8: Создать заявку (Passed after 506ms)&#xD;
  STEP 8/8: Проверить что заявка не исчезла из выбора...&#xD;
  STEP 8/8: Проверить что заявка не исчезла из выбора (Passed after 306ms)&#xD;
  SCENARIO RESULT: Passed after 2s 507ms</StdOut>
      </Output>
    </UnitTestResult>
    <UnitTestResult executionId="be6d5c9e-f6c0-4102-b809-dd4cd9b58e42" testId="0bbc467c-b09d-7dd4-c170-a47e9ceeb39a" testName="Skillaz.Tests.TaskTracker.TaskVacancyFilter_feature.Task_is_not_created_if_vacancy_is_not_matched_by_vacancy_filter" computerName="DESKTOP-F6SKA47" duration="00:00:06.5534476" startTime="2021-12-16T16:24:03.4824540+03:00" endTime="2021-12-16T16:24:03.4824611+03:00" testType="13cdc9d9-ddb5-4fa4-a97d-d965ccfc6d4b" outcome="Passed" testListId="8c84fa94-04c1-424b-9868-57a2d4851a1d" relativeResultsDirectory="be6d5c9e-f6c0-4102-b809-dd4cd9b58e42">
      <Output>
        <StdOut>SCENARIO: Task is not created if vacancy is not matched by vacancy filter&#xD;
  STEP 1/8: GIVEN a company...&#xD;
  STEP 1/8: GIVEN a company (Passed after 415ms)&#xD;
  STEP 2/8: AND the authenticated user...&#xD;
  STEP 2/8: AND the authenticated user (Passed after 843ms)&#xD;
  STEP 3/8: AND the client configuration for company...&#xD;
  STEP 3/8: AND the client configuration for company (Passed after 1s 213ms)&#xD;
  STEP 4/8: AND a candidate in a vacancy...&#xD;
  STEP 4/8: AND a candidate in a vacancy (Passed after 1s 236ms)&#xD;
  STEP 5/8: AND task tracker configuration with vacancy active filter...&#xD;
  STEP 5/8: AND task tracker configuration with vacancy active filter (Passed after 810ms)&#xD;
  STEP 6/8: WHEN vacancy becomes archived...&#xD;
  STEP 6/8: WHEN vacancy becomes archived (Passed after 1s 327ms)&#xD;
  STEP 7/8: AND candidate state changed...&#xD;
  STEP 7/8: AND candidate state changed (Passed after 402ms)&#xD;
  STEP 8/8: THEN no task is created for candidate...&#xD;
  STEP 8/8: THEN no task is created for candidate (Passed after 87ms)&#xD;
  SCENARIO RESULT: Passed after 6s 399ms</StdOut>
      </Output>
    </UnitTestResult>
    <UnitTestResult executionId="7e222116-aae4-4a2a-9f46-b13e18e5d39e" testId="8437e574-9089-9cd4-9362-c1f69c2cffef" testName="Skillaz.Tests.Configurator.DocumentModel.CandidateProfileExcludeCurrentValue.Поле_похожие_профили_не_содержит_исходного_профиля" computerName="DESKTOP-F6SKA47" duration="00:00:06.1059954" startTime="2021-12-16T16:18:01.4966675+03:00" endTime="2021-12-16T16:18:01.4966700+03:00" testType="13cdc9d9-ddb5-4fa4-a97d-d965ccfc6d4b" outcome="Passed" testListId="8c84fa94-04c1-424b-9868-57a2d4851a1d" relativeResultsDirectory="7e222116-aae4-4a2a-9f46-b13e18e5d39e">
      <Output>
        <StdOut>SCENARIO: Поле похожие профили не содержит исходного профиля&#xD;
  STEP 1/5: GIVEN a company...&#xD;
  STEP 1/5: GIVEN a company (Passed after 115ms)&#xD;
  STEP 2/5: AND the authenticated user...&#xD;
  STEP 2/5: AND the authenticated user (Passed after 246ms)&#xD;
  STEP 3/5: Загрузить модель...&#xD;
  STEP 3/5: Загрузить модель (Passed after 2s 279ms)&#xD;
  STEP 4/5: Создать заявки...&#xD;
  STEP 4/5: Создать заявки (Passed after 455ms)&#xD;
  STEP 5/5: Проверить что текущего профиля нет среди похожих...&#xD;
  STEP 5/5: Проверить что текущего профиля нет среди похожих (Passed after 2s 461ms)&#xD;
  SCENARIO RESULT: Passed after 5s 756ms</StdOut>
      </Output>
    </UnitTestResult>
    <UnitTestResult executionId="1dd77df1-b197-45ea-b964-fdb84d66b434" testId="6b9b9713-e85e-f591-1830-1afb35e40ab1" testName="Skillaz.Tests.CompanySpecific.Magnit.MagnitIntegrationISMonitor_feature.CreateVerify_Approved" computerName="DESKTOP-F6SKA47" duration="00:00:37.2745188" startTime="2021-12-16T16:22:55.8275623+03:00" endTime="2021-12-16T16:22:55.8275704+03:00" testType="13cdc9d9-ddb5-4fa4-a97d-d965ccfc6d4b" outcome="Passed" testListId="8c84fa94-04c1-424b-9868-57a2d4851a1d" relativeResultsDirectory="1dd77df1-b197-45ea-b964-fdb84d66b434">
      <Output>
        <StdOut>SCENARIO: CreateVerify Approved&#xD;
  STEP 1/5: Init...&#xD;
  STEP 1/5: Init (Passed after 27s 767ms)&#xD;
  STEP 2/5: WHEN Satart Verify [lastName: "Паравозов"]...&#xD;
  STEP 2/5: WHEN Satart Verify [lastName: "Паравозов"] (Passed after 4s 687ms)&#xD;
  STEP 3/5: THEN Check Satart Verify [IsBudRequest: "False"]...&#xD;
  STEP 3/5: THEN Check Satart Verify [IsBudRequest: "False"] (Passed after 5ms)&#xD;
  STEP 4/5: WHEN Process Response [resolution: "Green"] [error: ""]...&#xD;
  STEP 4/5: WHEN Process Response [resolution: "Green"] [error: ""] (Passed after 2s 933ms)&#xD;
  STEP 5/5: THEN Check Process Response [resolution: "Green"] [isError: "False"]...&#xD;
  STEP 5/5: THEN Check Process Response [resolution: "Green"] [isError: "False"] (Passed after 76ms)&#xD;
  SCENARIO RESULT: Passed after 35s 495ms</StdOut>
      </Output>
    </UnitTestResult>
    <UnitTestResult executionId="3d7cb635-45a8-4431-ab16-b331d99a7613" testId="f93031f9-8e60-def6-2c13-53e044b49cfa" testName="Skillaz.Tests.Candidate.Checks.FilterChecksBasedOnIsNeedToShow_feature.Get_candidate_info_for_new_interface_by_admin_user" computerName="DESKTOP-F6SKA47" duration="00:00:06.1909130" startTime="2021-12-16T16:26:46.1569240+03:00" endTime="2021-12-16T16:26:46.1569265+03:00" testType="13cdc9d9-ddb5-4fa4-a97d-d965ccfc6d4b" outcome="Passed" testListId="8c84fa94-04c1-424b-9868-57a2d4851a1d" relativeResultsDirectory="3d7cb635-45a8-4431-ab16-b331d99a7613">
      <Output>
        <StdOut>SCENARIO: Get candidate info for new interface by admin user&#xD;
  STEP 1/10: GIVEN a company...&#xD;
  STEP 1/10: GIVEN a company (Passed after 201ms)&#xD;
  STEP 2/10: AND the vacancy in the company...&#xD;
  STEP 2/10: AND the vacancy in the company (Passed after 237ms)&#xD;
  STEP 3/10: AND the authenticated user...&#xD;
  STEP 3/10: AND the authenticated user (Passed after 493ms)&#xD;
  STEP 4/10: AND a funnel...&#xD;
  STEP 4/10: AND a funnel (Passed after 163ms)&#xD;
  STEP 5/10: AND a candidate...&#xD;
  STEP 5/10: AND a candidate (Passed after 182ms)&#xD;
  STEP 6/10: AND client configuration with check workflow and model...&#xD;
  STEP 6/10: AND client configuration with check workflow and model (Passed after 1s 523ms)&#xD;
  STEP 7/10: AND started checks...&#xD;
  STEP 7/10: AND started checks (Passed after 2s 145ms)&#xD;
  STEP 8/10: AND the authenticated admin user...&#xD;
  STEP 8/10: AND the authenticated admin user (Passed after 37ms)&#xD;
  STEP 9/10: WHEN candidate data for new interface is requested...&#xD;
  STEP 9/10: WHEN candidate data for new interface is requested (Passed after 595ms)&#xD;
  STEP 10/10: THEN check in new interface is available...&#xD;
  STEP 10/10: THEN check in new interface is available (Passed after 2ms)&#xD;
  SCENARIO RESULT: Passed after 5s 596ms</StdOut>
      </Output>
    </UnitTestResult>
    <UnitTestResult executionId="38740483-34f6-4801-b161-f9097a20be47" testId="1910094a-11f1-3090-9f2c-785829c25845" testName="Skillaz.Tests.OrgUnit.OrgUnitExternalIdTests.Test_request_update_with_existed_externalId" computerName="DESKTOP-F6SKA47" duration="00:00:00.0010000" startTime="2021-12-16T16:24:39.0313575+03:00" endTime="2021-12-16T16:24:39.0313589+03:00" testType="13cdc9d9-ddb5-4fa4-a97d-d965ccfc6d4b" outcome="NotExecuted" testListId="8c84fa94-04c1-424b-9868-57a2d4851a1d" relativeResultsDirectory="38740483-34f6-4801-b161-f9097a20be47">
      <Output>
        <StdOut>Нужно переделать этап Given_dm_configuration, не завязываться на авилон</StdOut>
      </Output>
    </UnitTestResult>
    <UnitTestResult executionId="df94bb1f-0b3d-4036-aad5-5ab0da4322ce" testId="1ebcf0c4-1580-50dc-b3ed-56f684fa5542" testName="Skillaz.Tests.Assessment.Interviews.VideoInterview_thread_feature.Switching_a_video_interview_step_tag" computerName="DESKTOP-F6SKA47" duration="00:00:13.5854901" startTime="2021-12-16T16:24:31.7572614+03:00" endTime="2021-12-16T16:24:31.7572643+03:00" testType="13cdc9d9-ddb5-4fa4-a97d-d965ccfc6d4b" outcome="Passed" testListId="8c84fa94-04c1-424b-9868-57a2d4851a1d" relativeResultsDirectory="df94bb1f-0b3d-4036-aad5-5ab0da4322ce">
      <Output>
        <StdOut>SCENARIO: Switching a video interview step tag&#xD;
  STEP 1/4: GIVEN a candidate in a vacancy in a company...&#xD;
  STEP 1/4: GIVEN a candidate in a vacancy in a company (Passed after 842ms)&#xD;
  STEP 2/4: AND the interview...&#xD;
  STEP 2/4: AND the interview (Passed after 1s 458ms)&#xD;
  STEP 3/4: WHEN a video interview step is switched tag...&#xD;
  STEP 3/4: WHEN a video interview step is switched tag (Passed after 11s 074ms)&#xD;
  STEP 4/4: AND CallPublishAsyncCount One...&#xD;
  STEP 4/4: AND CallPublishAsyncCount One (Passed after 6ms)&#xD;
  SCENARIO RESULT: Passed after 13s 384ms</StdOut>
      </Output>
    </UnitTestResult>
    <UnitTestResult executionId="9e819345-fc21-4997-bc70-3fb87cbcb22c" testId="54e0a357-6226-62e9-0f38-3039baca7793" testName="Skillaz.Tests.Configurator.WorkflowEngine.ConfiguratorWorkflowEngine_check_rules.Check_user_role_not_available" computerName="DESKTOP-F6SKA47" duration="00:00:14.8769447" startTime="2021-12-16T16:29:34.7865131+03:00" endTime="2021-12-16T16:29:34.7865153+03:00" testType="13cdc9d9-ddb5-4fa4-a97d-d965ccfc6d4b" outcome="Passed" testListId="8c84fa94-04c1-424b-9868-57a2d4851a1d" relativeResultsDirectory="9e819345-fc21-4997-bc70-3fb87cbcb22c">
      <Output>
        <StdOut>SCENARIO: Check user role not available&#xD;
  STEP 1/9: GIVEN a company...&#xD;
  STEP 1/9: GIVEN a company (Passed after 382ms)&#xD;
  STEP 2/9: AND the vacancy in the company...&#xD;
  STEP 2/9: AND the vacancy in the company (Passed after 309ms)&#xD;
  STEP 3/9: AND the authenticated user...&#xD;
  STEP 3/9: AND the authenticated user (Passed after 717ms)&#xD;
  STEP 4/9: AND check model...&#xD;
  STEP 4/9: AND check model (Passed after 188ms)&#xD;
  STEP 5/9: THEN register model created...&#xD;
  STEP 5/9: THEN register model created (Passed after 414ms)&#xD;
  STEP 6/9: GIVEN a funnel...&#xD;
  STEP 6/9: GIVEN a funnel (Passed after 95ms)&#xD;
  STEP 7/9: AND a candidate without check...&#xD;
  STEP 7/9: AND a candidate without check (Passed after 4s 261ms)&#xD;
  STEP 8/9: WHEN change candidate status with single check...&#xD;
  STEP 8/9: WHEN change candidate status with single check (Passed after 5s 769ms)&#xD;
  STEP 9/9: THEN throw exception is available...&#xD;
  STEP 9/9: THEN throw exception is available (Passed after 1s 783ms)&#xD;
  SCENARIO RESULT: Passed after 13s 938ms</StdOut>
      </Output>
    </UnitTestResult>
    <UnitTestResult executionId="e3286304-2c73-4bf0-911d-522f60815127" testId="019b787c-88b2-9680-3a7b-9251d2235f77" testName="Skillaz.Tests.CompanySpecific.X5.Naumen.NaumenSlaTests.Sla_calculates_correctly_for_next_day(candidateTimeZone: 12, sla: 02:00:00, startDate: 2019-12-31T18:00:00.0000000Z, truth: [NaumenTimeRange { From = &quot;2020-01-01 07:00:00&quot;, To = &quot;2020-01-01 09:00:00&quot; }])" computerName="DESKTOP-F6SKA47" duration="00:00:00.0000455" startTime="2021-12-16T16:16:29.3757115+03:00" endTime="2021-12-16T16:16:29.3757120+03:00" testType="13cdc9d9-ddb5-4fa4-a97d-d965ccfc6d4b" outcome="Passed" testListId="8c84fa94-04c1-424b-9868-57a2d4851a1d" relativeResultsDirectory="e3286304-2c73-4bf0-911d-522f60815127" />
    <UnitTestResult executionId="45f4b988-9e57-4961-afe0-2fdd952e4724" testId="019b787c-88b2-9680-3a7b-9251d2235f77" testName="Skillaz.Tests.CompanySpecific.X5.Naumen.NaumenSlaTests.Sla_calculates_correctly_for_next_day(candidateTimeZone: 10, sla: 02:00:00, startDate: 2019-12-31T20:30:00.0000000Z, truth: [NaumenTimeRange { From = &quot;2020-01-01 07:00:00&quot;, To = &quot;2020-01-01 09:00:00&quot; }])" computerName="DESKTOP-F6SKA47" duration="00:00:00.0000342" startTime="2021-12-16T16:16:29.3362222+03:00" endTime="2021-12-16T16:16:29.3362226+03:00" testType="13cdc9d9-ddb5-4fa4-a97d-d965ccfc6d4b" outcome="Passed" testListId="8c84fa94-04c1-424b-9868-57a2d4851a1d" relativeResultsDirectory="45f4b988-9e57-4961-afe0-2fdd952e4724" />
    <UnitTestResult executionId="69bec2ad-ca05-4fdd-88a5-a5cd57a47d17" testId="6f8f1d88-4e7f-f07a-b8bc-feec54f71c6d" testName="Skillaz.Tests.Assessment.Interviews.SelfEntryInterview_feature.Set_answer_a_self_entry_interview_by_request" computerName="DESKTOP-F6SKA47" duration="00:00:18.1816503" startTime="2021-12-16T16:19:46.4075670+03:00" endTime="2021-12-16T16:19:46.4075749+03:00" testType="13cdc9d9-ddb5-4fa4-a97d-d965ccfc6d4b" outcome="Passed" testListId="8c84fa94-04c1-424b-9868-57a2d4851a1d" relativeResultsDirectory="69bec2ad-ca05-4fdd-88a5-a5cd57a47d17">
      <Output>
        <StdOut>SCENARIO: Set answer a self entry interview by request&#xD;
  STEP 1/8: GIVEN a candidate in a vacancy in a orgUnit in a company...&#xD;
  STEP 1/8: GIVEN a candidate in a vacancy in a orgUnit in a company (Passed after 2s 452ms)&#xD;
  STEP 2/8: AND the request...&#xD;
  STEP 2/8: AND the request (Passed after 769ms)&#xD;
  STEP 3/8: AND the one timeslot...&#xD;
  STEP 3/8: AND the one timeslot (Passed after 699ms)&#xD;
  STEP 4/8: AND the interview and timeslot period [timeSlotSource: "HireRequest"] [addStartPeriod: "False"] [addDurationPeriod: "False"]...&#xD;
  STEP 4/8: AND the interview and timeslot period [timeSlotSource: "HireRequest"] [addStartPeriod: "False"] [addDurationPeriod: "False"] (Passed after 773ms)&#xD;
  STEP 5/8: WHEN self entry answer set for request...&#xD;
  STEP 5/8: WHEN self entry answer set for request (Passed after 11s 845ms)&#xD;
  STEP 6/8: THEN the interview should be completed...&#xD;
  STEP 6/8: THEN the interview should be completed (Passed after 237ms)&#xD;
  STEP 7/8: AND the candidate note is added...&#xD;
  STEP 7/8: AND the candidate note is added (Passed after 13ms)&#xD;
  STEP 8/8: AND self entry answer is saved for request and timeslot...&#xD;
  STEP 8/8: AND self entry answer is saved for request and timeslot (Passed after 12ms)&#xD;
  SCENARIO RESULT: Passed after 16s 947ms</StdOut>
      </Output>
    </UnitTestResult>
    <UnitTestResult executionId="17ab804d-580d-424f-a640-a25d81bf6fbc" testId="f88e4641-2a26-2a26-f908-114a43405de6" testName="Skillaz.Tests.Integrations.MicroFrontends.MicroFrontends_feature.MicroFrontendAuthentication" computerName="DESKTOP-F6SKA47" duration="00:00:08.0355769" startTime="2021-12-16T16:26:19.8625544+03:00" endTime="2021-12-16T16:26:19.8625617+03:00" testType="13cdc9d9-ddb5-4fa4-a97d-d965ccfc6d4b" outcome="Passed" testListId="8c84fa94-04c1-424b-9868-57a2d4851a1d" relativeResultsDirectory="17ab804d-580d-424f-a640-a25d81bf6fbc">
      <Output>
        <StdOut>SCENARIO: MicroFrontendAuthentication&#xD;
  STEP 1/5: GIVEN a company...&#xD;
  STEP 1/5: GIVEN a company (Passed after 165ms)&#xD;
  STEP 2/5: AND the authenticated user...&#xD;
  STEP 2/5: AND the authenticated user (Passed after 404ms)&#xD;
  STEP 3/5: AND a micro frontend...&#xD;
  STEP 3/5: AND a micro frontend (Passed after 338ms)&#xD;
  STEP 4/5: WHEN authentication is happened...&#xD;
  STEP 4/5: WHEN authentication is happened (Passed after 6s 673ms)&#xD;
  STEP 5/5: THEN it should pass...&#xD;
  STEP 5/5: THEN it should pass (Passed after 245ms)&#xD;
  SCENARIO RESULT: Passed after 7s 831ms</StdOut>
      </Output>
    </UnitTestResult>
    <UnitTestResult executionId="5390daa2-4776-4987-8f94-5e7fbf300159" testId="3fb4f869-a0aa-2653-85d0-dd6d4fe522f3" testName="Skillaz.Tests.CompanySpecific.Magnit.MagnitIntegrationISMonitor_feature.CreateVerify_Error" computerName="DESKTOP-F6SKA47" duration="00:00:36.1546319" startTime="2021-12-16T16:22:55.5122548+03:00" endTime="2021-12-16T16:22:55.5122573+03:00" testType="13cdc9d9-ddb5-4fa4-a97d-d965ccfc6d4b" outcome="Passed" testListId="8c84fa94-04c1-424b-9868-57a2d4851a1d" relativeResultsDirectory="5390daa2-4776-4987-8f94-5e7fbf300159">
      <Output>
        <StdOut>SCENARIO: CreateVerify Error&#xD;
  STEP 1/5: Init...&#xD;
  STEP 1/5: Init (Passed after 26s 902ms)&#xD;
  STEP 2/5: WHEN Satart Verify [lastName: "Паравозов"]...&#xD;
  STEP 2/5: WHEN Satart Verify [lastName: "Паравозов"] (Passed after 4s 758ms)&#xD;
  STEP 3/5: THEN Check Satart Verify [IsBudRequest: "False"]...&#xD;
  STEP 3/5: THEN Check Satart Verify [IsBudRequest: "False"] (Passed after 5ms)&#xD;
  STEP 4/5: WHEN Process Response [resolution: "&lt;null&gt;"] [error: "Ошибка валидации"]...&#xD;
  STEP 4/5: WHEN Process Response [resolution: "&lt;null&gt;"] [error: "Ошибка валидации"] (Passed after 2s 825ms)&#xD;
  STEP 5/5: THEN Check Process Response [resolution: "&lt;null&gt;"] [isError: "True"]...&#xD;
  STEP 5/5: THEN Check Process Response [resolution: "&lt;null&gt;"] [isError: "True"] (Passed after 53ms)&#xD;
  SCENARIO RESULT: Passed after 34s 689ms</StdOut>
      </Output>
    </UnitTestResult>
    <UnitTestResult executionId="ce3db006-b85a-427a-843b-bf6cb7d21e32" testId="2648be5d-e148-8a09-a4f1-5d5fe926849d" testName="Skillaz.Tests.Candidate.Elastic.CandidateElasticFiltration_feature.Retrieving_a_candidate_by_existing_client_id" computerName="DESKTOP-F6SKA47" duration="00:00:00.0010000" startTime="2021-12-16T16:24:39.9064573+03:00" endTime="2021-12-16T16:24:39.9064648+03:00" testType="13cdc9d9-ddb5-4fa4-a97d-d965ccfc6d4b" outcome="NotExecuted" testListId="8c84fa94-04c1-424b-9868-57a2d4851a1d" relativeResultsDirectory="ce3db006-b85a-427a-843b-bf6cb7d21e32">
      <Output>
        <StdOut>You need Elasticsearch 7.5 local instance on 9200 port</StdOut>
      </Output>
    </UnitTestResult>
    <UnitTestResult executionId="e05313b3-b3ef-4524-bd21-14b12879442e" testId="75f8a94a-6cf3-2b09-2106-fb7d8e0ad1b0" testName="Skillaz.Tests.Candidate.Users.CurrentUserVacancies_feature.Check_user_access_to_user_group_vacancies" computerName="DESKTOP-F6SKA47" duration="00:00:06.3091846" startTime="2021-12-16T16:18:29.7044588+03:00" endTime="2021-12-16T16:18:29.7044682+03:00" testType="13cdc9d9-ddb5-4fa4-a97d-d965ccfc6d4b" outcome="Passed" testListId="8c84fa94-04c1-424b-9868-57a2d4851a1d" relativeResultsDirectory="e05313b3-b3ef-4524-bd21-14b12879442e">
      <Output>
        <StdOut>SCENARIO: Check user access to user group vacancies&#xD;
  STEP 1/9: GIVEN a company...&#xD;
  STEP 1/9: GIVEN a company (Passed after 289ms)&#xD;
  STEP 2/9: AND the authenticated user...&#xD;
  STEP 2/9: AND the authenticated user (Passed after 851ms)&#xD;
  STEP 3/9: AND user group and vacancy allowed for user...&#xD;
  STEP 3/9: AND user group and vacancy allowed for user (Passed after 1s 999ms)&#xD;
  STEP 4/9: AND user group and vacancy not allowed for user...&#xD;
  STEP 4/9: AND user group and vacancy not allowed for user (Passed after 165ms)&#xD;
  STEP 5/9: AND vacancy outside user group...&#xD;
  STEP 5/9: AND vacancy outside user group (Passed after 76ms)&#xD;
  STEP 6/9: WHEN current user vacancies are requested...&#xD;
  STEP 6/9: WHEN current user vacancies are requested (Passed after 2s 167ms)&#xD;
  STEP 7/9: THEN allowed vacancy is accessible for user...&#xD;
  STEP 7/9: THEN allowed vacancy is accessible for user (Passed after &lt;1ms)&#xD;
  STEP 8/9: AND not allowed vacancy is not accessible for user...&#xD;
  STEP 8/9: AND not allowed vacancy is not accessible for user (Passed after 7ms)&#xD;
  STEP 9/9: AND vacancy outside user group is accessible for user...&#xD;
  STEP 9/9: AND vacancy outside user group is accessible for user (Passed after 5ms)&#xD;
  SCENARIO RESULT: Passed after 5s 581ms</StdOut>
      </Output>
    </UnitTestResult>
    <UnitTestResult executionId="25a59415-57a5-4bc9-a652-b8609094d98c" testId="b1aa387a-b804-eef8-04a9-86fccb134677" testName="Skillaz.Tests.HH.Search.HHSearch_feature.HHSearch_document_should_be_correct" computerName="DESKTOP-F6SKA47" duration="00:00:08.8348112" startTime="2021-12-16T16:28:56.5432046+03:00" endTime="2021-12-16T16:28:56.5432062+03:00" testType="13cdc9d9-ddb5-4fa4-a97d-d965ccfc6d4b" outcome="Passed" testListId="8c84fa94-04c1-424b-9868-57a2d4851a1d" relativeResultsDirectory="25a59415-57a5-4bc9-a652-b8609094d98c">
      <Output>
        <StdOut>SCENARIO: HHSearch document should be correct&#xD;
  STEP 1/6: GIVEN a company...&#xD;
  STEP 1/6: GIVEN a company (Passed after 124ms)&#xD;
  STEP 2/6: AND the vacancy in the company...&#xD;
  STEP 2/6: AND the vacancy in the company (Passed after 129ms)&#xD;
  STEP 3/6: AND search base...&#xD;
  STEP 3/6: AND search base (Passed after 1ms)&#xD;
  STEP 4/6: AND createHHSearchCommand...&#xD;
  STEP 4/6: AND createHHSearchCommand (Passed after &lt;1ms)&#xD;
  STEP 5/6: WHEN hh search start...&#xD;
  STEP 5/6: WHEN hh search start (Passed after 1s 209ms)&#xD;
  STEP 6/6: THEN hh document should be correct...&#xD;
  STEP 6/6: THEN hh document should be correct (Passed after 40ms)&#xD;
  SCENARIO RESULT: Passed after 1s 516ms</StdOut>
      </Output>
    </UnitTestResult>
    <UnitTestResult executionId="f2b75d54-b15c-4fb7-9427-aa156525de89" testId="3d136244-d4b6-b736-b951-fbd5d973502f" testName="Skillaz.Tests.Configurator.Prioritization.ConfiguratorPrioritizationRequest_feature.Prioritization_multi_conditions_with_correct_order" computerName="DESKTOP-F6SKA47" duration="00:00:04.8647931" startTime="2021-12-16T16:27:27.5335303+03:00" endTime="2021-12-16T16:27:27.5335325+03:00" testType="13cdc9d9-ddb5-4fa4-a97d-d965ccfc6d4b" outcome="Passed" testListId="8c84fa94-04c1-424b-9868-57a2d4851a1d" relativeResultsDirectory="f2b75d54-b15c-4fb7-9427-aa156525de89">
      <Output>
        <StdOut>SCENARIO: Prioritization multi conditions with correct order&#xD;
  STEP 1/9: GIVEN a company...&#xD;
  STEP 1/9: GIVEN a company (Passed after 255ms)&#xD;
  STEP 2/9: AND the authenticated user...&#xD;
  STEP 2/9: AND the authenticated user (Passed after 376ms)&#xD;
  STEP 3/9: AND the candidates...&#xD;
  STEP 3/9: AND the candidates (Passed after 229ms)&#xD;
  STEP 4/9: AND the multi conditions prioritization with correct order...&#xD;
  STEP 4/9: AND the multi conditions prioritization with correct order (Passed after &lt;1ms)&#xD;
  STEP 5/9: AND the configuration...&#xD;
  STEP 5/9: AND the configuration (Passed after 273ms)&#xD;
  STEP 6/9: AND the requests for single and multi rules...&#xD;
  STEP 6/9: AND the requests for single and multi rules (Passed after 275ms)&#xD;
  STEP 7/9: WHEN job prioritization...&#xD;
  STEP 7/9: WHEN job prioritization (Passed after 1s 377ms)&#xD;
  STEP 8/9: THEN check requests priority with correct order...&#xD;
  STEP 8/9: THEN check requests priority with correct order (Passed after 77ms)&#xD;
  STEP 9/9: AND request with priority color by filter...&#xD;
  STEP 9/9: AND request with priority color by filter (Passed after 476ms)&#xD;
  SCENARIO RESULT: Passed after 3s 361ms</StdOut>
      </Output>
    </UnitTestResult>
    <UnitTestResult executionId="c0f93ffb-b36f-4d74-8550-dbbe6f974967" testId="b72a4387-87e8-ca97-fa56-cf5c6eb7d801" testName="Skillaz.Tests.Configurator.Deduplication.UpdateCandidateByRuleTest.Check_Action_AddNotice" computerName="DESKTOP-F6SKA47" duration="00:00:05.0036846" startTime="2021-12-16T16:27:21.5726823+03:00" endTime="2021-12-16T16:27:21.5726842+03:00" testType="13cdc9d9-ddb5-4fa4-a97d-d965ccfc6d4b" outcome="Passed" testListId="8c84fa94-04c1-424b-9868-57a2d4851a1d" relativeResultsDirectory="c0f93ffb-b36f-4d74-8550-dbbe6f974967">
      <Output>
        <StdOut>SCENARIO: Check Action AddNotice&#xD;
  STEP 1/4: Init...&#xD;
  STEP 1/4: Init (Passed after 2s 699ms)&#xD;
  STEP 2/4: WHEN AddNotice...&#xD;
  STEP 2/4: WHEN AddNotice (Passed after 733ms)&#xD;
  STEP 3/4: THEN Candidate...&#xD;
  STEP 3/4: THEN Candidate (Passed after 4ms)&#xD;
  STEP 4/4: Check AddNotice...&#xD;
  STEP 4/4: Check AddNotice (Passed after 1ms)&#xD;
  SCENARIO RESULT: Passed after 3s 455ms</StdOut>
      </Output>
    </UnitTestResult>
    <UnitTestResult executionId="62ecda69-d653-49e8-ae65-a041e2ed4050" testId="5641d373-584d-ead9-2539-aec1220dd212" testName="Skillaz.Tests.Notifications.AvitoMessenger_feature.Send_avito_message" computerName="DESKTOP-F6SKA47" duration="00:00:08.7175518" startTime="2021-12-16T16:24:49.2372348+03:00" endTime="2021-12-16T16:24:49.2372367+03:00" testType="13cdc9d9-ddb5-4fa4-a97d-d965ccfc6d4b" outcome="Passed" testListId="8c84fa94-04c1-424b-9868-57a2d4851a1d" relativeResultsDirectory="62ecda69-d653-49e8-ae65-a041e2ed4050">
      <Output>
        <StdOut>SCENARIO: Send avito message&#xD;
  STEP 1/8: GIVEN a company...&#xD;
  STEP 1/8: GIVEN a company (Passed after 755ms)&#xD;
  STEP 2/8: AND a candidate in a vacancy in a company...&#xD;
  STEP 2/8: AND a candidate in a vacancy in a company (Passed after 628ms)&#xD;
  STEP 3/8: AND avito account...&#xD;
  STEP 3/8: AND avito account (Passed after 365ms)&#xD;
  STEP 4/8: AND avito publication for vacancy...&#xD;
  STEP 4/8: AND avito publication for vacancy (Passed after 370ms)&#xD;
  STEP 5/8: AND candidate negotication and avito chat...&#xD;
  STEP 5/8: AND candidate negotication and avito chat (Passed after 911ms)&#xD;
  STEP 6/8: AND the authenticated user...&#xD;
  STEP 6/8: AND the authenticated user (Passed after 586ms)&#xD;
  STEP 7/8: WHEN user send message to chat avito [messageText: "chat message text"]...&#xD;
  STEP 7/8: WHEN user send message to chat avito [messageText: "chat message text"] (Passed after 3s 449ms)&#xD;
  STEP 8/8: THEN new message has been saved...&#xD;
  STEP 8/8: THEN new message has been saved (Passed after 111ms)&#xD;
  SCENARIO RESULT: Passed after 7s 220ms</StdOut>
      </Output>
    </UnitTestResult>
    <UnitTestResult executionId="7f0162f9-c6d6-4064-a1ea-d6aef09afa0f" testId="68e7083c-6901-b7a7-4d4f-c99579897219" testName="Skillaz.Tests.Vacancy.CompanySpecific.MvideoMassMarkedCandidateDatabase_feature.Switching_status_on_suitedButNotMe_sets_MarkedAtDateToSendToReserve_to_true" computerName="DESKTOP-F6SKA47" duration="00:00:22.9753772" startTime="2021-12-16T16:28:02.6141255+03:00" endTime="2021-12-16T16:28:02.6141274+03:00" testType="13cdc9d9-ddb5-4fa4-a97d-d965ccfc6d4b" outcome="Passed" testListId="8c84fa94-04c1-424b-9868-57a2d4851a1d" relativeResultsDirectory="7f0162f9-c6d6-4064-a1ea-d6aef09afa0f">
      <Output>
        <StdOut>SCENARIO: Switching status on suitedButNotMe sets MarkedAtDateToSendToReserve to true&#xD;
  STEP 1/8: GIVEN a mvideo company...&#xD;
  STEP 1/8: GIVEN a mvideo company (Passed after 631ms)&#xD;
  STEP 2/8: AND the authenticated user...&#xD;
  STEP 2/8: AND the authenticated user (Passed after 1s 498ms)&#xD;
  STEP 3/8: AND Additional Records...&#xD;
  STEP 3/8: AND Additional Records (Passed after 1s 197ms)&#xD;
  STEP 4/8: AND a funnels...&#xD;
  STEP 4/8: AND a funnels (Passed after 179ms)&#xD;
  STEP 5/8: AND a vacancy...&#xD;
  STEP 5/8: AND a vacancy (Passed after 306ms)&#xD;
  STEP 6/8: AND a candidate...&#xD;
  STEP 6/8: AND a candidate (Passed after 518ms)&#xD;
  STEP 7/8: WHEN status switching on suitedButNotMe...&#xD;
  STEP 7/8: WHEN status switching on suitedButNotMe (Passed after 5s 106ms)&#xD;
  STEP 8/8: THEN must be sets mark at candidate...&#xD;
  STEP 8/8: THEN must be sets mark at candidate (Passed after 13ms)&#xD;
  SCENARIO RESULT: Passed after 9s 458ms</StdOut>
      </Output>
    </UnitTestResult>
    <UnitTestResult executionId="d1beb35b-7b54-48a0-a492-c6256ef5bc49" testId="92f98446-a2a5-f3ce-a254-99c30f6d5223" testName="Skillaz.Tests.Candidate.Elastic.CandidateElasticFiltration_feature.Retrieving_a_candidate_by_nonexistent_add_ways" computerName="DESKTOP-F6SKA47" duration="00:00:00.0010000" startTime="2021-12-16T16:24:40.1511416+03:00" endTime="2021-12-16T16:24:40.1511475+03:00" testType="13cdc9d9-ddb5-4fa4-a97d-d965ccfc6d4b" outcome="NotExecuted" testListId="8c84fa94-04c1-424b-9868-57a2d4851a1d" relativeResultsDirectory="d1beb35b-7b54-48a0-a492-c6256ef5bc49">
      <Output>
        <StdOut>You need Elasticsearch 7.5 local instance on 9200 port</StdOut>
      </Output>
    </UnitTestResult>
    <UnitTestResult executionId="12bd8b9d-978f-49b8-b436-c02807ac020e" testId="019b787c-88b2-9680-3a7b-9251d2235f77" testName="Skillaz.Tests.CompanySpecific.X5.Naumen.NaumenSlaTests.Sla_calculates_correctly_for_next_day(candidateTimeZone: 2, sla: 02:00:00, startDate: 2020-01-01T03:30:00.0000000Z, truth: [NaumenTimeRange { From = &quot;2020-01-01 10:00:00&quot;, To = &quot;2020-01-01 12:00:00&quot; }])" computerName="DESKTOP-F6SKA47" duration="00:00:00.0000319" startTime="2021-12-16T16:16:29.0705289+03:00" endTime="2021-12-16T16:16:29.0705300+03:00" testType="13cdc9d9-ddb5-4fa4-a97d-d965ccfc6d4b" outcome="Passed" testListId="8c84fa94-04c1-424b-9868-57a2d4851a1d" relativeResultsDirectory="12bd8b9d-978f-49b8-b436-c02807ac020e" />
    <UnitTestResult executionId="2bcbce69-c9ad-4f14-b2f5-67607d9ac14c" testId="e7c42dc5-205a-7b7d-b007-ff9e15584ee5" testName="Для 1 и 2 числа перенос на 16 этого месяца, для 15 и 16 перенос на 2 следующего месяца(dateStrings: [&quot;2020-07-01&quot;, &quot;2020-07-02&quot;, &quot;2020-07-16&quot;])" computerName="DESKTOP-F6SKA47" duration="00:00:00.0000460" startTime="2021-12-16T16:16:29.5508110+03:00" endTime="2021-12-16T16:16:29.5508128+03:00" testType="13cdc9d9-ddb5-4fa4-a97d-d965ccfc6d4b" outcome="Passed" testListId="8c84fa94-04c1-424b-9868-57a2d4851a1d" relativeResultsDirectory="2bcbce69-c9ad-4f14-b2f5-67607d9ac14c" />
    <UnitTestResult executionId="1d8953f8-f05f-46ce-8409-9e532207845e" testId="b4b5e458-d159-2282-5ef2-e2b9f5d4e2cf" testName="Skillaz.Tests.Assessment.Interviews.ProActionInterview_feature.Getting_a_pro_action_interview_result" computerName="DESKTOP-F6SKA47" duration="00:00:04.6099357" startTime="2021-12-16T16:25:35.9455669+03:00" endTime="2021-12-16T16:25:35.9455722+03:00" testType="13cdc9d9-ddb5-4fa4-a97d-d965ccfc6d4b" outcome="Passed" testListId="8c84fa94-04c1-424b-9868-57a2d4851a1d" relativeResultsDirectory="1d8953f8-f05f-46ce-8409-9e532207845e">
      <Output>
        <StdOut>SCENARIO: Getting a pro action interview result&#xD;
  STEP 1/5: GIVEN a candidate in a vacancy in a company...&#xD;
  STEP 1/5: GIVEN a candidate in a vacancy in a company (Passed after 476ms)&#xD;
  STEP 2/5: AND the authenticated user...&#xD;
  STEP 2/5: AND the authenticated user (Passed after 1s 179ms)&#xD;
  STEP 3/5: AND the interview...&#xD;
  STEP 3/5: AND the interview (Passed after 2s 218ms)&#xD;
  STEP 4/5: WHEN a pro action interview result is requested...&#xD;
  STEP 4/5: WHEN a pro action interview result is requested (Passed after 515ms)&#xD;
  STEP 5/5: THEN a pro action interview result should be retrieved...&#xD;
  STEP 5/5: THEN a pro action interview result should be retrieved (Passed after &lt;1ms)&#xD;
  SCENARIO RESULT: Passed after 4s 392ms</StdOut>
      </Output>
    </UnitTestResult>
    <UnitTestResult executionId="b3c0c9f6-8c83-44b3-a8b4-d47793cfb64e" testId="019b787c-88b2-9680-3a7b-9251d2235f77" testName="Skillaz.Tests.CompanySpecific.X5.Naumen.NaumenSlaTests.Sla_calculates_correctly_for_next_day(candidateTimeZone: 8, sla: 02:00:00, startDate: 2020-01-01T02:30:00.0000000Z, truth: [NaumenTimeRange { From = &quot;2020-01-01 07:00:00&quot;, To = &quot;2020-01-01 09:00:00&quot; }])" computerName="DESKTOP-F6SKA47" duration="00:00:00.0000301" startTime="2021-12-16T16:16:29.3121521+03:00" endTime="2021-12-16T16:16:29.3121530+03:00" testType="13cdc9d9-ddb5-4fa4-a97d-d965ccfc6d4b" outcome="Passed" testListId="8c84fa94-04c1-424b-9868-57a2d4851a1d" relativeResultsDirectory="b3c0c9f6-8c83-44b3-a8b4-d47793cfb64e" />
    <UnitTestResult executionId="18329e2f-9b2f-4722-bc35-c8bb3b4ec167" testId="019b787c-88b2-9680-3a7b-9251d2235f77" testName="Skillaz.Tests.CompanySpecific.X5.Naumen.NaumenSlaTests.Sla_calculates_correctly_for_next_day(candidateTimeZone: 8, sla: 02:00:00, startDate: 2019-12-31T22:30:00.0000000Z, truth: [NaumenTimeRange { From = &quot;2020-01-01 07:00:00&quot;, To = &quot;2020-01-01 09:00:00&quot; }])" computerName="DESKTOP-F6SKA47" duration="00:00:00.0000304" startTime="2021-12-16T16:16:29.3021926+03:00" endTime="2021-12-16T16:16:29.3021931+03:00" testType="13cdc9d9-ddb5-4fa4-a97d-d965ccfc6d4b" outcome="Passed" testListId="8c84fa94-04c1-424b-9868-57a2d4851a1d" relativeResultsDirectory="18329e2f-9b2f-4722-bc35-c8bb3b4ec167" />
    <UnitTestResult executionId="b64f2eac-313b-4d05-b525-16038fb3d3fe" testId="019b787c-88b2-9680-3a7b-9251d2235f77" testName="Skillaz.Tests.CompanySpecific.X5.Naumen.NaumenSlaTests.Sla_calculates_correctly_for_next_day(candidateTimeZone: 4, sla: 02:00:00, startDate: 2019-12-31T19:30:00.0000000Z, truth: [NaumenTimeRange { From = &quot;2020-01-01 08:00:00&quot;, To = &quot;2020-01-01 10:00:00&quot; }])" computerName="DESKTOP-F6SKA47" duration="00:00:00.0001018" startTime="2021-12-16T16:16:29.0876602+03:00" endTime="2021-12-16T16:16:29.0876611+03:00" testType="13cdc9d9-ddb5-4fa4-a97d-d965ccfc6d4b" outcome="Passed" testListId="8c84fa94-04c1-424b-9868-57a2d4851a1d" relativeResultsDirectory="b64f2eac-313b-4d05-b525-16038fb3d3fe" />
    <UnitTestResult executionId="72c99918-cdd0-4600-bfb6-36971077b0d0" testId="6e9d5866-39dd-1b3d-2fde-7ddaf2286299" testName="Skillaz.Tests.CompanySpecific.Perekrestok.PerekrestokOrgUnitPositionCreateOrUpdate_feature.Cancel_request_for_closing_soon_position" computerName="DESKTOP-F6SKA47" duration="00:00:04.0769393" startTime="2021-12-16T16:28:25.2321085+03:00" endTime="2021-12-16T16:28:25.2321090+03:00" testType="13cdc9d9-ddb5-4fa4-a97d-d965ccfc6d4b" outcome="Passed" testListId="8c84fa94-04c1-424b-9868-57a2d4851a1d" relativeResultsDirectory="72c99918-cdd0-4600-bfb6-36971077b0d0">
      <Output>
        <StdOut>SCENARIO: Cancel request for closing soon position&#xD;
  STEP 1/7: GIVEN Given a company [companyId: "PerekrestokCompany"]...&#xD;
  STEP 1/7: GIVEN Given a company [companyId: "PerekrestokCompany"] (Passed after 162ms)&#xD;
  STEP 2/7: AND Given the authenticated api user...&#xD;
  STEP 2/7: AND Given the authenticated api user (Passed after 265ms)&#xD;
  STEP 3/7: AND Given org unit...&#xD;
  STEP 3/7: AND Given org unit (Passed after 72ms)&#xD;
  STEP 4/7: AND Given position with vacancy close date [vacancyCloseDate: "12/18/2021 13:28:21"]...&#xD;
  STEP 4/7: AND Given position with vacancy close date [vacancyCloseDate: "12/18/2021 13:28:21"] (Passed after 102ms)&#xD;
  STEP 5/7: AND Given requests by position...&#xD;
  STEP 5/7: AND Given requests by position (Passed after 94ms)&#xD;
  STEP 6/7: WHEN Org unit position update...&#xD;
  STEP 6/7: WHEN Org unit position update (Passed after 2s 875ms)&#xD;
  STEP 7/7: THEN No actual requests...&#xD;
  STEP 7/7: THEN No actual requests (Passed after 2ms)&#xD;
  SCENARIO RESULT: Passed after 3s 587ms</StdOut>
      </Output>
    </UnitTestResult>
    <UnitTestResult executionId="fc7ed785-ef8c-49dd-a7cc-8d6128de54dc" testId="5037b3d5-9ce3-2842-1ff4-13e61ec938aa" testName="Skillaz.Tests.Notifications.NotifyFollowers_feature.Check_candidate_created" computerName="DESKTOP-F6SKA47" duration="00:00:33.7039558" startTime="2021-12-16T16:18:23.5102306+03:00" endTime="2021-12-16T16:18:23.5102350+03:00" testType="13cdc9d9-ddb5-4fa4-a97d-d965ccfc6d4b" outcome="Passed" testListId="8c84fa94-04c1-424b-9868-57a2d4851a1d" relativeResultsDirectory="fc7ed785-ef8c-49dd-a7cc-8d6128de54dc">
      <Output>
        <StdOut>SCENARIO: Check candidate created&#xD;
  STEP 1/11: GIVEN a company [companyDocument: "Skillaz.Candidate.Contract.LegacyCompany.LegacyCompanyDocument"]...&#xD;
  STEP 1/11: GIVEN a company [companyDocument: "Skillaz.Candidate.Contract.LegacyCompany.LegacyCompanyDocument"] (Passed after 98ms)&#xD;
  STEP 2/11: AND the authenticated user...&#xD;
  STEP 2/11: AND the authenticated user (Passed after 310ms)&#xD;
  STEP 3/11: AND the ClientConfigurationForCompany...&#xD;
  STEP 3/11: AND the ClientConfigurationForCompany (Passed after 313ms)&#xD;
  STEP 4/11: AND the Funnel...&#xD;
  STEP 4/11: AND the Funnel (Passed after 406ms)&#xD;
  STEP 5/11: AND the vacancy in the company [funnelId: "TestingFunnel"]...&#xD;
  STEP 5/11: AND the vacancy in the company [funnelId: "TestingFunnel"] (Passed after 184ms)&#xD;
  STEP 6/11: AND the candidate...&#xD;
  STEP 6/11: AND the candidate (Passed after 18s 529ms)&#xD;
  STEP 7/11: AND the candidate follower...&#xD;
  STEP 7/11: AND the candidate follower (Passed after 2s 708ms)&#xD;
  STEP 8/11: WHEN candidate switched...&#xD;
  STEP 8/11: WHEN candidate switched (Passed after 7s 182ms)&#xD;
  STEP 9/11: THEN candidate status correct...&#xD;
  STEP 9/11: THEN candidate status correct (Passed after 1s 159ms)&#xD;
  STEP 10/11: AND email about status sent...&#xD;
  STEP 10/11: AND email about status sent (Passed after 1s 776ms)&#xD;
  STEP 11/11: AND email about comment sent...&#xD;
  STEP 11/11: AND email about comment sent (Passed after 138ms)&#xD;
  SCENARIO RESULT: Passed after 33s</StdOut>
      </Output>
    </UnitTestResult>
    <UnitTestResult executionId="da74eca0-cf6a-497d-870c-39cf660c3fad" testId="227a4222-7f10-3a0c-373c-971ed36457ef" testName="Skillaz.Tests.SupportAgents.SupportAgents_feature.Receive_current_agent" computerName="DESKTOP-F6SKA47" duration="00:00:05.9684749" startTime="2021-12-16T16:20:08.8990099+03:00" endTime="2021-12-16T16:20:08.8990127+03:00" testType="13cdc9d9-ddb5-4fa4-a97d-d965ccfc6d4b" outcome="Passed" testListId="8c84fa94-04c1-424b-9868-57a2d4851a1d" relativeResultsDirectory="da74eca0-cf6a-497d-870c-39cf660c3fad">
      <Output>
        <StdOut>SCENARIO: Receive current agent&#xD;
  STEP 1/4: GIVEN a company...&#xD;
  STEP 1/4: GIVEN a company (Passed after 382ms)&#xD;
  STEP 2/4: AND the authenticated admin user...&#xD;
  STEP 2/4: AND the authenticated admin user (Passed after 599ms)&#xD;
  STEP 3/4: WHEN requesting user agent...&#xD;
  STEP 3/4: WHEN requesting user agent (Passed after 3s 463ms)&#xD;
  STEP 4/4: THEN user agent created...&#xD;
  STEP 4/4: THEN user agent created (Passed after 1ms)&#xD;
  SCENARIO RESULT: Passed after 4s 476ms</StdOut>
      </Output>
    </UnitTestResult>
    <UnitTestResult executionId="190d9d21-c209-4fd5-a568-91cc5c909237" testId="019b787c-88b2-9680-3a7b-9251d2235f77" testName="Skillaz.Tests.CompanySpecific.X5.Naumen.NaumenSlaTests.Sla_calculates_correctly_for_next_day(candidateTimeZone: 7, sla: 02:00:00, startDate: 2020-01-01T03:30:00.0000000Z, truth: [NaumenTimeRange { From = &quot;2020-01-01 07:00:00&quot;, To = &quot;2020-01-01 09:00:00&quot; }])" computerName="DESKTOP-F6SKA47" duration="00:00:00.0000466" startTime="2021-12-16T16:16:29.2919229+03:00" endTime="2021-12-16T16:16:29.2919249+03:00" testType="13cdc9d9-ddb5-4fa4-a97d-d965ccfc6d4b" outcome="Passed" testListId="8c84fa94-04c1-424b-9868-57a2d4851a1d" relativeResultsDirectory="190d9d21-c209-4fd5-a568-91cc5c909237" />
    <UnitTestResult executionId="235755a4-9055-42f3-892c-341cb322e47d" testId="5a4ab743-32b0-1641-16fc-f6a386fab3c6" testName="Skillaz.Tests.CompanySpecific.Perekrestok.PerekrestokOrgUnitPositionCreateOrUpdate_feature.Cancel_request_for_closed_supermarkets" computerName="DESKTOP-F6SKA47" duration="00:00:39.1854257" startTime="2021-12-16T16:28:25.2320365+03:00" endTime="2021-12-16T16:28:25.2320392+03:00" testType="13cdc9d9-ddb5-4fa4-a97d-d965ccfc6d4b" outcome="Passed" testListId="8c84fa94-04c1-424b-9868-57a2d4851a1d" relativeResultsDirectory="235755a4-9055-42f3-892c-341cb322e47d">
      <Output>
        <StdOut>SCENARIO: Cancel request for closed supermarkets&#xD;
  STEP 1/7: GIVEN Given a company [companyId: "PerekrestokCompany"]...&#xD;
  STEP 1/7: GIVEN Given a company [companyId: "PerekrestokCompany"] (Passed after 333ms)&#xD;
  STEP 2/7: AND Given the authenticated api user...&#xD;
  STEP 2/7: AND Given the authenticated api user (Passed after 338ms)&#xD;
  STEP 3/7: AND Given org unit closed supermarket...&#xD;
  STEP 3/7: AND Given org unit closed supermarket (Passed after 216ms)&#xD;
  STEP 4/7: AND Given position...&#xD;
  STEP 4/7: AND Given position (Passed after 406ms)&#xD;
  STEP 5/7: AND Given requests by position...&#xD;
  STEP 5/7: AND Given requests by position (Passed after 1s 232ms)&#xD;
  STEP 6/7: WHEN Org unit supermarket type update...&#xD;
  STEP 6/7: WHEN Org unit supermarket type update (Passed after 35s 685ms)&#xD;
  STEP 7/7: THEN No actual requests...&#xD;
  STEP 7/7: THEN No actual requests (Passed after 453ms)&#xD;
  SCENARIO RESULT: Passed after 38s 689ms</StdOut>
      </Output>
    </UnitTestResult>
    <UnitTestResult executionId="60458ebc-91b8-42c7-ad50-70e4c5bc3b03" testId="019b787c-88b2-9680-3a7b-9251d2235f77" testName="Skillaz.Tests.CompanySpecific.X5.Naumen.NaumenSlaTests.Sla_calculates_correctly_for_next_day(candidateTimeZone: 8, sla: 02:00:00, startDate: 2020-01-01T01:30:00.0000000Z, truth: [NaumenTimeRange { From = &quot;2020-01-01 07:00:00&quot;, To = &quot;2020-01-01 09:00:00&quot; }])" computerName="DESKTOP-F6SKA47" duration="00:00:00.0000320" startTime="2021-12-16T16:16:29.3027693+03:00" endTime="2021-12-16T16:16:29.3027698+03:00" testType="13cdc9d9-ddb5-4fa4-a97d-d965ccfc6d4b" outcome="Passed" testListId="8c84fa94-04c1-424b-9868-57a2d4851a1d" relativeResultsDirectory="60458ebc-91b8-42c7-ad50-70e4c5bc3b03" />
    <UnitTestResult executionId="34f76942-8ad8-41cf-80af-e33490a25480" testId="5e3f1b9c-5363-4c24-cae6-e2a0d62d64c1" testName="Skillaz.Tests.Validators.ListSizeFieldValidator_feature.Should_be_valid_if_document_valid_when_validate" computerName="DESKTOP-F6SKA47" duration="00:00:00.0754833" startTime="2021-12-16T16:28:34.6159317+03:00" endTime="2021-12-16T16:28:34.6159349+03:00" testType="13cdc9d9-ddb5-4fa4-a97d-d965ccfc6d4b" outcome="Passed" testListId="8c84fa94-04c1-424b-9868-57a2d4851a1d" relativeResultsDirectory="34f76942-8ad8-41cf-80af-e33490a25480">
      <Output>
        <StdOut>SCENARIO: Should be valid if document valid when validate&#xD;
  STEP 1/6: GIVEN min size equals one...&#xD;
  STEP 1/6: GIVEN min size equals one (Passed after &lt;1ms)&#xD;
  STEP 2/6: AND ListSizeFieldValidator with default error messages...&#xD;
  STEP 2/6: AND ListSizeFieldValidator with default error messages (Passed after &lt;1ms)&#xD;
  STEP 3/6: AND document with valid string list field...&#xD;
  STEP 3/6: AND document with valid string list field (Passed after &lt;1ms)&#xD;
  STEP 4/6: Run validator...&#xD;
  STEP 4/6: Run validator (Passed after &lt;1ms)&#xD;
  STEP 5/6: Assert result is valid...&#xD;
  STEP 5/6: Assert result is valid (Passed after &lt;1ms)&#xD;
  STEP 6/6: Assert no messages in valid result...&#xD;
  STEP 6/6: Assert no messages in valid result (Passed after &lt;1ms)&#xD;
  SCENARIO RESULT: Passed after 2ms</StdOut>
      </Output>
    </UnitTestResult>
    <UnitTestResult executionId="fafe12e1-75b8-4b24-b9dc-ed11c5ba0b06" testId="79517d9a-c10b-f5e3-616b-40435aec7ac1" testName="Skillaz.Tests.DocumentModels.ViewModels.DocumentModelWithBatchLoaderFeature.Проверка_заполнения_полей_text_с_batch" computerName="DESKTOP-F6SKA47" duration="00:00:06.9423214" startTime="2021-12-16T16:17:38.5933844+03:00" endTime="2021-12-16T16:17:38.5933928+03:00" testType="13cdc9d9-ddb5-4fa4-a97d-d965ccfc6d4b" outcome="Passed" testListId="8c84fa94-04c1-424b-9868-57a2d4851a1d" relativeResultsDirectory="fafe12e1-75b8-4b24-b9dc-ed11c5ba0b06">
      <Output>
        <StdOut>SCENARIO: Проверка заполнения полей text с batch&#xD;
  STEP 1/6: Подготовить данные для теста...&#xD;
  STEP 1/6: Подготовить данные для теста (Passed after 350ms)&#xD;
  STEP 2/6: Load city and region references...&#xD;
  STEP 2/6: Load city and region references (Passed after 545ms)&#xD;
  STEP 3/6: GIVEN the vacancy in the company...&#xD;
  STEP 3/6: GIVEN the vacancy in the company (Passed after 119ms)&#xD;
  STEP 4/6: Заполнить модель...&#xD;
  STEP 4/6: Заполнить модель (Passed after 1s 264ms)&#xD;
  STEP 5/6: Проверить что поля правильно заполнены...&#xD;
  STEP 5/6: Проверить что поля правильно заполнены (Passed after 2s 638ms)&#xD;
  STEP 6/6: Проверить что поля правильно заполнены в edit модели...&#xD;
  STEP 6/6: Проверить что поля правильно заполнены в edit модели (Passed after 1s 800ms)&#xD;
  SCENARIO RESULT: Passed after 6s 724ms</StdOut>
      </Output>
    </UnitTestResult>
    <UnitTestResult executionId="3b9e8f42-c075-4f09-9e0f-bc20c475670e" testId="2d83c8fc-1303-eeb8-b544-4d58c2aa8aa3" testName="Skillaz.Tests.Notifications.AvitoMessenger_feature.Update_chat_messages" computerName="DESKTOP-F6SKA47" duration="00:00:09.1360508" startTime="2021-12-16T16:24:49.7061086+03:00" endTime="2021-12-16T16:24:49.7061123+03:00" testType="13cdc9d9-ddb5-4fa4-a97d-d965ccfc6d4b" outcome="Passed" testListId="8c84fa94-04c1-424b-9868-57a2d4851a1d" relativeResultsDirectory="3b9e8f42-c075-4f09-9e0f-bc20c475670e">
      <Output>
        <StdOut>SCENARIO: Update chat messages&#xD;
  STEP 1/8: GIVEN a company...&#xD;
  STEP 1/8: GIVEN a company (Passed after 707ms)&#xD;
  STEP 2/8: AND a candidate in a vacancy in a company...&#xD;
  STEP 2/8: AND a candidate in a vacancy in a company (Passed after 640ms)&#xD;
  STEP 3/8: AND avito account...&#xD;
  STEP 3/8: AND avito account (Passed after 364ms)&#xD;
  STEP 4/8: AND avito publication for vacancy...&#xD;
  STEP 4/8: AND avito publication for vacancy (Passed after 374ms)&#xD;
  STEP 5/8: AND candidate negotication and avito chat...&#xD;
  STEP 5/8: AND candidate negotication and avito chat (Passed after 911ms)&#xD;
  STEP 6/8: AND the authenticated user...&#xD;
  STEP 6/8: AND the authenticated user (Passed after 605ms)&#xD;
  STEP 7/8: WHEN job for collection messages starter...&#xD;
  STEP 7/8: WHEN job for collection messages starter (Passed after 3s 699ms)&#xD;
  STEP 8/8: THEN candidate chat is not empty...&#xD;
  STEP 8/8: THEN candidate chat is not empty (Passed after 75ms)&#xD;
  SCENARIO RESULT: Passed after 7s 437ms</StdOut>
      </Output>
    </UnitTestResult>
    <UnitTestResult executionId="de438943-16cf-436c-a579-3bcfaebb9688" testId="019b787c-88b2-9680-3a7b-9251d2235f77" testName="Skillaz.Tests.CompanySpecific.X5.Naumen.NaumenSlaTests.Sla_calculates_correctly_for_next_day(candidateTimeZone: 3, sla: 02:00:00, startDate: 2020-01-01T03:00:00.0000000Z, truth: [NaumenTimeRange { From = &quot;2020-01-01 09:00:00&quot;, To = &quot;2020-01-01 11:00:00&quot; }])" computerName="DESKTOP-F6SKA47" duration="00:00:00.0000353" startTime="2021-12-16T16:16:29.0807907+03:00" endTime="2021-12-16T16:16:29.0807910+03:00" testType="13cdc9d9-ddb5-4fa4-a97d-d965ccfc6d4b" outcome="Passed" testListId="8c84fa94-04c1-424b-9868-57a2d4851a1d" relativeResultsDirectory="de438943-16cf-436c-a579-3bcfaebb9688" />
    <UnitTestResult executionId="b3d11480-4291-464d-b7f4-6ed20f8ca023" testId="8cd9944b-15be-2a68-9780-48b60500714e" testName="Skillaz.Tests.Telephony.MightyCall_CallList_feature.Start_new_campaign" computerName="DESKTOP-F6SKA47" duration="00:00:32.3830778" startTime="2021-12-16T16:17:37.1493359+03:00" endTime="2021-12-16T16:17:37.1493395+03:00" testType="13cdc9d9-ddb5-4fa4-a97d-d965ccfc6d4b" outcome="Passed" testListId="8c84fa94-04c1-424b-9868-57a2d4851a1d" relativeResultsDirectory="b3d11480-4291-464d-b7f4-6ed20f8ca023">
      <Output>
        <StdOut>SCENARIO: Start new campaign&#xD;
  STEP 1/7: GIVEN a company...&#xD;
  STEP 1/7: GIVEN a company (Passed after 141ms)&#xD;
  STEP 2/7: AND the authenticated user...&#xD;
  STEP 2/7: AND the authenticated user (Passed after 203ms)&#xD;
  STEP 3/7: AND a vacancy...&#xD;
  STEP 3/7: AND a vacancy (Passed after 218ms)&#xD;
  STEP 4/7: AND a candidates...&#xD;
  STEP 4/7: AND a candidates (Passed after 285ms)&#xD;
  STEP 5/7: AND outgoing campaign...&#xD;
  STEP 5/7: AND outgoing campaign (Passed after 2s 604ms)&#xD;
  STEP 6/7: WHEN start campaign...&#xD;
  STEP 6/7: WHEN start campaign (Passed after 27s 058ms)&#xD;
  STEP 7/7: THEN requests count is correct...&#xD;
  STEP 7/7: THEN requests count is correct (Passed after 1s 532ms)&#xD;
  SCENARIO RESULT: Passed after 32s 078ms</StdOut>
      </Output>
    </UnitTestResult>
    <UnitTestResult executionId="a6a423b0-e9cc-479a-94f8-970e5b73bd82" testId="695a69c9-264c-d1c5-2032-535ef4bf39f9" testName="Skillaz.Tests.CompanySpecific.X5.Naumen.NaumenSlaTests.Sla_calculates_correctly_for_split_days(candidateTimeZone: 3, sla: 03:00:00, startDate: 2019-12-31T15:30:00.0000000Z, truth: [NaumenTimeRange { From = &quot;2019-12-31 18:30:00&quot;, To = &quot;2019-12-31 20:00:00&quot; }, NaumenTimeRange { From = &quot;2020-01-01 09:00:00&quot;, To = &quot;2020-01-01 10:30:00&quot; }])" computerName="DESKTOP-F6SKA47" duration="00:00:00.0000488" startTime="2021-12-16T16:16:28.9249576+03:00" endTime="2021-12-16T16:16:28.9249593+03:00" testType="13cdc9d9-ddb5-4fa4-a97d-d965ccfc6d4b" outcome="Passed" testListId="8c84fa94-04c1-424b-9868-57a2d4851a1d" relativeResultsDirectory="a6a423b0-e9cc-479a-94f8-970e5b73bd82" />
    <UnitTestResult executionId="fc1f8876-7d23-4e14-b496-9a9cf9d6e583" testId="019b787c-88b2-9680-3a7b-9251d2235f77" testName="Skillaz.Tests.CompanySpecific.X5.Naumen.NaumenSlaTests.Sla_calculates_correctly_for_next_day(candidateTimeZone: 6, sla: 02:00:00, startDate: 2019-12-31T17:00:00.0000000Z, truth: [NaumenTimeRange { From = &quot;2020-01-01 07:00:00&quot;, To = &quot;2020-01-01 09:00:00&quot; }])" computerName="DESKTOP-F6SKA47" duration="00:00:00.0000814" startTime="2021-12-16T16:16:29.1176686+03:00" endTime="2021-12-16T16:16:29.1176698+03:00" testType="13cdc9d9-ddb5-4fa4-a97d-d965ccfc6d4b" outcome="Passed" testListId="8c84fa94-04c1-424b-9868-57a2d4851a1d" relativeResultsDirectory="fc1f8876-7d23-4e14-b496-9a9cf9d6e583" />
    <UnitTestResult executionId="1422c820-f0b6-493d-97e2-974f8782fe43" testId="487688a6-207b-9c71-cf35-2c8bf543ed26" testName="Skillaz.Tests.Configurator.Deduplication.UpdateCandidateByRuleTest.Check_Action_UpdateResume" computerName="DESKTOP-F6SKA47" duration="00:00:00.0030899" startTime="2021-12-16T16:27:18.7903986+03:00" endTime="2021-12-16T16:27:18.7904011+03:00" testType="13cdc9d9-ddb5-4fa4-a97d-d965ccfc6d4b" outcome="Passed" testListId="8c84fa94-04c1-424b-9868-57a2d4851a1d" relativeResultsDirectory="1422c820-f0b6-493d-97e2-974f8782fe43" />
    <UnitTestResult executionId="5a27d9ce-21b0-44d4-b687-358f345720d0" testId="019b787c-88b2-9680-3a7b-9251d2235f77" testName="Skillaz.Tests.CompanySpecific.X5.Naumen.NaumenSlaTests.Sla_calculates_correctly_for_next_day(candidateTimeZone: 12, sla: 02:00:00, startDate: 2019-12-31T16:00:00.0000000Z, truth: [NaumenTimeRange { From = &quot;2020-01-01 07:00:00&quot;, To = &quot;2020-01-01 09:00:00&quot; }])" computerName="DESKTOP-F6SKA47" duration="00:00:00.0000463" startTime="2021-12-16T16:16:29.3754552+03:00" endTime="2021-12-16T16:16:29.3754556+03:00" testType="13cdc9d9-ddb5-4fa4-a97d-d965ccfc6d4b" outcome="Passed" testListId="8c84fa94-04c1-424b-9868-57a2d4851a1d" relativeResultsDirectory="5a27d9ce-21b0-44d4-b687-358f345720d0" />
    <UnitTestResult executionId="8b21140b-295d-46ca-964f-2c431d6b1ab7" testId="dca001ea-e0a0-0eba-54b4-cfd8e9de5138" testName="Skillaz.Tests.Assessment.Interviews.SelfEntryInterview_feature.Getting_a_self_entry_timeslots_by_request_with_period" computerName="DESKTOP-F6SKA47" duration="00:00:14.7137808" startTime="2021-12-16T16:19:40.7116406+03:00" endTime="2021-12-16T16:19:40.7116505+03:00" testType="13cdc9d9-ddb5-4fa4-a97d-d965ccfc6d4b" outcome="Passed" testListId="8c84fa94-04c1-424b-9868-57a2d4851a1d" relativeResultsDirectory="8b21140b-295d-46ca-964f-2c431d6b1ab7">
      <Output>
        <StdOut>SCENARIO: Getting a self entry timeslots by request with period&#xD;
  STEP 1/6: GIVEN a candidate in a vacancy in a orgUnit in a company...&#xD;
  STEP 1/6: GIVEN a candidate in a vacancy in a orgUnit in a company (Passed after 2s 099ms)&#xD;
  STEP 2/6: AND the request...&#xD;
  STEP 2/6: AND the request (Passed after 544ms)&#xD;
  STEP 3/6: AND the timeSlots...&#xD;
  STEP 3/6: AND the timeSlots (Passed after 468ms)&#xD;
  STEP 4/6: AND the interview and timeslot period [timeSlotSource: "HireRequest"] [addStartPeriod: "True"] [addDurationPeriod: "True"]...&#xD;
  STEP 4/6: AND the interview and timeslot period [timeSlotSource: "HireRequest"] [addStartPeriod: "True"] [addDurationPeriod: "True"] (Passed after 2s 627ms)&#xD;
  STEP 5/6: WHEN a self entry timeslots by request is requested...&#xD;
  STEP 5/6: WHEN a self entry timeslots by request is requested (Passed after 3s 546ms)&#xD;
  STEP 6/6: THEN a self entry timeslots by request should be retrieved [useStartPeriod: "True"] [useEndPeriod: "True"]...&#xD;
  STEP 6/6: THEN a self entry timeslots by request should be retrieved [useStartPeriod: "True"] [useEndPeriod: "True"] (Passed after 363ms)&#xD;
  SCENARIO RESULT: Passed after 9s 753ms</StdOut>
      </Output>
    </UnitTestResult>
    <UnitTestResult executionId="f8076275-14f5-4f2e-b483-61707cd8e1cd" testId="019b787c-88b2-9680-3a7b-9251d2235f77" testName="Skillaz.Tests.CompanySpecific.X5.Naumen.NaumenSlaTests.Sla_calculates_correctly_for_next_day(candidateTimeZone: 12, sla: 02:00:00, startDate: 2019-12-31T12:00:00.0000000Z, truth: [NaumenTimeRange { From = &quot;2020-01-01 07:00:00&quot;, To = &quot;2020-01-01 09:00:00&quot; }])" computerName="DESKTOP-F6SKA47" duration="00:00:00.0000451" startTime="2021-12-16T16:16:29.3715814+03:00" endTime="2021-12-16T16:16:29.3715818+03:00" testType="13cdc9d9-ddb5-4fa4-a97d-d965ccfc6d4b" outcome="Passed" testListId="8c84fa94-04c1-424b-9868-57a2d4851a1d" relativeResultsDirectory="f8076275-14f5-4f2e-b483-61707cd8e1cd" />
    <UnitTestResult executionId="3c8c675b-321b-4a26-a8c3-a1e27c6a9937" testId="db8ff3e6-4925-9926-8a25-93a35b9735f4" testName="Skillaz.Tests.Candidate.CandidateTags.CandidateTagsService_feature.If_current_user_is_not_admin_then_current_user_can_not_change_new_category" computerName="DESKTOP-F6SKA47" duration="00:00:06.1263927" startTime="2021-12-16T16:23:11.9487649+03:00" endTime="2021-12-16T16:23:11.9487654+03:00" testType="13cdc9d9-ddb5-4fa4-a97d-d965ccfc6d4b" outcome="Passed" testListId="8c84fa94-04c1-424b-9868-57a2d4851a1d" relativeResultsDirectory="3c8c675b-321b-4a26-a8c3-a1e27c6a9937">
      <Output>
        <StdOut>SCENARIO: If current user is not admin then current user can not change new category&#xD;
  STEP 1/5: GIVEN a company...&#xD;
  STEP 1/5: GIVEN a company (Passed after 909ms)&#xD;
  STEP 2/5: AND the authenticated user...&#xD;
  STEP 2/5: AND the authenticated user (Passed after 2s 471ms)&#xD;
  STEP 3/5: AND a candidate tag category "Skillaz.Candidate.Contract.Documents.CandidateTagDocument.CandidateTagCategoryDocument"...&#xD;
  STEP 3/5: AND a candidate tag category "Skillaz.Candidate.Contract.Documents.CandidateTagDocument.CandidateTagCategoryDocument" (Passed after 753ms)&#xD;
  STEP 4/5: WHEN category changing [dto: "Skillaz.Candidate.Contract.CandidateTagCategoryDto"]...&#xD;
  STEP 4/5: WHEN category changing [dto: "Skillaz.Candidate.Contract.CandidateTagCategoryDto"] (Passed after 40ms)&#xD;
  STEP 5/5: Ensure exception is raised...&#xD;
  STEP 5/5: Ensure exception is raised (Passed after &lt;1ms)&#xD;
  SCENARIO RESULT: Passed after 4s 189ms</StdOut>
      </Output>
    </UnitTestResult>
    <UnitTestResult executionId="8acc3259-18b5-45a3-b0ae-3b596726ac93" testId="b81ff06d-ed44-2d26-71f0-579383fd8f5f" testName="Skillaz.Tests.TaskTracker.TaskAction_feature.Transfer_candidate_in_status_with_set_details_not_delay" computerName="DESKTOP-F6SKA47" duration="00:00:12.7830407" startTime="2021-12-16T16:22:26.1886452+03:00" endTime="2021-12-16T16:22:26.1886475+03:00" testType="13cdc9d9-ddb5-4fa4-a97d-d965ccfc6d4b" outcome="Passed" testListId="8c84fa94-04c1-424b-9868-57a2d4851a1d" relativeResultsDirectory="8acc3259-18b5-45a3-b0ae-3b596726ac93">
      <Output>
        <StdOut>SCENARIO: Transfer candidate in status with set details not delay&#xD;
  STEP 1/7: GIVEN a company...&#xD;
  STEP 1/7: GIVEN a company (Passed after 280ms)&#xD;
  STEP 2/7: AND the authenticated user...&#xD;
  STEP 2/7: AND the authenticated user (Passed after 552ms)&#xD;
  STEP 3/7: AND the funnel and rules action for configuration with detail...&#xD;
  STEP 3/7: AND the funnel and rules action for configuration with detail (Passed after 263ms)&#xD;
  STEP 4/7: AND a candidate in vacancy...&#xD;
  STEP 4/7: AND a candidate in vacancy (Passed after 418ms)&#xD;
  STEP 5/7: WHEN switch candidate to status [statusTo: "training"]...&#xD;
  STEP 5/7: WHEN switch candidate to status [statusTo: "training"] (Passed after 10s 323ms)&#xD;
  STEP 6/7: THEN candidate in status with switch reason "reason1" is [statusId: "approved"]...&#xD;
  STEP 6/7: THEN candidate in status with switch reason "reason1" is [statusId: "approved"] (Passed after 58ms)&#xD;
  STEP 7/7: AND is finished tasks...&#xD;
  STEP 7/7: AND is finished tasks (Passed after 4ms)&#xD;
  SCENARIO RESULT: Passed after 11s 909ms</StdOut>
      </Output>
    </UnitTestResult>
    <UnitTestResult executionId="9a7f1594-b46b-48cd-98c8-dd1e46bd23a4" testId="26982ab6-04c9-3e4b-8f17-d44c909897bb" testName="Skillaz.Tests.CompanySpecific.X5.X5Deduplication_feature.By_tabel_number_and_vacancy" computerName="DESKTOP-F6SKA47" duration="00:00:00.0010000" startTime="2021-12-16T16:26:21.7588917+03:00" endTime="2021-12-16T16:26:21.7588930+03:00" testType="13cdc9d9-ddb5-4fa4-a97d-d965ccfc6d4b" outcome="NotExecuted" testListId="8c84fa94-04c1-424b-9868-57a2d4851a1d" relativeResultsDirectory="9a7f1594-b46b-48cd-98c8-dd1e46bd23a4">
      <Output>
        <StdOut>You need Elasticsearch 7.5 local instance on 9200 port</StdOut>
      </Output>
    </UnitTestResult>
    <UnitTestResult executionId="048c4250-811e-4b35-8996-971523735fa1" testId="20b13243-5e0f-f362-c9ac-cd5268dc2160" testName="Skillaz.Tests.Vacancy.CompanySpecific.MvideoMassMarkedCandidateDatabase_feature.Deactivating_a_vacancy_sets_MarkedAtDateToSendToReserve_to_true" computerName="DESKTOP-F6SKA47" duration="00:00:07.2640223" startTime="2021-12-16T16:27:46.9370595+03:00" endTime="2021-12-16T16:27:46.9370739+03:00" testType="13cdc9d9-ddb5-4fa4-a97d-d965ccfc6d4b" outcome="Passed" testListId="8c84fa94-04c1-424b-9868-57a2d4851a1d" relativeResultsDirectory="048c4250-811e-4b35-8996-971523735fa1">
      <Output>
        <StdOut>SCENARIO: Deactivating a vacancy sets MarkedAtDateToSendToReserve to true&#xD;
  STEP 1/8: GIVEN a mvideo company...&#xD;
  STEP 1/8: GIVEN a mvideo company (Passed after 635ms)&#xD;
  STEP 2/8: AND the authenticated user...&#xD;
  STEP 2/8: AND the authenticated user (Passed after 1s 468ms)&#xD;
  STEP 3/8: AND Additional Records...&#xD;
  STEP 3/8: AND Additional Records (Passed after 1s 165ms)&#xD;
  STEP 4/8: AND a funnels...&#xD;
  STEP 4/8: AND a funnels (Passed after 145ms)&#xD;
  STEP 5/8: AND a vacancy...&#xD;
  STEP 5/8: AND a vacancy (Passed after 372ms)&#xD;
  STEP 6/8: AND a candidates...&#xD;
  STEP 6/8: AND a candidates (Passed after 470ms)&#xD;
  STEP 7/8: WHEN deactivating a vacancy...&#xD;
  STEP 7/8: WHEN deactivating a vacancy (Passed after 2s 020ms)&#xD;
  STEP 8/8: THEN must be sets mark at candidate...&#xD;
  STEP 8/8: THEN must be sets mark at candidate (Passed after 39ms)&#xD;
  SCENARIO RESULT: Passed after 6s 325ms</StdOut>
      </Output>
    </UnitTestResult>
    <UnitTestResult executionId="3dd8e848-c492-4d3a-89aa-f355e06c49d4" testId="019b787c-88b2-9680-3a7b-9251d2235f77" testName="Skillaz.Tests.CompanySpecific.X5.Naumen.NaumenSlaTests.Sla_calculates_correctly_for_next_day(candidateTimeZone: 6, sla: 02:00:00, startDate: 2019-12-31T21:30:00.0000000Z, truth: [NaumenTimeRange { From = &quot;2020-01-01 07:00:00&quot;, To = &quot;2020-01-01 09:00:00&quot; }])" computerName="DESKTOP-F6SKA47" duration="00:00:00.0000947" startTime="2021-12-16T16:16:29.1210767+03:00" endTime="2021-12-16T16:16:29.1210771+03:00" testType="13cdc9d9-ddb5-4fa4-a97d-d965ccfc6d4b" outcome="Passed" testListId="8c84fa94-04c1-424b-9868-57a2d4851a1d" relativeResultsDirectory="3dd8e848-c492-4d3a-89aa-f355e06c49d4" />
    <UnitTestResult executionId="0c2aedc0-27f6-47e8-855a-3eab3603631c" testId="019b787c-88b2-9680-3a7b-9251d2235f77" testName="Skillaz.Tests.CompanySpecific.X5.Naumen.NaumenSlaTests.Sla_calculates_correctly_for_next_day(candidateTimeZone: 3, sla: 02:00:00, startDate: 2019-12-31T17:30:00.0000000Z, truth: [NaumenTimeRange { From = &quot;2020-01-01 09:00:00&quot;, To = &quot;2020-01-01 11:00:00&quot; }])" computerName="DESKTOP-F6SKA47" duration="00:00:00.0000327" startTime="2021-12-16T16:16:29.0738949+03:00" endTime="2021-12-16T16:16:29.0738957+03:00" testType="13cdc9d9-ddb5-4fa4-a97d-d965ccfc6d4b" outcome="Passed" testListId="8c84fa94-04c1-424b-9868-57a2d4851a1d" relativeResultsDirectory="0c2aedc0-27f6-47e8-855a-3eab3603631c" />
    <UnitTestResult executionId="0d1d19e1-1b97-43e9-b0ee-f3260a6edb0d" testId="79477143-224d-6cdd-336e-a69598ba5622" testName="Skillaz.Tests.JobRequisition.JobRequisitionMassChangeStatus_feature.Change_hire_request_mass_change_status_works_exception" computerName="DESKTOP-F6SKA47" duration="00:00:07.4342545" startTime="2021-12-16T16:23:52.4607723+03:00" endTime="2021-12-16T16:23:52.4607794+03:00" testType="13cdc9d9-ddb5-4fa4-a97d-d965ccfc6d4b" outcome="Passed" testListId="8c84fa94-04c1-424b-9868-57a2d4851a1d" relativeResultsDirectory="0d1d19e1-1b97-43e9-b0ee-f3260a6edb0d">
      <Output>
        <StdOut>SCENARIO: Change hire request mass change status works exception&#xD;
  STEP 1/6: GIVEN a company...&#xD;
  STEP 1/6: GIVEN a company (Passed after 470ms)&#xD;
  STEP 2/6: AND the authenticated user...&#xD;
  STEP 2/6: AND the authenticated user (Passed after 811ms)&#xD;
  STEP 3/6: AND Given the document model...&#xD;
  STEP 3/6: AND Given the document model (Passed after 114ms)&#xD;
  STEP 4/6: AND Given requests [statuses: "InWork, Closed, InWork, InWork"]...&#xD;
  STEP 4/6: AND Given requests [statuses: "InWork, Closed, InWork, InWork"] (Passed after 3s 939ms)&#xD;
  STEP 5/6: WHEN When status mass change...&#xD;
  STEP 5/6: WHEN When status mass change (Passed after 1s 768ms)&#xD;
  STEP 6/6: THEN Then hire request status changed exception...&#xD;
  STEP 6/6: THEN Then hire request status changed exception (Passed after 73ms)&#xD;
  SCENARIO RESULT: Passed after 7s 209ms</StdOut>
      </Output>
    </UnitTestResult>
    <UnitTestResult executionId="1117b797-efc6-423a-8a32-19e2911fa4bd" testId="a6dd1a29-b6e8-c8f5-5c55-745584194527" testName="Skillaz.Tests.CompanySpecific.Mvideo.MvideoChangePositionCountOrgUnit_feature.При_закрытии_поиска_в_ОЕ_заявка_должна_закрыться" computerName="DESKTOP-F6SKA47" duration="00:00:00.0190959" startTime="2021-12-16T16:19:36.0374790+03:00" endTime="2021-12-16T16:19:36.0374854+03:00" testType="13cdc9d9-ddb5-4fa4-a97d-d965ccfc6d4b" outcome="Passed" testListId="8c84fa94-04c1-424b-9868-57a2d4851a1d" relativeResultsDirectory="1117b797-efc6-423a-8a32-19e2911fa4bd" />
    <UnitTestResult executionId="99f9e55a-9766-4e9e-918a-271788117359" testId="019b787c-88b2-9680-3a7b-9251d2235f77" testName="Skillaz.Tests.CompanySpecific.X5.Naumen.NaumenSlaTests.Sla_calculates_correctly_for_next_day(candidateTimeZone: 3, sla: 02:00:00, startDate: 2019-12-31T20:30:00.0000000Z, truth: [NaumenTimeRange { From = &quot;2020-01-01 09:00:00&quot;, To = &quot;2020-01-01 11:00:00&quot; }])" computerName="DESKTOP-F6SKA47" duration="00:00:00.0000500" startTime="2021-12-16T16:16:29.0767923+03:00" endTime="2021-12-16T16:16:29.0767969+03:00" testType="13cdc9d9-ddb5-4fa4-a97d-d965ccfc6d4b" outcome="Passed" testListId="8c84fa94-04c1-424b-9868-57a2d4851a1d" relativeResultsDirectory="99f9e55a-9766-4e9e-918a-271788117359" />
    <UnitTestResult executionId="ae37cd59-c78f-4c7f-a383-d11090af882f" testId="f747cd0c-8db8-cc13-37d8-3c01c5930064" testName="Skillaz.Tests.Assessment.Questionnaires.AddressQuestionnaire_feature.Creating_a_questionnaire" computerName="DESKTOP-F6SKA47" duration="00:00:01.3898474" startTime="2021-12-16T16:25:43.6324566+03:00" endTime="2021-12-16T16:25:43.6324585+03:00" testType="13cdc9d9-ddb5-4fa4-a97d-d965ccfc6d4b" outcome="Passed" testListId="8c84fa94-04c1-424b-9868-57a2d4851a1d" relativeResultsDirectory="ae37cd59-c78f-4c7f-a383-d11090af882f">
      <Output>
        <StdOut>SCENARIO: Creating a questionnaire&#xD;
  STEP 1/4: GIVEN a company...&#xD;
  STEP 1/4: GIVEN a company (Passed after 170ms)&#xD;
  STEP 2/4: AND the authenticated user...&#xD;
  STEP 2/4: AND the authenticated user (Passed after 283ms)&#xD;
  STEP 3/4: WHEN questionnaire is created...&#xD;
  STEP 3/4: WHEN questionnaire is created (Passed after 260ms)&#xD;
  STEP 4/4: Questionnaire should be created...&#xD;
  STEP 4/4: Questionnaire should be created (Passed after 269ms)&#xD;
  SCENARIO RESULT: Passed after 986ms</StdOut>
      </Output>
    </UnitTestResult>
    <UnitTestResult executionId="1b19b1b3-0617-4111-b22c-37bea2a9f32e" testId="9b9ae47c-d631-eb43-50f2-91553a0a270f" testName="Skillaz.Tests.Assessment.Interviews.AudioInterview_feature.Setting_an_assessment" computerName="DESKTOP-F6SKA47" duration="00:00:03.6073151" startTime="2021-12-16T16:24:44.8564720+03:00" endTime="2021-12-16T16:24:44.8564742+03:00" testType="13cdc9d9-ddb5-4fa4-a97d-d965ccfc6d4b" outcome="Passed" testListId="8c84fa94-04c1-424b-9868-57a2d4851a1d" relativeResultsDirectory="1b19b1b3-0617-4111-b22c-37bea2a9f32e">
      <Output>
        <StdOut>SCENARIO: Setting an assessment&#xD;
  STEP 1/6: GIVEN a candidate in a vacancy in a company...&#xD;
  STEP 1/6: GIVEN a candidate in a vacancy in a company (Passed after 830ms)&#xD;
  STEP 2/6: AND the authenticated user...&#xD;
  STEP 2/6: AND the authenticated user (Passed after 747ms)&#xD;
  STEP 3/6: AND the interview...&#xD;
  STEP 3/6: AND the interview (Passed after 669ms)&#xD;
  STEP 4/6: WHEN setting an assessment...&#xD;
  STEP 4/6: WHEN setting an assessment (Passed after 522ms)&#xD;
  STEP 5/6: THEN assessment should be set...&#xD;
  STEP 5/6: THEN assessment should be set (Passed after 65ms)&#xD;
  STEP 6/6: AND user should be linked...&#xD;
  STEP 6/6: AND user should be linked (Passed after 120ms)&#xD;
  SCENARIO RESULT: Passed after 2s 960ms</StdOut>
      </Output>
    </UnitTestResult>
    <UnitTestResult executionId="7ae33024-6ef3-4cae-a36b-11c9e2bff6fc" testId="39bbe88c-a5a1-69b6-0e18-a75bb02edd6c" testName="Skillaz.Tests.CompanySpecific.X5.Naumen.NaumenSlaTests.Sla_calculates_correctly_within_one_day(candidateTimeZone: 4, sla: 04:00:00, startDate: 2019-12-31T12:00:00.0000000Z, truth: [NaumenTimeRange { From = &quot;2019-12-31 15:00:00&quot;, To = &quot;2019-12-31 19:00:00&quot; }])" computerName="DESKTOP-F6SKA47" duration="00:00:00.0000494" startTime="2021-12-16T16:16:28.9077812+03:00" endTime="2021-12-16T16:16:28.9077816+03:00" testType="13cdc9d9-ddb5-4fa4-a97d-d965ccfc6d4b" outcome="Passed" testListId="8c84fa94-04c1-424b-9868-57a2d4851a1d" relativeResultsDirectory="7ae33024-6ef3-4cae-a36b-11c9e2bff6fc" />
    <UnitTestResult executionId="acecc299-b263-40c0-a525-19c20a5e1616" testId="fcb2a14f-7561-9359-add7-246738fd4eb3" testName="Skillaz.Tests.DocumentModels.ConvertToDocument.ConvertToDocument_FromUsers_feature.Проверить_ConvertToDocument_в_FromUsers" computerName="DESKTOP-F6SKA47" duration="00:00:10.0536263" startTime="2021-12-16T16:28:58.1511202+03:00" endTime="2021-12-16T16:28:58.1511227+03:00" testType="13cdc9d9-ddb5-4fa4-a97d-d965ccfc6d4b" outcome="Passed" testListId="8c84fa94-04c1-424b-9868-57a2d4851a1d" relativeResultsDirectory="acecc299-b263-40c0-a525-19c20a5e1616">
      <Output>
        <StdOut>SCENARIO: Проверить ConvertToDocument в FromUsers&#xD;
  STEP 1/6: GIVEN a company...&#xD;
  STEP 1/6: GIVEN a company (Passed after 398ms)&#xD;
  STEP 2/6: AND the authenticated user...&#xD;
  STEP 2/6: AND the authenticated user (Passed after 1s 009ms)&#xD;
  STEP 3/6: Зарегистрировать модель ОЕ...&#xD;
  STEP 3/6: Зарегистрировать модель ОЕ (Passed after 7s 229ms)&#xD;
  STEP 4/6: Добавить пользователей в бд...&#xD;
  STEP 4/6: Добавить пользователей в бд (Passed after 347ms)&#xD;
  STEP 5/6: Создать ОЕ...&#xD;
  STEP 5/6: Создать ОЕ (Passed after 917ms)&#xD;
  STEP 6/6: Проверить что логины пользователей преобразовались в идентификаторы а те что не сконвертировались остались логинами...&#xD;
  STEP 6/6: Проверить что логины пользователей преобразовались в идентификаторы а те что не сконвертировались остались логинами (Passed after 2ms)&#xD;
  SCENARIO RESULT: Passed after 9s 906ms</StdOut>
      </Output>
    </UnitTestResult>
    <UnitTestResult executionId="0d82f0b1-a900-478f-8a58-555845081b4f" testId="7585f39e-1c3f-de17-75a2-5614013bcb55" testName="Should create &amp; edit questionnaire" computerName="DESKTOP-F6SKA47" duration="00:00:07.6182732" startTime="2021-12-16T16:21:56.6746342+03:00" endTime="2021-12-16T16:21:56.6746378+03:00" testType="13cdc9d9-ddb5-4fa4-a97d-d965ccfc6d4b" outcome="Passed" testListId="8c84fa94-04c1-424b-9868-57a2d4851a1d" relativeResultsDirectory="0d82f0b1-a900-478f-8a58-555845081b4f" />
    <UnitTestResult executionId="296618a4-57b9-4dbf-b84c-c38feac3effd" testId="8020b6c9-06dd-e573-da49-69277ef054f9" testName="Skillaz.Tests.AsyncEnumerable.AsyncEnumerableTests.Batching_works_for_async_enumerable_when_batches_are_equally_sized(genSize: 15, batchSize: 15)" computerName="DESKTOP-F6SKA47" duration="00:00:00.2137777" startTime="2021-12-16T16:16:31.3485562+03:00" endTime="2021-12-16T16:16:31.3485651+03:00" testType="13cdc9d9-ddb5-4fa4-a97d-d965ccfc6d4b" outcome="Passed" testListId="8c84fa94-04c1-424b-9868-57a2d4851a1d" relativeResultsDirectory="296618a4-57b9-4dbf-b84c-c38feac3effd" />
    <UnitTestResult executionId="527359a7-b960-4ebd-a7ed-bb6645980a7f" testId="d158949d-d42b-cc3b-e915-118b27fc08de" testName="Skillaz.Tests.CompanySpecific.Perekrestok.PerekrestokRequestPriority_feature.Calculation_request_priority(supermarketType: &quot;Действующий супермаркет&quot;, requestVl: 100, employmentCandidateCount: 10, employmentFinishedCandidateCount: 0, interviewCandidateCount: 0, requestPriority: Low)" computerName="DESKTOP-F6SKA47" duration="00:00:13.4611577" startTime="2021-12-16T16:23:43.8069512+03:00" endTime="2021-12-16T16:23:43.8069538+03:00" testType="13cdc9d9-ddb5-4fa4-a97d-d965ccfc6d4b" outcome="Passed" testListId="8c84fa94-04c1-424b-9868-57a2d4851a1d" relativeResultsDirectory="527359a7-b960-4ebd-a7ed-bb6645980a7f">
      <Output>
        <StdOut>SCENARIO: Calculation request priority [supermarketType: "Действующий супермаркет"] [requestVl: "100"] [employmentCandidateCount: "10"] [employmentFinishedCandidateCount: "0"] [interviewCandidateCount: "0"] [requestPriority: "Low"]&#xD;
  STEP 1/6: GIVEN Given a company [companyId: "PerekrestokCompany"]...&#xD;
  STEP 1/6: GIVEN Given a company [companyId: "PerekrestokCompany"] (Passed after 97ms)&#xD;
  STEP 2/6: AND Given the authenticated user...&#xD;
  STEP 2/6: AND Given the authenticated user (Passed after 379ms)&#xD;
  STEP 3/6: AND Given org unit and request for status [requestState: "InWork"] [supermarketType: "Действующий супермаркет"] [requestVl: "100"]...&#xD;
  STEP 3/6: AND Given org unit and request for status [requestState: "InWork"] [supermarketType: "Действующий супермаркет"] [requestVl: "100"] (Passed after 341ms)&#xD;
  STEP 4/6: AND Given candidates according data and assigned to request [employmentCandidateCount: "10"] [employmentFinishedCandidateCount: "0"] [interviewCandidateCount: "0"]...&#xD;
  STEP 4/6: AND Given candidates according data and assigned to request [employmentCandidateCount: "10"] [employmentFinishedCandidateCount: "0"] [interviewCandidateCount: "0"] (Passed after 222ms)&#xD;
  STEP 5/6: WHEN When calculation priority...&#xD;
  STEP 5/6: WHEN When calculation priority (Passed after 7s 642ms)&#xD;
  STEP 6/6: THEN Then request priority equal [requestPriority: "Low"]...&#xD;
  STEP 6/6: THEN Then request priority equal [requestPriority: "Low"] (Passed after 6ms)&#xD;
  SCENARIO RESULT: Passed after 8s 732ms</StdOut>
      </Output>
    </UnitTestResult>
    <UnitTestResult executionId="eae624d5-33d2-4660-a95f-2a996a56e443" testId="f435aeed-ca7f-a615-ebbd-867b53997dd6" testName="Skillaz.Tests.Telephony.CallList_ExtendFilter_feature.CheckMixedFilterIncludeOrExcludeAnd" computerName="DESKTOP-F6SKA47" duration="00:00:04.1676630" startTime="2021-12-16T16:27:23.5007981+03:00" endTime="2021-12-16T16:27:23.5008016+03:00" testType="13cdc9d9-ddb5-4fa4-a97d-d965ccfc6d4b" outcome="Passed" testListId="8c84fa94-04c1-424b-9868-57a2d4851a1d" relativeResultsDirectory="eae624d5-33d2-4660-a95f-2a996a56e443">
      <Output>
        <StdOut>SCENARIO: CheckMixedFilterIncludeOrExcludeAnd&#xD;
  STEP 1/8: GIVEN Given a company...&#xD;
  STEP 1/8: GIVEN Given a company (Passed after 164ms)&#xD;
  STEP 2/8: AND Given the authenticated user...&#xD;
  STEP 2/8: AND Given the authenticated user (Passed after 413ms)&#xD;
  STEP 3/8: AND Given a vacancy...&#xD;
  STEP 3/8: AND Given a vacancy (Passed after 412ms)&#xD;
  STEP 4/8: AND Given a candidates...&#xD;
  STEP 4/8: AND Given a candidates (Passed after 352ms)&#xD;
  STEP 5/8: AND Given outgoing campaign...&#xD;
  STEP 5/8: AND Given outgoing campaign (Passed after 435ms)&#xD;
  STEP 6/8: WHEN CreateSimpleExtendFilter [include: "(Any, System.String[])"] [exclude: "(All, System.String[])"]...&#xD;
  STEP 6/8: WHEN CreateSimpleExtendFilter [include: "(Any, System.String[])"] [exclude: "(All, System.String[])"] (Passed after 438ms)&#xD;
  STEP 7/8: AND When candidates requested using advanced filter...&#xD;
  STEP 7/8: AND When candidates requested using advanced filter (Passed after 841ms)&#xD;
  STEP 8/8: THEN Then candidates count "3" correct...&#xD;
  STEP 8/8: THEN Then candidates count "3" correct (Passed after &lt;1ms)&#xD;
  SCENARIO RESULT: Passed after 3s 139ms</StdOut>
      </Output>
    </UnitTestResult>
    <UnitTestResult executionId="8b4d313c-40e4-49e8-967b-0d431abc007e" testId="f53d4cc0-6797-0aae-4cd5-6c0b0e0c1468" testName="Skillaz.Tests.Candidate.Agreement.AgreementService_feature.Scenario_for_agreement_controller_via_web" computerName="DESKTOP-F6SKA47" duration="00:00:07.5895200" startTime="2021-12-16T16:22:58.4337163+03:00" endTime="2021-12-16T16:22:58.4337232+03:00" testType="13cdc9d9-ddb5-4fa4-a97d-d965ccfc6d4b" outcome="Passed" testListId="8c84fa94-04c1-424b-9868-57a2d4851a1d" relativeResultsDirectory="8b4d313c-40e4-49e8-967b-0d431abc007e">
      <Output>
        <StdOut>SCENARIO: Scenario for agreement controller via web&#xD;
  STEP 1/5: GIVEN Given test data...&#xD;
  STEP 1/5: GIVEN Given test data (Passed after 2s 376ms)&#xD;
  STEP 2/5: AND Given candidate...&#xD;
  STEP 2/5: AND Given candidate (Passed after 9ms)&#xD;
  STEP 3/5: AND Given actionHubToken...&#xD;
  STEP 3/5: AND Given actionHubToken (Passed after 439ms)&#xD;
  STEP 4/5: WHEN When hadnled via web...&#xD;
  STEP 4/5: WHEN When hadnled via web (Passed after 1s 402ms)&#xD;
  STEP 5/5: THEN Then agreement exists...&#xD;
  STEP 5/5: THEN Then agreement exists (Passed after 823ms)&#xD;
  SCENARIO RESULT: Passed after 5s 081ms</StdOut>
      </Output>
    </UnitTestResult>
    <UnitTestResult executionId="397e7288-8bb4-4e47-bc0b-b115d04f04ff" testId="d82b29d6-a845-5b99-7d4c-77ec17dee196" testName="Skillaz.Tests.CompanySpecific.Mvideo.MvideoAvaliablePositionsRequestWithAdvancedSearch_feature.Check_avaliable_positions_request_with_advanced_search(staffCount: 8, employeesCount: 0, approvedCounts: [12, 7], expected: (0, 7))" computerName="DESKTOP-F6SKA47" duration="00:00:00.0010000" startTime="2021-12-16T16:29:48.0672780+03:00" endTime="2021-12-16T16:29:48.0672814+03:00" testType="13cdc9d9-ddb5-4fa4-a97d-d965ccfc6d4b" outcome="NotExecuted" testListId="8c84fa94-04c1-424b-9868-57a2d4851a1d" relativeResultsDirectory="397e7288-8bb4-4e47-bc0b-b115d04f04ff">
      <Output>
        <StdOut>Вернуть как только поправим высчитывание заявок на поиск в mvideo</StdOut>
      </Output>
    </UnitTestResult>
    <UnitTestResult executionId="b85b5dbd-2a11-42ba-aee8-af72b3bbea37" testId="e894d167-d134-2c41-e94c-e778d316b710" testName="Skillaz.Tests.Validators.ListSizeFieldValidator_feature.Should_show_overriden_list_bigger_error_message_when_validate" computerName="DESKTOP-F6SKA47" duration="00:00:00.0918818" startTime="2021-12-16T16:28:34.5142096+03:00" endTime="2021-12-16T16:28:34.5142124+03:00" testType="13cdc9d9-ddb5-4fa4-a97d-d965ccfc6d4b" outcome="Passed" testListId="8c84fa94-04c1-424b-9868-57a2d4851a1d" relativeResultsDirectory="b85b5dbd-2a11-42ba-aee8-af72b3bbea37">
      <Output>
        <StdOut>SCENARIO: Should show overriden list bigger error message when validate&#xD;
  STEP 1/6: GIVEN max size equals zero...&#xD;
  STEP 1/6: GIVEN max size equals zero (Passed after &lt;1ms)&#xD;
  STEP 2/6: AND ListSizeFieldValidator with overriden error messages...&#xD;
  STEP 2/6: AND ListSizeFieldValidator with overriden error messages (Passed after &lt;1ms)&#xD;
  STEP 3/6: AND document with valid string list field...&#xD;
  STEP 3/6: AND document with valid string list field (Passed after &lt;1ms)&#xD;
  STEP 4/6: Run validator...&#xD;
  STEP 4/6: Run validator (Passed after &lt;1ms)&#xD;
  STEP 5/6: Assert result is not valid...&#xD;
  STEP 5/6: Assert result is not valid (Passed after &lt;1ms)&#xD;
  STEP 6/6: Assert overriden list bigger error message in validation result...&#xD;
  STEP 6/6: Assert overriden list bigger error message in validation result (Passed after &lt;1ms)&#xD;
  SCENARIO RESULT: Passed after 59ms</StdOut>
      </Output>
    </UnitTestResult>
    <UnitTestResult executionId="acc99acc-8c09-47c0-8b7c-d55330259f20" testId="282b37b2-b623-92c5-6e9e-5061d06b8f7a" testName="Skillaz.Tests.Helpers.WorkingDaysHelperFeature.FindProductionDates(dateStrings: [&quot;2020-06-01&quot;, &quot;2020-06-02&quot;, &quot;2020-06-15&quot;, &quot;2020-06-16&quot;, &quot;2020-06-01&quot;, ...])" computerName="DESKTOP-F6SKA47" duration="00:00:00.0997547" startTime="2021-12-16T16:16:29.3984922+03:00" endTime="2021-12-16T16:16:29.3984927+03:00" testType="13cdc9d9-ddb5-4fa4-a97d-d965ccfc6d4b" outcome="Passed" testListId="8c84fa94-04c1-424b-9868-57a2d4851a1d" relativeResultsDirectory="acc99acc-8c09-47c0-8b7c-d55330259f20" />
    <UnitTestResult executionId="7a43a0df-3d65-4c81-87b6-a354a4fad541" testId="f3a2e136-cfad-9a52-2cff-ca29c3870f63" testName="Skillaz.Tests.Integrations.MicroFrontends.MicroFrontends_feature.MicroFrontendGlobalSigningValidation" computerName="DESKTOP-F6SKA47" duration="00:00:00.1814096" startTime="2021-12-16T16:26:12.0460827+03:00" endTime="2021-12-16T16:26:12.0460859+03:00" testType="13cdc9d9-ddb5-4fa4-a97d-d965ccfc6d4b" outcome="Passed" testListId="8c84fa94-04c1-424b-9868-57a2d4851a1d" relativeResultsDirectory="7a43a0df-3d65-4c81-87b6-a354a4fad541">
      <Output>
        <StdOut>SCENARIO: MicroFrontendGlobalSigningValidation&#xD;
  STEP 1/3: GIVEN two expiration dates with a difference of a few ms...&#xD;
  STEP 1/3: GIVEN two expiration dates with a difference of a few ms (Passed after 1ms)&#xD;
  STEP 2/3: WHEN global signing generation happened for both dates and same users...&#xD;
  STEP 2/3: WHEN global signing generation happened for both dates and same users (Passed after 173ms)&#xD;
  STEP 3/3: THEN signings should be the same...&#xD;
  STEP 3/3: THEN signings should be the same (Passed after &lt;1ms)&#xD;
  SCENARIO RESULT: Passed after 178ms</StdOut>
      </Output>
    </UnitTestResult>
    <UnitTestResult executionId="aa95f648-bdcd-4e31-94fd-910e322cc0e7" testId="c7785b27-cac0-ee54-f9ef-217e039e1a39" testName="Skillaz.Tests.CompanySpecific.Mvideo.MvideoAvaliablePositionsRequestWithAdvancedSearch_feature.Check_available_position_with_change_staff_and_employees_counts(initialCount: (12, 3), changeCount: (11, 3), requestCount: (0, 8), approvedCount: 9)" computerName="DESKTOP-F6SKA47" duration="00:00:00.0010000" startTime="2021-12-16T16:29:47.7085710+03:00" endTime="2021-12-16T16:29:47.7085850+03:00" testType="13cdc9d9-ddb5-4fa4-a97d-d965ccfc6d4b" outcome="NotExecuted" testListId="8c84fa94-04c1-424b-9868-57a2d4851a1d" relativeResultsDirectory="aa95f648-bdcd-4e31-94fd-910e322cc0e7">
      <Output>
        <StdOut>Вернуть как только поправим высчитывание заявок на поиск в mvideo</StdOut>
      </Output>
    </UnitTestResult>
    <UnitTestResult executionId="ac1b8c2e-9b56-4b08-933f-10c68b31c970" testId="39bbe88c-a5a1-69b6-0e18-a75bb02edd6c" testName="Skillaz.Tests.CompanySpecific.X5.Naumen.NaumenSlaTests.Sla_calculates_correctly_within_one_day(candidateTimeZone: 6, sla: 07:00:00, startDate: 2019-12-31T07:00:00.0000000Z, truth: [NaumenTimeRange { From = &quot;2019-12-31 10:00:00&quot;, To = &quot;2019-12-31 17:00:00&quot; }])" computerName="DESKTOP-F6SKA47" duration="00:00:00.0000897" startTime="2021-12-16T16:16:29.0085404+03:00" endTime="2021-12-16T16:16:29.0085410+03:00" testType="13cdc9d9-ddb5-4fa4-a97d-d965ccfc6d4b" outcome="Passed" testListId="8c84fa94-04c1-424b-9868-57a2d4851a1d" relativeResultsDirectory="ac1b8c2e-9b56-4b08-933f-10c68b31c970" />
    <UnitTestResult executionId="c13b714e-5808-4cfc-bb8c-62111a86467e" testId="2487a927-9554-27d5-8a7c-14356b5d0066" testName="Тип определения проверки - 'Последняя запущенная'" computerName="DESKTOP-F6SKA47" duration="00:00:33.5445632" startTime="2021-12-16T16:30:18.6216328+03:00" endTime="2021-12-16T16:30:18.6216428+03:00" testType="13cdc9d9-ddb5-4fa4-a97d-d965ccfc6d4b" outcome="Passed" testListId="8c84fa94-04c1-424b-9868-57a2d4851a1d" relativeResultsDirectory="c13b714e-5808-4cfc-bb8c-62111a86467e">
      <Output>
        <StdOut>SCENARIO: Check copy of last run&#xD;
  STEP 1/9: GIVEN a company...&#xD;
  STEP 1/9: GIVEN a company (Passed after 193ms)&#xD;
  STEP 2/9: AND a vacancy with funnel...&#xD;
  STEP 2/9: AND a vacancy with funnel (Passed after 129ms)&#xD;
  STEP 3/9: AND the authenticated user...&#xD;
  STEP 3/9: AND the authenticated user (Passed after 441ms)&#xD;
  STEP 4/9: AND a candidate...&#xD;
  STEP 4/9: AND a candidate (Passed after 22s 363ms)&#xD;
  STEP 5/9: AND check configurations...&#xD;
  STEP 5/9: AND check configurations (Passed after 8s 905ms)&#xD;
  STEP 6/9: WHEN first check started...&#xD;
  STEP 6/9: WHEN first check started (Passed after 527ms)&#xD;
  STEP 7/9: AND first check saved...&#xD;
  STEP 7/9: AND first check saved (Passed after 29ms)&#xD;
  STEP 8/9: AND second check started...&#xD;
  STEP 8/9: AND second check started (Passed after 355ms)&#xD;
  STEP 9/9: THEN field is copied...&#xD;
  STEP 9/9: THEN field is copied (Passed after 4ms)&#xD;
  SCENARIO RESULT: Passed after 32s 962ms</StdOut>
      </Output>
    </UnitTestResult>
    <UnitTestResult executionId="b0b949a9-4cfe-4e7c-8201-3fd716bda51c" testId="fdae22cf-361b-08cf-aa3d-f3a8ac4cb6ce" testName="Skillaz.Tests.BJ.BJReactions_feature.NegotiationId_saved_in_FirstSource" computerName="DESKTOP-F6SKA47" duration="00:00:13.3877191" startTime="2021-12-16T16:22:48.4365435+03:00" endTime="2021-12-16T16:22:48.4365456+03:00" testType="13cdc9d9-ddb5-4fa4-a97d-d965ccfc6d4b" outcome="Passed" testListId="8c84fa94-04c1-424b-9868-57a2d4851a1d" relativeResultsDirectory="b0b949a9-4cfe-4e7c-8201-3fd716bda51c">
      <Output>
        <StdOut>SCENARIO: NegotiationId saved in FirstSource&#xD;
  STEP 1/7: GIVEN a company...&#xD;
  STEP 1/7: GIVEN a company (Passed after 497ms)&#xD;
  STEP 2/7: AND the vacancy in the company...&#xD;
  STEP 2/7: AND the vacancy in the company (Passed after 282ms)&#xD;
  STEP 3/7: AND bj vacancy...&#xD;
  STEP 3/7: AND bj vacancy (Passed after 4s 339ms)&#xD;
  STEP 4/7: AND a candidate...&#xD;
  STEP 4/7: AND a candidate (Passed after 454ms)&#xD;
  STEP 5/7: AND bj api client...&#xD;
  STEP 5/7: AND bj api client (Passed after 287ms)&#xD;
  STEP 6/7: WHEN negotiations are loaded...&#xD;
  STEP 6/7: WHEN negotiations are loaded (Passed after 6s 668ms)&#xD;
  STEP 7/7: THEN candidate have NegotiationId in FirstSource...&#xD;
  STEP 7/7: THEN candidate have NegotiationId in FirstSource (Passed after 567ms)&#xD;
  SCENARIO RESULT: Passed after 13s 106ms</StdOut>
      </Output>
    </UnitTestResult>
    <UnitTestResult executionId="55bd5774-573e-4a5b-b89b-dc9962b68f6d" testId="695a69c9-264c-d1c5-2032-535ef4bf39f9" testName="Skillaz.Tests.CompanySpecific.X5.Naumen.NaumenSlaTests.Sla_calculates_correctly_for_split_days(candidateTimeZone: 5, sla: 03:00:00, startDate: 2019-12-31T13:30:00.0000000Z, truth: [NaumenTimeRange { From = &quot;2019-12-31 16:30:00&quot;, To = &quot;2019-12-31 18:00:00&quot; }, NaumenTimeRange { From = &quot;2020-01-01 07:00:00&quot;, To = &quot;2020-01-01 08:30:00&quot; }])" computerName="DESKTOP-F6SKA47" duration="00:00:00.0000812" startTime="2021-12-16T16:16:28.9915308+03:00" endTime="2021-12-16T16:16:28.9915375+03:00" testType="13cdc9d9-ddb5-4fa4-a97d-d965ccfc6d4b" outcome="Passed" testListId="8c84fa94-04c1-424b-9868-57a2d4851a1d" relativeResultsDirectory="55bd5774-573e-4a5b-b89b-dc9962b68f6d" />
    <UnitTestResult executionId="b364e893-256b-4d72-82b3-c8b7b4ae8002" testId="b07333b3-9164-5021-7076-4471e70d1dda" testName="Skillaz.Tests.BJ.BJApiClient_feature.BJ_API_client_fails_to_create_when_there_token_is_missing" computerName="DESKTOP-F6SKA47" duration="00:00:05.2728333" startTime="2021-12-16T16:27:43.7933704+03:00" endTime="2021-12-16T16:27:43.7933758+03:00" testType="13cdc9d9-ddb5-4fa4-a97d-d965ccfc6d4b" outcome="Passed" testListId="8c84fa94-04c1-424b-9868-57a2d4851a1d" relativeResultsDirectory="b364e893-256b-4d72-82b3-c8b7b4ae8002">
      <Output>
        <StdOut>SCENARIO: BJ API client fails to create when there token is missing&#xD;
  STEP 1/5: GIVEN a company...&#xD;
  STEP 1/5: GIVEN a company (Passed after 659ms)&#xD;
  STEP 2/5: AND the authenticated user...&#xD;
  STEP 2/5: AND the authenticated user (Passed after 1s 268ms)&#xD;
  STEP 3/5: AND not authorized or deactivated bj account...&#xD;
  STEP 3/5: AND not authorized or deactivated bj account (Passed after 708ms)&#xD;
  STEP 4/5: WHEN api client is requested...&#xD;
  STEP 4/5: WHEN api client is requested (Passed after 2s 183ms)&#xD;
  STEP 5/5: THEN api client fails to create with business exception...&#xD;
  STEP 5/5: THEN api client fails to create with business exception (Passed after 1ms)&#xD;
  SCENARIO RESULT: Passed after 4s 836ms</StdOut>
      </Output>
    </UnitTestResult>
    <UnitTestResult executionId="a094f2b6-e875-4610-ba04-0f78bf12a17d" testId="6c0b243c-4f36-bf2b-a87d-964283fca94d" testName="Skillaz.Tests.Candidate.Appointments.SetAppointmentOnStatusChange_feature.Change_candidate_status_and_create_new_appointment_from_enter_form" computerName="DESKTOP-F6SKA47" duration="00:00:24.1300946" startTime="2021-12-16T16:20:14.9462976+03:00" endTime="2021-12-16T16:20:14.9463006+03:00" testType="13cdc9d9-ddb5-4fa4-a97d-d965ccfc6d4b" outcome="Passed" testListId="8c84fa94-04c1-424b-9868-57a2d4851a1d" relativeResultsDirectory="a094f2b6-e875-4610-ba04-0f78bf12a17d">
      <Output>
        <StdOut>SCENARIO: Change candidate status and create new appointment from enter form&#xD;
  STEP 1/10: GIVEN a company...&#xD;
  STEP 1/10: GIVEN a company (Passed after 412ms)&#xD;
  STEP 2/10: AND the vacancy in the company...&#xD;
  STEP 2/10: AND the vacancy in the company (Passed after 458ms)&#xD;
  STEP 3/10: AND the authenticated user...&#xD;
  STEP 3/10: AND the authenticated user (Passed after 483ms)&#xD;
  STEP 4/10: AND a funnel...&#xD;
  STEP 4/10: AND a funnel (Passed after 88ms)&#xD;
  STEP 5/10: AND client configuration with check workflow and model...&#xD;
  STEP 5/10: AND client configuration with check workflow and model (Passed after 4s 165ms)&#xD;
  STEP 6/10: AND a candidate...&#xD;
  STEP 6/10: AND a candidate (Passed after 177ms)&#xD;
  STEP 7/10: AND interview time slot...&#xD;
  STEP 7/10: AND interview time slot (Passed after 106ms)&#xD;
  STEP 8/10: WHEN candidate status changed and appointment assigned...&#xD;
  STEP 8/10: WHEN candidate status changed and appointment assigned (Passed after 13s 312ms)&#xD;
  STEP 9/10: THEN candidate has appointment...&#xD;
  STEP 9/10: THEN candidate has appointment (Passed after 219ms)&#xD;
  STEP 10/10: AND time slot is occupied...&#xD;
  STEP 10/10: AND time slot is occupied (Passed after 459ms)&#xD;
  SCENARIO RESULT: Passed after 19s 914ms</StdOut>
      </Output>
    </UnitTestResult>
    <UnitTestResult executionId="22dd85d5-a120-4a85-9eb7-6f8479b7cb89" testId="9537baed-23f5-c2a3-6c3c-17538608574f" testName="Skillaz.Tests.Integrations.Nanosemantics.CandidateChangeStatusByChatBot_feature.ChatBot_switches_candidate_to_reject" computerName="DESKTOP-F6SKA47" duration="00:00:41.3159436" startTime="2021-12-16T16:23:46.9333942+03:00" endTime="2021-12-16T16:23:46.9334107+03:00" testType="13cdc9d9-ddb5-4fa4-a97d-d965ccfc6d4b" outcome="Passed" testListId="8c84fa94-04c1-424b-9868-57a2d4851a1d" relativeResultsDirectory="22dd85d5-a120-4a85-9eb7-6f8479b7cb89">
      <Output>
        <StdOut>SCENARIO: ChatBot switches candidate to reject&#xD;
  STEP 1/5: GIVEN vtb company...&#xD;
  STEP 1/5: GIVEN vtb company (Passed after 780ms)&#xD;
  STEP 2/5: AND the vacancy in the company...&#xD;
  STEP 2/5: AND the vacancy in the company (Passed after 1s 152ms)&#xD;
  STEP 3/5: AND vtb candidate for reject...&#xD;
  STEP 3/5: AND vtb candidate for reject (Passed after 1s 329ms)&#xD;
  STEP 4/5: WHEN chatbot sends reject request...&#xD;
  STEP 4/5: WHEN chatbot sends reject request (Passed after 36s 018ms)&#xD;
  STEP 5/5: THEN candidate in reject status...&#xD;
  STEP 5/5: THEN candidate in reject status (Passed after 117ms)&#xD;
  SCENARIO RESULT: Passed after 39s 403ms</StdOut>
      </Output>
    </UnitTestResult>
    <UnitTestResult executionId="a4b79d51-40a6-441e-8089-4a2b0c5bfd7e" testId="97f35db3-5f4a-85ed-1291-b40b432c5f8b" testName="Skillaz.Tests.Authorization.AuthLoginWorkflowService_CheckPrivacyPolicyOnLogin_feature.Do_login_user_with_accepted_policy_in_company_with_EnabledRequiredPolicyOfUsers" computerName="DESKTOP-F6SKA47" duration="00:00:06.4250256" startTime="2021-12-16T16:26:34.5720004+03:00" endTime="2021-12-16T16:26:34.5720029+03:00" testType="13cdc9d9-ddb5-4fa4-a97d-d965ccfc6d4b" outcome="Passed" testListId="8c84fa94-04c1-424b-9868-57a2d4851a1d" relativeResultsDirectory="a4b79d51-40a6-441e-8089-4a2b0c5bfd7e">
      <Output>
        <StdOut>SCENARIO: Do login user with accepted policy in company with EnabledRequiredPolicyOfUsers&#xD;
  STEP 1/6: GIVEN Given Company "Skillaz.Candidate.Contract.LegacyCompany.LegacyCompanyDocument"...&#xD;
  STEP 1/6: GIVEN Given Company "Skillaz.Candidate.Contract.LegacyCompany.LegacyCompanyDocument" (Passed after 780ms)&#xD;
  STEP 2/6: AND Given a user...&#xD;
  STEP 2/6: AND Given a user (Passed after 1s 295ms)&#xD;
  STEP 3/6: AND SetInUserPrivacyPolicyOfUsers [isAccepted: "True"] [AcceptedPolicyLink: "testPrivacy.pdf"]...&#xD;
  STEP 3/6: AND SetInUserPrivacyPolicyOfUsers [isAccepted: "True"] [AcceptedPolicyLink: "testPrivacy.pdf"] (Passed after 4ms)&#xD;
  STEP 4/6: WHEN When doing a login "v.pupkin" attempt [password: "strong_Asdasd123asdasd$Asdasd123asdasd$^1"]...&#xD;
  STEP 4/6: WHEN When doing a login "v.pupkin" attempt [password: "strong_Asdasd123asdasd$Asdasd123asdasd$^1"] (Passed after 2s 335ms)&#xD;
  STEP 5/6: THEN Then ensure that user was authenticated...&#xD;
  STEP 5/6: THEN Then ensure that user was authenticated (Passed after 74ms)&#xD;
  STEP 6/6: AND Then ensure that user have accepted AcceptPrivacyPolicyOfUsers...&#xD;
  STEP 6/6: AND Then ensure that user have accepted AcceptPrivacyPolicyOfUsers (Passed after 36ms)&#xD;
  SCENARIO RESULT: Passed after 4s 729ms</StdOut>
      </Output>
    </UnitTestResult>
    <UnitTestResult executionId="122cc81b-ac83-4f08-95cf-072374082efc" testId="019b787c-88b2-9680-3a7b-9251d2235f77" testName="Skillaz.Tests.CompanySpecific.X5.Naumen.NaumenSlaTests.Sla_calculates_correctly_for_next_day(candidateTimeZone: 12, sla: 02:00:00, startDate: 2020-01-01T01:00:00.0000000Z, truth: [NaumenTimeRange { From = &quot;2020-01-01 07:00:00&quot;, To = &quot;2020-01-01 09:00:00&quot; }])" computerName="DESKTOP-F6SKA47" duration="00:00:00.0000358" startTime="2021-12-16T16:16:29.3823591+03:00" endTime="2021-12-16T16:16:29.3823612+03:00" testType="13cdc9d9-ddb5-4fa4-a97d-d965ccfc6d4b" outcome="Passed" testListId="8c84fa94-04c1-424b-9868-57a2d4851a1d" relativeResultsDirectory="122cc81b-ac83-4f08-95cf-072374082efc" />
    <UnitTestResult executionId="d4b4a4e0-dfe8-4a77-ae4f-3fa9c40ce9ab" testId="b3bdca87-ed98-c0b8-ae9c-d5d379e73617" testName="Skillaz.Tests.CompanySpecific.Magnit.MagnitCandidateKPIRatingCreateTrigger_feature.KPI_candidate_rating_is_created" computerName="DESKTOP-F6SKA47" duration="00:00:12.2153354" startTime="2021-12-16T16:22:01.6775639+03:00" endTime="2021-12-16T16:22:01.6775784+03:00" testType="13cdc9d9-ddb5-4fa4-a97d-d965ccfc6d4b" outcome="Passed" testListId="8c84fa94-04c1-424b-9868-57a2d4851a1d" relativeResultsDirectory="d4b4a4e0-dfe8-4a77-ae4f-3fa9c40ce9ab">
      <Output>
        <StdOut>SCENARIO: KPI candidate rating is created&#xD;
  STEP 1/9: GIVEN a company [companyId: "magnit"]...&#xD;
  STEP 1/9: GIVEN a company [companyId: "magnit"] (Passed after 305ms)&#xD;
  STEP 2/9: AND the authenticated admin user...&#xD;
  STEP 2/9: AND the authenticated admin user (Passed after 761ms)&#xD;
  STEP 3/9: AND the vacancy in the company...&#xD;
  STEP 3/9: AND the vacancy in the company (Passed after 269ms)&#xD;
  STEP 4/9: AND a candidate...&#xD;
  STEP 4/9: AND a candidate (Passed after 377ms)&#xD;
  STEP 5/9: AND a candidate profile with KPI sign [companyId: "magnit"] [withKPI: "True"]...&#xD;
  STEP 5/9: AND a candidate profile with KPI sign [companyId: "magnit"] [withKPI: "True"] (Passed after 1s 308ms)&#xD;
  STEP 6/9: AND ratings...&#xD;
  STEP 6/9: AND ratings (Passed after 3s 521ms)&#xD;
  STEP 7/9: WHEN trigger executed...&#xD;
  STEP 7/9: WHEN trigger executed (Passed after 2s 501ms)&#xD;
  STEP 8/9: THEN candidate rating is created...&#xD;
  STEP 8/9: THEN candidate rating is created (Passed after 1s 924ms)&#xD;
  STEP 9/9: AND no exception is thrown...&#xD;
  STEP 9/9: AND no exception is thrown (Passed after &lt;1ms)&#xD;
  SCENARIO RESULT: Passed after 10s 993ms</StdOut>
      </Output>
    </UnitTestResult>
    <UnitTestResult executionId="e92ffec9-16f3-44ec-a646-6608f9c07118" testId="c98edb76-81cb-9bd6-658c-5c87dabc73d6" testName="Skillaz.Tests.ProcessingRole.CandidateProcessingRoleControllerCandidateProcessingRoleController_feature.GetHiddenProcessingRolesForAdmin" computerName="DESKTOP-F6SKA47" duration="00:00:02.9591162" startTime="2021-12-16T16:26:36.1545225+03:00" endTime="2021-12-16T16:26:36.1545245+03:00" testType="13cdc9d9-ddb5-4fa4-a97d-d965ccfc6d4b" outcome="Passed" testListId="8c84fa94-04c1-424b-9868-57a2d4851a1d" relativeResultsDirectory="e92ffec9-16f3-44ec-a646-6608f9c07118">
      <Output>
        <StdOut>SCENARIO: GetHiddenProcessingRolesForAdmin&#xD;
  STEP 1/8: GIVEN a company...&#xD;
  STEP 1/8: GIVEN a company (Passed after 159ms)&#xD;
  STEP 2/8: AND a client configuration...&#xD;
  STEP 2/8: AND a client configuration (Passed after 1ms)&#xD;
  STEP 3/8: AND the authenticated admin user...&#xD;
  STEP 3/8: AND the authenticated admin user (Passed after 637ms)&#xD;
  STEP 4/8: AND a funnel...&#xD;
  STEP 4/8: AND a funnel (Passed after 380ms)&#xD;
  STEP 5/8: AND a candidate...&#xD;
  STEP 5/8: AND a candidate (Passed after 361ms)&#xD;
  STEP 6/8: AND a non visible processing role...&#xD;
  STEP 6/8: AND a non visible processing role (Passed after 34ms)&#xD;
  STEP 7/8: WHEN GetProcessingRoles...&#xD;
  STEP 7/8: WHEN GetProcessingRoles (Passed after 666ms)&#xD;
  STEP 8/8: THEN ProcessingRoles list...&#xD;
  STEP 8/8: THEN ProcessingRoles list (Passed after 30ms)&#xD;
  SCENARIO RESULT: Passed after 2s 428ms</StdOut>
      </Output>
    </UnitTestResult>
    <UnitTestResult executionId="43b80005-35b1-46d4-b0ee-1dfbaf48f2b8" testId="39bbe88c-a5a1-69b6-0e18-a75bb02edd6c" testName="Skillaz.Tests.CompanySpecific.X5.Naumen.NaumenSlaTests.Sla_calculates_correctly_within_one_day(candidateTimeZone: 2, sla: 10:00:00, startDate: 2019-12-31T08:00:00.0000000Z, truth: [NaumenTimeRange { From = &quot;2019-12-31 11:00:00&quot;, To = &quot;2019-12-31 21:00:00&quot; }])" computerName="DESKTOP-F6SKA47" duration="00:00:00.0000349" startTime="2021-12-16T16:16:28.9003144+03:00" endTime="2021-12-16T16:16:28.9003175+03:00" testType="13cdc9d9-ddb5-4fa4-a97d-d965ccfc6d4b" outcome="Passed" testListId="8c84fa94-04c1-424b-9868-57a2d4851a1d" relativeResultsDirectory="43b80005-35b1-46d4-b0ee-1dfbaf48f2b8" />
    <UnitTestResult executionId="47b7d8e0-5856-46cf-a83c-7d4529b64ef0" testId="0bd7dc14-dbdd-446d-d84e-f92a3f6c885a" testName="Skillaz.Tests.BlackList.BlackList_feature.Candidates_double_imported_in_black_list" computerName="DESKTOP-F6SKA47" duration="00:00:21.4741840" startTime="2021-12-16T16:23:39.2605611+03:00" endTime="2021-12-16T16:23:39.2605624+03:00" testType="13cdc9d9-ddb5-4fa4-a97d-d965ccfc6d4b" outcome="Passed" testListId="8c84fa94-04c1-424b-9868-57a2d4851a1d" relativeResultsDirectory="47b7d8e0-5856-46cf-a83c-7d4529b64ef0">
      <Output>
        <StdOut>SCENARIO: Candidates double imported in black list&#xD;
  STEP 1/7: GIVEN a company [companyId: "pepsico"]...&#xD;
  STEP 1/7: GIVEN a company [companyId: "pepsico"] (Passed after 221ms)&#xD;
  STEP 2/7: AND the authenticated user...&#xD;
  STEP 2/7: AND the authenticated user (Passed after 412ms)&#xD;
  STEP 3/7: AND the upload rows...&#xD;
  STEP 3/7: AND the upload rows (Passed after &lt;1ms)&#xD;
  STEP 4/7: AND the prepare xlsx file...&#xD;
  STEP 4/7: AND the prepare xlsx file (Passed after 6s 367ms)&#xD;
  STEP 5/7: WHEN the black list imported...&#xD;
  STEP 5/7: WHEN the black list imported (Passed after 9s 365ms)&#xD;
  STEP 6/7: AND the black list imported...&#xD;
  STEP 6/7: AND the black list imported (Passed after 4s 172ms)&#xD;
  STEP 7/7: THEN candidates upsert [availableCount: "3"]...&#xD;
  STEP 7/7: THEN candidates upsert [availableCount: "3"] (Passed after 107ms)&#xD;
  SCENARIO RESULT: Passed after 20s 671ms</StdOut>
      </Output>
    </UnitTestResult>
    <UnitTestResult executionId="47c03af7-2708-4a97-9fcd-a93209ef13ca" testId="019b787c-88b2-9680-3a7b-9251d2235f77" testName="Skillaz.Tests.CompanySpecific.X5.Naumen.NaumenSlaTests.Sla_calculates_correctly_for_next_day(candidateTimeZone: 12, sla: 02:00:00, startDate: 2020-01-01T02:30:00.0000000Z, truth: [NaumenTimeRange { From = &quot;2020-01-01 07:00:00&quot;, To = &quot;2020-01-01 09:00:00&quot; }])" computerName="DESKTOP-F6SKA47" duration="00:00:00.0000526" startTime="2021-12-16T16:16:29.3825953+03:00" endTime="2021-12-16T16:16:29.3825962+03:00" testType="13cdc9d9-ddb5-4fa4-a97d-d965ccfc6d4b" outcome="Passed" testListId="8c84fa94-04c1-424b-9868-57a2d4851a1d" relativeResultsDirectory="47c03af7-2708-4a97-9fcd-a93209ef13ca" />
    <UnitTestResult executionId="823607bf-df66-440c-80e5-5baa6ce754de" testId="39bbe88c-a5a1-69b6-0e18-a75bb02edd6c" testName="Skillaz.Tests.CompanySpecific.X5.Naumen.NaumenSlaTests.Sla_calculates_correctly_within_one_day(candidateTimeZone: 3, sla: 02:00:00, startDate: 2019-12-31T15:00:00.0000000Z, truth: [NaumenTimeRange { From = &quot;2019-12-31 18:00:00&quot;, To = &quot;2019-12-31 20:00:00&quot; }])" computerName="DESKTOP-F6SKA47" duration="00:00:00.0000381" startTime="2021-12-16T16:16:28.9013276+03:00" endTime="2021-12-16T16:16:28.9013287+03:00" testType="13cdc9d9-ddb5-4fa4-a97d-d965ccfc6d4b" outcome="Passed" testListId="8c84fa94-04c1-424b-9868-57a2d4851a1d" relativeResultsDirectory="823607bf-df66-440c-80e5-5baa6ce754de" />
    <UnitTestResult executionId="e14bf893-d881-49cc-bdc3-cb051e10b057" testId="f25a24f7-8cfb-d107-c864-634db342f377" testName="Skillaz.Tests.Assessment.Interviews.QuizInterview_feature.Getting_temp_url_from_company_attachment" computerName="DESKTOP-F6SKA47" duration="00:00:29.8167367" startTime="2021-12-16T16:29:36.1918117+03:00" endTime="2021-12-16T16:29:36.1918142+03:00" testType="13cdc9d9-ddb5-4fa4-a97d-d965ccfc6d4b" outcome="Passed" testListId="8c84fa94-04c1-424b-9868-57a2d4851a1d" relativeResultsDirectory="e14bf893-d881-49cc-bdc3-cb051e10b057">
      <Output>
        <StdOut>SCENARIO: Getting temp url from company attachment&#xD;
  STEP 1/7: GIVEN a candidate in a vacancy in a company...&#xD;
  STEP 1/7: GIVEN a candidate in a vacancy in a company (Passed after 2s 006ms)&#xD;
  STEP 2/7: AND the authenticated user...&#xD;
  STEP 2/7: AND the authenticated user (Passed after 1s 391ms)&#xD;
  STEP 3/7: AND the upload file to company attachment...&#xD;
  STEP 3/7: AND the upload file to company attachment (Passed after 24s 556ms)&#xD;
  STEP 4/7: AND the interview...&#xD;
  STEP 4/7: AND the interview (Passed after 411ms)&#xD;
  STEP 5/7: WHEN a quiz interview is requested...&#xD;
  STEP 5/7: WHEN a quiz interview is requested (Passed after 1s 295ms)&#xD;
  STEP 6/7: THEN a quiz interview should be retrieved...&#xD;
  STEP 6/7: THEN a quiz interview should be retrieved (Passed after &lt;1ms)&#xD;
  STEP 7/7: AND a quiz interview temp url not empty from file attachment...&#xD;
  STEP 7/7: AND a quiz interview temp url not empty from file attachment (Passed after 7ms)&#xD;
  SCENARIO RESULT: Passed after 29s 682ms</StdOut>
      </Output>
    </UnitTestResult>
    <UnitTestResult executionId="97bf8f77-5f9a-4d0e-baa5-f5069ba87f65" testId="8e521eda-7e9d-ae46-75a3-116cc948ee51" testName="Skillaz.Tests.CompanySpecific.X5.X5OrgUnitsTypeProcessing_feature.Problem_category_is_fifteen_percent_of_full_oe_list_when_zero_employees_total" computerName="DESKTOP-F6SKA47" duration="00:00:00.0010000" startTime="2021-12-16T16:23:39.3255139+03:00" endTime="2021-12-16T16:23:39.3255262+03:00" testType="13cdc9d9-ddb5-4fa4-a97d-d965ccfc6d4b" outcome="NotExecuted" testListId="8c84fa94-04c1-424b-9868-57a2d4851a1d" relativeResultsDirectory="97bf8f77-5f9a-4d0e-baa5-f5069ba87f65">
      <Output>
        <StdOut>Restore test later</StdOut>
      </Output>
    </UnitTestResult>
    <UnitTestResult executionId="2338741b-2dfa-4145-9523-69accf125904" testId="39bbe88c-a5a1-69b6-0e18-a75bb02edd6c" testName="Skillaz.Tests.CompanySpecific.X5.Naumen.NaumenSlaTests.Sla_calculates_correctly_within_one_day(candidateTimeZone: 7, sla: 03:00:00, startDate: 2019-12-31T10:00:00.0000000Z, truth: [NaumenTimeRange { From = &quot;2019-12-31 13:00:00&quot;, To = &quot;2019-12-31 16:00:00&quot; }])" computerName="DESKTOP-F6SKA47" duration="00:00:00.0000511" startTime="2021-12-16T16:16:29.0120438+03:00" endTime="2021-12-16T16:16:29.0120447+03:00" testType="13cdc9d9-ddb5-4fa4-a97d-d965ccfc6d4b" outcome="Passed" testListId="8c84fa94-04c1-424b-9868-57a2d4851a1d" relativeResultsDirectory="2338741b-2dfa-4145-9523-69accf125904" />
    <UnitTestResult executionId="80aeb66b-6e49-400c-9289-746fa0930ce0" testId="6ba0059c-c782-0be0-ae59-1d333827844e" testName="Skillaz.Tests.BJ.BJApiClient_feature.BJ_API_client_fails_to_create_when_account_is_marked_as_deleted" computerName="DESKTOP-F6SKA47" duration="00:00:05.6776859" startTime="2021-12-16T16:27:44.1867784+03:00" endTime="2021-12-16T16:27:44.1867906+03:00" testType="13cdc9d9-ddb5-4fa4-a97d-d965ccfc6d4b" outcome="Passed" testListId="8c84fa94-04c1-424b-9868-57a2d4851a1d" relativeResultsDirectory="80aeb66b-6e49-400c-9289-746fa0930ce0">
      <Output>
        <StdOut>SCENARIO: BJ API client fails to create when account is marked as deleted&#xD;
  STEP 1/5: GIVEN a company...&#xD;
  STEP 1/5: GIVEN a company (Passed after 665ms)&#xD;
  STEP 2/5: AND the authenticated user...&#xD;
  STEP 2/5: AND the authenticated user (Passed after 1s 203ms)&#xD;
  STEP 3/5: AND bj account marked as deleted...&#xD;
  STEP 3/5: AND bj account marked as deleted (Passed after 627ms)&#xD;
  STEP 4/5: WHEN api client is requested...&#xD;
  STEP 4/5: WHEN api client is requested (Passed after 2s 411ms)&#xD;
  STEP 5/5: THEN api client fails to create with not found exception...&#xD;
  STEP 5/5: THEN api client fails to create with not found exception (Passed after 8ms)&#xD;
  SCENARIO RESULT: Passed after 4s 923ms</StdOut>
      </Output>
    </UnitTestResult>
    <UnitTestResult executionId="a8dc7af6-8bb5-4c96-a3e2-371f22498297" testId="efcdfc2c-a233-d129-5170-e6b7906ee10e" testName="Skillaz.Tests.Configurator.Prioritization.ConfiguratorPrioritizationRequest_feature.Prioritization_multi_conditions_with_rules_overlay" computerName="DESKTOP-F6SKA47" duration="00:00:04.9662248" startTime="2021-12-16T16:27:27.5336148+03:00" endTime="2021-12-16T16:27:27.5336151+03:00" testType="13cdc9d9-ddb5-4fa4-a97d-d965ccfc6d4b" outcome="Passed" testListId="8c84fa94-04c1-424b-9868-57a2d4851a1d" relativeResultsDirectory="a8dc7af6-8bb5-4c96-a3e2-371f22498297">
      <Output>
        <StdOut>SCENARIO: Prioritization multi conditions with rules overlay&#xD;
  STEP 1/9: GIVEN a company...&#xD;
  STEP 1/9: GIVEN a company (Passed after 68ms)&#xD;
  STEP 2/9: AND the authenticated user...&#xD;
  STEP 2/9: AND the authenticated user (Passed after 296ms)&#xD;
  STEP 3/9: AND the candidates...&#xD;
  STEP 3/9: AND the candidates (Passed after 189ms)&#xD;
  STEP 4/9: AND the multi conditions prioritization with rules overlay...&#xD;
  STEP 4/9: AND the multi conditions prioritization with rules overlay (Passed after 1ms)&#xD;
  STEP 5/9: AND the configuration...&#xD;
  STEP 5/9: AND the configuration (Passed after 204ms)&#xD;
  STEP 6/9: AND the requests for single and multi rules...&#xD;
  STEP 6/9: AND the requests for single and multi rules (Passed after 294ms)&#xD;
  STEP 7/9: WHEN job prioritization...&#xD;
  STEP 7/9: WHEN job prioritization (Passed after 1s 585ms)&#xD;
  STEP 8/9: THEN check requests priority with overlay...&#xD;
  STEP 8/9: THEN check requests priority with overlay (Passed after 291ms)&#xD;
  STEP 9/9: AND request with priority color by filter...&#xD;
  STEP 9/9: AND request with priority color by filter (Passed after 484ms)&#xD;
  SCENARIO RESULT: Passed after 3s 464ms</StdOut>
      </Output>
    </UnitTestResult>
    <UnitTestResult executionId="3011b1db-ede4-41a7-bfe6-a01fffb2265d" testId="92467cf7-216c-ed40-e7d5-8b8f12ec850b" testName="Skillaz.Tests.DocumentModels.FieldValueComparerTests.BsonDocumentComparison" computerName="DESKTOP-F6SKA47" duration="00:00:00.0284771" startTime="2021-12-16T16:16:29.7852383+03:00" endTime="2021-12-16T16:16:29.7852430+03:00" testType="13cdc9d9-ddb5-4fa4-a97d-d965ccfc6d4b" outcome="Passed" testListId="8c84fa94-04c1-424b-9868-57a2d4851a1d" relativeResultsDirectory="3011b1db-ede4-41a7-bfe6-a01fffb2265d" />
    <UnitTestResult executionId="434d9c34-86f7-49ef-b1af-9d978b604ad9" testId="6c4b0163-9bc9-56b5-6ffb-724152b0a509" testName="Skillaz.Tests.CompanySpecific.GazpromNeft.SwitchRequestToClosedOnCandidateHire_feature.Getting_a_result_of_filter_building" computerName="DESKTOP-F6SKA47" duration="00:00:50.8633297" startTime="2021-12-16T16:18:58.2708306+03:00" endTime="2021-12-16T16:18:58.2708375+03:00" testType="13cdc9d9-ddb5-4fa4-a97d-d965ccfc6d4b" outcome="Passed" testListId="8c84fa94-04c1-424b-9868-57a2d4851a1d" relativeResultsDirectory="434d9c34-86f7-49ef-b1af-9d978b604ad9">
      <Output>
        <StdOut>SCENARIO: Getting a result of filter building&#xD;
  STEP 1/8: GIVEN a company...&#xD;
  STEP 1/8: GIVEN a company (Passed after 88ms)&#xD;
  STEP 2/8: AND the authenticated user...&#xD;
  STEP 2/8: AND the authenticated user (Passed after 415ms)&#xD;
  STEP 3/8: AND the vacancy in the company gpn...&#xD;
  STEP 3/8: AND the vacancy in the company gpn (Passed after 244ms)&#xD;
  STEP 4/8: AND the request in the company...&#xD;
  STEP 4/8: AND the request in the company (Passed after 202ms)&#xD;
  STEP 5/8: AND the candidate in the company and vacancy...&#xD;
  STEP 5/8: AND the candidate in the company and vacancy (Passed after 172ms)&#xD;
  STEP 6/8: AND the document model...&#xD;
  STEP 6/8: AND the document model (Passed after 6ms)&#xD;
  STEP 7/8: WHEN set candidate statuses hired...&#xD;
  STEP 7/8: WHEN set candidate statuses hired (Passed after 48s 113ms)&#xD;
  STEP 8/8: THEN request status closed...&#xD;
  STEP 8/8: THEN request status closed (Passed after 117ms)&#xD;
  SCENARIO RESULT: Passed after 49s 368ms</StdOut>
      </Output>
    </UnitTestResult>
    <UnitTestResult executionId="02a5f2d5-f164-4dd4-a4d1-913d33861841" testId="39bbe88c-a5a1-69b6-0e18-a75bb02edd6c" testName="Skillaz.Tests.CompanySpecific.X5.Naumen.NaumenSlaTests.Sla_calculates_correctly_within_one_day(candidateTimeZone: 4, sla: 02:00:00, startDate: 2019-12-31T14:00:00.0000000Z, truth: [NaumenTimeRange { From = &quot;2019-12-31 17:00:00&quot;, To = &quot;2019-12-31 19:00:00&quot; }])" computerName="DESKTOP-F6SKA47" duration="00:00:00.0000764" startTime="2021-12-16T16:16:28.9076712+03:00" endTime="2021-12-16T16:16:28.9076747+03:00" testType="13cdc9d9-ddb5-4fa4-a97d-d965ccfc6d4b" outcome="Passed" testListId="8c84fa94-04c1-424b-9868-57a2d4851a1d" relativeResultsDirectory="02a5f2d5-f164-4dd4-a4d1-913d33861841" />
    <UnitTestResult executionId="77f436c8-e63a-4c2b-b54d-f945a8197653" testId="019b787c-88b2-9680-3a7b-9251d2235f77" testName="Skillaz.Tests.CompanySpecific.X5.Naumen.NaumenSlaTests.Sla_calculates_correctly_for_next_day(candidateTimeZone: 5, sla: 02:00:00, startDate: 2020-01-01T02:30:00.0000000Z, truth: [NaumenTimeRange { From = &quot;2020-01-01 07:00:00&quot;, To = &quot;2020-01-01 09:00:00&quot; }])" computerName="DESKTOP-F6SKA47" duration="00:00:00.0000925" startTime="2021-12-16T16:16:29.1147340+03:00" endTime="2021-12-16T16:16:29.1147344+03:00" testType="13cdc9d9-ddb5-4fa4-a97d-d965ccfc6d4b" outcome="Passed" testListId="8c84fa94-04c1-424b-9868-57a2d4851a1d" relativeResultsDirectory="77f436c8-e63a-4c2b-b54d-f945a8197653" />
    <UnitTestResult executionId="a5eac802-f35d-4ced-8b84-9d3d8e8b60ed" testId="267f8d2f-9d7d-b9e7-1688-1f58aa68e10a" testName="Skillaz.Tests.Assessment.Interviews.VideoInterview_thread_feature.Switching_a_video_interview_step" computerName="DESKTOP-F6SKA47" duration="00:00:08.8440036" startTime="2021-12-16T16:24:31.0356384+03:00" endTime="2021-12-16T16:24:31.0356403+03:00" testType="13cdc9d9-ddb5-4fa4-a97d-d965ccfc6d4b" outcome="Passed" testListId="8c84fa94-04c1-424b-9868-57a2d4851a1d" relativeResultsDirectory="a5eac802-f35d-4ced-8b84-9d3d8e8b60ed">
      <Output>
        <StdOut>SCENARIO: Switching a video interview step&#xD;
  STEP 1/4: GIVEN a candidate in a vacancy in a company...&#xD;
  STEP 1/4: GIVEN a candidate in a vacancy in a company (Passed after 2s 536ms)&#xD;
  STEP 2/4: AND the interview...&#xD;
  STEP 2/4: AND the interview (Passed after 1s 805ms)&#xD;
  STEP 3/4: WHEN a video interview step is switched...&#xD;
  STEP 3/4: WHEN a video interview step is switched (Passed after 4s 213ms)&#xD;
  STEP 4/4: AND CallPublishAsyncCount Zero...&#xD;
  STEP 4/4: AND CallPublishAsyncCount Zero (Passed after 160ms)&#xD;
  SCENARIO RESULT: Passed after 8s 719ms</StdOut>
      </Output>
    </UnitTestResult>
    <UnitTestResult executionId="88b914d2-8d57-4dcf-8977-b56db142d820" testId="3223c49a-92b3-2eda-10bf-966dc7dedc0a" testName="Skillaz.Tests.Candidate.RoleRestrictionChangingCandidateStatus_feature.User_without_restrictions_cant_change_status" computerName="DESKTOP-F6SKA47" duration="00:00:04.8781711" startTime="2021-12-16T16:19:16.9195453+03:00" endTime="2021-12-16T16:19:16.9195487+03:00" testType="13cdc9d9-ddb5-4fa4-a97d-d965ccfc6d4b" outcome="Passed" testListId="8c84fa94-04c1-424b-9868-57a2d4851a1d" relativeResultsDirectory="88b914d2-8d57-4dcf-8977-b56db142d820">
      <Output>
        <StdOut>SCENARIO: User without restrictions cant change status&#xD;
  STEP 1/8: GIVEN a company [companyId: "testCompany"]...&#xD;
  STEP 1/8: GIVEN a company [companyId: "testCompany"] (Passed after 859ms)&#xD;
  STEP 2/8: AND the authenticated user...&#xD;
  STEP 2/8: AND the authenticated user (Passed after 756ms)&#xD;
  STEP 3/8: AND user restrictions...&#xD;
  STEP 3/8: AND user restrictions (Passed after &lt;1ms)&#xD;
  STEP 4/8: AND a vacancy...&#xD;
  STEP 4/8: AND a vacancy (Passed after 377ms)&#xD;
  STEP 5/8: AND a candidate...&#xD;
  STEP 5/8: AND a candidate (Passed after 593ms)&#xD;
  STEP 6/8: AND MassCandidatesStatusDto without restrict user status...&#xD;
  STEP 6/8: AND MassCandidatesStatusDto without restrict user status (Passed after &lt;1ms)&#xD;
  STEP 7/8: WHEN status change...&#xD;
  STEP 7/8: WHEN status change (Passed after 1s 772ms)&#xD;
  STEP 8/8: THEN you cant change candidate status forced...&#xD;
  STEP 8/8: THEN you cant change candidate status forced (Passed after 1ms)&#xD;
  SCENARIO RESULT: Passed after 4s 395ms</StdOut>
      </Output>
    </UnitTestResult>
    <UnitTestResult executionId="d837eeb7-6af5-47d6-878a-a89e9b911696" testId="f727b248-9add-f920-b0ce-770364245e70" testName="Skillaz.Tests.Candidate.Elastic.CandidateElasticMultiselectFiltration_feature.MultiLineFilterCheck(filter: (Skillaz.Candidate.Contract.CandidateSearchFilter, Skillaz.Candidate.Contract.CandidateSearchFilterCommon), result: (2, salary to 71000))" computerName="DESKTOP-F6SKA47" duration="00:00:00.0010000" startTime="2021-12-16T16:26:49.7747967+03:00" endTime="2021-12-16T16:26:49.7747996+03:00" testType="13cdc9d9-ddb5-4fa4-a97d-d965ccfc6d4b" outcome="NotExecuted" testListId="8c84fa94-04c1-424b-9868-57a2d4851a1d" relativeResultsDirectory="d837eeb7-6af5-47d6-878a-a89e9b911696">
      <Output>
        <StdOut>You need Elasticsearch 7.5 local instance on 9200 port</StdOut>
      </Output>
    </UnitTestResult>
    <UnitTestResult executionId="7af56014-d799-44dd-99bd-e32e533de232" testId="b0be79be-fddb-09a3-e92a-5891372b2f8b" testName="Skillaz.Tests.Candidate.Appointments.SetAppointmentOnStatusChange_feature.Change_candidate_status_and_create_new_appointment_from_enter_form_with_existing_self_entry_time_slot" computerName="DESKTOP-F6SKA47" duration="00:00:32.1571060" startTime="2021-12-16T16:20:16.3008323+03:00" endTime="2021-12-16T16:20:16.3008340+03:00" testType="13cdc9d9-ddb5-4fa4-a97d-d965ccfc6d4b" outcome="Passed" testListId="8c84fa94-04c1-424b-9868-57a2d4851a1d" relativeResultsDirectory="7af56014-d799-44dd-99bd-e32e533de232">
      <Output>
        <StdOut>SCENARIO: Change candidate status and create new appointment from enter form with existing self entry time slot&#xD;
  STEP 1/13: GIVEN a company...&#xD;
  STEP 1/13: GIVEN a company (Passed after 734ms)&#xD;
  STEP 2/13: AND the vacancy in the company...&#xD;
  STEP 2/13: AND the vacancy in the company (Passed after 743ms)&#xD;
  STEP 3/13: AND the authenticated user...&#xD;
  STEP 3/13: AND the authenticated user (Passed after 680ms)&#xD;
  STEP 4/13: AND a funnel...&#xD;
  STEP 4/13: AND a funnel (Passed after 275ms)&#xD;
  STEP 5/13: AND client configuration with check workflow and model...&#xD;
  STEP 5/13: AND client configuration with check workflow and model (Passed after 3s 546ms)&#xD;
  STEP 6/13: AND a candidate...&#xD;
  STEP 6/13: AND a candidate (Passed after 150ms)&#xD;
  STEP 7/13: AND self entry occupied time slot [candidateId: "61bb3cf67f10d6937478adc3"]...&#xD;
  STEP 7/13: AND self entry occupied time slot [candidateId: "61bb3cf67f10d6937478adc3"] (Passed after 233ms)&#xD;
  STEP 8/13: AND the interview and timeslot period [candidate: "Skillaz.Candidate.Contract.Documents.Candidate.CandidateDocument"] [timeSlotId: "61bb3cf67f10d6937478add4"]...&#xD;
  STEP 8/13: AND the interview and timeslot period [candidate: "Skillaz.Candidate.Contract.Documents.Candidate.CandidateDocument"] [timeSlotId: "61bb3cf67f10d6937478add4"] (Passed after 315ms)&#xD;
  STEP 9/13: AND interview time slot...&#xD;
  STEP 9/13: AND interview time slot (Passed after 6ms)&#xD;
  STEP 10/13: WHEN candidate status changed and appointment assigned...&#xD;
  STEP 10/13: WHEN candidate status changed and appointment assigned (Passed after 20s 601ms)&#xD;
  STEP 11/13: THEN candidate has appointment...&#xD;
  STEP 11/13: THEN candidate has appointment (Passed after 13ms)&#xD;
  STEP 12/13: AND time slot is occupied...&#xD;
  STEP 12/13: AND time slot is occupied (Passed after 5ms)&#xD;
  STEP 13/13: AND self entry time slot is released [candidateId: "61bb3cf67f10d6937478adc3"]...&#xD;
  STEP 13/13: AND self entry time slot is released [candidateId: "61bb3cf67f10d6937478adc3"] (Passed after 9ms)&#xD;
  SCENARIO RESULT: Passed after 27s 455ms</StdOut>
      </Output>
    </UnitTestResult>
    <UnitTestResult executionId="d70dad14-ee0e-4880-b029-2bf2cb9e5f98" testId="695a69c9-264c-d1c5-2032-535ef4bf39f9" testName="Skillaz.Tests.CompanySpecific.X5.Naumen.NaumenSlaTests.Sla_calculates_correctly_for_split_days(candidateTimeZone: 2, sla: 06:00:00, startDate: 2019-12-31T15:00:00.0000000Z, truth: [NaumenTimeRange { From = &quot;2019-12-31 18:00:00&quot;, To = &quot;2019-12-31 21:00:00&quot; }, NaumenTimeRange { From = &quot;2020-01-01 10:00:00&quot;, To = &quot;2020-01-01 13:00:00&quot; }])" computerName="DESKTOP-F6SKA47" duration="00:00:00.0000589" startTime="2021-12-16T16:16:28.9186541+03:00" endTime="2021-12-16T16:16:28.9186560+03:00" testType="13cdc9d9-ddb5-4fa4-a97d-d965ccfc6d4b" outcome="Passed" testListId="8c84fa94-04c1-424b-9868-57a2d4851a1d" relativeResultsDirectory="d70dad14-ee0e-4880-b029-2bf2cb9e5f98" />
    <UnitTestResult executionId="5b4cafb8-07ec-4687-a1d1-b1b5765a8d9c" testId="4c18affd-5000-7ddd-dc31-57470c1b7f99" testName="Skillaz.Tests.Validators.RegexPatternValidator_feature.Should_return_invalid_result_for_invalid_pattern" computerName="DESKTOP-F6SKA47" duration="00:00:00.1665310" startTime="2021-12-16T16:26:19.9735434+03:00" endTime="2021-12-16T16:26:19.9735456+03:00" testType="13cdc9d9-ddb5-4fa4-a97d-d965ccfc6d4b" outcome="Passed" testListId="8c84fa94-04c1-424b-9868-57a2d4851a1d" relativeResultsDirectory="5b4cafb8-07ec-4687-a1d1-b1b5765a8d9c">
      <Output>
        <StdOut>SCENARIO: Should return invalid result for invalid pattern&#xD;
  STEP 1/4: GIVEN RegexPatternFieldValidator with default error message...&#xD;
  STEP 1/4: GIVEN RegexPatternFieldValidator with default error message (Passed after &lt;1ms)&#xD;
  STEP 2/4: AND document with invalid regex field...&#xD;
  STEP 2/4: AND document with invalid regex field (Passed after &lt;1ms)&#xD;
  STEP 3/4: Run validator...&#xD;
  STEP 3/4: Run validator (Passed after 88ms)&#xD;
  STEP 4/4: Assert regex pattern validator with invalid pattern returns not valid result...&#xD;
  STEP 4/4: Assert regex pattern validator with invalid pattern returns not valid result (Passed after &lt;1ms)&#xD;
  SCENARIO RESULT: Passed after 91ms</StdOut>
      </Output>
    </UnitTestResult>
    <UnitTestResult executionId="7bdb3353-afe5-43ff-867c-4db2ebda6beb" testId="39bbe88c-a5a1-69b6-0e18-a75bb02edd6c" testName="Skillaz.Tests.CompanySpecific.X5.Naumen.NaumenSlaTests.Sla_calculates_correctly_within_one_day(candidateTimeZone: 5, sla: 04:00:00, startDate: 2019-12-31T11:00:00.0000000Z, truth: [NaumenTimeRange { From = &quot;2019-12-31 14:00:00&quot;, To = &quot;2019-12-31 18:00:00&quot; }])" computerName="DESKTOP-F6SKA47" duration="00:00:00.0000321" startTime="2021-12-16T16:16:28.9125237+03:00" endTime="2021-12-16T16:16:28.9130729+03:00" testType="13cdc9d9-ddb5-4fa4-a97d-d965ccfc6d4b" outcome="Passed" testListId="8c84fa94-04c1-424b-9868-57a2d4851a1d" relativeResultsDirectory="7bdb3353-afe5-43ff-867c-4db2ebda6beb" />
    <UnitTestResult executionId="6b746495-30d7-4263-9bf1-88e2433b1323" testId="653f8ab8-44c4-677b-d828-006ba78a3d70" testName="Skillaz.Tests.Configurator.SecurityProfile.ConfiguratorSecurityProfileCandidate_feature.Candidate_is_available_by_vacancy_AND_request_rule" computerName="DESKTOP-F6SKA47" duration="00:00:15.0287561" startTime="2021-12-16T16:27:42.0445467+03:00" endTime="2021-12-16T16:27:42.0445544+03:00" testType="13cdc9d9-ddb5-4fa4-a97d-d965ccfc6d4b" outcome="Passed" testListId="8c84fa94-04c1-424b-9868-57a2d4851a1d" relativeResultsDirectory="6b746495-30d7-4263-9bf1-88e2433b1323">
      <Output>
        <StdOut>SCENARIO: Candidate is available by vacancy AND request rule&#xD;
  STEP 1/9: GIVEN a company...&#xD;
  STEP 1/9: GIVEN a company (Passed after 485ms)&#xD;
  STEP 2/9: AND the user with security profile [securityProfile: "SecurityProfile"]...&#xD;
  STEP 2/9: AND the user with security profile [securityProfile: "SecurityProfile"] (Passed after 434ms)&#xD;
  STEP 3/9: AND the vacancy config...&#xD;
  STEP 3/9: AND the vacancy config (Passed after 305ms)&#xD;
  STEP 4/9: AND the hire request config [hireRequestType: "HireRequest.HireRequest"]...&#xD;
  STEP 4/9: AND the hire request config [hireRequestType: "HireRequest.HireRequest"] (Passed after &lt;1ms)&#xD;
  STEP 5/9: AND security profile cfg vacancy AND request...&#xD;
  STEP 5/9: AND security profile cfg vacancy AND request (Passed after 524ms)&#xD;
  STEP 6/9: AND the vacancies...&#xD;
  STEP 6/9: AND the vacancies (Passed after 687ms)&#xD;
  STEP 7/9: AND the candidates with vacancies AND requests...&#xD;
  STEP 7/9: AND the candidates with vacancies AND requests (Passed after 1s 476ms)&#xD;
  STEP 8/9: WHEN filter candidates...&#xD;
  STEP 8/9: WHEN filter candidates (Passed after 7s 394ms)&#xD;
  STEP 9/9: THEN candidate visibility check...&#xD;
  STEP 9/9: THEN candidate visibility check (Passed after &lt;1ms)&#xD;
  SCENARIO RESULT: Passed after 11s 526ms</StdOut>
      </Output>
    </UnitTestResult>
    <UnitTestResult executionId="72e8441c-7566-4112-bb7f-a74db623079b" testId="d967ea0f-1dc4-274d-f906-2cc92b35abf3" testName="Skillaz.Tests.Candidate.Elastic.CandidateElasticFiltration_feature.Retrieving_a_candidate_by_nonexistent_check_statuses" computerName="DESKTOP-F6SKA47" duration="00:00:00.0010000" startTime="2021-12-16T16:24:39.9771241+03:00" endTime="2021-12-16T16:24:39.9771257+03:00" testType="13cdc9d9-ddb5-4fa4-a97d-d965ccfc6d4b" outcome="NotExecuted" testListId="8c84fa94-04c1-424b-9868-57a2d4851a1d" relativeResultsDirectory="72e8441c-7566-4112-bb7f-a74db623079b">
      <Output>
        <StdOut>You need Elasticsearch 7.5 local instance on 9200 port</StdOut>
      </Output>
    </UnitTestResult>
    <UnitTestResult executionId="1a8a16f0-f28a-4c3a-bf93-510951e13daf" testId="019b787c-88b2-9680-3a7b-9251d2235f77" testName="Skillaz.Tests.CompanySpecific.X5.Naumen.NaumenSlaTests.Sla_calculates_correctly_for_next_day(candidateTimeZone: 7, sla: 02:00:00, startDate: 2019-12-31T20:30:00.0000000Z, truth: [NaumenTimeRange { From = &quot;2020-01-01 07:00:00&quot;, To = &quot;2020-01-01 09:00:00&quot; }])" computerName="DESKTOP-F6SKA47" duration="00:00:00.0000313" startTime="2021-12-16T16:16:29.2855393+03:00" endTime="2021-12-16T16:16:29.2855398+03:00" testType="13cdc9d9-ddb5-4fa4-a97d-d965ccfc6d4b" outcome="Passed" testListId="8c84fa94-04c1-424b-9868-57a2d4851a1d" relativeResultsDirectory="1a8a16f0-f28a-4c3a-bf93-510951e13daf" />
    <UnitTestResult executionId="91bd0c84-77ce-46e4-a212-7cdc8fdecfec" testId="3418e263-aee9-5a3d-84d4-12314f114c1d" testName="Skillaz.Tests.Configurator.Validation.TaskTracker.Проверить_отсутствие_одинаковых_id" computerName="DESKTOP-F6SKA47" duration="00:00:17.5092232" startTime="2021-12-16T16:22:14.2820320+03:00" endTime="2021-12-16T16:22:14.2820340+03:00" testType="13cdc9d9-ddb5-4fa4-a97d-d965ccfc6d4b" outcome="Passed" testListId="8c84fa94-04c1-424b-9868-57a2d4851a1d" relativeResultsDirectory="91bd0c84-77ce-46e4-a212-7cdc8fdecfec">
      <Output>
        <StdOut>SCENARIO: Проверить отсутствие одинаковых id&#xD;
  STEP 1/5: GIVEN a company...&#xD;
  STEP 1/5: GIVEN a company (Passed after 583ms)&#xD;
  STEP 2/5: AND the authenticated admin user...&#xD;
  STEP 2/5: AND the authenticated admin user (Passed after 637ms)&#xD;
  STEP 3/5: Выдать пользователю нужные права...&#xD;
  STEP 3/5: Выдать пользователю нужные права (Passed after 13ms)&#xD;
  STEP 4/5: Загрузить таск трекер...&#xD;
  STEP 4/5: Загрузить таск трекер (Passed after 361ms)&#xD;
  STEP 5/5: Проверить предупреждения для таск трекера...&#xD;
  STEP 5/5: Проверить предупреждения для таск трекера (Passed after 14s 909ms)&#xD;
  SCENARIO RESULT: Passed after 16s 516ms</StdOut>
      </Output>
    </UnitTestResult>
    <UnitTestResult executionId="4cf393ad-0c13-4e6d-a84c-7e7e941e0f7d" testId="019b787c-88b2-9680-3a7b-9251d2235f77" testName="Skillaz.Tests.CompanySpecific.X5.Naumen.NaumenSlaTests.Sla_calculates_correctly_for_next_day(candidateTimeZone: 8, sla: 02:00:00, startDate: 2019-12-31T21:30:00.0000000Z, truth: [NaumenTimeRange { From = &quot;2020-01-01 07:00:00&quot;, To = &quot;2020-01-01 09:00:00&quot; }])" computerName="DESKTOP-F6SKA47" duration="00:00:00.0000340" startTime="2021-12-16T16:16:29.3020512+03:00" endTime="2021-12-16T16:16:29.3020517+03:00" testType="13cdc9d9-ddb5-4fa4-a97d-d965ccfc6d4b" outcome="Passed" testListId="8c84fa94-04c1-424b-9868-57a2d4851a1d" relativeResultsDirectory="4cf393ad-0c13-4e6d-a84c-7e7e941e0f7d" />
    <UnitTestResult executionId="2614d9de-191f-4f07-8bdd-4268af41a362" testId="53de3141-631b-a2c2-6495-d11f610b420c" testName="Для 1 и 2 числа перенос на 16 этого месяца, для 15 и 16 перенос на 2 следующего месяца(dateStrings: [&quot;2020-12-01&quot;, &quot;2020-12-02&quot;, &quot;2020-12-16&quot;])" computerName="DESKTOP-F6SKA47" duration="00:00:00.0000578" startTime="2021-12-16T16:16:29.5481631+03:00" endTime="2021-12-16T16:16:29.5481893+03:00" testType="13cdc9d9-ddb5-4fa4-a97d-d965ccfc6d4b" outcome="Passed" testListId="8c84fa94-04c1-424b-9868-57a2d4851a1d" relativeResultsDirectory="2614d9de-191f-4f07-8bdd-4268af41a362" />
    <UnitTestResult executionId="77eb2079-d2f5-4602-bd90-93de4b34af3b" testId="05ccfd5b-b3a6-770c-5a80-08c83dfcbf56" testName="Skillaz.Tests.Candidate.Elastic.CandidateElasticFiltration_feature.Retrieving_a_candidate_by_nonexistent_search_id" computerName="DESKTOP-F6SKA47" duration="00:00:00.0010000" startTime="2021-12-16T16:24:39.8836046+03:00" endTime="2021-12-16T16:24:39.8836057+03:00" testType="13cdc9d9-ddb5-4fa4-a97d-d965ccfc6d4b" outcome="NotExecuted" testListId="8c84fa94-04c1-424b-9868-57a2d4851a1d" relativeResultsDirectory="77eb2079-d2f5-4602-bd90-93de4b34af3b">
      <Output>
        <StdOut>You need Elasticsearch 7.5 local instance on 9200 port</StdOut>
      </Output>
    </UnitTestResult>
    <UnitTestResult executionId="104116ac-9046-42aa-b581-3f4f43a916c4" testId="dfc492a3-14d8-4a11-b496-4877ee6622fb" testName="Skillaz.Tests.Common.DataValidationHelpers.ValidateDateTimeOffset_feature.Date_time_is_empty_valid" computerName="DESKTOP-F6SKA47" duration="00:00:01.0445297" startTime="2021-12-16T16:25:53.5991086+03:00" endTime="2021-12-16T16:25:53.5991090+03:00" testType="13cdc9d9-ddb5-4fa4-a97d-d965ccfc6d4b" outcome="Passed" testListId="8c84fa94-04c1-424b-9868-57a2d4851a1d" relativeResultsDirectory="104116ac-9046-42aa-b581-3f4f43a916c4">
      <Output>
        <StdOut>SCENARIO: Date time is empty valid&#xD;
  STEP 1/3: GIVEN a string [parameter: ""]...&#xD;
  STEP 1/3: GIVEN a string [parameter: ""] (Passed after 1ms)&#xD;
  STEP 2/3: WHEN validation occured [nullAllowed: "True"] [emptyAllowed: "True"]...&#xD;
  STEP 2/3: WHEN validation occured [nullAllowed: "True"] [emptyAllowed: "True"] (Passed after &lt;1ms)&#xD;
  STEP 3/3: THEN is valid...&#xD;
  STEP 3/3: THEN is valid (Passed after 1ms)&#xD;
  SCENARIO RESULT: Passed after 889ms</StdOut>
      </Output>
    </UnitTestResult>
    <UnitTestResult executionId="1d2aa124-5947-4649-9dfe-ae25613dcb73" testId="d2a7c19b-8861-6cb7-6f6c-447e0e1a9291" testName="Skillaz.Tests.Notifications.NotificationSenderTest.Проверка_парсинга_шаблона_для_email" computerName="DESKTOP-F6SKA47" duration="00:00:01.1090932" startTime="2021-12-16T16:18:31.8858221+03:00" endTime="2021-12-16T16:18:31.8858354+03:00" testType="13cdc9d9-ddb5-4fa4-a97d-d965ccfc6d4b" outcome="Passed" testListId="8c84fa94-04c1-424b-9868-57a2d4851a1d" relativeResultsDirectory="1d2aa124-5947-4649-9dfe-ae25613dcb73">
      <Output>
        <StdOut>SCENARIO: Проверка парсинга шаблона для email&#xD;
  STEP 1/2: GIVEN a company...&#xD;
  STEP 1/2: GIVEN a company (Passed after 293ms)&#xD;
  STEP 2/2: AND the authenticated user...&#xD;
  STEP 2/2: AND the authenticated user (Passed after 431ms)&#xD;
  SCENARIO RESULT: Passed after 728ms</StdOut>
      </Output>
    </UnitTestResult>
    <UnitTestResult executionId="1d96f1f7-6eb9-4a39-8b59-ab52070cd42c" testId="a4b4989d-c589-b032-1a68-0edd7e365a5f" testName="Skillaz.Tests.Configurator.WorkflowEngine.ConfiguratorWorkflowEngine_check_rules.Check_available_not_integration" computerName="DESKTOP-F6SKA47" duration="00:00:14.5975136" startTime="2021-12-16T16:29:35.4867066+03:00" endTime="2021-12-16T16:29:35.4867087+03:00" testType="13cdc9d9-ddb5-4fa4-a97d-d965ccfc6d4b" outcome="Passed" testListId="8c84fa94-04c1-424b-9868-57a2d4851a1d" relativeResultsDirectory="1d96f1f7-6eb9-4a39-8b59-ab52070cd42c">
      <Output>
        <StdOut>SCENARIO: Check available not integration&#xD;
  STEP 1/11: GIVEN a company...&#xD;
  STEP 1/11: GIVEN a company (Passed after 402ms)&#xD;
  STEP 2/11: AND the vacancy in the company...&#xD;
  STEP 2/11: AND the vacancy in the company (Passed after 360ms)&#xD;
  STEP 3/11: AND the authenticated user...&#xD;
  STEP 3/11: AND the authenticated user (Passed after 328ms)&#xD;
  STEP 4/11: AND user roles...&#xD;
  STEP 4/11: AND user roles (Passed after &lt;1ms)&#xD;
  STEP 5/11: AND check model...&#xD;
  STEP 5/11: AND check model (Passed after 90ms)&#xD;
  STEP 6/11: THEN register model created...&#xD;
  STEP 6/11: THEN register model created (Passed after 302ms)&#xD;
  STEP 7/11: GIVEN a funnel...&#xD;
  STEP 7/11: GIVEN a funnel (Passed after 14ms)&#xD;
  STEP 8/11: AND a candidate without check...&#xD;
  STEP 8/11: AND a candidate without check (Passed after 3s 848ms)&#xD;
  STEP 9/11: WHEN change candidate status with single check...&#xD;
  STEP 9/11: WHEN change candidate status with single check (Passed after 5s 430ms)&#xD;
  STEP 10/11: THEN is available true...&#xD;
  STEP 10/11: THEN is available true (Passed after 2s 327ms)&#xD;
  STEP 11/11: AND no integration...&#xD;
  STEP 11/11: AND no integration (Passed after 461ms)&#xD;
  SCENARIO RESULT: Passed after 13s 624ms</StdOut>
      </Output>
    </UnitTestResult>
    <UnitTestResult executionId="aa7734f4-3e7b-402d-bd28-81e4af4bdd38" testId="9d6cfb81-ccaa-739e-8565-ff15bf925b69" testName="Skillaz.Tests.Mongo.Enums.EnumAttributeTest_feature.Success" computerName="DESKTOP-F6SKA47" duration="00:00:02.8539894" startTime="2021-12-16T16:23:17.9303004+03:00" endTime="2021-12-16T16:23:17.9303027+03:00" testType="13cdc9d9-ddb5-4fa4-a97d-d965ccfc6d4b" outcome="Passed" testListId="8c84fa94-04c1-424b-9868-57a2d4851a1d" relativeResultsDirectory="aa7734f4-3e7b-402d-bd28-81e4af4bdd38">
      <Output>
        <StdOut>SCENARIO: Success&#xD;
  STEP 1/3: GIVEN document with correct enum values...&#xD;
  STEP 1/3: GIVEN document with correct enum values (Passed after 2s 178ms)&#xD;
  STEP 2/3: WHEN retrieve the enum test document...&#xD;
  STEP 2/3: WHEN retrieve the enum test document (Passed after 466ms)&#xD;
  STEP 3/3: THEN values should remain the same...&#xD;
  STEP 3/3: THEN values should remain the same (Passed after 47ms)&#xD;
  SCENARIO RESULT: Passed after 2s 704ms</StdOut>
      </Output>
    </UnitTestResult>
    <UnitTestResult executionId="1c948448-8013-48f8-a28c-4d468813adcd" testId="2329ed29-6d1e-71e3-88bf-dc1c81e5522b" testName="Skillaz.Tests.Configurator.DocumentModel.ConfiguratorEditor.Редактор_конфигуратора_дм_редактируется" computerName="DESKTOP-F6SKA47" duration="00:00:03.7537056" startTime="2021-12-16T16:25:06.9205749+03:00" endTime="2021-12-16T16:25:06.9205775+03:00" testType="13cdc9d9-ddb5-4fa4-a97d-d965ccfc6d4b" outcome="Passed" testListId="8c84fa94-04c1-424b-9868-57a2d4851a1d" relativeResultsDirectory="1c948448-8013-48f8-a28c-4d468813adcd">
      <Output>
        <StdOut>SCENARIO: Редактор конфигуратора дм редактируется&#xD;
  STEP 1/10: GIVEN a company...&#xD;
  STEP 1/10: GIVEN a company (Passed after 110ms)&#xD;
  STEP 2/10: AND the authenticated user...&#xD;
  STEP 2/10: AND the authenticated user (Passed after 304ms)&#xD;
  STEP 3/10: Выдать пользователю нужные права...&#xD;
  STEP 3/10: Выдать пользователю нужные права (Passed after &lt;1ms)&#xD;
  STEP 4/10: Создать модель вакансии в конфигураторе...&#xD;
  STEP 4/10: Создать модель вакансии в конфигураторе (Passed after 165ms)&#xD;
  STEP 5/10: Проверить что создалась конфигурация ДМ...&#xD;
  STEP 5/10: Проверить что создалась конфигурация ДМ (Passed after 2ms)&#xD;
  STEP 6/10: Получить модель для добавления нового поля...&#xD;
  STEP 6/10: Получить модель для добавления нового поля (Passed after 375ms)&#xD;
  STEP 7/10: Добавить новое поле в модель...&#xD;
  STEP 7/10: Добавить новое поле в модель (Passed after 78ms)&#xD;
  STEP 8/10: Проверить что поле добавилось в черновике...&#xD;
  STEP 8/10: Проверить что поле добавилось в черновике (Passed after 131ms)&#xD;
  STEP 9/10: Сохранить черновик...&#xD;
  STEP 9/10: Сохранить черновик (Passed after 1s 278ms)&#xD;
  STEP 10/10: Проверить что обновленная модель загружена в конфигурацию...&#xD;
  STEP 10/10: Проверить что обновленная модель загружена в конфигурацию (Passed after 306ms)&#xD;
  SCENARIO RESULT: Passed after 2s 759ms</StdOut>
      </Output>
    </UnitTestResult>
    <UnitTestResult executionId="19250a2c-6157-4d3e-89ae-23e320115c7f" testId="ebb1cb00-b208-d5ce-e1da-1c923d2c6568" testName="Skillaz.Tests.Assessment.Questionnaires.VideoQuestionnaire_feature.Updating_a_questionnaire" computerName="DESKTOP-F6SKA47" duration="00:00:06.8611839" startTime="2021-12-16T16:19:42.7854364+03:00" endTime="2021-12-16T16:19:42.7854410+03:00" testType="13cdc9d9-ddb5-4fa4-a97d-d965ccfc6d4b" outcome="Passed" testListId="8c84fa94-04c1-424b-9868-57a2d4851a1d" relativeResultsDirectory="19250a2c-6157-4d3e-89ae-23e320115c7f">
      <Output>
        <StdOut>SCENARIO: Updating a questionnaire&#xD;
  STEP 1/5: GIVEN a company...&#xD;
  STEP 1/5: GIVEN a company (Passed after 621ms)&#xD;
  STEP 2/5: AND the authenticated user...&#xD;
  STEP 2/5: AND the authenticated user (Passed after 1s 461ms)&#xD;
  STEP 3/5: AND the questionnaire...&#xD;
  STEP 3/5: AND the questionnaire (Passed after 831ms)&#xD;
  STEP 4/5: WHEN questionnaire is updated...&#xD;
  STEP 4/5: WHEN questionnaire is updated (Passed after 1s 119ms)&#xD;
  STEP 5/5: Questionnaire should be updated...&#xD;
  STEP 5/5: Questionnaire should be updated (Passed after 155ms)&#xD;
  SCENARIO RESULT: Passed after 4s 320ms</StdOut>
      </Output>
    </UnitTestResult>
    <UnitTestResult executionId="ebe77fc1-d2a2-4181-b491-ad59f9194b99" testId="6f687509-1eea-3933-06cc-717b96efc7f3" testName="Skillaz.Tests.Assessment.Interviews.BranchTrackInteriew_feature.Setting_a_branch_track_result" computerName="DESKTOP-F6SKA47" duration="00:00:14.7551586" startTime="2021-12-16T16:26:08.5294657+03:00" endTime="2021-12-16T16:26:08.5294680+03:00" testType="13cdc9d9-ddb5-4fa4-a97d-d965ccfc6d4b" outcome="Passed" testListId="8c84fa94-04c1-424b-9868-57a2d4851a1d" relativeResultsDirectory="ebe77fc1-d2a2-4181-b491-ad59f9194b99">
      <Output>
        <StdOut>SCENARIO: Setting a branch track result&#xD;
  STEP 1/4: GIVEN a candidate in a vacancy in a company...&#xD;
  STEP 1/4: GIVEN a candidate in a vacancy in a company (Passed after 735ms)&#xD;
  STEP 2/4: AND the interview...&#xD;
  STEP 2/4: AND the interview (Passed after 1s 143ms)&#xD;
  STEP 3/4: WHEN a branch track interview result is set...&#xD;
  STEP 3/4: WHEN a branch track interview result is set (Passed after 11s 897ms)&#xD;
  STEP 4/4: THEN the interview should be completed...&#xD;
  STEP 4/4: THEN the interview should be completed (Passed after 141ms)&#xD;
  SCENARIO RESULT: Passed after 13s 921ms</StdOut>
      </Output>
    </UnitTestResult>
    <UnitTestResult executionId="f91a8e8d-078b-40d6-b591-2125d5eff861" testId="7ace740b-52d9-7af8-ca6b-5ebefee16e02" testName="Skillaz.Tests.Assessment.Questionnaires.BranchTrackQuestionnaire_feature.Getting_a_questionnaire_list" computerName="DESKTOP-F6SKA47" duration="00:00:01.7102774" startTime="2021-12-16T16:20:39.9994295+03:00" endTime="2021-12-16T16:20:39.9994323+03:00" testType="13cdc9d9-ddb5-4fa4-a97d-d965ccfc6d4b" outcome="Passed" testListId="8c84fa94-04c1-424b-9868-57a2d4851a1d" relativeResultsDirectory="f91a8e8d-078b-40d6-b591-2125d5eff861">
      <Output>
        <StdOut>SCENARIO: Getting a questionnaire list&#xD;
  STEP 1/5: GIVEN a company...&#xD;
  STEP 1/5: GIVEN a company (Passed after 110ms)&#xD;
  STEP 2/5: AND the authenticated user...&#xD;
  STEP 2/5: AND the authenticated user (Passed after 446ms)&#xD;
  STEP 3/5: AND the questionnaire...&#xD;
  STEP 3/5: AND the questionnaire (Passed after 255ms)&#xD;
  STEP 4/5: WHEN questionnaire list is requested...&#xD;
  STEP 4/5: WHEN questionnaire list is requested (Passed after 587ms)&#xD;
  STEP 5/5: Questionnaire list should be retrieved...&#xD;
  STEP 5/5: Questionnaire list should be retrieved (Passed after 8ms)&#xD;
  SCENARIO RESULT: Passed after 1s 423ms</StdOut>
      </Output>
    </UnitTestResult>
    <UnitTestResult executionId="035686d7-1a05-4591-a7fa-93959f78e6dc" testId="1dae8002-49a0-6cb0-4faa-209b3c30f88a" testName="Should create &amp; link questionnaire to vacancy" computerName="DESKTOP-F6SKA47" duration="00:00:08.5410494" startTime="2021-12-16T16:21:54.9342505+03:00" endTime="2021-12-16T16:21:54.9342644+03:00" testType="13cdc9d9-ddb5-4fa4-a97d-d965ccfc6d4b" outcome="Passed" testListId="8c84fa94-04c1-424b-9868-57a2d4851a1d" relativeResultsDirectory="035686d7-1a05-4591-a7fa-93959f78e6dc" />
    <UnitTestResult executionId="5d3d2c5a-449d-4fd0-87f7-c7f93ba5be6f" testId="d6e773b7-fadd-36fa-7002-3007db4d5ce3" testName="Skillaz.Tests.Configurator.Deduplication.FindRuleTest.Verify_rule_found_if_other_vacancy_response_type" computerName="DESKTOP-F6SKA47" duration="00:00:01.1110402" startTime="2021-12-16T16:26:46.9702328+03:00" endTime="2021-12-16T16:26:46.9702332+03:00" testType="13cdc9d9-ddb5-4fa4-a97d-d965ccfc6d4b" outcome="Passed" testListId="8c84fa94-04c1-424b-9868-57a2d4851a1d" relativeResultsDirectory="5d3d2c5a-449d-4fd0-87f7-c7f93ba5be6f">
      <Output>
        <StdOut>SCENARIO: Verify rule found if other vacancy response type&#xD;
  STEP 1/4: GIVEN a company...&#xD;
  STEP 1/4: GIVEN a company (Passed after 630ms)&#xD;
  STEP 2/4: AND deduplication configuration [response: "ForOtherVacancy"]...&#xD;
  STEP 2/4: AND deduplication configuration [response: "ForOtherVacancy"] (Passed after 1ms)&#xD;
  STEP 3/4: AND rule finder context...&#xD;
  STEP 3/4: AND rule finder context (Passed after &lt;1ms)&#xD;
  STEP 4/4: THEN rule found [existingVacancyId: "61bb3e967f10d6937478f085"] [newVacancyId: "61bb3e967f10d6937478f086"]...&#xD;
  STEP 4/4: THEN rule found [existingVacancyId: "61bb3e967f10d6937478f085"] [newVacancyId: "61bb3e967f10d6937478f086"] (Passed after 1ms)&#xD;
  SCENARIO RESULT: Passed after 754ms</StdOut>
      </Output>
    </UnitTestResult>
    <UnitTestResult executionId="f2cd0596-4971-4805-aaf8-7ddd1c9f6d19" testId="eab8a48a-1abe-4aea-3de9-58bb60f075d4" testName="Skillaz.Tests.Request.X5.X5GetRequestListCommand_feature.If_candidate_is_male_and_request_for_females_it_should_not_exist_in_result" computerName="DESKTOP-F6SKA47" duration="00:00:08.6432375" startTime="2021-12-16T16:25:01.4514722+03:00" endTime="2021-12-16T16:25:01.4514734+03:00" testType="13cdc9d9-ddb5-4fa4-a97d-d965ccfc6d4b" outcome="Passed" testListId="8c84fa94-04c1-424b-9868-57a2d4851a1d" relativeResultsDirectory="f2cd0596-4971-4805-aaf8-7ddd1c9f6d19">
      <Output>
        <StdOut>SCENARIO: If candidate is male and request for females it should not exist in result&#xD;
  STEP 1/9: GIVEN a company [companyId: "61bb3e247f10d6937478e0e5"]...&#xD;
  STEP 1/9: GIVEN a company [companyId: "61bb3e247f10d6937478e0e5"] (Passed after 291ms)&#xD;
  STEP 2/9: AND the vacancy in the company...&#xD;
  STEP 2/9: AND the vacancy in the company (Passed after 190ms)&#xD;
  STEP 3/9: AND candidate "Skillaz.Candidate.Contract.Documents.Candidate.CandidateDocument"...&#xD;
  STEP 3/9: AND candidate "Skillaz.Candidate.Contract.Documents.Candidate.CandidateDocument" (Passed after 266ms)&#xD;
  STEP 4/9: AND request "Skillaz.Candidate.Contract.Request.RequestDocument"...&#xD;
  STEP 4/9: AND request "Skillaz.Candidate.Contract.Request.RequestDocument" (Passed after 383ms)&#xD;
  STEP 5/9: AND request "Skillaz.Candidate.Contract.Request.RequestDocument"...&#xD;
  STEP 5/9: AND request "Skillaz.Candidate.Contract.Request.RequestDocument" (Passed after 1ms)&#xD;
  STEP 6/9: AND created indexes for requests...&#xD;
  STEP 6/9: AND created indexes for requests (Passed after 6s 470ms)&#xD;
  STEP 7/9: AND candidate profile [candidateProfileDocument: "Skillaz.Candidate.Contract.Documents.CandidateProfile.CandidateProfileDocument"]...&#xD;
  STEP 7/9: AND candidate profile [candidateProfileDocument: "Skillaz.Candidate.Contract.Documents.CandidateProfile.CandidateProfileDocument"] (Passed after 160ms)&#xD;
  STEP 8/9: WHEN getting available requests list...&#xD;
  STEP 8/9: WHEN getting available requests list (Passed after 64ms)&#xD;
  STEP 9/9: THEN result list consists of one element with id "5ifdfhiuewr"...&#xD;
  STEP 9/9: THEN result list consists of one element with id "5ifdfhiuewr" (Passed after 3ms)&#xD;
  SCENARIO RESULT: Passed after 7s 849ms</StdOut>
      </Output>
    </UnitTestResult>
    <UnitTestResult executionId="22fcc7f5-62a8-4b48-a3ef-60eaaa155807" testId="80a979ee-5b81-96ec-4842-a4da85a552e3" testName="Skillaz.Tests.DocumentModels.FieldValueComparerTests.StringComparison(firstValue: &quot;abcde&quot;, secondValue: &quot;abcdef&quot;, result: False)" computerName="DESKTOP-F6SKA47" duration="00:00:00.0000145" startTime="2021-12-16T16:16:31.0509300+03:00" endTime="2021-12-16T16:16:31.0509303+03:00" testType="13cdc9d9-ddb5-4fa4-a97d-d965ccfc6d4b" outcome="Passed" testListId="8c84fa94-04c1-424b-9868-57a2d4851a1d" relativeResultsDirectory="22fcc7f5-62a8-4b48-a3ef-60eaaa155807" />
    <UnitTestResult executionId="aa793ead-d509-4fdc-91af-cb1987519ecb" testId="a74b0ca0-4430-93e9-7398-4ca9cef13ccd" testName="Skillaz.Tests.HH.HHApiClient_feature.HH_API_client_fails_to_create_when_token_was_revoked" computerName="DESKTOP-F6SKA47" duration="00:00:08.8635351" startTime="2021-12-16T16:23:04.8243468+03:00" endTime="2021-12-16T16:23:04.8243567+03:00" testType="13cdc9d9-ddb5-4fa4-a97d-d965ccfc6d4b" outcome="Passed" testListId="8c84fa94-04c1-424b-9868-57a2d4851a1d" relativeResultsDirectory="aa793ead-d509-4fdc-91af-cb1987519ecb">
      <Output>
        <StdOut>SCENARIO: HH API client fails to create when token was revoked&#xD;
  STEP 1/6: GIVEN a company with allowed employers...&#xD;
  STEP 1/6: GIVEN a company with allowed employers (Passed after 1s 460ms)&#xD;
  STEP 2/6: AND the authenticated user...&#xD;
  STEP 2/6: AND the authenticated user (Passed after 823ms)&#xD;
  STEP 3/6: AND account with revoked token...&#xD;
  STEP 3/6: AND account with revoked token (Passed after 540ms)&#xD;
  STEP 4/6: WHEN api client is requested...&#xD;
  STEP 4/6: WHEN api client is requested (Passed after 3s 043ms)&#xD;
  STEP 5/6: THEN api client fails to create with business exception...&#xD;
  STEP 5/6: THEN api client fails to create with business exception (Passed after &lt;1ms)&#xD;
  STEP 6/6: AND token should not present in account...&#xD;
  STEP 6/6: AND token should not present in account (Passed after &lt;1ms)&#xD;
  SCENARIO RESULT: Passed after 5s 882ms</StdOut>
      </Output>
    </UnitTestResult>
    <UnitTestResult executionId="a19921a2-de02-41b6-b985-b9753cd1017e" testId="e9d73659-1d95-256a-fc2e-1a693a9e2d20" testName="Skillaz.Tests.CompanySpecific.Perekrestok.PerekrestokRequestPriority_feature.Calculation_request_priority(supermarketType: &quot;Открывающийся супермаркет&quot;, requestVl: 100, employmentCandidateCount: 0, employmentFinishedCandidateCount: 0, interviewCandidateCount: 0, requestPriority: Critical)" computerName="DESKTOP-F6SKA47" duration="00:00:22.8166081" startTime="2021-12-16T16:23:43.6906639+03:00" endTime="2021-12-16T16:23:43.6906667+03:00" testType="13cdc9d9-ddb5-4fa4-a97d-d965ccfc6d4b" outcome="Passed" testListId="8c84fa94-04c1-424b-9868-57a2d4851a1d" relativeResultsDirectory="a19921a2-de02-41b6-b985-b9753cd1017e">
      <Output>
        <StdOut>SCENARIO: Calculation request priority [supermarketType: "Открывающийся супермаркет"] [requestVl: "100"] [employmentCandidateCount: "0"] [employmentFinishedCandidateCount: "0"] [interviewCandidateCount: "0"] [requestPriority: "Critical"]&#xD;
  STEP 1/6: GIVEN Given a company [companyId: "PerekrestokCompany"]...&#xD;
  STEP 1/6: GIVEN Given a company [companyId: "PerekrestokCompany"] (Passed after 116ms)&#xD;
  STEP 2/6: AND Given the authenticated user...&#xD;
  STEP 2/6: AND Given the authenticated user (Passed after 160ms)&#xD;
  STEP 3/6: AND Given org unit and request for status [requestState: "InWork"] [supermarketType: "Открывающийся супермаркет"] [requestVl: "100"]...&#xD;
  STEP 3/6: AND Given org unit and request for status [requestState: "InWork"] [supermarketType: "Открывающийся супермаркет"] [requestVl: "100"] (Passed after 118ms)&#xD;
  STEP 4/6: AND Given candidates according data and assigned to request [employmentCandidateCount: "0"] [employmentFinishedCandidateCount: "0"] [interviewCandidateCount: "0"]...&#xD;
  STEP 4/6: AND Given candidates according data and assigned to request [employmentCandidateCount: "0"] [employmentFinishedCandidateCount: "0"] [interviewCandidateCount: "0"] (Passed after &lt;1ms)&#xD;
  STEP 5/6: WHEN When calculation priority...&#xD;
  STEP 5/6: WHEN When calculation priority (Passed after 17s 695ms)&#xD;
  STEP 6/6: THEN Then request priority equal [requestPriority: "Critical"]...&#xD;
  STEP 6/6: THEN Then request priority equal [requestPriority: "Critical"] (Passed after 7ms)&#xD;
  SCENARIO RESULT: Passed after 18s 120ms</StdOut>
      </Output>
    </UnitTestResult>
    <UnitTestResult executionId="d0fe9f44-6b17-4126-8e5b-a8718f45b727" testId="b95c3ef4-6add-ed87-c274-7e32e37f43cd" testName="Skillaz.Tests.Authorization.AuthAccessHelper_feature.Проверить_рекомендации_по_смене_компании_для_админов" computerName="DESKTOP-F6SKA47" duration="00:00:06.4462613" startTime="2021-12-16T16:19:29.6276041+03:00" endTime="2021-12-16T16:19:29.6276154+03:00" testType="13cdc9d9-ddb5-4fa4-a97d-d965ccfc6d4b" outcome="Passed" testListId="8c84fa94-04c1-424b-9868-57a2d4851a1d" relativeResultsDirectory="d0fe9f44-6b17-4126-8e5b-a8718f45b727">
      <Output>
        <StdOut>SCENARIO: Проверить рекомендации по смене компании для админов&#xD;
  STEP 1/10: GIVEN a company...&#xD;
  STEP 1/10: GIVEN a company (Passed after 324ms)&#xD;
  STEP 2/10: AND the authenticated admin user...&#xD;
  STEP 2/10: AND the authenticated admin user (Passed after 378ms)&#xD;
  STEP 3/10: Загрузить компании...&#xD;
  STEP 3/10: Загрузить компании (Passed after 166ms)&#xD;
  STEP 4/10: GIVEN the vacancy in the company...&#xD;
  STEP 4/10: GIVEN the vacancy in the company (Passed after 169ms)&#xD;
  STEP 5/10: Загрузить вакансии...&#xD;
  STEP 5/10: Загрузить вакансии (Passed after 5ms)&#xD;
  STEP 6/10: Загрузить кандидатов...&#xD;
  STEP 6/10: Загрузить кандидатов (Passed after 299ms)&#xD;
  STEP 7/10: Загрузить конфигуратор...&#xD;
  STEP 7/10: Загрузить конфигуратор (Passed after 166ms)&#xD;
  STEP 8/10: Проверить компанию...&#xD;
  STEP 8/10: Проверить компанию (Passed after 1s 132ms)&#xD;
  STEP 9/10: Проверить кандидата...&#xD;
  STEP 9/10: Проверить кандидата (Passed after 352ms)&#xD;
  STEP 10/10: Проверить конфигуратор...&#xD;
  STEP 10/10: Проверить конфигуратор (Passed after 141ms)&#xD;
  SCENARIO RESULT: Passed after 3s 153ms</StdOut>
      </Output>
    </UnitTestResult>
    <UnitTestResult executionId="c742b360-be83-4716-a42e-a31331601fb9" testId="019b787c-88b2-9680-3a7b-9251d2235f77" testName="Skillaz.Tests.CompanySpecific.X5.Naumen.NaumenSlaTests.Sla_calculates_correctly_for_next_day(candidateTimeZone: 7, sla: 02:00:00, startDate: 2019-12-31T18:00:00.0000000Z, truth: [NaumenTimeRange { From = &quot;2020-01-01 07:00:00&quot;, To = &quot;2020-01-01 09:00:00&quot; }])" computerName="DESKTOP-F6SKA47" duration="00:00:00.0000346" startTime="2021-12-16T16:16:29.2851746+03:00" endTime="2021-12-16T16:16:29.2851753+03:00" testType="13cdc9d9-ddb5-4fa4-a97d-d965ccfc6d4b" outcome="Passed" testListId="8c84fa94-04c1-424b-9868-57a2d4851a1d" relativeResultsDirectory="c742b360-be83-4716-a42e-a31331601fb9" />
    <UnitTestResult executionId="1885e36f-2821-4061-9fc5-6469627b8a56" testId="9158c725-aedd-39ef-b70b-d378d0f8002b" testName="Skillaz.Tests.Notifications.Workflow.WorkflowNotificationParameters_feature.Attempt_send_email_notification_with_workflow_comment_for_request_workflow" computerName="DESKTOP-F6SKA47" duration="00:00:06.9729383" startTime="2021-12-16T16:24:06.2578797+03:00" endTime="2021-12-16T16:24:06.2578819+03:00" testType="13cdc9d9-ddb5-4fa4-a97d-d965ccfc6d4b" outcome="Passed" testListId="8c84fa94-04c1-424b-9868-57a2d4851a1d" relativeResultsDirectory="1885e36f-2821-4061-9fc5-6469627b8a56">
      <Output>
        <StdOut>SCENARIO: Attempt send email notification with workflow comment for request workflow&#xD;
  STEP 1/8: GIVEN a company...&#xD;
  STEP 1/8: GIVEN a company (Passed after 525ms)&#xD;
  STEP 2/8: AND the authenticated user...&#xD;
  STEP 2/8: AND the authenticated user (Passed after 1s 211ms)&#xD;
  STEP 3/8: AND the workflow schema for request and processing role [requestTypes: "DefaultRequest"]...&#xD;
  STEP 3/8: AND the workflow schema for request and processing role [requestTypes: "DefaultRequest"] (Passed after 1s 668ms)&#xD;
  STEP 4/8: AND the email template "DefaultRequest{{{req_DefaultRequest_workflow_comment}}}"...&#xD;
  STEP 4/8: AND the email template "DefaultRequest{{{req_DefaultRequest_workflow_comment}}}" (Passed after 68ms)&#xD;
  STEP 5/8: AND the vacancy in the company...&#xD;
  STEP 5/8: AND the vacancy in the company (Passed after 83ms)&#xD;
  STEP 6/8: AND the request [requestId: "61bb3df27f10d6937478d934"] [requestType: "DefaultRequest"]...&#xD;
  STEP 6/8: AND the request [requestId: "61bb3df27f10d6937478d934"] [requestType: "DefaultRequest"] (Passed after 234ms)&#xD;
  STEP 7/8: WHEN workflow switch status [requestId: "61bb3df27f10d6937478d934"]...&#xD;
  STEP 7/8: WHEN workflow switch status [requestId: "61bb3df27f10d6937478d934"] (Passed after 1s 495ms)&#xD;
  STEP 8/8: THEN attempt method send letter contains workflow comment [startWithWord: "DefaultRequest"]...&#xD;
  STEP 8/8: THEN attempt method send letter contains workflow comment [startWithWord: "DefaultRequest"] (Passed after 124ms)&#xD;
  SCENARIO RESULT: Passed after 5s 442ms</StdOut>
      </Output>
    </UnitTestResult>
    <UnitTestResult executionId="1836de35-4ff0-4c81-85eb-862b211ec067" testId="019b787c-88b2-9680-3a7b-9251d2235f77" testName="Skillaz.Tests.CompanySpecific.X5.Naumen.NaumenSlaTests.Sla_calculates_correctly_for_next_day(candidateTimeZone: 5, sla: 02:00:00, startDate: 2019-12-31T21:00:00.0000000Z, truth: [NaumenTimeRange { From = &quot;2020-01-01 07:00:00&quot;, To = &quot;2020-01-01 09:00:00&quot; }])" computerName="DESKTOP-F6SKA47" duration="00:00:00.0005440" startTime="2021-12-16T16:16:29.1046202+03:00" endTime="2021-12-16T16:16:29.1046210+03:00" testType="13cdc9d9-ddb5-4fa4-a97d-d965ccfc6d4b" outcome="Passed" testListId="8c84fa94-04c1-424b-9868-57a2d4851a1d" relativeResultsDirectory="1836de35-4ff0-4c81-85eb-862b211ec067" />
    <UnitTestResult executionId="50cee020-dfd0-46ed-b582-74cd55dbb0ee" testId="7279f6f3-004a-7599-d46f-4be2829e4499" testName="Skillaz.Tests.Configurator.Deduplication.UpdateCandidateTest.Отклик_кандидат_откликнулся_сам" computerName="DESKTOP-F6SKA47" duration="00:00:02.2689290" startTime="2021-12-16T16:21:46.6361194+03:00" endTime="2021-12-16T16:21:46.6361210+03:00" testType="13cdc9d9-ddb5-4fa4-a97d-d965ccfc6d4b" outcome="Passed" testListId="8c84fa94-04c1-424b-9868-57a2d4851a1d" relativeResultsDirectory="50cee020-dfd0-46ed-b582-74cd55dbb0ee">
      <Output>
        <StdOut>SCENARIO: Отклик кандидат откликнулся сам&#xD;
  STEP 1/8: GIVEN a company...&#xD;
  STEP 1/8: GIVEN a company (Passed after 113ms)&#xD;
  STEP 2/8: AND the authenticated user...&#xD;
  STEP 2/8: AND the authenticated user (Passed after 144ms)&#xD;
  STEP 3/8: AND the Funnel...&#xD;
  STEP 3/8: AND the Funnel (Passed after 125ms)&#xD;
  STEP 4/8: AND the vacancy in the company [funnelId: "TestingFunnel"]...&#xD;
  STEP 4/8: AND the vacancy in the company [funnelId: "TestingFunnel"] (Passed after 129ms)&#xD;
  STEP 5/8: AND candidate on vacancy [idleTimeDays: "0"]...&#xD;
  STEP 5/8: AND candidate on vacancy [idleTimeDays: "0"] (Passed after 94ms)&#xD;
  STEP 6/8: AND new candidate addway negotiation...&#xD;
  STEP 6/8: AND new candidate addway negotiation (Passed after &lt;1ms)&#xD;
  STEP 7/8: WHEN candidates are updated [list: "Skillaz.Configurator.Contract.Deduplication.DeduplicationActionConfigurationDto, Skillaz.Configurator.Contract.Deduplication.DeduplicationActionConfigurationDto, Skillaz.Configurator.Contract.Deduplication.DeduplicationActionConfigurationDto"]...&#xD;
  STEP 7/8: WHEN candidates are updated [list: "Skillaz.Configurator.Contract.Deduplication.DeduplicationActionConfigurationDto, Skillaz.Configurator.Contract.Deduplication.DeduplicationActionConfigurationDto, Skillaz.Configurator.Contract.Deduplication.DeduplicationActionConfigurationDto"] (Passed after 1s 313ms)&#xD;
  STEP 8/8: Check rule [name: "Отклик - кандидат откликнулся сам"]...&#xD;
  STEP 8/8: Check rule [name: "Отклик - кандидат откликнулся сам"] (Passed after &lt;1ms)&#xD;
  SCENARIO RESULT: Passed after 2s 018ms</StdOut>
      </Output>
    </UnitTestResult>
    <UnitTestResult executionId="5100ace2-972b-4ca7-9e13-bb2d67d26e50" testId="16b0328a-946f-ec10-b975-237835056d0e" testName="Skillaz.Tests.Cron.CronScheduleTests.Daily_job_schedule_works" computerName="DESKTOP-F6SKA47" duration="00:00:00.0087877" startTime="2021-12-16T16:16:29.6423495+03:00" endTime="2021-12-16T16:16:29.6423500+03:00" testType="13cdc9d9-ddb5-4fa4-a97d-d965ccfc6d4b" outcome="Passed" testListId="8c84fa94-04c1-424b-9868-57a2d4851a1d" relativeResultsDirectory="5100ace2-972b-4ca7-9e13-bb2d67d26e50" />
    <UnitTestResult executionId="8dff3f6d-03cd-4717-b6bd-d791acfbfd9d" testId="598f0350-0320-f8d8-bc7d-8cd69d67fffb" testName="Skillaz.Tests.Request.X5.X5GetRequestListCommand_feature.If_request_workflow_item_state_is_closed_it_should_not_exist_in_result" computerName="DESKTOP-F6SKA47" duration="00:00:11.0292233" startTime="2021-12-16T16:25:08.8530343+03:00" endTime="2021-12-16T16:25:08.8530405+03:00" testType="13cdc9d9-ddb5-4fa4-a97d-d965ccfc6d4b" outcome="Passed" testListId="8c84fa94-04c1-424b-9868-57a2d4851a1d" relativeResultsDirectory="8dff3f6d-03cd-4717-b6bd-d791acfbfd9d">
      <Output>
        <StdOut>SCENARIO: If request workflow item state is closed it should not exist in result&#xD;
  STEP 1/9: GIVEN a company [companyId: "61bb3e297f10d6937478e18b"]...&#xD;
  STEP 1/9: GIVEN a company [companyId: "61bb3e297f10d6937478e18b"] (Passed after 521ms)&#xD;
  STEP 2/9: AND the vacancy in the company...&#xD;
  STEP 2/9: AND the vacancy in the company (Passed after 292ms)&#xD;
  STEP 3/9: AND candidate "Skillaz.Candidate.Contract.Documents.Candidate.CandidateDocument"...&#xD;
  STEP 3/9: AND candidate "Skillaz.Candidate.Contract.Documents.Candidate.CandidateDocument" (Passed after 349ms)&#xD;
  STEP 4/9: AND request "Skillaz.Candidate.Contract.Request.RequestDocument"...&#xD;
  STEP 4/9: AND request "Skillaz.Candidate.Contract.Request.RequestDocument" (Passed after 235ms)&#xD;
  STEP 5/9: AND request "Skillaz.Candidate.Contract.Request.RequestDocument"...&#xD;
  STEP 5/9: AND request "Skillaz.Candidate.Contract.Request.RequestDocument" (Passed after 5ms)&#xD;
  STEP 6/9: AND created indexes for requests...&#xD;
  STEP 6/9: AND created indexes for requests (Passed after 7s 880ms)&#xD;
  STEP 7/9: AND candidate profile [candidateProfileDocument: "Skillaz.Candidate.Contract.Documents.CandidateProfile.CandidateProfileDocument"]...&#xD;
  STEP 7/9: AND candidate profile [candidateProfileDocument: "Skillaz.Candidate.Contract.Documents.CandidateProfile.CandidateProfileDocument"] (Passed after 237ms)&#xD;
  STEP 8/9: WHEN getting available requests list...&#xD;
  STEP 8/9: WHEN getting available requests list (Passed after 107ms)&#xD;
  STEP 9/9: THEN result list consists of one element with id "5ifdfhiuewr"...&#xD;
  STEP 9/9: THEN result list consists of one element with id "5ifdfhiuewr" (Passed after &lt;1ms)&#xD;
  SCENARIO RESULT: Passed after 9s 663ms</StdOut>
      </Output>
    </UnitTestResult>
    <UnitTestResult executionId="420bb3dd-48b6-414b-8860-bd375c0927b3" testId="8082c021-ed21-6e83-26ee-643a437e6bcf" testName="Skillaz.Tests.DocumentModels.Refs.RefAutoUpdates.Проверить_что_все_сущности_поддерживают_автоматическое_обновление" computerName="DESKTOP-F6SKA47" duration="00:00:40.6935894" startTime="2021-12-16T16:18:37.6777024+03:00" endTime="2021-12-16T16:18:37.6777119+03:00" testType="13cdc9d9-ddb5-4fa4-a97d-d965ccfc6d4b" outcome="Passed" testListId="8c84fa94-04c1-424b-9868-57a2d4851a1d" relativeResultsDirectory="420bb3dd-48b6-414b-8860-bd375c0927b3">
      <Output>
        <StdOut>SCENARIO: Проверить что все сущности поддерживают автоматическое обновление&#xD;
  STEP 1/8: GIVEN a company...&#xD;
  STEP 1/8: GIVEN a company (Passed after 182ms)&#xD;
  STEP 2/8: AND the authenticated user...&#xD;
  STEP 2/8: AND the authenticated user (Passed after 712ms)&#xD;
  STEP 3/8: Load city and region references...&#xD;
  STEP 3/8: Load city and region references (Passed after 600ms)&#xD;
  STEP 4/8: Подготовить конфигурацию DM...&#xD;
  STEP 4/8: Подготовить конфигурацию DM (Passed after 423ms)&#xD;
  STEP 5/8: Подготовить конфигурацию заявки...&#xD;
  STEP 5/8: Подготовить конфигурацию заявки (Passed after 15ms)&#xD;
  STEP 6/8: Создать объекты...&#xD;
  STEP 6/8: Создать объекты (Passed after 13s 226ms)&#xD;
  STEP 7/8: Обновить справочник...&#xD;
  STEP 7/8: Обновить справочник (Passed after 24s 253ms)&#xD;
  STEP 8/8: Проверить что все сущности обновились...&#xD;
  STEP 8/8: Проверить что все сущности обновились (Passed after 481ms)&#xD;
  SCENARIO RESULT: Passed after 39s 951ms</StdOut>
      </Output>
    </UnitTestResult>
    <UnitTestResult executionId="01f18952-16c7-4a2f-874a-06a4899b962a" testId="556be40b-c58b-fb3f-0da6-6634fbb2f22c" testName="Skillaz.Tests.CompanySpecific.X5.X5Deduplication_feature.By_phone_and_number" computerName="DESKTOP-F6SKA47" duration="00:00:00.0010000" startTime="2021-12-16T16:26:21.7912887+03:00" endTime="2021-12-16T16:26:21.7912928+03:00" testType="13cdc9d9-ddb5-4fa4-a97d-d965ccfc6d4b" outcome="NotExecuted" testListId="8c84fa94-04c1-424b-9868-57a2d4851a1d" relativeResultsDirectory="01f18952-16c7-4a2f-874a-06a4899b962a">
      <Output>
        <StdOut>You need Elasticsearch 7.5 local instance on 9200 port</StdOut>
      </Output>
    </UnitTestResult>
    <UnitTestResult executionId="4b39b780-160c-4994-b35b-6a1701074aa1" testId="d8ec42ce-2910-ffca-a546-583aaf3782a1" testName="Skillaz.Tests.Authorization.AuthLoginWorkflowService_Login_feature.Do_incorrect_login_by_username_expects_attempts_increment" computerName="DESKTOP-F6SKA47" duration="00:00:01.9986626" startTime="2021-12-16T16:22:31.4528996+03:00" endTime="2021-12-16T16:22:31.4529066+03:00" testType="13cdc9d9-ddb5-4fa4-a97d-d965ccfc6d4b" outcome="Passed" testListId="8c84fa94-04c1-424b-9868-57a2d4851a1d" relativeResultsDirectory="4b39b780-160c-4994-b35b-6a1701074aa1">
      <Output>
        <StdOut>SCENARIO: Do incorrect login by username expects attempts increment&#xD;
  STEP 1/4: GIVEN a company...&#xD;
  STEP 1/4: GIVEN a company (Passed after 190ms)&#xD;
  STEP 2/4: AND a user...&#xD;
  STEP 2/4: AND a user (Passed after 493ms)&#xD;
  STEP 3/4: WHEN doing a failing login "v.pupkin" attempt...&#xD;
  STEP 3/4: WHEN doing a failing login "v.pupkin" attempt (Passed after 532ms)&#xD;
  STEP 4/4: THEN ensure that login attempts incremented...&#xD;
  STEP 4/4: THEN ensure that login attempts incremented (Passed after 134ms)&#xD;
  SCENARIO RESULT: Passed after 1s 357ms</StdOut>
      </Output>
    </UnitTestResult>
    <UnitTestResult executionId="0e493346-17ac-4813-88f9-53f36a80cd72" testId="d47183ad-da8f-691e-cfcd-b052ce29ec29" testName="Skillaz.Tests.Configurator.Filter.ConfiguratorRequestFilter_feature.Ensure_that_filter_by_mass_request_type_return_available_values_when_two_request_types" computerName="DESKTOP-F6SKA47" duration="00:00:08.6443402" startTime="2021-12-16T16:29:06.1058561+03:00" endTime="2021-12-16T16:29:06.1058594+03:00" testType="13cdc9d9-ddb5-4fa4-a97d-d965ccfc6d4b" outcome="Passed" testListId="8c84fa94-04c1-424b-9868-57a2d4851a1d" relativeResultsDirectory="0e493346-17ac-4813-88f9-53f36a80cd72">
      <Output>
        <StdOut>SCENARIO: Ensure that filter by mass request type return available values when two request types&#xD;
  STEP 1/7: GIVEN a company...&#xD;
  STEP 1/7: GIVEN a company (Passed after 121ms)&#xD;
  STEP 2/7: AND the authenticated user...&#xD;
  STEP 2/7: AND the authenticated user (Passed after 257ms)&#xD;
  STEP 3/7: AND the configurations by request types [requestTypes: "HireRequest, MassRequest"]...&#xD;
  STEP 3/7: AND the configurations by request types [requestTypes: "HireRequest, MassRequest"] (Passed after 524ms)&#xD;
  STEP 4/7: AND the data for configurations requests...&#xD;
  STEP 4/7: AND the data for configurations requests (Passed after 511ms)&#xD;
  STEP 5/7: AND the filter by request [filterFields: "Skillaz.Framework.DocumentModel.Contract.DocumentModelFieldUpdate, Skillaz.Framework.DocumentModel.Contract.DocumentModelFieldUpdate"]...&#xD;
  STEP 5/7: AND the filter by request [filterFields: "Skillaz.Framework.DocumentModel.Contract.DocumentModelFieldUpdate, Skillaz.Framework.DocumentModel.Contract.DocumentModelFieldUpdate"] (Passed after 1ms)&#xD;
  STEP 6/7: WHEN get requests by filter...&#xD;
  STEP 6/7: WHEN get requests by filter (Passed after 3s 584ms)&#xD;
  STEP 7/7: THEN requests from filter equal requests by query...&#xD;
  STEP 7/7: THEN requests from filter equal requests by query (Passed after 411ms)&#xD;
  SCENARIO RESULT: Passed after 5s 476ms</StdOut>
      </Output>
    </UnitTestResult>
    <UnitTestResult executionId="9fdfcde5-4af6-4e0b-8150-06e84e108f81" testId="f9480bd5-eb53-2699-690e-43188550429a" testName="Skillaz.Tests.Telephony.CallList_RatingFilter_feature.CandidateFilterRating" computerName="DESKTOP-F6SKA47" duration="00:00:03.4665814" startTime="2021-12-16T16:21:29.1023110+03:00" endTime="2021-12-16T16:21:29.1023168+03:00" testType="13cdc9d9-ddb5-4fa4-a97d-d965ccfc6d4b" outcome="Passed" testListId="8c84fa94-04c1-424b-9868-57a2d4851a1d" relativeResultsDirectory="9fdfcde5-4af6-4e0b-8150-06e84e108f81">
      <Output>
        <StdOut>SCENARIO: CandidateFilterRating&#xD;
  STEP 1/7: GIVEN Given a company...&#xD;
  STEP 1/7: GIVEN Given a company (Passed after 218ms)&#xD;
  STEP 2/7: AND Given a vacancy...&#xD;
  STEP 2/7: AND Given a vacancy (Passed after 517ms)&#xD;
  STEP 3/7: AND Given a candidates from rating [totalScore1: "5"] [totalScore2: "10"]...&#xD;
  STEP 3/7: AND Given a candidates from rating [totalScore1: "5"] [totalScore2: "10"] (Passed after 362ms)&#xD;
  STEP 4/7: AND Given a candidates from rating [totalScore1: "1"] [totalScore2: "10"]...&#xD;
  STEP 4/7: AND Given a candidates from rating [totalScore1: "1"] [totalScore2: "10"] (Passed after 11ms)&#xD;
  STEP 5/7: AND Given filter "Skillaz.Candidate.Contract.CampaignRatingFilter"...&#xD;
  STEP 5/7: AND Given filter "Skillaz.Candidate.Contract.CampaignRatingFilter" (Passed after 146ms)&#xD;
  STEP 6/7: WHEN When candidates requested using advanced filter...&#xD;
  STEP 6/7: WHEN When candidates requested using advanced filter (Passed after 783ms)&#xD;
  STEP 7/7: THEN Then two candidates...&#xD;
  STEP 7/7: THEN Then two candidates (Passed after 21ms)&#xD;
  SCENARIO RESULT: Passed after 2s 546ms</StdOut>
      </Output>
    </UnitTestResult>
    <UnitTestResult executionId="4ac282c7-f590-4482-998f-ed8a25b59659" testId="91da7440-9b7d-4d5a-b420-246346bca952" testName="Skillaz.Tests.Notifications.CustomNotifications_feature.Check_if_user_send_notification_selected_notifications" computerName="DESKTOP-F6SKA47" duration="00:00:06.4355415" startTime="2021-12-16T16:25:52.8864900+03:00" endTime="2021-12-16T16:25:52.8864969+03:00" testType="13cdc9d9-ddb5-4fa4-a97d-d965ccfc6d4b" outcome="Passed" testListId="8c84fa94-04c1-424b-9868-57a2d4851a1d" relativeResultsDirectory="4ac282c7-f590-4482-998f-ed8a25b59659">
      <Output>
        <StdOut>SCENARIO: Check if user send notification selected notifications&#xD;
  STEP 1/7: GIVEN Given a candidate in a vacancy in a company [makeCompany: "System.Func`1[Skillaz.Candidate.Contract.LegacyCompany.LegacyCompanyDocument]"]...&#xD;
  STEP 1/7: GIVEN Given a candidate in a vacancy in a company [makeCompany: "System.Func`1[Skillaz.Candidate.Contract.LegacyCompany.LegacyCompanyDocument]"] (Passed after 916ms)&#xD;
  STEP 2/7: AND Given the authenticated user...&#xD;
  STEP 2/7: AND Given the authenticated user (Passed after 512ms)&#xD;
  STEP 3/7: AND Given the ClientConfigurationForCompany...&#xD;
  STEP 3/7: AND Given the ClientConfigurationForCompany (Passed after 232ms)&#xD;
  STEP 4/7: AND Given the Funnel...&#xD;
  STEP 4/7: AND Given the Funnel (Passed after 184ms)&#xD;
  STEP 5/7: AND Given CandidateCurentStatus [statusId: "new"]...&#xD;
  STEP 5/7: AND Given CandidateCurentStatus [statusId: "new"] (Passed after 2ms)&#xD;
  STEP 6/7: WHEN When user change candidate status selected notify...&#xD;
  STEP 6/7: WHEN When user change candidate status selected notify (Passed after 3s 739ms)&#xD;
  STEP 7/7: THEN Then ensure that email send has selected notification...&#xD;
  STEP 7/7: THEN Then ensure that email send has selected notification (Passed after 798ms)&#xD;
  SCENARIO RESULT: Passed after 6s 398ms</StdOut>
      </Output>
    </UnitTestResult>
    <UnitTestResult executionId="f03eb32b-a2cd-4c18-90b9-0c54b23397a4" testId="08f31ff8-da84-d48e-e57b-f317bdefd6a3" testName="Skillaz.Tests.CompanySpecific.Magnit.MagnitCandidateKPIRatingCreateTrigger_feature.KPI_candidate_rating_is_not_created(withKPI: null)" computerName="DESKTOP-F6SKA47" duration="00:00:10.7496127" startTime="2021-12-16T16:29:57.6637431+03:00" endTime="2021-12-16T16:29:57.6637471+03:00" testType="13cdc9d9-ddb5-4fa4-a97d-d965ccfc6d4b" outcome="Passed" testListId="8c84fa94-04c1-424b-9868-57a2d4851a1d" relativeResultsDirectory="f03eb32b-a2cd-4c18-90b9-0c54b23397a4">
      <Output>
        <StdOut>SCENARIO: KPI candidate rating is not created [withKPI: "&lt;null&gt;"]&#xD;
  STEP 1/9: GIVEN a company [companyId: "magnit"]...&#xD;
  STEP 1/9: GIVEN a company [companyId: "magnit"] (Passed after 162ms)&#xD;
  STEP 2/9: AND the authenticated admin user...&#xD;
  STEP 2/9: AND the authenticated admin user (Passed after 345ms)&#xD;
  STEP 3/9: AND the vacancy in the company...&#xD;
  STEP 3/9: AND the vacancy in the company (Passed after 728ms)&#xD;
  STEP 4/9: AND a candidate...&#xD;
  STEP 4/9: AND a candidate (Passed after 3s 493ms)&#xD;
  STEP 5/9: AND a candidate profile with KPI sign [companyId: "magnit"] [withKPI: "&lt;null&gt;"]...&#xD;
  STEP 5/9: AND a candidate profile with KPI sign [companyId: "magnit"] [withKPI: "&lt;null&gt;"] (Passed after 161ms)&#xD;
  STEP 6/9: AND ratings...&#xD;
  STEP 6/9: AND ratings (Passed after 4s 444ms)&#xD;
  STEP 7/9: WHEN trigger executed...&#xD;
  STEP 7/9: WHEN trigger executed (Passed after 5ms)&#xD;
  STEP 8/9: THEN candidate rating is not created...&#xD;
  STEP 8/9: THEN candidate rating is not created (Passed after 382ms)&#xD;
  STEP 9/9: AND no exception is thrown...&#xD;
  STEP 9/9: AND no exception is thrown (Passed after &lt;1ms)&#xD;
  SCENARIO RESULT: Passed after 9s 763ms</StdOut>
      </Output>
    </UnitTestResult>
    <UnitTestResult executionId="1f505e76-b05e-4417-8b9e-04bca06e0869" testId="3689eace-e9d2-67e3-a86f-48e3267af8d4" testName="Skillaz.Tests.Candidate.Appointments.SetAppointmentOnStatusChange_feature.Switch_candidate_to_self_refuse_type_status" computerName="DESKTOP-F6SKA47" duration="00:00:25.3173202" startTime="2021-12-16T16:20:10.5101593+03:00" endTime="2021-12-16T16:20:10.5101669+03:00" testType="13cdc9d9-ddb5-4fa4-a97d-d965ccfc6d4b" outcome="Passed" testListId="8c84fa94-04c1-424b-9868-57a2d4851a1d" relativeResultsDirectory="1f505e76-b05e-4417-8b9e-04bca06e0869">
      <Output>
        <StdOut>SCENARIO: Switch candidate to self refuse type status&#xD;
  STEP 1/11: GIVEN a company...&#xD;
  STEP 1/11: GIVEN a company (Passed after 352ms)&#xD;
  STEP 2/11: AND the vacancy in the company...&#xD;
  STEP 2/11: AND the vacancy in the company (Passed after 353ms)&#xD;
  STEP 3/11: AND the authenticated user...&#xD;
  STEP 3/11: AND the authenticated user (Passed after 505ms)&#xD;
  STEP 4/11: AND a funnel...&#xD;
  STEP 4/11: AND a funnel (Passed after 148ms)&#xD;
  STEP 5/11: AND client configuration with check workflow and model...&#xD;
  STEP 5/11: AND client configuration with check workflow and model (Passed after 3s 097ms)&#xD;
  STEP 6/11: AND a candidate on interview status...&#xD;
  STEP 6/11: AND a candidate on interview status (Passed after 150ms)&#xD;
  STEP 7/11: AND multiple occupied time slots [candidateId: "61bb3cf67f10d6937478adbc"]...&#xD;
  STEP 7/11: AND multiple occupied time slots [candidateId: "61bb3cf67f10d6937478adbc"] (Passed after 243ms)&#xD;
  STEP 8/11: AND multiple existing candidate "Skillaz.Candidate.Contract.Documents.Candidate.CandidateDocument" appointments...&#xD;
  STEP 8/11: AND multiple existing candidate "Skillaz.Candidate.Contract.Documents.Candidate.CandidateDocument" appointments (Passed after 1s 894ms)&#xD;
  STEP 9/11: WHEN candidate status is changed to self refuse type [candidateId: "61bb3cf67f10d6937478adbc"]...&#xD;
  STEP 9/11: WHEN candidate status is changed to self refuse type [candidateId: "61bb3cf67f10d6937478adbc"] (Passed after 16s 026ms)&#xD;
  STEP 10/11: THEN all created and transferred candidate appointments are cancelled [candidateId: "61bb3cf67f10d6937478adbc"]...&#xD;
  STEP 10/11: THEN all created and transferred candidate appointments are cancelled [candidateId: "61bb3cf67f10d6937478adbc"] (Passed after 32ms)&#xD;
  STEP 11/11: AND time slots are released [candidateId: "61bb3cf67f10d6937478adbc"]...&#xD;
  STEP 11/11: AND time slots are released [candidateId: "61bb3cf67f10d6937478adbc"] (Passed after 196ms)&#xD;
  SCENARIO RESULT: Passed after 23s 599ms</StdOut>
      </Output>
    </UnitTestResult>
    <UnitTestResult executionId="d32d038a-dd8e-497f-89ba-2f107ab151dc" testId="695a69c9-264c-d1c5-2032-535ef4bf39f9" testName="Skillaz.Tests.CompanySpecific.X5.Naumen.NaumenSlaTests.Sla_calculates_correctly_for_split_days(candidateTimeZone: 4, sla: 02:00:00, startDate: 2019-12-31T15:00:00.0000000Z, truth: [NaumenTimeRange { From = &quot;2019-12-31 18:00:00&quot;, To = &quot;2019-12-31 19:00:00&quot; }, NaumenTimeRange { From = &quot;2020-01-01 08:00:00&quot;, To = &quot;2020-01-01 09:00:00&quot; }])" computerName="DESKTOP-F6SKA47" duration="00:00:00.0000544" startTime="2021-12-16T16:16:28.9755608+03:00" endTime="2021-12-16T16:16:28.9755616+03:00" testType="13cdc9d9-ddb5-4fa4-a97d-d965ccfc6d4b" outcome="Passed" testListId="8c84fa94-04c1-424b-9868-57a2d4851a1d" relativeResultsDirectory="d32d038a-dd8e-497f-89ba-2f107ab151dc" />
    <UnitTestResult executionId="334f1111-00ab-43a4-a93a-b4e5545c2198" testId="adb65a28-6c5a-01fc-ba02-22142b78188a" testName="Skillaz.Tests.Candidate.CandidateCard_feature.Current_appointment_must_be_not_null_for_status_with_current_appointment" computerName="DESKTOP-F6SKA47" duration="00:00:03.6788801" startTime="2021-12-16T16:24:51.7165461+03:00" endTime="2021-12-16T16:24:51.7165474+03:00" testType="13cdc9d9-ddb5-4fa4-a97d-d965ccfc6d4b" outcome="Passed" testListId="8c84fa94-04c1-424b-9868-57a2d4851a1d" relativeResultsDirectory="334f1111-00ab-43a4-a93a-b4e5545c2198">
      <Output>
        <StdOut>SCENARIO: Current appointment must be not null for status with current appointment&#xD;
  STEP 1/7: GIVEN a company...&#xD;
  STEP 1/7: GIVEN a company (Passed after 270ms)&#xD;
  STEP 2/7: AND a PermanentDisplayOfLastAppointment system feature...&#xD;
  STEP 2/7: AND a PermanentDisplayOfLastAppointment system feature (Passed after 1s 564ms)&#xD;
  STEP 3/7: AND the authenticated user...&#xD;
  STEP 3/7: AND the authenticated user (Passed after 122ms)&#xD;
  STEP 4/7: AND the vacancies in the company...&#xD;
  STEP 4/7: AND the vacancies in the company (Passed after 85ms)&#xD;
  STEP 5/7: AND a candidate with current appointment...&#xD;
  STEP 5/7: AND a candidate with current appointment (Passed after 92ms)&#xD;
  STEP 6/7: WHEN get candidate card...&#xD;
  STEP 6/7: WHEN get candidate card (Passed after 907ms)&#xD;
  STEP 7/7: THEN candidates current appointment must not be null...&#xD;
  STEP 7/7: THEN candidates current appointment must not be null (Passed after 1ms)&#xD;
  SCENARIO RESULT: Passed after 3s 057ms</StdOut>
      </Output>
    </UnitTestResult>
    <UnitTestResult executionId="0258d9d7-036c-47c2-9a52-1df55f242134" testId="2137bf78-6649-c56b-9c7e-a8b898a0b345" testName="Skillaz.Tests.CompanySpecific.Perekrestok.PerekrestokRequestPriority_feature.Calculation_request_priority(supermarketType: &quot;Действующий супермаркет&quot;, requestVl: 100, employmentCandidateCount: 0, employmentFinishedCandidateCount: 0, interviewCandidateCount: 1, requestPriority: High)" computerName="DESKTOP-F6SKA47" duration="00:00:06.8099425" startTime="2021-12-16T16:23:45.7896107+03:00" endTime="2021-12-16T16:23:45.7896176+03:00" testType="13cdc9d9-ddb5-4fa4-a97d-d965ccfc6d4b" outcome="Passed" testListId="8c84fa94-04c1-424b-9868-57a2d4851a1d" relativeResultsDirectory="0258d9d7-036c-47c2-9a52-1df55f242134">
      <Output>
        <StdOut>SCENARIO: Calculation request priority [supermarketType: "Действующий супермаркет"] [requestVl: "100"] [employmentCandidateCount: "0"] [employmentFinishedCandidateCount: "0"] [interviewCandidateCount: "1"] [requestPriority: "High"]&#xD;
  STEP 1/6: GIVEN Given a company [companyId: "PerekrestokCompany"]...&#xD;
  STEP 1/6: GIVEN Given a company [companyId: "PerekrestokCompany"] (Passed after 707ms)&#xD;
  STEP 2/6: AND Given the authenticated user...&#xD;
  STEP 2/6: AND Given the authenticated user (Passed after 2s 259ms)&#xD;
  STEP 3/6: AND Given org unit and request for status [requestState: "InWork"] [supermarketType: "Действующий супермаркет"] [requestVl: "100"]...&#xD;
  STEP 3/6: AND Given org unit and request for status [requestState: "InWork"] [supermarketType: "Действующий супермаркет"] [requestVl: "100"] (Passed after 1s 419ms)&#xD;
  STEP 4/6: AND Given candidates according data and assigned to request [employmentCandidateCount: "0"] [employmentFinishedCandidateCount: "0"] [interviewCandidateCount: "1"]...&#xD;
  STEP 4/6: AND Given candidates according data and assigned to request [employmentCandidateCount: "0"] [employmentFinishedCandidateCount: "0"] [interviewCandidateCount: "1"] (Passed after 466ms)&#xD;
  STEP 5/6: WHEN When calculation priority...&#xD;
  STEP 5/6: WHEN When calculation priority (Passed after 115ms)&#xD;
  STEP 6/6: THEN Then request priority equal [requestPriority: "High"]...&#xD;
  STEP 6/6: THEN Then request priority equal [requestPriority: "High"] (Passed after 7ms)&#xD;
  SCENARIO RESULT: Passed after 5s 294ms</StdOut>
      </Output>
    </UnitTestResult>
    <UnitTestResult executionId="41fc30cd-3e2b-4d11-a2a6-1fbfdb922cc9" testId="019b787c-88b2-9680-3a7b-9251d2235f77" testName="Skillaz.Tests.CompanySpecific.X5.Naumen.NaumenSlaTests.Sla_calculates_correctly_for_next_day(candidateTimeZone: 10, sla: 02:00:00, startDate: 2019-12-31T15:00:00.0000000Z, truth: [NaumenTimeRange { From = &quot;2020-01-01 07:00:00&quot;, To = &quot;2020-01-01 09:00:00&quot; }])" computerName="DESKTOP-F6SKA47" duration="00:00:00.0000431" startTime="2021-12-16T16:16:29.3331797+03:00" endTime="2021-12-16T16:16:29.3331912+03:00" testType="13cdc9d9-ddb5-4fa4-a97d-d965ccfc6d4b" outcome="Passed" testListId="8c84fa94-04c1-424b-9868-57a2d4851a1d" relativeResultsDirectory="41fc30cd-3e2b-4d11-a2a6-1fbfdb922cc9" />
    <UnitTestResult executionId="00b3df7c-72ac-4781-a636-2d20f998bcd9" testId="c1af2337-2b17-bea0-852d-18c0f397bf9e" testName="Skillaz.Tests.Telephony.CallList_VacancyFilter_feature.Check_VacancyFilter_ByVacancyStatus" computerName="DESKTOP-F6SKA47" duration="00:00:08.1243296" startTime="2021-12-16T16:22:43.0161990+03:00" endTime="2021-12-16T16:22:43.0162064+03:00" testType="13cdc9d9-ddb5-4fa4-a97d-d965ccfc6d4b" outcome="Passed" testListId="8c84fa94-04c1-424b-9868-57a2d4851a1d" relativeResultsDirectory="00b3df7c-72ac-4781-a636-2d20f998bcd9">
      <Output>
        <StdOut>SCENARIO: Check VacancyFilter ByVacancyStatus&#xD;
  STEP 1/6: GIVEN Given a company...&#xD;
  STEP 1/6: GIVEN Given a company (Passed after 394ms)&#xD;
  STEP 2/6: AND Given Filter Configuration...&#xD;
  STEP 2/6: AND Given Filter Configuration (Passed after 590ms)&#xD;
  STEP 3/6: AND Given the authenticated user...&#xD;
  STEP 3/6: AND Given the authenticated user (Passed after 346ms)&#xD;
  STEP 4/6: AND Given vacancies and candidates...&#xD;
  STEP 4/6: AND Given vacancies and candidates (Passed after 589ms)&#xD;
  STEP 5/6: WHEN When use vacancyFilter [filterFields: "($Status, System.String[])"]...&#xD;
  STEP 5/6: WHEN When use vacancyFilter [filterFields: "($Status, System.String[])"] (Passed after 4s 537ms)&#xD;
  STEP 6/6: THEN Then candidate count "10" eq...&#xD;
  STEP 6/6: THEN Then candidate count "10" eq (Passed after 1ms)&#xD;
  SCENARIO RESULT: Passed after 6s 490ms</StdOut>
      </Output>
    </UnitTestResult>
    <UnitTestResult executionId="0a9b0e9a-3604-4bde-8623-31eab155c8f4" testId="2d0de576-8047-7e34-efa5-57031c1b0ae4" testName="Skillaz.Tests.HH.HHApiClient_feature.HH_API_client_creates_when_token_is_not_expired_but_expire_date_has_come" computerName="DESKTOP-F6SKA47" duration="00:00:11.5943888" startTime="2021-12-16T16:23:05.6449305+03:00" endTime="2021-12-16T16:23:05.6449376+03:00" testType="13cdc9d9-ddb5-4fa4-a97d-d965ccfc6d4b" outcome="Passed" testListId="8c84fa94-04c1-424b-9868-57a2d4851a1d" relativeResultsDirectory="0a9b0e9a-3604-4bde-8623-31eab155c8f4">
      <Output>
        <StdOut>SCENARIO: HH API client creates when token is not expired but expire date has come&#xD;
  STEP 1/5: GIVEN a company with allowed employers...&#xD;
  STEP 1/5: GIVEN a company with allowed employers (Passed after 408ms)&#xD;
  STEP 2/5: AND the authenticated user...&#xD;
  STEP 2/5: AND the authenticated user (Passed after 528ms)&#xD;
  STEP 3/5: AND hh account with not expired token but expire date has come...&#xD;
  STEP 3/5: AND hh account with not expired token but expire date has come (Passed after 377ms)&#xD;
  STEP 4/5: WHEN api client is requested...&#xD;
  STEP 4/5: WHEN api client is requested (Passed after 6s 892ms)&#xD;
  STEP 5/5: THEN api client is successfully created...&#xD;
  STEP 5/5: THEN api client is successfully created (Passed after 4ms)&#xD;
  SCENARIO RESULT: Passed after 8s 214ms</StdOut>
      </Output>
    </UnitTestResult>
    <UnitTestResult executionId="4a98befc-640e-4713-8f3d-e410c08421f2" testId="019b787c-88b2-9680-3a7b-9251d2235f77" testName="Skillaz.Tests.CompanySpecific.X5.Naumen.NaumenSlaTests.Sla_calculates_correctly_for_next_day(candidateTimeZone: 3, sla: 02:00:00, startDate: 2020-01-01T00:00:00.0000000Z, truth: [NaumenTimeRange { From = &quot;2020-01-01 09:00:00&quot;, To = &quot;2020-01-01 11:00:00&quot; }])" computerName="DESKTOP-F6SKA47" duration="00:00:00.0000753" startTime="2021-12-16T16:16:29.0772633+03:00" endTime="2021-12-16T16:16:29.0772637+03:00" testType="13cdc9d9-ddb5-4fa4-a97d-d965ccfc6d4b" outcome="Passed" testListId="8c84fa94-04c1-424b-9868-57a2d4851a1d" relativeResultsDirectory="4a98befc-640e-4713-8f3d-e410c08421f2" />
    <UnitTestResult executionId="520edbad-36a8-44d8-ab3c-b3d59ff7845d" testId="019b787c-88b2-9680-3a7b-9251d2235f77" testName="Skillaz.Tests.CompanySpecific.X5.Naumen.NaumenSlaTests.Sla_calculates_correctly_for_next_day(candidateTimeZone: 2, sla: 02:00:00, startDate: 2020-01-01T05:30:00.0000000Z, truth: [NaumenTimeRange { From = &quot;2020-01-01 10:00:00&quot;, To = &quot;2020-01-01 12:00:00&quot; }])" computerName="DESKTOP-F6SKA47" duration="00:00:00.0000314" startTime="2021-12-16T16:16:29.0708712+03:00" endTime="2021-12-16T16:16:29.0708719+03:00" testType="13cdc9d9-ddb5-4fa4-a97d-d965ccfc6d4b" outcome="Passed" testListId="8c84fa94-04c1-424b-9868-57a2d4851a1d" relativeResultsDirectory="520edbad-36a8-44d8-ab3c-b3d59ff7845d" />
    <UnitTestResult executionId="87f3b7e1-9550-4af6-87c9-a05a24c68afa" testId="c7785b27-cac0-ee54-f9ef-217e039e1a39" testName="Skillaz.Tests.CompanySpecific.Mvideo.MvideoAvaliablePositionsRequestWithAdvancedSearch_feature.Check_available_position_with_change_staff_and_employees_counts(initialCount: (3, 0), changeCount: (0, 0), requestCount: (1, 0), approvedCount: 4)" computerName="DESKTOP-F6SKA47" duration="00:00:00.0010000" startTime="2021-12-16T16:29:48.0278440+03:00" endTime="2021-12-16T16:29:48.0278602+03:00" testType="13cdc9d9-ddb5-4fa4-a97d-d965ccfc6d4b" outcome="NotExecuted" testListId="8c84fa94-04c1-424b-9868-57a2d4851a1d" relativeResultsDirectory="87f3b7e1-9550-4af6-87c9-a05a24c68afa">
      <Output>
        <StdOut>Вернуть как только поправим высчитывание заявок на поиск в mvideo</StdOut>
      </Output>
    </UnitTestResult>
    <UnitTestResult executionId="1e59bb60-3dc1-4800-89da-e9461e2eb3d7" testId="85cc2ca5-2fc6-e34d-7b9e-ed36e616dbe9" testName="Skillaz.Tests.CompanySpecific.Rosatom.RosatomCandidateWorkflowTriggers_feature.Job_offer_state_changed(toCandidateStatusId: &quot;JobOfferApprovedByCandidate&quot;, triggerType: typeof(Skillaz.ClientConfiguration.Rosatom.WorkflowTriggers.CandidateStatusChangeToJobOfferApprovedByCandidate))" computerName="DESKTOP-F6SKA47" duration="00:00:19.3523086" startTime="2021-12-16T16:26:33.2959912+03:00" endTime="2021-12-16T16:26:33.2959941+03:00" testType="13cdc9d9-ddb5-4fa4-a97d-d965ccfc6d4b" outcome="Passed" testListId="8c84fa94-04c1-424b-9868-57a2d4851a1d" relativeResultsDirectory="1e59bb60-3dc1-4800-89da-e9461e2eb3d7">
      <Output>
        <StdOut>SCENARIO: Job offer state changed [toCandidateStatusId: "JobOfferApprovedByCandidate"] [triggerType: "Skillaz.ClientConfiguration.Rosatom.WorkflowTriggers.CandidateStatusChangeToJobOfferApprovedByCandidate"]&#xD;
  STEP 1/10: GIVEN a company...&#xD;
  STEP 1/10: GIVEN a company (Passed after 268ms)&#xD;
  STEP 2/10: AND the authenticated user...&#xD;
  STEP 2/10: AND the authenticated user (Passed after 402ms)&#xD;
  STEP 3/10: AND a vacancy...&#xD;
  STEP 3/10: AND a vacancy (Passed after 642ms)&#xD;
  STEP 4/10: AND a model [fromJOStateId: "fromJOStateId"] [toJOStateId: "toJOStateId"] [fromCandidateStatusId: "fromCandidateStatusId"] [toCandidateStatusId: "JobOfferApprovedByCandidate"] [triggerType: "Skillaz.ClientConfiguration.Rosatom.WorkflowTriggers.CandidateStatusChangeToJobOfferApprovedByCandidate"]...&#xD;
  STEP 4/10: AND a model [fromJOStateId: "fromJOStateId"] [toJOStateId: "toJOStateId"] [fromCandidateStatusId: "fromCandidateStatusId"] [toCandidateStatusId: "JobOfferApprovedByCandidate"] [triggerType: "Skillaz.ClientConfiguration.Rosatom.WorkflowTriggers.CandidateStatusChangeToJobOfferApprovedByCandidate"] (Passed after 1s 781ms)&#xD;
  STEP 5/10: AND a candidate [currentStatusId: "fromCandidateStatusId"]...&#xD;
  STEP 5/10: AND a candidate [currentStatusId: "fromCandidateStatusId"] (Passed after 1s 208ms)&#xD;
  STEP 6/10: AND a job offer [currentJOStateId: "fromJOStateId"] [currentCandidateStatusId: "fromCandidateStatusId"]...&#xD;
  STEP 6/10: AND a job offer [currentJOStateId: "fromJOStateId"] [currentCandidateStatusId: "fromCandidateStatusId"] (Passed after 628ms)&#xD;
  STEP 7/10: WHEN job offer state changed [toJOStateId: "toJOStateId"]...&#xD;
  STEP 7/10: WHEN job offer state changed [toJOStateId: "toJOStateId"] (Passed after 9s 475ms)&#xD;
  STEP 8/10: THEN no exception is thrown...&#xD;
  STEP 8/10: THEN no exception is thrown (Passed after 39ms)&#xD;
  STEP 9/10: AND job offer in correct state [toJOStateId: "toJOStateId"]...&#xD;
  STEP 9/10: AND job offer in correct state [toJOStateId: "toJOStateId"] (Passed after 253ms)&#xD;
  STEP 10/10: AND candidate in correct status [toCandidateStatusId: "JobOfferApprovedByCandidate"]...&#xD;
  STEP 10/10: AND candidate in correct status [toCandidateStatusId: "JobOfferApprovedByCandidate"] (Passed after 406ms)&#xD;
  SCENARIO RESULT: Passed after 15s 171ms</StdOut>
      </Output>
    </UnitTestResult>
    <UnitTestResult executionId="1f851228-7262-4277-a716-d574a59538fb" testId="28a328bc-3763-3a43-68c4-a1d047ad3d0a" testName="Skillaz.Tests.Assessment.Questionnaires.SimulationQuestionnaire_feature.Updating_a_questionnaire" computerName="DESKTOP-F6SKA47" duration="00:00:04.2025263" startTime="2021-12-16T16:27:17.8525485+03:00" endTime="2021-12-16T16:27:17.8525492+03:00" testType="13cdc9d9-ddb5-4fa4-a97d-d965ccfc6d4b" outcome="Passed" testListId="8c84fa94-04c1-424b-9868-57a2d4851a1d" relativeResultsDirectory="1f851228-7262-4277-a716-d574a59538fb">
      <Output>
        <StdOut>SCENARIO: Updating a questionnaire&#xD;
  STEP 1/5: GIVEN a company...&#xD;
  STEP 1/5: GIVEN a company (Passed after 305ms)&#xD;
  STEP 2/5: AND the authenticated user...&#xD;
  STEP 2/5: AND the authenticated user (Passed after 1s 745ms)&#xD;
  STEP 3/5: AND the questionnaire...&#xD;
  STEP 3/5: AND the questionnaire (Passed after 428ms)&#xD;
  STEP 4/5: WHEN questionnaire is updated...&#xD;
  STEP 4/5: WHEN questionnaire is updated (Passed after 389ms)&#xD;
  STEP 5/5: Questionnaire should be updated...&#xD;
  STEP 5/5: Questionnaire should be updated (Passed after 47ms)&#xD;
  SCENARIO RESULT: Passed after 2s 917ms</StdOut>
      </Output>
    </UnitTestResult>
    <UnitTestResult executionId="a5f22b91-4cda-416c-8407-d0321191297e" testId="019b787c-88b2-9680-3a7b-9251d2235f77" testName="Skillaz.Tests.CompanySpecific.X5.Naumen.NaumenSlaTests.Sla_calculates_correctly_for_next_day(candidateTimeZone: 10, sla: 02:00:00, startDate: 2019-12-31T11:00:00.0000000Z, truth: [NaumenTimeRange { From = &quot;2020-01-01 07:00:00&quot;, To = &quot;2020-01-01 09:00:00&quot; }])" computerName="DESKTOP-F6SKA47" duration="00:00:00.0000438" startTime="2021-12-16T16:16:29.3281044+03:00" endTime="2021-12-16T16:16:29.3281047+03:00" testType="13cdc9d9-ddb5-4fa4-a97d-d965ccfc6d4b" outcome="Passed" testListId="8c84fa94-04c1-424b-9868-57a2d4851a1d" relativeResultsDirectory="a5f22b91-4cda-416c-8407-d0321191297e" />
    <UnitTestResult executionId="736ff490-2489-479b-82de-1844d11513c2" testId="10fdc03c-d73f-6007-092f-c917202b6a98" testName="Skillaz.Tests.Configurator.DocumentModel.Builder.Зарегистрировать_модель_в_конфигурации_через_билдер_зарегистрировать_пайплайн_через_код" computerName="DESKTOP-F6SKA47" duration="00:00:02.6702293" startTime="2021-12-16T16:24:42.5145161+03:00" endTime="2021-12-16T16:24:42.5145200+03:00" testType="13cdc9d9-ddb5-4fa4-a97d-d965ccfc6d4b" outcome="Passed" testListId="8c84fa94-04c1-424b-9868-57a2d4851a1d" relativeResultsDirectory="736ff490-2489-479b-82de-1844d11513c2">
      <Output>
        <StdOut>SCENARIO: Зарегистрировать модель в конфигурации через билдер зарегистрировать пайплайн через код&#xD;
  STEP 1/7: GIVEN a company...&#xD;
  STEP 1/7: GIVEN a company (Passed after 447ms)&#xD;
  STEP 2/7: AND the authenticated user...&#xD;
  STEP 2/7: AND the authenticated user (Passed after 973ms)&#xD;
  STEP 3/7: в конфигурации преднастроенная модель...&#xD;
  STEP 3/7: в конфигурации преднастроенная модель (Passed after 138ms)&#xD;
  STEP 4/7: зарегистрировать пайплайн...&#xD;
  STEP 4/7: зарегистрировать пайплайн (Passed after 11ms)&#xD;
  STEP 5/7: зарегистрировать модель через билдер...&#xD;
  STEP 5/7: зарегистрировать модель через билдер (Passed after 48ms)&#xD;
  STEP 6/7: в конфигурации обновленная схема с полями из пайплайна...&#xD;
  STEP 6/7: в конфигурации обновленная схема с полями из пайплайна (Passed after 7ms)&#xD;
  STEP 7/7: генерируется корректная модель с полями из пайплайна...&#xD;
  STEP 7/7: генерируется корректная модель с полями из пайплайна (Passed after 15ms)&#xD;
  SCENARIO RESULT: Passed after 1s 645ms</StdOut>
      </Output>
    </UnitTestResult>
    <UnitTestResult executionId="a2003e4c-27b1-43f5-b857-c40c8446afb0" testId="c6db2c03-4e81-d58f-b074-ef3541e29887" testName="Skillaz.Tests.Candidate.Checks.AutoStartChecks_feature.Candidate_check_notification_sent" computerName="DESKTOP-F6SKA47" duration="00:00:14.4076779" startTime="2021-12-16T16:20:21.5506687+03:00" endTime="2021-12-16T16:20:21.5506707+03:00" testType="13cdc9d9-ddb5-4fa4-a97d-d965ccfc6d4b" outcome="Passed" testListId="8c84fa94-04c1-424b-9868-57a2d4851a1d" relativeResultsDirectory="a2003e4c-27b1-43f5-b857-c40c8446afb0">
      <Output>
        <StdOut>SCENARIO: Candidate check notification sent&#xD;
  STEP 1/9: GIVEN a company...&#xD;
  STEP 1/9: GIVEN a company (Passed after 329ms)&#xD;
  STEP 2/9: AND the vacancy in the company...&#xD;
  STEP 2/9: AND the vacancy in the company (Passed after 257ms)&#xD;
  STEP 3/9: AND a funnel...&#xD;
  STEP 3/9: AND a funnel (Passed after 138ms)&#xD;
  STEP 4/9: AND the authenticated user...&#xD;
  STEP 4/9: AND the authenticated user (Passed after 1s 021ms)&#xD;
  STEP 5/9: AND email type...&#xD;
  STEP 5/9: AND email type (Passed after 416ms)&#xD;
  STEP 6/9: AND client configuration with email notification...&#xD;
  STEP 6/9: AND client configuration with email notification (Passed after 3s 167ms)&#xD;
  STEP 7/9: AND a candidate without check...&#xD;
  STEP 7/9: AND a candidate without check (Passed after 673ms)&#xD;
  STEP 8/9: WHEN initialize check...&#xD;
  STEP 8/9: WHEN initialize check (Passed after 6s 229ms)&#xD;
  STEP 9/9: THEN notification sent...&#xD;
  STEP 9/9: THEN notification sent (Passed after 371ms)&#xD;
  SCENARIO RESULT: Passed after 12s 656ms</StdOut>
      </Output>
    </UnitTestResult>
    <UnitTestResult executionId="f8c72673-9582-49fc-b383-68dee601271e" testId="a51d1c91-8df0-6a13-e4ee-ae3907bd3abd" testName="Skillaz.Tests.Authorization.AuthLoginWorkflowService_Login_feature.Do_login_by_email_with_user_with_SSO_excepts_exception" computerName="DESKTOP-F6SKA47" duration="00:00:00.6023900" startTime="2021-12-16T16:22:29.4140344+03:00" endTime="2021-12-16T16:22:29.4140366+03:00" testType="13cdc9d9-ddb5-4fa4-a97d-d965ccfc6d4b" outcome="Passed" testListId="8c84fa94-04c1-424b-9868-57a2d4851a1d" relativeResultsDirectory="f8c72673-9582-49fc-b383-68dee601271e">
      <Output>
        <StdOut>SCENARIO: Do login by email with user with SSO excepts exception&#xD;
  STEP 1/4: GIVEN a company...&#xD;
  STEP 1/4: GIVEN a company (Passed after 89ms)&#xD;
  STEP 2/4: AND a user with SSO auth...&#xD;
  STEP 2/4: AND a user with SSO auth (Passed after 218ms)&#xD;
  STEP 3/4: WHEN doing a login "v.pupkin@skillaz.co" attempt [password: "strong_Asdasd123asdasd$Asdasd123asdasd$^1"]...&#xD;
  STEP 3/4: WHEN doing a login "v.pupkin@skillaz.co" attempt [password: "strong_Asdasd123asdasd$Asdasd123asdasd$^1"] (Passed after 200ms)&#xD;
  STEP 4/4: THEN ensure it is wrong credentials exception...&#xD;
  STEP 4/4: THEN ensure it is wrong credentials exception (Passed after &lt;1ms)&#xD;
  SCENARIO RESULT: Passed after 515ms</StdOut>
      </Output>
    </UnitTestResult>
    <UnitTestResult executionId="1f15c6bf-69fd-4c27-a634-0492871920ff" testId="f073a012-45ce-ba04-cf87-f821494c1d22" testName="Skillaz.Tests.DocumentModels.Refs.ConfigureRefsFromUser_feature.Зависимые_поля_из_пользователя_подставляются_в_ОЕ" computerName="DESKTOP-F6SKA47" duration="00:00:17.8731595" startTime="2021-12-16T16:18:14.9763140+03:00" endTime="2021-12-16T16:18:14.9763291+03:00" testType="13cdc9d9-ddb5-4fa4-a97d-d965ccfc6d4b" outcome="Passed" testListId="8c84fa94-04c1-424b-9868-57a2d4851a1d" relativeResultsDirectory="1f15c6bf-69fd-4c27-a634-0492871920ff">
      <Output>
        <StdOut>SCENARIO: Зависимые поля из пользователя подставляются в ОЕ&#xD;
  STEP 1/8: GIVEN a company...&#xD;
  STEP 1/8: GIVEN a company (Passed after 535ms)&#xD;
  STEP 2/8: AND the authenticated user...&#xD;
  STEP 2/8: AND the authenticated user (Passed after 550ms)&#xD;
  STEP 3/8: Подготовить конфигурацию DM...&#xD;
  STEP 3/8: Подготовить конфигурацию DM (Passed after 570ms)&#xD;
  STEP 4/8: Создать пользователя...&#xD;
  STEP 4/8: Создать пользователя (Passed after 76ms)&#xD;
  STEP 5/8: Создать орг единицу...&#xD;
  STEP 5/8: Создать орг единицу (Passed after 4s 719ms)&#xD;
  STEP 6/8: Проверить что ОЕ скопировал поля из пользователя...&#xD;
  STEP 6/8: Проверить что ОЕ скопировал поля из пользователя (Passed after 211ms)&#xD;
  STEP 7/8: Изменить пользователя...&#xD;
  STEP 7/8: Изменить пользователя (Passed after 10s 803ms)&#xD;
  STEP 8/8: Проверить что в ОЕ обновились поля из пользователя...&#xD;
  STEP 8/8: Проверить что в ОЕ обновились поля из пользователя (Passed after 134ms)&#xD;
  SCENARIO RESULT: Passed after 17s 612ms</StdOut>
      </Output>
    </UnitTestResult>
    <UnitTestResult executionId="291206dc-cd6b-4da5-9038-b3b921dcf936" testId="25ecfa4f-f473-2d64-471a-8f46f60bb777" testName="Skillaz.Tests.CompanySpecific.Perekrestok.PerekrestokVacancyPriority_feature.Calculation_vacancy_priority(requestPriorities: [Unknown, Low, Normal], expectedResult: Normal)" computerName="DESKTOP-F6SKA47" duration="00:00:02.4654994" startTime="2021-12-16T16:24:39.1709038+03:00" endTime="2021-12-16T16:24:39.1709083+03:00" testType="13cdc9d9-ddb5-4fa4-a97d-d965ccfc6d4b" outcome="Passed" testListId="8c84fa94-04c1-424b-9868-57a2d4851a1d" relativeResultsDirectory="291206dc-cd6b-4da5-9038-b3b921dcf936">
      <Output>
        <StdOut>SCENARIO: Calculation vacancy priority [requestPriorities: "Unknown, Low, Normal"] [expectedResult: "Normal"]&#xD;
  STEP 1/5: GIVEN Given a company [companyId: "PerekrestokCompany"]...&#xD;
  STEP 1/5: GIVEN Given a company [companyId: "PerekrestokCompany"] (Passed after 357ms)&#xD;
  STEP 2/5: AND Given the vacancy in the company...&#xD;
  STEP 2/5: AND Given the vacancy in the company (Passed after 354ms)&#xD;
  STEP 3/5: AND Given the requests from list priority [requestPriorities: "Unknown, Low, Normal"]...&#xD;
  STEP 3/5: AND Given the requests from list priority [requestPriorities: "Unknown, Low, Normal"] (Passed after 210ms)&#xD;
  STEP 4/5: WHEN When calculation priority...&#xD;
  STEP 4/5: WHEN When calculation priority (Passed after 1s 183ms)&#xD;
  STEP 5/5: THEN Then vacancy priority "Normal" equal...&#xD;
  STEP 5/5: THEN Then vacancy priority "Normal" equal (Passed after 55ms)&#xD;
  SCENARIO RESULT: Passed after 2s 176ms</StdOut>
      </Output>
    </UnitTestResult>
    <UnitTestResult executionId="a56f9eaa-1d26-4e36-b551-302d876d0aa8" testId="63f59dcd-34b0-4fd2-afc9-975a87cbfec4" testName="Skillaz.Tests.TaskTracker.TaskAction_feature.Ensure_that_candidate_not_switched_no_delay_by_additional_source" computerName="DESKTOP-F6SKA47" duration="00:00:06.8802811" startTime="2021-12-16T16:22:20.1678088+03:00" endTime="2021-12-16T16:22:20.1678104+03:00" testType="13cdc9d9-ddb5-4fa4-a97d-d965ccfc6d4b" outcome="Passed" testListId="8c84fa94-04c1-424b-9868-57a2d4851a1d" relativeResultsDirectory="a56f9eaa-1d26-4e36-b551-302d876d0aa8">
      <Output>
        <StdOut>SCENARIO: Ensure that candidate not switched no delay by additional source&#xD;
  STEP 1/9: GIVEN a company...&#xD;
  STEP 1/9: GIVEN a company (Passed after 193ms)&#xD;
  STEP 2/9: AND the authenticated user...&#xD;
  STEP 2/9: AND the authenticated user (Passed after 552ms)&#xD;
  STEP 3/9: AND the delay config when main source "Other" and status to approved [additionalSource: "10"]...&#xD;
  STEP 3/9: AND the delay config when main source "Other" and status to approved [additionalSource: "10"] (Passed after &lt;1ms)&#xD;
  STEP 4/9: AND the funnel and rules action for configuration...&#xD;
  STEP 4/9: AND the funnel and rules action for configuration (Passed after 290ms)&#xD;
  STEP 5/9: AND the vacancy in the company [funnelId: "61bb3d857f10d6937478ceea"]...&#xD;
  STEP 5/9: AND the vacancy in the company [funnelId: "61bb3d857f10d6937478ceea"] (Passed after 248ms)&#xD;
  STEP 6/9: AND a candidate with source "Other" [aditionalSources: "12"]...&#xD;
  STEP 6/9: AND a candidate with source "Other" [aditionalSources: "12"] (Passed after 231ms)&#xD;
  STEP 7/9: WHEN switch candidate to status [statusTo: "training"]...&#xD;
  STEP 7/9: WHEN switch candidate to status [statusTo: "training"] (Passed after 3s 687ms)&#xD;
  STEP 8/9: THEN candidate in status [statusId: "training"]...&#xD;
  STEP 8/9: THEN candidate in status [statusId: "training"] (Passed after 5ms)&#xD;
  STEP 9/9: AND is finished tasks...&#xD;
  STEP 9/9: AND is finished tasks (Passed after 1ms)&#xD;
  SCENARIO RESULT: Passed after 5s 227ms</StdOut>
      </Output>
    </UnitTestResult>
    <UnitTestResult executionId="d8c9a95f-7ba6-4d35-ae13-7278e6b2f839" testId="019b787c-88b2-9680-3a7b-9251d2235f77" testName="Skillaz.Tests.CompanySpecific.X5.Naumen.NaumenSlaTests.Sla_calculates_correctly_for_next_day(candidateTimeZone: 2, sla: 02:00:00, startDate: 2020-01-01T03:00:00.0000000Z, truth: [NaumenTimeRange { From = &quot;2020-01-01 10:00:00&quot;, To = &quot;2020-01-01 12:00:00&quot; }])" computerName="DESKTOP-F6SKA47" duration="00:00:00.0000386" startTime="2021-12-16T16:16:29.0702918+03:00" endTime="2021-12-16T16:16:29.0702931+03:00" testType="13cdc9d9-ddb5-4fa4-a97d-d965ccfc6d4b" outcome="Passed" testListId="8c84fa94-04c1-424b-9868-57a2d4851a1d" relativeResultsDirectory="d8c9a95f-7ba6-4d35-ae13-7278e6b2f839" />
    <UnitTestResult executionId="f9d24c4a-5d30-4e51-9653-b8cbbd68874c" testId="38875aae-51f7-e976-aeb7-5ea7393dfbfb" testName="Skillaz.Tests.Request.X5.X5GetRequestListCommand_feature.If_request_has_no_schedule_result_name_should_not_contain_schedule_part_at_all" computerName="DESKTOP-F6SKA47" duration="00:00:09.1324109" startTime="2021-12-16T16:25:02.3041411+03:00" endTime="2021-12-16T16:25:02.3041429+03:00" testType="13cdc9d9-ddb5-4fa4-a97d-d965ccfc6d4b" outcome="Passed" testListId="8c84fa94-04c1-424b-9868-57a2d4851a1d" relativeResultsDirectory="f9d24c4a-5d30-4e51-9653-b8cbbd68874c">
      <Output>
        <StdOut>SCENARIO: If request has no schedule result name should not contain schedule part at all&#xD;
  STEP 1/8: GIVEN a company [companyId: "61bb3e257f10d6937478e0f0"]...&#xD;
  STEP 1/8: GIVEN a company [companyId: "61bb3e257f10d6937478e0f0"] (Passed after 250ms)&#xD;
  STEP 2/8: AND the vacancy in the company...&#xD;
  STEP 2/8: AND the vacancy in the company (Passed after 383ms)&#xD;
  STEP 3/8: AND candidate "Skillaz.Candidate.Contract.Documents.Candidate.CandidateDocument"...&#xD;
  STEP 3/8: AND candidate "Skillaz.Candidate.Contract.Documents.Candidate.CandidateDocument" (Passed after 266ms)&#xD;
  STEP 4/8: AND request "Skillaz.Candidate.Contract.Request.RequestDocument"...&#xD;
  STEP 4/8: AND request "Skillaz.Candidate.Contract.Request.RequestDocument" (Passed after 128ms)&#xD;
  STEP 5/8: AND created indexes for requests...&#xD;
  STEP 5/8: AND created indexes for requests (Passed after 7s 132ms)&#xD;
  STEP 6/8: AND candidate profile [candidateProfileDocument: "Skillaz.Candidate.Contract.Documents.CandidateProfile.CandidateProfileDocument"]...&#xD;
  STEP 6/8: AND candidate profile [candidateProfileDocument: "Skillaz.Candidate.Contract.Documents.CandidateProfile.CandidateProfileDocument"] (Passed after 104ms)&#xD;
  STEP 7/8: WHEN getting available requests list...&#xD;
  STEP 7/8: WHEN getting available requests list (Passed after 67ms)&#xD;
  STEP 8/8: THEN result list consists of one element with name "Request #1020 (Расстояние: 28.2 км.) Moscow, Pokryshkina, 10/2, тип: Обычный, от 10000 до 20000 руб, пол: Не важно"...&#xD;
  STEP 8/8: THEN result list consists of one element with name "Request #1020 (Расстояние: 28.2 км.) Moscow, Pokryshkina, 10/2, тип: Обычный, от 10000 до 20000 руб, пол: Не важно" (Passed after &lt;1ms)&#xD;
  SCENARIO RESULT: Passed after 8s 352ms</StdOut>
      </Output>
    </UnitTestResult>
    <UnitTestResult executionId="9af04f03-920c-4ed7-807a-bb65aaabf54e" testId="0c5af242-79be-bd17-d201-37d96674401b" testName="Skillaz.Tests.Assessment.Interviews.InterviewStepSwitcherFeature.When_funnels_checks_has_only_not_valid_check_types_get_candidate_check_types_returns_empty_valid_checks" computerName="DESKTOP-F6SKA47" duration="00:00:00.1862130" startTime="2021-12-16T16:24:47.1349489+03:00" endTime="2021-12-16T16:24:47.1349512+03:00" testType="13cdc9d9-ddb5-4fa4-a97d-d965ccfc6d4b" outcome="Passed" testListId="8c84fa94-04c1-424b-9868-57a2d4851a1d" relativeResultsDirectory="9af04f03-920c-4ed7-807a-bb65aaabf54e">
      <Output>
        <StdOut>SCENARIO: When funnels checks has only not valid check types get candidate check types returns empty valid checks&#xD;
  STEP 1/5: GIVEN a company...&#xD;
  STEP 1/5: GIVEN a company (Passed after 129ms)&#xD;
  STEP 2/5: AND the funnel...&#xD;
  STEP 2/5: AND the funnel (Passed after &lt;1ms)&#xD;
  STEP 3/5: AND the candidate checks [CanStartFromAnyStatus: "False"]...&#xD;
  STEP 3/5: AND the candidate checks [CanStartFromAnyStatus: "False"] (Passed after &lt;1ms)&#xD;
  STEP 4/5: WHEN get the check types...&#xD;
  STEP 4/5: WHEN get the check types (Passed after &lt;1ms)&#xD;
  STEP 5/5: THEN check types is empty...&#xD;
  STEP 5/5: THEN check types is empty (Passed after &lt;1ms)&#xD;
  SCENARIO RESULT: Passed after 163ms</StdOut>
      </Output>
    </UnitTestResult>
    <UnitTestResult executionId="6ffd62ed-a70b-4c4f-9130-7bbbe1354070" testId="5c36a504-331a-f6d9-34c9-5fef70151417" testName="Skillaz.Tests.Telephony.MightyCall_callbacks_feature.Saving_callback_after_sync_Request_unprocessed" computerName="DESKTOP-F6SKA47" duration="00:00:15.5354495" startTime="2021-12-16T16:23:59.7781023+03:00" endTime="2021-12-16T16:23:59.7781079+03:00" testType="13cdc9d9-ddb5-4fa4-a97d-d965ccfc6d4b" outcome="Passed" testListId="8c84fa94-04c1-424b-9868-57a2d4851a1d" relativeResultsDirectory="6ffd62ed-a70b-4c4f-9130-7bbbe1354070">
      <Output>
        <StdOut>SCENARIO: Saving callback after sync Request unprocessed&#xD;
  STEP 1/9: GIVEN a company...&#xD;
  STEP 1/9: GIVEN a company (Passed after 626ms)&#xD;
  STEP 2/9: AND a candidate in a vacancy in a company...&#xD;
  STEP 2/9: AND a candidate in a vacancy in a company (Passed after 904ms)&#xD;
  STEP 3/9: AND outgoing campaign...&#xD;
  STEP 3/9: AND outgoing campaign (Passed after 414ms)&#xD;
  STEP 4/9: AND processed MightyCall request Skillaz...&#xD;
  STEP 4/9: AND processed MightyCall request Skillaz (Passed after 2s 334ms)&#xD;
  STEP 5/9: AND processed MightyCall request Mc...&#xD;
  STEP 5/9: AND processed MightyCall request Mc (Passed after 11ms)&#xD;
  STEP 6/9: AND unprocessed MightyCall request...&#xD;
  STEP 6/9: AND unprocessed MightyCall request (Passed after 328ms)&#xD;
  STEP 7/9: WHEN sync campaign...&#xD;
  STEP 7/9: WHEN sync campaign (Passed after 9s 405ms)&#xD;
  STEP 8/9: THEN unprocessed callback saved...&#xD;
  STEP 8/9: THEN unprocessed callback saved (Passed after 612ms)&#xD;
  STEP 9/9: AND unprocessed request is deleted...&#xD;
  STEP 9/9: AND unprocessed request is deleted (Passed after 100ms)&#xD;
  SCENARIO RESULT: Passed after 14s 849ms</StdOut>
      </Output>
    </UnitTestResult>
    <UnitTestResult executionId="8f8fbfbc-89bd-4b3d-b8dc-40b73db3f655" testId="2a62cead-e620-26d3-a5ba-1cc8e4102c3f" testName="Skillaz.Tests.CompanySpecific.Mvideo.MvideoOpenApiSapAvaliablePositionsHireNeedBatchRequest_feature.CheckAvaliablePositionsInHireNeedAfterOpenApiRequest_InHold(staffCount: 6, employeesCount: 4, manualApprovedCounts: [2], batchOrgItems: (5, 4), expected: (1, Кейс 2. Размер поиска = 1))" computerName="DESKTOP-F6SKA47" duration="00:00:00.0010000" startTime="2021-12-16T16:29:36.4170751+03:00" endTime="2021-12-16T16:29:36.4170777+03:00" testType="13cdc9d9-ddb5-4fa4-a97d-d965ccfc6d4b" outcome="NotExecuted" testListId="8c84fa94-04c1-424b-9868-57a2d4851a1d" relativeResultsDirectory="8f8fbfbc-89bd-4b3d-b8dc-40b73db3f655">
      <Output>
        <StdOut>Вернуть тесты после правок по потребностям Mvideo</StdOut>
      </Output>
    </UnitTestResult>
    <UnitTestResult executionId="144c62b6-2d12-472c-9d6f-7e37550fc91b" testId="7e288c36-a294-b6c8-96e8-06d06272e4e7" testName="Skillaz.Tests.OpenApi.CreateNewCandidate_feature.Check_candidate_with_data_created" computerName="DESKTOP-F6SKA47" duration="00:00:29.2265692" startTime="2021-12-16T16:26:35.1517724+03:00" endTime="2021-12-16T16:26:35.1517758+03:00" testType="13cdc9d9-ddb5-4fa4-a97d-d965ccfc6d4b" outcome="Passed" testListId="8c84fa94-04c1-424b-9868-57a2d4851a1d" relativeResultsDirectory="144c62b6-2d12-472c-9d6f-7e37550fc91b">
      <Output>
        <StdOut>SCENARIO: Check candidate with data created&#xD;
  STEP 1/6: GIVEN a company...&#xD;
  STEP 1/6: GIVEN a company (Passed after 156ms)&#xD;
  STEP 2/6: AND the authenticated user...&#xD;
  STEP 2/6: AND the authenticated user (Passed after 394ms)&#xD;
  STEP 3/6: AND the vacancy in the company...&#xD;
  STEP 3/6: AND the vacancy in the company (Passed after 163ms)&#xD;
  STEP 4/6: WHEN candidate with data creation requested...&#xD;
  STEP 4/6: WHEN candidate with data creation requested (Passed after 26s 721ms)&#xD;
  STEP 5/6: THEN candidate with data exists...&#xD;
  STEP 5/6: THEN candidate with data exists (Passed after 79ms)&#xD;
  STEP 6/6: AND extradata is correct...&#xD;
  STEP 6/6: AND extradata is correct (Passed after 23ms)&#xD;
  SCENARIO RESULT: Passed after 27s 545ms</StdOut>
      </Output>
    </UnitTestResult>
    <UnitTestResult executionId="4b7aedbd-87c4-4317-92cb-82e275ee5a3c" testId="ac6c84f8-e573-fc69-fba4-f9d6d89f8cea" testName="Skillaz.Tests.TaskTracker.HireRequests.TaskProcess_HireRequest_feature.Successful_process_for_hire_request_created" computerName="DESKTOP-F6SKA47" duration="00:00:06.2060639" startTime="2021-12-16T16:20:38.9718342+03:00" endTime="2021-12-16T16:20:38.9718393+03:00" testType="13cdc9d9-ddb5-4fa4-a97d-d965ccfc6d4b" outcome="Passed" testListId="8c84fa94-04c1-424b-9868-57a2d4851a1d" relativeResultsDirectory="4b7aedbd-87c4-4317-92cb-82e275ee5a3c">
      <Output>
        <StdOut>SCENARIO: Successful process for hire request created&#xD;
  STEP 1/6: GIVEN a company...&#xD;
  STEP 1/6: GIVEN a company (Passed after 117ms)&#xD;
  STEP 2/6: AND the authenticated user...&#xD;
  STEP 2/6: AND the authenticated user (Passed after 350ms)&#xD;
  STEP 3/6: AND company configuration items...&#xD;
  STEP 3/6: AND company configuration items (Passed after 864ms)&#xD;
  STEP 4/6: AND a users...&#xD;
  STEP 4/6: AND a users (Passed after 107ms)&#xD;
  STEP 5/6: WHEN hire request created...&#xD;
  STEP 5/6: WHEN hire request created (Passed after 3s 471ms)&#xD;
  STEP 6/6: THEN appropriate task created after request created...&#xD;
  STEP 6/6: THEN appropriate task created after request created (Passed after 290ms)&#xD;
  SCENARIO RESULT: Passed after 5s 469ms</StdOut>
      </Output>
    </UnitTestResult>
    <UnitTestResult executionId="89f540b5-d6af-4560-aee6-774ec9ec2cd3" testId="bf32fa02-dee7-ad9c-454b-9a015e08dcac" testName="Skillaz.Tests.Vacancy.CompanySpecific.MvideoTransferToAnotherVacancy_When_Msp_Fail_feature.ChangeVacancy_in_one_funnel_If_Msp_throw_issue" computerName="DESKTOP-F6SKA47" duration="00:00:11.9825313" startTime="2021-12-16T16:19:07.3931397+03:00" endTime="2021-12-16T16:19:07.3931409+03:00" testType="13cdc9d9-ddb5-4fa4-a97d-d965ccfc6d4b" outcome="Passed" testListId="8c84fa94-04c1-424b-9868-57a2d4851a1d" relativeResultsDirectory="89f540b5-d6af-4560-aee6-774ec9ec2cd3">
      <Output>
        <StdOut>SCENARIO: ChangeVacancy in one funnel If Msp throw issue&#xD;
  STEP 1/7: GIVEN a mvideo company...&#xD;
  STEP 1/7: GIVEN a mvideo company (Passed after 307ms)&#xD;
  STEP 2/7: AND the authenticated user...&#xD;
  STEP 2/7: AND the authenticated user (Passed after 700ms)&#xD;
  STEP 3/7: AND Additional Records...&#xD;
  STEP 3/7: AND Additional Records (Passed after 6s 393ms)&#xD;
  STEP 4/7: AND Vacancies...&#xD;
  STEP 4/7: AND Vacancies (Passed after 502ms)&#xD;
  STEP 5/7: AND a Candidate...&#xD;
  STEP 5/7: AND a Candidate (Passed after 433ms)&#xD;
  STEP 6/7: WHEN Strategy ChangeVacancy...&#xD;
  STEP 6/7: WHEN Strategy ChangeVacancy (Passed after 951ms)&#xD;
  STEP 7/7: THEN must be only one Candidate...&#xD;
  STEP 7/7: THEN must be only one Candidate (Passed after 638ms)&#xD;
  SCENARIO RESULT: Passed after 9s 936ms</StdOut>
      </Output>
    </UnitTestResult>
    <UnitTestResult executionId="002bb320-888a-416e-ad49-798ede36fcb6" testId="695a69c9-264c-d1c5-2032-535ef4bf39f9" testName="Skillaz.Tests.CompanySpecific.X5.Naumen.NaumenSlaTests.Sla_calculates_correctly_for_split_days(candidateTimeZone: 12, sla: 02:00:00, startDate: 2019-12-31T07:00:00.0000000Z, truth: [NaumenTimeRange { From = &quot;2019-12-31 10:00:00&quot;, To = &quot;2019-12-31 11:00:00&quot; }, NaumenTimeRange { From = &quot;2020-01-01 07:00:00&quot;, To = &quot;2020-01-01 08:00:00&quot; }])" computerName="DESKTOP-F6SKA47" duration="00:00:00.0000462" startTime="2021-12-16T16:16:29.0369110+03:00" endTime="2021-12-16T16:16:29.0369118+03:00" testType="13cdc9d9-ddb5-4fa4-a97d-d965ccfc6d4b" outcome="Passed" testListId="8c84fa94-04c1-424b-9868-57a2d4851a1d" relativeResultsDirectory="002bb320-888a-416e-ad49-798ede36fcb6" />
    <UnitTestResult executionId="cdf0ff78-ec23-4955-ae7a-93c01f2079f2" testId="37e6c8b1-fcd9-734e-b323-21d4c73996f9" testName="Skillaz.Tests.CompanySpecific.Mvideo.MvideoOpenApiSapAvaliablePositionsHireNeedBatchRequest_feature.CheckAvaliablePositionsInHireNeedAfterOpenApiRequest_AllRequests(staffCount: 6, employeesCount: 4, manualApprovedCounts: [2], batchOrgItems: (5, 4), expected: (1, Кейс 2. Размер поиска = 1))" computerName="DESKTOP-F6SKA47" duration="00:00:00.0010000" startTime="2021-12-16T16:29:45.5034698+03:00" endTime="2021-12-16T16:29:45.5034837+03:00" testType="13cdc9d9-ddb5-4fa4-a97d-d965ccfc6d4b" outcome="NotExecuted" testListId="8c84fa94-04c1-424b-9868-57a2d4851a1d" relativeResultsDirectory="cdf0ff78-ec23-4955-ae7a-93c01f2079f2">
      <Output>
        <StdOut>Вернуть тесты после правок по потребностям Mvideo</StdOut>
      </Output>
    </UnitTestResult>
    <UnitTestResult executionId="833934cc-fa01-48fc-9b47-7186f5728227" testId="01a1c8d1-a9bd-292c-8df1-72f411185228" testName="Skillaz.Tests.SupportAgents.SupportAgents_feature.Update_agent_status" computerName="DESKTOP-F6SKA47" duration="00:00:05.3384767" startTime="2021-12-16T16:20:13.0804162+03:00" endTime="2021-12-16T16:20:13.0804337+03:00" testType="13cdc9d9-ddb5-4fa4-a97d-d965ccfc6d4b" outcome="Passed" testListId="8c84fa94-04c1-424b-9868-57a2d4851a1d" relativeResultsDirectory="833934cc-fa01-48fc-9b47-7186f5728227">
      <Output>
        <StdOut>SCENARIO: Update agent status&#xD;
  STEP 1/5: GIVEN a company...&#xD;
  STEP 1/5: GIVEN a company (Passed after 269ms)&#xD;
  STEP 2/5: AND the authenticated admin user...&#xD;
  STEP 2/5: AND the authenticated admin user (Passed after 692ms)&#xD;
  STEP 3/5: AND current user support agent...&#xD;
  STEP 3/5: AND current user support agent (Passed after 714ms)&#xD;
  STEP 4/5: WHEN changing agent status...&#xD;
  STEP 4/5: WHEN changing agent status (Passed after 819ms)&#xD;
  STEP 5/5: THEN agent status updated...&#xD;
  STEP 5/5: THEN agent status updated (Passed after 575ms)&#xD;
  SCENARIO RESULT: Passed after 3s 274ms</StdOut>
      </Output>
    </UnitTestResult>
    <UnitTestResult executionId="5291e9f8-d4ef-4582-a922-4515f7d4a2bb" testId="393fd640-9c28-f1e8-b7de-bf932d0ed39d" testName="Skillaz.Tests.JobRequisition.JobRequisition_feature.Filter_hire_requests_works" computerName="DESKTOP-F6SKA47" duration="00:00:04.2337950" startTime="2021-12-16T16:25:45.7820629+03:00" endTime="2021-12-16T16:25:45.7820649+03:00" testType="13cdc9d9-ddb5-4fa4-a97d-d965ccfc6d4b" outcome="Passed" testListId="8c84fa94-04c1-424b-9868-57a2d4851a1d" relativeResultsDirectory="5291e9f8-d4ef-4582-a922-4515f7d4a2bb">
      <Output>
        <StdOut>SCENARIO: Filter hire requests works&#xD;
  STEP 1/6: GIVEN a company...&#xD;
  STEP 1/6: GIVEN a company (Passed after 52ms)&#xD;
  STEP 2/6: AND the authenticated user...&#xD;
  STEP 2/6: AND the authenticated user (Passed after 222ms)&#xD;
  STEP 3/6: AND the document model...&#xD;
  STEP 3/6: AND the document model (Passed after &lt;1ms)&#xD;
  STEP 4/6: AND requests...&#xD;
  STEP 4/6: AND requests (Passed after 1s 233ms)&#xD;
  STEP 5/6: WHEN hire requests filtered...&#xD;
  STEP 5/6: WHEN hire requests filtered (Passed after 2s 128ms)&#xD;
  STEP 6/6: THEN hire requests filtered as expected...&#xD;
  STEP 6/6: THEN hire requests filtered as expected (Passed after 1ms)&#xD;
  SCENARIO RESULT: Passed after 3s 704ms</StdOut>
      </Output>
    </UnitTestResult>
    <UnitTestResult executionId="28a5bd88-12c6-4b5d-afa1-869a7dee10a0" testId="b4aee567-1131-d2d4-02d8-0408b5327d46" testName="Skillaz.Tests.OpenApi.CheckApi.ChangeStatusCheck_feature.Check_candidate_change_status" computerName="DESKTOP-F6SKA47" duration="00:00:19.1975595" startTime="2021-12-16T16:17:28.9810408+03:00" endTime="2021-12-16T16:17:28.9810480+03:00" testType="13cdc9d9-ddb5-4fa4-a97d-d965ccfc6d4b" outcome="Passed" testListId="8c84fa94-04c1-424b-9868-57a2d4851a1d" relativeResultsDirectory="28a5bd88-12c6-4b5d-afa1-869a7dee10a0">
      <Output>
        <StdOut>SCENARIO: Check candidate change status&#xD;
  STEP 1/10: GIVEN a company...&#xD;
  STEP 1/10: GIVEN a company (Passed after 336ms)&#xD;
  STEP 2/10: AND the authenticated user...&#xD;
  STEP 2/10: AND the authenticated user (Passed after 496ms)&#xD;
  STEP 3/10: AND the vacancy in the company...&#xD;
  STEP 3/10: AND the vacancy in the company (Passed after 137ms)&#xD;
  STEP 4/10: AND client configuration with check workflow and model...&#xD;
  STEP 4/10: AND client configuration with check workflow and model (Passed after 1s 580ms)&#xD;
  STEP 5/10: AND a candidate...&#xD;
  STEP 5/10: AND a candidate (Passed after 163ms)&#xD;
  STEP 6/10: AND a check...&#xD;
  STEP 6/10: AND a check (Passed after 3s 327ms)&#xD;
  STEP 7/10: AND funnel with check configuration...&#xD;
  STEP 7/10: AND funnel with check configuration (Passed after 577ms)&#xD;
  STEP 8/10: WHEN status check change...&#xD;
  STEP 8/10: WHEN status check change (Passed after 11s 902ms)&#xD;
  STEP 9/10: THEN new status check local...&#xD;
  STEP 9/10: THEN new status check local (Passed after 8ms)&#xD;
  STEP 10/10: AND new status check db...&#xD;
  STEP 10/10: AND new status check db (Passed after 158ms)&#xD;
  SCENARIO RESULT: Passed after 18s 957ms</StdOut>
      </Output>
    </UnitTestResult>
    <UnitTestResult executionId="5ac2aa24-5b01-4d60-acea-2a0fd5907699" testId="019b787c-88b2-9680-3a7b-9251d2235f77" testName="Skillaz.Tests.CompanySpecific.X5.Naumen.NaumenSlaTests.Sla_calculates_correctly_for_next_day(candidateTimeZone: 7, sla: 02:00:00, startDate: 2020-01-01T01:00:00.0000000Z, truth: [NaumenTimeRange { From = &quot;2020-01-01 07:00:00&quot;, To = &quot;2020-01-01 09:00:00&quot; }])" computerName="DESKTOP-F6SKA47" duration="00:00:00.0000206" startTime="2021-12-16T16:16:29.2892744+03:00" endTime="2021-12-16T16:16:29.2892761+03:00" testType="13cdc9d9-ddb5-4fa4-a97d-d965ccfc6d4b" outcome="Passed" testListId="8c84fa94-04c1-424b-9868-57a2d4851a1d" relativeResultsDirectory="5ac2aa24-5b01-4d60-acea-2a0fd5907699" />
    <UnitTestResult executionId="5d916d36-7b29-4f80-8472-f501e0b4a240" testId="019b787c-88b2-9680-3a7b-9251d2235f77" testName="Skillaz.Tests.CompanySpecific.X5.Naumen.NaumenSlaTests.Sla_calculates_correctly_for_next_day(candidateTimeZone: 7, sla: 02:00:00, startDate: 2019-12-31T21:00:00.0000000Z, truth: [NaumenTimeRange { From = &quot;2020-01-01 07:00:00&quot;, To = &quot;2020-01-01 09:00:00&quot; }])" computerName="DESKTOP-F6SKA47" duration="00:00:00.0000335" startTime="2021-12-16T16:16:29.2856028+03:00" endTime="2021-12-16T16:16:29.2856036+03:00" testType="13cdc9d9-ddb5-4fa4-a97d-d965ccfc6d4b" outcome="Passed" testListId="8c84fa94-04c1-424b-9868-57a2d4851a1d" relativeResultsDirectory="5d916d36-7b29-4f80-8472-f501e0b4a240" />
    <UnitTestResult executionId="092b9206-6721-4f7b-8cb2-70b71053daca" testId="408f1365-84eb-9c32-df8f-aa4b145342e7" testName="Skillaz.Tests.BlackList.BlackList_feature.Candidates_imported_in_black_list_with_duplicate_rows" computerName="DESKTOP-F6SKA47" duration="00:00:21.4790058" startTime="2021-12-16T16:23:39.2599205+03:00" endTime="2021-12-16T16:23:39.2599239+03:00" testType="13cdc9d9-ddb5-4fa4-a97d-d965ccfc6d4b" outcome="Passed" testListId="8c84fa94-04c1-424b-9868-57a2d4851a1d" relativeResultsDirectory="092b9206-6721-4f7b-8cb2-70b71053daca">
      <Output>
        <StdOut>SCENARIO: Candidates imported in black list with duplicate rows&#xD;
  STEP 1/6: GIVEN a company [companyId: "pepsico"]...&#xD;
  STEP 1/6: GIVEN a company [companyId: "pepsico"] (Passed after 151ms)&#xD;
  STEP 2/6: AND the authenticated user...&#xD;
  STEP 2/6: AND the authenticated user (Passed after 473ms)&#xD;
  STEP 3/6: AND the upload rows with duplicate...&#xD;
  STEP 3/6: AND the upload rows with duplicate (Passed after 2ms)&#xD;
  STEP 4/6: AND the prepare xlsx file...&#xD;
  STEP 4/6: AND the prepare xlsx file (Passed after 6s 371ms)&#xD;
  STEP 5/6: WHEN the black list imported...&#xD;
  STEP 5/6: WHEN the black list imported (Passed after 9s 366ms)&#xD;
  STEP 6/6: THEN candidates upsert [availableCount: "3"]...&#xD;
  STEP 6/6: THEN candidates upsert [availableCount: "3"] (Passed after 4s 280ms)&#xD;
  SCENARIO RESULT: Passed after 20s 662ms</StdOut>
      </Output>
    </UnitTestResult>
    <UnitTestResult executionId="98f1600a-1d79-4afd-9f1e-0e4ca4cfebac" testId="39bbe88c-a5a1-69b6-0e18-a75bb02edd6c" testName="Skillaz.Tests.CompanySpecific.X5.Naumen.NaumenSlaTests.Sla_calculates_correctly_within_one_day(candidateTimeZone: 2, sla: 09:00:00, startDate: 2019-12-31T09:00:00.0000000Z, truth: [NaumenTimeRange { From = &quot;2019-12-31 12:00:00&quot;, To = &quot;2019-12-31 21:00:00&quot; }])" computerName="DESKTOP-F6SKA47" duration="00:00:00.0000369" startTime="2021-12-16T16:16:28.8980258+03:00" endTime="2021-12-16T16:16:28.8980263+03:00" testType="13cdc9d9-ddb5-4fa4-a97d-d965ccfc6d4b" outcome="Passed" testListId="8c84fa94-04c1-424b-9868-57a2d4851a1d" relativeResultsDirectory="98f1600a-1d79-4afd-9f1e-0e4ca4cfebac" />
    <UnitTestResult executionId="0fea342e-de92-4e85-af97-476260c315fa" testId="019b787c-88b2-9680-3a7b-9251d2235f77" testName="Skillaz.Tests.CompanySpecific.X5.Naumen.NaumenSlaTests.Sla_calculates_correctly_for_next_day(candidateTimeZone: 8, sla: 02:00:00, startDate: 2019-12-31T20:00:00.0000000Z, truth: [NaumenTimeRange { From = &quot;2020-01-01 07:00:00&quot;, To = &quot;2020-01-01 09:00:00&quot; }])" computerName="DESKTOP-F6SKA47" duration="00:00:00.0002087" startTime="2021-12-16T16:16:29.2986796+03:00" endTime="2021-12-16T16:16:29.2986801+03:00" testType="13cdc9d9-ddb5-4fa4-a97d-d965ccfc6d4b" outcome="Passed" testListId="8c84fa94-04c1-424b-9868-57a2d4851a1d" relativeResultsDirectory="0fea342e-de92-4e85-af97-476260c315fa" />
    <UnitTestResult executionId="69db2674-27a7-4562-a3d4-6302dc914028" testId="312018e1-af3d-3feb-f0ab-6c9fa702d2d5" testName="Skillaz.Tests.Notifications.SendSimpleWhatsAppMessage_feature.SendMessage(phoneNumber: &quot;+7952561111&quot;)" computerName="DESKTOP-F6SKA47" duration="00:00:05.1698833" startTime="2021-12-16T16:25:06.7630626+03:00" endTime="2021-12-16T16:25:06.7630654+03:00" testType="13cdc9d9-ddb5-4fa4-a97d-d965ccfc6d4b" outcome="Passed" testListId="8c84fa94-04c1-424b-9868-57a2d4851a1d" relativeResultsDirectory="69db2674-27a7-4562-a3d4-6302dc914028">
      <Output>
        <StdOut>SCENARIO: SendMessage [phoneNumber: "+7952561111"]&#xD;
  STEP 1/6: GIVEN a company...&#xD;
  STEP 1/6: GIVEN a company (Passed after 99ms)&#xD;
  STEP 2/6: AND the authenticated user...&#xD;
  STEP 2/6: AND the authenticated user (Passed after 209ms)&#xD;
  STEP 3/6: AND client configuration with vacancy...&#xD;
  STEP 3/6: AND client configuration with vacancy (Passed after 501ms)&#xD;
  STEP 4/6: Add Additional Data...&#xD;
  STEP 4/6: Add Additional Data (Passed after 668ms)&#xD;
  STEP 5/6: WHEN SendMessageVacancy [phoneNumber: "+7952561111"]...&#xD;
  STEP 5/6: WHEN SendMessageVacancy [phoneNumber: "+7952561111"] (Passed after 1s 632ms)&#xD;
  STEP 6/6: THEN Check Db WithDataVacancy [phoneNumber: "+7952561111"]...&#xD;
  STEP 6/6: THEN Check Db WithDataVacancy [phoneNumber: "+7952561111"] (Passed after 110ms)&#xD;
  SCENARIO RESULT: Passed after 3s 231ms</StdOut>
      </Output>
    </UnitTestResult>
    <UnitTestResult executionId="6eb4dab7-acac-43a3-8516-b5d7160c1484" testId="2165934c-40eb-bcef-3b26-6596efba3007" testName="Skillaz.Tests.Configurator.Excel.TaskTrackerExcelFeature.TaskTracker" computerName="DESKTOP-F6SKA47" duration="00:00:54.8687717" startTime="2021-12-16T16:30:05.1130745+03:00" endTime="2021-12-16T16:30:05.1130751+03:00" testType="13cdc9d9-ddb5-4fa4-a97d-d965ccfc6d4b" outcome="Passed" testListId="8c84fa94-04c1-424b-9868-57a2d4851a1d" relativeResultsDirectory="6eb4dab7-acac-43a3-8516-b5d7160c1484">
      <Output>
        <StdOut>SCENARIO: TaskTracker&#xD;
  STEP 1/9: GIVEN a company...&#xD;
  STEP 1/9: GIVEN a company (Passed after 379ms)&#xD;
  STEP 2/9: AND the authenticated admin user...&#xD;
  STEP 2/9: AND the authenticated admin user (Passed after 726ms)&#xD;
  STEP 3/9: AND the client configuration for company...&#xD;
  STEP 3/9: AND the client configuration for company (Passed after 3s 830ms)&#xD;
  STEP 4/9: Загрузить конфигурацию ТТ...&#xD;
  STEP 4/9: Загрузить конфигурацию ТТ (Passed after 1s 359ms)&#xD;
  STEP 5/9: Получить воронку в конфигураторе с черновиком...&#xD;
  STEP 5/9: Получить воронку в конфигураторе с черновиком (Passed after 854ms)&#xD;
  STEP 6/9: Проверить корректность определяемых столбцов...&#xD;
  STEP 6/9: Проверить корректность определяемых столбцов (Passed after 8s 816ms)&#xD;
  STEP 7/9: Сгенирировать Excel...&#xD;
  STEP 7/9: Сгенирировать Excel (Passed after 12s 551ms)&#xD;
  STEP 8/9: Загрузить Excel...&#xD;
  STEP 8/9: Загрузить Excel (Passed after 21s 810ms)&#xD;
  STEP 9/9: Проверить корректность определяемых столбцов...&#xD;
  STEP 9/9: Проверить корректность определяемых столбцов (Passed after 4ms)&#xD;
  SCENARIO RESULT: Passed after 52s 609ms</StdOut>
      </Output>
    </UnitTestResult>
    <UnitTestResult executionId="b206f6e1-0981-4a8a-8863-bb7f871de5d6" testId="1886c2ef-ecf1-5be7-2cf2-c86a26a047c4" testName="Skillaz.Tests.CompanySpecific.X5.X5CandidatesBlockerStore_feature.Should_unlock_candidate_When_latest_security_check_is_passed" computerName="DESKTOP-F6SKA47" duration="00:00:03.8135420" startTime="2021-12-16T16:23:47.0140157+03:00" endTime="2021-12-16T16:23:47.0140240+03:00" testType="13cdc9d9-ddb5-4fa4-a97d-d965ccfc6d4b" outcome="Passed" testListId="8c84fa94-04c1-424b-9868-57a2d4851a1d" relativeResultsDirectory="b206f6e1-0981-4a8a-8863-bb7f871de5d6">
      <Output>
        <StdOut>SCENARIO: Should unlock candidate When latest security check is passed&#xD;
  STEP 1/7: GIVEN a candidate with funnel and security checks...&#xD;
  STEP 1/7: GIVEN a candidate with funnel and security checks (Passed after 180ms)&#xD;
  STEP 2/7: AND latest check is passed...&#xD;
  STEP 2/7: AND latest check is passed (Passed after 46ms)&#xD;
  STEP 3/7: AND time which does not allow reset...&#xD;
  STEP 3/7: AND time which does not allow reset (Passed after 2s 226ms)&#xD;
  STEP 4/7: WHEN candidates blocking procedure has executed...&#xD;
  STEP 4/7: WHEN candidates blocking procedure has executed (Passed after 545ms)&#xD;
  STEP 5/7: THEN the candidate is unlocked...&#xD;
  STEP 5/7: THEN the candidate is unlocked (Passed after 259ms)&#xD;
  STEP 6/7: AND checks are not reset...&#xD;
  STEP 6/7: AND checks are not reset (Passed after 526ms)&#xD;
  STEP 7/7: AND resolution is not reset...&#xD;
  STEP 7/7: AND resolution is not reset (Passed after 5ms)&#xD;
  SCENARIO RESULT: Passed after 3s 805ms</StdOut>
      </Output>
    </UnitTestResult>
    <UnitTestResult executionId="c26ecf02-0d94-4ec3-b80e-0a1d7b4b89b4" testId="019b787c-88b2-9680-3a7b-9251d2235f77" testName="Skillaz.Tests.CompanySpecific.X5.Naumen.NaumenSlaTests.Sla_calculates_correctly_for_next_day(candidateTimeZone: 8, sla: 02:00:00, startDate: 2020-01-01T00:30:00.0000000Z, truth: [NaumenTimeRange { From = &quot;2020-01-01 07:00:00&quot;, To = &quot;2020-01-01 09:00:00&quot; }])" computerName="DESKTOP-F6SKA47" duration="00:00:00.0000292" startTime="2021-12-16T16:16:29.3025843+03:00" endTime="2021-12-16T16:16:29.3025848+03:00" testType="13cdc9d9-ddb5-4fa4-a97d-d965ccfc6d4b" outcome="Passed" testListId="8c84fa94-04c1-424b-9868-57a2d4851a1d" relativeResultsDirectory="c26ecf02-0d94-4ec3-b80e-0a1d7b4b89b4" />
    <UnitTestResult executionId="8c4ab986-e2fa-4164-908c-ed011a6d5c98" testId="39bbe88c-a5a1-69b6-0e18-a75bb02edd6c" testName="Skillaz.Tests.CompanySpecific.X5.Naumen.NaumenSlaTests.Sla_calculates_correctly_within_one_day(candidateTimeZone: 3, sla: 05:00:00, startDate: 2019-12-31T12:00:00.0000000Z, truth: [NaumenTimeRange { From = &quot;2019-12-31 15:00:00&quot;, To = &quot;2019-12-31 20:00:00&quot; }])" computerName="DESKTOP-F6SKA47" duration="00:00:00.0000404" startTime="2021-12-16T16:16:28.9016599+03:00" endTime="2021-12-16T16:16:28.9016610+03:00" testType="13cdc9d9-ddb5-4fa4-a97d-d965ccfc6d4b" outcome="Passed" testListId="8c84fa94-04c1-424b-9868-57a2d4851a1d" relativeResultsDirectory="8c4ab986-e2fa-4164-908c-ed011a6d5c98" />
    <UnitTestResult executionId="e8d05454-35cc-475a-bc15-d32d6810da83" testId="bea6ca1c-ae50-17bf-a06b-37456dbe3bac" testName="Проверка на получение провайдера 360Dialog" computerName="DESKTOP-F6SKA47" duration="00:00:02.8661319" startTime="2021-12-16T16:27:46.6158468+03:00" endTime="2021-12-16T16:27:46.6158490+03:00" testType="13cdc9d9-ddb5-4fa4-a97d-d965ccfc6d4b" outcome="Passed" testListId="8c84fa94-04c1-424b-9868-57a2d4851a1d" relativeResultsDirectory="e8d05454-35cc-475a-bc15-d32d6810da83">
      <Output>
        <StdOut>SCENARIO: Check dialog service&#xD;
  STEP 1/4: GIVEN a company...&#xD;
  STEP 1/4: GIVEN a company (Passed after 158ms)&#xD;
  STEP 2/4: AND a provider...&#xD;
  STEP 2/4: AND a provider (Passed after 1s 843ms)&#xD;
  STEP 3/4: WHEN service is resolved...&#xD;
  STEP 3/4: WHEN service is resolved (Passed after 120ms)&#xD;
  STEP 4/4: THEN service is dialog...&#xD;
  STEP 4/4: THEN service is dialog (Passed after 6ms)&#xD;
  SCENARIO RESULT: Passed after 2s 130ms</StdOut>
      </Output>
    </UnitTestResult>
    <UnitTestResult executionId="c1ed9c39-bccd-4a80-aa62-bc5b768036b6" testId="f69cbec8-1f8b-55cc-bbe7-e6aabf3c8e3f" testName="Skillaz.Tests.Configurator.DocumentModel.EnterForm.Проверить_генерацию_настроенной_формы_смены_статуса" computerName="DESKTOP-F6SKA47" duration="00:00:04.1307870" startTime="2021-12-16T16:18:05.2773122+03:00" endTime="2021-12-16T16:18:05.2773164+03:00" testType="13cdc9d9-ddb5-4fa4-a97d-d965ccfc6d4b" outcome="Passed" testListId="8c84fa94-04c1-424b-9868-57a2d4851a1d" relativeResultsDirectory="c1ed9c39-bccd-4a80-aa62-bc5b768036b6">
      <Output>
        <StdOut>SCENARIO: Проверить генерацию настроенной формы смены статуса&#xD;
  STEP 1/6: GIVEN a company...&#xD;
  STEP 1/6: GIVEN a company (Passed after 463ms)&#xD;
  STEP 2/6: AND the authenticated user...&#xD;
  STEP 2/6: AND the authenticated user (Passed after 337ms)&#xD;
  STEP 3/6: Настроить форму смены статуса...&#xD;
  STEP 3/6: Настроить форму смены статуса (Passed after 426ms)&#xD;
  STEP 4/6: Проверить что формы доступны для выбора в конфигураторе воронок...&#xD;
  STEP 4/6: Проверить что формы доступны для выбора в конфигураторе воронок (Passed after 1s 242ms)&#xD;
  STEP 5/6: Сгенерировать форму с выбором даты и времени...&#xD;
  STEP 5/6: Сгенерировать форму с выбором даты и времени (Passed after 197ms)&#xD;
  STEP 6/6: Сгенерировать форму с выбором таймслотов...&#xD;
  STEP 6/6: Сгенерировать форму с выбором таймслотов (Passed after 987ms)&#xD;
  SCENARIO RESULT: Passed after 3s 663ms</StdOut>
      </Output>
    </UnitTestResult>
    <UnitTestResult executionId="7a2b6f34-371b-4075-9d1c-b22665a00b9c" testId="019b787c-88b2-9680-3a7b-9251d2235f77" testName="Skillaz.Tests.CompanySpecific.X5.Naumen.NaumenSlaTests.Sla_calculates_correctly_for_next_day(candidateTimeZone: 9, sla: 02:00:00, startDate: 2019-12-31T17:00:00.0000000Z, truth: [NaumenTimeRange { From = &quot;2020-01-01 07:00:00&quot;, To = &quot;2020-01-01 09:00:00&quot; }])" computerName="DESKTOP-F6SKA47" duration="00:00:00.0000917" startTime="2021-12-16T16:16:29.3158963+03:00" endTime="2021-12-16T16:16:29.3158967+03:00" testType="13cdc9d9-ddb5-4fa4-a97d-d965ccfc6d4b" outcome="Passed" testListId="8c84fa94-04c1-424b-9868-57a2d4851a1d" relativeResultsDirectory="7a2b6f34-371b-4075-9d1c-b22665a00b9c" />
    <UnitTestResult executionId="98a0b77c-5f0e-475d-8197-18f0a64e6570" testId="30b852dc-c8b4-beab-11da-528bed2a3e69" testName="Skillaz.Tests.Assessment.Questionnaires.ProActionQuestionnaire_feature.Creating_a_questionnaire" computerName="DESKTOP-F6SKA47" duration="00:00:04.8799581" startTime="2021-12-16T16:26:32.8848253+03:00" endTime="2021-12-16T16:26:32.8848333+03:00" testType="13cdc9d9-ddb5-4fa4-a97d-d965ccfc6d4b" outcome="Passed" testListId="8c84fa94-04c1-424b-9868-57a2d4851a1d" relativeResultsDirectory="98a0b77c-5f0e-475d-8197-18f0a64e6570">
      <Output>
        <StdOut>SCENARIO: Creating a questionnaire&#xD;
  STEP 1/4: GIVEN a company...&#xD;
  STEP 1/4: GIVEN a company (Passed after 743ms)&#xD;
  STEP 2/4: AND the authenticated user...&#xD;
  STEP 2/4: AND the authenticated user (Passed after 645ms)&#xD;
  STEP 3/4: WHEN questionnaire is created...&#xD;
  STEP 3/4: WHEN questionnaire is created (Passed after 1s 451ms)&#xD;
  STEP 4/4: Questionnaire should be created...&#xD;
  STEP 4/4: Questionnaire should be created (Passed after 215ms)&#xD;
  SCENARIO RESULT: Passed after 3s 082ms</StdOut>
      </Output>
    </UnitTestResult>
    <UnitTestResult executionId="2bbbc363-1ce7-486e-8bb1-1635d90a46e0" testId="dc214a7a-3467-d9b3-9fee-a1a6b03f9e01" testName="Skillaz.Tests.CompanySpecific.Mvideo.MvideoChangePositionCountOrgUnit_feature.Set_hire_needs_approved_count_then_same_vacancy_should_be_archived" computerName="DESKTOP-F6SKA47" duration="00:00:00.0010000" startTime="2021-12-16T16:19:36.1104069+03:00" endTime="2021-12-16T16:19:36.1104160+03:00" testType="13cdc9d9-ddb5-4fa4-a97d-d965ccfc6d4b" outcome="NotExecuted" testListId="8c84fa94-04c1-424b-9868-57a2d4851a1d" relativeResultsDirectory="2bbbc363-1ce7-486e-8bb1-1635d90a46e0">
      <Output>
        <StdOut>Не актуально, заявка в кфг</StdOut>
      </Output>
    </UnitTestResult>
    <UnitTestResult executionId="425aad9b-c38c-499a-864a-24396a07b725" testId="9a9f1c89-10c8-958f-3d20-17a37e9aef66" testName="Skillaz.Tests.Candidate.Appointments.SetAppointmentOnStatusChange_feature.Update_appointment_by_choosing_another_time_slot" computerName="DESKTOP-F6SKA47" duration="00:00:24.2573039" startTime="2021-12-16T16:20:04.2791430+03:00" endTime="2021-12-16T16:20:04.2791473+03:00" testType="13cdc9d9-ddb5-4fa4-a97d-d965ccfc6d4b" outcome="Passed" testListId="8c84fa94-04c1-424b-9868-57a2d4851a1d" relativeResultsDirectory="425aad9b-c38c-499a-864a-24396a07b725">
      <Output>
        <StdOut>SCENARIO: Update appointment by choosing another time slot&#xD;
  STEP 1/12: GIVEN a company...&#xD;
  STEP 1/12: GIVEN a company (Passed after 1s 184ms)&#xD;
  STEP 2/12: AND the vacancy in the company...&#xD;
  STEP 2/12: AND the vacancy in the company (Passed after 715ms)&#xD;
  STEP 3/12: AND the authenticated user...&#xD;
  STEP 3/12: AND the authenticated user (Passed after 1s 452ms)&#xD;
  STEP 4/12: AND a funnel...&#xD;
  STEP 4/12: AND a funnel (Passed after 857ms)&#xD;
  STEP 5/12: AND client configuration with check workflow and model...&#xD;
  STEP 5/12: AND client configuration with check workflow and model (Passed after 4s 355ms)&#xD;
  STEP 6/12: AND interview time slot...&#xD;
  STEP 6/12: AND interview time slot (Passed after 343ms)&#xD;
  STEP 7/12: AND a candidate on interview status...&#xD;
  STEP 7/12: AND a candidate on interview status (Passed after 305ms)&#xD;
  STEP 8/12: AND existing occupied time slot [candidateId: "61bb3cf57f10d6937478ad8a"]...&#xD;
  STEP 8/12: AND existing occupied time slot [candidateId: "61bb3cf57f10d6937478ad8a"] (Passed after 198ms)&#xD;
  STEP 9/12: AND existing candidate "Skillaz.Candidate.Contract.Documents.Candidate.CandidateDocument" appointment...&#xD;
  STEP 9/12: AND existing candidate "Skillaz.Candidate.Contract.Documents.Candidate.CandidateDocument" appointment (Passed after 2s 881ms)&#xD;
  STEP 10/12: WHEN appointment changed by choosing new time slot...&#xD;
  STEP 10/12: WHEN appointment changed by choosing new time slot (Passed after 9s 935ms)&#xD;
  STEP 11/12: THEN candidate on interview appointment updated...&#xD;
  STEP 11/12: THEN candidate on interview appointment updated (Passed after 186ms)&#xD;
  STEP 12/12: AND his old timeslot released...&#xD;
  STEP 12/12: AND his old timeslot released (Passed after 87ms)&#xD;
  SCENARIO RESULT: Passed after 22s 849ms</StdOut>
      </Output>
    </UnitTestResult>
    <UnitTestResult executionId="39209f1d-cc47-4eac-8ac8-a534e03daf11" testId="695a69c9-264c-d1c5-2032-535ef4bf39f9" testName="Skillaz.Tests.CompanySpecific.X5.Naumen.NaumenSlaTests.Sla_calculates_correctly_for_split_days(candidateTimeZone: 7, sla: 02:00:00, startDate: 2019-12-31T12:00:00.0000000Z, truth: [NaumenTimeRange { From = &quot;2019-12-31 15:00:00&quot;, To = &quot;2019-12-31 16:00:00&quot; }, NaumenTimeRange { From = &quot;2020-01-01 07:00:00&quot;, To = &quot;2020-01-01 08:00:00&quot; }])" computerName="DESKTOP-F6SKA47" duration="00:00:00.0001014" startTime="2021-12-16T16:16:29.0043182+03:00" endTime="2021-12-16T16:16:29.0043217+03:00" testType="13cdc9d9-ddb5-4fa4-a97d-d965ccfc6d4b" outcome="Passed" testListId="8c84fa94-04c1-424b-9868-57a2d4851a1d" relativeResultsDirectory="39209f1d-cc47-4eac-8ac8-a534e03daf11" />
    <UnitTestResult executionId="39d30d55-bf99-4c9e-84d9-bffce8a13540" testId="019b787c-88b2-9680-3a7b-9251d2235f77" testName="Skillaz.Tests.CompanySpecific.X5.Naumen.NaumenSlaTests.Sla_calculates_correctly_for_next_day(candidateTimeZone: 10, sla: 02:00:00, startDate: 2020-01-01T02:00:00.0000000Z, truth: [NaumenTimeRange { From = &quot;2020-01-01 07:00:00&quot;, To = &quot;2020-01-01 09:00:00&quot; }])" computerName="DESKTOP-F6SKA47" duration="00:00:00.0000299" startTime="2021-12-16T16:16:29.3392765+03:00" endTime="2021-12-16T16:16:29.3392769+03:00" testType="13cdc9d9-ddb5-4fa4-a97d-d965ccfc6d4b" outcome="Passed" testListId="8c84fa94-04c1-424b-9868-57a2d4851a1d" relativeResultsDirectory="39d30d55-bf99-4c9e-84d9-bffce8a13540" />
    <UnitTestResult executionId="48a1c5fc-87e5-477b-9b21-2c27387a752c" testId="fd814ac9-7499-14a9-5131-4ebfb385f9b1" testName="Skillaz.Tests.Publication.VacancyPublicationRule_feature.Vacancy_publication_rule_properly_deduplicates_related_requests" computerName="DESKTOP-F6SKA47" duration="00:00:15.8494201" startTime="2021-12-16T16:27:16.6026219+03:00" endTime="2021-12-16T16:27:16.6026242+03:00" testType="13cdc9d9-ddb5-4fa4-a97d-d965ccfc6d4b" outcome="Passed" testListId="8c84fa94-04c1-424b-9868-57a2d4851a1d" relativeResultsDirectory="48a1c5fc-87e5-477b-9b21-2c27387a752c">
      <Output>
        <StdOut>SCENARIO: Vacancy publication rule properly deduplicates related requests&#xD;
  STEP 1/11: GIVEN a company...&#xD;
  STEP 1/11: GIVEN a company (Passed after 102ms)&#xD;
  STEP 2/11: AND the authenticated user...&#xD;
  STEP 2/11: AND the authenticated user (Passed after 243ms)&#xD;
  STEP 3/11: AND the vacancy in the company...&#xD;
  STEP 3/11: AND the vacancy in the company (Passed after 130ms)&#xD;
  STEP 4/11: AND requests related to one org unit and profile...&#xD;
  STEP 4/11: AND requests related to one org unit and profile (Passed after 3s 368ms)&#xD;
  STEP 5/11: AND hh account...&#xD;
  STEP 5/11: AND hh account (Passed after 44ms)&#xD;
  STEP 6/11: AND hh publication template...&#xD;
  STEP 6/11: AND hh publication template (Passed after 44ms)&#xD;
  STEP 7/11: AND two hh publications...&#xD;
  STEP 7/11: AND two hh publications (Passed after 60ms)&#xD;
  STEP 8/11: AND active hh publication rule with orgunit deduplication...&#xD;
  STEP 8/11: AND active hh publication rule with orgunit deduplication (Passed after 1s 983ms)&#xD;
  STEP 9/11: WHEN vacancy publication rule is triggered...&#xD;
  STEP 9/11: WHEN vacancy publication rule is triggered (Passed after 5s 866ms)&#xD;
  STEP 10/11: THEN rule is successfully finished...&#xD;
  STEP 10/11: THEN rule is successfully finished (Passed after 946ms)&#xD;
  STEP 11/11: AND rule all attempts are processed...&#xD;
  STEP 11/11: AND rule all attempts are processed (Passed after 8ms)&#xD;
  SCENARIO RESULT: Passed after 12s 805ms</StdOut>
      </Output>
    </UnitTestResult>
    <UnitTestResult executionId="24e9b300-5603-44fa-be67-3e911651fc1e" testId="a160edea-e07d-989e-e812-fbd16c4e42c1" testName="Skillaz.Tests.Configurator.Deduplication.UpdateCandidateTest.Кандидат_в_статусе_более_1_дня_правило_примениться" computerName="DESKTOP-F6SKA47" duration="00:00:02.0176916" startTime="2021-12-16T16:21:47.1326993+03:00" endTime="2021-12-16T16:21:47.1327025+03:00" testType="13cdc9d9-ddb5-4fa4-a97d-d965ccfc6d4b" outcome="Passed" testListId="8c84fa94-04c1-424b-9868-57a2d4851a1d" relativeResultsDirectory="24e9b300-5603-44fa-be67-3e911651fc1e">
      <Output>
        <StdOut>SCENARIO: Кандидат в статусе более 1 дня правило примениться&#xD;
  STEP 1/8: GIVEN a company...&#xD;
  STEP 1/8: GIVEN a company (Passed after 49ms)&#xD;
  STEP 2/8: AND the authenticated user...&#xD;
  STEP 2/8: AND the authenticated user (Passed after 161ms)&#xD;
  STEP 3/8: AND the Funnel...&#xD;
  STEP 3/8: AND the Funnel (Passed after 88ms)&#xD;
  STEP 4/8: AND the vacancy in the company [funnelId: "TestingFunnel"]...&#xD;
  STEP 4/8: AND the vacancy in the company [funnelId: "TestingFunnel"] (Passed after 151ms)&#xD;
  STEP 5/8: AND candidate on vacancy hour [idleTimeHour: "25"]...&#xD;
  STEP 5/8: AND candidate on vacancy hour [idleTimeHour: "25"] (Passed after 195ms)&#xD;
  STEP 6/8: AND new candidate addway manual...&#xD;
  STEP 6/8: AND new candidate addway manual (Passed after &lt;1ms)&#xD;
  STEP 7/8: WHEN candidates are updated [list: "Skillaz.Configurator.Contract.Deduplication.DeduplicationActionConfigurationDto"]...&#xD;
  STEP 7/8: WHEN candidates are updated [list: "Skillaz.Configurator.Contract.Deduplication.DeduplicationActionConfigurationDto"] (Passed after 1s 063ms)&#xD;
  STEP 8/8: Check rule [name: "Кандидат в статусе более 1 дней"]...&#xD;
  STEP 8/8: Check rule [name: "Кандидат в статусе более 1 дней"] (Passed after &lt;1ms)&#xD;
  SCENARIO RESULT: Passed after 1s 730ms</StdOut>
      </Output>
    </UnitTestResult>
    <UnitTestResult executionId="f13b3fd9-4cc8-45d2-8e0e-1ce5e8dfbde6" testId="ad534d95-efbd-b762-7a83-9cc83072462c" testName="Skillaz.Tests.Configurator.WorkflowEngine.ConfiguratorWorkflowEngine_check_rules.Check_available_integration" computerName="DESKTOP-F6SKA47" duration="00:00:17.3346358" startTime="2021-12-16T16:29:35.5191933+03:00" endTime="2021-12-16T16:29:35.5191957+03:00" testType="13cdc9d9-ddb5-4fa4-a97d-d965ccfc6d4b" outcome="Passed" testListId="8c84fa94-04c1-424b-9868-57a2d4851a1d" relativeResultsDirectory="f13b3fd9-4cc8-45d2-8e0e-1ce5e8dfbde6">
      <Output>
        <StdOut>SCENARIO: Check available integration&#xD;
  STEP 1/11: GIVEN a company...&#xD;
  STEP 1/11: GIVEN a company (Passed after 212ms)&#xD;
  STEP 2/11: AND the vacancy in the company...&#xD;
  STEP 2/11: AND the vacancy in the company (Passed after 153ms)&#xD;
  STEP 3/11: AND the authenticated api user...&#xD;
  STEP 3/11: AND the authenticated api user (Passed after 698ms)&#xD;
  STEP 4/11: AND user roles...&#xD;
  STEP 4/11: AND user roles (Passed after &lt;1ms)&#xD;
  STEP 5/11: AND check model...&#xD;
  STEP 5/11: AND check model (Passed after 166ms)&#xD;
  STEP 6/11: THEN register model created...&#xD;
  STEP 6/11: THEN register model created (Passed after 1s 708ms)&#xD;
  STEP 7/11: GIVEN a funnel...&#xD;
  STEP 7/11: GIVEN a funnel (Passed after 946ms)&#xD;
  STEP 8/11: AND a candidate without check...&#xD;
  STEP 8/11: AND a candidate without check (Passed after 4s 314ms)&#xD;
  STEP 9/11: WHEN change candidate status with single check...&#xD;
  STEP 9/11: WHEN change candidate status with single check (Passed after 5s 494ms)&#xD;
  STEP 10/11: THEN is available true...&#xD;
  STEP 10/11: THEN is available true (Passed after 2s 050ms)&#xD;
  STEP 11/11: AND is integration role...&#xD;
  STEP 11/11: AND is integration role (Passed after 832ms)&#xD;
  SCENARIO RESULT: Passed after 16s 598ms</StdOut>
      </Output>
    </UnitTestResult>
    <UnitTestResult executionId="7130014b-79ad-44f1-b337-c74ac99f29b2" testId="019b787c-88b2-9680-3a7b-9251d2235f77" testName="Skillaz.Tests.CompanySpecific.X5.Naumen.NaumenSlaTests.Sla_calculates_correctly_for_next_day(candidateTimeZone: 11, sla: 02:00:00, startDate: 2020-01-01T03:30:00.0000000Z, truth: [NaumenTimeRange { From = &quot;2020-01-01 07:00:00&quot;, To = &quot;2020-01-01 09:00:00&quot; }])" computerName="DESKTOP-F6SKA47" duration="00:00:00.0000556" startTime="2021-12-16T16:16:29.3686478+03:00" endTime="2021-12-16T16:16:29.3686483+03:00" testType="13cdc9d9-ddb5-4fa4-a97d-d965ccfc6d4b" outcome="Passed" testListId="8c84fa94-04c1-424b-9868-57a2d4851a1d" relativeResultsDirectory="7130014b-79ad-44f1-b337-c74ac99f29b2" />
    <UnitTestResult executionId="6f46aa93-7bf9-4930-bde9-c48e2451993b" testId="f45cecf0-8568-fecd-60b8-40f63ec23d28" testName="Skillaz.Tests.DocumentModels.DocumentModel_SettingPreviewUrlForAttachments.Check_than_preview_url_set_in_attachment_for_view_model_single_attach_in_implicit_field" computerName="DESKTOP-F6SKA47" duration="00:00:02.1862020" startTime="2021-12-16T16:25:47.3889957+03:00" endTime="2021-12-16T16:25:47.3889983+03:00" testType="13cdc9d9-ddb5-4fa4-a97d-d965ccfc6d4b" outcome="Passed" testListId="8c84fa94-04c1-424b-9868-57a2d4851a1d" relativeResultsDirectory="6f46aa93-7bf9-4930-bde9-c48e2451993b">
      <Output>
        <StdOut>SCENARIO: Check than preview url set in attachment for view model single attach in implicit field&#xD;
  STEP 1/6: GIVEN a company...&#xD;
  STEP 1/6: GIVEN a company (Passed after 418ms)&#xD;
  STEP 2/6: AND the authenticated user...&#xD;
  STEP 2/6: AND the authenticated user (Passed after 396ms)&#xD;
  STEP 3/6: AND a test model...&#xD;
  STEP 3/6: AND a test model (Passed after 287ms)&#xD;
  STEP 4/6: AND a test document model...&#xD;
  STEP 4/6: AND a test document model (Passed after &lt;1ms)&#xD;
  STEP 5/6: WHEN model converting to view model [fieldKey: "ExtraData.SingleImplicitAttachment"] [isMultiply: "False"]...&#xD;
  STEP 5/6: WHEN model converting to view model [fieldKey: "ExtraData.SingleImplicitAttachment"] [isMultiply: "False"] (Passed after 116ms)&#xD;
  STEP 6/6: THEN attached file in view model have filled preview url...&#xD;
  STEP 6/6: THEN attached file in view model have filled preview url (Passed after &lt;1ms)&#xD;
  SCENARIO RESULT: Passed after 1s 246ms</StdOut>
      </Output>
    </UnitTestResult>
    <UnitTestResult executionId="7447e5ac-4766-4269-8636-61f601e2dd59" testId="5192f9a5-433f-bae2-0c0d-097deb9599a8" testName="Skillaz.Tests.BJ.Publications.Publications_feature.Publish_vacancies_in_additional_regions" computerName="DESKTOP-F6SKA47" duration="00:00:08.4854042" startTime="2021-12-16T16:18:32.3737172+03:00" endTime="2021-12-16T16:18:32.3737195+03:00" testType="13cdc9d9-ddb5-4fa4-a97d-d965ccfc6d4b" outcome="Passed" testListId="8c84fa94-04c1-424b-9868-57a2d4851a1d" relativeResultsDirectory="7447e5ac-4766-4269-8636-61f601e2dd59">
      <Output>
        <StdOut>SCENARIO: Publish vacancies in additional regions&#xD;
  STEP 1/5: GIVEN a company...&#xD;
  STEP 1/5: GIVEN a company (Passed after 451ms)&#xD;
  STEP 2/5: AND the vacancy in the company...&#xD;
  STEP 2/5: AND the vacancy in the company (Passed after 331ms)&#xD;
  STEP 3/5: AND the authenticated user...&#xD;
  STEP 3/5: AND the authenticated user (Passed after 721ms)&#xD;
  STEP 4/5: AND Given bj account [id: "testaccount"]...&#xD;
  STEP 4/5: AND Given bj account [id: "testaccount"] (Passed after 2s 831ms)&#xD;
  STEP 5/5: THEN Then bj vacancies should be linked to skillaz vacancy...&#xD;
  STEP 5/5: THEN Then bj vacancies should be linked to skillaz vacancy (Passed after 3s 930ms)&#xD;
  SCENARIO RESULT: Passed after 8s 291ms</StdOut>
      </Output>
    </UnitTestResult>
    <UnitTestResult executionId="c2dcd8c3-a297-488b-ae93-931e3cd457a8" testId="019b787c-88b2-9680-3a7b-9251d2235f77" testName="Skillaz.Tests.CompanySpecific.X5.Naumen.NaumenSlaTests.Sla_calculates_correctly_for_next_day(candidateTimeZone: 10, sla: 02:00:00, startDate: 2020-01-01T00:30:00.0000000Z, truth: [NaumenTimeRange { From = &quot;2020-01-01 07:00:00&quot;, To = &quot;2020-01-01 09:00:00&quot; }])" computerName="DESKTOP-F6SKA47" duration="00:00:00.0000328" startTime="2021-12-16T16:16:29.3366542+03:00" endTime="2021-12-16T16:16:29.3366546+03:00" testType="13cdc9d9-ddb5-4fa4-a97d-d965ccfc6d4b" outcome="Passed" testListId="8c84fa94-04c1-424b-9868-57a2d4851a1d" relativeResultsDirectory="c2dcd8c3-a297-488b-ae93-931e3cd457a8" />
    <UnitTestResult executionId="44f51048-0371-4fcb-bef8-6e6e4558f243" testId="39bbe88c-a5a1-69b6-0e18-a75bb02edd6c" testName="Skillaz.Tests.CompanySpecific.X5.Naumen.NaumenSlaTests.Sla_calculates_correctly_within_one_day(candidateTimeZone: 12, sla: 02:00:00, startDate: 2019-12-31T06:00:00.0000000Z, truth: [NaumenTimeRange { From = &quot;2019-12-31 09:00:00&quot;, To = &quot;2019-12-31 11:00:00&quot; }])" computerName="DESKTOP-F6SKA47" duration="00:00:00.0000284" startTime="2021-12-16T16:16:29.0405728+03:00" endTime="2021-12-16T16:16:29.0405734+03:00" testType="13cdc9d9-ddb5-4fa4-a97d-d965ccfc6d4b" outcome="Passed" testListId="8c84fa94-04c1-424b-9868-57a2d4851a1d" relativeResultsDirectory="44f51048-0371-4fcb-bef8-6e6e4558f243" />
    <UnitTestResult executionId="30c84029-d494-41c0-907a-1b8d05e5c160" testId="f3339da3-f6da-8651-317e-c68996067358" testName="Skillaz.Tests.Candidate.Checks.FilterChecksBasedOnIsNeedToShow_feature.Get_candidate_info_for_new_interface_by_valid_user" computerName="DESKTOP-F6SKA47" duration="00:00:06.8583173" startTime="2021-12-16T16:26:51.7739620+03:00" endTime="2021-12-16T16:26:51.7739630+03:00" testType="13cdc9d9-ddb5-4fa4-a97d-d965ccfc6d4b" outcome="Passed" testListId="8c84fa94-04c1-424b-9868-57a2d4851a1d" relativeResultsDirectory="30c84029-d494-41c0-907a-1b8d05e5c160">
      <Output>
        <StdOut>SCENARIO: Get candidate info for new interface by valid user&#xD;
  STEP 1/9: GIVEN a company...&#xD;
  STEP 1/9: GIVEN a company (Passed after 38ms)&#xD;
  STEP 2/9: AND the vacancy in the company...&#xD;
  STEP 2/9: AND the vacancy in the company (Passed after 270ms)&#xD;
  STEP 3/9: AND the authenticated user...&#xD;
  STEP 3/9: AND the authenticated user (Passed after 151ms)&#xD;
  STEP 4/9: AND a funnel...&#xD;
  STEP 4/9: AND a funnel (Passed after 96ms)&#xD;
  STEP 5/9: AND a candidate...&#xD;
  STEP 5/9: AND a candidate (Passed after 93ms)&#xD;
  STEP 6/9: AND client configuration with check workflow and model...&#xD;
  STEP 6/9: AND client configuration with check workflow and model (Passed after 2s 120ms)&#xD;
  STEP 7/9: AND started checks...&#xD;
  STEP 7/9: AND started checks (Passed after 2s 805ms)&#xD;
  STEP 8/9: WHEN candidate data for new interface is requested...&#xD;
  STEP 8/9: WHEN candidate data for new interface is requested (Passed after 362ms)&#xD;
  STEP 9/9: THEN check in new interface is available...&#xD;
  STEP 9/9: THEN check in new interface is available (Passed after &lt;1ms)&#xD;
  SCENARIO RESULT: Passed after 6s 023ms</StdOut>
      </Output>
    </UnitTestResult>
    <UnitTestResult executionId="4ed27087-4858-4198-b908-8b59a5a1c468" testId="1f80fc72-622e-255f-d30a-d736bafe66ea" testName="Skillaz.Tests.CompanySpecific.Decathlon.DecathlonRecruiterSecurityProfile_feature.Getting_allowed_orguits_with_filled_scope" computerName="DESKTOP-F6SKA47" duration="00:00:06.2917616" startTime="2021-12-16T16:23:10.6332520+03:00" endTime="2021-12-16T16:23:10.6332618+03:00" testType="13cdc9d9-ddb5-4fa4-a97d-d965ccfc6d4b" outcome="Passed" testListId="8c84fa94-04c1-424b-9868-57a2d4851a1d" relativeResultsDirectory="4ed27087-4858-4198-b908-8b59a5a1c468">
      <Output>
        <StdOut>SCENARIO: Getting allowed orguits with filled scope&#xD;
  STEP 1/5: GIVEN Given orgunits...&#xD;
  STEP 1/5: GIVEN Given orgunits (Passed after 844ms)&#xD;
  STEP 2/5: AND Given a company [companyId: "decathlonCompany"]...&#xD;
  STEP 2/5: AND Given a company [companyId: "decathlonCompany"] (Passed after 672ms)&#xD;
  STEP 3/5: AND Given authenticated user with decathlon security profile [scopeOrgUnitId: "61bb3db87f10d6937478d47f"]...&#xD;
  STEP 3/5: AND Given authenticated user with decathlon security profile [scopeOrgUnitId: "61bb3db87f10d6937478d47f"] (Passed after 2s 367ms)&#xD;
  STEP 4/5: WHEN When requesting decathlon orgunits list...&#xD;
  STEP 4/5: WHEN When requesting decathlon orgunits list (Passed after 14ms)&#xD;
  STEP 5/5: THEN Then only allowed orgunits returned...&#xD;
  STEP 5/5: THEN Then only allowed orgunits returned (Passed after 62ms)&#xD;
  SCENARIO RESULT: Passed after 5s 041ms</StdOut>
      </Output>
    </UnitTestResult>
    <UnitTestResult executionId="e833d0ef-8674-4475-ba7e-471d591c4b27" testId="8bf65696-5a80-7c83-5647-2f6280dde8af" testName="Skillaz.Tests.Authorization.AuthLoginWorkflowService_Login_feature.Do_incorrect_login_by_email_ensure_wrong_credentials_exceptions_throws" computerName="DESKTOP-F6SKA47" duration="00:00:00.9811674" startTime="2021-12-16T16:22:29.9645727+03:00" endTime="2021-12-16T16:22:29.9645772+03:00" testType="13cdc9d9-ddb5-4fa4-a97d-d965ccfc6d4b" outcome="Passed" testListId="8c84fa94-04c1-424b-9868-57a2d4851a1d" relativeResultsDirectory="e833d0ef-8674-4475-ba7e-471d591c4b27">
      <Output>
        <StdOut>SCENARIO: Do incorrect login by email ensure wrong credentials exceptions throws&#xD;
  STEP 1/4: GIVEN a company...&#xD;
  STEP 1/4: GIVEN a company (Passed after 92ms)&#xD;
  STEP 2/4: AND a user...&#xD;
  STEP 2/4: AND a user (Passed after 117ms)&#xD;
  STEP 3/4: WHEN doing a failing login "v.pupkin@skillaz.co" attempt...&#xD;
  STEP 3/4: WHEN doing a failing login "v.pupkin@skillaz.co" attempt (Passed after 225ms)&#xD;
  STEP 4/4: THEN ensure it is wrong credentials exception...&#xD;
  STEP 4/4: THEN ensure it is wrong credentials exception (Passed after &lt;1ms)&#xD;
  SCENARIO RESULT: Passed after 443ms</StdOut>
      </Output>
    </UnitTestResult>
    <UnitTestResult executionId="9b89d31e-d8af-4594-9db3-9876f81f7f9b" testId="019b787c-88b2-9680-3a7b-9251d2235f77" testName="Skillaz.Tests.CompanySpecific.X5.Naumen.NaumenSlaTests.Sla_calculates_correctly_for_next_day(candidateTimeZone: 11, sla: 02:00:00, startDate: 2019-12-31T13:00:00.0000000Z, truth: [NaumenTimeRange { From = &quot;2020-01-01 07:00:00&quot;, To = &quot;2020-01-01 09:00:00&quot; }])" computerName="DESKTOP-F6SKA47" duration="00:00:00.0000864" startTime="2021-12-16T16:16:29.3566276+03:00" endTime="2021-12-16T16:16:29.3566281+03:00" testType="13cdc9d9-ddb5-4fa4-a97d-d965ccfc6d4b" outcome="Passed" testListId="8c84fa94-04c1-424b-9868-57a2d4851a1d" relativeResultsDirectory="9b89d31e-d8af-4594-9db3-9876f81f7f9b" />
    <UnitTestResult executionId="e7cd4cf0-c32c-4c4e-8f0d-b6abf95767bb" testId="f727b248-9add-f920-b0ce-770364245e70" testName="Skillaz.Tests.Candidate.Elastic.CandidateElasticMultiselectFiltration_feature.MultiLineFilterCheck(filter: (Skillaz.Candidate.Contract.CandidateSearchFilter, Skillaz.Candidate.Contract.CandidateSearchFilterCommon), result: (3, search in common or in education))" computerName="DESKTOP-F6SKA47" duration="00:00:00.0010000" startTime="2021-12-16T16:26:50.3247150+03:00" endTime="2021-12-16T16:26:50.3247180+03:00" testType="13cdc9d9-ddb5-4fa4-a97d-d965ccfc6d4b" outcome="NotExecuted" testListId="8c84fa94-04c1-424b-9868-57a2d4851a1d" relativeResultsDirectory="e7cd4cf0-c32c-4c4e-8f0d-b6abf95767bb">
      <Output>
        <StdOut>You need Elasticsearch 7.5 local instance on 9200 port</StdOut>
      </Output>
    </UnitTestResult>
    <UnitTestResult executionId="2b679b4c-71f9-41ca-83eb-16dec18fbb4a" testId="600fa3f6-c320-1544-cecd-d65487c236b1" testName="Skillaz.Tests.Configurator.Deduplication.SendNotificationByRuleTest.Correctly_send_notification_for_deduplication_by_new_candidate" computerName="DESKTOP-F6SKA47" duration="00:00:05.8965512" startTime="2021-12-16T16:20:33.2795679+03:00" endTime="2021-12-16T16:20:33.2795688+03:00" testType="13cdc9d9-ddb5-4fa4-a97d-d965ccfc6d4b" outcome="Passed" testListId="8c84fa94-04c1-424b-9868-57a2d4851a1d" relativeResultsDirectory="2b679b4c-71f9-41ca-83eb-16dec18fbb4a">
      <Output>
        <StdOut>SCENARIO: Correctly send notification for deduplication by new candidate&#xD;
  STEP 1/9: GIVEN a company...&#xD;
  STEP 1/9: GIVEN a company (Passed after 149ms)&#xD;
  STEP 2/9: AND funnel...&#xD;
  STEP 2/9: AND funnel (Passed after 198ms)&#xD;
  STEP 3/9: AND the vacancy in the company...&#xD;
  STEP 3/9: AND the vacancy in the company (Passed after 118ms)&#xD;
  STEP 4/9: AND a existing candidate...&#xD;
  STEP 4/9: AND a existing candidate (Passed after 293ms)&#xD;
  STEP 5/9: AND a new candidate...&#xD;
  STEP 5/9: AND a new candidate (Passed after 1ms)&#xD;
  STEP 6/9: AND deduplication rules by recipient type [recipientType: "NewCandidate"]...&#xD;
  STEP 6/9: AND deduplication rules by recipient type [recipientType: "NewCandidate"] (Passed after &lt;1ms)&#xD;
  STEP 7/9: AND update candidate strategy...&#xD;
  STEP 7/9: AND update candidate strategy (Passed after 404ms)&#xD;
  STEP 8/9: WHEN update candidate by strategy...&#xD;
  STEP 8/9: WHEN update candidate by strategy (Passed after 3s 960ms)&#xD;
  STEP 9/9: Ensure notification manager service receive candidateId "61bb3d1c7f10d6937478b304" in context...&#xD;
  STEP 9/9: Ensure notification manager service receive candidateId "61bb3d1c7f10d6937478b304" in context (Passed after 4ms)&#xD;
  SCENARIO RESULT: Passed after 5s 238ms</StdOut>
      </Output>
    </UnitTestResult>
    <UnitTestResult executionId="7ee726cf-cfb8-4278-8264-494592a3353c" testId="9ab708a6-2c36-fc13-e1d9-ba94b256ee60" testName="Skillaz.Tests.CompanySpecific.GazpromNeft.GazpromImportBlueReport_feature.Old_request_cancelled_where_position_count_equals_zero" computerName="DESKTOP-F6SKA47" duration="00:00:48.8652407" startTime="2021-12-16T16:28:34.4141355+03:00" endTime="2021-12-16T16:28:34.4141391+03:00" testType="13cdc9d9-ddb5-4fa4-a97d-d965ccfc6d4b" outcome="Passed" testListId="8c84fa94-04c1-424b-9868-57a2d4851a1d" relativeResultsDirectory="7ee726cf-cfb8-4278-8264-494592a3353c">
      <Output>
        <StdOut>SCENARIO: Old request cancelled where position count equals zero&#xD;
  STEP 1/8: GIVEN a company [companyId: "kdaigswiuJNh8Tvsp"]...&#xD;
  STEP 1/8: GIVEN a company [companyId: "kdaigswiuJNh8Tvsp"] (Passed after 246ms)&#xD;
  STEP 2/8: AND the authenticated user...&#xD;
  STEP 2/8: AND the authenticated user (Passed after 635ms)&#xD;
  STEP 3/8: AND the upload rows [staffUnitNum: "1211"] [clusterName: "АО "Газпромнефть-Урал""] [azsName: "АЗС № 152"] [requestCount: "0"]...&#xD;
  STEP 3/8: AND the upload rows [staffUnitNum: "1211"] [clusterName: "АО "Газпромнефть-Урал""] [azsName: "АЗС № 152"] [requestCount: "0"] (Passed after 7s 327ms)&#xD;
  STEP 4/8: AND the vacancy and request [modelTest: "Skillaz.Tests.CompanySpecific.GazpromNeft.GazpromImportBlueReport_feature+GazpromBlueReportModelTest"] [positionCount: "1"]...&#xD;
  STEP 4/8: AND the vacancy and request [modelTest: "Skillaz.Tests.CompanySpecific.GazpromNeft.GazpromImportBlueReport_feature+GazpromBlueReportModelTest"] [positionCount: "1"] (Passed after 14s 282ms)&#xD;
  STEP 5/8: AND the prepare xlsx file...&#xD;
  STEP 5/8: AND the prepare xlsx file (Passed after 7s 298ms)&#xD;
  STEP 6/8: WHEN upload xlsx file...&#xD;
  STEP 6/8: WHEN upload xlsx file (Passed after 18s 379ms)&#xD;
  STEP 7/8: Ensure change request count by type [inspectCount: "1"] [state: "Cancelled"]...&#xD;
  STEP 7/8: Ensure change request count by type [inspectCount: "1"] [state: "Cancelled"] (Passed after 156ms)&#xD;
  STEP 8/8: Ensure change request count by type [inspectCount: "0"] [state: "InWork"]...&#xD;
  STEP 8/8: Ensure change request count by type [inspectCount: "0"] [state: "InWork"] (Passed after 2ms)&#xD;
  SCENARIO RESULT: Passed after 48s 350ms</StdOut>
      </Output>
    </UnitTestResult>
    <UnitTestResult executionId="10ebf2a0-5fc0-40a7-8220-c19570d5bcf0" testId="b4456a07-663c-5922-e98d-90079142faba" testName="Skillaz.Tests.Assessment.Questionnaires.BranchTrackQuestionnaire_feature.Getting_a_questionnaire" computerName="DESKTOP-F6SKA47" duration="00:00:01.6445942" startTime="2021-12-16T16:20:41.3637364+03:00" endTime="2021-12-16T16:20:41.3637381+03:00" testType="13cdc9d9-ddb5-4fa4-a97d-d965ccfc6d4b" outcome="Passed" testListId="8c84fa94-04c1-424b-9868-57a2d4851a1d" relativeResultsDirectory="10ebf2a0-5fc0-40a7-8220-c19570d5bcf0">
      <Output>
        <StdOut>SCENARIO: Getting a questionnaire&#xD;
  STEP 1/5: GIVEN a company...&#xD;
  STEP 1/5: GIVEN a company (Passed after 107ms)&#xD;
  STEP 2/5: AND the authenticated user...&#xD;
  STEP 2/5: AND the authenticated user (Passed after 203ms)&#xD;
  STEP 3/5: AND the questionnaire...&#xD;
  STEP 3/5: AND the questionnaire (Passed after 85ms)&#xD;
  STEP 4/5: WHEN questionnaire is requested...&#xD;
  STEP 4/5: WHEN questionnaire is requested (Passed after 663ms)&#xD;
  STEP 5/5: Questionnaire should be retrieved...&#xD;
  STEP 5/5: Questionnaire should be retrieved (Passed after &lt;1ms)&#xD;
  SCENARIO RESULT: Passed after 1s 137ms</StdOut>
      </Output>
    </UnitTestResult>
    <UnitTestResult executionId="242ec7d5-dfb4-4248-af6f-90d4356eac20" testId="bc6693b4-494e-b029-861d-2efd4a6e7ca5" testName="Skillaz.Tests.CompanySpecific.GazpromNeft.GazpromImportBlueReport_feature.Attempt_publication_for_vacancy_where_position_count_greater_than_zero" computerName="DESKTOP-F6SKA47" duration="00:01:23.5370619" startTime="2021-12-16T16:29:09.1175347+03:00" endTime="2021-12-16T16:29:09.1175384+03:00" testType="13cdc9d9-ddb5-4fa4-a97d-d965ccfc6d4b" outcome="Passed" testListId="8c84fa94-04c1-424b-9868-57a2d4851a1d" relativeResultsDirectory="242ec7d5-dfb4-4248-af6f-90d4356eac20">
      <Output>
        <StdOut>SCENARIO: Attempt publication for vacancy where position count greater than zero&#xD;
  STEP 1/7: GIVEN a company [companyId: "kdaigswiuJNh8Tvsp"]...&#xD;
  STEP 1/7: GIVEN a company [companyId: "kdaigswiuJNh8Tvsp"] (Passed after 196ms)&#xD;
  STEP 2/7: AND the authenticated user...&#xD;
  STEP 2/7: AND the authenticated user (Passed after 603ms)&#xD;
  STEP 3/7: AND the accounts for current user...&#xD;
  STEP 3/7: AND the accounts for current user (Passed after 266ms)&#xD;
  STEP 4/7: AND the upload rows [staffUnitNum: "1211"] [clusterName: "АО "Газпромнефть-Урал""] [azsName: "АЗС № 152"] [requestCount: "2"]...&#xD;
  STEP 4/7: AND the upload rows [staffUnitNum: "1211"] [clusterName: "АО "Газпромнефть-Урал""] [azsName: "АЗС № 152"] [requestCount: "2"] (Passed after 7s 180ms)&#xD;
  STEP 5/7: AND the prepare xlsx file...&#xD;
  STEP 5/7: AND the prepare xlsx file (Passed after 12s 393ms)&#xD;
  STEP 6/7: WHEN upload xlsx file...&#xD;
  STEP 6/7: WHEN upload xlsx file (Passed after 55s 903ms)&#xD;
  STEP 7/7: Ensure attempt create publication [modelTest: "Skillaz.Tests.CompanySpecific.GazpromNeft.GazpromImportBlueReport_feature+GazpromBlueReportModelTest"]...&#xD;
  STEP 7/7: Ensure attempt create publication [modelTest: "Skillaz.Tests.CompanySpecific.GazpromNeft.GazpromImportBlueReport_feature+GazpromBlueReportModelTest"] (Passed after 260ms)&#xD;
  SCENARIO RESULT: Passed after 1m 16s</StdOut>
      </Output>
    </UnitTestResult>
    <UnitTestResult executionId="24e6590e-eccc-4982-9e62-2faa76a1f259" testId="cde7c1e4-b024-3357-c460-fe234f6fabdd" testName="Skillaz.Tests.Request.X5.X5GetRequestListCommand_feature.If_request_has_no_gender_result_name_should_contain_no_matter" computerName="DESKTOP-F6SKA47" duration="00:00:08.3985776" startTime="2021-12-16T16:25:01.1140637+03:00" endTime="2021-12-16T16:25:01.1140651+03:00" testType="13cdc9d9-ddb5-4fa4-a97d-d965ccfc6d4b" outcome="Passed" testListId="8c84fa94-04c1-424b-9868-57a2d4851a1d" relativeResultsDirectory="24e6590e-eccc-4982-9e62-2faa76a1f259">
      <Output>
        <StdOut>SCENARIO: If request has no gender result name should contain no matter&#xD;
  STEP 1/8: GIVEN a company [companyId: "61bb3e247f10d6937478e0e2"]...&#xD;
  STEP 1/8: GIVEN a company [companyId: "61bb3e247f10d6937478e0e2"] (Passed after 288ms)&#xD;
  STEP 2/8: AND the vacancy in the company...&#xD;
  STEP 2/8: AND the vacancy in the company (Passed after 216ms)&#xD;
  STEP 3/8: AND candidate "Skillaz.Candidate.Contract.Documents.Candidate.CandidateDocument"...&#xD;
  STEP 3/8: AND candidate "Skillaz.Candidate.Contract.Documents.Candidate.CandidateDocument" (Passed after 260ms)&#xD;
  STEP 4/8: AND request "Skillaz.Candidate.Contract.Request.RequestDocument"...&#xD;
  STEP 4/8: AND request "Skillaz.Candidate.Contract.Request.RequestDocument" (Passed after 359ms)&#xD;
  STEP 5/8: AND created indexes for requests...&#xD;
  STEP 5/8: AND created indexes for requests (Passed after 5s 913ms)&#xD;
  STEP 6/8: AND candidate profile [candidateProfileDocument: "Skillaz.Candidate.Contract.Documents.CandidateProfile.CandidateProfileDocument"]...&#xD;
  STEP 6/8: AND candidate profile [candidateProfileDocument: "Skillaz.Candidate.Contract.Documents.CandidateProfile.CandidateProfileDocument"] (Passed after 238ms)&#xD;
  STEP 7/8: WHEN getting available requests list...&#xD;
  STEP 7/8: WHEN getting available requests list (Passed after 59ms)&#xD;
  STEP 8/8: THEN result list consists of one element with name "Request awesome title (Расстояние: 28.2 км.) Moscow, Pokryshkina, 10/2, тип: Обычный, от 10000 до 20000 руб, график: Flexible, пол: Не важно"...&#xD;
  STEP 8/8: THEN result list consists of one element with name "Request awesome title (Расстояние: 28.2 км.) Moscow, Pokryshkina, 10/2, тип: Обычный, от 10000 до 20000 руб, график: Flexible, пол: Не важно" (Passed after &lt;1ms)&#xD;
  SCENARIO RESULT: Passed after 7s 437ms</StdOut>
      </Output>
    </UnitTestResult>
    <UnitTestResult executionId="f75cc33b-5835-47d0-8c8a-b22714426695" testId="33461d7f-ec83-3d43-b782-0109c0131446" testName="Skillaz.Tests.OpenApi.CandidateProfileApi.FeatureCandidatePrifileArchive_feature.Ensure_that_candidate_profile_become_archived" computerName="DESKTOP-F6SKA47" duration="00:00:02.1675689" startTime="2021-12-16T16:24:41.3260356+03:00" endTime="2021-12-16T16:24:41.3260369+03:00" testType="13cdc9d9-ddb5-4fa4-a97d-d965ccfc6d4b" outcome="Passed" testListId="8c84fa94-04c1-424b-9868-57a2d4851a1d" relativeResultsDirectory="f75cc33b-5835-47d0-8c8a-b22714426695">
      <Output>
        <StdOut>SCENARIO: Ensure that candidate profile become archived&#xD;
  STEP 1/5: GIVEN a company...&#xD;
  STEP 1/5: GIVEN a company (Passed after 163ms)&#xD;
  STEP 2/5: AND the authenticated api user...&#xD;
  STEP 2/5: AND the authenticated api user (Passed after 293ms)&#xD;
  STEP 3/5: AND the candidate profile [document: "Skillaz.Candidate.Contract.Documents.CandidateProfile.CandidateProfileDocument"]...&#xD;
  STEP 3/5: AND the candidate profile [document: "Skillaz.Candidate.Contract.Documents.CandidateProfile.CandidateProfileDocument"] (Passed after 309ms)&#xD;
  STEP 4/5: WHEN archive candidate profile [id: "1"]...&#xD;
  STEP 4/5: WHEN archive candidate profile [id: "1"] (Passed after 651ms)&#xD;
  STEP 5/5: THEN that candidate profile has archived [id: "1"]...&#xD;
  STEP 5/5: THEN that candidate profile has archived [id: "1"] (Passed after 23ms)&#xD;
  SCENARIO RESULT: Passed after 1s 452ms</StdOut>
      </Output>
    </UnitTestResult>
    <UnitTestResult executionId="219d461d-b6be-48ed-86a2-56b70d0c1040" testId="9bbae084-8501-b97f-20d4-1d0ec1391822" testName="Skillaz.Tests.CompanySpecific.Decathlon.DecathlonCheckMiddleNameAndCitizenshipIsFilledTrigger_feature.MiddleName_is_null_or_empty(middleName: null)" computerName="DESKTOP-F6SKA47" duration="00:00:07.8444663" startTime="2021-12-16T16:30:04.9147743+03:00" endTime="2021-12-16T16:30:04.9147746+03:00" testType="13cdc9d9-ddb5-4fa4-a97d-d965ccfc6d4b" outcome="Passed" testListId="8c84fa94-04c1-424b-9868-57a2d4851a1d" relativeResultsDirectory="219d461d-b6be-48ed-86a2-56b70d0c1040">
      <Output>
        <StdOut>SCENARIO: MiddleName "&lt;null&gt;" is null or empty&#xD;
  STEP 1/6: GIVEN a company [companyId: "decathlonCompany"]...&#xD;
  STEP 1/6: GIVEN a company [companyId: "decathlonCompany"] (Passed after 139ms)&#xD;
  STEP 2/6: AND the authenticated admin user...&#xD;
  STEP 2/6: AND the authenticated admin user (Passed after 301ms)&#xD;
  STEP 3/6: AND the vacancy in the company...&#xD;
  STEP 3/6: AND the vacancy in the company (Passed after 259ms)&#xD;
  STEP 4/6: AND a candidate [middleName: "&lt;null&gt;"] [citizenship: "Russia"]...&#xD;
  STEP 4/6: AND a candidate [middleName: "&lt;null&gt;"] [citizenship: "Russia"] (Passed after 484ms)&#xD;
  STEP 5/6: WHEN trigger executed...&#xD;
  STEP 5/6: WHEN trigger executed (Passed after 3ms)&#xD;
  STEP 6/6: THEN exception thrown...&#xD;
  STEP 6/6: THEN exception thrown (Passed after &lt;1ms)&#xD;
  SCENARIO RESULT: Passed after 1s 202ms</StdOut>
      </Output>
    </UnitTestResult>
    <UnitTestResult executionId="4e57a3a4-f802-427e-8255-06cd84902df4" testId="02442abc-8584-48b9-9b1c-95ed51e85b39" testName="Skillaz.Tests.OpenApi.CandidateProfileApi.FilterCandidateProfile_feature.Candidate_profile_filter_multiple_results" computerName="DESKTOP-F6SKA47" duration="00:00:04.7549914" startTime="2021-12-16T16:27:30.3107849+03:00" endTime="2021-12-16T16:27:30.3107865+03:00" testType="13cdc9d9-ddb5-4fa4-a97d-d965ccfc6d4b" outcome="Passed" testListId="8c84fa94-04c1-424b-9868-57a2d4851a1d" relativeResultsDirectory="4e57a3a4-f802-427e-8255-06cd84902df4">
      <Output>
        <StdOut>SCENARIO: Candidate profile filter multiple results&#xD;
  STEP 1/5: GIVEN a company...&#xD;
  STEP 1/5: GIVEN a company (Passed after 272ms)&#xD;
  STEP 2/5: AND the authenticated api user...&#xD;
  STEP 2/5: AND the authenticated api user (Passed after 700ms)&#xD;
  STEP 3/5: AND 50 candidate profiles...&#xD;
  STEP 3/5: AND 50 candidate profiles (Passed after 1s 243ms)&#xD;
  STEP 4/5: WHEN candidate profile empty filter...&#xD;
  STEP 4/5: WHEN candidate profile empty filter (Passed after 386ms)&#xD;
  STEP 5/5: THEN total items default page size...&#xD;
  STEP 5/5: THEN total items default page size (Passed after 171ms)&#xD;
  SCENARIO RESULT: Passed after 2s 778ms</StdOut>
      </Output>
    </UnitTestResult>
    <UnitTestResult executionId="49cbaea8-ed59-441e-9f4d-fd95d7b97276" testId="ddec4b79-28e7-9393-5dba-0a70df5212fc" testName="Skillaz.Tests.CompanySpecific.Mvideo.MvideoWithoutProfile_feature.Do_archived_vacancy_with_open_vacancies" computerName="DESKTOP-F6SKA47" duration="00:00:06.6860000" startTime="2021-12-16T16:27:01.3290611+03:00" endTime="2021-12-16T16:27:01.3290747+03:00" testType="13cdc9d9-ddb5-4fa4-a97d-d965ccfc6d4b" outcome="Passed" testListId="8c84fa94-04c1-424b-9868-57a2d4851a1d" relativeResultsDirectory="49cbaea8-ed59-441e-9f4d-fd95d7b97276">
      <Output>
        <StdOut>SCENARIO: Do archived vacancy with open vacancies&#xD;
  STEP 1/7: GIVEN a company [companyId: "mvideo"]...&#xD;
  STEP 1/7: GIVEN a company [companyId: "mvideo"] (Passed after 83ms)&#xD;
  STEP 2/7: AND the authenticated user...&#xD;
  STEP 2/7: AND the authenticated user (Passed after 569ms)&#xD;
  STEP 3/7: AND the org unit and references...&#xD;
  STEP 3/7: AND the org unit and references (Passed after 2s 021ms)&#xD;
  STEP 4/7: AND the profile and vacancies [countCreatedVacancies: "3"] [isArchiveVacancy: "False"]...&#xD;
  STEP 4/7: AND the profile and vacancies [countCreatedVacancies: "3"] [isArchiveVacancy: "False"] (Passed after 533ms)&#xD;
  STEP 5/7: WHEN archive vacancy [profileId: "61bb3e9a7f10d6937478f0da"]...&#xD;
  STEP 5/7: WHEN archive vacancy [profileId: "61bb3e9a7f10d6937478f0da"] (Passed after 2s 663ms)&#xD;
  STEP 6/7: THEN ensure not create publication by profile [profileId: "5f05b4c639e7715029e2c705"]...&#xD;
  STEP 6/7: THEN ensure not create publication by profile [profileId: "5f05b4c639e7715029e2c705"] (Passed after 16ms)&#xD;
  STEP 7/7: AND ensure remove publication by profile [profileId: "61bb3e9a7f10d6937478f0da"]...&#xD;
  STEP 7/7: AND ensure remove publication by profile [profileId: "61bb3e9a7f10d6937478f0da"] (Passed after &lt;1ms)&#xD;
  SCENARIO RESULT: Passed after 5s 915ms</StdOut>
      </Output>
    </UnitTestResult>
    <UnitTestResult executionId="5126e99f-6519-47de-8439-a4281a555be6" testId="51359204-1b17-5f97-3a11-e321f1919f54" testName="Skillaz.Tests.CompanySpecific.Sberbank.SberPositionsTests.SberPositionCommand_should_work_as_expected(vacancyName: &quot;Клиентский менеджер премьер&quot;, expectedPositionId: &quot;client_manger_sber_premier&quot;)" computerName="DESKTOP-F6SKA47" duration="00:00:00.0614670" startTime="2021-12-16T16:16:29.6587150+03:00" endTime="2021-12-16T16:16:29.6587158+03:00" testType="13cdc9d9-ddb5-4fa4-a97d-d965ccfc6d4b" outcome="Passed" testListId="8c84fa94-04c1-424b-9868-57a2d4851a1d" relativeResultsDirectory="5126e99f-6519-47de-8439-a4281a555be6" />
    <UnitTestResult executionId="e3fe850d-0f36-431b-9cf4-54ba87b25aeb" testId="019b787c-88b2-9680-3a7b-9251d2235f77" testName="Skillaz.Tests.CompanySpecific.X5.Naumen.NaumenSlaTests.Sla_calculates_correctly_for_next_day(candidateTimeZone: 3, sla: 02:00:00, startDate: 2020-01-01T00:30:00.0000000Z, truth: [NaumenTimeRange { From = &quot;2020-01-01 09:00:00&quot;, To = &quot;2020-01-01 11:00:00&quot; }])" computerName="DESKTOP-F6SKA47" duration="00:00:00.0000407" startTime="2021-12-16T16:16:29.0773326+03:00" endTime="2021-12-16T16:16:29.0773331+03:00" testType="13cdc9d9-ddb5-4fa4-a97d-d965ccfc6d4b" outcome="Passed" testListId="8c84fa94-04c1-424b-9868-57a2d4851a1d" relativeResultsDirectory="e3fe850d-0f36-431b-9cf4-54ba87b25aeb" />
    <UnitTestResult executionId="833b374c-905b-473c-9c72-f241c2c3353d" testId="019b787c-88b2-9680-3a7b-9251d2235f77" testName="Skillaz.Tests.CompanySpecific.X5.Naumen.NaumenSlaTests.Sla_calculates_correctly_for_next_day(candidateTimeZone: 6, sla: 02:00:00, startDate: 2019-12-31T19:00:00.0000000Z, truth: [NaumenTimeRange { From = &quot;2020-01-01 07:00:00&quot;, To = &quot;2020-01-01 09:00:00&quot; }])" computerName="DESKTOP-F6SKA47" duration="00:00:00.0017937" startTime="2021-12-16T16:16:29.1207545+03:00" endTime="2021-12-16T16:16:29.1207550+03:00" testType="13cdc9d9-ddb5-4fa4-a97d-d965ccfc6d4b" outcome="Passed" testListId="8c84fa94-04c1-424b-9868-57a2d4851a1d" relativeResultsDirectory="833b374c-905b-473c-9c72-f241c2c3353d" />
    <UnitTestResult executionId="4486180c-358e-42c5-9edc-a9910ab15748" testId="02e1d23f-4978-a204-acc4-9504b4140dd6" testName="Skillaz.Tests.HH.Search.HHSearch_feature.CreateHHSearchCommand_should_give_area_exception" computerName="DESKTOP-F6SKA47" duration="00:00:10.8865187" startTime="2021-12-16T16:28:49.5130162+03:00" endTime="2021-12-16T16:28:49.5130187+03:00" testType="13cdc9d9-ddb5-4fa4-a97d-d965ccfc6d4b" outcome="Passed" testListId="8c84fa94-04c1-424b-9868-57a2d4851a1d" relativeResultsDirectory="4486180c-358e-42c5-9edc-a9910ab15748">
      <Output>
        <StdOut>SCENARIO: CreateHHSearchCommand should give area exception&#xD;
  STEP 1/6: GIVEN a company...&#xD;
  STEP 1/6: GIVEN a company (Passed after 37ms)&#xD;
  STEP 2/6: AND the vacancy in the company...&#xD;
  STEP 2/6: AND the vacancy in the company (Passed after 68ms)&#xD;
  STEP 3/6: AND search base...&#xD;
  STEP 3/6: AND search base (Passed after 1ms)&#xD;
  STEP 4/6: AND createHHSearchCommand...&#xD;
  STEP 4/6: AND createHHSearchCommand (Passed after 48ms)&#xD;
  STEP 5/6: AND search without area...&#xD;
  STEP 5/6: AND search without area (Passed after 2ms)&#xD;
  STEP 6/6: THEN command will give exception...&#xD;
  STEP 6/6: THEN command will give exception (Passed after 9s 457ms)&#xD;
  SCENARIO RESULT: Passed after 9s 623ms</StdOut>
      </Output>
    </UnitTestResult>
    <UnitTestResult executionId="0e2646fa-7a05-4530-8e77-ee6d1d55abde" testId="998d89fa-2199-6563-a82a-c906cc202aee" testName="Skillaz.Tests.Digest.DigestService_feature.Digest_archiving" computerName="DESKTOP-F6SKA47" duration="00:00:07.8790438" startTime="2021-12-16T16:24:53.8947724+03:00" endTime="2021-12-16T16:24:53.8947745+03:00" testType="13cdc9d9-ddb5-4fa4-a97d-d965ccfc6d4b" outcome="Passed" testListId="8c84fa94-04c1-424b-9868-57a2d4851a1d" relativeResultsDirectory="0e2646fa-7a05-4530-8e77-ee6d1d55abde">
      <Output>
        <StdOut>SCENARIO: Digest archiving&#xD;
  STEP 1/7: GIVEN a company...&#xD;
  STEP 1/7: GIVEN a company (Passed after 102ms)&#xD;
  STEP 2/7: AND the authenticated user...&#xD;
  STEP 2/7: AND the authenticated user (Passed after 321ms)&#xD;
  STEP 3/7: AND a candidate...&#xD;
  STEP 3/7: AND a candidate (Passed after 145ms)&#xD;
  STEP 4/7: AND a DigestNotificationFilterDto...&#xD;
  STEP 4/7: AND a DigestNotificationFilterDto (Passed after &lt;1ms)&#xD;
  STEP 5/7: AND a addDigestDataDto...&#xD;
  STEP 5/7: AND a addDigestDataDto (Passed after 2ms)&#xD;
  STEP 6/7: WHEN digest add to candidate and archived...&#xD;
  STEP 6/7: WHEN digest add to candidate and archived (Passed after 5s 969ms)&#xD;
  STEP 7/7: THEN digest archived...&#xD;
  STEP 7/7: THEN digest archived (Passed after 155ms)&#xD;
  SCENARIO RESULT: Passed after 6s 699ms</StdOut>
      </Output>
    </UnitTestResult>
    <UnitTestResult executionId="ddca216e-afa0-43e1-a11a-c0b133a0eb26" testId="c4214939-2a75-60e3-3417-cd6a3ac7b928" testName="Skillaz.Tests.Candidate.Workflow.CandidateTagSwitchRulesTests.Check_use_auto_switch_rule_if_candidate_contains_tag" computerName="DESKTOP-F6SKA47" duration="00:00:16.5027515" startTime="2021-12-16T16:22:57.4288543+03:00" endTime="2021-12-16T16:22:57.4288633+03:00" testType="13cdc9d9-ddb5-4fa4-a97d-d965ccfc6d4b" outcome="Passed" testListId="8c84fa94-04c1-424b-9868-57a2d4851a1d" relativeResultsDirectory="ddca216e-afa0-43e1-a11a-c0b133a0eb26">
      <Output>
        <StdOut>SCENARIO: Check use auto switch rule if candidate contains tag&#xD;
  STEP 1/8: GIVEN a company...&#xD;
  STEP 1/8: GIVEN a company (Passed after 315ms)&#xD;
  STEP 2/8: AND the authenticated user...&#xD;
  STEP 2/8: AND the authenticated user (Passed after 978ms)&#xD;
  STEP 3/8: AND the vacancy in the company...&#xD;
  STEP 3/8: AND the vacancy in the company (Passed after 184ms)&#xD;
  STEP 4/8: AND the switch rules with tag "CandidateTag"...&#xD;
  STEP 4/8: AND the switch rules with tag "CandidateTag" (Passed after 3ms)&#xD;
  STEP 5/8: AND a funnel...&#xD;
  STEP 5/8: AND a funnel (Passed after 542ms)&#xD;
  STEP 6/8: AND a candidate with tag "CandidateTag"...&#xD;
  STEP 6/8: AND a candidate with tag "CandidateTag" (Passed after 195ms)&#xD;
  STEP 7/8: WHEN switch candidate to switched status...&#xD;
  STEP 7/8: WHEN switch candidate to switched status (Passed after 11s 284ms)&#xD;
  STEP 8/8: THEN candidate in status "TargetStatus" [detail: "TargetStatusDetail"]...&#xD;
  STEP 8/8: THEN candidate in status "TargetStatus" [detail: "TargetStatusDetail"] (Passed after 4ms)&#xD;
  SCENARIO RESULT: Passed after 13s 654ms</StdOut>
      </Output>
    </UnitTestResult>
    <UnitTestResult executionId="51b18cf5-23dc-4eaf-83d4-6d9f4a369861" testId="d8fd7e36-b5e4-7858-f7ea-8ca6ecf37fab" testName="Skillaz.Tests.Candidate.CandidateTags.CandidateTagsService_feature.If_current_user_is_not_admin_then_current_user_can_not_archive_and_remove_from_archive_new_category" computerName="DESKTOP-F6SKA47" duration="00:00:06.0107350" startTime="2021-12-16T16:23:12.1945683+03:00" endTime="2021-12-16T16:23:12.1945722+03:00" testType="13cdc9d9-ddb5-4fa4-a97d-d965ccfc6d4b" outcome="Passed" testListId="8c84fa94-04c1-424b-9868-57a2d4851a1d" relativeResultsDirectory="51b18cf5-23dc-4eaf-83d4-6d9f4a369861">
      <Output>
        <StdOut>SCENARIO: If current user is not admin then current user can not archive and remove from archive new category&#xD;
  STEP 1/5: GIVEN a company...&#xD;
  STEP 1/5: GIVEN a company (Passed after 1s 105ms)&#xD;
  STEP 2/5: AND the authenticated user...&#xD;
  STEP 2/5: AND the authenticated user (Passed after 2s 027ms)&#xD;
  STEP 3/5: AND a candidate tag category "Skillaz.Candidate.Contract.Documents.CandidateTagDocument.CandidateTagCategoryDocument"...&#xD;
  STEP 3/5: AND a candidate tag category "Skillaz.Candidate.Contract.Documents.CandidateTagDocument.CandidateTagCategoryDocument" (Passed after 663ms)&#xD;
  STEP 4/5: WHEN category archive [categoryId: "52837"]...&#xD;
  STEP 4/5: WHEN category archive [categoryId: "52837"] (Passed after 27ms)&#xD;
  STEP 5/5: Ensure exception is raised...&#xD;
  STEP 5/5: Ensure exception is raised (Passed after 11ms)&#xD;
  SCENARIO RESULT: Passed after 3s 866ms</StdOut>
      </Output>
    </UnitTestResult>
    <UnitTestResult executionId="b766a624-bfaa-4d8f-9068-758ed2ce69e5" testId="a8ff91a7-b735-09cc-ac05-1298d7c8358c" testName="Skillaz.Tests.OrgUnit.OrgUnitExternalIdTests.Test_candidateProfile_create_with_existed_externalId" computerName="DESKTOP-F6SKA47" duration="00:00:00.0010000" startTime="2021-12-16T16:24:39.2446161+03:00" endTime="2021-12-16T16:24:39.2446190+03:00" testType="13cdc9d9-ddb5-4fa4-a97d-d965ccfc6d4b" outcome="NotExecuted" testListId="8c84fa94-04c1-424b-9868-57a2d4851a1d" relativeResultsDirectory="b766a624-bfaa-4d8f-9068-758ed2ce69e5">
      <Output>
        <StdOut>Нужно переделать этап Given_dm_configuration, не завязываться на авилон</StdOut>
      </Output>
    </UnitTestResult>
    <UnitTestResult executionId="0024de10-4b54-4d2f-87b9-73c142b01bca" testId="4733d579-f46d-523e-8c35-6fc8bbf17ae1" testName="Skillaz.Tests.Candidate.Workflow.CandidateAddWaySwitchRulesTests.Check_status_switch_rule_when_candidate_create" computerName="DESKTOP-F6SKA47" duration="00:00:13.9655886" startTime="2021-12-16T16:27:27.8557004+03:00" endTime="2021-12-16T16:27:27.8557016+03:00" testType="13cdc9d9-ddb5-4fa4-a97d-d965ccfc6d4b" outcome="Passed" testListId="8c84fa94-04c1-424b-9868-57a2d4851a1d" relativeResultsDirectory="0024de10-4b54-4d2f-87b9-73c142b01bca">
      <Output>
        <StdOut>SCENARIO: Check status switch rule when candidate create&#xD;
  STEP 1/6: GIVEN a company...&#xD;
  STEP 1/6: GIVEN a company (Passed after 1s 280ms)&#xD;
  STEP 2/6: AND the authenticated user...&#xD;
  STEP 2/6: AND the authenticated user (Passed after 1s 101ms)&#xD;
  STEP 3/6: AND the vacancy in the company...&#xD;
  STEP 3/6: AND the vacancy in the company (Passed after 410ms)&#xD;
  STEP 4/6: AND a funnel...&#xD;
  STEP 4/6: AND a funnel (Passed after 469ms)&#xD;
  STEP 5/6: WHEN create a negotiation candidate...&#xD;
  STEP 5/6: WHEN create a negotiation candidate (Passed after 8s 399ms)&#xD;
  STEP 6/6: THEN status for neg is correct...&#xD;
  STEP 6/6: THEN status for neg is correct (Passed after 81ms)&#xD;
  SCENARIO RESULT: Passed after 11s 747ms</StdOut>
      </Output>
    </UnitTestResult>
    <UnitTestResult executionId="7ad7c833-7489-45c8-a39f-0ce7fa55ff5d" testId="842ed694-6a02-2297-8b58-c5968f4249cc" testName="Skillaz.Tests.Assessment.Interviews.InterviewStepSwitcherFeature.Create_new_scenario_with_cant_start_from_any_status_check_type_returns_bad_request" computerName="DESKTOP-F6SKA47" duration="00:00:00.0912510" startTime="2021-12-16T16:24:47.0243182+03:00" endTime="2021-12-16T16:24:47.0243212+03:00" testType="13cdc9d9-ddb5-4fa4-a97d-d965ccfc6d4b" outcome="Passed" testListId="8c84fa94-04c1-424b-9868-57a2d4851a1d" relativeResultsDirectory="7ad7c833-7489-45c8-a39f-0ce7fa55ff5d">
      <Output>
        <StdOut>SCENARIO: Create new scenario with cant start from any status check type returns bad request&#xD;
  STEP 1/6: GIVEN a company...&#xD;
  STEP 1/6: GIVEN a company (Passed after 44ms)&#xD;
  STEP 2/6: AND the funnel...&#xD;
  STEP 2/6: AND the funnel (Passed after &lt;1ms)&#xD;
  STEP 3/6: AND the check type [CanStartFromAnyStatus: "False"] [addInFunnel: "True"]...&#xD;
  STEP 3/6: AND the check type [CanStartFromAnyStatus: "False"] [addInFunnel: "True"] (Passed after &lt;1ms)&#xD;
  STEP 4/6: AND the scenario [candidateCheckTypeToStart: "61bb3e1e7f10d6937478dfb0"]...&#xD;
  STEP 4/6: AND the scenario [candidateCheckTypeToStart: "61bb3e1e7f10d6937478dfb0"] (Passed after &lt;1ms)&#xD;
  STEP 5/6: WHEN scenario created...&#xD;
  STEP 5/6: WHEN scenario created (Passed after &lt;1ms)&#xD;
  STEP 6/6: THEN exception...&#xD;
  STEP 6/6: THEN exception (Passed after &lt;1ms)&#xD;
  SCENARIO RESULT: Passed after 51ms</StdOut>
      </Output>
    </UnitTestResult>
    <UnitTestResult executionId="b5fde011-2e76-4883-85ea-0a830401f7b5" testId="4a0b9c64-29d8-de0e-a2c6-386cf6c8e2f4" testName="Skillaz.Tests.Configurator.DocumentModel.DocumentModelFieldBinderTest.DocumentModelBinderParseTest(expression: &quot;EmbeddedDocument.ExtraData.Text&quot;, expectedType: typeof(Skillaz.Framework.DocumentModel.Binders.DocumentModelFieldBsonDocumentFieldValueBinder&lt;Skillaz.Tests.Configurator.DocumentModel.DocumentModelTestDocument&gt;))" computerName="DESKTOP-F6SKA47" duration="00:00:00.0005853" startTime="2021-12-16T16:16:31.1068485+03:00" endTime="2021-12-16T16:16:31.1068505+03:00" testType="13cdc9d9-ddb5-4fa4-a97d-d965ccfc6d4b" outcome="Passed" testListId="8c84fa94-04c1-424b-9868-57a2d4851a1d" relativeResultsDirectory="b5fde011-2e76-4883-85ea-0a830401f7b5" />
    <UnitTestResult executionId="cb8966b9-e617-48c8-b5c2-32ff505614f7" testId="c7dc8aa0-4efc-e09e-b771-2878459d3d23" testName="Skillaz.Tests.TaskTracker.TaskDashboardController_feature.MyTasks" computerName="DESKTOP-F6SKA47" duration="00:00:08.2326918" startTime="2021-12-16T16:23:09.6191331+03:00" endTime="2021-12-16T16:23:09.6191373+03:00" testType="13cdc9d9-ddb5-4fa4-a97d-d965ccfc6d4b" outcome="Passed" testListId="8c84fa94-04c1-424b-9868-57a2d4851a1d" relativeResultsDirectory="cb8966b9-e617-48c8-b5c2-32ff505614f7">
      <Output>
        <StdOut>SCENARIO: MyTasks&#xD;
  STEP 1/8: GIVEN a company...&#xD;
  STEP 1/8: GIVEN a company (Passed after 162ms)&#xD;
  STEP 2/8: AND a client configuration...&#xD;
  STEP 2/8: AND a client configuration (Passed after 1ms)&#xD;
  STEP 3/8: AND the authenticated user...&#xD;
  STEP 3/8: AND the authenticated user (Passed after 679ms)&#xD;
  STEP 4/8: AND a funnel...&#xD;
  STEP 4/8: AND a funnel (Passed after 664ms)&#xD;
  STEP 5/8: AND a candidate...&#xD;
  STEP 5/8: AND a candidate (Passed after 716ms)&#xD;
  STEP 6/8: AND a tasks...&#xD;
  STEP 6/8: AND a tasks (Passed after 889ms)&#xD;
  STEP 7/8: WHEN GetMyTasks...&#xD;
  STEP 7/8: WHEN GetMyTasks (Passed after 1s 525ms)&#xD;
  STEP 8/8: THEN GetMyTasks TaskGroupDto...&#xD;
  STEP 8/8: THEN GetMyTasks TaskGroupDto (Passed after 148ms)&#xD;
  SCENARIO RESULT: Passed after 4s 800ms</StdOut>
      </Output>
    </UnitTestResult>
    <UnitTestResult executionId="0ca6d6b2-591f-48b6-b4a8-127b254a65ca" testId="695a69c9-264c-d1c5-2032-535ef4bf39f9" testName="Skillaz.Tests.CompanySpecific.X5.Naumen.NaumenSlaTests.Sla_calculates_correctly_for_split_days(candidateTimeZone: 5, sla: 05:00:00, startDate: 2019-12-31T12:30:00.0000000Z, truth: [NaumenTimeRange { From = &quot;2019-12-31 15:30:00&quot;, To = &quot;2019-12-31 18:00:00&quot; }, NaumenTimeRange { From = &quot;2020-01-01 07:00:00&quot;, To = &quot;2020-01-01 09:30:00&quot; }])" computerName="DESKTOP-F6SKA47" duration="00:00:00.0000507" startTime="2021-12-16T16:16:28.9964687+03:00" endTime="2021-12-16T16:16:28.9964711+03:00" testType="13cdc9d9-ddb5-4fa4-a97d-d965ccfc6d4b" outcome="Passed" testListId="8c84fa94-04c1-424b-9868-57a2d4851a1d" relativeResultsDirectory="0ca6d6b2-591f-48b6-b4a8-127b254a65ca" />
    <UnitTestResult executionId="e4c85820-5653-4aa7-ac6f-336ce165f942" testId="d45b0787-0528-55bf-e2e6-db791350a765" testName="Skillaz.Tests.WebHooks.WebHooks_feature.FailedHookResend" computerName="DESKTOP-F6SKA47" duration="00:00:05.5326434" startTime="2021-12-16T16:22:12.8579609+03:00" endTime="2021-12-16T16:22:12.8579638+03:00" testType="13cdc9d9-ddb5-4fa4-a97d-d965ccfc6d4b" outcome="Passed" testListId="8c84fa94-04c1-424b-9868-57a2d4851a1d" relativeResultsDirectory="e4c85820-5653-4aa7-ac6f-336ce165f942">
      <Output>
        <StdOut>SCENARIO: FailedHookResend&#xD;
  STEP 1/6: GIVEN a company...&#xD;
  STEP 1/6: GIVEN a company (Passed after 391ms)&#xD;
  STEP 2/6: AND the authenticated user...&#xD;
  STEP 2/6: AND the authenticated user (Passed after 647ms)&#xD;
  STEP 3/6: AND a synchronous subscription...&#xD;
  STEP 3/6: AND a synchronous subscription (Passed after 408ms)&#xD;
  STEP 4/6: AND a failed hook...&#xD;
  STEP 4/6: AND a failed hook (Passed after 795ms)&#xD;
  STEP 5/6: WHEN job time has come...&#xD;
  STEP 5/6: WHEN job time has come (Passed after 2s 864ms)&#xD;
  STEP 6/6: THEN hook should be sent acknowledged and received callback...&#xD;
  STEP 6/6: THEN hook should be sent acknowledged and received callback (Passed after 3ms)&#xD;
  SCENARIO RESULT: Passed after 5s 113ms</StdOut>
      </Output>
    </UnitTestResult>
    <UnitTestResult executionId="a9800cde-4317-4402-80fb-06247f257978" testId="695a69c9-264c-d1c5-2032-535ef4bf39f9" testName="Skillaz.Tests.CompanySpecific.X5.Naumen.NaumenSlaTests.Sla_calculates_correctly_for_split_days(candidateTimeZone: 4, sla: 03:00:00, startDate: 2019-12-31T14:30:00.0000000Z, truth: [NaumenTimeRange { From = &quot;2019-12-31 17:30:00&quot;, To = &quot;2019-12-31 19:00:00&quot; }, NaumenTimeRange { From = &quot;2020-01-01 08:00:00&quot;, To = &quot;2020-01-01 09:30:00&quot; }])" computerName="DESKTOP-F6SKA47" duration="00:00:00.0000612" startTime="2021-12-16T16:16:28.9756215+03:00" endTime="2021-12-16T16:16:28.9756225+03:00" testType="13cdc9d9-ddb5-4fa4-a97d-d965ccfc6d4b" outcome="Passed" testListId="8c84fa94-04c1-424b-9868-57a2d4851a1d" relativeResultsDirectory="a9800cde-4317-4402-80fb-06247f257978" />
    <UnitTestResult executionId="27687bef-4d98-4032-a913-b168213b816b" testId="94962266-5b61-bd0c-f97d-58525122866b" testName="Skillaz.Tests.Digest.DigestService_feature.Receiving_future_events" computerName="DESKTOP-F6SKA47" duration="00:00:04.8661758" startTime="2021-12-16T16:24:50.8715795+03:00" endTime="2021-12-16T16:24:50.8715817+03:00" testType="13cdc9d9-ddb5-4fa4-a97d-d965ccfc6d4b" outcome="Passed" testListId="8c84fa94-04c1-424b-9868-57a2d4851a1d" relativeResultsDirectory="27687bef-4d98-4032-a913-b168213b816b">
      <Output>
        <StdOut>SCENARIO: Receiving future events&#xD;
  STEP 1/7: GIVEN a company...&#xD;
  STEP 1/7: GIVEN a company (Passed after 87ms)&#xD;
  STEP 2/7: AND the authenticated user...&#xD;
  STEP 2/7: AND the authenticated user (Passed after 335ms)&#xD;
  STEP 3/7: AND a candidate...&#xD;
  STEP 3/7: AND a candidate (Passed after 179ms)&#xD;
  STEP 4/7: AND a DigestNotificationFilterDto...&#xD;
  STEP 4/7: AND a DigestNotificationFilterDto (Passed after &lt;1ms)&#xD;
  STEP 5/7: AND a addDigestDataDto...&#xD;
  STEP 5/7: AND a addDigestDataDto (Passed after &lt;1ms)&#xD;
  STEP 6/7: WHEN add reminder to candidate...&#xD;
  STEP 6/7: WHEN add reminder to candidate (Passed after 1s 329ms)&#xD;
  STEP 7/7: THEN can digest feature events...&#xD;
  STEP 7/7: THEN can digest feature events (Passed after 2s 597ms)&#xD;
  SCENARIO RESULT: Passed after 4s 533ms</StdOut>
      </Output>
    </UnitTestResult>
    <UnitTestResult executionId="28cfdce9-1e80-4976-9bfd-30ccb0f3b58e" testId="c7cb9809-3dc9-a1a3-b2eb-87dc7fb8ddb6" testName="Skillaz.Tests.FileTypeGuesser.FileTypeCheckerTests.Check_filename_with_correct_extension_succeed_check" computerName="DESKTOP-F6SKA47" duration="00:00:00.5512672" startTime="2021-12-16T16:19:09.2003862+03:00" endTime="2021-12-16T16:19:09.2003903+03:00" testType="13cdc9d9-ddb5-4fa4-a97d-d965ccfc6d4b" outcome="Passed" testListId="8c84fa94-04c1-424b-9868-57a2d4851a1d" relativeResultsDirectory="28cfdce9-1e80-4976-9bfd-30ccb0f3b58e">
      <Output>
        <StdOut>SCENARIO: Check filename with correct extension succeed check&#xD;
  STEP 1/1: CheckFile [filename: "mp4-video-with-correct-extension.mp4"] [isCorrect: "True"]...&#xD;
  STEP 1/1: CheckFile [filename: "mp4-video-with-correct-extension.mp4"] [isCorrect: "True"] (Passed after 3ms)&#xD;
  SCENARIO RESULT: Passed after 23ms</StdOut>
      </Output>
    </UnitTestResult>
    <UnitTestResult executionId="12e47171-8c6d-4ec1-b1d5-5b483334bda1" testId="19234de8-22f9-919f-e6fa-109db48790a5" testName="Skillaz.Tests.Helpers.WorkingDaysHelperFeature.FindProductionDates(dateStrings: [&quot;2020-11-01&quot;, &quot;2020-11-02&quot;, &quot;2020-11-15&quot;, &quot;2020-11-16&quot;, &quot;2020-11-03&quot;, ...])" computerName="DESKTOP-F6SKA47" duration="00:00:00.0000660" startTime="2021-12-16T16:16:29.3930416+03:00" endTime="2021-12-16T16:16:29.3930420+03:00" testType="13cdc9d9-ddb5-4fa4-a97d-d965ccfc6d4b" outcome="Passed" testListId="8c84fa94-04c1-424b-9868-57a2d4851a1d" relativeResultsDirectory="12e47171-8c6d-4ec1-b1d5-5b483334bda1" />
    <UnitTestResult executionId="99b96044-97d0-47ba-a1a2-15495e8fb578" testId="695a69c9-264c-d1c5-2032-535ef4bf39f9" testName="Skillaz.Tests.CompanySpecific.X5.Naumen.NaumenSlaTests.Sla_calculates_correctly_for_split_days(candidateTimeZone: 6, sla: 03:00:00, startDate: 2019-12-31T12:30:00.0000000Z, truth: [NaumenTimeRange { From = &quot;2019-12-31 15:30:00&quot;, To = &quot;2019-12-31 17:00:00&quot; }, NaumenTimeRange { From = &quot;2020-01-01 07:00:00&quot;, To = &quot;2020-01-01 08:30:00&quot; }])" computerName="DESKTOP-F6SKA47" duration="00:00:00.0000507" startTime="2021-12-16T16:16:28.9982858+03:00" endTime="2021-12-16T16:16:28.9982863+03:00" testType="13cdc9d9-ddb5-4fa4-a97d-d965ccfc6d4b" outcome="Passed" testListId="8c84fa94-04c1-424b-9868-57a2d4851a1d" relativeResultsDirectory="99b96044-97d0-47ba-a1a2-15495e8fb578" />
    <UnitTestResult executionId="3ca45f5e-88e5-42cc-ad69-6dfe2eb060a7" testId="79c03ac8-90c4-f219-aac2-f08446e534fd" testName="Skillaz.Tests.OpenApi.CheckApi.GetCheckPdf_feature.Get_candidate_check_pdf_with_null_checkId" computerName="DESKTOP-F6SKA47" duration="00:00:00.0010000" startTime="2021-12-16T16:26:12.1636318+03:00" endTime="2021-12-16T16:26:12.1636337+03:00" testType="13cdc9d9-ddb5-4fa4-a97d-d965ccfc6d4b" outcome="NotExecuted" testListId="8c84fa94-04c1-424b-9868-57a2d4851a1d" relativeResultsDirectory="3ca45f5e-88e5-42cc-ad69-6dfe2eb060a7">
      <Output>
        <StdOut>This test uses PdfFactory. You need installed wkhtmltopdf tool.</StdOut>
      </Output>
    </UnitTestResult>
    <UnitTestResult executionId="5fa7f591-43b5-44b0-9063-55bbaa79a5ad" testId="695a69c9-264c-d1c5-2032-535ef4bf39f9" testName="Skillaz.Tests.CompanySpecific.X5.Naumen.NaumenSlaTests.Sla_calculates_correctly_for_split_days(candidateTimeZone: 6, sla: 04:00:00, startDate: 2019-12-31T12:00:00.0000000Z, truth: [NaumenTimeRange { From = &quot;2019-12-31 15:00:00&quot;, To = &quot;2019-12-31 17:00:00&quot; }, NaumenTimeRange { From = &quot;2020-01-01 07:00:00&quot;, To = &quot;2020-01-01 09:00:00&quot; }])" computerName="DESKTOP-F6SKA47" duration="00:00:00.0000520" startTime="2021-12-16T16:16:28.9983430+03:00" endTime="2021-12-16T16:16:28.9983433+03:00" testType="13cdc9d9-ddb5-4fa4-a97d-d965ccfc6d4b" outcome="Passed" testListId="8c84fa94-04c1-424b-9868-57a2d4851a1d" relativeResultsDirectory="5fa7f591-43b5-44b0-9063-55bbaa79a5ad" />
    <UnitTestResult executionId="227535ba-32f4-4509-88ef-1f95e28722b0" testId="38de3525-839a-1233-aed3-c1bdaeeca819" testName="Skillaz.Tests.Assessment.Interviews.SenfEntryInterview_feature.Getting_a_self_entry_interview" computerName="DESKTOP-F6SKA47" duration="00:00:00.8775757" startTime="2021-12-16T16:19:00.1257276+03:00" endTime="2021-12-16T16:19:00.1257412+03:00" testType="13cdc9d9-ddb5-4fa4-a97d-d965ccfc6d4b" outcome="Passed" testListId="8c84fa94-04c1-424b-9868-57a2d4851a1d" relativeResultsDirectory="227535ba-32f4-4509-88ef-1f95e28722b0">
      <Output>
        <StdOut>SCENARIO: Getting a self entry interview&#xD;
  STEP 1/1: GIVEN a candidate in a vacancy in a company...&#xD;
  STEP 1/1: GIVEN a candidate in a vacancy in a company (Passed after 681ms)&#xD;
  SCENARIO RESULT: Passed after 683ms</StdOut>
      </Output>
    </UnitTestResult>
    <UnitTestResult executionId="ee74f988-5ac4-4b84-a928-cc4de39f0de0" testId="6ecdcf22-6c40-101c-196e-b21095275dc7" testName="Расширение файла не должно совпадать с его содержимым(fileName: &quot;Sample.pdf&quot;, alterName: &quot;.png&quot;)" computerName="DESKTOP-F6SKA47" duration="00:00:00.0067070" startTime="2021-12-16T16:16:30.9416398+03:00" endTime="2021-12-16T16:16:30.9416585+03:00" testType="13cdc9d9-ddb5-4fa4-a97d-d965ccfc6d4b" outcome="Passed" testListId="8c84fa94-04c1-424b-9868-57a2d4851a1d" relativeResultsDirectory="ee74f988-5ac4-4b84-a928-cc4de39f0de0" />
    <UnitTestResult executionId="91200ef6-e4cc-477c-a8e0-c969199feb26" testId="c6744406-236d-a29f-78e3-8620302dab7c" testName="Skillaz.Tests.CompanySpecific.Perekrestok.Integration.PerekrestokIgnoreCityInOrgUnitByOpenApi_feature.Check_not_update_city_in_OrgUnit_by_OpenApi" computerName="DESKTOP-F6SKA47" duration="00:00:15.1813086" startTime="2021-12-16T16:23:32.4955607+03:00" endTime="2021-12-16T16:23:32.4955630+03:00" testType="13cdc9d9-ddb5-4fa4-a97d-d965ccfc6d4b" outcome="Passed" testListId="8c84fa94-04c1-424b-9868-57a2d4851a1d" relativeResultsDirectory="91200ef6-e4cc-477c-a8e0-c969199feb26">
      <Output>
        <StdOut>SCENARIO: Check not update city in OrgUnit by OpenApi&#xD;
  STEP 1/5: Init...&#xD;
  STEP 1/5: Init (Passed after 253ms)&#xD;
  STEP 2/5: WHEN open api batch first update is processed...&#xD;
  STEP 2/5: WHEN open api batch first update is processed (Passed after 2s 544ms)&#xD;
  STEP 3/5: THEN orgunit should be created [externalId: "11CH2177"]...&#xD;
  STEP 3/5: THEN orgunit should be created [externalId: "11CH2177"] (Passed after 5ms)&#xD;
  STEP 4/5: WHEN open api batch second update is processed...&#xD;
  STEP 4/5: WHEN open api batch second update is processed (Passed after 11s 814ms)&#xD;
  STEP 5/5: THEN orgunit should be not update city...&#xD;
  STEP 5/5: THEN orgunit should be not update city (Passed after 201ms)&#xD;
  SCENARIO RESULT: Passed after 14s 834ms</StdOut>
      </Output>
    </UnitTestResult>
    <UnitTestResult executionId="ae31e364-9ae4-45c4-818f-9efeee53adef" testId="be079815-bdaf-bb8c-663f-772e1d5f9fbe" testName="Skillaz.Tests.OrgUnit.OrgUnitExternalIdTests.Test_vacancy_update_with_already_existed_doc_by_externalId" computerName="DESKTOP-F6SKA47" duration="00:00:00.0010000" startTime="2021-12-16T16:24:39.3775953+03:00" endTime="2021-12-16T16:24:39.3775986+03:00" testType="13cdc9d9-ddb5-4fa4-a97d-d965ccfc6d4b" outcome="NotExecuted" testListId="8c84fa94-04c1-424b-9868-57a2d4851a1d" relativeResultsDirectory="ae31e364-9ae4-45c4-818f-9efeee53adef">
      <Output>
        <StdOut>Нужно переделать этап Given_dm_configuration, не завязываться на авилон</StdOut>
      </Output>
    </UnitTestResult>
    <UnitTestResult executionId="bd8b3cc9-cd9a-439c-8e72-0e293d7f2716" testId="404c478c-2df4-a57c-47e3-cb6e0e5a13a8" testName="Skillaz.Tests.Candidate.Checks.FilterChecksBasedOnIsNeedToShow_feature.Get_candidate_info_for_old_interface_by_admin_user" computerName="DESKTOP-F6SKA47" duration="00:00:07.0731324" startTime="2021-12-16T16:26:46.9701758+03:00" endTime="2021-12-16T16:26:46.9701782+03:00" testType="13cdc9d9-ddb5-4fa4-a97d-d965ccfc6d4b" outcome="Passed" testListId="8c84fa94-04c1-424b-9868-57a2d4851a1d" relativeResultsDirectory="bd8b3cc9-cd9a-439c-8e72-0e293d7f2716">
      <Output>
        <StdOut>SCENARIO: Get candidate info for old interface by admin user&#xD;
  STEP 1/10: GIVEN a company...&#xD;
  STEP 1/10: GIVEN a company (Passed after 92ms)&#xD;
  STEP 2/10: AND the vacancy in the company...&#xD;
  STEP 2/10: AND the vacancy in the company (Passed after 240ms)&#xD;
  STEP 3/10: AND the authenticated user...&#xD;
  STEP 3/10: AND the authenticated user (Passed after 597ms)&#xD;
  STEP 4/10: AND a funnel...&#xD;
  STEP 4/10: AND a funnel (Passed after 124ms)&#xD;
  STEP 5/10: AND a candidate...&#xD;
  STEP 5/10: AND a candidate (Passed after 230ms)&#xD;
  STEP 6/10: AND client configuration with check workflow and model...&#xD;
  STEP 6/10: AND client configuration with check workflow and model (Passed after 1s 625ms)&#xD;
  STEP 7/10: AND started checks...&#xD;
  STEP 7/10: AND started checks (Passed after 2s 633ms)&#xD;
  STEP 8/10: AND the authenticated admin user...&#xD;
  STEP 8/10: AND the authenticated admin user (Passed after 3ms)&#xD;
  STEP 9/10: WHEN candidate data is requested...&#xD;
  STEP 9/10: WHEN candidate data is requested (Passed after 723ms)&#xD;
  STEP 10/10: THEN check is available...&#xD;
  STEP 10/10: THEN check is available (Passed after &lt;1ms)&#xD;
  SCENARIO RESULT: Passed after 6s 319ms</StdOut>
      </Output>
    </UnitTestResult>
    <UnitTestResult executionId="4bb055f5-0efc-4097-bcfd-7fa4fd003c25" testId="d8f86c2a-e315-dc4a-73d2-e0a6ae636048" testName="Skillaz.Tests.Candidate.Checks.ChecksWithStatusLimitatins_feature.Successful_change_candidate_status_when_check_with_limit_is_in_correct_state" computerName="DESKTOP-F6SKA47" duration="00:00:11.2615724" startTime="2021-12-16T16:23:20.9827216+03:00" endTime="2021-12-16T16:23:20.9827236+03:00" testType="13cdc9d9-ddb5-4fa4-a97d-d965ccfc6d4b" outcome="Passed" testListId="8c84fa94-04c1-424b-9868-57a2d4851a1d" relativeResultsDirectory="4bb055f5-0efc-4097-bcfd-7fa4fd003c25">
      <Output>
        <StdOut>SCENARIO: Successful change candidate status when check with limit is in correct state&#xD;
  STEP 1/9: GIVEN a company...&#xD;
  STEP 1/9: GIVEN a company (Passed after 404ms)&#xD;
  STEP 2/9: AND the vacancy in the company...&#xD;
  STEP 2/9: AND the vacancy in the company (Passed after 704ms)&#xD;
  STEP 3/9: AND the authenticated user...&#xD;
  STEP 3/9: AND the authenticated user (Passed after 1s 186ms)&#xD;
  STEP 4/9: AND client configuration with checks workflow and model...&#xD;
  STEP 4/9: AND client configuration with checks workflow and model (Passed after 1s 698ms)&#xD;
  STEP 5/9: AND a funnel...&#xD;
  STEP 5/9: AND a funnel (Passed after 146ms)&#xD;
  STEP 6/9: AND a candidate...&#xD;
  STEP 6/9: AND a candidate (Passed after 245ms)&#xD;
  STEP 7/9: AND finished single check with limit...&#xD;
  STEP 7/9: AND finished single check with limit (Passed after 4s 036ms)&#xD;
  STEP 8/9: WHEN change candidate status...&#xD;
  STEP 8/9: WHEN change candidate status (Passed after 2s 671ms)&#xD;
  STEP 9/9: THEN status is changed...&#xD;
  STEP 9/9: THEN status is changed (Passed after 19ms)&#xD;
  SCENARIO RESULT: Passed after 11s 117ms</StdOut>
      </Output>
    </UnitTestResult>
    <UnitTestResult executionId="1f7ab728-d5ec-42cb-9b4f-5373f6bab51d" testId="019b787c-88b2-9680-3a7b-9251d2235f77" testName="Skillaz.Tests.CompanySpecific.X5.Naumen.NaumenSlaTests.Sla_calculates_correctly_for_next_day(candidateTimeZone: 6, sla: 02:00:00, startDate: 2019-12-31T14:30:00.0000000Z, truth: [NaumenTimeRange { From = &quot;2020-01-01 07:00:00&quot;, To = &quot;2020-01-01 09:00:00&quot; }])" computerName="DESKTOP-F6SKA47" duration="00:00:00.0000374" startTime="2021-12-16T16:16:29.1173457+03:00" endTime="2021-12-16T16:16:29.1173463+03:00" testType="13cdc9d9-ddb5-4fa4-a97d-d965ccfc6d4b" outcome="Passed" testListId="8c84fa94-04c1-424b-9868-57a2d4851a1d" relativeResultsDirectory="1f7ab728-d5ec-42cb-9b4f-5373f6bab51d" />
    <UnitTestResult executionId="ea1f95bf-bcbe-4ea8-8c42-e2202c5402a8" testId="019b787c-88b2-9680-3a7b-9251d2235f77" testName="Skillaz.Tests.CompanySpecific.X5.Naumen.NaumenSlaTests.Sla_calculates_correctly_for_next_day(candidateTimeZone: 9, sla: 02:00:00, startDate: 2020-01-01T01:30:00.0000000Z, truth: [NaumenTimeRange { From = &quot;2020-01-01 07:00:00&quot;, To = &quot;2020-01-01 09:00:00&quot; }])" computerName="DESKTOP-F6SKA47" duration="00:00:00.0000372" startTime="2021-12-16T16:16:29.3230844+03:00" endTime="2021-12-16T16:16:29.3230848+03:00" testType="13cdc9d9-ddb5-4fa4-a97d-d965ccfc6d4b" outcome="Passed" testListId="8c84fa94-04c1-424b-9868-57a2d4851a1d" relativeResultsDirectory="ea1f95bf-bcbe-4ea8-8c42-e2202c5402a8" />
    <UnitTestResult executionId="f32b0adf-4888-43d1-9e82-9da4d7701128" testId="dfc37d76-89b1-ac60-3e30-d1ee8b6159c7" testName="Skillaz.Tests.CompanySpecific.Decathlon.DecathlonCheckMiddleNameAndCitizenshipIsFilledTrigger_feature.Citizenship_is_null_or_empty(citizenship: null)" computerName="DESKTOP-F6SKA47" duration="00:00:10.7430211" startTime="2021-12-16T16:30:08.2117886+03:00" endTime="2021-12-16T16:30:08.2117901+03:00" testType="13cdc9d9-ddb5-4fa4-a97d-d965ccfc6d4b" outcome="Passed" testListId="8c84fa94-04c1-424b-9868-57a2d4851a1d" relativeResultsDirectory="f32b0adf-4888-43d1-9e82-9da4d7701128">
      <Output>
        <StdOut>SCENARIO: Citizenship "&lt;null&gt;" is null or empty&#xD;
  STEP 1/6: GIVEN a company [companyId: "decathlonCompany"]...&#xD;
  STEP 1/6: GIVEN a company [companyId: "decathlonCompany"] (Passed after 210ms)&#xD;
  STEP 2/6: AND the authenticated admin user...&#xD;
  STEP 2/6: AND the authenticated admin user (Passed after 2s 888ms)&#xD;
  STEP 3/6: AND the vacancy in the company...&#xD;
  STEP 3/6: AND the vacancy in the company (Passed after 2s 243ms)&#xD;
  STEP 4/6: AND a candidate [middleName: "Testovich"] [citizenship: "&lt;null&gt;"]...&#xD;
  STEP 4/6: AND a candidate [middleName: "Testovich"] [citizenship: "&lt;null&gt;"] (Passed after 2s 054ms)&#xD;
  STEP 5/6: WHEN trigger executed...&#xD;
  STEP 5/6: WHEN trigger executed (Passed after 3ms)&#xD;
  STEP 6/6: THEN exception thrown...&#xD;
  STEP 6/6: THEN exception thrown (Passed after &lt;1ms)&#xD;
  SCENARIO RESULT: Passed after 7s 412ms</StdOut>
      </Output>
    </UnitTestResult>
    <UnitTestResult executionId="9bd3fdea-2c2e-4a38-a88c-5c6b683bd383" testId="019b787c-88b2-9680-3a7b-9251d2235f77" testName="Skillaz.Tests.CompanySpecific.X5.Naumen.NaumenSlaTests.Sla_calculates_correctly_for_next_day(candidateTimeZone: 12, sla: 02:00:00, startDate: 2019-12-31T16:30:00.0000000Z, truth: [NaumenTimeRange { From = &quot;2020-01-01 07:00:00&quot;, To = &quot;2020-01-01 09:00:00&quot; }])" computerName="DESKTOP-F6SKA47" duration="00:00:00.0000473" startTime="2021-12-16T16:16:29.3755166+03:00" endTime="2021-12-16T16:16:29.3755171+03:00" testType="13cdc9d9-ddb5-4fa4-a97d-d965ccfc6d4b" outcome="Passed" testListId="8c84fa94-04c1-424b-9868-57a2d4851a1d" relativeResultsDirectory="9bd3fdea-2c2e-4a38-a88c-5c6b683bd383" />
    <UnitTestResult executionId="1dc3e4d5-de37-4cc3-a549-6f7d1ace062b" testId="36328aa8-c101-3db6-1620-96cd429200ba" testName="Skillaz.Tests.OrgUnit.OrgUnitHierarchy_feature.Get_org_unit_hierarchy_with_security_filter" computerName="DESKTOP-F6SKA47" duration="00:00:09.4773385" startTime="2021-12-16T16:25:14.4691158+03:00" endTime="2021-12-16T16:25:14.4691184+03:00" testType="13cdc9d9-ddb5-4fa4-a97d-d965ccfc6d4b" outcome="Passed" testListId="8c84fa94-04c1-424b-9868-57a2d4851a1d" relativeResultsDirectory="1dc3e4d5-de37-4cc3-a549-6f7d1ace062b">
      <Output>
        <StdOut>SCENARIO: Get org unit hierarchy with security filter&#xD;
  STEP 1/8: GIVEN a company...&#xD;
  STEP 1/8: GIVEN a company (Passed after 257ms)&#xD;
  STEP 2/8: AND authenticated user with security profile...&#xD;
  STEP 2/8: AND authenticated user with security profile (Passed after 511ms)&#xD;
  STEP 3/8: AND the client configuration...&#xD;
  STEP 3/8: AND the client configuration (Passed after 190ms)&#xD;
  STEP 4/8: AND the org units [orgUnitIndex: "1"] [parentOrgUnitIndexes: ""]...&#xD;
  STEP 4/8: AND the org units [orgUnitIndex: "1"] [parentOrgUnitIndexes: ""] (Passed after 281ms)&#xD;
  STEP 5/8: AND the org units [orgUnitIndex: "2"] [parentOrgUnitIndexes: "1"]...&#xD;
  STEP 5/8: AND the org units [orgUnitIndex: "2"] [parentOrgUnitIndexes: "1"] (Passed after 2ms)&#xD;
  STEP 6/8: AND the org units [orgUnitIndex: "3"] [parentOrgUnitIndexes: "1"]...&#xD;
  STEP 6/8: AND the org units [orgUnitIndex: "3"] [parentOrgUnitIndexes: "1"] (Passed after 4ms)&#xD;
  STEP 7/8: WHEN get hierarchy [orgUnitIndex: "1"]...&#xD;
  STEP 7/8: WHEN get hierarchy [orgUnitIndex: "1"] (Passed after 7s 842ms)&#xD;
  STEP 8/8: THEN hierarchy items are available [orgUnitIndexes: "2"]...&#xD;
  STEP 8/8: THEN hierarchy items are available [orgUnitIndexes: "2"] (Passed after &lt;1ms)&#xD;
  SCENARIO RESULT: Passed after 9s 106ms</StdOut>
      </Output>
    </UnitTestResult>
    <UnitTestResult executionId="0c0206f9-1b60-49d9-bb24-88845427f44b" testId="77937efc-b3b4-efe5-3752-6a1adfaef6de" testName="Skillaz.Tests.Configurator.DocumentModel.ObjectTypeCandidateProfile.Профиль_кандидата" computerName="DESKTOP-F6SKA47" duration="00:00:03.2351534" startTime="2021-12-16T16:18:42.7903166+03:00" endTime="2021-12-16T16:18:42.7903190+03:00" testType="13cdc9d9-ddb5-4fa4-a97d-d965ccfc6d4b" outcome="Passed" testListId="8c84fa94-04c1-424b-9868-57a2d4851a1d" relativeResultsDirectory="0c0206f9-1b60-49d9-bb24-88845427f44b">
      <Output>
        <StdOut>SCENARIO: Профиль кандидата&#xD;
  STEP 1/5: GIVEN a company...&#xD;
  STEP 1/5: GIVEN a company (Passed after 109ms)&#xD;
  STEP 2/5: AND the authenticated user...&#xD;
  STEP 2/5: AND the authenticated user (Passed after 398ms)&#xD;
  STEP 3/5: Загрузить модель...&#xD;
  STEP 3/5: Загрузить модель (Passed after 1s 745ms)&#xD;
  STEP 4/5: Проверить что модель загружена...&#xD;
  STEP 4/5: Проверить что модель загружена (Passed after 637ms)&#xD;
  STEP 5/5: Проверить что есть рекомендованные поля...&#xD;
  STEP 5/5: Проверить что есть рекомендованные поля (Passed after 123ms)&#xD;
  SCENARIO RESULT: Passed after 3s 034ms</StdOut>
      </Output>
    </UnitTestResult>
    <UnitTestResult executionId="11707032-6d6d-42a1-a8af-a9dde7d470b8" testId="00e05b85-eb33-5bb3-18be-2fa7af96537c" testName="Для 1 и 2 числа перенос на 16 этого месяца, для 15 и 16 перенос на 2 следующего месяца(dateStrings: [&quot;2020-11-01&quot;, &quot;2020-11-02&quot;, &quot;2020-11-17&quot;])" computerName="DESKTOP-F6SKA47" duration="00:00:00.0543771" startTime="2021-12-16T16:16:29.5398965+03:00" endTime="2021-12-16T16:16:29.5398970+03:00" testType="13cdc9d9-ddb5-4fa4-a97d-d965ccfc6d4b" outcome="Passed" testListId="8c84fa94-04c1-424b-9868-57a2d4851a1d" relativeResultsDirectory="11707032-6d6d-42a1-a8af-a9dde7d470b8" />
    <UnitTestResult executionId="9e2d959a-104d-47d6-8eac-41b9ff5930f3" testId="019b787c-88b2-9680-3a7b-9251d2235f77" testName="Skillaz.Tests.CompanySpecific.X5.Naumen.NaumenSlaTests.Sla_calculates_correctly_for_next_day(candidateTimeZone: 7, sla: 02:00:00, startDate: 2019-12-31T18:30:00.0000000Z, truth: [NaumenTimeRange { From = &quot;2020-01-01 07:00:00&quot;, To = &quot;2020-01-01 09:00:00&quot; }])" computerName="DESKTOP-F6SKA47" duration="00:00:00.0000314" startTime="2021-12-16T16:16:29.2852620+03:00" endTime="2021-12-16T16:16:29.2852644+03:00" testType="13cdc9d9-ddb5-4fa4-a97d-d965ccfc6d4b" outcome="Passed" testListId="8c84fa94-04c1-424b-9868-57a2d4851a1d" relativeResultsDirectory="9e2d959a-104d-47d6-8eac-41b9ff5930f3" />
    <UnitTestResult executionId="f9ebed9a-3c39-4fa5-970f-3c6af4ba28ef" testId="28f7cbaa-e895-3d51-95fe-2441dd512d9a" testName="Skillaz.Tests.CompanySpecific.Uralchem.UralchemSSOAuth_feature.Когда_у_пользователя_должна_поменяться_роль" computerName="DESKTOP-F6SKA47" duration="00:00:12.1057232" startTime="2021-12-16T16:24:08.0199213+03:00" endTime="2021-12-16T16:24:08.0199237+03:00" testType="13cdc9d9-ddb5-4fa4-a97d-d965ccfc6d4b" outcome="Passed" testListId="8c84fa94-04c1-424b-9868-57a2d4851a1d" relativeResultsDirectory="f9ebed9a-3c39-4fa5-970f-3c6af4ba28ef">
      <Output>
        <StdOut>SCENARIO: Когда у пользователя должна поменяться роль&#xD;
  STEP 1/23: GIVEN a company [companyId: "uralchem"]...&#xD;
  STEP 1/23: GIVEN a company [companyId: "uralchem"] (Passed after 465ms)&#xD;
  STEP 2/23: AND the authenticated user...&#xD;
  STEP 2/23: AND the authenticated user (Passed after 884ms)&#xD;
  STEP 3/23: AND uralchem reference values...&#xD;
  STEP 3/23: AND uralchem reference values (Passed after 1s 254ms)&#xD;
  STEP 4/23: AND uralchem role with sso groups...&#xD;
  STEP 4/23: AND uralchem role with sso groups (Passed after 18ms)&#xD;
  STEP 5/23: AND user [userName: "recruterUserName"] [roleTag: "Skillaz.Framework.Auth.RoleTag"]...&#xD;
  STEP 5/23: AND user [userName: "recruterUserName"] [roleTag: "Skillaz.Framework.Auth.RoleTag"] (Passed after 103ms)&#xD;
  STEP 6/23: AND user [userName: "hrUserName"] [roleTag: "Skillaz.Framework.Auth.RoleTag"]...&#xD;
  STEP 6/23: AND user [userName: "hrUserName"] [roleTag: "Skillaz.Framework.Auth.RoleTag"] (Passed after 13ms)&#xD;
  STEP 7/23: AND user [userName: "hiringUserName"] [roleTag: "Skillaz.Framework.Auth.RoleTag"]...&#xD;
  STEP 7/23: AND user [userName: "hiringUserName"] [roleTag: "Skillaz.Framework.Auth.RoleTag"] (Passed after 9ms)&#xD;
  STEP 8/23: WHEN use auth use sso [userName: "recruterUserName"] [samlClaims: "ssoGroup: hrSsoGroup, userName: recruterUserName"] [isFindUserToDataBase: "True"]...&#xD;
  STEP 8/23: WHEN use auth use sso [userName: "recruterUserName"] [samlClaims: "ssoGroup: hrSsoGroup, userName: recruterUserName"] [isFindUserToDataBase: "True"] (Passed after 6s 326ms)&#xD;
  STEP 9/23: AND use auth use sso [userName: "hrUserName"] [samlClaims: "ssoGroup: hiringManagerSsoGroup, userName: hrUserName"] [isFindUserToDataBase: "True"]...&#xD;
  STEP 9/23: AND use auth use sso [userName: "hrUserName"] [samlClaims: "ssoGroup: hiringManagerSsoGroup, userName: hrUserName"] [isFindUserToDataBase: "True"] (Passed after 345ms)&#xD;
  STEP 10/23: AND use auth use sso [userName: "hiringUserName"] [samlClaims: "ssoGroup: recuterSsoGroup, userName: hiringUserName"] [isFindUserToDataBase: "True"]...&#xD;
  STEP 10/23: AND use auth use sso [userName: "hiringUserName"] [samlClaims: "ssoGroup: recuterSsoGroup, userName: hiringUserName"] [isFindUserToDataBase: "True"] (Passed after 150ms)&#xD;
  STEP 11/23: THEN user is created and correct role [userName: "recruterUserName"] [roleTag: "Skillaz.Framework.Auth.RoleTag"]...&#xD;
  STEP 11/23: THEN user is created and correct role [userName: "recruterUserName"] [roleTag: "Skillaz.Framework.Auth.RoleTag"] (Passed after 4ms)&#xD;
  STEP 12/23: AND user is created and correct role [userName: "hrUserName"] [roleTag: "Skillaz.Framework.Auth.RoleTag"]...&#xD;
  STEP 12/23: AND user is created and correct role [userName: "hrUserName"] [roleTag: "Skillaz.Framework.Auth.RoleTag"] (Passed after 3ms)&#xD;
  STEP 13/23: AND user is created and correct role [userName: "hiringUserName"] [roleTag: "Skillaz.Framework.Auth.RoleTag"]...&#xD;
  STEP 13/23: AND user is created and correct role [userName: "hiringUserName"] [roleTag: "Skillaz.Framework.Auth.RoleTag"] (Passed after 11ms)&#xD;
  STEP 14/23: AND user is not exists duplicate [userName: "recruterUserName"]...&#xD;
  STEP 14/23: AND user is not exists duplicate [userName: "recruterUserName"] (Passed after 1ms)&#xD;
  STEP 15/23: AND user is not exists duplicate [userName: "hrUserName"]...&#xD;
  STEP 15/23: AND user is not exists duplicate [userName: "hrUserName"] (Passed after 1ms)&#xD;
  STEP 16/23: AND user is not exists duplicate [userName: "hiringUserName"]...&#xD;
  STEP 16/23: AND user is not exists duplicate [userName: "hiringUserName"] (Passed after 1ms)&#xD;
  STEP 17/23: AND user is correct link to organization [userName: "recruterUserName"] [organizationId: "testOrgnanization"]...&#xD;
  STEP 17/23: AND user is correct link to organization [userName: "recruterUserName"] [organizationId: "testOrgnanization"] (Passed after 86ms)&#xD;
  STEP 18/23: AND user is correct link to organization [userName: "hrUserName"] [organizationId: "testOrgnanization"]...&#xD;
  STEP 18/23: AND user is correct link to organization [userName: "hrUserName"] [organizationId: "testOrgnanization"] (Passed after 5ms)&#xD;
  STEP 19/23: AND user is correct link to organization [userName: "hiringUserName"] [organizationId: "testOrgnanization"]...&#xD;
  STEP 19/23: AND user is correct link to organization [userName: "hiringUserName"] [organizationId: "testOrgnanization"] (Passed after 4ms)&#xD;
  STEP 20/23: AND user removed from the corresponding org list [userName: "recruterUserName"] [userNameList: "System.Func`2[Skillaz.ClientConfiguration.UralChem.Registeries.UralChemOrganizationReferenceValues,System.Collections.Generic.List`1[System.String]]"]...&#xD;
  STEP 20/23: AND user removed from the corresponding org list [userName: "recruterUserName"] [userNameList: "System.Func`2[Skillaz.ClientConfiguration.UralChem.Registeries.UralChemOrganizationReferenceValues,System.Collections.Generic.List`1[System.String]]"] (Passed after 32ms)&#xD;
  STEP 21/23: AND user removed from the corresponding org list [userName: "hrUserName"] [userNameList: "System.Func`2[Skillaz.ClientConfiguration.UralChem.Registeries.UralChemOrganizationReferenceValues,System.Collections.Generic.List`1[System.String]]"]...&#xD;
  STEP 21/23: AND user removed from the corresponding org list [userName: "hrUserName"] [userNameList: "System.Func`2[Skillaz.ClientConfiguration.UralChem.Registeries.UralChemOrganizationReferenceValues,System.Collections.Generic.List`1[System.String]]"] (Passed after 2ms)&#xD;
  STEP 22/23: AND user removed from the corresponding linked user list [userName: "recruterUserName"] [userNameList: "System.Func`2[Skillaz.ClientConfiguration.UralChem.Registeries.UralChemLinkedUserReferenceValues,System.Collections.Generic.List`1[System.String]]"]...&#xD;
  STEP 22/23: AND user removed from the corresponding linked user list [userName: "recruterUserName"] [userNameList: "System.Func`2[Skillaz.ClientConfiguration.UralChem.Registeries.UralChemLinkedUserReferenceValues,System.Collections.Generic.List`1[System.String]]"] (Passed after 39ms)&#xD;
  STEP 23/23: AND user removed from the corresponding linked user list [userName: "hrUserName"] [userNameList: "System.Func`2[Skillaz.ClientConfiguration.UralChem.Registeries.UralChemLinkedUserReferenceValues,System.Collections.Generic.List`1[System.String]]"]...&#xD;
  STEP 23/23: AND user removed from the corresponding linked user list [userName: "hrUserName"] [userNameList: "System.Func`2[Skillaz.ClientConfiguration.UralChem.Registeries.UralChemLinkedUserReferenceValues,System.Collections.Generic.List`1[System.String]]"] (Passed after 2ms)&#xD;
  SCENARIO RESULT: Passed after 10s 226ms</StdOut>
      </Output>
    </UnitTestResult>
    <UnitTestResult executionId="035a0aa6-4cd1-4559-b1dc-1ac0b4adeb4f" testId="3625dfd5-b327-9004-dd9a-0cd17ff517d9" testName="Skillaz.Tests.Authorization.LoginCommand_feature.Do_incorrect_login_by_username_ensure_wrong_credentials_exceptions_throws" computerName="DESKTOP-F6SKA47" duration="00:00:03.5317429" startTime="2021-12-16T16:24:36.1990439+03:00" endTime="2021-12-16T16:24:36.1990461+03:00" testType="13cdc9d9-ddb5-4fa4-a97d-d965ccfc6d4b" outcome="Passed" testListId="8c84fa94-04c1-424b-9868-57a2d4851a1d" relativeResultsDirectory="035a0aa6-4cd1-4559-b1dc-1ac0b4adeb4f">
      <Output>
        <StdOut>SCENARIO: Do incorrect login by username ensure wrong credentials exceptions throws&#xD;
  STEP 1/4: GIVEN a company...&#xD;
  STEP 1/4: GIVEN a company (Passed after 111ms)&#xD;
  STEP 2/4: AND a user...&#xD;
  STEP 2/4: AND a user (Passed after 702ms)&#xD;
  STEP 3/4: WHEN doing a failing login "v.pupkin" attempt...&#xD;
  STEP 3/4: WHEN doing a failing login "v.pupkin" attempt (Passed after 1s 766ms)&#xD;
  STEP 4/4: THEN ensure it is wrong credentials exception...&#xD;
  STEP 4/4: THEN ensure it is wrong credentials exception (Passed after &lt;1ms)&#xD;
  SCENARIO RESULT: Passed after 3s 093ms</StdOut>
      </Output>
    </UnitTestResult>
    <UnitTestResult executionId="b2d78063-b0c7-43d0-aaed-faad8987b106" testId="4565f3e8-5859-a90c-a6a2-55bb959db689" testName="Skillaz.Tests.Assessment.Interviews.QuizInterview_feature.Rating_an_quiz_interview_answer" computerName="DESKTOP-F6SKA47" duration="00:00:20.7070862" startTime="2021-12-16T16:29:26.0075656+03:00" endTime="2021-12-16T16:29:26.0075676+03:00" testType="13cdc9d9-ddb5-4fa4-a97d-d965ccfc6d4b" outcome="Passed" testListId="8c84fa94-04c1-424b-9868-57a2d4851a1d" relativeResultsDirectory="b2d78063-b0c7-43d0-aaed-faad8987b106">
      <Output>
        <StdOut>SCENARIO: Rating an quiz interview answer&#xD;
  STEP 1/4: GIVEN a candidate in a vacancy in a company...&#xD;
  STEP 1/4: GIVEN a candidate in a vacancy in a company (Passed after 1s 614ms)&#xD;
  STEP 2/4: AND the interview...&#xD;
  STEP 2/4: AND the interview (Passed after 2s 141ms)&#xD;
  STEP 3/4: WHEN quiz interview answers are set...&#xD;
  STEP 3/4: WHEN quiz interview answers are set (Passed after 9s 836ms)&#xD;
  STEP 4/4: AND a quiz interview answer is rate...&#xD;
  STEP 4/4: AND a quiz interview answer is rate (Passed after 5s 374ms)&#xD;
  SCENARIO RESULT: Passed after 18s 993ms</StdOut>
      </Output>
    </UnitTestResult>
    <UnitTestResult executionId="feb2a345-bf51-4616-ab5e-39bc75126eb9" testId="6cf878c5-c14d-33c5-1e2c-bd8fbc97841c" testName="Skillaz.Tests.Configurator.Filter.ConfiguratorRequestFilter_feature.Ensure_that_filter_by_mass_request_type_return_available_values_when_three_request_types" computerName="DESKTOP-F6SKA47" duration="00:00:07.3998191" startTime="2021-12-16T16:29:09.7807008+03:00" endTime="2021-12-16T16:29:09.7807027+03:00" testType="13cdc9d9-ddb5-4fa4-a97d-d965ccfc6d4b" outcome="Passed" testListId="8c84fa94-04c1-424b-9868-57a2d4851a1d" relativeResultsDirectory="feb2a345-bf51-4616-ab5e-39bc75126eb9">
      <Output>
        <StdOut>SCENARIO: Ensure that filter by mass request type return available values when three request types&#xD;
  STEP 1/7: GIVEN a company...&#xD;
  STEP 1/7: GIVEN a company (Passed after 152ms)&#xD;
  STEP 2/7: AND the authenticated user...&#xD;
  STEP 2/7: AND the authenticated user (Passed after 918ms)&#xD;
  STEP 3/7: AND the configurations by request types [requestTypes: "HireRequest, MassRequest, ConfrontationRequest"]...&#xD;
  STEP 3/7: AND the configurations by request types [requestTypes: "HireRequest, MassRequest, ConfrontationRequest"] (Passed after 1s 130ms)&#xD;
  STEP 4/7: AND the data for configurations requests...&#xD;
  STEP 4/7: AND the data for configurations requests (Passed after 1s 039ms)&#xD;
  STEP 5/7: AND the filter by request [filterFields: "Skillaz.Framework.DocumentModel.Contract.DocumentModelFieldUpdate, Skillaz.Framework.DocumentModel.Contract.DocumentModelFieldUpdate"]...&#xD;
  STEP 5/7: AND the filter by request [filterFields: "Skillaz.Framework.DocumentModel.Contract.DocumentModelFieldUpdate, Skillaz.Framework.DocumentModel.Contract.DocumentModelFieldUpdate"] (Passed after &lt;1ms)&#xD;
  STEP 6/7: WHEN get requests by filter...&#xD;
  STEP 6/7: WHEN get requests by filter (Passed after 779ms)&#xD;
  STEP 7/7: THEN requests from filter equal requests by query...&#xD;
  STEP 7/7: THEN requests from filter equal requests by query (Passed after 9ms)&#xD;
  SCENARIO RESULT: Passed after 4s 052ms</StdOut>
      </Output>
    </UnitTestResult>
    <UnitTestResult executionId="b34152d3-b345-43f3-a12a-e554be55bc29" testId="3a805882-89ed-3d78-1d76-0edfa7438e3d" testName="Skillaz.Tests.OpenApi.CheckApi.GetCheckPdf_feature.Get_candidate_check_pdf" computerName="DESKTOP-F6SKA47" duration="00:00:00.0010000" startTime="2021-12-16T16:26:12.3135604+03:00" endTime="2021-12-16T16:26:12.3135621+03:00" testType="13cdc9d9-ddb5-4fa4-a97d-d965ccfc6d4b" outcome="NotExecuted" testListId="8c84fa94-04c1-424b-9868-57a2d4851a1d" relativeResultsDirectory="b34152d3-b345-43f3-a12a-e554be55bc29">
      <Output>
        <StdOut>This test uses PdfFactory. You need installed wkhtmltopdf tool.</StdOut>
      </Output>
    </UnitTestResult>
    <UnitTestResult executionId="e60d82fa-17a7-4822-9910-b60499af6d77" testId="7d23786a-c66d-9100-2723-259e59e58b9b" testName="Skillaz.Tests.Candidate.Elastic.CandidateElasticFiltration_feature.Retrieving_no_candidates_by_current_status" computerName="DESKTOP-F6SKA47" duration="00:00:00.0010000" startTime="2021-12-16T16:24:39.9927737+03:00" endTime="2021-12-16T16:24:39.9927792+03:00" testType="13cdc9d9-ddb5-4fa4-a97d-d965ccfc6d4b" outcome="NotExecuted" testListId="8c84fa94-04c1-424b-9868-57a2d4851a1d" relativeResultsDirectory="e60d82fa-17a7-4822-9910-b60499af6d77">
      <Output>
        <StdOut>You need Elasticsearch 7.5 local instance on 9200 port</StdOut>
      </Output>
    </UnitTestResult>
    <UnitTestResult executionId="f41f206f-294b-4b5b-87ed-adb3594374e0" testId="e836a219-ad16-eb20-7644-81420ebc2242" testName="Skillaz.Tests.Configurator.DocumentModel.DocumentModelFormula.Проверить_подключаемость_формул_из_кода" computerName="DESKTOP-F6SKA47" duration="00:00:04.8918248" startTime="2021-12-16T16:17:49.3413738+03:00" endTime="2021-12-16T16:17:49.3413776+03:00" testType="13cdc9d9-ddb5-4fa4-a97d-d965ccfc6d4b" outcome="Passed" testListId="8c84fa94-04c1-424b-9868-57a2d4851a1d" relativeResultsDirectory="f41f206f-294b-4b5b-87ed-adb3594374e0">
      <Output>
        <StdOut>SCENARIO: Проверить подключаемость формул из кода&#xD;
  STEP 1/4: GIVEN a company...&#xD;
  STEP 1/4: GIVEN a company (Passed after 63ms)&#xD;
  STEP 2/4: AND the authenticated user...&#xD;
  STEP 2/4: AND the authenticated user (Passed after 155ms)&#xD;
  STEP 3/4: Настроить модель потребности чтобы в ней использовалась формула...&#xD;
  STEP 3/4: Настроить модель потребности чтобы в ней использовалась формула (Passed after 707ms)&#xD;
  STEP 4/4: Проверить что формула посчиталась...&#xD;
  STEP 4/4: Проверить что формула посчиталась (Passed after 3s 568ms)&#xD;
  SCENARIO RESULT: Passed after 4s 497ms</StdOut>
      </Output>
    </UnitTestResult>
    <UnitTestResult executionId="6c454736-60fe-49ea-956f-30c7ddece221" testId="f727b248-9add-f920-b0ce-770364245e70" testName="Skillaz.Tests.Candidate.Elastic.CandidateElasticMultiselectFiltration_feature.MultiLineFilterCheck(filter: (Skillaz.Candidate.Contract.CandidateSearchFilter, Skillaz.Candidate.Contract.CandidateSearchFilterCommon), result: (4, salary from 100000 to 150000 and with no salary ))" computerName="DESKTOP-F6SKA47" duration="00:00:00.0010000" startTime="2021-12-16T16:26:49.6193243+03:00" endTime="2021-12-16T16:26:49.6193267+03:00" testType="13cdc9d9-ddb5-4fa4-a97d-d965ccfc6d4b" outcome="NotExecuted" testListId="8c84fa94-04c1-424b-9868-57a2d4851a1d" relativeResultsDirectory="6c454736-60fe-49ea-956f-30c7ddece221">
      <Output>
        <StdOut>You need Elasticsearch 7.5 local instance on 9200 port</StdOut>
      </Output>
    </UnitTestResult>
    <UnitTestResult executionId="bb979166-beba-447e-adb5-bfe259794544" testId="695a69c9-264c-d1c5-2032-535ef4bf39f9" testName="Skillaz.Tests.CompanySpecific.X5.Naumen.NaumenSlaTests.Sla_calculates_correctly_for_split_days(candidateTimeZone: 7, sla: 06:00:00, startDate: 2019-12-31T10:00:00.0000000Z, truth: [NaumenTimeRange { From = &quot;2019-12-31 13:00:00&quot;, To = &quot;2019-12-31 16:00:00&quot; }, NaumenTimeRange { From = &quot;2020-01-01 07:00:00&quot;, To = &quot;2020-01-01 10:00:00&quot; }])" computerName="DESKTOP-F6SKA47" duration="00:00:00.0000921" startTime="2021-12-16T16:16:29.0047054+03:00" endTime="2021-12-16T16:16:29.0047061+03:00" testType="13cdc9d9-ddb5-4fa4-a97d-d965ccfc6d4b" outcome="Passed" testListId="8c84fa94-04c1-424b-9868-57a2d4851a1d" relativeResultsDirectory="bb979166-beba-447e-adb5-bfe259794544" />
    <UnitTestResult executionId="24aacbc7-746f-427c-a342-44fd9fbf6bb6" testId="91f05623-f4da-ac91-0045-047768212b29" testName="Skillaz.Tests.CompanySpecific.Sberbank.SberPositionsTests.SberPositionCommand_should_work_as_expected(vacancyName: &quot;Менеджер по ключевым клиентам ммб&quot;, expectedPositionId: &quot;key_client_manger_sber_mmb&quot;)" computerName="DESKTOP-F6SKA47" duration="00:00:00.0735172" startTime="2021-12-16T16:16:29.6717592+03:00" endTime="2021-12-16T16:16:29.6717616+03:00" testType="13cdc9d9-ddb5-4fa4-a97d-d965ccfc6d4b" outcome="Passed" testListId="8c84fa94-04c1-424b-9868-57a2d4851a1d" relativeResultsDirectory="24aacbc7-746f-427c-a342-44fd9fbf6bb6" />
    <UnitTestResult executionId="a53fdb56-f659-4cb0-a048-f9168088c61f" testId="7d7cb7e8-db74-b484-5de6-b84cf9a291e5" testName="Skillaz.Tests.Configurator.ConfiguratorHistoryTests.Сохранение_истории" computerName="DESKTOP-F6SKA47" duration="00:00:21.1904544" startTime="2021-12-16T16:18:56.5558536+03:00" endTime="2021-12-16T16:18:56.5558623+03:00" testType="13cdc9d9-ddb5-4fa4-a97d-d965ccfc6d4b" outcome="Passed" testListId="8c84fa94-04c1-424b-9868-57a2d4851a1d" relativeResultsDirectory="a53fdb56-f659-4cb0-a048-f9168088c61f">
      <Output>
        <StdOut>SCENARIO: Сохранение истории&#xD;
  STEP 1/8: GIVEN a company...&#xD;
  STEP 1/8: GIVEN a company (Passed after 156ms)&#xD;
  STEP 2/8: AND the authenticated user...&#xD;
  STEP 2/8: AND the authenticated user (Passed after 323ms)&#xD;
  STEP 3/8: Выдать пользователю нужные права...&#xD;
  STEP 3/8: Выдать пользователю нужные права (Passed after &lt;1ms)&#xD;
  STEP 4/8: Добавить необходимые значения...&#xD;
  STEP 4/8: Добавить необходимые значения (Passed after 185ms)&#xD;
  STEP 5/8: Получить воронку в конфигураторе с черновиком...&#xD;
  STEP 5/8: Получить воронку в конфигураторе с черновиком (Passed after 9ms)&#xD;
  STEP 6/8: Сохранить черновик...&#xD;
  STEP 6/8: Сохранить черновик (Passed after 13s 814ms)&#xD;
  STEP 7/8: Проверить что история сохранилась...&#xD;
  STEP 7/8: Проверить что история сохранилась (Passed after 4s 905ms)&#xD;
  STEP 8/8: Проверить что история доступна...&#xD;
  STEP 8/8: Проверить что история доступна (Passed after 653ms)&#xD;
  SCENARIO RESULT: Passed after 20s 057ms</StdOut>
      </Output>
    </UnitTestResult>
    <UnitTestResult executionId="64e0e77c-4b0e-4a60-af69-2c492270c482" testId="019b787c-88b2-9680-3a7b-9251d2235f77" testName="Skillaz.Tests.CompanySpecific.X5.Naumen.NaumenSlaTests.Sla_calculates_correctly_for_next_day(candidateTimeZone: 2, sla: 02:00:00, startDate: 2019-12-31T21:00:00.0000000Z, truth: [NaumenTimeRange { From = &quot;2020-01-01 10:00:00&quot;, To = &quot;2020-01-01 12:00:00&quot; }])" computerName="DESKTOP-F6SKA47" duration="00:00:00.0000310" startTime="2021-12-16T16:16:29.0596318+03:00" endTime="2021-12-16T16:16:29.0596322+03:00" testType="13cdc9d9-ddb5-4fa4-a97d-d965ccfc6d4b" outcome="Passed" testListId="8c84fa94-04c1-424b-9868-57a2d4851a1d" relativeResultsDirectory="64e0e77c-4b0e-4a60-af69-2c492270c482" />
    <UnitTestResult executionId="de4e0ad8-0e8d-4393-9b3e-58acdf502ab8" testId="0340d2e6-7820-3dc9-a605-c324d46958c2" testName="Skillaz.Tests.Configurator.Editor.PreventSameCodeUsageFeature.Нельзя_создать_конфигураторы_с_одинаковым_кодом" computerName="DESKTOP-F6SKA47" duration="00:00:01.9603779" startTime="2021-12-16T16:17:39.8014099+03:00" endTime="2021-12-16T16:17:39.8014124+03:00" testType="13cdc9d9-ddb5-4fa4-a97d-d965ccfc6d4b" outcome="Passed" testListId="8c84fa94-04c1-424b-9868-57a2d4851a1d" relativeResultsDirectory="de4e0ad8-0e8d-4393-9b3e-58acdf502ab8">
      <Output>
        <StdOut>SCENARIO: Нельзя создать конфигураторы с одинаковым кодом&#xD;
  STEP 1/7: GIVEN a company...&#xD;
  STEP 1/7: GIVEN a company (Passed after 131ms)&#xD;
  STEP 2/7: AND the authenticated user...&#xD;
  STEP 2/7: AND the authenticated user (Passed after 222ms)&#xD;
  STEP 3/7: Выдать пользователю нужные права...&#xD;
  STEP 3/7: Выдать пользователю нужные права (Passed after 1ms)&#xD;
  STEP 4/7: Создать воронку...&#xD;
  STEP 4/7: Создать воронку (Passed after 694ms)&#xD;
  STEP 5/7: Проверить что воронка создалась...&#xD;
  STEP 5/7: Проверить что воронка создалась (Passed after 91ms)&#xD;
  STEP 6/7: Создать еще одну воронку с таким же кодом...&#xD;
  STEP 6/7: Создать еще одну воронку с таким же кодом (Passed after 318ms)&#xD;
  STEP 7/7: Проверить что новая воронка не создалась...&#xD;
  STEP 7/7: Проверить что новая воронка не создалась (Passed after 84ms)&#xD;
  SCENARIO RESULT: Passed after 1s 550ms</StdOut>
      </Output>
    </UnitTestResult>
    <UnitTestResult executionId="bc5d6f60-87cc-4bca-a835-52c472f4e3f1" testId="019b787c-88b2-9680-3a7b-9251d2235f77" testName="Skillaz.Tests.CompanySpecific.X5.Naumen.NaumenSlaTests.Sla_calculates_correctly_for_next_day(candidateTimeZone: 12, sla: 02:00:00, startDate: 2019-12-31T08:00:00.0000000Z, truth: [NaumenTimeRange { From = &quot;2020-01-01 07:00:00&quot;, To = &quot;2020-01-01 09:00:00&quot; }])" computerName="DESKTOP-F6SKA47" duration="00:00:00.0000566" startTime="2021-12-16T16:16:29.3687932+03:00" endTime="2021-12-16T16:16:29.3687943+03:00" testType="13cdc9d9-ddb5-4fa4-a97d-d965ccfc6d4b" outcome="Passed" testListId="8c84fa94-04c1-424b-9868-57a2d4851a1d" relativeResultsDirectory="bc5d6f60-87cc-4bca-a835-52c472f4e3f1" />
    <UnitTestResult executionId="a9490fd7-52da-4426-be1c-bfb966f1106d" testId="9fbd6612-8a6a-cb70-1973-9237969a560b" testName="Skillaz.Tests.Configurator.Deduplication.UpdateCandidateByRuleTest.Check_Action_UpdateSource_AddWay_Negotiations_Set_Fields_Source_Other" computerName="DESKTOP-F6SKA47" duration="00:00:03.5135320" startTime="2021-12-16T16:27:19.6603866+03:00" endTime="2021-12-16T16:27:19.6603948+03:00" testType="13cdc9d9-ddb5-4fa4-a97d-d965ccfc6d4b" outcome="Passed" testListId="8c84fa94-04c1-424b-9868-57a2d4851a1d" relativeResultsDirectory="a9490fd7-52da-4426-be1c-bfb966f1106d">
      <Output>
        <StdOut>SCENARIO: Check Action UpdateSource AddWay Negotiations Set Fields Source Other&#xD;
  STEP 1/5: Init...&#xD;
  STEP 1/5: Init (Passed after 2s 123ms)&#xD;
  STEP 2/5: GIVEN candidate existing source Avito...&#xD;
  STEP 2/5: GIVEN candidate existing source Avito (Passed after 320ms)&#xD;
  STEP 3/5: AND new candidate negotiation addWay source other new vacancy...&#xD;
  STEP 3/5: AND new candidate negotiation addWay source other new vacancy (Passed after 1ms)&#xD;
  STEP 4/5: WHEN DeduplicationAction...&#xD;
  STEP 4/5: WHEN DeduplicationAction (Passed after 105ms)&#xD;
  STEP 5/5: Check Change Fields Source...&#xD;
  STEP 5/5: Check Change Fields Source (Passed after 77ms)&#xD;
  SCENARIO RESULT: Passed after 2s 636ms</StdOut>
      </Output>
    </UnitTestResult>
    <UnitTestResult executionId="9445fc36-a9a0-41b0-9aad-0e671d45ec14" testId="67495ea2-a726-e167-df17-7b945ec7cc5f" testName="Skillaz.Tests.Assessment.Interviews.InterviewStepSwitcherFeature.When_funnels_checks_is_empty_get_candidate_check_types_returns_empty_valid_checks" computerName="DESKTOP-F6SKA47" duration="00:00:00.1029892" startTime="2021-12-16T16:24:46.9443077+03:00" endTime="2021-12-16T16:24:46.9443196+03:00" testType="13cdc9d9-ddb5-4fa4-a97d-d965ccfc6d4b" outcome="Passed" testListId="8c84fa94-04c1-424b-9868-57a2d4851a1d" relativeResultsDirectory="9445fc36-a9a0-41b0-9aad-0e671d45ec14">
      <Output>
        <StdOut>SCENARIO: When funnels checks is empty get candidate check types returns empty valid checks&#xD;
  STEP 1/4: GIVEN a company...&#xD;
  STEP 1/4: GIVEN a company (Passed after 58ms)&#xD;
  STEP 2/4: AND the funnel...&#xD;
  STEP 2/4: AND the funnel (Passed after &lt;1ms)&#xD;
  STEP 3/4: WHEN get the check types...&#xD;
  STEP 3/4: WHEN get the check types (Passed after &lt;1ms)&#xD;
  STEP 4/4: THEN check types is empty...&#xD;
  STEP 4/4: THEN check types is empty (Passed after &lt;1ms)&#xD;
  SCENARIO RESULT: Passed after 85ms</StdOut>
      </Output>
    </UnitTestResult>
    <UnitTestResult executionId="8f1bff6e-1b57-4e5f-8f21-bbfbfb03c464" testId="8729c644-a900-e689-b1e6-59aaf5f86153" testName="Skillaz.Tests.Candidate.Ratings.CascadeRatingScoreUpdate_feature.Candidate_sub_rating_with_score_created" computerName="DESKTOP-F6SKA47" duration="00:00:08.8134252" startTime="2021-12-16T16:21:59.6480997+03:00" endTime="2021-12-16T16:21:59.6481163+03:00" testType="13cdc9d9-ddb5-4fa4-a97d-d965ccfc6d4b" outcome="Passed" testListId="8c84fa94-04c1-424b-9868-57a2d4851a1d" relativeResultsDirectory="8f1bff6e-1b57-4e5f-8f21-bbfbfb03c464">
      <Output>
        <StdOut>SCENARIO: Candidate sub rating with score created&#xD;
  STEP 1/8: GIVEN a company...&#xD;
  STEP 1/8: GIVEN a company (Passed after 341ms)&#xD;
  STEP 2/8: AND the authenticated user...&#xD;
  STEP 2/8: AND the authenticated user (Passed after 2s 087ms)&#xD;
  STEP 3/8: AND the vacancy in the company...&#xD;
  STEP 3/8: AND the vacancy in the company (Passed after 1s 202ms)&#xD;
  STEP 4/8: AND a candidate...&#xD;
  STEP 4/8: AND a candidate (Passed after 625ms)&#xD;
  STEP 5/8: AND ratings and criteria...&#xD;
  STEP 5/8: AND ratings and criteria (Passed after 1s 276ms)&#xD;
  STEP 6/8: AND a candidate rating...&#xD;
  STEP 6/8: AND a candidate rating (Passed after 1s 650ms)&#xD;
  STEP 7/8: WHEN candidate sub rating with score created...&#xD;
  STEP 7/8: WHEN candidate sub rating with score created (Passed after 711ms)&#xD;
  STEP 8/8: THEN linked candidate rating total score updated...&#xD;
  STEP 8/8: THEN linked candidate rating total score updated (Passed after 313ms)&#xD;
  SCENARIO RESULT: Passed after 8s 231ms</StdOut>
      </Output>
    </UnitTestResult>
    <UnitTestResult executionId="9a65a395-b8cb-437c-a2f2-71590e5d4527" testId="1ef41829-7887-369c-6ecb-5723b0e8a99e" testName="Skillaz.Tests.Candidate.DashboardReports.DashboardReport_feature.FunnelReport_get_by_id" computerName="DESKTOP-F6SKA47" duration="00:00:06.9433907" startTime="2021-12-16T16:24:13.6526907+03:00" endTime="2021-12-16T16:24:13.6526971+03:00" testType="13cdc9d9-ddb5-4fa4-a97d-d965ccfc6d4b" outcome="Passed" testListId="8c84fa94-04c1-424b-9868-57a2d4851a1d" relativeResultsDirectory="9a65a395-b8cb-437c-a2f2-71590e5d4527">
      <Output>
        <StdOut>SCENARIO: FunnelReport get by id&#xD;
  STEP 1/5: GIVEN a company...&#xD;
  STEP 1/5: GIVEN a company (Passed after 479ms)&#xD;
  STEP 2/5: AND the authenticated user...&#xD;
  STEP 2/5: AND the authenticated user (Passed after 889ms)&#xD;
  STEP 3/5: AND funnel report...&#xD;
  STEP 3/5: AND funnel report (Passed after 1s 154ms)&#xD;
  STEP 4/5: WHEN report dto has been requested...&#xD;
  STEP 4/5: WHEN report dto has been requested (Passed after 2s 847ms)&#xD;
  STEP 5/5: THEN report dto should be retrieved...&#xD;
  STEP 5/5: THEN report dto should be retrieved (Passed after 1ms)&#xD;
  SCENARIO RESULT: Passed after 5s 385ms</StdOut>
      </Output>
    </UnitTestResult>
    <UnitTestResult executionId="6ba45cfd-8cdb-494d-a1e9-8e32104e5800" testId="13a8aafe-f2e1-d44e-4187-b187f0d8a6d7" testName="Skillaz.Tests.CompanySpecific.Mvideo.MvideoPrepareBatchUpdateRequest_feature.OrgUnits_with_responsible_id_00000000_processed" computerName="DESKTOP-F6SKA47" duration="00:00:00.0010000" startTime="2021-12-16T16:29:23.2221739+03:00" endTime="2021-12-16T16:29:23.2221789+03:00" testType="13cdc9d9-ddb5-4fa4-a97d-d965ccfc6d4b" outcome="NotExecuted" testListId="8c84fa94-04c1-424b-9868-57a2d4851a1d" relativeResultsDirectory="6ba45cfd-8cdb-494d-a1e9-8e32104e5800">
      <Output>
        <StdOut>Появился тест MvideoOpenApiBatchRequest_feature</StdOut>
      </Output>
    </UnitTestResult>
    <UnitTestResult executionId="fa991cf2-2e1c-4b0b-b49b-5228d01604f5" testId="7073c3f3-82ef-b27e-cf68-317c2e647496" testName="Skillaz.Tests.Candidate.Checks.ChecksWithStatusLimitatins_feature.Throw_exception_when_any_Multiple_check_is_not_finished" computerName="DESKTOP-F6SKA47" duration="00:00:09.1861640" startTime="2021-12-16T16:23:19.2629021+03:00" endTime="2021-12-16T16:23:19.2629034+03:00" testType="13cdc9d9-ddb5-4fa4-a97d-d965ccfc6d4b" outcome="Passed" testListId="8c84fa94-04c1-424b-9868-57a2d4851a1d" relativeResultsDirectory="fa991cf2-2e1c-4b0b-b49b-5228d01604f5">
      <Output>
        <StdOut>SCENARIO: Throw exception when any Multiple check is not finished&#xD;
  STEP 1/9: GIVEN a company...&#xD;
  STEP 1/9: GIVEN a company (Passed after 662ms)&#xD;
  STEP 2/9: AND the vacancy in the company...&#xD;
  STEP 2/9: AND the vacancy in the company (Passed after 709ms)&#xD;
  STEP 3/9: AND the authenticated user...&#xD;
  STEP 3/9: AND the authenticated user (Passed after 894ms)&#xD;
  STEP 4/9: AND client configuration with checks workflow and model...&#xD;
  STEP 4/9: AND client configuration with checks workflow and model (Passed after 1s 392ms)&#xD;
  STEP 5/9: AND a funnel...&#xD;
  STEP 5/9: AND a funnel (Passed after 154ms)&#xD;
  STEP 6/9: AND a candidate...&#xD;
  STEP 6/9: AND a candidate (Passed after 405ms)&#xD;
  STEP 7/9: AND a two Multiple checks with different stages...&#xD;
  STEP 7/9: AND a two Multiple checks with different stages (Passed after 4s 389ms)&#xD;
  STEP 8/9: WHEN change candidate status...&#xD;
  STEP 8/9: WHEN change candidate status (Passed after 10ms)&#xD;
  STEP 9/9: THEN exception was thrown...&#xD;
  STEP 9/9: THEN exception was thrown (Passed after 57ms)&#xD;
  SCENARIO RESULT: Passed after 8s 680ms</StdOut>
      </Output>
    </UnitTestResult>
    <UnitTestResult executionId="d3007983-5537-4f95-87ab-40cee5d837d0" testId="fc816dc0-d2e7-a118-72b1-e30b55bda7fd" testName="Skillaz.Tests.CompanySpecific.Mvideo.MvideoOpenApiSapAvaliablePositionsHireNeedBatchRequest_feature.CheckAvaliablePositionsInHireNeedAfterOpenApiRequest_RequestsNustBeInWork(staffCount: 11, employeesCount: 6, manualApprovedCounts: [2], batchOrgItems: (11, 7), expected: (2, ))" computerName="DESKTOP-F6SKA47" duration="00:00:00.0010000" startTime="2021-12-16T16:29:45.5879948+03:00" endTime="2021-12-16T16:29:45.5880007+03:00" testType="13cdc9d9-ddb5-4fa4-a97d-d965ccfc6d4b" outcome="NotExecuted" testListId="8c84fa94-04c1-424b-9868-57a2d4851a1d" relativeResultsDirectory="d3007983-5537-4f95-87ab-40cee5d837d0">
      <Output>
        <StdOut>Вернуть тесты после правок по потребностям Mvideo</StdOut>
      </Output>
    </UnitTestResult>
    <UnitTestResult executionId="73b4d7a2-ba2c-415f-ad49-5452ec41c89f" testId="019b787c-88b2-9680-3a7b-9251d2235f77" testName="Skillaz.Tests.CompanySpecific.X5.Naumen.NaumenSlaTests.Sla_calculates_correctly_for_next_day(candidateTimeZone: 9, sla: 02:00:00, startDate: 2019-12-31T15:00:00.0000000Z, truth: [NaumenTimeRange { From = &quot;2020-01-01 07:00:00&quot;, To = &quot;2020-01-01 09:00:00&quot; }])" computerName="DESKTOP-F6SKA47" duration="00:00:00.0000498" startTime="2021-12-16T16:16:29.3156862+03:00" endTime="2021-12-16T16:16:29.3156867+03:00" testType="13cdc9d9-ddb5-4fa4-a97d-d965ccfc6d4b" outcome="Passed" testListId="8c84fa94-04c1-424b-9868-57a2d4851a1d" relativeResultsDirectory="73b4d7a2-ba2c-415f-ad49-5452ec41c89f" />
    <UnitTestResult executionId="f505229f-89fc-4cb7-8fb0-990a467dc3af" testId="a872979f-8f76-567a-63b7-4370a55e670d" testName="Skillaz.Tests.AsyncEnumerable.AsyncEnumerableTests.Batching_works_for_async_enumerable_when_batches_are_equally_sized(genSize: 15, batchSize: 3)" computerName="DESKTOP-F6SKA47" duration="00:00:00.2253553" startTime="2021-12-16T16:16:31.3494088+03:00" endTime="2021-12-16T16:16:31.3494116+03:00" testType="13cdc9d9-ddb5-4fa4-a97d-d965ccfc6d4b" outcome="Passed" testListId="8c84fa94-04c1-424b-9868-57a2d4851a1d" relativeResultsDirectory="f505229f-89fc-4cb7-8fb0-990a467dc3af" />
    <UnitTestResult executionId="d03bba43-c363-43fe-be25-ae1b8eb89c8d" testId="019b787c-88b2-9680-3a7b-9251d2235f77" testName="Skillaz.Tests.CompanySpecific.X5.Naumen.NaumenSlaTests.Sla_calculates_correctly_for_next_day(candidateTimeZone: 7, sla: 02:00:00, startDate: 2019-12-31T13:00:00.0000000Z, truth: [NaumenTimeRange { From = &quot;2020-01-01 07:00:00&quot;, To = &quot;2020-01-01 09:00:00&quot; }])" computerName="DESKTOP-F6SKA47" duration="00:00:00.0000386" startTime="2021-12-16T16:16:29.2811764+03:00" endTime="2021-12-16T16:16:29.2811776+03:00" testType="13cdc9d9-ddb5-4fa4-a97d-d965ccfc6d4b" outcome="Passed" testListId="8c84fa94-04c1-424b-9868-57a2d4851a1d" relativeResultsDirectory="d03bba43-c363-43fe-be25-ae1b8eb89c8d" />
    <UnitTestResult executionId="e30f29a3-c691-498e-8475-45c435c19964" testId="019b787c-88b2-9680-3a7b-9251d2235f77" testName="Skillaz.Tests.CompanySpecific.X5.Naumen.NaumenSlaTests.Sla_calculates_correctly_for_next_day(candidateTimeZone: 8, sla: 02:00:00, startDate: 2020-01-01T04:00:00.0000000Z, truth: [NaumenTimeRange { From = &quot;2020-01-01 07:00:00&quot;, To = &quot;2020-01-01 09:00:00&quot; }])" computerName="DESKTOP-F6SKA47" duration="00:00:00.0000559" startTime="2021-12-16T16:16:29.3123698+03:00" endTime="2021-12-16T16:16:29.3123709+03:00" testType="13cdc9d9-ddb5-4fa4-a97d-d965ccfc6d4b" outcome="Passed" testListId="8c84fa94-04c1-424b-9868-57a2d4851a1d" relativeResultsDirectory="e30f29a3-c691-498e-8475-45c435c19964" />
    <UnitTestResult executionId="2cfe7e2c-b06c-4bff-af4c-9d09d055c7a2" testId="c340ff4e-361a-8adf-5bc4-1d5f8155bfa6" testName="Skillaz.Tests.Notifications.EmailAntispam_feature.Send_duplicate_email_to_candidate_by_hash_and_check_it_was_not_sent" computerName="DESKTOP-F6SKA47" duration="00:00:04.2217027" startTime="2021-12-16T16:21:39.2102015+03:00" endTime="2021-12-16T16:21:39.2102055+03:00" testType="13cdc9d9-ddb5-4fa4-a97d-d965ccfc6d4b" outcome="Passed" testListId="8c84fa94-04c1-424b-9868-57a2d4851a1d" relativeResultsDirectory="2cfe7e2c-b06c-4bff-af4c-9d09d055c7a2">
      <Output>
        <StdOut>SCENARIO: Send duplicate email to candidate by hash and check it was not sent&#xD;
  STEP 1/8: GIVEN a company [companyId: "61bb3d5f7f10d6937478c5ec"]...&#xD;
  STEP 1/8: GIVEN a company [companyId: "61bb3d5f7f10d6937478c5ec"] (Passed after 99ms)&#xD;
  STEP 2/8: AND the authenticated user...&#xD;
  STEP 2/8: AND the authenticated user (Passed after 165ms)&#xD;
  STEP 3/8: AND the vacancy in the company...&#xD;
  STEP 3/8: AND the vacancy in the company (Passed after 100ms)&#xD;
  STEP 4/8: AND a candidate "Skillaz.Candidate.Contract.Documents.Candidate.CandidateDocument" with contact email [contactEmail: "test-email-candidate@yandex.ru"]...&#xD;
  STEP 4/8: AND a candidate "Skillaz.Candidate.Contract.Documents.Candidate.CandidateDocument" with contact email [contactEmail: "test-email-candidate@yandex.ru"] (Passed after 53ms)&#xD;
  STEP 5/8: AND same n "1" emails for recipient "test-email-candidate@yandex.ru"...&#xD;
  STEP 5/8: AND same n "1" emails for recipient "test-email-candidate@yandex.ru" (Passed after 45ms)&#xD;
  STEP 6/8: AND email template [templateType: "test-msg-type"]...&#xD;
  STEP 6/8: AND email template [templateType: "test-msg-type"] (Passed after 50ms)&#xD;
  STEP 7/8: WHEN email is sent to candidate [candidateId: "61bb3d5f7f10d6937478c61a"]...&#xD;
  STEP 7/8: WHEN email is sent to candidate [candidateId: "61bb3d5f7f10d6937478c61a"] (Passed after 915ms)&#xD;
  STEP 8/8: Ensure email was not sent...&#xD;
  STEP 8/8: Ensure email was not sent (Passed after 98ms)&#xD;
  SCENARIO RESULT: Passed after 1s 675ms</StdOut>
      </Output>
    </UnitTestResult>
    <UnitTestResult executionId="8bf58b54-d9ee-403d-875a-a605332e4856" testId="019b787c-88b2-9680-3a7b-9251d2235f77" testName="Skillaz.Tests.CompanySpecific.X5.Naumen.NaumenSlaTests.Sla_calculates_correctly_for_next_day(candidateTimeZone: 6, sla: 02:00:00, startDate: 2019-12-31T16:00:00.0000000Z, truth: [NaumenTimeRange { From = &quot;2020-01-01 07:00:00&quot;, To = &quot;2020-01-01 09:00:00&quot; }])" computerName="DESKTOP-F6SKA47" duration="00:00:00.0000392" startTime="2021-12-16T16:16:29.1175441+03:00" endTime="2021-12-16T16:16:29.1175451+03:00" testType="13cdc9d9-ddb5-4fa4-a97d-d965ccfc6d4b" outcome="Passed" testListId="8c84fa94-04c1-424b-9868-57a2d4851a1d" relativeResultsDirectory="8bf58b54-d9ee-403d-875a-a605332e4856" />
    <UnitTestResult executionId="f4230f37-3ce3-4d07-a0ab-8687d77717f4" testId="f87b3fc3-7f55-f9a4-0788-b4f1e6a940e3" testName="Skillaz.Tests.OrgUnit.OrgUnitExternalIdTests.Test_request_update_with_already_existed_doc_by_externalId" computerName="DESKTOP-F6SKA47" duration="00:00:00.0010000" startTime="2021-12-16T16:24:39.0580947+03:00" endTime="2021-12-16T16:24:39.0580973+03:00" testType="13cdc9d9-ddb5-4fa4-a97d-d965ccfc6d4b" outcome="NotExecuted" testListId="8c84fa94-04c1-424b-9868-57a2d4851a1d" relativeResultsDirectory="f4230f37-3ce3-4d07-a0ab-8687d77717f4">
      <Output>
        <StdOut>Нужно переделать этап Given_dm_configuration, не завязываться на авилон</StdOut>
      </Output>
    </UnitTestResult>
    <UnitTestResult executionId="3d7cbe53-d969-475d-ae42-a8a960d1a0d8" testId="019b787c-88b2-9680-3a7b-9251d2235f77" testName="Skillaz.Tests.CompanySpecific.X5.Naumen.NaumenSlaTests.Sla_calculates_correctly_for_next_day(candidateTimeZone: 4, sla: 02:00:00, startDate: 2019-12-31T18:00:00.0000000Z, truth: [NaumenTimeRange { From = &quot;2020-01-01 08:00:00&quot;, To = &quot;2020-01-01 10:00:00&quot; }])" computerName="DESKTOP-F6SKA47" duration="00:00:00.0000976" startTime="2021-12-16T16:16:29.0874719+03:00" endTime="2021-12-16T16:16:29.0874725+03:00" testType="13cdc9d9-ddb5-4fa4-a97d-d965ccfc6d4b" outcome="Passed" testListId="8c84fa94-04c1-424b-9868-57a2d4851a1d" relativeResultsDirectory="3d7cbe53-d969-475d-ae42-a8a960d1a0d8" />
    <UnitTestResult executionId="d2edf7fc-95a7-4e3e-aca4-b728b5362332" testId="1d1d6a8d-1f16-60d1-3ae3-d00b4cc6755e" testName="Skillaz.Tests.DocumentModels.FieldValueComparerTests.IntegerComparison(firstValue: null, secondValue: 0, result: False)" computerName="DESKTOP-F6SKA47" duration="00:00:00.0000721" startTime="2021-12-16T16:16:31.0564289+03:00" endTime="2021-12-16T16:16:31.0564309+03:00" testType="13cdc9d9-ddb5-4fa4-a97d-d965ccfc6d4b" outcome="Passed" testListId="8c84fa94-04c1-424b-9868-57a2d4851a1d" relativeResultsDirectory="d2edf7fc-95a7-4e3e-aca4-b728b5362332" />
    <UnitTestResult executionId="e1a290cc-84ab-4919-a6b5-e19184c4b2a7" testId="019b787c-88b2-9680-3a7b-9251d2235f77" testName="Skillaz.Tests.CompanySpecific.X5.Naumen.NaumenSlaTests.Sla_calculates_correctly_for_next_day(candidateTimeZone: 6, sla: 02:00:00, startDate: 2019-12-31T18:30:00.0000000Z, truth: [NaumenTimeRange { From = &quot;2020-01-01 07:00:00&quot;, To = &quot;2020-01-01 09:00:00&quot; }])" computerName="DESKTOP-F6SKA47" duration="00:00:00.0000427" startTime="2021-12-16T16:16:29.1206990+03:00" endTime="2021-12-16T16:16:29.1206995+03:00" testType="13cdc9d9-ddb5-4fa4-a97d-d965ccfc6d4b" outcome="Passed" testListId="8c84fa94-04c1-424b-9868-57a2d4851a1d" relativeResultsDirectory="e1a290cc-84ab-4919-a6b5-e19184c4b2a7" />
    <UnitTestResult executionId="d85711f4-9874-48f5-bbcd-86982f2d0b2b" testId="f727b248-9add-f920-b0ce-770364245e70" testName="Skillaz.Tests.Candidate.Elastic.CandidateElasticMultiselectFiltration_feature.MultiLineFilterCheck(filter: (Skillaz.Candidate.Contract.CandidateSearchFilter, Skillaz.Candidate.Contract.CandidateSearchFilterCommon), result: (2, search for common info only))" computerName="DESKTOP-F6SKA47" duration="00:00:00.0010000" startTime="2021-12-16T16:26:49.4121764+03:00" endTime="2021-12-16T16:26:49.4121791+03:00" testType="13cdc9d9-ddb5-4fa4-a97d-d965ccfc6d4b" outcome="NotExecuted" testListId="8c84fa94-04c1-424b-9868-57a2d4851a1d" relativeResultsDirectory="d85711f4-9874-48f5-bbcd-86982f2d0b2b">
      <Output>
        <StdOut>You need Elasticsearch 7.5 local instance on 9200 port</StdOut>
      </Output>
    </UnitTestResult>
    <UnitTestResult executionId="003746d1-c4e5-40f2-b67c-d54f7797182a" testId="919d9923-a098-5f2d-2319-9e5f93755003" testName="Skillaz.Tests.TaskTracker.HireRequests.TaskProcess_HireRequest_feature.Successful_process_for_hire_request_state_changed" computerName="DESKTOP-F6SKA47" duration="00:00:06.4100278" startTime="2021-12-16T16:20:39.2364169+03:00" endTime="2021-12-16T16:20:39.2364243+03:00" testType="13cdc9d9-ddb5-4fa4-a97d-d965ccfc6d4b" outcome="Passed" testListId="8c84fa94-04c1-424b-9868-57a2d4851a1d" relativeResultsDirectory="003746d1-c4e5-40f2-b67c-d54f7797182a">
      <Output>
        <StdOut>SCENARIO: Successful process for hire request state changed&#xD;
  STEP 1/8: GIVEN a company...&#xD;
  STEP 1/8: GIVEN a company (Passed after 189ms)&#xD;
  STEP 2/8: AND the authenticated user...&#xD;
  STEP 2/8: AND the authenticated user (Passed after 443ms)&#xD;
  STEP 3/8: AND company configuration items...&#xD;
  STEP 3/8: AND company configuration items (Passed after 762ms)&#xD;
  STEP 4/8: AND a users...&#xD;
  STEP 4/8: AND a users (Passed after 104ms)&#xD;
  STEP 5/8: AND existed hire request...&#xD;
  STEP 5/8: AND existed hire request (Passed after 287ms)&#xD;
  STEP 6/8: AND a init created task for request...&#xD;
  STEP 6/8: AND a init created task for request (Passed after 789ms)&#xD;
  STEP 7/8: WHEN hire request state changed...&#xD;
  STEP 7/8: WHEN hire request state changed (Passed after 2s 912ms)&#xD;
  STEP 8/8: THEN appropriate task created after workflow change...&#xD;
  STEP 8/8: THEN appropriate task created after workflow change (Passed after 114ms)&#xD;
  SCENARIO RESULT: Passed after 5s 658ms</StdOut>
      </Output>
    </UnitTestResult>
    <UnitTestResult executionId="e7118216-9e2d-4011-a764-279a9995603a" testId="019b787c-88b2-9680-3a7b-9251d2235f77" testName="Skillaz.Tests.CompanySpecific.X5.Naumen.NaumenSlaTests.Sla_calculates_correctly_for_next_day(candidateTimeZone: 7, sla: 02:00:00, startDate: 2019-12-31T19:00:00.0000000Z, truth: [NaumenTimeRange { From = &quot;2020-01-01 07:00:00&quot;, To = &quot;2020-01-01 09:00:00&quot; }])" computerName="DESKTOP-F6SKA47" duration="00:00:00.0000426" startTime="2021-12-16T16:16:29.2853341+03:00" endTime="2021-12-16T16:16:29.2853353+03:00" testType="13cdc9d9-ddb5-4fa4-a97d-d965ccfc6d4b" outcome="Passed" testListId="8c84fa94-04c1-424b-9868-57a2d4851a1d" relativeResultsDirectory="e7118216-9e2d-4011-a764-279a9995603a" />
    <UnitTestResult executionId="54249205-dee2-49d6-b657-f4db77705d05" testId="1b03f285-2942-9c18-3354-5b999dd6d42d" testName="Skillaz.Tests.Configurator.Validation.ConfiguratorDashboard.Проверить_что_в_списке_конфигураторов_валидация_совпадает_с_редактором" computerName="DESKTOP-F6SKA47" duration="00:00:08.6760549" startTime="2021-12-16T16:17:05.8701244+03:00" endTime="2021-12-16T16:17:05.8701370+03:00" testType="13cdc9d9-ddb5-4fa4-a97d-d965ccfc6d4b" outcome="Passed" testListId="8c84fa94-04c1-424b-9868-57a2d4851a1d" relativeResultsDirectory="54249205-dee2-49d6-b657-f4db77705d05">
      <Output>
        <StdOut>SCENARIO: Проверить что в списке конфигураторов валидация совпадает с редактором&#xD;
  STEP 1/6: GIVEN a company [companyDocument: "Skillaz.Candidate.Contract.LegacyCompany.LegacyCompanyDocument"]...&#xD;
  STEP 1/6: GIVEN a company [companyDocument: "Skillaz.Candidate.Contract.LegacyCompany.LegacyCompanyDocument"] (Passed after 1s 584ms)&#xD;
  STEP 2/6: AND the authenticated user...&#xD;
  STEP 2/6: AND the authenticated user (Passed after 1s 068ms)&#xD;
  STEP 3/6: Выдать пользователю нужные права...&#xD;
  STEP 3/6: Выдать пользователю нужные права (Passed after 10ms)&#xD;
  STEP 4/6: Загрузить воронку...&#xD;
  STEP 4/6: Загрузить воронку (Passed after 936ms)&#xD;
  STEP 5/6: Проверить предупреждения в общем списке конфигуратора...&#xD;
  STEP 5/6: Проверить предупреждения в общем списке конфигуратора (Passed after 3s 761ms)&#xD;
  STEP 6/6: Проверить что после загрузки редактора обновляется валидация...&#xD;
  STEP 6/6: Проверить что после загрузки редактора обновляется валидация (Passed after 257ms)&#xD;
  SCENARIO RESULT: Passed after 8s 286ms</StdOut>
      </Output>
    </UnitTestResult>
    <UnitTestResult executionId="552b1052-eed0-4682-95cb-e9fede617c97" testId="695a69c9-264c-d1c5-2032-535ef4bf39f9" testName="Skillaz.Tests.CompanySpecific.X5.Naumen.NaumenSlaTests.Sla_calculates_correctly_for_split_days(candidateTimeZone: 3, sla: 08:00:00, startDate: 2019-12-31T13:00:00.0000000Z, truth: [NaumenTimeRange { From = &quot;2019-12-31 16:00:00&quot;, To = &quot;2019-12-31 20:00:00&quot; }, NaumenTimeRange { From = &quot;2020-01-01 09:00:00&quot;, To = &quot;2020-01-01 13:00:00&quot; }])" computerName="DESKTOP-F6SKA47" duration="00:00:00.0000519" startTime="2021-12-16T16:16:28.9752681+03:00" endTime="2021-12-16T16:16:28.9752688+03:00" testType="13cdc9d9-ddb5-4fa4-a97d-d965ccfc6d4b" outcome="Passed" testListId="8c84fa94-04c1-424b-9868-57a2d4851a1d" relativeResultsDirectory="552b1052-eed0-4682-95cb-e9fede617c97" />
    <UnitTestResult executionId="b0e8a9cf-407b-49d4-b6d6-23e0e5000b18" testId="695a69c9-264c-d1c5-2032-535ef4bf39f9" testName="Skillaz.Tests.CompanySpecific.X5.Naumen.NaumenSlaTests.Sla_calculates_correctly_for_split_days(candidateTimeZone: 6, sla: 02:00:00, startDate: 2019-12-31T13:00:00.0000000Z, truth: [NaumenTimeRange { From = &quot;2019-12-31 16:00:00&quot;, To = &quot;2019-12-31 17:00:00&quot; }, NaumenTimeRange { From = &quot;2020-01-01 07:00:00&quot;, To = &quot;2020-01-01 08:00:00&quot; }])" computerName="DESKTOP-F6SKA47" duration="00:00:00.0000524" startTime="2021-12-16T16:16:28.9981984+03:00" endTime="2021-12-16T16:16:28.9982008+03:00" testType="13cdc9d9-ddb5-4fa4-a97d-d965ccfc6d4b" outcome="Passed" testListId="8c84fa94-04c1-424b-9868-57a2d4851a1d" relativeResultsDirectory="b0e8a9cf-407b-49d4-b6d6-23e0e5000b18" />
    <UnitTestResult executionId="2a6bdab4-a470-48a4-9760-f1a40c8f8a4e" testId="695a69c9-264c-d1c5-2032-535ef4bf39f9" testName="Skillaz.Tests.CompanySpecific.X5.Naumen.NaumenSlaTests.Sla_calculates_correctly_for_split_days(candidateTimeZone: 7, sla: 07:00:00, startDate: 2019-12-31T09:30:00.0000000Z, truth: [NaumenTimeRange { From = &quot;2019-12-31 12:30:00&quot;, To = &quot;2019-12-31 16:00:00&quot; }, NaumenTimeRange { From = &quot;2020-01-01 07:00:00&quot;, To = &quot;2020-01-01 10:30:00&quot; }])" computerName="DESKTOP-F6SKA47" duration="00:00:00.0001457" startTime="2021-12-16T16:16:29.0048527+03:00" endTime="2021-12-16T16:16:29.0048535+03:00" testType="13cdc9d9-ddb5-4fa4-a97d-d965ccfc6d4b" outcome="Passed" testListId="8c84fa94-04c1-424b-9868-57a2d4851a1d" relativeResultsDirectory="2a6bdab4-a470-48a4-9760-f1a40c8f8a4e" />
    <UnitTestResult executionId="93f70d73-83e2-49bc-8fd2-5a51a5b86270" testId="5eb67ef1-e38b-7346-5c57-95e331cae99d" testName="Skillaz.Tests.CompanySpecific.Mvideo.MvideoOpenApiBatchRequest_feature.Создает_пользователей_Директор_магазина_у_которых_права_на_несколько_магазинов_должны_проставиться_права_и_роль_Директор_Магазина" computerName="DESKTOP-F6SKA47" duration="00:01:26.8007148" startTime="2021-12-16T16:21:37.3535051+03:00" endTime="2021-12-16T16:21:37.3535086+03:00" testType="13cdc9d9-ddb5-4fa4-a97d-d965ccfc6d4b" outcome="Passed" testListId="8c84fa94-04c1-424b-9868-57a2d4851a1d" relativeResultsDirectory="93f70d73-83e2-49bc-8fd2-5a51a5b86270">
      <Output>
        <StdOut>SCENARIO: Создает пользователей Директор магазина у которых права на несколько магазинов должны проставиться права и роль Директор Магазина&#xD;
  STEP 1/7: GIVEN a company...&#xD;
  STEP 1/7: GIVEN a company (Passed after 369ms)&#xD;
  STEP 2/7: AND the authenticated api user...&#xD;
  STEP 2/7: AND the authenticated api user (Passed after 1s 115ms)&#xD;
  STEP 3/7: AND Дана клиентская конфигурация мвидео...&#xD;
  STEP 3/7: AND Дана клиентская конфигурация мвидео (Passed after 3ms)&#xD;
  STEP 4/7: AND Даны роли...&#xD;
  STEP 4/7: AND Даны роли (Passed after 62ms)&#xD;
  STEP 5/7: WHEN Когда приходит запрос от сап...&#xD;
  STEP 5/7: WHEN Когда приходит запрос от сап (Passed after 1m 23s)&#xD;
  STEP 6/7: THEN Проверить что у пользователя роль Директор Магазина и есть права на несколько орг единиц [userName: "дм_user_multi"] [expectedOrgUnitsIds: "multi_1, multi_2"]...&#xD;
  STEP 6/7: THEN Проверить что у пользователя роль Директор Магазина и есть права на несколько орг единиц [userName: "дм_user_multi"] [expectedOrgUnitsIds: "multi_1, multi_2"] (Passed after 97ms)&#xD;
  STEP 7/7: AND Проверить что у пользователя роль Директор Магазина и есть права на несколько орг единиц [userName: "дм_user_mixed"] [expectedOrgUnitsIds: "mixed_shop, mixed_office"]...&#xD;
  STEP 7/7: AND Проверить что у пользователя роль Директор Магазина и есть права на несколько орг единиц [userName: "дм_user_mixed"] [expectedOrgUnitsIds: "mixed_shop, mixed_office"] (Passed after 2ms)&#xD;
  SCENARIO RESULT: Passed after 1m 25s</StdOut>
      </Output>
    </UnitTestResult>
    <UnitTestResult executionId="803763ad-421f-4309-b991-43d896e63387" testId="019b787c-88b2-9680-3a7b-9251d2235f77" testName="Skillaz.Tests.CompanySpecific.X5.Naumen.NaumenSlaTests.Sla_calculates_correctly_for_next_day(candidateTimeZone: 11, sla: 02:00:00, startDate: 2019-12-31T23:00:00.0000000Z, truth: [NaumenTimeRange { From = &quot;2020-01-01 07:00:00&quot;, To = &quot;2020-01-01 09:00:00&quot; }])" computerName="DESKTOP-F6SKA47" duration="00:00:00.0000578" startTime="2021-12-16T16:16:29.3626292+03:00" endTime="2021-12-16T16:16:29.3626296+03:00" testType="13cdc9d9-ddb5-4fa4-a97d-d965ccfc6d4b" outcome="Passed" testListId="8c84fa94-04c1-424b-9868-57a2d4851a1d" relativeResultsDirectory="803763ad-421f-4309-b991-43d896e63387" />
    <UnitTestResult executionId="9e5492f2-3209-4056-8ae4-3ccf2744085b" testId="c6d4257b-46f1-b405-8b22-c0dd7c8649b1" testName="Skillaz.Tests.ProcessingRole.CandidateProcessingRoleControllerCandidateProcessingRoleController_feature.AddUserProcessingRole" computerName="DESKTOP-F6SKA47" duration="00:00:04.8426222" startTime="2021-12-16T16:26:38.2559420+03:00" endTime="2021-12-16T16:26:38.2559457+03:00" testType="13cdc9d9-ddb5-4fa4-a97d-d965ccfc6d4b" outcome="Passed" testListId="8c84fa94-04c1-424b-9868-57a2d4851a1d" relativeResultsDirectory="9e5492f2-3209-4056-8ae4-3ccf2744085b">
      <Output>
        <StdOut>SCENARIO: AddUserProcessingRole&#xD;
  STEP 1/9: GIVEN a company...&#xD;
  STEP 1/9: GIVEN a company (Passed after 305ms)&#xD;
  STEP 2/9: AND the authenticated user...&#xD;
  STEP 2/9: AND the authenticated user (Passed after 748ms)&#xD;
  STEP 3/9: AND a funnel...&#xD;
  STEP 3/9: AND a funnel (Passed after 379ms)&#xD;
  STEP 4/9: AND a candidate...&#xD;
  STEP 4/9: AND a candidate (Passed after 235ms)&#xD;
  STEP 5/9: AND a ProcessingRole...&#xD;
  STEP 5/9: AND a ProcessingRole (Passed after 3ms)&#xD;
  STEP 6/9: AND a user...&#xD;
  STEP 6/9: AND a user (Passed after 166ms)&#xD;
  STEP 7/9: WHEN AddUserProcessingRoleUser1...&#xD;
  STEP 7/9: WHEN AddUserProcessingRoleUser1 (Passed after 1s 883ms)&#xD;
  STEP 8/9: AND AddUserProcessingRoleUser3...&#xD;
  STEP 8/9: AND AddUserProcessingRoleUser3 (Passed after 198ms)&#xD;
  STEP 9/9: THEN Candidate add ProcessingRolesUser...&#xD;
  STEP 9/9: THEN Candidate add ProcessingRolesUser (Passed after 278ms)&#xD;
  SCENARIO RESULT: Passed after 4s 203ms</StdOut>
      </Output>
    </UnitTestResult>
    <UnitTestResult executionId="f31057fa-1d8b-45b8-945f-46f5602859fd" testId="caa9431c-7e34-d7db-4c76-4ebd22a524ef" testName="Skillaz.Tests.Vacancy.VacancyWebHooks_feature.VacancyCreated" computerName="DESKTOP-F6SKA47" duration="00:00:22.5091101" startTime="2021-12-16T16:17:26.7874291+03:00" endTime="2021-12-16T16:17:26.7874327+03:00" testType="13cdc9d9-ddb5-4fa4-a97d-d965ccfc6d4b" outcome="Passed" testListId="8c84fa94-04c1-424b-9868-57a2d4851a1d" relativeResultsDirectory="f31057fa-1d8b-45b8-945f-46f5602859fd">
      <Output>
        <StdOut>SCENARIO: VacancyCreated&#xD;
  STEP 1/5: GIVEN a company...&#xD;
  STEP 1/5: GIVEN a company (Passed after 114ms)&#xD;
  STEP 2/5: AND the authenticated user...&#xD;
  STEP 2/5: AND the authenticated user (Passed after 227ms)&#xD;
  STEP 3/5: AND a subscription...&#xD;
  STEP 3/5: AND a subscription (Passed after 107ms)&#xD;
  STEP 4/5: WHEN vacancy created...&#xD;
  STEP 4/5: WHEN vacancy created (Passed after 21s 571ms)&#xD;
  STEP 5/5: THEN hook should be sent acknowledged and received callback...&#xD;
  STEP 5/5: THEN hook should be sent acknowledged and received callback (Passed after 10ms)&#xD;
  SCENARIO RESULT: Passed after 22s 040ms</StdOut>
      </Output>
    </UnitTestResult>
    <UnitTestResult executionId="e5f60ea0-d50b-4a37-b4a3-322ae13e4e9a" testId="78dd46ef-5948-a267-7a80-c8d21ba0307b" testName="Skillaz.Tests.Candidate.Elastic.CandidateElasticFiltration_feature.Retrieving_a_candidate_by_existing_job_requisition_ids" computerName="DESKTOP-F6SKA47" duration="00:00:00.0010000" startTime="2021-12-16T16:24:39.9474854+03:00" endTime="2021-12-16T16:24:39.9474896+03:00" testType="13cdc9d9-ddb5-4fa4-a97d-d965ccfc6d4b" outcome="NotExecuted" testListId="8c84fa94-04c1-424b-9868-57a2d4851a1d" relativeResultsDirectory="e5f60ea0-d50b-4a37-b4a3-322ae13e4e9a">
      <Output>
        <StdOut>You need Elasticsearch 7.5 local instance on 9200 port</StdOut>
      </Output>
    </UnitTestResult>
    <UnitTestResult executionId="d2809cea-deef-4ae8-addc-8cb8d4683130" testId="929f8344-5792-bfe4-e9c2-9575e42d5208" testName="Для 1 и 2 числа перенос на 16 этого месяца, для 15 и 16 перенос на 2 следующего месяца(dateStrings: [&quot;2020-10-15&quot;, &quot;2020-10-16&quot;, &quot;2020-11-03&quot;])" computerName="DESKTOP-F6SKA47" duration="00:00:00.0653293" startTime="2021-12-16T16:16:29.5619902+03:00" endTime="2021-12-16T16:16:29.5619961+03:00" testType="13cdc9d9-ddb5-4fa4-a97d-d965ccfc6d4b" outcome="Passed" testListId="8c84fa94-04c1-424b-9868-57a2d4851a1d" relativeResultsDirectory="d2809cea-deef-4ae8-addc-8cb8d4683130" />
    <UnitTestResult executionId="29e5cad9-0306-4ce9-a6a6-75b2155680e4" testId="4286ea4f-16fb-d833-f3d1-250e71cbe4f0" testName="Skillaz.Tests.Helpers.TypeExtensionTests.GetItemTypeTest" computerName="DESKTOP-F6SKA47" duration="00:00:00.0194053" startTime="2021-12-16T16:16:28.7271652+03:00" endTime="2021-12-16T16:16:28.7271743+03:00" testType="13cdc9d9-ddb5-4fa4-a97d-d965ccfc6d4b" outcome="Passed" testListId="8c84fa94-04c1-424b-9868-57a2d4851a1d" relativeResultsDirectory="29e5cad9-0306-4ce9-a6a6-75b2155680e4" />
    <UnitTestResult executionId="4cb8ba6c-1ba6-4bc2-9644-5aa172d70a28" testId="695a69c9-264c-d1c5-2032-535ef4bf39f9" testName="Skillaz.Tests.CompanySpecific.X5.Naumen.NaumenSlaTests.Sla_calculates_correctly_for_split_days(candidateTimeZone: 2, sla: 03:00:00, startDate: 2019-12-31T16:30:00.0000000Z, truth: [NaumenTimeRange { From = &quot;2019-12-31 19:30:00&quot;, To = &quot;2019-12-31 21:00:00&quot; }, NaumenTimeRange { From = &quot;2020-01-01 10:00:00&quot;, To = &quot;2020-01-01 11:30:00&quot; }])" computerName="DESKTOP-F6SKA47" duration="00:00:00.0000931" startTime="2021-12-16T16:16:28.9133627+03:00" endTime="2021-12-16T16:16:28.9133638+03:00" testType="13cdc9d9-ddb5-4fa4-a97d-d965ccfc6d4b" outcome="Passed" testListId="8c84fa94-04c1-424b-9868-57a2d4851a1d" relativeResultsDirectory="4cb8ba6c-1ba6-4bc2-9644-5aa172d70a28" />
    <UnitTestResult executionId="c0376068-f40d-4188-99d7-3b378489c07b" testId="695a69c9-264c-d1c5-2032-535ef4bf39f9" testName="Skillaz.Tests.CompanySpecific.X5.Naumen.NaumenSlaTests.Sla_calculates_correctly_for_split_days(candidateTimeZone: 6, sla: 05:00:00, startDate: 2019-12-31T11:30:00.0000000Z, truth: [NaumenTimeRange { From = &quot;2019-12-31 14:30:00&quot;, To = &quot;2019-12-31 17:00:00&quot; }, NaumenTimeRange { From = &quot;2020-01-01 07:00:00&quot;, To = &quot;2020-01-01 09:30:00&quot; }])" computerName="DESKTOP-F6SKA47" duration="00:00:00.0000522" startTime="2021-12-16T16:16:29.0013200+03:00" endTime="2021-12-16T16:16:29.0013243+03:00" testType="13cdc9d9-ddb5-4fa4-a97d-d965ccfc6d4b" outcome="Passed" testListId="8c84fa94-04c1-424b-9868-57a2d4851a1d" relativeResultsDirectory="c0376068-f40d-4188-99d7-3b378489c07b" />
    <UnitTestResult executionId="20b8d501-419d-43f3-ada7-35a01240b064" testId="019b787c-88b2-9680-3a7b-9251d2235f77" testName="Skillaz.Tests.CompanySpecific.X5.Naumen.NaumenSlaTests.Sla_calculates_correctly_for_next_day(candidateTimeZone: 8, sla: 02:00:00, startDate: 2019-12-31T12:30:00.0000000Z, truth: [NaumenTimeRange { From = &quot;2020-01-01 07:00:00&quot;, To = &quot;2020-01-01 09:00:00&quot; }])" computerName="DESKTOP-F6SKA47" duration="00:00:00.0000331" startTime="2021-12-16T16:16:29.2921175+03:00" endTime="2021-12-16T16:16:29.2921179+03:00" testType="13cdc9d9-ddb5-4fa4-a97d-d965ccfc6d4b" outcome="Passed" testListId="8c84fa94-04c1-424b-9868-57a2d4851a1d" relativeResultsDirectory="20b8d501-419d-43f3-ada7-35a01240b064" />
    <UnitTestResult executionId="f16d4c44-021c-4836-a6b8-efcb7262da6d" testId="da5621f5-091a-cda6-7856-c4003bc4a02c" testName="Skillaz.Tests.Infra.GetNonRandomizedHashCode.Test(str: &quot;abc&quot;, hash: 536991770)" computerName="DESKTOP-F6SKA47" duration="00:00:00.0015077" startTime="2021-12-16T16:16:29.6057213+03:00" endTime="2021-12-16T16:16:29.6057216+03:00" testType="13cdc9d9-ddb5-4fa4-a97d-d965ccfc6d4b" outcome="Passed" testListId="8c84fa94-04c1-424b-9868-57a2d4851a1d" relativeResultsDirectory="f16d4c44-021c-4836-a6b8-efcb7262da6d" />
    <UnitTestResult executionId="55a9113e-56ba-43e8-bcb8-d07cf49aadc4" testId="695a69c9-264c-d1c5-2032-535ef4bf39f9" testName="Skillaz.Tests.CompanySpecific.X5.Naumen.NaumenSlaTests.Sla_calculates_correctly_for_split_days(candidateTimeZone: 7, sla: 01:00:00, startDate: 2019-12-31T12:30:00.0000000Z, truth: [NaumenTimeRange { From = &quot;2019-12-31 15:30:00&quot;, To = &quot;2019-12-31 16:00:00&quot; }, NaumenTimeRange { From = &quot;2020-01-01 07:00:00&quot;, To = &quot;2020-01-01 07:30:00&quot; }])" computerName="DESKTOP-F6SKA47" duration="00:00:00.0001113" startTime="2021-12-16T16:16:29.0020152+03:00" endTime="2021-12-16T16:16:29.0020169+03:00" testType="13cdc9d9-ddb5-4fa4-a97d-d965ccfc6d4b" outcome="Passed" testListId="8c84fa94-04c1-424b-9868-57a2d4851a1d" relativeResultsDirectory="55a9113e-56ba-43e8-bcb8-d07cf49aadc4" />
    <UnitTestResult executionId="32692969-c1f2-448c-8a5a-a448e8f7e843" testId="019b787c-88b2-9680-3a7b-9251d2235f77" testName="Skillaz.Tests.CompanySpecific.X5.Naumen.NaumenSlaTests.Sla_calculates_correctly_for_next_day(candidateTimeZone: 2, sla: 02:00:00, startDate: 2020-01-01T07:00:00.0000000Z, truth: [NaumenTimeRange { From = &quot;2020-01-01 10:00:00&quot;, To = &quot;2020-01-01 12:00:00&quot; }])" computerName="DESKTOP-F6SKA47" duration="00:00:00.0000344" startTime="2021-12-16T16:16:29.0737847+03:00" endTime="2021-12-16T16:16:29.0737851+03:00" testType="13cdc9d9-ddb5-4fa4-a97d-d965ccfc6d4b" outcome="Passed" testListId="8c84fa94-04c1-424b-9868-57a2d4851a1d" relativeResultsDirectory="32692969-c1f2-448c-8a5a-a448e8f7e843" />
    <UnitTestResult executionId="934edbcf-d4ea-46d2-8405-ed96cc2f1a61" testId="940dbe04-8a6c-9c99-4dec-da0063975efc" testName="Skillaz.Tests.Authorization.SetUserPasswordCommand_feature.Try_to_set_a_strong_password_must_throw" computerName="DESKTOP-F6SKA47" duration="00:00:02.9094990" startTime="2021-12-16T16:21:58.9140062+03:00" endTime="2021-12-16T16:21:58.9140145+03:00" testType="13cdc9d9-ddb5-4fa4-a97d-d965ccfc6d4b" outcome="Passed" testListId="8c84fa94-04c1-424b-9868-57a2d4851a1d" relativeResultsDirectory="934edbcf-d4ea-46d2-8405-ed96cc2f1a61">
      <Output>
        <StdOut>SCENARIO: Try to set a strong password must throw&#xD;
  STEP 1/4: GIVEN a company...&#xD;
  STEP 1/4: GIVEN a company (Passed after 500ms)&#xD;
  STEP 2/4: AND a user...&#xD;
  STEP 2/4: AND a user (Passed after 1s 378ms)&#xD;
  STEP 3/4: WHEN setting a strong password...&#xD;
  STEP 3/4: WHEN setting a strong password (Passed after 870ms)&#xD;
  STEP 4/4: THEN ensure user have new password set...&#xD;
  STEP 4/4: THEN ensure user have new password set (Passed after &lt;1ms)&#xD;
  SCENARIO RESULT: Passed after 2s 752ms</StdOut>
      </Output>
    </UnitTestResult>
    <UnitTestResult executionId="7b919625-f2a1-40c4-9766-dd7c1009a154" testId="019b787c-88b2-9680-3a7b-9251d2235f77" testName="Skillaz.Tests.CompanySpecific.X5.Naumen.NaumenSlaTests.Sla_calculates_correctly_for_next_day(candidateTimeZone: 8, sla: 02:00:00, startDate: 2019-12-31T17:30:00.0000000Z, truth: [NaumenTimeRange { From = &quot;2020-01-01 07:00:00&quot;, To = &quot;2020-01-01 09:00:00&quot; }])" computerName="DESKTOP-F6SKA47" duration="00:00:00.0000358" startTime="2021-12-16T16:16:29.2951438+03:00" endTime="2021-12-16T16:16:29.2970650+03:00" testType="13cdc9d9-ddb5-4fa4-a97d-d965ccfc6d4b" outcome="Passed" testListId="8c84fa94-04c1-424b-9868-57a2d4851a1d" relativeResultsDirectory="7b919625-f2a1-40c4-9766-dd7c1009a154" />
    <UnitTestResult executionId="d34b3dd0-e814-48dd-914a-7623ef4f6b5b" testId="6622c7e9-f3ef-2f75-dde5-5e627dbe695f" testName="Skillaz.Tests.SupportChats.SupportChats_feature.Reply_to_client" computerName="DESKTOP-F6SKA47" duration="00:00:10.7272659" startTime="2021-12-16T16:23:57.9360992+03:00" endTime="2021-12-16T16:23:57.9361022+03:00" testType="13cdc9d9-ddb5-4fa4-a97d-d965ccfc6d4b" outcome="Passed" testListId="8c84fa94-04c1-424b-9868-57a2d4851a1d" relativeResultsDirectory="d34b3dd0-e814-48dd-914a-7623ef4f6b5b">
      <Output>
        <StdOut>SCENARIO: Reply to client&#xD;
  STEP 1/6: GIVEN a company...&#xD;
  STEP 1/6: GIVEN a company (Passed after 614ms)&#xD;
  STEP 2/6: AND the authenticated admin user...&#xD;
  STEP 2/6: AND the authenticated admin user (Passed after 849ms)&#xD;
  STEP 3/6: AND a user agent...&#xD;
  STEP 3/6: AND a user agent (Passed after 419ms)&#xD;
  STEP 4/6: AND an active chat...&#xD;
  STEP 4/6: AND an active chat (Passed after 643ms)&#xD;
  STEP 5/6: WHEN user replies...&#xD;
  STEP 5/6: WHEN user replies (Passed after 4s 963ms)&#xD;
  STEP 6/6: THEN chat has agent message...&#xD;
  STEP 6/6: THEN chat has agent message (Passed after 371ms)&#xD;
  SCENARIO RESULT: Passed after 7s 953ms</StdOut>
      </Output>
    </UnitTestResult>
    <UnitTestResult executionId="aadb7413-709d-470f-b4c5-db795e533ed8" testId="e8b162a2-59c1-4ac2-ba5d-d9e584becd45" testName="Skillaz.Tests.Integrations.MicroFrontends.GettingMicroFrontends_feature.GettingMicroFrontends" computerName="DESKTOP-F6SKA47" duration="00:00:14.2498607" startTime="2021-12-16T16:17:41.5874032+03:00" endTime="2021-12-16T16:17:41.5874106+03:00" testType="13cdc9d9-ddb5-4fa4-a97d-d965ccfc6d4b" outcome="Passed" testListId="8c84fa94-04c1-424b-9868-57a2d4851a1d" relativeResultsDirectory="aadb7413-709d-470f-b4c5-db795e533ed8">
      <Output>
        <StdOut>SCENARIO: GettingMicroFrontends&#xD;
  STEP 1/5: GIVEN a company...&#xD;
  STEP 1/5: GIVEN a company (Passed after 149ms)&#xD;
  STEP 2/5: AND the authenticated admin user...&#xD;
  STEP 2/5: AND the authenticated admin user (Passed after 200ms)&#xD;
  STEP 3/5: AND a micro frontend...&#xD;
  STEP 3/5: AND a micro frontend (Passed after 1s 712ms)&#xD;
  STEP 4/5: WHEN client requests micro frontends...&#xD;
  STEP 4/5: WHEN client requests micro frontends (Passed after 11s 060ms)&#xD;
  STEP 5/5: THEN they should retrieve...&#xD;
  STEP 5/5: THEN they should retrieve (Passed after 3ms)&#xD;
  SCENARIO RESULT: Passed after 13s 872ms</StdOut>
      </Output>
    </UnitTestResult>
    <UnitTestResult executionId="d1f3aff9-652d-4351-b7cd-d867e5f1344d" testId="9ff2badf-89d5-aaad-3fc6-480af6f3c393" testName="Skillaz.Tests.Candidate.Elastic.CandidateElasticFiltration_feature.Retrieving_a_candidate_by_nonexistent_org_unit_ids" computerName="DESKTOP-F6SKA47" duration="00:00:00.0010000" startTime="2021-12-16T16:24:40.1930828+03:00" endTime="2021-12-16T16:24:40.1930879+03:00" testType="13cdc9d9-ddb5-4fa4-a97d-d965ccfc6d4b" outcome="NotExecuted" testListId="8c84fa94-04c1-424b-9868-57a2d4851a1d" relativeResultsDirectory="d1f3aff9-652d-4351-b7cd-d867e5f1344d">
      <Output>
        <StdOut>You need Elasticsearch 7.5 local instance on 9200 port</StdOut>
      </Output>
    </UnitTestResult>
    <UnitTestResult executionId="867d0afe-a735-4b1b-a673-46f4d1a19415" testId="3b1a27c7-1160-4cdb-556f-3aed9fa2c08f" testName="Skillaz.Tests.Authorization.AuthLoginWorkflowService_Login_feature.Do_incorrect_login_by_username_ensure_wrong_credentials_exceptions_throws" computerName="DESKTOP-F6SKA47" duration="00:00:01.6201012" startTime="2021-12-16T16:22:32.4670990+03:00" endTime="2021-12-16T16:22:32.4671016+03:00" testType="13cdc9d9-ddb5-4fa4-a97d-d965ccfc6d4b" outcome="Passed" testListId="8c84fa94-04c1-424b-9868-57a2d4851a1d" relativeResultsDirectory="867d0afe-a735-4b1b-a673-46f4d1a19415">
      <Output>
        <StdOut>SCENARIO: Do incorrect login by username ensure wrong credentials exceptions throws&#xD;
  STEP 1/4: GIVEN a company...&#xD;
  STEP 1/4: GIVEN a company (Passed after 286ms)&#xD;
  STEP 2/4: AND a user...&#xD;
  STEP 2/4: AND a user (Passed after 396ms)&#xD;
  STEP 3/4: WHEN doing a failing login "v.pupkin" attempt...&#xD;
  STEP 3/4: WHEN doing a failing login "v.pupkin" attempt (Passed after 357ms)&#xD;
  STEP 4/4: THEN ensure it is wrong credentials exception...&#xD;
  STEP 4/4: THEN ensure it is wrong credentials exception (Passed after &lt;1ms)&#xD;
  SCENARIO RESULT: Passed after 1s 058ms</StdOut>
      </Output>
    </UnitTestResult>
    <UnitTestResult executionId="01b8b3f4-52bd-414d-80b8-1a8191fa0bc6" testId="ef983b8a-070b-5c2a-c4b0-8b76b9d281b9" testName="Skillaz.Tests.Helpers.WorkingDaysHelperFeature.FindProductionDates(dateStrings: [&quot;2020-09-01&quot;, &quot;2020-09-02&quot;, &quot;2020-09-15&quot;, &quot;2020-09-16&quot;, &quot;2020-09-01&quot;, ...])" computerName="DESKTOP-F6SKA47" duration="00:00:00.0232581" startTime="2021-12-16T16:16:29.3835309+03:00" endTime="2021-12-16T16:16:29.3835315+03:00" testType="13cdc9d9-ddb5-4fa4-a97d-d965ccfc6d4b" outcome="Passed" testListId="8c84fa94-04c1-424b-9868-57a2d4851a1d" relativeResultsDirectory="01b8b3f4-52bd-414d-80b8-1a8191fa0bc6" />
    <UnitTestResult executionId="3d2f46e8-f0d3-4116-923d-c4786757faa3" testId="c5dc9cc5-710d-75f2-e53e-26f70b8a1131" testName="Skillaz.Tests.Assessment.Interviews.AddressInterview_feature.Setting_a_answer_of_interview" computerName="DESKTOP-F6SKA47" duration="00:00:21.1333615" startTime="2021-12-16T16:29:09.7804340+03:00" endTime="2021-12-16T16:29:09.7804417+03:00" testType="13cdc9d9-ddb5-4fa4-a97d-d965ccfc6d4b" outcome="Passed" testListId="8c84fa94-04c1-424b-9868-57a2d4851a1d" relativeResultsDirectory="3d2f46e8-f0d3-4116-923d-c4786757faa3">
      <Output>
        <StdOut>SCENARIO: Setting a answer of interview&#xD;
  STEP 1/4: GIVEN a company...&#xD;
  STEP 1/4: GIVEN a company (Passed after 563ms)&#xD;
  STEP 2/4: AND the interview...&#xD;
  STEP 2/4: AND the interview (Passed after 7s 349ms)&#xD;
  STEP 3/4: WHEN answer of interview is set...&#xD;
  STEP 3/4: WHEN answer of interview is set (Passed after 11s 454ms)&#xD;
  STEP 4/4: Set answer result should be retrieved...&#xD;
  STEP 4/4: Set answer result should be retrieved (Passed after &lt;1ms)&#xD;
  SCENARIO RESULT: Passed after 19s 369ms</StdOut>
      </Output>
    </UnitTestResult>
    <UnitTestResult executionId="872d5431-5c8f-40e4-bf54-2ebfb511b925" testId="0f6f8c80-604c-ad79-a57b-471713f95022" testName="Skillaz.Tests.CompanySpecific.Mvideo.MvideoOpenApiBatchRequest_feature.Обновляет_пользователей_директоров_и_очищает_им_права_когда_из_сап_приходит_пользователь_без_прав" computerName="DESKTOP-F6SKA47" duration="00:01:38.4040626" startTime="2021-12-16T16:21:50.9336702+03:00" endTime="2021-12-16T16:21:50.9336721+03:00" testType="13cdc9d9-ddb5-4fa4-a97d-d965ccfc6d4b" outcome="Passed" testListId="8c84fa94-04c1-424b-9868-57a2d4851a1d" relativeResultsDirectory="872d5431-5c8f-40e4-bf54-2ebfb511b925">
      <Output>
        <StdOut>SCENARIO: Обновляет пользователей директоров и очищает им права когда из сап приходит пользователь без прав&#xD;
  STEP 1/9: GIVEN a company...&#xD;
  STEP 1/9: GIVEN a company (Passed after 705ms)&#xD;
  STEP 2/9: AND the authenticated api user...&#xD;
  STEP 2/9: AND the authenticated api user (Passed after 2s 280ms)&#xD;
  STEP 3/9: AND Дана клиентская конфигурация мвидео...&#xD;
  STEP 3/9: AND Дана клиентская конфигурация мвидео (Passed after &lt;1ms)&#xD;
  STEP 4/9: AND Даны роли...&#xD;
  STEP 4/9: AND Даны роли (Passed after 123ms)&#xD;
  STEP 5/9: AND Даны пользователи с правами на орг единицы...&#xD;
  STEP 5/9: AND Даны пользователи с правами на орг единицы (Passed after 16ms)&#xD;
  STEP 6/9: AND Даны орг единицы...&#xD;
  STEP 6/9: AND Даны орг единицы (Passed after 467ms)&#xD;
  STEP 7/9: WHEN Когда приходит запрос от сап...&#xD;
  STEP 7/9: WHEN Когда приходит запрос от сап (Passed after 1m 32s)&#xD;
  STEP 8/9: THEN Проверить что права пользователя обнулились...&#xD;
  STEP 8/9: THEN Проверить что права пользователя обнулились (Passed after 51ms)&#xD;
  STEP 9/9: AND Проверить что права пользователя обнулились а роль WIP...&#xD;
  STEP 9/9: AND Проверить что права пользователя обнулились а роль WIP (Passed after 75ms)&#xD;
  SCENARIO RESULT: Passed after 1m 36s</StdOut>
      </Output>
    </UnitTestResult>
    <UnitTestResult executionId="dda6e566-5439-4fe7-95f9-37172b391288" testId="e2644425-cd59-caaf-5fa7-5e982a400618" testName="Skillaz.Tests.Candidate.FromForm.CreateFromForm_feature.Candidate_update_first_source" computerName="DESKTOP-F6SKA47" duration="00:00:15.8769150" startTime="2021-12-16T16:27:06.1888188+03:00" endTime="2021-12-16T16:27:06.1888208+03:00" testType="13cdc9d9-ddb5-4fa4-a97d-d965ccfc6d4b" outcome="Passed" testListId="8c84fa94-04c1-424b-9868-57a2d4851a1d" relativeResultsDirectory="dda6e566-5439-4fe7-95f9-37172b391288">
      <Output>
        <StdOut>SCENARIO: Candidate update first source&#xD;
  STEP 1/9: GIVEN a company...&#xD;
  STEP 1/9: GIVEN a company (Passed after 131ms)&#xD;
  STEP 2/9: AND the authenticated user...&#xD;
  STEP 2/9: AND the authenticated user (Passed after 516ms)&#xD;
  STEP 3/9: AND the vacancy in the company...&#xD;
  STEP 3/9: AND the vacancy in the company (Passed after 213ms)&#xD;
  STEP 4/9: AND client configuration with mapped candidate form...&#xD;
  STEP 4/9: AND client configuration with mapped candidate form (Passed after 1s 643ms)&#xD;
  STEP 5/9: AND the main company sources...&#xD;
  STEP 5/9: AND the main company sources (Passed after 8s 873ms)&#xD;
  STEP 6/9: AND a candidate...&#xD;
  STEP 6/9: AND a candidate (Passed after 166ms)&#xD;
  STEP 7/9: AND the update candidate request change source without source type...&#xD;
  STEP 7/9: AND the update candidate request change source without source type (Passed after 55ms)&#xD;
  STEP 8/9: WHEN update candidate...&#xD;
  STEP 8/9: WHEN update candidate (Passed after 3s 555ms)&#xD;
  STEP 9/9: THEN candidate first source updated to new value...&#xD;
  STEP 9/9: THEN candidate first source updated to new value (Passed after 102ms)&#xD;
  SCENARIO RESULT: Passed after 15s 269ms</StdOut>
      </Output>
    </UnitTestResult>
    <UnitTestResult executionId="27c8ee5f-a319-4509-9f03-0b3f6025eccc" testId="39bbe88c-a5a1-69b6-0e18-a75bb02edd6c" testName="Skillaz.Tests.CompanySpecific.X5.Naumen.NaumenSlaTests.Sla_calculates_correctly_within_one_day(candidateTimeZone: 2, sla: 01:00:00, startDate: 2019-12-31T17:00:00.0000000Z, truth: [NaumenTimeRange { From = &quot;2019-12-31 20:00:00&quot;, To = &quot;2019-12-31 21:00:00&quot; }])" computerName="DESKTOP-F6SKA47" duration="00:00:00.0250943" startTime="2021-12-16T16:16:28.8916867+03:00" endTime="2021-12-16T16:16:28.8916885+03:00" testType="13cdc9d9-ddb5-4fa4-a97d-d965ccfc6d4b" outcome="Passed" testListId="8c84fa94-04c1-424b-9868-57a2d4851a1d" relativeResultsDirectory="27c8ee5f-a319-4509-9f03-0b3f6025eccc" />
    <UnitTestResult executionId="63ea39ee-ed16-493f-933d-8f5526608f10" testId="695a69c9-264c-d1c5-2032-535ef4bf39f9" testName="Skillaz.Tests.CompanySpecific.X5.Naumen.NaumenSlaTests.Sla_calculates_correctly_for_split_days(candidateTimeZone: 8, sla: 06:00:00, startDate: 2019-12-31T09:00:00.0000000Z, truth: [NaumenTimeRange { From = &quot;2019-12-31 12:00:00&quot;, To = &quot;2019-12-31 15:00:00&quot; }, NaumenTimeRange { From = &quot;2020-01-01 07:00:00&quot;, To = &quot;2020-01-01 10:00:00&quot; }])" computerName="DESKTOP-F6SKA47" duration="00:00:00.0000424" startTime="2021-12-16T16:16:29.0113637+03:00" endTime="2021-12-16T16:16:29.0113644+03:00" testType="13cdc9d9-ddb5-4fa4-a97d-d965ccfc6d4b" outcome="Passed" testListId="8c84fa94-04c1-424b-9868-57a2d4851a1d" relativeResultsDirectory="63ea39ee-ed16-493f-933d-8f5526608f10" />
    <UnitTestResult executionId="29561f31-5f25-49eb-adae-bd47e4987f3d" testId="695a69c9-264c-d1c5-2032-535ef4bf39f9" testName="Skillaz.Tests.CompanySpecific.X5.Naumen.NaumenSlaTests.Sla_calculates_correctly_for_split_days(candidateTimeZone: 3, sla: 10:00:00, startDate: 2019-12-31T12:00:00.0000000Z, truth: [NaumenTimeRange { From = &quot;2019-12-31 15:00:00&quot;, To = &quot;2019-12-31 20:00:00&quot; }, NaumenTimeRange { From = &quot;2020-01-01 09:00:00&quot;, To = &quot;2020-01-01 14:00:00&quot; }])" computerName="DESKTOP-F6SKA47" duration="00:00:00.0000626" startTime="2021-12-16T16:16:28.9753907+03:00" endTime="2021-12-16T16:16:28.9753914+03:00" testType="13cdc9d9-ddb5-4fa4-a97d-d965ccfc6d4b" outcome="Passed" testListId="8c84fa94-04c1-424b-9868-57a2d4851a1d" relativeResultsDirectory="29561f31-5f25-49eb-adae-bd47e4987f3d" />
    <UnitTestResult executionId="7d8bb305-cdd0-4ff3-922a-25f1b4fa9482" testId="019b787c-88b2-9680-3a7b-9251d2235f77" testName="Skillaz.Tests.CompanySpecific.X5.Naumen.NaumenSlaTests.Sla_calculates_correctly_for_next_day(candidateTimeZone: 10, sla: 02:00:00, startDate: 2019-12-31T22:00:00.0000000Z, truth: [NaumenTimeRange { From = &quot;2020-01-01 07:00:00&quot;, To = &quot;2020-01-01 09:00:00&quot; }])" computerName="DESKTOP-F6SKA47" duration="00:00:00.0000299" startTime="2021-12-16T16:16:29.3363877+03:00" endTime="2021-12-16T16:16:29.3363881+03:00" testType="13cdc9d9-ddb5-4fa4-a97d-d965ccfc6d4b" outcome="Passed" testListId="8c84fa94-04c1-424b-9868-57a2d4851a1d" relativeResultsDirectory="7d8bb305-cdd0-4ff3-922a-25f1b4fa9482" />
    <UnitTestResult executionId="df0a831f-4351-45cb-9d2a-60626c08c8e4" testId="695a69c9-264c-d1c5-2032-535ef4bf39f9" testName="Skillaz.Tests.CompanySpecific.X5.Naumen.NaumenSlaTests.Sla_calculates_correctly_for_split_days(candidateTimeZone: 9, sla: 01:00:00, startDate: 2019-12-31T10:30:00.0000000Z, truth: [NaumenTimeRange { From = &quot;2019-12-31 13:30:00&quot;, To = &quot;2019-12-31 14:00:00&quot; }, NaumenTimeRange { From = &quot;2020-01-01 07:00:00&quot;, To = &quot;2020-01-01 07:30:00&quot; }])" computerName="DESKTOP-F6SKA47" duration="00:00:00.0000562" startTime="2021-12-16T16:16:29.0120180+03:00" endTime="2021-12-16T16:16:29.0120189+03:00" testType="13cdc9d9-ddb5-4fa4-a97d-d965ccfc6d4b" outcome="Passed" testListId="8c84fa94-04c1-424b-9868-57a2d4851a1d" relativeResultsDirectory="df0a831f-4351-45cb-9d2a-60626c08c8e4" />
    <UnitTestResult executionId="32214b7f-51ec-4259-bbd4-5e194fc234d5" testId="019b787c-88b2-9680-3a7b-9251d2235f77" testName="Skillaz.Tests.CompanySpecific.X5.Naumen.NaumenSlaTests.Sla_calculates_correctly_for_next_day(candidateTimeZone: 4, sla: 02:00:00, startDate: 2020-01-01T00:30:00.0000000Z, truth: [NaumenTimeRange { From = &quot;2020-01-01 08:00:00&quot;, To = &quot;2020-01-01 10:00:00&quot; }])" computerName="DESKTOP-F6SKA47" duration="00:00:00.0000401" startTime="2021-12-16T16:16:29.0935993+03:00" endTime="2021-12-16T16:16:29.0936002+03:00" testType="13cdc9d9-ddb5-4fa4-a97d-d965ccfc6d4b" outcome="Passed" testListId="8c84fa94-04c1-424b-9868-57a2d4851a1d" relativeResultsDirectory="32214b7f-51ec-4259-bbd4-5e194fc234d5" />
    <UnitTestResult executionId="c5f47954-9dd8-4318-aff5-3f9734bf699f" testId="f9119166-4488-aadf-fbc5-d27e0fef8ba8" testName="Skillaz.Tests.Assessment.Scenario_with_check_feature.Interview_without_steps_with_check" computerName="DESKTOP-F6SKA47" duration="00:00:12.4511269" startTime="2021-12-16T16:26:50.0730591+03:00" endTime="2021-12-16T16:26:50.0730598+03:00" testType="13cdc9d9-ddb5-4fa4-a97d-d965ccfc6d4b" outcome="Passed" testListId="8c84fa94-04c1-424b-9868-57a2d4851a1d" relativeResultsDirectory="c5f47954-9dd8-4318-aff5-3f9734bf699f">
      <Output>
        <StdOut>SCENARIO: Interview without steps with check&#xD;
  STEP 1/10: GIVEN a company...&#xD;
  STEP 1/10: GIVEN a company (Passed after 192ms)&#xD;
  STEP 2/10: AND the authenticated user...&#xD;
  STEP 2/10: AND the authenticated user (Passed after 337ms)&#xD;
  STEP 3/10: AND a funnel...&#xD;
  STEP 3/10: AND a funnel (Passed after 176ms)&#xD;
  STEP 4/10: AND the vacancy in the company [funnelId: "TestCandidateChecksFunnel"]...&#xD;
  STEP 4/10: AND the vacancy in the company [funnelId: "TestCandidateChecksFunnel"] (Passed after 192ms)&#xD;
  STEP 5/10: AND client configuration with checks workflow and model...&#xD;
  STEP 5/10: AND client configuration with checks workflow and model (Passed after 1s 543ms)&#xD;
  STEP 6/10: AND a scenario without steps and check...&#xD;
  STEP 6/10: AND a scenario without steps and check (Passed after 321ms)&#xD;
  STEP 7/10: AND a candidate...&#xD;
  STEP 7/10: AND a candidate (Passed after 298ms)&#xD;
  STEP 8/10: WHEN change candidate status with single check...&#xD;
  STEP 8/10: WHEN change candidate status with single check (Passed after 8s 156ms)&#xD;
  STEP 9/10: THEN interview exists...&#xD;
  STEP 9/10: THEN interview exists (Passed after 322ms)&#xD;
  STEP 10/10: AND interview has action hub id...&#xD;
  STEP 10/10: AND interview has action hub id (Passed after 67ms)&#xD;
  SCENARIO RESULT: Passed after 11s 634ms</StdOut>
      </Output>
    </UnitTestResult>
    <UnitTestResult executionId="0c80e89f-44cc-480d-9dff-0cbec808e7fc" testId="019b787c-88b2-9680-3a7b-9251d2235f77" testName="Skillaz.Tests.CompanySpecific.X5.Naumen.NaumenSlaTests.Sla_calculates_correctly_for_next_day(candidateTimeZone: 3, sla: 02:00:00, startDate: 2020-01-01T05:00:00.0000000Z, truth: [NaumenTimeRange { From = &quot;2020-01-01 09:00:00&quot;, To = &quot;2020-01-01 11:00:00&quot; }])" computerName="DESKTOP-F6SKA47" duration="00:00:00.0001068" startTime="2021-12-16T16:16:29.0810859+03:00" endTime="2021-12-16T16:16:29.0810862+03:00" testType="13cdc9d9-ddb5-4fa4-a97d-d965ccfc6d4b" outcome="Passed" testListId="8c84fa94-04c1-424b-9868-57a2d4851a1d" relativeResultsDirectory="0c80e89f-44cc-480d-9dff-0cbec808e7fc" />
    <UnitTestResult executionId="5fd86a5f-d8f9-4475-a557-c7500818df33" testId="f72eb88d-09e5-f9c0-e02c-b7ea12f468a4" testName="Skillaz.Tests.DocumentModels.FieldValueComparerTests.IntegerComparison(firstValue: -101, secondValue: -101, result: True)" computerName="DESKTOP-F6SKA47" duration="00:00:00.0000340" startTime="2021-12-16T16:16:31.0565459+03:00" endTime="2021-12-16T16:16:31.0565471+03:00" testType="13cdc9d9-ddb5-4fa4-a97d-d965ccfc6d4b" outcome="Passed" testListId="8c84fa94-04c1-424b-9868-57a2d4851a1d" relativeResultsDirectory="5fd86a5f-d8f9-4475-a557-c7500818df33" />
    <UnitTestResult executionId="a1c0b0d6-f2ee-48c4-ad74-917d663c1906" testId="019b787c-88b2-9680-3a7b-9251d2235f77" testName="Skillaz.Tests.CompanySpecific.X5.Naumen.NaumenSlaTests.Sla_calculates_correctly_for_next_day(candidateTimeZone: 8, sla: 02:00:00, startDate: 2019-12-31T21:00:00.0000000Z, truth: [NaumenTimeRange { From = &quot;2020-01-01 07:00:00&quot;, To = &quot;2020-01-01 09:00:00&quot; }])" computerName="DESKTOP-F6SKA47" duration="00:00:00.0000448" startTime="2021-12-16T16:16:29.3019350+03:00" endTime="2021-12-16T16:16:29.3019384+03:00" testType="13cdc9d9-ddb5-4fa4-a97d-d965ccfc6d4b" outcome="Passed" testListId="8c84fa94-04c1-424b-9868-57a2d4851a1d" relativeResultsDirectory="a1c0b0d6-f2ee-48c4-ad74-917d663c1906" />
    <UnitTestResult executionId="38884738-d0fc-4e6c-873d-baf22a626167" testId="019b787c-88b2-9680-3a7b-9251d2235f77" testName="Skillaz.Tests.CompanySpecific.X5.Naumen.NaumenSlaTests.Sla_calculates_correctly_for_next_day(candidateTimeZone: 8, sla: 02:00:00, startDate: 2019-12-31T13:00:00.0000000Z, truth: [NaumenTimeRange { From = &quot;2020-01-01 07:00:00&quot;, To = &quot;2020-01-01 09:00:00&quot; }])" computerName="DESKTOP-F6SKA47" duration="00:00:00.0000337" startTime="2021-12-16T16:16:29.2921657+03:00" endTime="2021-12-16T16:16:29.2921661+03:00" testType="13cdc9d9-ddb5-4fa4-a97d-d965ccfc6d4b" outcome="Passed" testListId="8c84fa94-04c1-424b-9868-57a2d4851a1d" relativeResultsDirectory="38884738-d0fc-4e6c-873d-baf22a626167" />
    <UnitTestResult executionId="19ed201e-7960-4505-89ee-5a0267370941" testId="1d5507a2-9ac8-f52b-2d91-a505ca0a09cd" testName="Skillaz.Tests.CompanySpecific.Rosatom.RosatomCandidateWorkflowTriggers_feature.Job_offer_state_changed(toCandidateStatusId: &quot;JobOfferOnCandidateApproval&quot;, triggerType: typeof(Skillaz.ClientConfiguration.Rosatom.WorkflowTriggers.CandidateStatusChangeToJobOfferOnCandidateApproval))" computerName="DESKTOP-F6SKA47" duration="00:00:18.6133545" startTime="2021-12-16T16:26:33.2907397+03:00" endTime="2021-12-16T16:26:33.2907431+03:00" testType="13cdc9d9-ddb5-4fa4-a97d-d965ccfc6d4b" outcome="Passed" testListId="8c84fa94-04c1-424b-9868-57a2d4851a1d" relativeResultsDirectory="19ed201e-7960-4505-89ee-5a0267370941">
      <Output>
        <StdOut>SCENARIO: Job offer state changed [toCandidateStatusId: "JobOfferOnCandidateApproval"] [triggerType: "Skillaz.ClientConfiguration.Rosatom.WorkflowTriggers.CandidateStatusChangeToJobOfferOnCandidateApproval"]&#xD;
  STEP 1/10: GIVEN a company...&#xD;
  STEP 1/10: GIVEN a company (Passed after 86ms)&#xD;
  STEP 2/10: AND the authenticated user...&#xD;
  STEP 2/10: AND the authenticated user (Passed after 479ms)&#xD;
  STEP 3/10: AND a vacancy...&#xD;
  STEP 3/10: AND a vacancy (Passed after 171ms)&#xD;
  STEP 4/10: AND a model [fromJOStateId: "fromJOStateId"] [toJOStateId: "toJOStateId"] [fromCandidateStatusId: "fromCandidateStatusId"] [toCandidateStatusId: "JobOfferOnCandidateApproval"] [triggerType: "Skillaz.ClientConfiguration.Rosatom.WorkflowTriggers.CandidateStatusChangeToJobOfferOnCandidateApproval"]...&#xD;
  STEP 4/10: AND a model [fromJOStateId: "fromJOStateId"] [toJOStateId: "toJOStateId"] [fromCandidateStatusId: "fromCandidateStatusId"] [toCandidateStatusId: "JobOfferOnCandidateApproval"] [triggerType: "Skillaz.ClientConfiguration.Rosatom.WorkflowTriggers.CandidateStatusChangeToJobOfferOnCandidateApproval"] (Passed after 1s 840ms)&#xD;
  STEP 5/10: AND a candidate [currentStatusId: "fromCandidateStatusId"]...&#xD;
  STEP 5/10: AND a candidate [currentStatusId: "fromCandidateStatusId"] (Passed after 1s 033ms)&#xD;
  STEP 6/10: AND a job offer [currentJOStateId: "fromJOStateId"] [currentCandidateStatusId: "fromCandidateStatusId"]...&#xD;
  STEP 6/10: AND a job offer [currentJOStateId: "fromJOStateId"] [currentCandidateStatusId: "fromCandidateStatusId"] (Passed after 627ms)&#xD;
  STEP 7/10: WHEN job offer state changed [toJOStateId: "toJOStateId"]...&#xD;
  STEP 7/10: WHEN job offer state changed [toJOStateId: "toJOStateId"] (Passed after 9s 778ms)&#xD;
  STEP 8/10: THEN no exception is thrown...&#xD;
  STEP 8/10: THEN no exception is thrown (Passed after 3ms)&#xD;
  STEP 9/10: AND job offer in correct state [toJOStateId: "toJOStateId"]...&#xD;
  STEP 9/10: AND job offer in correct state [toJOStateId: "toJOStateId"] (Passed after 10ms)&#xD;
  STEP 10/10: AND candidate in correct status [toCandidateStatusId: "JobOfferOnCandidateApproval"]...&#xD;
  STEP 10/10: AND candidate in correct status [toCandidateStatusId: "JobOfferOnCandidateApproval"] (Passed after 390ms)&#xD;
  SCENARIO RESULT: Passed after 14s 569ms</StdOut>
      </Output>
    </UnitTestResult>
    <UnitTestResult executionId="b4eea969-6903-40ba-a348-c1594268215c" testId="019b787c-88b2-9680-3a7b-9251d2235f77" testName="Skillaz.Tests.CompanySpecific.X5.Naumen.NaumenSlaTests.Sla_calculates_correctly_for_next_day(candidateTimeZone: 8, sla: 02:00:00, startDate: 2019-12-31T12:00:00.0000000Z, truth: [NaumenTimeRange { From = &quot;2020-01-01 07:00:00&quot;, To = &quot;2020-01-01 09:00:00&quot; }])" computerName="DESKTOP-F6SKA47" duration="00:00:00.0000345" startTime="2021-12-16T16:16:29.2920687+03:00" endTime="2021-12-16T16:16:29.2920691+03:00" testType="13cdc9d9-ddb5-4fa4-a97d-d965ccfc6d4b" outcome="Passed" testListId="8c84fa94-04c1-424b-9868-57a2d4851a1d" relativeResultsDirectory="b4eea969-6903-40ba-a348-c1594268215c" />
    <UnitTestResult executionId="66736aaa-ad95-4be0-8786-c211d77c68cf" testId="39bbe88c-a5a1-69b6-0e18-a75bb02edd6c" testName="Skillaz.Tests.CompanySpecific.X5.Naumen.NaumenSlaTests.Sla_calculates_correctly_within_one_day(candidateTimeZone: 7, sla: 07:00:00, startDate: 2019-12-31T06:00:00.0000000Z, truth: [NaumenTimeRange { From = &quot;2019-12-31 09:00:00&quot;, To = &quot;2019-12-31 16:00:00&quot; }])" computerName="DESKTOP-F6SKA47" duration="00:00:00.0000584" startTime="2021-12-16T16:16:29.0174003+03:00" endTime="2021-12-16T16:16:29.0174012+03:00" testType="13cdc9d9-ddb5-4fa4-a97d-d965ccfc6d4b" outcome="Passed" testListId="8c84fa94-04c1-424b-9868-57a2d4851a1d" relativeResultsDirectory="66736aaa-ad95-4be0-8786-c211d77c68cf" />
    <UnitTestResult executionId="318c54b4-a317-4336-ba04-d0883ae8fc6c" testId="019b787c-88b2-9680-3a7b-9251d2235f77" testName="Skillaz.Tests.CompanySpecific.X5.Naumen.NaumenSlaTests.Sla_calculates_correctly_for_next_day(candidateTimeZone: 3, sla: 02:00:00, startDate: 2019-12-31T20:00:00.0000000Z, truth: [NaumenTimeRange { From = &quot;2020-01-01 09:00:00&quot;, To = &quot;2020-01-01 11:00:00&quot; }])" computerName="DESKTOP-F6SKA47" duration="00:00:00.0000413" startTime="2021-12-16T16:16:29.0741852+03:00" endTime="2021-12-16T16:16:29.0741857+03:00" testType="13cdc9d9-ddb5-4fa4-a97d-d965ccfc6d4b" outcome="Passed" testListId="8c84fa94-04c1-424b-9868-57a2d4851a1d" relativeResultsDirectory="318c54b4-a317-4336-ba04-d0883ae8fc6c" />
    <UnitTestResult executionId="80476b39-730e-4e10-a066-44d5ae1733f6" testId="ad1cadf5-0ce4-0d9e-b3e4-3e120444787e" testName="Skillaz.Tests.DocumentModels.FieldValueComparerTests.PrimitiveTypeArrayComparison" computerName="DESKTOP-F6SKA47" duration="00:00:00.0060972" startTime="2021-12-16T16:16:29.7606092+03:00" endTime="2021-12-16T16:16:29.7606112+03:00" testType="13cdc9d9-ddb5-4fa4-a97d-d965ccfc6d4b" outcome="Passed" testListId="8c84fa94-04c1-424b-9868-57a2d4851a1d" relativeResultsDirectory="80476b39-730e-4e10-a066-44d5ae1733f6" />
    <UnitTestResult executionId="61094f29-989a-4e4d-9a23-2dca468cd5e2" testId="1eb0f777-7aba-e451-3544-4de0fe3ed5aa" testName="Skillaz.Tests.CompanySpecific.X5.X5OpenApiHireNeedUpdate_feature.HireNeed_profile_should_be_set_on_create" computerName="DESKTOP-F6SKA47" duration="00:00:11.4935406" startTime="2021-12-16T16:26:24.6393370+03:00" endTime="2021-12-16T16:26:24.6393387+03:00" testType="13cdc9d9-ddb5-4fa4-a97d-d965ccfc6d4b" outcome="Passed" testListId="8c84fa94-04c1-424b-9868-57a2d4851a1d" relativeResultsDirectory="61094f29-989a-4e4d-9a23-2dca468cd5e2">
      <Output>
        <StdOut>SCENARIO: HireNeed profile should be set on create&#xD;
  STEP 1/6: GIVEN a company [companyId: "x5Company"]...&#xD;
  STEP 1/6: GIVEN a company [companyId: "x5Company"] (Passed after 220ms)&#xD;
  STEP 2/6: AND the authenticated api user...&#xD;
  STEP 2/6: AND the authenticated api user (Passed after 220ms)&#xD;
  STEP 3/6: AND Given OrgUnit [orgUnitDocument: "Skillaz.Candidate.Contract.OrgUnit.OrgUnitDocument"]...&#xD;
  STEP 3/6: AND Given OrgUnit [orgUnitDocument: "Skillaz.Candidate.Contract.OrgUnit.OrgUnitDocument"] (Passed after 332ms)&#xD;
  STEP 4/6: AND Given CandidateProfile...&#xD;
  STEP 4/6: AND Given CandidateProfile (Passed after 608ms)&#xD;
  STEP 5/6: WHEN When OpenApi HireNeedCreate Request is processed...&#xD;
  STEP 5/6: WHEN When OpenApi HireNeedCreate Request is processed (Passed after 9s 058ms)&#xD;
  STEP 6/6: THEN Then HireNeed Profile Should be set...&#xD;
  STEP 6/6: THEN Then HireNeed Profile Should be set (Passed after 551ms)&#xD;
  SCENARIO RESULT: Passed after 11s 023ms</StdOut>
      </Output>
    </UnitTestResult>
    <UnitTestResult executionId="81b4c6fe-f541-4902-93e3-6b206ebf2004" testId="0dfaa504-779a-bade-ff4d-fb50b2c99e09" testName="Skillaz.Tests.Assessment.Interviews.AudioInterview_feature.Upload_an_answer_file" computerName="DESKTOP-F6SKA47" duration="00:00:03.0722736" startTime="2021-12-16T16:24:44.5492444+03:00" endTime="2021-12-16T16:24:44.5492487+03:00" testType="13cdc9d9-ddb5-4fa4-a97d-d965ccfc6d4b" outcome="Passed" testListId="8c84fa94-04c1-424b-9868-57a2d4851a1d" relativeResultsDirectory="81b4c6fe-f541-4902-93e3-6b206ebf2004">
      <Output>
        <StdOut>SCENARIO: Upload an answer file&#xD;
  STEP 1/4: GIVEN a candidate in a vacancy in a company...&#xD;
  STEP 1/4: GIVEN a candidate in a vacancy in a company (Passed after 995ms)&#xD;
  STEP 2/4: AND the interview...&#xD;
  STEP 2/4: AND the interview (Passed after 665ms)&#xD;
  STEP 3/4: WHEN update an answer file...&#xD;
  STEP 3/4: WHEN update an answer file (Passed after 540ms)&#xD;
  STEP 4/4: THEN the answer file should be set...&#xD;
  STEP 4/4: THEN the answer file should be set (Passed after 65ms)&#xD;
  SCENARIO RESULT: Passed after 2s 268ms</StdOut>
      </Output>
    </UnitTestResult>
    <UnitTestResult executionId="04ba12fd-d4d1-46c3-abbe-dafd3be8d2cf" testId="019b787c-88b2-9680-3a7b-9251d2235f77" testName="Skillaz.Tests.CompanySpecific.X5.Naumen.NaumenSlaTests.Sla_calculates_correctly_for_next_day(candidateTimeZone: 3, sla: 02:00:00, startDate: 2020-01-01T01:00:00.0000000Z, truth: [NaumenTimeRange { From = &quot;2020-01-01 09:00:00&quot;, To = &quot;2020-01-01 11:00:00&quot; }])" computerName="DESKTOP-F6SKA47" duration="00:00:00.0000618" startTime="2021-12-16T16:16:29.0773879+03:00" endTime="2021-12-16T16:16:29.0773882+03:00" testType="13cdc9d9-ddb5-4fa4-a97d-d965ccfc6d4b" outcome="Passed" testListId="8c84fa94-04c1-424b-9868-57a2d4851a1d" relativeResultsDirectory="04ba12fd-d4d1-46c3-abbe-dafd3be8d2cf" />
    <UnitTestResult executionId="14f891be-43e8-4f25-88dc-a5053bb16064" testId="695a69c9-264c-d1c5-2032-535ef4bf39f9" testName="Skillaz.Tests.CompanySpecific.X5.Naumen.NaumenSlaTests.Sla_calculates_correctly_for_split_days(candidateTimeZone: 3, sla: 05:00:00, startDate: 2019-12-31T14:30:00.0000000Z, truth: [NaumenTimeRange { From = &quot;2019-12-31 17:30:00&quot;, To = &quot;2019-12-31 20:00:00&quot; }, NaumenTimeRange { From = &quot;2020-01-01 09:00:00&quot;, To = &quot;2020-01-01 11:30:00&quot; }])" computerName="DESKTOP-F6SKA47" duration="00:00:00.0000478" startTime="2021-12-16T16:16:28.9750518+03:00" endTime="2021-12-16T16:16:28.9750549+03:00" testType="13cdc9d9-ddb5-4fa4-a97d-d965ccfc6d4b" outcome="Passed" testListId="8c84fa94-04c1-424b-9868-57a2d4851a1d" relativeResultsDirectory="14f891be-43e8-4f25-88dc-a5053bb16064" />
    <UnitTestResult executionId="07f7ce51-a606-4a01-97fb-52e556e28d55" testId="ccc25526-2604-8af6-3aec-56619ebf9ce8" testName="Skillaz.Tests.ProductionCalendars.ProductionCalendarService_feature.Get_holidays_for_period_should_return_holidays_from_to_inclusive" computerName="DESKTOP-F6SKA47" duration="00:00:03.0820030" startTime="2021-12-16T16:24:09.2277650+03:00" endTime="2021-12-16T16:24:09.2277678+03:00" testType="13cdc9d9-ddb5-4fa4-a97d-d965ccfc6d4b" outcome="Passed" testListId="8c84fa94-04c1-424b-9868-57a2d4851a1d" relativeResultsDirectory="07f7ce51-a606-4a01-97fb-52e556e28d55">
      <Output>
        <StdOut>SCENARIO: Get holidays for period should return holidays from to inclusive&#xD;
  STEP 1/5: GIVEN a company [companyDocument: "Skillaz.Candidate.Contract.LegacyCompany.LegacyCompanyDocument"]...&#xD;
  STEP 1/5: GIVEN a company [companyDocument: "Skillaz.Candidate.Contract.LegacyCompany.LegacyCompanyDocument"] (Passed after 187ms)&#xD;
  STEP 2/5: AND the authenticated user...&#xD;
  STEP 2/5: AND the authenticated user (Passed after 1s 002ms)&#xD;
  STEP 3/5: AND production calendar [productionCalendarDocument: "Skillaz.Candidate.Contract.ProductionCalendar.ProductionCalendarDocument"]...&#xD;
  STEP 3/5: AND production calendar [productionCalendarDocument: "Skillaz.Candidate.Contract.ProductionCalendar.ProductionCalendarDocument"] (Passed after 533ms)&#xD;
  STEP 4/5: WHEN get holidays for period [from: "01/01/2020 00:00:00"] [to: "01/05/2020 00:00:00"]...&#xD;
  STEP 4/5: WHEN get holidays for period [from: "01/01/2020 00:00:00"] [to: "01/05/2020 00:00:00"] (Passed after 108ms)&#xD;
  STEP 5/5: THEN holidays count should be [holidaysCount: "3"]...&#xD;
  STEP 5/5: THEN holidays count should be [holidaysCount: "3"] (Passed after &lt;1ms)&#xD;
  SCENARIO RESULT: Passed after 1s 841ms</StdOut>
      </Output>
    </UnitTestResult>
    <UnitTestResult executionId="c11e312c-7480-4508-9527-376ab366447b" testId="24f96f6a-9831-f2cd-8e32-69ed7d21d955" testName="Skillaz.Tests.Notifications.Workflow.WorkflowNotificationParameters_feature.Attempt_send_email_notification_with_workflow_comment_for_actually_request_workflow" computerName="DESKTOP-F6SKA47" duration="00:00:04.9851973" startTime="2021-12-16T16:24:08.8458627+03:00" endTime="2021-12-16T16:24:08.8458658+03:00" testType="13cdc9d9-ddb5-4fa4-a97d-d965ccfc6d4b" outcome="Passed" testListId="8c84fa94-04c1-424b-9868-57a2d4851a1d" relativeResultsDirectory="c11e312c-7480-4508-9527-376ab366447b">
      <Output>
        <StdOut>SCENARIO: Attempt send email notification with workflow comment for actually request workflow&#xD;
  STEP 1/9: GIVEN a company...&#xD;
  STEP 1/9: GIVEN a company (Passed after 344ms)&#xD;
  STEP 2/9: AND the authenticated user...&#xD;
  STEP 2/9: AND the authenticated user (Passed after 183ms)&#xD;
  STEP 3/9: AND the workflow schema for request and processing role [requestTypes: "DefaultRequest, HireRequest"]...&#xD;
  STEP 3/9: AND the workflow schema for request and processing role [requestTypes: "DefaultRequest, HireRequest"] (Passed after 181ms)&#xD;
  STEP 4/9: AND the email template "DefaultRequest{{{req_DefaultRequest_workflow_comment}}}HireRequest{{{req_HireRequest_workflow_comment}}}"...&#xD;
  STEP 4/9: AND the email template "DefaultRequest{{{req_DefaultRequest_workflow_comment}}}HireRequest{{{req_HireRequest_workflow_comment}}}" (Passed after 135ms)&#xD;
  STEP 5/9: AND the vacancy in the company...&#xD;
  STEP 5/9: AND the vacancy in the company (Passed after 194ms)&#xD;
  STEP 6/9: AND the request [requestId: "61bb3df27f10d6937478d934"] [requestType: "DefaultRequest"]...&#xD;
  STEP 6/9: AND the request [requestId: "61bb3df27f10d6937478d934"] [requestType: "DefaultRequest"] (Passed after 274ms)&#xD;
  STEP 7/9: AND the request [requestId: "61bb3df27f10d6937478d935"] [requestType: "HireRequest"]...&#xD;
  STEP 7/9: AND the request [requestId: "61bb3df27f10d6937478d935"] [requestType: "HireRequest"] (Passed after 1ms)&#xD;
  STEP 8/9: WHEN workflow switch status [requestId: "61bb3df27f10d6937478d935"]...&#xD;
  STEP 8/9: WHEN workflow switch status [requestId: "61bb3df27f10d6937478d935"] (Passed after 1s 196ms)&#xD;
  STEP 9/9: THEN attempt method send letter contains workflow comment [startWithWord: "HireRequest"]...&#xD;
  STEP 9/9: THEN attempt method send letter contains workflow comment [startWithWord: "HireRequest"] (Passed after 1ms)&#xD;
  SCENARIO RESULT: Passed after 2s 567ms</StdOut>
      </Output>
    </UnitTestResult>
    <UnitTestResult executionId="ce699d63-c04f-4fb5-89cb-75f84205d061" testId="019b787c-88b2-9680-3a7b-9251d2235f77" testName="Skillaz.Tests.CompanySpecific.X5.Naumen.NaumenSlaTests.Sla_calculates_correctly_for_next_day(candidateTimeZone: 8, sla: 02:00:00, startDate: 2020-01-01T03:30:00.0000000Z, truth: [NaumenTimeRange { From = &quot;2020-01-01 07:00:00&quot;, To = &quot;2020-01-01 09:00:00&quot; }])" computerName="DESKTOP-F6SKA47" duration="00:00:00.0000317" startTime="2021-12-16T16:16:29.3123065+03:00" endTime="2021-12-16T16:16:29.3123077+03:00" testType="13cdc9d9-ddb5-4fa4-a97d-d965ccfc6d4b" outcome="Passed" testListId="8c84fa94-04c1-424b-9868-57a2d4851a1d" relativeResultsDirectory="ce699d63-c04f-4fb5-89cb-75f84205d061" />
    <UnitTestResult executionId="89cfc746-67f2-4d53-b8d2-c14623cc8c32" testId="db87aa59-599d-40b7-6c4c-f9af3b10384b" testName="Skillaz.Tests.Configurator.FunnelBuilder.FunnelBuildChecksFromCodeAndConfiguratorTests.Test_funnel_build_with_check_from_code_only" computerName="DESKTOP-F6SKA47" duration="00:00:07.8401320" startTime="2021-12-16T16:21:26.8261456+03:00" endTime="2021-12-16T16:21:26.8261474+03:00" testType="13cdc9d9-ddb5-4fa4-a97d-d965ccfc6d4b" outcome="Passed" testListId="8c84fa94-04c1-424b-9868-57a2d4851a1d" relativeResultsDirectory="89cfc746-67f2-4d53-b8d2-c14623cc8c32">
      <Output>
        <StdOut>SCENARIO: Test funnel build with check from code only&#xD;
  STEP 1/7: GIVEN a company...&#xD;
  STEP 1/7: GIVEN a company (Passed after 461ms)&#xD;
  STEP 2/7: AND the authenticated user...&#xD;
  STEP 2/7: AND the authenticated user (Passed after 883ms)&#xD;
  STEP 3/7: AND the configuration...&#xD;
  STEP 3/7: AND the configuration (Passed after 5ms)&#xD;
  STEP 4/7: AND a checks...&#xD;
  STEP 4/7: AND a checks (Passed after 112ms)&#xD;
  STEP 5/7: AND a funnel witch checks "Skillaz.Configurator.Contract.Funnels.FunnelCheckConfigurationDto"...&#xD;
  STEP 5/7: AND a funnel witch checks "Skillaz.Configurator.Contract.Funnels.FunnelCheckConfigurationDto" (Passed after 391ms)&#xD;
  STEP 6/7: WHEN build with validate errors...&#xD;
  STEP 6/7: WHEN build with validate errors (Passed after 5s 038ms)&#xD;
  STEP 7/7: THEN validate builded funnel with check...&#xD;
  STEP 7/7: THEN validate builded funnel with check (Passed after 267ms)&#xD;
  SCENARIO RESULT: Passed after 7s 385ms</StdOut>
      </Output>
    </UnitTestResult>
    <UnitTestResult executionId="1e1874c3-3790-44e1-af12-5363f7a24b09" testId="a5f39250-3801-f69b-0f1a-7cfd63823263" testName="Skillaz.Tests.Configurator.DocumentModel.ConfiguratorEditor.Редактор_конфигуратора_дм_создается" computerName="DESKTOP-F6SKA47" duration="00:00:01.3209268" startTime="2021-12-16T16:25:03.6379038+03:00" endTime="2021-12-16T16:25:03.6379057+03:00" testType="13cdc9d9-ddb5-4fa4-a97d-d965ccfc6d4b" outcome="Passed" testListId="8c84fa94-04c1-424b-9868-57a2d4851a1d" relativeResultsDirectory="1e1874c3-3790-44e1-af12-5363f7a24b09">
      <Output>
        <StdOut>SCENARIO: Редактор конфигуратора дм создается&#xD;
  STEP 1/7: GIVEN a company...&#xD;
  STEP 1/7: GIVEN a company (Passed after 101ms)&#xD;
  STEP 2/7: AND the authenticated user...&#xD;
  STEP 2/7: AND the authenticated user (Passed after 180ms)&#xD;
  STEP 3/7: Выдать пользователю нужные права...&#xD;
  STEP 3/7: Выдать пользователю нужные права (Passed after &lt;1ms)&#xD;
  STEP 4/7: Создать конфигурацию через контроллер...&#xD;
  STEP 4/7: Создать конфигурацию через контроллер (Passed after 354ms)&#xD;
  STEP 5/7: Проверить что создалась конфигурация ДМ...&#xD;
  STEP 5/7: Проверить что создалась конфигурация ДМ (Passed after 27ms)&#xD;
  STEP 6/7: Определить модель вакансии...&#xD;
  STEP 6/7: Определить модель вакансии (Passed after 138ms)&#xD;
  STEP 7/7: Отредактировать созданную конфигурацию...&#xD;
  STEP 7/7: Отредактировать созданную конфигурацию (Passed after 43ms)&#xD;
  SCENARIO RESULT: Passed after 847ms</StdOut>
      </Output>
    </UnitTestResult>
    <UnitTestResult executionId="a65402d3-0c20-46d1-b3f7-405dc18aa3c9" testId="f3b9dd22-ec71-6717-48b4-57721951f8bf" testName="Skillaz.Tests.Authorization.AuthLoginWorkflowService_Restore_feature.Do_final_step_restore_by_email_expects_password_is_changed_to_correct_one" computerName="DESKTOP-F6SKA47" duration="00:00:05.1375354" startTime="2021-12-16T16:21:48.2065857+03:00" endTime="2021-12-16T16:21:48.2065873+03:00" testType="13cdc9d9-ddb5-4fa4-a97d-d965ccfc6d4b" outcome="Passed" testListId="8c84fa94-04c1-424b-9868-57a2d4851a1d" relativeResultsDirectory="a65402d3-0c20-46d1-b3f7-405dc18aa3c9">
      <Output>
        <StdOut>SCENARIO: Do final step restore by email expects password is changed to correct one&#xD;
  STEP 1/6: GIVEN a company...&#xD;
  STEP 1/6: GIVEN a company (Passed after 71ms)&#xD;
  STEP 2/6: AND a user with password set property...&#xD;
  STEP 2/6: AND a user with password set property (Passed after 223ms)&#xD;
  STEP 3/6: WHEN doing a password restore [login: "v.pupkin@skillaz.co"]...&#xD;
  STEP 3/6: WHEN doing a password restore [login: "v.pupkin@skillaz.co"] (Passed after 687ms)&#xD;
  STEP 4/6: AND doing a execute with [loginRequest: "Skillaz.Auth.Contract.Agent.Persistence.User.UserLoginRequestDocument"]...&#xD;
  STEP 4/6: AND doing a execute with [loginRequest: "Skillaz.Auth.Contract.Agent.Persistence.User.UserLoginRequestDocument"] (Passed after 854ms)&#xD;
  STEP 5/6: AND doing a execute with new password "strong2_Asdasd123asdasd$Asdasd123asdasd$^1" [loginRequest: "Skillaz.Auth.Contract.Agent.Persistence.User.UserLoginRequestDocument"]...&#xD;
  STEP 5/6: AND doing a execute with new password "strong2_Asdasd123asdasd$Asdasd123asdasd$^1" [loginRequest: "Skillaz.Auth.Contract.Agent.Persistence.User.UserLoginRequestDocument"] (Passed after 2s 628ms)&#xD;
  STEP 6/6: THEN ensure that users password "strong2_Asdasd123asdasd$Asdasd123asdasd$^1" was changed to...&#xD;
  STEP 6/6: THEN ensure that users password "strong2_Asdasd123asdasd$Asdasd123asdasd$^1" was changed to (Passed after 95ms)&#xD;
  SCENARIO RESULT: Passed after 4s 618ms</StdOut>
      </Output>
    </UnitTestResult>
    <UnitTestResult executionId="9bb562c7-a89d-42b3-a367-1580da0f48da" testId="695a69c9-264c-d1c5-2032-535ef4bf39f9" testName="Skillaz.Tests.CompanySpecific.X5.Naumen.NaumenSlaTests.Sla_calculates_correctly_for_split_days(candidateTimeZone: 5, sla: 08:00:00, startDate: 2019-12-31T11:00:00.0000000Z, truth: [NaumenTimeRange { From = &quot;2019-12-31 14:00:00&quot;, To = &quot;2019-12-31 18:00:00&quot; }, NaumenTimeRange { From = &quot;2020-01-01 07:00:00&quot;, To = &quot;2020-01-01 11:00:00&quot; }])" computerName="DESKTOP-F6SKA47" duration="00:00:00.0000814" startTime="2021-12-16T16:16:28.9968235+03:00" endTime="2021-12-16T16:16:28.9968242+03:00" testType="13cdc9d9-ddb5-4fa4-a97d-d965ccfc6d4b" outcome="Passed" testListId="8c84fa94-04c1-424b-9868-57a2d4851a1d" relativeResultsDirectory="9bb562c7-a89d-42b3-a367-1580da0f48da" />
    <UnitTestResult executionId="5a3045f2-4997-4103-9907-4a06468d5357" testId="019b787c-88b2-9680-3a7b-9251d2235f77" testName="Skillaz.Tests.CompanySpecific.X5.Naumen.NaumenSlaTests.Sla_calculates_correctly_for_next_day(candidateTimeZone: 4, sla: 02:00:00, startDate: 2019-12-31T22:00:00.0000000Z, truth: [NaumenTimeRange { From = &quot;2020-01-01 08:00:00&quot;, To = &quot;2020-01-01 10:00:00&quot; }])" computerName="DESKTOP-F6SKA47" duration="00:00:00.0000911" startTime="2021-12-16T16:16:29.0931689+03:00" endTime="2021-12-16T16:16:29.0931696+03:00" testType="13cdc9d9-ddb5-4fa4-a97d-d965ccfc6d4b" outcome="Passed" testListId="8c84fa94-04c1-424b-9868-57a2d4851a1d" relativeResultsDirectory="5a3045f2-4997-4103-9907-4a06468d5357" />
    <UnitTestResult executionId="9906b34c-9790-4d64-b007-eb05fdb6fd65" testId="019b787c-88b2-9680-3a7b-9251d2235f77" testName="Skillaz.Tests.CompanySpecific.X5.Naumen.NaumenSlaTests.Sla_calculates_correctly_for_next_day(candidateTimeZone: 8, sla: 02:00:00, startDate: 2020-01-01T02:00:00.0000000Z, truth: [NaumenTimeRange { From = &quot;2020-01-01 07:00:00&quot;, To = &quot;2020-01-01 09:00:00&quot; }])" computerName="DESKTOP-F6SKA47" duration="00:00:00.0000332" startTime="2021-12-16T16:16:29.3119571+03:00" endTime="2021-12-16T16:16:29.3119608+03:00" testType="13cdc9d9-ddb5-4fa4-a97d-d965ccfc6d4b" outcome="Passed" testListId="8c84fa94-04c1-424b-9868-57a2d4851a1d" relativeResultsDirectory="9906b34c-9790-4d64-b007-eb05fdb6fd65" />
    <UnitTestResult executionId="e775fb82-21eb-4206-bf0d-e58d7b499e9d" testId="2ba2921b-2b63-b608-a9f4-28b8abebeddf" testName="Skillaz.Tests.Assessment.Interviews.VideoInterview_feature.Getting_a_video_interview_step" computerName="DESKTOP-F6SKA47" duration="00:00:03.6984285" startTime="2021-12-16T16:26:03.9689943+03:00" endTime="2021-12-16T16:26:03.9690017+03:00" testType="13cdc9d9-ddb5-4fa4-a97d-d965ccfc6d4b" outcome="Passed" testListId="8c84fa94-04c1-424b-9868-57a2d4851a1d" relativeResultsDirectory="e775fb82-21eb-4206-bf0d-e58d7b499e9d">
      <Output>
        <StdOut>SCENARIO: Getting a video interview step&#xD;
  STEP 1/4: GIVEN a candidate in a vacancy in a company...&#xD;
  STEP 1/4: GIVEN a candidate in a vacancy in a company (Passed after 322ms)&#xD;
  STEP 2/4: AND the interview...&#xD;
  STEP 2/4: AND the interview (Passed after 1s 384ms)&#xD;
  STEP 3/4: WHEN a video interview step is requested...&#xD;
  STEP 3/4: WHEN a video interview step is requested (Passed after 1s 550ms)&#xD;
  STEP 4/4: THEN a video interview step should be retrieved...&#xD;
  STEP 4/4: THEN a video interview step should be retrieved (Passed after 1ms)&#xD;
  SCENARIO RESULT: Passed after 3s 265ms</StdOut>
      </Output>
    </UnitTestResult>
    <UnitTestResult executionId="b0e058d0-4c04-46d6-a4d6-18adba7a810f" testId="695a69c9-264c-d1c5-2032-535ef4bf39f9" testName="Skillaz.Tests.CompanySpecific.X5.Naumen.NaumenSlaTests.Sla_calculates_correctly_for_split_days(candidateTimeZone: 2, sla: 07:00:00, startDate: 2019-12-31T14:30:00.0000000Z, truth: [NaumenTimeRange { From = &quot;2019-12-31 17:30:00&quot;, To = &quot;2019-12-31 21:00:00&quot; }, NaumenTimeRange { From = &quot;2020-01-01 10:00:00&quot;, To = &quot;2020-01-01 13:30:00&quot; }])" computerName="DESKTOP-F6SKA47" duration="00:00:00.0000639" startTime="2021-12-16T16:16:28.9187444+03:00" endTime="2021-12-16T16:16:28.9187453+03:00" testType="13cdc9d9-ddb5-4fa4-a97d-d965ccfc6d4b" outcome="Passed" testListId="8c84fa94-04c1-424b-9868-57a2d4851a1d" relativeResultsDirectory="b0e058d0-4c04-46d6-a4d6-18adba7a810f" />
    <UnitTestResult executionId="9bacab1b-9fdc-414d-963a-fd5cc6dca99b" testId="695a69c9-264c-d1c5-2032-535ef4bf39f9" testName="Skillaz.Tests.CompanySpecific.X5.Naumen.NaumenSlaTests.Sla_calculates_correctly_for_split_days(candidateTimeZone: 6, sla: 08:00:00, startDate: 2019-12-31T10:00:00.0000000Z, truth: [NaumenTimeRange { From = &quot;2019-12-31 13:00:00&quot;, To = &quot;2019-12-31 17:00:00&quot; }, NaumenTimeRange { From = &quot;2020-01-01 07:00:00&quot;, To = &quot;2020-01-01 11:00:00&quot; }])" computerName="DESKTOP-F6SKA47" duration="00:00:00.0001548" startTime="2021-12-16T16:16:29.0018170+03:00" endTime="2021-12-16T16:16:29.0018179+03:00" testType="13cdc9d9-ddb5-4fa4-a97d-d965ccfc6d4b" outcome="Passed" testListId="8c84fa94-04c1-424b-9868-57a2d4851a1d" relativeResultsDirectory="9bacab1b-9fdc-414d-963a-fd5cc6dca99b" />
    <UnitTestResult executionId="77eb2f45-e3b8-4583-a4c7-df5efc671ba1" testId="9fcfc2d8-828f-ee4a-7220-beb566720320" testName="Skillaz.Tests.HH.HHApiClient_feature.HH_API_client_correct_xManager_is_selected_when_requested_with_xManager_missing_in_db" computerName="DESKTOP-F6SKA47" duration="00:00:09.5623478" startTime="2021-12-16T16:23:06.4360012+03:00" endTime="2021-12-16T16:23:06.4360045+03:00" testType="13cdc9d9-ddb5-4fa4-a97d-d965ccfc6d4b" outcome="Passed" testListId="8c84fa94-04c1-424b-9868-57a2d4851a1d" relativeResultsDirectory="77eb2f45-e3b8-4583-a4c7-df5efc671ba1">
      <Output>
        <StdOut>SCENARIO: HH API client correct xManager is selected when requested with xManager missing in db&#xD;
  STEP 1/6: GIVEN a company with allowed employers...&#xD;
  STEP 1/6: GIVEN a company with allowed employers (Passed after 902ms)&#xD;
  STEP 2/6: AND the authenticated user...&#xD;
  STEP 2/6: AND the authenticated user (Passed after 867ms)&#xD;
  STEP 3/6: AND valid hh account with xManager missing in db...&#xD;
  STEP 3/6: AND valid hh account with xManager missing in db (Passed after 534ms)&#xD;
  STEP 4/6: WHEN api client with xManager account is requested...&#xD;
  STEP 4/6: WHEN api client with xManager account is requested (Passed after 3s 786ms)&#xD;
  STEP 5/6: THEN api client is successfully created...&#xD;
  STEP 5/6: THEN api client is successfully created (Passed after &lt;1ms)&#xD;
  STEP 6/6: AND selected xManager equals to requested...&#xD;
  STEP 6/6: AND selected xManager equals to requested (Passed after 2ms)&#xD;
  SCENARIO RESULT: Passed after 6s 099ms</StdOut>
      </Output>
    </UnitTestResult>
    <UnitTestResult executionId="16bc55ae-0ed5-403e-806c-a86569092ebe" testId="6bc7f27b-abfc-4964-40f6-2d7ed1087a40" testName="Skillaz.Tests.RabotaNur.RabotaNurHtmlConverterTests.TestMethod(html: &quot;1&lt;ul&gt;&lt;li&gt;One&lt;/li&gt;&lt;li&gt;Two&lt;/li&gt;&lt;/ul&gt;2&quot;, expected: &quot;1\r\n\r\n- One\r\n- Two\r\n\r\n2&quot;)" computerName="DESKTOP-F6SKA47" duration="00:00:01.7514045" startTime="2021-12-16T16:16:31.5115633+03:00" endTime="2021-12-16T16:16:31.5115751+03:00" testType="13cdc9d9-ddb5-4fa4-a97d-d965ccfc6d4b" outcome="Passed" testListId="8c84fa94-04c1-424b-9868-57a2d4851a1d" relativeResultsDirectory="16bc55ae-0ed5-403e-806c-a86569092ebe" />
    <UnitTestResult executionId="5a19f74d-f873-4d69-bdef-6125b948388f" testId="695a69c9-264c-d1c5-2032-535ef4bf39f9" testName="Skillaz.Tests.CompanySpecific.X5.Naumen.NaumenSlaTests.Sla_calculates_correctly_for_split_days(candidateTimeZone: 4, sla: 01:00:00, startDate: 2019-12-31T15:30:00.0000000Z, truth: [NaumenTimeRange { From = &quot;2019-12-31 18:30:00&quot;, To = &quot;2019-12-31 19:00:00&quot; }, NaumenTimeRange { From = &quot;2020-01-01 08:00:00&quot;, To = &quot;2020-01-01 08:30:00&quot; }])" computerName="DESKTOP-F6SKA47" duration="00:00:00.0000547" startTime="2021-12-16T16:16:28.9754880+03:00" endTime="2021-12-16T16:16:28.9754902+03:00" testType="13cdc9d9-ddb5-4fa4-a97d-d965ccfc6d4b" outcome="Passed" testListId="8c84fa94-04c1-424b-9868-57a2d4851a1d" relativeResultsDirectory="5a19f74d-f873-4d69-bdef-6125b948388f" />
    <UnitTestResult executionId="4c84e658-bce2-40ae-8a8f-0927f461100a" testId="8be1d296-395c-d5ce-48de-603c14b36417" testName="Skillaz.Tests.OrgUnit.OrgUnitExternalIdTests.Test_candidateProfile_update_with_already_existed_doc_by_externalId" computerName="DESKTOP-F6SKA47" duration="00:00:00.0010000" startTime="2021-12-16T16:24:39.0315932+03:00" endTime="2021-12-16T16:24:39.0315941+03:00" testType="13cdc9d9-ddb5-4fa4-a97d-d965ccfc6d4b" outcome="NotExecuted" testListId="8c84fa94-04c1-424b-9868-57a2d4851a1d" relativeResultsDirectory="4c84e658-bce2-40ae-8a8f-0927f461100a">
      <Output>
        <StdOut>Нужно переделать этап Given_dm_configuration, не завязываться на авилон</StdOut>
      </Output>
    </UnitTestResult>
    <UnitTestResult executionId="03860140-3c92-46d4-8e19-9970d1f5f2cc" testId="84300f57-b1aa-3e46-43dd-b515498b5819" testName="Skillaz.Tests.CompanySpecific.Sberbank.SberPositionsTests.SberPositionCommand_should_work_as_expected(vacancyName: &quot;Специалист по прямым продажам&quot;, expectedPositionId: &quot;direct_sales&quot;)" computerName="DESKTOP-F6SKA47" duration="00:00:00.0683347" startTime="2021-12-16T16:16:29.6683212+03:00" endTime="2021-12-16T16:16:29.6683227+03:00" testType="13cdc9d9-ddb5-4fa4-a97d-d965ccfc6d4b" outcome="Passed" testListId="8c84fa94-04c1-424b-9868-57a2d4851a1d" relativeResultsDirectory="03860140-3c92-46d4-8e19-9970d1f5f2cc" />
    <UnitTestResult executionId="7c7e1622-75e0-4e8b-a9ed-39cd1449186a" testId="b4c4043b-3162-e090-f10d-9ed0d077ec46" testName="Skillaz.Tests.HH.HHApiClient_feature.HH_API_client_fails_to_create_when_account_is_marked_as_deleted" computerName="DESKTOP-F6SKA47" duration="00:00:06.7556882" startTime="2021-12-16T16:22:57.7808670+03:00" endTime="2021-12-16T16:22:57.7808706+03:00" testType="13cdc9d9-ddb5-4fa4-a97d-d965ccfc6d4b" outcome="Passed" testListId="8c84fa94-04c1-424b-9868-57a2d4851a1d" relativeResultsDirectory="7c7e1622-75e0-4e8b-a9ed-39cd1449186a">
      <Output>
        <StdOut>SCENARIO: HH API client fails to create when account is marked as deleted&#xD;
  STEP 1/5: GIVEN a company with allowed employers...&#xD;
  STEP 1/5: GIVEN a company with allowed employers (Passed after 3s 377ms)&#xD;
  STEP 2/5: AND the authenticated user...&#xD;
  STEP 2/5: AND the authenticated user (Passed after 463ms)&#xD;
  STEP 3/5: AND hh account marked as deleted...&#xD;
  STEP 3/5: AND hh account marked as deleted (Passed after 405ms)&#xD;
  STEP 4/5: WHEN api client is requested...&#xD;
  STEP 4/5: WHEN api client is requested (Passed after 148ms)&#xD;
  STEP 5/5: THEN api client fails to create with account deleted exception...&#xD;
  STEP 5/5: THEN api client fails to create with account deleted exception (Passed after 10ms)&#xD;
  SCENARIO RESULT: Passed after 4s 493ms</StdOut>
      </Output>
    </UnitTestResult>
    <UnitTestResult executionId="7e2b8880-461b-4ffd-9c91-bb41819b5191" testId="ee028f4b-7ca0-b61b-0baf-522f1ca31228" testName="Skillaz.Tests.Configurator.WorkflowEngine.ConfiguratorWorkflowNotifications_reature.ConfiguratorWorkflow_Check_that_templates_in_workflow_is_avaliable" computerName="DESKTOP-F6SKA47" duration="00:00:07.9578521" startTime="2021-12-16T16:22:01.1067468+03:00" endTime="2021-12-16T16:22:01.1067500+03:00" testType="13cdc9d9-ddb5-4fa4-a97d-d965ccfc6d4b" outcome="Passed" testListId="8c84fa94-04c1-424b-9868-57a2d4851a1d" relativeResultsDirectory="7e2b8880-461b-4ffd-9c91-bb41819b5191">
      <Output>
        <StdOut>SCENARIO: ConfiguratorWorkflow Check that templates in workflow is avaliable&#xD;
  STEP 1/6: GIVEN Given a candidate in a vacancy in a company [makeCompany: "System.Func`1[Skillaz.Candidate.Contract.LegacyCompany.LegacyCompanyDocument]"]...&#xD;
  STEP 1/6: GIVEN Given a candidate in a vacancy in a company [makeCompany: "System.Func`1[Skillaz.Candidate.Contract.LegacyCompany.LegacyCompanyDocument]"] (Passed after 2s 675ms)&#xD;
  STEP 2/6: AND Given the authenticated user...&#xD;
  STEP 2/6: AND Given the authenticated user (Passed after 979ms)&#xD;
  STEP 3/6: AND Given the Funnel...&#xD;
  STEP 3/6: AND Given the Funnel (Passed after 604ms)&#xD;
  STEP 4/6: AND GivenRequestModel with workflow...&#xD;
  STEP 4/6: AND GivenRequestModel with workflow (Passed after 608ms)&#xD;
  STEP 5/6: AND Given the request...&#xD;
  STEP 5/6: AND Given the request (Passed after 1s 052ms)&#xD;
  STEP 6/6: THEN Then ensure that template is founded in GetTemplates...&#xD;
  STEP 6/6: THEN Then ensure that template is founded in GetTemplates (Passed after 562ms)&#xD;
  SCENARIO RESULT: Passed after 6s 511ms</StdOut>
      </Output>
    </UnitTestResult>
    <UnitTestResult executionId="f0b711f2-ba7f-45d1-b59e-14220afe7ae3" testId="5fb798a7-cdcf-1661-9577-ed2e2eee950e" testName="Skillaz.Tests.Assessment.Questionnaires.ProActionQuestionnaire_feature.Updating_a_questionnaire" computerName="DESKTOP-F6SKA47" duration="00:00:05.4447138" startTime="2021-12-16T16:26:34.8342870+03:00" endTime="2021-12-16T16:26:34.8342930+03:00" testType="13cdc9d9-ddb5-4fa4-a97d-d965ccfc6d4b" outcome="Passed" testListId="8c84fa94-04c1-424b-9868-57a2d4851a1d" relativeResultsDirectory="f0b711f2-ba7f-45d1-b59e-14220afe7ae3">
      <Output>
        <StdOut>SCENARIO: Updating a questionnaire&#xD;
  STEP 1/5: GIVEN a company...&#xD;
  STEP 1/5: GIVEN a company (Passed after 739ms)&#xD;
  STEP 2/5: AND the authenticated user...&#xD;
  STEP 2/5: AND the authenticated user (Passed after 1s 594ms)&#xD;
  STEP 3/5: AND the questionnaire...&#xD;
  STEP 3/5: AND the questionnaire (Passed after 901ms)&#xD;
  STEP 4/5: WHEN questionnaire is updated...&#xD;
  STEP 4/5: WHEN questionnaire is updated (Passed after 660ms)&#xD;
  STEP 5/5: Questionnaire should be updated...&#xD;
  STEP 5/5: Questionnaire should be updated (Passed after 125ms)&#xD;
  SCENARIO RESULT: Passed after 4s 028ms</StdOut>
      </Output>
    </UnitTestResult>
    <UnitTestResult executionId="a70029ba-57c0-436b-942b-7bd5c8be354e" testId="019b787c-88b2-9680-3a7b-9251d2235f77" testName="Skillaz.Tests.CompanySpecific.X5.Naumen.NaumenSlaTests.Sla_calculates_correctly_for_next_day(candidateTimeZone: 11, sla: 02:00:00, startDate: 2019-12-31T14:30:00.0000000Z, truth: [NaumenTimeRange { From = &quot;2020-01-01 07:00:00&quot;, To = &quot;2020-01-01 09:00:00&quot; }])" computerName="DESKTOP-F6SKA47" duration="00:00:00.0000614" startTime="2021-12-16T16:16:29.3568333+03:00" endTime="2021-12-16T16:16:29.3568337+03:00" testType="13cdc9d9-ddb5-4fa4-a97d-d965ccfc6d4b" outcome="Passed" testListId="8c84fa94-04c1-424b-9868-57a2d4851a1d" relativeResultsDirectory="a70029ba-57c0-436b-942b-7bd5c8be354e" />
    <UnitTestResult executionId="7222664a-9f92-4f26-a909-dbe469f8cc17" testId="019b787c-88b2-9680-3a7b-9251d2235f77" testName="Skillaz.Tests.CompanySpecific.X5.Naumen.NaumenSlaTests.Sla_calculates_correctly_for_next_day(candidateTimeZone: 3, sla: 02:00:00, startDate: 2020-01-01T02:00:00.0000000Z, truth: [NaumenTimeRange { From = &quot;2020-01-01 09:00:00&quot;, To = &quot;2020-01-01 11:00:00&quot; }])" computerName="DESKTOP-F6SKA47" duration="00:00:00.0000774" startTime="2021-12-16T16:16:29.0806782+03:00" endTime="2021-12-16T16:16:29.0806795+03:00" testType="13cdc9d9-ddb5-4fa4-a97d-d965ccfc6d4b" outcome="Passed" testListId="8c84fa94-04c1-424b-9868-57a2d4851a1d" relativeResultsDirectory="7222664a-9f92-4f26-a909-dbe469f8cc17" />
    <UnitTestResult executionId="937b335c-5f9c-4756-8bc0-a3e3b43673b4" testId="70bc78fa-e216-2e23-87c0-5abb2f910b5f" testName="Skillaz.Tests.Candidate.Elastic.CandidateElasticFiltration_feature.Retrieving_no_candidates_by_history_statuses" computerName="DESKTOP-F6SKA47" duration="00:00:00.0010000" startTime="2021-12-16T16:24:39.8870421+03:00" endTime="2021-12-16T16:24:39.8870435+03:00" testType="13cdc9d9-ddb5-4fa4-a97d-d965ccfc6d4b" outcome="NotExecuted" testListId="8c84fa94-04c1-424b-9868-57a2d4851a1d" relativeResultsDirectory="937b335c-5f9c-4756-8bc0-a3e3b43673b4">
      <Output>
        <StdOut>You need Elasticsearch 7.5 local instance on 9200 port</StdOut>
      </Output>
    </UnitTestResult>
    <UnitTestResult executionId="1efd93c8-9a59-4148-a2c2-cee0df220eb6" testId="4097862a-62ae-0ced-0f79-31dba3df6660" testName="Skillaz.Tests.DocumentModels.FieldValueComparerTests.StringComparison(firstValue: &quot;abcdef&quot;, secondValue: &quot;abcdef&quot;, result: True)" computerName="DESKTOP-F6SKA47" duration="00:00:00.0000167" startTime="2021-12-16T16:16:31.0508362+03:00" endTime="2021-12-16T16:16:31.0508372+03:00" testType="13cdc9d9-ddb5-4fa4-a97d-d965ccfc6d4b" outcome="Passed" testListId="8c84fa94-04c1-424b-9868-57a2d4851a1d" relativeResultsDirectory="1efd93c8-9a59-4148-a2c2-cee0df220eb6" />
    <UnitTestResult executionId="48e16588-eab5-46e3-aa24-275363776a54" testId="77b5ac96-b852-06d1-5e52-093092969ce0" testName="Skillaz.Tests.CompanySpecific.Mvideo.MvideoPrepareBatchUpdateRequest_feature.Office_managers_responsible_ids_is_untouched" computerName="DESKTOP-F6SKA47" duration="00:00:00.0010000" startTime="2021-12-16T16:29:23.1586264+03:00" endTime="2021-12-16T16:29:23.1586281+03:00" testType="13cdc9d9-ddb5-4fa4-a97d-d965ccfc6d4b" outcome="NotExecuted" testListId="8c84fa94-04c1-424b-9868-57a2d4851a1d" relativeResultsDirectory="48e16588-eab5-46e3-aa24-275363776a54">
      <Output>
        <StdOut>Появился тест MvideoOpenApiBatchRequest_feature</StdOut>
      </Output>
    </UnitTestResult>
    <UnitTestResult executionId="cf93ae4f-54c5-4726-952e-c15ef72c46a5" testId="0b5d281d-53d7-c2be-f99d-abbedccd115b" testName="Skillaz.Tests.Configurator.Editor.IdGenerator.Проверить_автоматическую_генерацию_ID" computerName="DESKTOP-F6SKA47" duration="00:00:03.6955663" startTime="2021-12-16T16:18:56.2983877+03:00" endTime="2021-12-16T16:18:56.2983966+03:00" testType="13cdc9d9-ddb5-4fa4-a97d-d965ccfc6d4b" outcome="Passed" testListId="8c84fa94-04c1-424b-9868-57a2d4851a1d" relativeResultsDirectory="cf93ae4f-54c5-4726-952e-c15ef72c46a5">
      <Output>
        <StdOut>SCENARIO: Проверить автоматическую генерацию ID&#xD;
  STEP 1/5: GIVEN a company...&#xD;
  STEP 1/5: GIVEN a company (Passed after 391ms)&#xD;
  STEP 2/5: AND the authenticated user...&#xD;
  STEP 2/5: AND the authenticated user (Passed after 313ms)&#xD;
  STEP 3/5: Завести конфигуратор...&#xD;
  STEP 3/5: Завести конфигуратор (Passed after 302ms)&#xD;
  STEP 4/5: Попробовать добавить объект чтобы новыйид совпал с другой строкой...&#xD;
  STEP 4/5: Попробовать добавить объект чтобы новыйид совпал с другой строкой (Passed after 1s 546ms)&#xD;
  STEP 5/5: Проверить что строка добавилась с правильным ид...&#xD;
  STEP 5/5: Проверить что строка добавилась с правильным ид (Passed after 254ms)&#xD;
  SCENARIO RESULT: Passed after 2s 823ms</StdOut>
      </Output>
    </UnitTestResult>
    <UnitTestResult executionId="85f67c12-4e76-4d30-8b4e-608bbb3ac08b" testId="07e5b2b6-99c4-b4b1-a691-ce558819108e" testName="Skillaz.Tests.Authorization.LoginCommand_feature.Do_correct_login_by_username_with_user" computerName="DESKTOP-F6SKA47" duration="00:00:05.1156208" startTime="2021-12-16T16:24:37.7306255+03:00" endTime="2021-12-16T16:24:37.7306269+03:00" testType="13cdc9d9-ddb5-4fa4-a97d-d965ccfc6d4b" outcome="Passed" testListId="8c84fa94-04c1-424b-9868-57a2d4851a1d" relativeResultsDirectory="85f67c12-4e76-4d30-8b4e-608bbb3ac08b">
      <Output>
        <StdOut>SCENARIO: Do correct login by username with user&#xD;
  STEP 1/4: GIVEN a company...&#xD;
  STEP 1/4: GIVEN a company (Passed after 118ms)&#xD;
  STEP 2/4: AND a user with password set property...&#xD;
  STEP 2/4: AND a user with password set property (Passed after 1s 212ms)&#xD;
  STEP 3/4: WHEN doing a login "v.pupkin" attempt [password: "strong_Asdasd123asdasd$Asdasd123asdasd$^1"]...&#xD;
  STEP 3/4: WHEN doing a login "v.pupkin" attempt [password: "strong_Asdasd123asdasd$Asdasd123asdasd$^1"] (Passed after 2s 550ms)&#xD;
  STEP 4/4: THEN ensure that user was authenticated...&#xD;
  STEP 4/4: THEN ensure that user was authenticated (Passed after 33ms)&#xD;
  SCENARIO RESULT: Passed after 3s 993ms</StdOut>
      </Output>
    </UnitTestResult>
    <UnitTestResult executionId="dce4a71e-e85f-45c8-8711-333a6790815e" testId="54a815ab-8c67-b302-4ed3-fa5ad28a0d88" testName="Skillaz.Tests.Configurator.DocumentModel.DefaultValueFilterFeature.Проверить_настройку_значений_по_умолчанию_для_фильтра" computerName="DESKTOP-F6SKA47" duration="00:00:29.3415858" startTime="2021-12-16T16:16:57.2012098+03:00" endTime="2021-12-16T16:16:57.2012129+03:00" testType="13cdc9d9-ddb5-4fa4-a97d-d965ccfc6d4b" outcome="Passed" testListId="8c84fa94-04c1-424b-9868-57a2d4851a1d" relativeResultsDirectory="dce4a71e-e85f-45c8-8711-333a6790815e">
      <Output>
        <StdOut>SCENARIO: Проверить настройку значений по умолчанию для фильтра&#xD;
  STEP 1/4: GIVEN a company...&#xD;
  STEP 1/4: GIVEN a company (Passed after 3s 265ms)&#xD;
  STEP 2/4: AND the authenticated user...&#xD;
  STEP 2/4: AND the authenticated user (Passed after 1s 494ms)&#xD;
  STEP 3/4: Определить модель заявки с фильтром...&#xD;
  STEP 3/4: Определить модель заявки с фильтром (Passed after 17s 250ms)&#xD;
  STEP 4/4: Проверить значения по умолчанию...&#xD;
  STEP 4/4: Проверить значения по умолчанию (Passed after 4s 425ms)&#xD;
  SCENARIO RESULT: Passed after 26s 944ms</StdOut>
      </Output>
    </UnitTestResult>
    <UnitTestResult executionId="876ac120-e3fe-42f9-95b9-f37791586859" testId="019b787c-88b2-9680-3a7b-9251d2235f77" testName="Skillaz.Tests.CompanySpecific.X5.Naumen.NaumenSlaTests.Sla_calculates_correctly_for_next_day(candidateTimeZone: 11, sla: 02:00:00, startDate: 2019-12-31T23:30:00.0000000Z, truth: [NaumenTimeRange { From = &quot;2020-01-01 07:00:00&quot;, To = &quot;2020-01-01 09:00:00&quot; }])" computerName="DESKTOP-F6SKA47" duration="00:00:00.0000577" startTime="2021-12-16T16:16:29.3627023+03:00" endTime="2021-12-16T16:16:29.3627027+03:00" testType="13cdc9d9-ddb5-4fa4-a97d-d965ccfc6d4b" outcome="Passed" testListId="8c84fa94-04c1-424b-9868-57a2d4851a1d" relativeResultsDirectory="876ac120-e3fe-42f9-95b9-f37791586859" />
    <UnitTestResult executionId="a1b416e4-1401-41a4-8654-633c4d53ef30" testId="407c8eb8-13c3-e45d-8c4b-af21cf27fd98" testName="Skillaz.Tests.CompanySpecific.Mvideo.MvideoOpenApiBatchRequest_feature.При_обновлении_пользователей_с_ролью_Директор_магазина_когда_приходит_запрос_по_пользователю_без_Scope_обнуляет_Scope" computerName="DESKTOP-F6SKA47" duration="00:01:32.7214689" startTime="2021-12-16T16:21:50.7649480+03:00" endTime="2021-12-16T16:21:50.7649495+03:00" testType="13cdc9d9-ddb5-4fa4-a97d-d965ccfc6d4b" outcome="Passed" testListId="8c84fa94-04c1-424b-9868-57a2d4851a1d" relativeResultsDirectory="a1b416e4-1401-41a4-8654-633c4d53ef30">
      <Output>
        <StdOut>SCENARIO: При обновлении пользователей с ролью Директор магазина когда приходит запрос по пользователю без Scope обнуляет Scope&#xD;
  STEP 1/8: GIVEN a company...&#xD;
  STEP 1/8: GIVEN a company (Passed after 312ms)&#xD;
  STEP 2/8: AND the authenticated api user...&#xD;
  STEP 2/8: AND the authenticated api user (Passed after 498ms)&#xD;
  STEP 3/8: AND Дана клиентская конфигурация мвидео...&#xD;
  STEP 3/8: AND Дана клиентская конфигурация мвидео (Passed after 1ms)&#xD;
  STEP 4/8: AND Даны роли...&#xD;
  STEP 4/8: AND Даны роли (Passed after 12ms)&#xD;
  STEP 5/8: AND Даны пользователи с правами на орг единицы...&#xD;
  STEP 5/8: AND Даны пользователи с правами на орг единицы (Passed after 6ms)&#xD;
  STEP 6/8: AND Даны орг единицы...&#xD;
  STEP 6/8: AND Даны орг единицы (Passed after 128ms)&#xD;
  STEP 7/8: WHEN Когда приходит запрос от сап...&#xD;
  STEP 7/8: WHEN Когда приходит запрос от сап (Passed after 1m 29s)&#xD;
  STEP 8/8: THEN Проверить что существующий Директор магазина потерял свои права при их сбросе [expectedOrgUnitIds: ""]...&#xD;
  STEP 8/8: THEN Проверить что существующий Директор магазина потерял свои права при их сбросе [expectedOrgUnitIds: ""] (Passed after 65ms)&#xD;
  SCENARIO RESULT: Passed after 1m 30s</StdOut>
      </Output>
    </UnitTestResult>
    <UnitTestResult executionId="8431d1ce-62fc-4b43-887a-718a1d2fc147" testId="019b787c-88b2-9680-3a7b-9251d2235f77" testName="Skillaz.Tests.CompanySpecific.X5.Naumen.NaumenSlaTests.Sla_calculates_correctly_for_next_day(candidateTimeZone: 3, sla: 02:00:00, startDate: 2019-12-31T21:00:00.0000000Z, truth: [NaumenTimeRange { From = &quot;2020-01-01 09:00:00&quot;, To = &quot;2020-01-01 11:00:00&quot; }])" computerName="DESKTOP-F6SKA47" duration="00:00:00.0000348" startTime="2021-12-16T16:16:29.0769283+03:00" endTime="2021-12-16T16:16:29.0769288+03:00" testType="13cdc9d9-ddb5-4fa4-a97d-d965ccfc6d4b" outcome="Passed" testListId="8c84fa94-04c1-424b-9868-57a2d4851a1d" relativeResultsDirectory="8431d1ce-62fc-4b43-887a-718a1d2fc147" />
    <UnitTestResult executionId="ff3fa5e7-1b06-4b2b-93af-f9b60f1f5627" testId="ce4d8052-bde5-cf27-0e22-ddcf7d7fbaef" testName="Skillaz.Tests.DocumentModels.FieldValueComparerTests.StringComparison(firstValue: null, secondValue: null, result: True)" computerName="DESKTOP-F6SKA47" duration="00:00:00.0000196" startTime="2021-12-16T16:16:31.0505611+03:00" endTime="2021-12-16T16:16:31.0505765+03:00" testType="13cdc9d9-ddb5-4fa4-a97d-d965ccfc6d4b" outcome="Passed" testListId="8c84fa94-04c1-424b-9868-57a2d4851a1d" relativeResultsDirectory="ff3fa5e7-1b06-4b2b-93af-f9b60f1f5627" />
    <UnitTestResult executionId="ce462205-f6cb-4d82-9ff6-3aaa0c589488" testId="019b787c-88b2-9680-3a7b-9251d2235f77" testName="Skillaz.Tests.CompanySpecific.X5.Naumen.NaumenSlaTests.Sla_calculates_correctly_for_next_day(candidateTimeZone: 7, sla: 02:00:00, startDate: 2019-12-31T22:00:00.0000000Z, truth: [NaumenTimeRange { From = &quot;2020-01-01 07:00:00&quot;, To = &quot;2020-01-01 09:00:00&quot; }])" computerName="DESKTOP-F6SKA47" duration="00:00:00.0000338" startTime="2021-12-16T16:16:29.2857468+03:00" endTime="2021-12-16T16:16:29.2857474+03:00" testType="13cdc9d9-ddb5-4fa4-a97d-d965ccfc6d4b" outcome="Passed" testListId="8c84fa94-04c1-424b-9868-57a2d4851a1d" relativeResultsDirectory="ce462205-f6cb-4d82-9ff6-3aaa0c589488" />
    <UnitTestResult executionId="9fb18ce6-03ec-4d17-8dad-b9f8fcfd3663" testId="bab636f1-7f0e-ccd8-008e-e5790511c8f3" testName="Skillaz.Tests.Assessment.Interviews.VideoInterview_feature.Switching_a_video_interview_step" computerName="DESKTOP-F6SKA47" duration="00:00:07.0355005" startTime="2021-12-16T16:26:07.6142536+03:00" endTime="2021-12-16T16:26:07.6142573+03:00" testType="13cdc9d9-ddb5-4fa4-a97d-d965ccfc6d4b" outcome="Passed" testListId="8c84fa94-04c1-424b-9868-57a2d4851a1d" relativeResultsDirectory="9fb18ce6-03ec-4d17-8dad-b9f8fcfd3663">
      <Output>
        <StdOut>SCENARIO: Switching a video interview step&#xD;
  STEP 1/5: GIVEN a candidate in a vacancy in a company...&#xD;
  STEP 1/5: GIVEN a candidate in a vacancy in a company (Passed after 290ms)&#xD;
  STEP 2/5: AND the interview...&#xD;
  STEP 2/5: AND the interview (Passed after 1s 194ms)&#xD;
  STEP 3/5: WHEN a video interview step is switched...&#xD;
  STEP 3/5: WHEN a video interview step is switched (Passed after 4s 500ms)&#xD;
  STEP 4/5: THEN a video interview should be completed...&#xD;
  STEP 4/5: THEN a video interview should be completed (Passed after 254ms)&#xD;
  STEP 5/5: AND candidate status should be switched to testing finished...&#xD;
  STEP 5/5: AND candidate status should be switched to testing finished (Passed after 187ms)&#xD;
  SCENARIO RESULT: Passed after 6s 434ms</StdOut>
      </Output>
    </UnitTestResult>
    <UnitTestResult executionId="498132f0-4fb7-4c85-9324-42874203638e" testId="019b787c-88b2-9680-3a7b-9251d2235f77" testName="Skillaz.Tests.CompanySpecific.X5.Naumen.NaumenSlaTests.Sla_calculates_correctly_for_next_day(candidateTimeZone: 11, sla: 02:00:00, startDate: 2019-12-31T20:30:00.0000000Z, truth: [NaumenTimeRange { From = &quot;2020-01-01 07:00:00&quot;, To = &quot;2020-01-01 09:00:00&quot; }])" computerName="DESKTOP-F6SKA47" duration="00:00:00.0000518" startTime="2021-12-16T16:16:29.3623036+03:00" endTime="2021-12-16T16:16:29.3623078+03:00" testType="13cdc9d9-ddb5-4fa4-a97d-d965ccfc6d4b" outcome="Passed" testListId="8c84fa94-04c1-424b-9868-57a2d4851a1d" relativeResultsDirectory="498132f0-4fb7-4c85-9324-42874203638e" />
    <UnitTestResult executionId="4c9550b3-6ea7-4eae-8c61-031b9dd422f8" testId="019b787c-88b2-9680-3a7b-9251d2235f77" testName="Skillaz.Tests.CompanySpecific.X5.Naumen.NaumenSlaTests.Sla_calculates_correctly_for_next_day(candidateTimeZone: 5, sla: 02:00:00, startDate: 2019-12-31T22:30:00.0000000Z, truth: [NaumenTimeRange { From = &quot;2020-01-01 07:00:00&quot;, To = &quot;2020-01-01 09:00:00&quot; }])" computerName="DESKTOP-F6SKA47" duration="00:00:00.0000466" startTime="2021-12-16T16:16:29.1048348+03:00" endTime="2021-12-16T16:16:29.1048352+03:00" testType="13cdc9d9-ddb5-4fa4-a97d-d965ccfc6d4b" outcome="Passed" testListId="8c84fa94-04c1-424b-9868-57a2d4851a1d" relativeResultsDirectory="4c9550b3-6ea7-4eae-8c61-031b9dd422f8" />
    <UnitTestResult executionId="29d4ce33-1831-4c1a-8b1d-0b48990f9163" testId="0ba5960b-0a7d-f371-fc5f-7ef8a5e534e3" testName="Skillaz.Tests.Candidate.Elastic.CandidateElasticFiltration_feature.Retrieving_a_candidate_by_add_ways" computerName="DESKTOP-F6SKA47" duration="00:00:00.0010000" startTime="2021-12-16T16:24:39.8831619+03:00" endTime="2021-12-16T16:24:39.8831633+03:00" testType="13cdc9d9-ddb5-4fa4-a97d-d965ccfc6d4b" outcome="NotExecuted" testListId="8c84fa94-04c1-424b-9868-57a2d4851a1d" relativeResultsDirectory="29d4ce33-1831-4c1a-8b1d-0b48990f9163">
      <Output>
        <StdOut>You need Elasticsearch 7.5 local instance on 9200 port</StdOut>
      </Output>
    </UnitTestResult>
    <UnitTestResult executionId="a6263abf-9d88-4880-a9ac-2cff550cd9ba" testId="d82b29d6-a845-5b99-7d4c-77ec17dee196" testName="Skillaz.Tests.CompanySpecific.Mvideo.MvideoAvaliablePositionsRequestWithAdvancedSearch_feature.Check_avaliable_positions_request_with_advanced_search(staffCount: 7, employeesCount: 3, approvedCounts: [3, 5, 4, 3], expected: (0, 3))" computerName="DESKTOP-F6SKA47" duration="00:00:00.0010000" startTime="2021-12-16T16:29:48.3458454+03:00" endTime="2021-12-16T16:29:48.3458563+03:00" testType="13cdc9d9-ddb5-4fa4-a97d-d965ccfc6d4b" outcome="NotExecuted" testListId="8c84fa94-04c1-424b-9868-57a2d4851a1d" relativeResultsDirectory="a6263abf-9d88-4880-a9ac-2cff550cd9ba">
      <Output>
        <StdOut>Вернуть как только поправим высчитывание заявок на поиск в mvideo</StdOut>
      </Output>
    </UnitTestResult>
    <UnitTestResult executionId="6b830ff3-da08-4ac9-9ac2-2eb6ab1c1a11" testId="f795e825-fdca-2a24-f122-c325895a62c0" testName="Should get interview link(jwt: &quot;eyJraWQiOiJoaF92aWRlb19pbnRlcnZpZXdfc2tpbGxheiIsIm&quot;...)" computerName="DESKTOP-F6SKA47" duration="00:00:15.7945916" startTime="2021-12-16T16:22:04.4536331+03:00" endTime="2021-12-16T16:22:04.4536442+03:00" testType="13cdc9d9-ddb5-4fa4-a97d-d965ccfc6d4b" outcome="Passed" testListId="8c84fa94-04c1-424b-9868-57a2d4851a1d" relativeResultsDirectory="6b830ff3-da08-4ac9-9ac2-2eb6ab1c1a11" />
    <UnitTestResult executionId="bb63aa8b-2f71-42f3-8af6-2986c7f20f27" testId="982455ea-c969-6fa0-9bd1-4addc0ef0ebb" testName="Skillaz.Tests.Assessment.Interviews.ShlInterview_feature.Getting_a_shl_interview" computerName="DESKTOP-F6SKA47" duration="00:00:08.0036059" startTime="2021-12-16T16:26:07.2989633+03:00" endTime="2021-12-16T16:26:07.2989636+03:00" testType="13cdc9d9-ddb5-4fa4-a97d-d965ccfc6d4b" outcome="Passed" testListId="8c84fa94-04c1-424b-9868-57a2d4851a1d" relativeResultsDirectory="bb63aa8b-2f71-42f3-8af6-2986c7f20f27">
      <Output>
        <StdOut>SCENARIO: Getting a shl interview&#xD;
  STEP 1/4: GIVEN a candidate in a vacancy in a company...&#xD;
  STEP 1/4: GIVEN a candidate in a vacancy in a company (Passed after 220ms)&#xD;
  STEP 2/4: AND the interview...&#xD;
  STEP 2/4: AND the interview (Passed after 496ms)&#xD;
  STEP 3/4: WHEN a shl interview is requested...&#xD;
  STEP 3/4: WHEN a shl interview is requested (Passed after 6s 560ms)&#xD;
  STEP 4/4: THEN a shl interview should be retrieved...&#xD;
  STEP 4/4: THEN a shl interview should be retrieved (Passed after &lt;1ms)&#xD;
  SCENARIO RESULT: Passed after 7s 279ms</StdOut>
      </Output>
    </UnitTestResult>
    <UnitTestResult executionId="70ff060c-34f5-419e-910b-26d2efec98f5" testId="884e4e27-5ecd-2097-4971-fb175371fbef" testName="Skillaz.Tests.Candidate.Appointments.SetAppointmentOnStatusChange_feature.Change_candidate_status_and_create_another_appointment_from_enter_form_with_other_time_set" computerName="DESKTOP-F6SKA47" duration="00:00:35.8007383" startTime="2021-12-16T16:20:15.7768566+03:00" endTime="2021-12-16T16:20:15.7768619+03:00" testType="13cdc9d9-ddb5-4fa4-a97d-d965ccfc6d4b" outcome="Passed" testListId="8c84fa94-04c1-424b-9868-57a2d4851a1d" relativeResultsDirectory="70ff060c-34f5-419e-910b-26d2efec98f5">
      <Output>
        <StdOut>SCENARIO: Change candidate status and create another appointment from enter form with other time set&#xD;
  STEP 1/12: GIVEN a company...&#xD;
  STEP 1/12: GIVEN a company (Passed after 1s 234ms)&#xD;
  STEP 2/12: AND the vacancy in the company...&#xD;
  STEP 2/12: AND the vacancy in the company (Passed after 569ms)&#xD;
  STEP 3/12: AND the authenticated user...&#xD;
  STEP 3/12: AND the authenticated user (Passed after 1s 780ms)&#xD;
  STEP 4/12: AND a funnel...&#xD;
  STEP 4/12: AND a funnel (Passed after 747ms)&#xD;
  STEP 5/12: AND client configuration with check workflow and model...&#xD;
  STEP 5/12: AND client configuration with check workflow and model (Passed after 4s 339ms)&#xD;
  STEP 6/12: AND a candidate...&#xD;
  STEP 6/12: AND a candidate (Passed after 484ms)&#xD;
  STEP 7/12: AND interview time slot...&#xD;
  STEP 7/12: AND interview time slot (Passed after 352ms)&#xD;
  STEP 8/12: AND existing occupied time slot [candidateId: "61bb3cf47f10d6937478ad7c"]...&#xD;
  STEP 8/12: AND existing occupied time slot [candidateId: "61bb3cf47f10d6937478ad7c"] (Passed after 22ms)&#xD;
  STEP 9/12: AND existing candidate "Skillaz.Candidate.Contract.Documents.Candidate.CandidateDocument" appointment...&#xD;
  STEP 9/12: AND existing candidate "Skillaz.Candidate.Contract.Documents.Candidate.CandidateDocument" appointment (Passed after 2s 861ms)&#xD;
  STEP 10/12: WHEN candidate status changed with chosen other time no time slots selected...&#xD;
  STEP 10/12: WHEN candidate status changed with chosen other time no time slots selected (Passed after 19s 385ms)&#xD;
  STEP 11/12: THEN candidate has appointment with other time set...&#xD;
  STEP 11/12: THEN candidate has appointment with other time set (Passed after 66ms)&#xD;
  STEP 12/12: AND old timeslot is released...&#xD;
  STEP 12/12: AND old timeslot is released (Passed after 6ms)&#xD;
  SCENARIO RESULT: Passed after 32s 004ms</StdOut>
      </Output>
    </UnitTestResult>
    <UnitTestResult executionId="0a86f16f-9aa0-4a17-a577-766b7ab16607" testId="6026db5b-c674-cfd5-3033-1b552910e998" testName="Skillaz.Tests.OrgUnit.GetOrgUnitWithHierarchyIsAvailable_feature.Parent_and_child_org_units_are_available" computerName="DESKTOP-F6SKA47" duration="00:00:02.5356142" startTime="2021-12-16T16:21:35.0935336+03:00" endTime="2021-12-16T16:21:35.0935351+03:00" testType="13cdc9d9-ddb5-4fa4-a97d-d965ccfc6d4b" outcome="Passed" testListId="8c84fa94-04c1-424b-9868-57a2d4851a1d" relativeResultsDirectory="0a86f16f-9aa0-4a17-a577-766b7ab16607">
      <Output>
        <StdOut>SCENARIO: Parent and child org units are available&#xD;
  STEP 1/6: GIVEN a company...&#xD;
  STEP 1/6: GIVEN a company (Passed after 414ms)&#xD;
  STEP 2/6: AND company configuration with security filter for org unit document [allOrgUnitsAreVisible: "True"]...&#xD;
  STEP 2/6: AND company configuration with security filter for org unit document [allOrgUnitsAreVisible: "True"] (Passed after 1ms)&#xD;
  STEP 3/6: AND the user with security profile...&#xD;
  STEP 3/6: AND the user with security profile (Passed after 688ms)&#xD;
  STEP 4/6: AND the org unit with hierarchy...&#xD;
  STEP 4/6: AND the org unit with hierarchy (Passed after 296ms)&#xD;
  STEP 5/6: WHEN getting org unit with hierarchy...&#xD;
  STEP 5/6: WHEN getting org unit with hierarchy (Passed after 903ms)&#xD;
  STEP 6/6: THEN org units are available...&#xD;
  STEP 6/6: THEN org units are available (Passed after &lt;1ms)&#xD;
  SCENARIO RESULT: Passed after 2s 404ms</StdOut>
      </Output>
    </UnitTestResult>
    <UnitTestResult executionId="c4a71e4a-784f-497c-a359-4d3b1b4a6fa7" testId="019b787c-88b2-9680-3a7b-9251d2235f77" testName="Skillaz.Tests.CompanySpecific.X5.Naumen.NaumenSlaTests.Sla_calculates_correctly_for_next_day(candidateTimeZone: 9, sla: 02:00:00, startDate: 2019-12-31T17:30:00.0000000Z, truth: [NaumenTimeRange { From = &quot;2020-01-01 07:00:00&quot;, To = &quot;2020-01-01 09:00:00&quot; }])" computerName="DESKTOP-F6SKA47" duration="00:00:00.0000569" startTime="2021-12-16T16:16:29.3159545+03:00" endTime="2021-12-16T16:16:29.3159549+03:00" testType="13cdc9d9-ddb5-4fa4-a97d-d965ccfc6d4b" outcome="Passed" testListId="8c84fa94-04c1-424b-9868-57a2d4851a1d" relativeResultsDirectory="c4a71e4a-784f-497c-a359-4d3b1b4a6fa7" />
    <UnitTestResult executionId="90fe50e9-90b5-455e-bac9-0e0b3db885dd" testId="447e3b90-7d37-5b6b-28fe-04c6d36adcd7" testName="Skillaz.Tests.Configurator.Deduplication.StrategySelecting.C_конфигуратором_загружаются_новые_стратегии" computerName="DESKTOP-F6SKA47" duration="00:00:00.7383769" startTime="2021-12-16T16:25:30.1640665+03:00" endTime="2021-12-16T16:25:30.1640687+03:00" testType="13cdc9d9-ddb5-4fa4-a97d-d965ccfc6d4b" outcome="Passed" testListId="8c84fa94-04c1-424b-9868-57a2d4851a1d" relativeResultsDirectory="90fe50e9-90b5-455e-bac9-0e0b3db885dd">
      <Output>
        <StdOut>SCENARIO: C конфигуратором загружаются новые стратегии&#xD;
  STEP 1/3: GIVEN a company...&#xD;
  STEP 1/3: GIVEN a company (Passed after 133ms)&#xD;
  STEP 2/3: Загрузить конфигурацию дедуплликации...&#xD;
  STEP 2/3: Загрузить конфигурацию дедуплликации (Passed after 113ms)&#xD;
  STEP 3/3: Стратегия должна быть из конфигуратора...&#xD;
  STEP 3/3: Стратегия должна быть из конфигуратора (Passed after 320ms)&#xD;
  SCENARIO RESULT: Passed after 598ms</StdOut>
      </Output>
    </UnitTestResult>
    <UnitTestResult executionId="3499d48a-6c78-4fbd-a488-9b2857944334" testId="abd96ff8-0ea3-4b03-750a-ae0acb213e96" testName="Skillaz.Tests.Configurator.DocumentModel.TextGenderDataType_feature.Check_field_gender_text" computerName="DESKTOP-F6SKA47" duration="00:00:07.8503477" startTime="2021-12-16T16:18:48.6102665+03:00" endTime="2021-12-16T16:18:48.6102694+03:00" testType="13cdc9d9-ddb5-4fa4-a97d-d965ccfc6d4b" outcome="Passed" testListId="8c84fa94-04c1-424b-9868-57a2d4851a1d" relativeResultsDirectory="3499d48a-6c78-4fbd-a488-9b2857944334">
      <Output>
        <StdOut>SCENARIO: Check field gender text&#xD;
  STEP 1/5: GIVEN a company...&#xD;
  STEP 1/5: GIVEN a company (Passed after 349ms)&#xD;
  STEP 2/5: AND the authenticated user...&#xD;
  STEP 2/5: AND the authenticated user (Passed after 528ms)&#xD;
  STEP 3/5: Geven model OE...&#xD;
  STEP 3/5: Geven model OE (Passed after 805ms)&#xD;
  STEP 4/5: WHEN create OE...&#xD;
  STEP 4/5: WHEN create OE (Passed after 418ms)&#xD;
  STEP 5/5: THEN check gender...&#xD;
  STEP 5/5: THEN check gender (Passed after 5s 467ms)&#xD;
  SCENARIO RESULT: Passed after 7s 592ms</StdOut>
      </Output>
    </UnitTestResult>
    <UnitTestResult executionId="643112d3-3986-4bb3-9f75-599f6b677b1b" testId="019b787c-88b2-9680-3a7b-9251d2235f77" testName="Skillaz.Tests.CompanySpecific.X5.Naumen.NaumenSlaTests.Sla_calculates_correctly_for_next_day(candidateTimeZone: 7, sla: 02:00:00, startDate: 2019-12-31T15:30:00.0000000Z, truth: [NaumenTimeRange { From = &quot;2020-01-01 07:00:00&quot;, To = &quot;2020-01-01 09:00:00&quot; }])" computerName="DESKTOP-F6SKA47" duration="00:00:00.0000291" startTime="2021-12-16T16:16:29.2815004+03:00" endTime="2021-12-16T16:16:29.2815011+03:00" testType="13cdc9d9-ddb5-4fa4-a97d-d965ccfc6d4b" outcome="Passed" testListId="8c84fa94-04c1-424b-9868-57a2d4851a1d" relativeResultsDirectory="643112d3-3986-4bb3-9f75-599f6b677b1b" />
    <UnitTestResult executionId="141cf229-4fbb-4903-9896-a43fc38ca8ec" testId="a1bee86b-f7fd-eae1-53d0-4373aeec0e30" testName="Skillaz.Tests.Authorization.AuthLoginWorkflowService_Restore_feature.Do_first_step_restore_by_email_expects_link_generation_to_recover_the_password" computerName="DESKTOP-F6SKA47" duration="00:00:05.7458794" startTime="2021-12-16T16:21:44.5062787+03:00" endTime="2021-12-16T16:21:44.5062806+03:00" testType="13cdc9d9-ddb5-4fa4-a97d-d965ccfc6d4b" outcome="Passed" testListId="8c84fa94-04c1-424b-9868-57a2d4851a1d" relativeResultsDirectory="141cf229-4fbb-4903-9896-a43fc38ca8ec">
      <Output>
        <StdOut>SCENARIO: Do first step restore by email expects link generation to recover the password&#xD;
  STEP 1/6: GIVEN a company...&#xD;
  STEP 1/6: GIVEN a company (Passed after 413ms)&#xD;
  STEP 2/6: AND a user with password set property...&#xD;
  STEP 2/6: AND a user with password set property (Passed after 1s 045ms)&#xD;
  STEP 3/6: WHEN doing a password restore [login: "v.pupkin@skillaz.co"]...&#xD;
  STEP 3/6: WHEN doing a password restore [login: "v.pupkin@skillaz.co"] (Passed after 3s 923ms)&#xD;
  STEP 4/6: THEN ensure that email sender called for correct person...&#xD;
  STEP 4/6: THEN ensure that email sender called for correct person (Passed after 25ms)&#xD;
  STEP 5/6: AND ensure that email sent with correct url to restore password...&#xD;
  STEP 5/6: AND ensure that email sent with correct url to restore password (Passed after 32ms)&#xD;
  STEP 6/6: AND ensure that user password is untouched...&#xD;
  STEP 6/6: AND ensure that user password is untouched (Passed after 7ms)&#xD;
  SCENARIO RESULT: Passed after 5s 555ms</StdOut>
      </Output>
    </UnitTestResult>
    <UnitTestResult executionId="d15de60f-168c-440b-b09d-77f2582c2e12" testId="758a10e1-1a69-8954-87aa-84c76881f9a2" testName="Skillaz.Tests.Configurator.DocumentModel.ConfiguratorPermissionsPolicyTests.Apply_Can_permissions" computerName="DESKTOP-F6SKA47" duration="00:00:06.1527267" startTime="2021-12-16T16:21:33.8080603+03:00" endTime="2021-12-16T16:21:33.8080618+03:00" testType="13cdc9d9-ddb5-4fa4-a97d-d965ccfc6d4b" outcome="Passed" testListId="8c84fa94-04c1-424b-9868-57a2d4851a1d" relativeResultsDirectory="d15de60f-168c-440b-b09d-77f2582c2e12">
      <Output>
        <StdOut>SCENARIO: Apply Can permissions&#xD;
  STEP 1/7: GIVEN Given a company...&#xD;
  STEP 1/7: GIVEN Given a company (Passed after 221ms)&#xD;
  STEP 2/7: AND Given the authenticated user...&#xD;
  STEP 2/7: AND Given the authenticated user (Passed after 730ms)&#xD;
  STEP 3/7: AND Given the vacancy in the company [funnelId: "TestFunnel"]...&#xD;
  STEP 3/7: AND Given the vacancy in the company [funnelId: "TestFunnel"] (Passed after 323ms)&#xD;
  STEP 4/7: AND Given Request...&#xD;
  STEP 4/7: AND Given Request (Passed after 350ms)&#xD;
  STEP 5/7: AND Given Can permissions...&#xD;
  STEP 5/7: AND Given Can permissions (Passed after 2s 729ms)&#xD;
  STEP 6/7: WHEN When getting EditModel...&#xD;
  STEP 6/7: WHEN When getting EditModel (Passed after 386ms)&#xD;
  STEP 7/7: THEN Then can edit and can view...&#xD;
  STEP 7/7: THEN Then can edit and can view (Passed after 56ms)&#xD;
  SCENARIO RESULT: Passed after 4s 917ms</StdOut>
      </Output>
    </UnitTestResult>
    <UnitTestResult executionId="e901b61c-5741-4687-bb50-a7f2708bdc32" testId="019b787c-88b2-9680-3a7b-9251d2235f77" testName="Skillaz.Tests.CompanySpecific.X5.Naumen.NaumenSlaTests.Sla_calculates_correctly_for_next_day(candidateTimeZone: 12, sla: 02:00:00, startDate: 2020-01-01T00:30:00.0000000Z, truth: [NaumenTimeRange { From = &quot;2020-01-01 07:00:00&quot;, To = &quot;2020-01-01 09:00:00&quot; }])" computerName="DESKTOP-F6SKA47" duration="00:00:00.0000438" startTime="2021-12-16T16:16:29.3802395+03:00" endTime="2021-12-16T16:16:29.3802404+03:00" testType="13cdc9d9-ddb5-4fa4-a97d-d965ccfc6d4b" outcome="Passed" testListId="8c84fa94-04c1-424b-9868-57a2d4851a1d" relativeResultsDirectory="e901b61c-5741-4687-bb50-a7f2708bdc32" />
    <UnitTestResult executionId="28bfc0cf-5aae-43ff-a12f-0de551c3ad7f" testId="c778c24b-bea5-d39c-8d40-9c31129a3f72" testName="Skillaz.Tests.Helpers.WorkingDaysHelperFeature.FindProductionDates(dateStrings: [&quot;2020-10-01&quot;, &quot;2020-10-02&quot;, &quot;2020-10-15&quot;, &quot;2020-10-16&quot;, &quot;2020-10-01&quot;, ...])" computerName="DESKTOP-F6SKA47" duration="00:00:00.1003635" startTime="2021-12-16T16:16:29.3837359+03:00" endTime="2021-12-16T16:16:29.3837370+03:00" testType="13cdc9d9-ddb5-4fa4-a97d-d965ccfc6d4b" outcome="Passed" testListId="8c84fa94-04c1-424b-9868-57a2d4851a1d" relativeResultsDirectory="28bfc0cf-5aae-43ff-a12f-0de551c3ad7f" />
    <UnitTestResult executionId="c4571441-d14a-4088-bdc8-66edd73c6f5c" testId="695a69c9-264c-d1c5-2032-535ef4bf39f9" testName="Skillaz.Tests.CompanySpecific.X5.Naumen.NaumenSlaTests.Sla_calculates_correctly_for_split_days(candidateTimeZone: 2, sla: 09:00:00, startDate: 2019-12-31T13:30:00.0000000Z, truth: [NaumenTimeRange { From = &quot;2019-12-31 16:30:00&quot;, To = &quot;2019-12-31 21:00:00&quot; }, NaumenTimeRange { From = &quot;2020-01-01 10:00:00&quot;, To = &quot;2020-01-01 14:30:00&quot; }])" computerName="DESKTOP-F6SKA47" duration="00:00:00.0000427" startTime="2021-12-16T16:16:28.9188667+03:00" endTime="2021-12-16T16:16:28.9188674+03:00" testType="13cdc9d9-ddb5-4fa4-a97d-d965ccfc6d4b" outcome="Passed" testListId="8c84fa94-04c1-424b-9868-57a2d4851a1d" relativeResultsDirectory="c4571441-d14a-4088-bdc8-66edd73c6f5c" />
    <UnitTestResult executionId="81e14a3b-baad-4ff0-afde-0706acdd7800" testId="66d27d97-f6f9-bf89-53a6-9c29aa5f2cd7" testName="Skillaz.Tests.BJ.BJApiClient_feature.BJ_API_client_fails_to_create_when_account_is_deleted" computerName="DESKTOP-F6SKA47" duration="00:00:04.5133574" startTime="2021-12-16T16:27:43.6092042+03:00" endTime="2021-12-16T16:27:43.6092073+03:00" testType="13cdc9d9-ddb5-4fa4-a97d-d965ccfc6d4b" outcome="Passed" testListId="8c84fa94-04c1-424b-9868-57a2d4851a1d" relativeResultsDirectory="81e14a3b-baad-4ff0-afde-0706acdd7800">
      <Output>
        <StdOut>SCENARIO: BJ API client fails to create when account is deleted&#xD;
  STEP 1/5: GIVEN a company...&#xD;
  STEP 1/5: GIVEN a company (Passed after 587ms)&#xD;
  STEP 2/5: AND the authenticated user...&#xD;
  STEP 2/5: AND the authenticated user (Passed after 1s 374ms)&#xD;
  STEP 3/5: AND missing bj account...&#xD;
  STEP 3/5: AND missing bj account (Passed after 1ms)&#xD;
  STEP 4/5: WHEN api client is requested...&#xD;
  STEP 4/5: WHEN api client is requested (Passed after 2s 356ms)&#xD;
  STEP 5/5: THEN api client fails to create with not found exception...&#xD;
  STEP 5/5: THEN api client fails to create with not found exception (Passed after 8ms)&#xD;
  SCENARIO RESULT: Passed after 4s 334ms</StdOut>
      </Output>
    </UnitTestResult>
    <UnitTestResult executionId="400edcfc-3afe-4c44-b80c-189aa4e74d99" testId="f727b248-9add-f920-b0ce-770364245e70" testName="Skillaz.Tests.Candidate.Elastic.CandidateElasticMultiselectFiltration_feature.MultiLineFilterCheck(filter: (Skillaz.Candidate.Contract.CandidateSearchFilter, Skillaz.Candidate.Contract.CandidateSearchFilterCommon), result: (2, SearchSettingsType.All, phrases: технолог вуз))" computerName="DESKTOP-F6SKA47" duration="00:00:00.0010000" startTime="2021-12-16T16:26:50.1000106+03:00" endTime="2021-12-16T16:26:50.1000124+03:00" testType="13cdc9d9-ddb5-4fa4-a97d-d965ccfc6d4b" outcome="NotExecuted" testListId="8c84fa94-04c1-424b-9868-57a2d4851a1d" relativeResultsDirectory="400edcfc-3afe-4c44-b80c-189aa4e74d99">
      <Output>
        <StdOut>You need Elasticsearch 7.5 local instance on 9200 port</StdOut>
      </Output>
    </UnitTestResult>
    <UnitTestResult executionId="a8f9a86d-50cf-417f-85e0-2782efe3f42e" testId="bd031a00-902a-ea35-8462-343f1a3a5156" testName="Skillaz.Tests.Configurator.DocumentModel.ObjectTypeSecurityForm.Форма_СБ" computerName="DESKTOP-F6SKA47" duration="00:00:03.7094708" startTime="2021-12-16T16:17:09.9651549+03:00" endTime="2021-12-16T16:17:09.9651641+03:00" testType="13cdc9d9-ddb5-4fa4-a97d-d965ccfc6d4b" outcome="Passed" testListId="8c84fa94-04c1-424b-9868-57a2d4851a1d" relativeResultsDirectory="a8f9a86d-50cf-417f-85e0-2782efe3f42e">
      <Output>
        <StdOut>SCENARIO: Форма СБ&#xD;
  STEP 1/5: GIVEN a company...&#xD;
  STEP 1/5: GIVEN a company (Passed after 75ms)&#xD;
  STEP 2/5: AND the authenticated user...&#xD;
  STEP 2/5: AND the authenticated user (Passed after 128ms)&#xD;
  STEP 3/5: Загрузить модель...&#xD;
  STEP 3/5: Загрузить модель (Passed after 1s 705ms)&#xD;
  STEP 4/5: Проверить что модель загружена...&#xD;
  STEP 4/5: Проверить что модель загружена (Passed after 1s 539ms)&#xD;
  STEP 5/5: Проверить что есть рекомендованные поля...&#xD;
  STEP 5/5: Проверить что есть рекомендованные поля (Passed after 16ms)&#xD;
  SCENARIO RESULT: Passed after 3s 470ms</StdOut>
      </Output>
    </UnitTestResult>
    <UnitTestResult executionId="b71b107a-d85a-42f5-aee9-73030f4f5039" testId="019b787c-88b2-9680-3a7b-9251d2235f77" testName="Skillaz.Tests.CompanySpecific.X5.Naumen.NaumenSlaTests.Sla_calculates_correctly_for_next_day(candidateTimeZone: 7, sla: 02:00:00, startDate: 2020-01-01T00:30:00.0000000Z, truth: [NaumenTimeRange { From = &quot;2020-01-01 07:00:00&quot;, To = &quot;2020-01-01 09:00:00&quot; }])" computerName="DESKTOP-F6SKA47" duration="00:00:00.0000204" startTime="2021-12-16T16:16:29.2892199+03:00" endTime="2021-12-16T16:16:29.2892207+03:00" testType="13cdc9d9-ddb5-4fa4-a97d-d965ccfc6d4b" outcome="Passed" testListId="8c84fa94-04c1-424b-9868-57a2d4851a1d" relativeResultsDirectory="b71b107a-d85a-42f5-aee9-73030f4f5039" />
    <UnitTestResult executionId="9c5e4b16-d538-49f2-b664-d5690343a871" testId="a117a439-657c-aa5a-7f5b-0fdacd0260bc" testName="Skillaz.Tests.Candidate.Checks.CandidateAprove_feature.Candidate_checks_workflow_first_state_whith_approval_aproved" computerName="DESKTOP-F6SKA47" duration="00:00:06.6447447" startTime="2021-12-16T16:25:46.1097880+03:00" endTime="2021-12-16T16:25:46.1097893+03:00" testType="13cdc9d9-ddb5-4fa4-a97d-d965ccfc6d4b" outcome="Passed" testListId="8c84fa94-04c1-424b-9868-57a2d4851a1d" relativeResultsDirectory="9c5e4b16-d538-49f2-b664-d5690343a871">
      <Output>
        <StdOut>SCENARIO: Candidate checks workflow first state whith approval aproved&#xD;
  STEP 1/8: GIVEN a company...&#xD;
  STEP 1/8: GIVEN a company (Passed after 87ms)&#xD;
  STEP 2/8: AND the vacancy in the company...&#xD;
  STEP 2/8: AND the vacancy in the company (Passed after 104ms)&#xD;
  STEP 3/8: AND the authenticated user...&#xD;
  STEP 3/8: AND the authenticated user (Passed after 114ms)&#xD;
  STEP 4/8: AND checks workflow first state whith approval...&#xD;
  STEP 4/8: AND checks workflow first state whith approval (Passed after 1s 505ms)&#xD;
  STEP 5/8: AND a funnel...&#xD;
  STEP 5/8: AND a funnel (Passed after 61ms)&#xD;
  STEP 6/8: AND a candidate with check...&#xD;
  STEP 6/8: AND a candidate with check (Passed after 1s 256ms)&#xD;
  STEP 7/8: WHEN check aproved...&#xD;
  STEP 7/8: WHEN check aproved (Passed after 1s 463ms)&#xD;
  STEP 8/8: THEN check aproved...&#xD;
  STEP 8/8: THEN check aproved (Passed after 847ms)&#xD;
  SCENARIO RESULT: Passed after 5s 446ms</StdOut>
      </Output>
    </UnitTestResult>
    <UnitTestResult executionId="7e77faab-9228-4be1-8c53-115d07d6ae70" testId="70705521-84bc-c237-82e2-02a7c6137b45" testName="Skillaz.Tests.OpenApi.OrgStructureApi.OrgEntityStateChange_feature.Hire_need_activating_active" computerName="DESKTOP-F6SKA47" duration="00:00:08.4992874" startTime="2021-12-16T16:27:37.0752583+03:00" endTime="2021-12-16T16:27:37.0752678+03:00" testType="13cdc9d9-ddb5-4fa4-a97d-d965ccfc6d4b" outcome="Passed" testListId="8c84fa94-04c1-424b-9868-57a2d4851a1d" relativeResultsDirectory="7e77faab-9228-4be1-8c53-115d07d6ae70">
      <Output>
        <StdOut>SCENARIO: Hire need activating active&#xD;
  STEP 1/6: GIVEN a company...&#xD;
  STEP 1/6: GIVEN a company (Passed after 674ms)&#xD;
  STEP 2/6: AND the authenticated api user...&#xD;
  STEP 2/6: AND the authenticated api user (Passed after 980ms)&#xD;
  STEP 3/6: AND a hire need active...&#xD;
  STEP 3/6: AND a hire need active (Passed after 474ms)&#xD;
  STEP 4/6: WHEN activating hire need...&#xD;
  STEP 4/6: WHEN activating hire need (Passed after 533ms)&#xD;
  STEP 5/6: THEN result is not found...&#xD;
  STEP 5/6: THEN result is not found (Passed after &lt;1ms)&#xD;
  STEP 6/6: AND call publish async count zero...&#xD;
  STEP 6/6: AND call publish async count zero (Passed after 5s 401ms)&#xD;
  SCENARIO RESULT: Passed after 8s 147ms</StdOut>
      </Output>
    </UnitTestResult>
    <UnitTestResult executionId="2581fbd9-dc4f-4d87-9626-7ca3f1f38691" testId="d01fd97b-25c8-8cbc-d867-b0560800f465" testName="Skillaz.Tests.Candidate.Elastic.CandidateElasticFiltration_feature.Retrieving_a_candidate_by_sources" computerName="DESKTOP-F6SKA47" duration="00:00:00.0010000" startTime="2021-12-16T16:24:39.9392198+03:00" endTime="2021-12-16T16:24:39.9392211+03:00" testType="13cdc9d9-ddb5-4fa4-a97d-d965ccfc6d4b" outcome="NotExecuted" testListId="8c84fa94-04c1-424b-9868-57a2d4851a1d" relativeResultsDirectory="2581fbd9-dc4f-4d87-9626-7ca3f1f38691">
      <Output>
        <StdOut>You need Elasticsearch 7.5 local instance on 9200 port</StdOut>
      </Output>
    </UnitTestResult>
    <UnitTestResult executionId="2fb2d751-d7d9-4bd7-88d1-e55066427e65" testId="39bbe88c-a5a1-69b6-0e18-a75bb02edd6c" testName="Skillaz.Tests.CompanySpecific.X5.Naumen.NaumenSlaTests.Sla_calculates_correctly_within_one_day(candidateTimeZone: 5, sla: 01:00:00, startDate: 2019-12-31T14:00:00.0000000Z, truth: [NaumenTimeRange { From = &quot;2019-12-31 17:00:00&quot;, To = &quot;2019-12-31 18:00:00&quot; }])" computerName="DESKTOP-F6SKA47" duration="00:00:00.0000440" startTime="2021-12-16T16:16:28.9122615+03:00" endTime="2021-12-16T16:16:28.9122635+03:00" testType="13cdc9d9-ddb5-4fa4-a97d-d965ccfc6d4b" outcome="Passed" testListId="8c84fa94-04c1-424b-9868-57a2d4851a1d" relativeResultsDirectory="2fb2d751-d7d9-4bd7-88d1-e55066427e65" />
    <UnitTestResult executionId="7d6a92f2-ffda-4f58-8c2a-913f174f3056" testId="f727b248-9add-f920-b0ce-770364245e70" testName="Skillaz.Tests.Candidate.Elastic.CandidateElasticMultiselectFiltration_feature.MultiLineFilterCheck(filter: (Skillaz.Candidate.Contract.CandidateSearchFilter, Skillaz.Candidate.Contract.CandidateSearchFilterCommon), result: (1, search in common AND education))" computerName="DESKTOP-F6SKA47" duration="00:00:00.0010000" startTime="2021-12-16T16:26:50.3199399+03:00" endTime="2021-12-16T16:26:50.3199415+03:00" testType="13cdc9d9-ddb5-4fa4-a97d-d965ccfc6d4b" outcome="NotExecuted" testListId="8c84fa94-04c1-424b-9868-57a2d4851a1d" relativeResultsDirectory="7d6a92f2-ffda-4f58-8c2a-913f174f3056">
      <Output>
        <StdOut>You need Elasticsearch 7.5 local instance on 9200 port</StdOut>
      </Output>
    </UnitTestResult>
    <UnitTestResult executionId="f60c1861-3c85-4255-9b89-70c3e0d36cde" testId="d0f33f9f-24ac-0fc7-07bd-03b651b8483b" testName="Skillaz.Tests.OpenApi.CreateNewCandidate_feature.Candidate_duplicate_returned" computerName="DESKTOP-F6SKA47" duration="00:00:09.3604662" startTime="2021-12-16T16:26:14.6765275+03:00" endTime="2021-12-16T16:26:14.6765299+03:00" testType="13cdc9d9-ddb5-4fa4-a97d-d965ccfc6d4b" outcome="Passed" testListId="8c84fa94-04c1-424b-9868-57a2d4851a1d" relativeResultsDirectory="f60c1861-3c85-4255-9b89-70c3e0d36cde">
      <Output>
        <StdOut>SCENARIO: Candidate duplicate returned&#xD;
  STEP 1/7: GIVEN a company...&#xD;
  STEP 1/7: GIVEN a company (Passed after 250ms)&#xD;
  STEP 2/7: AND the authenticated user...&#xD;
  STEP 2/7: AND the authenticated user (Passed after 160ms)&#xD;
  STEP 3/7: AND the vacancy in the company...&#xD;
  STEP 3/7: AND the vacancy in the company (Passed after 69ms)&#xD;
  STEP 4/7: AND the request in the company...&#xD;
  STEP 4/7: AND the request in the company (Passed after 268ms)&#xD;
  STEP 5/7: WHEN candidate with request requested...&#xD;
  STEP 5/7: WHEN candidate with request requested (Passed after 6s 327ms)&#xD;
  STEP 6/7: AND create candidate "Skillaz.OpenApi.Dto.NewCandidateOpenApiDto" requested...&#xD;
  STEP 6/7: AND create candidate "Skillaz.OpenApi.Dto.NewCandidateOpenApiDto" requested (Passed after 979ms)&#xD;
  STEP 7/7: THEN existed candidate id returned in response...&#xD;
  STEP 7/7: THEN existed candidate id returned in response (Passed after 470ms)&#xD;
  SCENARIO RESULT: Passed after 8s 565ms</StdOut>
      </Output>
    </UnitTestResult>
    <UnitTestResult executionId="f567ed31-56bb-4286-8928-98f0d89812a7" testId="24a6eab6-1f08-48a9-6c1b-64fcbe418c15" testName="Skillaz.Tests.Cron.CronScheduleTests.Weekly_job_schedule_works" computerName="DESKTOP-F6SKA47" duration="00:00:00.0087876" startTime="2021-12-16T16:16:29.6421893+03:00" endTime="2021-12-16T16:16:29.6421948+03:00" testType="13cdc9d9-ddb5-4fa4-a97d-d965ccfc6d4b" outcome="Passed" testListId="8c84fa94-04c1-424b-9868-57a2d4851a1d" relativeResultsDirectory="f567ed31-56bb-4286-8928-98f0d89812a7" />
    <UnitTestResult executionId="1b6728d2-c67e-4c13-83b3-33366320b1d4" testId="695a69c9-264c-d1c5-2032-535ef4bf39f9" testName="Skillaz.Tests.CompanySpecific.X5.Naumen.NaumenSlaTests.Sla_calculates_correctly_for_split_days(candidateTimeZone: 3, sla: 01:00:00, startDate: 2019-12-31T16:30:00.0000000Z, truth: [NaumenTimeRange { From = &quot;2019-12-31 19:30:00&quot;, To = &quot;2019-12-31 20:00:00&quot; }, NaumenTimeRange { From = &quot;2020-01-01 09:00:00&quot;, To = &quot;2020-01-01 09:30:00&quot; }])" computerName="DESKTOP-F6SKA47" duration="00:00:00.0000479" startTime="2021-12-16T16:16:28.9244023+03:00" endTime="2021-12-16T16:16:28.9244053+03:00" testType="13cdc9d9-ddb5-4fa4-a97d-d965ccfc6d4b" outcome="Passed" testListId="8c84fa94-04c1-424b-9868-57a2d4851a1d" relativeResultsDirectory="1b6728d2-c67e-4c13-83b3-33366320b1d4" />
    <UnitTestResult executionId="f02e0cde-b060-4a97-b977-6a017d8dceb4" testId="b8b228e3-77c8-3df1-ed2c-90ca625e84a5" testName="Skillaz.Tests.Assessment.Questionnaires.AddressQuestionnaire_feature.Getting_a_questionnaire_list" computerName="DESKTOP-F6SKA47" duration="00:00:02.1761533" startTime="2021-12-16T16:25:44.3659866+03:00" endTime="2021-12-16T16:25:44.3659907+03:00" testType="13cdc9d9-ddb5-4fa4-a97d-d965ccfc6d4b" outcome="Passed" testListId="8c84fa94-04c1-424b-9868-57a2d4851a1d" relativeResultsDirectory="f02e0cde-b060-4a97-b977-6a017d8dceb4">
      <Output>
        <StdOut>SCENARIO: Getting a questionnaire list&#xD;
  STEP 1/5: GIVEN a company...&#xD;
  STEP 1/5: GIVEN a company (Passed after 99ms)&#xD;
  STEP 2/5: AND the authenticated user...&#xD;
  STEP 2/5: AND the authenticated user (Passed after 225ms)&#xD;
  STEP 3/5: AND the questionnaire...&#xD;
  STEP 3/5: AND the questionnaire (Passed after 218ms)&#xD;
  STEP 4/5: WHEN questionnaire list is requested...&#xD;
  STEP 4/5: WHEN questionnaire list is requested (Passed after 1s 111ms)&#xD;
  STEP 5/5: Questionnaire list should be retrieved...&#xD;
  STEP 5/5: Questionnaire list should be retrieved (Passed after 1ms)&#xD;
  SCENARIO RESULT: Passed after 1s 707ms</StdOut>
      </Output>
    </UnitTestResult>
    <UnitTestResult executionId="2176eabc-0cc8-457a-88f2-5eb25ce20e75" testId="046bb47b-e8a8-41eb-72c2-e27e4ac51cf7" testName="Skillaz.Tests.Configurator.Deduplication.UpdateCandidateTest.Кандидат_в_статусе_более_1_дня_правило_не_примениться" computerName="DESKTOP-F6SKA47" duration="00:00:01.8622074" startTime="2021-12-16T16:21:47.1327602+03:00" endTime="2021-12-16T16:21:47.1327606+03:00" testType="13cdc9d9-ddb5-4fa4-a97d-d965ccfc6d4b" outcome="Passed" testListId="8c84fa94-04c1-424b-9868-57a2d4851a1d" relativeResultsDirectory="2176eabc-0cc8-457a-88f2-5eb25ce20e75">
      <Output>
        <StdOut>SCENARIO: Кандидат в статусе более 1 дня правило не примениться&#xD;
  STEP 1/8: GIVEN a company...&#xD;
  STEP 1/8: GIVEN a company (Passed after 146ms)&#xD;
  STEP 2/8: AND the authenticated user...&#xD;
  STEP 2/8: AND the authenticated user (Passed after 382ms)&#xD;
  STEP 3/8: AND the Funnel...&#xD;
  STEP 3/8: AND the Funnel (Passed after 116ms)&#xD;
  STEP 4/8: AND the vacancy in the company [funnelId: "TestingFunnel"]...&#xD;
  STEP 4/8: AND the vacancy in the company [funnelId: "TestingFunnel"] (Passed after 161ms)&#xD;
  STEP 5/8: AND candidate on vacancy hour [idleTimeHour: "3"]...&#xD;
  STEP 5/8: AND candidate on vacancy hour [idleTimeHour: "3"] (Passed after 164ms)&#xD;
  STEP 6/8: AND new candidate addway manual...&#xD;
  STEP 6/8: AND new candidate addway manual (Passed after &lt;1ms)&#xD;
  STEP 7/8: WHEN candidates are updated [list: "Skillaz.Configurator.Contract.Deduplication.DeduplicationActionConfigurationDto"]...&#xD;
  STEP 7/8: WHEN candidates are updated [list: "Skillaz.Configurator.Contract.Deduplication.DeduplicationActionConfigurationDto"] (Passed after 505ms)&#xD;
  STEP 8/8: Check rule not work [name: "Кандидат в статусе более 1 дней"]...&#xD;
  STEP 8/8: Check rule not work [name: "Кандидат в статусе более 1 дней"] (Passed after 2ms)&#xD;
  SCENARIO RESULT: Passed after 1s 569ms</StdOut>
      </Output>
    </UnitTestResult>
    <UnitTestResult executionId="2fe9bca3-3807-44df-8abd-5481a6a94c93" testId="f727b248-9add-f920-b0ce-770364245e70" testName="Skillaz.Tests.Candidate.Elastic.CandidateElasticMultiselectFiltration_feature.MultiLineFilterCheck(filter: (Skillaz.Candidate.Contract.CandidateSearchFilter, Skillaz.Candidate.Contract.CandidateSearchFilterCommon), result: (0, search by tabel number))" computerName="DESKTOP-F6SKA47" duration="00:00:00.0010000" startTime="2021-12-16T16:26:50.3171036+03:00" endTime="2021-12-16T16:26:50.3171053+03:00" testType="13cdc9d9-ddb5-4fa4-a97d-d965ccfc6d4b" outcome="NotExecuted" testListId="8c84fa94-04c1-424b-9868-57a2d4851a1d" relativeResultsDirectory="2fe9bca3-3807-44df-8abd-5481a6a94c93">
      <Output>
        <StdOut>You need Elasticsearch 7.5 local instance on 9200 port</StdOut>
      </Output>
    </UnitTestResult>
    <UnitTestResult executionId="65009e34-49f7-412b-8a45-13f2a66925f7" testId="95ab1c5b-5375-a56f-814d-c43b88cd3e3a" testName="Skillaz.Tests.AsyncEnumerable.AsyncEnumerableTests.To_list_works_for_async_enumerable" computerName="DESKTOP-F6SKA47" duration="00:00:01.6039731" startTime="2021-12-16T16:16:31.4837776+03:00" endTime="2021-12-16T16:16:31.4837921+03:00" testType="13cdc9d9-ddb5-4fa4-a97d-d965ccfc6d4b" outcome="Passed" testListId="8c84fa94-04c1-424b-9868-57a2d4851a1d" relativeResultsDirectory="65009e34-49f7-412b-8a45-13f2a66925f7" />
    <UnitTestResult executionId="5c7a7575-1636-4573-8514-a8865de1aae6" testId="019b787c-88b2-9680-3a7b-9251d2235f77" testName="Skillaz.Tests.CompanySpecific.X5.Naumen.NaumenSlaTests.Sla_calculates_correctly_for_next_day(candidateTimeZone: 2, sla: 02:00:00, startDate: 2019-12-31T19:30:00.0000000Z, truth: [NaumenTimeRange { From = &quot;2020-01-01 10:00:00&quot;, To = &quot;2020-01-01 12:00:00&quot; }])" computerName="DESKTOP-F6SKA47" duration="00:00:00.0000562" startTime="2021-12-16T16:16:29.0594588+03:00" endTime="2021-12-16T16:16:29.0594592+03:00" testType="13cdc9d9-ddb5-4fa4-a97d-d965ccfc6d4b" outcome="Passed" testListId="8c84fa94-04c1-424b-9868-57a2d4851a1d" relativeResultsDirectory="5c7a7575-1636-4573-8514-a8865de1aae6" />
    <UnitTestResult executionId="013f7101-09fb-4756-85d9-7ab46cba4361" testId="cd1f0cda-9d03-0245-b208-5abce7515c4c" testName="Skillaz.Tests.SupportAgents.SupportAgents_feature.Receive_agents_list" computerName="DESKTOP-F6SKA47" duration="00:00:13.6346713" startTime="2021-12-16T16:20:22.5322796+03:00" endTime="2021-12-16T16:20:22.5322818+03:00" testType="13cdc9d9-ddb5-4fa4-a97d-d965ccfc6d4b" outcome="Passed" testListId="8c84fa94-04c1-424b-9868-57a2d4851a1d" relativeResultsDirectory="013f7101-09fb-4756-85d9-7ab46cba4361">
      <Output>
        <StdOut>SCENARIO: Receive agents list&#xD;
  STEP 1/6: GIVEN a company...&#xD;
  STEP 1/6: GIVEN a company (Passed after 346ms)&#xD;
  STEP 2/6: AND the authenticated admin user...&#xD;
  STEP 2/6: AND the authenticated admin user (Passed after 330ms)&#xD;
  STEP 3/6: AND support agent...&#xD;
  STEP 3/6: AND support agent (Passed after 150ms)&#xD;
  STEP 4/6: AND active agent chat...&#xD;
  STEP 4/6: AND active agent chat (Passed after 464ms)&#xD;
  STEP 5/6: WHEN agent list requested...&#xD;
  STEP 5/6: WHEN agent list requested (Passed after 9s 864ms)&#xD;
  STEP 6/6: THEN correct agent list returned...&#xD;
  STEP 6/6: THEN correct agent list returned (Passed after 63ms)&#xD;
  SCENARIO RESULT: Passed after 11s 381ms</StdOut>
      </Output>
    </UnitTestResult>
    <UnitTestResult executionId="e9c99a37-4d72-4051-8fec-1bc6e13dd281" testId="20e23933-61e6-2378-f778-e7a21b5e12fd" testName="Skillaz.Tests.OpenApi.OrgStructureApi.OrgEntityStateChange_feature.Org_unit_activating" computerName="DESKTOP-F6SKA47" duration="00:00:05.1813739" startTime="2021-12-16T16:27:42.5213736+03:00" endTime="2021-12-16T16:27:42.5213819+03:00" testType="13cdc9d9-ddb5-4fa4-a97d-d965ccfc6d4b" outcome="Passed" testListId="8c84fa94-04c1-424b-9868-57a2d4851a1d" relativeResultsDirectory="e9c99a37-4d72-4051-8fec-1bc6e13dd281">
      <Output>
        <StdOut>SCENARIO: Org unit activating&#xD;
  STEP 1/7: GIVEN a company...&#xD;
  STEP 1/7: GIVEN a company (Passed after 177ms)&#xD;
  STEP 2/7: AND the authenticated api user...&#xD;
  STEP 2/7: AND the authenticated api user (Passed after 206ms)&#xD;
  STEP 3/7: AND an org unit archived...&#xD;
  STEP 3/7: AND an org unit archived (Passed after 632ms)&#xD;
  STEP 4/7: WHEN activating org unit...&#xD;
  STEP 4/7: WHEN activating org unit (Passed after 1s 278ms)&#xD;
  STEP 5/7: THEN result is ok...&#xD;
  STEP 5/7: THEN result is ok (Passed after &lt;1ms)&#xD;
  STEP 6/7: AND org unit is active...&#xD;
  STEP 6/7: AND org unit is active (Passed after 988ms)&#xD;
  STEP 7/7: AND call publish async count one...&#xD;
  STEP 7/7: AND call publish async count one (Passed after &lt;1ms)&#xD;
  SCENARIO RESULT: Passed after 3s 359ms</StdOut>
      </Output>
    </UnitTestResult>
    <UnitTestResult executionId="17dd1654-cd70-4adc-be2e-b1e678c5e70b" testId="695a69c9-264c-d1c5-2032-535ef4bf39f9" testName="Skillaz.Tests.CompanySpecific.X5.Naumen.NaumenSlaTests.Sla_calculates_correctly_for_split_days(candidateTimeZone: 9, sla: 02:00:00, startDate: 2019-12-31T10:00:00.0000000Z, truth: [NaumenTimeRange { From = &quot;2019-12-31 13:00:00&quot;, To = &quot;2019-12-31 14:00:00&quot; }, NaumenTimeRange { From = &quot;2020-01-01 07:00:00&quot;, To = &quot;2020-01-01 08:00:00&quot; }])" computerName="DESKTOP-F6SKA47" duration="00:00:00.0000808" startTime="2021-12-16T16:16:29.0121094+03:00" endTime="2021-12-16T16:16:29.0121097+03:00" testType="13cdc9d9-ddb5-4fa4-a97d-d965ccfc6d4b" outcome="Passed" testListId="8c84fa94-04c1-424b-9868-57a2d4851a1d" relativeResultsDirectory="17dd1654-cd70-4adc-be2e-b1e678c5e70b" />
    <UnitTestResult executionId="0dc141a7-9980-40ca-9ac5-9aaad42e058e" testId="36994a9d-9e82-482a-ed0a-ae49f5dd8835" testName="Тип определения проверки - 'Последняя успешная'" computerName="DESKTOP-F6SKA47" duration="00:00:41.7865167" startTime="2021-12-16T16:30:18.4204089+03:00" endTime="2021-12-16T16:30:18.4204111+03:00" testType="13cdc9d9-ddb5-4fa4-a97d-d965ccfc6d4b" outcome="Passed" testListId="8c84fa94-04c1-424b-9868-57a2d4851a1d" relativeResultsDirectory="0dc141a7-9980-40ca-9ac5-9aaad42e058e">
      <Output>
        <StdOut>SCENARIO: Check copy of success run&#xD;
  STEP 1/9: GIVEN a company...&#xD;
  STEP 1/9: GIVEN a company (Passed after 2s 168ms)&#xD;
  STEP 2/9: AND a vacancy with funnel...&#xD;
  STEP 2/9: AND a vacancy with funnel (Passed after 119ms)&#xD;
  STEP 3/9: AND the authenticated user...&#xD;
  STEP 3/9: AND the authenticated user (Passed after 84ms)&#xD;
  STEP 4/9: AND a candidate...&#xD;
  STEP 4/9: AND a candidate (Passed after 18s 160ms)&#xD;
  STEP 5/9: AND success check configurations...&#xD;
  STEP 5/9: AND success check configurations (Passed after 343ms)&#xD;
  STEP 6/9: WHEN first check started...&#xD;
  STEP 6/9: WHEN first check started (Passed after 10s 882ms)&#xD;
  STEP 7/9: AND first check saved...&#xD;
  STEP 7/9: AND first check saved (Passed after 9s 020ms)&#xD;
  STEP 8/9: AND second check started...&#xD;
  STEP 8/9: AND second check started (Passed after 734ms)&#xD;
  STEP 9/9: THEN field is copied...&#xD;
  STEP 9/9: THEN field is copied (Passed after 22ms)&#xD;
  SCENARIO RESULT: Passed after 41s 541ms</StdOut>
      </Output>
    </UnitTestResult>
    <UnitTestResult executionId="8507ddf3-6fbd-4291-baa1-f243eb3cac33" testId="88ed5167-268a-9511-761a-6f6b601c44bc" testName="Skillaz.Tests.Authorization.AuthLoginWorkflowService_NewUser_feature.CreateUserWithSSO" computerName="DESKTOP-F6SKA47" duration="00:00:02.4142484" startTime="2021-12-16T16:24:38.8198590+03:00" endTime="2021-12-16T16:24:38.8198605+03:00" testType="13cdc9d9-ddb5-4fa4-a97d-d965ccfc6d4b" outcome="Passed" testListId="8c84fa94-04c1-424b-9868-57a2d4851a1d" relativeResultsDirectory="8507ddf3-6fbd-4291-baa1-f243eb3cac33">
      <Output>
        <StdOut>SCENARIO: CreateUserWithSSO&#xD;
  STEP 1/6: GIVEN Given a company...&#xD;
  STEP 1/6: GIVEN Given a company (Passed after 328ms)&#xD;
  STEP 2/6: AND Given the authenticated user...&#xD;
  STEP 2/6: AND Given the authenticated user (Passed after 635ms)&#xD;
  STEP 3/6: AND add additional models...&#xD;
  STEP 3/6: AND add additional models (Passed after 34ms)&#xD;
  STEP 4/6: WHEN When create user with SSO...&#xD;
  STEP 4/6: WHEN When create user with SSO (Passed after 632ms)&#xD;
  STEP 5/6: THEN Then ensure that user has SSO AuthType...&#xD;
  STEP 5/6: THEN Then ensure that user has SSO AuthType (Passed after 274ms)&#xD;
  STEP 6/6: AND Then ensure that user created...&#xD;
  STEP 6/6: AND Then ensure that user created (Passed after 62ms)&#xD;
  SCENARIO RESULT: Passed after 1s 981ms</StdOut>
      </Output>
    </UnitTestResult>
    <UnitTestResult executionId="3a6c2fce-4527-4077-ba98-dcb48f0a6e6e" testId="1172bcf6-55e8-64bd-3c3e-d49e294cd4ee" testName="Skillaz.Tests.Configurator.ConfiguratorEditorApiCellTests.Редактор_конфигуратора_создается_и_редактируется" computerName="DESKTOP-F6SKA47" duration="00:00:12.5034410" startTime="2021-12-16T16:29:26.0076530+03:00" endTime="2021-12-16T16:29:26.0076536+03:00" testType="13cdc9d9-ddb5-4fa4-a97d-d965ccfc6d4b" outcome="Passed" testListId="8c84fa94-04c1-424b-9868-57a2d4851a1d" relativeResultsDirectory="3a6c2fce-4527-4077-ba98-dcb48f0a6e6e">
      <Output>
        <StdOut>SCENARIO: Редактор конфигуратора создается и редактируется&#xD;
  STEP 1/8: GIVEN a company...&#xD;
  STEP 1/8: GIVEN a company (Passed after 907ms)&#xD;
  STEP 2/8: AND the authenticated user...&#xD;
  STEP 2/8: AND the authenticated user (Passed after 972ms)&#xD;
  STEP 3/8: Выдать пользователю нужные права...&#xD;
  STEP 3/8: Выдать пользователю нужные права (Passed after 1ms)&#xD;
  STEP 4/8: Получить воронку в конфигураторе без черновика...&#xD;
  STEP 4/8: Получить воронку в конфигураторе без черновика (Passed after 758ms)&#xD;
  STEP 5/8: Получить модель для редактирования ячейки выходы...&#xD;
  STEP 5/8: Получить модель для редактирования ячейки выходы (Passed after 3s 897ms)&#xD;
  STEP 6/8: Получить модель для редактирования ячейки оповещения...&#xD;
  STEP 6/8: Получить модель для редактирования ячейки оповещения (Passed after 1s 755ms)&#xD;
  STEP 7/8: Отредактировать ячейку...&#xD;
  STEP 7/8: Отредактировать ячейку (Passed after 2s 322ms)&#xD;
  STEP 8/8: Проверить что ячейка отредактировалась...&#xD;
  STEP 8/8: Проверить что ячейка отредактировалась (Passed after 427ms)&#xD;
  SCENARIO RESULT: Passed after 11s 228ms</StdOut>
      </Output>
    </UnitTestResult>
    <UnitTestResult executionId="173021d0-74f4-4121-ae3d-d325c5a0331d" testId="019b787c-88b2-9680-3a7b-9251d2235f77" testName="Skillaz.Tests.CompanySpecific.X5.Naumen.NaumenSlaTests.Sla_calculates_correctly_for_next_day(candidateTimeZone: 7, sla: 02:00:00, startDate: 2020-01-01T02:00:00.0000000Z, truth: [NaumenTimeRange { From = &quot;2020-01-01 07:00:00&quot;, To = &quot;2020-01-01 09:00:00&quot; }])" computerName="DESKTOP-F6SKA47" duration="00:00:00.0000319" startTime="2021-12-16T16:16:29.2898146+03:00" endTime="2021-12-16T16:16:29.2898156+03:00" testType="13cdc9d9-ddb5-4fa4-a97d-d965ccfc6d4b" outcome="Passed" testListId="8c84fa94-04c1-424b-9868-57a2d4851a1d" relativeResultsDirectory="173021d0-74f4-4121-ae3d-d325c5a0331d" />
    <UnitTestResult executionId="462f3fc9-91d4-4995-b3c4-a1adc473c226" testId="d0ee4d38-c709-1365-167d-d6338423f337" testName="Skillaz.Tests.Authorization.AuthLoginWorkflowService_Restore_feature.Do_second_step_restore_by_username_expects_login_action_become_changePassword" computerName="DESKTOP-F6SKA47" duration="00:00:01.6982184" startTime="2021-12-16T16:21:46.0673014+03:00" endTime="2021-12-16T16:21:46.0673038+03:00" testType="13cdc9d9-ddb5-4fa4-a97d-d965ccfc6d4b" outcome="Passed" testListId="8c84fa94-04c1-424b-9868-57a2d4851a1d" relativeResultsDirectory="462f3fc9-91d4-4995-b3c4-a1adc473c226">
      <Output>
        <StdOut>SCENARIO: Do second step restore by username expects login action become changePassword&#xD;
  STEP 1/6: GIVEN a company...&#xD;
  STEP 1/6: GIVEN a company (Passed after 114ms)&#xD;
  STEP 2/6: AND a user with password set property...&#xD;
  STEP 2/6: AND a user with password set property (Passed after 207ms)&#xD;
  STEP 3/6: WHEN doing a password restore [login: "v.pupkin"]...&#xD;
  STEP 3/6: WHEN doing a password restore [login: "v.pupkin"] (Passed after 160ms)&#xD;
  STEP 4/6: AND doing a execute with [loginRequest: "Skillaz.Auth.Contract.Agent.Persistence.User.UserLoginRequestDocument"]...&#xD;
  STEP 4/6: AND doing a execute with [loginRequest: "Skillaz.Auth.Contract.Agent.Persistence.User.UserLoginRequestDocument"] (Passed after 458ms)&#xD;
  STEP 5/6: THEN ensure that last login result action is ChangePassword...&#xD;
  STEP 5/6: THEN ensure that last login result action is ChangePassword (Passed after &lt;1ms)&#xD;
  STEP 6/6: AND ensure that user password is untouched...&#xD;
  STEP 6/6: AND ensure that user password is untouched (Passed after 1ms)&#xD;
  SCENARIO RESULT: Passed after 1s 024ms</StdOut>
      </Output>
    </UnitTestResult>
    <UnitTestResult executionId="ca31e1df-a6b9-4089-90ac-e0e0f6e2e538" testId="019b787c-88b2-9680-3a7b-9251d2235f77" testName="Skillaz.Tests.CompanySpecific.X5.Naumen.NaumenSlaTests.Sla_calculates_correctly_for_next_day(candidateTimeZone: 8, sla: 02:00:00, startDate: 2020-01-01T01:00:00.0000000Z, truth: [NaumenTimeRange { From = &quot;2020-01-01 07:00:00&quot;, To = &quot;2020-01-01 09:00:00&quot; }])" computerName="DESKTOP-F6SKA47" duration="00:00:00.0000345" startTime="2021-12-16T16:16:29.3026889+03:00" endTime="2021-12-16T16:16:29.3026898+03:00" testType="13cdc9d9-ddb5-4fa4-a97d-d965ccfc6d4b" outcome="Passed" testListId="8c84fa94-04c1-424b-9868-57a2d4851a1d" relativeResultsDirectory="ca31e1df-a6b9-4089-90ac-e0e0f6e2e538" />
    <UnitTestResult executionId="fcdc133c-c127-4a59-acf1-b6a1885a9290" testId="019b787c-88b2-9680-3a7b-9251d2235f77" testName="Skillaz.Tests.CompanySpecific.X5.Naumen.NaumenSlaTests.Sla_calculates_correctly_for_next_day(candidateTimeZone: 4, sla: 02:00:00, startDate: 2020-01-01T03:30:00.0000000Z, truth: [NaumenTimeRange { From = &quot;2020-01-01 08:00:00&quot;, To = &quot;2020-01-01 10:00:00&quot; }])" computerName="DESKTOP-F6SKA47" duration="00:00:00.0000353" startTime="2021-12-16T16:16:29.0965755+03:00" endTime="2021-12-16T16:16:29.0965759+03:00" testType="13cdc9d9-ddb5-4fa4-a97d-d965ccfc6d4b" outcome="Passed" testListId="8c84fa94-04c1-424b-9868-57a2d4851a1d" relativeResultsDirectory="fcdc133c-c127-4a59-acf1-b6a1885a9290" />
    <UnitTestResult executionId="9276bdfe-3c3a-428b-a769-3c99a2535dc6" testId="f6b225cd-e6f2-9c6d-0df2-b0f2a6dffe76" testName="Skillaz.Tests.Authorization.AuthLoginWorkflowService_CheckPrivacyPolicyOnLogin_feature.Do_login_user_without_accepted_policy_in_company_with_EnabledRequiredPolicyOfUsers_and_user_policy_not_accept" computerName="DESKTOP-F6SKA47" duration="00:00:04.3579934" startTime="2021-12-16T16:26:29.3826267+03:00" endTime="2021-12-16T16:26:29.3826321+03:00" testType="13cdc9d9-ddb5-4fa4-a97d-d965ccfc6d4b" outcome="Passed" testListId="8c84fa94-04c1-424b-9868-57a2d4851a1d" relativeResultsDirectory="9276bdfe-3c3a-428b-a769-3c99a2535dc6">
      <Output>
        <StdOut>SCENARIO: Do login user without accepted policy in company with EnabledRequiredPolicyOfUsers and user policy not accept&#xD;
  STEP 1/5: GIVEN Given Company "Skillaz.Candidate.Contract.LegacyCompany.LegacyCompanyDocument"...&#xD;
  STEP 1/5: GIVEN Given Company "Skillaz.Candidate.Contract.LegacyCompany.LegacyCompanyDocument" (Passed after 273ms)&#xD;
  STEP 2/5: AND Given a user...&#xD;
  STEP 2/5: AND Given a user (Passed after 319ms)&#xD;
  STEP 3/5: AND SetInUserPrivacyPolicyOfUsers [isAccepted: "False"] [AcceptedPolicyLink: "&lt;null&gt;"]...&#xD;
  STEP 3/5: AND SetInUserPrivacyPolicyOfUsers [isAccepted: "False"] [AcceptedPolicyLink: "&lt;null&gt;"] (Passed after 2ms)&#xD;
  STEP 4/5: WHEN When doing a login "v.pupkin" attempt with accepting policy [password: "strong_Asdasd123asdasd$Asdasd123asdasd$^1"] [privacyIsAttempt: "False"]...&#xD;
  STEP 4/5: WHEN When doing a login "v.pupkin" attempt with accepting policy [password: "strong_Asdasd123asdasd$Asdasd123asdasd$^1"] [privacyIsAttempt: "False"] (Passed after 1s 869ms)&#xD;
  STEP 5/5: THEN Then ensure that user was not authenticated and return action AcceptPrivacyPolicyOfUsers...&#xD;
  STEP 5/5: THEN Then ensure that user was not authenticated and return action AcceptPrivacyPolicyOfUsers (Passed after 260ms)&#xD;
  SCENARIO RESULT: Passed after 2s 820ms</StdOut>
      </Output>
    </UnitTestResult>
    <UnitTestResult executionId="e6060c3c-9eb2-404c-8ca2-1f3c8fda353b" testId="d9fb353b-bfab-96e6-e2d6-8f5c4eae2661" testName="Skillaz.Tests.CompanySpecific.Magnit.MagnitCandidateKPIRatingCreateTrigger_feature.KPI_candidate_rating_is_not_created(withKPI: False)" computerName="DESKTOP-F6SKA47" duration="00:00:13.0687037" startTime="2021-12-16T16:30:00.6166890+03:00" endTime="2021-12-16T16:30:00.6166904+03:00" testType="13cdc9d9-ddb5-4fa4-a97d-d965ccfc6d4b" outcome="Passed" testListId="8c84fa94-04c1-424b-9868-57a2d4851a1d" relativeResultsDirectory="e6060c3c-9eb2-404c-8ca2-1f3c8fda353b">
      <Output>
        <StdOut>SCENARIO: KPI candidate rating is not created [withKPI: "False"]&#xD;
  STEP 1/9: GIVEN a company [companyId: "magnit"]...&#xD;
  STEP 1/9: GIVEN a company [companyId: "magnit"] (Passed after 614ms)&#xD;
  STEP 2/9: AND the authenticated admin user...&#xD;
  STEP 2/9: AND the authenticated admin user (Passed after 3s 799ms)&#xD;
  STEP 3/9: AND the vacancy in the company...&#xD;
  STEP 3/9: AND the vacancy in the company (Passed after 1s 962ms)&#xD;
  STEP 4/9: AND a candidate...&#xD;
  STEP 4/9: AND a candidate (Passed after 147ms)&#xD;
  STEP 5/9: AND a candidate profile with KPI sign [companyId: "magnit"] [withKPI: "False"]...&#xD;
  STEP 5/9: AND a candidate profile with KPI sign [companyId: "magnit"] [withKPI: "False"] (Passed after 2s 152ms)&#xD;
  STEP 6/9: AND ratings...&#xD;
  STEP 6/9: AND ratings (Passed after 770ms)&#xD;
  STEP 7/9: WHEN trigger executed...&#xD;
  STEP 7/9: WHEN trigger executed (Passed after 46ms)&#xD;
  STEP 8/9: THEN candidate rating is not created...&#xD;
  STEP 8/9: THEN candidate rating is not created (Passed after 1ms)&#xD;
  STEP 9/9: AND no exception is thrown...&#xD;
  STEP 9/9: AND no exception is thrown (Passed after &lt;1ms)&#xD;
  SCENARIO RESULT: Passed after 9s 520ms</StdOut>
      </Output>
    </UnitTestResult>
    <UnitTestResult executionId="be70e6d5-1062-426e-a560-f0f4f07d60c9" testId="81818215-6b8a-86d9-cadc-468f452a41c8" testName="Skillaz.Tests.CustomFilters.CandidateCustomFilters.Check_invalid_filter" computerName="DESKTOP-F6SKA47" duration="00:00:03.5644199" startTime="2021-12-16T16:25:50.0313192+03:00" endTime="2021-12-16T16:25:50.0313210+03:00" testType="13cdc9d9-ddb5-4fa4-a97d-d965ccfc6d4b" outcome="Passed" testListId="8c84fa94-04c1-424b-9868-57a2d4851a1d" relativeResultsDirectory="be70e6d5-1062-426e-a560-f0f4f07d60c9">
      <Output>
        <StdOut>SCENARIO: Check invalid filter&#xD;
  STEP 1/7: GIVEN a company...&#xD;
  STEP 1/7: GIVEN a company (Passed after 212ms)&#xD;
  STEP 2/7: AND the authenticated user...&#xD;
  STEP 2/7: AND the authenticated user (Passed after 927ms)&#xD;
  STEP 3/7: AND the client configuration for company...&#xD;
  STEP 3/7: AND the client configuration for company (Passed after 1s 283ms)&#xD;
  STEP 4/7: AND the vacancy in the company...&#xD;
  STEP 4/7: AND the vacancy in the company (Passed after 189ms)&#xD;
  STEP 5/7: AND a candidates...&#xD;
  STEP 5/7: AND a candidates (Passed after &lt;1ms)&#xD;
  STEP 6/7: AND invalid dto...&#xD;
  STEP 6/7: AND invalid dto (Passed after 1ms)&#xD;
  STEP 7/7: THEN invalid dto exception...&#xD;
  STEP 7/7: THEN invalid dto exception (Passed after 29ms)&#xD;
  SCENARIO RESULT: Passed after 2s 685ms</StdOut>
      </Output>
    </UnitTestResult>
    <UnitTestResult executionId="b978176e-c0c3-4215-b797-298398681199" testId="5607df55-06e2-4b65-ac94-49be50b352d1" testName="Расширение файла не должно совпадать с его содержимым(fileName: &quot;Doc.doc&quot;, alterName: &quot;.png&quot;)" computerName="DESKTOP-F6SKA47" duration="00:00:00.0075594" startTime="2021-12-16T16:16:30.9096582+03:00" endTime="2021-12-16T16:16:30.9096739+03:00" testType="13cdc9d9-ddb5-4fa4-a97d-d965ccfc6d4b" outcome="Passed" testListId="8c84fa94-04c1-424b-9868-57a2d4851a1d" relativeResultsDirectory="b978176e-c0c3-4215-b797-298398681199" />
    <UnitTestResult executionId="abc78a3d-edf3-47f0-a909-a8f950f00b56" testId="83bd1e15-a1e2-517f-9ad8-ae1135768e2d" testName="Skillaz.Tests.CompanySpecific.Perekrestok.PerekrestokRequestPriority_feature.Calculation_request_priority(supermarketType: &quot;Закрытый супермаркет&quot;, requestVl: -100, employmentCandidateCount: 0, employmentFinishedCandidateCount: 0, interviewCandidateCount: 0, requestPriority: Unknown)" computerName="DESKTOP-F6SKA47" duration="00:00:01.5542623" startTime="2021-12-16T16:23:31.9560254+03:00" endTime="2021-12-16T16:23:31.9560358+03:00" testType="13cdc9d9-ddb5-4fa4-a97d-d965ccfc6d4b" outcome="Passed" testListId="8c84fa94-04c1-424b-9868-57a2d4851a1d" relativeResultsDirectory="abc78a3d-edf3-47f0-a909-a8f950f00b56">
      <Output>
        <StdOut>SCENARIO: Calculation request priority [supermarketType: "Закрытый супермаркет"] [requestVl: "-100"] [employmentCandidateCount: "0"] [employmentFinishedCandidateCount: "0"] [interviewCandidateCount: "0"] [requestPriority: "Unknown"]&#xD;
  STEP 1/6: GIVEN Given a company [companyId: "PerekrestokCompany"]...&#xD;
  STEP 1/6: GIVEN Given a company [companyId: "PerekrestokCompany"] (Passed after 260ms)&#xD;
  STEP 2/6: AND Given the authenticated user...&#xD;
  STEP 2/6: AND Given the authenticated user (Passed after 464ms)&#xD;
  STEP 3/6: AND Given org unit and request for status [requestState: "InWork"] [supermarketType: "Закрытый супермаркет"] [requestVl: "-100"]...&#xD;
  STEP 3/6: AND Given org unit and request for status [requestState: "InWork"] [supermarketType: "Закрытый супермаркет"] [requestVl: "-100"] (Passed after 380ms)&#xD;
  STEP 4/6: AND Given candidates according data and assigned to request [employmentCandidateCount: "0"] [employmentFinishedCandidateCount: "0"] [interviewCandidateCount: "0"]...&#xD;
  STEP 4/6: AND Given candidates according data and assigned to request [employmentCandidateCount: "0"] [employmentFinishedCandidateCount: "0"] [interviewCandidateCount: "0"] (Passed after 1ms)&#xD;
  STEP 5/6: WHEN When calculation priority...&#xD;
  STEP 5/6: WHEN When calculation priority (Passed after 13ms)&#xD;
  STEP 6/6: THEN Then request priority equal [requestPriority: "Unknown"]...&#xD;
  STEP 6/6: THEN Then request priority equal [requestPriority: "Unknown"] (Passed after 12ms)&#xD;
  SCENARIO RESULT: Passed after 1s 174ms</StdOut>
      </Output>
    </UnitTestResult>
    <UnitTestResult executionId="624477f2-138f-4f23-889f-fc42ffb9ed9a" testId="25ecfa4f-f473-2d64-471a-8f46f60bb777" testName="Skillaz.Tests.CompanySpecific.Perekrestok.PerekrestokVacancyPriority_feature.Calculation_vacancy_priority(requestPriorities: [Unknown, Low, Normal, High, Critical], expectedResult: Critical)" computerName="DESKTOP-F6SKA47" duration="00:00:00.8814064" startTime="2021-12-16T16:24:39.3035827+03:00" endTime="2021-12-16T16:24:39.3036053+03:00" testType="13cdc9d9-ddb5-4fa4-a97d-d965ccfc6d4b" outcome="Passed" testListId="8c84fa94-04c1-424b-9868-57a2d4851a1d" relativeResultsDirectory="624477f2-138f-4f23-889f-fc42ffb9ed9a">
      <Output>
        <StdOut>SCENARIO: Calculation vacancy priority [requestPriorities: "Unknown, Low, Normal, High, Critical"] [expectedResult: "Critical"]&#xD;
  STEP 1/5: GIVEN Given a company [companyId: "PerekrestokCompany"]...&#xD;
  STEP 1/5: GIVEN Given a company [companyId: "PerekrestokCompany"] (Passed after 136ms)&#xD;
  STEP 2/5: AND Given the vacancy in the company...&#xD;
  STEP 2/5: AND Given the vacancy in the company (Passed after 254ms)&#xD;
  STEP 3/5: AND Given the requests from list priority [requestPriorities: "Unknown, Low, Normal, High, Critical"]...&#xD;
  STEP 3/5: AND Given the requests from list priority [requestPriorities: "Unknown, Low, Normal, High, Critical"] (Passed after 88ms)&#xD;
  STEP 4/5: WHEN When calculation priority...&#xD;
  STEP 4/5: WHEN When calculation priority (Passed after 9ms)&#xD;
  STEP 5/5: THEN Then vacancy priority "Critical" equal...&#xD;
  STEP 5/5: THEN Then vacancy priority "Critical" equal (Passed after 11ms)&#xD;
  SCENARIO RESULT: Passed after 517ms</StdOut>
      </Output>
    </UnitTestResult>
    <UnitTestResult executionId="fd436c70-34d8-4845-8997-d97c276855b0" testId="c3f36319-a6ac-72c6-de73-7091eaa30e7e" testName="Skillaz.Tests.Candidate.Workflow.CandidateAddWaySwitchRulesTests.Check_rule_working_when_status_changed" computerName="DESKTOP-F6SKA47" duration="00:00:13.6957486" startTime="2021-12-16T16:27:27.6508418+03:00" endTime="2021-12-16T16:27:27.6508441+03:00" testType="13cdc9d9-ddb5-4fa4-a97d-d965ccfc6d4b" outcome="Passed" testListId="8c84fa94-04c1-424b-9868-57a2d4851a1d" relativeResultsDirectory="fd436c70-34d8-4845-8997-d97c276855b0">
      <Output>
        <StdOut>SCENARIO: Check rule working when status changed&#xD;
  STEP 1/7: GIVEN a company...&#xD;
  STEP 1/7: GIVEN a company (Passed after 1s 216ms)&#xD;
  STEP 2/7: AND the authenticated user...&#xD;
  STEP 2/7: AND the authenticated user (Passed after 1s 103ms)&#xD;
  STEP 3/7: AND the vacancy in the company...&#xD;
  STEP 3/7: AND the vacancy in the company (Passed after 422ms)&#xD;
  STEP 4/7: AND a funnel...&#xD;
  STEP 4/7: AND a funnel (Passed after 454ms)&#xD;
  STEP 5/7: AND a candidate...&#xD;
  STEP 5/7: AND a candidate (Passed after 626ms)&#xD;
  STEP 6/7: WHEN change candidate status with rule...&#xD;
  STEP 6/7: WHEN change candidate status with rule (Passed after 7s 657ms)&#xD;
  STEP 7/7: THEN status for not initial rule is correct...&#xD;
  STEP 7/7: THEN status for not initial rule is correct (Passed after 121ms)&#xD;
  SCENARIO RESULT: Passed after 11s 612ms</StdOut>
      </Output>
    </UnitTestResult>
    <UnitTestResult executionId="6bd93e83-4ff9-4031-9629-b0059e280f4d" testId="2b6728b5-899a-8d97-1553-67a4dfd14553" testName="Skillaz.Tests.Candidate.Elastic.CandidateElasticFiltration_feature.Retrieving_no_candidates_by_current_tags" computerName="DESKTOP-F6SKA47" duration="00:00:00.0010000" startTime="2021-12-16T16:24:39.9514076+03:00" endTime="2021-12-16T16:24:39.9514094+03:00" testType="13cdc9d9-ddb5-4fa4-a97d-d965ccfc6d4b" outcome="NotExecuted" testListId="8c84fa94-04c1-424b-9868-57a2d4851a1d" relativeResultsDirectory="6bd93e83-4ff9-4031-9629-b0059e280f4d">
      <Output>
        <StdOut>You need Elasticsearch 7.5 local instance on 9200 port</StdOut>
      </Output>
    </UnitTestResult>
    <UnitTestResult executionId="3d62e14f-0a2e-4139-92df-4c3368f5e64f" testId="66145b77-c6fd-c840-2d65-2bc4fa4b291b" testName="Расширение файла совпадает с его содержимым(fileName: &quot;Workbook.xlsx&quot;)" computerName="DESKTOP-F6SKA47" duration="00:00:00.4571113" startTime="2021-12-16T16:16:31.1079320+03:00" endTime="2021-12-16T16:16:31.1079338+03:00" testType="13cdc9d9-ddb5-4fa4-a97d-d965ccfc6d4b" outcome="Passed" testListId="8c84fa94-04c1-424b-9868-57a2d4851a1d" relativeResultsDirectory="3d62e14f-0a2e-4139-92df-4c3368f5e64f" />
    <UnitTestResult executionId="08876b09-17b4-4a21-9eb5-4da591944705" testId="1c07895f-9362-1973-3ff2-37290387aee6" testName="Skillaz.Tests.HH.HHApiClient_feature.HH_API_client_creates_with_valid_authorization" computerName="DESKTOP-F6SKA47" duration="00:00:10.9773209" startTime="2021-12-16T16:23:05.7249916+03:00" endTime="2021-12-16T16:23:05.7249945+03:00" testType="13cdc9d9-ddb5-4fa4-a97d-d965ccfc6d4b" outcome="Passed" testListId="8c84fa94-04c1-424b-9868-57a2d4851a1d" relativeResultsDirectory="08876b09-17b4-4a21-9eb5-4da591944705">
      <Output>
        <StdOut>SCENARIO: HH API client creates with valid authorization&#xD;
  STEP 1/5: GIVEN a company with allowed employers...&#xD;
  STEP 1/5: GIVEN a company with allowed employers (Passed after 772ms)&#xD;
  STEP 2/5: AND the authenticated user...&#xD;
  STEP 2/5: AND the authenticated user (Passed after 843ms)&#xD;
  STEP 3/5: AND valid hh account...&#xD;
  STEP 3/5: AND valid hh account (Passed after 621ms)&#xD;
  STEP 4/5: WHEN api client is requested...&#xD;
  STEP 4/5: WHEN api client is requested (Passed after 5s 273ms)&#xD;
  STEP 5/5: THEN api client is successfully created...&#xD;
  STEP 5/5: THEN api client is successfully created (Passed after 2ms)&#xD;
  SCENARIO RESULT: Passed after 7s 519ms</StdOut>
      </Output>
    </UnitTestResult>
    <UnitTestResult executionId="bcd2b1a6-0309-4119-9cd3-62dee6745ccc" testId="f727b248-9add-f920-b0ce-770364245e70" testName="Skillaz.Tests.Candidate.Elastic.CandidateElasticMultiselectFiltration_feature.MultiLineFilterCheck(filter: (Skillaz.Candidate.Contract.CandidateSearchFilter, Skillaz.Candidate.Contract.CandidateSearchFilterCommon), result: (1, simple search))" computerName="DESKTOP-F6SKA47" duration="00:00:00.0010000" startTime="2021-12-16T16:26:49.4560777+03:00" endTime="2021-12-16T16:26:49.4560804+03:00" testType="13cdc9d9-ddb5-4fa4-a97d-d965ccfc6d4b" outcome="NotExecuted" testListId="8c84fa94-04c1-424b-9868-57a2d4851a1d" relativeResultsDirectory="bcd2b1a6-0309-4119-9cd3-62dee6745ccc">
      <Output>
        <StdOut>You need Elasticsearch 7.5 local instance on 9200 port</StdOut>
      </Output>
    </UnitTestResult>
    <UnitTestResult executionId="33b0b0b7-95dc-496b-95b8-491a161980b4" testId="ca3ab566-a73a-be12-c401-6fb8ab0f1ced" testName="Skillaz.Tests.CompanySpecific.Mvideo.MvideoOpenApiBatchRequest_feature.Создает_пользователей_у_которых_нет_Scope_с_ролью_Нет_доступа" computerName="DESKTOP-F6SKA47" duration="00:01:26.5888640" startTime="2021-12-16T16:21:37.3288602+03:00" endTime="2021-12-16T16:21:37.3288657+03:00" testType="13cdc9d9-ddb5-4fa4-a97d-d965ccfc6d4b" outcome="Passed" testListId="8c84fa94-04c1-424b-9868-57a2d4851a1d" relativeResultsDirectory="33b0b0b7-95dc-496b-95b8-491a161980b4">
      <Output>
        <StdOut>SCENARIO: Создает пользователей у которых нет Scope с ролью Нет доступа&#xD;
  STEP 1/7: GIVEN a company...&#xD;
  STEP 1/7: GIVEN a company (Passed after 568ms)&#xD;
  STEP 2/7: AND the authenticated api user...&#xD;
  STEP 2/7: AND the authenticated api user (Passed after 1s 333ms)&#xD;
  STEP 3/7: AND Дана клиентская конфигурация мвидео...&#xD;
  STEP 3/7: AND Дана клиентская конфигурация мвидео (Passed after &lt;1ms)&#xD;
  STEP 4/7: AND Даны роли...&#xD;
  STEP 4/7: AND Даны роли (Passed after 3ms)&#xD;
  STEP 5/7: AND Даны орг единицы...&#xD;
  STEP 5/7: AND Даны орг единицы (Passed after 838ms)&#xD;
  STEP 6/7: WHEN Когда приходит запрос от сап...&#xD;
  STEP 6/7: WHEN Когда приходит запрос от сап (Passed after 1m 22s)&#xD;
  STEP 7/7: THEN Проверить что пользователь без Scope создается с ролью Нет доступа...&#xD;
  STEP 7/7: THEN Проверить что пользователь без Scope создается с ролью Нет доступа (Passed after 98ms)&#xD;
  SCENARIO RESULT: Passed after 1m 25s</StdOut>
      </Output>
    </UnitTestResult>
    <UnitTestResult executionId="94504087-d8aa-45d8-9ca7-3825eb3d43b2" testId="019b787c-88b2-9680-3a7b-9251d2235f77" testName="Skillaz.Tests.CompanySpecific.X5.Naumen.NaumenSlaTests.Sla_calculates_correctly_for_next_day(candidateTimeZone: 7, sla: 02:00:00, startDate: 2020-01-01T03:00:00.0000000Z, truth: [NaumenTimeRange { From = &quot;2020-01-01 07:00:00&quot;, To = &quot;2020-01-01 09:00:00&quot; }])" computerName="DESKTOP-F6SKA47" duration="00:00:00.0000349" startTime="2021-12-16T16:16:29.2899281+03:00" endTime="2021-12-16T16:16:29.2899284+03:00" testType="13cdc9d9-ddb5-4fa4-a97d-d965ccfc6d4b" outcome="Passed" testListId="8c84fa94-04c1-424b-9868-57a2d4851a1d" relativeResultsDirectory="94504087-d8aa-45d8-9ca7-3825eb3d43b2" />
    <UnitTestResult executionId="45e82a4a-a587-4da1-a087-c568c0f6c803" testId="9b34ba66-0039-995b-0067-149d4c2c686c" testName="Расширение файла не должно совпадать с его содержимым(fileName: &quot;HtmlAsDoc.doc&quot;, alterName: &quot;.rtf&quot;)" computerName="DESKTOP-F6SKA47" duration="00:00:00.0084335" startTime="2021-12-16T16:16:30.9190583+03:00" endTime="2021-12-16T16:16:30.9190662+03:00" testType="13cdc9d9-ddb5-4fa4-a97d-d965ccfc6d4b" outcome="Passed" testListId="8c84fa94-04c1-424b-9868-57a2d4851a1d" relativeResultsDirectory="45e82a4a-a587-4da1-a087-c568c0f6c803" />
    <UnitTestResult executionId="134399b8-06a4-4387-bb3c-785acc6b34a8" testId="1ec63ba7-4ba5-2ff5-4ff0-07b94645f2de" testName="Skillaz.Tests.Assessment.Questionnaires.AudioQuestionnaire_feature.Updating_a_questionnaire" computerName="DESKTOP-F6SKA47" duration="00:00:03.2651284" startTime="2021-12-16T16:24:42.8361784+03:00" endTime="2021-12-16T16:24:42.8361803+03:00" testType="13cdc9d9-ddb5-4fa4-a97d-d965ccfc6d4b" outcome="Passed" testListId="8c84fa94-04c1-424b-9868-57a2d4851a1d" relativeResultsDirectory="134399b8-06a4-4387-bb3c-785acc6b34a8">
      <Output>
        <StdOut>SCENARIO: Updating a questionnaire&#xD;
  STEP 1/5: GIVEN a company...&#xD;
  STEP 1/5: GIVEN a company (Passed after 221ms)&#xD;
  STEP 2/5: AND the authenticated user...&#xD;
  STEP 2/5: AND the authenticated user (Passed after 643ms)&#xD;
  STEP 3/5: AND the questionnaire...&#xD;
  STEP 3/5: AND the questionnaire (Passed after 813ms)&#xD;
  STEP 4/5: WHEN questionnaire is updated...&#xD;
  STEP 4/5: WHEN questionnaire is updated (Passed after 188ms)&#xD;
  STEP 5/5: Questionnaire should be updated...&#xD;
  STEP 5/5: Questionnaire should be updated (Passed after 33ms)&#xD;
  SCENARIO RESULT: Passed after 1s 901ms</StdOut>
      </Output>
    </UnitTestResult>
    <UnitTestResult executionId="84d5a250-770b-466d-b14e-267a0428ffe1" testId="3becf907-2894-de39-2c9b-627e21cd7270" testName="Skillaz.Tests.OpenApi.CheckApi.UpdateCheck_feature.Check_candidate_update_and_change_status" computerName="DESKTOP-F6SKA47" duration="00:00:04.2173663" startTime="2021-12-16T16:28:38.2486391+03:00" endTime="2021-12-16T16:28:38.2486418+03:00" testType="13cdc9d9-ddb5-4fa4-a97d-d965ccfc6d4b" outcome="Passed" testListId="8c84fa94-04c1-424b-9868-57a2d4851a1d" relativeResultsDirectory="84d5a250-770b-466d-b14e-267a0428ffe1">
      <Output>
        <StdOut>SCENARIO: Check candidate update and change status&#xD;
  STEP 1/11: GIVEN a company...&#xD;
  STEP 1/11: GIVEN a company (Passed after 82ms)&#xD;
  STEP 2/11: AND the authenticated user...&#xD;
  STEP 2/11: AND the authenticated user (Passed after 93ms)&#xD;
  STEP 3/11: AND the vacancy in the company...&#xD;
  STEP 3/11: AND the vacancy in the company (Passed after 72ms)&#xD;
  STEP 4/11: AND client configuration with check workflow and model...&#xD;
  STEP 4/11: AND client configuration with check workflow and model (Passed after 1s 473ms)&#xD;
  STEP 5/11: AND a candidate...&#xD;
  STEP 5/11: AND a candidate (Passed after 173ms)&#xD;
  STEP 6/11: AND a check...&#xD;
  STEP 6/11: AND a check (Passed after 207ms)&#xD;
  STEP 7/11: AND funnel with check configuration...&#xD;
  STEP 7/11: AND funnel with check configuration (Passed after 124ms)&#xD;
  STEP 8/11: WHEN check update and status...&#xD;
  STEP 8/11: WHEN check update and status (Passed after 1s 724ms)&#xD;
  STEP 9/11: THEN TestData result is correct...&#xD;
  STEP 9/11: THEN TestData result is correct (Passed after &lt;1ms)&#xD;
  STEP 10/11: AND TestData db is correct...&#xD;
  STEP 10/11: AND TestData db is correct (Passed after 2ms)&#xD;
  STEP 11/11: AND new status check...&#xD;
  STEP 11/11: AND new status check (Passed after 58ms)&#xD;
  SCENARIO RESULT: Passed after 4s 031ms</StdOut>
      </Output>
    </UnitTestResult>
    <UnitTestResult executionId="ac6273dc-e779-428e-bd17-a9484fc51689" testId="c1a40653-a6bb-6e93-417f-0f6831efd182" testName="Skillaz.Tests.CompanySpecific.X5.X5Deduplication_feature.By_fullname_and_birth_date_when_candidate_is_secret_applicant" computerName="DESKTOP-F6SKA47" duration="00:00:00.0010000" startTime="2021-12-16T16:26:21.7950538+03:00" endTime="2021-12-16T16:26:21.7950558+03:00" testType="13cdc9d9-ddb5-4fa4-a97d-d965ccfc6d4b" outcome="NotExecuted" testListId="8c84fa94-04c1-424b-9868-57a2d4851a1d" relativeResultsDirectory="ac6273dc-e779-428e-bd17-a9484fc51689">
      <Output>
        <StdOut>You need Elasticsearch 7.5 local instance on 9200 port</StdOut>
      </Output>
    </UnitTestResult>
    <UnitTestResult executionId="7414ac2d-f91d-42b6-9728-177c92602b34" testId="39bbe88c-a5a1-69b6-0e18-a75bb02edd6c" testName="Skillaz.Tests.CompanySpecific.X5.Naumen.NaumenSlaTests.Sla_calculates_correctly_within_one_day(candidateTimeZone: 11, sla: 03:00:00, startDate: 2019-12-31T06:00:00.0000000Z, truth: [NaumenTimeRange { From = &quot;2019-12-31 09:00:00&quot;, To = &quot;2019-12-31 12:00:00&quot; }])" computerName="DESKTOP-F6SKA47" duration="00:00:00.0000309" startTime="2021-12-16T16:16:29.0402962+03:00" endTime="2021-12-16T16:16:29.0402985+03:00" testType="13cdc9d9-ddb5-4fa4-a97d-d965ccfc6d4b" outcome="Passed" testListId="8c84fa94-04c1-424b-9868-57a2d4851a1d" relativeResultsDirectory="7414ac2d-f91d-42b6-9728-177c92602b34" />
    <UnitTestResult executionId="7fc97f2a-60ef-42ca-852f-7fc64bfd212f" testId="d69b6f7b-3d70-8685-d9dc-086e8c56eeac" testName="Skillaz.Tests.Authorization.AuthLoginWorkflowService_Login_feature.Do_incorrect_login_by_email_expects_attempts_increment" computerName="DESKTOP-F6SKA47" duration="00:00:01.8565413" startTime="2021-12-16T16:22:31.7822231+03:00" endTime="2021-12-16T16:22:31.7822310+03:00" testType="13cdc9d9-ddb5-4fa4-a97d-d965ccfc6d4b" outcome="Passed" testListId="8c84fa94-04c1-424b-9868-57a2d4851a1d" relativeResultsDirectory="7fc97f2a-60ef-42ca-852f-7fc64bfd212f">
      <Output>
        <StdOut>SCENARIO: Do incorrect login by email expects attempts increment&#xD;
  STEP 1/4: GIVEN a company...&#xD;
  STEP 1/4: GIVEN a company (Passed after 389ms)&#xD;
  STEP 2/4: AND a user...&#xD;
  STEP 2/4: AND a user (Passed after 705ms)&#xD;
  STEP 3/4: WHEN doing a failing login "v.pupkin@skillaz.co" attempt...&#xD;
  STEP 3/4: WHEN doing a failing login "v.pupkin@skillaz.co" attempt (Passed after 337ms)&#xD;
  STEP 4/4: THEN ensure that login attempts incremented...&#xD;
  STEP 4/4: THEN ensure that login attempts incremented (Passed after 4ms)&#xD;
  SCENARIO RESULT: Passed after 1s 451ms</StdOut>
      </Output>
    </UnitTestResult>
    <UnitTestResult executionId="41642ba4-1ea7-4aed-bcea-836ba59fa9a2" testId="416285a6-481b-8025-2e87-e42ae93aa4c1" testName="Skillaz.Tests.Configurator.FunnelBuilder.FunnelBuildChecksFromCodeAndConfiguratorTests.Test_build_funnel_if_no_check_in_configurator_but_in_funnel" computerName="DESKTOP-F6SKA47" duration="00:00:07.8703892" startTime="2021-12-16T16:21:33.4411384+03:00" endTime="2021-12-16T16:21:33.4411454+03:00" testType="13cdc9d9-ddb5-4fa4-a97d-d965ccfc6d4b" outcome="Passed" testListId="8c84fa94-04c1-424b-9868-57a2d4851a1d" relativeResultsDirectory="41642ba4-1ea7-4aed-bcea-836ba59fa9a2">
      <Output>
        <StdOut>SCENARIO: Test build funnel if no check in configurator but in funnel&#xD;
  STEP 1/7: GIVEN a company...&#xD;
  STEP 1/7: GIVEN a company (Passed after 134ms)&#xD;
  STEP 2/7: AND the authenticated user...&#xD;
  STEP 2/7: AND the authenticated user (Passed after 411ms)&#xD;
  STEP 3/7: AND the configuration...&#xD;
  STEP 3/7: AND the configuration (Passed after 5ms)&#xD;
  STEP 4/7: AND a checks...&#xD;
  STEP 4/7: AND a checks (Passed after &lt;1ms)&#xD;
  STEP 5/7: AND a funnel witch checks "Skillaz.Configurator.Contract.Funnels.FunnelCheckConfigurationDto, Skillaz.Configurator.Contract.Funnels.FunnelCheckConfigurationDto"...&#xD;
  STEP 5/7: AND a funnel witch checks "Skillaz.Configurator.Contract.Funnels.FunnelCheckConfigurationDto, Skillaz.Configurator.Contract.Funnels.FunnelCheckConfigurationDto" (Passed after 108ms)&#xD;
  STEP 6/7: WHEN build with validate errors...&#xD;
  STEP 6/7: WHEN build with validate errors (Passed after 5s 941ms)&#xD;
  STEP 7/7: THEN there is a failure while building funnel...&#xD;
  STEP 7/7: THEN there is a failure while building funnel (Passed after 81ms)&#xD;
  SCENARIO RESULT: Passed after 6s 922ms</StdOut>
      </Output>
    </UnitTestResult>
    <UnitTestResult executionId="dc9dfea0-e0f7-4f2d-b47e-6f1803eb2177" testId="c994d991-0d89-6402-f68c-26a97ab00a7f" testName="Skillaz.Tests.Configurator.ConfigurationManager.ConfigurationImportExport_feature.Import_configurations_correctly_created" computerName="DESKTOP-F6SKA47" duration="00:00:35.0008542" startTime="2021-12-16T16:19:44.2255544+03:00" endTime="2021-12-16T16:19:44.2255590+03:00" testType="13cdc9d9-ddb5-4fa4-a97d-d965ccfc6d4b" outcome="Passed" testListId="8c84fa94-04c1-424b-9868-57a2d4851a1d" relativeResultsDirectory="dc9dfea0-e0f7-4f2d-b47e-6f1803eb2177">
      <Output>
        <StdOut>SCENARIO: Import configurations correctly created&#xD;
  STEP 1/8: GIVEN a company...&#xD;
  STEP 1/8: GIVEN a company (Passed after 251ms)&#xD;
  STEP 2/8: AND the authenticated user...&#xD;
  STEP 2/8: AND the authenticated user (Passed after 247ms)&#xD;
  STEP 3/8: Выдать пользователю нужные права...&#xD;
  STEP 3/8: Выдать пользователю нужные права (Passed after &lt;1ms)&#xD;
  STEP 4/8: Получить воронку в конфигураторе с черновиком...&#xD;
  STEP 4/8: Получить воронку в конфигураторе с черновиком (Passed after 58ms)&#xD;
  STEP 5/8: GIVEN dependencies...&#xD;
  STEP 5/8: GIVEN dependencies (Passed after 946ms)&#xD;
  STEP 6/8: AND import data...&#xD;
  STEP 6/8: AND import data (Passed after 652ms)&#xD;
  STEP 7/8: WHEN import configuration...&#xD;
  STEP 7/8: WHEN import configuration (Passed after 24s)&#xD;
  STEP 8/8: THEN success import configurations...&#xD;
  STEP 8/8: THEN success import configurations (Passed after 1s 580ms)&#xD;
  SCENARIO RESULT: Passed after 27s 744ms</StdOut>
      </Output>
    </UnitTestResult>
    <UnitTestResult executionId="3922b211-479f-4613-8a3b-40f5b23c033e" testId="019b787c-88b2-9680-3a7b-9251d2235f77" testName="Skillaz.Tests.CompanySpecific.X5.Naumen.NaumenSlaTests.Sla_calculates_correctly_for_next_day(candidateTimeZone: 6, sla: 02:00:00, startDate: 2019-12-31T16:30:00.0000000Z, truth: [NaumenTimeRange { From = &quot;2020-01-01 07:00:00&quot;, To = &quot;2020-01-01 09:00:00&quot; }])" computerName="DESKTOP-F6SKA47" duration="00:00:00.0000401" startTime="2021-12-16T16:16:29.1176096+03:00" endTime="2021-12-16T16:16:29.1176100+03:00" testType="13cdc9d9-ddb5-4fa4-a97d-d965ccfc6d4b" outcome="Passed" testListId="8c84fa94-04c1-424b-9868-57a2d4851a1d" relativeResultsDirectory="3922b211-479f-4613-8a3b-40f5b23c033e" />
    <UnitTestResult executionId="26973942-d189-4788-b5c4-71d01b467d25" testId="1d362dd3-8f11-76c1-218f-4620550c10f6" testName="Skillaz.Tests.Candidate.CandidateProcessMemberNotifications_feature.Notification_request_with_file_should_be_sent_to_email" computerName="DESKTOP-F6SKA47" duration="00:00:04.6566229" startTime="2021-12-16T16:27:45.4944960+03:00" endTime="2021-12-16T16:27:45.4945018+03:00" testType="13cdc9d9-ddb5-4fa4-a97d-d965ccfc6d4b" outcome="Passed" testListId="8c84fa94-04c1-424b-9868-57a2d4851a1d" relativeResultsDirectory="26973942-d189-4788-b5c4-71d01b467d25">
      <Output>
        <StdOut>SCENARIO: Notification request with file should be sent to email&#xD;
  STEP 1/4: GIVEN Given test data [recipient: "РМП"]...&#xD;
  STEP 1/4: GIVEN Given test data [recipient: "РМП"] (Passed after 2s 359ms)&#xD;
  STEP 2/4: AND Given request with file [fileName: "insecure_file.bmp"] [notificationType: "Email"]...&#xD;
  STEP 2/4: AND Given request with file [fileName: "insecure_file.bmp"] [notificationType: "Email"] (Passed after 1s 809ms)&#xD;
  STEP 3/4: WHEN When sent notification...&#xD;
  STEP 3/4: WHEN When sent notification (Passed after 369ms)&#xD;
  STEP 4/4: THEN Then received a letter to send email command...&#xD;
  STEP 4/4: THEN Then received a letter to send email command (Passed after 37ms)&#xD;
  SCENARIO RESULT: Passed after 4s 585ms</StdOut>
      </Output>
    </UnitTestResult>
    <UnitTestResult executionId="19b52cf9-9e4f-4eea-a16a-f84ee5be3db7" testId="2311e62a-65f0-88ec-b8b4-b4677df09dfe" testName="Skillaz.Tests.Candidate.Elastic.CandidateElasticFiltration_feature.Retrieving_a_candidate_that_has_a_resume_that_is_updated_before_specific_date" computerName="DESKTOP-F6SKA47" duration="00:00:00.0010000" startTime="2021-12-16T16:24:39.8994926+03:00" endTime="2021-12-16T16:24:39.8994941+03:00" testType="13cdc9d9-ddb5-4fa4-a97d-d965ccfc6d4b" outcome="NotExecuted" testListId="8c84fa94-04c1-424b-9868-57a2d4851a1d" relativeResultsDirectory="19b52cf9-9e4f-4eea-a16a-f84ee5be3db7">
      <Output>
        <StdOut>You need Elasticsearch 7.5 local instance on 9200 port</StdOut>
      </Output>
    </UnitTestResult>
    <UnitTestResult executionId="ea0938e9-1d22-476d-8b1e-ec4e16419665" testId="39bbe88c-a5a1-69b6-0e18-a75bb02edd6c" testName="Skillaz.Tests.CompanySpecific.X5.Naumen.NaumenSlaTests.Sla_calculates_correctly_within_one_day(candidateTimeZone: 4, sla: 01:00:00, startDate: 2019-12-31T15:00:00.0000000Z, truth: [NaumenTimeRange { From = &quot;2019-12-31 18:00:00&quot;, To = &quot;2019-12-31 19:00:00&quot; }])" computerName="DESKTOP-F6SKA47" duration="00:00:00.0000608" startTime="2021-12-16T16:16:28.9075495+03:00" endTime="2021-12-16T16:16:28.9075514+03:00" testType="13cdc9d9-ddb5-4fa4-a97d-d965ccfc6d4b" outcome="Passed" testListId="8c84fa94-04c1-424b-9868-57a2d4851a1d" relativeResultsDirectory="ea0938e9-1d22-476d-8b1e-ec4e16419665" />
    <UnitTestResult executionId="bd6bafea-8df4-4b00-bc8a-565d1db610b0" testId="39bbe88c-a5a1-69b6-0e18-a75bb02edd6c" testName="Skillaz.Tests.CompanySpecific.X5.Naumen.NaumenSlaTests.Sla_calculates_correctly_within_one_day(candidateTimeZone: 2, sla: 05:00:00, startDate: 2019-12-31T13:00:00.0000000Z, truth: [NaumenTimeRange { From = &quot;2019-12-31 16:00:00&quot;, To = &quot;2019-12-31 21:00:00&quot; }])" computerName="DESKTOP-F6SKA47" duration="00:00:00.0000581" startTime="2021-12-16T16:16:28.8975692+03:00" endTime="2021-12-16T16:16:28.8975711+03:00" testType="13cdc9d9-ddb5-4fa4-a97d-d965ccfc6d4b" outcome="Passed" testListId="8c84fa94-04c1-424b-9868-57a2d4851a1d" relativeResultsDirectory="bd6bafea-8df4-4b00-bc8a-565d1db610b0" />
    <UnitTestResult executionId="dc35fc0f-8409-45f7-ab3d-a1e36513d56a" testId="019b787c-88b2-9680-3a7b-9251d2235f77" testName="Skillaz.Tests.CompanySpecific.X5.Naumen.NaumenSlaTests.Sla_calculates_correctly_for_next_day(candidateTimeZone: 9, sla: 02:00:00, startDate: 2020-01-01T01:00:00.0000000Z, truth: [NaumenTimeRange { From = &quot;2020-01-01 07:00:00&quot;, To = &quot;2020-01-01 09:00:00&quot; }])" computerName="DESKTOP-F6SKA47" duration="00:00:00.0000412" startTime="2021-12-16T16:16:29.3230295+03:00" endTime="2021-12-16T16:16:29.3230314+03:00" testType="13cdc9d9-ddb5-4fa4-a97d-d965ccfc6d4b" outcome="Passed" testListId="8c84fa94-04c1-424b-9868-57a2d4851a1d" relativeResultsDirectory="dc35fc0f-8409-45f7-ab3d-a1e36513d56a" />
    <UnitTestResult executionId="798b46f2-5bfb-4629-aa4c-ed1d8d60ac6e" testId="019b787c-88b2-9680-3a7b-9251d2235f77" testName="Skillaz.Tests.CompanySpecific.X5.Naumen.NaumenSlaTests.Sla_calculates_correctly_for_next_day(candidateTimeZone: 10, sla: 02:00:00, startDate: 2019-12-31T22:30:00.0000000Z, truth: [NaumenTimeRange { From = &quot;2020-01-01 07:00:00&quot;, To = &quot;2020-01-01 09:00:00&quot; }])" computerName="DESKTOP-F6SKA47" duration="00:00:00.0000321" startTime="2021-12-16T16:16:29.3364441+03:00" endTime="2021-12-16T16:16:29.3364452+03:00" testType="13cdc9d9-ddb5-4fa4-a97d-d965ccfc6d4b" outcome="Passed" testListId="8c84fa94-04c1-424b-9868-57a2d4851a1d" relativeResultsDirectory="798b46f2-5bfb-4629-aa4c-ed1d8d60ac6e" />
    <UnitTestResult executionId="2e355c8c-d03f-4d7e-b313-bee31f1ecb38" testId="4f3b398b-84ec-beaa-0aef-43995f6b4d42" testName="Skillaz.Tests.DocumentModels.ValueConvertFeature.Проверить_конвертацию_между_массивом_и_строкой" computerName="DESKTOP-F6SKA47" duration="00:00:02.4954694" startTime="2021-12-16T16:18:07.2854219+03:00" endTime="2021-12-16T16:18:07.2854239+03:00" testType="13cdc9d9-ddb5-4fa4-a97d-d965ccfc6d4b" outcome="Passed" testListId="8c84fa94-04c1-424b-9868-57a2d4851a1d" relativeResultsDirectory="2e355c8c-d03f-4d7e-b313-bee31f1ecb38">
      <Output>
        <StdOut>SCENARIO: Проверить конвертацию между массивом и строкой&#xD;
  STEP 1/6: GIVEN a company...&#xD;
  STEP 1/6: GIVEN a company (Passed after 172ms)&#xD;
  STEP 2/6: AND the authenticated user...&#xD;
  STEP 2/6: AND the authenticated user (Passed after 273ms)&#xD;
  STEP 3/6: Зарегистрировать модель ОЕ...&#xD;
  STEP 3/6: Зарегистрировать модель ОЕ (Passed after 365ms)&#xD;
  STEP 4/6: Создать ОЕ...&#xD;
  STEP 4/6: Создать ОЕ (Passed after 927ms)&#xD;
  STEP 5/6: Поменять тип полей...&#xD;
  STEP 5/6: Поменять тип полей (Passed after 15ms)&#xD;
  STEP 6/6: Проверить что старые данные норм сконвертировались...&#xD;
  STEP 6/6: Проверить что старые данные норм сконвертировались (Passed after 549ms)&#xD;
  SCENARIO RESULT: Passed after 2s 310ms</StdOut>
      </Output>
    </UnitTestResult>
    <UnitTestResult executionId="23e3af6e-e407-4019-96c7-58b212fed592" testId="a0c6ca81-70b6-85ce-8e13-2e3ed93b3565" testName="Skillaz.Tests.CompanySpecific.Perekrestok.PerekrestokGenerateOrgUnitTimeSlots_feature.CreatingTimeSlotForOrgUnits" computerName="DESKTOP-F6SKA47" duration="00:00:26.3703698" startTime="2021-12-16T16:17:38.1159267+03:00" endTime="2021-12-16T16:17:38.1159287+03:00" testType="13cdc9d9-ddb5-4fa4-a97d-d965ccfc6d4b" outcome="Passed" testListId="8c84fa94-04c1-424b-9868-57a2d4851a1d" relativeResultsDirectory="23e3af6e-e407-4019-96c7-58b212fed592">
      <Output>
        <StdOut>SCENARIO: CreatingTimeSlotForOrgUnits&#xD;
  STEP 1/5: GIVEN a company [companyId: "PerekrestokCompany"]...&#xD;
  STEP 1/5: GIVEN a company [companyId: "PerekrestokCompany"] (Passed after 81ms)&#xD;
  STEP 2/5: AND the authenticated user...&#xD;
  STEP 2/5: AND the authenticated user (Passed after 243ms)&#xD;
  STEP 3/5: AND Given OrgUnit...&#xD;
  STEP 3/5: AND Given OrgUnit (Passed after 163ms)&#xD;
  STEP 4/5: WHEN When generate timeslot command executed...&#xD;
  STEP 4/5: WHEN When generate timeslot command executed (Passed after 23s 713ms)&#xD;
  STEP 5/5: THEN Then timeSlots should be generated by schedule...&#xD;
  STEP 5/5: THEN Then timeSlots should be generated by schedule (Passed after 1s 523ms)&#xD;
  SCENARIO RESULT: Passed after 25s 800ms</StdOut>
      </Output>
    </UnitTestResult>
    <UnitTestResult executionId="161ecf4d-0250-422a-928e-772798208038" testId="bc11d886-c473-7175-c327-bb4b0b0441c4" testName="Skillaz.Tests.Candidate.Ratings.Ratings_feature.Create_rating" computerName="DESKTOP-F6SKA47" duration="00:00:01.1158135" startTime="2021-12-16T16:23:20.6756341+03:00" endTime="2021-12-16T16:23:20.6756369+03:00" testType="13cdc9d9-ddb5-4fa4-a97d-d965ccfc6d4b" outcome="Passed" testListId="8c84fa94-04c1-424b-9868-57a2d4851a1d" relativeResultsDirectory="161ecf4d-0250-422a-928e-772798208038">
      <Output>
        <StdOut>SCENARIO: Create rating&#xD;
  STEP 1/13: GIVEN a services...&#xD;
  STEP 1/13: GIVEN a services (Passed after 1ms)&#xD;
  STEP 2/13: AND a company...&#xD;
  STEP 2/13: AND a company (Passed after 50ms)&#xD;
  STEP 3/13: AND the authenticated user...&#xD;
  STEP 3/13: AND the authenticated user (Passed after 134ms)&#xD;
  STEP 4/13: AND the vacancy in the company...&#xD;
  STEP 4/13: AND the vacancy in the company (Passed after 80ms)&#xD;
  STEP 5/13: AND a candidate...&#xD;
  STEP 5/13: AND a candidate (Passed after 111ms)&#xD;
  STEP 6/13: AND a rating...&#xD;
  STEP 6/13: AND a rating (Passed after &lt;1ms)&#xD;
  STEP 7/13: WHEN rating created...&#xD;
  STEP 7/13: WHEN rating created (Passed after 82ms)&#xD;
  STEP 8/13: GIVEN a criteria...&#xD;
  STEP 8/13: GIVEN a criteria (Passed after &lt;1ms)&#xD;
  STEP 9/13: WHEN criterion created...&#xD;
  STEP 9/13: WHEN criterion created (Passed after 90ms)&#xD;
  STEP 10/13: GIVEN a candidate rating...&#xD;
  STEP 10/13: GIVEN a candidate rating (Passed after &lt;1ms)&#xD;
  STEP 11/13: WHEN candidate rating created...&#xD;
  STEP 11/13: WHEN candidate rating created (Passed after 129ms)&#xD;
  STEP 12/13: THEN rating and criterion exist...&#xD;
  STEP 12/13: THEN rating and criterion exist (Passed after 7ms)&#xD;
  STEP 13/13: AND documents filled...&#xD;
  STEP 13/13: AND documents filled (Passed after 4ms)&#xD;
  SCENARIO RESULT: Passed after 698ms</StdOut>
      </Output>
    </UnitTestResult>
    <UnitTestResult executionId="4c59a2c5-8b87-4144-8062-eaf248176ef8" testId="f727b248-9add-f920-b0ce-770364245e70" testName="Skillaz.Tests.Candidate.Elastic.CandidateElasticMultiselectFiltration_feature.MultiLineFilterCheck(filter: (Skillaz.Candidate.Contract.CandidateSearchFilter, Skillaz.Candidate.Contract.CandidateSearchFilterCommon), result: (2, ExperienceRange.From1To6Years))" computerName="DESKTOP-F6SKA47" duration="00:00:00.0010000" startTime="2021-12-16T16:26:49.9062393+03:00" endTime="2021-12-16T16:26:49.9062422+03:00" testType="13cdc9d9-ddb5-4fa4-a97d-d965ccfc6d4b" outcome="NotExecuted" testListId="8c84fa94-04c1-424b-9868-57a2d4851a1d" relativeResultsDirectory="4c59a2c5-8b87-4144-8062-eaf248176ef8">
      <Output>
        <StdOut>You need Elasticsearch 7.5 local instance on 9200 port</StdOut>
      </Output>
    </UnitTestResult>
    <UnitTestResult executionId="0b993a4e-ee6d-4804-9b11-6638462f191d" testId="14de48a8-319a-2981-6ae3-5fef32af6e50" testName="Skillaz.Tests.Helpers.WorkingDaysHelperFeature.FindProductionDates(dateStrings: [&quot;2020-01-01&quot;, &quot;2020-01-02&quot;, &quot;2020-01-15&quot;, &quot;2020-01-16&quot;, &quot;2020-01-09&quot;, ...])" computerName="DESKTOP-F6SKA47" duration="00:00:00.0000466" startTime="2021-12-16T16:16:29.3983003+03:00" endTime="2021-12-16T16:16:29.3983024+03:00" testType="13cdc9d9-ddb5-4fa4-a97d-d965ccfc6d4b" outcome="Passed" testListId="8c84fa94-04c1-424b-9868-57a2d4851a1d" relativeResultsDirectory="0b993a4e-ee6d-4804-9b11-6638462f191d" />
    <UnitTestResult executionId="85a24447-fe01-4315-90eb-2f5a3bae54f4" testId="695a69c9-264c-d1c5-2032-535ef4bf39f9" testName="Skillaz.Tests.CompanySpecific.X5.Naumen.NaumenSlaTests.Sla_calculates_correctly_for_split_days(candidateTimeZone: 10, sla: 03:00:00, startDate: 2019-12-31T08:30:00.0000000Z, truth: [NaumenTimeRange { From = &quot;2019-12-31 11:30:00&quot;, To = &quot;2019-12-31 13:00:00&quot; }, NaumenTimeRange { From = &quot;2020-01-01 07:00:00&quot;, To = &quot;2020-01-01 08:30:00&quot; }])" computerName="DESKTOP-F6SKA47" duration="00:00:00.0000904" startTime="2021-12-16T16:16:29.0228065+03:00" endTime="2021-12-16T16:16:29.0228070+03:00" testType="13cdc9d9-ddb5-4fa4-a97d-d965ccfc6d4b" outcome="Passed" testListId="8c84fa94-04c1-424b-9868-57a2d4851a1d" relativeResultsDirectory="85a24447-fe01-4315-90eb-2f5a3bae54f4" />
    <UnitTestResult executionId="290a9554-7a8f-444c-9b28-78f6e8c75205" testId="f727b248-9add-f920-b0ce-770364245e70" testName="Skillaz.Tests.Candidate.Elastic.CandidateElasticMultiselectFiltration_feature.MultiLineFilterCheck(filter: (Skillaz.Candidate.Contract.CandidateSearchFilter, Skillaz.Candidate.Contract.CandidateSearchFilterCommon), result: (1, salary from 150000))" computerName="DESKTOP-F6SKA47" duration="00:00:00.0010000" startTime="2021-12-16T16:26:49.7594912+03:00" endTime="2021-12-16T16:26:49.7594944+03:00" testType="13cdc9d9-ddb5-4fa4-a97d-d965ccfc6d4b" outcome="NotExecuted" testListId="8c84fa94-04c1-424b-9868-57a2d4851a1d" relativeResultsDirectory="290a9554-7a8f-444c-9b28-78f6e8c75205">
      <Output>
        <StdOut>You need Elasticsearch 7.5 local instance on 9200 port</StdOut>
      </Output>
    </UnitTestResult>
    <UnitTestResult executionId="3d24f23d-ef54-4cc9-aa7c-bbce7796f6f2" testId="70838366-eed6-5e36-3655-9a4a7bd2c975" testName="Skillaz.Tests.DocumentModels.FieldValueComparerTests.IntegerComparison(firstValue: 100, secondValue: 100, result: True)" computerName="DESKTOP-F6SKA47" duration="00:00:00.0021457" startTime="2021-12-16T16:16:31.0561180+03:00" endTime="2021-12-16T16:16:31.0561189+03:00" testType="13cdc9d9-ddb5-4fa4-a97d-d965ccfc6d4b" outcome="Passed" testListId="8c84fa94-04c1-424b-9868-57a2d4851a1d" relativeResultsDirectory="3d24f23d-ef54-4cc9-aa7c-bbce7796f6f2" />
    <UnitTestResult executionId="b663ed7c-464b-4a69-a40f-c615fc0eb150" testId="695a69c9-264c-d1c5-2032-535ef4bf39f9" testName="Skillaz.Tests.CompanySpecific.X5.Naumen.NaumenSlaTests.Sla_calculates_correctly_for_split_days(candidateTimeZone: 5, sla: 02:00:00, startDate: 2019-12-31T14:00:00.0000000Z, truth: [NaumenTimeRange { From = &quot;2019-12-31 17:00:00&quot;, To = &quot;2019-12-31 18:00:00&quot; }, NaumenTimeRange { From = &quot;2020-01-01 07:00:00&quot;, To = &quot;2020-01-01 08:00:00&quot; }])" computerName="DESKTOP-F6SKA47" duration="00:00:00.0000816" startTime="2021-12-16T16:16:28.9910848+03:00" endTime="2021-12-16T16:16:28.9910860+03:00" testType="13cdc9d9-ddb5-4fa4-a97d-d965ccfc6d4b" outcome="Passed" testListId="8c84fa94-04c1-424b-9868-57a2d4851a1d" relativeResultsDirectory="b663ed7c-464b-4a69-a40f-c615fc0eb150" />
    <UnitTestResult executionId="11c1a0f4-41f2-437b-8997-3232ebbe2c2b" testId="c5c29033-7aed-8c9f-267f-2edf5e020723" testName="Skillaz.Tests.Configurator.Filter.ConfiguratorRequestFilter_feature.Ensure_that_filter_by_confrontation_request_type_return_available_values_when_three_request_types" computerName="DESKTOP-F6SKA47" duration="00:00:08.5844989" startTime="2021-12-16T16:29:06.5953142+03:00" endTime="2021-12-16T16:29:06.5953195+03:00" testType="13cdc9d9-ddb5-4fa4-a97d-d965ccfc6d4b" outcome="Passed" testListId="8c84fa94-04c1-424b-9868-57a2d4851a1d" relativeResultsDirectory="11c1a0f4-41f2-437b-8997-3232ebbe2c2b">
      <Output>
        <StdOut>SCENARIO: Ensure that filter by confrontation request type return available values when three request types&#xD;
  STEP 1/7: GIVEN a company...&#xD;
  STEP 1/7: GIVEN a company (Passed after 78ms)&#xD;
  STEP 2/7: AND the authenticated user...&#xD;
  STEP 2/7: AND the authenticated user (Passed after 132ms)&#xD;
  STEP 3/7: AND the configurations by request types [requestTypes: "HireRequest, MassRequest, ConfrontationRequest"]...&#xD;
  STEP 3/7: AND the configurations by request types [requestTypes: "HireRequest, MassRequest, ConfrontationRequest"] (Passed after 144ms)&#xD;
  STEP 4/7: AND the data for configurations requests...&#xD;
  STEP 4/7: AND the data for configurations requests (Passed after 511ms)&#xD;
  STEP 5/7: AND the filter by request [filterFields: "Skillaz.Framework.DocumentModel.Contract.DocumentModelFieldUpdate, Skillaz.Framework.DocumentModel.Contract.DocumentModelFieldUpdate, Skillaz.Framework.DocumentModel.Contract.DocumentModelFieldUpdate"]...&#xD;
  STEP 5/7: AND the filter by request [filterFields: "Skillaz.Framework.DocumentModel.Contract.DocumentModelFieldUpdate, Skillaz.Framework.DocumentModel.Contract.DocumentModelFieldUpdate, Skillaz.Framework.DocumentModel.Contract.DocumentModelFieldUpdate"] (Passed after 1ms)&#xD;
  STEP 6/7: WHEN get requests by filter...&#xD;
  STEP 6/7: WHEN get requests by filter (Passed after 3s 584ms)&#xD;
  STEP 7/7: THEN requests from filter equal requests by query...&#xD;
  STEP 7/7: THEN requests from filter equal requests by query (Passed after 411ms)&#xD;
  SCENARIO RESULT: Passed after 4s 885ms</StdOut>
      </Output>
    </UnitTestResult>
    <UnitTestResult executionId="623ab3e5-9502-4a8d-b96e-936a349f840d" testId="019b787c-88b2-9680-3a7b-9251d2235f77" testName="Skillaz.Tests.CompanySpecific.X5.Naumen.NaumenSlaTests.Sla_calculates_correctly_for_next_day(candidateTimeZone: 11, sla: 02:00:00, startDate: 2019-12-31T19:30:00.0000000Z, truth: [NaumenTimeRange { From = &quot;2020-01-01 07:00:00&quot;, To = &quot;2020-01-01 09:00:00&quot; }])" computerName="DESKTOP-F6SKA47" duration="00:00:00.0000421" startTime="2021-12-16T16:16:29.3601481+03:00" endTime="2021-12-16T16:16:29.3601486+03:00" testType="13cdc9d9-ddb5-4fa4-a97d-d965ccfc6d4b" outcome="Passed" testListId="8c84fa94-04c1-424b-9868-57a2d4851a1d" relativeResultsDirectory="623ab3e5-9502-4a8d-b96e-936a349f840d" />
    <UnitTestResult executionId="5643dba9-3c97-4cf1-b33b-e2721791acab" testId="ee3e295c-6621-1cab-44ac-bd05b3431003" testName="Skillaz.Tests.Configurator.WorkflowEngine.ConfiguratorWorkflowNotifications_reature.ConfiguratorWorkflow_request_that_notification_was_sended_when_status_changed" computerName="DESKTOP-F6SKA47" duration="00:00:11.2642327" startTime="2021-12-16T16:22:03.2930823+03:00" endTime="2021-12-16T16:22:03.2930864+03:00" testType="13cdc9d9-ddb5-4fa4-a97d-d965ccfc6d4b" outcome="Passed" testListId="8c84fa94-04c1-424b-9868-57a2d4851a1d" relativeResultsDirectory="5643dba9-3c97-4cf1-b33b-e2721791acab">
      <Output>
        <StdOut>SCENARIO: ConfiguratorWorkflow request that notification was sended when status changed&#xD;
  STEP 1/9: GIVEN Given a candidate in a vacancy in a company [makeCompany: "System.Func`1[Skillaz.Candidate.Contract.LegacyCompany.LegacyCompanyDocument]"]...&#xD;
  STEP 1/9: GIVEN Given a candidate in a vacancy in a company [makeCompany: "System.Func`1[Skillaz.Candidate.Contract.LegacyCompany.LegacyCompanyDocument]"] (Passed after 2s 996ms)&#xD;
  STEP 2/9: AND Given the authenticated user...&#xD;
  STEP 2/9: AND Given the authenticated user (Passed after 1s 187ms)&#xD;
  STEP 3/9: AND Given the Funnel...&#xD;
  STEP 3/9: AND Given the Funnel (Passed after 423ms)&#xD;
  STEP 4/9: AND Given the EmailTemplate...&#xD;
  STEP 4/9: AND Given the EmailTemplate (Passed after 617ms)&#xD;
  STEP 5/9: AND GivenRequestModel with workflow...&#xD;
  STEP 5/9: AND GivenRequestModel with workflow (Passed after 613ms)&#xD;
  STEP 6/9: AND Given the request...&#xD;
  STEP 6/9: AND Given the request (Passed after 1s 263ms)&#xD;
  STEP 7/9: AND Given the recipient...&#xD;
  STEP 7/9: AND Given the recipient (Passed after 166ms)&#xD;
  STEP 8/9: WHEN When request state changed...&#xD;
  STEP 8/9: WHEN When request state changed (Passed after 2s 861ms)&#xD;
  STEP 9/9: THEN Then ensure that notification was sended and context loaded...&#xD;
  STEP 9/9: THEN Then ensure that notification was sended and context loaded (Passed after 164ms)&#xD;
  SCENARIO RESULT: Passed after 10s 324ms</StdOut>
      </Output>
    </UnitTestResult>
    <UnitTestResult executionId="a57123bf-8811-4982-9360-7870dc22d7c2" testId="0e214fad-152e-1113-3e1a-d37c2c200aac" testName="Skillaz.Tests.Mongo.MongoFilterTests.Mongo_filter_converter_works(originalFilter: &quot;{ }&quot;, filterPattern: &quot;{ }&quot;)" computerName="DESKTOP-F6SKA47" duration="00:00:00.0492410" startTime="2021-12-16T16:16:29.4249107+03:00" endTime="2021-12-16T16:16:29.4249184+03:00" testType="13cdc9d9-ddb5-4fa4-a97d-d965ccfc6d4b" outcome="Passed" testListId="8c84fa94-04c1-424b-9868-57a2d4851a1d" relativeResultsDirectory="a57123bf-8811-4982-9360-7870dc22d7c2" />
    <UnitTestResult executionId="7a57aa53-108d-46c0-817c-a37f5e332b19" testId="e7d9c1a3-446f-52aa-cc8c-612a11989553" testName="Skillaz.Tests.Helpers.WorkingDaysHelperFeature.FindProductionDates(dateStrings: [&quot;2020-08-15&quot;, &quot;2020-08-17&quot;])" computerName="DESKTOP-F6SKA47" duration="00:00:00.0966781" startTime="2021-12-16T16:16:29.3922814+03:00" endTime="2021-12-16T16:16:29.3922819+03:00" testType="13cdc9d9-ddb5-4fa4-a97d-d965ccfc6d4b" outcome="Passed" testListId="8c84fa94-04c1-424b-9868-57a2d4851a1d" relativeResultsDirectory="7a57aa53-108d-46c0-817c-a37f5e332b19" />
    <UnitTestResult executionId="36f55369-316d-43f9-b3c8-3dbdc0d70ece" testId="39bbe88c-a5a1-69b6-0e18-a75bb02edd6c" testName="Skillaz.Tests.CompanySpecific.X5.Naumen.NaumenSlaTests.Sla_calculates_correctly_within_one_day(candidateTimeZone: 3, sla: 01:00:00, startDate: 2019-12-31T16:00:00.0000000Z, truth: [NaumenTimeRange { From = &quot;2019-12-31 19:00:00&quot;, To = &quot;2019-12-31 20:00:00&quot; }])" computerName="DESKTOP-F6SKA47" duration="00:00:00.0000281" startTime="2021-12-16T16:16:28.9011815+03:00" endTime="2021-12-16T16:16:28.9011834+03:00" testType="13cdc9d9-ddb5-4fa4-a97d-d965ccfc6d4b" outcome="Passed" testListId="8c84fa94-04c1-424b-9868-57a2d4851a1d" relativeResultsDirectory="36f55369-316d-43f9-b3c8-3dbdc0d70ece" />
    <UnitTestResult executionId="6376b57f-84fd-4565-80d2-dd1b86f3880a" testId="0091378c-d8d0-e12e-a591-f1a3f318eb17" testName="Skillaz.Tests.Telephony.CallList_ExtendFilter_feature.CheckMixedFilterIncludeAndExcludeOr" computerName="DESKTOP-F6SKA47" duration="00:00:02.7886561" startTime="2021-12-16T16:27:27.8582808+03:00" endTime="2021-12-16T16:27:27.8582823+03:00" testType="13cdc9d9-ddb5-4fa4-a97d-d965ccfc6d4b" outcome="Passed" testListId="8c84fa94-04c1-424b-9868-57a2d4851a1d" relativeResultsDirectory="6376b57f-84fd-4565-80d2-dd1b86f3880a">
      <Output>
        <StdOut>SCENARIO: CheckMixedFilterIncludeAndExcludeOr&#xD;
  STEP 1/8: GIVEN Given a company...&#xD;
  STEP 1/8: GIVEN Given a company (Passed after 157ms)&#xD;
  STEP 2/8: AND Given the authenticated user...&#xD;
  STEP 2/8: AND Given the authenticated user (Passed after 250ms)&#xD;
  STEP 3/8: AND Given a vacancy...&#xD;
  STEP 3/8: AND Given a vacancy (Passed after 217ms)&#xD;
  STEP 4/8: AND Given a candidates...&#xD;
  STEP 4/8: AND Given a candidates (Passed after 356ms)&#xD;
  STEP 5/8: AND Given outgoing campaign...&#xD;
  STEP 5/8: AND Given outgoing campaign (Passed after 390ms)&#xD;
  STEP 6/8: WHEN CreateSimpleExtendFilter [include: "(All, System.String[])"] [exclude: "(Any, System.String[])"]...&#xD;
  STEP 6/8: WHEN CreateSimpleExtendFilter [include: "(All, System.String[])"] [exclude: "(Any, System.String[])"] (Passed after &lt;1ms)&#xD;
  STEP 7/8: AND When candidates requested using advanced filter...&#xD;
  STEP 7/8: AND When candidates requested using advanced filter (Passed after 349ms)&#xD;
  STEP 8/8: THEN Then candidates count "1" correct...&#xD;
  STEP 8/8: THEN Then candidates count "1" correct (Passed after &lt;1ms)&#xD;
  SCENARIO RESULT: Passed after 1s 736ms</StdOut>
      </Output>
    </UnitTestResult>
    <UnitTestResult executionId="49f9255b-63f9-4ac9-99aa-cfcf0622480b" testId="301a58d8-c0be-e7bf-823f-ad1b7dc3e4d1" testName="Skillaz.Tests.Configurator.DocumentModel.JobOfferConfiguratorDataType_feature.JobOfferConfiguratorDataType_update_with_formula" computerName="DESKTOP-F6SKA47" duration="00:00:09.0479474" startTime="2021-12-16T16:26:38.8266351+03:00" endTime="2021-12-16T16:26:38.8266378+03:00" testType="13cdc9d9-ddb5-4fa4-a97d-d965ccfc6d4b" outcome="Passed" testListId="8c84fa94-04c1-424b-9868-57a2d4851a1d" relativeResultsDirectory="49f9255b-63f9-4ac9-99aa-cfcf0622480b">
      <Output>
        <StdOut>SCENARIO: JobOfferConfiguratorDataType update with formula&#xD;
  STEP 1/10: GIVEN a company...&#xD;
  STEP 1/10: GIVEN a company (Passed after 828ms)&#xD;
  STEP 2/10: AND the authenticated user...&#xD;
  STEP 2/10: AND the authenticated user (Passed after 1s 567ms)&#xD;
  STEP 3/10: AND the applied configuration of the job offer...&#xD;
  STEP 3/10: AND the applied configuration of the job offer (Passed after 589ms)&#xD;
  STEP 4/10: AND the applied configuration of the candidate check which uses formula...&#xD;
  STEP 4/10: AND the applied configuration of the candidate check which uses formula (Passed after 262ms)&#xD;
  STEP 5/10: AND the applied configuration of the funnel with candidate check and job offer...&#xD;
  STEP 5/10: AND the applied configuration of the funnel with candidate check and job offer (Passed after 238ms)&#xD;
  STEP 6/10: AND the vacancy and candidate created...&#xD;
  STEP 6/10: AND the vacancy and candidate created (Passed after 689ms)&#xD;
  STEP 7/10: AND the job offer...&#xD;
  STEP 7/10: AND the job offer (Passed after 389ms)&#xD;
  STEP 8/10: AND the candidate check...&#xD;
  STEP 8/10: AND the candidate check (Passed after 366ms)&#xD;
  STEP 9/10: WHEN update job offer...&#xD;
  STEP 9/10: WHEN update job offer (Passed after 2s 718ms)&#xD;
  STEP 10/10: THEN default value in then candidate check is set...&#xD;
  STEP 10/10: THEN default value in then candidate check is set (Passed after 500ms)&#xD;
  SCENARIO RESULT: Passed after 8s 160ms</StdOut>
      </Output>
    </UnitTestResult>
    <UnitTestResult executionId="2136e90b-4625-462a-95f0-c01b7b452b0f" testId="8b0d910a-ab8f-a406-3bef-b2b69ba9920e" testName="Skillaz.Tests.Assessment.Questionnaires.QuizQuestionnaire_feature.Updating_a_quiz_questionnaire" computerName="DESKTOP-F6SKA47" duration="00:00:05.3004155" startTime="2021-12-16T16:26:35.0060553+03:00" endTime="2021-12-16T16:26:35.0060568+03:00" testType="13cdc9d9-ddb5-4fa4-a97d-d965ccfc6d4b" outcome="Passed" testListId="8c84fa94-04c1-424b-9868-57a2d4851a1d" relativeResultsDirectory="2136e90b-4625-462a-95f0-c01b7b452b0f">
      <Output>
        <StdOut>SCENARIO: Updating a quiz questionnaire&#xD;
  STEP 1/5: GIVEN a company...&#xD;
  STEP 1/5: GIVEN a company (Passed after 813ms)&#xD;
  STEP 2/5: AND the authenticated user...&#xD;
  STEP 2/5: AND the authenticated user (Passed after 1s 561ms)&#xD;
  STEP 3/5: AND the quiz questionnaire...&#xD;
  STEP 3/5: AND the quiz questionnaire (Passed after 687ms)&#xD;
  STEP 4/5: WHEN quiz questionnaire is updated...&#xD;
  STEP 4/5: WHEN quiz questionnaire is updated (Passed after 779ms)&#xD;
  STEP 5/5: Quiz questionnaire should be updated...&#xD;
  STEP 5/5: Quiz questionnaire should be updated (Passed after 23ms)&#xD;
  SCENARIO RESULT: Passed after 3s 870ms</StdOut>
      </Output>
    </UnitTestResult>
    <UnitTestResult executionId="147ab03b-f8c3-4115-9516-af859b556ae8" testId="019b787c-88b2-9680-3a7b-9251d2235f77" testName="Skillaz.Tests.CompanySpecific.X5.Naumen.NaumenSlaTests.Sla_calculates_correctly_for_next_day(candidateTimeZone: 8, sla: 02:00:00, startDate: 2019-12-31T18:30:00.0000000Z, truth: [NaumenTimeRange { From = &quot;2020-01-01 07:00:00&quot;, To = &quot;2020-01-01 09:00:00&quot; }])" computerName="DESKTOP-F6SKA47" duration="00:00:00.0000345" startTime="2021-12-16T16:16:29.2984733+03:00" endTime="2021-12-16T16:16:29.2984756+03:00" testType="13cdc9d9-ddb5-4fa4-a97d-d965ccfc6d4b" outcome="Passed" testListId="8c84fa94-04c1-424b-9868-57a2d4851a1d" relativeResultsDirectory="147ab03b-f8c3-4115-9516-af859b556ae8" />
    <UnitTestResult executionId="ddb78f18-c7d7-4d6d-a807-fd7df1599c59" testId="019b787c-88b2-9680-3a7b-9251d2235f77" testName="Skillaz.Tests.CompanySpecific.X5.Naumen.NaumenSlaTests.Sla_calculates_correctly_for_next_day(candidateTimeZone: 7, sla: 02:00:00, startDate: 2019-12-31T21:30:00.0000000Z, truth: [NaumenTimeRange { From = &quot;2020-01-01 07:00:00&quot;, To = &quot;2020-01-01 09:00:00&quot; }])" computerName="DESKTOP-F6SKA47" duration="00:00:00.0000320" startTime="2021-12-16T16:16:29.2856689+03:00" endTime="2021-12-16T16:16:29.2856698+03:00" testType="13cdc9d9-ddb5-4fa4-a97d-d965ccfc6d4b" outcome="Passed" testListId="8c84fa94-04c1-424b-9868-57a2d4851a1d" relativeResultsDirectory="ddb78f18-c7d7-4d6d-a807-fd7df1599c59" />
    <UnitTestResult executionId="01ae1ca6-4a81-4a97-a1fb-2a89f9803276" testId="260e7293-e74c-fce0-525c-3bd66a73e332" testName="Skillaz.Tests.Assessment.Scenario_feature.Creating_a_scenario" computerName="DESKTOP-F6SKA47" duration="00:00:01.6015462" startTime="2021-12-16T16:22:17.3156779+03:00" endTime="2021-12-16T16:22:17.3156800+03:00" testType="13cdc9d9-ddb5-4fa4-a97d-d965ccfc6d4b" outcome="Passed" testListId="8c84fa94-04c1-424b-9868-57a2d4851a1d" relativeResultsDirectory="01ae1ca6-4a81-4a97-a1fb-2a89f9803276">
      <Output>
        <StdOut>SCENARIO: Creating a scenario&#xD;
  STEP 1/5: GIVEN a company...&#xD;
  STEP 1/5: GIVEN a company (Passed after 269ms)&#xD;
  STEP 2/5: AND the vacancy in the company...&#xD;
  STEP 2/5: AND the vacancy in the company (Passed after 80ms)&#xD;
  STEP 3/5: AND the authenticated user...&#xD;
  STEP 3/5: AND the authenticated user (Passed after 396ms)&#xD;
  STEP 4/5: WHEN scenario is created...&#xD;
  STEP 4/5: WHEN scenario is created (Passed after 435ms)&#xD;
  STEP 5/5: It should be created...&#xD;
  STEP 5/5: It should be created (Passed after 212ms)&#xD;
  SCENARIO RESULT: Passed after 1s 401ms</StdOut>
      </Output>
    </UnitTestResult>
    <UnitTestResult executionId="c8f8e417-5e68-4f51-93fe-2f5add728c3b" testId="39bbe88c-a5a1-69b6-0e18-a75bb02edd6c" testName="Skillaz.Tests.CompanySpecific.X5.Naumen.NaumenSlaTests.Sla_calculates_correctly_within_one_day(candidateTimeZone: 11, sla: 04:00:00, startDate: 2019-12-31T05:00:00.0000000Z, truth: [NaumenTimeRange { From = &quot;2019-12-31 08:00:00&quot;, To = &quot;2019-12-31 12:00:00&quot; }])" computerName="DESKTOP-F6SKA47" duration="00:00:00.0000309" startTime="2021-12-16T16:16:29.0404149+03:00" endTime="2021-12-16T16:16:29.0404153+03:00" testType="13cdc9d9-ddb5-4fa4-a97d-d965ccfc6d4b" outcome="Passed" testListId="8c84fa94-04c1-424b-9868-57a2d4851a1d" relativeResultsDirectory="c8f8e417-5e68-4f51-93fe-2f5add728c3b" />
    <UnitTestResult executionId="0a701f2a-b0bb-463b-b940-4d2ce1eaa24f" testId="6ff501ab-4260-87cb-40c4-5a11699d3dc0" testName="Skillaz.Tests.Telephony.CallList_ExtendFilter_feature.CheckWithoutFilter" computerName="DESKTOP-F6SKA47" duration="00:00:03.5424608" startTime="2021-12-16T16:27:24.3492904+03:00" endTime="2021-12-16T16:27:24.3492920+03:00" testType="13cdc9d9-ddb5-4fa4-a97d-d965ccfc6d4b" outcome="Passed" testListId="8c84fa94-04c1-424b-9868-57a2d4851a1d" relativeResultsDirectory="0a701f2a-b0bb-463b-b940-4d2ce1eaa24f">
      <Output>
        <StdOut>SCENARIO: CheckWithoutFilter&#xD;
  STEP 1/8: GIVEN Given a company...&#xD;
  STEP 1/8: GIVEN Given a company (Passed after 389ms)&#xD;
  STEP 2/8: AND Given the authenticated user...&#xD;
  STEP 2/8: AND Given the authenticated user (Passed after 620ms)&#xD;
  STEP 3/8: AND Given a vacancy...&#xD;
  STEP 3/8: AND Given a vacancy (Passed after 264ms)&#xD;
  STEP 4/8: AND Given a candidates...&#xD;
  STEP 4/8: AND Given a candidates (Passed after 323ms)&#xD;
  STEP 5/8: AND Given outgoing campaign...&#xD;
  STEP 5/8: AND Given outgoing campaign (Passed after 118ms)&#xD;
  STEP 6/8: WHEN CreateSimpleExtendFilter [include: "&lt;null&gt;"] [exclude: "&lt;null&gt;"]...&#xD;
  STEP 6/8: WHEN CreateSimpleExtendFilter [include: "&lt;null&gt;"] [exclude: "&lt;null&gt;"] (Passed after 1ms)&#xD;
  STEP 7/8: AND When candidates requested using advanced filter...&#xD;
  STEP 7/8: AND When candidates requested using advanced filter (Passed after 717ms)&#xD;
  STEP 8/8: THEN Then candidates count "9" correct...&#xD;
  STEP 8/8: THEN Then candidates count "9" correct (Passed after &lt;1ms)&#xD;
  SCENARIO RESULT: Passed after 2s 459ms</StdOut>
      </Output>
    </UnitTestResult>
    <UnitTestResult executionId="85c69b2a-adaa-4333-8963-fb9dc1d2f770" testId="ec134fae-5041-2ed9-4ae3-1937cd5ed8a9" testName="Skillaz.Tests.Common.DataValidationHelpers.ValidateDateTimeOffset_feature.Date_time_is_null_not_valid" computerName="DESKTOP-F6SKA47" duration="00:00:01.9619436" startTime="2021-12-16T16:25:53.6006146+03:00" endTime="2021-12-16T16:25:53.6006162+03:00" testType="13cdc9d9-ddb5-4fa4-a97d-d965ccfc6d4b" outcome="Passed" testListId="8c84fa94-04c1-424b-9868-57a2d4851a1d" relativeResultsDirectory="85c69b2a-adaa-4333-8963-fb9dc1d2f770">
      <Output>
        <StdOut>SCENARIO: Date time is null not valid&#xD;
  STEP 1/3: GIVEN a string [parameter: "&lt;null&gt;"]...&#xD;
  STEP 1/3: GIVEN a string [parameter: "&lt;null&gt;"] (Passed after 1ms)&#xD;
  STEP 2/3: WHEN validation occured [nullAllowed: "False"] [emptyAllowed: "True"]...&#xD;
  STEP 2/3: WHEN validation occured [nullAllowed: "False"] [emptyAllowed: "True"] (Passed after &lt;1ms)&#xD;
  STEP 3/3: THEN is not valid...&#xD;
  STEP 3/3: THEN is not valid (Passed after &lt;1ms)&#xD;
  SCENARIO RESULT: Passed after 1s 541ms</StdOut>
      </Output>
    </UnitTestResult>
    <UnitTestResult executionId="e847f089-e5fc-4616-8db3-90d62d2cf380" testId="f727b248-9add-f920-b0ce-770364245e70" testName="Skillaz.Tests.Candidate.Elastic.CandidateElasticMultiselectFiltration_feature.MultiLineFilterCheck(filter: (Skillaz.Candidate.Contract.CandidateSearchFilter, Skillaz.Candidate.Contract.CandidateSearchFilterCommon), result: (2, salary from 49000 to 71000))" computerName="DESKTOP-F6SKA47" duration="00:00:00.0010000" startTime="2021-12-16T16:26:49.5831534+03:00" endTime="2021-12-16T16:26:49.5831563+03:00" testType="13cdc9d9-ddb5-4fa4-a97d-d965ccfc6d4b" outcome="NotExecuted" testListId="8c84fa94-04c1-424b-9868-57a2d4851a1d" relativeResultsDirectory="e847f089-e5fc-4616-8db3-90d62d2cf380">
      <Output>
        <StdOut>You need Elasticsearch 7.5 local instance on 9200 port</StdOut>
      </Output>
    </UnitTestResult>
    <UnitTestResult executionId="fcf19e20-fcd8-4523-8b4e-3af68f14ea9c" testId="2ff2d3ff-65fa-9667-7c42-9a141b1a3042" testName="Skillaz.Tests.Candidate.Workflow.CreateCandidateCommand_feature.Creating_duplicate_candidate_and_check_there_is_only_one_new_status" computerName="DESKTOP-F6SKA47" duration="00:00:20.2650829" startTime="2021-12-16T16:23:09.2792813+03:00" endTime="2021-12-16T16:23:09.2792919+03:00" testType="13cdc9d9-ddb5-4fa4-a97d-d965ccfc6d4b" outcome="Passed" testListId="8c84fa94-04c1-424b-9868-57a2d4851a1d" relativeResultsDirectory="fcf19e20-fcd8-4523-8b4e-3af68f14ea9c">
      <Output>
        <StdOut>SCENARIO: Creating duplicate candidate and check there is only one new status&#xD;
  STEP 1/10: GIVEN a company [companyId: "avilon"]...&#xD;
  STEP 1/10: GIVEN a company [companyId: "avilon"] (Passed after 207ms)&#xD;
  STEP 2/10: AND the authenticated user...&#xD;
  STEP 2/10: AND the authenticated user (Passed after 821ms)&#xD;
  STEP 3/10: AND the vacancy in the company [funnelId: "X5FunnelAdmin"]...&#xD;
  STEP 3/10: AND the vacancy in the company [funnelId: "X5FunnelAdmin"] (Passed after 269ms)&#xD;
  STEP 4/10: AND deduplication configuration...&#xD;
  STEP 4/10: AND deduplication configuration (Passed after 271ms)&#xD;
  STEP 5/10: AND trigger to funnel...&#xD;
  STEP 5/10: AND trigger to funnel (Passed after &lt;1ms)&#xD;
  STEP 6/10: AND existing candidate "Skillaz.Candidate.Contract.Documents.Candidate.CandidateDocument"...&#xD;
  STEP 6/10: AND existing candidate "Skillaz.Candidate.Contract.Documents.Candidate.CandidateDocument" (Passed after 442ms)&#xD;
  STEP 7/10: AND new candidate [newCandidateDto: "Skillaz.Candidate.Contract.NewCandidateDto"]...&#xD;
  STEP 7/10: AND new candidate [newCandidateDto: "Skillaz.Candidate.Contract.NewCandidateDto"] (Passed after 49ms)&#xD;
  STEP 8/10: WHEN creating new candidate...&#xD;
  STEP 8/10: WHEN creating new candidate (Passed after 11s 349ms)&#xD;
  STEP 9/10: THEN trigger executed...&#xD;
  STEP 9/10: THEN trigger executed (Passed after 67ms)&#xD;
  STEP 10/10: AND same vacancy and single new status...&#xD;
  STEP 10/10: AND same vacancy and single new status (Passed after 274ms)&#xD;
  SCENARIO RESULT: Passed after 13s 821ms</StdOut>
      </Output>
    </UnitTestResult>
    <UnitTestResult executionId="cdfd0b49-b237-421d-957e-1608985e4faa" testId="7c79812c-dd78-b687-4554-8465adfde98f" testName="Skillaz.Tests.CompanySpecific.X5.X5GenerateTimeslots_feature.TimeslotsShouldBeGeneratedFromOrgUnitCreatedDate" computerName="DESKTOP-F6SKA47" duration="00:01:04.9954268" startTime="2021-12-16T16:18:41.8458546+03:00" endTime="2021-12-16T16:18:41.8458573+03:00" testType="13cdc9d9-ddb5-4fa4-a97d-d965ccfc6d4b" outcome="Passed" testListId="8c84fa94-04c1-424b-9868-57a2d4851a1d" relativeResultsDirectory="cdfd0b49-b237-421d-957e-1608985e4faa">
      <Output>
        <StdOut>SCENARIO: TimeslotsShouldBeGeneratedFromOrgUnitCreatedDate&#xD;
  STEP 1/5: GIVEN a company [companyId: "x5Company"]...&#xD;
  STEP 1/5: GIVEN a company [companyId: "x5Company"] (Passed after 221ms)&#xD;
  STEP 2/5: AND the authenticated user...&#xD;
  STEP 2/5: AND the authenticated user (Passed after 173ms)&#xD;
  STEP 3/5: AND Given OrgUnit "Skillaz.Candidate.Contract.OrgUnit.OrgUnitDocument"...&#xD;
  STEP 3/5: AND Given OrgUnit "Skillaz.Candidate.Contract.OrgUnit.OrgUnitDocument" (Passed after 585ms)&#xD;
  STEP 4/5: WHEN When GenerateTimeSlotService Executed...&#xD;
  STEP 4/5: WHEN When GenerateTimeSlotService Executed (Passed after 1m 02s)&#xD;
  STEP 5/5: THEN Then TimeSlots Should Be Generated From Created At Date...&#xD;
  STEP 5/5: THEN Then TimeSlots Should Be Generated From Created At Date (Passed after 452ms)&#xD;
  SCENARIO RESULT: Passed after 1m 03s</StdOut>
      </Output>
    </UnitTestResult>
    <UnitTestResult executionId="76788923-6bc9-43eb-9c07-994c1d518cfb" testId="019b787c-88b2-9680-3a7b-9251d2235f77" testName="Skillaz.Tests.CompanySpecific.X5.Naumen.NaumenSlaTests.Sla_calculates_correctly_for_next_day(candidateTimeZone: 12, sla: 02:00:00, startDate: 2019-12-31T15:30:00.0000000Z, truth: [NaumenTimeRange { From = &quot;2020-01-01 07:00:00&quot;, To = &quot;2020-01-01 09:00:00&quot; }])" computerName="DESKTOP-F6SKA47" duration="00:00:00.0000438" startTime="2021-12-16T16:16:29.3753937+03:00" endTime="2021-12-16T16:16:29.3753942+03:00" testType="13cdc9d9-ddb5-4fa4-a97d-d965ccfc6d4b" outcome="Passed" testListId="8c84fa94-04c1-424b-9868-57a2d4851a1d" relativeResultsDirectory="76788923-6bc9-43eb-9c07-994c1d518cfb" />
    <UnitTestResult executionId="5893d1a3-21cf-4d2d-8525-a7594ac4d461" testId="d6cee6f7-0e6e-2da4-d0bb-04e464cef206" testName="Skillaz.Tests.Assessment.Questionnaires.BranchTrackQuestionnaire_feature.Updating_a_questionnaire" computerName="DESKTOP-F6SKA47" duration="00:00:04.3971776" startTime="2021-12-16T16:20:42.8869127+03:00" endTime="2021-12-16T16:20:42.8869145+03:00" testType="13cdc9d9-ddb5-4fa4-a97d-d965ccfc6d4b" outcome="Passed" testListId="8c84fa94-04c1-424b-9868-57a2d4851a1d" relativeResultsDirectory="5893d1a3-21cf-4d2d-8525-a7594ac4d461">
      <Output>
        <StdOut>SCENARIO: Updating a questionnaire&#xD;
  STEP 1/5: GIVEN a company...&#xD;
  STEP 1/5: GIVEN a company (Passed after 212ms)&#xD;
  STEP 2/5: AND the authenticated user...&#xD;
  STEP 2/5: AND the authenticated user (Passed after 388ms)&#xD;
  STEP 3/5: AND the questionnaire...&#xD;
  STEP 3/5: AND the questionnaire (Passed after 131ms)&#xD;
  STEP 4/5: WHEN questionnaire is updated...&#xD;
  STEP 4/5: WHEN questionnaire is updated (Passed after 2s 772ms)&#xD;
  STEP 5/5: Questionnaire should be updated...&#xD;
  STEP 5/5: Questionnaire should be updated (Passed after 96ms)&#xD;
  SCENARIO RESULT: Passed after 3s 615ms</StdOut>
      </Output>
    </UnitTestResult>
    <UnitTestResult executionId="46f2aa53-0f69-43d1-a182-eb8c4d1b0b5b" testId="8acd4525-a627-5fa2-0344-bf4e6672636d" testName="Skillaz.Tests.OpenApi.ObjectHashHelperTest.GetChanges(source: [[a, 1], [b, aa], [c, 10]], update: [[b, aa], [c, 10]], expected: [])" computerName="DESKTOP-F6SKA47" duration="00:00:00.0044715" startTime="2021-12-16T16:16:28.7619644+03:00" endTime="2021-12-16T16:16:28.7619695+03:00" testType="13cdc9d9-ddb5-4fa4-a97d-d965ccfc6d4b" outcome="Passed" testListId="8c84fa94-04c1-424b-9868-57a2d4851a1d" relativeResultsDirectory="46f2aa53-0f69-43d1-a182-eb8c4d1b0b5b" />
    <UnitTestResult executionId="500f9bba-90a8-44ce-a095-b7cee62edcea" testId="019b787c-88b2-9680-3a7b-9251d2235f77" testName="Skillaz.Tests.CompanySpecific.X5.Naumen.NaumenSlaTests.Sla_calculates_correctly_for_next_day(candidateTimeZone: 10, sla: 02:00:00, startDate: 2019-12-31T12:00:00.0000000Z, truth: [NaumenTimeRange { From = &quot;2020-01-01 07:00:00&quot;, To = &quot;2020-01-01 09:00:00&quot; }])" computerName="DESKTOP-F6SKA47" duration="00:00:00.0000402" startTime="2021-12-16T16:16:29.3282071+03:00" endTime="2021-12-16T16:16:29.3282075+03:00" testType="13cdc9d9-ddb5-4fa4-a97d-d965ccfc6d4b" outcome="Passed" testListId="8c84fa94-04c1-424b-9868-57a2d4851a1d" relativeResultsDirectory="500f9bba-90a8-44ce-a095-b7cee62edcea" />
    <UnitTestResult executionId="fd96e297-d112-4d27-abaa-74cc6839fb81" testId="f727b248-9add-f920-b0ce-770364245e70" testName="Skillaz.Tests.Candidate.Elastic.CandidateElasticMultiselectFiltration_feature.MultiLineFilterCheck(filter: (Skillaz.Candidate.Contract.CandidateSearchFilter, Skillaz.Candidate.Contract.CandidateSearchFilterCommon), result: (1, ExperienceRange.From1To3Years))" computerName="DESKTOP-F6SKA47" duration="00:00:00.0010000" startTime="2021-12-16T16:26:49.8921254+03:00" endTime="2021-12-16T16:26:49.8921284+03:00" testType="13cdc9d9-ddb5-4fa4-a97d-d965ccfc6d4b" outcome="NotExecuted" testListId="8c84fa94-04c1-424b-9868-57a2d4851a1d" relativeResultsDirectory="fd96e297-d112-4d27-abaa-74cc6839fb81">
      <Output>
        <StdOut>You need Elasticsearch 7.5 local instance on 9200 port</StdOut>
      </Output>
    </UnitTestResult>
    <UnitTestResult executionId="31d30704-cced-460f-914e-ac56dc2f4e12" testId="ebae948d-73ae-5f05-bcb4-098f7cc26814" testName="Skillaz.Tests.Assessment.Questionnaires.HomeworkQuestionnaire_feature.Getting_a_questionnaire_list" computerName="DESKTOP-F6SKA47" duration="00:00:05.4948670" startTime="2021-12-16T16:19:34.4426187+03:00" endTime="2021-12-16T16:19:34.4427098+03:00" testType="13cdc9d9-ddb5-4fa4-a97d-d965ccfc6d4b" outcome="Passed" testListId="8c84fa94-04c1-424b-9868-57a2d4851a1d" relativeResultsDirectory="31d30704-cced-460f-914e-ac56dc2f4e12">
      <Output>
        <StdOut>SCENARIO: Getting a questionnaire list&#xD;
  STEP 1/5: GIVEN a company...&#xD;
  STEP 1/5: GIVEN a company (Passed after 663ms)&#xD;
  STEP 2/5: AND the authenticated user...&#xD;
  STEP 2/5: AND the authenticated user (Passed after 1s 673ms)&#xD;
  STEP 3/5: AND the questionnaire...&#xD;
  STEP 3/5: AND the questionnaire (Passed after 2s 531ms)&#xD;
  STEP 4/5: WHEN questionnaire list is requested...&#xD;
  STEP 4/5: WHEN questionnaire list is requested (Passed after 303ms)&#xD;
  STEP 5/5: Questionnaire list should be retrieved...&#xD;
  STEP 5/5: Questionnaire list should be retrieved (Passed after 1ms)&#xD;
  SCENARIO RESULT: Passed after 5s 178ms</StdOut>
      </Output>
    </UnitTestResult>
    <UnitTestResult executionId="1d72d4ab-00f1-4f60-bede-d1b13a13bd06" testId="019b787c-88b2-9680-3a7b-9251d2235f77" testName="Skillaz.Tests.CompanySpecific.X5.Naumen.NaumenSlaTests.Sla_calculates_correctly_for_next_day(candidateTimeZone: 3, sla: 02:00:00, startDate: 2020-01-01T06:00:00.0000000Z, truth: [NaumenTimeRange { From = &quot;2020-01-01 09:00:00&quot;, To = &quot;2020-01-01 11:00:00&quot; }])" computerName="DESKTOP-F6SKA47" duration="00:00:00.0001079" startTime="2021-12-16T16:16:29.0812444+03:00" endTime="2021-12-16T16:16:29.0812447+03:00" testType="13cdc9d9-ddb5-4fa4-a97d-d965ccfc6d4b" outcome="Passed" testListId="8c84fa94-04c1-424b-9868-57a2d4851a1d" relativeResultsDirectory="1d72d4ab-00f1-4f60-bede-d1b13a13bd06" />
    <UnitTestResult executionId="d5977bc9-5742-4dfd-995c-d515fcff4c02" testId="73d4dedd-83f1-1324-8320-eeb233c8b283" testName="Skillaz.Tests.Assessment.Interviews.BranchTrackInteriew_feature.Getting_a_branch_track_interview" computerName="DESKTOP-F6SKA47" duration="00:00:06.9681065" startTime="2021-12-16T16:26:00.5769612+03:00" endTime="2021-12-16T16:26:00.5769641+03:00" testType="13cdc9d9-ddb5-4fa4-a97d-d965ccfc6d4b" outcome="Passed" testListId="8c84fa94-04c1-424b-9868-57a2d4851a1d" relativeResultsDirectory="d5977bc9-5742-4dfd-995c-d515fcff4c02">
      <Output>
        <StdOut>SCENARIO: Getting a branch track interview&#xD;
  STEP 1/4: GIVEN a candidate in a vacancy in a company...&#xD;
  STEP 1/4: GIVEN a candidate in a vacancy in a company (Passed after 704ms)&#xD;
  STEP 2/4: AND the interview...&#xD;
  STEP 2/4: AND the interview (Passed after 1s 554ms)&#xD;
  STEP 3/4: WHEN a branch track interview is requested...&#xD;
  STEP 3/4: WHEN a branch track interview is requested (Passed after 4s 329ms)&#xD;
  STEP 4/4: THEN a branch track interview should be retrieved...&#xD;
  STEP 4/4: THEN a branch track interview should be retrieved (Passed after &lt;1ms)&#xD;
  SCENARIO RESULT: Passed after 6s 591ms</StdOut>
      </Output>
    </UnitTestResult>
    <UnitTestResult executionId="e99a8611-42b7-42b4-9f5b-3fcfba15f8aa" testId="019b787c-88b2-9680-3a7b-9251d2235f77" testName="Skillaz.Tests.CompanySpecific.X5.Naumen.NaumenSlaTests.Sla_calculates_correctly_for_next_day(candidateTimeZone: 3, sla: 02:00:00, startDate: 2019-12-31T19:00:00.0000000Z, truth: [NaumenTimeRange { From = &quot;2020-01-01 09:00:00&quot;, To = &quot;2020-01-01 11:00:00&quot; }])" computerName="DESKTOP-F6SKA47" duration="00:00:00.0000321" startTime="2021-12-16T16:16:29.0740710+03:00" endTime="2021-12-16T16:16:29.0740716+03:00" testType="13cdc9d9-ddb5-4fa4-a97d-d965ccfc6d4b" outcome="Passed" testListId="8c84fa94-04c1-424b-9868-57a2d4851a1d" relativeResultsDirectory="e99a8611-42b7-42b4-9f5b-3fcfba15f8aa" />
    <UnitTestResult executionId="e2bbb629-0f3e-4a61-829c-4768c40436f6" testId="695a69c9-264c-d1c5-2032-535ef4bf39f9" testName="Skillaz.Tests.CompanySpecific.X5.Naumen.NaumenSlaTests.Sla_calculates_correctly_for_split_days(candidateTimeZone: 9, sla: 03:00:00, startDate: 2019-12-31T09:30:00.0000000Z, truth: [NaumenTimeRange { From = &quot;2019-12-31 12:30:00&quot;, To = &quot;2019-12-31 14:00:00&quot; }, NaumenTimeRange { From = &quot;2020-01-01 07:00:00&quot;, To = &quot;2020-01-01 08:30:00&quot; }])" computerName="DESKTOP-F6SKA47" duration="00:00:00.0001225" startTime="2021-12-16T16:16:29.0172039+03:00" endTime="2021-12-16T16:16:29.0172049+03:00" testType="13cdc9d9-ddb5-4fa4-a97d-d965ccfc6d4b" outcome="Passed" testListId="8c84fa94-04c1-424b-9868-57a2d4851a1d" relativeResultsDirectory="e2bbb629-0f3e-4a61-829c-4768c40436f6" />
    <UnitTestResult executionId="446dc7a7-8b73-4b00-a5e3-09b920710154" testId="6574c621-5570-b773-9a91-adb482292d94" testName="Skillaz.Tests.ProcessingRole.CandidateProcessingRoleControllerCandidateProcessingRoleController_feature.GetProcessingRoles" computerName="DESKTOP-F6SKA47" duration="00:00:02.3856122" startTime="2021-12-16T16:26:35.6353062+03:00" endTime="2021-12-16T16:26:35.6353079+03:00" testType="13cdc9d9-ddb5-4fa4-a97d-d965ccfc6d4b" outcome="Passed" testListId="8c84fa94-04c1-424b-9868-57a2d4851a1d" relativeResultsDirectory="446dc7a7-8b73-4b00-a5e3-09b920710154">
      <Output>
        <StdOut>SCENARIO: GetProcessingRoles&#xD;
  STEP 1/8: GIVEN a company...&#xD;
  STEP 1/8: GIVEN a company (Passed after 158ms)&#xD;
  STEP 2/8: AND a client configuration...&#xD;
  STEP 2/8: AND a client configuration (Passed after &lt;1ms)&#xD;
  STEP 3/8: AND the authenticated user...&#xD;
  STEP 3/8: AND the authenticated user (Passed after 630ms)&#xD;
  STEP 4/8: AND a funnel...&#xD;
  STEP 4/8: AND a funnel (Passed after 375ms)&#xD;
  STEP 5/8: AND a candidate...&#xD;
  STEP 5/8: AND a candidate (Passed after 352ms)&#xD;
  STEP 6/8: AND a ProcessingRole...&#xD;
  STEP 6/8: AND a ProcessingRole (Passed after 89ms)&#xD;
  STEP 7/8: WHEN GetProcessingRoles...&#xD;
  STEP 7/8: WHEN GetProcessingRoles (Passed after 581ms)&#xD;
  STEP 8/8: THEN ProcessingRoles list...&#xD;
  STEP 8/8: THEN ProcessingRoles list (Passed after 28ms)&#xD;
  SCENARIO RESULT: Passed after 2s 220ms</StdOut>
      </Output>
    </UnitTestResult>
    <UnitTestResult executionId="3f07a8d9-065c-43a3-ba2b-5ad6435d059a" testId="ef61d876-f279-e358-d2ca-562dc1c10d1e" testName="Skillaz.Tests.Configurator.DocumentModel.EnterFormDateTimeWithAddress.Проверить_форму_с_датой_и_адресом" computerName="DESKTOP-F6SKA47" duration="00:00:16.6644126" startTime="2021-12-16T16:17:49.3966117+03:00" endTime="2021-12-16T16:17:49.3966139+03:00" testType="13cdc9d9-ddb5-4fa4-a97d-d965ccfc6d4b" outcome="Passed" testListId="8c84fa94-04c1-424b-9868-57a2d4851a1d" relativeResultsDirectory="3f07a8d9-065c-43a3-ba2b-5ad6435d059a">
      <Output>
        <StdOut>SCENARIO: Проверить форму с датой и адресом&#xD;
  STEP 1/6: GIVEN a company...&#xD;
  STEP 1/6: GIVEN a company (Passed after 274ms)&#xD;
  STEP 2/6: AND the authenticated user...&#xD;
  STEP 2/6: AND the authenticated user (Passed after 168ms)&#xD;
  STEP 3/6: Настроить форму смены статуса...&#xD;
  STEP 3/6: Настроить форму смены статуса (Passed after 757ms)&#xD;
  STEP 4/6: Настроить заявку...&#xD;
  STEP 4/6: Настроить заявку (Passed after 138ms)&#xD;
  STEP 5/6: Создать заявки...&#xD;
  STEP 5/6: Создать заявки (Passed after 164ms)&#xD;
  STEP 6/6: Выбрать в форме заявку и проверить что подтягивается адрес из заявки...&#xD;
  STEP 6/6: Выбрать в форме заявку и проверить что подтягивается адрес из заявки (Passed after 14s 754ms)&#xD;
  SCENARIO RESULT: Passed after 16s 279ms</StdOut>
      </Output>
    </UnitTestResult>
    <UnitTestResult executionId="56ac08d7-fd36-46ce-8081-792b8ed0e0f5" testId="411d8299-5978-127c-71d4-5d69a8531e4f" testName="Skillaz.Tests.Users.UserController_feature.RoleCandidateFilterServicePatch" computerName="DESKTOP-F6SKA47" duration="00:00:05.3632611" startTime="2021-12-16T16:22:07.7288207+03:00" endTime="2021-12-16T16:22:07.7288315+03:00" testType="13cdc9d9-ddb5-4fa4-a97d-d965ccfc6d4b" outcome="Passed" testListId="8c84fa94-04c1-424b-9868-57a2d4851a1d" relativeResultsDirectory="56ac08d7-fd36-46ce-8081-792b8ed0e0f5">
      <Output>
        <StdOut>SCENARIO: RoleCandidateFilterServicePatch&#xD;
  STEP 1/6: GIVEN Given a company...&#xD;
  STEP 1/6: GIVEN Given a company (Passed after 368ms)&#xD;
  STEP 2/6: AND Given the authenticated user...&#xD;
  STEP 2/6: AND Given the authenticated user (Passed after 364ms)&#xD;
  STEP 3/6: AND Given a role...&#xD;
  STEP 3/6: AND Given a role (Passed after 513ms)&#xD;
  STEP 4/6: AND Given configuration...&#xD;
  STEP 4/6: AND Given configuration (Passed after 742ms)&#xD;
  STEP 5/6: WHEN When PatchUserEditModel...&#xD;
  STEP 5/6: WHEN When PatchUserEditModel (Passed after 2s 574ms)&#xD;
  STEP 6/6: THEN Then PatchUserEditModel result...&#xD;
  STEP 6/6: THEN Then PatchUserEditModel result (Passed after 20ms)&#xD;
  SCENARIO RESULT: Passed after 4s 602ms</StdOut>
      </Output>
    </UnitTestResult>
    <UnitTestResult executionId="71b5d823-361e-4231-bdb2-f92d150cea80" testId="50af3f8e-a7fb-8038-f9be-3c4b1b323d00" testName="Skillaz.Tests.Request.X5.X5GetRequestListCommand_feature.Result_list_should_have_two_different_org_unit_types_on_first_two_positions" computerName="DESKTOP-F6SKA47" duration="00:00:09.1955003" startTime="2021-12-16T16:25:06.6745326+03:00" endTime="2021-12-16T16:25:06.6745360+03:00" testType="13cdc9d9-ddb5-4fa4-a97d-d965ccfc6d4b" outcome="Passed" testListId="8c84fa94-04c1-424b-9868-57a2d4851a1d" relativeResultsDirectory="71b5d823-361e-4231-bdb2-f92d150cea80">
      <Output>
        <StdOut>SCENARIO: Result list should have two different org unit types on first two positions&#xD;
  STEP 1/10: GIVEN a company [companyId: "61bb3e297f10d6937478e188"]...&#xD;
  STEP 1/10: GIVEN a company [companyId: "61bb3e297f10d6937478e188"] (Passed after 313ms)&#xD;
  STEP 2/10: AND the vacancy in the company...&#xD;
  STEP 2/10: AND the vacancy in the company (Passed after 383ms)&#xD;
  STEP 3/10: AND candidate "Skillaz.Candidate.Contract.Documents.Candidate.CandidateDocument"...&#xD;
  STEP 3/10: AND candidate "Skillaz.Candidate.Contract.Documents.Candidate.CandidateDocument" (Passed after 304ms)&#xD;
  STEP 4/10: AND request "Skillaz.Candidate.Contract.Request.RequestDocument"...&#xD;
  STEP 4/10: AND request "Skillaz.Candidate.Contract.Request.RequestDocument" (Passed after 335ms)&#xD;
  STEP 5/10: AND request "Skillaz.Candidate.Contract.Request.RequestDocument"...&#xD;
  STEP 5/10: AND request "Skillaz.Candidate.Contract.Request.RequestDocument" (Passed after 2ms)&#xD;
  STEP 6/10: AND request "Skillaz.Candidate.Contract.Request.RequestDocument"...&#xD;
  STEP 6/10: AND request "Skillaz.Candidate.Contract.Request.RequestDocument" (Passed after 2ms)&#xD;
  STEP 7/10: AND created indexes for requests...&#xD;
  STEP 7/10: AND created indexes for requests (Passed after 5s 479ms)&#xD;
  STEP 8/10: AND candidate profile [candidateProfileDocument: "Skillaz.Candidate.Contract.Documents.CandidateProfile.CandidateProfileDocument"]...&#xD;
  STEP 8/10: AND candidate profile [candidateProfileDocument: "Skillaz.Candidate.Contract.Documents.CandidateProfile.CandidateProfileDocument"] (Passed after 216ms)&#xD;
  STEP 9/10: WHEN getting available requests list...&#xD;
  STEP 9/10: WHEN getting available requests list (Passed after 89ms)&#xD;
  STEP 10/10: THEN result list ordered by distance then by org unit type then by gender...&#xD;
  STEP 10/10: THEN result list ordered by distance then by org unit type then by gender (Passed after 178ms)&#xD;
  SCENARIO RESULT: Passed after 7s 362ms</StdOut>
      </Output>
    </UnitTestResult>
    <UnitTestResult executionId="b91697c2-8cc1-45cd-a4e7-7d061d97cf96" testId="1bad3ee1-7388-b6e0-e0f8-6668ea1d178e" testName="Skillaz.Tests.Configurator.WorkflowEngine.CheckNotificationsForExternalCheckApprove_feature.CheckSendingNotificationsWhenExternalApproveCheck" computerName="DESKTOP-F6SKA47" duration="00:00:13.8282298" startTime="2021-12-16T16:19:15.3797575+03:00" endTime="2021-12-16T16:19:15.3797646+03:00" testType="13cdc9d9-ddb5-4fa4-a97d-d965ccfc6d4b" outcome="Passed" testListId="8c84fa94-04c1-424b-9868-57a2d4851a1d" relativeResultsDirectory="b91697c2-8cc1-45cd-a4e7-7d061d97cf96">
      <Output>
        <StdOut>SCENARIO: CheckSendingNotificationsWhenExternalApproveCheck&#xD;
  STEP 1/7: GIVEN Given a company [companyId: "123123123"]...&#xD;
  STEP 1/7: GIVEN Given a company [companyId: "123123123"] (Passed after 175ms)&#xD;
  STEP 2/7: AND Given the authenticated user...&#xD;
  STEP 2/7: AND Given the authenticated user (Passed after 532ms)&#xD;
  STEP 3/7: AND Given the vacancy in the company [funnelId: "TestFunnel"]...&#xD;
  STEP 3/7: AND Given the vacancy in the company [funnelId: "TestFunnel"] (Passed after 257ms)&#xD;
  STEP 4/7: AND GivenCheckWithWorkflow...&#xD;
  STEP 4/7: AND GivenCheckWithWorkflow (Passed after 1s 364ms)&#xD;
  STEP 5/7: AND GivenTemplates...&#xD;
  STEP 5/7: AND GivenTemplates (Passed after 585ms)&#xD;
  STEP 6/7: WHEN WhenChangeCheckStatusToExternalApprove...&#xD;
  STEP 6/7: WHEN WhenChangeCheckStatusToExternalApprove (Passed after 7s 008ms)&#xD;
  STEP 7/7: THEN ThenGettingEmailAndSms...&#xD;
  STEP 7/7: THEN ThenGettingEmailAndSms (Passed after 631ms)&#xD;
  SCENARIO RESULT: Passed after 10s 581ms</StdOut>
      </Output>
    </UnitTestResult>
    <UnitTestResult executionId="7dc21208-89f5-44ea-871c-5d0c1e1f17ae" testId="90610a8c-f611-0064-730c-0535a8575b15" testName="Skillaz.Tests.Candidate.Elastic.CandidateElasticFiltration_feature.Retrieving_a_candidate_by_nonexistent_user_id" computerName="DESKTOP-F6SKA47" duration="00:00:00.0010000" startTime="2021-12-16T16:24:39.9030894+03:00" endTime="2021-12-16T16:24:39.9030910+03:00" testType="13cdc9d9-ddb5-4fa4-a97d-d965ccfc6d4b" outcome="NotExecuted" testListId="8c84fa94-04c1-424b-9868-57a2d4851a1d" relativeResultsDirectory="7dc21208-89f5-44ea-871c-5d0c1e1f17ae">
      <Output>
        <StdOut>You need Elasticsearch 7.5 local instance on 9200 port</StdOut>
      </Output>
    </UnitTestResult>
    <UnitTestResult executionId="c9827888-824c-4be1-872f-990e693f535a" testId="96ea1a5e-f228-93ef-fb7e-4cc19b1c050f" testName="Skillaz.Tests.RabotaNur.RabotaNurHtmlConverterTests.TestMethod(html: &quot;1&lt;div&gt;2&lt;p&gt;3&lt;br&gt;4&lt;br /&gt;5&lt;/p&gt;6&lt;/div&gt;7&quot;, expected: &quot;12\r\n3\r\n4\r\n5\r\n67&quot;)" computerName="DESKTOP-F6SKA47" duration="00:00:01.7598282" startTime="2021-12-16T16:16:31.5197327+03:00" endTime="2021-12-16T16:16:31.5197485+03:00" testType="13cdc9d9-ddb5-4fa4-a97d-d965ccfc6d4b" outcome="Passed" testListId="8c84fa94-04c1-424b-9868-57a2d4851a1d" relativeResultsDirectory="c9827888-824c-4be1-872f-990e693f535a" />
    <UnitTestResult executionId="4c3db8fe-c741-4a68-a0c4-1a03203f19da" testId="9b91ebe4-16e7-c36a-4fc9-08dc5ede6102" testName="Skillaz.Tests.Users.UserDataService_feature.Check_GetTop100ByQueryAndTagRole_method(filter: (u1ser, ), result: (1, ))" computerName="DESKTOP-F6SKA47" duration="00:00:03.0138772" startTime="2021-12-16T16:25:14.6642521+03:00" endTime="2021-12-16T16:25:14.6642543+03:00" testType="13cdc9d9-ddb5-4fa4-a97d-d965ccfc6d4b" outcome="Passed" testListId="8c84fa94-04c1-424b-9868-57a2d4851a1d" relativeResultsDirectory="4c3db8fe-c741-4a68-a0c4-1a03203f19da">
      <Output>
        <StdOut>SCENARIO: Check GetTop100ByQueryAndTagRole method [filter: "(u1ser, )"] [result: "(1, )"]&#xD;
  STEP 1/5: GIVEN Given a company...&#xD;
  STEP 1/5: GIVEN Given a company (Passed after 688ms)&#xD;
  STEP 2/5: AND Given the authenticated user...&#xD;
  STEP 2/5: AND Given the authenticated user (Passed after 640ms)&#xD;
  STEP 3/5: AND Given Roles...&#xD;
  STEP 3/5: AND Given Roles (Passed after 147ms)&#xD;
  STEP 4/5: AND Given test users...&#xD;
  STEP 4/5: AND Given test users (Passed after 181ms)&#xD;
  STEP 5/5: WHEN When Search is appled [query: "u1ser"] [tags: "&lt;null&gt;"]...&#xD;
  STEP 5/5: WHEN When Search is appled [query: "u1ser"] [tags: "&lt;null&gt;"] (Passed after 856ms)&#xD;
  SCENARIO RESULT: Passed after 2s 556ms</StdOut>
      </Output>
    </UnitTestResult>
    <UnitTestResult executionId="c4b458ac-0c83-4560-a944-7f21e2d44855" testId="c1c667bb-dd99-ca9c-a3a5-63612d431fe3" testName="Skillaz.Tests.HH.HHApiClient_feature.HH_API_client_fails_to_create_when_password_is_already_invalidated" computerName="DESKTOP-F6SKA47" duration="00:00:03.5833502" startTime="2021-12-16T16:22:57.6348219+03:00" endTime="2021-12-16T16:22:57.6348262+03:00" testType="13cdc9d9-ddb5-4fa4-a97d-d965ccfc6d4b" outcome="Passed" testListId="8c84fa94-04c1-424b-9868-57a2d4851a1d" relativeResultsDirectory="c4b458ac-0c83-4560-a944-7f21e2d44855">
      <Output>
        <StdOut>SCENARIO: HH API client fails to create when password is already invalidated&#xD;
  STEP 1/7: GIVEN a company with allowed employers...&#xD;
  STEP 1/7: GIVEN a company with allowed employers (Passed after 508ms)&#xD;
  STEP 2/7: AND the authenticated user...&#xD;
  STEP 2/7: AND the authenticated user (Passed after 595ms)&#xD;
  STEP 3/7: AND hh account with invalidated password...&#xD;
  STEP 3/7: AND hh account with invalidated password (Passed after 284ms)&#xD;
  STEP 4/7: WHEN api client is requested...&#xD;
  STEP 4/7: WHEN api client is requested (Passed after 80ms)&#xD;
  STEP 5/7: THEN api client fails to create with business exception...&#xD;
  STEP 5/7: THEN api client fails to create with business exception (Passed after 3ms)&#xD;
  STEP 6/7: AND account should be marked as password invalidated...&#xD;
  STEP 6/7: AND account should be marked as password invalidated (Passed after &lt;1ms)&#xD;
  STEP 7/7: AND token should not present in account...&#xD;
  STEP 7/7: AND token should not present in account (Passed after &lt;1ms)&#xD;
  SCENARIO RESULT: Passed after 1s 542ms</StdOut>
      </Output>
    </UnitTestResult>
    <UnitTestResult executionId="0ed6fe81-7870-483c-82a2-628df8620a31" testId="e83c654e-eec8-cfcc-ea19-74227b0e2bb3" testName="Skillaz.Tests.DocumentModels.DocumentModel_SettingPreviewUrlForAttachments.Check_than_preview_url_set_in_attachment_for_edit_model_single_attach_in_implicit_field" computerName="DESKTOP-F6SKA47" duration="00:00:02.4461342" startTime="2021-12-16T16:25:47.6758336+03:00" endTime="2021-12-16T16:25:47.6758340+03:00" testType="13cdc9d9-ddb5-4fa4-a97d-d965ccfc6d4b" outcome="Passed" testListId="8c84fa94-04c1-424b-9868-57a2d4851a1d" relativeResultsDirectory="0ed6fe81-7870-483c-82a2-628df8620a31">
      <Output>
        <StdOut>SCENARIO: Check than preview url set in attachment for edit model single attach in implicit field&#xD;
  STEP 1/6: GIVEN a company...&#xD;
  STEP 1/6: GIVEN a company (Passed after 395ms)&#xD;
  STEP 2/6: AND the authenticated user...&#xD;
  STEP 2/6: AND the authenticated user (Passed after 388ms)&#xD;
  STEP 3/6: AND a test model...&#xD;
  STEP 3/6: AND a test model (Passed after 261ms)&#xD;
  STEP 4/6: AND a test document model...&#xD;
  STEP 4/6: AND a test document model (Passed after 1ms)&#xD;
  STEP 5/6: WHEN model converting to edit model [fieldKey: "ExtraData.SingleImplicitAttachment"] [isMultiply: "False"]...&#xD;
  STEP 5/6: WHEN model converting to edit model [fieldKey: "ExtraData.SingleImplicitAttachment"] [isMultiply: "False"] (Passed after 332ms)&#xD;
  STEP 6/6: THEN attached file in edit model have filled preview url...&#xD;
  STEP 6/6: THEN attached file in edit model have filled preview url (Passed after &lt;1ms)&#xD;
  SCENARIO RESULT: Passed after 1s 396ms</StdOut>
      </Output>
    </UnitTestResult>
    <UnitTestResult executionId="f7669e7a-647b-439c-9b50-ec7aa64eb6ff" testId="019b787c-88b2-9680-3a7b-9251d2235f77" testName="Skillaz.Tests.CompanySpecific.X5.Naumen.NaumenSlaTests.Sla_calculates_correctly_for_next_day(candidateTimeZone: 2, sla: 02:00:00, startDate: 2019-12-31T18:30:00.0000000Z, truth: [NaumenTimeRange { From = &quot;2020-01-01 10:00:00&quot;, To = &quot;2020-01-01 12:00:00&quot; }])" computerName="DESKTOP-F6SKA47" duration="00:00:00.0001508" startTime="2021-12-16T16:16:29.0570086+03:00" endTime="2021-12-16T16:16:29.0570100+03:00" testType="13cdc9d9-ddb5-4fa4-a97d-d965ccfc6d4b" outcome="Passed" testListId="8c84fa94-04c1-424b-9868-57a2d4851a1d" relativeResultsDirectory="f7669e7a-647b-439c-9b50-ec7aa64eb6ff" />
    <UnitTestResult executionId="e2d5dd08-f362-4c1f-9221-03b88a684c83" testId="eb55d003-d16a-e248-5892-1d28af4ac26b" testName="Skillaz.Tests.Validators.ListSizeFieldValidator_feature.Should_show_default_list_bigger_error_message_when_validate" computerName="DESKTOP-F6SKA47" duration="00:00:00.0544335" startTime="2021-12-16T16:28:34.3537788+03:00" endTime="2021-12-16T16:28:34.3537809+03:00" testType="13cdc9d9-ddb5-4fa4-a97d-d965ccfc6d4b" outcome="Passed" testListId="8c84fa94-04c1-424b-9868-57a2d4851a1d" relativeResultsDirectory="e2d5dd08-f362-4c1f-9221-03b88a684c83">
      <Output>
        <StdOut>SCENARIO: Should show default list bigger error message when validate&#xD;
  STEP 1/6: GIVEN max size equals zero...&#xD;
  STEP 1/6: GIVEN max size equals zero (Passed after &lt;1ms)&#xD;
  STEP 2/6: AND ListSizeFieldValidator with default error messages...&#xD;
  STEP 2/6: AND ListSizeFieldValidator with default error messages (Passed after &lt;1ms)&#xD;
  STEP 3/6: AND document with valid string list field...&#xD;
  STEP 3/6: AND document with valid string list field (Passed after &lt;1ms)&#xD;
  STEP 4/6: Run validator...&#xD;
  STEP 4/6: Run validator (Passed after &lt;1ms)&#xD;
  STEP 5/6: Assert result is not valid...&#xD;
  STEP 5/6: Assert result is not valid (Passed after &lt;1ms)&#xD;
  STEP 6/6: Assert default list bigger error message in validation result...&#xD;
  STEP 6/6: Assert default list bigger error message in validation result (Passed after &lt;1ms)&#xD;
  SCENARIO RESULT: Passed after 3ms</StdOut>
      </Output>
    </UnitTestResult>
    <UnitTestResult executionId="18e7e164-528a-4c8d-8b41-9031c94f33c5" testId="a3b476da-c5ac-2466-f5d1-66e02b545a9e" testName="Should get Ok(200) for exists company(jwt: &quot;eyJraWQiOiJoaF92aWRlb19pbnRlcnZpZXdfc2tpbGxheiIsIm&quot;...)" computerName="DESKTOP-F6SKA47" duration="00:00:01.6818717" startTime="2021-12-16T16:21:48.9556413+03:00" endTime="2021-12-16T16:21:48.9556439+03:00" testType="13cdc9d9-ddb5-4fa4-a97d-d965ccfc6d4b" outcome="Passed" testListId="8c84fa94-04c1-424b-9868-57a2d4851a1d" relativeResultsDirectory="18e7e164-528a-4c8d-8b41-9031c94f33c5" />
    <UnitTestResult executionId="022468ce-ab41-4f7c-b667-9acbd76f3108" testId="019b787c-88b2-9680-3a7b-9251d2235f77" testName="Skillaz.Tests.CompanySpecific.X5.Naumen.NaumenSlaTests.Sla_calculates_correctly_for_next_day(candidateTimeZone: 12, sla: 02:00:00, startDate: 2020-01-01T04:00:00.0000000Z, truth: [NaumenTimeRange { From = &quot;2020-01-01 07:00:00&quot;, To = &quot;2020-01-01 09:00:00&quot; }])" computerName="DESKTOP-F6SKA47" duration="00:00:00.0000484" startTime="2021-12-16T16:16:29.3828844+03:00" endTime="2021-12-16T16:16:29.3828851+03:00" testType="13cdc9d9-ddb5-4fa4-a97d-d965ccfc6d4b" outcome="Passed" testListId="8c84fa94-04c1-424b-9868-57a2d4851a1d" relativeResultsDirectory="022468ce-ab41-4f7c-b667-9acbd76f3108" />
    <UnitTestResult executionId="27fa0bd0-3e73-4f5d-bd45-119106c7d5a1" testId="ca277579-f921-ca59-fc28-7975ae70837e" testName="Skillaz.Tests.Candidate.Elastic.CandidateElasticFiltration_feature.Retrieving_a_candidate_by_existing_org_unit_ids" computerName="DESKTOP-F6SKA47" duration="00:00:00.0010000" startTime="2021-12-16T16:24:39.9376004+03:00" endTime="2021-12-16T16:24:39.9376015+03:00" testType="13cdc9d9-ddb5-4fa4-a97d-d965ccfc6d4b" outcome="NotExecuted" testListId="8c84fa94-04c1-424b-9868-57a2d4851a1d" relativeResultsDirectory="27fa0bd0-3e73-4f5d-bd45-119106c7d5a1">
      <Output>
        <StdOut>You need Elasticsearch 7.5 local instance on 9200 port</StdOut>
      </Output>
    </UnitTestResult>
    <UnitTestResult executionId="91b5fbee-2bc6-4203-96c4-3eeb23ca4eec" testId="019b787c-88b2-9680-3a7b-9251d2235f77" testName="Skillaz.Tests.CompanySpecific.X5.Naumen.NaumenSlaTests.Sla_calculates_correctly_for_next_day(candidateTimeZone: 3, sla: 02:00:00, startDate: 2019-12-31T17:00:00.0000000Z, truth: [NaumenTimeRange { From = &quot;2020-01-01 09:00:00&quot;, To = &quot;2020-01-01 11:00:00&quot; }])" computerName="DESKTOP-F6SKA47" duration="00:00:00.0000366" startTime="2021-12-16T16:16:29.0738380+03:00" endTime="2021-12-16T16:16:29.0738384+03:00" testType="13cdc9d9-ddb5-4fa4-a97d-d965ccfc6d4b" outcome="Passed" testListId="8c84fa94-04c1-424b-9868-57a2d4851a1d" relativeResultsDirectory="91b5fbee-2bc6-4203-96c4-3eeb23ca4eec" />
    <UnitTestResult executionId="90e7bd5d-2223-4ca5-b007-8b88bb39768f" testId="39bbe88c-a5a1-69b6-0e18-a75bb02edd6c" testName="Skillaz.Tests.CompanySpecific.X5.Naumen.NaumenSlaTests.Sla_calculates_correctly_within_one_day(candidateTimeZone: 9, sla: 02:00:00, startDate: 2019-12-31T09:00:00.0000000Z, truth: [NaumenTimeRange { From = &quot;2019-12-31 12:00:00&quot;, To = &quot;2019-12-31 14:00:00&quot; }])" computerName="DESKTOP-F6SKA47" duration="00:00:00.0000543" startTime="2021-12-16T16:16:29.0261693+03:00" endTime="2021-12-16T16:16:29.0261716+03:00" testType="13cdc9d9-ddb5-4fa4-a97d-d965ccfc6d4b" outcome="Passed" testListId="8c84fa94-04c1-424b-9868-57a2d4851a1d" relativeResultsDirectory="90e7bd5d-2223-4ca5-b007-8b88bb39768f" />
    <UnitTestResult executionId="562ff47d-9393-4049-bc41-e153d0643c84" testId="7ad9a60b-3bd1-63db-7e4d-460f45209433" testName="Skillaz.Tests.Telephony.CallList_VacancyFilter_feature.Check_VacancyFilter_ByVacancyCityId" computerName="DESKTOP-F6SKA47" duration="00:00:08.2574382" startTime="2021-12-16T16:22:43.0017599+03:00" endTime="2021-12-16T16:22:43.0017649+03:00" testType="13cdc9d9-ddb5-4fa4-a97d-d965ccfc6d4b" outcome="Passed" testListId="8c84fa94-04c1-424b-9868-57a2d4851a1d" relativeResultsDirectory="562ff47d-9393-4049-bc41-e153d0643c84">
      <Output>
        <StdOut>SCENARIO: Check VacancyFilter ByVacancyCityId&#xD;
  STEP 1/6: GIVEN Given a company...&#xD;
  STEP 1/6: GIVEN Given a company (Passed after 150ms)&#xD;
  STEP 2/6: AND Given Filter Configuration...&#xD;
  STEP 2/6: AND Given Filter Configuration (Passed after 117ms)&#xD;
  STEP 3/6: AND Given the authenticated user...&#xD;
  STEP 3/6: AND Given the authenticated user (Passed after 665ms)&#xD;
  STEP 4/6: AND Given vacancies and candidates...&#xD;
  STEP 4/6: AND Given vacancies and candidates (Passed after 1s 132ms)&#xD;
  STEP 5/6: WHEN When use vacancyFilter [filterFields: "(CityId, System.String[])"]...&#xD;
  STEP 5/6: WHEN When use vacancyFilter [filterFields: "(CityId, System.String[])"] (Passed after 4s 533ms)&#xD;
  STEP 6/6: THEN Then candidate count "13" eq...&#xD;
  STEP 6/6: THEN Then candidate count "13" eq (Passed after &lt;1ms)&#xD;
  SCENARIO RESULT: Passed after 6s 617ms</StdOut>
      </Output>
    </UnitTestResult>
    <UnitTestResult executionId="0b052ac2-80e6-4e7d-8c2f-17493c5d45ab" testId="695a69c9-264c-d1c5-2032-535ef4bf39f9" testName="Skillaz.Tests.CompanySpecific.X5.Naumen.NaumenSlaTests.Sla_calculates_correctly_for_split_days(candidateTimeZone: 2, sla: 08:00:00, startDate: 2019-12-31T14:00:00.0000000Z, truth: [NaumenTimeRange { From = &quot;2019-12-31 17:00:00&quot;, To = &quot;2019-12-31 21:00:00&quot; }, NaumenTimeRange { From = &quot;2020-01-01 10:00:00&quot;, To = &quot;2020-01-01 14:00:00&quot; }])" computerName="DESKTOP-F6SKA47" duration="00:00:00.0000505" startTime="2021-12-16T16:16:28.9188063+03:00" endTime="2021-12-16T16:16:28.9188071+03:00" testType="13cdc9d9-ddb5-4fa4-a97d-d965ccfc6d4b" outcome="Passed" testListId="8c84fa94-04c1-424b-9868-57a2d4851a1d" relativeResultsDirectory="0b052ac2-80e6-4e7d-8c2f-17493c5d45ab" />
    <UnitTestResult executionId="d5ca1933-90ec-4b4a-86c3-7c9984b1c023" testId="2001d930-9629-1e36-492e-1252c0e1e0d7" testName="Skillaz.Tests.DocumentModels.DocumentModel_feature.Update_options_are_working" computerName="DESKTOP-F6SKA47" duration="00:00:01.9104576" startTime="2021-12-16T16:24:17.3035663+03:00" endTime="2021-12-16T16:24:17.3035684+03:00" testType="13cdc9d9-ddb5-4fa4-a97d-d965ccfc6d4b" outcome="Passed" testListId="8c84fa94-04c1-424b-9868-57a2d4851a1d" relativeResultsDirectory="d5ca1933-90ec-4b4a-86c3-7c9984b1c023">
      <Output>
        <StdOut>SCENARIO: Update options are working&#xD;
  STEP 1/6: GIVEN a company...&#xD;
  STEP 1/6: GIVEN a company (Passed after 79ms)&#xD;
  STEP 2/6: AND the authenticated user...&#xD;
  STEP 2/6: AND the authenticated user (Passed after 127ms)&#xD;
  STEP 3/6: AND the test document model set...&#xD;
  STEP 3/6: AND the test document model set (Passed after 1s 102ms)&#xD;
  STEP 4/6: AND empty model instance...&#xD;
  STEP 4/6: AND empty model instance (Passed after &lt;1ms)&#xD;
  STEP 5/6: WHEN empty model is updated with calculation off options...&#xD;
  STEP 5/6: WHEN empty model is updated with calculation off options (Passed after 500ms)&#xD;
  STEP 6/6: THEN update result should not contain field changes and view model...&#xD;
  STEP 6/6: THEN update result should not contain field changes and view model (Passed after &lt;1ms)&#xD;
  SCENARIO RESULT: Passed after 1s 816ms</StdOut>
      </Output>
    </UnitTestResult>
    <UnitTestResult executionId="36bd2cd2-2586-40c3-9b28-7c5e670cb633" testId="13d75945-5a49-e65d-638d-2203812d93af" testName="Skillaz.Tests.CompanySpecific.X5.X5CandidatesBlockerStore_feature.Should_refuse_candidate_When_candidate_not_refused_and_latest_security_check_not_passed" computerName="DESKTOP-F6SKA47" duration="00:00:06.4825417" startTime="2021-12-16T16:23:46.4199122+03:00" endTime="2021-12-16T16:23:46.4199129+03:00" testType="13cdc9d9-ddb5-4fa4-a97d-d965ccfc6d4b" outcome="Passed" testListId="8c84fa94-04c1-424b-9868-57a2d4851a1d" relativeResultsDirectory="36bd2cd2-2586-40c3-9b28-7c5e670cb633">
      <Output>
        <StdOut>SCENARIO: Should refuse candidate When candidate not refused and latest security check not passed&#xD;
  STEP 1/6: GIVEN a candidate with funnel and security checks...&#xD;
  STEP 1/6: GIVEN a candidate with funnel and security checks (Passed after 2s 070ms)&#xD;
  STEP 2/6: AND refused status is defined for the funnel...&#xD;
  STEP 2/6: AND refused status is defined for the funnel (Passed after 80ms)&#xD;
  STEP 3/6: AND latest check is not passed...&#xD;
  STEP 3/6: AND latest check is not passed (Passed after 83ms)&#xD;
  STEP 4/6: AND time to block candidate...&#xD;
  STEP 4/6: AND time to block candidate (Passed after 522ms)&#xD;
  STEP 5/6: WHEN candidates blocking procedure has executed...&#xD;
  STEP 5/6: WHEN candidates blocking procedure has executed (Passed after 3s 505ms)&#xD;
  STEP 6/6: THEN candidate is switched to refused status...&#xD;
  STEP 6/6: THEN candidate is switched to refused status (Passed after 204ms)&#xD;
  SCENARIO RESULT: Passed after 6s 474ms</StdOut>
      </Output>
    </UnitTestResult>
    <UnitTestResult executionId="b38c558f-3c88-441e-938d-9d943d104e77" testId="8d2f8e88-7714-1968-a779-80a3624aeb36" testName="Skillaz.Tests.CompanySpecific.GazpromNeft.GazpromUploadReferences_feature.Create_multiple_workplace_with_equal_azs" computerName="DESKTOP-F6SKA47" duration="00:00:00.0010000" startTime="2021-12-16T16:25:25.6592722+03:00" endTime="2021-12-16T16:25:25.6592753+03:00" testType="13cdc9d9-ddb5-4fa4-a97d-d965ccfc6d4b" outcome="NotExecuted" testListId="8c84fa94-04c1-424b-9868-57a2d4851a1d" relativeResultsDirectory="b38c558f-3c88-441e-938d-9d943d104e77">
      <Output>
        <StdOut>Необходимо понять какие уникальные признаки будут и нефтебаз и дописать сценарий</StdOut>
      </Output>
    </UnitTestResult>
    <UnitTestResult executionId="7a90f1b4-49b2-4934-b87f-b48c65b540a9" testId="a785b2ed-694b-c712-dc65-234658702525" testName="Skillaz.Tests.Common.DataValidationHelpers.ValidateDateTimeOffset_feature.Date_time_is_valid" computerName="DESKTOP-F6SKA47" duration="00:00:02.3116791" startTime="2021-12-16T16:25:53.7788521+03:00" endTime="2021-12-16T16:25:53.7788552+03:00" testType="13cdc9d9-ddb5-4fa4-a97d-d965ccfc6d4b" outcome="Passed" testListId="8c84fa94-04c1-424b-9868-57a2d4851a1d" relativeResultsDirectory="7a90f1b4-49b2-4934-b87f-b48c65b540a9">
      <Output>
        <StdOut>SCENARIO: Date time is valid&#xD;
  STEP 1/3: GIVEN a string [parameter: "31.01.2021 13:00 +3:00"]...&#xD;
  STEP 1/3: GIVEN a string [parameter: "31.01.2021 13:00 +3:00"] (Passed after &lt;1ms)&#xD;
  STEP 2/3: WHEN validation occured [nullAllowed: "True"] [emptyAllowed: "True"]...&#xD;
  STEP 2/3: WHEN validation occured [nullAllowed: "True"] [emptyAllowed: "True"] (Passed after 171ms)&#xD;
  STEP 3/3: THEN is valid...&#xD;
  STEP 3/3: THEN is valid (Passed after &lt;1ms)&#xD;
  SCENARIO RESULT: Passed after 1s 858ms</StdOut>
      </Output>
    </UnitTestResult>
    <UnitTestResult executionId="04e2fa78-07e2-472c-86e2-9723acb1b445" testId="df98f8df-f173-cbff-4b7c-11349bc8ad5e" testName="Skillaz.Tests.HH.HHNegotiations_feature.Create_single_candidate_from_step_by_step_negotiation" computerName="DESKTOP-F6SKA47" duration="00:00:25.1172304" startTime="2021-12-16T16:24:43.2700827+03:00" endTime="2021-12-16T16:24:43.2700840+03:00" testType="13cdc9d9-ddb5-4fa4-a97d-d965ccfc6d4b" outcome="Passed" testListId="8c84fa94-04c1-424b-9868-57a2d4851a1d" relativeResultsDirectory="04e2fa78-07e2-472c-86e2-9723acb1b445">
      <Output>
        <StdOut>SCENARIO: Create single candidate from step by step negotiation&#xD;
  STEP 1/9: GIVEN a company...&#xD;
  STEP 1/9: GIVEN a company (Passed after 283ms)&#xD;
  STEP 2/9: AND the authenticated user...&#xD;
  STEP 2/9: AND the authenticated user (Passed after 531ms)&#xD;
  STEP 3/9: AND hh account...&#xD;
  STEP 3/9: AND hh account (Passed after 450ms)&#xD;
  STEP 4/9: AND the vacancy in the company...&#xD;
  STEP 4/9: AND the vacancy in the company (Passed after 429ms)&#xD;
  STEP 5/9: AND hh vacancy...&#xD;
  STEP 5/9: AND hh vacancy (Passed after 318ms)&#xD;
  STEP 6/9: AND the indexes in database...&#xD;
  STEP 6/9: AND the indexes in database (Passed after 5s 189ms)&#xD;
  STEP 7/9: WHEN run step by step negotiations...&#xD;
  STEP 7/9: WHEN run step by step negotiations (Passed after 14s 233ms)&#xD;
  STEP 8/9: THEN created single candidate...&#xD;
  STEP 8/9: THEN created single candidate (Passed after 4ms)&#xD;
  STEP 9/9: AND negotiations all completed...&#xD;
  STEP 9/9: AND negotiations all completed (Passed after 257ms)&#xD;
  SCENARIO RESULT: Passed after 21s 702ms</StdOut>
      </Output>
    </UnitTestResult>
    <UnitTestResult executionId="bc5ffeda-9073-4253-9d46-cc42af3f16bc" testId="e58357f9-dc75-3496-946e-e8004f6e8ad5" testName="Skillaz.Tests.CompanySpecific.Perekrestok.PerekrestokRequestPriority_feature.Calculation_request_priority(supermarketType: &quot;Открывающийся супермаркет&quot;, requestVl: -100, employmentCandidateCount: 0, employmentFinishedCandidateCount: 0, interviewCandidateCount: 0, requestPriority: Low)" computerName="DESKTOP-F6SKA47" duration="00:00:10.2108307" startTime="2021-12-16T16:23:31.4497301+03:00" endTime="2021-12-16T16:23:31.4497372+03:00" testType="13cdc9d9-ddb5-4fa4-a97d-d965ccfc6d4b" outcome="Passed" testListId="8c84fa94-04c1-424b-9868-57a2d4851a1d" relativeResultsDirectory="bc5ffeda-9073-4253-9d46-cc42af3f16bc">
      <Output>
        <StdOut>SCENARIO: Calculation request priority [supermarketType: "Открывающийся супермаркет"] [requestVl: "-100"] [employmentCandidateCount: "0"] [employmentFinishedCandidateCount: "0"] [interviewCandidateCount: "0"] [requestPriority: "Low"]&#xD;
  STEP 1/6: GIVEN Given a company [companyId: "PerekrestokCompany"]...&#xD;
  STEP 1/6: GIVEN Given a company [companyId: "PerekrestokCompany"] (Passed after 3s 577ms)&#xD;
  STEP 2/6: AND Given the authenticated user...&#xD;
  STEP 2/6: AND Given the authenticated user (Passed after 63ms)&#xD;
  STEP 3/6: AND Given org unit and request for status [requestState: "InWork"] [supermarketType: "Открывающийся супермаркет"] [requestVl: "-100"]...&#xD;
  STEP 3/6: AND Given org unit and request for status [requestState: "InWork"] [supermarketType: "Открывающийся супермаркет"] [requestVl: "-100"] (Passed after 59ms)&#xD;
  STEP 4/6: AND Given candidates according data and assigned to request [employmentCandidateCount: "0"] [employmentFinishedCandidateCount: "0"] [interviewCandidateCount: "0"]...&#xD;
  STEP 4/6: AND Given candidates according data and assigned to request [employmentCandidateCount: "0"] [employmentFinishedCandidateCount: "0"] [interviewCandidateCount: "0"] (Passed after &lt;1ms)&#xD;
  STEP 5/6: WHEN When calculation priority...&#xD;
  STEP 5/6: WHEN When calculation priority (Passed after 4s 607ms)&#xD;
  STEP 6/6: THEN Then request priority equal [requestPriority: "Low"]...&#xD;
  STEP 6/6: THEN Then request priority equal [requestPriority: "Low"] (Passed after 806ms)&#xD;
  SCENARIO RESULT: Passed after 9s 149ms</StdOut>
      </Output>
    </UnitTestResult>
    <UnitTestResult executionId="b3570c9a-f41a-4328-83e4-e8e4141268ce" testId="a654a7be-fc0f-3b4d-41ba-9d01bb2f11d1" testName="Skillaz.Tests.Candidate.Elastic.CandidateElasticFiltration_feature.Retrieving_a_candidate_by_existing_vacancy_ids" computerName="DESKTOP-F6SKA47" duration="00:00:00.0010000" startTime="2021-12-16T16:24:39.9036678+03:00" endTime="2021-12-16T16:24:39.9036692+03:00" testType="13cdc9d9-ddb5-4fa4-a97d-d965ccfc6d4b" outcome="NotExecuted" testListId="8c84fa94-04c1-424b-9868-57a2d4851a1d" relativeResultsDirectory="b3570c9a-f41a-4328-83e4-e8e4141268ce">
      <Output>
        <StdOut>You need Elasticsearch 7.5 local instance on 9200 port</StdOut>
      </Output>
    </UnitTestResult>
    <UnitTestResult executionId="b10d9516-a508-4cc6-b302-1f312c42283b" testId="019b787c-88b2-9680-3a7b-9251d2235f77" testName="Skillaz.Tests.CompanySpecific.X5.Naumen.NaumenSlaTests.Sla_calculates_correctly_for_next_day(candidateTimeZone: 11, sla: 02:00:00, startDate: 2019-12-31T21:00:00.0000000Z, truth: [NaumenTimeRange { From = &quot;2020-01-01 07:00:00&quot;, To = &quot;2020-01-01 09:00:00&quot; }])" computerName="DESKTOP-F6SKA47" duration="00:00:00.0000410" startTime="2021-12-16T16:16:29.3624143+03:00" endTime="2021-12-16T16:16:29.3624148+03:00" testType="13cdc9d9-ddb5-4fa4-a97d-d965ccfc6d4b" outcome="Passed" testListId="8c84fa94-04c1-424b-9868-57a2d4851a1d" relativeResultsDirectory="b10d9516-a508-4cc6-b302-1f312c42283b" />
    <UnitTestResult executionId="378e0411-ba7c-4990-9a33-e8731eed6d87" testId="4c073b5e-840d-5b74-c781-f406e76a5747" testName="Skillaz.Tests.AutoComplete.RequestAutoCompleteControllerGetRequests_feature.AutoComplete_with_states_and_state_types(states: null, stateTypes: [&quot;unknownStateType&quot;])" computerName="DESKTOP-F6SKA47" duration="00:00:07.4485878" startTime="2021-12-16T16:26:46.6244509+03:00" endTime="2021-12-16T16:26:46.6244538+03:00" testType="13cdc9d9-ddb5-4fa4-a97d-d965ccfc6d4b" outcome="Passed" testListId="8c84fa94-04c1-424b-9868-57a2d4851a1d" relativeResultsDirectory="378e0411-ba7c-4990-9a33-e8731eed6d87">
      <Output>
        <StdOut>SCENARIO: AutoComplete with states "&lt;null&gt;" and state types [stateTypes: "unknownStateType"]&#xD;
  STEP 1/6: GIVEN a company...&#xD;
  STEP 1/6: GIVEN a company (Passed after 108ms)&#xD;
  STEP 2/6: AND the authenticated user...&#xD;
  STEP 2/6: AND the authenticated user (Passed after 185ms)&#xD;
  STEP 3/6: AND a model...&#xD;
  STEP 3/6: AND a model (Passed after 382ms)&#xD;
  STEP 4/6: AND requests...&#xD;
  STEP 4/6: AND requests (Passed after 5s 681ms)&#xD;
  STEP 5/6: WHEN getting requests [states: "&lt;null&gt;"] [stateTypes: "unknownStateType"]...&#xD;
  STEP 5/6: WHEN getting requests [states: "&lt;null&gt;"] [stateTypes: "unknownStateType"] (Passed after 85ms)&#xD;
  STEP 6/6: THEN correct requests return [states: "&lt;null&gt;"] [stateTypes: "unknownStateType"]...&#xD;
  STEP 6/6: THEN correct requests return [states: "&lt;null&gt;"] [stateTypes: "unknownStateType"] (Passed after 14ms)&#xD;
  SCENARIO RESULT: Passed after 6s 588ms</StdOut>
      </Output>
    </UnitTestResult>
    <UnitTestResult executionId="5ff7ad8b-a451-47c8-942f-d3ae4876722b" testId="7837e7d3-e88e-0fa9-0724-083f8012d0bc" testName="Skillaz.Tests.Authorization.AuthLoginWorkflowService_Restore_feature.Do_second_step_restore_by_email_expects_login_action_become_changePassword" computerName="DESKTOP-F6SKA47" duration="00:00:01.9215853" startTime="2021-12-16T16:21:45.8567867+03:00" endTime="2021-12-16T16:21:45.8567889+03:00" testType="13cdc9d9-ddb5-4fa4-a97d-d965ccfc6d4b" outcome="Passed" testListId="8c84fa94-04c1-424b-9868-57a2d4851a1d" relativeResultsDirectory="5ff7ad8b-a451-47c8-942f-d3ae4876722b">
      <Output>
        <StdOut>SCENARIO: Do second step restore by email expects login action become changePassword&#xD;
  STEP 1/6: GIVEN a company...&#xD;
  STEP 1/6: GIVEN a company (Passed after 106ms)&#xD;
  STEP 2/6: AND a user with password set property...&#xD;
  STEP 2/6: AND a user with password set property (Passed after 128ms)&#xD;
  STEP 3/6: WHEN doing a password restore [login: "v.pupkin@skillaz.co"]...&#xD;
  STEP 3/6: WHEN doing a password restore [login: "v.pupkin@skillaz.co"] (Passed after 168ms)&#xD;
  STEP 4/6: AND doing a execute with [loginRequest: "Skillaz.Auth.Contract.Agent.Persistence.User.UserLoginRequestDocument"]...&#xD;
  STEP 4/6: AND doing a execute with [loginRequest: "Skillaz.Auth.Contract.Agent.Persistence.User.UserLoginRequestDocument"] (Passed after 742ms)&#xD;
  STEP 5/6: THEN ensure that last login result action is ChangePassword...&#xD;
  STEP 5/6: THEN ensure that last login result action is ChangePassword (Passed after 156ms)&#xD;
  STEP 6/6: AND ensure that user password is untouched...&#xD;
  STEP 6/6: AND ensure that user password is untouched (Passed after 1ms)&#xD;
  SCENARIO RESULT: Passed after 1s 360ms</StdOut>
      </Output>
    </UnitTestResult>
    <UnitTestResult executionId="fdeec875-dd35-464b-87e6-0b4b16fea698" testId="7e8f64a3-1f92-0ea6-2321-2473a2cf3014" testName="Skillaz.Tests.DocumentModels.ConvertToDocument.ConvertToDocument_FromProfile_feature.Проверить_ConvertToDocument_в_FromProfile" computerName="DESKTOP-F6SKA47" duration="00:00:05.6038935" startTime="2021-12-16T16:18:25.9876696+03:00" endTime="2021-12-16T16:18:25.9876731+03:00" testType="13cdc9d9-ddb5-4fa4-a97d-d965ccfc6d4b" outcome="Passed" testListId="8c84fa94-04c1-424b-9868-57a2d4851a1d" relativeResultsDirectory="fdeec875-dd35-464b-87e6-0b4b16fea698">
      <Output>
        <StdOut>SCENARIO: Проверить ConvertToDocument в FromProfile&#xD;
  STEP 1/6: GIVEN a company...&#xD;
  STEP 1/6: GIVEN a company (Passed after 104ms)&#xD;
  STEP 2/6: AND the authenticated user...&#xD;
  STEP 2/6: AND the authenticated user (Passed after 235ms)&#xD;
  STEP 3/6: Зарегистрировать модель вакансии...&#xD;
  STEP 3/6: Зарегистрировать модель вакансии (Passed after 608ms)&#xD;
  STEP 4/6: Добавить профили в бд...&#xD;
  STEP 4/6: Добавить профили в бд (Passed after 884ms)&#xD;
  STEP 5/6: Создать вакансию...&#xD;
  STEP 5/6: Создать вакансию (Passed after 2s 819ms)&#xD;
  STEP 6/6: Проверить что внешние идентификаторы профилей преобразовались в идентификаторы а те что не сконвертировались остались внешними идентификаторами...&#xD;
  STEP 6/6: Проверить что внешние идентификаторы профилей преобразовались в идентификаторы а те что не сконвертировались остались внешними идентификаторами (Passed after 13ms)&#xD;
  SCENARIO RESULT: Passed after 4s 672ms</StdOut>
      </Output>
    </UnitTestResult>
    <UnitTestResult executionId="a8baa3e4-1081-4177-995d-f8dfbf60365c" testId="24d79c6d-4e6c-32ec-f233-25e8cdfe6c11" testName="Skillaz.Tests.OpenApi.HireRequestOpenApi.FindRequests_feature.Request_empty_filter" computerName="DESKTOP-F6SKA47" duration="00:00:05.9540645" startTime="2021-12-16T16:26:12.6492327+03:00" endTime="2021-12-16T16:26:12.6492346+03:00" testType="13cdc9d9-ddb5-4fa4-a97d-d965ccfc6d4b" outcome="Passed" testListId="8c84fa94-04c1-424b-9868-57a2d4851a1d" relativeResultsDirectory="a8baa3e4-1081-4177-995d-f8dfbf60365c">
      <Output>
        <StdOut>SCENARIO: Request empty filter&#xD;
  STEP 1/8: GIVEN a company...&#xD;
  STEP 1/8: GIVEN a company (Passed after 180ms)&#xD;
  STEP 2/8: AND client configuration with check workflow and model...&#xD;
  STEP 2/8: AND client configuration with check workflow and model (Passed after 1s 991ms)&#xD;
  STEP 3/8: AND the authenticated api user...&#xD;
  STEP 3/8: AND the authenticated api user (Passed after 187ms)&#xD;
  STEP 4/8: AND the vacancy in the company...&#xD;
  STEP 4/8: AND the vacancy in the company (Passed after 137ms)&#xD;
  STEP 5/8: AND a hire request...&#xD;
  STEP 5/8: AND a hire request (Passed after 129ms)&#xD;
  STEP 6/8: WHEN hire request empty filter...&#xD;
  STEP 6/8: WHEN hire request empty filter (Passed after 1s 820ms)&#xD;
  STEP 7/8: THEN hire request ids correct...&#xD;
  STEP 7/8: THEN hire request ids correct (Passed after 388ms)&#xD;
  STEP 8/8: AND hire request vacancy correct...&#xD;
  STEP 8/8: AND hire request vacancy correct (Passed after 162ms)&#xD;
  SCENARIO RESULT: Passed after 5s 019ms</StdOut>
      </Output>
    </UnitTestResult>
    <UnitTestResult executionId="b64e789e-845a-4763-b92c-2fc0c6d15b7f" testId="54386f13-db91-1023-e9b0-914739bb1e52" testName="Skillaz.Tests.HH.Search.HHSearch_feature.CreateHHSearchCommand_should_give_name_exception" computerName="DESKTOP-F6SKA47" duration="00:00:01.5909380" startTime="2021-12-16T16:28:49.5937987+03:00" endTime="2021-12-16T16:28:49.5938012+03:00" testType="13cdc9d9-ddb5-4fa4-a97d-d965ccfc6d4b" outcome="Passed" testListId="8c84fa94-04c1-424b-9868-57a2d4851a1d" relativeResultsDirectory="b64e789e-845a-4763-b92c-2fc0c6d15b7f">
      <Output>
        <StdOut>SCENARIO: CreateHHSearchCommand should give name exception&#xD;
  STEP 1/6: GIVEN a company...&#xD;
  STEP 1/6: GIVEN a company (Passed after 154ms)&#xD;
  STEP 2/6: AND the vacancy in the company...&#xD;
  STEP 2/6: AND the vacancy in the company (Passed after 483ms)&#xD;
  STEP 3/6: AND search base...&#xD;
  STEP 3/6: AND search base (Passed after &lt;1ms)&#xD;
  STEP 4/6: AND createHHSearchCommand...&#xD;
  STEP 4/6: AND createHHSearchCommand (Passed after &lt;1ms)&#xD;
  STEP 5/6: AND search without name...&#xD;
  STEP 5/6: AND search without name (Passed after &lt;1ms)&#xD;
  STEP 6/6: THEN command will give exception...&#xD;
  STEP 6/6: THEN command will give exception (Passed after &lt;1ms)&#xD;
  SCENARIO RESULT: Passed after 647ms</StdOut>
      </Output>
    </UnitTestResult>
    <UnitTestResult executionId="722a1c1e-fb24-436a-bea2-f42dc347bcb2" testId="39bbe88c-a5a1-69b6-0e18-a75bb02edd6c" testName="Skillaz.Tests.CompanySpecific.X5.Naumen.NaumenSlaTests.Sla_calculates_correctly_within_one_day(candidateTimeZone: 9, sla: 05:00:00, startDate: 2019-12-31T06:00:00.0000000Z, truth: [NaumenTimeRange { From = &quot;2019-12-31 09:00:00&quot;, To = &quot;2019-12-31 14:00:00&quot; }])" computerName="DESKTOP-F6SKA47" duration="00:00:00.0000402" startTime="2021-12-16T16:16:29.0274189+03:00" endTime="2021-12-16T16:16:29.0274208+03:00" testType="13cdc9d9-ddb5-4fa4-a97d-d965ccfc6d4b" outcome="Passed" testListId="8c84fa94-04c1-424b-9868-57a2d4851a1d" relativeResultsDirectory="722a1c1e-fb24-436a-bea2-f42dc347bcb2" />
    <UnitTestResult executionId="aa8eb87f-dfbc-45c7-86fe-6c3305624232" testId="eb664498-e24b-01f6-3ff0-41a6a53d54fa" testName="Skillaz.Tests.DocumentModels.FieldValueComparerTests.StringComparison(firstValue: &quot;Abc&quot;, secondValue: &quot;abc&quot;, result: False)" computerName="DESKTOP-F6SKA47" duration="00:00:00.0000144" startTime="2021-12-16T16:16:31.0558776+03:00" endTime="2021-12-16T16:16:31.0558825+03:00" testType="13cdc9d9-ddb5-4fa4-a97d-d965ccfc6d4b" outcome="Passed" testListId="8c84fa94-04c1-424b-9868-57a2d4851a1d" relativeResultsDirectory="aa8eb87f-dfbc-45c7-86fe-6c3305624232" />
    <UnitTestResult executionId="42bc6129-3f6f-4d84-86ce-364c072de81b" testId="39bbe88c-a5a1-69b6-0e18-a75bb02edd6c" testName="Skillaz.Tests.CompanySpecific.X5.Naumen.NaumenSlaTests.Sla_calculates_correctly_within_one_day(candidateTimeZone: 2, sla: 04:00:00, startDate: 2019-12-31T14:00:00.0000000Z, truth: [NaumenTimeRange { From = &quot;2019-12-31 17:00:00&quot;, To = &quot;2019-12-31 21:00:00&quot; }])" computerName="DESKTOP-F6SKA47" duration="00:00:00.0000498" startTime="2021-12-16T16:16:28.8934274+03:00" endTime="2021-12-16T16:16:28.8934283+03:00" testType="13cdc9d9-ddb5-4fa4-a97d-d965ccfc6d4b" outcome="Passed" testListId="8c84fa94-04c1-424b-9868-57a2d4851a1d" relativeResultsDirectory="42bc6129-3f6f-4d84-86ce-364c072de81b" />
    <UnitTestResult executionId="0495fea6-e09b-46cf-a171-ba1c034791a7" testId="df5b02a0-93bd-0fb0-8601-e338a1423bd8" testName="Skillaz.Tests.CompanySpecific.Mvideo.MvideoPrepareBatchUpdateRequest_feature.Undefined_users_is_erased_from_dto" computerName="DESKTOP-F6SKA47" duration="00:00:00.0010000" startTime="2021-12-16T16:29:23.2518346+03:00" endTime="2021-12-16T16:29:23.2518362+03:00" testType="13cdc9d9-ddb5-4fa4-a97d-d965ccfc6d4b" outcome="NotExecuted" testListId="8c84fa94-04c1-424b-9868-57a2d4851a1d" relativeResultsDirectory="0495fea6-e09b-46cf-a171-ba1c034791a7">
      <Output>
        <StdOut>Появился тест MvideoOpenApiBatchRequest_feature</StdOut>
      </Output>
    </UnitTestResult>
    <UnitTestResult executionId="f8bdf564-9a63-45fe-bbf1-f0ae466b13f1" testId="c1b1101b-8c50-6e3d-2f4d-52b44c2165c5" testName="Skillaz.Tests.TaskTracker.TaskDashboardController_feature.OpenTask(assigneeUser: &quot;UserId&quot;, status: AssignedToOther, addHours: -1, taskStatus: Created)" computerName="DESKTOP-F6SKA47" duration="00:00:15.4390661" startTime="2021-12-16T16:30:04.9146838+03:00" endTime="2021-12-16T16:30:04.9146851+03:00" testType="13cdc9d9-ddb5-4fa4-a97d-d965ccfc6d4b" outcome="Passed" testListId="8c84fa94-04c1-424b-9868-57a2d4851a1d" relativeResultsDirectory="f8bdf564-9a63-45fe-bbf1-f0ae466b13f1">
      <Output>
        <StdOut>SCENARIO: OpenTask [assigneeUser: "UserId"] [status: "AssignedToOther"] [addHours: "-1"] [taskStatus: "Created"]&#xD;
  STEP 1/9: GIVEN Given a company...&#xD;
  STEP 1/9: GIVEN Given a company (Passed after 755ms)&#xD;
  STEP 2/9: AND Given a client configuration...&#xD;
  STEP 2/9: AND Given a client configuration (Passed after &lt;1ms)&#xD;
  STEP 3/9: AND Given the authenticated user...&#xD;
  STEP 3/9: AND Given the authenticated user (Passed after 3s 654ms)&#xD;
  STEP 4/9: AND Given a user...&#xD;
  STEP 4/9: AND Given a user (Passed after 1s 974ms)&#xD;
  STEP 5/9: AND Given a funnel...&#xD;
  STEP 5/9: AND Given a funnel (Passed after 2s 278ms)&#xD;
  STEP 6/9: AND Given a candidate...&#xD;
  STEP 6/9: AND Given a candidate (Passed after 157ms)&#xD;
  STEP 7/9: AND Given a tasks open [assigneeUser: "UserId"] [activationTime: "12/16/2021 15:29:47"] [taskStatus: "Created"]...&#xD;
  STEP 7/9: AND Given a tasks open [assigneeUser: "UserId"] [activationTime: "12/16/2021 15:29:47"] [taskStatus: "Created"] (Passed after 106ms)&#xD;
  STEP 8/9: WHEN When OpenTask...&#xD;
  STEP 8/9: WHEN When OpenTask (Passed after 725ms)&#xD;
  STEP 9/9: THEN Then OpenTask OpenTaskResponse [status: "AssignedToOther"]...&#xD;
  STEP 9/9: THEN Then OpenTask OpenTaskResponse [status: "AssignedToOther"] (Passed after 210ms)&#xD;
  SCENARIO RESULT: Passed after 9s 895ms</StdOut>
      </Output>
    </UnitTestResult>
    <UnitTestResult executionId="bb39a0de-5fb4-454c-acc0-7229194ea0af" testId="d40a0b27-4772-f826-d858-ba9d83a95450" testName="Skillaz.Tests.Candidate.CandidateProcessMemberNotifications_feature.Notification_request_candidate_email" computerName="DESKTOP-F6SKA47" duration="00:00:04.5211175" startTime="2021-12-16T16:27:45.3702760+03:00" endTime="2021-12-16T16:27:45.3702787+03:00" testType="13cdc9d9-ddb5-4fa4-a97d-d965ccfc6d4b" outcome="Passed" testListId="8c84fa94-04c1-424b-9868-57a2d4851a1d" relativeResultsDirectory="bb39a0de-5fb4-454c-acc0-7229194ea0af">
      <Output>
        <StdOut>SCENARIO: Notification request candidate email&#xD;
  STEP 1/4: GIVEN Given test data [recipient: "&lt;null&gt;"]...&#xD;
  STEP 1/4: GIVEN Given test data [recipient: "&lt;null&gt;"] (Passed after 2s 360ms)&#xD;
  STEP 2/4: AND Given request with file [fileName: "&lt;null&gt;"] [notificationType: "Email"]...&#xD;
  STEP 2/4: AND Given request with file [fileName: "&lt;null&gt;"] [notificationType: "Email"] (Passed after 122ms)&#xD;
  STEP 3/4: WHEN When sent notification...&#xD;
  STEP 3/4: WHEN When sent notification (Passed after 1s 799ms)&#xD;
  STEP 4/4: THEN Then received a letter to send candidate email command...&#xD;
  STEP 4/4: THEN Then received a letter to send candidate email command (Passed after 37ms)&#xD;
  SCENARIO RESULT: Passed after 4s 427ms</StdOut>
      </Output>
    </UnitTestResult>
    <UnitTestResult executionId="abe5d52e-538e-42b7-b6a7-784e65421083" testId="019b787c-88b2-9680-3a7b-9251d2235f77" testName="Skillaz.Tests.CompanySpecific.X5.Naumen.NaumenSlaTests.Sla_calculates_correctly_for_next_day(candidateTimeZone: 12, sla: 02:00:00, startDate: 2019-12-31T14:00:00.0000000Z, truth: [NaumenTimeRange { From = &quot;2020-01-01 07:00:00&quot;, To = &quot;2020-01-01 09:00:00&quot; }])" computerName="DESKTOP-F6SKA47" duration="00:00:00.0000369" startTime="2021-12-16T16:16:29.3718515+03:00" endTime="2021-12-16T16:16:29.3718520+03:00" testType="13cdc9d9-ddb5-4fa4-a97d-d965ccfc6d4b" outcome="Passed" testListId="8c84fa94-04c1-424b-9868-57a2d4851a1d" relativeResultsDirectory="abe5d52e-538e-42b7-b6a7-784e65421083" />
    <UnitTestResult executionId="dcc50607-ee1c-4f31-b3d2-9b7b9fb5635e" testId="0d56de24-0e10-5c6f-1a26-bf6d17847be2" testName="Skillaz.Tests.Helpers.TimeBoundariesHelperFeature.SubtractHours(lower: 4, upper: 12, timeZone: 3, results: [1, 9])" computerName="DESKTOP-F6SKA47" duration="00:00:00.0324292" startTime="2021-12-16T16:16:29.9763162+03:00" endTime="2021-12-16T16:16:29.9763363+03:00" testType="13cdc9d9-ddb5-4fa4-a97d-d965ccfc6d4b" outcome="Passed" testListId="8c84fa94-04c1-424b-9868-57a2d4851a1d" relativeResultsDirectory="dcc50607-ee1c-4f31-b3d2-9b7b9fb5635e" />
    <UnitTestResult executionId="e7500a1d-e54d-4e0b-b003-45d36a481e21" testId="e96ff01a-f58a-0ee6-eb72-c851e76e589d" testName="Skillaz.Tests.Configurator.DocumentModel.ConfiguratorPermissionsPolicyTests.Apply_requiered_permissions" computerName="DESKTOP-F6SKA47" duration="00:00:06.1351815" startTime="2021-12-16T16:21:33.6571767+03:00" endTime="2021-12-16T16:21:33.6571788+03:00" testType="13cdc9d9-ddb5-4fa4-a97d-d965ccfc6d4b" outcome="Passed" testListId="8c84fa94-04c1-424b-9868-57a2d4851a1d" relativeResultsDirectory="e7500a1d-e54d-4e0b-b003-45d36a481e21">
      <Output>
        <StdOut>SCENARIO: Apply requiered permissions&#xD;
  STEP 1/7: GIVEN Given a company...&#xD;
  STEP 1/7: GIVEN Given a company (Passed after 245ms)&#xD;
  STEP 2/7: AND Given the authenticated user...&#xD;
  STEP 2/7: AND Given the authenticated user (Passed after 931ms)&#xD;
  STEP 3/7: AND Given the vacancy in the company [funnelId: "TestFunnel"]...&#xD;
  STEP 3/7: AND Given the vacancy in the company [funnelId: "TestFunnel"] (Passed after 366ms)&#xD;
  STEP 4/7: AND Given Request...&#xD;
  STEP 4/7: AND Given Request (Passed after 238ms)&#xD;
  STEP 5/7: AND Given required permissions...&#xD;
  STEP 5/7: AND Given required permissions (Passed after 2s 472ms)&#xD;
  STEP 6/7: WHEN When getting EditModel...&#xD;
  STEP 6/7: WHEN When getting EditModel (Passed after 380ms)&#xD;
  STEP 7/7: THEN Then only DisplayName is required...&#xD;
  STEP 7/7: THEN Then only DisplayName is required (Passed after 5ms)&#xD;
  SCENARIO RESULT: Passed after 4s 866ms</StdOut>
      </Output>
    </UnitTestResult>
    <UnitTestResult executionId="937920f0-7dc3-4e08-ae0d-7ad536a03950" testId="e667324b-7718-2977-74ff-2f460e28efbf" testName="Skillaz.Tests.SupportChats.SupportChats_feature.Close_client_chat" computerName="DESKTOP-F6SKA47" duration="00:00:14.0172026" startTime="2021-12-16T16:24:01.2216796+03:00" endTime="2021-12-16T16:24:01.2216853+03:00" testType="13cdc9d9-ddb5-4fa4-a97d-d965ccfc6d4b" outcome="Passed" testListId="8c84fa94-04c1-424b-9868-57a2d4851a1d" relativeResultsDirectory="937920f0-7dc3-4e08-ae0d-7ad536a03950">
      <Output>
        <StdOut>SCENARIO: Close client chat&#xD;
  STEP 1/6: GIVEN a company...&#xD;
  STEP 1/6: GIVEN a company (Passed after 607ms)&#xD;
  STEP 2/6: AND the authenticated admin user...&#xD;
  STEP 2/6: AND the authenticated admin user (Passed after 858ms)&#xD;
  STEP 3/6: AND a user agent...&#xD;
  STEP 3/6: AND a user agent (Passed after 467ms)&#xD;
  STEP 4/6: AND an active chat...&#xD;
  STEP 4/6: AND an active chat (Passed after 486ms)&#xD;
  STEP 5/6: WHEN agent closes chat...&#xD;
  STEP 5/6: WHEN agent closes chat (Passed after 9s 003ms)&#xD;
  STEP 6/6: THEN chat is closed...&#xD;
  STEP 6/6: THEN chat is closed (Passed after 192ms)&#xD;
  SCENARIO RESULT: Passed after 11s 640ms</StdOut>
      </Output>
    </UnitTestResult>
    <UnitTestResult executionId="1f62fb8d-b9d7-4b57-aece-f68bdec222c3" testId="019b787c-88b2-9680-3a7b-9251d2235f77" testName="Skillaz.Tests.CompanySpecific.X5.Naumen.NaumenSlaTests.Sla_calculates_correctly_for_next_day(candidateTimeZone: 6, sla: 02:00:00, startDate: 2020-01-01T01:00:00.0000000Z, truth: [NaumenTimeRange { From = &quot;2020-01-01 07:00:00&quot;, To = &quot;2020-01-01 09:00:00&quot; }])" computerName="DESKTOP-F6SKA47" duration="00:00:00.0000206" startTime="2021-12-16T16:16:29.2765491+03:00" endTime="2021-12-16T16:16:29.2765514+03:00" testType="13cdc9d9-ddb5-4fa4-a97d-d965ccfc6d4b" outcome="Passed" testListId="8c84fa94-04c1-424b-9868-57a2d4851a1d" relativeResultsDirectory="1f62fb8d-b9d7-4b57-aece-f68bdec222c3" />
    <UnitTestResult executionId="2cd4c670-0964-4213-b765-dcfa77202b2d" testId="b61df458-05eb-c22f-8fb9-aed9f810b12b" testName="Skillaz.Tests.Candidate.Workflow.CandidateAlwaysSwitchRulesTests.Кандидата_из_статуса_новый_перекидывает_в_целевой" computerName="DESKTOP-F6SKA47" duration="00:00:12.8743458" startTime="2021-12-16T16:19:08.4367166+03:00" endTime="2021-12-16T16:19:08.4367199+03:00" testType="13cdc9d9-ddb5-4fa4-a97d-d965ccfc6d4b" outcome="Passed" testListId="8c84fa94-04c1-424b-9868-57a2d4851a1d" relativeResultsDirectory="2cd4c670-0964-4213-b765-dcfa77202b2d" />
    <UnitTestResult executionId="f6884b4d-93fb-4dfd-a1ca-46dd31d76c28" testId="f6c7f5cc-8aa9-7a70-19fa-9df5023f90ed" testName="Skillaz.Tests.Notifications.CustomNotifications_feature.GetFunnelStatusIsReturnNotifications(switchType: ByProcess, currentStatusId: &quot;new&quot;, emailsCount: 3, smsCount: 0)" computerName="DESKTOP-F6SKA47" duration="00:00:21.0469801" startTime="2021-12-16T16:30:18.5471866+03:00" endTime="2021-12-16T16:30:18.5471893+03:00" testType="13cdc9d9-ddb5-4fa4-a97d-d965ccfc6d4b" outcome="Passed" testListId="8c84fa94-04c1-424b-9868-57a2d4851a1d" relativeResultsDirectory="f6884b4d-93fb-4dfd-a1ca-46dd31d76c28">
      <Output>
        <StdOut>SCENARIO: GetFunnelStatusIsReturnNotifications [switchType: "ByProcess"] [currentStatusId: "new"] [emailsCount: "3"] [smsCount: "0"]&#xD;
  STEP 1/8: GIVEN Given a candidate in a vacancy in a company [makeCompany: "System.Func`1[Skillaz.Candidate.Contract.LegacyCompany.LegacyCompanyDocument]"]...&#xD;
  STEP 1/8: GIVEN Given a candidate in a vacancy in a company [makeCompany: "System.Func`1[Skillaz.Candidate.Contract.LegacyCompany.LegacyCompanyDocument]"] (Passed after 3s 098ms)&#xD;
  STEP 2/8: AND Given the authenticated user...&#xD;
  STEP 2/8: AND Given the authenticated user (Passed after 4s 295ms)&#xD;
  STEP 3/8: AND Given the ClientConfigurationForCompany...&#xD;
  STEP 3/8: AND Given the ClientConfigurationForCompany (Passed after 205ms)&#xD;
  STEP 4/8: AND Given the Funnel...&#xD;
  STEP 4/8: AND Given the Funnel (Passed after 3s 090ms)&#xD;
  STEP 5/8: AND Given CandidateCurentStatus [statusId: "new"]...&#xD;
  STEP 5/8: AND Given CandidateCurentStatus [statusId: "new"] (Passed after 4ms)&#xD;
  STEP 6/8: WHEN When GetNextStatuses [switchType: "ByProcess"]...&#xD;
  STEP 6/8: WHEN When GetNextStatuses [switchType: "ByProcess"] (Passed after 10s 054ms)&#xD;
  STEP 7/8: THEN Then CheckNotificationsEmails [emailsCount: "3"]...&#xD;
  STEP 7/8: THEN Then CheckNotificationsEmails [emailsCount: "3"] (Passed after 39ms)&#xD;
  STEP 8/8: AND Then CheckNotificationsSms [smsCount: "0"]...&#xD;
  STEP 8/8: AND Then CheckNotificationsSms [smsCount: "0"] (Passed after 7ms)&#xD;
  SCENARIO RESULT: Passed after 20s 811ms</StdOut>
      </Output>
    </UnitTestResult>
    <UnitTestResult executionId="051c6cb0-c6f7-431f-aae6-765861aec515" testId="94151b80-6a36-489e-1373-d65d3d0bffd2" testName="Skillaz.Tests.CompanySpecific.GazpromNeft.GazpromUploadReferences_feature.Create_correctly_workplace_reference" computerName="DESKTOP-F6SKA47" duration="00:00:19.4204426" startTime="2021-12-16T16:25:34.6807493+03:00" endTime="2021-12-16T16:25:34.6807531+03:00" testType="13cdc9d9-ddb5-4fa4-a97d-d965ccfc6d4b" outcome="Passed" testListId="8c84fa94-04c1-424b-9868-57a2d4851a1d" relativeResultsDirectory="051c6cb0-c6f7-431f-aae6-765861aec515">
      <Output>
        <StdOut>SCENARIO: Create correctly workplace reference&#xD;
  STEP 1/8: GIVEN a company [companyId: "kdaigswiuJNh8Tvsp"]...&#xD;
  STEP 1/8: GIVEN a company [companyId: "kdaigswiuJNh8Tvsp"] (Passed after 344ms)&#xD;
  STEP 2/8: AND the authenticated user...&#xD;
  STEP 2/8: AND the authenticated user (Passed after 5s 157ms)&#xD;
  STEP 3/8: AND the data service...&#xD;
  STEP 3/8: AND the data service (Passed after 4ms)&#xD;
  STEP 4/8: AND the rows multiple azs...&#xD;
  STEP 4/8: AND the rows multiple azs (Passed after &lt;1ms)&#xD;
  STEP 5/8: AND the xlsx file...&#xD;
  STEP 5/8: AND the xlsx file (Passed after 2s 703ms)&#xD;
  STEP 6/8: WHEN upload xlsx file...&#xD;
  STEP 6/8: WHEN upload xlsx file (Passed after 7s 741ms)&#xD;
  STEP 7/8: Ensure workplace reference [uploadReference: "Skillaz.Tests.CompanySpecific.GazpromNeft.GazpromUploadWorkplaceTest"]...&#xD;
  STEP 7/8: Ensure workplace reference [uploadReference: "Skillaz.Tests.CompanySpecific.GazpromNeft.GazpromUploadWorkplaceTest"] (Passed after 283ms)&#xD;
  STEP 8/8: Ensure workplace reference [uploadReference: "Skillaz.Tests.CompanySpecific.GazpromNeft.GazpromUploadWorkplaceTest"]...&#xD;
  STEP 8/8: Ensure workplace reference [uploadReference: "Skillaz.Tests.CompanySpecific.GazpromNeft.GazpromUploadWorkplaceTest"] (Passed after 22ms)&#xD;
  SCENARIO RESULT: Passed after 16s 326ms</StdOut>
      </Output>
    </UnitTestResult>
    <UnitTestResult executionId="81e04ea8-2f4c-4826-b37c-dcd0944338f7" testId="576c76a8-3008-7dbd-589e-61d06494cf33" testName="Skillaz.Tests.OpenApi.ObjectHashHelperTest.Unite(source: [[a, 1], [b, aa], [c, 10]], update: [[b, aa], [c, 10]], expected: [[a, 1], [b, aa], [c, 10]])" computerName="DESKTOP-F6SKA47" duration="00:00:00.0000488" startTime="2021-12-16T16:16:28.8524146+03:00" endTime="2021-12-16T16:16:28.8524205+03:00" testType="13cdc9d9-ddb5-4fa4-a97d-d965ccfc6d4b" outcome="Passed" testListId="8c84fa94-04c1-424b-9868-57a2d4851a1d" relativeResultsDirectory="81e04ea8-2f4c-4826-b37c-dcd0944338f7" />
    <UnitTestResult executionId="58d58d09-ed90-48e5-b75b-f1cab579697f" testId="39bbe88c-a5a1-69b6-0e18-a75bb02edd6c" testName="Skillaz.Tests.CompanySpecific.X5.Naumen.NaumenSlaTests.Sla_calculates_correctly_within_one_day(candidateTimeZone: 4, sla: 06:00:00, startDate: 2019-12-31T10:00:00.0000000Z, truth: [NaumenTimeRange { From = &quot;2019-12-31 13:00:00&quot;, To = &quot;2019-12-31 19:00:00&quot; }])" computerName="DESKTOP-F6SKA47" duration="00:00:00.0000416" startTime="2021-12-16T16:16:28.9078822+03:00" endTime="2021-12-16T16:16:28.9078834+03:00" testType="13cdc9d9-ddb5-4fa4-a97d-d965ccfc6d4b" outcome="Passed" testListId="8c84fa94-04c1-424b-9868-57a2d4851a1d" relativeResultsDirectory="58d58d09-ed90-48e5-b75b-f1cab579697f" />
    <UnitTestResult executionId="f7b1f350-3832-42bc-a51d-da76b334bd03" testId="9ddab8d2-c390-a768-c04a-015ff26d9f31" testName="Генерация ссылки для витрины с фильтрами(key: &quot;/showcase&quot;)" computerName="DESKTOP-F6SKA47" duration="00:00:00.0084379" startTime="2021-12-16T16:29:36.3170807+03:00" endTime="2021-12-16T16:29:36.3170825+03:00" testType="13cdc9d9-ddb5-4fa4-a97d-d965ccfc6d4b" outcome="Passed" testListId="8c84fa94-04c1-424b-9868-57a2d4851a1d" relativeResultsDirectory="f7b1f350-3832-42bc-a51d-da76b334bd03" />
    <UnitTestResult executionId="fbd02ffe-2a24-4723-9d14-366c59710ff7" testId="4f9535e4-d1ea-4b90-9c6c-4f387ce626b0" testName="Skillaz.Tests.Configurator.WorkflowEngine.ConfiguratorWorkflowEngine_check_rules.Check_available_after_fill_by_system" computerName="DESKTOP-F6SKA47" duration="00:00:13.3653738" startTime="2021-12-16T16:29:35.8676254+03:00" endTime="2021-12-16T16:29:35.8676274+03:00" testType="13cdc9d9-ddb5-4fa4-a97d-d965ccfc6d4b" outcome="Passed" testListId="8c84fa94-04c1-424b-9868-57a2d4851a1d" relativeResultsDirectory="fbd02ffe-2a24-4723-9d14-366c59710ff7">
      <Output>
        <StdOut>SCENARIO: Check available after fill by system&#xD;
  STEP 1/12: GIVEN a company...&#xD;
  STEP 1/12: GIVEN a company (Passed after 305ms)&#xD;
  STEP 2/12: AND the vacancy in the company...&#xD;
  STEP 2/12: AND the vacancy in the company (Passed after 344ms)&#xD;
  STEP 3/12: AND the authenticated api user...&#xD;
  STEP 3/12: AND the authenticated api user (Passed after 596ms)&#xD;
  STEP 4/12: AND user roles...&#xD;
  STEP 4/12: AND user roles (Passed after 2ms)&#xD;
  STEP 5/12: AND check model...&#xD;
  STEP 5/12: AND check model (Passed after 1s 586ms)&#xD;
  STEP 6/12: THEN register model created...&#xD;
  STEP 6/12: THEN register model created (Passed after 386ms)&#xD;
  STEP 7/12: GIVEN a funnel...&#xD;
  STEP 7/12: GIVEN a funnel (Passed after 5ms)&#xD;
  STEP 8/12: AND a candidate without check...&#xD;
  STEP 8/12: AND a candidate without check (Passed after 1s 593ms)&#xD;
  STEP 9/12: WHEN change candidate status with single check...&#xD;
  STEP 9/12: WHEN change candidate status with single check (Passed after 6s 460ms)&#xD;
  STEP 10/12: THEN is available true...&#xD;
  STEP 10/12: THEN is available true (Passed after 716ms)&#xD;
  STEP 11/12: AND is integration role...&#xD;
  STEP 11/12: AND is integration role (Passed after 776ms)&#xD;
  STEP 12/12: AND is after fill available...&#xD;
  STEP 12/12: AND is after fill available (Passed after 363ms)&#xD;
  SCENARIO RESULT: Passed after 13s 151ms</StdOut>
      </Output>
    </UnitTestResult>
    <UnitTestResult executionId="b745d209-b0a5-4cce-86e4-914745062828" testId="019b787c-88b2-9680-3a7b-9251d2235f77" testName="Skillaz.Tests.CompanySpecific.X5.Naumen.NaumenSlaTests.Sla_calculates_correctly_for_next_day(candidateTimeZone: 8, sla: 02:00:00, startDate: 2019-12-31T20:30:00.0000000Z, truth: [NaumenTimeRange { From = &quot;2020-01-01 07:00:00&quot;, To = &quot;2020-01-01 09:00:00&quot; }])" computerName="DESKTOP-F6SKA47" duration="00:00:00.0000911" startTime="2021-12-16T16:16:29.2987380+03:00" endTime="2021-12-16T16:16:29.2987384+03:00" testType="13cdc9d9-ddb5-4fa4-a97d-d965ccfc6d4b" outcome="Passed" testListId="8c84fa94-04c1-424b-9868-57a2d4851a1d" relativeResultsDirectory="b745d209-b0a5-4cce-86e4-914745062828" />
    <UnitTestResult executionId="f8e82549-61f9-4c8e-a881-13563c80e449" testId="f727b248-9add-f920-b0ce-770364245e70" testName="Skillaz.Tests.Candidate.Elastic.CandidateElasticMultiselectFiltration_feature.MultiLineFilterCheck(filter: (Skillaz.Candidate.Contract.CandidateSearchFilter, Skillaz.Candidate.Contract.CandidateSearchFilterCommon), result: (2, ExperienceRange.LessThan1Year))" computerName="DESKTOP-F6SKA47" duration="00:00:00.0010000" startTime="2021-12-16T16:26:49.8289440+03:00" endTime="2021-12-16T16:26:49.8289473+03:00" testType="13cdc9d9-ddb5-4fa4-a97d-d965ccfc6d4b" outcome="NotExecuted" testListId="8c84fa94-04c1-424b-9868-57a2d4851a1d" relativeResultsDirectory="f8e82549-61f9-4c8e-a881-13563c80e449">
      <Output>
        <StdOut>You need Elasticsearch 7.5 local instance on 9200 port</StdOut>
      </Output>
    </UnitTestResult>
    <UnitTestResult executionId="7ead9e4f-e5ec-464d-af95-745d1203efa3" testId="f5e7fd5a-4c4d-c179-69bc-7343cba0a91a" testName="Skillaz.Tests.DocumentModels.FieldValueComparerTests.ComplexObjectsComparison" computerName="DESKTOP-F6SKA47" duration="00:00:00.0308330" startTime="2021-12-16T16:16:29.7863461+03:00" endTime="2021-12-16T16:16:29.7863475+03:00" testType="13cdc9d9-ddb5-4fa4-a97d-d965ccfc6d4b" outcome="Passed" testListId="8c84fa94-04c1-424b-9868-57a2d4851a1d" relativeResultsDirectory="7ead9e4f-e5ec-464d-af95-745d1203efa3" />
    <UnitTestResult executionId="fef1ed3e-3e0a-4529-ae3d-ae3a74b0926d" testId="019b787c-88b2-9680-3a7b-9251d2235f77" testName="Skillaz.Tests.CompanySpecific.X5.Naumen.NaumenSlaTests.Sla_calculates_correctly_for_next_day(candidateTimeZone: 2, sla: 02:00:00, startDate: 2020-01-01T01:00:00.0000000Z, truth: [NaumenTimeRange { From = &quot;2020-01-01 10:00:00&quot;, To = &quot;2020-01-01 12:00:00&quot; }])" computerName="DESKTOP-F6SKA47" duration="00:00:00.0000474" startTime="2021-12-16T16:16:29.0630529+03:00" endTime="2021-12-16T16:16:29.0630539+03:00" testType="13cdc9d9-ddb5-4fa4-a97d-d965ccfc6d4b" outcome="Passed" testListId="8c84fa94-04c1-424b-9868-57a2d4851a1d" relativeResultsDirectory="fef1ed3e-3e0a-4529-ae3d-ae3a74b0926d" />
    <UnitTestResult executionId="6b33c66a-7e45-4a66-a0b5-bcc350a0188f" testId="b62487a2-b5d7-ae4e-4cb8-a719b81869c9" testName="Skillaz.Tests.Candidate.Elastic.CandidateElasticFiltration_feature.Retrieving_a_candidate_that_has_a_resume_that_is_updated_after_specific_date" computerName="DESKTOP-F6SKA47" duration="00:00:00.0010000" startTime="2021-12-16T16:24:39.9690515+03:00" endTime="2021-12-16T16:24:39.9690560+03:00" testType="13cdc9d9-ddb5-4fa4-a97d-d965ccfc6d4b" outcome="NotExecuted" testListId="8c84fa94-04c1-424b-9868-57a2d4851a1d" relativeResultsDirectory="6b33c66a-7e45-4a66-a0b5-bcc350a0188f">
      <Output>
        <StdOut>You need Elasticsearch 7.5 local instance on 9200 port</StdOut>
      </Output>
    </UnitTestResult>
    <UnitTestResult executionId="55454dfb-a446-49de-b092-e6cdd3ab1324" testId="f3d6b225-c5a6-47a8-4e82-2d366c2d83d7" testName="Skillaz.Tests.Notifications.SendSimpleWhatsAppMessage_feature.SendMessageWithFile(phoneNumber: &quot;+7952561111&quot;)" computerName="DESKTOP-F6SKA47" duration="00:00:05.4256326" startTime="2021-12-16T16:25:06.8697707+03:00" endTime="2021-12-16T16:25:06.8697738+03:00" testType="13cdc9d9-ddb5-4fa4-a97d-d965ccfc6d4b" outcome="Passed" testListId="8c84fa94-04c1-424b-9868-57a2d4851a1d" relativeResultsDirectory="55454dfb-a446-49de-b092-e6cdd3ab1324">
      <Output>
        <StdOut>SCENARIO: SendMessageWithFile [phoneNumber: "+7952561111"]&#xD;
  STEP 1/5: GIVEN a company...&#xD;
  STEP 1/5: GIVEN a company (Passed after 105ms)&#xD;
  STEP 2/5: AND the authenticated user...&#xD;
  STEP 2/5: AND the authenticated user (Passed after 219ms)&#xD;
  STEP 3/5: Add Additional Data With File...&#xD;
  STEP 3/5: Add Additional Data With File (Passed after 1s 126ms)&#xD;
  STEP 4/5: WHEN SendMessage With File [phoneNumber: "+7952561111"]...&#xD;
  STEP 4/5: WHEN SendMessage With File [phoneNumber: "+7952561111"] (Passed after 1s 850ms)&#xD;
  STEP 5/5: THEN File Exists [phoneNumber: "+7952561111"]...&#xD;
  STEP 5/5: THEN File Exists [phoneNumber: "+7952561111"] (Passed after 82ms)&#xD;
  SCENARIO RESULT: Passed after 3s 392ms</StdOut>
      </Output>
    </UnitTestResult>
    <UnitTestResult executionId="f12a3dfa-f59b-425e-bc5e-e7a57f2ec2d9" testId="8acd4525-a627-5fa2-0344-bf4e6672636d" testName="Skillaz.Tests.OpenApi.ObjectHashHelperTest.GetChanges(source: [[a, 1], [b, aa], [c, 10]], update: [[b, aa], [c, 10]], expected: [[c, 10]])" computerName="DESKTOP-F6SKA47" duration="00:00:00.0010928" startTime="2021-12-16T16:16:28.8512404+03:00" endTime="2021-12-16T16:16:28.8512467+03:00" testType="13cdc9d9-ddb5-4fa4-a97d-d965ccfc6d4b" outcome="Passed" testListId="8c84fa94-04c1-424b-9868-57a2d4851a1d" relativeResultsDirectory="f12a3dfa-f59b-425e-bc5e-e7a57f2ec2d9" />
    <UnitTestResult executionId="5d30d045-3049-4ab9-a347-bb45513e0cdd" testId="39bbe88c-a5a1-69b6-0e18-a75bb02edd6c" testName="Skillaz.Tests.CompanySpecific.X5.Naumen.NaumenSlaTests.Sla_calculates_correctly_within_one_day(candidateTimeZone: 7, sla: 02:00:00, startDate: 2019-12-31T11:00:00.0000000Z, truth: [NaumenTimeRange { From = &quot;2019-12-31 14:00:00&quot;, To = &quot;2019-12-31 16:00:00&quot; }])" computerName="DESKTOP-F6SKA47" duration="00:00:00.0000422" startTime="2021-12-16T16:16:29.0115303+03:00" endTime="2021-12-16T16:16:29.0115325+03:00" testType="13cdc9d9-ddb5-4fa4-a97d-d965ccfc6d4b" outcome="Passed" testListId="8c84fa94-04c1-424b-9868-57a2d4851a1d" relativeResultsDirectory="5d30d045-3049-4ab9-a347-bb45513e0cdd" />
    <UnitTestResult executionId="7f4c49f7-1ce8-4fa1-95c7-c101df928e37" testId="3e045f05-f3ff-0418-fe82-83ddd72b1a42" testName="Skillaz.Tests.Users.UserController_feature.RoleCandidateFilterServiceCreate" computerName="DESKTOP-F6SKA47" duration="00:00:07.2970945" startTime="2021-12-16T16:22:09.2204758+03:00" endTime="2021-12-16T16:22:09.2204833+03:00" testType="13cdc9d9-ddb5-4fa4-a97d-d965ccfc6d4b" outcome="Passed" testListId="8c84fa94-04c1-424b-9868-57a2d4851a1d" relativeResultsDirectory="7f4c49f7-1ce8-4fa1-95c7-c101df928e37">
      <Output>
        <StdOut>SCENARIO: RoleCandidateFilterServiceCreate&#xD;
  STEP 1/7: GIVEN Given a company...&#xD;
  STEP 1/7: GIVEN Given a company (Passed after 199ms)&#xD;
  STEP 2/7: AND Given the authenticated user...&#xD;
  STEP 2/7: AND Given the authenticated user (Passed after 519ms)&#xD;
  STEP 3/7: AND Given a role...&#xD;
  STEP 3/7: AND Given a role (Passed after 878ms)&#xD;
  STEP 4/7: AND Given configuration...&#xD;
  STEP 4/7: AND Given configuration (Passed after 736ms)&#xD;
  STEP 5/7: AND Given the company default email template...&#xD;
  STEP 5/7: AND Given the company default email template (Passed after 263ms)&#xD;
  STEP 6/7: WHEN When CreateUserEditModel...&#xD;
  STEP 6/7: WHEN When CreateUserEditModel (Passed after 3s 025ms)&#xD;
  STEP 7/7: THEN Then CreateUserEditModel result...&#xD;
  STEP 7/7: THEN Then CreateUserEditModel result (Passed after 244ms)&#xD;
  SCENARIO RESULT: Passed after 5s 886ms</StdOut>
      </Output>
    </UnitTestResult>
    <UnitTestResult executionId="8af22705-3311-4ec2-8bea-47f01f246162" testId="3370fbbe-a91a-fbba-2304-dab5594a2650" testName="Skillaz.Tests.CompanySpecific.GazpromNeft.GazpromImportBlueReport_feature.Not_attempt_publication_for_vacancy_where_position_count_equals_zero" computerName="DESKTOP-F6SKA47" duration="00:00:36.1268772" startTime="2021-12-16T16:28:21.6648341+03:00" endTime="2021-12-16T16:28:21.6648364+03:00" testType="13cdc9d9-ddb5-4fa4-a97d-d965ccfc6d4b" outcome="Passed" testListId="8c84fa94-04c1-424b-9868-57a2d4851a1d" relativeResultsDirectory="8af22705-3311-4ec2-8bea-47f01f246162">
      <Output>
        <StdOut>SCENARIO: Not attempt publication for vacancy where position count equals zero&#xD;
  STEP 1/7: GIVEN a company [companyId: "kdaigswiuJNh8Tvsp"]...&#xD;
  STEP 1/7: GIVEN a company [companyId: "kdaigswiuJNh8Tvsp"] (Passed after 225ms)&#xD;
  STEP 2/7: AND the authenticated user...&#xD;
  STEP 2/7: AND the authenticated user (Passed after 615ms)&#xD;
  STEP 3/7: AND the accounts for current user...&#xD;
  STEP 3/7: AND the accounts for current user (Passed after 215ms)&#xD;
  STEP 4/7: AND the upload rows [staffUnitNum: "1211"] [clusterName: "АО "Газпромнефть-Урал""] [azsName: "АЗС № 152"] [requestCount: "0"]...&#xD;
  STEP 4/7: AND the upload rows [staffUnitNum: "1211"] [clusterName: "АО "Газпромнефть-Урал""] [azsName: "АЗС № 152"] [requestCount: "0"] (Passed after 7s 179ms)&#xD;
  STEP 5/7: AND the prepare xlsx file...&#xD;
  STEP 5/7: AND the prepare xlsx file (Passed after 8s 750ms)&#xD;
  STEP 6/7: WHEN upload xlsx file...&#xD;
  STEP 6/7: WHEN upload xlsx file (Passed after 18s 203ms)&#xD;
  STEP 7/7: Ensure not attempt create publication [modelTest: "Skillaz.Tests.CompanySpecific.GazpromNeft.GazpromImportBlueReport_feature+GazpromBlueReportModelTest"]...&#xD;
  STEP 7/7: Ensure not attempt create publication [modelTest: "Skillaz.Tests.CompanySpecific.GazpromNeft.GazpromImportBlueReport_feature+GazpromBlueReportModelTest"] (Passed after 318ms)&#xD;
  SCENARIO RESULT: Passed after 35s 522ms</StdOut>
      </Output>
    </UnitTestResult>
    <UnitTestResult executionId="2f6ea839-bda8-4bc8-a8e4-7e2ab5cb4ce1" testId="00b50133-988d-2868-dbd0-2d7d31da3549" testName="Skillaz.Tests.Mongo.Enums.EnumAttributeTest_feature.StringEnumFallback" computerName="DESKTOP-F6SKA47" duration="00:00:04.5253470" startTime="2021-12-16T16:23:17.8475681+03:00" endTime="2021-12-16T16:23:17.8475702+03:00" testType="13cdc9d9-ddb5-4fa4-a97d-d965ccfc6d4b" outcome="Passed" testListId="8c84fa94-04c1-424b-9868-57a2d4851a1d" relativeResultsDirectory="2f6ea839-bda8-4bc8-a8e4-7e2ab5cb4ce1">
      <Output>
        <StdOut>SCENARIO: StringEnumFallback&#xD;
  STEP 1/3: GIVEN document with string enum field with fallback...&#xD;
  STEP 1/3: GIVEN document with string enum field with fallback (Passed after 1s 002ms)&#xD;
  STEP 2/3: WHEN retrieve the document...&#xD;
  STEP 2/3: WHEN retrieve the document (Passed after 3s 339ms)&#xD;
  STEP 3/3: THEN document should have fallback value in the string enum field...&#xD;
  STEP 3/3: THEN document should have fallback value in the string enum field (Passed after 49ms)&#xD;
  SCENARIO RESULT: Passed after 4s 457ms</StdOut>
      </Output>
    </UnitTestResult>
    <UnitTestResult executionId="e880a44f-910c-431a-b99c-203182923198" testId="019b787c-88b2-9680-3a7b-9251d2235f77" testName="Skillaz.Tests.CompanySpecific.X5.Naumen.NaumenSlaTests.Sla_calculates_correctly_for_next_day(candidateTimeZone: 9, sla: 02:00:00, startDate: 2019-12-31T21:00:00.0000000Z, truth: [NaumenTimeRange { From = &quot;2020-01-01 07:00:00&quot;, To = &quot;2020-01-01 09:00:00&quot; }])" computerName="DESKTOP-F6SKA47" duration="00:00:00.0002150" startTime="2021-12-16T16:16:29.3189098+03:00" endTime="2021-12-16T16:16:29.3189102+03:00" testType="13cdc9d9-ddb5-4fa4-a97d-d965ccfc6d4b" outcome="Passed" testListId="8c84fa94-04c1-424b-9868-57a2d4851a1d" relativeResultsDirectory="e880a44f-910c-431a-b99c-203182923198" />
    <UnitTestResult executionId="e4f826c5-209d-4478-87d3-f2178e3ebf36" testId="6a668e6c-24bc-ee8e-4fe5-03c6c56050b8" testName="Skillaz.Tests.Publication.VacancyPublicationRule_feature.Vacancy_publication_rule_stops_when_non_active" computerName="DESKTOP-F6SKA47" duration="00:00:06.7785910" startTime="2021-12-16T16:27:08.4402379+03:00" endTime="2021-12-16T16:27:08.4402399+03:00" testType="13cdc9d9-ddb5-4fa4-a97d-d965ccfc6d4b" outcome="Passed" testListId="8c84fa94-04c1-424b-9868-57a2d4851a1d" relativeResultsDirectory="e4f826c5-209d-4478-87d3-f2178e3ebf36">
      <Output>
        <StdOut>SCENARIO: Vacancy publication rule stops when non active&#xD;
  STEP 1/7: GIVEN a company...&#xD;
  STEP 1/7: GIVEN a company (Passed after 44ms)&#xD;
  STEP 2/7: AND the authenticated user...&#xD;
  STEP 2/7: AND the authenticated user (Passed after 339ms)&#xD;
  STEP 3/7: AND the vacancy in the company...&#xD;
  STEP 3/7: AND the vacancy in the company (Passed after 50ms)&#xD;
  STEP 4/7: AND non active hh publication rule...&#xD;
  STEP 4/7: AND non active hh publication rule (Passed after 4s 326ms)&#xD;
  STEP 5/7: WHEN vacancy publication rule is triggered...&#xD;
  STEP 5/7: WHEN vacancy publication rule is triggered (Passed after 1s 847ms)&#xD;
  STEP 6/7: THEN the rule fails to execute with business exception...&#xD;
  STEP 6/7: THEN the rule fails to execute with business exception (Passed after &lt;1ms)&#xD;
  STEP 7/7: AND no publication attempts are made...&#xD;
  STEP 7/7: AND no publication attempts are made (Passed after 10ms)&#xD;
  SCENARIO RESULT: Passed after 6s 623ms</StdOut>
      </Output>
    </UnitTestResult>
    <UnitTestResult executionId="6e452045-e7b6-459e-ab92-7d6fe404a3b5" testId="f727b248-9add-f920-b0ce-770364245e70" testName="Skillaz.Tests.Candidate.Elastic.CandidateElasticMultiselectFiltration_feature.MultiLineFilterCheck(filter: (Skillaz.Candidate.Contract.CandidateSearchFilter, Skillaz.Candidate.Contract.CandidateSearchFilterCommon), result: (2, ExperienceRange.HigherThan6Years))" computerName="DESKTOP-F6SKA47" duration="00:00:00.0010000" startTime="2021-12-16T16:26:49.9176309+03:00" endTime="2021-12-16T16:26:49.9176338+03:00" testType="13cdc9d9-ddb5-4fa4-a97d-d965ccfc6d4b" outcome="NotExecuted" testListId="8c84fa94-04c1-424b-9868-57a2d4851a1d" relativeResultsDirectory="6e452045-e7b6-459e-ab92-7d6fe404a3b5">
      <Output>
        <StdOut>You need Elasticsearch 7.5 local instance on 9200 port</StdOut>
      </Output>
    </UnitTestResult>
    <UnitTestResult executionId="863fff66-936f-4bc9-aa03-dbac32f041c4" testId="95ea0026-728d-f66a-f1ad-b857db35a213" testName="Skillaz.Tests.Assessment.InterviewCreation_feature.Create_an_interview_for_funnel_with_two_scenarios_with_right_scenario_for_a_first_status" computerName="DESKTOP-F6SKA47" duration="00:00:31.2902259" startTime="2021-12-16T16:24:37.7390084+03:00" endTime="2021-12-16T16:24:37.7390112+03:00" testType="13cdc9d9-ddb5-4fa4-a97d-d965ccfc6d4b" outcome="Passed" testListId="8c84fa94-04c1-424b-9868-57a2d4851a1d" relativeResultsDirectory="863fff66-936f-4bc9-aa03-dbac32f041c4">
      <Output>
        <StdOut>SCENARIO: Create an interview for funnel with two scenarios with right scenario for a first status&#xD;
  STEP 1/5: GIVEN a candidate in a vacancy in a company...&#xD;
  STEP 1/5: GIVEN a candidate in a vacancy in a company (Passed after 1s 557ms)&#xD;
  STEP 2/5: AND the authenticated user...&#xD;
  STEP 2/5: AND the authenticated user (Passed after 640ms)&#xD;
  STEP 3/5: AND two scenarios linked to vacancy for different statuses...&#xD;
  STEP 3/5: AND two scenarios linked to vacancy for different statuses (Passed after 4s 514ms)&#xD;
  STEP 4/5: WHEN interview is created for status distance testing...&#xD;
  STEP 4/5: WHEN interview is created for status distance testing (Passed after 19s 371ms)&#xD;
  STEP 5/5: THEN interview with first scenario is created...&#xD;
  STEP 5/5: THEN interview with first scenario is created (Passed after 54ms)&#xD;
  SCENARIO RESULT: Passed after 26s 148ms</StdOut>
      </Output>
    </UnitTestResult>
    <UnitTestResult executionId="3c02a69f-f787-40e3-8705-01aa59c659f8" testId="7e9f39f0-af65-2c13-4309-b4464d858db2" testName="Skillaz.Tests.Configurator.Editor.HidingConfiguratorTypesFeature.Созданные_типы_конфигураторов_пропадают_из_доступных" computerName="DESKTOP-F6SKA47" duration="00:00:02.2729564" startTime="2021-12-16T16:18:59.0727047+03:00" endTime="2021-12-16T16:18:59.0727129+03:00" testType="13cdc9d9-ddb5-4fa4-a97d-d965ccfc6d4b" outcome="Passed" testListId="8c84fa94-04c1-424b-9868-57a2d4851a1d" relativeResultsDirectory="3c02a69f-f787-40e3-8705-01aa59c659f8">
      <Output>
        <StdOut>SCENARIO: Созданные типы конфигураторов пропадают из доступных&#xD;
  STEP 1/8: GIVEN a company...&#xD;
  STEP 1/8: GIVEN a company (Passed after 254ms)&#xD;
  STEP 2/8: AND the authenticated user...&#xD;
  STEP 2/8: AND the authenticated user (Passed after 697ms)&#xD;
  STEP 3/8: Выдать пользователю нужные права...&#xD;
  STEP 3/8: Выдать пользователю нужные права (Passed after &lt;1ms)&#xD;
  STEP 4/8: Проверить что доступны все типы конфигураторов...&#xD;
  STEP 4/8: Проверить что доступны все типы конфигураторов (Passed after 357ms)&#xD;
  STEP 5/8: Создать правила дедупликации...&#xD;
  STEP 5/8: Создать правила дедупликации (Passed after 352ms)&#xD;
  STEP 6/8: Проверить что дедупликация исчезла из выбора...&#xD;
  STEP 6/8: Проверить что дедупликация исчезла из выбора (Passed after 198ms)&#xD;
  STEP 7/8: Создать воронку...&#xD;
  STEP 7/8: Создать воронку (Passed after 140ms)&#xD;
  STEP 8/8: Проверить что воронка не исчезла из выбора...&#xD;
  STEP 8/8: Проверить что воронка не исчезла из выбора (Passed after 42ms)&#xD;
  SCENARIO RESULT: Passed after 2s 055ms</StdOut>
      </Output>
    </UnitTestResult>
    <UnitTestResult executionId="2724f35d-d36a-4965-bbe5-55296366e3c3" testId="5d137380-a1eb-e654-eb57-3d14a4f96b59" testName="Skillaz.Tests.Candidate.Checks.MultipleRunChecks_feature.Ability_to_run_second_multiple_check" computerName="DESKTOP-F6SKA47" duration="00:00:07.1253848" startTime="2021-12-16T16:29:03.9511857+03:00" endTime="2021-12-16T16:29:03.9511900+03:00" testType="13cdc9d9-ddb5-4fa4-a97d-d965ccfc6d4b" outcome="Passed" testListId="8c84fa94-04c1-424b-9868-57a2d4851a1d" relativeResultsDirectory="2724f35d-d36a-4965-bbe5-55296366e3c3">
      <Output>
        <StdOut>SCENARIO: Ability to run second multiple check&#xD;
  STEP 1/8: GIVEN a company...&#xD;
  STEP 1/8: GIVEN a company (Passed after 63ms)&#xD;
  STEP 2/8: AND the vacancy in the company...&#xD;
  STEP 2/8: AND the vacancy in the company (Passed after 78ms)&#xD;
  STEP 3/8: AND the authenticated user...&#xD;
  STEP 3/8: AND the authenticated user (Passed after 225ms)&#xD;
  STEP 4/8: AND a funnel...&#xD;
  STEP 4/8: AND a funnel (Passed after 144ms)&#xD;
  STEP 5/8: AND client configuration with checks workflow and model...&#xD;
  STEP 5/8: AND client configuration with checks workflow and model (Passed after 1s 061ms)&#xD;
  STEP 6/8: AND a candidate without check...&#xD;
  STEP 6/8: AND a candidate without check (Passed after 67ms)&#xD;
  STEP 7/8: WHEN multiple check is started...&#xD;
  STEP 7/8: WHEN multiple check is started (Passed after 1s 020ms)&#xD;
  STEP 8/8: THEN ability to run another multiple check is available...&#xD;
  STEP 8/8: THEN ability to run another multiple check is available (Passed after 2s 747ms)&#xD;
  SCENARIO RESULT: Passed after 5s 412ms</StdOut>
      </Output>
    </UnitTestResult>
    <UnitTestResult executionId="5b8878de-c7e8-4855-9dc9-755ad47ca95e" testId="4dc2d7e2-bca2-64d8-7b5e-2e4fa76ea71d" testName="Skillaz.Tests.Configurator.SecurityProfile.ConfiguratorSecurityProfileCandidate_feature.Candidate_is_available_by_org_unit" computerName="DESKTOP-F6SKA47" duration="00:00:15.0702768" startTime="2021-12-16T16:27:41.1004178+03:00" endTime="2021-12-16T16:27:41.1004212+03:00" testType="13cdc9d9-ddb5-4fa4-a97d-d965ccfc6d4b" outcome="Passed" testListId="8c84fa94-04c1-424b-9868-57a2d4851a1d" relativeResultsDirectory="5b8878de-c7e8-4855-9dc9-755ad47ca95e">
      <Output>
        <StdOut>SCENARIO: Candidate is available by org unit&#xD;
  STEP 1/8: GIVEN a company...&#xD;
  STEP 1/8: GIVEN a company (Passed after 335ms)&#xD;
  STEP 2/8: AND the user with security profile [securityProfile: "SecurityProfile"]...&#xD;
  STEP 2/8: AND the user with security profile [securityProfile: "SecurityProfile"] (Passed after 786ms)&#xD;
  STEP 3/8: AND the org unit config...&#xD;
  STEP 3/8: AND the org unit config (Passed after 272ms)&#xD;
  STEP 4/8: AND security profile cfg org unit...&#xD;
  STEP 4/8: AND security profile cfg org unit (Passed after 229ms)&#xD;
  STEP 5/8: AND the org units...&#xD;
  STEP 5/8: AND the org units (Passed after 247ms)&#xD;
  STEP 6/8: AND the candidates with org units...&#xD;
  STEP 6/8: AND the candidates with org units (Passed after 303ms)&#xD;
  STEP 7/8: WHEN filter candidates...&#xD;
  STEP 7/8: WHEN filter candidates (Passed after 9s 912ms)&#xD;
  STEP 8/8: THEN candidate visibility check...&#xD;
  STEP 8/8: THEN candidate visibility check (Passed after 5ms)&#xD;
  SCENARIO RESULT: Passed after 12s 113ms</StdOut>
      </Output>
    </UnitTestResult>
    <UnitTestResult executionId="0b2d6a7d-30bd-4670-ba5c-4b5a322bceee" testId="0654952d-956d-1c88-c2ca-241680d66135" testName="Skillaz.Tests.Candidate.Elastic.CandidateElasticFiltration_feature.Retrieving_a_candidate_by_nonexistent_sources" computerName="DESKTOP-F6SKA47" duration="00:00:00.0010000" startTime="2021-12-16T16:24:40.1835980+03:00" endTime="2021-12-16T16:24:40.1836027+03:00" testType="13cdc9d9-ddb5-4fa4-a97d-d965ccfc6d4b" outcome="NotExecuted" testListId="8c84fa94-04c1-424b-9868-57a2d4851a1d" relativeResultsDirectory="0b2d6a7d-30bd-4670-ba5c-4b5a322bceee">
      <Output>
        <StdOut>You need Elasticsearch 7.5 local instance on 9200 port</StdOut>
      </Output>
    </UnitTestResult>
    <UnitTestResult executionId="fc776298-bd25-4d3a-9ee6-829ad837dc2b" testId="8cf9a83b-9cfd-0363-646c-0870fb8e866b" testName="Skillaz.Tests.CompanySpecific.Mvideo.MvideoOpenApiBatchRequest_feature.Обновляет_пользователей_меняет_email_Рекрутерам_но_не_меняет_их_роль" computerName="DESKTOP-F6SKA47" duration="00:01:41.3196020" startTime="2021-12-16T16:21:54.4894373+03:00" endTime="2021-12-16T16:21:54.4894438+03:00" testType="13cdc9d9-ddb5-4fa4-a97d-d965ccfc6d4b" outcome="Passed" testListId="8c84fa94-04c1-424b-9868-57a2d4851a1d" relativeResultsDirectory="fc776298-bd25-4d3a-9ee6-829ad837dc2b">
      <Output>
        <StdOut>SCENARIO: Обновляет пользователей меняет email Рекрутерам но не меняет их роль&#xD;
  STEP 1/12: GIVEN a company...&#xD;
  STEP 1/12: GIVEN a company (Passed after 1s 747ms)&#xD;
  STEP 2/12: AND the authenticated api user...&#xD;
  STEP 2/12: AND the authenticated api user (Passed after 917ms)&#xD;
  STEP 3/12: AND Дана клиентская конфигурация мвидео...&#xD;
  STEP 3/12: AND Дана клиентская конфигурация мвидео (Passed after &lt;1ms)&#xD;
  STEP 4/12: AND Даны роли...&#xD;
  STEP 4/12: AND Даны роли (Passed after 5ms)&#xD;
  STEP 5/12: AND Даны пользователи без прав...&#xD;
  STEP 5/12: AND Даны пользователи без прав (Passed after 4ms)&#xD;
  STEP 6/12: AND Даны орг единицы...&#xD;
  STEP 6/12: AND Даны орг единицы (Passed after 112ms)&#xD;
  STEP 7/12: WHEN Когда приходит запрос от сап...&#xD;
  STEP 7/12: WHEN Когда приходит запрос от сап (Passed after 1m 32s)&#xD;
  STEP 8/12: THEN Проверить что email Рекрутера изменился но роль не поменялась...&#xD;
  STEP 8/12: THEN Проверить что email Рекрутера изменился но роль не поменялась (Passed after 34ms)&#xD;
  STEP 9/12: AND Проверить что у пользователей с ролью Нет доступа проставилась роль Директор магазина а так же изменился email...&#xD;
  STEP 9/12: AND Проверить что у пользователей с ролью Нет доступа проставилась роль Директор магазина а так же изменился email (Passed after 60ms)&#xD;
  STEP 10/12: AND Проверить что у пользователей с ролью Нет доступа проставились права на орг единицу [unitExternalId: "org_unit_1"]...&#xD;
  STEP 10/12: AND Проверить что у пользователей с ролью Нет доступа проставились права на орг единицу [unitExternalId: "org_unit_1"] (Passed after 36ms)&#xD;
  STEP 11/12: AND Проверить что у пользователя изменился email но роль не изменилась...&#xD;
  STEP 11/12: AND Проверить что у пользователя изменился email но роль не изменилась (Passed after 43ms)&#xD;
  STEP 12/12: AND Проверить что существующий Директор магазина не потерял свою роль при сбросе прав...&#xD;
  STEP 12/12: AND Проверить что существующий Директор магазина не потерял свою роль при сбросе прав (Passed after 24ms)&#xD;
  SCENARIO RESULT: Passed after 1m 36s</StdOut>
      </Output>
    </UnitTestResult>
    <UnitTestResult executionId="662aa6a7-62ad-4c1c-8492-af1ea84747fa" testId="1650038f-24a7-26b9-4afd-2f28b884c2b6" testName="Skillaz.Tests.DocumentModels.LegacyVacancyDocuments.LegacyVacancyDocumentWhereAnd_feature.GetIds_ProcessingActive" computerName="DESKTOP-F6SKA47" duration="00:00:01.6537331" startTime="2021-12-16T16:26:24.1995450+03:00" endTime="2021-12-16T16:26:24.1995518+03:00" testType="13cdc9d9-ddb5-4fa4-a97d-d965ccfc6d4b" outcome="Passed" testListId="8c84fa94-04c1-424b-9868-57a2d4851a1d" relativeResultsDirectory="662aa6a7-62ad-4c1c-8492-af1ea84747fa">
      <Output>
        <StdOut>SCENARIO: GetIds ProcessingActive&#xD;
  STEP 1/4: GIVEN a company...&#xD;
  STEP 1/4: GIVEN a company (Passed after 224ms)&#xD;
  STEP 2/4: AND the authenticated user...&#xD;
  STEP 2/4: AND the authenticated user (Passed after 307ms)&#xD;
  STEP 3/4: AND a LegacyVacancyDocuments...&#xD;
  STEP 3/4: AND a LegacyVacancyDocuments (Passed after 115ms)&#xD;
  STEP 4/4: WHEN GetIds Processing Active...&#xD;
  STEP 4/4: WHEN GetIds Processing Active (Passed after 363ms)&#xD;
  SCENARIO RESULT: Passed after 1s 025ms</StdOut>
      </Output>
    </UnitTestResult>
    <UnitTestResult executionId="4182fcf7-1507-4615-82aa-a7a30fd94482" testId="019b787c-88b2-9680-3a7b-9251d2235f77" testName="Skillaz.Tests.CompanySpecific.X5.Naumen.NaumenSlaTests.Sla_calculates_correctly_for_next_day(candidateTimeZone: 7, sla: 02:00:00, startDate: 2019-12-31T16:00:00.0000000Z, truth: [NaumenTimeRange { From = &quot;2020-01-01 07:00:00&quot;, To = &quot;2020-01-01 09:00:00&quot; }])" computerName="DESKTOP-F6SKA47" duration="00:00:00.0000361" startTime="2021-12-16T16:16:29.2815645+03:00" endTime="2021-12-16T16:16:29.2815650+03:00" testType="13cdc9d9-ddb5-4fa4-a97d-d965ccfc6d4b" outcome="Passed" testListId="8c84fa94-04c1-424b-9868-57a2d4851a1d" relativeResultsDirectory="4182fcf7-1507-4615-82aa-a7a30fd94482" />
    <UnitTestResult executionId="66737ee8-d11d-4790-b503-b71dbdcca525" testId="019b787c-88b2-9680-3a7b-9251d2235f77" testName="Skillaz.Tests.CompanySpecific.X5.Naumen.NaumenSlaTests.Sla_calculates_correctly_for_next_day(candidateTimeZone: 12, sla: 02:00:00, startDate: 2020-01-01T01:30:00.0000000Z, truth: [NaumenTimeRange { From = &quot;2020-01-01 07:00:00&quot;, To = &quot;2020-01-01 09:00:00&quot; }])" computerName="DESKTOP-F6SKA47" duration="00:00:00.0000555" startTime="2021-12-16T16:16:29.3824689+03:00" endTime="2021-12-16T16:16:29.3824709+03:00" testType="13cdc9d9-ddb5-4fa4-a97d-d965ccfc6d4b" outcome="Passed" testListId="8c84fa94-04c1-424b-9868-57a2d4851a1d" relativeResultsDirectory="66737ee8-d11d-4790-b503-b71dbdcca525" />
    <UnitTestResult executionId="825ca80f-0b33-41e5-bd9b-becbd89063d0" testId="019b787c-88b2-9680-3a7b-9251d2235f77" testName="Skillaz.Tests.CompanySpecific.X5.Naumen.NaumenSlaTests.Sla_calculates_correctly_for_next_day(candidateTimeZone: 11, sla: 02:00:00, startDate: 2020-01-01T02:30:00.0000000Z, truth: [NaumenTimeRange { From = &quot;2020-01-01 07:00:00&quot;, To = &quot;2020-01-01 09:00:00&quot; }])" computerName="DESKTOP-F6SKA47" duration="00:00:00.0000704" startTime="2021-12-16T16:16:29.3685208+03:00" endTime="2021-12-16T16:16:29.3685214+03:00" testType="13cdc9d9-ddb5-4fa4-a97d-d965ccfc6d4b" outcome="Passed" testListId="8c84fa94-04c1-424b-9868-57a2d4851a1d" relativeResultsDirectory="825ca80f-0b33-41e5-bd9b-becbd89063d0" />
    <UnitTestResult executionId="77969ef5-8603-4cf6-91d1-9af7036fe1c6" testId="bb400e72-3c70-2af7-87cd-a738a13cfe78" testName="Skillaz.Tests.Notifications.EmailAntispam_feature.Send_email_to_candidate_which_exceeds_day_limit_and_check_it_was_not_sent" computerName="DESKTOP-F6SKA47" duration="00:00:04.2151599" startTime="2021-12-16T16:21:39.8586902+03:00" endTime="2021-12-16T16:21:39.8586912+03:00" testType="13cdc9d9-ddb5-4fa4-a97d-d965ccfc6d4b" outcome="Passed" testListId="8c84fa94-04c1-424b-9868-57a2d4851a1d" relativeResultsDirectory="77969ef5-8603-4cf6-91d1-9af7036fe1c6">
      <Output>
        <StdOut>SCENARIO: Send email to candidate which exceeds day limit and check it was not sent&#xD;
  STEP 1/8: GIVEN a company [companyId: "61bb3d5f7f10d6937478c648"]...&#xD;
  STEP 1/8: GIVEN a company [companyId: "61bb3d5f7f10d6937478c648"] (Passed after 82ms)&#xD;
  STEP 2/8: AND the authenticated user...&#xD;
  STEP 2/8: AND the authenticated user (Passed after 121ms)&#xD;
  STEP 3/8: AND the vacancy in the company...&#xD;
  STEP 3/8: AND the vacancy in the company (Passed after 104ms)&#xD;
  STEP 4/8: AND a candidate "Skillaz.Candidate.Contract.Documents.Candidate.CandidateDocument" with contact email [contactEmail: "test-email-candidate@yandex.ru"]...&#xD;
  STEP 4/8: AND a candidate "Skillaz.Candidate.Contract.Documents.Candidate.CandidateDocument" with contact email [contactEmail: "test-email-candidate@yandex.ru"] (Passed after 134ms)&#xD;
  STEP 5/8: AND unique n "100" emails for recipient "test-email-candidate@yandex.ru"...&#xD;
  STEP 5/8: AND unique n "100" emails for recipient "test-email-candidate@yandex.ru" (Passed after 145ms)&#xD;
  STEP 6/8: AND email template [templateType: "test-msg-type"]...&#xD;
  STEP 6/8: AND email template [templateType: "test-msg-type"] (Passed after 133ms)&#xD;
  STEP 7/8: WHEN email is sent to candidate [candidateId: "61bb3d607f10d6937478c690"]...&#xD;
  STEP 7/8: WHEN email is sent to candidate [candidateId: "61bb3d607f10d6937478c690"] (Passed after 1s 356ms)&#xD;
  STEP 8/8: Ensure email was not sent...&#xD;
  STEP 8/8: Ensure email was not sent (Passed after 91ms)&#xD;
  SCENARIO RESULT: Passed after 2s 308ms</StdOut>
      </Output>
    </UnitTestResult>
    <UnitTestResult executionId="1cb5342a-36f8-48ef-8e0b-23661919cec4" testId="afed0485-0954-9f08-d765-75de0a03b209" testName="Skillaz.Tests.CompanySpecific.Mvideo.MvideoPrepareBatchUpdateRequest_feature.Stores_responsible_ids_is_replaced" computerName="DESKTOP-F6SKA47" duration="00:00:00.0010000" startTime="2021-12-16T16:29:23.2890469+03:00" endTime="2021-12-16T16:29:23.2890499+03:00" testType="13cdc9d9-ddb5-4fa4-a97d-d965ccfc6d4b" outcome="NotExecuted" testListId="8c84fa94-04c1-424b-9868-57a2d4851a1d" relativeResultsDirectory="1cb5342a-36f8-48ef-8e0b-23661919cec4">
      <Output>
        <StdOut>Появился тест MvideoOpenApiBatchRequest_feature</StdOut>
      </Output>
    </UnitTestResult>
    <UnitTestResult executionId="37ee359e-31c9-4d60-979b-821a367b9703" testId="ace0c538-170e-5743-4096-32ab0e0cd89d" testName="Skillaz.Tests.Configurator.SecurityProfile.ConfiguratorSecurityProfileOrgUnit_feature.Org_unit_with_hierarchy_available_for_user" computerName="DESKTOP-F6SKA47" duration="00:00:17.4710777" startTime="2021-12-16T16:26:06.4750932+03:00" endTime="2021-12-16T16:26:06.4750964+03:00" testType="13cdc9d9-ddb5-4fa4-a97d-d965ccfc6d4b" outcome="Passed" testListId="8c84fa94-04c1-424b-9868-57a2d4851a1d" relativeResultsDirectory="37ee359e-31c9-4d60-979b-821a367b9703">
      <Output>
        <StdOut>SCENARIO: Org unit with hierarchy available for user&#xD;
  STEP 1/9: GIVEN a company...&#xD;
  STEP 1/9: GIVEN a company (Passed after 253ms)&#xD;
  STEP 2/9: AND the user with security profile [securityProfile: "ResponsibleSecurityProfileWithHierarchy"]...&#xD;
  STEP 2/9: AND the user with security profile [securityProfile: "ResponsibleSecurityProfileWithHierarchy"] (Passed after 473ms)&#xD;
  STEP 3/9: AND the configuration security profile [code: "ResponsibleSecurityProfileWithHierarchy"]...&#xD;
  STEP 3/9: AND the configuration security profile [code: "ResponsibleSecurityProfileWithHierarchy"] (Passed after 448ms)&#xD;
  STEP 4/9: AND the parent org unit with responsible current user [isResponsibleCurrentUser: "True"]...&#xD;
  STEP 4/9: AND the parent org unit with responsible current user [isResponsibleCurrentUser: "True"] (Passed after 222ms)&#xD;
  STEP 5/9: AND the org unit config...&#xD;
  STEP 5/9: AND the org unit config (Passed after 804ms)&#xD;
  STEP 6/9: AND the children org units [parentOrgUnit: "Skillaz.Candidate.Contract.OrgUnit.OrgUnitDocument"] [orgUnitCount: "3"]...&#xD;
  STEP 6/9: AND the children org units [parentOrgUnit: "Skillaz.Candidate.Contract.OrgUnit.OrgUnitDocument"] [orgUnitCount: "3"] (Passed after 101ms)&#xD;
  STEP 7/9: AND the children org units [parentOrgUnit: "Skillaz.Candidate.Contract.OrgUnit.OrgUnitDocument"] [orgUnitCount: "2"]...&#xD;
  STEP 7/9: AND the children org units [parentOrgUnit: "Skillaz.Candidate.Contract.OrgUnit.OrgUnitDocument"] [orgUnitCount: "2"] (Passed after 49ms)&#xD;
  STEP 8/9: WHEN load org units for list...&#xD;
  STEP 8/9: WHEN load org units for list (Passed after 14s 286ms)&#xD;
  STEP 9/9: THEN org units to view from array [viewedIds: "61bb3e5e7f10d6937478ea04, 61bb3e5f7f10d6937478ea4f, 61bb3e5f7f10d6937478ea51, 61bb3e5f7f10d6937478ea53, 61bb3e5f7f10d6937478ea5d, 61bb3e5f7f10d6937478ea5f"]...&#xD;
  STEP 9/9: THEN org units to view from array [viewedIds: "61bb3e5e7f10d6937478ea04, 61bb3e5f7f10d6937478ea4f, 61bb3e5f7f10d6937478ea51, 61bb3e5f7f10d6937478ea53, 61bb3e5f7f10d6937478ea5d, 61bb3e5f7f10d6937478ea5f"] (Passed after 55ms)&#xD;
  SCENARIO RESULT: Passed after 16s 717ms</StdOut>
      </Output>
    </UnitTestResult>
    <UnitTestResult executionId="287ff55d-125c-4d30-8381-c0200d7f5f52" testId="019b787c-88b2-9680-3a7b-9251d2235f77" testName="Skillaz.Tests.CompanySpecific.X5.Naumen.NaumenSlaTests.Sla_calculates_correctly_for_next_day(candidateTimeZone: 11, sla: 02:00:00, startDate: 2019-12-31T21:30:00.0000000Z, truth: [NaumenTimeRange { From = &quot;2020-01-01 07:00:00&quot;, To = &quot;2020-01-01 09:00:00&quot; }])" computerName="DESKTOP-F6SKA47" duration="00:00:00.0000730" startTime="2021-12-16T16:16:29.3624702+03:00" endTime="2021-12-16T16:16:29.3624706+03:00" testType="13cdc9d9-ddb5-4fa4-a97d-d965ccfc6d4b" outcome="Passed" testListId="8c84fa94-04c1-424b-9868-57a2d4851a1d" relativeResultsDirectory="287ff55d-125c-4d30-8381-c0200d7f5f52" />
    <UnitTestResult executionId="74e59b6f-4627-4387-8841-738c2b338a2c" testId="695a69c9-264c-d1c5-2032-535ef4bf39f9" testName="Skillaz.Tests.CompanySpecific.X5.Naumen.NaumenSlaTests.Sla_calculates_correctly_for_split_days(candidateTimeZone: 6, sla: 09:00:00, startDate: 2019-12-31T09:30:00.0000000Z, truth: [NaumenTimeRange { From = &quot;2019-12-31 12:30:00&quot;, To = &quot;2019-12-31 17:00:00&quot; }, NaumenTimeRange { From = &quot;2020-01-01 07:00:00&quot;, To = &quot;2020-01-01 11:30:00&quot; }])" computerName="DESKTOP-F6SKA47" duration="00:00:00.0001238" startTime="2021-12-16T16:16:29.0019259+03:00" endTime="2021-12-16T16:16:29.0019263+03:00" testType="13cdc9d9-ddb5-4fa4-a97d-d965ccfc6d4b" outcome="Passed" testListId="8c84fa94-04c1-424b-9868-57a2d4851a1d" relativeResultsDirectory="74e59b6f-4627-4387-8841-738c2b338a2c" />
    <UnitTestResult executionId="7f5d16da-e8f8-49bf-9e17-5de28a8d67fd" testId="019b787c-88b2-9680-3a7b-9251d2235f77" testName="Skillaz.Tests.CompanySpecific.X5.Naumen.NaumenSlaTests.Sla_calculates_correctly_for_next_day(candidateTimeZone: 12, sla: 02:00:00, startDate: 2019-12-31T14:30:00.0000000Z, truth: [NaumenTimeRange { From = &quot;2020-01-01 07:00:00&quot;, To = &quot;2020-01-01 09:00:00&quot; }])" computerName="DESKTOP-F6SKA47" duration="00:00:00.0000415" startTime="2021-12-16T16:16:29.3719179+03:00" endTime="2021-12-16T16:16:29.3719183+03:00" testType="13cdc9d9-ddb5-4fa4-a97d-d965ccfc6d4b" outcome="Passed" testListId="8c84fa94-04c1-424b-9868-57a2d4851a1d" relativeResultsDirectory="7f5d16da-e8f8-49bf-9e17-5de28a8d67fd" />
    <UnitTestResult executionId="5e202e36-7e5b-4901-ab89-7dfcada63a64" testId="05b78b0a-34aa-b373-4d67-0c1378c37b60" testName="Skillaz.Tests.OpenApi.OrgStructureApi.OrgEntityStateChange_feature.Org_unit_archiving" computerName="DESKTOP-F6SKA47" duration="00:00:11.4049624" startTime="2021-12-16T16:27:42.7090145+03:00" endTime="2021-12-16T16:27:42.7090218+03:00" testType="13cdc9d9-ddb5-4fa4-a97d-d965ccfc6d4b" outcome="Passed" testListId="8c84fa94-04c1-424b-9868-57a2d4851a1d" relativeResultsDirectory="5e202e36-7e5b-4901-ab89-7dfcada63a64">
      <Output>
        <StdOut>SCENARIO: Org unit archiving&#xD;
  STEP 1/7: GIVEN a company...&#xD;
  STEP 1/7: GIVEN a company (Passed after 68ms)&#xD;
  STEP 2/7: AND the authenticated api user...&#xD;
  STEP 2/7: AND the authenticated api user (Passed after 5s 419ms)&#xD;
  STEP 3/7: AND an org unit active...&#xD;
  STEP 3/7: AND an org unit active (Passed after 502ms)&#xD;
  STEP 4/7: WHEN archiving org unit...&#xD;
  STEP 4/7: WHEN archiving org unit (Passed after 2s 089ms)&#xD;
  STEP 5/7: THEN result is ok...&#xD;
  STEP 5/7: THEN result is ok (Passed after &lt;1ms)&#xD;
  STEP 6/7: AND org unit is archived...&#xD;
  STEP 6/7: AND org unit is archived (Passed after 1s 217ms)&#xD;
  STEP 7/7: AND call publish async count two...&#xD;
  STEP 7/7: AND call publish async count two (Passed after 2ms)&#xD;
  SCENARIO RESULT: Passed after 9s 308ms</StdOut>
      </Output>
    </UnitTestResult>
    <UnitTestResult executionId="60281e89-3741-4058-9c15-86f1c65e02c8" testId="1635eb66-a620-bcc8-9daf-3c6481be8a43" testName="Skillaz.Tests.TaskTracker.TaskDashboardController_feature.OpenTask(assigneeUser: null, status: TimeOutsideAvailableRange, addHours: 3, taskStatus: Created)" computerName="DESKTOP-F6SKA47" duration="00:00:17.7445694" startTime="2021-12-16T16:30:05.0011763+03:00" endTime="2021-12-16T16:30:05.0011786+03:00" testType="13cdc9d9-ddb5-4fa4-a97d-d965ccfc6d4b" outcome="Passed" testListId="8c84fa94-04c1-424b-9868-57a2d4851a1d" relativeResultsDirectory="60281e89-3741-4058-9c15-86f1c65e02c8">
      <Output>
        <StdOut>SCENARIO: OpenTask [assigneeUser: "&lt;null&gt;"] [status: "TimeOutsideAvailableRange"] [addHours: "3"] [taskStatus: "Created"]&#xD;
  STEP 1/9: GIVEN Given a company...&#xD;
  STEP 1/9: GIVEN Given a company (Passed after 604ms)&#xD;
  STEP 2/9: AND Given a client configuration...&#xD;
  STEP 2/9: AND Given a client configuration (Passed after &lt;1ms)&#xD;
  STEP 3/9: AND Given the authenticated user...&#xD;
  STEP 3/9: AND Given the authenticated user (Passed after 3s 955ms)&#xD;
  STEP 4/9: AND Given a user...&#xD;
  STEP 4/9: AND Given a user (Passed after 1s 961ms)&#xD;
  STEP 5/9: AND Given a funnel...&#xD;
  STEP 5/9: AND Given a funnel (Passed after 188ms)&#xD;
  STEP 6/9: AND Given a candidate...&#xD;
  STEP 6/9: AND Given a candidate (Passed after 2s 097ms)&#xD;
  STEP 7/9: AND Given a tasks open [assigneeUser: "&lt;null&gt;"] [activationTime: "12/16/2021 19:29:47"] [taskStatus: "Created"]...&#xD;
  STEP 7/9: AND Given a tasks open [assigneeUser: "&lt;null&gt;"] [activationTime: "12/16/2021 19:29:47"] [taskStatus: "Created"] (Passed after 155ms)&#xD;
  STEP 8/9: WHEN When OpenTask...&#xD;
  STEP 8/9: WHEN When OpenTask (Passed after 828ms)&#xD;
  STEP 9/9: THEN Then OpenTask OpenTaskResponse [status: "TimeOutsideAvailableRange"]...&#xD;
  STEP 9/9: THEN Then OpenTask OpenTaskResponse [status: "TimeOutsideAvailableRange"] (Passed after 213ms)&#xD;
  SCENARIO RESULT: Passed after 10s 047ms</StdOut>
      </Output>
    </UnitTestResult>
    <UnitTestResult executionId="d402bd64-c4cb-4480-b4ee-d14e27e65457" testId="1c12d953-27fe-db54-6823-abdb50d2985c" testName="Skillaz.Tests.OpenApi.FunnelApi.GetFunnels_feature.Check_get_funnel_api" computerName="DESKTOP-F6SKA47" duration="00:00:22.8640748" startTime="2021-12-16T16:16:50.7285313+03:00" endTime="2021-12-16T16:16:50.7285331+03:00" testType="13cdc9d9-ddb5-4fa4-a97d-d965ccfc6d4b" outcome="Passed" testListId="8c84fa94-04c1-424b-9868-57a2d4851a1d" relativeResultsDirectory="d402bd64-c4cb-4480-b4ee-d14e27e65457">
      <Output>
        <StdOut>SCENARIO: Check get funnel api&#xD;
  STEP 1/6: GIVEN a company...&#xD;
  STEP 1/6: GIVEN a company (Passed after 3s 224ms)&#xD;
  STEP 2/6: AND the authenticated api user...&#xD;
  STEP 2/6: AND the authenticated api user (Passed after 1s 339ms)&#xD;
  STEP 3/6: AND the vacancy in the company...&#xD;
  STEP 3/6: AND the vacancy in the company (Passed after 588ms)&#xD;
  STEP 4/6: AND funnel...&#xD;
  STEP 4/6: AND funnel (Passed after 500ms)&#xD;
  STEP 5/6: AND projections...&#xD;
  STEP 5/6: AND projections (Passed after 138ms)&#xD;
  STEP 6/6: THEN check api...&#xD;
  STEP 6/6: THEN check api (Passed after 16s 716ms)&#xD;
  SCENARIO RESULT: Passed after 22s 611ms</StdOut>
      </Output>
    </UnitTestResult>
    <UnitTestResult executionId="90510236-8051-4e41-ba67-cd8654a212ba" testId="20393264-d295-28a1-fad7-20a2f04ab129" testName="Skillaz.Tests.Candidate.Appointments.SetAppointmentOnStatusChange_feature.Update_appointment_by_setting_other_time" computerName="DESKTOP-F6SKA47" duration="00:00:23.2248441" startTime="2021-12-16T16:20:04.7449760+03:00" endTime="2021-12-16T16:20:04.7449784+03:00" testType="13cdc9d9-ddb5-4fa4-a97d-d965ccfc6d4b" outcome="Passed" testListId="8c84fa94-04c1-424b-9868-57a2d4851a1d" relativeResultsDirectory="90510236-8051-4e41-ba67-cd8654a212ba">
      <Output>
        <StdOut>SCENARIO: Update appointment by setting other time&#xD;
  STEP 1/11: GIVEN a company...&#xD;
  STEP 1/11: GIVEN a company (Passed after 790ms)&#xD;
  STEP 2/11: AND the vacancy in the company...&#xD;
  STEP 2/11: AND the vacancy in the company (Passed after 988ms)&#xD;
  STEP 3/11: AND the authenticated user...&#xD;
  STEP 3/11: AND the authenticated user (Passed after 1s 219ms)&#xD;
  STEP 4/11: AND a funnel...&#xD;
  STEP 4/11: AND a funnel (Passed after 622ms)&#xD;
  STEP 5/11: AND client configuration with check workflow and model...&#xD;
  STEP 5/11: AND client configuration with check workflow and model (Passed after 3s 716ms)&#xD;
  STEP 6/11: AND a candidate on interview status...&#xD;
  STEP 6/11: AND a candidate on interview status (Passed after 452ms)&#xD;
  STEP 7/11: AND existing occupied time slot [candidateId: "61bb3cf47f10d6937478ad84"]...&#xD;
  STEP 7/11: AND existing occupied time slot [candidateId: "61bb3cf47f10d6937478ad84"] (Passed after 561ms)&#xD;
  STEP 8/11: AND existing candidate "Skillaz.Candidate.Contract.Documents.Candidate.CandidateDocument" appointment...&#xD;
  STEP 8/11: AND existing candidate "Skillaz.Candidate.Contract.Documents.Candidate.CandidateDocument" appointment (Passed after 2s 503ms)&#xD;
  STEP 9/11: WHEN appointment changed by setting other time...&#xD;
  STEP 9/11: WHEN appointment changed by setting other time (Passed after 9s 948ms)&#xD;
  STEP 10/11: THEN candidate on interview appointment updated with other time...&#xD;
  STEP 10/11: THEN candidate on interview appointment updated with other time (Passed after 307ms)&#xD;
  STEP 11/11: AND his old timeslot released...&#xD;
  STEP 11/11: AND his old timeslot released (Passed after 102ms)&#xD;
  SCENARIO RESULT: Passed after 21s 388ms</StdOut>
      </Output>
    </UnitTestResult>
    <UnitTestResult executionId="30f3726a-7320-4e60-bc2f-3fcd75ffa5b0" testId="019b787c-88b2-9680-3a7b-9251d2235f77" testName="Skillaz.Tests.CompanySpecific.X5.Naumen.NaumenSlaTests.Sla_calculates_correctly_for_next_day(candidateTimeZone: 12, sla: 02:00:00, startDate: 2019-12-31T18:30:00.0000000Z, truth: [NaumenTimeRange { From = &quot;2020-01-01 07:00:00&quot;, To = &quot;2020-01-01 09:00:00&quot; }])" computerName="DESKTOP-F6SKA47" duration="00:00:00.0000483" startTime="2021-12-16T16:16:29.3757710+03:00" endTime="2021-12-16T16:16:29.3757715+03:00" testType="13cdc9d9-ddb5-4fa4-a97d-d965ccfc6d4b" outcome="Passed" testListId="8c84fa94-04c1-424b-9868-57a2d4851a1d" relativeResultsDirectory="30f3726a-7320-4e60-bc2f-3fcd75ffa5b0" />
    <UnitTestResult executionId="fa0eba6c-145f-4e46-8aa1-a980ab7f4c9b" testId="019b787c-88b2-9680-3a7b-9251d2235f77" testName="Skillaz.Tests.CompanySpecific.X5.Naumen.NaumenSlaTests.Sla_calculates_correctly_for_next_day(candidateTimeZone: 3, sla: 02:00:00, startDate: 2019-12-31T22:30:00.0000000Z, truth: [NaumenTimeRange { From = &quot;2020-01-01 09:00:00&quot;, To = &quot;2020-01-01 11:00:00&quot; }])" computerName="DESKTOP-F6SKA47" duration="00:00:00.0000733" startTime="2021-12-16T16:16:29.0770937+03:00" endTime="2021-12-16T16:16:29.0770941+03:00" testType="13cdc9d9-ddb5-4fa4-a97d-d965ccfc6d4b" outcome="Passed" testListId="8c84fa94-04c1-424b-9868-57a2d4851a1d" relativeResultsDirectory="fa0eba6c-145f-4e46-8aa1-a980ab7f4c9b" />
    <UnitTestResult executionId="77baf21d-37ef-42b6-a60a-066de5cca1a6" testId="019b787c-88b2-9680-3a7b-9251d2235f77" testName="Skillaz.Tests.CompanySpecific.X5.Naumen.NaumenSlaTests.Sla_calculates_correctly_for_next_day(candidateTimeZone: 3, sla: 02:00:00, startDate: 2019-12-31T23:30:00.0000000Z, truth: [NaumenTimeRange { From = &quot;2020-01-01 09:00:00&quot;, To = &quot;2020-01-01 11:00:00&quot; }])" computerName="DESKTOP-F6SKA47" duration="00:00:00.0000759" startTime="2021-12-16T16:16:29.0772104+03:00" endTime="2021-12-16T16:16:29.0772109+03:00" testType="13cdc9d9-ddb5-4fa4-a97d-d965ccfc6d4b" outcome="Passed" testListId="8c84fa94-04c1-424b-9868-57a2d4851a1d" relativeResultsDirectory="77baf21d-37ef-42b6-a60a-066de5cca1a6" />
  </Results>
  <TestDefinitions>
    <UnitTest name="Skillaz.Tests.RabotaNur.RabotaNurHtmlConverterTests.TestMethod(html: &quot; \n \r\n   \n \r\n &quot;, expected: &quot;&quot;)" storage="c:\users\дмитрийбахтенков\skiz\skillaz-backend\src\skillaz.tests\bin\debug\net5.0\skillaz.tests.dll" id="cbb1edc2-faaa-f83a-b4d5-c43045c33440">
      <Execution id="d0f317d7-76d1-4cc8-90d7-8ce66ebe3afb" />
      <TestMethod codeBase="C:\Users\ДмитрийБахтенков\skiz\skillaz-backend\src\Skillaz.Tests\bin\Debug\net5.0\Skillaz.Tests.dll" adapterTypeName="executor://xunit/VsTestRunner2/netcoreapp" className="Skillaz.Tests.RabotaNur.RabotaNurHtmlConverterTests" name="TestMethod" />
    </UnitTest>
    <UnitTest name="Skillaz.Tests.Assessment.Questionnaires.TalentQQuestionnaire_feature.Creating_a_questionnaire" storage="c:\users\дмитрийбахтенков\skiz\skillaz-backend\src\skillaz.tests\bin\debug\net5.0\skillaz.tests.dll" id="349557d8-dae8-5a82-3802-480654e2642f">
      <Execution id="e81874b0-5fd2-40f6-8ad1-89a8ae96f6f4" />
      <TestMethod codeBase="C:\Users\ДмитрийБахтенков\skiz\skillaz-backend\src\Skillaz.Tests\bin\Debug\net5.0\Skillaz.Tests.dll" adapterTypeName="executor://xunit/VsTestRunner2/netcoreapp" className="Skillaz.Tests.Assessment.Questionnaires.TalentQQuestionnaire_feature" name="Creating_a_questionnaire" />
    </UnitTest>
    <UnitTest name="Skillaz.Tests.Configurator.Excel.TaskTrackerExcelFeature.TaskTrackerErrors" storage="c:\users\дмитрийбахтенков\skiz\skillaz-backend\src\skillaz.tests\bin\debug\net5.0\skillaz.tests.dll" id="71fd9beb-0bec-9dad-bab7-377002661eea">
      <Execution id="8051833f-1c87-4127-bb54-fc01ab0e1b55" />
      <TestMethod codeBase="C:\Users\ДмитрийБахтенков\skiz\skillaz-backend\src\Skillaz.Tests\bin\Debug\net5.0\Skillaz.Tests.dll" adapterTypeName="executor://xunit/VsTestRunner2/netcoreapp" className="Skillaz.Tests.Configurator.Excel.TaskTrackerExcelFeature" name="TaskTrackerErrors" />
    </UnitTest>
    <UnitTest name="Skillaz.Tests.HH.HHApiClient_feature.HH_API_client_fails_to_create_when_account_is_marked_as_deleted" storage="c:\users\дмитрийбахтенков\skiz\skillaz-backend\src\skillaz.tests\bin\debug\net5.0\skillaz.tests.dll" id="b4c4043b-3162-e090-f10d-9ed0d077ec46">
      <Execution id="7c7e1622-75e0-4e8b-a9ed-39cd1449186a" />
      <TestMethod codeBase="C:\Users\ДмитрийБахтенков\skiz\skillaz-backend\src\Skillaz.Tests\bin\Debug\net5.0\Skillaz.Tests.dll" adapterTypeName="executor://xunit/VsTestRunner2/netcoreapp" className="Skillaz.Tests.HH.HHApiClient_feature" name="HH_API_client_fails_to_create_when_account_is_marked_as_deleted" />
    </UnitTest>
    <UnitTest name="Skillaz.Tests.Configurator.DocumentModel.DocumentModelFieldBinderTest.DocumentModelBinderParseTest(expression: &quot;EmbeddedDocument.Name&quot;, expectedType: typeof(Skillaz.Framework.DocumentModel.Binders.DocumentModelFieldExpressionValueBinder&lt;Skillaz.Tests.Configurator.DocumentModel.DocumentModelTestDocument, string&gt;))" storage="c:\users\дмитрийбахтенков\skiz\skillaz-backend\src\skillaz.tests\bin\debug\net5.0\skillaz.tests.dll" id="cbd90f5a-09df-5637-d61a-994b31b89e81">
      <Execution id="2f0a6e93-355e-4279-a51f-cd3b4928d3af" />
      <TestMethod codeBase="C:\Users\ДмитрийБахтенков\skiz\skillaz-backend\src\Skillaz.Tests\bin\Debug\net5.0\Skillaz.Tests.dll" adapterTypeName="executor://xunit/VsTestRunner2/netcoreapp" className="Skillaz.Tests.Configurator.DocumentModel.DocumentModelFieldBinderTest" name="DocumentModelBinderParseTest" />
    </UnitTest>
    <UnitTest name="Skillaz.Tests.CompanySpecific.GazpromNeft.GazpromImportBlueReport_feature.Check_one_line_request_and_vacancy_fields_are_correctly" storage="c:\users\дмитрийбахтенков\skiz\skillaz-backend\src\skillaz.tests\bin\debug\net5.0\skillaz.tests.dll" id="df4795f1-fe1a-385f-114d-0fd74fd27125">
      <Execution id="83879720-ae33-47ff-863b-5afad509076f" />
      <TestMethod codeBase="C:\Users\ДмитрийБахтенков\skiz\skillaz-backend\src\Skillaz.Tests\bin\Debug\net5.0\Skillaz.Tests.dll" adapterTypeName="executor://xunit/VsTestRunner2/netcoreapp" className="Skillaz.Tests.CompanySpecific.GazpromNeft.GazpromImportBlueReport_feature" name="Check_one_line_request_and_vacancy_fields_are_correctly" />
    </UnitTest>
    <UnitTest name="Skillaz.Tests.OpenApi.CandidateProfileApi.FilterCandidateProfile_feature.Candidate_profile_filter_not_archived_by_default" storage="c:\users\дмитрийбахтенков\skiz\skillaz-backend\src\skillaz.tests\bin\debug\net5.0\skillaz.tests.dll" id="ed6c4e9b-1990-d8ab-0bfc-a6213341c867">
      <Execution id="2e3dd1d1-7910-473e-a96c-7452e0815984" />
      <TestMethod codeBase="C:\Users\ДмитрийБахтенков\skiz\skillaz-backend\src\Skillaz.Tests\bin\Debug\net5.0\Skillaz.Tests.dll" adapterTypeName="executor://xunit/VsTestRunner2/netcoreapp" className="Skillaz.Tests.OpenApi.CandidateProfileApi.FilterCandidateProfile_feature" name="Candidate_profile_filter_not_archived_by_default" />
    </UnitTest>
    <UnitTest name="Skillaz.Tests.AsyncEnumerable.AsyncEnumerableTests.Parallel_for_each_works_for_async_enumerable" storage="c:\users\дмитрийбахтенков\skiz\skillaz-backend\src\skillaz.tests\bin\debug\net5.0\skillaz.tests.dll" id="a37f2545-a5ee-b893-d8ca-4cf000e93b7f">
      <Execution id="214d1d88-8bd2-4f6e-b0df-3a7d586c254d" />
      <TestMethod codeBase="C:\Users\ДмитрийБахтенков\skiz\skillaz-backend\src\Skillaz.Tests\bin\Debug\net5.0\Skillaz.Tests.dll" adapterTypeName="executor://xunit/VsTestRunner2/netcoreapp" className="Skillaz.Tests.AsyncEnumerable.AsyncEnumerableTests" name="Parallel_for_each_works_for_async_enumerable" />
    </UnitTest>
    <UnitTest name="Skillaz.Tests.Assessment.Questionnaires.SimulationQuestionnaire_feature.Creating_a_questionnaire" storage="c:\users\дмитрийбахтенков\skiz\skillaz-backend\src\skillaz.tests\bin\debug\net5.0\skillaz.tests.dll" id="86b6cab8-69c1-86df-d2d0-5a7f16909c41">
      <Execution id="1c7963ec-f704-4d88-bd82-8f0442658e72" />
      <TestMethod codeBase="C:\Users\ДмитрийБахтенков\skiz\skillaz-backend\src\Skillaz.Tests\bin\Debug\net5.0\Skillaz.Tests.dll" adapterTypeName="executor://xunit/VsTestRunner2/netcoreapp" className="Skillaz.Tests.Assessment.Questionnaires.SimulationQuestionnaire_feature" name="Creating_a_questionnaire" />
    </UnitTest>
    <UnitTest name="Skillaz.Tests.Candidate.Checks.FilterChecksBasedOnIsNeedToShow_feature.Get_candidate_info_for_old_interface_by_admin_user" storage="c:\users\дмитрийбахтенков\skiz\skillaz-backend\src\skillaz.tests\bin\debug\net5.0\skillaz.tests.dll" id="404c478c-2df4-a57c-47e3-cb6e0e5a13a8">
      <Execution id="bd8b3cc9-cd9a-439c-8e72-0e293d7f2716" />
      <TestMethod codeBase="C:\Users\ДмитрийБахтенков\skiz\skillaz-backend\src\Skillaz.Tests\bin\Debug\net5.0\Skillaz.Tests.dll" adapterTypeName="executor://xunit/VsTestRunner2/netcoreapp" className="Skillaz.Tests.Candidate.Checks.FilterChecksBasedOnIsNeedToShow_feature" name="Get_candidate_info_for_old_interface_by_admin_user" />
    </UnitTest>
    <UnitTest name="Skillaz.Tests.Configurator.DocumentModel.CreateHireRequests.СозданиеЗаявок" storage="c:\users\дмитрийбахтенков\skiz\skillaz-backend\src\skillaz.tests\bin\debug\net5.0\skillaz.tests.dll" id="ab9cfe16-659a-adfe-f3c9-a975bf86f43e">
      <Execution id="b61373c4-14ff-4d61-b3d6-247b6dd1aac2" />
      <TestMethod codeBase="C:\Users\ДмитрийБахтенков\skiz\skillaz-backend\src\Skillaz.Tests\bin\Debug\net5.0\Skillaz.Tests.dll" adapterTypeName="executor://xunit/VsTestRunner2/netcoreapp" className="Skillaz.Tests.Configurator.DocumentModel.CreateHireRequests" name="СозданиеЗаявок" />
    </UnitTest>
    <UnitTest name="Skillaz.Tests.AsyncEnumerable.AsyncEnumerableTests.Batching_works_for_async_enumerable_when_batches_are_equally_sized(genSize: 15, batchSize: 15)" storage="c:\users\дмитрийбахтенков\skiz\skillaz-backend\src\skillaz.tests\bin\debug\net5.0\skillaz.tests.dll" id="8020b6c9-06dd-e573-da49-69277ef054f9">
      <Execution id="296618a4-57b9-4dbf-b84c-c38feac3effd" />
      <TestMethod codeBase="C:\Users\ДмитрийБахтенков\skiz\skillaz-backend\src\Skillaz.Tests\bin\Debug\net5.0\Skillaz.Tests.dll" adapterTypeName="executor://xunit/VsTestRunner2/netcoreapp" className="Skillaz.Tests.AsyncEnumerable.AsyncEnumerableTests" name="Batching_works_for_async_enumerable_when_batches_are_equally_sized" />
    </UnitTest>
    <UnitTest name="Skillaz.Tests.ProcessingRole.ProcessingRoleCandidateSwitchStatus_feature.Switching_status_ProcessingRole_update" storage="c:\users\дмитрийбахтенков\skiz\skillaz-backend\src\skillaz.tests\bin\debug\net5.0\skillaz.tests.dll" id="2b40bd1b-6335-61b3-a3ec-ba83358de4fa">
      <Execution id="85dbf64e-b66a-4200-a741-b36422a5b86a" />
      <TestMethod codeBase="C:\Users\ДмитрийБахтенков\skiz\skillaz-backend\src\Skillaz.Tests\bin\Debug\net5.0\Skillaz.Tests.dll" adapterTypeName="executor://xunit/VsTestRunner2/netcoreapp" className="Skillaz.Tests.ProcessingRole.ProcessingRoleCandidateSwitchStatus_feature" name="Switching_status_ProcessingRole_update" />
    </UnitTest>
    <UnitTest name="Skillaz.Tests.Configurator.SecurityProfile.ConfiguratorSecurityProfileCandidate_feature.Candidate_is_available_by_vacancy_AND_request_rule" storage="c:\users\дмитрийбахтенков\skiz\skillaz-backend\src\skillaz.tests\bin\debug\net5.0\skillaz.tests.dll" id="653f8ab8-44c4-677b-d828-006ba78a3d70">
      <Execution id="6b746495-30d7-4263-9bf1-88e2433b1323" />
      <TestMethod codeBase="C:\Users\ДмитрийБахтенков\skiz\skillaz-backend\src\Skillaz.Tests\bin\Debug\net5.0\Skillaz.Tests.dll" adapterTypeName="executor://xunit/VsTestRunner2/netcoreapp" className="Skillaz.Tests.Configurator.SecurityProfile.ConfiguratorSecurityProfileCandidate_feature" name="Candidate_is_available_by_vacancy_AND_request_rule" />
    </UnitTest>
    <UnitTest name="Skillaz.Tests.TaskTracker.TaskAction_feature.Ensure_that_candidate_not_switched_no_delay_by_additional_source" storage="c:\users\дмитрийбахтенков\skiz\skillaz-backend\src\skillaz.tests\bin\debug\net5.0\skillaz.tests.dll" id="63f59dcd-34b0-4fd2-afc9-975a87cbfec4">
      <Execution id="a56f9eaa-1d26-4e36-b551-302d876d0aa8" />
      <TestMethod codeBase="C:\Users\ДмитрийБахтенков\skiz\skillaz-backend\src\Skillaz.Tests\bin\Debug\net5.0\Skillaz.Tests.dll" adapterTypeName="executor://xunit/VsTestRunner2/netcoreapp" className="Skillaz.Tests.TaskTracker.TaskAction_feature" name="Ensure_that_candidate_not_switched_no_delay_by_additional_source" />
    </UnitTest>
    <UnitTest name="Skillaz.Tests.WebHooks.WebHooks_feature.AsynchronousWebHookTestCreatedWithUnsuccessfulCallback" storage="c:\users\дмитрийбахтенков\skiz\skillaz-backend\src\skillaz.tests\bin\debug\net5.0\skillaz.tests.dll" id="71414aab-127a-a791-b6e6-528a7bc1f3b8">
      <Execution id="a09503a7-67b7-4b65-9f42-5356c622d35f" />
      <TestMethod codeBase="C:\Users\ДмитрийБахтенков\skiz\skillaz-backend\src\Skillaz.Tests\bin\Debug\net5.0\Skillaz.Tests.dll" adapterTypeName="executor://xunit/VsTestRunner2/netcoreapp" className="Skillaz.Tests.WebHooks.WebHooks_feature" name="AsynchronousWebHookTestCreatedWithUnsuccessfulCallback" />
    </UnitTest>
    <UnitTest name="Skillaz.Tests.Publication.VacancyPublicationRule_feature.Automatic_vacancy_publication_rules_processing_works" storage="c:\users\дмитрийбахтенков\skiz\skillaz-backend\src\skillaz.tests\bin\debug\net5.0\skillaz.tests.dll" id="b6fe95b8-ae01-5219-1376-8e5edb8b1086">
      <Execution id="4de10383-b512-485c-9246-6f17cbe7c6c8" />
      <TestMethod codeBase="C:\Users\ДмитрийБахтенков\skiz\skillaz-backend\src\Skillaz.Tests\bin\Debug\net5.0\Skillaz.Tests.dll" adapterTypeName="executor://xunit/VsTestRunner2/netcoreapp" className="Skillaz.Tests.Publication.VacancyPublicationRule_feature" name="Automatic_vacancy_publication_rules_processing_works" />
    </UnitTest>
    <UnitTest name="Skillaz.Tests.Publication.VacancyPublicationRule_feature.Vacancy_publication_rule_stops_when_non_active" storage="c:\users\дмитрийбахтенков\skiz\skillaz-backend\src\skillaz.tests\bin\debug\net5.0\skillaz.tests.dll" id="6a668e6c-24bc-ee8e-4fe5-03c6c56050b8">
      <Execution id="e4f826c5-209d-4478-87d3-f2178e3ebf36" />
      <TestMethod codeBase="C:\Users\ДмитрийБахтенков\skiz\skillaz-backend\src\Skillaz.Tests\bin\Debug\net5.0\Skillaz.Tests.dll" adapterTypeName="executor://xunit/VsTestRunner2/netcoreapp" className="Skillaz.Tests.Publication.VacancyPublicationRule_feature" name="Vacancy_publication_rule_stops_when_non_active" />
    </UnitTest>
    <UnitTest name="Skillaz.Tests.DocumentModels.DocumentModel_AutoFillInnerField.При_обновлении_поля_во_вложенной_модели_вложенная_модель_инициализируется" storage="c:\users\дмитрийбахтенков\skiz\skillaz-backend\src\skillaz.tests\bin\debug\net5.0\skillaz.tests.dll" id="2505d59d-98f2-1da3-de59-3985234df62f">
      <Execution id="fd9d2352-b605-4cb8-9dcf-2907b50dbe82" />
      <TestMethod codeBase="C:\Users\ДмитрийБахтенков\skiz\skillaz-backend\src\Skillaz.Tests\bin\Debug\net5.0\Skillaz.Tests.dll" adapterTypeName="executor://xunit/VsTestRunner2/netcoreapp" className="Skillaz.Tests.DocumentModels.DocumentModel_AutoFillInnerField" name="При_обновлении_поля_во_вложенной_модели_вложенная_модель_инициализируется" />
    </UnitTest>
    <UnitTest name="Skillaz.Tests.Candidate.AddOrUpdateCandidatesExternalLinkCommand_feature.Replace_existing_link_of_candidate" storage="c:\users\дмитрийбахтенков\skiz\skillaz-backend\src\skillaz.tests\bin\debug\net5.0\skillaz.tests.dll" id="93371de6-d167-0e41-cb76-8b3b0291633d">
      <Execution id="13b66966-52f8-4067-954b-fda404bbe608" />
      <TestMethod codeBase="C:\Users\ДмитрийБахтенков\skiz\skillaz-backend\src\Skillaz.Tests\bin\Debug\net5.0\Skillaz.Tests.dll" adapterTypeName="executor://xunit/VsTestRunner2/netcoreapp" className="Skillaz.Tests.Candidate.AddOrUpdateCandidatesExternalLinkCommand_feature" name="Replace_existing_link_of_candidate" />
    </UnitTest>
    <UnitTest name="Skillaz.Tests.Candidate.CandidateCard_feature.Current_appointment_must_be_null_for_status_without_appointment" storage="c:\users\дмитрийбахтенков\skiz\skillaz-backend\src\skillaz.tests\bin\debug\net5.0\skillaz.tests.dll" id="77fb0d3f-3517-6179-5d29-607af3a3e374">
      <Execution id="c91cab42-cf54-4792-9752-469145691362" />
      <TestMethod codeBase="C:\Users\ДмитрийБахтенков\skiz\skillaz-backend\src\Skillaz.Tests\bin\Debug\net5.0\Skillaz.Tests.dll" adapterTypeName="executor://xunit/VsTestRunner2/netcoreapp" className="Skillaz.Tests.Candidate.CandidateCard_feature" name="Current_appointment_must_be_null_for_status_without_appointment" />
    </UnitTest>
    <UnitTest name="Skillaz.Tests.Helpers.WorkingDaysHelperFeature.FindProductionDates(dateStrings: [&quot;2020-04-01&quot;, &quot;2020-04-02&quot;, &quot;2020-04-15&quot;, &quot;2020-04-16&quot;, &quot;2020-04-01&quot;, ...])" storage="c:\users\дмитрийбахтенков\skiz\skillaz-backend\src\skillaz.tests\bin\debug\net5.0\skillaz.tests.dll" id="f7e2c3f5-b106-4925-6a51-22456fb8e34f">
      <Execution id="520335f6-3120-411d-b48e-befb43ca82eb" />
      <TestMethod codeBase="C:\Users\ДмитрийБахтенков\skiz\skillaz-backend\src\Skillaz.Tests\bin\Debug\net5.0\Skillaz.Tests.dll" adapterTypeName="executor://xunit/VsTestRunner2/netcoreapp" className="Skillaz.Tests.Helpers.WorkingDaysHelperFeature" name="FindProductionDates" />
    </UnitTest>
    <UnitTest name="Skillaz.Tests.Candidate.Checks.FilterChecksBasedOnIsNeedToShow_feature.Get_candidate_info_for_new_interface_by_admin_user" storage="c:\users\дмитрийбахтенков\skiz\skillaz-backend\src\skillaz.tests\bin\debug\net5.0\skillaz.tests.dll" id="f93031f9-8e60-def6-2c13-53e044b49cfa">
      <Execution id="3d7cb635-45a8-4431-ab16-b331d99a7613" />
      <TestMethod codeBase="C:\Users\ДмитрийБахтенков\skiz\skillaz-backend\src\Skillaz.Tests\bin\Debug\net5.0\Skillaz.Tests.dll" adapterTypeName="executor://xunit/VsTestRunner2/netcoreapp" className="Skillaz.Tests.Candidate.Checks.FilterChecksBasedOnIsNeedToShow_feature" name="Get_candidate_info_for_new_interface_by_admin_user" />
    </UnitTest>
    <UnitTest name="Skillaz.Tests.SupportChats.SupportChats_feature.Read_client_message" storage="c:\users\дмитрийбахтенков\skiz\skillaz-backend\src\skillaz.tests\bin\debug\net5.0\skillaz.tests.dll" id="f59f11e8-33d0-c57a-e494-0d101cacc205">
      <Execution id="c4f75aae-d376-4136-951f-74fb93177f51" />
      <TestMethod codeBase="C:\Users\ДмитрийБахтенков\skiz\skillaz-backend\src\Skillaz.Tests\bin\Debug\net5.0\Skillaz.Tests.dll" adapterTypeName="executor://xunit/VsTestRunner2/netcoreapp" className="Skillaz.Tests.SupportChats.SupportChats_feature" name="Read_client_message" />
    </UnitTest>
    <UnitTest name="Skillaz.Tests.WebHooks.WebHooks_feature.SynchronousWebHookTestCreatedRequestSendingFailed" storage="c:\users\дмитрийбахтенков\skiz\skillaz-backend\src\skillaz.tests\bin\debug\net5.0\skillaz.tests.dll" id="16d02ffb-eb5e-e625-2a9a-10f500b96958">
      <Execution id="eb3d0c0f-b9f0-4e95-8c2e-cba1f9ffb635" />
      <TestMethod codeBase="C:\Users\ДмитрийБахтенков\skiz\skillaz-backend\src\Skillaz.Tests\bin\Debug\net5.0\Skillaz.Tests.dll" adapterTypeName="executor://xunit/VsTestRunner2/netcoreapp" className="Skillaz.Tests.WebHooks.WebHooks_feature" name="SynchronousWebHookTestCreatedRequestSendingFailed" />
    </UnitTest>
    <UnitTest name="Skillaz.Tests.SupportChats.SupportChats_feature.Close_client_chat" storage="c:\users\дмитрийбахтенков\skiz\skillaz-backend\src\skillaz.tests\bin\debug\net5.0\skillaz.tests.dll" id="e667324b-7718-2977-74ff-2f460e28efbf">
      <Execution id="937920f0-7dc3-4e08-ae0d-7ad536a03950" />
      <TestMethod codeBase="C:\Users\ДмитрийБахтенков\skiz\skillaz-backend\src\Skillaz.Tests\bin\Debug\net5.0\Skillaz.Tests.dll" adapterTypeName="executor://xunit/VsTestRunner2/netcoreapp" className="Skillaz.Tests.SupportChats.SupportChats_feature" name="Close_client_chat" />
    </UnitTest>
    <UnitTest name="Skillaz.Tests.DocumentModels.DocumentModel_feature.Change_field_in_object_list_item_triggers_update" storage="c:\users\дмитрийбахтенков\skiz\skillaz-backend\src\skillaz.tests\bin\debug\net5.0\skillaz.tests.dll" id="fc0c87e7-98ef-d0c4-fddc-5a8475cfcbc1">
      <Execution id="80a0a5be-424d-4833-b5e9-c4ce4cbfd80d" />
      <TestMethod codeBase="C:\Users\ДмитрийБахтенков\skiz\skillaz-backend\src\Skillaz.Tests\bin\Debug\net5.0\Skillaz.Tests.dll" adapterTypeName="executor://xunit/VsTestRunner2/netcoreapp" className="Skillaz.Tests.DocumentModels.DocumentModel_feature" name="Change_field_in_object_list_item_triggers_update" />
    </UnitTest>
    <UnitTest name="Skillaz.Tests.Candidate.RoleRestrictionChangingCandidateStatus_feature.User_is_admin_and_can_change_status" storage="c:\users\дмитрийбахтенков\skiz\skillaz-backend\src\skillaz.tests\bin\debug\net5.0\skillaz.tests.dll" id="40b10183-501a-339a-6868-18857312ac99">
      <Execution id="48904bac-0bb5-4f37-91f8-9c36af639075" />
      <TestMethod codeBase="C:\Users\ДмитрийБахтенков\skiz\skillaz-backend\src\Skillaz.Tests\bin\Debug\net5.0\Skillaz.Tests.dll" adapterTypeName="executor://xunit/VsTestRunner2/netcoreapp" className="Skillaz.Tests.Candidate.RoleRestrictionChangingCandidateStatus_feature" name="User_is_admin_and_can_change_status" />
    </UnitTest>
    <UnitTest name="Skillaz.Tests.BlackList.BlackList_feature.Candidates_imported_in_black_list_with_duplicate_rows" storage="c:\users\дмитрийбахтенков\skiz\skillaz-backend\src\skillaz.tests\bin\debug\net5.0\skillaz.tests.dll" id="408f1365-84eb-9c32-df8f-aa4b145342e7">
      <Execution id="092b9206-6721-4f7b-8cb2-70b71053daca" />
      <TestMethod codeBase="C:\Users\ДмитрийБахтенков\skiz\skillaz-backend\src\Skillaz.Tests\bin\Debug\net5.0\Skillaz.Tests.dll" adapterTypeName="executor://xunit/VsTestRunner2/netcoreapp" className="Skillaz.Tests.BlackList.BlackList_feature" name="Candidates_imported_in_black_list_with_duplicate_rows" />
    </UnitTest>
    <UnitTest name="Skillaz.Tests.TaskTracker.TaskDelayAction_feature.Create_task_delay_action" storage="c:\users\дмитрийбахтенков\skiz\skillaz-backend\src\skillaz.tests\bin\debug\net5.0\skillaz.tests.dll" id="414be606-28e1-62a6-af22-18bdbec558f3">
      <Execution id="10c805cc-451b-48bf-b4c6-b296dfac57b2" />
      <TestMethod codeBase="C:\Users\ДмитрийБахтенков\skiz\skillaz-backend\src\Skillaz.Tests\bin\Debug\net5.0\Skillaz.Tests.dll" adapterTypeName="executor://xunit/VsTestRunner2/netcoreapp" className="Skillaz.Tests.TaskTracker.TaskDelayAction_feature" name="Create_task_delay_action" />
    </UnitTest>
    <UnitTest name="Skillaz.Tests.Candidate.Elastic.CandidateElasticFiltration_feature.Retrieving_a_candidate_by_nonexistent_id" storage="c:\users\дмитрийбахтенков\skiz\skillaz-backend\src\skillaz.tests\bin\debug\net5.0\skillaz.tests.dll" id="08d63d15-d027-0d90-4dac-94fd198fd066">
      <Execution id="249d9f85-eec0-426b-b345-e756b5575148" />
      <TestMethod codeBase="C:\Users\ДмитрийБахтенков\skiz\skillaz-backend\src\Skillaz.Tests\bin\Debug\net5.0\Skillaz.Tests.dll" adapterTypeName="executor://xunit/VsTestRunner2/netcoreapp" className="Skillaz.Tests.Candidate.Elastic.CandidateElasticFiltration_feature" name="Retrieving_a_candidate_by_nonexistent_id" />
    </UnitTest>
    <UnitTest name="Skillaz.Tests.HH.HHNegotiations_feature.Create_single_candidate_from_step_by_step_negotiation" storage="c:\users\дмитрийбахтенков\skiz\skillaz-backend\src\skillaz.tests\bin\debug\net5.0\skillaz.tests.dll" id="df98f8df-f173-cbff-4b7c-11349bc8ad5e">
      <Execution id="04e2fa78-07e2-472c-86e2-9723acb1b445" />
      <TestMethod codeBase="C:\Users\ДмитрийБахтенков\skiz\skillaz-backend\src\Skillaz.Tests\bin\Debug\net5.0\Skillaz.Tests.dll" adapterTypeName="executor://xunit/VsTestRunner2/netcoreapp" className="Skillaz.Tests.HH.HHNegotiations_feature" name="Create_single_candidate_from_step_by_step_negotiation" />
    </UnitTest>
    <UnitTest name="Skillaz.Tests.CompanySpecific.GazpromNeft.GazpromUploadReferences_feature.Create_correctly_position_reference" storage="c:\users\дмитрийбахтенков\skiz\skillaz-backend\src\skillaz.tests\bin\debug\net5.0\skillaz.tests.dll" id="55477d44-8cdf-0b89-a189-3417de1d8ea3">
      <Execution id="3b775f90-7266-4cef-9f87-ff36697b98f4" />
      <TestMethod codeBase="C:\Users\ДмитрийБахтенков\skiz\skillaz-backend\src\Skillaz.Tests\bin\Debug\net5.0\Skillaz.Tests.dll" adapterTypeName="executor://xunit/VsTestRunner2/netcoreapp" className="Skillaz.Tests.CompanySpecific.GazpromNeft.GazpromUploadReferences_feature" name="Create_correctly_position_reference" />
    </UnitTest>
    <UnitTest name="Skillaz.Tests.CompanySpecific.Perekrestok.PerekrestokBlockUnblockCandidates_feature.Last_check_refused_and_more_than_7_days_in_not_passed_state" storage="c:\users\дмитрийбахтенков\skiz\skillaz-backend\src\skillaz.tests\bin\debug\net5.0\skillaz.tests.dll" id="ba62c21e-c11e-d2a3-6b7d-e6f22a397943">
      <Execution id="654e9809-06be-4996-bcd1-1ca0f677c40e" />
      <TestMethod codeBase="C:\Users\ДмитрийБахтенков\skiz\skillaz-backend\src\Skillaz.Tests\bin\Debug\net5.0\Skillaz.Tests.dll" adapterTypeName="executor://xunit/VsTestRunner2/netcoreapp" className="Skillaz.Tests.CompanySpecific.Perekrestok.PerekrestokBlockUnblockCandidates_feature" name="Last_check_refused_and_more_than_7_days_in_not_passed_state" />
    </UnitTest>
    <UnitTest name="Skillaz.Tests.Helpers.WorkingDaysHelperFeature.FindProductionDates(dateStrings: [&quot;2020-12-01&quot;, &quot;2020-12-02&quot;, &quot;2020-12-15&quot;, &quot;2020-12-16&quot;, &quot;2020-12-01&quot;, ...])" storage="c:\users\дмитрийбахтенков\skiz\skillaz-backend\src\skillaz.tests\bin\debug\net5.0\skillaz.tests.dll" id="30923a25-f5a1-16d2-d730-dc08e1d81f74">
      <Execution id="225ae176-c057-4a19-be8e-705471ad44c4" />
      <TestMethod codeBase="C:\Users\ДмитрийБахтенков\skiz\skillaz-backend\src\Skillaz.Tests\bin\Debug\net5.0\Skillaz.Tests.dll" adapterTypeName="executor://xunit/VsTestRunner2/netcoreapp" className="Skillaz.Tests.Helpers.WorkingDaysHelperFeature" name="FindProductionDates" />
    </UnitTest>
    <UnitTest name="Skillaz.Tests.Notifications.Workflow.WorkflowNotificationParameters_feature.Attempt_send_email_notification_with_workflow_comment_for_request_workflow" storage="c:\users\дмитрийбахтенков\skiz\skillaz-backend\src\skillaz.tests\bin\debug\net5.0\skillaz.tests.dll" id="9158c725-aedd-39ef-b70b-d378d0f8002b">
      <Execution id="1885e36f-2821-4061-9fc5-6469627b8a56" />
      <TestMethod codeBase="C:\Users\ДмитрийБахтенков\skiz\skillaz-backend\src\Skillaz.Tests\bin\Debug\net5.0\Skillaz.Tests.dll" adapterTypeName="executor://xunit/VsTestRunner2/netcoreapp" className="Skillaz.Tests.Notifications.Workflow.WorkflowNotificationParameters_feature" name="Attempt_send_email_notification_with_workflow_comment_for_request_workflow" />
    </UnitTest>
    <UnitTest name="Skillaz.Tests.Candidate.Elastic.CandidateElasticFiltration_feature.Retrieving_a_candidate_by_sf_sources" storage="c:\users\дмитрийбахтенков\skiz\skillaz-backend\src\skillaz.tests\bin\debug\net5.0\skillaz.tests.dll" id="04d22293-eb9c-adf7-9cea-ed1147f4504f">
      <Execution id="aa95bce6-c7f7-4a1c-9fa2-0a755251fe0d" />
      <TestMethod codeBase="C:\Users\ДмитрийБахтенков\skiz\skillaz-backend\src\Skillaz.Tests\bin\Debug\net5.0\Skillaz.Tests.dll" adapterTypeName="executor://xunit/VsTestRunner2/netcoreapp" className="Skillaz.Tests.Candidate.Elastic.CandidateElasticFiltration_feature" name="Retrieving_a_candidate_by_sf_sources" />
    </UnitTest>
    <UnitTest name="Расширение файла совпадает с его содержимым(fileName: &quot;Image.jpg&quot;)" storage="c:\users\дмитрийбахтенков\skiz\skillaz-backend\src\skillaz.tests\bin\debug\net5.0\skillaz.tests.dll" id="a9f58f15-6d84-c5e6-3b9e-72800fdab0ab">
      <Execution id="7672dae4-1d51-4a9d-8c42-c9ffd6bf28e5" />
      <TestMethod codeBase="C:\Users\ДмитрийБахтенков\skiz\skillaz-backend\src\Skillaz.Tests\bin\Debug\net5.0\Skillaz.Tests.dll" adapterTypeName="executor://xunit/VsTestRunner2/netcoreapp" className="Skillaz.Testing.Run.System.Security.FileContentCheckerTests" name="FileExtensionShouldMatchContent" />
    </UnitTest>
    <UnitTest name="Skillaz.Tests.Publication.VacancyPublicationRule_feature.Vacancy_publication_rule_publish_second_time_when_linked_one_is_archived" storage="c:\users\дмитрийбахтенков\skiz\skillaz-backend\src\skillaz.tests\bin\debug\net5.0\skillaz.tests.dll" id="c8dec1fe-e953-550b-8aa8-ed29a48df41e">
      <Execution id="d874d6a3-7460-4efe-b76f-4a7c24ecae57" />
      <TestMethod codeBase="C:\Users\ДмитрийБахтенков\skiz\skillaz-backend\src\Skillaz.Tests\bin\Debug\net5.0\Skillaz.Tests.dll" adapterTypeName="executor://xunit/VsTestRunner2/netcoreapp" className="Skillaz.Tests.Publication.VacancyPublicationRule_feature" name="Vacancy_publication_rule_publish_second_time_when_linked_one_is_archived" />
    </UnitTest>
    <UnitTest name="Skillaz.Tests.CompanySpecific.Uralchem.UralchemSSOAuth_feature.Когда_у_пользователя_должна_поменяться_роль" storage="c:\users\дмитрийбахтенков\skiz\skillaz-backend\src\skillaz.tests\bin\debug\net5.0\skillaz.tests.dll" id="28f7cbaa-e895-3d51-95fe-2441dd512d9a">
      <Execution id="f9ebed9a-3c39-4fa5-970f-3c6af4ba28ef" />
      <TestMethod codeBase="C:\Users\ДмитрийБахтенков\skiz\skillaz-backend\src\Skillaz.Tests\bin\Debug\net5.0\Skillaz.Tests.dll" adapterTypeName="executor://xunit/VsTestRunner2/netcoreapp" className="Skillaz.Tests.CompanySpecific.Uralchem.UralchemSSOAuth_feature" name="Когда_у_пользователя_должна_поменяться_роль" />
    </UnitTest>
    <UnitTest name="Расширение файла совпадает с его содержимым(fileName: &quot;Workbook.xlsx&quot;)" storage="c:\users\дмитрийбахтенков\skiz\skillaz-backend\src\skillaz.tests\bin\debug\net5.0\skillaz.tests.dll" id="66145b77-c6fd-c840-2d65-2bc4fa4b291b">
      <Execution id="3d62e14f-0a2e-4139-92df-4c3368f5e64f" />
      <TestMethod codeBase="C:\Users\ДмитрийБахтенков\skiz\skillaz-backend\src\Skillaz.Tests\bin\Debug\net5.0\Skillaz.Tests.dll" adapterTypeName="executor://xunit/VsTestRunner2/netcoreapp" className="Skillaz.Testing.Run.System.Security.FileContentCheckerTests" name="FileExtensionShouldMatchContent" />
    </UnitTest>
    <UnitTest name="Skillaz.Tests.Candidate.Candidate_appointment_feature.Appointments_should_not_be_deleted" storage="c:\users\дмитрийбахтенков\skiz\skillaz-backend\src\skillaz.tests\bin\debug\net5.0\skillaz.tests.dll" id="9ab2133a-47a5-e811-ebec-4358421f27bb">
      <Execution id="1e0755c9-7bee-4af0-afe2-dffa43e5e57c" />
      <TestMethod codeBase="C:\Users\ДмитрийБахтенков\skiz\skillaz-backend\src\Skillaz.Tests\bin\Debug\net5.0\Skillaz.Tests.dll" adapterTypeName="executor://xunit/VsTestRunner2/netcoreapp" className="Skillaz.Tests.Candidate.Candidate_appointment_feature" name="Appointments_should_not_be_deleted" />
    </UnitTest>
    <UnitTest name="Skillaz.Tests.CompanySpecific.GazpromNeft.GazpromUploadReferences_feature.Create_correctly_cluster_reference" storage="c:\users\дмитрийбахтенков\skiz\skillaz-backend\src\skillaz.tests\bin\debug\net5.0\skillaz.tests.dll" id="c2db3518-31bb-e4c7-0515-52a987f184f6">
      <Execution id="84466fb6-7e6b-4c46-a7bc-6fa557864235" />
      <TestMethod codeBase="C:\Users\ДмитрийБахтенков\skiz\skillaz-backend\src\Skillaz.Tests\bin\Debug\net5.0\Skillaz.Tests.dll" adapterTypeName="executor://xunit/VsTestRunner2/netcoreapp" className="Skillaz.Tests.CompanySpecific.GazpromNeft.GazpromUploadReferences_feature" name="Create_correctly_cluster_reference" />
    </UnitTest>
    <UnitTest name="Skillaz.Tests.Digest.DigestService_feature.Digest_archiving" storage="c:\users\дмитрийбахтенков\skiz\skillaz-backend\src\skillaz.tests\bin\debug\net5.0\skillaz.tests.dll" id="998d89fa-2199-6563-a82a-c906cc202aee">
      <Execution id="0e2646fa-7a05-4530-8e77-ee6d1d55abde" />
      <TestMethod codeBase="C:\Users\ДмитрийБахтенков\skiz\skillaz-backend\src\Skillaz.Tests\bin\Debug\net5.0\Skillaz.Tests.dll" adapterTypeName="executor://xunit/VsTestRunner2/netcoreapp" className="Skillaz.Tests.Digest.DigestService_feature" name="Digest_archiving" />
    </UnitTest>
    <UnitTest name="Skillaz.Tests.CompanySpecific.Perekrestok.PerekrestokRequestPriority_feature.Calculation_request_priority(supermarketType: &quot;Критичный супермаркет&quot;, requestVl: 0, employmentCandidateCount: 0, employmentFinishedCandidateCount: 0, interviewCandidateCount: 0, requestPriority: Critical)" storage="c:\users\дмитрийбахтенков\skiz\skillaz-backend\src\skillaz.tests\bin\debug\net5.0\skillaz.tests.dll" id="0b840d98-380a-90d4-d354-7d0747c94985">
      <Execution id="f9ae8d81-29b1-4577-ad6d-b142e101143a" />
      <TestMethod codeBase="C:\Users\ДмитрийБахтенков\skiz\skillaz-backend\src\Skillaz.Tests\bin\Debug\net5.0\Skillaz.Tests.dll" adapterTypeName="executor://xunit/VsTestRunner2/netcoreapp" className="Skillaz.Tests.CompanySpecific.Perekrestok.PerekrestokRequestPriority_feature" name="Calculation_request_priority" />
    </UnitTest>
    <UnitTest name="Расширение файла не должно поддерживается системой(fileName: &quot;Workbook.xls&quot;)" storage="c:\users\дмитрийбахтенков\skiz\skillaz-backend\src\skillaz.tests\bin\debug\net5.0\skillaz.tests.dll" id="90b19d04-447c-abf4-5496-02cf3df6a21b">
      <Execution id="7ad27e34-5c26-4333-a012-afd4b93b1c79" />
      <TestMethod codeBase="C:\Users\ДмитрийБахтенков\skiz\skillaz-backend\src\Skillaz.Tests\bin\Debug\net5.0\Skillaz.Tests.dll" adapterTypeName="executor://xunit/VsTestRunner2/netcoreapp" className="Skillaz.Testing.Run.System.Security.FileContentCheckerTests" name="FileExtensionShouldNotSupported" />
    </UnitTest>
    <UnitTest name="Skillaz.Tests.Mongo.MongoFilterTests.Mongo_filter_converter_works(originalFilter: &quot;{ Emails: { $in: [ \&quot;johndoe@example.com\&quot; ] }, Va&quot;..., filterPattern: &quot;{ \&quot;Emails\&quot; : { \&quot;$in\&quot; : [1] }, \&quot;VacancyId\&quot; : &quot;...)" storage="c:\users\дмитрийбахтенков\skiz\skillaz-backend\src\skillaz.tests\bin\debug\net5.0\skillaz.tests.dll" id="1a16c436-b7d6-627a-bd90-e22a598e2b46">
      <Execution id="1fff9663-e824-44f3-ab40-b10692bbd0b7" />
      <TestMethod codeBase="C:\Users\ДмитрийБахтенков\skiz\skillaz-backend\src\Skillaz.Tests\bin\Debug\net5.0\Skillaz.Tests.dll" adapterTypeName="executor://xunit/VsTestRunner2/netcoreapp" className="Skillaz.Tests.Mongo.MongoFilterTests" name="Mongo_filter_converter_works" />
    </UnitTest>
    <UnitTest name="Skillaz.Tests.OpenApi.CreateNewCandidate_feature.Check_candidate_created" storage="c:\users\дмитрийбахтенков\skiz\skillaz-backend\src\skillaz.tests\bin\debug\net5.0\skillaz.tests.dll" id="0d41da23-c85c-48d7-1687-1d87f3812f91">
      <Execution id="dbe553dd-cc48-47f3-bae3-08b10fbd6a61" />
      <TestMethod codeBase="C:\Users\ДмитрийБахтенков\skiz\skillaz-backend\src\Skillaz.Tests\bin\Debug\net5.0\Skillaz.Tests.dll" adapterTypeName="executor://xunit/VsTestRunner2/netcoreapp" className="Skillaz.Tests.OpenApi.CreateNewCandidate_feature" name="Check_candidate_created" />
    </UnitTest>
    <UnitTest name="Skillaz.Tests.SupportChats.SupportChats_feature.Read_agent_message" storage="c:\users\дмитрийбахтенков\skiz\skillaz-backend\src\skillaz.tests\bin\debug\net5.0\skillaz.tests.dll" id="3ae4221d-9f8e-3a48-a4a3-5c175ff2ffce">
      <Execution id="a5a9683a-600d-400c-95ba-3a4d966e0112" />
      <TestMethod codeBase="C:\Users\ДмитрийБахтенков\skiz\skillaz-backend\src\Skillaz.Tests\bin\Debug\net5.0\Skillaz.Tests.dll" adapterTypeName="executor://xunit/VsTestRunner2/netcoreapp" className="Skillaz.Tests.SupportChats.SupportChats_feature" name="Read_agent_message" />
    </UnitTest>
    <UnitTest name="Skillaz.Tests.CompanySpecific.Decathlon.DecathlonCheckMiddleNameAndCitizenshipIsFilledTrigger_feature.Citizenship_is_null_or_empty(citizenship: null)" storage="c:\users\дмитрийбахтенков\skiz\skillaz-backend\src\skillaz.tests\bin\debug\net5.0\skillaz.tests.dll" id="dfc37d76-89b1-ac60-3e30-d1ee8b6159c7">
      <Execution id="f32b0adf-4888-43d1-9e82-9da4d7701128" />
      <TestMethod codeBase="C:\Users\ДмитрийБахтенков\skiz\skillaz-backend\src\Skillaz.Tests\bin\Debug\net5.0\Skillaz.Tests.dll" adapterTypeName="executor://xunit/VsTestRunner2/netcoreapp" className="Skillaz.Tests.CompanySpecific.Decathlon.DecathlonCheckMiddleNameAndCitizenshipIsFilledTrigger_feature" name="Citizenship_is_null_or_empty" />
    </UnitTest>
    <UnitTest name="Skillaz.Tests.Integrations.MicroFrontends.MicroFrontends_feature.MicroFrontendAuthentication" storage="c:\users\дмитрийбахтенков\skiz\skillaz-backend\src\skillaz.tests\bin\debug\net5.0\skillaz.tests.dll" id="f88e4641-2a26-2a26-f908-114a43405de6">
      <Execution id="17ab804d-580d-424f-a640-a25d81bf6fbc" />
      <TestMethod codeBase="C:\Users\ДмитрийБахтенков\skiz\skillaz-backend\src\Skillaz.Tests\bin\Debug\net5.0\Skillaz.Tests.dll" adapterTypeName="executor://xunit/VsTestRunner2/netcoreapp" className="Skillaz.Tests.Integrations.MicroFrontends.MicroFrontends_feature" name="MicroFrontendAuthentication" />
    </UnitTest>
    <UnitTest name="Skillaz.Tests.Mongo.Enums.EnumAttributeTest_feature.StringEnumFallback" storage="c:\users\дмитрийбахтенков\skiz\skillaz-backend\src\skillaz.tests\bin\debug\net5.0\skillaz.tests.dll" id="00b50133-988d-2868-dbd0-2d7d31da3549">
      <Execution id="2f6ea839-bda8-4bc8-a8e4-7e2ab5cb4ce1" />
      <TestMethod codeBase="C:\Users\ДмитрийБахтенков\skiz\skillaz-backend\src\Skillaz.Tests\bin\Debug\net5.0\Skillaz.Tests.dll" adapterTypeName="executor://xunit/VsTestRunner2/netcoreapp" className="Skillaz.Tests.Mongo.Enums.EnumAttributeTest_feature" name="StringEnumFallback" />
    </UnitTest>
    <UnitTest name="Skillaz.Tests.AutoComplete.RequestAutoCompleteControllerGetRequests_feature.AutoComplete_with_states_and_state_types(states: null, stateTypes: [&quot;unknownStateType&quot;])" storage="c:\users\дмитрийбахтенков\skiz\skillaz-backend\src\skillaz.tests\bin\debug\net5.0\skillaz.tests.dll" id="4c073b5e-840d-5b74-c781-f406e76a5747">
      <Execution id="378e0411-ba7c-4990-9a33-e8731eed6d87" />
      <TestMethod codeBase="C:\Users\ДмитрийБахтенков\skiz\skillaz-backend\src\Skillaz.Tests\bin\Debug\net5.0\Skillaz.Tests.dll" adapterTypeName="executor://xunit/VsTestRunner2/netcoreapp" className="Skillaz.Tests.AutoComplete.RequestAutoCompleteControllerGetRequests_feature" name="AutoComplete_with_states_and_state_types" />
    </UnitTest>
    <UnitTest name="Skillaz.Tests.Candidate.Elastic.CandidateElasticFiltration_feature.Retrieving_a_candidate_by_existing_org_unit_ids" storage="c:\users\дмитрийбахтенков\skiz\skillaz-backend\src\skillaz.tests\bin\debug\net5.0\skillaz.tests.dll" id="ca277579-f921-ca59-fc28-7975ae70837e">
      <Execution id="27fa0bd0-3e73-4f5d-bd45-119106c7d5a1" />
      <TestMethod codeBase="C:\Users\ДмитрийБахтенков\skiz\skillaz-backend\src\Skillaz.Tests\bin\Debug\net5.0\Skillaz.Tests.dll" adapterTypeName="executor://xunit/VsTestRunner2/netcoreapp" className="Skillaz.Tests.Candidate.Elastic.CandidateElasticFiltration_feature" name="Retrieving_a_candidate_by_existing_org_unit_ids" />
    </UnitTest>
    <UnitTest name="Skillaz.Tests.Candidate.AddOrUpdateCandidatesExternalLinkCommand_feature.Add_new_link_to_candidate" storage="c:\users\дмитрийбахтенков\skiz\skillaz-backend\src\skillaz.tests\bin\debug\net5.0\skillaz.tests.dll" id="54d597f5-352a-2575-99c6-4a4fe8237efb">
      <Execution id="b3678200-8a9e-44cd-ba41-33745a75b70b" />
      <TestMethod codeBase="C:\Users\ДмитрийБахтенков\skiz\skillaz-backend\src\Skillaz.Tests\bin\Debug\net5.0\Skillaz.Tests.dll" adapterTypeName="executor://xunit/VsTestRunner2/netcoreapp" className="Skillaz.Tests.Candidate.AddOrUpdateCandidatesExternalLinkCommand_feature" name="Add_new_link_to_candidate" />
    </UnitTest>
    <UnitTest name="Skillaz.Tests.Authorization.AuthLoginWorkflowService_CheckPrivacyPolicyOnLogin_feature.Do_login_user_without_accepted_policy_in_company_with_EnabledRequiredPolicyOfUsers_and_user_policy_not_accept" storage="c:\users\дмитрийбахтенков\skiz\skillaz-backend\src\skillaz.tests\bin\debug\net5.0\skillaz.tests.dll" id="f6b225cd-e6f2-9c6d-0df2-b0f2a6dffe76">
      <Execution id="9276bdfe-3c3a-428b-a769-3c99a2535dc6" />
      <TestMethod codeBase="C:\Users\ДмитрийБахтенков\skiz\skillaz-backend\src\Skillaz.Tests\bin\Debug\net5.0\Skillaz.Tests.dll" adapterTypeName="executor://xunit/VsTestRunner2/netcoreapp" className="Skillaz.Tests.Authorization.AuthLoginWorkflowService_CheckPrivacyPolicyOnLogin_feature" name="Do_login_user_without_accepted_policy_in_company_with_EnabledRequiredPolicyOfUsers_and_user_policy_not_accept" />
    </UnitTest>
    <UnitTest name="Skillaz.Tests.Configurator.Deduplication.DeduplicationAction_feature.Check_what_multi_actions_of_deduplication_completed" storage="c:\users\дмитрийбахтенков\skiz\skillaz-backend\src\skillaz.tests\bin\debug\net5.0\skillaz.tests.dll" id="7b9e9e63-e1ac-1073-da19-cc8c9ef90688">
      <Execution id="8a86a0be-c5c4-4511-bf08-3e234d3ae659" />
      <TestMethod codeBase="C:\Users\ДмитрийБахтенков\skiz\skillaz-backend\src\Skillaz.Tests\bin\Debug\net5.0\Skillaz.Tests.dll" adapterTypeName="executor://xunit/VsTestRunner2/netcoreapp" className="Skillaz.Tests.Configurator.Deduplication.DeduplicationAction_feature" name="Check_what_multi_actions_of_deduplication_completed" />
    </UnitTest>
    <UnitTest name="Skillaz.Tests.HH.HHApiClient_feature.HH_API_client_fails_to_create_when_password_is_invalidated_during_refresh" storage="c:\users\дмитрийбахтенков\skiz\skillaz-backend\src\skillaz.tests\bin\debug\net5.0\skillaz.tests.dll" id="befe8594-cd87-902f-e31e-342e7af14f28">
      <Execution id="8b1349ca-a411-46df-b03e-f3f656f5310e" />
      <TestMethod codeBase="C:\Users\ДмитрийБахтенков\skiz\skillaz-backend\src\Skillaz.Tests\bin\Debug\net5.0\Skillaz.Tests.dll" adapterTypeName="executor://xunit/VsTestRunner2/netcoreapp" className="Skillaz.Tests.HH.HHApiClient_feature" name="HH_API_client_fails_to_create_when_password_is_invalidated_during_refresh" />
    </UnitTest>
    <UnitTest name="Skillaz.Tests.DocumentModels.DocumentModel_AvailableValues_feature.Set_value_that_is_not_in_availableValues" storage="c:\users\дмитрийбахтенков\skiz\skillaz-backend\src\skillaz.tests\bin\debug\net5.0\skillaz.tests.dll" id="2a5e6d8b-bdd2-2876-273c-757bcec171b9">
      <Execution id="4c209dbd-f013-4f83-9152-db3ac11a5ace" />
      <TestMethod codeBase="C:\Users\ДмитрийБахтенков\skiz\skillaz-backend\src\Skillaz.Tests\bin\Debug\net5.0\Skillaz.Tests.dll" adapterTypeName="executor://xunit/VsTestRunner2/netcoreapp" className="Skillaz.Tests.DocumentModels.DocumentModel_AvailableValues_feature" name="Set_value_that_is_not_in_availableValues" />
    </UnitTest>
    <UnitTest name="Skillaz.Tests.Assessment.Interviews.AddressInterview_feature.Setting_a_answer_of_interview" storage="c:\users\дмитрийбахтенков\skiz\skillaz-backend\src\skillaz.tests\bin\debug\net5.0\skillaz.tests.dll" id="c5dc9cc5-710d-75f2-e53e-26f70b8a1131">
      <Execution id="3d2f46e8-f0d3-4116-923d-c4786757faa3" />
      <TestMethod codeBase="C:\Users\ДмитрийБахтенков\skiz\skillaz-backend\src\Skillaz.Tests\bin\Debug\net5.0\Skillaz.Tests.dll" adapterTypeName="executor://xunit/VsTestRunner2/netcoreapp" className="Skillaz.Tests.Assessment.Interviews.AddressInterview_feature" name="Setting_a_answer_of_interview" />
    </UnitTest>
    <UnitTest name="Skillaz.Tests.Candidate.Checks.AutoStartChecks_feature.AutoStart_single_check" storage="c:\users\дмитрийбахтенков\skiz\skillaz-backend\src\skillaz.tests\bin\debug\net5.0\skillaz.tests.dll" id="6b45849f-6dfb-e997-a7c0-81e65af14576">
      <Execution id="86ee6399-a61b-4f41-9046-1fae2567b1c9" />
      <TestMethod codeBase="C:\Users\ДмитрийБахтенков\skiz\skillaz-backend\src\Skillaz.Tests\bin\Debug\net5.0\Skillaz.Tests.dll" adapterTypeName="executor://xunit/VsTestRunner2/netcoreapp" className="Skillaz.Tests.Candidate.Checks.AutoStartChecks_feature" name="AutoStart_single_check" />
    </UnitTest>
    <UnitTest name="Skillaz.Tests.Validators.ListSizeFieldValidator_feature.Should_show_overriden_list_empty_error_message_when_validate" storage="c:\users\дмитрийбахтенков\skiz\skillaz-backend\src\skillaz.tests\bin\debug\net5.0\skillaz.tests.dll" id="e63757c9-ed8c-76a8-aa0d-1329697e8bd1">
      <Execution id="1a8da263-e17f-4186-82d6-44c62a1d3f37" />
      <TestMethod codeBase="C:\Users\ДмитрийБахтенков\skiz\skillaz-backend\src\Skillaz.Tests\bin\Debug\net5.0\Skillaz.Tests.dll" adapterTypeName="executor://xunit/VsTestRunner2/netcoreapp" className="Skillaz.Tests.Validators.ListSizeFieldValidator_feature" name="Should_show_overriden_list_empty_error_message_when_validate" />
    </UnitTest>
    <UnitTest name="Skillaz.Tests.OpenApi.OrgStructureApi.OrgEntityStateChange_feature.Org_unit_activating" storage="c:\users\дмитрийбахтенков\skiz\skillaz-backend\src\skillaz.tests\bin\debug\net5.0\skillaz.tests.dll" id="20e23933-61e6-2378-f778-e7a21b5e12fd">
      <Execution id="e9c99a37-4d72-4051-8fec-1bc6e13dd281" />
      <TestMethod codeBase="C:\Users\ДмитрийБахтенков\skiz\skillaz-backend\src\Skillaz.Tests\bin\Debug\net5.0\Skillaz.Tests.dll" adapterTypeName="executor://xunit/VsTestRunner2/netcoreapp" className="Skillaz.Tests.OpenApi.OrgStructureApi.OrgEntityStateChange_feature" name="Org_unit_activating" />
    </UnitTest>
    <UnitTest name="Skillaz.Tests.Integrations.Nanosemantics.CandidateChangeStatusByChatBot_feature.ChatBot_switches_candidate_to_reject" storage="c:\users\дмитрийбахтенков\skiz\skillaz-backend\src\skillaz.tests\bin\debug\net5.0\skillaz.tests.dll" id="9537baed-23f5-c2a3-6c3c-17538608574f">
      <Execution id="22dd85d5-a120-4a85-9eb7-6f8479b7cb89" />
      <TestMethod codeBase="C:\Users\ДмитрийБахтенков\skiz\skillaz-backend\src\Skillaz.Tests\bin\Debug\net5.0\Skillaz.Tests.dll" adapterTypeName="executor://xunit/VsTestRunner2/netcoreapp" className="Skillaz.Tests.Integrations.Nanosemantics.CandidateChangeStatusByChatBot_feature" name="ChatBot_switches_candidate_to_reject" />
    </UnitTest>
    <UnitTest name="Skillaz.Tests.FileTypeGuesser.FileTypeCheckerTests.Check_filename_with_wrong_extension_fail_check" storage="c:\users\дмитрийбахтенков\skiz\skillaz-backend\src\skillaz.tests\bin\debug\net5.0\skillaz.tests.dll" id="7cbc4c88-3824-7be2-f9e6-89ecb5e57bb6">
      <Execution id="e4251af0-35f7-40bc-aa1e-c88a8b563ab1" />
      <TestMethod codeBase="C:\Users\ДмитрийБахтенков\skiz\skillaz-backend\src\Skillaz.Tests\bin\Debug\net5.0\Skillaz.Tests.dll" adapterTypeName="executor://xunit/VsTestRunner2/netcoreapp" className="Skillaz.Tests.FileTypeGuesser.FileTypeCheckerTests" name="Check_filename_with_wrong_extension_fail_check" />
    </UnitTest>
    <UnitTest name="Skillaz.Tests.Avito.Publications.AvitoPublishVacancyCommand_feature.ErrorProcessingAvitoApiClient_checking_exceptionMessage_with_statuscode_403_and_billingType_package" storage="c:\users\дмитрийбахтенков\skiz\skillaz-backend\src\skillaz.tests\bin\debug\net5.0\skillaz.tests.dll" id="0ea91eea-8357-b0a3-a2f7-8346afcfd49e">
      <Execution id="10f629cf-6b1b-4d6d-9b08-fd930ce1677f" />
      <TestMethod codeBase="C:\Users\ДмитрийБахтенков\skiz\skillaz-backend\src\Skillaz.Tests\bin\Debug\net5.0\Skillaz.Tests.dll" adapterTypeName="executor://xunit/VsTestRunner2/netcoreapp" className="Skillaz.Tests.Avito.Publications.AvitoPublishVacancyCommand_feature" name="ErrorProcessingAvitoApiClient_checking_exceptionMessage_with_statuscode_403_and_billingType_package" />
    </UnitTest>
    <UnitTest name="Skillaz.Tests.CompanySpecific.Magnit.MagnitCandidateKPIRatingCreateTrigger_feature.KPI_candidate_rating_is_not_created(withKPI: False)" storage="c:\users\дмитрийбахтенков\skiz\skillaz-backend\src\skillaz.tests\bin\debug\net5.0\skillaz.tests.dll" id="d9fb353b-bfab-96e6-e2d6-8f5c4eae2661">
      <Execution id="e6060c3c-9eb2-404c-8ca2-1f3c8fda353b" />
      <TestMethod codeBase="C:\Users\ДмитрийБахтенков\skiz\skillaz-backend\src\Skillaz.Tests\bin\Debug\net5.0\Skillaz.Tests.dll" adapterTypeName="executor://xunit/VsTestRunner2/netcoreapp" className="Skillaz.Tests.CompanySpecific.Magnit.MagnitCandidateKPIRatingCreateTrigger_feature" name="KPI_candidate_rating_is_not_created" />
    </UnitTest>
    <UnitTest name="Skillaz.Tests.Configurator.DocumentModel.TextGenderDataType_feature.Check_field_gender_text" storage="c:\users\дмитрийбахтенков\skiz\skillaz-backend\src\skillaz.tests\bin\debug\net5.0\skillaz.tests.dll" id="abd96ff8-0ea3-4b03-750a-ae0acb213e96">
      <Execution id="3499d48a-6c78-4fbd-a488-9b2857944334" />
      <TestMethod codeBase="C:\Users\ДмитрийБахтенков\skiz\skillaz-backend\src\Skillaz.Tests\bin\Debug\net5.0\Skillaz.Tests.dll" adapterTypeName="executor://xunit/VsTestRunner2/netcoreapp" className="Skillaz.Tests.Configurator.DocumentModel.TextGenderDataType_feature" name="Check_field_gender_text" />
    </UnitTest>
    <UnitTest name="Skillaz.Tests.Authorization.AuthLoginWorkflowService_Login_feature.Do_incorrect_login_by_username_expects_attempts_increment" storage="c:\users\дмитрийбахтенков\skiz\skillaz-backend\src\skillaz.tests\bin\debug\net5.0\skillaz.tests.dll" id="d8ec42ce-2910-ffca-a546-583aaf3782a1">
      <Execution id="4b39b780-160c-4994-b35b-6a1701074aa1" />
      <TestMethod codeBase="C:\Users\ДмитрийБахтенков\skiz\skillaz-backend\src\Skillaz.Tests\bin\Debug\net5.0\Skillaz.Tests.dll" adapterTypeName="executor://xunit/VsTestRunner2/netcoreapp" className="Skillaz.Tests.Authorization.AuthLoginWorkflowService_Login_feature" name="Do_incorrect_login_by_username_expects_attempts_increment" />
    </UnitTest>
    <UnitTest name="Расширение файла совпадает с его содержимым(fileName: &quot;Doc.doc&quot;)" storage="c:\users\дмитрийбахтенков\skiz\skillaz-backend\src\skillaz.tests\bin\debug\net5.0\skillaz.tests.dll" id="998a9e03-83b0-a0fd-7a96-3fae3b87e4b0">
      <Execution id="948d3a04-5528-4c5a-8b50-810ca8a7ca87" />
      <TestMethod codeBase="C:\Users\ДмитрийБахтенков\skiz\skillaz-backend\src\Skillaz.Tests\bin\Debug\net5.0\Skillaz.Tests.dll" adapterTypeName="executor://xunit/VsTestRunner2/netcoreapp" className="Skillaz.Testing.Run.System.Security.FileContentCheckerTests" name="FileExtensionShouldMatchContent" />
    </UnitTest>
    <UnitTest name="Skillaz.Tests.JobRequisition.JobRequisitionMassChangeStatus_feature.Change_hire_request_mass_change_status_works_exception" storage="c:\users\дмитрийбахтенков\skiz\skillaz-backend\src\skillaz.tests\bin\debug\net5.0\skillaz.tests.dll" id="79477143-224d-6cdd-336e-a69598ba5622">
      <Execution id="0d1d19e1-1b97-43e9-b0ee-f3260a6edb0d" />
      <TestMethod codeBase="C:\Users\ДмитрийБахтенков\skiz\skillaz-backend\src\Skillaz.Tests\bin\Debug\net5.0\Skillaz.Tests.dll" adapterTypeName="executor://xunit/VsTestRunner2/netcoreapp" className="Skillaz.Tests.JobRequisition.JobRequisitionMassChangeStatus_feature" name="Change_hire_request_mass_change_status_works_exception" />
    </UnitTest>
    <UnitTest name="Skillaz.Tests.RabotaNur.RabotaNurHtmlConverterTests.TestMethod(html: &quot;&quot;, expected: &quot;&quot;)" storage="c:\users\дмитрийбахтенков\skiz\skillaz-backend\src\skillaz.tests\bin\debug\net5.0\skillaz.tests.dll" id="6e4e82fd-45cd-d33c-d05a-8072ce4ee102">
      <Execution id="ea50a059-2544-4132-bf01-119196071330" />
      <TestMethod codeBase="C:\Users\ДмитрийБахтенков\skiz\skillaz-backend\src\Skillaz.Tests\bin\Debug\net5.0\Skillaz.Tests.dll" adapterTypeName="executor://xunit/VsTestRunner2/netcoreapp" className="Skillaz.Tests.RabotaNur.RabotaNurHtmlConverterTests" name="TestMethod" />
    </UnitTest>
    <UnitTest name="Skillaz.Tests.Candidate.Elastic.CandidateElasticFiltration_feature.Retrieving_a_candidate_by_existing_id" storage="c:\users\дмитрийбахтенков\skiz\skillaz-backend\src\skillaz.tests\bin\debug\net5.0\skillaz.tests.dll" id="533a0ec4-22d2-1cc4-96b7-270397774991">
      <Execution id="22c54e35-8428-4d0d-98a8-b7b804e75c28" />
      <TestMethod codeBase="C:\Users\ДмитрийБахтенков\skiz\skillaz-backend\src\Skillaz.Tests\bin\Debug\net5.0\Skillaz.Tests.dll" adapterTypeName="executor://xunit/VsTestRunner2/netcoreapp" className="Skillaz.Tests.Candidate.Elastic.CandidateElasticFiltration_feature" name="Retrieving_a_candidate_by_existing_id" />
    </UnitTest>
    <UnitTest name="Skillaz.Tests.Candidate.Elastic.CandidateElasticFiltration_feature.Retrieving_no_candidates_that_are_created_after_specific_date" storage="c:\users\дмитрийбахтенков\skiz\skillaz-backend\src\skillaz.tests\bin\debug\net5.0\skillaz.tests.dll" id="5a4fefac-e460-e998-6bb2-3e3bfb203358">
      <Execution id="2078ded9-f17c-44b9-b5c1-3535ebff9bb9" />
      <TestMethod codeBase="C:\Users\ДмитрийБахтенков\skiz\skillaz-backend\src\Skillaz.Tests\bin\Debug\net5.0\Skillaz.Tests.dll" adapterTypeName="executor://xunit/VsTestRunner2/netcoreapp" className="Skillaz.Tests.Candidate.Elastic.CandidateElasticFiltration_feature" name="Retrieving_no_candidates_that_are_created_after_specific_date" />
    </UnitTest>
    <UnitTest name="Skillaz.Tests.CompanySpecific.GazpromNeft.GazpromImportBlueReport_feature.Old_vacancy_not_archiving_where_position_count_equals_zero" storage="c:\users\дмитрийбахтенков\skiz\skillaz-backend\src\skillaz.tests\bin\debug\net5.0\skillaz.tests.dll" id="b8bf9acb-74c6-08bd-93e4-37e20e018719">
      <Execution id="fbe6913f-8f41-47d7-89bb-2216e590226a" />
      <TestMethod codeBase="C:\Users\ДмитрийБахтенков\skiz\skillaz-backend\src\Skillaz.Tests\bin\Debug\net5.0\Skillaz.Tests.dll" adapterTypeName="executor://xunit/VsTestRunner2/netcoreapp" className="Skillaz.Tests.CompanySpecific.GazpromNeft.GazpromImportBlueReport_feature" name="Old_vacancy_not_archiving_where_position_count_equals_zero" />
    </UnitTest>
    <UnitTest name="Skillaz.Tests.FileTypeGuesser.FileTypeCheckerTests.Check_filename_with_correct_extension_succeed_check" storage="c:\users\дмитрийбахтенков\skiz\skillaz-backend\src\skillaz.tests\bin\debug\net5.0\skillaz.tests.dll" id="c7cb9809-3dc9-a1a3-b2eb-87dc7fb8ddb6">
      <Execution id="28cfdce9-1e80-4976-9bfd-30ccb0f3b58e" />
      <TestMethod codeBase="C:\Users\ДмитрийБахтенков\skiz\skillaz-backend\src\Skillaz.Tests\bin\Debug\net5.0\Skillaz.Tests.dll" adapterTypeName="executor://xunit/VsTestRunner2/netcoreapp" className="Skillaz.Tests.FileTypeGuesser.FileTypeCheckerTests" name="Check_filename_with_correct_extension_succeed_check" />
    </UnitTest>
    <UnitTest name="Skillaz.Tests.OrgUnit.OrgUnitExternalIdTests.Test_request_update_with_already_existed_doc_by_externalId" storage="c:\users\дмитрийбахтенков\skiz\skillaz-backend\src\skillaz.tests\bin\debug\net5.0\skillaz.tests.dll" id="f87b3fc3-7f55-f9a4-0788-b4f1e6a940e3">
      <Execution id="f4230f37-3ce3-4d07-a0ab-8687d77717f4" />
      <TestMethod codeBase="C:\Users\ДмитрийБахтенков\skiz\skillaz-backend\src\Skillaz.Tests\bin\Debug\net5.0\Skillaz.Tests.dll" adapterTypeName="executor://xunit/VsTestRunner2/netcoreapp" className="Skillaz.Tests.OrgUnit.OrgUnitExternalIdTests" name="Test_request_update_with_already_existed_doc_by_externalId" />
    </UnitTest>
    <UnitTest name="Skillaz.Tests.Notifications.Workflow.WorkflowNotificationParameters_feature.Attempt_send_email_notification_with_workflow_comment_for_check_workflow" storage="c:\users\дмитрийбахтенков\skiz\skillaz-backend\src\skillaz.tests\bin\debug\net5.0\skillaz.tests.dll" id="3a21bfd0-7da7-ac09-8bdf-1f498bc48810">
      <Execution id="6385c137-77f0-422e-b36d-39c58b52b29b" />
      <TestMethod codeBase="C:\Users\ДмитрийБахтенков\skiz\skillaz-backend\src\Skillaz.Tests\bin\Debug\net5.0\Skillaz.Tests.dll" adapterTypeName="executor://xunit/VsTestRunner2/netcoreapp" className="Skillaz.Tests.Notifications.Workflow.WorkflowNotificationParameters_feature" name="Attempt_send_email_notification_with_workflow_comment_for_check_workflow" />
    </UnitTest>
    <UnitTest name="Skillaz.Tests.HH.HHApiClient_feature.HH_API_client_fails_to_create_without_company_employer_access" storage="c:\users\дмитрийбахтенков\skiz\skillaz-backend\src\skillaz.tests\bin\debug\net5.0\skillaz.tests.dll" id="2a3f5311-a4b1-fa05-37cd-a3685ec8782e">
      <Execution id="48e30a1f-f730-45c2-ad13-a097046acb47" />
      <TestMethod codeBase="C:\Users\ДмитрийБахтенков\skiz\skillaz-backend\src\Skillaz.Tests\bin\Debug\net5.0\Skillaz.Tests.dll" adapterTypeName="executor://xunit/VsTestRunner2/netcoreapp" className="Skillaz.Tests.HH.HHApiClient_feature" name="HH_API_client_fails_to_create_without_company_employer_access" />
    </UnitTest>
    <UnitTest name="Для 1 и 2 числа перенос на 16 этого месяца, для 15 и 16 перенос на 2 следующего месяца(dateStrings: [&quot;2020-11-15&quot;, &quot;2020-11-16&quot;, &quot;2020-12-02&quot;])" storage="c:\users\дмитрийбахтенков\skiz\skillaz-backend\src\skillaz.tests\bin\debug\net5.0\skillaz.tests.dll" id="f328548d-24d0-21b0-cb01-345fd0f3c47b">
      <Execution id="5291e2f5-5be0-4db9-a1e9-cd4c14c1b394" />
      <TestMethod codeBase="C:\Users\ДмитрийБахтенков\skiz\skillaz-backend\src\Skillaz.Tests\bin\Debug\net5.0\Skillaz.Tests.dll" adapterTypeName="executor://xunit/VsTestRunner2/netcoreapp" className="Skillaz.Tests.CompanySpecific.Sberbank.SberbankHhLeadgenCreationStrategyFeature" name="FindProductionDateForEndDate" />
    </UnitTest>
    <UnitTest name="Skillaz.Tests.Telephony.CallList_RatingFilter_feature.CandidateFilterRating" storage="c:\users\дмитрийбахтенков\skiz\skillaz-backend\src\skillaz.tests\bin\debug\net5.0\skillaz.tests.dll" id="f9480bd5-eb53-2699-690e-43188550429a">
      <Execution id="9fdfcde5-4af6-4e0b-8150-06e84e108f81" />
      <TestMethod codeBase="C:\Users\ДмитрийБахтенков\skiz\skillaz-backend\src\Skillaz.Tests\bin\Debug\net5.0\Skillaz.Tests.dll" adapterTypeName="executor://xunit/VsTestRunner2/netcoreapp" className="Skillaz.Tests.Telephony.CallList_RatingFilter_feature" name="CandidateFilterRating" />
    </UnitTest>
    <UnitTest name="Skillaz.Tests.Candidate.Elastic.CandidateElasticFiltration_feature.Retrieving_a_candidate_by_nonexistent_job_requisition_id" storage="c:\users\дмитрийбахтенков\skiz\skillaz-backend\src\skillaz.tests\bin\debug\net5.0\skillaz.tests.dll" id="798872f5-8313-d8f3-e91f-fe0744fa6eb3">
      <Execution id="ff5b549b-6eaf-40d6-a03d-03e9ebabe259" />
      <TestMethod codeBase="C:\Users\ДмитрийБахтенков\skiz\skillaz-backend\src\Skillaz.Tests\bin\Debug\net5.0\Skillaz.Tests.dll" adapterTypeName="executor://xunit/VsTestRunner2/netcoreapp" className="Skillaz.Tests.Candidate.Elastic.CandidateElasticFiltration_feature" name="Retrieving_a_candidate_by_nonexistent_job_requisition_id" />
    </UnitTest>
    <UnitTest name="Skillaz.Tests.Candidate.CandidateProcessMemberNotifications_feature.Notification_request_should_be_sent_to_sms" storage="c:\users\дмитрийбахтенков\skiz\skillaz-backend\src\skillaz.tests\bin\debug\net5.0\skillaz.tests.dll" id="e3b3fbd6-2e0c-99db-5a79-6937e5c60c37">
      <Execution id="b8575246-696a-455f-baf4-0533a49e9fae" />
      <TestMethod codeBase="C:\Users\ДмитрийБахтенков\skiz\skillaz-backend\src\Skillaz.Tests\bin\Debug\net5.0\Skillaz.Tests.dll" adapterTypeName="executor://xunit/VsTestRunner2/netcoreapp" className="Skillaz.Tests.Candidate.CandidateProcessMemberNotifications_feature" name="Notification_request_should_be_sent_to_sms" />
    </UnitTest>
    <UnitTest name="Skillaz.Tests.Validators.RequiredFieldValidator_feature.Should_be_valid_if_document_valid_when_validate" storage="c:\users\дмитрийбахтенков\skiz\skillaz-backend\src\skillaz.tests\bin\debug\net5.0\skillaz.tests.dll" id="06091564-81b7-0c8c-f3d1-0709ecfdc87a">
      <Execution id="7db87d19-2dac-4efc-a87f-3cd5e14c09ff" />
      <TestMethod codeBase="C:\Users\ДмитрийБахтенков\skiz\skillaz-backend\src\Skillaz.Tests\bin\Debug\net5.0\Skillaz.Tests.dll" adapterTypeName="executor://xunit/VsTestRunner2/netcoreapp" className="Skillaz.Tests.Validators.RequiredFieldValidator_feature" name="Should_be_valid_if_document_valid_when_validate" />
    </UnitTest>
    <UnitTest name="Skillaz.Tests.Users.RoleCandidateFilterService_feature.RoleCandidateFilterServiceNoFilter" storage="c:\users\дмитрийбахтенков\skiz\skillaz-backend\src\skillaz.tests\bin\debug\net5.0\skillaz.tests.dll" id="8a006332-b34d-0455-d677-10222a8fc9a4">
      <Execution id="fb2fd0af-6393-4ff9-93c1-888326f7dabb" />
      <TestMethod codeBase="C:\Users\ДмитрийБахтенков\skiz\skillaz-backend\src\Skillaz.Tests\bin\Debug\net5.0\Skillaz.Tests.dll" adapterTypeName="executor://xunit/VsTestRunner2/netcoreapp" className="Skillaz.Tests.Users.RoleCandidateFilterService_feature" name="RoleCandidateFilterServiceNoFilter" />
    </UnitTest>
    <UnitTest name="Skillaz.Tests.Notifications.SendSimpleWhatsAppMessage_feature.SendMessageByVariableVacancyName(phoneNumber: null)" storage="c:\users\дмитрийбахтенков\skiz\skillaz-backend\src\skillaz.tests\bin\debug\net5.0\skillaz.tests.dll" id="b0a4b42d-1108-8a14-fccf-142249765b5e">
      <Execution id="50686f19-813e-4e3b-ac40-a07f4f893303" />
      <TestMethod codeBase="C:\Users\ДмитрийБахтенков\skiz\skillaz-backend\src\Skillaz.Tests\bin\Debug\net5.0\Skillaz.Tests.dll" adapterTypeName="executor://xunit/VsTestRunner2/netcoreapp" className="Skillaz.Tests.Notifications.SendSimpleWhatsAppMessage_feature" name="SendMessageByVariableVacancyName" />
    </UnitTest>
    <UnitTest name="Skillaz.Tests.OpenApi.CreateNewCandidate_feature.Check_candidate_with_cv_created" storage="c:\users\дмитрийбахтенков\skiz\skillaz-backend\src\skillaz.tests\bin\debug\net5.0\skillaz.tests.dll" id="9eb95731-bed3-b7c0-00b0-7a33a6ac945c">
      <Execution id="104d8a31-9adb-49bc-9382-5a1fc66830d1" />
      <TestMethod codeBase="C:\Users\ДмитрийБахтенков\skiz\skillaz-backend\src\Skillaz.Tests\bin\Debug\net5.0\Skillaz.Tests.dll" adapterTypeName="executor://xunit/VsTestRunner2/netcoreapp" className="Skillaz.Tests.OpenApi.CreateNewCandidate_feature" name="Check_candidate_with_cv_created" />
    </UnitTest>
    <UnitTest name="Skillaz.Tests.Assessment.Interviews.InterviewStepSwitcherFeature.When_funnels_checks_is_not_empty_get_candidate_check_types_returns_only_valid_checks" storage="c:\users\дмитрийбахтенков\skiz\skillaz-backend\src\skillaz.tests\bin\debug\net5.0\skillaz.tests.dll" id="5fc99430-ba55-7ee5-89d5-783cbf9fd6dd">
      <Execution id="368e8d12-5556-4c00-b9c2-510bac760b91" />
      <TestMethod codeBase="C:\Users\ДмитрийБахтенков\skiz\skillaz-backend\src\Skillaz.Tests\bin\Debug\net5.0\Skillaz.Tests.dll" adapterTypeName="executor://xunit/VsTestRunner2/netcoreapp" className="Skillaz.Tests.Assessment.Interviews.InterviewStepSwitcherFeature" name="When_funnels_checks_is_not_empty_get_candidate_check_types_returns_only_valid_checks" />
    </UnitTest>
    <UnitTest name="Skillaz.Tests.CompanySpecific.Perekrestok.PerekrestokRequestPriority_feature.Calculation_request_priority(supermarketType: &quot;Действующий супермаркет&quot;, requestVl: 100, employmentCandidateCount: 10, employmentFinishedCandidateCount: 0, interviewCandidateCount: 0, requestPriority: Low)" storage="c:\users\дмитрийбахтенков\skiz\skillaz-backend\src\skillaz.tests\bin\debug\net5.0\skillaz.tests.dll" id="d158949d-d42b-cc3b-e915-118b27fc08de">
      <Execution id="527359a7-b960-4ebd-a7ed-bb6645980a7f" />
      <TestMethod codeBase="C:\Users\ДмитрийБахтенков\skiz\skillaz-backend\src\Skillaz.Tests\bin\Debug\net5.0\Skillaz.Tests.dll" adapterTypeName="executor://xunit/VsTestRunner2/netcoreapp" className="Skillaz.Tests.CompanySpecific.Perekrestok.PerekrestokRequestPriority_feature" name="Calculation_request_priority" />
    </UnitTest>
    <UnitTest name="Skillaz.Tests.CompanySpecific.Mvideo.MvideoPrepareBatchUpdateRequest_feature.Store_directors_roles_is_set" storage="c:\users\дмитрийбахтенков\skiz\skillaz-backend\src\skillaz.tests\bin\debug\net5.0\skillaz.tests.dll" id="f8bf9eff-2f45-1b88-ddc4-7815e979148f">
      <Execution id="edec4505-0313-46b3-a5a8-18b7a339b703" />
      <TestMethod codeBase="C:\Users\ДмитрийБахтенков\skiz\skillaz-backend\src\Skillaz.Tests\bin\Debug\net5.0\Skillaz.Tests.dll" adapterTypeName="executor://xunit/VsTestRunner2/netcoreapp" className="Skillaz.Tests.CompanySpecific.Mvideo.MvideoPrepareBatchUpdateRequest_feature" name="Store_directors_roles_is_set" />
    </UnitTest>
    <UnitTest name="Skillaz.Tests.Candidate.CandidateCard_feature.Current_appointment_must_be_not_null_for_status_with_current_appointment" storage="c:\users\дмитрийбахтенков\skiz\skillaz-backend\src\skillaz.tests\bin\debug\net5.0\skillaz.tests.dll" id="adb65a28-6c5a-01fc-ba02-22142b78188a">
      <Execution id="334f1111-00ab-43a4-a93a-b4e5545c2198" />
      <TestMethod codeBase="C:\Users\ДмитрийБахтенков\skiz\skillaz-backend\src\Skillaz.Tests\bin\Debug\net5.0\Skillaz.Tests.dll" adapterTypeName="executor://xunit/VsTestRunner2/netcoreapp" className="Skillaz.Tests.Candidate.CandidateCard_feature" name="Current_appointment_must_be_not_null_for_status_with_current_appointment" />
    </UnitTest>
    <UnitTest name="Skillaz.Tests.Candidate.Workflow.CreateCandidateCommand_feature.If_current_company_is_x5_And_creating_candidate_is_duplicate_And_audit_info_updated_at_more_then_30_days_in_past_Then_existing_candidate_vacancy_should_be_changed_to_vacancy_from_new_candidate" storage="c:\users\дмитрийбахтенков\skiz\skillaz-backend\src\skillaz.tests\bin\debug\net5.0\skillaz.tests.dll" id="1f76166c-e4f6-f0bd-9edd-97eaf2a34672">
      <Execution id="45cede71-ce55-476d-b226-a7dcd1336881" />
      <TestMethod codeBase="C:\Users\ДмитрийБахтенков\skiz\skillaz-backend\src\Skillaz.Tests\bin\Debug\net5.0\Skillaz.Tests.dll" adapterTypeName="executor://xunit/VsTestRunner2/netcoreapp" className="Skillaz.Tests.Candidate.Workflow.CreateCandidateCommand_feature" name="If_current_company_is_x5_And_creating_candidate_is_duplicate_And_audit_info_updated_at_more_then_30_days_in_past_Then_existing_candidate_vacancy_should_be_changed_to_vacancy_from_new_candidate" />
    </UnitTest>
    <UnitTest name="Skillaz.Tests.DocumentModels.BatchDataLoaderContextFeature.BatchDataLoader_корректно_загружает_данные" storage="c:\users\дмитрийбахтенков\skiz\skillaz-backend\src\skillaz.tests\bin\debug\net5.0\skillaz.tests.dll" id="ea4dea08-ef2c-30db-0a3a-dd7d151c9255">
      <Execution id="6ab90971-a27f-48fc-b1a4-8c4a575d1f31" />
      <TestMethod codeBase="C:\Users\ДмитрийБахтенков\skiz\skillaz-backend\src\Skillaz.Tests\bin\Debug\net5.0\Skillaz.Tests.dll" adapterTypeName="executor://xunit/VsTestRunner2/netcoreapp" className="Skillaz.Tests.DocumentModels.BatchDataLoaderContextFeature" name="BatchDataLoader_корректно_загружает_данные" />
    </UnitTest>
    <UnitTest name="Skillaz.Tests.Notifications.NotifyFollowers_feature.Check_candidate_created" storage="c:\users\дмитрийбахтенков\skiz\skillaz-backend\src\skillaz.tests\bin\debug\net5.0\skillaz.tests.dll" id="5037b3d5-9ce3-2842-1ff4-13e61ec938aa">
      <Execution id="fc7ed785-ef8c-49dd-a7cc-8d6128de54dc" />
      <TestMethod codeBase="C:\Users\ДмитрийБахтенков\skiz\skillaz-backend\src\Skillaz.Tests\bin\Debug\net5.0\Skillaz.Tests.dll" adapterTypeName="executor://xunit/VsTestRunner2/netcoreapp" className="Skillaz.Tests.Notifications.NotifyFollowers_feature" name="Check_candidate_created" />
    </UnitTest>
    <UnitTest name="Skillaz.Tests.Candidate.RoleRestrictionControllerEndpoints_feature.User_without_restriction_can_login" storage="c:\users\дмитрийбахтенков\skiz\skillaz-backend\src\skillaz.tests\bin\debug\net5.0\skillaz.tests.dll" id="b1e83f46-ce2a-c141-e888-3364166f7307">
      <Execution id="e6d5c92f-a5aa-4b80-a558-fddf1f1758d3" />
      <TestMethod codeBase="C:\Users\ДмитрийБахтенков\skiz\skillaz-backend\src\Skillaz.Tests\bin\Debug\net5.0\Skillaz.Tests.dll" adapterTypeName="executor://xunit/VsTestRunner2/netcoreapp" className="Skillaz.Tests.Candidate.RoleRestrictionControllerEndpoints_feature" name="User_without_restriction_can_login" />
    </UnitTest>
    <UnitTest name="Skillaz.Tests.CompanySpecific.GazpromNeft.GazpromUploadReferences_feature.Create_multiple_workplace_with_equal_azs" storage="c:\users\дмитрийбахтенков\skiz\skillaz-backend\src\skillaz.tests\bin\debug\net5.0\skillaz.tests.dll" id="8d2f8e88-7714-1968-a779-80a3624aeb36">
      <Execution id="b38c558f-3c88-441e-938d-9d943d104e77" />
      <TestMethod codeBase="C:\Users\ДмитрийБахтенков\skiz\skillaz-backend\src\Skillaz.Tests\bin\Debug\net5.0\Skillaz.Tests.dll" adapterTypeName="executor://xunit/VsTestRunner2/netcoreapp" className="Skillaz.Tests.CompanySpecific.GazpromNeft.GazpromUploadReferences_feature" name="Create_multiple_workplace_with_equal_azs" />
    </UnitTest>
    <UnitTest name="Skillaz.Tests.Configurator.SecurityProfile.ConfiguratorSecurityProfileVacancy_feature.Vacancy_is_available_to_user_by_extra_data_field" storage="c:\users\дмитрийбахтенков\skiz\skillaz-backend\src\skillaz.tests\bin\debug\net5.0\skillaz.tests.dll" id="ec33b015-0584-074f-aad8-5f9f2cfd15ae">
      <Execution id="883c61d6-15ad-4a58-a772-a42bae9aaba2" />
      <TestMethod codeBase="C:\Users\ДмитрийБахтенков\skiz\skillaz-backend\src\Skillaz.Tests\bin\Debug\net5.0\Skillaz.Tests.dll" adapterTypeName="executor://xunit/VsTestRunner2/netcoreapp" className="Skillaz.Tests.Configurator.SecurityProfile.ConfiguratorSecurityProfileVacancy_feature" name="Vacancy_is_available_to_user_by_extra_data_field" />
    </UnitTest>
    <UnitTest name="Skillaz.Tests.CompanySpecific.Mvideo.MvideoChangePositionCountOrgUnit_feature.CreateHireNeeds_with_approvedCount_then_request_and_vacancy_should_be_created" storage="c:\users\дмитрийбахтенков\skiz\skillaz-backend\src\skillaz.tests\bin\debug\net5.0\skillaz.tests.dll" id="c6449dd2-79f4-4dd8-acb0-8af1f5d0bab5">
      <Execution id="ed00dde0-19d0-4ea4-8c03-d2e5274b0fa3" />
      <TestMethod codeBase="C:\Users\ДмитрийБахтенков\skiz\skillaz-backend\src\Skillaz.Tests\bin\Debug\net5.0\Skillaz.Tests.dll" adapterTypeName="executor://xunit/VsTestRunner2/netcoreapp" className="Skillaz.Tests.CompanySpecific.Mvideo.MvideoChangePositionCountOrgUnit_feature" name="CreateHireNeeds_with_approvedCount_then_request_and_vacancy_should_be_created" />
    </UnitTest>
    <UnitTest name="Skillaz.Tests.Assessment.Interviews.VideoInterview_thread_feature.Switching_a_video_interview_step_status" storage="c:\users\дмитрийбахтенков\skiz\skillaz-backend\src\skillaz.tests\bin\debug\net5.0\skillaz.tests.dll" id="147a2ea2-e7d5-78bc-0fa5-b0b95f387368">
      <Execution id="18804b19-3c52-4fac-b3a6-83a9bf2d555c" />
      <TestMethod codeBase="C:\Users\ДмитрийБахтенков\skiz\skillaz-backend\src\Skillaz.Tests\bin\Debug\net5.0\Skillaz.Tests.dll" adapterTypeName="executor://xunit/VsTestRunner2/netcoreapp" className="Skillaz.Tests.Assessment.Interviews.VideoInterview_thread_feature" name="Switching_a_video_interview_step_status" />
    </UnitTest>
    <UnitTest name="Skillaz.Tests.HH.Publications.HideContactsPublications_feature.Publish_vacancies_with_hidden_contacts" storage="c:\users\дмитрийбахтенков\skiz\skillaz-backend\src\skillaz.tests\bin\debug\net5.0\skillaz.tests.dll" id="99885191-af5f-70d5-1550-00f31f24b37c">
      <Execution id="f3b2bb76-01de-4645-84bc-9e41da0d355a" />
      <TestMethod codeBase="C:\Users\ДмитрийБахтенков\skiz\skillaz-backend\src\Skillaz.Tests\bin\Debug\net5.0\Skillaz.Tests.dll" adapterTypeName="executor://xunit/VsTestRunner2/netcoreapp" className="Skillaz.Tests.HH.Publications.HideContactsPublications_feature" name="Publish_vacancies_with_hidden_contacts" />
    </UnitTest>
    <UnitTest name="Skillaz.Tests.Candidate.Elastic.CandidateElasticFiltration_feature.Retrieving_a_candidate_by_nonexistent_vacancy_ids" storage="c:\users\дмитрийбахтенков\skiz\skillaz-backend\src\skillaz.tests\bin\debug\net5.0\skillaz.tests.dll" id="4f45d4d5-953e-6e1e-2aca-15d719c0291a">
      <Execution id="f7866f52-8fdc-4f22-9283-001d0fd3652b" />
      <TestMethod codeBase="C:\Users\ДмитрийБахтенков\skiz\skillaz-backend\src\Skillaz.Tests\bin\Debug\net5.0\Skillaz.Tests.dll" adapterTypeName="executor://xunit/VsTestRunner2/netcoreapp" className="Skillaz.Tests.Candidate.Elastic.CandidateElasticFiltration_feature" name="Retrieving_a_candidate_by_nonexistent_vacancy_ids" />
    </UnitTest>
    <UnitTest name="Расширение файла не должно совпадать с его содержимым(fileName: &quot;Doc.doc&quot;, alterName: &quot;.png&quot;)" storage="c:\users\дмитрийбахтенков\skiz\skillaz-backend\src\skillaz.tests\bin\debug\net5.0\skillaz.tests.dll" id="5607df55-06e2-4b65-ac94-49be50b352d1">
      <Execution id="b978176e-c0c3-4215-b797-298398681199" />
      <TestMethod codeBase="C:\Users\ДмитрийБахтенков\skiz\skillaz-backend\src\Skillaz.Tests\bin\Debug\net5.0\Skillaz.Tests.dll" adapterTypeName="executor://xunit/VsTestRunner2/netcoreapp" className="Skillaz.Testing.Run.System.Security.FileContentCheckerTests" name="FileExtensionShouldDoNotMatchContent" />
    </UnitTest>
    <UnitTest name="Skillaz.Tests.HH.HHCandidateHiddenContacts_feature.HH_Check_that_AutoSearch_job_ask_contacts" storage="c:\users\дмитрийбахтенков\skiz\skillaz-backend\src\skillaz.tests\bin\debug\net5.0\skillaz.tests.dll" id="94c8d04e-6970-799d-2c57-750f6be3e268">
      <Execution id="d9ecc5be-76b8-4b40-b4ba-fd20bca1021e" />
      <TestMethod codeBase="C:\Users\ДмитрийБахтенков\skiz\skillaz-backend\src\Skillaz.Tests\bin\Debug\net5.0\Skillaz.Tests.dll" adapterTypeName="executor://xunit/VsTestRunner2/netcoreapp" className="Skillaz.Tests.HH.HHCandidateHiddenContacts_feature" name="HH_Check_that_AutoSearch_job_ask_contacts" />
    </UnitTest>
    <UnitTest name="Skillaz.Tests.OpenApi.CheckApi.UpdateCheck_feature.Check_candidate_update_and_change_status" storage="c:\users\дмитрийбахтенков\skiz\skillaz-backend\src\skillaz.tests\bin\debug\net5.0\skillaz.tests.dll" id="3becf907-2894-de39-2c9b-627e21cd7270">
      <Execution id="84d5a250-770b-466d-b14e-267a0428ffe1" />
      <TestMethod codeBase="C:\Users\ДмитрийБахтенков\skiz\skillaz-backend\src\Skillaz.Tests\bin\Debug\net5.0\Skillaz.Tests.dll" adapterTypeName="executor://xunit/VsTestRunner2/netcoreapp" className="Skillaz.Tests.OpenApi.CheckApi.UpdateCheck_feature" name="Check_candidate_update_and_change_status" />
    </UnitTest>
    <UnitTest name="Skillaz.Tests.Assessment.Interviews.AudioInterview_feature.Getting_step_of_audio_interview" storage="c:\users\дмитрийбахтенков\skiz\skillaz-backend\src\skillaz.tests\bin\debug\net5.0\skillaz.tests.dll" id="85f2792b-2c04-4178-2e8d-415585b6f159">
      <Execution id="0b8833c3-3b66-4eb3-b802-1895adce3b59" />
      <TestMethod codeBase="C:\Users\ДмитрийБахтенков\skiz\skillaz-backend\src\Skillaz.Tests\bin\Debug\net5.0\Skillaz.Tests.dll" adapterTypeName="executor://xunit/VsTestRunner2/netcoreapp" className="Skillaz.Tests.Assessment.Interviews.AudioInterview_feature" name="Getting_step_of_audio_interview" />
    </UnitTest>
    <UnitTest name="Skillaz.Tests.Candidate.Elastic.CandidateElasticFiltration_feature.Retrieving_a_candidate_by_nonexistent_job_requisition_ids" storage="c:\users\дмитрийбахтенков\skiz\skillaz-backend\src\skillaz.tests\bin\debug\net5.0\skillaz.tests.dll" id="78bd4e97-c3fc-3e83-7255-4d689bac0fc1">
      <Execution id="f2eaa1d8-ccb5-4104-af19-7526e4e97207" />
      <TestMethod codeBase="C:\Users\ДмитрийБахтенков\skiz\skillaz-backend\src\Skillaz.Tests\bin\Debug\net5.0\Skillaz.Tests.dll" adapterTypeName="executor://xunit/VsTestRunner2/netcoreapp" className="Skillaz.Tests.Candidate.Elastic.CandidateElasticFiltration_feature" name="Retrieving_a_candidate_by_nonexistent_job_requisition_ids" />
    </UnitTest>
    <UnitTest name="Skillaz.Tests.Candidate.RestrictionsVisibilityCandidatesStatuses_feature.User_has_no_restrictions_user_is_admin" storage="c:\users\дмитрийбахтенков\skiz\skillaz-backend\src\skillaz.tests\bin\debug\net5.0\skillaz.tests.dll" id="0f531e69-1f12-1190-aa68-05486f6ccf03">
      <Execution id="3cd94ab6-0a6c-4444-bb7d-019c290531df" />
      <TestMethod codeBase="C:\Users\ДмитрийБахтенков\skiz\skillaz-backend\src\Skillaz.Tests\bin\Debug\net5.0\Skillaz.Tests.dll" adapterTypeName="executor://xunit/VsTestRunner2/netcoreapp" className="Skillaz.Tests.Candidate.RestrictionsVisibilityCandidatesStatuses_feature" name="User_has_no_restrictions_user_is_admin" />
    </UnitTest>
    <UnitTest name="Skillaz.Tests.Notifications.Workflow.WorkflowNotifications_feature.Workflow_Check_that_notification_was_sended_when_status_changed" storage="c:\users\дмитрийбахтенков\skiz\skillaz-backend\src\skillaz.tests\bin\debug\net5.0\skillaz.tests.dll" id="db7619f7-571b-6b60-0231-111f0f108e14">
      <Execution id="706ed970-51ed-4b64-ad24-2f2ee3043ccd" />
      <TestMethod codeBase="C:\Users\ДмитрийБахтенков\skiz\skillaz-backend\src\Skillaz.Tests\bin\Debug\net5.0\Skillaz.Tests.dll" adapterTypeName="executor://xunit/VsTestRunner2/netcoreapp" className="Skillaz.Tests.Notifications.Workflow.WorkflowNotifications_feature" name="Workflow_Check_that_notification_was_sended_when_status_changed" />
    </UnitTest>
    <UnitTest name="Skillaz.Tests.BJ.BJReactions_feature.NegotiationId_saved_in_FirstSource" storage="c:\users\дмитрийбахтенков\skiz\skillaz-backend\src\skillaz.tests\bin\debug\net5.0\skillaz.tests.dll" id="fdae22cf-361b-08cf-aa3d-f3a8ac4cb6ce">
      <Execution id="b0b949a9-4cfe-4e7c-8201-3fd716bda51c" />
      <TestMethod codeBase="C:\Users\ДмитрийБахтенков\skiz\skillaz-backend\src\Skillaz.Tests\bin\Debug\net5.0\Skillaz.Tests.dll" adapterTypeName="executor://xunit/VsTestRunner2/netcoreapp" className="Skillaz.Tests.BJ.BJReactions_feature" name="NegotiationId_saved_in_FirstSource" />
    </UnitTest>
    <UnitTest name="Skillaz.Tests.Assessment.Questionnaires.SelfEntryQuestionnaire_feature.Getting_a_quiz_questionnaire_list" storage="c:\users\дмитрийбахтенков\skiz\skillaz-backend\src\skillaz.tests\bin\debug\net5.0\skillaz.tests.dll" id="e3783c35-711e-a112-3424-2e51926b0657">
      <Execution id="ad1c862c-1100-454b-8a2b-63afd6cc201b" />
      <TestMethod codeBase="C:\Users\ДмитрийБахтенков\skiz\skillaz-backend\src\Skillaz.Tests\bin\Debug\net5.0\Skillaz.Tests.dll" adapterTypeName="executor://xunit/VsTestRunner2/netcoreapp" className="Skillaz.Tests.Assessment.Questionnaires.SelfEntryQuestionnaire_feature" name="Getting_a_quiz_questionnaire_list" />
    </UnitTest>
    <UnitTest name="Skillaz.Tests.Candidate.Elastic.CandidateElasticFiltration_feature.Retrieving_no_candidates_that_have_a_resume_that_is_updated_before_specific_date" storage="c:\users\дмитрийбахтенков\skiz\skillaz-backend\src\skillaz.tests\bin\debug\net5.0\skillaz.tests.dll" id="cdd71d12-acf9-dce6-26e7-909fed4fd3b8">
      <Execution id="a0464e7c-0c12-4d79-8c94-0e150cf997c4" />
      <TestMethod codeBase="C:\Users\ДмитрийБахтенков\skiz\skillaz-backend\src\Skillaz.Tests\bin\Debug\net5.0\Skillaz.Tests.dll" adapterTypeName="executor://xunit/VsTestRunner2/netcoreapp" className="Skillaz.Tests.Candidate.Elastic.CandidateElasticFiltration_feature" name="Retrieving_no_candidates_that_have_a_resume_that_is_updated_before_specific_date" />
    </UnitTest>
    <UnitTest name="Skillaz.Tests.TargetProcess.TargetProcessService_feature.Create_request_from_chat" storage="c:\users\дмитрийбахтенков\skiz\skillaz-backend\src\skillaz.tests\bin\debug\net5.0\skillaz.tests.dll" id="7e806e75-67c3-fb72-9a42-e1006a457245">
      <Execution id="5e07c367-27b9-4d12-ab48-064474b22efe" />
      <TestMethod codeBase="C:\Users\ДмитрийБахтенков\skiz\skillaz-backend\src\Skillaz.Tests\bin\Debug\net5.0\Skillaz.Tests.dll" adapterTypeName="executor://xunit/VsTestRunner2/netcoreapp" className="Skillaz.Tests.TargetProcess.TargetProcessService_feature" name="Create_request_from_chat" />
    </UnitTest>
    <UnitTest name="Skillaz.Tests.WebHooks.WebHooks_feature.FailedHookFailedResend" storage="c:\users\дмитрийбахтенков\skiz\skillaz-backend\src\skillaz.tests\bin\debug\net5.0\skillaz.tests.dll" id="7e1c408e-1f77-c5af-b1d4-ff0c41e2e5a6">
      <Execution id="74ec9135-a228-477c-afe3-817164d382c8" />
      <TestMethod codeBase="C:\Users\ДмитрийБахтенков\skiz\skillaz-backend\src\Skillaz.Tests\bin\Debug\net5.0\Skillaz.Tests.dll" adapterTypeName="executor://xunit/VsTestRunner2/netcoreapp" className="Skillaz.Tests.WebHooks.WebHooks_feature" name="FailedHookFailedResend" />
    </UnitTest>
    <UnitTest name="Skillaz.Tests.BJ.BJApiClient_feature.BJ_API_client_fails_to_create_when_account_is_deleted" storage="c:\users\дмитрийбахтенков\skiz\skillaz-backend\src\skillaz.tests\bin\debug\net5.0\skillaz.tests.dll" id="66d27d97-f6f9-bf89-53a6-9c29aa5f2cd7">
      <Execution id="81e14a3b-baad-4ff0-afde-0706acdd7800" />
      <TestMethod codeBase="C:\Users\ДмитрийБахтенков\skiz\skillaz-backend\src\Skillaz.Tests\bin\Debug\net5.0\Skillaz.Tests.dll" adapterTypeName="executor://xunit/VsTestRunner2/netcoreapp" className="Skillaz.Tests.BJ.BJApiClient_feature" name="BJ_API_client_fails_to_create_when_account_is_deleted" />
    </UnitTest>
    <UnitTest name="Skillaz.Tests.CompanySpecific.Sberbank.SberPositionsTests.SberPositionCommand_should_work_as_expected(vacancyName: &quot;Менеджер по ключевым клиентам ммб&quot;, expectedPositionId: &quot;key_client_manger_sber_mmb&quot;)" storage="c:\users\дмитрийбахтенков\skiz\skillaz-backend\src\skillaz.tests\bin\debug\net5.0\skillaz.tests.dll" id="91f05623-f4da-ac91-0045-047768212b29">
      <Execution id="24aacbc7-746f-427c-a342-44fd9fbf6bb6" />
      <TestMethod codeBase="C:\Users\ДмитрийБахтенков\skiz\skillaz-backend\src\Skillaz.Tests\bin\Debug\net5.0\Skillaz.Tests.dll" adapterTypeName="executor://xunit/VsTestRunner2/netcoreapp" className="Skillaz.Tests.CompanySpecific.Sberbank.SberPositionsTests" name="SberPositionCommand_should_work_as_expected" />
    </UnitTest>
    <UnitTest name="Skillaz.Tests.CompanySpecific.Mvideo.MvideoChangePositionCountOrgUnit_feature.Set_hire_needs_approved_count_then_same_vacancy_should_be_archived" storage="c:\users\дмитрийбахтенков\skiz\skillaz-backend\src\skillaz.tests\bin\debug\net5.0\skillaz.tests.dll" id="dc214a7a-3467-d9b3-9fee-a1a6b03f9e01">
      <Execution id="2bbbc363-1ce7-486e-8bb1-1635d90a46e0" />
      <TestMethod codeBase="C:\Users\ДмитрийБахтенков\skiz\skillaz-backend\src\Skillaz.Tests\bin\Debug\net5.0\Skillaz.Tests.dll" adapterTypeName="executor://xunit/VsTestRunner2/netcoreapp" className="Skillaz.Tests.CompanySpecific.Mvideo.MvideoChangePositionCountOrgUnit_feature" name="Set_hire_needs_approved_count_then_same_vacancy_should_be_archived" />
    </UnitTest>
    <UnitTest name="Skillaz.Tests.Vacancy.CompanySpecific.MvideoTransferToAnotherVacancy_feature.ChangeVacancy_in_one_funnel_make_new_candidate" storage="c:\users\дмитрийбахтенков\skiz\skillaz-backend\src\skillaz.tests\bin\debug\net5.0\skillaz.tests.dll" id="7484b8c7-139a-f4b1-39c6-23954a7f6d69">
      <Execution id="09f8ce5c-b32d-4c46-bc58-07bb0d4525d0" />
      <TestMethod codeBase="C:\Users\ДмитрийБахтенков\skiz\skillaz-backend\src\Skillaz.Tests\bin\Debug\net5.0\Skillaz.Tests.dll" adapterTypeName="executor://xunit/VsTestRunner2/netcoreapp" className="Skillaz.Tests.Vacancy.CompanySpecific.MvideoTransferToAnotherVacancy_feature" name="ChangeVacancy_in_one_funnel_make_new_candidate" />
    </UnitTest>
    <UnitTest name="Skillaz.Tests.DocumentModels.FieldValueComparerTests.DifferentTypeComparison(firstValue: 1, secondValue: 1)" storage="c:\users\дмитрийбахтенков\skiz\skillaz-backend\src\skillaz.tests\bin\debug\net5.0\skillaz.tests.dll" id="f2d57bdd-2374-7604-47ff-fa77282607a7">
      <Execution id="d356f7e5-f0a7-4e03-a8a4-c41c8884d576" />
      <TestMethod codeBase="C:\Users\ДмитрийБахтенков\skiz\skillaz-backend\src\Skillaz.Tests\bin\Debug\net5.0\Skillaz.Tests.dll" adapterTypeName="executor://xunit/VsTestRunner2/netcoreapp" className="Skillaz.Tests.DocumentModels.FieldValueComparerTests" name="DifferentTypeComparison" />
    </UnitTest>
    <UnitTest name="Skillaz.Tests.Candidate.Appointments.SetAppointmentOnStatusChange_feature.Update_appointment_by_choosing_another_time_slot" storage="c:\users\дмитрийбахтенков\skiz\skillaz-backend\src\skillaz.tests\bin\debug\net5.0\skillaz.tests.dll" id="9a9f1c89-10c8-958f-3d20-17a37e9aef66">
      <Execution id="425aad9b-c38c-499a-864a-24396a07b725" />
      <TestMethod codeBase="C:\Users\ДмитрийБахтенков\skiz\skillaz-backend\src\Skillaz.Tests\bin\Debug\net5.0\Skillaz.Tests.dll" adapterTypeName="executor://xunit/VsTestRunner2/netcoreapp" className="Skillaz.Tests.Candidate.Appointments.SetAppointmentOnStatusChange_feature" name="Update_appointment_by_choosing_another_time_slot" />
    </UnitTest>
    <UnitTest name="Skillaz.Tests.OpenApi.OrgStructureApi.OrgEntityStateChange_feature.Hire_need_activating_archived" storage="c:\users\дмитрийбахтенков\skiz\skillaz-backend\src\skillaz.tests\bin\debug\net5.0\skillaz.tests.dll" id="20ac2b51-4215-b649-1117-d394f7ddc223">
      <Execution id="c946b387-fb44-467f-ad5f-bd7eae81eefe" />
      <TestMethod codeBase="C:\Users\ДмитрийБахтенков\skiz\skillaz-backend\src\Skillaz.Tests\bin\Debug\net5.0\Skillaz.Tests.dll" adapterTypeName="executor://xunit/VsTestRunner2/netcoreapp" className="Skillaz.Tests.OpenApi.OrgStructureApi.OrgEntityStateChange_feature" name="Hire_need_activating_archived" />
    </UnitTest>
    <UnitTest name="Skillaz.Tests.HH.Publications.AdditionalRegionPublications_feature.Publish_vacancy_expect_error_with" storage="c:\users\дмитрийбахтенков\skiz\skillaz-backend\src\skillaz.tests\bin\debug\net5.0\skillaz.tests.dll" id="8b4b8856-6521-0d01-eb0f-321cd25f2ad3">
      <Execution id="77556583-4f82-4a4f-a80b-390886e2673e" />
      <TestMethod codeBase="C:\Users\ДмитрийБахтенков\skiz\skillaz-backend\src\Skillaz.Tests\bin\Debug\net5.0\Skillaz.Tests.dll" adapterTypeName="executor://xunit/VsTestRunner2/netcoreapp" className="Skillaz.Tests.HH.Publications.AdditionalRegionPublications_feature" name="Publish_vacancy_expect_error_with" />
    </UnitTest>
    <UnitTest name="Skillaz.Tests.Assessment.Questionnaires.VideoQuestionnaire_feature.Updating_a_questionnaire" storage="c:\users\дмитрийбахтенков\skiz\skillaz-backend\src\skillaz.tests\bin\debug\net5.0\skillaz.tests.dll" id="ebb1cb00-b208-d5ce-e1da-1c923d2c6568">
      <Execution id="19250a2c-6157-4d3e-89ae-23e320115c7f" />
      <TestMethod codeBase="C:\Users\ДмитрийБахтенков\skiz\skillaz-backend\src\Skillaz.Tests\bin\Debug\net5.0\Skillaz.Tests.dll" adapterTypeName="executor://xunit/VsTestRunner2/netcoreapp" className="Skillaz.Tests.Assessment.Questionnaires.VideoQuestionnaire_feature" name="Updating_a_questionnaire" />
    </UnitTest>
    <UnitTest name="Skillaz.Tests.HH.Publications.AdditionalRegionPublications_feature.Publish_vacancies_in_additional_regions" storage="c:\users\дмитрийбахтенков\skiz\skillaz-backend\src\skillaz.tests\bin\debug\net5.0\skillaz.tests.dll" id="e380a9c5-06db-a38b-5f5d-e78840ef9090">
      <Execution id="89718118-01ea-48e8-842a-7413f07c5a50" />
      <TestMethod codeBase="C:\Users\ДмитрийБахтенков\skiz\skillaz-backend\src\Skillaz.Tests\bin\Debug\net5.0\Skillaz.Tests.dll" adapterTypeName="executor://xunit/VsTestRunner2/netcoreapp" className="Skillaz.Tests.HH.Publications.AdditionalRegionPublications_feature" name="Publish_vacancies_in_additional_regions" />
    </UnitTest>
    <UnitTest name="Skillaz.Tests.Publication.VacancyPublicationRule_feature.Vacancy_publication_rule_does_fake_publication_when_in_dry_run_mode" storage="c:\users\дмитрийбахтенков\skiz\skillaz-backend\src\skillaz.tests\bin\debug\net5.0\skillaz.tests.dll" id="5cb836ea-faff-5df0-4bf3-494f25d4e162">
      <Execution id="73acd8f2-b35f-4e7f-893f-492f32b18035" />
      <TestMethod codeBase="C:\Users\ДмитрийБахтенков\skiz\skillaz-backend\src\Skillaz.Tests\bin\Debug\net5.0\Skillaz.Tests.dll" adapterTypeName="executor://xunit/VsTestRunner2/netcoreapp" className="Skillaz.Tests.Publication.VacancyPublicationRule_feature" name="Vacancy_publication_rule_does_fake_publication_when_in_dry_run_mode" />
    </UnitTest>
    <UnitTest name="Skillaz.Tests.TaskTracker.TaskProcess_feature.Successful_process_for_candidate_state_changed" storage="c:\users\дмитрийбахтенков\skiz\skillaz-backend\src\skillaz.tests\bin\debug\net5.0\skillaz.tests.dll" id="038da4ab-048f-b678-c0be-7ca5aa25c876">
      <Execution id="f363d0ba-d441-40a9-84f1-7b3123088344" />
      <TestMethod codeBase="C:\Users\ДмитрийБахтенков\skiz\skillaz-backend\src\Skillaz.Tests\bin\Debug\net5.0\Skillaz.Tests.dll" adapterTypeName="executor://xunit/VsTestRunner2/netcoreapp" className="Skillaz.Tests.TaskTracker.TaskProcess_feature" name="Successful_process_for_candidate_state_changed" />
    </UnitTest>
    <UnitTest name="Skillaz.Tests.Assessment.Questionnaires.AudioQuestionnaire_feature.Updating_a_questionnaire" storage="c:\users\дмитрийбахтенков\skiz\skillaz-backend\src\skillaz.tests\bin\debug\net5.0\skillaz.tests.dll" id="1ec63ba7-4ba5-2ff5-4ff0-07b94645f2de">
      <Execution id="134399b8-06a4-4387-bb3c-785acc6b34a8" />
      <TestMethod codeBase="C:\Users\ДмитрийБахтенков\skiz\skillaz-backend\src\Skillaz.Tests\bin\Debug\net5.0\Skillaz.Tests.dll" adapterTypeName="executor://xunit/VsTestRunner2/netcoreapp" className="Skillaz.Tests.Assessment.Questionnaires.AudioQuestionnaire_feature" name="Updating_a_questionnaire" />
    </UnitTest>
    <UnitTest name="Skillaz.Tests.Request.X5.X5GetRequestListCommand_feature.If_request_has_no_display_name_result_name_should_contain_request_title" storage="c:\users\дмитрийбахтенков\skiz\skillaz-backend\src\skillaz.tests\bin\debug\net5.0\skillaz.tests.dll" id="9262dd40-c709-46f8-2cb6-41a70019d903">
      <Execution id="1bc25520-ad40-4e4a-bbdf-292ba6ab691b" />
      <TestMethod codeBase="C:\Users\ДмитрийБахтенков\skiz\skillaz-backend\src\Skillaz.Tests\bin\Debug\net5.0\Skillaz.Tests.dll" adapterTypeName="executor://xunit/VsTestRunner2/netcoreapp" className="Skillaz.Tests.Request.X5.X5GetRequestListCommand_feature" name="If_request_has_no_display_name_result_name_should_contain_request_title" />
    </UnitTest>
    <UnitTest name="Skillaz.Tests.Helpers.TimeBoundariesHelperFeature.SubtractHours(lower: 4, upper: 12, timeZone: 3, results: [1, 9])" storage="c:\users\дмитрийбахтенков\skiz\skillaz-backend\src\skillaz.tests\bin\debug\net5.0\skillaz.tests.dll" id="0d56de24-0e10-5c6f-1a26-bf6d17847be2">
      <Execution id="dcc50607-ee1c-4f31-b3d2-9b7b9fb5635e" />
      <TestMethod codeBase="C:\Users\ДмитрийБахтенков\skiz\skillaz-backend\src\Skillaz.Tests\bin\Debug\net5.0\Skillaz.Tests.dll" adapterTypeName="executor://xunit/VsTestRunner2/netcoreapp" className="Skillaz.Tests.Helpers.TimeBoundariesHelperFeature" name="SubtractHours" />
    </UnitTest>
    <UnitTest name="Skillaz.Tests.CompanySpecific.Mvideo.MvideoAvaliablePositionsRequestWithAdvancedSearch_feature.Check_available_position_with_change_staff_and_employees_counts" storage="c:\users\дмитрийбахтенков\skiz\skillaz-backend\src\skillaz.tests\bin\debug\net5.0\skillaz.tests.dll" id="c7785b27-cac0-ee54-f9ef-217e039e1a39">
      <Execution id="aa95f648-bdcd-4e31-94fd-910e322cc0e7" />
      <TestMethod codeBase="C:\Users\ДмитрийБахтенков\skiz\skillaz-backend\src\Skillaz.Tests\bin\Debug\net5.0\Skillaz.Tests.dll" adapterTypeName="executor://xunit/VsTestRunner2/netcoreapp" className="Skillaz.Tests.CompanySpecific.Mvideo.MvideoAvaliablePositionsRequestWithAdvancedSearch_feature" name="Check_available_position_with_change_staff_and_employees_counts" />
    </UnitTest>
    <UnitTest name="Skillaz.Tests.Configurator.DocumentModel.DataTypes.Проверить_разные_типы_полей" storage="c:\users\дмитрийбахтенков\skiz\skillaz-backend\src\skillaz.tests\bin\debug\net5.0\skillaz.tests.dll" id="ae9c63fa-3110-1c38-2a1c-cad78a1a2a82">
      <Execution id="df912544-45be-4184-9aec-eb692ae8a568" />
      <TestMethod codeBase="C:\Users\ДмитрийБахтенков\skiz\skillaz-backend\src\Skillaz.Tests\bin\Debug\net5.0\Skillaz.Tests.dll" adapterTypeName="executor://xunit/VsTestRunner2/netcoreapp" className="Skillaz.Tests.Configurator.DocumentModel.DataTypes" name="Проверить_разные_типы_полей" />
    </UnitTest>
    <UnitTest name="Skillaz.Tests.CompanySpecific.Perekrestok.PerekrestokRequestPriority_feature.Calculation_request_priority(supermarketType: &quot;Закрытый супермаркет&quot;, requestVl: -100, employmentCandidateCount: 0, employmentFinishedCandidateCount: 0, interviewCandidateCount: 0, requestPriority: Unknown)" storage="c:\users\дмитрийбахтенков\skiz\skillaz-backend\src\skillaz.tests\bin\debug\net5.0\skillaz.tests.dll" id="83bd1e15-a1e2-517f-9ad8-ae1135768e2d">
      <Execution id="abc78a3d-edf3-47f0-a909-a8f950f00b56" />
      <TestMethod codeBase="C:\Users\ДмитрийБахтенков\skiz\skillaz-backend\src\Skillaz.Tests\bin\Debug\net5.0\Skillaz.Tests.dll" adapterTypeName="executor://xunit/VsTestRunner2/netcoreapp" className="Skillaz.Tests.CompanySpecific.Perekrestok.PerekrestokRequestPriority_feature" name="Calculation_request_priority" />
    </UnitTest>
    <UnitTest name="Skillaz.Tests.CompanySpecific.Mvideo.MvideoChangePositionCountOrgUnit_feature.При_закрытии_заявки_вакансия_должна_уйти_в_архив" storage="c:\users\дмитрийбахтенков\skiz\skillaz-backend\src\skillaz.tests\bin\debug\net5.0\skillaz.tests.dll" id="b3ade0b5-da39-9b87-1577-b298f59cfdf6">
      <Execution id="27eee436-b33b-4752-beec-a1424863b7fa" />
      <TestMethod codeBase="C:\Users\ДмитрийБахтенков\skiz\skillaz-backend\src\Skillaz.Tests\bin\Debug\net5.0\Skillaz.Tests.dll" adapterTypeName="executor://xunit/VsTestRunner2/netcoreapp" className="Skillaz.Tests.CompanySpecific.Mvideo.MvideoChangePositionCountOrgUnit_feature" name="При_закрытии_заявки_вакансия_должна_уйти_в_архив" />
    </UnitTest>
    <UnitTest name="Skillaz.Tests.Assessment.Interviews.SelfEntryInterview_feature.Getting_a_self_entry_timeslots_by_request_with_end_period" storage="c:\users\дмитрийбахтенков\skiz\skillaz-backend\src\skillaz.tests\bin\debug\net5.0\skillaz.tests.dll" id="d98222d1-9712-890e-f8de-c45e84b77833">
      <Execution id="608153fb-ca36-4a50-89fe-a89a209cec41" />
      <TestMethod codeBase="C:\Users\ДмитрийБахтенков\skiz\skillaz-backend\src\Skillaz.Tests\bin\Debug\net5.0\Skillaz.Tests.dll" adapterTypeName="executor://xunit/VsTestRunner2/netcoreapp" className="Skillaz.Tests.Assessment.Interviews.SelfEntryInterview_feature" name="Getting_a_self_entry_timeslots_by_request_with_end_period" />
    </UnitTest>
    <UnitTest name="Skillaz.Tests.Notifications.CustomNotifications_feature.GetFunnelStatusIsReturnNotifications(switchType: ByProcess, currentStatusId: &quot;new&quot;, emailsCount: 3, smsCount: 0)" storage="c:\users\дмитрийбахтенков\skiz\skillaz-backend\src\skillaz.tests\bin\debug\net5.0\skillaz.tests.dll" id="f6c7f5cc-8aa9-7a70-19fa-9df5023f90ed">
      <Execution id="f6884b4d-93fb-4dfd-a1ca-46dd31d76c28" />
      <TestMethod codeBase="C:\Users\ДмитрийБахтенков\skiz\skillaz-backend\src\Skillaz.Tests\bin\Debug\net5.0\Skillaz.Tests.dll" adapterTypeName="executor://xunit/VsTestRunner2/netcoreapp" className="Skillaz.Tests.Notifications.CustomNotifications_feature" name="GetFunnelStatusIsReturnNotifications" />
    </UnitTest>
    <UnitTest name="Skillaz.Tests.Configurator.Filter.ConfiguratorRequestFilter_feature.Ensure_that_filter_by_mass_request_type_return_available_values_when_three_request_types" storage="c:\users\дмитрийбахтенков\skiz\skillaz-backend\src\skillaz.tests\bin\debug\net5.0\skillaz.tests.dll" id="6cf878c5-c14d-33c5-1e2c-bd8fbc97841c">
      <Execution id="feb2a345-bf51-4616-ab5e-39bc75126eb9" />
      <TestMethod codeBase="C:\Users\ДмитрийБахтенков\skiz\skillaz-backend\src\Skillaz.Tests\bin\Debug\net5.0\Skillaz.Tests.dll" adapterTypeName="executor://xunit/VsTestRunner2/netcoreapp" className="Skillaz.Tests.Configurator.Filter.ConfiguratorRequestFilter_feature" name="Ensure_that_filter_by_mass_request_type_return_available_values_when_three_request_types" />
    </UnitTest>
    <UnitTest name="Skillaz.Tests.Candidate.Workflow.CreateCandidateCommand_feature.Creating_duplicate_candidate_and_check_there_is_only_one_new_status" storage="c:\users\дмитрийбахтенков\skiz\skillaz-backend\src\skillaz.tests\bin\debug\net5.0\skillaz.tests.dll" id="2ff2d3ff-65fa-9667-7c42-9a141b1a3042">
      <Execution id="fcf19e20-fcd8-4523-8b4e-3af68f14ea9c" />
      <TestMethod codeBase="C:\Users\ДмитрийБахтенков\skiz\skillaz-backend\src\Skillaz.Tests\bin\Debug\net5.0\Skillaz.Tests.dll" adapterTypeName="executor://xunit/VsTestRunner2/netcoreapp" className="Skillaz.Tests.Candidate.Workflow.CreateCandidateCommand_feature" name="Creating_duplicate_candidate_and_check_there_is_only_one_new_status" />
    </UnitTest>
    <UnitTest name="Skillaz.Tests.Notifications.Workflow.WorkflowNotificationParameters_feature.Attempt_send_email_notification_with_workflow_comment_for_actually_check_workflow" storage="c:\users\дмитрийбахтенков\skiz\skillaz-backend\src\skillaz.tests\bin\debug\net5.0\skillaz.tests.dll" id="445bbdb1-1ff1-aa22-e907-a127ba978158">
      <Execution id="ae39c947-8b36-42d6-83a8-0d964dbec939" />
      <TestMethod codeBase="C:\Users\ДмитрийБахтенков\skiz\skillaz-backend\src\Skillaz.Tests\bin\Debug\net5.0\Skillaz.Tests.dll" adapterTypeName="executor://xunit/VsTestRunner2/netcoreapp" className="Skillaz.Tests.Notifications.Workflow.WorkflowNotificationParameters_feature" name="Attempt_send_email_notification_with_workflow_comment_for_actually_check_workflow" />
    </UnitTest>
    <UnitTest name="Skillaz.Tests.CompanySpecific.Perekrestok.PerekrestokRequestPriority_feature.Calculation_request_priority(supermarketType: &quot;Закрытый супермаркет&quot;, requestVl: 0, employmentCandidateCount: 1, employmentFinishedCandidateCount: 1, interviewCandidateCount: 1, requestPriority: Unknown)" storage="c:\users\дмитрийбахтенков\skiz\skillaz-backend\src\skillaz.tests\bin\debug\net5.0\skillaz.tests.dll" id="4f8af24d-19a8-6bc1-6044-aafceedf2a44">
      <Execution id="d35f2747-e4df-4783-aa1c-4ef0bf124e46" />
      <TestMethod codeBase="C:\Users\ДмитрийБахтенков\skiz\skillaz-backend\src\Skillaz.Tests\bin\Debug\net5.0\Skillaz.Tests.dll" adapterTypeName="executor://xunit/VsTestRunner2/netcoreapp" className="Skillaz.Tests.CompanySpecific.Perekrestok.PerekrestokRequestPriority_feature" name="Calculation_request_priority" />
    </UnitTest>
    <UnitTest name="Skillaz.Tests.Configurator.DocumentModel.FieldFiltersFeature.Проверить_отображение_фильтров_вакансии_конфигуратора" storage="c:\users\дмитрийбахтенков\skiz\skillaz-backend\src\skillaz.tests\bin\debug\net5.0\skillaz.tests.dll" id="b299e743-a7fb-33d2-7a4b-e22d28dead4d">
      <Execution id="cb9e6ee1-04fe-4cbd-94a2-d0312af856c3" />
      <TestMethod codeBase="C:\Users\ДмитрийБахтенков\skiz\skillaz-backend\src\Skillaz.Tests\bin\Debug\net5.0\Skillaz.Tests.dll" adapterTypeName="executor://xunit/VsTestRunner2/netcoreapp" className="Skillaz.Tests.Configurator.DocumentModel.FieldFiltersFeature" name="Проверить_отображение_фильтров_вакансии_конфигуратора" />
    </UnitTest>
    <UnitTest name="Skillaz.Tests.Authorization.AuthLoginWorkflowService_Login_feature.Do_correct_first_time_login_by_username_with_user_expects_password_change" storage="c:\users\дмитрийбахтенков\skiz\skillaz-backend\src\skillaz.tests\bin\debug\net5.0\skillaz.tests.dll" id="34890cdc-0229-f6d3-cfef-6ef9c37cd0c9">
      <Execution id="3361afbf-99da-4c4e-b4b4-c236fb7dcb95" />
      <TestMethod codeBase="C:\Users\ДмитрийБахтенков\skiz\skillaz-backend\src\Skillaz.Tests\bin\Debug\net5.0\Skillaz.Tests.dll" adapterTypeName="executor://xunit/VsTestRunner2/netcoreapp" className="Skillaz.Tests.Authorization.AuthLoginWorkflowService_Login_feature" name="Do_correct_first_time_login_by_username_with_user_expects_password_change" />
    </UnitTest>
    <UnitTest name="Skillaz.Tests.Authorization.AuthLoginWorkflowService_Restore_feature.Do_final_step_restore_by_username_expects_password_is_changed_to_correct_one" storage="c:\users\дмитрийбахтенков\skiz\skillaz-backend\src\skillaz.tests\bin\debug\net5.0\skillaz.tests.dll" id="58ce0dba-77b2-3f59-3f53-23ca49da71fb">
      <Execution id="f7b58760-d7f5-44bf-8f58-61a33e201063" />
      <TestMethod codeBase="C:\Users\ДмитрийБахтенков\skiz\skillaz-backend\src\Skillaz.Tests\bin\Debug\net5.0\Skillaz.Tests.dll" adapterTypeName="executor://xunit/VsTestRunner2/netcoreapp" className="Skillaz.Tests.Authorization.AuthLoginWorkflowService_Restore_feature" name="Do_final_step_restore_by_username_expects_password_is_changed_to_correct_one" />
    </UnitTest>
    <UnitTest name="Skillaz.Tests.CompanySpecific.Mvideo.MvideoChangePositionCountOrgUnit_feature.При_достижении_кандидатом_конечного_статуса_если_1_заявка_на_поиск" storage="c:\users\дмитрийбахтенков\skiz\skillaz-backend\src\skillaz.tests\bin\debug\net5.0\skillaz.tests.dll" id="b538edeb-c321-eb30-e8a2-3cefc2f759c1">
      <Execution id="7efcab26-4f54-4308-a49e-2c495e4d5b16" />
      <TestMethod codeBase="C:\Users\ДмитрийБахтенков\skiz\skillaz-backend\src\Skillaz.Tests\bin\Debug\net5.0\Skillaz.Tests.dll" adapterTypeName="executor://xunit/VsTestRunner2/netcoreapp" className="Skillaz.Tests.CompanySpecific.Mvideo.MvideoChangePositionCountOrgUnit_feature" name="При_достижении_кандидатом_конечного_статуса_если_1_заявка_на_поиск" />
    </UnitTest>
    <UnitTest name="Skillaz.Tests.Configurator.DocumentModel.RefFeature.Проверить_настройку_Ref_для_справочников_из_кода" storage="c:\users\дмитрийбахтенков\skiz\skillaz-backend\src\skillaz.tests\bin\debug\net5.0\skillaz.tests.dll" id="6cba83ac-3704-8c33-fae6-823ee5557212">
      <Execution id="ef6ad261-ba82-408b-8a81-45546b34c39e" />
      <TestMethod codeBase="C:\Users\ДмитрийБахтенков\skiz\skillaz-backend\src\Skillaz.Tests\bin\Debug\net5.0\Skillaz.Tests.dll" adapterTypeName="executor://xunit/VsTestRunner2/netcoreapp" className="Skillaz.Tests.Configurator.DocumentModel.RefFeature" name="Проверить_настройку_Ref_для_справочников_из_кода" />
    </UnitTest>
    <UnitTest name="Skillaz.Tests.Assessment.Questionnaires.HomeworkQuestionnaire_feature.Creating_a_questionnaire" storage="c:\users\дмитрийбахтенков\skiz\skillaz-backend\src\skillaz.tests\bin\debug\net5.0\skillaz.tests.dll" id="60733a1a-6c5c-7dc6-4d9c-94586d0f95fa">
      <Execution id="442b6be4-fb74-4b5e-a215-315392c464c6" />
      <TestMethod codeBase="C:\Users\ДмитрийБахтенков\skiz\skillaz-backend\src\Skillaz.Tests\bin\Debug\net5.0\Skillaz.Tests.dll" adapterTypeName="executor://xunit/VsTestRunner2/netcoreapp" className="Skillaz.Tests.Assessment.Questionnaires.HomeworkQuestionnaire_feature" name="Creating_a_questionnaire" />
    </UnitTest>
    <UnitTest name="Skillaz.Tests.Configurator.ConfiguratorEditorApiCellTests.Редактор_конфигуратора_создается_и_редактируется" storage="c:\users\дмитрийбахтенков\skiz\skillaz-backend\src\skillaz.tests\bin\debug\net5.0\skillaz.tests.dll" id="1172bcf6-55e8-64bd-3c3e-d49e294cd4ee">
      <Execution id="3a6c2fce-4527-4077-ba98-dcb48f0a6e6e" />
      <TestMethod codeBase="C:\Users\ДмитрийБахтенков\skiz\skillaz-backend\src\Skillaz.Tests\bin\Debug\net5.0\Skillaz.Tests.dll" adapterTypeName="executor://xunit/VsTestRunner2/netcoreapp" className="Skillaz.Tests.Configurator.ConfiguratorEditorApiCellTests" name="Редактор_конфигуратора_создается_и_редактируется" />
    </UnitTest>
    <UnitTest name="Skillaz.Tests.CompanySpecific.GazpromNeft.GazpromImportBlueReport_feature.Not_attempt_publication_if_accounts_is_empty" storage="c:\users\дмитрийбахтенков\skiz\skillaz-backend\src\skillaz.tests\bin\debug\net5.0\skillaz.tests.dll" id="0e5436b5-d4b0-4dad-55b0-9c56049092b3">
      <Execution id="f4f35535-5b38-4a5f-8801-65dc656bc1cb" />
      <TestMethod codeBase="C:\Users\ДмитрийБахтенков\skiz\skillaz-backend\src\Skillaz.Tests\bin\Debug\net5.0\Skillaz.Tests.dll" adapterTypeName="executor://xunit/VsTestRunner2/netcoreapp" className="Skillaz.Tests.CompanySpecific.GazpromNeft.GazpromImportBlueReport_feature" name="Not_attempt_publication_if_accounts_is_empty" />
    </UnitTest>
    <UnitTest name="Skillaz.Tests.Candidate.Checks.CheckFromConfigurator_feature.Auto_start_check_with_exclude_conditions_tags_in_candidate" storage="c:\users\дмитрийбахтенков\skiz\skillaz-backend\src\skillaz.tests\bin\debug\net5.0\skillaz.tests.dll" id="1ae29eb4-eb77-0b66-6af5-514526c76e12">
      <Execution id="7780de6e-9898-445d-a9d9-ffd944990ef3" />
      <TestMethod codeBase="C:\Users\ДмитрийБахтенков\skiz\skillaz-backend\src\Skillaz.Tests\bin\Debug\net5.0\Skillaz.Tests.dll" adapterTypeName="executor://xunit/VsTestRunner2/netcoreapp" className="Skillaz.Tests.Candidate.Checks.CheckFromConfigurator_feature" name="Auto_start_check_with_exclude_conditions_tags_in_candidate" />
    </UnitTest>
    <UnitTest name="Skillaz.Tests.DocumentModels.LegacyVacancyDocuments.LegacyVacancyDocumentWhereAnd_feature.AllIdsByCompanyEqualGetIds" storage="c:\users\дмитрийбахтенков\skiz\skillaz-backend\src\skillaz.tests\bin\debug\net5.0\skillaz.tests.dll" id="fcee5074-5c4a-dc3f-0be1-4d173e798ba0">
      <Execution id="e174ef1a-d7c7-4dba-a180-16560463a247" />
      <TestMethod codeBase="C:\Users\ДмитрийБахтенков\skiz\skillaz-backend\src\Skillaz.Tests\bin\Debug\net5.0\Skillaz.Tests.dll" adapterTypeName="executor://xunit/VsTestRunner2/netcoreapp" className="Skillaz.Tests.DocumentModels.LegacyVacancyDocuments.LegacyVacancyDocumentWhereAnd_feature" name="AllIdsByCompanyEqualGetIds" />
    </UnitTest>
    <UnitTest name="Skillaz.Tests.Configurator.Deduplication.UpdateCandidateTest.Кандидат_в_статусе_более_1_дня_правило_не_примениться" storage="c:\users\дмитрийбахтенков\skiz\skillaz-backend\src\skillaz.tests\bin\debug\net5.0\skillaz.tests.dll" id="046bb47b-e8a8-41eb-72c2-e27e4ac51cf7">
      <Execution id="2176eabc-0cc8-457a-88f2-5eb25ce20e75" />
      <TestMethod codeBase="C:\Users\ДмитрийБахтенков\skiz\skillaz-backend\src\Skillaz.Tests\bin\Debug\net5.0\Skillaz.Tests.dll" adapterTypeName="executor://xunit/VsTestRunner2/netcoreapp" className="Skillaz.Tests.Configurator.Deduplication.UpdateCandidateTest" name="Кандидат_в_статусе_более_1_дня_правило_не_примениться" />
    </UnitTest>
    <UnitTest name="Skillaz.Tests.Publication.VacancyPublicationRule_feature.Vacancy_publication_rule_create_new_publication_when_linked_one_is_archived" storage="c:\users\дмитрийбахтенков\skiz\skillaz-backend\src\skillaz.tests\bin\debug\net5.0\skillaz.tests.dll" id="826f4867-d837-391e-327c-9989480a63c4">
      <Execution id="9679b393-0e7b-45fd-969d-0a75d9f53dca" />
      <TestMethod codeBase="C:\Users\ДмитрийБахтенков\skiz\skillaz-backend\src\Skillaz.Tests\bin\Debug\net5.0\Skillaz.Tests.dll" adapterTypeName="executor://xunit/VsTestRunner2/netcoreapp" className="Skillaz.Tests.Publication.VacancyPublicationRule_feature" name="Vacancy_publication_rule_create_new_publication_when_linked_one_is_archived" />
    </UnitTest>
    <UnitTest name="Skillaz.Tests.JobRequisition.JobRequisition_feature.Filter_hire_requests_works" storage="c:\users\дмитрийбахтенков\skiz\skillaz-backend\src\skillaz.tests\bin\debug\net5.0\skillaz.tests.dll" id="393fd640-9c28-f1e8-b7de-bf932d0ed39d">
      <Execution id="5291e9f8-d4ef-4582-a922-4515f7d4a2bb" />
      <TestMethod codeBase="C:\Users\ДмитрийБахтенков\skiz\skillaz-backend\src\Skillaz.Tests\bin\Debug\net5.0\Skillaz.Tests.dll" adapterTypeName="executor://xunit/VsTestRunner2/netcoreapp" className="Skillaz.Tests.JobRequisition.JobRequisition_feature" name="Filter_hire_requests_works" />
    </UnitTest>
    <UnitTest name="Skillaz.Tests.DocumentModels.DocumentModelFilter_feature.Getting_a_result_of_filter_building" storage="c:\users\дмитрийбахтенков\skiz\skillaz-backend\src\skillaz.tests\bin\debug\net5.0\skillaz.tests.dll" id="553304f7-bfc2-114d-94a3-f6892ec3a77d">
      <Execution id="ebe3edf3-9249-4274-8041-0f7738b44d75" />
      <TestMethod codeBase="C:\Users\ДмитрийБахтенков\skiz\skillaz-backend\src\Skillaz.Tests\bin\Debug\net5.0\Skillaz.Tests.dll" adapterTypeName="executor://xunit/VsTestRunner2/netcoreapp" className="Skillaz.Tests.DocumentModels.DocumentModelFilter_feature" name="Getting_a_result_of_filter_building" />
    </UnitTest>
    <UnitTest name="Skillaz.Tests.OpenApi.CheckApi.GetCheck_feature.Check_comment_passes" storage="c:\users\дмитрийбахтенков\skiz\skillaz-backend\src\skillaz.tests\bin\debug\net5.0\skillaz.tests.dll" id="fb410dcc-a854-4f4a-ff5b-f720b762d1c2">
      <Execution id="14a2f069-d697-4fff-a306-f7b9e5fdfc49" />
      <TestMethod codeBase="C:\Users\ДмитрийБахтенков\skiz\skillaz-backend\src\Skillaz.Tests\bin\Debug\net5.0\Skillaz.Tests.dll" adapterTypeName="executor://xunit/VsTestRunner2/netcoreapp" className="Skillaz.Tests.OpenApi.CheckApi.GetCheck_feature" name="Check_comment_passes" />
    </UnitTest>
    <UnitTest name="Skillaz.Tests.CompanySpecific.GazpromNeft.GazpromUploadReferences_feature.Create_correctly_workplace_reference" storage="c:\users\дмитрийбахтенков\skiz\skillaz-backend\src\skillaz.tests\bin\debug\net5.0\skillaz.tests.dll" id="94151b80-6a36-489e-1373-d65d3d0bffd2">
      <Execution id="051c6cb0-c6f7-431f-aae6-765861aec515" />
      <TestMethod codeBase="C:\Users\ДмитрийБахтенков\skiz\skillaz-backend\src\Skillaz.Tests\bin\Debug\net5.0\Skillaz.Tests.dll" adapterTypeName="executor://xunit/VsTestRunner2/netcoreapp" className="Skillaz.Tests.CompanySpecific.GazpromNeft.GazpromUploadReferences_feature" name="Create_correctly_workplace_reference" />
    </UnitTest>
    <UnitTest name="Skillaz.Tests.Authorization.SetUserPasswordCommand_feature.Try_to_set_a_strong_password_must_throw" storage="c:\users\дмитрийбахтенков\skiz\skillaz-backend\src\skillaz.tests\bin\debug\net5.0\skillaz.tests.dll" id="940dbe04-8a6c-9c99-4dec-da0063975efc">
      <Execution id="934edbcf-d4ea-46d2-8405-ed96cc2f1a61" />
      <TestMethod codeBase="C:\Users\ДмитрийБахтенков\skiz\skillaz-backend\src\Skillaz.Tests\bin\Debug\net5.0\Skillaz.Tests.dll" adapterTypeName="executor://xunit/VsTestRunner2/netcoreapp" className="Skillaz.Tests.Authorization.SetUserPasswordCommand_feature" name="Try_to_set_a_strong_password_must_throw" />
    </UnitTest>
    <UnitTest name="Skillaz.Tests.Assessment.Interviews.InterviewStepSwitcherFeature.Create_new_scenario_with_cant_start_from_any_status_check_type_returns_bad_request" storage="c:\users\дмитрийбахтенков\skiz\skillaz-backend\src\skillaz.tests\bin\debug\net5.0\skillaz.tests.dll" id="842ed694-6a02-2297-8b58-c5968f4249cc">
      <Execution id="7ad7c833-7489-45c8-a39f-0ce7fa55ff5d" />
      <TestMethod codeBase="C:\Users\ДмитрийБахтенков\skiz\skillaz-backend\src\Skillaz.Tests\bin\Debug\net5.0\Skillaz.Tests.dll" adapterTypeName="executor://xunit/VsTestRunner2/netcoreapp" className="Skillaz.Tests.Assessment.Interviews.InterviewStepSwitcherFeature" name="Create_new_scenario_with_cant_start_from_any_status_check_type_returns_bad_request" />
    </UnitTest>
    <UnitTest name="Skillaz.Tests.HH.HHCandidateHiddenContacts_feature.HH_Check_that_AutoSearch_job_not_create_candidate" storage="c:\users\дмитрийбахтенков\skiz\skillaz-backend\src\skillaz.tests\bin\debug\net5.0\skillaz.tests.dll" id="00c481fd-4353-d74c-ad9e-c5108af94c6d">
      <Execution id="21c432d0-47ac-4fe3-9775-ef30bf7f15f4" />
      <TestMethod codeBase="C:\Users\ДмитрийБахтенков\skiz\skillaz-backend\src\Skillaz.Tests\bin\Debug\net5.0\Skillaz.Tests.dll" adapterTypeName="executor://xunit/VsTestRunner2/netcoreapp" className="Skillaz.Tests.HH.HHCandidateHiddenContacts_feature" name="HH_Check_that_AutoSearch_job_not_create_candidate" />
    </UnitTest>
    <UnitTest name="Skillaz.Tests.DocumentModels.FieldValueReferences.ObjectListAndInnerObject.Проверить_корректную_работу_сложных_структур_список_и_вложенный_объект" storage="c:\users\дмитрийбахтенков\skiz\skillaz-backend\src\skillaz.tests\bin\debug\net5.0\skillaz.tests.dll" id="0373137f-9dbf-d332-162b-e9aa4f6d5450">
      <Execution id="d6bf87af-2087-4cd5-b753-50bd281e836c" />
      <TestMethod codeBase="C:\Users\ДмитрийБахтенков\skiz\skillaz-backend\src\Skillaz.Tests\bin\Debug\net5.0\Skillaz.Tests.dll" adapterTypeName="executor://xunit/VsTestRunner2/netcoreapp" className="Skillaz.Tests.DocumentModels.FieldValueReferences.ObjectListAndInnerObject" name="Проверить_корректную_работу_сложных_структур_список_и_вложенный_объект" />
    </UnitTest>
    <UnitTest name="Тип определения проверки - 'Последняя успешная'" storage="c:\users\дмитрийбахтенков\skiz\skillaz-backend\src\skillaz.tests\bin\debug\net5.0\skillaz.tests.dll" id="36994a9d-9e82-482a-ed0a-ae49f5dd8835">
      <Execution id="0dc141a7-9980-40ca-9ac5-9aaad42e058e" />
      <TestMethod codeBase="C:\Users\ДмитрийБахтенков\skiz\skillaz-backend\src\Skillaz.Tests\bin\Debug\net5.0\Skillaz.Tests.dll" adapterTypeName="executor://xunit/VsTestRunner2/netcoreapp" className="Skillaz.Tests.Configurator.DocumentModel.DataType.CheckDataType_Feature" name="Check_copy_of_success_run" />
    </UnitTest>
    <UnitTest name="Skillaz.Tests.Request.Mvideo.RequestProfFunnel_feature.Check_prof_request_update_command" storage="c:\users\дмитрийбахтенков\skiz\skillaz-backend\src\skillaz.tests\bin\debug\net5.0\skillaz.tests.dll" id="4a5f74b2-f4b2-a358-042d-566ac426c935">
      <Execution id="1c373878-b451-4c18-b8b5-d6b3181cc121" />
      <TestMethod codeBase="C:\Users\ДмитрийБахтенков\skiz\skillaz-backend\src\Skillaz.Tests\bin\Debug\net5.0\Skillaz.Tests.dll" adapterTypeName="executor://xunit/VsTestRunner2/netcoreapp" className="Skillaz.Tests.Request.Mvideo.RequestProfFunnel_feature" name="Check_prof_request_update_command" />
    </UnitTest>
    <UnitTest name="Skillaz.Tests.CompanySpecific.Decathlon.DecathlonRecruiterSecurityProfile_feature.Getting_allowed_vacancies" storage="c:\users\дмитрийбахтенков\skiz\skillaz-backend\src\skillaz.tests\bin\debug\net5.0\skillaz.tests.dll" id="1fee5870-176b-4b88-c84f-a01bd8c86dbd">
      <Execution id="db783789-10bd-4b24-80ab-726abe487110" />
      <TestMethod codeBase="C:\Users\ДмитрийБахтенков\skiz\skillaz-backend\src\Skillaz.Tests\bin\Debug\net5.0\Skillaz.Tests.dll" adapterTypeName="executor://xunit/VsTestRunner2/netcoreapp" className="Skillaz.Tests.CompanySpecific.Decathlon.DecathlonRecruiterSecurityProfile_feature" name="Getting_allowed_vacancies" />
    </UnitTest>
    <UnitTest name="Skillaz.Tests.CompanySpecific.Mvideo.MvideoTimeZones_feature.Check_Create_ProfVacancy" storage="c:\users\дмитрийбахтенков\skiz\skillaz-backend\src\skillaz.tests\bin\debug\net5.0\skillaz.tests.dll" id="c3cf6f3a-152e-683c-9fe3-13d7b52fe7a9">
      <Execution id="5d304684-2d4d-438e-b51e-9eaf30ba793c" />
      <TestMethod codeBase="C:\Users\ДмитрийБахтенков\skiz\skillaz-backend\src\Skillaz.Tests\bin\Debug\net5.0\Skillaz.Tests.dll" adapterTypeName="executor://xunit/VsTestRunner2/netcoreapp" className="Skillaz.Tests.CompanySpecific.Mvideo.MvideoTimeZones_feature" name="Check_Create_ProfVacancy" />
    </UnitTest>
    <UnitTest name="Skillaz.Tests.Helpers.WorkingDaysHelperFeature.FindProductionDates(dateStrings: [&quot;2020-06-01&quot;, &quot;2020-06-02&quot;, &quot;2020-06-15&quot;, &quot;2020-06-16&quot;, &quot;2020-06-01&quot;, ...])" storage="c:\users\дмитрийбахтенков\skiz\skillaz-backend\src\skillaz.tests\bin\debug\net5.0\skillaz.tests.dll" id="282b37b2-b623-92c5-6e9e-5061d06b8f7a">
      <Execution id="acc99acc-8c09-47c0-8b7c-d55330259f20" />
      <TestMethod codeBase="C:\Users\ДмитрийБахтенков\skiz\skillaz-backend\src\Skillaz.Tests\bin\Debug\net5.0\Skillaz.Tests.dll" adapterTypeName="executor://xunit/VsTestRunner2/netcoreapp" className="Skillaz.Tests.Helpers.WorkingDaysHelperFeature" name="FindProductionDates" />
    </UnitTest>
    <UnitTest name="Skillaz.Tests.Publication.VacancyPublicationRule_feature.Vacancy_publication_rule_not_created_with_two_max_publications_count_for_two_different_templates" storage="c:\users\дмитрийбахтенков\skiz\skillaz-backend\src\skillaz.tests\bin\debug\net5.0\skillaz.tests.dll" id="fa28d1b4-b5e7-7c30-a24a-d8237d3a6ffa">
      <Execution id="2c47773f-010d-4f85-b13f-bf0122a8c626" />
      <TestMethod codeBase="C:\Users\ДмитрийБахтенков\skiz\skillaz-backend\src\Skillaz.Tests\bin\Debug\net5.0\Skillaz.Tests.dll" adapterTypeName="executor://xunit/VsTestRunner2/netcoreapp" className="Skillaz.Tests.Publication.VacancyPublicationRule_feature" name="Vacancy_publication_rule_not_created_with_two_max_publications_count_for_two_different_templates" />
    </UnitTest>
    <UnitTest name="Skillaz.Tests.CompanySpecific.Perekrestok.PerekrestokInterimResponsible_feature.Updating_responsible_id_when_responsible_is_not_interim" storage="c:\users\дмитрийбахтенков\skiz\skillaz-backend\src\skillaz.tests\bin\debug\net5.0\skillaz.tests.dll" id="4369dcf1-5e2f-7531-13b2-59e2fe71e139">
      <Execution id="07412840-0230-4524-892a-7af6b6b601b8" />
      <TestMethod codeBase="C:\Users\ДмитрийБахтенков\skiz\skillaz-backend\src\Skillaz.Tests\bin\Debug\net5.0\Skillaz.Tests.dll" adapterTypeName="executor://xunit/VsTestRunner2/netcoreapp" className="Skillaz.Tests.CompanySpecific.Perekrestok.PerekrestokInterimResponsible_feature" name="Updating_responsible_id_when_responsible_is_not_interim" />
    </UnitTest>
    <UnitTest name="Skillaz.Tests.OpenApi.OpenApiServiceRunTest.UpdateOrgUnitsTest" storage="c:\users\дмитрийбахтенков\skiz\skillaz-backend\src\skillaz.tests\bin\debug\net5.0\skillaz.tests.dll" id="2bf4cb3a-3e49-4b7e-2d2b-d717b51f377f">
      <Execution id="8b3e6004-4a55-4692-889e-903041f79135" />
      <TestMethod codeBase="C:\Users\ДмитрийБахтенков\skiz\skillaz-backend\src\Skillaz.Tests\bin\Debug\net5.0\Skillaz.Tests.dll" adapterTypeName="executor://xunit/VsTestRunner2/netcoreapp" className="Skillaz.Tests.OpenApi.OpenApiServiceRunTest" name="UpdateOrgUnitsTest" />
    </UnitTest>
    <UnitTest name="Skillaz.Tests.Vacancy.VacancyCounters_feature.Multiple_hire_requests_counters_works" storage="c:\users\дмитрийбахтенков\skiz\skillaz-backend\src\skillaz.tests\bin\debug\net5.0\skillaz.tests.dll" id="c22554de-7306-bfd1-5343-49cc0ce99d4f">
      <Execution id="81cc4888-159c-478d-8431-724c956c44f6" />
      <TestMethod codeBase="C:\Users\ДмитрийБахтенков\skiz\skillaz-backend\src\Skillaz.Tests\bin\Debug\net5.0\Skillaz.Tests.dll" adapterTypeName="executor://xunit/VsTestRunner2/netcoreapp" className="Skillaz.Tests.Vacancy.VacancyCounters_feature" name="Multiple_hire_requests_counters_works" />
    </UnitTest>
    <UnitTest name="Skillaz.Tests.Assessment.Questionnaires.ShlQuestionnaire_feature.Getting_a_questionnaire_list" storage="c:\users\дмитрийбахтенков\skiz\skillaz-backend\src\skillaz.tests\bin\debug\net5.0\skillaz.tests.dll" id="df7a440f-ebff-54a7-6065-4028a377c549">
      <Execution id="1a506e42-b5c1-477d-8ab1-45a3307377fe" />
      <TestMethod codeBase="C:\Users\ДмитрийБахтенков\skiz\skillaz-backend\src\Skillaz.Tests\bin\Debug\net5.0\Skillaz.Tests.dll" adapterTypeName="executor://xunit/VsTestRunner2/netcoreapp" className="Skillaz.Tests.Assessment.Questionnaires.ShlQuestionnaire_feature" name="Getting_a_questionnaire_list" />
    </UnitTest>
    <UnitTest name="Skillaz.Tests.CompanySpecific.Uralchem.UralchemSSOAuth_feature.Первая_авторизация_пользователя_используя_SSO_группы" storage="c:\users\дмитрийбахтенков\skiz\skillaz-backend\src\skillaz.tests\bin\debug\net5.0\skillaz.tests.dll" id="234caa0f-178f-80f9-eef9-434b043f97bb">
      <Execution id="be57513d-bc47-43eb-b4da-60420b5caec8" />
      <TestMethod codeBase="C:\Users\ДмитрийБахтенков\skiz\skillaz-backend\src\Skillaz.Tests\bin\Debug\net5.0\Skillaz.Tests.dll" adapterTypeName="executor://xunit/VsTestRunner2/netcoreapp" className="Skillaz.Tests.CompanySpecific.Uralchem.UralchemSSOAuth_feature" name="Первая_авторизация_пользователя_используя_SSO_группы" />
    </UnitTest>
    <UnitTest name="Skillaz.Tests.Configurator.DocumentModel.EnterFormDateTimeWithAddress.Проверить_форму_с_датой_и_адресом" storage="c:\users\дмитрийбахтенков\skiz\skillaz-backend\src\skillaz.tests\bin\debug\net5.0\skillaz.tests.dll" id="ef61d876-f279-e358-d2ca-562dc1c10d1e">
      <Execution id="3f07a8d9-065c-43a3-ba2b-5ad6435d059a" />
      <TestMethod codeBase="C:\Users\ДмитрийБахтенков\skiz\skillaz-backend\src\Skillaz.Tests\bin\Debug\net5.0\Skillaz.Tests.dll" adapterTypeName="executor://xunit/VsTestRunner2/netcoreapp" className="Skillaz.Tests.Configurator.DocumentModel.EnterFormDateTimeWithAddress" name="Проверить_форму_с_датой_и_адресом" />
    </UnitTest>
    <UnitTest name="Skillaz.Tests.Assessment.Interviews.ProActionInterview_feature.Getting_a_pro_action_interview_result" storage="c:\users\дмитрийбахтенков\skiz\skillaz-backend\src\skillaz.tests\bin\debug\net5.0\skillaz.tests.dll" id="b4b5e458-d159-2282-5ef2-e2b9f5d4e2cf">
      <Execution id="1d8953f8-f05f-46ce-8409-9e532207845e" />
      <TestMethod codeBase="C:\Users\ДмитрийБахтенков\skiz\skillaz-backend\src\Skillaz.Tests\bin\Debug\net5.0\Skillaz.Tests.dll" adapterTypeName="executor://xunit/VsTestRunner2/netcoreapp" className="Skillaz.Tests.Assessment.Interviews.ProActionInterview_feature" name="Getting_a_pro_action_interview_result" />
    </UnitTest>
    <UnitTest name="Skillaz.Tests.Configurator.DocumentModel.DocumentModelFieldBuilderFromRegistryRefSource_feature.Simple_object_default_value_from_configurator" storage="c:\users\дмитрийбахтенков\skiz\skillaz-backend\src\skillaz.tests\bin\debug\net5.0\skillaz.tests.dll" id="ee13fd88-d1af-2b20-95d9-e6114b889bed">
      <Execution id="2cf6dab6-b552-4708-ae9a-4c8e2fbf16ed" />
      <TestMethod codeBase="C:\Users\ДмитрийБахтенков\skiz\skillaz-backend\src\Skillaz.Tests\bin\Debug\net5.0\Skillaz.Tests.dll" adapterTypeName="executor://xunit/VsTestRunner2/netcoreapp" className="Skillaz.Tests.Configurator.DocumentModel.DocumentModelFieldBuilderFromRegistryRefSource_feature" name="Simple_object_default_value_from_configurator" />
    </UnitTest>
    <UnitTest name="Skillaz.Tests.Request.X5.X5GetRequestListCommand_feature.If_request_address_is_not_exist_it_should_not_exist_in_result" storage="c:\users\дмитрийбахтенков\skiz\skillaz-backend\src\skillaz.tests\bin\debug\net5.0\skillaz.tests.dll" id="e2096335-9df6-fe35-41db-8340caa0f541">
      <Execution id="d21b567e-ef33-4b82-888c-09e39d979fe9" />
      <TestMethod codeBase="C:\Users\ДмитрийБахтенков\skiz\skillaz-backend\src\Skillaz.Tests\bin\Debug\net5.0\Skillaz.Tests.dll" adapterTypeName="executor://xunit/VsTestRunner2/netcoreapp" className="Skillaz.Tests.Request.X5.X5GetRequestListCommand_feature" name="If_request_address_is_not_exist_it_should_not_exist_in_result" />
    </UnitTest>
    <UnitTest name="Skillaz.Tests.CompanySpecific.Mvideo.MvideoTimeZones_feature.Check_Update_OrgUnits_SetGmt" storage="c:\users\дмитрийбахтенков\skiz\skillaz-backend\src\skillaz.tests\bin\debug\net5.0\skillaz.tests.dll" id="daf53c40-0965-f996-2106-c7a8c6d66a72">
      <Execution id="15d380da-474a-415d-98e9-2d6bb3573f4a" />
      <TestMethod codeBase="C:\Users\ДмитрийБахтенков\skiz\skillaz-backend\src\Skillaz.Tests\bin\Debug\net5.0\Skillaz.Tests.dll" adapterTypeName="executor://xunit/VsTestRunner2/netcoreapp" className="Skillaz.Tests.CompanySpecific.Mvideo.MvideoTimeZones_feature" name="Check_Update_OrgUnits_SetGmt" />
    </UnitTest>
    <UnitTest name="Skillaz.Tests.Users.UserController_feature.RoleCandidateFilterServiceCreate" storage="c:\users\дмитрийбахтенков\skiz\skillaz-backend\src\skillaz.tests\bin\debug\net5.0\skillaz.tests.dll" id="3e045f05-f3ff-0418-fe82-83ddd72b1a42">
      <Execution id="7f4c49f7-1ce8-4fa1-95c7-c101df928e37" />
      <TestMethod codeBase="C:\Users\ДмитрийБахтенков\skiz\skillaz-backend\src\Skillaz.Tests\bin\Debug\net5.0\Skillaz.Tests.dll" adapterTypeName="executor://xunit/VsTestRunner2/netcoreapp" className="Skillaz.Tests.Users.UserController_feature" name="RoleCandidateFilterServiceCreate" />
    </UnitTest>
    <UnitTest name="Skillaz.Tests.OrgUnit.OrgUnitHierarchy_feature.Create_org_unit_with_multi_hierarchy" storage="c:\users\дмитрийбахтенков\skiz\skillaz-backend\src\skillaz.tests\bin\debug\net5.0\skillaz.tests.dll" id="6d93d345-f748-8d53-d9ce-97499bc73592">
      <Execution id="1a97d45d-4ce2-4155-af88-f46bb1f7b299" />
      <TestMethod codeBase="C:\Users\ДмитрийБахтенков\skiz\skillaz-backend\src\Skillaz.Tests\bin\Debug\net5.0\Skillaz.Tests.dll" adapterTypeName="executor://xunit/VsTestRunner2/netcoreapp" className="Skillaz.Tests.OrgUnit.OrgUnitHierarchy_feature" name="Create_org_unit_with_multi_hierarchy" />
    </UnitTest>
    <UnitTest name="Skillaz.Tests.Candidate.CandidateProcessMemberNotifications_feature.Notification_request_candidate_sms" storage="c:\users\дмитрийбахтенков\skiz\skillaz-backend\src\skillaz.tests\bin\debug\net5.0\skillaz.tests.dll" id="7a13cfe4-d6ff-43f7-c97b-4d8c6f6a1310">
      <Execution id="e8a63054-fd04-41c9-9543-e0d8ac21d840" />
      <TestMethod codeBase="C:\Users\ДмитрийБахтенков\skiz\skillaz-backend\src\Skillaz.Tests\bin\Debug\net5.0\Skillaz.Tests.dll" adapterTypeName="executor://xunit/VsTestRunner2/netcoreapp" className="Skillaz.Tests.Candidate.CandidateProcessMemberNotifications_feature" name="Notification_request_candidate_sms" />
    </UnitTest>
    <UnitTest name="Skillaz.Tests.DocumentModels.ConvertToDocument.ConvertToDocument_FromUsers_feature.Проверить_ConvertToDocument_в_FromUsers" storage="c:\users\дмитрийбахтенков\skiz\skillaz-backend\src\skillaz.tests\bin\debug\net5.0\skillaz.tests.dll" id="fcb2a14f-7561-9359-add7-246738fd4eb3">
      <Execution id="acecc299-b263-40c0-a525-19c20a5e1616" />
      <TestMethod codeBase="C:\Users\ДмитрийБахтенков\skiz\skillaz-backend\src\Skillaz.Tests\bin\Debug\net5.0\Skillaz.Tests.dll" adapterTypeName="executor://xunit/VsTestRunner2/netcoreapp" className="Skillaz.Tests.DocumentModels.ConvertToDocument.ConvertToDocument_FromUsers_feature" name="Проверить_ConvertToDocument_в_FromUsers" />
    </UnitTest>
    <UnitTest name="Skillaz.Tests.DocumentModels.ConvertToDocument.ConvertToDocument_FromOrgUnits_feature.Проверить_ConvertToDocument_в_FromOrgUnits" storage="c:\users\дмитрийбахтенков\skiz\skillaz-backend\src\skillaz.tests\bin\debug\net5.0\skillaz.tests.dll" id="c40f62b1-400d-c6a2-05e8-6340210cbacf">
      <Execution id="28c9deaf-0f9a-4f42-a971-ef5ae816b66a" />
      <TestMethod codeBase="C:\Users\ДмитрийБахтенков\skiz\skillaz-backend\src\Skillaz.Tests\bin\Debug\net5.0\Skillaz.Tests.dll" adapterTypeName="executor://xunit/VsTestRunner2/netcoreapp" className="Skillaz.Tests.DocumentModels.ConvertToDocument.ConvertToDocument_FromOrgUnits_feature" name="Проверить_ConvertToDocument_в_FromOrgUnits" />
    </UnitTest>
    <UnitTest name="Skillaz.Tests.Infra.GetNonRandomizedHashCode.Test(str: &quot;abc&quot;, hash: 536991770)" storage="c:\users\дмитрийбахтенков\skiz\skillaz-backend\src\skillaz.tests\bin\debug\net5.0\skillaz.tests.dll" id="da5621f5-091a-cda6-7856-c4003bc4a02c">
      <Execution id="f16d4c44-021c-4836-a6b8-efcb7262da6d" />
      <TestMethod codeBase="C:\Users\ДмитрийБахтенков\skiz\skillaz-backend\src\Skillaz.Tests\bin\Debug\net5.0\Skillaz.Tests.dll" adapterTypeName="executor://xunit/VsTestRunner2/netcoreapp" className="Skillaz.Tests.Infra.GetNonRandomizedHashCode" name="Test" />
    </UnitTest>
    <UnitTest name="Skillaz.Tests.Configurator.Deduplication.UpdateCandidateByRuleTest.Check_Action_UpdateSource_AddWay_Negotiations_Set_Fields_Source_Other" storage="c:\users\дмитрийбахтенков\skiz\skillaz-backend\src\skillaz.tests\bin\debug\net5.0\skillaz.tests.dll" id="9fbd6612-8a6a-cb70-1973-9237969a560b">
      <Execution id="a9490fd7-52da-4426-be1c-bfb966f1106d" />
      <TestMethod codeBase="C:\Users\ДмитрийБахтенков\skiz\skillaz-backend\src\Skillaz.Tests\bin\Debug\net5.0\Skillaz.Tests.dll" adapterTypeName="executor://xunit/VsTestRunner2/netcoreapp" className="Skillaz.Tests.Configurator.Deduplication.UpdateCandidateByRuleTest" name="Check_Action_UpdateSource_AddWay_Negotiations_Set_Fields_Source_Other" />
    </UnitTest>
    <UnitTest name="Skillaz.Tests.Configurator.ConfigurationManager.ConfigurationImportExport_feature.Import_configurations_correctly_created" storage="c:\users\дмитрийбахтенков\skiz\skillaz-backend\src\skillaz.tests\bin\debug\net5.0\skillaz.tests.dll" id="c994d991-0d89-6402-f68c-26a97ab00a7f">
      <Execution id="dc9dfea0-e0f7-4f2d-b47e-6f1803eb2177" />
      <TestMethod codeBase="C:\Users\ДмитрийБахтенков\skiz\skillaz-backend\src\Skillaz.Tests\bin\Debug\net5.0\Skillaz.Tests.dll" adapterTypeName="executor://xunit/VsTestRunner2/netcoreapp" className="Skillaz.Tests.Configurator.ConfigurationManager.ConfigurationImportExport_feature" name="Import_configurations_correctly_created" />
    </UnitTest>
    <UnitTest name="Skillaz.Tests.Assessment.Interviews.SimulationInterview_feature.Switching_a_video_interview_step" storage="c:\users\дмитрийбахтенков\skiz\skillaz-backend\src\skillaz.tests\bin\debug\net5.0\skillaz.tests.dll" id="7628da23-5ea6-ac25-9666-38ffc3ca7c0e">
      <Execution id="f9e91f64-ccfe-4921-87f6-91db69c80590" />
      <TestMethod codeBase="C:\Users\ДмитрийБахтенков\skiz\skillaz-backend\src\Skillaz.Tests\bin\Debug\net5.0\Skillaz.Tests.dll" adapterTypeName="executor://xunit/VsTestRunner2/netcoreapp" className="Skillaz.Tests.Assessment.Interviews.SimulationInterview_feature" name="Switching_a_video_interview_step" />
    </UnitTest>
    <UnitTest name="Skillaz.Tests.OpenApi.HireRequestOpenApi.FindRequests_feature.Request_filter_with_external_ids" storage="c:\users\дмитрийбахтенков\skiz\skillaz-backend\src\skillaz.tests\bin\debug\net5.0\skillaz.tests.dll" id="d537d5d5-5b52-80d5-1b17-6fd29b10aabb">
      <Execution id="2bbf3cef-85ee-4d8c-ab99-524784974097" />
      <TestMethod codeBase="C:\Users\ДмитрийБахтенков\skiz\skillaz-backend\src\Skillaz.Tests\bin\Debug\net5.0\Skillaz.Tests.dll" adapterTypeName="executor://xunit/VsTestRunner2/netcoreapp" className="Skillaz.Tests.OpenApi.HireRequestOpenApi.FindRequests_feature" name="Request_filter_with_external_ids" />
    </UnitTest>
    <UnitTest name="Skillaz.Tests.JobRequisition.JobRequisition_feature.Get_hire_request_by_vacancy_Id" storage="c:\users\дмитрийбахтенков\skiz\skillaz-backend\src\skillaz.tests\bin\debug\net5.0\skillaz.tests.dll" id="82db9127-b50b-1d57-a8d8-189433751ea3">
      <Execution id="13a844f2-0200-4f83-887e-7131684e632e" />
      <TestMethod codeBase="C:\Users\ДмитрийБахтенков\skiz\skillaz-backend\src\Skillaz.Tests\bin\Debug\net5.0\Skillaz.Tests.dll" adapterTypeName="executor://xunit/VsTestRunner2/netcoreapp" className="Skillaz.Tests.JobRequisition.JobRequisition_feature" name="Get_hire_request_by_vacancy_Id" />
    </UnitTest>
    <UnitTest name="Skillaz.Tests.DocumentModels.ConvertToDocument.ConvertToDocument_FromRegistry_feature.Проверить_ConvertToDocument_в_FromRegistry" storage="c:\users\дмитрийбахтенков\skiz\skillaz-backend\src\skillaz.tests\bin\debug\net5.0\skillaz.tests.dll" id="54628fbc-3866-2a98-ed83-12b3fa799ac3">
      <Execution id="df519c67-146b-4882-b7bb-888e12de6754" />
      <TestMethod codeBase="C:\Users\ДмитрийБахтенков\skiz\skillaz-backend\src\Skillaz.Tests\bin\Debug\net5.0\Skillaz.Tests.dll" adapterTypeName="executor://xunit/VsTestRunner2/netcoreapp" className="Skillaz.Tests.DocumentModels.ConvertToDocument.ConvertToDocument_FromRegistry_feature" name="Проверить_ConvertToDocument_в_FromRegistry" />
    </UnitTest>
    <UnitTest name="Skillaz.Tests.DocumentModels.FieldValueComparerTests.StringComparison(firstValue: &quot;Abc&quot;, secondValue: &quot;abc&quot;, result: False)" storage="c:\users\дмитрийбахтенков\skiz\skillaz-backend\src\skillaz.tests\bin\debug\net5.0\skillaz.tests.dll" id="eb664498-e24b-01f6-3ff0-41a6a53d54fa">
      <Execution id="aa8eb87f-dfbc-45c7-86fe-6c3305624232" />
      <TestMethod codeBase="C:\Users\ДмитрийБахтенков\skiz\skillaz-backend\src\Skillaz.Tests\bin\Debug\net5.0\Skillaz.Tests.dll" adapterTypeName="executor://xunit/VsTestRunner2/netcoreapp" className="Skillaz.Tests.DocumentModels.FieldValueComparerTests" name="StringComparison" />
    </UnitTest>
    <UnitTest name="Skillaz.Tests.Assessment.Questionnaires.AudioQuestionnaire_feature.Getting_a_questionnaire" storage="c:\users\дмитрийбахтенков\skiz\skillaz-backend\src\skillaz.tests\bin\debug\net5.0\skillaz.tests.dll" id="8c3fc4ad-b702-bcba-b791-90079a9f1a6a">
      <Execution id="f057dced-27d0-4baa-8bd3-9d4315b76bd9" />
      <TestMethod codeBase="C:\Users\ДмитрийБахтенков\skiz\skillaz-backend\src\Skillaz.Tests\bin\Debug\net5.0\Skillaz.Tests.dll" adapterTypeName="executor://xunit/VsTestRunner2/netcoreapp" className="Skillaz.Tests.Assessment.Questionnaires.AudioQuestionnaire_feature" name="Getting_a_questionnaire" />
    </UnitTest>
    <UnitTest name="Skillaz.Tests.OrgUnit.OrgUnitExternalIdTests.Test_candidateProfile_update_with_existed_externalId" storage="c:\users\дмитрийбахтенков\skiz\skillaz-backend\src\skillaz.tests\bin\debug\net5.0\skillaz.tests.dll" id="fba06a8a-b572-e10f-39c3-602938f7b903">
      <Execution id="b3c7fcb1-9878-4a8c-ab27-9ddf639321e5" />
      <TestMethod codeBase="C:\Users\ДмитрийБахтенков\skiz\skillaz-backend\src\Skillaz.Tests\bin\Debug\net5.0\Skillaz.Tests.dll" adapterTypeName="executor://xunit/VsTestRunner2/netcoreapp" className="Skillaz.Tests.OrgUnit.OrgUnitExternalIdTests" name="Test_candidateProfile_update_with_existed_externalId" />
    </UnitTest>
    <UnitTest name="Skillaz.Tests.HH.HHWebhook_feature.HH_NewNegotiationMessageCalled" storage="c:\users\дмитрийбахтенков\skiz\skillaz-backend\src\skillaz.tests\bin\debug\net5.0\skillaz.tests.dll" id="ce04b6f0-f473-6ce9-e0ce-44a067b4690a">
      <Execution id="d3bb156f-3e4b-4aac-94bc-6f8189ecabff" />
      <TestMethod codeBase="C:\Users\ДмитрийБахтенков\skiz\skillaz-backend\src\Skillaz.Tests\bin\Debug\net5.0\Skillaz.Tests.dll" adapterTypeName="executor://xunit/VsTestRunner2/netcoreapp" className="Skillaz.Tests.HH.HHWebhook_feature" name="HH_NewNegotiationMessageCalled" />
    </UnitTest>
    <UnitTest name="Skillaz.Tests.TaskTracker.HireRequests.TaskProcess_HireRequest_feature.Successful_process_for_hire_request_state_changed" storage="c:\users\дмитрийбахтенков\skiz\skillaz-backend\src\skillaz.tests\bin\debug\net5.0\skillaz.tests.dll" id="919d9923-a098-5f2d-2319-9e5f93755003">
      <Execution id="003746d1-c4e5-40f2-b67c-d54f7797182a" />
      <TestMethod codeBase="C:\Users\ДмитрийБахтенков\skiz\skillaz-backend\src\Skillaz.Tests\bin\Debug\net5.0\Skillaz.Tests.dll" adapterTypeName="executor://xunit/VsTestRunner2/netcoreapp" className="Skillaz.Tests.TaskTracker.HireRequests.TaskProcess_HireRequest_feature" name="Successful_process_for_hire_request_state_changed" />
    </UnitTest>
    <UnitTest name="Skillaz.Tests.Request.HireRequestRefsOrgUnitPosition_feature.Link_a_hire_request_to_org_unit_position" storage="c:\users\дмитрийбахтенков\skiz\skillaz-backend\src\skillaz.tests\bin\debug\net5.0\skillaz.tests.dll" id="c4483b90-a31d-ede8-3f8b-e2ea5311fbd6">
      <Execution id="ad677c28-9bdc-4df9-9073-858039ad14cb" />
      <TestMethod codeBase="C:\Users\ДмитрийБахтенков\skiz\skillaz-backend\src\Skillaz.Tests\bin\Debug\net5.0\Skillaz.Tests.dll" adapterTypeName="executor://xunit/VsTestRunner2/netcoreapp" className="Skillaz.Tests.Request.HireRequestRefsOrgUnitPosition_feature" name="Link_a_hire_request_to_org_unit_position" />
    </UnitTest>
    <UnitTest name="Skillaz.Tests.DocumentModels.ViewModels.DocumentModelWithBatchLoaderFeature.Проверка_заполнения_полей_text_с_batch" storage="c:\users\дмитрийбахтенков\skiz\skillaz-backend\src\skillaz.tests\bin\debug\net5.0\skillaz.tests.dll" id="79517d9a-c10b-f5e3-616b-40435aec7ac1">
      <Execution id="fafe12e1-75b8-4b24-b9dc-ed11c5ba0b06" />
      <TestMethod codeBase="C:\Users\ДмитрийБахтенков\skiz\skillaz-backend\src\Skillaz.Tests\bin\Debug\net5.0\Skillaz.Tests.dll" adapterTypeName="executor://xunit/VsTestRunner2/netcoreapp" className="Skillaz.Tests.DocumentModels.ViewModels.DocumentModelWithBatchLoaderFeature" name="Проверка_заполнения_полей_text_с_batch" />
    </UnitTest>
    <UnitTest name="Skillaz.Tests.Configurator.Deduplication.StrategySelecting.Без_конфигуратора_загружаются_стратегии_из_кода" storage="c:\users\дмитрийбахтенков\skiz\skillaz-backend\src\skillaz.tests\bin\debug\net5.0\skillaz.tests.dll" id="97f9054b-8b90-87a0-ff5a-24de4a1d98fb">
      <Execution id="6d0b9a5e-3399-4e10-ba10-562e8697394c" />
      <TestMethod codeBase="C:\Users\ДмитрийБахтенков\skiz\skillaz-backend\src\Skillaz.Tests\bin\Debug\net5.0\Skillaz.Tests.dll" adapterTypeName="executor://xunit/VsTestRunner2/netcoreapp" className="Skillaz.Tests.Configurator.Deduplication.StrategySelecting" name="Без_конфигуратора_загружаются_стратегии_из_кода" />
    </UnitTest>
    <UnitTest name="Skillaz.Tests.Configurator.SecurityProfile.ConfiguratorSecurityProfileRequest_feature.Request_is_available_to_user_without_confidential_elastic" storage="c:\users\дмитрийбахтенков\skiz\skillaz-backend\src\skillaz.tests\bin\debug\net5.0\skillaz.tests.dll" id="45a7a009-9bb3-0ea6-366a-60a5606f98dd">
      <Execution id="04a18dc3-9c87-45b0-85be-acb2520dfe1b" />
      <TestMethod codeBase="C:\Users\ДмитрийБахтенков\skiz\skillaz-backend\src\Skillaz.Tests\bin\Debug\net5.0\Skillaz.Tests.dll" adapterTypeName="executor://xunit/VsTestRunner2/netcoreapp" className="Skillaz.Tests.Configurator.SecurityProfile.ConfiguratorSecurityProfileRequest_feature" name="Request_is_available_to_user_without_confidential_elastic" />
    </UnitTest>
    <UnitTest name="Skillaz.Tests.Helpers.WorkingDaysHelperFeature.FindProductionDates(dateStrings: [&quot;2020-08-01&quot;, &quot;2020-08-02&quot;, &quot;2020-08-15&quot;, &quot;2020-08-16&quot;, &quot;2020-08-03&quot;, ...])" storage="c:\users\дмитрийбахтенков\skiz\skillaz-backend\src\skillaz.tests\bin\debug\net5.0\skillaz.tests.dll" id="a6417458-0d03-cf81-81fa-b5a56f1aa985">
      <Execution id="f5b314cc-bdb5-4727-8488-d63a2620e7e9" />
      <TestMethod codeBase="C:\Users\ДмитрийБахтенков\skiz\skillaz-backend\src\Skillaz.Tests\bin\Debug\net5.0\Skillaz.Tests.dll" adapterTypeName="executor://xunit/VsTestRunner2/netcoreapp" className="Skillaz.Tests.Helpers.WorkingDaysHelperFeature" name="FindProductionDates" />
    </UnitTest>
    <UnitTest name="Генерация ссылки для витрины с фильтрами(key: &quot;/showcase&amp;Ids[]=1&amp;Ids[]=2&amp;Ids[]=3&quot;)" storage="c:\users\дмитрийбахтенков\skiz\skillaz-backend\src\skillaz.tests\bin\debug\net5.0\skillaz.tests.dll" id="2c04cd83-0515-24c2-6b62-5216913baa1d">
      <Execution id="19ab4b29-e7b2-4757-894a-078789606a43" />
      <TestMethod codeBase="C:\Users\ДмитрийБахтенков\skiz\skillaz-backend\src\Skillaz.Tests\bin\Debug\net5.0\Skillaz.Tests.dll" adapterTypeName="executor://xunit/VsTestRunner2/netcoreapp" className="Skillaz.Tests.Common.CandidateToShowcaseUrl_feature" name="FindProductionDateForEndDate" />
    </UnitTest>
    <UnitTest name="Skillaz.Tests.Notifications.CustomNotifications_feature.Check_if_user_doesnt_want_to_send_notification" storage="c:\users\дмитрийбахтенков\skiz\skillaz-backend\src\skillaz.tests\bin\debug\net5.0\skillaz.tests.dll" id="baa7c8a3-1ca1-37af-f055-9c353b12bdf9">
      <Execution id="a9c96b68-6476-4b33-903a-defbebb10604" />
      <TestMethod codeBase="C:\Users\ДмитрийБахтенков\skiz\skillaz-backend\src\Skillaz.Tests\bin\Debug\net5.0\Skillaz.Tests.dll" adapterTypeName="executor://xunit/VsTestRunner2/netcoreapp" className="Skillaz.Tests.Notifications.CustomNotifications_feature" name="Check_if_user_doesnt_want_to_send_notification" />
    </UnitTest>
    <UnitTest name="Skillaz.Tests.Request.HireRequestRefsOrgUnitPosition_feature.Switch_hire_request_step" storage="c:\users\дмитрийбахтенков\skiz\skillaz-backend\src\skillaz.tests\bin\debug\net5.0\skillaz.tests.dll" id="a70ccb20-5341-9f11-7f0c-34212fbe87cf">
      <Execution id="01b66504-885e-4b47-9bb6-45f69cc53d6d" />
      <TestMethod codeBase="C:\Users\ДмитрийБахтенков\skiz\skillaz-backend\src\Skillaz.Tests\bin\Debug\net5.0\Skillaz.Tests.dll" adapterTypeName="executor://xunit/VsTestRunner2/netcoreapp" className="Skillaz.Tests.Request.HireRequestRefsOrgUnitPosition_feature" name="Switch_hire_request_step" />
    </UnitTest>
    <UnitTest name="Skillaz.Tests.OpenApi.CheckApi.GetCheckPdf_feature.Get_candidate_check_pdf_with_null_checkId" storage="c:\users\дмитрийбахтенков\skiz\skillaz-backend\src\skillaz.tests\bin\debug\net5.0\skillaz.tests.dll" id="79c03ac8-90c4-f219-aac2-f08446e534fd">
      <Execution id="3ca45f5e-88e5-42cc-ad69-6dfe2eb060a7" />
      <TestMethod codeBase="C:\Users\ДмитрийБахтенков\skiz\skillaz-backend\src\Skillaz.Tests\bin\Debug\net5.0\Skillaz.Tests.dll" adapterTypeName="executor://xunit/VsTestRunner2/netcoreapp" className="Skillaz.Tests.OpenApi.CheckApi.GetCheckPdf_feature" name="Get_candidate_check_pdf_with_null_checkId" />
    </UnitTest>
    <UnitTest name="Skillaz.Tests.Assessment.Questionnaires.BranchTrackQuestionnaire_feature.Updating_a_questionnaire" storage="c:\users\дмитрийбахтенков\skiz\skillaz-backend\src\skillaz.tests\bin\debug\net5.0\skillaz.tests.dll" id="d6cee6f7-0e6e-2da4-d0bb-04e464cef206">
      <Execution id="5893d1a3-21cf-4d2d-8525-a7594ac4d461" />
      <TestMethod codeBase="C:\Users\ДмитрийБахтенков\skiz\skillaz-backend\src\Skillaz.Tests\bin\Debug\net5.0\Skillaz.Tests.dll" adapterTypeName="executor://xunit/VsTestRunner2/netcoreapp" className="Skillaz.Tests.Assessment.Questionnaires.BranchTrackQuestionnaire_feature" name="Updating_a_questionnaire" />
    </UnitTest>
    <UnitTest name="Skillaz.Tests.DocumentModels.FieldValueComparerTests.StringComparison(firstValue: &quot;abcdef&quot;, secondValue: &quot;abcdef&quot;, result: True)" storage="c:\users\дмитрийбахтенков\skiz\skillaz-backend\src\skillaz.tests\bin\debug\net5.0\skillaz.tests.dll" id="4097862a-62ae-0ced-0f79-31dba3df6660">
      <Execution id="1efd93c8-9a59-4148-a2c2-cee0df220eb6" />
      <TestMethod codeBase="C:\Users\ДмитрийБахтенков\skiz\skillaz-backend\src\Skillaz.Tests\bin\Debug\net5.0\Skillaz.Tests.dll" adapterTypeName="executor://xunit/VsTestRunner2/netcoreapp" className="Skillaz.Tests.DocumentModels.FieldValueComparerTests" name="StringComparison" />
    </UnitTest>
    <UnitTest name="Skillaz.Tests.Mongo.MongoFilterTests.Mongo_filter_converter_works(originalFilter: &quot;{ A: [{ B: [1, 2, 3] }, {C: [4, 5, 6]}], D: new Da&quot;..., filterPattern: &quot;{ \&quot;A\&quot; : [{ \&quot;B\&quot; : [1] }, { \&quot;C\&quot; : [1] }], \&quot;D\&quot;...)" storage="c:\users\дмитрийбахтенков\skiz\skillaz-backend\src\skillaz.tests\bin\debug\net5.0\skillaz.tests.dll" id="fd47e646-622d-8155-e110-e7260a0ea270">
      <Execution id="bb5a06f6-3045-4adc-8617-4cdace9a9d6e" />
      <TestMethod codeBase="C:\Users\ДмитрийБахтенков\skiz\skillaz-backend\src\Skillaz.Tests\bin\Debug\net5.0\Skillaz.Tests.dll" adapterTypeName="executor://xunit/VsTestRunner2/netcoreapp" className="Skillaz.Tests.Mongo.MongoFilterTests" name="Mongo_filter_converter_works" />
    </UnitTest>
    <UnitTest name="Skillaz.Tests.Controllers.Controllers_feature.Check_endpoints_duplicates" storage="c:\users\дмитрийбахтенков\skiz\skillaz-backend\src\skillaz.tests\bin\debug\net5.0\skillaz.tests.dll" id="9b6250b3-8447-932a-3233-024575ad8065">
      <Execution id="9920b8e4-87b2-43bf-a8f2-2a43d07a83c0" />
      <TestMethod codeBase="C:\Users\ДмитрийБахтенков\skiz\skillaz-backend\src\Skillaz.Tests\bin\Debug\net5.0\Skillaz.Tests.dll" adapterTypeName="executor://xunit/VsTestRunner2/netcoreapp" className="Skillaz.Tests.Controllers.Controllers_feature" name="Check_endpoints_duplicates" />
    </UnitTest>
    <UnitTest name="Skillaz.Tests.AsyncEnumerable.AsyncEnumerableTests.Parallel_for_each_handles_exception_in_producer" storage="c:\users\дмитрийбахтенков\skiz\skillaz-backend\src\skillaz.tests\bin\debug\net5.0\skillaz.tests.dll" id="7c8482cd-d475-ea98-74e5-73732285f793">
      <Execution id="2df418f7-4f19-4a43-b175-1919f3fc9480" />
      <TestMethod codeBase="C:\Users\ДмитрийБахтенков\skiz\skillaz-backend\src\Skillaz.Tests\bin\Debug\net5.0\Skillaz.Tests.dll" adapterTypeName="executor://xunit/VsTestRunner2/netcoreapp" className="Skillaz.Tests.AsyncEnumerable.AsyncEnumerableTests" name="Parallel_for_each_handles_exception_in_producer" />
    </UnitTest>
    <UnitTest name="Skillaz.Tests.CompanySpecific.X5.X5CandidatesBlockerStore_feature.Should_reset_all_security_checks_and_resolution" storage="c:\users\дмитрийбахтенков\skiz\skillaz-backend\src\skillaz.tests\bin\debug\net5.0\skillaz.tests.dll" id="d1e527af-35d2-5f52-9e1a-a77ab5146b5e">
      <Execution id="a165d6ab-cad8-4a6d-9be8-3466b2459d5c" />
      <TestMethod codeBase="C:\Users\ДмитрийБахтенков\skiz\skillaz-backend\src\Skillaz.Tests\bin\Debug\net5.0\Skillaz.Tests.dll" adapterTypeName="executor://xunit/VsTestRunner2/netcoreapp" className="Skillaz.Tests.CompanySpecific.X5.X5CandidatesBlockerStore_feature" name="Should_reset_all_security_checks_and_resolution" />
    </UnitTest>
    <UnitTest name="Skillaz.Tests.TaskTracker.TaskDashboardController_feature.OpenTask(assigneeUser: &quot;UserId&quot;, status: AssignedToOther, addHours: -1, taskStatus: Created)" storage="c:\users\дмитрийбахтенков\skiz\skillaz-backend\src\skillaz.tests\bin\debug\net5.0\skillaz.tests.dll" id="c1b1101b-8c50-6e3d-2f4d-52b44c2165c5">
      <Execution id="f8bdf564-9a63-45fe-bbf1-f0ae466b13f1" />
      <TestMethod codeBase="C:\Users\ДмитрийБахтенков\skiz\skillaz-backend\src\Skillaz.Tests\bin\Debug\net5.0\Skillaz.Tests.dll" adapterTypeName="executor://xunit/VsTestRunner2/netcoreapp" className="Skillaz.Tests.TaskTracker.TaskDashboardController_feature" name="OpenTask" />
    </UnitTest>
    <UnitTest name="Skillaz.Tests.CompanySpecific.Mvideo.MvideoOrgUnitIsInHold_feature.OrgUnit_IsInHold_field_sets_true_when_all_vacancies_is_true" storage="c:\users\дмитрийбахтенков\skiz\skillaz-backend\src\skillaz.tests\bin\debug\net5.0\skillaz.tests.dll" id="e99b4445-ae99-60c6-37e9-cd92bcb420bd">
      <Execution id="47c5fe4e-4653-46b2-8677-049518873656" />
      <TestMethod codeBase="C:\Users\ДмитрийБахтенков\skiz\skillaz-backend\src\Skillaz.Tests\bin\Debug\net5.0\Skillaz.Tests.dll" adapterTypeName="executor://xunit/VsTestRunner2/netcoreapp" className="Skillaz.Tests.CompanySpecific.Mvideo.MvideoOrgUnitIsInHold_feature" name="OrgUnit_IsInHold_field_sets_true_when_all_vacancies_is_true" />
    </UnitTest>
    <UnitTest name="Skillaz.Tests.Authorization.AuthAccessHelper_feature.Проверить_рекомендации_по_смене_компании_для_простых_пользователей" storage="c:\users\дмитрийбахтенков\skiz\skillaz-backend\src\skillaz.tests\bin\debug\net5.0\skillaz.tests.dll" id="acf98975-fdd1-a7d7-a5e8-bb1c6ce38c93">
      <Execution id="6010f765-16d5-4181-9e1f-0c6a12204034" />
      <TestMethod codeBase="C:\Users\ДмитрийБахтенков\skiz\skillaz-backend\src\Skillaz.Tests\bin\Debug\net5.0\Skillaz.Tests.dll" adapterTypeName="executor://xunit/VsTestRunner2/netcoreapp" className="Skillaz.Tests.Authorization.AuthAccessHelper_feature" name="Проверить_рекомендации_по_смене_компании_для_простых_пользователей" />
    </UnitTest>
    <UnitTest name="Skillaz.Tests.Configurator.Deduplication.UpdateCandidateByRuleTest.Check_Action_DisplayMessage" storage="c:\users\дмитрийбахтенков\skiz\skillaz-backend\src\skillaz.tests\bin\debug\net5.0\skillaz.tests.dll" id="8cd5ddd9-05e2-d26c-710a-53354f1e7ec1">
      <Execution id="4f69170c-1ca2-4eef-bb70-2b6cfa92793a" />
      <TestMethod codeBase="C:\Users\ДмитрийБахтенков\skiz\skillaz-backend\src\Skillaz.Tests\bin\Debug\net5.0\Skillaz.Tests.dll" adapterTypeName="executor://xunit/VsTestRunner2/netcoreapp" className="Skillaz.Tests.Configurator.Deduplication.UpdateCandidateByRuleTest" name="Check_Action_DisplayMessage" />
    </UnitTest>
    <UnitTest name="Skillaz.Tests.CompanySpecific.Perekrestok.PerekrestokRequestPriority_feature.Calculation_request_priority(supermarketType: &quot;Действующий супермаркет&quot;, requestVl: 100, employmentCandidateCount: 0, employmentFinishedCandidateCount: 0, interviewCandidateCount: 10, requestPriority: Low)" storage="c:\users\дмитрийбахтенков\skiz\skillaz-backend\src\skillaz.tests\bin\debug\net5.0\skillaz.tests.dll" id="2bc1e677-0b40-9af5-6dfa-bae1be22c0b8">
      <Execution id="09096147-980f-44eb-aead-490f8eed48bb" />
      <TestMethod codeBase="C:\Users\ДмитрийБахтенков\skiz\skillaz-backend\src\Skillaz.Tests\bin\Debug\net5.0\Skillaz.Tests.dll" adapterTypeName="executor://xunit/VsTestRunner2/netcoreapp" className="Skillaz.Tests.CompanySpecific.Perekrestok.PerekrestokRequestPriority_feature" name="Calculation_request_priority" />
    </UnitTest>
    <UnitTest name="Skillaz.Tests.Candidate.Ratings.Ratings_feature.Update_rating_name" storage="c:\users\дмитрийбахтенков\skiz\skillaz-backend\src\skillaz.tests\bin\debug\net5.0\skillaz.tests.dll" id="98ee0fb9-02ed-f015-f1ef-fcdee11fc612">
      <Execution id="7bf81123-d525-45f4-ba4e-e5e9da326911" />
      <TestMethod codeBase="C:\Users\ДмитрийБахтенков\skiz\skillaz-backend\src\Skillaz.Tests\bin\Debug\net5.0\Skillaz.Tests.dll" adapterTypeName="executor://xunit/VsTestRunner2/netcoreapp" className="Skillaz.Tests.Candidate.Ratings.Ratings_feature" name="Update_rating_name" />
    </UnitTest>
    <UnitTest name="Skillaz.Tests.DocumentModels.ObjectListIdStoring.Проверить_что_во_вложенных_списках_корректно_сохраняются_id_при_редактировании" storage="c:\users\дмитрийбахтенков\skiz\skillaz-backend\src\skillaz.tests\bin\debug\net5.0\skillaz.tests.dll" id="942e8bc9-4e4f-c4f2-bc6d-ecea5e6b7015">
      <Execution id="75164c08-246a-4fb7-bd5d-a297db0c0363" />
      <TestMethod codeBase="C:\Users\ДмитрийБахтенков\skiz\skillaz-backend\src\Skillaz.Tests\bin\Debug\net5.0\Skillaz.Tests.dll" adapterTypeName="executor://xunit/VsTestRunner2/netcoreapp" className="Skillaz.Tests.DocumentModels.ObjectListIdStoring" name="Проверить_что_во_вложенных_списках_корректно_сохраняются_id_при_редактировании" />
    </UnitTest>
    <UnitTest name="Skillaz.Tests.OpenApi.OrgStructureApi.OrgEntityStateChange_feature.Org_unit_position_activating_archived" storage="c:\users\дмитрийбахтенков\skiz\skillaz-backend\src\skillaz.tests\bin\debug\net5.0\skillaz.tests.dll" id="2567cb21-220e-9709-c058-5cc7816c33d9">
      <Execution id="321f320b-c5a9-48f1-a49d-db70a0f50e93" />
      <TestMethod codeBase="C:\Users\ДмитрийБахтенков\skiz\skillaz-backend\src\Skillaz.Tests\bin\Debug\net5.0\Skillaz.Tests.dll" adapterTypeName="executor://xunit/VsTestRunner2/netcoreapp" className="Skillaz.Tests.OpenApi.OrgStructureApi.OrgEntityStateChange_feature" name="Org_unit_position_activating_archived" />
    </UnitTest>
    <UnitTest name="Skillaz.Tests.Configurator.Deduplication.FindRuleTest.Verify_rule_not_found_if_vacancies_are_same" storage="c:\users\дмитрийбахтенков\skiz\skillaz-backend\src\skillaz.tests\bin\debug\net5.0\skillaz.tests.dll" id="5959079a-7e1e-eb78-6ff2-9e00f88d90ec">
      <Execution id="82544603-ecf7-4e9a-9c5e-5412d43ec16f" />
      <TestMethod codeBase="C:\Users\ДмитрийБахтенков\skiz\skillaz-backend\src\Skillaz.Tests\bin\Debug\net5.0\Skillaz.Tests.dll" adapterTypeName="executor://xunit/VsTestRunner2/netcoreapp" className="Skillaz.Tests.Configurator.Deduplication.FindRuleTest" name="Verify_rule_not_found_if_vacancies_are_same" />
    </UnitTest>
    <UnitTest name="Skillaz.Tests.Users.RoleCandidateFilterService_feature.RoleCandidateFilterService" storage="c:\users\дмитрийбахтенков\skiz\skillaz-backend\src\skillaz.tests\bin\debug\net5.0\skillaz.tests.dll" id="11667fb1-7347-0185-ef2c-ec22123118ea">
      <Execution id="7bd22c6e-a0af-434d-88d8-a44189c6c350" />
      <TestMethod codeBase="C:\Users\ДмитрийБахтенков\skiz\skillaz-backend\src\Skillaz.Tests\bin\Debug\net5.0\Skillaz.Tests.dll" adapterTypeName="executor://xunit/VsTestRunner2/netcoreapp" className="Skillaz.Tests.Users.RoleCandidateFilterService_feature" name="RoleCandidateFilterService" />
    </UnitTest>
    <UnitTest name="Skillaz.Tests.Candidate.Workflow.CandidateTagSwitchRulesTests.Check_not_use_auto_switch_if_candidate_not_contains_tag" storage="c:\users\дмитрийбахтенков\skiz\skillaz-backend\src\skillaz.tests\bin\debug\net5.0\skillaz.tests.dll" id="4d34e934-ed18-8d83-5b1e-b13a5e645671">
      <Execution id="61ff8267-21e3-4b28-896d-546686fa9b87" />
      <TestMethod codeBase="C:\Users\ДмитрийБахтенков\skiz\skillaz-backend\src\Skillaz.Tests\bin\Debug\net5.0\Skillaz.Tests.dll" adapterTypeName="executor://xunit/VsTestRunner2/netcoreapp" className="Skillaz.Tests.Candidate.Workflow.CandidateTagSwitchRulesTests" name="Check_not_use_auto_switch_if_candidate_not_contains_tag" />
    </UnitTest>
    <UnitTest name="Skillaz.Tests.RabotaNur.RabotaNurHtmlConverterTests.TestMethod(html: &quot;1&lt;ul&gt;&lt;li&gt;One&lt;/li&gt;&lt;li&gt;Two&lt;/li&gt;&lt;/ul&gt;2&quot;, expected: &quot;1\r\n\r\n- One\r\n- Two\r\n\r\n2&quot;)" storage="c:\users\дмитрийбахтенков\skiz\skillaz-backend\src\skillaz.tests\bin\debug\net5.0\skillaz.tests.dll" id="6bc7f27b-abfc-4964-40f6-2d7ed1087a40">
      <Execution id="16bc55ae-0ed5-403e-806c-a86569092ebe" />
      <TestMethod codeBase="C:\Users\ДмитрийБахтенков\skiz\skillaz-backend\src\Skillaz.Tests\bin\Debug\net5.0\Skillaz.Tests.dll" adapterTypeName="executor://xunit/VsTestRunner2/netcoreapp" className="Skillaz.Tests.RabotaNur.RabotaNurHtmlConverterTests" name="TestMethod" />
    </UnitTest>
    <UnitTest name="Skillaz.Tests.Candidate.Checks.MultipleRunChecks_feature.Run_2_multiple_checks" storage="c:\users\дмитрийбахтенков\skiz\skillaz-backend\src\skillaz.tests\bin\debug\net5.0\skillaz.tests.dll" id="b0b88165-6fee-97dc-5ce4-ac46b44c25ac">
      <Execution id="9e947cc1-1757-424d-8d0c-090b77340593" />
      <TestMethod codeBase="C:\Users\ДмитрийБахтенков\skiz\skillaz-backend\src\Skillaz.Tests\bin\Debug\net5.0\Skillaz.Tests.dll" adapterTypeName="executor://xunit/VsTestRunner2/netcoreapp" className="Skillaz.Tests.Candidate.Checks.MultipleRunChecks_feature" name="Run_2_multiple_checks" />
    </UnitTest>
    <UnitTest name="Skillaz.Tests.Telephony.CallList_ExtendFilter_feature.CheckMixedFilterIncludeAndExcludeOr" storage="c:\users\дмитрийбахтенков\skiz\skillaz-backend\src\skillaz.tests\bin\debug\net5.0\skillaz.tests.dll" id="0091378c-d8d0-e12e-a591-f1a3f318eb17">
      <Execution id="6376b57f-84fd-4565-80d2-dd1b86f3880a" />
      <TestMethod codeBase="C:\Users\ДмитрийБахтенков\skiz\skillaz-backend\src\Skillaz.Tests\bin\Debug\net5.0\Skillaz.Tests.dll" adapterTypeName="executor://xunit/VsTestRunner2/netcoreapp" className="Skillaz.Tests.Telephony.CallList_ExtendFilter_feature" name="CheckMixedFilterIncludeAndExcludeOr" />
    </UnitTest>
    <UnitTest name="Skillaz.Tests.CompanySpecific.Mvideo.MvideoOpenApiSapAvaliablePositionsHireNeedBatchRequest_feature.CheckAvaliablePositionsInHireNeedAfterOpenApiRequest_InHold" storage="c:\users\дмитрийбахтенков\skiz\skillaz-backend\src\skillaz.tests\bin\debug\net5.0\skillaz.tests.dll" id="2a62cead-e620-26d3-a5ba-1cc8e4102c3f">
      <Execution id="cb7e9a77-b7f6-4fb9-bb19-3d7dd6fac8cf" />
      <TestMethod codeBase="C:\Users\ДмитрийБахтенков\skiz\skillaz-backend\src\Skillaz.Tests\bin\Debug\net5.0\Skillaz.Tests.dll" adapterTypeName="executor://xunit/VsTestRunner2/netcoreapp" className="Skillaz.Tests.CompanySpecific.Mvideo.MvideoOpenApiSapAvaliablePositionsHireNeedBatchRequest_feature" name="CheckAvaliablePositionsInHireNeedAfterOpenApiRequest_InHold" />
    </UnitTest>
    <UnitTest name="Skillaz.Tests.Configurator.Editor.DocumentModelEditor.Создать_документ_заявки" storage="c:\users\дмитрийбахтенков\skiz\skillaz-backend\src\skillaz.tests\bin\debug\net5.0\skillaz.tests.dll" id="b005ccee-c853-82a9-c6f9-71708c42fe15">
      <Execution id="ea2cd61e-27d7-460f-a233-9eb248e023ff" />
      <TestMethod codeBase="C:\Users\ДмитрийБахтенков\skiz\skillaz-backend\src\Skillaz.Tests\bin\Debug\net5.0\Skillaz.Tests.dll" adapterTypeName="executor://xunit/VsTestRunner2/netcoreapp" className="Skillaz.Tests.Configurator.Editor.DocumentModelEditor" name="Создать_документ_заявки" />
    </UnitTest>
    <UnitTest name="Skillaz.Tests.Helpers.TimeBoundariesHelperFeature.SubtractHours(lower: 1, upper: 23, timeZone: 3, results: [0, 20, 22, 24])" storage="c:\users\дмитрийбахтенков\skiz\skillaz-backend\src\skillaz.tests\bin\debug\net5.0\skillaz.tests.dll" id="70f7869c-306e-08e8-03ad-919ef2f6f84b">
      <Execution id="72bc5815-febd-4bb3-bbb7-260321ca946f" />
      <TestMethod codeBase="C:\Users\ДмитрийБахтенков\skiz\skillaz-backend\src\Skillaz.Tests\bin\Debug\net5.0\Skillaz.Tests.dll" adapterTypeName="executor://xunit/VsTestRunner2/netcoreapp" className="Skillaz.Tests.Helpers.TimeBoundariesHelperFeature" name="SubtractHours" />
    </UnitTest>
    <UnitTest name="Skillaz.Tests.Notifications.SendSimpleWhatsAppMessage_feature.SendMessageWithFile(phoneNumber: &quot;+7952561111&quot;)" storage="c:\users\дмитрийбахтенков\skiz\skillaz-backend\src\skillaz.tests\bin\debug\net5.0\skillaz.tests.dll" id="f3d6b225-c5a6-47a8-4e82-2d366c2d83d7">
      <Execution id="55454dfb-a446-49de-b092-e6cdd3ab1324" />
      <TestMethod codeBase="C:\Users\ДмитрийБахтенков\skiz\skillaz-backend\src\Skillaz.Tests\bin\Debug\net5.0\Skillaz.Tests.dll" adapterTypeName="executor://xunit/VsTestRunner2/netcoreapp" className="Skillaz.Tests.Notifications.SendSimpleWhatsAppMessage_feature" name="SendMessageWithFile" />
    </UnitTest>
    <UnitTest name="Skillaz.Tests.Candidate.Checks.MultipleRunChecks_feature.Ability_to_run_second_multiple_check" storage="c:\users\дмитрийбахтенков\skiz\skillaz-backend\src\skillaz.tests\bin\debug\net5.0\skillaz.tests.dll" id="5d137380-a1eb-e654-eb57-3d14a4f96b59">
      <Execution id="2724f35d-d36a-4965-bbe5-55296366e3c3" />
      <TestMethod codeBase="C:\Users\ДмитрийБахтенков\skiz\skillaz-backend\src\Skillaz.Tests\bin\Debug\net5.0\Skillaz.Tests.dll" adapterTypeName="executor://xunit/VsTestRunner2/netcoreapp" className="Skillaz.Tests.Candidate.Checks.MultipleRunChecks_feature" name="Ability_to_run_second_multiple_check" />
    </UnitTest>
    <UnitTest name="Skillaz.Tests.Validators.ListSizeFieldValidator_feature.Should_show_default_list_empty_error_message_when_validate" storage="c:\users\дмитрийбахтенков\skiz\skillaz-backend\src\skillaz.tests\bin\debug\net5.0\skillaz.tests.dll" id="e412e183-1dc7-5206-5898-a0cd00184b09">
      <Execution id="83e02856-efa7-4568-991b-8a9b48517dba" />
      <TestMethod codeBase="C:\Users\ДмитрийБахтенков\skiz\skillaz-backend\src\Skillaz.Tests\bin\Debug\net5.0\Skillaz.Tests.dll" adapterTypeName="executor://xunit/VsTestRunner2/netcoreapp" className="Skillaz.Tests.Validators.ListSizeFieldValidator_feature" name="Should_show_default_list_empty_error_message_when_validate" />
    </UnitTest>
    <UnitTest name="Skillaz.Tests.AsyncEnumerable.AsyncEnumerableTests.To_list_works_for_async_enumerable" storage="c:\users\дмитрийбахтенков\skiz\skillaz-backend\src\skillaz.tests\bin\debug\net5.0\skillaz.tests.dll" id="95ab1c5b-5375-a56f-814d-c43b88cd3e3a">
      <Execution id="65009e34-49f7-412b-8a45-13f2a66925f7" />
      <TestMethod codeBase="C:\Users\ДмитрийБахтенков\skiz\skillaz-backend\src\Skillaz.Tests\bin\Debug\net5.0\Skillaz.Tests.dll" adapterTypeName="executor://xunit/VsTestRunner2/netcoreapp" className="Skillaz.Tests.AsyncEnumerable.AsyncEnumerableTests" name="To_list_works_for_async_enumerable" />
    </UnitTest>
    <UnitTest name="Skillaz.Tests.Configurator.DocumentModel.DocumentModelFieldBinderTest.DocumentModelBinderParseTest(expression: &quot;EmbeddedDocument.ExtraData.Text&quot;, expectedType: typeof(Skillaz.Framework.DocumentModel.Binders.DocumentModelFieldBsonDocumentFieldValueBinder&lt;Skillaz.Tests.Configurator.DocumentModel.DocumentModelTestDocument&gt;))" storage="c:\users\дмитрийбахтенков\skiz\skillaz-backend\src\skillaz.tests\bin\debug\net5.0\skillaz.tests.dll" id="4a0b9c64-29d8-de0e-a2c6-386cf6c8e2f4">
      <Execution id="b5fde011-2e76-4883-85ea-0a830401f7b5" />
      <TestMethod codeBase="C:\Users\ДмитрийБахтенков\skiz\skillaz-backend\src\Skillaz.Tests\bin\Debug\net5.0\Skillaz.Tests.dll" adapterTypeName="executor://xunit/VsTestRunner2/netcoreapp" className="Skillaz.Tests.Configurator.DocumentModel.DocumentModelFieldBinderTest" name="DocumentModelBinderParseTest" />
    </UnitTest>
    <UnitTest name="Skillaz.Tests.Assessment.CreateTestScenarioCommand_feature.Creating_test_scenario" storage="c:\users\дмитрийбахтенков\skiz\skillaz-backend\src\skillaz.tests\bin\debug\net5.0\skillaz.tests.dll" id="f2a704d2-2902-aefe-745b-ce33009d4825">
      <Execution id="e07ce1ff-0f09-4d92-8c11-8c14af1ceb5c" />
      <TestMethod codeBase="C:\Users\ДмитрийБахтенков\skiz\skillaz-backend\src\Skillaz.Tests\bin\Debug\net5.0\Skillaz.Tests.dll" adapterTypeName="executor://xunit/VsTestRunner2/netcoreapp" className="Skillaz.Tests.Assessment.CreateTestScenarioCommand_feature" name="Creating_test_scenario" />
    </UnitTest>
    <UnitTest name="Skillaz.Tests.Assessment.Questionnaires.SimulationQuestionnaire_feature.Getting_a_questionnaire" storage="c:\users\дмитрийбахтенков\skiz\skillaz-backend\src\skillaz.tests\bin\debug\net5.0\skillaz.tests.dll" id="4cd6f786-e79c-6622-e976-c426e8837a31">
      <Execution id="3876d5bb-0b7b-44c1-b66d-050298fef171" />
      <TestMethod codeBase="C:\Users\ДмитрийБахтенков\skiz\skillaz-backend\src\Skillaz.Tests\bin\Debug\net5.0\Skillaz.Tests.dll" adapterTypeName="executor://xunit/VsTestRunner2/netcoreapp" className="Skillaz.Tests.Assessment.Questionnaires.SimulationQuestionnaire_feature" name="Getting_a_questionnaire" />
    </UnitTest>
    <UnitTest name="Skillaz.Tests.Helpers.TimeBoundariesHelperFeature.AddHours(lower: 23, upper: 24, timeZone: 3, results: [2, 3])" storage="c:\users\дмитрийбахтенков\skiz\skillaz-backend\src\skillaz.tests\bin\debug\net5.0\skillaz.tests.dll" id="37b2569b-b563-4b49-a052-0b0b2e2bf0f2">
      <Execution id="329ff3c4-15ee-451b-bbcf-372a7d04e57e" />
      <TestMethod codeBase="C:\Users\ДмитрийБахтенков\skiz\skillaz-backend\src\Skillaz.Tests\bin\Debug\net5.0\Skillaz.Tests.dll" adapterTypeName="executor://xunit/VsTestRunner2/netcoreapp" className="Skillaz.Tests.Helpers.TimeBoundariesHelperFeature" name="AddHours" />
    </UnitTest>
    <UnitTest name="Skillaz.Tests.AsyncEnumerable.AsyncEnumerableTests.Batching_works_for_async_enumerable_when_batches_are_equally_sized(genSize: 10, batchSize: 2)" storage="c:\users\дмитрийбахтенков\skiz\skillaz-backend\src\skillaz.tests\bin\debug\net5.0\skillaz.tests.dll" id="39492b37-8dae-5827-bf07-29d8aef674f4">
      <Execution id="613c7340-9edf-4357-8f34-165e6fb75e68" />
      <TestMethod codeBase="C:\Users\ДмитрийБахтенков\skiz\skillaz-backend\src\Skillaz.Tests\bin\Debug\net5.0\Skillaz.Tests.dll" adapterTypeName="executor://xunit/VsTestRunner2/netcoreapp" className="Skillaz.Tests.AsyncEnumerable.AsyncEnumerableTests" name="Batching_works_for_async_enumerable_when_batches_are_equally_sized" />
    </UnitTest>
    <UnitTest name="Skillaz.Tests.Candidate.Checks.CandidateAprove_feature.Candidate_checks_workflow_second_state_whith_approval_aproved" storage="c:\users\дмитрийбахтенков\skiz\skillaz-backend\src\skillaz.tests\bin\debug\net5.0\skillaz.tests.dll" id="f9cfe593-5471-1378-838e-78552c82d66c">
      <Execution id="cb600e61-a0c3-4fc7-ac63-8cce66e60b5e" />
      <TestMethod codeBase="C:\Users\ДмитрийБахтенков\skiz\skillaz-backend\src\Skillaz.Tests\bin\Debug\net5.0\Skillaz.Tests.dll" adapterTypeName="executor://xunit/VsTestRunner2/netcoreapp" className="Skillaz.Tests.Candidate.Checks.CandidateAprove_feature" name="Candidate_checks_workflow_second_state_whith_approval_aproved" />
    </UnitTest>
    <UnitTest name="Skillaz.Tests.DocumentModels.DocumentModel_feature.View_model_generation_for_simple_model" storage="c:\users\дмитрийбахтенков\skiz\skillaz-backend\src\skillaz.tests\bin\debug\net5.0\skillaz.tests.dll" id="711f79fc-c77f-326e-2bec-32bb6588906f">
      <Execution id="1a08e5fb-9e5a-427b-8098-7942f8ccabfa" />
      <TestMethod codeBase="C:\Users\ДмитрийБахтенков\skiz\skillaz-backend\src\Skillaz.Tests\bin\Debug\net5.0\Skillaz.Tests.dll" adapterTypeName="executor://xunit/VsTestRunner2/netcoreapp" className="Skillaz.Tests.DocumentModels.DocumentModel_feature" name="View_model_generation_for_simple_model" />
    </UnitTest>
    <UnitTest name="Skillaz.Tests.CompanySpecific.GazpromNeft.GazpromImportBlueReport_feature.Not_attempt_publication_for_vacancy_where_position_count_equals_zero" storage="c:\users\дмитрийбахтенков\skiz\skillaz-backend\src\skillaz.tests\bin\debug\net5.0\skillaz.tests.dll" id="3370fbbe-a91a-fbba-2304-dab5594a2650">
      <Execution id="8af22705-3311-4ec2-8bea-47f01f246162" />
      <TestMethod codeBase="C:\Users\ДмитрийБахтенков\skiz\skillaz-backend\src\Skillaz.Tests\bin\Debug\net5.0\Skillaz.Tests.dll" adapterTypeName="executor://xunit/VsTestRunner2/netcoreapp" className="Skillaz.Tests.CompanySpecific.GazpromNeft.GazpromImportBlueReport_feature" name="Not_attempt_publication_for_vacancy_where_position_count_equals_zero" />
    </UnitTest>
    <UnitTest name="Skillaz.Tests.Assessment.Interviews.AddressInterview_feature.Getting_a_interview" storage="c:\users\дмитрийбахтенков\skiz\skillaz-backend\src\skillaz.tests\bin\debug\net5.0\skillaz.tests.dll" id="a1ae08cb-5c63-f585-b78d-613b1c1c4e46">
      <Execution id="deaceb94-e92e-4784-8bb2-bdce5b30b8a6" />
      <TestMethod codeBase="C:\Users\ДмитрийБахтенков\skiz\skillaz-backend\src\Skillaz.Tests\bin\Debug\net5.0\Skillaz.Tests.dll" adapterTypeName="executor://xunit/VsTestRunner2/netcoreapp" className="Skillaz.Tests.Assessment.Interviews.AddressInterview_feature" name="Getting_a_interview" />
    </UnitTest>
    <UnitTest name="Skillaz.Tests.Request.X5.X5GetRequestListCommand_feature.If_candidate_profile_is_not_exists_in_database_result_should_be_empty" storage="c:\users\дмитрийбахтенков\skiz\skillaz-backend\src\skillaz.tests\bin\debug\net5.0\skillaz.tests.dll" id="7557ffa7-fc6a-4b1d-f44a-34a68b0568f4">
      <Execution id="73565afb-0452-4de8-872b-58a1cfa5d88f" />
      <TestMethod codeBase="C:\Users\ДмитрийБахтенков\skiz\skillaz-backend\src\Skillaz.Tests\bin\Debug\net5.0\Skillaz.Tests.dll" adapterTypeName="executor://xunit/VsTestRunner2/netcoreapp" className="Skillaz.Tests.Request.X5.X5GetRequestListCommand_feature" name="If_candidate_profile_is_not_exists_in_database_result_should_be_empty" />
    </UnitTest>
    <UnitTest name="Skillaz.Tests.Candidate.CandidateCard_feature.Current_appointment_must_be_not_null_for_status_without_appointment_with_feature" storage="c:\users\дмитрийбахтенков\skiz\skillaz-backend\src\skillaz.tests\bin\debug\net5.0\skillaz.tests.dll" id="98ac1a9b-6a87-dea6-f328-d45565ab8a74">
      <Execution id="4fd4d31b-5bc0-45de-a451-cbb7b6eecbb1" />
      <TestMethod codeBase="C:\Users\ДмитрийБахтенков\skiz\skillaz-backend\src\Skillaz.Tests\bin\Debug\net5.0\Skillaz.Tests.dll" adapterTypeName="executor://xunit/VsTestRunner2/netcoreapp" className="Skillaz.Tests.Candidate.CandidateCard_feature" name="Current_appointment_must_be_not_null_for_status_without_appointment_with_feature" />
    </UnitTest>
    <UnitTest name="Skillaz.Tests.Telephony.MightyCall_callbacks_feature.Restore_callback_when_campaign_started" storage="c:\users\дмитрийбахтенков\skiz\skillaz-backend\src\skillaz.tests\bin\debug\net5.0\skillaz.tests.dll" id="7ec9cbc1-ed75-28c3-930f-a3f1da977fac">
      <Execution id="c32f28fb-1fc3-4d3f-96aa-e52e47dae713" />
      <TestMethod codeBase="C:\Users\ДмитрийБахтенков\skiz\skillaz-backend\src\Skillaz.Tests\bin\Debug\net5.0\Skillaz.Tests.dll" adapterTypeName="executor://xunit/VsTestRunner2/netcoreapp" className="Skillaz.Tests.Telephony.MightyCall_callbacks_feature" name="Restore_callback_when_campaign_started" />
    </UnitTest>
    <UnitTest name="Skillaz.Tests.Helpers.TimeBoundariesHelperFeature.AddHours(lower: 0, upper: 24, timeZone: 3, results: [0, 3, 3, 24])" storage="c:\users\дмитрийбахтенков\skiz\skillaz-backend\src\skillaz.tests\bin\debug\net5.0\skillaz.tests.dll" id="ba47e629-bb62-d977-cfbe-06a944cf144e">
      <Execution id="c17df278-d562-4c15-890c-9c2e29dbe889" />
      <TestMethod codeBase="C:\Users\ДмитрийБахтенков\skiz\skillaz-backend\src\Skillaz.Tests\bin\Debug\net5.0\Skillaz.Tests.dll" adapterTypeName="executor://xunit/VsTestRunner2/netcoreapp" className="Skillaz.Tests.Helpers.TimeBoundariesHelperFeature" name="AddHours" />
    </UnitTest>
    <UnitTest name="Skillaz.Tests.Configurator.Deduplication.FindRuleTest.Verify_rule_found_if_other_vacancy_response_type" storage="c:\users\дмитрийбахтенков\skiz\skillaz-backend\src\skillaz.tests\bin\debug\net5.0\skillaz.tests.dll" id="d6e773b7-fadd-36fa-7002-3007db4d5ce3">
      <Execution id="5d3d2c5a-449d-4fd0-87f7-c7f93ba5be6f" />
      <TestMethod codeBase="C:\Users\ДмитрийБахтенков\skiz\skillaz-backend\src\Skillaz.Tests\bin\Debug\net5.0\Skillaz.Tests.dll" adapterTypeName="executor://xunit/VsTestRunner2/netcoreapp" className="Skillaz.Tests.Configurator.Deduplication.FindRuleTest" name="Verify_rule_found_if_other_vacancy_response_type" />
    </UnitTest>
    <UnitTest name="Skillaz.Tests.ProcessingRole.CandidateProcessingRoleControllerCandidateProcessingRoleController_feature.GetProcessingRoles" storage="c:\users\дмитрийбахтенков\skiz\skillaz-backend\src\skillaz.tests\bin\debug\net5.0\skillaz.tests.dll" id="6574c621-5570-b773-9a91-adb482292d94">
      <Execution id="446dc7a7-8b73-4b00-a5e3-09b920710154" />
      <TestMethod codeBase="C:\Users\ДмитрийБахтенков\skiz\skillaz-backend\src\Skillaz.Tests\bin\Debug\net5.0\Skillaz.Tests.dll" adapterTypeName="executor://xunit/VsTestRunner2/netcoreapp" className="Skillaz.Tests.ProcessingRole.CandidateProcessingRoleControllerCandidateProcessingRoleController_feature" name="GetProcessingRoles" />
    </UnitTest>
    <UnitTest name="Skillaz.Tests.Configurator.SecurityProfile.ConfiguratorSecurityProfileCandidate_feature.Candidate_is_available_by_org_unit" storage="c:\users\дмитрийбахтенков\skiz\skillaz-backend\src\skillaz.tests\bin\debug\net5.0\skillaz.tests.dll" id="4dc2d7e2-bca2-64d8-7b5e-2e4fa76ea71d">
      <Execution id="5b8878de-c7e8-4855-9dc9-755ad47ca95e" />
      <TestMethod codeBase="C:\Users\ДмитрийБахтенков\skiz\skillaz-backend\src\Skillaz.Tests\bin\Debug\net5.0\Skillaz.Tests.dll" adapterTypeName="executor://xunit/VsTestRunner2/netcoreapp" className="Skillaz.Tests.Configurator.SecurityProfile.ConfiguratorSecurityProfileCandidate_feature" name="Candidate_is_available_by_org_unit" />
    </UnitTest>
    <UnitTest name="Skillaz.Tests.Configurator.DocumentModel.DocumentModelFieldRuleTest.Проверить_правила_отображения_поля" storage="c:\users\дмитрийбахтенков\skiz\skillaz-backend\src\skillaz.tests\bin\debug\net5.0\skillaz.tests.dll" id="c9eee437-07ed-cb5b-8681-cb2cb04943a3">
      <Execution id="3316cb2b-9e25-4cb8-8c26-147d633588e1" />
      <TestMethod codeBase="C:\Users\ДмитрийБахтенков\skiz\skillaz-backend\src\Skillaz.Tests\bin\Debug\net5.0\Skillaz.Tests.dll" adapterTypeName="executor://xunit/VsTestRunner2/netcoreapp" className="Skillaz.Tests.Configurator.DocumentModel.DocumentModelFieldRuleTest" name="Проверить_правила_отображения_поля" />
    </UnitTest>
    <UnitTest name="Skillaz.Tests.Mongo.Transactions.MongoTransactionFeature.Transaction_should_be_atomic" storage="c:\users\дмитрийбахтенков\skiz\skillaz-backend\src\skillaz.tests\bin\debug\net5.0\skillaz.tests.dll" id="cdb468b8-5c0f-105f-873c-568717197303">
      <Execution id="78b8a50a-87cf-4b37-ad70-3261e02acdb1" />
      <TestMethod codeBase="C:\Users\ДмитрийБахтенков\skiz\skillaz-backend\src\Skillaz.Tests\bin\Debug\net5.0\Skillaz.Tests.dll" adapterTypeName="executor://xunit/VsTestRunner2/netcoreapp" className="Skillaz.Tests.Mongo.Transactions.MongoTransactionFeature" name="Transaction_should_be_atomic" />
    </UnitTest>
    <UnitTest name="Skillaz.Tests.Configurator.DocumentModel.ObjectTypeCandidateProfile.Профиль_кандидата" storage="c:\users\дмитрийбахтенков\skiz\skillaz-backend\src\skillaz.tests\bin\debug\net5.0\skillaz.tests.dll" id="77937efc-b3b4-efe5-3752-6a1adfaef6de">
      <Execution id="0c0206f9-1b60-49d9-bb24-88845427f44b" />
      <TestMethod codeBase="C:\Users\ДмитрийБахтенков\skiz\skillaz-backend\src\Skillaz.Tests\bin\Debug\net5.0\Skillaz.Tests.dll" adapterTypeName="executor://xunit/VsTestRunner2/netcoreapp" className="Skillaz.Tests.Configurator.DocumentModel.ObjectTypeCandidateProfile" name="Профиль_кандидата" />
    </UnitTest>
    <UnitTest name="Skillaz.Tests.Configurator.DocumentModel.AddressCloning.Check_fill_city" storage="c:\users\дмитрийбахтенков\skiz\skillaz-backend\src\skillaz.tests\bin\debug\net5.0\skillaz.tests.dll" id="625b5681-f8e6-1a43-cbf7-d72f020df739">
      <Execution id="9abaf565-2dc4-48d8-82f7-196c7f8442b4" />
      <TestMethod codeBase="C:\Users\ДмитрийБахтенков\skiz\skillaz-backend\src\Skillaz.Tests\bin\Debug\net5.0\Skillaz.Tests.dll" adapterTypeName="executor://xunit/VsTestRunner2/netcoreapp" className="Skillaz.Tests.Configurator.DocumentModel.AddressCloning" name="Check_fill_city" />
    </UnitTest>
    <UnitTest name="Skillaz.Tests.DocumentModels.DocumentModel_SettingPreviewUrlForAttachments.Check_than_preview_url_set_in_attachment_for_edit_model_single_attach_in_explicit_field" storage="c:\users\дмитрийбахтенков\skiz\skillaz-backend\src\skillaz.tests\bin\debug\net5.0\skillaz.tests.dll" id="6c3178fe-ab8a-5f62-a9e6-73fd2edac44a">
      <Execution id="944b4e4c-82d3-4058-978c-07665e539771" />
      <TestMethod codeBase="C:\Users\ДмитрийБахтенков\skiz\skillaz-backend\src\Skillaz.Tests\bin\Debug\net5.0\Skillaz.Tests.dll" adapterTypeName="executor://xunit/VsTestRunner2/netcoreapp" className="Skillaz.Tests.DocumentModels.DocumentModel_SettingPreviewUrlForAttachments" name="Check_than_preview_url_set_in_attachment_for_edit_model_single_attach_in_explicit_field" />
    </UnitTest>
    <UnitTest name="Расширение файла совпадает с его содержимым(fileName: &quot;Video.mp4&quot;)" storage="c:\users\дмитрийбахтенков\skiz\skillaz-backend\src\skillaz.tests\bin\debug\net5.0\skillaz.tests.dll" id="eaf8edf8-baf4-8a28-c234-42107404803b">
      <Execution id="4c34febf-d47e-462c-8027-503dea46a9b2" />
      <TestMethod codeBase="C:\Users\ДмитрийБахтенков\skiz\skillaz-backend\src\Skillaz.Tests\bin\Debug\net5.0\Skillaz.Tests.dll" adapterTypeName="executor://xunit/VsTestRunner2/netcoreapp" className="Skillaz.Testing.Run.System.Security.FileContentCheckerTests" name="FileExtensionShouldMatchContent" />
    </UnitTest>
    <UnitTest name="Skillaz.Tests.Configurator.Validation.ConfiguratorDashboard.Проверить_что_в_списке_конфигураторов_валидация_совпадает_с_редактором" storage="c:\users\дмитрийбахтенков\skiz\skillaz-backend\src\skillaz.tests\bin\debug\net5.0\skillaz.tests.dll" id="1b03f285-2942-9c18-3354-5b999dd6d42d">
      <Execution id="54249205-dee2-49d6-b657-f4db77705d05" />
      <TestMethod codeBase="C:\Users\ДмитрийБахтенков\skiz\skillaz-backend\src\Skillaz.Tests\bin\Debug\net5.0\Skillaz.Tests.dll" adapterTypeName="executor://xunit/VsTestRunner2/netcoreapp" className="Skillaz.Tests.Configurator.Validation.ConfiguratorDashboard" name="Проверить_что_в_списке_конфигураторов_валидация_совпадает_с_редактором" />
    </UnitTest>
    <UnitTest name="Skillaz.Tests.Telephony.CallList_ExtendFilter_feature.CheckSimpleFilterIncludeOr" storage="c:\users\дмитрийбахтенков\skiz\skillaz-backend\src\skillaz.tests\bin\debug\net5.0\skillaz.tests.dll" id="fab9ac52-9983-35db-64aa-b12034bfaf82">
      <Execution id="057a1579-e23c-4d64-b465-2dae783851fb" />
      <TestMethod codeBase="C:\Users\ДмитрийБахтенков\skiz\skillaz-backend\src\Skillaz.Tests\bin\Debug\net5.0\Skillaz.Tests.dll" adapterTypeName="executor://xunit/VsTestRunner2/netcoreapp" className="Skillaz.Tests.Telephony.CallList_ExtendFilter_feature" name="CheckSimpleFilterIncludeOr" />
    </UnitTest>
    <UnitTest name="Skillaz.Tests.Validators.ListSizeFieldValidator_feature.Should_show_overriden_list_smaller_error_message_when_validate" storage="c:\users\дмитрийбахтенков\skiz\skillaz-backend\src\skillaz.tests\bin\debug\net5.0\skillaz.tests.dll" id="20f1799f-03e9-bb14-3e43-7248b02b91ce">
      <Execution id="06b335da-332e-48a3-b492-f3765027f9a7" />
      <TestMethod codeBase="C:\Users\ДмитрийБахтенков\skiz\skillaz-backend\src\Skillaz.Tests\bin\Debug\net5.0\Skillaz.Tests.dll" adapterTypeName="executor://xunit/VsTestRunner2/netcoreapp" className="Skillaz.Tests.Validators.ListSizeFieldValidator_feature" name="Should_show_overriden_list_smaller_error_message_when_validate" />
    </UnitTest>
    <UnitTest name="Skillaz.Tests.Request.X5.X5GetRequestListCommand_feature.If_request_address_is_further_than_50_kms_from_candidate_it_should_not_exist_in_result" storage="c:\users\дмитрийбахтенков\skiz\skillaz-backend\src\skillaz.tests\bin\debug\net5.0\skillaz.tests.dll" id="323625aa-395c-0104-2ec3-9c29477f6323">
      <Execution id="17d9790f-81e2-4f8a-a7d5-877bde62766e" />
      <TestMethod codeBase="C:\Users\ДмитрийБахтенков\skiz\skillaz-backend\src\Skillaz.Tests\bin\Debug\net5.0\Skillaz.Tests.dll" adapterTypeName="executor://xunit/VsTestRunner2/netcoreapp" className="Skillaz.Tests.Request.X5.X5GetRequestListCommand_feature" name="If_request_address_is_further_than_50_kms_from_candidate_it_should_not_exist_in_result" />
    </UnitTest>
    <UnitTest name="Skillaz.Tests.DocumentModels.FieldValueComparerTests.BsonDocumentComparison" storage="c:\users\дмитрийбахтенков\skiz\skillaz-backend\src\skillaz.tests\bin\debug\net5.0\skillaz.tests.dll" id="92467cf7-216c-ed40-e7d5-8b8f12ec850b">
      <Execution id="3011b1db-ede4-41a7-bfe6-a01fffb2265d" />
      <TestMethod codeBase="C:\Users\ДмитрийБахтенков\skiz\skillaz-backend\src\Skillaz.Tests\bin\Debug\net5.0\Skillaz.Tests.dll" adapterTypeName="executor://xunit/VsTestRunner2/netcoreapp" className="Skillaz.Tests.DocumentModels.FieldValueComparerTests" name="BsonDocumentComparison" />
    </UnitTest>
    <UnitTest name="Skillaz.Tests.CompanySpecific.Perekrestok.PerekrestokBlockUnblockCandidates_feature.Last_check_refused_and_more_than_30_days_is_blocked" storage="c:\users\дмитрийбахтенков\skiz\skillaz-backend\src\skillaz.tests\bin\debug\net5.0\skillaz.tests.dll" id="76d2adef-b55d-d2ac-47ae-3426173462ef">
      <Execution id="7081636e-dde5-44e0-8a1f-ea8d401e10a9" />
      <TestMethod codeBase="C:\Users\ДмитрийБахтенков\skiz\skillaz-backend\src\Skillaz.Tests\bin\Debug\net5.0\Skillaz.Tests.dll" adapterTypeName="executor://xunit/VsTestRunner2/netcoreapp" className="Skillaz.Tests.CompanySpecific.Perekrestok.PerekrestokBlockUnblockCandidates_feature" name="Last_check_refused_and_more_than_30_days_is_blocked" />
    </UnitTest>
    <UnitTest name="Skillaz.Tests.Assessment.Questionnaires.AddressQuestionnaire_feature.Updating_a_questionnaire" storage="c:\users\дмитрийбахтенков\skiz\skillaz-backend\src\skillaz.tests\bin\debug\net5.0\skillaz.tests.dll" id="6118893f-d51a-0332-41e0-93c0ca3bfa39">
      <Execution id="db2dace3-45d8-4da9-8b3f-72acb3436f44" />
      <TestMethod codeBase="C:\Users\ДмитрийБахтенков\skiz\skillaz-backend\src\Skillaz.Tests\bin\Debug\net5.0\Skillaz.Tests.dll" adapterTypeName="executor://xunit/VsTestRunner2/netcoreapp" className="Skillaz.Tests.Assessment.Questionnaires.AddressQuestionnaire_feature" name="Updating_a_questionnaire" />
    </UnitTest>
    <UnitTest name="Skillaz.Tests.DocumentModels.Refs.RefAutoUpdates.Проверить_что_все_сущности_поддерживают_автоматическое_обновление" storage="c:\users\дмитрийбахтенков\skiz\skillaz-backend\src\skillaz.tests\bin\debug\net5.0\skillaz.tests.dll" id="8082c021-ed21-6e83-26ee-643a437e6bcf">
      <Execution id="420bb3dd-48b6-414b-8860-bd375c0927b3" />
      <TestMethod codeBase="C:\Users\ДмитрийБахтенков\skiz\skillaz-backend\src\Skillaz.Tests\bin\Debug\net5.0\Skillaz.Tests.dll" adapterTypeName="executor://xunit/VsTestRunner2/netcoreapp" className="Skillaz.Tests.DocumentModels.Refs.RefAutoUpdates" name="Проверить_что_все_сущности_поддерживают_автоматическое_обновление" />
    </UnitTest>
    <UnitTest name="Skillaz.Tests.Assessment.Questionnaires.HomeworkQuestionnaire_feature.Getting_a_questionnaire_list" storage="c:\users\дмитрийбахтенков\skiz\skillaz-backend\src\skillaz.tests\bin\debug\net5.0\skillaz.tests.dll" id="ebae948d-73ae-5f05-bcb4-098f7cc26814">
      <Execution id="31d30704-cced-460f-914e-ac56dc2f4e12" />
      <TestMethod codeBase="C:\Users\ДмитрийБахтенков\skiz\skillaz-backend\src\Skillaz.Tests\bin\Debug\net5.0\Skillaz.Tests.dll" adapterTypeName="executor://xunit/VsTestRunner2/netcoreapp" className="Skillaz.Tests.Assessment.Questionnaires.HomeworkQuestionnaire_feature" name="Getting_a_questionnaire_list" />
    </UnitTest>
    <UnitTest name="Skillaz.Tests.Vacancy.CompanySpecific.MvideoMassMarkedCandidateDatabase_feature.Deactivating_a_vacancy_sets_MarkedAtDateToSendToReserve_to_true" storage="c:\users\дмитрийбахтенков\skiz\skillaz-backend\src\skillaz.tests\bin\debug\net5.0\skillaz.tests.dll" id="20b13243-5e0f-f362-c9ac-cd5268dc2160">
      <Execution id="048c4250-811e-4b35-8996-971523735fa1" />
      <TestMethod codeBase="C:\Users\ДмитрийБахтенков\skiz\skillaz-backend\src\Skillaz.Tests\bin\Debug\net5.0\Skillaz.Tests.dll" adapterTypeName="executor://xunit/VsTestRunner2/netcoreapp" className="Skillaz.Tests.Vacancy.CompanySpecific.MvideoMassMarkedCandidateDatabase_feature" name="Deactivating_a_vacancy_sets_MarkedAtDateToSendToReserve_to_true" />
    </UnitTest>
    <UnitTest name="Should get interview link(jwt: &quot;eyJraWQiOiJoaF92aWRlb19pbnRlcnZpZXdfc2tpbGxheiIsIm&quot;...)" storage="c:\users\дмитрийбахтенков\skiz\skillaz-backend\src\skillaz.tests\bin\debug\net5.0\skillaz.tests.dll" id="f795e825-fdca-2a24-f122-c325895a62c0">
      <Execution id="6b830ff3-da08-4ac9-9ac2-2eb6ab1c1a11" />
      <TestMethod codeBase="C:\Users\ДмитрийБахтенков\skiz\skillaz-backend\src\Skillaz.Tests\bin\Debug\net5.0\Skillaz.Tests.dll" adapterTypeName="executor://xunit/VsTestRunner2/netcoreapp" className="Skillaz.Tests.HH.Assessment.HHAssessmentFeature" name="GetInterviewLink" />
    </UnitTest>
    <UnitTest name="Skillaz.Tests.Authorization.AuthLoginWorkflowService_Login_feature.Do_login_by_email_with_user_with_SSO_excepts_exception" storage="c:\users\дмитрийбахтенков\skiz\skillaz-backend\src\skillaz.tests\bin\debug\net5.0\skillaz.tests.dll" id="a51d1c91-8df0-6a13-e4ee-ae3907bd3abd">
      <Execution id="f8c72673-9582-49fc-b383-68dee601271e" />
      <TestMethod codeBase="C:\Users\ДмитрийБахтенков\skiz\skillaz-backend\src\Skillaz.Tests\bin\Debug\net5.0\Skillaz.Tests.dll" adapterTypeName="executor://xunit/VsTestRunner2/netcoreapp" className="Skillaz.Tests.Authorization.AuthLoginWorkflowService_Login_feature" name="Do_login_by_email_with_user_with_SSO_excepts_exception" />
    </UnitTest>
    <UnitTest name="Skillaz.Tests.Configurator.DocumentModel.DocumentModelBuilder_FieldConfigurationType.Проверить_что_для_каждого_типа_поля_есть_класс_с_моделью" storage="c:\users\дмитрийбахтенков\skiz\skillaz-backend\src\skillaz.tests\bin\debug\net5.0\skillaz.tests.dll" id="9cb8dc16-6d49-0605-f3aa-48e0aab8352b">
      <Execution id="92b3ae1d-3fb5-401a-95aa-cb4695eec491" />
      <TestMethod codeBase="C:\Users\ДмитрийБахтенков\skiz\skillaz-backend\src\Skillaz.Tests\bin\Debug\net5.0\Skillaz.Tests.dll" adapterTypeName="executor://xunit/VsTestRunner2/netcoreapp" className="Skillaz.Tests.Configurator.DocumentModel.DocumentModelBuilder_FieldConfigurationType" name="Проверить_что_для_каждого_типа_поля_есть_класс_с_моделью" />
    </UnitTest>
    <UnitTest name="Skillaz.Tests.Assessment.Questionnaires.HomeworkQuestionnaire_feature.Getting_a_questionnaire" storage="c:\users\дмитрийбахтенков\skiz\skillaz-backend\src\skillaz.tests\bin\debug\net5.0\skillaz.tests.dll" id="a04788c7-7aff-f4f5-63ee-14950590d11d">
      <Execution id="7e633c2a-f9ce-4720-949f-2ebfbd273159" />
      <TestMethod codeBase="C:\Users\ДмитрийБахтенков\skiz\skillaz-backend\src\Skillaz.Tests\bin\Debug\net5.0\Skillaz.Tests.dll" adapterTypeName="executor://xunit/VsTestRunner2/netcoreapp" className="Skillaz.Tests.Assessment.Questionnaires.HomeworkQuestionnaire_feature" name="Getting_a_questionnaire" />
    </UnitTest>
    <UnitTest name="Skillaz.Tests.AsyncEnumerable.AsyncEnumerableTests.Batching_works_for_async_enumerable_when_batches_are_equally_sized(genSize: 10, batchSize: 5)" storage="c:\users\дмитрийбахтенков\skiz\skillaz-backend\src\skillaz.tests\bin\debug\net5.0\skillaz.tests.dll" id="9ef90f8e-9675-f54f-83b9-42a65deb8801">
      <Execution id="253c8c69-9aa1-4646-9331-82a9cec7577a" />
      <TestMethod codeBase="C:\Users\ДмитрийБахтенков\skiz\skillaz-backend\src\Skillaz.Tests\bin\Debug\net5.0\Skillaz.Tests.dll" adapterTypeName="executor://xunit/VsTestRunner2/netcoreapp" className="Skillaz.Tests.AsyncEnumerable.AsyncEnumerableTests" name="Batching_works_for_async_enumerable_when_batches_are_equally_sized" />
    </UnitTest>
    <UnitTest name="Skillaz.Tests.Configurator.FunnelProjection.FunnelProjectionFeature.Check_create_funnel_projections" storage="c:\users\дмитрийбахтенков\skiz\skillaz-backend\src\skillaz.tests\bin\debug\net5.0\skillaz.tests.dll" id="5520a926-ee97-8b5e-27ac-51cccdfa03c2">
      <Execution id="95895209-8627-4f38-82e6-cfe84dcc26d5" />
      <TestMethod codeBase="C:\Users\ДмитрийБахтенков\skiz\skillaz-backend\src\Skillaz.Tests\bin\Debug\net5.0\Skillaz.Tests.dll" adapterTypeName="executor://xunit/VsTestRunner2/netcoreapp" className="Skillaz.Tests.Configurator.FunnelProjection.FunnelProjectionFeature" name="Check_create_funnel_projections" />
    </UnitTest>
    <UnitTest name="Skillaz.Tests.OpenApi.CheckApi.CreateCheck_feature.Check_candidate_created_and_fill" storage="c:\users\дмитрийбахтенков\skiz\skillaz-backend\src\skillaz.tests\bin\debug\net5.0\skillaz.tests.dll" id="3348568e-0342-732d-589e-f0fdfbd83a04">
      <Execution id="a33bb736-80cd-4714-b2fe-af2c59972e0b" />
      <TestMethod codeBase="C:\Users\ДмитрийБахтенков\skiz\skillaz-backend\src\Skillaz.Tests\bin\Debug\net5.0\Skillaz.Tests.dll" adapterTypeName="executor://xunit/VsTestRunner2/netcoreapp" className="Skillaz.Tests.OpenApi.CheckApi.CreateCheck_feature" name="Check_candidate_created_and_fill" />
    </UnitTest>
    <UnitTest name="Skillaz.Tests.Assessment.Interviews.AudioInterview_feature.Setting_an_assessment" storage="c:\users\дмитрийбахтенков\skiz\skillaz-backend\src\skillaz.tests\bin\debug\net5.0\skillaz.tests.dll" id="9b9ae47c-d631-eb43-50f2-91553a0a270f">
      <Execution id="1b19b1b3-0617-4111-b22c-37bea2a9f32e" />
      <TestMethod codeBase="C:\Users\ДмитрийБахтенков\skiz\skillaz-backend\src\Skillaz.Tests\bin\Debug\net5.0\Skillaz.Tests.dll" adapterTypeName="executor://xunit/VsTestRunner2/netcoreapp" className="Skillaz.Tests.Assessment.Interviews.AudioInterview_feature" name="Setting_an_assessment" />
    </UnitTest>
    <UnitTest name="Skillaz.Tests.Configurator.FunnelBuilder.FunnelBuildChecksFromCodeAndConfiguratorTests.Test_funnel_build_with_checks_from_configurator_only" storage="c:\users\дмитрийбахтенков\skiz\skillaz-backend\src\skillaz.tests\bin\debug\net5.0\skillaz.tests.dll" id="ffe939c9-f0f6-91da-2899-9f084433a83a">
      <Execution id="677adb12-cebe-48fa-800b-bd7d8f1789e2" />
      <TestMethod codeBase="C:\Users\ДмитрийБахтенков\skiz\skillaz-backend\src\Skillaz.Tests\bin\Debug\net5.0\Skillaz.Tests.dll" adapterTypeName="executor://xunit/VsTestRunner2/netcoreapp" className="Skillaz.Tests.Configurator.FunnelBuilder.FunnelBuildChecksFromCodeAndConfiguratorTests" name="Test_funnel_build_with_checks_from_configurator_only" />
    </UnitTest>
    <UnitTest name="Skillaz.Tests.CompanySpecific.Rosatom.RosatomCandidateWorkflowTriggers_feature.Job_offer_state_changed(toCandidateStatusId: &quot;JobOfferApprovedByCandidate&quot;, triggerType: typeof(Skillaz.ClientConfiguration.Rosatom.WorkflowTriggers.CandidateStatusChangeToJobOfferApprovedByCandidate))" storage="c:\users\дмитрийбахтенков\skiz\skillaz-backend\src\skillaz.tests\bin\debug\net5.0\skillaz.tests.dll" id="85cc2ca5-2fc6-e34d-7b9e-ed36e616dbe9">
      <Execution id="1e59bb60-3dc1-4800-89da-e9461e2eb3d7" />
      <TestMethod codeBase="C:\Users\ДмитрийБахтенков\skiz\skillaz-backend\src\Skillaz.Tests\bin\Debug\net5.0\Skillaz.Tests.dll" adapterTypeName="executor://xunit/VsTestRunner2/netcoreapp" className="Skillaz.Tests.CompanySpecific.Rosatom.RosatomCandidateWorkflowTriggers_feature" name="Job_offer_state_changed" />
    </UnitTest>
    <UnitTest name="Skillaz.Tests.Assessment.Questionnaires.SelfEntryQuestionnaire_feature.Creating_a_self_entry_questionnaire" storage="c:\users\дмитрийбахтенков\skiz\skillaz-backend\src\skillaz.tests\bin\debug\net5.0\skillaz.tests.dll" id="7fa44dcb-157a-fc13-241c-678be1ca4dbb">
      <Execution id="b554502e-4308-4ee4-afca-31506f8fbfaf" />
      <TestMethod codeBase="C:\Users\ДмитрийБахтенков\skiz\skillaz-backend\src\Skillaz.Tests\bin\Debug\net5.0\Skillaz.Tests.dll" adapterTypeName="executor://xunit/VsTestRunner2/netcoreapp" className="Skillaz.Tests.Assessment.Questionnaires.SelfEntryQuestionnaire_feature" name="Creating_a_self_entry_questionnaire" />
    </UnitTest>
    <UnitTest name="Should create &amp; unlink questionnaire from vacancy" storage="c:\users\дмитрийбахтенков\skiz\skillaz-backend\src\skillaz.tests\bin\debug\net5.0\skillaz.tests.dll" id="85be22d1-13c0-7d76-d62c-aeae43b9ad7d">
      <Execution id="0a706107-da1d-4feb-a5da-46a0ee6ad9b8" />
      <TestMethod codeBase="C:\Users\ДмитрийБахтенков\skiz\skillaz-backend\src\Skillaz.Tests\bin\Debug\net5.0\Skillaz.Tests.dll" adapterTypeName="executor://xunit/VsTestRunner2/netcoreapp" className="Skillaz.Tests.HH.Assessment.HHAssessmentFeature" name="UnlinkQuestionnaireToVacancy" />
    </UnitTest>
    <UnitTest name="Skillaz.Tests.Assessment.Interviews.SimulationInterview_feature.Getting_a_simulation_interview_result" storage="c:\users\дмитрийбахтенков\skiz\skillaz-backend\src\skillaz.tests\bin\debug\net5.0\skillaz.tests.dll" id="3d9f8c73-7080-67cf-88b7-59b20199117a">
      <Execution id="9439b1c9-80d4-4375-b41f-15eef278b9c4" />
      <TestMethod codeBase="C:\Users\ДмитрийБахтенков\skiz\skillaz-backend\src\Skillaz.Tests\bin\Debug\net5.0\Skillaz.Tests.dll" adapterTypeName="executor://xunit/VsTestRunner2/netcoreapp" className="Skillaz.Tests.Assessment.Interviews.SimulationInterview_feature" name="Getting_a_simulation_interview_result" />
    </UnitTest>
    <UnitTest name="Skillaz.Tests.Validators.RegexPatternValidator_feature.Should_return_invalid_result_for_null_pattern" storage="c:\users\дмитрийбахтенков\skiz\skillaz-backend\src\skillaz.tests\bin\debug\net5.0\skillaz.tests.dll" id="1fc654e2-a171-bf77-3a52-672a424857fe">
      <Execution id="1c5473b5-9dae-40ce-a468-79fd3f1e13f8" />
      <TestMethod codeBase="C:\Users\ДмитрийБахтенков\skiz\skillaz-backend\src\Skillaz.Tests\bin\Debug\net5.0\Skillaz.Tests.dll" adapterTypeName="executor://xunit/VsTestRunner2/netcoreapp" className="Skillaz.Tests.Validators.RegexPatternValidator_feature" name="Should_return_invalid_result_for_null_pattern" />
    </UnitTest>
    <UnitTest name="Skillaz.Tests.CompanySpecific.Perekrestok.PerekrestokRequestPriority_feature.Calculation_request_priority(supermarketType: &quot;Действующий супермаркет&quot;, requestVl: 100, employmentCandidateCount: 0, employmentFinishedCandidateCount: 0, interviewCandidateCount: 3, requestPriority: Normal)" storage="c:\users\дмитрийбахтенков\skiz\skillaz-backend\src\skillaz.tests\bin\debug\net5.0\skillaz.tests.dll" id="91619195-2830-97c3-d4b7-786b83d2a864">
      <Execution id="7485f138-9630-4d26-8483-21bc6c17cf88" />
      <TestMethod codeBase="C:\Users\ДмитрийБахтенков\skiz\skillaz-backend\src\Skillaz.Tests\bin\Debug\net5.0\Skillaz.Tests.dll" adapterTypeName="executor://xunit/VsTestRunner2/netcoreapp" className="Skillaz.Tests.CompanySpecific.Perekrestok.PerekrestokRequestPriority_feature" name="Calculation_request_priority" />
    </UnitTest>
    <UnitTest name="Skillaz.Tests.Assessment.InterviewCreation_feature.Successful_creation" storage="c:\users\дмитрийбахтенков\skiz\skillaz-backend\src\skillaz.tests\bin\debug\net5.0\skillaz.tests.dll" id="02134537-7eea-7c29-8274-e7f829aa8d63">
      <Execution id="4a77aeaf-7ffd-4fdc-be87-c54e1a9c4577" />
      <TestMethod codeBase="C:\Users\ДмитрийБахтенков\skiz\skillaz-backend\src\Skillaz.Tests\bin\Debug\net5.0\Skillaz.Tests.dll" adapterTypeName="executor://xunit/VsTestRunner2/netcoreapp" className="Skillaz.Tests.Assessment.InterviewCreation_feature" name="Successful_creation" />
    </UnitTest>
    <UnitTest name="Skillaz.Tests.BJ.BJApiClient_feature.BJ_API_client_fails_to_create_when_there_token_is_missing" storage="c:\users\дмитрийбахтенков\skiz\skillaz-backend\src\skillaz.tests\bin\debug\net5.0\skillaz.tests.dll" id="b07333b3-9164-5021-7076-4471e70d1dda">
      <Execution id="b364e893-256b-4d72-82b3-c8b7b4ae8002" />
      <TestMethod codeBase="C:\Users\ДмитрийБахтенков\skiz\skillaz-backend\src\Skillaz.Tests\bin\Debug\net5.0\Skillaz.Tests.dll" adapterTypeName="executor://xunit/VsTestRunner2/netcoreapp" className="Skillaz.Tests.BJ.BJApiClient_feature" name="BJ_API_client_fails_to_create_when_there_token_is_missing" />
    </UnitTest>
    <UnitTest name="Skillaz.Tests.Authorization.AuthLoginWorkflowService_CheckPrivacyPolicyOnLogin_feature.Do_login_user_with_accepted_policy_in_company_with_EnabledRequiredPolicyOfUsers" storage="c:\users\дмитрийбахтенков\skiz\skillaz-backend\src\skillaz.tests\bin\debug\net5.0\skillaz.tests.dll" id="97f35db3-5f4a-85ed-1291-b40b432c5f8b">
      <Execution id="a4b79d51-40a6-441e-8089-4a2b0c5bfd7e" />
      <TestMethod codeBase="C:\Users\ДмитрийБахтенков\skiz\skillaz-backend\src\Skillaz.Tests\bin\Debug\net5.0\Skillaz.Tests.dll" adapterTypeName="executor://xunit/VsTestRunner2/netcoreapp" className="Skillaz.Tests.Authorization.AuthLoginWorkflowService_CheckPrivacyPolicyOnLogin_feature" name="Do_login_user_with_accepted_policy_in_company_with_EnabledRequiredPolicyOfUsers" />
    </UnitTest>
    <UnitTest name="Skillaz.Tests.CompanySpecific.X5.Naumen.NaumenSlaTests.Sla_calculates_correctly_for_next_day" storage="c:\users\дмитрийбахтенков\skiz\skillaz-backend\src\skillaz.tests\bin\debug\net5.0\skillaz.tests.dll" id="019b787c-88b2-9680-3a7b-9251d2235f77">
      <Execution id="dcda467d-8e56-4a4c-993a-dd491df62731" />
      <TestMethod codeBase="C:\Users\ДмитрийБахтенков\skiz\skillaz-backend\src\Skillaz.Tests\bin\Debug\net5.0\Skillaz.Tests.dll" adapterTypeName="executor://xunit/VsTestRunner2/netcoreapp" className="Skillaz.Tests.CompanySpecific.X5.Naumen.NaumenSlaTests" name="Sla_calculates_correctly_for_next_day" />
    </UnitTest>
    <UnitTest name="Skillaz.Tests.CompanySpecific.Magnit.MagnitIntegrationISMonitor_feature.CreateVerify_Approved" storage="c:\users\дмитрийбахтенков\skiz\skillaz-backend\src\skillaz.tests\bin\debug\net5.0\skillaz.tests.dll" id="6b9b9713-e85e-f591-1830-1afb35e40ab1">
      <Execution id="1dd77df1-b197-45ea-b964-fdb84d66b434" />
      <TestMethod codeBase="C:\Users\ДмитрийБахтенков\skiz\skillaz-backend\src\Skillaz.Tests\bin\Debug\net5.0\Skillaz.Tests.dll" adapterTypeName="executor://xunit/VsTestRunner2/netcoreapp" className="Skillaz.Tests.CompanySpecific.Magnit.MagnitIntegrationISMonitor_feature" name="CreateVerify_Approved" />
    </UnitTest>
    <UnitTest name="Skillaz.Tests.Assessment.Interviews.SelfEntryInterview_feature.Getting_a_self_entry_request_by_interview" storage="c:\users\дмитрийбахтенков\skiz\skillaz-backend\src\skillaz.tests\bin\debug\net5.0\skillaz.tests.dll" id="80b28bd1-fa2c-1394-d9c2-3c826a523a3e">
      <Execution id="dbe969af-fc3d-4e71-adc9-2e757ac940be" />
      <TestMethod codeBase="C:\Users\ДмитрийБахтенков\skiz\skillaz-backend\src\Skillaz.Tests\bin\Debug\net5.0\Skillaz.Tests.dll" adapterTypeName="executor://xunit/VsTestRunner2/netcoreapp" className="Skillaz.Tests.Assessment.Interviews.SelfEntryInterview_feature" name="Getting_a_self_entry_request_by_interview" />
    </UnitTest>
    <UnitTest name="Skillaz.Tests.OpenApi.Docs.DocBase.Проверить_что_в_Get_операциях_проставляется_расширенное_описание_ссылок" storage="c:\users\дмитрийбахтенков\skiz\skillaz-backend\src\skillaz.tests\bin\debug\net5.0\skillaz.tests.dll" id="f8b867c8-60a8-34c9-06c1-ea1e2b9bbed1">
      <Execution id="c51ecbd8-97f5-40ea-b697-fb86e32dd9a5" />
      <TestMethod codeBase="C:\Users\ДмитрийБахтенков\skiz\skillaz-backend\src\Skillaz.Tests\bin\Debug\net5.0\Skillaz.Tests.dll" adapterTypeName="executor://xunit/VsTestRunner2/netcoreapp" className="Skillaz.Tests.OpenApi.Docs.DocBase" name="Проверить_что_в_Get_операциях_проставляется_расширенное_описание_ссылок" />
    </UnitTest>
    <UnitTest name="Skillaz.Tests.Configurator.SecurityProfile.ConfiguratorSecurityProfileRequest_feature.Request_is_available_to_user_by_confidential_multiple_rules" storage="c:\users\дмитрийбахтенков\skiz\skillaz-backend\src\skillaz.tests\bin\debug\net5.0\skillaz.tests.dll" id="81202116-9937-f546-c269-3760bd40490d">
      <Execution id="9783f1ec-f1a7-4b61-ad18-aa857112a075" />
      <TestMethod codeBase="C:\Users\ДмитрийБахтенков\skiz\skillaz-backend\src\Skillaz.Tests\bin\Debug\net5.0\Skillaz.Tests.dll" adapterTypeName="executor://xunit/VsTestRunner2/netcoreapp" className="Skillaz.Tests.Configurator.SecurityProfile.ConfiguratorSecurityProfileRequest_feature" name="Request_is_available_to_user_by_confidential_multiple_rules" />
    </UnitTest>
    <UnitTest name="Skillaz.Tests.TaskTracker.TaskAction_feature.Transfer_candidate_in_status_double_not_delay" storage="c:\users\дмитрийбахтенков\skiz\skillaz-backend\src\skillaz.tests\bin\debug\net5.0\skillaz.tests.dll" id="f865539f-e482-49f3-986d-75c32537a890">
      <Execution id="1415593a-0080-42ca-897c-411934863738" />
      <TestMethod codeBase="C:\Users\ДмитрийБахтенков\skiz\skillaz-backend\src\Skillaz.Tests\bin\Debug\net5.0\Skillaz.Tests.dll" adapterTypeName="executor://xunit/VsTestRunner2/netcoreapp" className="Skillaz.Tests.TaskTracker.TaskAction_feature" name="Transfer_candidate_in_status_double_not_delay" />
    </UnitTest>
    <UnitTest name="Skillaz.Tests.Configurator.Filter.ConfiguratorRequestFilter_feature.Ensure_that_filter_return_available_values_when_one_request_type" storage="c:\users\дмитрийбахтенков\skiz\skillaz-backend\src\skillaz.tests\bin\debug\net5.0\skillaz.tests.dll" id="e1dbeaaf-21b9-b924-00ec-f2df17fb9a1d">
      <Execution id="9deb1186-cadc-4f4a-b41d-b5bde12a57c8" />
      <TestMethod codeBase="C:\Users\ДмитрийБахтенков\skiz\skillaz-backend\src\Skillaz.Tests\bin\Debug\net5.0\Skillaz.Tests.dll" adapterTypeName="executor://xunit/VsTestRunner2/netcoreapp" className="Skillaz.Tests.Configurator.Filter.ConfiguratorRequestFilter_feature" name="Ensure_that_filter_return_available_values_when_one_request_type" />
    </UnitTest>
    <UnitTest name="Skillaz.Tests.Assessment.Interviews.TalentQInterview_feature.Getting_a_talentQ_interview" storage="c:\users\дмитрийбахтенков\skiz\skillaz-backend\src\skillaz.tests\bin\debug\net5.0\skillaz.tests.dll" id="bdd592a9-f0b6-34e6-f823-f623b305b837">
      <Execution id="25b93530-8b87-4021-b344-1f1982051954" />
      <TestMethod codeBase="C:\Users\ДмитрийБахтенков\skiz\skillaz-backend\src\Skillaz.Tests\bin\Debug\net5.0\Skillaz.Tests.dll" adapterTypeName="executor://xunit/VsTestRunner2/netcoreapp" className="Skillaz.Tests.Assessment.Interviews.TalentQInterview_feature" name="Getting_a_talentQ_interview" />
    </UnitTest>
    <UnitTest name="Skillaz.Tests.CompanySpecific.Perekrestok.PerekrestokBlockUnblockCandidates_feature.Last_check_sent_and_more_than_1_day_have_passed" storage="c:\users\дмитрийбахтенков\skiz\skillaz-backend\src\skillaz.tests\bin\debug\net5.0\skillaz.tests.dll" id="7eb76593-ec2d-3cd7-374d-36a77c6445f0">
      <Execution id="67733d32-f845-404c-a011-cfcbdf159e3c" />
      <TestMethod codeBase="C:\Users\ДмитрийБахтенков\skiz\skillaz-backend\src\Skillaz.Tests\bin\Debug\net5.0\Skillaz.Tests.dll" adapterTypeName="executor://xunit/VsTestRunner2/netcoreapp" className="Skillaz.Tests.CompanySpecific.Perekrestok.PerekrestokBlockUnblockCandidates_feature" name="Last_check_sent_and_more_than_1_day_have_passed" />
    </UnitTest>
    <UnitTest name="Skillaz.Tests.Candidate.Elastic.CandidateElasticFiltration_feature.Retrieving_a_candidate_by_add_ways" storage="c:\users\дмитрийбахтенков\skiz\skillaz-backend\src\skillaz.tests\bin\debug\net5.0\skillaz.tests.dll" id="0ba5960b-0a7d-f371-fc5f-7ef8a5e534e3">
      <Execution id="29d4ce33-1831-4c1a-8b1d-0b48990f9163" />
      <TestMethod codeBase="C:\Users\ДмитрийБахтенков\skiz\skillaz-backend\src\Skillaz.Tests\bin\Debug\net5.0\Skillaz.Tests.dll" adapterTypeName="executor://xunit/VsTestRunner2/netcoreapp" className="Skillaz.Tests.Candidate.Elastic.CandidateElasticFiltration_feature" name="Retrieving_a_candidate_by_add_ways" />
    </UnitTest>
    <UnitTest name="Skillaz.Tests.Users.UserController_feature.RoleCandidateFilterServiceUpdate" storage="c:\users\дмитрийбахтенков\skiz\skillaz-backend\src\skillaz.tests\bin\debug\net5.0\skillaz.tests.dll" id="d07f5d25-005d-4dc1-6ad6-ee7854ba8bd6">
      <Execution id="627dbaed-4e58-47c2-8b48-efe6ca152048" />
      <TestMethod codeBase="C:\Users\ДмитрийБахтенков\skiz\skillaz-backend\src\Skillaz.Tests\bin\Debug\net5.0\Skillaz.Tests.dll" adapterTypeName="executor://xunit/VsTestRunner2/netcoreapp" className="Skillaz.Tests.Users.UserController_feature" name="RoleCandidateFilterServiceUpdate" />
    </UnitTest>
    <UnitTest name="Skillaz.Tests.Candidate.Elastic.CandidateElasticFiltration_feature.Retrieving_a_candidate_by_nonexistent_user_id" storage="c:\users\дмитрийбахтенков\skiz\skillaz-backend\src\skillaz.tests\bin\debug\net5.0\skillaz.tests.dll" id="90610a8c-f611-0064-730c-0535a8575b15">
      <Execution id="7dc21208-89f5-44ea-871c-5d0c1e1f17ae" />
      <TestMethod codeBase="C:\Users\ДмитрийБахтенков\skiz\skillaz-backend\src\Skillaz.Tests\bin\Debug\net5.0\Skillaz.Tests.dll" adapterTypeName="executor://xunit/VsTestRunner2/netcoreapp" className="Skillaz.Tests.Candidate.Elastic.CandidateElasticFiltration_feature" name="Retrieving_a_candidate_by_nonexistent_user_id" />
    </UnitTest>
    <UnitTest name="Skillaz.Tests.Assessment.Interviews.InterviewStepSwitcherFeature.Create_new_scenario_with_check_type_not_in_funnel_returns_bad_request" storage="c:\users\дмитрийбахтенков\skiz\skillaz-backend\src\skillaz.tests\bin\debug\net5.0\skillaz.tests.dll" id="b9925365-fdfc-adc9-465f-0092bda28ea8">
      <Execution id="010e68d8-060d-44aa-bab9-2a86cb375627" />
      <TestMethod codeBase="C:\Users\ДмитрийБахтенков\skiz\skillaz-backend\src\Skillaz.Tests\bin\Debug\net5.0\Skillaz.Tests.dll" adapterTypeName="executor://xunit/VsTestRunner2/netcoreapp" className="Skillaz.Tests.Assessment.Interviews.InterviewStepSwitcherFeature" name="Create_new_scenario_with_check_type_not_in_funnel_returns_bad_request" />
    </UnitTest>
    <UnitTest name="Skillaz.Tests.Telephony.CallList_VacancyFilter_feature.Check_VacancyFilter_ByVacancyCityId" storage="c:\users\дмитрийбахтенков\skiz\skillaz-backend\src\skillaz.tests\bin\debug\net5.0\skillaz.tests.dll" id="7ad9a60b-3bd1-63db-7e4d-460f45209433">
      <Execution id="562ff47d-9393-4049-bc41-e153d0643c84" />
      <TestMethod codeBase="C:\Users\ДмитрийБахтенков\skiz\skillaz-backend\src\Skillaz.Tests\bin\Debug\net5.0\Skillaz.Tests.dll" adapterTypeName="executor://xunit/VsTestRunner2/netcoreapp" className="Skillaz.Tests.Telephony.CallList_VacancyFilter_feature" name="Check_VacancyFilter_ByVacancyCityId" />
    </UnitTest>
    <UnitTest name="Skillaz.Tests.HH.HHApiClient_feature.HH_API_client_creates_with_valid_authorization" storage="c:\users\дмитрийбахтенков\skiz\skillaz-backend\src\skillaz.tests\bin\debug\net5.0\skillaz.tests.dll" id="1c07895f-9362-1973-3ff2-37290387aee6">
      <Execution id="08876b09-17b4-4a21-9eb5-4da591944705" />
      <TestMethod codeBase="C:\Users\ДмитрийБахтенков\skiz\skillaz-backend\src\Skillaz.Tests\bin\Debug\net5.0\Skillaz.Tests.dll" adapterTypeName="executor://xunit/VsTestRunner2/netcoreapp" className="Skillaz.Tests.HH.HHApiClient_feature" name="HH_API_client_creates_with_valid_authorization" />
    </UnitTest>
    <UnitTest name="Skillaz.Tests.Notifications.EmailAntispam_feature.Send_email_to_user_which_exceeds_day_limit_and_check_it_was_sent" storage="c:\users\дмитрийбахтенков\skiz\skillaz-backend\src\skillaz.tests\bin\debug\net5.0\skillaz.tests.dll" id="b6a9df80-7153-36f0-e97d-ca24090a5458">
      <Execution id="2eb4b71e-032b-4ed2-b56c-b08c9828e36a" />
      <TestMethod codeBase="C:\Users\ДмитрийБахтенков\skiz\skillaz-backend\src\Skillaz.Tests\bin\Debug\net5.0\Skillaz.Tests.dll" adapterTypeName="executor://xunit/VsTestRunner2/netcoreapp" className="Skillaz.Tests.Notifications.EmailAntispam_feature" name="Send_email_to_user_which_exceeds_day_limit_and_check_it_was_sent" />
    </UnitTest>
    <UnitTest name="Skillaz.Tests.Request.X5.X5GetRequestListCommand_feature.If_request_has_no_salary_from_result_name_should_not_contain_salary_from_part_at_all" storage="c:\users\дмитрийбахтенков\skiz\skillaz-backend\src\skillaz.tests\bin\debug\net5.0\skillaz.tests.dll" id="512ae6aa-563f-84c9-cb63-e39ddbc49f36">
      <Execution id="67127e25-a0f8-4352-89dd-9b82cfb94700" />
      <TestMethod codeBase="C:\Users\ДмитрийБахтенков\skiz\skillaz-backend\src\Skillaz.Tests\bin\Debug\net5.0\Skillaz.Tests.dll" adapterTypeName="executor://xunit/VsTestRunner2/netcoreapp" className="Skillaz.Tests.Request.X5.X5GetRequestListCommand_feature" name="If_request_has_no_salary_from_result_name_should_not_contain_salary_from_part_at_all" />
    </UnitTest>
    <UnitTest name="Skillaz.Tests.Request.X5.X5GetRequestListCommand_feature.If_request_has_no_salary_at_all_result_name_should_not_contain_salary_part_at_all" storage="c:\users\дмитрийбахтенков\skiz\skillaz-backend\src\skillaz.tests\bin\debug\net5.0\skillaz.tests.dll" id="11e6a20c-f1a0-dbc3-7e76-f9b418cfead8">
      <Execution id="e2888e79-6d9e-4fe2-82d1-54de106b6052" />
      <TestMethod codeBase="C:\Users\ДмитрийБахтенков\skiz\skillaz-backend\src\Skillaz.Tests\bin\Debug\net5.0\Skillaz.Tests.dll" adapterTypeName="executor://xunit/VsTestRunner2/netcoreapp" className="Skillaz.Tests.Request.X5.X5GetRequestListCommand_feature" name="If_request_has_no_salary_at_all_result_name_should_not_contain_salary_part_at_all" />
    </UnitTest>
    <UnitTest name="Skillaz.Tests.Candidate.CandidateProcessMemberNotifications_feature.Notification_request_without_file_should_be_sent_to_email" storage="c:\users\дмитрийбахтенков\skiz\skillaz-backend\src\skillaz.tests\bin\debug\net5.0\skillaz.tests.dll" id="e5c75c09-b881-f25f-b7ff-8150a17552ed">
      <Execution id="198ddc48-dd4a-4e5c-a63a-7e63e8274610" />
      <TestMethod codeBase="C:\Users\ДмитрийБахтенков\skiz\skillaz-backend\src\Skillaz.Tests\bin\Debug\net5.0\Skillaz.Tests.dll" adapterTypeName="executor://xunit/VsTestRunner2/netcoreapp" className="Skillaz.Tests.Candidate.CandidateProcessMemberNotifications_feature" name="Notification_request_without_file_should_be_sent_to_email" />
    </UnitTest>
    <UnitTest name="Skillaz.Tests.CompanySpecific.Perekrestok.PerekrestokRequestPriority_feature.Calculation_request_priority(supermarketType: &quot;Открывающийся супермаркет&quot;, requestVl: 100, employmentCandidateCount: 0, employmentFinishedCandidateCount: 10, interviewCandidateCount: 0, requestPriority: Low)" storage="c:\users\дмитрийбахтенков\skiz\skillaz-backend\src\skillaz.tests\bin\debug\net5.0\skillaz.tests.dll" id="e86ff62e-d287-0803-9d24-0d7e17d7c1fb">
      <Execution id="7e6bf9f3-9171-43c9-9c9c-2aebdb778d37" />
      <TestMethod codeBase="C:\Users\ДмитрийБахтенков\skiz\skillaz-backend\src\Skillaz.Tests\bin\Debug\net5.0\Skillaz.Tests.dll" adapterTypeName="executor://xunit/VsTestRunner2/netcoreapp" className="Skillaz.Tests.CompanySpecific.Perekrestok.PerekrestokRequestPriority_feature" name="Calculation_request_priority" />
    </UnitTest>
    <UnitTest name="Skillaz.Tests.BJ.Publications.Publications_feature.Publish_vacancies_in_additional_regions" storage="c:\users\дмитрийбахтенков\skiz\skillaz-backend\src\skillaz.tests\bin\debug\net5.0\skillaz.tests.dll" id="5192f9a5-433f-bae2-0c0d-097deb9599a8">
      <Execution id="7447e5ac-4766-4269-8636-61f601e2dd59" />
      <TestMethod codeBase="C:\Users\ДмитрийБахтенков\skiz\skillaz-backend\src\Skillaz.Tests\bin\Debug\net5.0\Skillaz.Tests.dll" adapterTypeName="executor://xunit/VsTestRunner2/netcoreapp" className="Skillaz.Tests.BJ.Publications.Publications_feature" name="Publish_vacancies_in_additional_regions" />
    </UnitTest>
    <UnitTest name="Skillaz.Tests.OpenApi.CandidateProfileApi.FeatureCandidatePrifileArchive_feature.Ensure_that_candidate_profile_become_activated" storage="c:\users\дмитрийбахтенков\skiz\skillaz-backend\src\skillaz.tests\bin\debug\net5.0\skillaz.tests.dll" id="60864804-fb05-12fe-f4c7-0e22a76e92f8">
      <Execution id="bc379c8e-8763-4e2e-bff2-500536be81c7" />
      <TestMethod codeBase="C:\Users\ДмитрийБахтенков\skiz\skillaz-backend\src\Skillaz.Tests\bin\Debug\net5.0\Skillaz.Tests.dll" adapterTypeName="executor://xunit/VsTestRunner2/netcoreapp" className="Skillaz.Tests.OpenApi.CandidateProfileApi.FeatureCandidatePrifileArchive_feature" name="Ensure_that_candidate_profile_become_activated" />
    </UnitTest>
    <UnitTest name="Расширение файла совпадает с его содержимым(fileName: &quot;Sample.pdf&quot;)" storage="c:\users\дмитрийбахтенков\skiz\skillaz-backend\src\skillaz.tests\bin\debug\net5.0\skillaz.tests.dll" id="9d9ae014-871d-664e-3980-e29680f94308">
      <Execution id="ff5cddf4-0f82-4440-9496-0262bd7afc7e" />
      <TestMethod codeBase="C:\Users\ДмитрийБахтенков\skiz\skillaz-backend\src\Skillaz.Tests\bin\Debug\net5.0\Skillaz.Tests.dll" adapterTypeName="executor://xunit/VsTestRunner2/netcoreapp" className="Skillaz.Testing.Run.System.Security.FileContentCheckerTests" name="FileExtensionShouldMatchContent" />
    </UnitTest>
    <UnitTest name="Skillaz.Tests.TaskTracker.TaskVacancyFilter_feature.Task_is_created_if_vacancy_is_matched_by_vacancy_filter" storage="c:\users\дмитрийбахтенков\skiz\skillaz-backend\src\skillaz.tests\bin\debug\net5.0\skillaz.tests.dll" id="15434553-49df-d2ec-afdc-f118b78d1dda">
      <Execution id="6df2565a-59aa-4f76-91ff-34978b43875b" />
      <TestMethod codeBase="C:\Users\ДмитрийБахтенков\skiz\skillaz-backend\src\Skillaz.Tests\bin\Debug\net5.0\Skillaz.Tests.dll" adapterTypeName="executor://xunit/VsTestRunner2/netcoreapp" className="Skillaz.Tests.TaskTracker.TaskVacancyFilter_feature" name="Task_is_created_if_vacancy_is_matched_by_vacancy_filter" />
    </UnitTest>
    <UnitTest name="Skillaz.Tests.OrgUnit.OrgUnitHierarchy_feature.Change_org_unit_children_to_children_hierarchy" storage="c:\users\дмитрийбахтенков\skiz\skillaz-backend\src\skillaz.tests\bin\debug\net5.0\skillaz.tests.dll" id="a10a62b4-286f-b7bc-b640-0eddd573bfc2">
      <Execution id="1c446ca6-945f-4aac-8e13-5b3f907b124e" />
      <TestMethod codeBase="C:\Users\ДмитрийБахтенков\skiz\skillaz-backend\src\Skillaz.Tests\bin\Debug\net5.0\Skillaz.Tests.dll" adapterTypeName="executor://xunit/VsTestRunner2/netcoreapp" className="Skillaz.Tests.OrgUnit.OrgUnitHierarchy_feature" name="Change_org_unit_children_to_children_hierarchy" />
    </UnitTest>
    <UnitTest name="Skillaz.Tests.CompanySpecific.Decathlon.DecathlonCheckMiddleNameAndCitizenshipIsFilledTrigger_feature.MiddleName_and_citizenship_are_filled" storage="c:\users\дмитрийбахтенков\skiz\skillaz-backend\src\skillaz.tests\bin\debug\net5.0\skillaz.tests.dll" id="0c097761-7650-d9ae-4f1f-936886c3f7d5">
      <Execution id="1f9def85-8abf-452e-ba4e-2410cb06bf31" />
      <TestMethod codeBase="C:\Users\ДмитрийБахтенков\skiz\skillaz-backend\src\Skillaz.Tests\bin\Debug\net5.0\Skillaz.Tests.dll" adapterTypeName="executor://xunit/VsTestRunner2/netcoreapp" className="Skillaz.Tests.CompanySpecific.Decathlon.DecathlonCheckMiddleNameAndCitizenshipIsFilledTrigger_feature" name="MiddleName_and_citizenship_are_filled" />
    </UnitTest>
    <UnitTest name="Skillaz.Tests.OrgUnit.OrgUnitExternalIdTests.Test_request_update_with_existed_externalId" storage="c:\users\дмитрийбахтенков\skiz\skillaz-backend\src\skillaz.tests\bin\debug\net5.0\skillaz.tests.dll" id="1910094a-11f1-3090-9f2c-785829c25845">
      <Execution id="38740483-34f6-4801-b161-f9097a20be47" />
      <TestMethod codeBase="C:\Users\ДмитрийБахтенков\skiz\skillaz-backend\src\Skillaz.Tests\bin\Debug\net5.0\Skillaz.Tests.dll" adapterTypeName="executor://xunit/VsTestRunner2/netcoreapp" className="Skillaz.Tests.OrgUnit.OrgUnitExternalIdTests" name="Test_request_update_with_existed_externalId" />
    </UnitTest>
    <UnitTest name="Skillaz.Tests.Assessment.Questionnaires.BranchTrackQuestionnaire_feature.Creating_a_questionnaire" storage="c:\users\дмитрийбахтенков\skiz\skillaz-backend\src\skillaz.tests\bin\debug\net5.0\skillaz.tests.dll" id="e489cf0d-ff4d-305d-4e3f-55f0fbb8b8c5">
      <Execution id="6dea8afd-d71a-48a1-b6cd-15e3186d948d" />
      <TestMethod codeBase="C:\Users\ДмитрийБахтенков\skiz\skillaz-backend\src\Skillaz.Tests\bin\Debug\net5.0\Skillaz.Tests.dll" adapterTypeName="executor://xunit/VsTestRunner2/netcoreapp" className="Skillaz.Tests.Assessment.Questionnaires.BranchTrackQuestionnaire_feature" name="Creating_a_questionnaire" />
    </UnitTest>
    <UnitTest name="Skillaz.Tests.CompanySpecific.Sberbank.SberProfilesTests.SberProfiles" storage="c:\users\дмитрийбахтенков\skiz\skillaz-backend\src\skillaz.tests\bin\debug\net5.0\skillaz.tests.dll" id="279fda32-1167-98bb-ecda-bd615461418e">
      <Execution id="ff1b0e78-23ae-4c2d-8ef1-f5a0149a6343" />
      <TestMethod codeBase="C:\Users\ДмитрийБахтенков\skiz\skillaz-backend\src\Skillaz.Tests\bin\Debug\net5.0\Skillaz.Tests.dll" adapterTypeName="executor://xunit/VsTestRunner2/netcoreapp" className="Skillaz.Tests.CompanySpecific.Sberbank.SberProfilesTests" name="SberProfiles" />
    </UnitTest>
    <UnitTest name="Skillaz.Tests.Assessment.InterviewCreation_feature.Create_an_interview_for_funnel_with_two_scenarios_with_right_scenario_for_a_first_status" storage="c:\users\дмитрийбахтенков\skiz\skillaz-backend\src\skillaz.tests\bin\debug\net5.0\skillaz.tests.dll" id="95ea0026-728d-f66a-f1ad-b857db35a213">
      <Execution id="863fff66-936f-4bc9-aa03-dbac32f041c4" />
      <TestMethod codeBase="C:\Users\ДмитрийБахтенков\skiz\skillaz-backend\src\Skillaz.Tests\bin\Debug\net5.0\Skillaz.Tests.dll" adapterTypeName="executor://xunit/VsTestRunner2/netcoreapp" className="Skillaz.Tests.Assessment.InterviewCreation_feature" name="Create_an_interview_for_funnel_with_two_scenarios_with_right_scenario_for_a_first_status" />
    </UnitTest>
    <UnitTest name="Skillaz.Tests.Notifications.Workflow.WorkflowNotifications_feature.Workflow_Check_that_templates_in_workflow_is_avaliable" storage="c:\users\дмитрийбахтенков\skiz\skillaz-backend\src\skillaz.tests\bin\debug\net5.0\skillaz.tests.dll" id="b5c40e53-4f35-9f2a-c7d0-67d888978dc2">
      <Execution id="43b937d4-2371-482b-bcaf-fa20f4221c01" />
      <TestMethod codeBase="C:\Users\ДмитрийБахтенков\skiz\skillaz-backend\src\Skillaz.Tests\bin\Debug\net5.0\Skillaz.Tests.dll" adapterTypeName="executor://xunit/VsTestRunner2/netcoreapp" className="Skillaz.Tests.Notifications.Workflow.WorkflowNotifications_feature" name="Workflow_Check_that_templates_in_workflow_is_avaliable" />
    </UnitTest>
    <UnitTest name="Skillaz.Tests.HH.Publications.HideContactsPublications_feature.Publish_vacancies_with_not_hidden_contacts" storage="c:\users\дмитрийбахтенков\skiz\skillaz-backend\src\skillaz.tests\bin\debug\net5.0\skillaz.tests.dll" id="4c8a87ce-59af-339d-0893-989053d151bb">
      <Execution id="28b377f1-ce44-4a50-aa6e-590fd0c1db5f" />
      <TestMethod codeBase="C:\Users\ДмитрийБахтенков\skiz\skillaz-backend\src\Skillaz.Tests\bin\Debug\net5.0\Skillaz.Tests.dll" adapterTypeName="executor://xunit/VsTestRunner2/netcoreapp" className="Skillaz.Tests.HH.Publications.HideContactsPublications_feature" name="Publish_vacancies_with_not_hidden_contacts" />
    </UnitTest>
    <UnitTest name="Skillaz.Tests.DocumentModels.ConvertToDocument.ConvertToDocument_FromProfile_feature.Проверить_ConvertToDocument_в_FromProfile" storage="c:\users\дмитрийбахтенков\skiz\skillaz-backend\src\skillaz.tests\bin\debug\net5.0\skillaz.tests.dll" id="7e8f64a3-1f92-0ea6-2321-2473a2cf3014">
      <Execution id="fdeec875-dd35-464b-87e6-0b4b16fea698" />
      <TestMethod codeBase="C:\Users\ДмитрийБахтенков\skiz\skillaz-backend\src\Skillaz.Tests\bin\Debug\net5.0\Skillaz.Tests.dll" adapterTypeName="executor://xunit/VsTestRunner2/netcoreapp" className="Skillaz.Tests.DocumentModels.ConvertToDocument.ConvertToDocument_FromProfile_feature" name="Проверить_ConvertToDocument_в_FromProfile" />
    </UnitTest>
    <UnitTest name="Skillaz.Tests.Configurator.Editor.HidingDocumentTypesConfiguratorTypesFeature.Созданные_типы_документов_пропадают_из_доступных" storage="c:\users\дмитрийбахтенков\skiz\skillaz-backend\src\skillaz.tests\bin\debug\net5.0\skillaz.tests.dll" id="a15d13d3-8042-c37e-70dc-344ac550358f">
      <Execution id="c6abd0c3-c9bd-492c-a743-2ae1a9dbe9c2" />
      <TestMethod codeBase="C:\Users\ДмитрийБахтенков\skiz\skillaz-backend\src\Skillaz.Tests\bin\Debug\net5.0\Skillaz.Tests.dll" adapterTypeName="executor://xunit/VsTestRunner2/netcoreapp" className="Skillaz.Tests.Configurator.Editor.HidingDocumentTypesConfiguratorTypesFeature" name="Созданные_типы_документов_пропадают_из_доступных" />
    </UnitTest>
    <UnitTest name="Расширение файла не должно совпадать с его содержимым(fileName: &quot;HtmlAsDoc.doc&quot;, alterName: &quot;.jpg&quot;)" storage="c:\users\дмитрийбахтенков\skiz\skillaz-backend\src\skillaz.tests\bin\debug\net5.0\skillaz.tests.dll" id="81004c64-f887-c3ce-00ec-5cc01b19d874">
      <Execution id="78ea4407-6d0d-4d1d-b79d-b0d94b8645e6" />
      <TestMethod codeBase="C:\Users\ДмитрийБахтенков\skiz\skillaz-backend\src\Skillaz.Tests\bin\Debug\net5.0\Skillaz.Tests.dll" adapterTypeName="executor://xunit/VsTestRunner2/netcoreapp" className="Skillaz.Testing.Run.System.Security.FileContentCheckerTests" name="FileExtensionShouldDoNotMatchContent" />
    </UnitTest>
    <UnitTest name="Skillaz.Tests.TaskTracker.TaskDashboardController_feature.OpenTask(assigneeUser: null, status: OK, addHours: -1, taskStatus: Created)" storage="c:\users\дмитрийбахтенков\skiz\skillaz-backend\src\skillaz.tests\bin\debug\net5.0\skillaz.tests.dll" id="13b912b3-a86c-3f3d-cf2e-9176feafa2b6">
      <Execution id="468f347c-54d1-4f14-bf65-f90263c974ce" />
      <TestMethod codeBase="C:\Users\ДмитрийБахтенков\skiz\skillaz-backend\src\Skillaz.Tests\bin\Debug\net5.0\Skillaz.Tests.dll" adapterTypeName="executor://xunit/VsTestRunner2/netcoreapp" className="Skillaz.Tests.TaskTracker.TaskDashboardController_feature" name="OpenTask" />
    </UnitTest>
    <UnitTest name="Skillaz.Tests.Configurator.DocumentModel.DocumentModelFieldRuleTest.Проверить_правила_обязательности_поля" storage="c:\users\дмитрийбахтенков\skiz\skillaz-backend\src\skillaz.tests\bin\debug\net5.0\skillaz.tests.dll" id="24e4a873-074e-7719-3ab8-9a612d5a942c">
      <Execution id="91c58857-8c32-4fdd-9161-56276d5d0238" />
      <TestMethod codeBase="C:\Users\ДмитрийБахтенков\skiz\skillaz-backend\src\Skillaz.Tests\bin\Debug\net5.0\Skillaz.Tests.dll" adapterTypeName="executor://xunit/VsTestRunner2/netcoreapp" className="Skillaz.Tests.Configurator.DocumentModel.DocumentModelFieldRuleTest" name="Проверить_правила_обязательности_поля" />
    </UnitTest>
    <UnitTest name="Skillaz.Tests.Assessment.Interview_feature.Create_new_interview_on_second_testing_status_when_forced" storage="c:\users\дмитрийбахтенков\skiz\skillaz-backend\src\skillaz.tests\bin\debug\net5.0\skillaz.tests.dll" id="8d13cfdf-b244-cdc8-372b-2ef58316b4b9">
      <Execution id="267822c3-b938-4443-a84f-c8637e6fffb9" />
      <TestMethod codeBase="C:\Users\ДмитрийБахтенков\skiz\skillaz-backend\src\Skillaz.Tests\bin\Debug\net5.0\Skillaz.Tests.dll" adapterTypeName="executor://xunit/VsTestRunner2/netcoreapp" className="Skillaz.Tests.Assessment.Interview_feature" name="Create_new_interview_on_second_testing_status_when_forced" />
    </UnitTest>
    <UnitTest name="Skillaz.Tests.Configurator.DocumentModel.ObjectTypeJobOffer.JobOfferDocument_Notification" storage="c:\users\дмитрийбахтенков\skiz\skillaz-backend\src\skillaz.tests\bin\debug\net5.0\skillaz.tests.dll" id="fd241181-d48b-d098-e700-e572436ff44c">
      <Execution id="75bcde3e-57ce-4b4a-b2b8-036fb612676d" />
      <TestMethod codeBase="C:\Users\ДмитрийБахтенков\skiz\skillaz-backend\src\Skillaz.Tests\bin\Debug\net5.0\Skillaz.Tests.dll" adapterTypeName="executor://xunit/VsTestRunner2/netcoreapp" className="Skillaz.Tests.Configurator.DocumentModel.ObjectTypeJobOffer" name="JobOfferDocument_Notification" />
    </UnitTest>
    <UnitTest name="Skillaz.Tests.Notifications.SendSimpleWhatsAppMessage_feature.SendMessage(phoneNumber: &quot;+7952561111&quot;)" storage="c:\users\дмитрийбахтенков\skiz\skillaz-backend\src\skillaz.tests\bin\debug\net5.0\skillaz.tests.dll" id="312018e1-af3d-3feb-f0ab-6c9fa702d2d5">
      <Execution id="69db2674-27a7-4562-a3d4-6302dc914028" />
      <TestMethod codeBase="C:\Users\ДмитрийБахтенков\skiz\skillaz-backend\src\Skillaz.Tests\bin\Debug\net5.0\Skillaz.Tests.dll" adapterTypeName="executor://xunit/VsTestRunner2/netcoreapp" className="Skillaz.Tests.Notifications.SendSimpleWhatsAppMessage_feature" name="SendMessage" />
    </UnitTest>
    <UnitTest name="Skillaz.Tests.Mongo.MongoFilterTests.Mongo_filter_converter_works(originalFilter: &quot;{ }&quot;, filterPattern: &quot;{ }&quot;)" storage="c:\users\дмитрийбахтенков\skiz\skillaz-backend\src\skillaz.tests\bin\debug\net5.0\skillaz.tests.dll" id="0e214fad-152e-1113-3e1a-d37c2c200aac">
      <Execution id="a57123bf-8811-4982-9360-7870dc22d7c2" />
      <TestMethod codeBase="C:\Users\ДмитрийБахтенков\skiz\skillaz-backend\src\Skillaz.Tests\bin\Debug\net5.0\Skillaz.Tests.dll" adapterTypeName="executor://xunit/VsTestRunner2/netcoreapp" className="Skillaz.Tests.Mongo.MongoFilterTests" name="Mongo_filter_converter_works" />
    </UnitTest>
    <UnitTest name="Skillaz.Tests.Assessment.Interviews.InterviewStepSwitcherFeature.Create_new_scenario_with_valid_check_type_scenario_has_check_type_to_start" storage="c:\users\дмитрийбахтенков\skiz\skillaz-backend\src\skillaz.tests\bin\debug\net5.0\skillaz.tests.dll" id="18e74ddc-470a-68cf-3674-58647f773684">
      <Execution id="d4652440-4128-4290-a86e-a6b862aea621" />
      <TestMethod codeBase="C:\Users\ДмитрийБахтенков\skiz\skillaz-backend\src\Skillaz.Tests\bin\Debug\net5.0\Skillaz.Tests.dll" adapterTypeName="executor://xunit/VsTestRunner2/netcoreapp" className="Skillaz.Tests.Assessment.Interviews.InterviewStepSwitcherFeature" name="Create_new_scenario_with_valid_check_type_scenario_has_check_type_to_start" />
    </UnitTest>
    <UnitTest name="Skillaz.Tests.Candidate.Ratings.CascadeRatingScoreUpdate_feature.Candidate_sub_rating_updated" storage="c:\users\дмитрийбахтенков\skiz\skillaz-backend\src\skillaz.tests\bin\debug\net5.0\skillaz.tests.dll" id="d6a2357c-b0b4-f95d-3275-283dfccb64bb">
      <Execution id="ec21db0b-ab36-4565-80fa-9f8e6fa9ae31" />
      <TestMethod codeBase="C:\Users\ДмитрийБахтенков\skiz\skillaz-backend\src\Skillaz.Tests\bin\Debug\net5.0\Skillaz.Tests.dll" adapterTypeName="executor://xunit/VsTestRunner2/netcoreapp" className="Skillaz.Tests.Candidate.Ratings.CascadeRatingScoreUpdate_feature" name="Candidate_sub_rating_updated" />
    </UnitTest>
    <UnitTest name="Skillaz.Tests.Configurator.Deduplication.UpdateCandidateByRuleTest.Check_Action_AddNotice" storage="c:\users\дмитрийбахтенков\skiz\skillaz-backend\src\skillaz.tests\bin\debug\net5.0\skillaz.tests.dll" id="b72a4387-87e8-ca97-fa56-cf5c6eb7d801">
      <Execution id="c0f93ffb-b36f-4d74-8550-dbbe6f974967" />
      <TestMethod codeBase="C:\Users\ДмитрийБахтенков\skiz\skillaz-backend\src\Skillaz.Tests\bin\Debug\net5.0\Skillaz.Tests.dll" adapterTypeName="executor://xunit/VsTestRunner2/netcoreapp" className="Skillaz.Tests.Configurator.Deduplication.UpdateCandidateByRuleTest" name="Check_Action_AddNotice" />
    </UnitTest>
    <UnitTest name="Skillaz.Tests.AutoComplete.RequestAutoCompleteControllerGetRequests_feature.AutoComplete_with_states_and_state_types(states: [&quot;InWork&quot;], stateTypes: [&quot;CandidateRecruitment&quot;])" storage="c:\users\дмитрийбахтенков\skiz\skillaz-backend\src\skillaz.tests\bin\debug\net5.0\skillaz.tests.dll" id="d85ea6cb-b578-b631-0e48-81c4a9519feb">
      <Execution id="f3e5d378-9527-4fe9-b09e-d828e64aaf9d" />
      <TestMethod codeBase="C:\Users\ДмитрийБахтенков\skiz\skillaz-backend\src\Skillaz.Tests\bin\Debug\net5.0\Skillaz.Tests.dll" adapterTypeName="executor://xunit/VsTestRunner2/netcoreapp" className="Skillaz.Tests.AutoComplete.RequestAutoCompleteControllerGetRequests_feature" name="AutoComplete_with_states_and_state_types" />
    </UnitTest>
    <UnitTest name="Skillaz.Tests.AutoComplete.RequestAutoCompleteControllerGetRequests_feature.AutoComplete_with_states_and_state_types(states: null, stateTypes: [&quot;CandidateRecruitment&quot;])" storage="c:\users\дмитрийбахтенков\skiz\skillaz-backend\src\skillaz.tests\bin\debug\net5.0\skillaz.tests.dll" id="0bdb275d-06fe-542e-40d4-681128a019cc">
      <Execution id="405ceb2d-6e1d-4300-9356-fb7eee2255ce" />
      <TestMethod codeBase="C:\Users\ДмитрийБахтенков\skiz\skillaz-backend\src\Skillaz.Tests\bin\Debug\net5.0\Skillaz.Tests.dll" adapterTypeName="executor://xunit/VsTestRunner2/netcoreapp" className="Skillaz.Tests.AutoComplete.RequestAutoCompleteControllerGetRequests_feature" name="AutoComplete_with_states_and_state_types" />
    </UnitTest>
    <UnitTest name="Skillaz.Tests.ApiUser.ApiUser_feature.Api_user_can_access_candidate_from_allowed_source" storage="c:\users\дмитрийбахтенков\skiz\skillaz-backend\src\skillaz.tests\bin\debug\net5.0\skillaz.tests.dll" id="084fd4ff-ee7f-a1d7-2980-4000c20ac3e0">
      <Execution id="36df70ec-1934-4c86-8e0e-58cfb5a2d67d" />
      <TestMethod codeBase="C:\Users\ДмитрийБахтенков\skiz\skillaz-backend\src\Skillaz.Tests\bin\Debug\net5.0\Skillaz.Tests.dll" adapterTypeName="executor://xunit/VsTestRunner2/netcoreapp" className="Skillaz.Tests.ApiUser.ApiUser_feature" name="Api_user_can_access_candidate_from_allowed_source" />
    </UnitTest>
    <UnitTest name="Skillaz.Tests.Candidate.CandidateTags.CandidateTagsService_feature.If_current_user_is_not_admin_then_current_user_can_not_archive_and_remove_from_archive_new_category" storage="c:\users\дмитрийбахтенков\skiz\skillaz-backend\src\skillaz.tests\bin\debug\net5.0\skillaz.tests.dll" id="d8fd7e36-b5e4-7858-f7ea-8ca6ecf37fab">
      <Execution id="51b18cf5-23dc-4eaf-83d4-6d9f4a369861" />
      <TestMethod codeBase="C:\Users\ДмитрийБахтенков\skiz\skillaz-backend\src\Skillaz.Tests\bin\Debug\net5.0\Skillaz.Tests.dll" adapterTypeName="executor://xunit/VsTestRunner2/netcoreapp" className="Skillaz.Tests.Candidate.CandidateTags.CandidateTagsService_feature" name="If_current_user_is_not_admin_then_current_user_can_not_archive_and_remove_from_archive_new_category" />
    </UnitTest>
    <UnitTest name="Skillaz.Tests.Configurator.DocumentModel.JobOfferConfiguratorDataType_feature.JobOfferConfiguratorDataType_default_value" storage="c:\users\дмитрийбахтенков\skiz\skillaz-backend\src\skillaz.tests\bin\debug\net5.0\skillaz.tests.dll" id="86f8b240-ee14-84ee-a4a1-f8be955e002b">
      <Execution id="f2507465-0f4d-4e2e-9a4e-928196c948c6" />
      <TestMethod codeBase="C:\Users\ДмитрийБахтенков\skiz\skillaz-backend\src\Skillaz.Tests\bin\Debug\net5.0\Skillaz.Tests.dll" adapterTypeName="executor://xunit/VsTestRunner2/netcoreapp" className="Skillaz.Tests.Configurator.DocumentModel.JobOfferConfiguratorDataType_feature" name="JobOfferConfiguratorDataType_default_value" />
    </UnitTest>
    <UnitTest name="Skillaz.Tests.CompanySpecific.Decathlon.DecathlonCheckJobOfferStateIsApprovedTrigger_feature.Last_job_offer_approved" storage="c:\users\дмитрийбахтенков\skiz\skillaz-backend\src\skillaz.tests\bin\debug\net5.0\skillaz.tests.dll" id="1c68ff8f-f508-dc04-4563-da611ba6ef70">
      <Execution id="2c36fabb-d4d1-436d-8b06-a9f00f3f854d" />
      <TestMethod codeBase="C:\Users\ДмитрийБахтенков\skiz\skillaz-backend\src\Skillaz.Tests\bin\Debug\net5.0\Skillaz.Tests.dll" adapterTypeName="executor://xunit/VsTestRunner2/netcoreapp" className="Skillaz.Tests.CompanySpecific.Decathlon.DecathlonCheckJobOfferStateIsApprovedTrigger_feature" name="Last_job_offer_approved" />
    </UnitTest>
    <UnitTest name="Skillaz.Tests.ProductionCalendars.ProductionCalendarService_feature.Get_holidays_for_period_should_cache_production_calendar_for_country_and_year" storage="c:\users\дмитрийбахтенков\skiz\skillaz-backend\src\skillaz.tests\bin\debug\net5.0\skillaz.tests.dll" id="80e8f09a-4089-3a1c-920e-0b73ffcea8d4">
      <Execution id="3e4469ad-833d-4ee5-b48c-ad601a69ac99" />
      <TestMethod codeBase="C:\Users\ДмитрийБахтенков\skiz\skillaz-backend\src\Skillaz.Tests\bin\Debug\net5.0\Skillaz.Tests.dll" adapterTypeName="executor://xunit/VsTestRunner2/netcoreapp" className="Skillaz.Tests.ProductionCalendars.ProductionCalendarService_feature" name="Get_holidays_for_period_should_cache_production_calendar_for_country_and_year" />
    </UnitTest>
    <UnitTest name="Skillaz.Tests.Helpers.WorkingDaysHelperFeature.FindProductionDates(dateStrings: [&quot;2020-08-02&quot;, &quot;2020-08-03&quot;, &quot;2020-08-04&quot;, &quot;2020-08-03&quot;])" storage="c:\users\дмитрийбахтенков\skiz\skillaz-backend\src\skillaz.tests\bin\debug\net5.0\skillaz.tests.dll" id="086fcd4b-b5c9-266f-189d-7e9ce11ef20c">
      <Execution id="8fb3abbf-c3ca-4c44-bfaf-eacacbeb4aef" />
      <TestMethod codeBase="C:\Users\ДмитрийБахтенков\skiz\skillaz-backend\src\Skillaz.Tests\bin\Debug\net5.0\Skillaz.Tests.dll" adapterTypeName="executor://xunit/VsTestRunner2/netcoreapp" className="Skillaz.Tests.Helpers.WorkingDaysHelperFeature" name="FindProductionDates" />
    </UnitTest>
    <UnitTest name="Skillaz.Tests.CompanySpecific.Sberbank.SberPositionsTests.SberPositionCommand_should_work_as_expected(vacancyName: &quot;Менеджер по работе с ключевыми клиентами&quot;, expectedPositionId: &quot;key_client_manger_sber_mmb&quot;)" storage="c:\users\дмитрийбахтенков\skiz\skillaz-backend\src\skillaz.tests\bin\debug\net5.0\skillaz.tests.dll" id="6c285f54-2bee-5681-1441-45540a633fc7">
      <Execution id="40623d34-401f-4247-b9bb-44ad9c2b7990" />
      <TestMethod codeBase="C:\Users\ДмитрийБахтенков\skiz\skillaz-backend\src\Skillaz.Tests\bin\Debug\net5.0\Skillaz.Tests.dll" adapterTypeName="executor://xunit/VsTestRunner2/netcoreapp" className="Skillaz.Tests.CompanySpecific.Sberbank.SberPositionsTests" name="SberPositionCommand_should_work_as_expected" />
    </UnitTest>
    <UnitTest name="Skillaz.Tests.Cron.CronScheduleTests.Interval_job_schedule_works" storage="c:\users\дмитрийбахтенков\skiz\skillaz-backend\src\skillaz.tests\bin\debug\net5.0\skillaz.tests.dll" id="06a8b1fb-294d-c64c-daef-79e9cdc4ee13">
      <Execution id="b01c1cea-61d4-4e15-9372-6da2a694ee1f" />
      <TestMethod codeBase="C:\Users\ДмитрийБахтенков\skiz\skillaz-backend\src\Skillaz.Tests\bin\Debug\net5.0\Skillaz.Tests.dll" adapterTypeName="executor://xunit/VsTestRunner2/netcoreapp" className="Skillaz.Tests.Cron.CronScheduleTests" name="Interval_job_schedule_works" />
    </UnitTest>
    <UnitTest name="Skillaz.Tests.Configurator.DocumentModel.ObjectTypeHireNeed.Потребности" storage="c:\users\дмитрийбахтенков\skiz\skillaz-backend\src\skillaz.tests\bin\debug\net5.0\skillaz.tests.dll" id="07227beb-6ff0-19cf-de92-400286d7d25d">
      <Execution id="5e04b146-4c36-4277-9ecb-68eef5feabca" />
      <TestMethod codeBase="C:\Users\ДмитрийБахтенков\skiz\skillaz-backend\src\Skillaz.Tests\bin\Debug\net5.0\Skillaz.Tests.dll" adapterTypeName="executor://xunit/VsTestRunner2/netcoreapp" className="Skillaz.Tests.Configurator.DocumentModel.ObjectTypeHireNeed" name="Потребности" />
    </UnitTest>
    <UnitTest name="Skillaz.Tests.Assessment.Interviews.QuizInterview_feature.Setting_auto_score_quiz_interview_answers" storage="c:\users\дмитрийбахтенков\skiz\skillaz-backend\src\skillaz.tests\bin\debug\net5.0\skillaz.tests.dll" id="fa9452aa-a9cf-3b83-c5e1-d7e5d5ef7d94">
      <Execution id="0205d38a-9511-4540-a3bf-22f16bac909e" />
      <TestMethod codeBase="C:\Users\ДмитрийБахтенков\skiz\skillaz-backend\src\Skillaz.Tests\bin\Debug\net5.0\Skillaz.Tests.dll" adapterTypeName="executor://xunit/VsTestRunner2/netcoreapp" className="Skillaz.Tests.Assessment.Interviews.QuizInterview_feature" name="Setting_auto_score_quiz_interview_answers" />
    </UnitTest>
    <UnitTest name="Skillaz.Tests.CompanySpecific.Magnit.MagnitIntegrationISMonitor_feature.CreateVerify_Unknown" storage="c:\users\дмитрийбахтенков\skiz\skillaz-backend\src\skillaz.tests\bin\debug\net5.0\skillaz.tests.dll" id="62410bb4-f72f-009d-43ae-ef11d96638c7">
      <Execution id="b7789944-7f26-4f13-a295-bf0eebdabe37" />
      <TestMethod codeBase="C:\Users\ДмитрийБахтенков\skiz\skillaz-backend\src\Skillaz.Tests\bin\Debug\net5.0\Skillaz.Tests.dll" adapterTypeName="executor://xunit/VsTestRunner2/netcoreapp" className="Skillaz.Tests.CompanySpecific.Magnit.MagnitIntegrationISMonitor_feature" name="CreateVerify_Unknown" />
    </UnitTest>
    <UnitTest name="Skillaz.Tests.Mongo.Enums.MongoDictionaryTest_feature.Success" storage="c:\users\дмитрийбахтенков\skiz\skillaz-backend\src\skillaz.tests\bin\debug\net5.0\skillaz.tests.dll" id="bbad7a3b-1b0a-bdd4-78ed-7d5fcd04c57d">
      <Execution id="479cce43-6cb3-4e6f-817c-5b56b98749ce" />
      <TestMethod codeBase="C:\Users\ДмитрийБахтенков\skiz\skillaz-backend\src\Skillaz.Tests\bin\Debug\net5.0\Skillaz.Tests.dll" adapterTypeName="executor://xunit/VsTestRunner2/netcoreapp" className="Skillaz.Tests.Mongo.Enums.MongoDictionaryTest_feature" name="Success" />
    </UnitTest>
    <UnitTest name="Skillaz.Tests.CompanySpecific.Sberbank.SberPositionsTests.SberPositionCommand_should_work_as_expected(vacancyName: &quot;Менеджер по ключевым клиентам малый&quot;, expectedPositionId: &quot;key_client_manger_sber_mmb&quot;)" storage="c:\users\дмитрийбахтенков\skiz\skillaz-backend\src\skillaz.tests\bin\debug\net5.0\skillaz.tests.dll" id="705e4a16-2c6c-adf2-ec27-78ba7cb61297">
      <Execution id="b517ce03-06ad-4c2e-ac22-9c261129b375" />
      <TestMethod codeBase="C:\Users\ДмитрийБахтенков\skiz\skillaz-backend\src\Skillaz.Tests\bin\Debug\net5.0\Skillaz.Tests.dll" adapterTypeName="executor://xunit/VsTestRunner2/netcoreapp" className="Skillaz.Tests.CompanySpecific.Sberbank.SberPositionsTests" name="SberPositionCommand_should_work_as_expected" />
    </UnitTest>
    <UnitTest name="Skillaz.Tests.OpenApi.CreateNewCandidate_feature.Candidate_duplicate_not_returned" storage="c:\users\дмитрийбахтенков\skiz\skillaz-backend\src\skillaz.tests\bin\debug\net5.0\skillaz.tests.dll" id="234c0ba9-a3a7-a40a-69c7-b8898626edab">
      <Execution id="a68c0662-3bd6-42fa-b2ba-40c199f9da95" />
      <TestMethod codeBase="C:\Users\ДмитрийБахтенков\skiz\skillaz-backend\src\Skillaz.Tests\bin\Debug\net5.0\Skillaz.Tests.dll" adapterTypeName="executor://xunit/VsTestRunner2/netcoreapp" className="Skillaz.Tests.OpenApi.CreateNewCandidate_feature" name="Candidate_duplicate_not_returned" />
    </UnitTest>
    <UnitTest name="Skillaz.Tests.Configurator.Filter.ConfiguratorRequestFilter_feature.Ensure_that_filter_by_mass_request_type_return_available_values_when_two_request_types" storage="c:\users\дмитрийбахтенков\skiz\skillaz-backend\src\skillaz.tests\bin\debug\net5.0\skillaz.tests.dll" id="d47183ad-da8f-691e-cfcd-b052ce29ec29">
      <Execution id="0e493346-17ac-4813-88f9-53f36a80cd72" />
      <TestMethod codeBase="C:\Users\ДмитрийБахтенков\skiz\skillaz-backend\src\Skillaz.Tests\bin\Debug\net5.0\Skillaz.Tests.dll" adapterTypeName="executor://xunit/VsTestRunner2/netcoreapp" className="Skillaz.Tests.Configurator.Filter.ConfiguratorRequestFilter_feature" name="Ensure_that_filter_by_mass_request_type_return_available_values_when_two_request_types" />
    </UnitTest>
    <UnitTest name="Skillaz.Tests.CompanySpecific.Mvideo.MvideoPrepareBatchUpdateRequest_feature.OrgUnits_with_responsible_id_00000000_processed" storage="c:\users\дмитрийбахтенков\skiz\skillaz-backend\src\skillaz.tests\bin\debug\net5.0\skillaz.tests.dll" id="13a8aafe-f2e1-d44e-4187-b187f0d8a6d7">
      <Execution id="6ba45cfd-8cdb-494d-a1e9-8e32104e5800" />
      <TestMethod codeBase="C:\Users\ДмитрийБахтенков\skiz\skillaz-backend\src\Skillaz.Tests\bin\Debug\net5.0\Skillaz.Tests.dll" adapterTypeName="executor://xunit/VsTestRunner2/netcoreapp" className="Skillaz.Tests.CompanySpecific.Mvideo.MvideoPrepareBatchUpdateRequest_feature" name="OrgUnits_with_responsible_id_00000000_processed" />
    </UnitTest>
    <UnitTest name="Skillaz.Tests.Candidate.Ratings.CascadeRatingScoreUpdate_feature.Candidate_complex_rating_created" storage="c:\users\дмитрийбахтенков\skiz\skillaz-backend\src\skillaz.tests\bin\debug\net5.0\skillaz.tests.dll" id="235ab07d-368a-d769-9096-2d47ba17c523">
      <Execution id="3b777c23-3996-4f2a-88a1-638dc5cf6c40" />
      <TestMethod codeBase="C:\Users\ДмитрийБахтенков\skiz\skillaz-backend\src\Skillaz.Tests\bin\Debug\net5.0\Skillaz.Tests.dll" adapterTypeName="executor://xunit/VsTestRunner2/netcoreapp" className="Skillaz.Tests.Candidate.Ratings.CascadeRatingScoreUpdate_feature" name="Candidate_complex_rating_created" />
    </UnitTest>
    <UnitTest name="Skillaz.Tests.AsyncEnumerable.AsyncEnumerableTests.Parallel_for_each_works_for_enumerable" storage="c:\users\дмитрийбахтенков\skiz\skillaz-backend\src\skillaz.tests\bin\debug\net5.0\skillaz.tests.dll" id="62ee499b-850e-60b9-267f-5de3d681d67f">
      <Execution id="1a66b2bf-504b-4ec5-9691-3f15d45b1cee" />
      <TestMethod codeBase="C:\Users\ДмитрийБахтенков\skiz\skillaz-backend\src\Skillaz.Tests\bin\Debug\net5.0\Skillaz.Tests.dll" adapterTypeName="executor://xunit/VsTestRunner2/netcoreapp" className="Skillaz.Tests.AsyncEnumerable.AsyncEnumerableTests" name="Parallel_for_each_works_for_enumerable" />
    </UnitTest>
    <UnitTest name="Skillaz.Tests.CompanySpecific.Mvideo.MvideoProfRolesAssign_feature.Assign_roles_of_users_which_already_have_incorrect_roles" storage="c:\users\дмитрийбахтенков\skiz\skillaz-backend\src\skillaz.tests\bin\debug\net5.0\skillaz.tests.dll" id="0d64b995-9bd6-9286-0e9a-c3ad022ef162">
      <Execution id="afeecc26-e126-4541-bb6c-bf7514070a96" />
      <TestMethod codeBase="C:\Users\ДмитрийБахтенков\skiz\skillaz-backend\src\Skillaz.Tests\bin\Debug\net5.0\Skillaz.Tests.dll" adapterTypeName="executor://xunit/VsTestRunner2/netcoreapp" className="Skillaz.Tests.CompanySpecific.Mvideo.MvideoProfRolesAssign_feature" name="Assign_roles_of_users_which_already_have_incorrect_roles" />
    </UnitTest>
    <UnitTest name="Тип определения проверки - 'Последняя запущенная'" storage="c:\users\дмитрийбахтенков\skiz\skillaz-backend\src\skillaz.tests\bin\debug\net5.0\skillaz.tests.dll" id="2487a927-9554-27d5-8a7c-14356b5d0066">
      <Execution id="c13b714e-5808-4cfc-bb8c-62111a86467e" />
      <TestMethod codeBase="C:\Users\ДмитрийБахтенков\skiz\skillaz-backend\src\Skillaz.Tests\bin\Debug\net5.0\Skillaz.Tests.dll" adapterTypeName="executor://xunit/VsTestRunner2/netcoreapp" className="Skillaz.Tests.Configurator.DocumentModel.DataType.CheckDataType_Feature" name="Check_copy_of_last_run" />
    </UnitTest>
    <UnitTest name="Skillaz.Tests.DocumentModels.DocumentModel_feature.Run_on_change_during_update" storage="c:\users\дмитрийбахтенков\skiz\skillaz-backend\src\skillaz.tests\bin\debug\net5.0\skillaz.tests.dll" id="254be34e-8eae-9543-be9e-29a84ee47427">
      <Execution id="9a0b72f8-b673-4d7a-a4cd-d41126fdc203" />
      <TestMethod codeBase="C:\Users\ДмитрийБахтенков\skiz\skillaz-backend\src\Skillaz.Tests\bin\Debug\net5.0\Skillaz.Tests.dll" adapterTypeName="executor://xunit/VsTestRunner2/netcoreapp" className="Skillaz.Tests.DocumentModels.DocumentModel_feature" name="Run_on_change_during_update" />
    </UnitTest>
    <UnitTest name="Skillaz.Tests.OpenApi.CandidateProfileApi.FeatureCandidatePrifileArchive_feature.Ensure_that_candidate_profile_become_archived" storage="c:\users\дмитрийбахтенков\skiz\skillaz-backend\src\skillaz.tests\bin\debug\net5.0\skillaz.tests.dll" id="33461d7f-ec83-3d43-b782-0109c0131446">
      <Execution id="f75cc33b-5835-47d0-8c8a-b22714426695" />
      <TestMethod codeBase="C:\Users\ДмитрийБахтенков\skiz\skillaz-backend\src\Skillaz.Tests\bin\Debug\net5.0\Skillaz.Tests.dll" adapterTypeName="executor://xunit/VsTestRunner2/netcoreapp" className="Skillaz.Tests.OpenApi.CandidateProfileApi.FeatureCandidatePrifileArchive_feature" name="Ensure_that_candidate_profile_become_archived" />
    </UnitTest>
    <UnitTest name="Skillaz.Tests.OrgUnit.OrgUnitExternalIdTests.Test_orgunit_update_with_existed_externalId" storage="c:\users\дмитрийбахтенков\skiz\skillaz-backend\src\skillaz.tests\bin\debug\net5.0\skillaz.tests.dll" id="c43f7068-2fc2-c038-40e1-6aa5fed0902b">
      <Execution id="6287fc32-4965-4f08-a67a-3e6660de3a15" />
      <TestMethod codeBase="C:\Users\ДмитрийБахтенков\skiz\skillaz-backend\src\Skillaz.Tests\bin\Debug\net5.0\Skillaz.Tests.dll" adapterTypeName="executor://xunit/VsTestRunner2/netcoreapp" className="Skillaz.Tests.OrgUnit.OrgUnitExternalIdTests" name="Test_orgunit_update_with_existed_externalId" />
    </UnitTest>
    <UnitTest name="Skillaz.Tests.Common.DataValidationHelpers.ValidateDateTimeOffset_feature.Date_time_is_empty_valid" storage="c:\users\дмитрийбахтенков\skiz\skillaz-backend\src\skillaz.tests\bin\debug\net5.0\skillaz.tests.dll" id="dfc492a3-14d8-4a11-b496-4877ee6622fb">
      <Execution id="104116ac-9046-42aa-b581-3f4f43a916c4" />
      <TestMethod codeBase="C:\Users\ДмитрийБахтенков\skiz\skillaz-backend\src\Skillaz.Tests\bin\Debug\net5.0\Skillaz.Tests.dll" adapterTypeName="executor://xunit/VsTestRunner2/netcoreapp" className="Skillaz.Tests.Common.DataValidationHelpers.ValidateDateTimeOffset_feature" name="Date_time_is_empty_valid" />
    </UnitTest>
    <UnitTest name="Skillaz.Tests.AutoComplete.RequestAutoCompleteControllerGetRequests_feature.AutoComplete_with_states_and_state_types(states: [&quot;New&quot;], stateTypes: null)" storage="c:\users\дмитрийбахтенков\skiz\skillaz-backend\src\skillaz.tests\bin\debug\net5.0\skillaz.tests.dll" id="7c5a6be9-713a-8ee5-2fd3-4b93be6e3078">
      <Execution id="b96abeb0-e13a-4253-87c0-6a16ae8b97ee" />
      <TestMethod codeBase="C:\Users\ДмитрийБахтенков\skiz\skillaz-backend\src\Skillaz.Tests\bin\Debug\net5.0\Skillaz.Tests.dll" adapterTypeName="executor://xunit/VsTestRunner2/netcoreapp" className="Skillaz.Tests.AutoComplete.RequestAutoCompleteControllerGetRequests_feature" name="AutoComplete_with_states_and_state_types" />
    </UnitTest>
    <UnitTest name="Skillaz.Tests.Candidate.Elastic.CandidateElasticFiltration_feature.Retrieving_a_candidate_by_existing_vacancy_id" storage="c:\users\дмитрийбахтенков\skiz\skillaz-backend\src\skillaz.tests\bin\debug\net5.0\skillaz.tests.dll" id="f1448bfb-4b63-0fe8-7fa6-8c71be5943ba">
      <Execution id="d8714d98-dba9-4704-8b05-550e4a2eb441" />
      <TestMethod codeBase="C:\Users\ДмитрийБахтенков\skiz\skillaz-backend\src\Skillaz.Tests\bin\Debug\net5.0\Skillaz.Tests.dll" adapterTypeName="executor://xunit/VsTestRunner2/netcoreapp" className="Skillaz.Tests.Candidate.Elastic.CandidateElasticFiltration_feature" name="Retrieving_a_candidate_by_existing_vacancy_id" />
    </UnitTest>
    <UnitTest name="Skillaz.Tests.Vacancy.CompanySpecific.MvideoMassCandidateDatabase_feature.Transfer_to_the_candidate_database_will_create_vacancy_if_vacancy_not_exist" storage="c:\users\дмитрийбахтенков\skiz\skillaz-backend\src\skillaz.tests\bin\debug\net5.0\skillaz.tests.dll" id="2f68ec08-832b-3feb-f485-da953e05f66b">
      <Execution id="176c993e-bb49-4385-af18-5b2883e7806f" />
      <TestMethod codeBase="C:\Users\ДмитрийБахтенков\skiz\skillaz-backend\src\Skillaz.Tests\bin\Debug\net5.0\Skillaz.Tests.dll" adapterTypeName="executor://xunit/VsTestRunner2/netcoreapp" className="Skillaz.Tests.Vacancy.CompanySpecific.MvideoMassCandidateDatabase_feature" name="Transfer_to_the_candidate_database_will_create_vacancy_if_vacancy_not_exist" />
    </UnitTest>
    <UnitTest name="Skillaz.Tests.Assessment.Questionnaires.ProActionQuestionnaire_feature.Updating_a_questionnaire" storage="c:\users\дмитрийбахтенков\skiz\skillaz-backend\src\skillaz.tests\bin\debug\net5.0\skillaz.tests.dll" id="5fb798a7-cdcf-1661-9577-ed2e2eee950e">
      <Execution id="f0b711f2-ba7f-45d1-b59e-14220afe7ae3" />
      <TestMethod codeBase="C:\Users\ДмитрийБахтенков\skiz\skillaz-backend\src\Skillaz.Tests\bin\Debug\net5.0\Skillaz.Tests.dll" adapterTypeName="executor://xunit/VsTestRunner2/netcoreapp" className="Skillaz.Tests.Assessment.Questionnaires.ProActionQuestionnaire_feature" name="Updating_a_questionnaire" />
    </UnitTest>
    <UnitTest name="Skillaz.Tests.Assessment.Scenario_feature.Getting_a_default_scenario" storage="c:\users\дмитрийбахтенков\skiz\skillaz-backend\src\skillaz.tests\bin\debug\net5.0\skillaz.tests.dll" id="ec0b23ba-f49b-cbd1-5f2f-f5add733bf94">
      <Execution id="55d6791f-5d41-4617-ba5a-1006c91782b6" />
      <TestMethod codeBase="C:\Users\ДмитрийБахтенков\skiz\skillaz-backend\src\Skillaz.Tests\bin\Debug\net5.0\Skillaz.Tests.dll" adapterTypeName="executor://xunit/VsTestRunner2/netcoreapp" className="Skillaz.Tests.Assessment.Scenario_feature" name="Getting_a_default_scenario" />
    </UnitTest>
    <UnitTest name="Skillaz.Tests.CompanySpecific.X5.X5OpenApiHireNeedUpdate_feature.HireNeed_profile_should_not_be_set_on_update" storage="c:\users\дмитрийбахтенков\skiz\skillaz-backend\src\skillaz.tests\bin\debug\net5.0\skillaz.tests.dll" id="4a611efe-04cb-a080-a986-13bbfd5d2926">
      <Execution id="d8c3b2f1-c56b-4580-911b-c7f5b23b86fb" />
      <TestMethod codeBase="C:\Users\ДмитрийБахтенков\skiz\skillaz-backend\src\Skillaz.Tests\bin\Debug\net5.0\Skillaz.Tests.dll" adapterTypeName="executor://xunit/VsTestRunner2/netcoreapp" className="Skillaz.Tests.CompanySpecific.X5.X5OpenApiHireNeedUpdate_feature" name="HireNeed_profile_should_not_be_set_on_update" />
    </UnitTest>
    <UnitTest name="Skillaz.Tests.Configurator.WorkflowEngine.ConfiguratorWorkflowActionHub_feature.Check_rules_after_fill_states_not_available_for_check_dto" storage="c:\users\дмитрийбахтенков\skiz\skillaz-backend\src\skillaz.tests\bin\debug\net5.0\skillaz.tests.dll" id="52929b3c-acf2-9e9b-e808-6f81e51e2294">
      <Execution id="045596bb-91b3-44fe-aa8b-b16af82fbc6e" />
      <TestMethod codeBase="C:\Users\ДмитрийБахтенков\skiz\skillaz-backend\src\Skillaz.Tests\bin\Debug\net5.0\Skillaz.Tests.dll" adapterTypeName="executor://xunit/VsTestRunner2/netcoreapp" className="Skillaz.Tests.Configurator.WorkflowEngine.ConfiguratorWorkflowActionHub_feature" name="Check_rules_after_fill_states_not_available_for_check_dto" />
    </UnitTest>
    <UnitTest name="Skillaz.Tests.CompanySpecific.Uralchem.UralchemSSOAuth_feature.Авторизация_пользователя_когда_core_логика_не_нашла_пользователя" storage="c:\users\дмитрийбахтенков\skiz\skillaz-backend\src\skillaz.tests\bin\debug\net5.0\skillaz.tests.dll" id="4c3c09fc-9636-1fef-404f-df235eaa0601">
      <Execution id="dd134e74-8c90-4450-bc3d-5464b7374935" />
      <TestMethod codeBase="C:\Users\ДмитрийБахтенков\skiz\skillaz-backend\src\Skillaz.Tests\bin\Debug\net5.0\Skillaz.Tests.dll" adapterTypeName="executor://xunit/VsTestRunner2/netcoreapp" className="Skillaz.Tests.CompanySpecific.Uralchem.UralchemSSOAuth_feature" name="Авторизация_пользователя_когда_core_логика_не_нашла_пользователя" />
    </UnitTest>
    <UnitTest name="Skillaz.Tests.CompanySpecific.X5.X5Deduplication_feature.By_fullname_and_birth_date" storage="c:\users\дмитрийбахтенков\skiz\skillaz-backend\src\skillaz.tests\bin\debug\net5.0\skillaz.tests.dll" id="6fef620d-eb7f-faee-4b86-b1e5d131115f">
      <Execution id="687ff2e7-268f-4a02-be07-694062b93803" />
      <TestMethod codeBase="C:\Users\ДмитрийБахтенков\skiz\skillaz-backend\src\Skillaz.Tests\bin\Debug\net5.0\Skillaz.Tests.dll" adapterTypeName="executor://xunit/VsTestRunner2/netcoreapp" className="Skillaz.Tests.CompanySpecific.X5.X5Deduplication_feature" name="By_fullname_and_birth_date" />
    </UnitTest>
    <UnitTest name="Skillaz.Tests.Common.DataValidationHelpers.ValidateDateTimeOffset_feature.Date_time_is_null_not_valid" storage="c:\users\дмитрийбахтенков\skiz\skillaz-backend\src\skillaz.tests\bin\debug\net5.0\skillaz.tests.dll" id="ec134fae-5041-2ed9-4ae3-1937cd5ed8a9">
      <Execution id="85c69b2a-adaa-4333-8963-fb9dc1d2f770" />
      <TestMethod codeBase="C:\Users\ДмитрийБахтенков\skiz\skillaz-backend\src\Skillaz.Tests\bin\Debug\net5.0\Skillaz.Tests.dll" adapterTypeName="executor://xunit/VsTestRunner2/netcoreapp" className="Skillaz.Tests.Common.DataValidationHelpers.ValidateDateTimeOffset_feature" name="Date_time_is_null_not_valid" />
    </UnitTest>
    <UnitTest name="Should create questionnaire" storage="c:\users\дмитрийбахтенков\skiz\skillaz-backend\src\skillaz.tests\bin\debug\net5.0\skillaz.tests.dll" id="b12ab7f1-6f04-0dbb-b758-be106052c56a">
      <Execution id="e64aaea9-25c0-432e-8916-888dbe6087bc" />
      <TestMethod codeBase="C:\Users\ДмитрийБахтенков\skiz\skillaz-backend\src\Skillaz.Tests\bin\Debug\net5.0\Skillaz.Tests.dll" adapterTypeName="executor://xunit/VsTestRunner2/netcoreapp" className="Skillaz.Tests.HH.Assessment.HHAssessmentFeature" name="CreateQuestionnaire" />
    </UnitTest>
    <UnitTest name="Skillaz.Tests.OrgUnit.OrgUnitExternalIdTests.Test_orgunit_update_with_already_existed_orgunit_by_externalId" storage="c:\users\дмитрийбахтенков\skiz\skillaz-backend\src\skillaz.tests\bin\debug\net5.0\skillaz.tests.dll" id="01a8e8aa-d348-1b2c-1da6-8f9439c22253">
      <Execution id="f70ea981-6144-4d03-82b4-85b1ed04ac03" />
      <TestMethod codeBase="C:\Users\ДмитрийБахтенков\skiz\skillaz-backend\src\Skillaz.Tests\bin\Debug\net5.0\Skillaz.Tests.dll" adapterTypeName="executor://xunit/VsTestRunner2/netcoreapp" className="Skillaz.Tests.OrgUnit.OrgUnitExternalIdTests" name="Test_orgunit_update_with_already_existed_orgunit_by_externalId" />
    </UnitTest>
    <UnitTest name="Skillaz.Tests.CompanySpecific.Mvideo.MvideoOpenApiBatchRequest_feature.Обновляет_пользователей_не_меняет_телефон_пользователю_если_он_уже_установлен_телефона_в_выгрузке_нет" storage="c:\users\дмитрийбахтенков\skiz\skillaz-backend\src\skillaz.tests\bin\debug\net5.0\skillaz.tests.dll" id="a9789afe-fc8e-2dbf-af88-de078cfbeae0">
      <Execution id="48b8b46f-b7c8-425b-8337-d325efe74359" />
      <TestMethod codeBase="C:\Users\ДмитрийБахтенков\skiz\skillaz-backend\src\Skillaz.Tests\bin\Debug\net5.0\Skillaz.Tests.dll" adapterTypeName="executor://xunit/VsTestRunner2/netcoreapp" className="Skillaz.Tests.CompanySpecific.Mvideo.MvideoOpenApiBatchRequest_feature" name="Обновляет_пользователей_не_меняет_телефон_пользователю_если_он_уже_установлен_телефона_в_выгрузке_нет" />
    </UnitTest>
    <UnitTest name="Skillaz.Tests.TaskTracker.TaskDashboardController_feature.GetTaskById" storage="c:\users\дмитрийбахтенков\skiz\skillaz-backend\src\skillaz.tests\bin\debug\net5.0\skillaz.tests.dll" id="1e9ea4f5-6bf5-6dd3-ca43-04305ddbe3a1">
      <Execution id="5d9005a6-05d9-45f4-b25b-c5a76a9f87d2" />
      <TestMethod codeBase="C:\Users\ДмитрийБахтенков\skiz\skillaz-backend\src\Skillaz.Tests\bin\Debug\net5.0\Skillaz.Tests.dll" adapterTypeName="executor://xunit/VsTestRunner2/netcoreapp" className="Skillaz.Tests.TaskTracker.TaskDashboardController_feature" name="GetTaskById" />
    </UnitTest>
    <UnitTest name="Skillaz.Tests.Assessment.Interviews.InterviewStepSwitcherFeature.When_funnels_checks_has_only_not_valid_check_types_get_candidate_check_types_returns_empty_valid_checks" storage="c:\users\дмитрийбахтенков\skiz\skillaz-backend\src\skillaz.tests\bin\debug\net5.0\skillaz.tests.dll" id="0c5af242-79be-bd17-d201-37d96674401b">
      <Execution id="9af04f03-920c-4ed7-807a-bb65aaabf54e" />
      <TestMethod codeBase="C:\Users\ДмитрийБахтенков\skiz\skillaz-backend\src\Skillaz.Tests\bin\Debug\net5.0\Skillaz.Tests.dll" adapterTypeName="executor://xunit/VsTestRunner2/netcoreapp" className="Skillaz.Tests.Assessment.Interviews.InterviewStepSwitcherFeature" name="When_funnels_checks_has_only_not_valid_check_types_get_candidate_check_types_returns_empty_valid_checks" />
    </UnitTest>
    <UnitTest name="Skillaz.Tests.Configurator.WorkflowEngine.ConfiguratorWorkflowNotifications_reature.ConfiguratorWorkflow_Check_that_notification_was_sended_when_status_changed" storage="c:\users\дмитрийбахтенков\skiz\skillaz-backend\src\skillaz.tests\bin\debug\net5.0\skillaz.tests.dll" id="02b78f3f-dffa-0aec-7d07-f59addfd14d6">
      <Execution id="04be2c0b-6ef1-4a64-89db-64bd8f917698" />
      <TestMethod codeBase="C:\Users\ДмитрийБахтенков\skiz\skillaz-backend\src\Skillaz.Tests\bin\Debug\net5.0\Skillaz.Tests.dll" adapterTypeName="executor://xunit/VsTestRunner2/netcoreapp" className="Skillaz.Tests.Configurator.WorkflowEngine.ConfiguratorWorkflowNotifications_reature" name="ConfiguratorWorkflow_Check_that_notification_was_sended_when_status_changed" />
    </UnitTest>
    <UnitTest name="Skillaz.Tests.CompanySpecific.GazpromNeft.GazpromUploadReferences_feature.Create_correctly_department_reference" storage="c:\users\дмитрийбахтенков\skiz\skillaz-backend\src\skillaz.tests\bin\debug\net5.0\skillaz.tests.dll" id="1639d342-c4d4-86f5-56f7-ac8286e2a5c1">
      <Execution id="7ae9d75a-8821-4662-8002-d049ee49ae6b" />
      <TestMethod codeBase="C:\Users\ДмитрийБахтенков\skiz\skillaz-backend\src\Skillaz.Tests\bin\Debug\net5.0\Skillaz.Tests.dll" adapterTypeName="executor://xunit/VsTestRunner2/netcoreapp" className="Skillaz.Tests.CompanySpecific.GazpromNeft.GazpromUploadReferences_feature" name="Create_correctly_department_reference" />
    </UnitTest>
    <UnitTest name="Skillaz.Tests.OpenApi.OrgStructureApi.OrgEntityStateChange_feature.Org_unit_position_archiving_archived" storage="c:\users\дмитрийбахтенков\skiz\skillaz-backend\src\skillaz.tests\bin\debug\net5.0\skillaz.tests.dll" id="dd264508-ecfb-4f20-388d-053193e3057d">
      <Execution id="abcb04a8-e800-4c0d-b4df-81a0ad54ad86" />
      <TestMethod codeBase="C:\Users\ДмитрийБахтенков\skiz\skillaz-backend\src\Skillaz.Tests\bin\Debug\net5.0\Skillaz.Tests.dll" adapterTypeName="executor://xunit/VsTestRunner2/netcoreapp" className="Skillaz.Tests.OpenApi.OrgStructureApi.OrgEntityStateChange_feature" name="Org_unit_position_archiving_archived" />
    </UnitTest>
    <UnitTest name="Skillaz.Tests.ProcessingRole.CandidateProcessingRoleControllerCandidateProcessingRoleController_feature.AddUserProcessingRole" storage="c:\users\дмитрийбахтенков\skiz\skillaz-backend\src\skillaz.tests\bin\debug\net5.0\skillaz.tests.dll" id="c6d4257b-46f1-b405-8b22-c0dd7c8649b1">
      <Execution id="9e5492f2-3209-4056-8ae4-3ccf2744085b" />
      <TestMethod codeBase="C:\Users\ДмитрийБахтенков\skiz\skillaz-backend\src\Skillaz.Tests\bin\Debug\net5.0\Skillaz.Tests.dll" adapterTypeName="executor://xunit/VsTestRunner2/netcoreapp" className="Skillaz.Tests.ProcessingRole.CandidateProcessingRoleControllerCandidateProcessingRoleController_feature" name="AddUserProcessingRole" />
    </UnitTest>
    <UnitTest name="Skillaz.Tests.Configurator.DocumentModel.ReferencesFilter_feature.Check_if_filter_for_ref_exists" storage="c:\users\дмитрийбахтенков\skiz\skillaz-backend\src\skillaz.tests\bin\debug\net5.0\skillaz.tests.dll" id="e9363b57-7b56-3a3b-5e56-7db6d32f94ce">
      <Execution id="963b7d7d-c665-4536-b4fa-5fffbc147cca" />
      <TestMethod codeBase="C:\Users\ДмитрийБахтенков\skiz\skillaz-backend\src\Skillaz.Tests\bin\Debug\net5.0\Skillaz.Tests.dll" adapterTypeName="executor://xunit/VsTestRunner2/netcoreapp" className="Skillaz.Tests.Configurator.DocumentModel.ReferencesFilter_feature" name="Check_if_filter_for_ref_exists" />
    </UnitTest>
    <UnitTest name="Skillaz.Tests.Configurator.ConfiguratorEditorApiReorderingRowTests.Кейс_когда_в_группе_всего_одна_строка" storage="c:\users\дмитрийбахтенков\skiz\skillaz-backend\src\skillaz.tests\bin\debug\net5.0\skillaz.tests.dll" id="e726c651-b3d0-75aa-91b8-fe51eb1543f0">
      <Execution id="8a9032ef-0775-4871-8130-37674dcabbff" />
      <TestMethod codeBase="C:\Users\ДмитрийБахтенков\skiz\skillaz-backend\src\Skillaz.Tests\bin\Debug\net5.0\Skillaz.Tests.dll" adapterTypeName="executor://xunit/VsTestRunner2/netcoreapp" className="Skillaz.Tests.Configurator.ConfiguratorEditorApiReorderingRowTests" name="Кейс_когда_в_группе_всего_одна_строка" />
    </UnitTest>
    <UnitTest name="Skillaz.Tests.HH.HHCandidateSourceOther_feature.HH_Create_Candidate_Source_Other" storage="c:\users\дмитрийбахтенков\skiz\skillaz-backend\src\skillaz.tests\bin\debug\net5.0\skillaz.tests.dll" id="569c4a90-7777-fc87-f2d6-400b3ea6f7ad">
      <Execution id="1db70917-a231-4ac1-b808-c16f39c50075" />
      <TestMethod codeBase="C:\Users\ДмитрийБахтенков\skiz\skillaz-backend\src\Skillaz.Tests\bin\Debug\net5.0\Skillaz.Tests.dll" adapterTypeName="executor://xunit/VsTestRunner2/netcoreapp" className="Skillaz.Tests.HH.HHCandidateSourceOther_feature" name="HH_Create_Candidate_Source_Other" />
    </UnitTest>
    <UnitTest name="Skillaz.Tests.CompanySpecific.Decathlon.DecathlonCheckMiddleNameAndCitizenshipIsFilledTrigger_feature.MiddleName_is_null_or_empty(middleName: null)" storage="c:\users\дмитрийбахтенков\skiz\skillaz-backend\src\skillaz.tests\bin\debug\net5.0\skillaz.tests.dll" id="9bbae084-8501-b97f-20d4-1d0ec1391822">
      <Execution id="219d461d-b6be-48ed-86a2-56b70d0c1040" />
      <TestMethod codeBase="C:\Users\ДмитрийБахтенков\skiz\skillaz-backend\src\Skillaz.Tests\bin\Debug\net5.0\Skillaz.Tests.dll" adapterTypeName="executor://xunit/VsTestRunner2/netcoreapp" className="Skillaz.Tests.CompanySpecific.Decathlon.DecathlonCheckMiddleNameAndCitizenshipIsFilledTrigger_feature" name="MiddleName_is_null_or_empty" />
    </UnitTest>
    <UnitTest name="Skillaz.Tests.Publication.VacancyPublicationRule_feature.Vacancy_publication_rule_works_for_hh_vacancy_close" storage="c:\users\дмитрийбахтенков\skiz\skillaz-backend\src\skillaz.tests\bin\debug\net5.0\skillaz.tests.dll" id="c85cb0be-5d3e-6b48-55bf-eae5d1c7f7ec">
      <Execution id="412e53af-eff2-4a73-92c4-d69ed5fd3a75" />
      <TestMethod codeBase="C:\Users\ДмитрийБахтенков\skiz\skillaz-backend\src\Skillaz.Tests\bin\Debug\net5.0\Skillaz.Tests.dll" adapterTypeName="executor://xunit/VsTestRunner2/netcoreapp" className="Skillaz.Tests.Publication.VacancyPublicationRule_feature" name="Vacancy_publication_rule_works_for_hh_vacancy_close" />
    </UnitTest>
    <UnitTest name="Skillaz.Tests.Assessment.Questionnaires.AddressQuestionnaire_feature.Getting_a_questionnaire_list" storage="c:\users\дмитрийбахтенков\skiz\skillaz-backend\src\skillaz.tests\bin\debug\net5.0\skillaz.tests.dll" id="b8b228e3-77c8-3df1-ed2c-90ca625e84a5">
      <Execution id="f02e0cde-b060-4a97-b977-6a017d8dceb4" />
      <TestMethod codeBase="C:\Users\ДмитрийБахтенков\skiz\skillaz-backend\src\Skillaz.Tests\bin\Debug\net5.0\Skillaz.Tests.dll" adapterTypeName="executor://xunit/VsTestRunner2/netcoreapp" className="Skillaz.Tests.Assessment.Questionnaires.AddressQuestionnaire_feature" name="Getting_a_questionnaire_list" />
    </UnitTest>
    <UnitTest name="Skillaz.Tests.ProcessingRole.CandidateProcessingRoleControllerCandidateProcessingRoleController_feature.GetHiddenProcessingRolesForAdmin" storage="c:\users\дмитрийбахтенков\skiz\skillaz-backend\src\skillaz.tests\bin\debug\net5.0\skillaz.tests.dll" id="c98edb76-81cb-9bd6-658c-5c87dabc73d6">
      <Execution id="e92ffec9-16f3-44ec-a646-6608f9c07118" />
      <TestMethod codeBase="C:\Users\ДмитрийБахтенков\skiz\skillaz-backend\src\Skillaz.Tests\bin\Debug\net5.0\Skillaz.Tests.dll" adapterTypeName="executor://xunit/VsTestRunner2/netcoreapp" className="Skillaz.Tests.ProcessingRole.CandidateProcessingRoleControllerCandidateProcessingRoleController_feature" name="GetHiddenProcessingRolesForAdmin" />
    </UnitTest>
    <UnitTest name="Skillaz.Tests.CompanySpecific.Mvideo.MvideoPrepareBatchUpdateRequest_feature.Office_managers_roles_is_untouched" storage="c:\users\дмитрийбахтенков\skiz\skillaz-backend\src\skillaz.tests\bin\debug\net5.0\skillaz.tests.dll" id="e6536462-443b-167d-3a6e-bb7da418fb7c">
      <Execution id="21b01167-7e0d-4795-9088-26c2bc9c0112" />
      <TestMethod codeBase="C:\Users\ДмитрийБахтенков\skiz\skillaz-backend\src\Skillaz.Tests\bin\Debug\net5.0\Skillaz.Tests.dll" adapterTypeName="executor://xunit/VsTestRunner2/netcoreapp" className="Skillaz.Tests.CompanySpecific.Mvideo.MvideoPrepareBatchUpdateRequest_feature" name="Office_managers_roles_is_untouched" />
    </UnitTest>
    <UnitTest name="Skillaz.Tests.Assessment.Questionnaires.ShlQuestionnaire_feature.Creating_a_questionnaire" storage="c:\users\дмитрийбахтенков\skiz\skillaz-backend\src\skillaz.tests\bin\debug\net5.0\skillaz.tests.dll" id="3ac2799e-4a01-3687-014b-3893e9673f45">
      <Execution id="001578fb-1bc7-4e85-a443-eed0da876a64" />
      <TestMethod codeBase="C:\Users\ДмитрийБахтенков\skiz\skillaz-backend\src\Skillaz.Tests\bin\Debug\net5.0\Skillaz.Tests.dll" adapterTypeName="executor://xunit/VsTestRunner2/netcoreapp" className="Skillaz.Tests.Assessment.Questionnaires.ShlQuestionnaire_feature" name="Creating_a_questionnaire" />
    </UnitTest>
    <UnitTest name="Skillaz.Tests.Configurator.DocumentModel.ObjectTypeSecurityForm.Форма_СБ" storage="c:\users\дмитрийбахтенков\skiz\skillaz-backend\src\skillaz.tests\bin\debug\net5.0\skillaz.tests.dll" id="bd031a00-902a-ea35-8462-343f1a3a5156">
      <Execution id="a8f9a86d-50cf-417f-85e0-2782efe3f42e" />
      <TestMethod codeBase="C:\Users\ДмитрийБахтенков\skiz\skillaz-backend\src\Skillaz.Tests\bin\Debug\net5.0\Skillaz.Tests.dll" adapterTypeName="executor://xunit/VsTestRunner2/netcoreapp" className="Skillaz.Tests.Configurator.DocumentModel.ObjectTypeSecurityForm" name="Форма_СБ" />
    </UnitTest>
    <UnitTest name="Skillaz.Tests.Vacancy.VacancyCounters_feature.If_candidates_counter_set_up_then_it_should_show_for_passed_vacancy" storage="c:\users\дмитрийбахтенков\skiz\skillaz-backend\src\skillaz.tests\bin\debug\net5.0\skillaz.tests.dll" id="efc09a1a-9c69-7770-403a-ad7efbc34d02">
      <Execution id="5d2a9884-062d-4148-b8fc-a06a15ae10c5" />
      <TestMethod codeBase="C:\Users\ДмитрийБахтенков\skiz\skillaz-backend\src\Skillaz.Tests\bin\Debug\net5.0\Skillaz.Tests.dll" adapterTypeName="executor://xunit/VsTestRunner2/netcoreapp" className="Skillaz.Tests.Vacancy.VacancyCounters_feature" name="If_candidates_counter_set_up_then_it_should_show_for_passed_vacancy" />
    </UnitTest>
    <UnitTest name="Skillaz.Tests.Assessment.Interviews.AudioInterview_feature.Upload_an_answer_file" storage="c:\users\дмитрийбахтенков\skiz\skillaz-backend\src\skillaz.tests\bin\debug\net5.0\skillaz.tests.dll" id="0dfaa504-779a-bade-ff4d-fb50b2c99e09">
      <Execution id="81b4c6fe-f541-4902-93e3-6b206ebf2004" />
      <TestMethod codeBase="C:\Users\ДмитрийБахтенков\skiz\skillaz-backend\src\Skillaz.Tests\bin\Debug\net5.0\Skillaz.Tests.dll" adapterTypeName="executor://xunit/VsTestRunner2/netcoreapp" className="Skillaz.Tests.Assessment.Interviews.AudioInterview_feature" name="Upload_an_answer_file" />
    </UnitTest>
    <UnitTest name="Skillaz.Tests.DocumentModels.FieldValueComparerTests.StringComparison(firstValue: &quot;a&quot;, secondValue: null, result: False)" storage="c:\users\дмитрийбахтенков\skiz\skillaz-backend\src\skillaz.tests\bin\debug\net5.0\skillaz.tests.dll" id="49bee76e-ef1a-a948-710e-04f737705139">
      <Execution id="5202cf2c-29f9-4f98-937c-30f69e6982f1" />
      <TestMethod codeBase="C:\Users\ДмитрийБахтенков\skiz\skillaz-backend\src\Skillaz.Tests\bin\Debug\net5.0\Skillaz.Tests.dll" adapterTypeName="executor://xunit/VsTestRunner2/netcoreapp" className="Skillaz.Tests.DocumentModels.FieldValueComparerTests" name="StringComparison" />
    </UnitTest>
    <UnitTest name="Skillaz.Tests.CompanySpecific.Mvideo.MvideoTimeZones_feature.Check_Create_MassVacancy" storage="c:\users\дмитрийбахтенков\skiz\skillaz-backend\src\skillaz.tests\bin\debug\net5.0\skillaz.tests.dll" id="5b215235-456b-0e29-2261-4f097da825d5">
      <Execution id="232c2f3f-78c7-47dd-aedf-f053b653107b" />
      <TestMethod codeBase="C:\Users\ДмитрийБахтенков\skiz\skillaz-backend\src\Skillaz.Tests\bin\Debug\net5.0\Skillaz.Tests.dll" adapterTypeName="executor://xunit/VsTestRunner2/netcoreapp" className="Skillaz.Tests.CompanySpecific.Mvideo.MvideoTimeZones_feature" name="Check_Create_MassVacancy" />
    </UnitTest>
    <UnitTest name="Skillaz.Tests.BJ.BJApiClient_feature.BJ_API_client_creates_with_valid_authorization" storage="c:\users\дмитрийбахтенков\skiz\skillaz-backend\src\skillaz.tests\bin\debug\net5.0\skillaz.tests.dll" id="4cfe41ed-bf27-df84-55cc-39cfde35c987">
      <Execution id="4b8961d3-1425-409e-ae57-212a0fd141dc" />
      <TestMethod codeBase="C:\Users\ДмитрийБахтенков\skiz\skillaz-backend\src\Skillaz.Tests\bin\Debug\net5.0\Skillaz.Tests.dll" adapterTypeName="executor://xunit/VsTestRunner2/netcoreapp" className="Skillaz.Tests.BJ.BJApiClient_feature" name="BJ_API_client_creates_with_valid_authorization" />
    </UnitTest>
    <UnitTest name="Skillaz.Tests.TaskTracker.TaskAction_feature.Ensure_that_candidate_switched_no_delay_by_main_source" storage="c:\users\дмитрийбахтенков\skiz\skillaz-backend\src\skillaz.tests\bin\debug\net5.0\skillaz.tests.dll" id="e40e6cc9-730b-cac4-234c-be6e105b2d92">
      <Execution id="734d48d1-8034-4e6e-9566-6c15db318d22" />
      <TestMethod codeBase="C:\Users\ДмитрийБахтенков\skiz\skillaz-backend\src\Skillaz.Tests\bin\Debug\net5.0\Skillaz.Tests.dll" adapterTypeName="executor://xunit/VsTestRunner2/netcoreapp" className="Skillaz.Tests.TaskTracker.TaskAction_feature" name="Ensure_that_candidate_switched_no_delay_by_main_source" />
    </UnitTest>
    <UnitTest name="Skillaz.Tests.Assessment.Interviews.VideoInterview_feature.Getting_a_video_interview_step" storage="c:\users\дмитрийбахтенков\skiz\skillaz-backend\src\skillaz.tests\bin\debug\net5.0\skillaz.tests.dll" id="2ba2921b-2b63-b608-a9f4-28b8abebeddf">
      <Execution id="e775fb82-21eb-4206-bf0d-e58d7b499e9d" />
      <TestMethod codeBase="C:\Users\ДмитрийБахтенков\skiz\skillaz-backend\src\Skillaz.Tests\bin\Debug\net5.0\Skillaz.Tests.dll" adapterTypeName="executor://xunit/VsTestRunner2/netcoreapp" className="Skillaz.Tests.Assessment.Interviews.VideoInterview_feature" name="Getting_a_video_interview_step" />
    </UnitTest>
    <UnitTest name="Skillaz.Tests.TaskTracker.TaskAction_feature.Transfer_candidate_in_status_with_set_details_not_delay" storage="c:\users\дмитрийбахтенков\skiz\skillaz-backend\src\skillaz.tests\bin\debug\net5.0\skillaz.tests.dll" id="b81ff06d-ed44-2d26-71f0-579383fd8f5f">
      <Execution id="8acc3259-18b5-45a3-b0ae-3b596726ac93" />
      <TestMethod codeBase="C:\Users\ДмитрийБахтенков\skiz\skillaz-backend\src\Skillaz.Tests\bin\Debug\net5.0\Skillaz.Tests.dll" adapterTypeName="executor://xunit/VsTestRunner2/netcoreapp" className="Skillaz.Tests.TaskTracker.TaskAction_feature" name="Transfer_candidate_in_status_with_set_details_not_delay" />
    </UnitTest>
    <UnitTest name="Skillaz.Tests.Controllers.CandidateAutoloadFilterController_feature.Check_Put_GetListMetadata" storage="c:\users\дмитрийбахтенков\skiz\skillaz-backend\src\skillaz.tests\bin\debug\net5.0\skillaz.tests.dll" id="b7e1f7e0-9b84-b643-56ca-80784e4d697e">
      <Execution id="b87372a6-5353-4bd1-8c3b-98bb26fb742d" />
      <TestMethod codeBase="C:\Users\ДмитрийБахтенков\skiz\skillaz-backend\src\Skillaz.Tests\bin\Debug\net5.0\Skillaz.Tests.dll" adapterTypeName="executor://xunit/VsTestRunner2/netcoreapp" className="Skillaz.Tests.Controllers.CandidateAutoloadFilterController_feature" name="Check_Put_GetListMetadata" />
    </UnitTest>
    <UnitTest name="Skillaz.Tests.AsyncEnumerable.AsyncEnumerableTests.Batching_works_for_async_enumerable_when_batches_are_equally_sized(genSize: 10, batchSize: 10)" storage="c:\users\дмитрийбахтенков\skiz\skillaz-backend\src\skillaz.tests\bin\debug\net5.0\skillaz.tests.dll" id="5f5bf271-63ee-fdd2-bec0-e46f3232b25e">
      <Execution id="2f343f5a-b653-4735-938b-b0f3a27a6fbb" />
      <TestMethod codeBase="C:\Users\ДмитрийБахтенков\skiz\skillaz-backend\src\Skillaz.Tests\bin\Debug\net5.0\Skillaz.Tests.dll" adapterTypeName="executor://xunit/VsTestRunner2/netcoreapp" className="Skillaz.Tests.AsyncEnumerable.AsyncEnumerableTests" name="Batching_works_for_async_enumerable_when_batches_are_equally_sized" />
    </UnitTest>
    <UnitTest name="Skillaz.Tests.CompanySpecific.Perekrestok.PerekrestokVacancyPriority_feature.Calculation_vacancy_priority" storage="c:\users\дмитрийбахтенков\skiz\skillaz-backend\src\skillaz.tests\bin\debug\net5.0\skillaz.tests.dll" id="25ecfa4f-f473-2d64-471a-8f46f60bb777">
      <Execution id="291206dc-cd6b-4da5-9038-b3b921dcf936" />
      <TestMethod codeBase="C:\Users\ДмитрийБахтенков\skiz\skillaz-backend\src\Skillaz.Tests\bin\Debug\net5.0\Skillaz.Tests.dll" adapterTypeName="executor://xunit/VsTestRunner2/netcoreapp" className="Skillaz.Tests.CompanySpecific.Perekrestok.PerekrestokVacancyPriority_feature" name="Calculation_vacancy_priority" />
    </UnitTest>
    <UnitTest name="Skillaz.Tests.CompanySpecific.X5.X5OrgUnitsTypeProcessing_feature.Problem_category_is_fifteen_percent_of_full_oe_list_when_zero_employees_total" storage="c:\users\дмитрийбахтенков\skiz\skillaz-backend\src\skillaz.tests\bin\debug\net5.0\skillaz.tests.dll" id="8e521eda-7e9d-ae46-75a3-116cc948ee51">
      <Execution id="97bf8f77-5f9a-4d0e-baa5-f5069ba87f65" />
      <TestMethod codeBase="C:\Users\ДмитрийБахтенков\skiz\skillaz-backend\src\Skillaz.Tests\bin\Debug\net5.0\Skillaz.Tests.dll" adapterTypeName="executor://xunit/VsTestRunner2/netcoreapp" className="Skillaz.Tests.CompanySpecific.X5.X5OrgUnitsTypeProcessing_feature" name="Problem_category_is_fifteen_percent_of_full_oe_list_when_zero_employees_total" />
    </UnitTest>
    <UnitTest name="Skillaz.Tests.Assessment.Interviews.SenfEntryInterview_feature.Getting_a_self_entry_interview" storage="c:\users\дмитрийбахтенков\skiz\skillaz-backend\src\skillaz.tests\bin\debug\net5.0\skillaz.tests.dll" id="38de3525-839a-1233-aed3-c1bdaeeca819">
      <Execution id="227535ba-32f4-4509-88ef-1f95e28722b0" />
      <TestMethod codeBase="C:\Users\ДмитрийБахтенков\skiz\skillaz-backend\src\Skillaz.Tests\bin\Debug\net5.0\Skillaz.Tests.dll" adapterTypeName="executor://xunit/VsTestRunner2/netcoreapp" className="Skillaz.Tests.Assessment.Interviews.SenfEntryInterview_feature" name="Getting_a_self_entry_interview" />
    </UnitTest>
    <UnitTest name="Skillaz.Tests.Candidate.Elastic.CandidateElasticFiltration_feature.Retrieving_a_candidate_by_nonexistent_vacancy_id" storage="c:\users\дмитрийбахтенков\skiz\skillaz-backend\src\skillaz.tests\bin\debug\net5.0\skillaz.tests.dll" id="d6bce1e0-69ef-e6cd-7374-cd3512059113">
      <Execution id="61e2e926-6e48-456b-9d0d-189ca6745884" />
      <TestMethod codeBase="C:\Users\ДмитрийБахтенков\skiz\skillaz-backend\src\Skillaz.Tests\bin\Debug\net5.0\Skillaz.Tests.dll" adapterTypeName="executor://xunit/VsTestRunner2/netcoreapp" className="Skillaz.Tests.Candidate.Elastic.CandidateElasticFiltration_feature" name="Retrieving_a_candidate_by_nonexistent_vacancy_id" />
    </UnitTest>
    <UnitTest name="Skillaz.Tests.Publication.VacancyPublicationRule_feature.Vacancy_publication_rule_properly_deduplicates_related_requests" storage="c:\users\дмитрийбахтенков\skiz\skillaz-backend\src\skillaz.tests\bin\debug\net5.0\skillaz.tests.dll" id="fd814ac9-7499-14a9-5131-4ebfb385f9b1">
      <Execution id="48a1c5fc-87e5-477b-9b21-2c27387a752c" />
      <TestMethod codeBase="C:\Users\ДмитрийБахтенков\skiz\skillaz-backend\src\Skillaz.Tests\bin\Debug\net5.0\Skillaz.Tests.dll" adapterTypeName="executor://xunit/VsTestRunner2/netcoreapp" className="Skillaz.Tests.Publication.VacancyPublicationRule_feature" name="Vacancy_publication_rule_properly_deduplicates_related_requests" />
    </UnitTest>
    <UnitTest name="Skillaz.Tests.Candidate.Checks.CheckFromConfigurator_feature.Auto_start_check_with_multi_tag_candidate_and_with_without_tags_confrontation" storage="c:\users\дмитрийбахтенков\skiz\skillaz-backend\src\skillaz.tests\bin\debug\net5.0\skillaz.tests.dll" id="da957d7c-a6ec-531a-01e6-2fc63befe529">
      <Execution id="9363a458-6c1a-4d99-9e36-070df85217cc" />
      <TestMethod codeBase="C:\Users\ДмитрийБахтенков\skiz\skillaz-backend\src\Skillaz.Tests\bin\Debug\net5.0\Skillaz.Tests.dll" adapterTypeName="executor://xunit/VsTestRunner2/netcoreapp" className="Skillaz.Tests.Candidate.Checks.CheckFromConfigurator_feature" name="Auto_start_check_with_multi_tag_candidate_and_with_without_tags_confrontation" />
    </UnitTest>
    <UnitTest name="Skillaz.Tests.ApiUser.ApiUser_feature.Api_user_can_not_access_candidates_from_disallowed_sources" storage="c:\users\дмитрийбахтенков\skiz\skillaz-backend\src\skillaz.tests\bin\debug\net5.0\skillaz.tests.dll" id="093a2bc4-a0fe-eb90-60c9-9b3774518182">
      <Execution id="6923eccd-776a-4145-acd3-eca90aaebd7d" />
      <TestMethod codeBase="C:\Users\ДмитрийБахтенков\skiz\skillaz-backend\src\Skillaz.Tests\bin\Debug\net5.0\Skillaz.Tests.dll" adapterTypeName="executor://xunit/VsTestRunner2/netcoreapp" className="Skillaz.Tests.ApiUser.ApiUser_feature" name="Api_user_can_not_access_candidates_from_disallowed_sources" />
    </UnitTest>
    <UnitTest name="Skillaz.Tests.Candidate.FromForm.GetDuplicates_feature.Candidate_duplicate_is_not_found" storage="c:\users\дмитрийбахтенков\skiz\skillaz-backend\src\skillaz.tests\bin\debug\net5.0\skillaz.tests.dll" id="92e2808f-7063-8df0-1007-f46e17e26c76">
      <Execution id="0de54df9-d576-4e03-9ac3-25f9559c2a5d" />
      <TestMethod codeBase="C:\Users\ДмитрийБахтенков\skiz\skillaz-backend\src\Skillaz.Tests\bin\Debug\net5.0\Skillaz.Tests.dll" adapterTypeName="executor://xunit/VsTestRunner2/netcoreapp" className="Skillaz.Tests.Candidate.FromForm.GetDuplicates_feature" name="Candidate_duplicate_is_not_found" />
    </UnitTest>
    <UnitTest name="Skillaz.Tests.Configurator.SecurityProfile.ConfiguratorSecurityProfileVacancy_feature.Vacancy_is_available_to_user_by_core_field" storage="c:\users\дмитрийбахтенков\skiz\skillaz-backend\src\skillaz.tests\bin\debug\net5.0\skillaz.tests.dll" id="bd44da9c-a637-dd54-42e0-863061921c2e">
      <Execution id="b2d7e6b8-689a-45b3-9d06-8e4b5687cb05" />
      <TestMethod codeBase="C:\Users\ДмитрийБахтенков\skiz\skillaz-backend\src\Skillaz.Tests\bin\Debug\net5.0\Skillaz.Tests.dll" adapterTypeName="executor://xunit/VsTestRunner2/netcoreapp" className="Skillaz.Tests.Configurator.SecurityProfile.ConfiguratorSecurityProfileVacancy_feature" name="Vacancy_is_available_to_user_by_core_field" />
    </UnitTest>
    <UnitTest name="Skillaz.Tests.CompanySpecific.Perekrestok.PerekrestokRequestPriority_feature.Calculation_request_priority(supermarketType: &quot;Открывающийся супермаркет&quot;, requestVl: 100, employmentCandidateCount: 0, employmentFinishedCandidateCount: 0, interviewCandidateCount: 0, requestPriority: Critical)" storage="c:\users\дмитрийбахтенков\skiz\skillaz-backend\src\skillaz.tests\bin\debug\net5.0\skillaz.tests.dll" id="e9d73659-1d95-256a-fc2e-1a693a9e2d20">
      <Execution id="a19921a2-de02-41b6-b985-b9753cd1017e" />
      <TestMethod codeBase="C:\Users\ДмитрийБахтенков\skiz\skillaz-backend\src\Skillaz.Tests\bin\Debug\net5.0\Skillaz.Tests.dll" adapterTypeName="executor://xunit/VsTestRunner2/netcoreapp" className="Skillaz.Tests.CompanySpecific.Perekrestok.PerekrestokRequestPriority_feature" name="Calculation_request_priority" />
    </UnitTest>
    <UnitTest name="Skillaz.Tests.HH.Search.HHSearch_feature.CreateHHSearchCommand_should_give_uri_exception" storage="c:\users\дмитрийбахтенков\skiz\skillaz-backend\src\skillaz.tests\bin\debug\net5.0\skillaz.tests.dll" id="8daf582a-3d9d-e929-98f5-82bc94f6d8d8">
      <Execution id="0c9dbdeb-eb06-4425-bace-73c02b1c33b4" />
      <TestMethod codeBase="C:\Users\ДмитрийБахтенков\skiz\skillaz-backend\src\Skillaz.Tests\bin\Debug\net5.0\Skillaz.Tests.dll" adapterTypeName="executor://xunit/VsTestRunner2/netcoreapp" className="Skillaz.Tests.HH.Search.HHSearch_feature" name="CreateHHSearchCommand_should_give_uri_exception" />
    </UnitTest>
    <UnitTest name="Skillaz.Tests.Configurator.WorkflowEngine.ConfiguratorWorkflowNotifications_reature.ConfiguratorWorkflow_request_that_notification_was_sended_when_status_changed" storage="c:\users\дмитрийбахтенков\skiz\skillaz-backend\src\skillaz.tests\bin\debug\net5.0\skillaz.tests.dll" id="ee3e295c-6621-1cab-44ac-bd05b3431003">
      <Execution id="5643dba9-3c97-4cf1-b33b-e2721791acab" />
      <TestMethod codeBase="C:\Users\ДмитрийБахтенков\skiz\skillaz-backend\src\Skillaz.Tests\bin\Debug\net5.0\Skillaz.Tests.dll" adapterTypeName="executor://xunit/VsTestRunner2/netcoreapp" className="Skillaz.Tests.Configurator.WorkflowEngine.ConfiguratorWorkflowNotifications_reature" name="ConfiguratorWorkflow_request_that_notification_was_sended_when_status_changed" />
    </UnitTest>
    <UnitTest name="Skillaz.Tests.CompanySpecific.Mvideo.MvideoProcessDelayedHoldRequestsCommand_feature.Run_when_no_requests_update_needed" storage="c:\users\дмитрийбахтенков\skiz\skillaz-backend\src\skillaz.tests\bin\debug\net5.0\skillaz.tests.dll" id="22a25c5c-c7ec-4667-8fc0-7dd1ac8c0c4d">
      <Execution id="004c7139-bf4d-405d-b16f-5cbfdf58cd94" />
      <TestMethod codeBase="C:\Users\ДмитрийБахтенков\skiz\skillaz-backend\src\Skillaz.Tests\bin\Debug\net5.0\Skillaz.Tests.dll" adapterTypeName="executor://xunit/VsTestRunner2/netcoreapp" className="Skillaz.Tests.CompanySpecific.Mvideo.MvideoProcessDelayedHoldRequestsCommand_feature" name="Run_when_no_requests_update_needed" />
    </UnitTest>
    <UnitTest name="Skillaz.Tests.Candidate.FromForm.CreateFromForm_feature.Candidate_update_first_source" storage="c:\users\дмитрийбахтенков\skiz\skillaz-backend\src\skillaz.tests\bin\debug\net5.0\skillaz.tests.dll" id="e2644425-cd59-caaf-5fa7-5e982a400618">
      <Execution id="dda6e566-5439-4fe7-95f9-37172b391288" />
      <TestMethod codeBase="C:\Users\ДмитрийБахтенков\skiz\skillaz-backend\src\Skillaz.Tests\bin\Debug\net5.0\Skillaz.Tests.dll" adapterTypeName="executor://xunit/VsTestRunner2/netcoreapp" className="Skillaz.Tests.Candidate.FromForm.CreateFromForm_feature" name="Candidate_update_first_source" />
    </UnitTest>
    <UnitTest name="Skillaz.Tests.Assessment.Interviews.ShlInterview_feature.Getting_a_shl_interview" storage="c:\users\дмитрийбахтенков\skiz\skillaz-backend\src\skillaz.tests\bin\debug\net5.0\skillaz.tests.dll" id="982455ea-c969-6fa0-9bd1-4addc0ef0ebb">
      <Execution id="bb63aa8b-2f71-42f3-8af6-2986c7f20f27" />
      <TestMethod codeBase="C:\Users\ДмитрийБахтенков\skiz\skillaz-backend\src\Skillaz.Tests\bin\Debug\net5.0\Skillaz.Tests.dll" adapterTypeName="executor://xunit/VsTestRunner2/netcoreapp" className="Skillaz.Tests.Assessment.Interviews.ShlInterview_feature" name="Getting_a_shl_interview" />
    </UnitTest>
    <UnitTest name="Skillaz.Tests.OpenApi.OrgStructureApi.OrgEntityStateChange_feature.Org_unit_archiving" storage="c:\users\дмитрийбахтенков\skiz\skillaz-backend\src\skillaz.tests\bin\debug\net5.0\skillaz.tests.dll" id="05b78b0a-34aa-b373-4d67-0c1378c37b60">
      <Execution id="5e202e36-7e5b-4901-ab89-7dfcada63a64" />
      <TestMethod codeBase="C:\Users\ДмитрийБахтенков\skiz\skillaz-backend\src\Skillaz.Tests\bin\Debug\net5.0\Skillaz.Tests.dll" adapterTypeName="executor://xunit/VsTestRunner2/netcoreapp" className="Skillaz.Tests.OpenApi.OrgStructureApi.OrgEntityStateChange_feature" name="Org_unit_archiving" />
    </UnitTest>
    <UnitTest name="Для 1 и 2 числа перенос на 16 этого месяца, для 15 и 16 перенос на 2 следующего месяца(dateStrings: [&quot;2020-08-15&quot;, &quot;2020-08-16&quot;, &quot;2020-09-02&quot;])" storage="c:\users\дмитрийбахтенков\skiz\skillaz-backend\src\skillaz.tests\bin\debug\net5.0\skillaz.tests.dll" id="a5f78294-0299-f57b-9ed7-58a275badae2">
      <Execution id="452ebccb-4368-463a-8e44-1680fd360ef4" />
      <TestMethod codeBase="C:\Users\ДмитрийБахтенков\skiz\skillaz-backend\src\Skillaz.Tests\bin\Debug\net5.0\Skillaz.Tests.dll" adapterTypeName="executor://xunit/VsTestRunner2/netcoreapp" className="Skillaz.Tests.CompanySpecific.Sberbank.SberbankHhLeadgenCreationStrategyFeature" name="FindProductionDateForEndDate" />
    </UnitTest>
    <UnitTest name="Skillaz.Tests.Candidate.Elastic.CandidateElasticFiltration_feature.Retrieving_a_candidate_by_nonexistent_add_ways" storage="c:\users\дмитрийбахтенков\skiz\skillaz-backend\src\skillaz.tests\bin\debug\net5.0\skillaz.tests.dll" id="92f98446-a2a5-f3ce-a254-99c30f6d5223">
      <Execution id="d1beb35b-7b54-48a0-a492-c6256ef5bc49" />
      <TestMethod codeBase="C:\Users\ДмитрийБахтенков\skiz\skillaz-backend\src\Skillaz.Tests\bin\Debug\net5.0\Skillaz.Tests.dll" adapterTypeName="executor://xunit/VsTestRunner2/netcoreapp" className="Skillaz.Tests.Candidate.Elastic.CandidateElasticFiltration_feature" name="Retrieving_a_candidate_by_nonexistent_add_ways" />
    </UnitTest>
    <UnitTest name="Skillaz.Tests.OrgUnit.OrgUnitExternalIdTests.Test_vacancy_update_with_already_existed_doc_by_externalId" storage="c:\users\дмитрийбахтенков\skiz\skillaz-backend\src\skillaz.tests\bin\debug\net5.0\skillaz.tests.dll" id="be079815-bdaf-bb8c-663f-772e1d5f9fbe">
      <Execution id="ae31e364-9ae4-45c4-818f-9efeee53adef" />
      <TestMethod codeBase="C:\Users\ДмитрийБахтенков\skiz\skillaz-backend\src\Skillaz.Tests\bin\Debug\net5.0\Skillaz.Tests.dll" adapterTypeName="executor://xunit/VsTestRunner2/netcoreapp" className="Skillaz.Tests.OrgUnit.OrgUnitExternalIdTests" name="Test_vacancy_update_with_already_existed_doc_by_externalId" />
    </UnitTest>
    <UnitTest name="Для 1 и 2 числа перенос на 16 этого месяца, для 15 и 16 перенос на 2 следующего месяца(dateStrings: [&quot;2020-09-15&quot;, &quot;2020-09-16&quot;, &quot;2020-10-02&quot;])" storage="c:\users\дмитрийбахтенков\skiz\skillaz-backend\src\skillaz.tests\bin\debug\net5.0\skillaz.tests.dll" id="6b2dc9b3-733b-39cf-d8ed-29faef057ba2">
      <Execution id="204fcba0-80a4-4771-911d-7d8d07d20f3a" />
      <TestMethod codeBase="C:\Users\ДмитрийБахтенков\skiz\skillaz-backend\src\Skillaz.Tests\bin\Debug\net5.0\Skillaz.Tests.dll" adapterTypeName="executor://xunit/VsTestRunner2/netcoreapp" className="Skillaz.Tests.CompanySpecific.Sberbank.SberbankHhLeadgenCreationStrategyFeature" name="FindProductionDateForEndDate" />
    </UnitTest>
    <UnitTest name="Skillaz.Tests.Configurator.SecurityProfile.ConfiguratorSecurityProfileCandidate_feature.Candidate_is_available_by_vacancy_OR_request_rule" storage="c:\users\дмитрийбахтенков\skiz\skillaz-backend\src\skillaz.tests\bin\debug\net5.0\skillaz.tests.dll" id="bc7b1358-7a64-1603-0775-aed4439b1298">
      <Execution id="45dd6173-75ed-4443-88c4-329152ce5b42" />
      <TestMethod codeBase="C:\Users\ДмитрийБахтенков\skiz\skillaz-backend\src\Skillaz.Tests\bin\Debug\net5.0\Skillaz.Tests.dll" adapterTypeName="executor://xunit/VsTestRunner2/netcoreapp" className="Skillaz.Tests.Configurator.SecurityProfile.ConfiguratorSecurityProfileCandidate_feature" name="Candidate_is_available_by_vacancy_OR_request_rule" />
    </UnitTest>
    <UnitTest name="Skillaz.Tests.Assessment.Interviews.ProActionInterview_feature.Switching_an_interview_step" storage="c:\users\дмитрийбахтенков\skiz\skillaz-backend\src\skillaz.tests\bin\debug\net5.0\skillaz.tests.dll" id="d1d95c81-6e9b-093c-3e99-158e7985243d">
      <Execution id="b4a3e189-6acf-4bb0-ab89-e9c21134df4c" />
      <TestMethod codeBase="C:\Users\ДмитрийБахтенков\skiz\skillaz-backend\src\Skillaz.Tests\bin\Debug\net5.0\Skillaz.Tests.dll" adapterTypeName="executor://xunit/VsTestRunner2/netcoreapp" className="Skillaz.Tests.Assessment.Interviews.ProActionInterview_feature" name="Switching_an_interview_step" />
    </UnitTest>
    <UnitTest name="Skillaz.Tests.Configurator.ConfiguratorApiListTests.Объект_конфигуратора_создается_и_редактируется" storage="c:\users\дмитрийбахтенков\skiz\skillaz-backend\src\skillaz.tests\bin\debug\net5.0\skillaz.tests.dll" id="24da63dd-e1a9-0eda-ed7c-81fcb1500bd5">
      <Execution id="02ca1239-f5ae-4ca6-bfc6-a885e9cbe3c7" />
      <TestMethod codeBase="C:\Users\ДмитрийБахтенков\skiz\skillaz-backend\src\Skillaz.Tests\bin\Debug\net5.0\Skillaz.Tests.dll" adapterTypeName="executor://xunit/VsTestRunner2/netcoreapp" className="Skillaz.Tests.Configurator.ConfiguratorApiListTests" name="Объект_конфигуратора_создается_и_редактируется" />
    </UnitTest>
    <UnitTest name="Skillaz.Tests.OpenApi.CreateNewCandidate_feature.Check_candidate_with_resume_created" storage="c:\users\дмитрийбахтенков\skiz\skillaz-backend\src\skillaz.tests\bin\debug\net5.0\skillaz.tests.dll" id="9208f864-a693-874f-6ce7-c29fe13a7706">
      <Execution id="6e747ea2-4dd9-4af4-a2f0-d3a44a4c6791" />
      <TestMethod codeBase="C:\Users\ДмитрийБахтенков\skiz\skillaz-backend\src\Skillaz.Tests\bin\Debug\net5.0\Skillaz.Tests.dll" adapterTypeName="executor://xunit/VsTestRunner2/netcoreapp" className="Skillaz.Tests.OpenApi.CreateNewCandidate_feature" name="Check_candidate_with_resume_created" />
    </UnitTest>
    <UnitTest name="Проверка десериализации полученного сообщения от WhatsApp" storage="c:\users\дмитрийбахтенков\skiz\skillaz-backend\src\skillaz.tests\bin\debug\net5.0\skillaz.tests.dll" id="dff1039f-5a73-e0cd-a489-adeef2947b84">
      <Execution id="7a038c54-b700-44b2-a08e-d346fc08fc04" />
      <TestMethod codeBase="C:\Users\ДмитрийБахтенков\skiz\skillaz-backend\src\Skillaz.Tests\bin\Debug\net5.0\Skillaz.Tests.dll" adapterTypeName="executor://xunit/VsTestRunner2/netcoreapp" className="Skillaz.Tests.Helpers.DialogSerializerFeature" name="Check_the_message_callback_deserialization" />
    </UnitTest>
    <UnitTest name="Skillaz.Tests.AsyncEnumerable.AsyncEnumerableTests.Batching_works_for_async_enumerable_when_batches_are_equally_sized(genSize: 15, batchSize: 5)" storage="c:\users\дмитрийбахтенков\skiz\skillaz-backend\src\skillaz.tests\bin\debug\net5.0\skillaz.tests.dll" id="5420ffd5-3f01-c052-e212-323500089f8f">
      <Execution id="893f9c95-fbde-4fa7-86fc-818d05418d2c" />
      <TestMethod codeBase="C:\Users\ДмитрийБахтенков\skiz\skillaz-backend\src\Skillaz.Tests\bin\Debug\net5.0\Skillaz.Tests.dll" adapterTypeName="executor://xunit/VsTestRunner2/netcoreapp" className="Skillaz.Tests.AsyncEnumerable.AsyncEnumerableTests" name="Batching_works_for_async_enumerable_when_batches_are_equally_sized" />
    </UnitTest>
    <UnitTest name="Skillaz.Tests.OrgUnit.OrgUnitHierarchy_feature.Get_org_unit_hierarchy_with_security_filter" storage="c:\users\дмитрийбахтенков\skiz\skillaz-backend\src\skillaz.tests\bin\debug\net5.0\skillaz.tests.dll" id="36328aa8-c101-3db6-1620-96cd429200ba">
      <Execution id="1dc3e4d5-de37-4cc3-a549-6f7d1ace062b" />
      <TestMethod codeBase="C:\Users\ДмитрийБахтенков\skiz\skillaz-backend\src\Skillaz.Tests\bin\Debug\net5.0\Skillaz.Tests.dll" adapterTypeName="executor://xunit/VsTestRunner2/netcoreapp" className="Skillaz.Tests.OrgUnit.OrgUnitHierarchy_feature" name="Get_org_unit_hierarchy_with_security_filter" />
    </UnitTest>
    <UnitTest name="Skillaz.Tests.Configurator.ConfiguratorApiEditTests.Объект_конфигуратора_создается_и_редактируется" storage="c:\users\дмитрийбахтенков\skiz\skillaz-backend\src\skillaz.tests\bin\debug\net5.0\skillaz.tests.dll" id="c8eb849b-c7a9-aaee-12fe-a5387bbfd05e">
      <Execution id="99de22e7-55ea-478a-924f-4ef4f6d0b8b4" />
      <TestMethod codeBase="C:\Users\ДмитрийБахтенков\skiz\skillaz-backend\src\Skillaz.Tests\bin\Debug\net5.0\Skillaz.Tests.dll" adapterTypeName="executor://xunit/VsTestRunner2/netcoreapp" className="Skillaz.Tests.Configurator.ConfiguratorApiEditTests" name="Объект_конфигуратора_создается_и_редактируется" />
    </UnitTest>
    <UnitTest name="Расширение файла совпадает с его содержимым(fileName: &quot;Doc.docx&quot;)" storage="c:\users\дмитрийбахтенков\skiz\skillaz-backend\src\skillaz.tests\bin\debug\net5.0\skillaz.tests.dll" id="35c2f48c-9c88-a338-53cb-ea2a15bc9650">
      <Execution id="0aeb202b-9ac9-4a42-8205-0ba48ba21518" />
      <TestMethod codeBase="C:\Users\ДмитрийБахтенков\skiz\skillaz-backend\src\Skillaz.Tests\bin\Debug\net5.0\Skillaz.Tests.dll" adapterTypeName="executor://xunit/VsTestRunner2/netcoreapp" className="Skillaz.Testing.Run.System.Security.FileContentCheckerTests" name="FileExtensionShouldMatchContent" />
    </UnitTest>
    <UnitTest name="Skillaz.Tests.Configurator.DocumentModel.JobOfferConfiguratorDataType_feature.JobOfferConfiguratorDataType_use_last_job_offer" storage="c:\users\дмитрийбахтенков\skiz\skillaz-backend\src\skillaz.tests\bin\debug\net5.0\skillaz.tests.dll" id="13e32e4a-c7ca-f13e-57f0-45f0d3128273">
      <Execution id="9f6e82ea-858e-4329-bca6-efd101059795" />
      <TestMethod codeBase="C:\Users\ДмитрийБахтенков\skiz\skillaz-backend\src\Skillaz.Tests\bin\Debug\net5.0\Skillaz.Tests.dll" adapterTypeName="executor://xunit/VsTestRunner2/netcoreapp" className="Skillaz.Tests.Configurator.DocumentModel.JobOfferConfiguratorDataType_feature" name="JobOfferConfiguratorDataType_use_last_job_offer" />
    </UnitTest>
    <UnitTest name="Skillaz.Tests.Helpers.TimeBoundariesHelperFeature.SubtractHours(lower: 0, upper: 24, timeZone: 3, results: [0, 21, 21, 24])" storage="c:\users\дмитрийбахтенков\skiz\skillaz-backend\src\skillaz.tests\bin\debug\net5.0\skillaz.tests.dll" id="d789e0ac-21a2-57d0-0eba-3bdd5f8e90a8">
      <Execution id="7af44aa2-2f99-49a2-8fc5-7fb5353cf3db" />
      <TestMethod codeBase="C:\Users\ДмитрийБахтенков\skiz\skillaz-backend\src\Skillaz.Tests\bin\Debug\net5.0\Skillaz.Tests.dll" adapterTypeName="executor://xunit/VsTestRunner2/netcoreapp" className="Skillaz.Tests.Helpers.TimeBoundariesHelperFeature" name="SubtractHours" />
    </UnitTest>
    <UnitTest name="Skillaz.Tests.Candidate.Elastic.CandidateElasticFiltration_feature.Retrieving_candidates_by_current_status" storage="c:\users\дмитрийбахтенков\skiz\skillaz-backend\src\skillaz.tests\bin\debug\net5.0\skillaz.tests.dll" id="01c4c4b2-93a9-083b-8385-d5344d71efc0">
      <Execution id="827547fc-be6e-4762-984d-96791ef0ae15" />
      <TestMethod codeBase="C:\Users\ДмитрийБахтенков\skiz\skillaz-backend\src\Skillaz.Tests\bin\Debug\net5.0\Skillaz.Tests.dll" adapterTypeName="executor://xunit/VsTestRunner2/netcoreapp" className="Skillaz.Tests.Candidate.Elastic.CandidateElasticFiltration_feature" name="Retrieving_candidates_by_current_status" />
    </UnitTest>
    <UnitTest name="Skillaz.Tests.Assessment.Interviews.ProActionInterview_feature.Updating_a_trigger" storage="c:\users\дмитрийбахтенков\skiz\skillaz-backend\src\skillaz.tests\bin\debug\net5.0\skillaz.tests.dll" id="7d72a6e7-d315-7a08-2299-fe21e9e57d1b">
      <Execution id="fe01f1cf-f232-4c5c-9b4f-ef792fd30ad7" />
      <TestMethod codeBase="C:\Users\ДмитрийБахтенков\skiz\skillaz-backend\src\Skillaz.Tests\bin\Debug\net5.0\Skillaz.Tests.dll" adapterTypeName="executor://xunit/VsTestRunner2/netcoreapp" className="Skillaz.Tests.Assessment.Interviews.ProActionInterview_feature" name="Updating_a_trigger" />
    </UnitTest>
    <UnitTest name="Skillaz.Tests.CompanySpecific.Perekrestok.PerekrestokRequestPriority_feature.Calculation_request_priority(supermarketType: &quot;Действующий супермаркет&quot;, requestVl: 100, employmentCandidateCount: 0, employmentFinishedCandidateCount: 0, interviewCandidateCount: 1, requestPriority: High)" storage="c:\users\дмитрийбахтенков\skiz\skillaz-backend\src\skillaz.tests\bin\debug\net5.0\skillaz.tests.dll" id="2137bf78-6649-c56b-9c7e-a8b898a0b345">
      <Execution id="0258d9d7-036c-47c2-9a52-1df55f242134" />
      <TestMethod codeBase="C:\Users\ДмитрийБахтенков\skiz\skillaz-backend\src\Skillaz.Tests\bin\Debug\net5.0\Skillaz.Tests.dll" adapterTypeName="executor://xunit/VsTestRunner2/netcoreapp" className="Skillaz.Tests.CompanySpecific.Perekrestok.PerekrestokRequestPriority_feature" name="Calculation_request_priority" />
    </UnitTest>
    <UnitTest name="Should get Ok &amp; have company in mongadb(jwt: &quot;eyJraWQiOiJoaF92aWRlb19pbnRlcnZpZXdfc2tpbGxheiIsIm&quot;...)" storage="c:\users\дмитрийбахтенков\skiz\skillaz-backend\src\skillaz.tests\bin\debug\net5.0\skillaz.tests.dll" id="ffb37f9f-ca40-b6c9-b7a4-9ce2f6e6bfe1">
      <Execution id="fecc46b5-a3b4-413f-aa6c-d3a3a8b45ec6" />
      <TestMethod codeBase="C:\Users\ДмитрийБахтенков\skiz\skillaz-backend\src\Skillaz.Tests\bin\Debug\net5.0\Skillaz.Tests.dll" adapterTypeName="executor://xunit/VsTestRunner2/netcoreapp" className="Skillaz.Tests.HH.Assessment.HHAssessmentFeature" name="GetGrantVideoInterviewAccess" />
    </UnitTest>
    <UnitTest name="Skillaz.Tests.CompanySpecific.Perekrestok.PerekrestokOrgUnitPositionCreateOrUpdate_feature.Create_request_for_position_with_no_fio" storage="c:\users\дмитрийбахтенков\skiz\skillaz-backend\src\skillaz.tests\bin\debug\net5.0\skillaz.tests.dll" id="5fa27c83-5bcb-7d68-3e9a-d9b23fc2d7d9">
      <Execution id="2299c633-ebdc-4fc7-803e-e68df9c347d5" />
      <TestMethod codeBase="C:\Users\ДмитрийБахтенков\skiz\skillaz-backend\src\Skillaz.Tests\bin\Debug\net5.0\Skillaz.Tests.dll" adapterTypeName="executor://xunit/VsTestRunner2/netcoreapp" className="Skillaz.Tests.CompanySpecific.Perekrestok.PerekrestokOrgUnitPositionCreateOrUpdate_feature" name="Create_request_for_position_with_no_fio" />
    </UnitTest>
    <UnitTest name="Skillaz.Tests.SupportChats.SupportChats_feature.Receive_message_attachment_links" storage="c:\users\дмитрийбахтенков\skiz\skillaz-backend\src\skillaz.tests\bin\debug\net5.0\skillaz.tests.dll" id="842d2a24-b59d-d6ac-60f0-e726f812dce5">
      <Execution id="0fa5123a-6c3c-4a2a-ab46-c7f192f3630d" />
      <TestMethod codeBase="C:\Users\ДмитрийБахтенков\skiz\skillaz-backend\src\Skillaz.Tests\bin\Debug\net5.0\Skillaz.Tests.dll" adapterTypeName="executor://xunit/VsTestRunner2/netcoreapp" className="Skillaz.Tests.SupportChats.SupportChats_feature" name="Receive_message_attachment_links" />
    </UnitTest>
    <UnitTest name="Skillaz.Tests.Configurator.DocumentModel.ObjectTypeJobOffer.JobOfferDocument" storage="c:\users\дмитрийбахтенков\skiz\skillaz-backend\src\skillaz.tests\bin\debug\net5.0\skillaz.tests.dll" id="4cb576ef-8be0-18c0-2797-dd8db826cca2">
      <Execution id="0a2ceda7-84f5-4986-9810-ea9d19fae442" />
      <TestMethod codeBase="C:\Users\ДмитрийБахтенков\skiz\skillaz-backend\src\Skillaz.Tests\bin\Debug\net5.0\Skillaz.Tests.dll" adapterTypeName="executor://xunit/VsTestRunner2/netcoreapp" className="Skillaz.Tests.Configurator.DocumentModel.ObjectTypeJobOffer" name="JobOfferDocument" />
    </UnitTest>
    <UnitTest name="Skillaz.Tests.Configurator.Deduplication.UpdateCandidateTest.Кандидат_в_статусе_более_1_дня_правило_примениться" storage="c:\users\дмитрийбахтенков\skiz\skillaz-backend\src\skillaz.tests\bin\debug\net5.0\skillaz.tests.dll" id="a160edea-e07d-989e-e812-fbd16c4e42c1">
      <Execution id="24e9b300-5603-44fa-be67-3e911651fc1e" />
      <TestMethod codeBase="C:\Users\ДмитрийБахтенков\skiz\skillaz-backend\src\Skillaz.Tests\bin\Debug\net5.0\Skillaz.Tests.dll" adapterTypeName="executor://xunit/VsTestRunner2/netcoreapp" className="Skillaz.Tests.Configurator.Deduplication.UpdateCandidateTest" name="Кандидат_в_статусе_более_1_дня_правило_примениться" />
    </UnitTest>
    <UnitTest name="Skillaz.Tests.Configurator.Validation.TaskTracker.Проверить_отсутствие_одинаковых_id" storage="c:\users\дмитрийбахтенков\skiz\skillaz-backend\src\skillaz.tests\bin\debug\net5.0\skillaz.tests.dll" id="3418e263-aee9-5a3d-84d4-12314f114c1d">
      <Execution id="91bd0c84-77ce-46e4-a212-7cdc8fdecfec" />
      <TestMethod codeBase="C:\Users\ДмитрийБахтенков\skiz\skillaz-backend\src\Skillaz.Tests\bin\Debug\net5.0\Skillaz.Tests.dll" adapterTypeName="executor://xunit/VsTestRunner2/netcoreapp" className="Skillaz.Tests.Configurator.Validation.TaskTracker" name="Проверить_отсутствие_одинаковых_id" />
    </UnitTest>
    <UnitTest name="Skillaz.Tests.JobRequisition.JobRequisitionNotification_feature.Change_hire_request_change_status_works" storage="c:\users\дмитрийбахтенков\skiz\skillaz-backend\src\skillaz.tests\bin\debug\net5.0\skillaz.tests.dll" id="9598c3b0-705b-9e4e-827d-2cd5d270060f">
      <Execution id="b161ba14-cc9f-4d0c-90c8-c0435a91da45" />
      <TestMethod codeBase="C:\Users\ДмитрийБахтенков\skiz\skillaz-backend\src\Skillaz.Tests\bin\Debug\net5.0\Skillaz.Tests.dll" adapterTypeName="executor://xunit/VsTestRunner2/netcoreapp" className="Skillaz.Tests.JobRequisition.JobRequisitionNotification_feature" name="Change_hire_request_change_status_works" />
    </UnitTest>
    <UnitTest name="Генерация ссылки для витрины с фильтрами(key: &quot;/showcase?PagingRequest.CurrentPage=2&amp;PagingReques&quot;...)" storage="c:\users\дмитрийбахтенков\skiz\skillaz-backend\src\skillaz.tests\bin\debug\net5.0\skillaz.tests.dll" id="cd4870e1-7022-01ea-d1b0-4e313e93b0e4">
      <Execution id="c51d23a8-18da-4825-973a-aac9d5f40d95" />
      <TestMethod codeBase="C:\Users\ДмитрийБахтенков\skiz\skillaz-backend\src\Skillaz.Tests\bin\Debug\net5.0\Skillaz.Tests.dll" adapterTypeName="executor://xunit/VsTestRunner2/netcoreapp" className="Skillaz.Tests.Common.CandidateToShowcaseUrl_feature" name="FindProductionDateForEndDate" />
    </UnitTest>
    <UnitTest name="Для 1 и 2 числа перенос на 16 этого месяца, для 15 и 16 перенос на 2 следующего месяца(dateStrings: [&quot;2020-10-15&quot;, &quot;2020-10-16&quot;, &quot;2020-11-03&quot;])" storage="c:\users\дмитрийбахтенков\skiz\skillaz-backend\src\skillaz.tests\bin\debug\net5.0\skillaz.tests.dll" id="929f8344-5792-bfe4-e9c2-9575e42d5208">
      <Execution id="d2809cea-deef-4ae8-addc-8cb8d4683130" />
      <TestMethod codeBase="C:\Users\ДмитрийБахтенков\skiz\skillaz-backend\src\Skillaz.Tests\bin\Debug\net5.0\Skillaz.Tests.dll" adapterTypeName="executor://xunit/VsTestRunner2/netcoreapp" className="Skillaz.Tests.CompanySpecific.Sberbank.SberbankHhLeadgenCreationStrategyFeature" name="FindProductionDateForEndDate" />
    </UnitTest>
    <UnitTest name="Skillaz.Tests.Assessment.Scenario_with_check_feature.Interview_without_steps_with_check" storage="c:\users\дмитрийбахтенков\skiz\skillaz-backend\src\skillaz.tests\bin\debug\net5.0\skillaz.tests.dll" id="f9119166-4488-aadf-fbc5-d27e0fef8ba8">
      <Execution id="c5f47954-9dd8-4318-aff5-3f9734bf699f" />
      <TestMethod codeBase="C:\Users\ДмитрийБахтенков\skiz\skillaz-backend\src\Skillaz.Tests\bin\Debug\net5.0\Skillaz.Tests.dll" adapterTypeName="executor://xunit/VsTestRunner2/netcoreapp" className="Skillaz.Tests.Assessment.Scenario_with_check_feature" name="Interview_without_steps_with_check" />
    </UnitTest>
    <UnitTest name="Skillaz.Tests.TaskTracker.TaskAction_feature.Ensure_that_candidate_not_switched_no_delay_by_main_source" storage="c:\users\дмитрийбахтенков\skiz\skillaz-backend\src\skillaz.tests\bin\debug\net5.0\skillaz.tests.dll" id="5d77b5b1-721a-d9f6-906c-5bc5b0a74c5d">
      <Execution id="dbd7f87e-fddd-4ef5-a31b-8ef08d23ca28" />
      <TestMethod codeBase="C:\Users\ДмитрийБахтенков\skiz\skillaz-backend\src\Skillaz.Tests\bin\Debug\net5.0\Skillaz.Tests.dll" adapterTypeName="executor://xunit/VsTestRunner2/netcoreapp" className="Skillaz.Tests.TaskTracker.TaskAction_feature" name="Ensure_that_candidate_not_switched_no_delay_by_main_source" />
    </UnitTest>
    <UnitTest name="Расширение файла недолжно совпадает с его типом, но нужно переименовать для полного совпадения(alterName: &quot;Image.png&quot;, fileName: &quot;Image.jpg&quot;)" storage="c:\users\дмитрийбахтенков\skiz\skillaz-backend\src\skillaz.tests\bin\debug\net5.0\skillaz.tests.dll" id="8b9666e7-c277-8259-c91c-3e8ad6bc5494">
      <Execution id="90d127cb-1e89-4365-87cf-6b5675d8d5e6" />
      <TestMethod codeBase="C:\Users\ДмитрийБахтенков\skiz\skillaz-backend\src\Skillaz.Tests\bin\Debug\net5.0\Skillaz.Tests.dll" adapterTypeName="executor://xunit/VsTestRunner2/netcoreapp" className="Skillaz.Testing.Run.System.Security.FileContentCheckerTests" name="FileExtensionShouldBeRenamedToMatchContent" />
    </UnitTest>
    <UnitTest name="Skillaz.Tests.AutoComplete.RequestAutoCompleteControllerGetRequests_feature.AutoComplete_with_states_and_state_types(states: [&quot;Approved&quot;], stateTypes: [&quot;CandidateRecruitment&quot;])" storage="c:\users\дмитрийбахтенков\skiz\skillaz-backend\src\skillaz.tests\bin\debug\net5.0\skillaz.tests.dll" id="66fdab56-7038-aaf7-4d53-95343adce905">
      <Execution id="cb09024c-a54d-483b-b99c-3d59c7cb2fc1" />
      <TestMethod codeBase="C:\Users\ДмитрийБахтенков\skiz\skillaz-backend\src\Skillaz.Tests\bin\Debug\net5.0\Skillaz.Tests.dll" adapterTypeName="executor://xunit/VsTestRunner2/netcoreapp" className="Skillaz.Tests.AutoComplete.RequestAutoCompleteControllerGetRequests_feature" name="AutoComplete_with_states_and_state_types" />
    </UnitTest>
    <UnitTest name="Skillaz.Tests.Configurator.DocumentModel.ValidationFeature.Проверить_настройку_значений_валидации(positionsCount: 0, salaryFrom: 3, gmt: 4, expected: False)" storage="c:\users\дмитрийбахтенков\skiz\skillaz-backend\src\skillaz.tests\bin\debug\net5.0\skillaz.tests.dll" id="062a2941-b296-62ab-da70-f10cbb38b8b9">
      <Execution id="7c31cadd-b1ef-4ead-8537-3dc654db798c" />
      <TestMethod codeBase="C:\Users\ДмитрийБахтенков\skiz\skillaz-backend\src\Skillaz.Tests\bin\Debug\net5.0\Skillaz.Tests.dll" adapterTypeName="executor://xunit/VsTestRunner2/netcoreapp" className="Skillaz.Tests.Configurator.DocumentModel.ValidationFeature" name="Проверить_настройку_значений_валидации" />
    </UnitTest>
    <UnitTest name="Skillaz.Tests.DocumentModels.LegacyVacancyDocuments.LegacyVacancyDocumentWhereAnd_feature.GetArchiveIdsEqualGetIds" storage="c:\users\дмитрийбахтенков\skiz\skillaz-backend\src\skillaz.tests\bin\debug\net5.0\skillaz.tests.dll" id="6334cced-c4a1-db38-b216-df7f745a6f14">
      <Execution id="63d2df19-b57d-46e6-80aa-07be099f9d61" />
      <TestMethod codeBase="C:\Users\ДмитрийБахтенков\skiz\skillaz-backend\src\Skillaz.Tests\bin\Debug\net5.0\Skillaz.Tests.dll" adapterTypeName="executor://xunit/VsTestRunner2/netcoreapp" className="Skillaz.Tests.DocumentModels.LegacyVacancyDocuments.LegacyVacancyDocumentWhereAnd_feature" name="GetArchiveIdsEqualGetIds" />
    </UnitTest>
    <UnitTest name="Skillaz.Tests.CompanySpecific.Sberbank.SberPositionsTests.SberPositionCommand_should_work_as_expected(vacancyName: &quot;Консультант&quot;, expectedPositionId: &quot;consultant&quot;)" storage="c:\users\дмитрийбахтенков\skiz\skillaz-backend\src\skillaz.tests\bin\debug\net5.0\skillaz.tests.dll" id="ebbbf6d0-9a6f-bd66-319e-507c591125f4">
      <Execution id="a9d3b0aa-c458-4186-abb2-43c918f5b82e" />
      <TestMethod codeBase="C:\Users\ДмитрийБахтенков\skiz\skillaz-backend\src\Skillaz.Tests\bin\Debug\net5.0\Skillaz.Tests.dll" adapterTypeName="executor://xunit/VsTestRunner2/netcoreapp" className="Skillaz.Tests.CompanySpecific.Sberbank.SberPositionsTests" name="SberPositionCommand_should_work_as_expected" />
    </UnitTest>
    <UnitTest name="Skillaz.Tests.CompanySpecific.Perekrestok.PerekrestokBlockUnblockCandidates_feature.Last_check_refused_and_more_than_37_days_in_not_passed_state" storage="c:\users\дмитрийбахтенков\skiz\skillaz-backend\src\skillaz.tests\bin\debug\net5.0\skillaz.tests.dll" id="457b85e5-43c5-a09c-6492-2ec28208e544">
      <Execution id="dc25fd49-269d-4fd2-ac2e-113394ea3179" />
      <TestMethod codeBase="C:\Users\ДмитрийБахтенков\skiz\skillaz-backend\src\Skillaz.Tests\bin\Debug\net5.0\Skillaz.Tests.dll" adapterTypeName="executor://xunit/VsTestRunner2/netcoreapp" className="Skillaz.Tests.CompanySpecific.Perekrestok.PerekrestokBlockUnblockCandidates_feature" name="Last_check_refused_and_more_than_37_days_in_not_passed_state" />
    </UnitTest>
    <UnitTest name="Skillaz.Testing.Run.System.Security.HtmlSecurityTests.SanitizeHtml" storage="c:\users\дмитрийбахтенков\skiz\skillaz-backend\src\skillaz.tests\bin\debug\net5.0\skillaz.tests.dll" id="e6edf9ea-7251-2bac-8533-05ede2d0112c">
      <Execution id="f0161568-f93f-4c36-8b38-17486701f8c0" />
      <TestMethod codeBase="C:\Users\ДмитрийБахтенков\skiz\skillaz-backend\src\Skillaz.Tests\bin\Debug\net5.0\Skillaz.Tests.dll" adapterTypeName="executor://xunit/VsTestRunner2/netcoreapp" className="Skillaz.Testing.Run.System.Security.HtmlSecurityTests" name="SanitizeHtml" />
    </UnitTest>
    <UnitTest name="Skillaz.Tests.Notifications.CustomNotifications_feature.Check_if_user_send_notification_selected_notifications" storage="c:\users\дмитрийбахтенков\skiz\skillaz-backend\src\skillaz.tests\bin\debug\net5.0\skillaz.tests.dll" id="91da7440-9b7d-4d5a-b420-246346bca952">
      <Execution id="4ac282c7-f590-4482-998f-ed8a25b59659" />
      <TestMethod codeBase="C:\Users\ДмитрийБахтенков\skiz\skillaz-backend\src\Skillaz.Tests\bin\Debug\net5.0\Skillaz.Tests.dll" adapterTypeName="executor://xunit/VsTestRunner2/netcoreapp" className="Skillaz.Tests.Notifications.CustomNotifications_feature" name="Check_if_user_send_notification_selected_notifications" />
    </UnitTest>
    <UnitTest name="Skillaz.Tests.DocumentModels.DocumentModel_feature.Update_from_view_model_produces_the_same_model" storage="c:\users\дмитрийбахтенков\skiz\skillaz-backend\src\skillaz.tests\bin\debug\net5.0\skillaz.tests.dll" id="0ed80f2c-8aa7-71b9-5ce0-295e152d8a11">
      <Execution id="d1984fd4-e875-4b9e-83f2-d337aaf4434c" />
      <TestMethod codeBase="C:\Users\ДмитрийБахтенков\skiz\skillaz-backend\src\Skillaz.Tests\bin\Debug\net5.0\Skillaz.Tests.dll" adapterTypeName="executor://xunit/VsTestRunner2/netcoreapp" className="Skillaz.Tests.DocumentModels.DocumentModel_feature" name="Update_from_view_model_produces_the_same_model" />
    </UnitTest>
    <UnitTest name="Skillaz.Tests.Candidate.Checks.FilterChecksBasedOnIsNeedToShow_feature.Get_candidate_info_for_old_interface_by_valid_user" storage="c:\users\дмитрийбахтенков\skiz\skillaz-backend\src\skillaz.tests\bin\debug\net5.0\skillaz.tests.dll" id="da36f229-24d2-75d1-0b41-412d450a3280">
      <Execution id="ff16ef3b-fd7a-4349-8f4c-f484449df6de" />
      <TestMethod codeBase="C:\Users\ДмитрийБахтенков\skiz\skillaz-backend\src\Skillaz.Tests\bin\Debug\net5.0\Skillaz.Tests.dll" adapterTypeName="executor://xunit/VsTestRunner2/netcoreapp" className="Skillaz.Tests.Candidate.Checks.FilterChecksBasedOnIsNeedToShow_feature" name="Get_candidate_info_for_old_interface_by_valid_user" />
    </UnitTest>
    <UnitTest name="Skillaz.Tests.CompanySpecific.Mvideo.MvideoChangePositionCountOrgUnit_feature.Set_hire_needs_approved_count_then_request_and_vacancy_should_be_created" storage="c:\users\дмитрийбахтенков\skiz\skillaz-backend\src\skillaz.tests\bin\debug\net5.0\skillaz.tests.dll" id="e5272ca0-ad97-1a60-c810-569b49a21d5c">
      <Execution id="67405cef-162f-449a-8e4a-adb43a55fd18" />
      <TestMethod codeBase="C:\Users\ДмитрийБахтенков\skiz\skillaz-backend\src\Skillaz.Tests\bin\Debug\net5.0\Skillaz.Tests.dll" adapterTypeName="executor://xunit/VsTestRunner2/netcoreapp" className="Skillaz.Tests.CompanySpecific.Mvideo.MvideoChangePositionCountOrgUnit_feature" name="Set_hire_needs_approved_count_then_request_and_vacancy_should_be_created" />
    </UnitTest>
    <UnitTest name="Skillaz.Tests.DocumentModels.DocumentModel_feature.Update_options_are_working" storage="c:\users\дмитрийбахтенков\skiz\skillaz-backend\src\skillaz.tests\bin\debug\net5.0\skillaz.tests.dll" id="2001d930-9629-1e36-492e-1252c0e1e0d7">
      <Execution id="d5ca1933-90ec-4b4a-86c3-7c9984b1c023" />
      <TestMethod codeBase="C:\Users\ДмитрийБахтенков\skiz\skillaz-backend\src\Skillaz.Tests\bin\Debug\net5.0\Skillaz.Tests.dll" adapterTypeName="executor://xunit/VsTestRunner2/netcoreapp" className="Skillaz.Tests.DocumentModels.DocumentModel_feature" name="Update_options_are_working" />
    </UnitTest>
    <UnitTest name="Skillaz.Tests.DocumentModels.FieldValueComparerTests.StringComparison(firstValue: &quot;abc&quot;, secondValue: &quot;cba&quot;, result: False)" storage="c:\users\дмитрийбахтенков\skiz\skillaz-backend\src\skillaz.tests\bin\debug\net5.0\skillaz.tests.dll" id="799f038b-e1db-aa93-48e2-5c37c00d599b">
      <Execution id="df41556d-e619-450c-90b6-d18e55d86b92" />
      <TestMethod codeBase="C:\Users\ДмитрийБахтенков\skiz\skillaz-backend\src\Skillaz.Tests\bin\Debug\net5.0\Skillaz.Tests.dll" adapterTypeName="executor://xunit/VsTestRunner2/netcoreapp" className="Skillaz.Tests.DocumentModels.FieldValueComparerTests" name="StringComparison" />
    </UnitTest>
    <UnitTest name="Skillaz.Tests.Configurator.DocumentModel.ObjectTypeOrgUnitPosition.ШтатныеДолжности" storage="c:\users\дмитрийбахтенков\skiz\skillaz-backend\src\skillaz.tests\bin\debug\net5.0\skillaz.tests.dll" id="5ad4df05-180a-df40-b414-1da50f6c8fb6">
      <Execution id="0bd8d836-1a57-4f12-a709-9eb87ebccd06" />
      <TestMethod codeBase="C:\Users\ДмитрийБахтенков\skiz\skillaz-backend\src\Skillaz.Tests\bin\Debug\net5.0\Skillaz.Tests.dll" adapterTypeName="executor://xunit/VsTestRunner2/netcoreapp" className="Skillaz.Tests.Configurator.DocumentModel.ObjectTypeOrgUnitPosition" name="ШтатныеДолжности" />
    </UnitTest>
    <UnitTest name="Skillaz.Tests.Configurator.ConfigurationManager.ConfigurationImportExport_feature.Get_configurations_feature" storage="c:\users\дмитрийбахтенков\skiz\skillaz-backend\src\skillaz.tests\bin\debug\net5.0\skillaz.tests.dll" id="7942feed-13b0-cbff-415c-7c19ab9334ac">
      <Execution id="c497e22e-9b34-4ecc-9ad2-2bcae94fdbd2" />
      <TestMethod codeBase="C:\Users\ДмитрийБахтенков\skiz\skillaz-backend\src\Skillaz.Tests\bin\Debug\net5.0\Skillaz.Tests.dll" adapterTypeName="executor://xunit/VsTestRunner2/netcoreapp" className="Skillaz.Tests.Configurator.ConfigurationManager.ConfigurationImportExport_feature" name="Get_configurations_feature" />
    </UnitTest>
    <UnitTest name="Skillaz.Tests.Configurator.ConfiguratorEditorApiReorderingGroupsTests.Строки_в_редакторе_конфигуратора_можно_переставлять" storage="c:\users\дмитрийбахтенков\skiz\skillaz-backend\src\skillaz.tests\bin\debug\net5.0\skillaz.tests.dll" id="8075b8cc-71c2-6c7f-186b-5b6b7e96b4d4">
      <Execution id="8d12063d-1041-4af8-835b-15bb44faa291" />
      <TestMethod codeBase="C:\Users\ДмитрийБахтенков\skiz\skillaz-backend\src\Skillaz.Tests\bin\Debug\net5.0\Skillaz.Tests.dll" adapterTypeName="executor://xunit/VsTestRunner2/netcoreapp" className="Skillaz.Tests.Configurator.ConfiguratorEditorApiReorderingGroupsTests" name="Строки_в_редакторе_конфигуратора_можно_переставлять" />
    </UnitTest>
    <UnitTest name="Skillaz.Tests.DocumentModels.LegacyVacancyDocuments.LegacyVacancyDocumentWhereAnd_feature.GetIds_CandidateDatabaseAll" storage="c:\users\дмитрийбахтенков\skiz\skillaz-backend\src\skillaz.tests\bin\debug\net5.0\skillaz.tests.dll" id="670d1273-4493-d1d6-83e4-45cad5b50ba7">
      <Execution id="9b8b03d6-95bd-426d-b969-74f8fcfe2e66" />
      <TestMethod codeBase="C:\Users\ДмитрийБахтенков\skiz\skillaz-backend\src\Skillaz.Tests\bin\Debug\net5.0\Skillaz.Tests.dll" adapterTypeName="executor://xunit/VsTestRunner2/netcoreapp" className="Skillaz.Tests.DocumentModels.LegacyVacancyDocuments.LegacyVacancyDocumentWhereAnd_feature" name="GetIds_CandidateDatabaseAll" />
    </UnitTest>
    <UnitTest name="Skillaz.Tests.OpenApi.OrgStructureApi.OrgEntityStateChange_feature.Hire_need_activating_active" storage="c:\users\дмитрийбахтенков\skiz\skillaz-backend\src\skillaz.tests\bin\debug\net5.0\skillaz.tests.dll" id="70705521-84bc-c237-82e2-02a7c6137b45">
      <Execution id="7e77faab-9228-4be1-8c53-115d07d6ae70" />
      <TestMethod codeBase="C:\Users\ДмитрийБахтенков\skiz\skillaz-backend\src\Skillaz.Tests\bin\Debug\net5.0\Skillaz.Tests.dll" adapterTypeName="executor://xunit/VsTestRunner2/netcoreapp" className="Skillaz.Tests.OpenApi.OrgStructureApi.OrgEntityStateChange_feature" name="Hire_need_activating_active" />
    </UnitTest>
    <UnitTest name="Skillaz.Tests.WebHooks.WebHooks_feature.AsynchronousWebHookTestCreated" storage="c:\users\дмитрийбахтенков\skiz\skillaz-backend\src\skillaz.tests\bin\debug\net5.0\skillaz.tests.dll" id="b3a66bc6-f596-05c7-89c8-4a1cb54f0d86">
      <Execution id="cf5e9e42-200a-4563-be8c-ce6f6942e0e9" />
      <TestMethod codeBase="C:\Users\ДмитрийБахтенков\skiz\skillaz-backend\src\Skillaz.Tests\bin\Debug\net5.0\Skillaz.Tests.dll" adapterTypeName="executor://xunit/VsTestRunner2/netcoreapp" className="Skillaz.Tests.WebHooks.WebHooks_feature" name="AsynchronousWebHookTestCreated" />
    </UnitTest>
    <UnitTest name="Skillaz.Tests.Candidate.Checks.CandidateAprove_feature.Candidate_checks_workflow_first_state_whith_approval_declined" storage="c:\users\дмитрийбахтенков\skiz\skillaz-backend\src\skillaz.tests\bin\debug\net5.0\skillaz.tests.dll" id="5bf13b5d-3efa-7c93-aee0-819c10a2c025">
      <Execution id="8c1f777b-9386-4973-b76a-02f610674635" />
      <TestMethod codeBase="C:\Users\ДмитрийБахтенков\skiz\skillaz-backend\src\Skillaz.Tests\bin\Debug\net5.0\Skillaz.Tests.dll" adapterTypeName="executor://xunit/VsTestRunner2/netcoreapp" className="Skillaz.Tests.Candidate.Checks.CandidateAprove_feature" name="Candidate_checks_workflow_first_state_whith_approval_declined" />
    </UnitTest>
    <UnitTest name="Skillaz.Tests.Request.X5.X5GetRequestListCommand_feature.If_candidate_is_male_and_request_for_females_it_should_not_exist_in_result" storage="c:\users\дмитрийбахтенков\skiz\skillaz-backend\src\skillaz.tests\bin\debug\net5.0\skillaz.tests.dll" id="eab8a48a-1abe-4aea-3de9-58bb60f075d4">
      <Execution id="f2cd0596-4971-4805-aaf8-7ddd1c9f6d19" />
      <TestMethod codeBase="C:\Users\ДмитрийБахтенков\skiz\skillaz-backend\src\Skillaz.Tests\bin\Debug\net5.0\Skillaz.Tests.dll" adapterTypeName="executor://xunit/VsTestRunner2/netcoreapp" className="Skillaz.Tests.Request.X5.X5GetRequestListCommand_feature" name="If_candidate_is_male_and_request_for_females_it_should_not_exist_in_result" />
    </UnitTest>
    <UnitTest name="Skillaz.Tests.Notifications.NotificationSenderTest.Проверка_парсинга_шаблона_для_email" storage="c:\users\дмитрийбахтенков\skiz\skillaz-backend\src\skillaz.tests\bin\debug\net5.0\skillaz.tests.dll" id="d2a7c19b-8861-6cb7-6f6c-447e0e1a9291">
      <Execution id="1d2aa124-5947-4649-9dfe-ae25613dcb73" />
      <TestMethod codeBase="C:\Users\ДмитрийБахтенков\skiz\skillaz-backend\src\Skillaz.Tests\bin\Debug\net5.0\Skillaz.Tests.dll" adapterTypeName="executor://xunit/VsTestRunner2/netcoreapp" className="Skillaz.Tests.Notifications.NotificationSenderTest" name="Проверка_парсинга_шаблона_для_email" />
    </UnitTest>
    <UnitTest name="Skillaz.Tests.Candidate.RestrictionsVisibilityCandidatesStatuses_feature.User_has_visibility_statuses_in_different_funnel_and_he_can_see_candidates" storage="c:\users\дмитрийбахтенков\skiz\skillaz-backend\src\skillaz.tests\bin\debug\net5.0\skillaz.tests.dll" id="d7cd816e-ff98-794d-08d2-9e274ce6b247">
      <Execution id="ab309c78-bb4d-4c73-a520-96f856a6a113" />
      <TestMethod codeBase="C:\Users\ДмитрийБахтенков\skiz\skillaz-backend\src\Skillaz.Tests\bin\Debug\net5.0\Skillaz.Tests.dll" adapterTypeName="executor://xunit/VsTestRunner2/netcoreapp" className="Skillaz.Tests.Candidate.RestrictionsVisibilityCandidatesStatuses_feature" name="User_has_visibility_statuses_in_different_funnel_and_he_can_see_candidates" />
    </UnitTest>
    <UnitTest name="Skillaz.Tests.Helpers.WorkingDaysHelperFeature.FindProductionDates(dateStrings: [&quot;2020-01-01&quot;, &quot;2020-01-02&quot;, &quot;2020-01-15&quot;, &quot;2020-01-16&quot;, &quot;2020-01-09&quot;, ...])" storage="c:\users\дмитрийбахтенков\skiz\skillaz-backend\src\skillaz.tests\bin\debug\net5.0\skillaz.tests.dll" id="14de48a8-319a-2981-6ae3-5fef32af6e50">
      <Execution id="0b993a4e-ee6d-4804-9b11-6638462f191d" />
      <TestMethod codeBase="C:\Users\ДмитрийБахтенков\skiz\skillaz-backend\src\Skillaz.Tests\bin\Debug\net5.0\Skillaz.Tests.dll" adapterTypeName="executor://xunit/VsTestRunner2/netcoreapp" className="Skillaz.Tests.Helpers.WorkingDaysHelperFeature" name="FindProductionDates" />
    </UnitTest>
    <UnitTest name="Skillaz.Tests.Assessment.Interview_feature.Do_not_create_new_interview_on_second_testing_status_by_default" storage="c:\users\дмитрийбахтенков\skiz\skillaz-backend\src\skillaz.tests\bin\debug\net5.0\skillaz.tests.dll" id="b02b6a11-71bd-2f26-f8d6-f34ffe18b11f">
      <Execution id="53fde100-4299-4604-9274-92461c459c7a" />
      <TestMethod codeBase="C:\Users\ДмитрийБахтенков\skiz\skillaz-backend\src\Skillaz.Tests\bin\Debug\net5.0\Skillaz.Tests.dll" adapterTypeName="executor://xunit/VsTestRunner2/netcoreapp" className="Skillaz.Tests.Assessment.Interview_feature" name="Do_not_create_new_interview_on_second_testing_status_by_default" />
    </UnitTest>
    <UnitTest name="Skillaz.Tests.Authorization.AuthLoginWorkflowService_NewUser_feature.CreateUserWithSSO" storage="c:\users\дмитрийбахтенков\skiz\skillaz-backend\src\skillaz.tests\bin\debug\net5.0\skillaz.tests.dll" id="88ed5167-268a-9511-761a-6f6b601c44bc">
      <Execution id="8507ddf3-6fbd-4291-baa1-f243eb3cac33" />
      <TestMethod codeBase="C:\Users\ДмитрийБахтенков\skiz\skillaz-backend\src\Skillaz.Tests\bin\Debug\net5.0\Skillaz.Tests.dll" adapterTypeName="executor://xunit/VsTestRunner2/netcoreapp" className="Skillaz.Tests.Authorization.AuthLoginWorkflowService_NewUser_feature" name="CreateUserWithSSO" />
    </UnitTest>
    <UnitTest name="Skillaz.Tests.ProcessingRole.CandidateProcessingRoleControllerCandidateProcessingRoleController_feature.GetHiddenProcessingRolesForUser" storage="c:\users\дмитрийбахтенков\skiz\skillaz-backend\src\skillaz.tests\bin\debug\net5.0\skillaz.tests.dll" id="43fa3491-849a-5391-2542-23baab91ea7f">
      <Execution id="c88fef09-c73c-4e2b-a446-5e7d53423cf8" />
      <TestMethod codeBase="C:\Users\ДмитрийБахтенков\skiz\skillaz-backend\src\Skillaz.Tests\bin\Debug\net5.0\Skillaz.Tests.dll" adapterTypeName="executor://xunit/VsTestRunner2/netcoreapp" className="Skillaz.Tests.ProcessingRole.CandidateProcessingRoleControllerCandidateProcessingRoleController_feature" name="GetHiddenProcessingRolesForUser" />
    </UnitTest>
    <UnitTest name="Skillaz.Tests.Authorization.AuthLoginWorkflowService_CheckPrivacyPolicyOnLogin_feature.Do_login_user_without_accepted_policy_in_company_with_EnabledRequiredPolicyOfUsers" storage="c:\users\дмитрийбахтенков\skiz\skillaz-backend\src\skillaz.tests\bin\debug\net5.0\skillaz.tests.dll" id="f304a5f7-0c9a-adcb-9923-400669e44e8c">
      <Execution id="ffe791a8-e539-4b72-82e3-ae538d1496b3" />
      <TestMethod codeBase="C:\Users\ДмитрийБахтенков\skiz\skillaz-backend\src\Skillaz.Tests\bin\Debug\net5.0\Skillaz.Tests.dll" adapterTypeName="executor://xunit/VsTestRunner2/netcoreapp" className="Skillaz.Tests.Authorization.AuthLoginWorkflowService_CheckPrivacyPolicyOnLogin_feature" name="Do_login_user_without_accepted_policy_in_company_with_EnabledRequiredPolicyOfUsers" />
    </UnitTest>
    <UnitTest name="Skillaz.Tests.Candidate.CandidateVacancyHistory_feature.Когда_кандидат_с_кривой_историей_переводится_на_другую_ванкасию_это_отражается_в_истории" storage="c:\users\дмитрийбахтенков\skiz\skillaz-backend\src\skillaz.tests\bin\debug\net5.0\skillaz.tests.dll" id="339a2ef7-fc8d-5e49-5202-a9bb30f3de57">
      <Execution id="a66fc42a-2698-420a-989f-32ac3d19d0e5" />
      <TestMethod codeBase="C:\Users\ДмитрийБахтенков\skiz\skillaz-backend\src\Skillaz.Tests\bin\Debug\net5.0\Skillaz.Tests.dll" adapterTypeName="executor://xunit/VsTestRunner2/netcoreapp" className="Skillaz.Tests.Candidate.CandidateVacancyHistory_feature" name="Когда_кандидат_с_кривой_историей_переводится_на_другую_ванкасию_это_отражается_в_истории" />
    </UnitTest>
    <UnitTest name="Skillaz.Tests.Candidate.RoleRestrictionChangingCandidateStatus_feature.User_has_claim_and_can_force_change_status" storage="c:\users\дмитрийбахтенков\skiz\skillaz-backend\src\skillaz.tests\bin\debug\net5.0\skillaz.tests.dll" id="ea632925-6b24-3571-fb06-a55a7b79609c">
      <Execution id="f9d2e058-6676-44d3-b7b5-57a6e608b372" />
      <TestMethod codeBase="C:\Users\ДмитрийБахтенков\skiz\skillaz-backend\src\Skillaz.Tests\bin\Debug\net5.0\Skillaz.Tests.dll" adapterTypeName="executor://xunit/VsTestRunner2/netcoreapp" className="Skillaz.Tests.Candidate.RoleRestrictionChangingCandidateStatus_feature" name="User_has_claim_and_can_force_change_status" />
    </UnitTest>
    <UnitTest name="Skillaz.Tests.Candidate.CandidateRequestPublicCreation_feature.Check_candidate_created" storage="c:\users\дмитрийбахтенков\skiz\skillaz-backend\src\skillaz.tests\bin\debug\net5.0\skillaz.tests.dll" id="040dbccb-df96-062f-2095-f385def8de19">
      <Execution id="f6c4fada-8b42-4f0e-a193-abb74147c07a" />
      <TestMethod codeBase="C:\Users\ДмитрийБахтенков\skiz\skillaz-backend\src\Skillaz.Tests\bin\Debug\net5.0\Skillaz.Tests.dll" adapterTypeName="executor://xunit/VsTestRunner2/netcoreapp" className="Skillaz.Tests.Candidate.CandidateRequestPublicCreation_feature" name="Check_candidate_created" />
    </UnitTest>
    <UnitTest name="Skillaz.Tests.HH.HHCandidateHiddenContacts_feature.HH_Check_that_AutoSearch_job_dont_ask_contacts" storage="c:\users\дмитрийбахтенков\skiz\skillaz-backend\src\skillaz.tests\bin\debug\net5.0\skillaz.tests.dll" id="5738f7a7-eb3e-29ff-a388-3989a6e0727b">
      <Execution id="3e3d48c0-cc69-491d-8cf2-44f9d093821f" />
      <TestMethod codeBase="C:\Users\ДмитрийБахтенков\skiz\skillaz-backend\src\Skillaz.Tests\bin\Debug\net5.0\Skillaz.Tests.dll" adapterTypeName="executor://xunit/VsTestRunner2/netcoreapp" className="Skillaz.Tests.HH.HHCandidateHiddenContacts_feature" name="HH_Check_that_AutoSearch_job_dont_ask_contacts" />
    </UnitTest>
    <UnitTest name="Skillaz.Tests.Assessment.Questionnaires.BranchTrackQuestionnaire_feature.Getting_a_questionnaire" storage="c:\users\дмитрийбахтенков\skiz\skillaz-backend\src\skillaz.tests\bin\debug\net5.0\skillaz.tests.dll" id="b4456a07-663c-5922-e98d-90079142faba">
      <Execution id="10ebf2a0-5fc0-40a7-8220-c19570d5bcf0" />
      <TestMethod codeBase="C:\Users\ДмитрийБахтенков\skiz\skillaz-backend\src\Skillaz.Tests\bin\Debug\net5.0\Skillaz.Tests.dll" adapterTypeName="executor://xunit/VsTestRunner2/netcoreapp" className="Skillaz.Tests.Assessment.Questionnaires.BranchTrackQuestionnaire_feature" name="Getting_a_questionnaire" />
    </UnitTest>
    <UnitTest name="Skillaz.Tests.Candidate.Checks.AutoStartChecks_feature.Multiple_check_started_once" storage="c:\users\дмитрийбахтенков\skiz\skillaz-backend\src\skillaz.tests\bin\debug\net5.0\skillaz.tests.dll" id="e23769b1-78b8-e776-e860-4b20f6cb74eb">
      <Execution id="bed6acc8-5738-4f38-9ff5-6218e5df56ba" />
      <TestMethod codeBase="C:\Users\ДмитрийБахтенков\skiz\skillaz-backend\src\Skillaz.Tests\bin\Debug\net5.0\Skillaz.Tests.dll" adapterTypeName="executor://xunit/VsTestRunner2/netcoreapp" className="Skillaz.Tests.Candidate.Checks.AutoStartChecks_feature" name="Multiple_check_started_once" />
    </UnitTest>
    <UnitTest name="Skillaz.Tests.ProductionCalendars.ProductionCalendarService_feature.Get_holidays_for_period_should_return_holidays_from_to_inclusive_across_different_years" storage="c:\users\дмитрийбахтенков\skiz\skillaz-backend\src\skillaz.tests\bin\debug\net5.0\skillaz.tests.dll" id="6e238558-a563-5145-daa7-8fe64f56355d">
      <Execution id="b94c3d6e-3748-4a7d-8680-94c98f09288b" />
      <TestMethod codeBase="C:\Users\ДмитрийБахтенков\skiz\skillaz-backend\src\Skillaz.Tests\bin\Debug\net5.0\Skillaz.Tests.dll" adapterTypeName="executor://xunit/VsTestRunner2/netcoreapp" className="Skillaz.Tests.ProductionCalendars.ProductionCalendarService_feature" name="Get_holidays_for_period_should_return_holidays_from_to_inclusive_across_different_years" />
    </UnitTest>
    <UnitTest name="Skillaz.Tests.Helpers.WorkingDaysHelperFeature.FindProductionDates(dateStrings: [&quot;2020-02-01&quot;, &quot;2020-02-02&quot;, &quot;2020-02-15&quot;, &quot;2020-02-16&quot;, &quot;2020-02-03&quot;, ...])" storage="c:\users\дмитрийбахтенков\skiz\skillaz-backend\src\skillaz.tests\bin\debug\net5.0\skillaz.tests.dll" id="47f370d8-216c-a4ab-3f40-f9380f0d3c93">
      <Execution id="dfc106ce-1397-4a58-a497-8bf800427928" />
      <TestMethod codeBase="C:\Users\ДмитрийБахтенков\skiz\skillaz-backend\src\Skillaz.Tests\bin\Debug\net5.0\Skillaz.Tests.dll" adapterTypeName="executor://xunit/VsTestRunner2/netcoreapp" className="Skillaz.Tests.Helpers.WorkingDaysHelperFeature" name="FindProductionDates" />
    </UnitTest>
    <UnitTest name="Skillaz.Tests.RabotaNur.RabotaNurHtmlConverterTests.TestMethod(html: &quot;1  \n \r\n   \n \r\n2&quot;, expected: &quot;1\r\n\r\n2&quot;)" storage="c:\users\дмитрийбахтенков\skiz\skillaz-backend\src\skillaz.tests\bin\debug\net5.0\skillaz.tests.dll" id="72b9b1ee-43e3-57e6-4790-b6465ea55670">
      <Execution id="94642c7a-8b40-4ebf-a6dd-e4dc2a1665c3" />
      <TestMethod codeBase="C:\Users\ДмитрийБахтенков\skiz\skillaz-backend\src\Skillaz.Tests\bin\Debug\net5.0\Skillaz.Tests.dll" adapterTypeName="executor://xunit/VsTestRunner2/netcoreapp" className="Skillaz.Tests.RabotaNur.RabotaNurHtmlConverterTests" name="TestMethod" />
    </UnitTest>
    <UnitTest name="Skillaz.Tests.Configurator.Validation.ListContent.Проверить_что_значения_соответствуют_выпадающим_спискам" storage="c:\users\дмитрийбахтенков\skiz\skillaz-backend\src\skillaz.tests\bin\debug\net5.0\skillaz.tests.dll" id="e8b8752a-020a-a66e-ebcc-e695839766d5">
      <Execution id="c7c24dd6-6071-4296-8e31-8706e2b1e7ba" />
      <TestMethod codeBase="C:\Users\ДмитрийБахтенков\skiz\skillaz-backend\src\Skillaz.Tests\bin\Debug\net5.0\Skillaz.Tests.dll" adapterTypeName="executor://xunit/VsTestRunner2/netcoreapp" className="Skillaz.Tests.Configurator.Validation.ListContent" name="Проверить_что_значения_соответствуют_выпадающим_спискам" />
    </UnitTest>
    <UnitTest name="Skillaz.Tests.Notifications.EmailAntispam_feature.Send_email_to_candidate_and_check_it_was_sent" storage="c:\users\дмитрийбахтенков\skiz\skillaz-backend\src\skillaz.tests\bin\debug\net5.0\skillaz.tests.dll" id="2c5f8eab-73ce-0dea-60ce-a3ec9a00fb8d">
      <Execution id="ffc30c06-34af-4ed6-b0a2-48c34032d75b" />
      <TestMethod codeBase="C:\Users\ДмитрийБахтенков\skiz\skillaz-backend\src\Skillaz.Tests\bin\Debug\net5.0\Skillaz.Tests.dll" adapterTypeName="executor://xunit/VsTestRunner2/netcoreapp" className="Skillaz.Tests.Notifications.EmailAntispam_feature" name="Send_email_to_candidate_and_check_it_was_sent" />
    </UnitTest>
    <UnitTest name="Skillaz.Tests.TaskTracker.TaskDashboardController_feature.OpenNextTask" storage="c:\users\дмитрийбахтенков\skiz\skillaz-backend\src\skillaz.tests\bin\debug\net5.0\skillaz.tests.dll" id="58f4312f-3bdc-1c00-4454-9d12f89e5084">
      <Execution id="1258d7f4-23b9-40f2-a65a-a8cb771e96b3" />
      <TestMethod codeBase="C:\Users\ДмитрийБахтенков\skiz\skillaz-backend\src\Skillaz.Tests\bin\Debug\net5.0\Skillaz.Tests.dll" adapterTypeName="executor://xunit/VsTestRunner2/netcoreapp" className="Skillaz.Tests.TaskTracker.TaskDashboardController_feature" name="OpenNextTask" />
    </UnitTest>
    <UnitTest name="Skillaz.Tests.Users.UserDataService_feature.Check_GetTop100ByQueryAndTagRole_method" storage="c:\users\дмитрийбахтенков\skiz\skillaz-backend\src\skillaz.tests\bin\debug\net5.0\skillaz.tests.dll" id="9b91ebe4-16e7-c36a-4fc9-08dc5ede6102">
      <Execution id="4c3db8fe-c741-4a68-a0c4-1a03203f19da" />
      <TestMethod codeBase="C:\Users\ДмитрийБахтенков\skiz\skillaz-backend\src\Skillaz.Tests\bin\Debug\net5.0\Skillaz.Tests.dll" adapterTypeName="executor://xunit/VsTestRunner2/netcoreapp" className="Skillaz.Tests.Users.UserDataService_feature" name="Check_GetTop100ByQueryAndTagRole_method" />
    </UnitTest>
    <UnitTest name="Skillaz.Tests.Candidate.Checks.ChecksWithStatusLimitatins_feature.Successful_change_candidate_status_when_all_Multiple_checks_is_in_finished_state" storage="c:\users\дмитрийбахтенков\skiz\skillaz-backend\src\skillaz.tests\bin\debug\net5.0\skillaz.tests.dll" id="bf753f95-d4e5-af57-faee-882baaec6d00">
      <Execution id="49e74c6f-4dd4-4b16-aa50-98af3f4003dc" />
      <TestMethod codeBase="C:\Users\ДмитрийБахтенков\skiz\skillaz-backend\src\Skillaz.Tests\bin\Debug\net5.0\Skillaz.Tests.dll" adapterTypeName="executor://xunit/VsTestRunner2/netcoreapp" className="Skillaz.Tests.Candidate.Checks.ChecksWithStatusLimitatins_feature" name="Successful_change_candidate_status_when_all_Multiple_checks_is_in_finished_state" />
    </UnitTest>
    <UnitTest name="Skillaz.Tests.JobRequisition.JobRequisition_feature.Get_hire_request_by_company_Id" storage="c:\users\дмитрийбахтенков\skiz\skillaz-backend\src\skillaz.tests\bin\debug\net5.0\skillaz.tests.dll" id="77f9b45b-4377-4390-5770-c750b2b23ade">
      <Execution id="9a68e3f4-a796-4fd8-82e8-ce2fca9c71aa" />
      <TestMethod codeBase="C:\Users\ДмитрийБахтенков\skiz\skillaz-backend\src\Skillaz.Tests\bin\Debug\net5.0\Skillaz.Tests.dll" adapterTypeName="executor://xunit/VsTestRunner2/netcoreapp" className="Skillaz.Tests.JobRequisition.JobRequisition_feature" name="Get_hire_request_by_company_Id" />
    </UnitTest>
    <UnitTest name="Skillaz.Tests.Candidate.Users.CandidateAttachRequest_feature.Check_candidate_attach_to_request" storage="c:\users\дмитрийбахтенков\skiz\skillaz-backend\src\skillaz.tests\bin\debug\net5.0\skillaz.tests.dll" id="7f1f7c6a-438b-16dd-82e1-7fe3431d0a7e">
      <Execution id="93e2c372-0a03-497c-998d-7e8073f7afb8" />
      <TestMethod codeBase="C:\Users\ДмитрийБахтенков\skiz\skillaz-backend\src\Skillaz.Tests\bin\Debug\net5.0\Skillaz.Tests.dll" adapterTypeName="executor://xunit/VsTestRunner2/netcoreapp" className="Skillaz.Tests.Candidate.Users.CandidateAttachRequest_feature" name="Check_candidate_attach_to_request" />
    </UnitTest>
    <UnitTest name="Skillaz.Tests.Vacancy.VacancyCounters_feature.Filtration_by_hire_request_type_in_hire_request_counters_works_properly" storage="c:\users\дмитрийбахтенков\skiz\skillaz-backend\src\skillaz.tests\bin\debug\net5.0\skillaz.tests.dll" id="cf4a439c-27b0-78df-7b56-0dffca91ab7d">
      <Execution id="15f646a6-8dfa-4be3-9f19-5e32e85a3caa" />
      <TestMethod codeBase="C:\Users\ДмитрийБахтенков\skiz\skillaz-backend\src\Skillaz.Tests\bin\Debug\net5.0\Skillaz.Tests.dll" adapterTypeName="executor://xunit/VsTestRunner2/netcoreapp" className="Skillaz.Tests.Vacancy.VacancyCounters_feature" name="Filtration_by_hire_request_type_in_hire_request_counters_works_properly" />
    </UnitTest>
    <UnitTest name="Skillaz.Tests.Candidate.Checks.ChecksWithStatusLimitatins_feature.Throw_exception_when_any_Multiple_check_is_not_finished" storage="c:\users\дмитрийбахтенков\skiz\skillaz-backend\src\skillaz.tests\bin\debug\net5.0\skillaz.tests.dll" id="7073c3f3-82ef-b27e-cf68-317c2e647496">
      <Execution id="fa991cf2-2e1c-4b0b-b49b-5228d01604f5" />
      <TestMethod codeBase="C:\Users\ДмитрийБахтенков\skiz\skillaz-backend\src\Skillaz.Tests\bin\Debug\net5.0\Skillaz.Tests.dll" adapterTypeName="executor://xunit/VsTestRunner2/netcoreapp" className="Skillaz.Tests.Candidate.Checks.ChecksWithStatusLimitatins_feature" name="Throw_exception_when_any_Multiple_check_is_not_finished" />
    </UnitTest>
    <UnitTest name="Skillaz.Tests.OpenApi.HireRequestOpenApi.FindRequests_feature.Request_filter_with_ids" storage="c:\users\дмитрийбахтенков\skiz\skillaz-backend\src\skillaz.tests\bin\debug\net5.0\skillaz.tests.dll" id="8d98fb6c-a5ec-a7da-be3d-5189fab2e076">
      <Execution id="849025c4-1eee-4f4a-976c-268c300a9e0d" />
      <TestMethod codeBase="C:\Users\ДмитрийБахтенков\skiz\skillaz-backend\src\Skillaz.Tests\bin\Debug\net5.0\Skillaz.Tests.dll" adapterTypeName="executor://xunit/VsTestRunner2/netcoreapp" className="Skillaz.Tests.OpenApi.HireRequestOpenApi.FindRequests_feature" name="Request_filter_with_ids" />
    </UnitTest>
    <UnitTest name="Skillaz.Tests.Assessment.Interviews.QuizInterview_feature.Setting_quiz_interview_answers" storage="c:\users\дмитрийбахтенков\skiz\skillaz-backend\src\skillaz.tests\bin\debug\net5.0\skillaz.tests.dll" id="c5799ee0-7503-b78d-d0b2-d445cac2656a">
      <Execution id="7202fa71-acc7-49c8-a5f8-2c7f9d31bc79" />
      <TestMethod codeBase="C:\Users\ДмитрийБахтенков\skiz\skillaz-backend\src\Skillaz.Tests\bin\Debug\net5.0\Skillaz.Tests.dll" adapterTypeName="executor://xunit/VsTestRunner2/netcoreapp" className="Skillaz.Tests.Assessment.Interviews.QuizInterview_feature" name="Setting_quiz_interview_answers" />
    </UnitTest>
    <UnitTest name="Skillaz.Tests.Avito.Publications.AvitoPublishVacancyCommand_feature.ErrorProcessingAvitoApiClient_checking_exceptionMessage_with_statuscode_404_and_billingType_package" storage="c:\users\дмитрийбахтенков\skiz\skillaz-backend\src\skillaz.tests\bin\debug\net5.0\skillaz.tests.dll" id="df670315-007b-fd5f-713c-0b09f1567bd0">
      <Execution id="6a2d430b-4f4b-4335-8073-5ac0d7cb3688" />
      <TestMethod codeBase="C:\Users\ДмитрийБахтенков\skiz\skillaz-backend\src\Skillaz.Tests\bin\Debug\net5.0\Skillaz.Tests.dll" adapterTypeName="executor://xunit/VsTestRunner2/netcoreapp" className="Skillaz.Tests.Avito.Publications.AvitoPublishVacancyCommand_feature" name="ErrorProcessingAvitoApiClient_checking_exceptionMessage_with_statuscode_404_and_billingType_package" />
    </UnitTest>
    <UnitTest name="Skillaz.Tests.Assessment.Scenario_feature.Linking_a_scenario" storage="c:\users\дмитрийбахтенков\skiz\skillaz-backend\src\skillaz.tests\bin\debug\net5.0\skillaz.tests.dll" id="3da02b33-eff4-43a1-d9e6-9958b0aaeca5">
      <Execution id="6de15368-a013-4426-861a-63d48644d6eb" />
      <TestMethod codeBase="C:\Users\ДмитрийБахтенков\skiz\skillaz-backend\src\Skillaz.Tests\bin\Debug\net5.0\Skillaz.Tests.dll" adapterTypeName="executor://xunit/VsTestRunner2/netcoreapp" className="Skillaz.Tests.Assessment.Scenario_feature" name="Linking_a_scenario" />
    </UnitTest>
    <UnitTest name="Skillaz.Tests.Assessment.Questionnaires.BranchTrackQuestionnaire_feature.Getting_a_questionnaire_list" storage="c:\users\дмитрийбахтенков\skiz\skillaz-backend\src\skillaz.tests\bin\debug\net5.0\skillaz.tests.dll" id="7ace740b-52d9-7af8-ca6b-5ebefee16e02">
      <Execution id="f91a8e8d-078b-40d6-b591-2125d5eff861" />
      <TestMethod codeBase="C:\Users\ДмитрийБахтенков\skiz\skillaz-backend\src\Skillaz.Tests\bin\Debug\net5.0\Skillaz.Tests.dll" adapterTypeName="executor://xunit/VsTestRunner2/netcoreapp" className="Skillaz.Tests.Assessment.Questionnaires.BranchTrackQuestionnaire_feature" name="Getting_a_questionnaire_list" />
    </UnitTest>
    <UnitTest name="Skillaz.Tests.Assessment.Interviews.TalentQInterview_feature.Setting_a_talentQ_interview_result" storage="c:\users\дмитрийбахтенков\skiz\skillaz-backend\src\skillaz.tests\bin\debug\net5.0\skillaz.tests.dll" id="0c980939-5f66-e216-e5c6-08c004de1907">
      <Execution id="0ab0711c-8def-4e7e-9c07-6f48af89edc7" />
      <TestMethod codeBase="C:\Users\ДмитрийБахтенков\skiz\skillaz-backend\src\Skillaz.Tests\bin\Debug\net5.0\Skillaz.Tests.dll" adapterTypeName="executor://xunit/VsTestRunner2/netcoreapp" className="Skillaz.Tests.Assessment.Interviews.TalentQInterview_feature" name="Setting_a_talentQ_interview_result" />
    </UnitTest>
    <UnitTest name="Skillaz.Tests.Configurator.Editor.PreventSameCodeUsageFeature.Нельзя_создать_конфигураторы_с_одинаковым_кодом" storage="c:\users\дмитрийбахтенков\skiz\skillaz-backend\src\skillaz.tests\bin\debug\net5.0\skillaz.tests.dll" id="0340d2e6-7820-3dc9-a605-c324d46958c2">
      <Execution id="de4e0ad8-0e8d-4393-9b3e-58acdf502ab8" />
      <TestMethod codeBase="C:\Users\ДмитрийБахтенков\skiz\skillaz-backend\src\Skillaz.Tests\bin\Debug\net5.0\Skillaz.Tests.dll" adapterTypeName="executor://xunit/VsTestRunner2/netcoreapp" className="Skillaz.Tests.Configurator.Editor.PreventSameCodeUsageFeature" name="Нельзя_создать_конфигураторы_с_одинаковым_кодом" />
    </UnitTest>
    <UnitTest name="Skillaz.Tests.Notifications.AvitoMessenger_feature.Processing_avito_webhook_notification_when_candidate_isnt_exists" storage="c:\users\дмитрийбахтенков\skiz\skillaz-backend\src\skillaz.tests\bin\debug\net5.0\skillaz.tests.dll" id="884b9447-ed6e-7a19-3b01-548cce2468cd">
      <Execution id="70db8029-aa06-41ec-874f-2465f468d154" />
      <TestMethod codeBase="C:\Users\ДмитрийБахтенков\skiz\skillaz-backend\src\Skillaz.Tests\bin\Debug\net5.0\Skillaz.Tests.dll" adapterTypeName="executor://xunit/VsTestRunner2/netcoreapp" className="Skillaz.Tests.Notifications.AvitoMessenger_feature" name="Processing_avito_webhook_notification_when_candidate_isnt_exists" />
    </UnitTest>
    <UnitTest name="Skillaz.Tests.CompanySpecific.GazpromNeft.GazpromImportBlueReport_feature.Check_multi_line_request_and_vacancy_fields_are_correctly" storage="c:\users\дмитрийбахтенков\skiz\skillaz-backend\src\skillaz.tests\bin\debug\net5.0\skillaz.tests.dll" id="dec6bacc-dada-755f-a037-7833f3b8596e">
      <Execution id="722043d7-1340-46ab-a594-db7c6ab6495d" />
      <TestMethod codeBase="C:\Users\ДмитрийБахтенков\skiz\skillaz-backend\src\Skillaz.Tests\bin\Debug\net5.0\Skillaz.Tests.dll" adapterTypeName="executor://xunit/VsTestRunner2/netcoreapp" className="Skillaz.Tests.CompanySpecific.GazpromNeft.GazpromImportBlueReport_feature" name="Check_multi_line_request_and_vacancy_fields_are_correctly" />
    </UnitTest>
    <UnitTest name="Skillaz.Tests.Candidate.Checks.FilterChecksBasedOnIsNeedToShow_feature.Get_candidate_check_list_by_invalid_user" storage="c:\users\дмитрийбахтенков\skiz\skillaz-backend\src\skillaz.tests\bin\debug\net5.0\skillaz.tests.dll" id="a29e40e6-006e-f56e-8c18-1ae314a9b5d7">
      <Execution id="f9b21376-9540-42f3-a4f2-22cee1a6e7e9" />
      <TestMethod codeBase="C:\Users\ДмитрийБахтенков\skiz\skillaz-backend\src\Skillaz.Tests\bin\Debug\net5.0\Skillaz.Tests.dll" adapterTypeName="executor://xunit/VsTestRunner2/netcoreapp" className="Skillaz.Tests.Candidate.Checks.FilterChecksBasedOnIsNeedToShow_feature" name="Get_candidate_check_list_by_invalid_user" />
    </UnitTest>
    <UnitTest name="Skillaz.Tests.Candidate.Elastic.CandidateElasticFiltration_feature.Retrieving_a_candidate_by_nonexistent_request_id" storage="c:\users\дмитрийбахтенков\skiz\skillaz-backend\src\skillaz.tests\bin\debug\net5.0\skillaz.tests.dll" id="c3e221e4-4593-c0e3-f43d-00389e8002b2">
      <Execution id="d6da8b31-40d6-4009-9693-d3441af4d60c" />
      <TestMethod codeBase="C:\Users\ДмитрийБахтенков\skiz\skillaz-backend\src\Skillaz.Tests\bin\Debug\net5.0\Skillaz.Tests.dll" adapterTypeName="executor://xunit/VsTestRunner2/netcoreapp" className="Skillaz.Tests.Candidate.Elastic.CandidateElasticFiltration_feature" name="Retrieving_a_candidate_by_nonexistent_request_id" />
    </UnitTest>
    <UnitTest name="Skillaz.Tests.CompanySpecific.Perekrestok.PerekrestokRequestPriority_feature.Calculation_request_priority(supermarketType: &quot;Открывающийся супермаркет&quot;, requestVl: 100, employmentCandidateCount: 0, employmentFinishedCandidateCount: 0, interviewCandidateCount: 10, requestPriority: Normal)" storage="c:\users\дмитрийбахтенков\skiz\skillaz-backend\src\skillaz.tests\bin\debug\net5.0\skillaz.tests.dll" id="038ea2fa-11b0-6330-4318-e8a886074ce7">
      <Execution id="70d89e0f-a684-41ea-8fa0-f0f6180e9cc9" />
      <TestMethod codeBase="C:\Users\ДмитрийБахтенков\skiz\skillaz-backend\src\Skillaz.Tests\bin\Debug\net5.0\Skillaz.Tests.dll" adapterTypeName="executor://xunit/VsTestRunner2/netcoreapp" className="Skillaz.Tests.CompanySpecific.Perekrestok.PerekrestokRequestPriority_feature" name="Calculation_request_priority" />
    </UnitTest>
    <UnitTest name="Skillaz.Tests.Vacancy.VacancyCounters_feature.If_company_has_no_configured_filter_by_vacancy_id_in_hire_requests_then_hire_requests_vacancy_counter_still_filters_by_vacancy_id" storage="c:\users\дмитрийбахтенков\skiz\skillaz-backend\src\skillaz.tests\bin\debug\net5.0\skillaz.tests.dll" id="8ba939dc-50ed-a5b6-7eff-95ca207682ff">
      <Execution id="5976fbe9-ee78-4640-85da-bd237361a08a" />
      <TestMethod codeBase="C:\Users\ДмитрийБахтенков\skiz\skillaz-backend\src\Skillaz.Tests\bin\Debug\net5.0\Skillaz.Tests.dll" adapterTypeName="executor://xunit/VsTestRunner2/netcoreapp" className="Skillaz.Tests.Vacancy.VacancyCounters_feature" name="If_company_has_no_configured_filter_by_vacancy_id_in_hire_requests_then_hire_requests_vacancy_counter_still_filters_by_vacancy_id" />
    </UnitTest>
    <UnitTest name="Skillaz.Tests.Candidate.Appointments.SetAppointmentOnStatusChange_feature.Change_candidate_status_and_create_new_appointment_from_enter_form_with_existing_self_entry_time_slot" storage="c:\users\дмитрийбахтенков\skiz\skillaz-backend\src\skillaz.tests\bin\debug\net5.0\skillaz.tests.dll" id="b0be79be-fddb-09a3-e92a-5891372b2f8b">
      <Execution id="7af56014-d799-44dd-99bd-e32e533de232" />
      <TestMethod codeBase="C:\Users\ДмитрийБахтенков\skiz\skillaz-backend\src\Skillaz.Tests\bin\Debug\net5.0\Skillaz.Tests.dll" adapterTypeName="executor://xunit/VsTestRunner2/netcoreapp" className="Skillaz.Tests.Candidate.Appointments.SetAppointmentOnStatusChange_feature" name="Change_candidate_status_and_create_new_appointment_from_enter_form_with_existing_self_entry_time_slot" />
    </UnitTest>
    <UnitTest name="Skillaz.Tests.Authorization.AuthLoginWorkflowService_Restore_feature.Do_second_step_restore_by_email_expects_login_action_become_changePassword" storage="c:\users\дмитрийбахтенков\skiz\skillaz-backend\src\skillaz.tests\bin\debug\net5.0\skillaz.tests.dll" id="7837e7d3-e88e-0fa9-0724-083f8012d0bc">
      <Execution id="5ff7ad8b-a451-47c8-942f-d3ae4876722b" />
      <TestMethod codeBase="C:\Users\ДмитрийБахтенков\skiz\skillaz-backend\src\Skillaz.Tests\bin\Debug\net5.0\Skillaz.Tests.dll" adapterTypeName="executor://xunit/VsTestRunner2/netcoreapp" className="Skillaz.Tests.Authorization.AuthLoginWorkflowService_Restore_feature" name="Do_second_step_restore_by_email_expects_login_action_become_changePassword" />
    </UnitTest>
    <UnitTest name="Skillaz.Tests.Candidate.Elastic.CandidateElasticFiltration_feature.Retrieving_a_candidate_by_sources" storage="c:\users\дмитрийбахтенков\skiz\skillaz-backend\src\skillaz.tests\bin\debug\net5.0\skillaz.tests.dll" id="d01fd97b-25c8-8cbc-d867-b0560800f465">
      <Execution id="2581fbd9-dc4f-4d87-9626-7ca3f1f38691" />
      <TestMethod codeBase="C:\Users\ДмитрийБахтенков\skiz\skillaz-backend\src\Skillaz.Tests\bin\Debug\net5.0\Skillaz.Tests.dll" adapterTypeName="executor://xunit/VsTestRunner2/netcoreapp" className="Skillaz.Tests.Candidate.Elastic.CandidateElasticFiltration_feature" name="Retrieving_a_candidate_by_sources" />
    </UnitTest>
    <UnitTest name="Skillaz.Tests.HH.Search.HHSearch_feature.CreateHHSearchCommand_should_give_account_exception" storage="c:\users\дмитрийбахтенков\skiz\skillaz-backend\src\skillaz.tests\bin\debug\net5.0\skillaz.tests.dll" id="a73838be-82d7-f486-85ac-2e75f2c06099">
      <Execution id="ef78d102-505a-4c85-a111-49b6b620b313" />
      <TestMethod codeBase="C:\Users\ДмитрийБахтенков\skiz\skillaz-backend\src\Skillaz.Tests\bin\Debug\net5.0\Skillaz.Tests.dll" adapterTypeName="executor://xunit/VsTestRunner2/netcoreapp" className="Skillaz.Tests.HH.Search.HHSearch_feature" name="CreateHHSearchCommand_should_give_account_exception" />
    </UnitTest>
    <UnitTest name="Skillaz.Tests.Configurator.WorkflowEngine.ConfiguratorWorkflowActionHub_feature.Change_workflow_state_from_action_hub_with_configurator_rules" storage="c:\users\дмитрийбахтенков\skiz\skillaz-backend\src\skillaz.tests\bin\debug\net5.0\skillaz.tests.dll" id="136a3149-6615-e86a-3f2a-38663e505864">
      <Execution id="4110b1c0-6e10-4474-978d-10a9a810439e" />
      <TestMethod codeBase="C:\Users\ДмитрийБахтенков\skiz\skillaz-backend\src\Skillaz.Tests\bin\Debug\net5.0\Skillaz.Tests.dll" adapterTypeName="executor://xunit/VsTestRunner2/netcoreapp" className="Skillaz.Tests.Configurator.WorkflowEngine.ConfiguratorWorkflowActionHub_feature" name="Change_workflow_state_from_action_hub_with_configurator_rules" />
    </UnitTest>
    <UnitTest name="Skillaz.Tests.CompanySpecific.Sberbank.SberPositionsTests.SberPositionCommand_should_work_as_expected(vacancyName: &quot;Специалист по прямым продажам&quot;, expectedPositionId: &quot;direct_sales&quot;)" storage="c:\users\дмитрийбахтенков\skiz\skillaz-backend\src\skillaz.tests\bin\debug\net5.0\skillaz.tests.dll" id="84300f57-b1aa-3e46-43dd-b515498b5819">
      <Execution id="03860140-3c92-46d4-8e19-9970d1f5f2cc" />
      <TestMethod codeBase="C:\Users\ДмитрийБахтенков\skiz\skillaz-backend\src\Skillaz.Tests\bin\Debug\net5.0\Skillaz.Tests.dll" adapterTypeName="executor://xunit/VsTestRunner2/netcoreapp" className="Skillaz.Tests.CompanySpecific.Sberbank.SberPositionsTests" name="SberPositionCommand_should_work_as_expected" />
    </UnitTest>
    <UnitTest name="Skillaz.Tests.CompanySpecific.Sberbank.SberPositionsTests.SberPositionCommand_should_work_as_expected(vacancyName: &quot;Клиентский менеджер (премьер)&quot;, expectedPositionId: &quot;client_manger_sber_premier&quot;)" storage="c:\users\дмитрийбахтенков\skiz\skillaz-backend\src\skillaz.tests\bin\debug\net5.0\skillaz.tests.dll" id="c698d9c6-0f87-723f-be84-ebdb77182837">
      <Execution id="461f66e1-7cc4-453a-9492-711b6634a510" />
      <TestMethod codeBase="C:\Users\ДмитрийБахтенков\skiz\skillaz-backend\src\Skillaz.Tests\bin\Debug\net5.0\Skillaz.Tests.dll" adapterTypeName="executor://xunit/VsTestRunner2/netcoreapp" className="Skillaz.Tests.CompanySpecific.Sberbank.SberPositionsTests" name="SberPositionCommand_should_work_as_expected" />
    </UnitTest>
    <UnitTest name="Skillaz.Tests.AsyncEnumerable.AsyncEnumerableTests.Batching_works_for_async_enumerable_when_batches_are_equally_sized(genSize: 15, batchSize: 3)" storage="c:\users\дмитрийбахтенков\skiz\skillaz-backend\src\skillaz.tests\bin\debug\net5.0\skillaz.tests.dll" id="a872979f-8f76-567a-63b7-4370a55e670d">
      <Execution id="f505229f-89fc-4cb7-8fb0-990a467dc3af" />
      <TestMethod codeBase="C:\Users\ДмитрийБахтенков\skiz\skillaz-backend\src\Skillaz.Tests\bin\Debug\net5.0\Skillaz.Tests.dll" adapterTypeName="executor://xunit/VsTestRunner2/netcoreapp" className="Skillaz.Tests.AsyncEnumerable.AsyncEnumerableTests" name="Batching_works_for_async_enumerable_when_batches_are_equally_sized" />
    </UnitTest>
    <UnitTest name="Skillaz.Tests.HH.Search.HHSearch_feature.HHSearch_document_should_be_correct" storage="c:\users\дмитрийбахтенков\skiz\skillaz-backend\src\skillaz.tests\bin\debug\net5.0\skillaz.tests.dll" id="b1aa387a-b804-eef8-04a9-86fccb134677">
      <Execution id="25a59415-57a5-4bc9-a652-b8609094d98c" />
      <TestMethod codeBase="C:\Users\ДмитрийБахтенков\skiz\skillaz-backend\src\Skillaz.Tests\bin\Debug\net5.0\Skillaz.Tests.dll" adapterTypeName="executor://xunit/VsTestRunner2/netcoreapp" className="Skillaz.Tests.HH.Search.HHSearch_feature" name="HHSearch_document_should_be_correct" />
    </UnitTest>
    <UnitTest name="Skillaz.Tests.OpenApi.CheckApi.UpdateCheck_feature.Check_candidate_update" storage="c:\users\дмитрийбахтенков\skiz\skillaz-backend\src\skillaz.tests\bin\debug\net5.0\skillaz.tests.dll" id="ec057dab-064e-cf8b-d844-8c3bf6f45cb6">
      <Execution id="46397dc4-e409-41e7-b9b6-53c348275971" />
      <TestMethod codeBase="C:\Users\ДмитрийБахтенков\skiz\skillaz-backend\src\Skillaz.Tests\bin\Debug\net5.0\Skillaz.Tests.dll" adapterTypeName="executor://xunit/VsTestRunner2/netcoreapp" className="Skillaz.Tests.OpenApi.CheckApi.UpdateCheck_feature" name="Check_candidate_update" />
    </UnitTest>
    <UnitTest name="Skillaz.Tests.Candidate.Checks.FilterChecksBasedOnIsNeedToShow_feature.Get_candidate_info_for_new_interface_by_invalid_user" storage="c:\users\дмитрийбахтенков\skiz\skillaz-backend\src\skillaz.tests\bin\debug\net5.0\skillaz.tests.dll" id="53406a7a-8b87-4e0d-a5b5-5b7e04c275a9">
      <Execution id="23a060e7-18b4-4127-b862-15af6b1d0a89" />
      <TestMethod codeBase="C:\Users\ДмитрийБахтенков\skiz\skillaz-backend\src\Skillaz.Tests\bin\Debug\net5.0\Skillaz.Tests.dll" adapterTypeName="executor://xunit/VsTestRunner2/netcoreapp" className="Skillaz.Tests.Candidate.Checks.FilterChecksBasedOnIsNeedToShow_feature" name="Get_candidate_info_for_new_interface_by_invalid_user" />
    </UnitTest>
    <UnitTest name="Skillaz.Tests.DocumentModels.FieldValueComparerTests.StringComparison(firstValue: &quot;a&quot;, secondValue: &quot;a&quot;, result: True)" storage="c:\users\дмитрийбахтенков\skiz\skillaz-backend\src\skillaz.tests\bin\debug\net5.0\skillaz.tests.dll" id="39887e97-d103-32a5-06c3-bf6efdb5c0cc">
      <Execution id="a50ee90b-3147-4a24-b058-15677bc35810" />
      <TestMethod codeBase="C:\Users\ДмитрийБахтенков\skiz\skillaz-backend\src\Skillaz.Tests\bin\Debug\net5.0\Skillaz.Tests.dll" adapterTypeName="executor://xunit/VsTestRunner2/netcoreapp" className="Skillaz.Tests.DocumentModels.FieldValueComparerTests" name="StringComparison" />
    </UnitTest>
    <UnitTest name="Skillaz.Tests.Telephony.CallList_ExtendFilter_feature.CheckSimpleFilterExcludeAnd" storage="c:\users\дмитрийбахтенков\skiz\skillaz-backend\src\skillaz.tests\bin\debug\net5.0\skillaz.tests.dll" id="5917921d-4f11-ce03-463c-55a97725bc78">
      <Execution id="47322a50-0a2e-44d5-b1a3-e2f9033e678c" />
      <TestMethod codeBase="C:\Users\ДмитрийБахтенков\skiz\skillaz-backend\src\Skillaz.Tests\bin\Debug\net5.0\Skillaz.Tests.dll" adapterTypeName="executor://xunit/VsTestRunner2/netcoreapp" className="Skillaz.Tests.Telephony.CallList_ExtendFilter_feature" name="CheckSimpleFilterExcludeAnd" />
    </UnitTest>
    <UnitTest name="Skillaz.Tests.CompanySpecific.Mvideo.MvideoWithoutProfile_feature.Do_archiving_last_vacancy_exclude_without_profile" storage="c:\users\дмитрийбахтенков\skiz\skillaz-backend\src\skillaz.tests\bin\debug\net5.0\skillaz.tests.dll" id="49696ee2-5215-35d8-0ea9-ac56933fd061">
      <Execution id="3c14f732-7409-41ac-9991-043222d40763" />
      <TestMethod codeBase="C:\Users\ДмитрийБахтенков\skiz\skillaz-backend\src\Skillaz.Tests\bin\Debug\net5.0\Skillaz.Tests.dll" adapterTypeName="executor://xunit/VsTestRunner2/netcoreapp" className="Skillaz.Tests.CompanySpecific.Mvideo.MvideoWithoutProfile_feature" name="Do_archiving_last_vacancy_exclude_without_profile" />
    </UnitTest>
    <UnitTest name="Should create &amp; get questionnaire" storage="c:\users\дмитрийбахтенков\skiz\skillaz-backend\src\skillaz.tests\bin\debug\net5.0\skillaz.tests.dll" id="dd0eca32-8425-abe6-3c2c-4fb09321aa67">
      <Execution id="52bd818b-b71a-4a07-9f9c-0fcd9f7e9edb" />
      <TestMethod codeBase="C:\Users\ДмитрийБахтенков\skiz\skillaz-backend\src\Skillaz.Tests\bin\Debug\net5.0\Skillaz.Tests.dll" adapterTypeName="executor://xunit/VsTestRunner2/netcoreapp" className="Skillaz.Tests.HH.Assessment.HHAssessmentFeature" name="GetQuestionnaire" />
    </UnitTest>
    <UnitTest name="Skillaz.Tests.AsyncEnumerable.AsyncEnumerableTests.Batching_works_for_async_enumerable_when_batches_are_equally_sized(genSize: 15, batchSize: 1)" storage="c:\users\дмитрийбахтенков\skiz\skillaz-backend\src\skillaz.tests\bin\debug\net5.0\skillaz.tests.dll" id="50c522a9-fec9-421e-ff5a-96a54a3b1957">
      <Execution id="9fc3dc25-2b1c-4534-a69c-f4b458118c30" />
      <TestMethod codeBase="C:\Users\ДмитрийБахтенков\skiz\skillaz-backend\src\Skillaz.Tests\bin\Debug\net5.0\Skillaz.Tests.dll" adapterTypeName="executor://xunit/VsTestRunner2/netcoreapp" className="Skillaz.Tests.AsyncEnumerable.AsyncEnumerableTests" name="Batching_works_for_async_enumerable_when_batches_are_equally_sized" />
    </UnitTest>
    <UnitTest name="Skillaz.Tests.JobRequisition.JobRequisitionMassChangeStatus_feature.Change_hire_request_mass_change_status_works" storage="c:\users\дмитрийбахтенков\skiz\skillaz-backend\src\skillaz.tests\bin\debug\net5.0\skillaz.tests.dll" id="0747d3df-6344-b693-e31a-a2485e6bea5e">
      <Execution id="e28ecc91-0ac8-4f7b-9091-cc28b02483d9" />
      <TestMethod codeBase="C:\Users\ДмитрийБахтенков\skiz\skillaz-backend\src\Skillaz.Tests\bin\Debug\net5.0\Skillaz.Tests.dll" adapterTypeName="executor://xunit/VsTestRunner2/netcoreapp" className="Skillaz.Tests.JobRequisition.JobRequisitionMassChangeStatus_feature" name="Change_hire_request_mass_change_status_works" />
    </UnitTest>
    <UnitTest name="Skillaz.Tests.CompanySpecific.Perekrestok.PerekrestokOrgUnitPositionCreateOrUpdate_feature.Create_request_for_position_with_zero_percentage_and_fio" storage="c:\users\дмитрийбахтенков\skiz\skillaz-backend\src\skillaz.tests\bin\debug\net5.0\skillaz.tests.dll" id="ba58e272-d8b6-caec-b83d-e7a130385992">
      <Execution id="fc26b4ca-7151-4097-8cc9-8d7534ce856d" />
      <TestMethod codeBase="C:\Users\ДмитрийБахтенков\skiz\skillaz-backend\src\Skillaz.Tests\bin\Debug\net5.0\Skillaz.Tests.dll" adapterTypeName="executor://xunit/VsTestRunner2/netcoreapp" className="Skillaz.Tests.CompanySpecific.Perekrestok.PerekrestokOrgUnitPositionCreateOrUpdate_feature" name="Create_request_for_position_with_zero_percentage_and_fio" />
    </UnitTest>
    <UnitTest name="Skillaz.Tests.Candidate.RoleRestrictionControllerEndpoints_feature.User_with_restriction_can_update" storage="c:\users\дмитрийбахтенков\skiz\skillaz-backend\src\skillaz.tests\bin\debug\net5.0\skillaz.tests.dll" id="2fa8223c-953a-c2a2-d7c3-c2ce26be01a9">
      <Execution id="17de3c2d-f76c-48b3-bdc1-b493f88b7c88" />
      <TestMethod codeBase="C:\Users\ДмитрийБахтенков\skiz\skillaz-backend\src\Skillaz.Tests\bin\Debug\net5.0\Skillaz.Tests.dll" adapterTypeName="executor://xunit/VsTestRunner2/netcoreapp" className="Skillaz.Tests.Candidate.RoleRestrictionControllerEndpoints_feature" name="User_with_restriction_can_update" />
    </UnitTest>
    <UnitTest name="Skillaz.Tests.Candidate.Appointments.SetAppointmentOnStatusChange_feature.Change_candidate_status_and_create_another_appointment_from_enter_form_with_other_time_set" storage="c:\users\дмитрийбахтенков\skiz\skillaz-backend\src\skillaz.tests\bin\debug\net5.0\skillaz.tests.dll" id="884e4e27-5ecd-2097-4971-fb175371fbef">
      <Execution id="70ff060c-34f5-419e-910b-26d2efec98f5" />
      <TestMethod codeBase="C:\Users\ДмитрийБахтенков\skiz\skillaz-backend\src\Skillaz.Tests\bin\Debug\net5.0\Skillaz.Tests.dll" adapterTypeName="executor://xunit/VsTestRunner2/netcoreapp" className="Skillaz.Tests.Candidate.Appointments.SetAppointmentOnStatusChange_feature" name="Change_candidate_status_and_create_another_appointment_from_enter_form_with_other_time_set" />
    </UnitTest>
    <UnitTest name="Skillaz.Tests.Notifications.CustomNotifications_feature.Check_if_user_send_changed_notificaction" storage="c:\users\дмитрийбахтенков\skiz\skillaz-backend\src\skillaz.tests\bin\debug\net5.0\skillaz.tests.dll" id="2633a07f-0023-a471-b773-efc113e7995b">
      <Execution id="ad1c0e3e-f040-4267-b099-16d6014d23b7" />
      <TestMethod codeBase="C:\Users\ДмитрийБахтенков\skiz\skillaz-backend\src\Skillaz.Tests\bin\Debug\net5.0\Skillaz.Tests.dll" adapterTypeName="executor://xunit/VsTestRunner2/netcoreapp" className="Skillaz.Tests.Notifications.CustomNotifications_feature" name="Check_if_user_send_changed_notificaction" />
    </UnitTest>
    <UnitTest name="Skillaz.Tests.Notifications.AvitoMessenger_feature.Send_avito_empty_message" storage="c:\users\дмитрийбахтенков\skiz\skillaz-backend\src\skillaz.tests\bin\debug\net5.0\skillaz.tests.dll" id="aa98561e-5a04-e6a8-f149-9f0cda89953a">
      <Execution id="f837f7d5-4bce-4782-8ec0-47d98a72e9c4" />
      <TestMethod codeBase="C:\Users\ДмитрийБахтенков\skiz\skillaz-backend\src\Skillaz.Tests\bin\Debug\net5.0\Skillaz.Tests.dll" adapterTypeName="executor://xunit/VsTestRunner2/netcoreapp" className="Skillaz.Tests.Notifications.AvitoMessenger_feature" name="Send_avito_empty_message" />
    </UnitTest>
    <UnitTest name="Skillaz.Tests.Candidate.Appointments.SetAppointmentOnStatusChange_feature.Change_candidate_status_and_create_new_appointment_from_enter_form" storage="c:\users\дмитрийбахтенков\skiz\skillaz-backend\src\skillaz.tests\bin\debug\net5.0\skillaz.tests.dll" id="6c0b243c-4f36-bf2b-a87d-964283fca94d">
      <Execution id="a094f2b6-e875-4610-ba04-0f78bf12a17d" />
      <TestMethod codeBase="C:\Users\ДмитрийБахтенков\skiz\skillaz-backend\src\Skillaz.Tests\bin\Debug\net5.0\Skillaz.Tests.dll" adapterTypeName="executor://xunit/VsTestRunner2/netcoreapp" className="Skillaz.Tests.Candidate.Appointments.SetAppointmentOnStatusChange_feature" name="Change_candidate_status_and_create_new_appointment_from_enter_form" />
    </UnitTest>
    <UnitTest name="Skillaz.Tests.DocumentModels.DocumentModel_SettingPreviewUrlForAttachments.Check_than_preview_url_set_in_attachment_for_edit_model_multiply_attach_in_explicit_field" storage="c:\users\дмитрийбахтенков\skiz\skillaz-backend\src\skillaz.tests\bin\debug\net5.0\skillaz.tests.dll" id="46a08345-a920-7815-7abf-e86d67926f40">
      <Execution id="08fabfa0-1b0f-484c-a2a1-ed64b7b7f1ec" />
      <TestMethod codeBase="C:\Users\ДмитрийБахтенков\skiz\skillaz-backend\src\Skillaz.Tests\bin\Debug\net5.0\Skillaz.Tests.dll" adapterTypeName="executor://xunit/VsTestRunner2/netcoreapp" className="Skillaz.Tests.DocumentModels.DocumentModel_SettingPreviewUrlForAttachments" name="Check_than_preview_url_set_in_attachment_for_edit_model_multiply_attach_in_explicit_field" />
    </UnitTest>
    <UnitTest name="Skillaz.Tests.TaskTracker.TaskAction_feature.Ensure_that_candidate_switched_no_delay_by_additional_source" storage="c:\users\дмитрийбахтенков\skiz\skillaz-backend\src\skillaz.tests\bin\debug\net5.0\skillaz.tests.dll" id="abac3658-679d-2d8f-e045-01a9b98f7725">
      <Execution id="b5f62b98-0319-49b6-a4b5-f1c8e4c39e2c" />
      <TestMethod codeBase="C:\Users\ДмитрийБахтенков\skiz\skillaz-backend\src\Skillaz.Tests\bin\Debug\net5.0\Skillaz.Tests.dll" adapterTypeName="executor://xunit/VsTestRunner2/netcoreapp" className="Skillaz.Tests.TaskTracker.TaskAction_feature" name="Ensure_that_candidate_switched_no_delay_by_additional_source" />
    </UnitTest>
    <UnitTest name="Skillaz.Tests.Notifications.CustomNotifications_feature.GetPreviewForCustomNotification" storage="c:\users\дмитрийбахтенков\skiz\skillaz-backend\src\skillaz.tests\bin\debug\net5.0\skillaz.tests.dll" id="7808ca73-ac8c-ad21-0127-6f649cf46329">
      <Execution id="2af6be1b-8167-43c8-94cc-dac061614e54" />
      <TestMethod codeBase="C:\Users\ДмитрийБахтенков\skiz\skillaz-backend\src\Skillaz.Tests\bin\Debug\net5.0\Skillaz.Tests.dll" adapterTypeName="executor://xunit/VsTestRunner2/netcoreapp" className="Skillaz.Tests.Notifications.CustomNotifications_feature" name="GetPreviewForCustomNotification" />
    </UnitTest>
    <UnitTest name="Skillaz.Tests.Configurator.ConfiguratorHistoryTests.Сохранение_истории" storage="c:\users\дмитрийбахтенков\skiz\skillaz-backend\src\skillaz.tests\bin\debug\net5.0\skillaz.tests.dll" id="7d7cb7e8-db74-b484-5de6-b84cf9a291e5">
      <Execution id="a53fdb56-f659-4cb0-a048-f9168088c61f" />
      <TestMethod codeBase="C:\Users\ДмитрийБахтенков\skiz\skillaz-backend\src\Skillaz.Tests\bin\Debug\net5.0\Skillaz.Tests.dll" adapterTypeName="executor://xunit/VsTestRunner2/netcoreapp" className="Skillaz.Tests.Configurator.ConfiguratorHistoryTests" name="Сохранение_истории" />
    </UnitTest>
    <UnitTest name="Skillaz.Tests.CompanySpecific.Sberbank.SberPositionsTests.SberPositionCommand_should_work_as_expected(vacancyName: &quot;Клиентский менеджер премьер&quot;, expectedPositionId: &quot;client_manger_sber_premier&quot;)" storage="c:\users\дмитрийбахтенков\skiz\skillaz-backend\src\skillaz.tests\bin\debug\net5.0\skillaz.tests.dll" id="51359204-1b17-5f97-3a11-e321f1919f54">
      <Execution id="5126e99f-6519-47de-8439-a4281a555be6" />
      <TestMethod codeBase="C:\Users\ДмитрийБахтенков\skiz\skillaz-backend\src\Skillaz.Tests\bin\Debug\net5.0\Skillaz.Tests.dll" adapterTypeName="executor://xunit/VsTestRunner2/netcoreapp" className="Skillaz.Tests.CompanySpecific.Sberbank.SberPositionsTests" name="SberPositionCommand_should_work_as_expected" />
    </UnitTest>
    <UnitTest name="Skillaz.Tests.Digest.DigestService_feature.Receiving_future_events" storage="c:\users\дмитрийбахтенков\skiz\skillaz-backend\src\skillaz.tests\bin\debug\net5.0\skillaz.tests.dll" id="94962266-5b61-bd0c-f97d-58525122866b">
      <Execution id="27687bef-4d98-4032-a913-b168213b816b" />
      <TestMethod codeBase="C:\Users\ДмитрийБахтенков\skiz\skillaz-backend\src\Skillaz.Tests\bin\Debug\net5.0\Skillaz.Tests.dll" adapterTypeName="executor://xunit/VsTestRunner2/netcoreapp" className="Skillaz.Tests.Digest.DigestService_feature" name="Receiving_future_events" />
    </UnitTest>
    <UnitTest name="Skillaz.Tests.DocumentModels.FieldValueReferences.UpdateReferences.Проверить_что_в_документах_обновляются_ссылки_при_обновлении_ссылки" storage="c:\users\дмитрийбахтенков\skiz\skillaz-backend\src\skillaz.tests\bin\debug\net5.0\skillaz.tests.dll" id="77d442b9-eb2e-c518-1868-148e458303fd">
      <Execution id="449911d6-d236-4eb5-8649-ce8cba8bce9c" />
      <TestMethod codeBase="C:\Users\ДмитрийБахтенков\skiz\skillaz-backend\src\Skillaz.Tests\bin\Debug\net5.0\Skillaz.Tests.dll" adapterTypeName="executor://xunit/VsTestRunner2/netcoreapp" className="Skillaz.Tests.DocumentModels.FieldValueReferences.UpdateReferences" name="Проверить_что_в_документах_обновляются_ссылки_при_обновлении_ссылки" />
    </UnitTest>
    <UnitTest name="Skillaz.Tests.HH.HHApiClient_feature.HH_API_client_correct_xManager_is_selected_when_requested_with_xManager_missing_in_db" storage="c:\users\дмитрийбахтенков\skiz\skillaz-backend\src\skillaz.tests\bin\debug\net5.0\skillaz.tests.dll" id="9fcfc2d8-828f-ee4a-7220-beb566720320">
      <Execution id="77eb2f45-e3b8-4583-a4c7-df5efc671ba1" />
      <TestMethod codeBase="C:\Users\ДмитрийБахтенков\skiz\skillaz-backend\src\Skillaz.Tests\bin\Debug\net5.0\Skillaz.Tests.dll" adapterTypeName="executor://xunit/VsTestRunner2/netcoreapp" className="Skillaz.Tests.HH.HHApiClient_feature" name="HH_API_client_correct_xManager_is_selected_when_requested_with_xManager_missing_in_db" />
    </UnitTest>
    <UnitTest name="Skillaz.Tests.DocumentModels.FieldValueComparerTests.DifferentTypeComparison(firstValue: 1, secondValue: 1)" storage="c:\users\дмитрийбахтенков\skiz\skillaz-backend\src\skillaz.tests\bin\debug\net5.0\skillaz.tests.dll" id="9b66c100-569d-3ad5-e12e-190fe8eb9809">
      <Execution id="97876c2f-fc51-43eb-815e-5ac8034ee4cc" />
      <TestMethod codeBase="C:\Users\ДмитрийБахтенков\skiz\skillaz-backend\src\Skillaz.Tests\bin\Debug\net5.0\Skillaz.Tests.dll" adapterTypeName="executor://xunit/VsTestRunner2/netcoreapp" className="Skillaz.Tests.DocumentModels.FieldValueComparerTests" name="DifferentTypeComparison" />
    </UnitTest>
    <UnitTest name="Skillaz.Tests.Candidate.CandidateTags.CandidateTagsService_feature.Current_user_could_see_only_tags_for_current_user_company" storage="c:\users\дмитрийбахтенков\skiz\skillaz-backend\src\skillaz.tests\bin\debug\net5.0\skillaz.tests.dll" id="01e7b8bb-d18a-de92-76f1-4859f2785dff">
      <Execution id="a81896a2-8d2f-45ff-931d-2d9563ce52bc" />
      <TestMethod codeBase="C:\Users\ДмитрийБахтенков\skiz\skillaz-backend\src\Skillaz.Tests\bin\Debug\net5.0\Skillaz.Tests.dll" adapterTypeName="executor://xunit/VsTestRunner2/netcoreapp" className="Skillaz.Tests.Candidate.CandidateTags.CandidateTagsService_feature" name="Current_user_could_see_only_tags_for_current_user_company" />
    </UnitTest>
    <UnitTest name="Skillaz.Tests.Configurator.Prioritization.ConfiguratorPrioritizationRequest_feature.Prioritization_single_condition_with_correct_order" storage="c:\users\дмитрийбахтенков\skiz\skillaz-backend\src\skillaz.tests\bin\debug\net5.0\skillaz.tests.dll" id="16a5960d-9da8-46ce-fa51-d6ba74162810">
      <Execution id="f5da0241-b70f-478c-811a-761aa6c50543" />
      <TestMethod codeBase="C:\Users\ДмитрийБахтенков\skiz\skillaz-backend\src\Skillaz.Tests\bin\Debug\net5.0\Skillaz.Tests.dll" adapterTypeName="executor://xunit/VsTestRunner2/netcoreapp" className="Skillaz.Tests.Configurator.Prioritization.ConfiguratorPrioritizationRequest_feature" name="Prioritization_single_condition_with_correct_order" />
    </UnitTest>
    <UnitTest name="Skillaz.Tests.Configurator.Editor.HidingConfiguratorTypesFeature.Созданные_типы_конфигураторов_пропадают_из_доступных" storage="c:\users\дмитрийбахтенков\skiz\skillaz-backend\src\skillaz.tests\bin\debug\net5.0\skillaz.tests.dll" id="7e9f39f0-af65-2c13-4309-b4464d858db2">
      <Execution id="3c02a69f-f787-40e3-8705-01aa59c659f8" />
      <TestMethod codeBase="C:\Users\ДмитрийБахтенков\skiz\skillaz-backend\src\Skillaz.Tests\bin\Debug\net5.0\Skillaz.Tests.dll" adapterTypeName="executor://xunit/VsTestRunner2/netcoreapp" className="Skillaz.Tests.Configurator.Editor.HidingConfiguratorTypesFeature" name="Созданные_типы_конфигураторов_пропадают_из_доступных" />
    </UnitTest>
    <UnitTest name="Skillaz.Tests.TaskTracker.TaskDashboardController_feature.MyTasks" storage="c:\users\дмитрийбахтенков\skiz\skillaz-backend\src\skillaz.tests\bin\debug\net5.0\skillaz.tests.dll" id="c7dc8aa0-4efc-e09e-b771-2878459d3d23">
      <Execution id="cb8966b9-e617-48c8-b5c2-32ff505614f7" />
      <TestMethod codeBase="C:\Users\ДмитрийБахтенков\skiz\skillaz-backend\src\Skillaz.Tests\bin\Debug\net5.0\Skillaz.Tests.dll" adapterTypeName="executor://xunit/VsTestRunner2/netcoreapp" className="Skillaz.Tests.TaskTracker.TaskDashboardController_feature" name="MyTasks" />
    </UnitTest>
    <UnitTest name="Skillaz.Tests.Request.X5.X5GetRequestListCommand_feature.Result_list_elements_count_should_be_equal_or_less_than_one_hundred" storage="c:\users\дмитрийбахтенков\skiz\skillaz-backend\src\skillaz.tests\bin\debug\net5.0\skillaz.tests.dll" id="22f745c8-ab6e-1846-1a59-332d4d861183">
      <Execution id="0ca6d0c6-23af-44c3-9316-ef21e53dc171" />
      <TestMethod codeBase="C:\Users\ДмитрийБахтенков\skiz\skillaz-backend\src\Skillaz.Tests\bin\Debug\net5.0\Skillaz.Tests.dll" adapterTypeName="executor://xunit/VsTestRunner2/netcoreapp" className="Skillaz.Tests.Request.X5.X5GetRequestListCommand_feature" name="Result_list_elements_count_should_be_equal_or_less_than_one_hundred" />
    </UnitTest>
    <UnitTest name="Skillaz.Tests.Assessment.Questionnaires.SelfEntryQuestionnaire_feature.Updating_period_a_self_entry_questionnaire" storage="c:\users\дмитрийбахтенков\skiz\skillaz-backend\src\skillaz.tests\bin\debug\net5.0\skillaz.tests.dll" id="ab7b73d3-3825-a56c-9ede-874d6df5bc97">
      <Execution id="4806e2c4-d89d-466f-b8b1-f08a137602f2" />
      <TestMethod codeBase="C:\Users\ДмитрийБахтенков\skiz\skillaz-backend\src\Skillaz.Tests\bin\Debug\net5.0\Skillaz.Tests.dll" adapterTypeName="executor://xunit/VsTestRunner2/netcoreapp" className="Skillaz.Tests.Assessment.Questionnaires.SelfEntryQuestionnaire_feature" name="Updating_period_a_self_entry_questionnaire" />
    </UnitTest>
    <UnitTest name="Skillaz.Tests.Candidate.Checks.ChecksWithStatusLimitatins_feature.Successful_change_candidate_status_when_check_without_limit_is_unfinished" storage="c:\users\дмитрийбахтенков\skiz\skillaz-backend\src\skillaz.tests\bin\debug\net5.0\skillaz.tests.dll" id="239b587c-18bc-12cd-f071-dc4c7e1c73ef">
      <Execution id="7687e486-9e04-4106-befc-8c8c0e9950cd" />
      <TestMethod codeBase="C:\Users\ДмитрийБахтенков\skiz\skillaz-backend\src\Skillaz.Tests\bin\Debug\net5.0\Skillaz.Tests.dll" adapterTypeName="executor://xunit/VsTestRunner2/netcoreapp" className="Skillaz.Tests.Candidate.Checks.ChecksWithStatusLimitatins_feature" name="Successful_change_candidate_status_when_check_without_limit_is_unfinished" />
    </UnitTest>
    <UnitTest name="Skillaz.Tests.CompanySpecific.Mvideo.MvideoWithoutProfile_feature.Do_create_vacancy_with_open_vacancy" storage="c:\users\дмитрийбахтенков\skiz\skillaz-backend\src\skillaz.tests\bin\debug\net5.0\skillaz.tests.dll" id="774ab26a-75ab-adc3-c516-dfcf980c74bf">
      <Execution id="ddd05ac3-288e-467a-8290-c1385f9eaa33" />
      <TestMethod codeBase="C:\Users\ДмитрийБахтенков\skiz\skillaz-backend\src\Skillaz.Tests\bin\Debug\net5.0\Skillaz.Tests.dll" adapterTypeName="executor://xunit/VsTestRunner2/netcoreapp" className="Skillaz.Tests.CompanySpecific.Mvideo.MvideoWithoutProfile_feature" name="Do_create_vacancy_with_open_vacancy" />
    </UnitTest>
    <UnitTest name="Skillaz.Tests.Assessment.Questionnaires.ProActionQuestionnaire_feature.Getting_a_questionnaire" storage="c:\users\дмитрийбахтенков\skiz\skillaz-backend\src\skillaz.tests\bin\debug\net5.0\skillaz.tests.dll" id="982d84c0-acf4-bb2b-fc60-63573054a6c0">
      <Execution id="4d882408-61f7-4a40-87da-1f4df7fd18a5" />
      <TestMethod codeBase="C:\Users\ДмитрийБахтенков\skiz\skillaz-backend\src\Skillaz.Tests\bin\Debug\net5.0\Skillaz.Tests.dll" adapterTypeName="executor://xunit/VsTestRunner2/netcoreapp" className="Skillaz.Tests.Assessment.Questionnaires.ProActionQuestionnaire_feature" name="Getting_a_questionnaire" />
    </UnitTest>
    <UnitTest name="Skillaz.Tests.Request.X5.X5GetRequestListCommand_feature.If_request_has_no_gender_result_name_should_contain_no_matter" storage="c:\users\дмитрийбахтенков\skiz\skillaz-backend\src\skillaz.tests\bin\debug\net5.0\skillaz.tests.dll" id="cde7c1e4-b024-3357-c460-fe234f6fabdd">
      <Execution id="24e6590e-eccc-4982-9e62-2faa76a1f259" />
      <TestMethod codeBase="C:\Users\ДмитрийБахтенков\skiz\skillaz-backend\src\Skillaz.Tests\bin\Debug\net5.0\Skillaz.Tests.dll" adapterTypeName="executor://xunit/VsTestRunner2/netcoreapp" className="Skillaz.Tests.Request.X5.X5GetRequestListCommand_feature" name="If_request_has_no_gender_result_name_should_contain_no_matter" />
    </UnitTest>
    <UnitTest name="Skillaz.Tests.Helpers.WorkingDaysHelperFeature.FindProductionDates(dateStrings: [&quot;2020-03-01&quot;, &quot;2020-03-02&quot;, &quot;2020-03-15&quot;, &quot;2020-03-16&quot;, &quot;2020-03-03&quot;, ...])" storage="c:\users\дмитрийбахтенков\skiz\skillaz-backend\src\skillaz.tests\bin\debug\net5.0\skillaz.tests.dll" id="e251b422-cdca-dd10-f9cb-5b2253f07ca3">
      <Execution id="4f08e57e-ecf9-4624-aed8-fe024500de93" />
      <TestMethod codeBase="C:\Users\ДмитрийБахтенков\skiz\skillaz-backend\src\Skillaz.Tests\bin\Debug\net5.0\Skillaz.Tests.dll" adapterTypeName="executor://xunit/VsTestRunner2/netcoreapp" className="Skillaz.Tests.Helpers.WorkingDaysHelperFeature" name="FindProductionDates" />
    </UnitTest>
    <UnitTest name="Skillaz.Tests.BlackList.BlackList_feature.Candidates_double_imported_in_black_list" storage="c:\users\дмитрийбахтенков\skiz\skillaz-backend\src\skillaz.tests\bin\debug\net5.0\skillaz.tests.dll" id="0bd7dc14-dbdd-446d-d84e-f92a3f6c885a">
      <Execution id="47b7d8e0-5856-46cf-a83c-7d4529b64ef0" />
      <TestMethod codeBase="C:\Users\ДмитрийБахтенков\skiz\skillaz-backend\src\Skillaz.Tests\bin\Debug\net5.0\Skillaz.Tests.dll" adapterTypeName="executor://xunit/VsTestRunner2/netcoreapp" className="Skillaz.Tests.BlackList.BlackList_feature" name="Candidates_double_imported_in_black_list" />
    </UnitTest>
    <UnitTest name="Skillaz.Tests.HH.Search.HHSearch_feature.CreateHHSearchCommand_should_give_area_exception" storage="c:\users\дмитрийбахтенков\skiz\skillaz-backend\src\skillaz.tests\bin\debug\net5.0\skillaz.tests.dll" id="02e1d23f-4978-a204-acc4-9504b4140dd6">
      <Execution id="4486180c-358e-42c5-9edc-a9910ab15748" />
      <TestMethod codeBase="C:\Users\ДмитрийБахтенков\skiz\skillaz-backend\src\Skillaz.Tests\bin\Debug\net5.0\Skillaz.Tests.dll" adapterTypeName="executor://xunit/VsTestRunner2/netcoreapp" className="Skillaz.Tests.HH.Search.HHSearch_feature" name="CreateHHSearchCommand_should_give_area_exception" />
    </UnitTest>
    <UnitTest name="Skillaz.Tests.Configurator.WorkflowEngine.ConfiguratorWorkflowEngine_check_rules.Check_available_integration" storage="c:\users\дмитрийбахтенков\skiz\skillaz-backend\src\skillaz.tests\bin\debug\net5.0\skillaz.tests.dll" id="ad534d95-efbd-b762-7a83-9cc83072462c">
      <Execution id="f13b3fd9-4cc8-45d2-8e0e-1ce5e8dfbde6" />
      <TestMethod codeBase="C:\Users\ДмитрийБахтенков\skiz\skillaz-backend\src\Skillaz.Tests\bin\Debug\net5.0\Skillaz.Tests.dll" adapterTypeName="executor://xunit/VsTestRunner2/netcoreapp" className="Skillaz.Tests.Configurator.WorkflowEngine.ConfiguratorWorkflowEngine_check_rules" name="Check_available_integration" />
    </UnitTest>
    <UnitTest name="Skillaz.Tests.TaskTracker.TaskDashboardController_feature.OpenTask(assigneeUser: null, status: TaskIsCompleted, addHours: -1, taskStatus: Finished)" storage="c:\users\дмитрийбахтенков\skiz\skillaz-backend\src\skillaz.tests\bin\debug\net5.0\skillaz.tests.dll" id="805aa405-cfbc-0051-d920-b097d0b24f3e">
      <Execution id="7f8b3a7a-45df-4aac-b198-27d65a19b08e" />
      <TestMethod codeBase="C:\Users\ДмитрийБахтенков\skiz\skillaz-backend\src\Skillaz.Tests\bin\Debug\net5.0\Skillaz.Tests.dll" adapterTypeName="executor://xunit/VsTestRunner2/netcoreapp" className="Skillaz.Tests.TaskTracker.TaskDashboardController_feature" name="OpenTask" />
    </UnitTest>
    <UnitTest name="Skillaz.Tests.Configurator.Deduplication.UpdateCandidateByRuleTest.Check_Action_UpdateResume" storage="c:\users\дмитрийбахтенков\skiz\skillaz-backend\src\skillaz.tests\bin\debug\net5.0\skillaz.tests.dll" id="487688a6-207b-9c71-cf35-2c8bf543ed26">
      <Execution id="1422c820-f0b6-493d-97e2-974f8782fe43" />
      <TestMethod codeBase="C:\Users\ДмитрийБахтенков\skiz\skillaz-backend\src\Skillaz.Tests\bin\Debug\net5.0\Skillaz.Tests.dll" adapterTypeName="executor://xunit/VsTestRunner2/netcoreapp" className="Skillaz.Tests.Configurator.Deduplication.UpdateCandidateByRuleTest" name="Check_Action_UpdateResume" />
    </UnitTest>
    <UnitTest name="Skillaz.Tests.Candidate.Elastic.CandidateElasticFiltration_feature.Retrieving_a_candidate_by_existing_request_id" storage="c:\users\дмитрийбахтенков\skiz\skillaz-backend\src\skillaz.tests\bin\debug\net5.0\skillaz.tests.dll" id="e6da6e17-a7dc-372a-d00f-51995b4afae5">
      <Execution id="a2881983-dfcb-43ba-ab3a-6cc5b70f2473" />
      <TestMethod codeBase="C:\Users\ДмитрийБахтенков\skiz\skillaz-backend\src\Skillaz.Tests\bin\Debug\net5.0\Skillaz.Tests.dll" adapterTypeName="executor://xunit/VsTestRunner2/netcoreapp" className="Skillaz.Tests.Candidate.Elastic.CandidateElasticFiltration_feature" name="Retrieving_a_candidate_by_existing_request_id" />
    </UnitTest>
    <UnitTest name="Skillaz.Tests.Configurator.Filter.ConfiguratorRequestFilter_feature.Ensure_that_filter_by_confrontation_request_type_return_available_values_when_three_request_types" storage="c:\users\дмитрийбахтенков\skiz\skillaz-backend\src\skillaz.tests\bin\debug\net5.0\skillaz.tests.dll" id="c5c29033-7aed-8c9f-267f-2edf5e020723">
      <Execution id="11c1a0f4-41f2-437b-8997-3232ebbe2c2b" />
      <TestMethod codeBase="C:\Users\ДмитрийБахтенков\skiz\skillaz-backend\src\Skillaz.Tests\bin\Debug\net5.0\Skillaz.Tests.dll" adapterTypeName="executor://xunit/VsTestRunner2/netcoreapp" className="Skillaz.Tests.Configurator.Filter.ConfiguratorRequestFilter_feature" name="Ensure_that_filter_by_confrontation_request_type_return_available_values_when_three_request_types" />
    </UnitTest>
    <UnitTest name="Skillaz.Tests.Configurator.WorkflowEngine.ConfiguratorWorkflowTriggerFeature.Check_WorkflowTrigger" storage="c:\users\дмитрийбахтенков\skiz\skillaz-backend\src\skillaz.tests\bin\debug\net5.0\skillaz.tests.dll" id="6e567c3a-9c5e-7a19-53c2-223295814f29">
      <Execution id="1527c949-6a68-4cb9-a64c-c718ab98bebc" />
      <TestMethod codeBase="C:\Users\ДмитрийБахтенков\skiz\skillaz-backend\src\Skillaz.Tests\bin\Debug\net5.0\Skillaz.Tests.dll" adapterTypeName="executor://xunit/VsTestRunner2/netcoreapp" className="Skillaz.Tests.Configurator.WorkflowEngine.ConfiguratorWorkflowTriggerFeature" name="Check_WorkflowTrigger" />
    </UnitTest>
    <UnitTest name="Skillaz.Tests.Configurator.DocumentModel.DocumentModelFieldBinderTest.DocumentModelBinderParseTest(expression: &quot;DictExtraData.Very.Complex.Field&quot;, expectedType: typeof(Skillaz.Framework.DocumentModel.Binders.DocumentModelDictionaryFieldBinder&lt;Skillaz.Tests.Configurator.DocumentModel.DocumentModelTestDocument&gt;))" storage="c:\users\дмитрийбахтенков\skiz\skillaz-backend\src\skillaz.tests\bin\debug\net5.0\skillaz.tests.dll" id="10f7d5e3-2f06-9fe6-dd97-492cb3bcf954">
      <Execution id="e03ec3c4-179a-477f-9ca4-834d2ee4748a" />
      <TestMethod codeBase="C:\Users\ДмитрийБахтенков\skiz\skillaz-backend\src\Skillaz.Tests\bin\Debug\net5.0\Skillaz.Tests.dll" adapterTypeName="executor://xunit/VsTestRunner2/netcoreapp" className="Skillaz.Tests.Configurator.DocumentModel.DocumentModelFieldBinderTest" name="DocumentModelBinderParseTest" />
    </UnitTest>
    <UnitTest name="Skillaz.Tests.Candidate.Checks.ChecksWithStatusLimitatins_feature.Throw_exception_when_single_check_with_limit_is_not_finished" storage="c:\users\дмитрийбахтенков\skiz\skillaz-backend\src\skillaz.tests\bin\debug\net5.0\skillaz.tests.dll" id="1f263e45-4224-7eaa-60b8-dec6f1683835">
      <Execution id="4722ba1e-e67a-40da-ba4e-07f1877eab85" />
      <TestMethod codeBase="C:\Users\ДмитрийБахтенков\skiz\skillaz-backend\src\Skillaz.Tests\bin\Debug\net5.0\Skillaz.Tests.dll" adapterTypeName="executor://xunit/VsTestRunner2/netcoreapp" className="Skillaz.Tests.Candidate.Checks.ChecksWithStatusLimitatins_feature" name="Throw_exception_when_single_check_with_limit_is_not_finished" />
    </UnitTest>
    <UnitTest name="Skillaz.Tests.Vacancy.VacancyWebHooks_feature.VacancyCreated" storage="c:\users\дмитрийбахтенков\skiz\skillaz-backend\src\skillaz.tests\bin\debug\net5.0\skillaz.tests.dll" id="caa9431c-7e34-d7db-4c76-4ebd22a524ef">
      <Execution id="f31057fa-1d8b-45b8-945f-46f5602859fd" />
      <TestMethod codeBase="C:\Users\ДмитрийБахтенков\skiz\skillaz-backend\src\Skillaz.Tests\bin\Debug\net5.0\Skillaz.Tests.dll" adapterTypeName="executor://xunit/VsTestRunner2/netcoreapp" className="Skillaz.Tests.Vacancy.VacancyWebHooks_feature" name="VacancyCreated" />
    </UnitTest>
    <UnitTest name="Skillaz.Tests.Assessment.Interview_feature.Create_a_link_to_interview" storage="c:\users\дмитрийбахтенков\skiz\skillaz-backend\src\skillaz.tests\bin\debug\net5.0\skillaz.tests.dll" id="c3d91dd3-4478-f66f-59b6-579fb8b4a9a0">
      <Execution id="b6b5dd04-fa48-4fa3-b32c-738c8c1f2da5" />
      <TestMethod codeBase="C:\Users\ДмитрийБахтенков\skiz\skillaz-backend\src\Skillaz.Tests\bin\Debug\net5.0\Skillaz.Tests.dll" adapterTypeName="executor://xunit/VsTestRunner2/netcoreapp" className="Skillaz.Tests.Assessment.Interview_feature" name="Create_a_link_to_interview" />
    </UnitTest>
    <UnitTest name="Skillaz.Tests.Assessment.Interview_feature.Continue_interview_from_last_step" storage="c:\users\дмитрийбахтенков\skiz\skillaz-backend\src\skillaz.tests\bin\debug\net5.0\skillaz.tests.dll" id="309e0964-cc7e-6f02-5a26-46b53ae68f92">
      <Execution id="252d8c17-d2a4-40e4-865d-6b84b36c960d" />
      <TestMethod codeBase="C:\Users\ДмитрийБахтенков\skiz\skillaz-backend\src\Skillaz.Tests\bin\Debug\net5.0\Skillaz.Tests.dll" adapterTypeName="executor://xunit/VsTestRunner2/netcoreapp" className="Skillaz.Tests.Assessment.Interview_feature" name="Continue_interview_from_last_step" />
    </UnitTest>
    <UnitTest name="Skillaz.Tests.CompanySpecific.Mvideo.MvideoChangePositionCountOrgUnit_feature.Set_hire_needs_approved_count_then_same_vacancy_should_be_not_archived" storage="c:\users\дмитрийбахтенков\skiz\skillaz-backend\src\skillaz.tests\bin\debug\net5.0\skillaz.tests.dll" id="3608dc75-2aec-5018-0411-93babe908ac0">
      <Execution id="028f0eeb-68fb-4b39-80b4-1797a32befa2" />
      <TestMethod codeBase="C:\Users\ДмитрийБахтенков\skiz\skillaz-backend\src\Skillaz.Tests\bin\Debug\net5.0\Skillaz.Tests.dll" adapterTypeName="executor://xunit/VsTestRunner2/netcoreapp" className="Skillaz.Tests.CompanySpecific.Mvideo.MvideoChangePositionCountOrgUnit_feature" name="Set_hire_needs_approved_count_then_same_vacancy_should_be_not_archived" />
    </UnitTest>
    <UnitTest name="Skillaz.Tests.CompanySpecific.X5.X5Deduplication_feature.By_tabel_number_and_vacancy" storage="c:\users\дмитрийбахтенков\skiz\skillaz-backend\src\skillaz.tests\bin\debug\net5.0\skillaz.tests.dll" id="26982ab6-04c9-3e4b-8f17-d44c909897bb">
      <Execution id="9a7f1594-b46b-48cd-98c8-dd1e46bd23a4" />
      <TestMethod codeBase="C:\Users\ДмитрийБахтенков\skiz\skillaz-backend\src\Skillaz.Tests\bin\Debug\net5.0\Skillaz.Tests.dll" adapterTypeName="executor://xunit/VsTestRunner2/netcoreapp" className="Skillaz.Tests.CompanySpecific.X5.X5Deduplication_feature" name="By_tabel_number_and_vacancy" />
    </UnitTest>
    <UnitTest name="Skillaz.Tests.CompanySpecific.Decathlon.DecathlonCheckMiddleNameAndCitizenshipIsFilledTrigger_feature.Citizenship_is_null_or_empty(citizenship: &quot;&quot;)" storage="c:\users\дмитрийбахтенков\skiz\skillaz-backend\src\skillaz.tests\bin\debug\net5.0\skillaz.tests.dll" id="8c91d4f7-22f7-4a1e-7b37-9c02a4158d30">
      <Execution id="beb68e57-504b-475c-a039-8f0ec66d84fe" />
      <TestMethod codeBase="C:\Users\ДмитрийБахтенков\skiz\skillaz-backend\src\Skillaz.Tests\bin\Debug\net5.0\Skillaz.Tests.dll" adapterTypeName="executor://xunit/VsTestRunner2/netcoreapp" className="Skillaz.Tests.CompanySpecific.Decathlon.DecathlonCheckMiddleNameAndCitizenshipIsFilledTrigger_feature" name="Citizenship_is_null_or_empty" />
    </UnitTest>
    <UnitTest name="Skillaz.Tests.AsyncEnumerable.AsyncEnumerableTests.Parallel_for_each_handles_exception_in_consumer" storage="c:\users\дмитрийбахтенков\skiz\skillaz-backend\src\skillaz.tests\bin\debug\net5.0\skillaz.tests.dll" id="9481e5ab-c017-57cc-2361-35df94a187ab">
      <Execution id="c3217f1d-c842-491c-9be8-6bfcd14e9e62" />
      <TestMethod codeBase="C:\Users\ДмитрийБахтенков\skiz\skillaz-backend\src\Skillaz.Tests\bin\Debug\net5.0\Skillaz.Tests.dll" adapterTypeName="executor://xunit/VsTestRunner2/netcoreapp" className="Skillaz.Tests.AsyncEnumerable.AsyncEnumerableTests" name="Parallel_for_each_handles_exception_in_consumer" />
    </UnitTest>
    <UnitTest name="Skillaz.Tests.Assessment.Questionnaires.SimulationQuestionnaire_feature.Getting_a_questionnaire_list" storage="c:\users\дмитрийбахтенков\skiz\skillaz-backend\src\skillaz.tests\bin\debug\net5.0\skillaz.tests.dll" id="2a238c83-444c-7c2d-c4b1-e7a76799652d">
      <Execution id="611a8c76-8fb8-47c4-9f82-0f7349c58f3b" />
      <TestMethod codeBase="C:\Users\ДмитрийБахтенков\skiz\skillaz-backend\src\Skillaz.Tests\bin\Debug\net5.0\Skillaz.Tests.dll" adapterTypeName="executor://xunit/VsTestRunner2/netcoreapp" className="Skillaz.Tests.Assessment.Questionnaires.SimulationQuestionnaire_feature" name="Getting_a_questionnaire_list" />
    </UnitTest>
    <UnitTest name="Skillaz.Tests.Candidate.Elastic.CandidateElasticFiltration_feature.Retrieving_a_candidate_by_nonexistent_sources" storage="c:\users\дмитрийбахтенков\skiz\skillaz-backend\src\skillaz.tests\bin\debug\net5.0\skillaz.tests.dll" id="0654952d-956d-1c88-c2ca-241680d66135">
      <Execution id="0b2d6a7d-30bd-4670-ba5c-4b5a322bceee" />
      <TestMethod codeBase="C:\Users\ДмитрийБахтенков\skiz\skillaz-backend\src\Skillaz.Tests\bin\Debug\net5.0\Skillaz.Tests.dll" adapterTypeName="executor://xunit/VsTestRunner2/netcoreapp" className="Skillaz.Tests.Candidate.Elastic.CandidateElasticFiltration_feature" name="Retrieving_a_candidate_by_nonexistent_sources" />
    </UnitTest>
    <UnitTest name="Skillaz.Tests.CompanySpecific.Mvideo.MvideoProfRolesAssign_feature.Assign_roles_of_users_with_no_access" storage="c:\users\дмитрийбахтенков\skiz\skillaz-backend\src\skillaz.tests\bin\debug\net5.0\skillaz.tests.dll" id="a26dbb4b-089e-8f56-a28a-7dd0b6f65130">
      <Execution id="0ee30d35-321c-45e2-a30a-cd8055418198" />
      <TestMethod codeBase="C:\Users\ДмитрийБахтенков\skiz\skillaz-backend\src\Skillaz.Tests\bin\Debug\net5.0\Skillaz.Tests.dll" adapterTypeName="executor://xunit/VsTestRunner2/netcoreapp" className="Skillaz.Tests.CompanySpecific.Mvideo.MvideoProfRolesAssign_feature" name="Assign_roles_of_users_with_no_access" />
    </UnitTest>
    <UnitTest name="Skillaz.Tests.Candidate.Workflow.CandidateAddWaySwitchRulesTests.Check_status_details_switch_rule_when_candidate_create" storage="c:\users\дмитрийбахтенков\skiz\skillaz-backend\src\skillaz.tests\bin\debug\net5.0\skillaz.tests.dll" id="0a29285d-a2d8-5e24-c177-86f8056e5051">
      <Execution id="d2b391db-b885-4430-9241-6f97302dab95" />
      <TestMethod codeBase="C:\Users\ДмитрийБахтенков\skiz\skillaz-backend\src\Skillaz.Tests\bin\Debug\net5.0\Skillaz.Tests.dll" adapterTypeName="executor://xunit/VsTestRunner2/netcoreapp" className="Skillaz.Tests.Candidate.Workflow.CandidateAddWaySwitchRulesTests" name="Check_status_details_switch_rule_when_candidate_create" />
    </UnitTest>
    <UnitTest name="Skillaz.Tests.Telephony.CallList_VacancyFilter_feature.Check_VacancyFilter_ByVacancyStatus" storage="c:\users\дмитрийбахтенков\skiz\skillaz-backend\src\skillaz.tests\bin\debug\net5.0\skillaz.tests.dll" id="c1af2337-2b17-bea0-852d-18c0f397bf9e">
      <Execution id="00b3df7c-72ac-4781-a636-2d20f998bcd9" />
      <TestMethod codeBase="C:\Users\ДмитрийБахтенков\skiz\skillaz-backend\src\Skillaz.Tests\bin\Debug\net5.0\Skillaz.Tests.dll" adapterTypeName="executor://xunit/VsTestRunner2/netcoreapp" className="Skillaz.Tests.Telephony.CallList_VacancyFilter_feature" name="Check_VacancyFilter_ByVacancyStatus" />
    </UnitTest>
    <UnitTest name="Skillaz.Tests.Candidate.Checks.MultipleRunChecks_feature.Fail_when_run_single_check_twice" storage="c:\users\дмитрийбахтенков\skiz\skillaz-backend\src\skillaz.tests\bin\debug\net5.0\skillaz.tests.dll" id="171f3c10-d863-8784-c5cb-db5f27841899">
      <Execution id="c29c586b-c8fe-4200-8e09-ec2ce03f3cf6" />
      <TestMethod codeBase="C:\Users\ДмитрийБахтенков\skiz\skillaz-backend\src\Skillaz.Tests\bin\Debug\net5.0\Skillaz.Tests.dll" adapterTypeName="executor://xunit/VsTestRunner2/netcoreapp" className="Skillaz.Tests.Candidate.Checks.MultipleRunChecks_feature" name="Fail_when_run_single_check_twice" />
    </UnitTest>
    <UnitTest name="Skillaz.Tests.Reference.FromRegistry_feature.From_registry_available_values_not_contains_archived_reference" storage="c:\users\дмитрийбахтенков\skiz\skillaz-backend\src\skillaz.tests\bin\debug\net5.0\skillaz.tests.dll" id="bdebe23e-081b-5984-546a-ca2ddf47b38b">
      <Execution id="e6c05c5f-fc6b-49b6-aa5c-31519ce6f535" />
      <TestMethod codeBase="C:\Users\ДмитрийБахтенков\skiz\skillaz-backend\src\Skillaz.Tests\bin\Debug\net5.0\Skillaz.Tests.dll" adapterTypeName="executor://xunit/VsTestRunner2/netcoreapp" className="Skillaz.Tests.Reference.FromRegistry_feature" name="From_registry_available_values_not_contains_archived_reference" />
    </UnitTest>
    <UnitTest name="Skillaz.Tests.RabotaNur.RabotaNurHtmlConverterTests.TestMethod(html: &quot;1&lt;div&gt;2&lt;p&gt;3&lt;br&gt;4&lt;br /&gt;5&lt;/p&gt;6&lt;/div&gt;7&quot;, expected: &quot;12\r\n3\r\n4\r\n5\r\n67&quot;)" storage="c:\users\дмитрийбахтенков\skiz\skillaz-backend\src\skillaz.tests\bin\debug\net5.0\skillaz.tests.dll" id="96ea1a5e-f228-93ef-fb7e-4cc19b1c050f">
      <Execution id="c9827888-824c-4be1-872f-990e693f535a" />
      <TestMethod codeBase="C:\Users\ДмитрийБахтенков\skiz\skillaz-backend\src\Skillaz.Tests\bin\Debug\net5.0\Skillaz.Tests.dll" adapterTypeName="executor://xunit/VsTestRunner2/netcoreapp" className="Skillaz.Tests.RabotaNur.RabotaNurHtmlConverterTests" name="TestMethod" />
    </UnitTest>
    <UnitTest name="Расширение файла недолжно совпадает с его типом, но нужно переименовать для полного совпадения(alterName: &quot;Doc.docx&quot;, fileName: &quot;Doc.doc&quot;)" storage="c:\users\дмитрийбахтенков\skiz\skillaz-backend\src\skillaz.tests\bin\debug\net5.0\skillaz.tests.dll" id="4b404ee5-9a05-ced6-4ff6-f917d3cae6f2">
      <Execution id="191fb837-d744-4d01-8fb2-f882c41d262c" />
      <TestMethod codeBase="C:\Users\ДмитрийБахтенков\skiz\skillaz-backend\src\Skillaz.Tests\bin\Debug\net5.0\Skillaz.Tests.dll" adapterTypeName="executor://xunit/VsTestRunner2/netcoreapp" className="Skillaz.Testing.Run.System.Security.FileContentCheckerTests" name="FileExtensionShouldBeRenamedToMatchContent" />
    </UnitTest>
    <UnitTest name="Skillaz.Tests.Configurator.DocumentModel.DefaultValueFeature.Проверить_настройку_значений_по_умолчанию" storage="c:\users\дмитрийбахтенков\skiz\skillaz-backend\src\skillaz.tests\bin\debug\net5.0\skillaz.tests.dll" id="af76761b-9eba-9f05-8565-5c70f1a4944b">
      <Execution id="993627a5-4556-4c76-9bdb-a231f1d5fc31" />
      <TestMethod codeBase="C:\Users\ДмитрийБахтенков\skiz\skillaz-backend\src\Skillaz.Tests\bin\Debug\net5.0\Skillaz.Tests.dll" adapterTypeName="executor://xunit/VsTestRunner2/netcoreapp" className="Skillaz.Tests.Configurator.DocumentModel.DefaultValueFeature" name="Проверить_настройку_значений_по_умолчанию" />
    </UnitTest>
    <UnitTest name="Генерация ссылки для витрины с фильтрами(key: &quot;/showcase?StatusAfter=2021-03-03T12:02:10&quot;)" storage="c:\users\дмитрийбахтенков\skiz\skillaz-backend\src\skillaz.tests\bin\debug\net5.0\skillaz.tests.dll" id="6fa4f158-739a-2ef9-fd11-273c7dcd0c24">
      <Execution id="6f97dfeb-8d42-4445-b893-5ce00157647d" />
      <TestMethod codeBase="C:\Users\ДмитрийБахтенков\skiz\skillaz-backend\src\Skillaz.Tests\bin\Debug\net5.0\Skillaz.Tests.dll" adapterTypeName="executor://xunit/VsTestRunner2/netcoreapp" className="Skillaz.Tests.Common.CandidateToShowcaseUrl_feature" name="FindProductionDateForEndDate" />
    </UnitTest>
    <UnitTest name="Skillaz.Tests.Assessment.Scenario_feature.Creating_a_scenario" storage="c:\users\дмитрийбахтенков\skiz\skillaz-backend\src\skillaz.tests\bin\debug\net5.0\skillaz.tests.dll" id="260e7293-e74c-fce0-525c-3bd66a73e332">
      <Execution id="01ae1ca6-4a81-4a97-a1fb-2a89f9803276" />
      <TestMethod codeBase="C:\Users\ДмитрийБахтенков\skiz\skillaz-backend\src\Skillaz.Tests\bin\Debug\net5.0\Skillaz.Tests.dll" adapterTypeName="executor://xunit/VsTestRunner2/netcoreapp" className="Skillaz.Tests.Assessment.Scenario_feature" name="Creating_a_scenario" />
    </UnitTest>
    <UnitTest name="Skillaz.Tests.Publication.VacancyPublicationRule_feature.Vacancy_the_publication_should_not_be_created" storage="c:\users\дмитрийбахтенков\skiz\skillaz-backend\src\skillaz.tests\bin\debug\net5.0\skillaz.tests.dll" id="29422714-abc4-4b18-116e-914b77234404">
      <Execution id="63e2ef6a-81a2-4214-87fa-1203a7e0be41" />
      <TestMethod codeBase="C:\Users\ДмитрийБахтенков\skiz\skillaz-backend\src\Skillaz.Tests\bin\Debug\net5.0\Skillaz.Tests.dll" adapterTypeName="executor://xunit/VsTestRunner2/netcoreapp" className="Skillaz.Tests.Publication.VacancyPublicationRule_feature" name="Vacancy_the_publication_should_not_be_created" />
    </UnitTest>
    <UnitTest name="Skillaz.Tests.Candidate.Workflow.CandidateTagSwitchRulesTests.Check_use_auto_switch_rule_by_always_priority_before_by_tag" storage="c:\users\дмитрийбахтенков\skiz\skillaz-backend\src\skillaz.tests\bin\debug\net5.0\skillaz.tests.dll" id="8cec8bf0-7e2e-da22-085d-1e07fea50044">
      <Execution id="eeb859fc-41c6-49d8-bfff-6f1a8ef41d9b" />
      <TestMethod codeBase="C:\Users\ДмитрийБахтенков\skiz\skillaz-backend\src\Skillaz.Tests\bin\Debug\net5.0\Skillaz.Tests.dll" adapterTypeName="executor://xunit/VsTestRunner2/netcoreapp" className="Skillaz.Tests.Candidate.Workflow.CandidateTagSwitchRulesTests" name="Check_use_auto_switch_rule_by_always_priority_before_by_tag" />
    </UnitTest>
    <UnitTest name="Skillaz.Tests.Candidate.Elastic.CandidateElasticFiltration_feature.Retrieving_no_candidates_by_current_tags" storage="c:\users\дмитрийбахтенков\skiz\skillaz-backend\src\skillaz.tests\bin\debug\net5.0\skillaz.tests.dll" id="2b6728b5-899a-8d97-1553-67a4dfd14553">
      <Execution id="6bd93e83-4ff9-4031-9629-b0059e280f4d" />
      <TestMethod codeBase="C:\Users\ДмитрийБахтенков\skiz\skillaz-backend\src\Skillaz.Tests\bin\Debug\net5.0\Skillaz.Tests.dll" adapterTypeName="executor://xunit/VsTestRunner2/netcoreapp" className="Skillaz.Tests.Candidate.Elastic.CandidateElasticFiltration_feature" name="Retrieving_no_candidates_by_current_tags" />
    </UnitTest>
    <UnitTest name="Skillaz.Tests.Helpers.WorkingDaysHelperFeature.FindProductionDates(dateStrings: [&quot;2020-09-01&quot;, &quot;2020-09-02&quot;, &quot;2020-09-15&quot;, &quot;2020-09-16&quot;, &quot;2020-09-01&quot;, ...])" storage="c:\users\дмитрийбахтенков\skiz\skillaz-backend\src\skillaz.tests\bin\debug\net5.0\skillaz.tests.dll" id="ef983b8a-070b-5c2a-c4b0-8b76b9d281b9">
      <Execution id="01b8b3f4-52bd-414d-80b8-1a8191fa0bc6" />
      <TestMethod codeBase="C:\Users\ДмитрийБахтенков\skiz\skillaz-backend\src\Skillaz.Tests\bin\Debug\net5.0\Skillaz.Tests.dll" adapterTypeName="executor://xunit/VsTestRunner2/netcoreapp" className="Skillaz.Tests.Helpers.WorkingDaysHelperFeature" name="FindProductionDates" />
    </UnitTest>
    <UnitTest name="Skillaz.Tests.BlackList.BlackList_feature.Candidates_imported_in_black_list" storage="c:\users\дмитрийбахтенков\skiz\skillaz-backend\src\skillaz.tests\bin\debug\net5.0\skillaz.tests.dll" id="ea1e8bbf-b910-35e4-8b4e-7fb2c7c0dbe5">
      <Execution id="09b1e0ce-33f4-447a-92ed-a0ac27f85fe3" />
      <TestMethod codeBase="C:\Users\ДмитрийБахтенков\skiz\skillaz-backend\src\Skillaz.Tests\bin\Debug\net5.0\Skillaz.Tests.dll" adapterTypeName="executor://xunit/VsTestRunner2/netcoreapp" className="Skillaz.Tests.BlackList.BlackList_feature" name="Candidates_imported_in_black_list" />
    </UnitTest>
    <UnitTest name="Skillaz.Tests.Vacancy.CompanySpecific.MvideoMassCandidateDatabase_feature.After_transfer_new_candidate_will_have_same_status" storage="c:\users\дмитрийбахтенков\skiz\skillaz-backend\src\skillaz.tests\bin\debug\net5.0\skillaz.tests.dll" id="329fffca-c8ab-9911-2aad-a5d8c598c341">
      <Execution id="8b5a75b5-0659-4c90-8e28-b0b8ec7f209d" />
      <TestMethod codeBase="C:\Users\ДмитрийБахтенков\skiz\skillaz-backend\src\Skillaz.Tests\bin\Debug\net5.0\Skillaz.Tests.dll" adapterTypeName="executor://xunit/VsTestRunner2/netcoreapp" className="Skillaz.Tests.Vacancy.CompanySpecific.MvideoMassCandidateDatabase_feature" name="After_transfer_new_candidate_will_have_same_status" />
    </UnitTest>
    <UnitTest name="Skillaz.Tests.Notifications.EmailAntispam_feature.Send_email_to_regular_user_and_check_it_was_sent" storage="c:\users\дмитрийбахтенков\skiz\skillaz-backend\src\skillaz.tests\bin\debug\net5.0\skillaz.tests.dll" id="e6bf846b-64f6-e59c-7bca-0a3bdaf30e43">
      <Execution id="afee8a9d-c63e-424e-9fd7-c259d40bbd37" />
      <TestMethod codeBase="C:\Users\ДмитрийБахтенков\skiz\skillaz-backend\src\Skillaz.Tests\bin\Debug\net5.0\Skillaz.Tests.dll" adapterTypeName="executor://xunit/VsTestRunner2/netcoreapp" className="Skillaz.Tests.Notifications.EmailAntispam_feature" name="Send_email_to_regular_user_and_check_it_was_sent" />
    </UnitTest>
    <UnitTest name="Skillaz.Tests.Configurator.DocumentModel.ObjectTypeRegistry.Валидация" storage="c:\users\дмитрийбахтенков\skiz\skillaz-backend\src\skillaz.tests\bin\debug\net5.0\skillaz.tests.dll" id="ae9be7fc-f385-ec42-2c89-1248152e1de1">
      <Execution id="7b2e75e9-dac3-45f4-9327-9d167a61db8a" />
      <TestMethod codeBase="C:\Users\ДмитрийБахтенков\skiz\skillaz-backend\src\Skillaz.Tests\bin\Debug\net5.0\Skillaz.Tests.dll" adapterTypeName="executor://xunit/VsTestRunner2/netcoreapp" className="Skillaz.Tests.Configurator.DocumentModel.ObjectTypeRegistry" name="Валидация" />
    </UnitTest>
    <UnitTest name="Skillaz.Tests.Candidate.FromForm.CreateFromForm_feature.Candidate_is_updated_from_form" storage="c:\users\дмитрийбахтенков\skiz\skillaz-backend\src\skillaz.tests\bin\debug\net5.0\skillaz.tests.dll" id="68a77fae-d886-5f71-d332-328249e8af6f">
      <Execution id="7d8f1c3d-653e-4232-824d-6d514e923a2b" />
      <TestMethod codeBase="C:\Users\ДмитрийБахтенков\skiz\skillaz-backend\src\Skillaz.Tests\bin\Debug\net5.0\Skillaz.Tests.dll" adapterTypeName="executor://xunit/VsTestRunner2/netcoreapp" className="Skillaz.Tests.Candidate.FromForm.CreateFromForm_feature" name="Candidate_is_updated_from_form" />
    </UnitTest>
    <UnitTest name="Skillaz.Tests.CompanySpecific.Uralchem.UralchemSSOAuth_feature.Вторая_авторизация_пользователя_используя_SSO_группы" storage="c:\users\дмитрийбахтенков\skiz\skillaz-backend\src\skillaz.tests\bin\debug\net5.0\skillaz.tests.dll" id="05acc31b-4d42-8518-2527-595db733ea2c">
      <Execution id="dc739188-9de5-4dc4-8d17-eb7a37bd661a" />
      <TestMethod codeBase="C:\Users\ДмитрийБахтенков\skiz\skillaz-backend\src\Skillaz.Tests\bin\Debug\net5.0\Skillaz.Tests.dll" adapterTypeName="executor://xunit/VsTestRunner2/netcoreapp" className="Skillaz.Tests.CompanySpecific.Uralchem.UralchemSSOAuth_feature" name="Вторая_авторизация_пользователя_используя_SSO_группы" />
    </UnitTest>
    <UnitTest name="Skillaz.Tests.DocumentModels.FieldValueComparerTests.IntegerComparison(firstValue: -101, secondValue: -101, result: True)" storage="c:\users\дмитрийбахтенков\skiz\skillaz-backend\src\skillaz.tests\bin\debug\net5.0\skillaz.tests.dll" id="f72eb88d-09e5-f9c0-e02c-b7ea12f468a4">
      <Execution id="5fd86a5f-d8f9-4475-a557-c7500818df33" />
      <TestMethod codeBase="C:\Users\ДмитрийБахтенков\skiz\skillaz-backend\src\Skillaz.Tests\bin\Debug\net5.0\Skillaz.Tests.dll" adapterTypeName="executor://xunit/VsTestRunner2/netcoreapp" className="Skillaz.Tests.DocumentModels.FieldValueComparerTests" name="IntegerComparison" />
    </UnitTest>
    <UnitTest name="Skillaz.Tests.Candidate.Elastic.CandidateElasticMultiselectFiltration_feature.MultiLineFilterCheck" storage="c:\users\дмитрийбахтенков\skiz\skillaz-backend\src\skillaz.tests\bin\debug\net5.0\skillaz.tests.dll" id="f727b248-9add-f920-b0ce-770364245e70">
      <Execution id="aedb4186-6a1a-4ef7-9bc6-5e6cddb752ee" />
      <TestMethod codeBase="C:\Users\ДмитрийБахтенков\skiz\skillaz-backend\src\Skillaz.Tests\bin\Debug\net5.0\Skillaz.Tests.dll" adapterTypeName="executor://xunit/VsTestRunner2/netcoreapp" className="Skillaz.Tests.Candidate.Elastic.CandidateElasticMultiselectFiltration_feature" name="MultiLineFilterCheck" />
    </UnitTest>
    <UnitTest name="Skillaz.Tests.Candidate.Checks.CheckFromConfigurator_feature.Auto_start_check_with_multi_tag_candidate_and_any_tag_include" storage="c:\users\дмитрийбахтенков\skiz\skillaz-backend\src\skillaz.tests\bin\debug\net5.0\skillaz.tests.dll" id="93e603d2-4224-97cb-0c40-2b2210c21378">
      <Execution id="3f0c71f4-81ff-47a5-9904-113d08a5ec1d" />
      <TestMethod codeBase="C:\Users\ДмитрийБахтенков\skiz\skillaz-backend\src\Skillaz.Tests\bin\Debug\net5.0\Skillaz.Tests.dll" adapterTypeName="executor://xunit/VsTestRunner2/netcoreapp" className="Skillaz.Tests.Candidate.Checks.CheckFromConfigurator_feature" name="Auto_start_check_with_multi_tag_candidate_and_any_tag_include" />
    </UnitTest>
    <UnitTest name="Skillaz.Tests.Configurator.DocumentModel.CreateHireRequests.Нотификация_отправляется_при_создании_заявки" storage="c:\users\дмитрийбахтенков\skiz\skillaz-backend\src\skillaz.tests\bin\debug\net5.0\skillaz.tests.dll" id="6d19b1c0-83a7-9f75-d57d-fc702d519d3b">
      <Execution id="21aae398-d7d3-4560-b506-dd13f33b1cfd" />
      <TestMethod codeBase="C:\Users\ДмитрийБахтенков\skiz\skillaz-backend\src\Skillaz.Tests\bin\Debug\net5.0\Skillaz.Tests.dll" adapterTypeName="executor://xunit/VsTestRunner2/netcoreapp" className="Skillaz.Tests.Configurator.DocumentModel.CreateHireRequests" name="Нотификация_отправляется_при_создании_заявки" />
    </UnitTest>
    <UnitTest name="Skillaz.Tests.Candidate.Elastic.CandidateElasticFiltration_feature.Retrieving_a_candidate_by_existing_client_id" storage="c:\users\дмитрийбахтенков\skiz\skillaz-backend\src\skillaz.tests\bin\debug\net5.0\skillaz.tests.dll" id="2648be5d-e148-8a09-a4f1-5d5fe926849d">
      <Execution id="ce3db006-b85a-427a-843b-bf6cb7d21e32" />
      <TestMethod codeBase="C:\Users\ДмитрийБахтенков\skiz\skillaz-backend\src\Skillaz.Tests\bin\Debug\net5.0\Skillaz.Tests.dll" adapterTypeName="executor://xunit/VsTestRunner2/netcoreapp" className="Skillaz.Tests.Candidate.Elastic.CandidateElasticFiltration_feature" name="Retrieving_a_candidate_by_existing_client_id" />
    </UnitTest>
    <UnitTest name="Should get token(jwt: &quot;eyJraWQiOiJoaF92aWRlb19pbnRlcnZpZXdfc2tpbGxheiIsIm&quot;...)" storage="c:\users\дмитрийбахтенков\skiz\skillaz-backend\src\skillaz.tests\bin\debug\net5.0\skillaz.tests.dll" id="eff2c871-0a17-2de3-ffea-ee90bb0c14d7">
      <Execution id="3d91be5e-af89-4917-8eba-d67216c18272" />
      <TestMethod codeBase="C:\Users\ДмитрийБахтенков\skiz\skillaz-backend\src\Skillaz.Tests\bin\Debug\net5.0\Skillaz.Tests.dll" adapterTypeName="executor://xunit/VsTestRunner2/netcoreapp" className="Skillaz.Tests.HH.Assessment.HHAssessmentFeature" name="GetEmployerToken" />
    </UnitTest>
    <UnitTest name="Should get token with deleted user for exists company(jwt: &quot;eyJraWQiOiJoaF92aWRlb19pbnRlcnZpZXdfc2tpbGxheiIsIm&quot;...)" storage="c:\users\дмитрийбахтенков\skiz\skillaz-backend\src\skillaz.tests\bin\debug\net5.0\skillaz.tests.dll" id="0ba5bce8-353c-5c17-e558-b54d239e0fa0">
      <Execution id="cb58bb2c-89f3-4e80-aaec-d3214c57c694" />
      <TestMethod codeBase="C:\Users\ДмитрийБахтенков\skiz\skillaz-backend\src\Skillaz.Tests\bin\Debug\net5.0\Skillaz.Tests.dll" adapterTypeName="executor://xunit/VsTestRunner2/netcoreapp" className="Skillaz.Tests.HH.Assessment.HHAssessmentFeature" name="GetEmployerTokenWithoutUser" />
    </UnitTest>
    <UnitTest name="Skillaz.Tests.CompanySpecific.Mvideo.MvideoArchivingHireNeeds_feature.Dont_get_a_org_item_from_open_api_so_archiving_a_hire_heed(planBefore: 5, factBefore: 3, planAfter: 5, factAfter: 2, isArchivedAfter: False)" storage="c:\users\дмитрийбахтенков\skiz\skillaz-backend\src\skillaz.tests\bin\debug\net5.0\skillaz.tests.dll" id="1584d138-2249-0ae8-78f1-bdf6e1a55c70">
      <Execution id="5b06b1b2-a1f3-456b-a3e4-17e8a32b2ba1" />
      <TestMethod codeBase="C:\Users\ДмитрийБахтенков\skiz\skillaz-backend\src\Skillaz.Tests\bin\Debug\net5.0\Skillaz.Tests.dll" adapterTypeName="executor://xunit/VsTestRunner2/netcoreapp" className="Skillaz.Tests.CompanySpecific.Mvideo.MvideoArchivingHireNeeds_feature" name="Dont_get_a_org_item_from_open_api_so_archiving_a_hire_heed" />
    </UnitTest>
    <UnitTest name="Skillaz.Tests.Notifications.Workflow.WorkflowNotificationParameters_feature.Attempt_send_email_notification_with_request_display_name_for_request_workflow" storage="c:\users\дмитрийбахтенков\skiz\skillaz-backend\src\skillaz.tests\bin\debug\net5.0\skillaz.tests.dll" id="c97bf28e-a9c6-bb12-19bc-b270e4fbf71c">
      <Execution id="c03dc0dd-be24-4ad4-bfee-8cbf9d8589bb" />
      <TestMethod codeBase="C:\Users\ДмитрийБахтенков\skiz\skillaz-backend\src\Skillaz.Tests\bin\Debug\net5.0\Skillaz.Tests.dll" adapterTypeName="executor://xunit/VsTestRunner2/netcoreapp" className="Skillaz.Tests.Notifications.Workflow.WorkflowNotificationParameters_feature" name="Attempt_send_email_notification_with_request_display_name_for_request_workflow" />
    </UnitTest>
    <UnitTest name="Skillaz.Tests.ProductionCalendars.ProductionCalendarService_feature.Get_holidays_for_period_should_return_holidays_for_specified_country" storage="c:\users\дмитрийбахтенков\skiz\skillaz-backend\src\skillaz.tests\bin\debug\net5.0\skillaz.tests.dll" id="27d39d16-ec36-2ed1-9f6a-bd91d5addcdc">
      <Execution id="753e9f93-93fd-4cb6-be26-ebd6c732ef2e" />
      <TestMethod codeBase="C:\Users\ДмитрийБахтенков\skiz\skillaz-backend\src\Skillaz.Tests\bin\Debug\net5.0\Skillaz.Tests.dll" adapterTypeName="executor://xunit/VsTestRunner2/netcoreapp" className="Skillaz.Tests.ProductionCalendars.ProductionCalendarService_feature" name="Get_holidays_for_period_should_return_holidays_for_specified_country" />
    </UnitTest>
    <UnitTest name="Skillaz.Tests.TaskTracker.HireRequests.TaskProcess_HireRequest_feature.Successful_process_for_hire_request_created" storage="c:\users\дмитрийбахтенков\skiz\skillaz-backend\src\skillaz.tests\bin\debug\net5.0\skillaz.tests.dll" id="ac6c84f8-e573-fc69-fba4-f9d6d89f8cea">
      <Execution id="4b7aedbd-87c4-4317-92cb-82e275ee5a3c" />
      <TestMethod codeBase="C:\Users\ДмитрийБахтенков\skiz\skillaz-backend\src\Skillaz.Tests\bin\Debug\net5.0\Skillaz.Tests.dll" adapterTypeName="executor://xunit/VsTestRunner2/netcoreapp" className="Skillaz.Tests.TaskTracker.HireRequests.TaskProcess_HireRequest_feature" name="Successful_process_for_hire_request_created" />
    </UnitTest>
    <UnitTest name="Skillaz.Tests.Candidate.Elastic.CandidateElasticFiltration_feature.Retrieving_no_candidates_by_history_tags" storage="c:\users\дмитрийбахтенков\skiz\skillaz-backend\src\skillaz.tests\bin\debug\net5.0\skillaz.tests.dll" id="201d2bfe-3138-1eb6-17e1-ed3d99a6f778">
      <Execution id="283c953d-8a92-4d7d-8038-b6119bd514d5" />
      <TestMethod codeBase="C:\Users\ДмитрийБахтенков\skiz\skillaz-backend\src\Skillaz.Tests\bin\Debug\net5.0\Skillaz.Tests.dll" adapterTypeName="executor://xunit/VsTestRunner2/netcoreapp" className="Skillaz.Tests.Candidate.Elastic.CandidateElasticFiltration_feature" name="Retrieving_no_candidates_by_history_tags" />
    </UnitTest>
    <UnitTest name="Skillaz.Tests.Candidate.Ratings.Ratings_feature.Create_rating" storage="c:\users\дмитрийбахтенков\skiz\skillaz-backend\src\skillaz.tests\bin\debug\net5.0\skillaz.tests.dll" id="bc11d886-c473-7175-c327-bb4b0b0441c4">
      <Execution id="161ecf4d-0250-422a-928e-772798208038" />
      <TestMethod codeBase="C:\Users\ДмитрийБахтенков\skiz\skillaz-backend\src\Skillaz.Tests\bin\Debug\net5.0\Skillaz.Tests.dll" adapterTypeName="executor://xunit/VsTestRunner2/netcoreapp" className="Skillaz.Tests.Candidate.Ratings.Ratings_feature" name="Create_rating" />
    </UnitTest>
    <UnitTest name="Skillaz.Tests.ProcessingRole.CandidateProcessingRoleControllerCandidateProcessingRoleController_feature.RemoveUserProcessingRole" storage="c:\users\дмитрийбахтенков\skiz\skillaz-backend\src\skillaz.tests\bin\debug\net5.0\skillaz.tests.dll" id="8124389a-5583-02b9-259e-e41e8b5bafaf">
      <Execution id="8cc9af3c-3684-4cfc-9338-4262f73d84a7" />
      <TestMethod codeBase="C:\Users\ДмитрийБахтенков\skiz\skillaz-backend\src\Skillaz.Tests\bin\Debug\net5.0\Skillaz.Tests.dll" adapterTypeName="executor://xunit/VsTestRunner2/netcoreapp" className="Skillaz.Tests.ProcessingRole.CandidateProcessingRoleControllerCandidateProcessingRoleController_feature" name="RemoveUserProcessingRole" />
    </UnitTest>
    <UnitTest name="Skillaz.Tests.Assessment.Interviews.TalentQInterview_feature.Getting_a_talentQ_interview_result" storage="c:\users\дмитрийбахтенков\skiz\skillaz-backend\src\skillaz.tests\bin\debug\net5.0\skillaz.tests.dll" id="4a7634ee-a423-106c-c2fb-444672100921">
      <Execution id="a3ab8e88-4ad4-4100-9678-a50c89dee43d" />
      <TestMethod codeBase="C:\Users\ДмитрийБахтенков\skiz\skillaz-backend\src\Skillaz.Tests\bin\Debug\net5.0\Skillaz.Tests.dll" adapterTypeName="executor://xunit/VsTestRunner2/netcoreapp" className="Skillaz.Tests.Assessment.Interviews.TalentQInterview_feature" name="Getting_a_talentQ_interview_result" />
    </UnitTest>
    <UnitTest name="Skillaz.Tests.Configurator.DocumentModel.ListFeature.Проверить_настройки_по_работе_в_списках" storage="c:\users\дмитрийбахтенков\skiz\skillaz-backend\src\skillaz.tests\bin\debug\net5.0\skillaz.tests.dll" id="d3a200e4-3f3c-8ab4-2a87-117b478479d0">
      <Execution id="4bd0962c-b498-4ffc-8df0-1aeb68760317" />
      <TestMethod codeBase="C:\Users\ДмитрийБахтенков\skiz\skillaz-backend\src\Skillaz.Tests\bin\Debug\net5.0\Skillaz.Tests.dll" adapterTypeName="executor://xunit/VsTestRunner2/netcoreapp" className="Skillaz.Tests.Configurator.DocumentModel.ListFeature" name="Проверить_настройки_по_работе_в_списках" />
    </UnitTest>
    <UnitTest name="Skillaz.Tests.CompanySpecific.X5.X5CandidatesBlockerStore_feature.Should_unlock_candidate_When_latest_security_check_is_passed" storage="c:\users\дмитрийбахтенков\skiz\skillaz-backend\src\skillaz.tests\bin\debug\net5.0\skillaz.tests.dll" id="1886c2ef-ecf1-5be7-2cf2-c86a26a047c4">
      <Execution id="b206f6e1-0981-4a8a-8863-bb7f871de5d6" />
      <TestMethod codeBase="C:\Users\ДмитрийБахтенков\skiz\skillaz-backend\src\Skillaz.Tests\bin\Debug\net5.0\Skillaz.Tests.dll" adapterTypeName="executor://xunit/VsTestRunner2/netcoreapp" className="Skillaz.Tests.CompanySpecific.X5.X5CandidatesBlockerStore_feature" name="Should_unlock_candidate_When_latest_security_check_is_passed" />
    </UnitTest>
    <UnitTest name="Skillaz.Tests.CompanySpecific.X5.X5GenerateTimeslots_feature.TimeslotsShouldBeGeneratedFromOrgUnitCreatedDate" storage="c:\users\дмитрийбахтенков\skiz\skillaz-backend\src\skillaz.tests\bin\debug\net5.0\skillaz.tests.dll" id="7c79812c-dd78-b687-4554-8465adfde98f">
      <Execution id="cdfd0b49-b237-421d-957e-1608985e4faa" />
      <TestMethod codeBase="C:\Users\ДмитрийБахтенков\skiz\skillaz-backend\src\Skillaz.Tests\bin\Debug\net5.0\Skillaz.Tests.dll" adapterTypeName="executor://xunit/VsTestRunner2/netcoreapp" className="Skillaz.Tests.CompanySpecific.X5.X5GenerateTimeslots_feature" name="TimeslotsShouldBeGeneratedFromOrgUnitCreatedDate" />
    </UnitTest>
    <UnitTest name="Skillaz.Tests.Helpers.TimeBoundariesHelperFeature.AddHours(lower: 1, upper: 23, timeZone: 3, results: [0, 2, 4, 24])" storage="c:\users\дмитрийбахтенков\skiz\skillaz-backend\src\skillaz.tests\bin\debug\net5.0\skillaz.tests.dll" id="8206b2f4-fb0f-f216-5451-73790adfae5a">
      <Execution id="8ace6428-219c-4952-a447-36a4c57e83bc" />
      <TestMethod codeBase="C:\Users\ДмитрийБахтенков\skiz\skillaz-backend\src\Skillaz.Tests\bin\Debug\net5.0\Skillaz.Tests.dll" adapterTypeName="executor://xunit/VsTestRunner2/netcoreapp" className="Skillaz.Tests.Helpers.TimeBoundariesHelperFeature" name="AddHours" />
    </UnitTest>
    <UnitTest name="Skillaz.Tests.OpenApi.CheckApi.GetCheck_feature.Check_candidate_created_get_by_id" storage="c:\users\дмитрийбахтенков\skiz\skillaz-backend\src\skillaz.tests\bin\debug\net5.0\skillaz.tests.dll" id="83fb1161-91c3-8e53-ef7a-d71a1e83a4d8">
      <Execution id="21c90ad0-eea0-4148-bf55-f562736c927a" />
      <TestMethod codeBase="C:\Users\ДмитрийБахтенков\skiz\skillaz-backend\src\Skillaz.Tests\bin\Debug\net5.0\Skillaz.Tests.dll" adapterTypeName="executor://xunit/VsTestRunner2/netcoreapp" className="Skillaz.Tests.OpenApi.CheckApi.GetCheck_feature" name="Check_candidate_created_get_by_id" />
    </UnitTest>
    <UnitTest name="Skillaz.Tests.Vacancy.VacancyCounters_feature.Filtration_by_hire_request_state_in_hire_request_counters_works_properly" storage="c:\users\дмитрийбахтенков\skiz\skillaz-backend\src\skillaz.tests\bin\debug\net5.0\skillaz.tests.dll" id="053b939c-405d-604f-3e5d-7598a3645717">
      <Execution id="ca43dcd1-c57a-4e92-987b-db60f86325c5" />
      <TestMethod codeBase="C:\Users\ДмитрийБахтенков\skiz\skillaz-backend\src\Skillaz.Tests\bin\Debug\net5.0\Skillaz.Tests.dll" adapterTypeName="executor://xunit/VsTestRunner2/netcoreapp" className="Skillaz.Tests.Vacancy.VacancyCounters_feature" name="Filtration_by_hire_request_state_in_hire_request_counters_works_properly" />
    </UnitTest>
    <UnitTest name="Skillaz.Tests.CompanySpecific.X5.X5CandidatesBlockerStore_feature.Should_reset_oldest_security_check_but_not_resolution" storage="c:\users\дмитрийбахтенков\skiz\skillaz-backend\src\skillaz.tests\bin\debug\net5.0\skillaz.tests.dll" id="9011140b-1eb4-a37b-f9e0-7ef3174ee8f2">
      <Execution id="519896ee-5138-4910-93df-ff4a7a8825d8" />
      <TestMethod codeBase="C:\Users\ДмитрийБахтенков\skiz\skillaz-backend\src\Skillaz.Tests\bin\Debug\net5.0\Skillaz.Tests.dll" adapterTypeName="executor://xunit/VsTestRunner2/netcoreapp" className="Skillaz.Tests.CompanySpecific.X5.X5CandidatesBlockerStore_feature" name="Should_reset_oldest_security_check_but_not_resolution" />
    </UnitTest>
    <UnitTest name="Skillaz.Tests.Configurator.SecurityProfile.ConfiguratorSecurityProfileCandidate_feature.Candidate_is_available_by_request_or_vacancy_without_request_rule" storage="c:\users\дмитрийбахтенков\skiz\skillaz-backend\src\skillaz.tests\bin\debug\net5.0\skillaz.tests.dll" id="749beb22-0b9c-fbc4-1ead-188302960231">
      <Execution id="8055f5ac-dc9e-4328-b3fb-fea9866bdab7" />
      <TestMethod codeBase="C:\Users\ДмитрийБахтенков\skiz\skillaz-backend\src\Skillaz.Tests\bin\Debug\net5.0\Skillaz.Tests.dll" adapterTypeName="executor://xunit/VsTestRunner2/netcoreapp" className="Skillaz.Tests.Configurator.SecurityProfile.ConfiguratorSecurityProfileCandidate_feature" name="Candidate_is_available_by_request_or_vacancy_without_request_rule" />
    </UnitTest>
    <UnitTest name="Skillaz.Tests.Assessment.Interviews.SelfEntryInterview_feature.Getting_a_self_entry_timeslots_by_request_with_period" storage="c:\users\дмитрийбахтенков\skiz\skillaz-backend\src\skillaz.tests\bin\debug\net5.0\skillaz.tests.dll" id="dca001ea-e0a0-0eba-54b4-cfd8e9de5138">
      <Execution id="8b21140b-295d-46ca-964f-2c431d6b1ab7" />
      <TestMethod codeBase="C:\Users\ДмитрийБахтенков\skiz\skillaz-backend\src\Skillaz.Tests\bin\Debug\net5.0\Skillaz.Tests.dll" adapterTypeName="executor://xunit/VsTestRunner2/netcoreapp" className="Skillaz.Tests.Assessment.Interviews.SelfEntryInterview_feature" name="Getting_a_self_entry_timeslots_by_request_with_period" />
    </UnitTest>
    <UnitTest name="Skillaz.Tests.Avito.Publications.AvitoPublishVacancyCommand_feature.ErrorProcessingAvitoApiClient_checking_exceptionMessage_with_statuscode_402_and_billingType_single" storage="c:\users\дмитрийбахтенков\skiz\skillaz-backend\src\skillaz.tests\bin\debug\net5.0\skillaz.tests.dll" id="c18de98e-2c99-4edd-d703-692407d51041">
      <Execution id="80c6c6bb-ef65-495e-88d7-8e0c39ed0ae3" />
      <TestMethod codeBase="C:\Users\ДмитрийБахтенков\skiz\skillaz-backend\src\Skillaz.Tests\bin\Debug\net5.0\Skillaz.Tests.dll" adapterTypeName="executor://xunit/VsTestRunner2/netcoreapp" className="Skillaz.Tests.Avito.Publications.AvitoPublishVacancyCommand_feature" name="ErrorProcessingAvitoApiClient_checking_exceptionMessage_with_statuscode_402_and_billingType_single" />
    </UnitTest>
    <UnitTest name="Skillaz.Tests.Candidate.Appointments.SetAppointmentOnStatusChange_feature.Update_appointment_by_setting_other_time" storage="c:\users\дмитрийбахтенков\skiz\skillaz-backend\src\skillaz.tests\bin\debug\net5.0\skillaz.tests.dll" id="20393264-d295-28a1-fad7-20a2f04ab129">
      <Execution id="90510236-8051-4e41-ba67-cd8654a212ba" />
      <TestMethod codeBase="C:\Users\ДмитрийБахтенков\skiz\skillaz-backend\src\Skillaz.Tests\bin\Debug\net5.0\Skillaz.Tests.dll" adapterTypeName="executor://xunit/VsTestRunner2/netcoreapp" className="Skillaz.Tests.Candidate.Appointments.SetAppointmentOnStatusChange_feature" name="Update_appointment_by_setting_other_time" />
    </UnitTest>
    <UnitTest name="Skillaz.Tests.Candidate.Elastic.CandidateElasticFiltration_feature.Retrieving_candidates_by_appointment" storage="c:\users\дмитрийбахтенков\skiz\skillaz-backend\src\skillaz.tests\bin\debug\net5.0\skillaz.tests.dll" id="e55901a6-3a33-8256-bf90-1e4123443361">
      <Execution id="ddbe88d3-e4a9-4b9c-8087-19dd4eb0b20a" />
      <TestMethod codeBase="C:\Users\ДмитрийБахтенков\skiz\skillaz-backend\src\Skillaz.Tests\bin\Debug\net5.0\Skillaz.Tests.dll" adapterTypeName="executor://xunit/VsTestRunner2/netcoreapp" className="Skillaz.Tests.Candidate.Elastic.CandidateElasticFiltration_feature" name="Retrieving_candidates_by_appointment" />
    </UnitTest>
    <UnitTest name="Расширение файла не должно совпадать с его содержимым(fileName: &quot;Workbook.xlsx&quot;, alterName: &quot;.png&quot;)" storage="c:\users\дмитрийбахтенков\skiz\skillaz-backend\src\skillaz.tests\bin\debug\net5.0\skillaz.tests.dll" id="844d5bc2-3ad9-8cde-1e47-817a5b77692a">
      <Execution id="18f9ca6d-c330-45e2-a397-438893600f9d" />
      <TestMethod codeBase="C:\Users\ДмитрийБахтенков\skiz\skillaz-backend\src\Skillaz.Tests\bin\Debug\net5.0\Skillaz.Tests.dll" adapterTypeName="executor://xunit/VsTestRunner2/netcoreapp" className="Skillaz.Testing.Run.System.Security.FileContentCheckerTests" name="FileExtensionShouldDoNotMatchContent" />
    </UnitTest>
    <UnitTest name="Skillaz.Tests.CompanySpecific.GazpromNeft.SwitchRequestToClosedOnCandidateHire_feature.Getting_a_result_of_filter_building" storage="c:\users\дмитрийбахтенков\skiz\skillaz-backend\src\skillaz.tests\bin\debug\net5.0\skillaz.tests.dll" id="6c4b0163-9bc9-56b5-6ffb-724152b0a509">
      <Execution id="434d9c34-86f7-49ef-b1af-9d978b604ad9" />
      <TestMethod codeBase="C:\Users\ДмитрийБахтенков\skiz\skillaz-backend\src\Skillaz.Tests\bin\Debug\net5.0\Skillaz.Tests.dll" adapterTypeName="executor://xunit/VsTestRunner2/netcoreapp" className="Skillaz.Tests.CompanySpecific.GazpromNeft.SwitchRequestToClosedOnCandidateHire_feature" name="Getting_a_result_of_filter_building" />
    </UnitTest>
    <UnitTest name="Skillaz.Tests.BJ.BJApiClient_feature.BJ_API_client_creates_with_expired_authorization" storage="c:\users\дмитрийбахтенков\skiz\skillaz-backend\src\skillaz.tests\bin\debug\net5.0\skillaz.tests.dll" id="b9327af8-0b17-6089-db71-f719caaa9e8d">
      <Execution id="89a717ed-5a13-4b13-a0df-0cdc4a8d519f" />
      <TestMethod codeBase="C:\Users\ДмитрийБахтенков\skiz\skillaz-backend\src\Skillaz.Tests\bin\Debug\net5.0\Skillaz.Tests.dll" adapterTypeName="executor://xunit/VsTestRunner2/netcoreapp" className="Skillaz.Tests.BJ.BJApiClient_feature" name="BJ_API_client_creates_with_expired_authorization" />
    </UnitTest>
    <UnitTest name="Skillaz.Tests.CompanySpecific.X5.X5CandidatesBlockerStore_feature.Should_set_blocking_date_When_latest_security_check_not_passed" storage="c:\users\дмитрийбахтенков\skiz\skillaz-backend\src\skillaz.tests\bin\debug\net5.0\skillaz.tests.dll" id="d0848841-05a9-46c3-f40e-e4d0c20e682a">
      <Execution id="d1e73ded-b0c0-4a39-b710-4eb8abbe1251" />
      <TestMethod codeBase="C:\Users\ДмитрийБахтенков\skiz\skillaz-backend\src\Skillaz.Tests\bin\Debug\net5.0\Skillaz.Tests.dll" adapterTypeName="executor://xunit/VsTestRunner2/netcoreapp" className="Skillaz.Tests.CompanySpecific.X5.X5CandidatesBlockerStore_feature" name="Should_set_blocking_date_When_latest_security_check_not_passed" />
    </UnitTest>
    <UnitTest name="Skillaz.Tests.Assessment.Questionnaires.QuizQuestionnaire_feature.Creating_a_quiz_questionnaire" storage="c:\users\дмитрийбахтенков\skiz\skillaz-backend\src\skillaz.tests\bin\debug\net5.0\skillaz.tests.dll" id="6680b9a3-fe15-707d-eebf-2dcdcc444748">
      <Execution id="90661583-571d-43b2-bf88-aabb9c3761c7" />
      <TestMethod codeBase="C:\Users\ДмитрийБахтенков\skiz\skillaz-backend\src\Skillaz.Tests\bin\Debug\net5.0\Skillaz.Tests.dll" adapterTypeName="executor://xunit/VsTestRunner2/netcoreapp" className="Skillaz.Tests.Assessment.Questionnaires.QuizQuestionnaire_feature" name="Creating_a_quiz_questionnaire" />
    </UnitTest>
    <UnitTest name="Skillaz.Tests.Candidate.RestrictionsVisibilityCandidatesStatuses_feature.User_has_visibility_statuses_and_he_can_see_candidates" storage="c:\users\дмитрийбахтенков\skiz\skillaz-backend\src\skillaz.tests\bin\debug\net5.0\skillaz.tests.dll" id="d86801d4-d884-8230-285b-f76728c1d308">
      <Execution id="e1a065f3-f6e2-4fdc-b4c5-d8b4e2441136" />
      <TestMethod codeBase="C:\Users\ДмитрийБахтенков\skiz\skillaz-backend\src\Skillaz.Tests\bin\Debug\net5.0\Skillaz.Tests.dll" adapterTypeName="executor://xunit/VsTestRunner2/netcoreapp" className="Skillaz.Tests.Candidate.RestrictionsVisibilityCandidatesStatuses_feature" name="User_has_visibility_statuses_and_he_can_see_candidates" />
    </UnitTest>
    <UnitTest name="Skillaz.Tests.Candidate.RoleRestrictionControllerEndpoints_feature.User_without_restriction_cant_update" storage="c:\users\дмитрийбахтенков\skiz\skillaz-backend\src\skillaz.tests\bin\debug\net5.0\skillaz.tests.dll" id="0ee64665-9e91-5618-4b51-84e625c33f11">
      <Execution id="328eb3fa-b146-4df7-b1d0-ca239478ce7b" />
      <TestMethod codeBase="C:\Users\ДмитрийБахтенков\skiz\skillaz-backend\src\Skillaz.Tests\bin\Debug\net5.0\Skillaz.Tests.dll" adapterTypeName="executor://xunit/VsTestRunner2/netcoreapp" className="Skillaz.Tests.Candidate.RoleRestrictionControllerEndpoints_feature" name="User_without_restriction_cant_update" />
    </UnitTest>
    <UnitTest name="Skillaz.Tests.HH.HHApiClient_feature.HH_API_anonymous_client_creates_without_accounts" storage="c:\users\дмитрийбахтенков\skiz\skillaz-backend\src\skillaz.tests\bin\debug\net5.0\skillaz.tests.dll" id="c28d61ae-e3f5-4743-d5ec-172555b33b59">
      <Execution id="a6ba77cb-9ffa-4d25-a69a-fccd7c201603" />
      <TestMethod codeBase="C:\Users\ДмитрийБахтенков\skiz\skillaz-backend\src\Skillaz.Tests\bin\Debug\net5.0\Skillaz.Tests.dll" adapterTypeName="executor://xunit/VsTestRunner2/netcoreapp" className="Skillaz.Tests.HH.HHApiClient_feature" name="HH_API_anonymous_client_creates_without_accounts" />
    </UnitTest>
    <UnitTest name="Расширение файла недолжно совпадает с его типом, но нужно переименовать для полного совпадения(alterName: &quot;Doc.doc&quot;, fileName: &quot;Doc.docx&quot;)" storage="c:\users\дмитрийбахтенков\skiz\skillaz-backend\src\skillaz.tests\bin\debug\net5.0\skillaz.tests.dll" id="06375324-ff7b-f1b0-62d3-0567f833ac5f">
      <Execution id="1d5c0fb9-ec91-43c5-922e-7f6e8f873cd2" />
      <TestMethod codeBase="C:\Users\ДмитрийБахтенков\skiz\skillaz-backend\src\Skillaz.Tests\bin\Debug\net5.0\Skillaz.Tests.dll" adapterTypeName="executor://xunit/VsTestRunner2/netcoreapp" className="Skillaz.Testing.Run.System.Security.FileContentCheckerTests" name="FileExtensionShouldBeRenamedToMatchContent" />
    </UnitTest>
    <UnitTest name="Skillaz.Tests.DocumentModels.FieldValueComparerTests.IntegerComparison(firstValue: 100, secondValue: 100, result: True)" storage="c:\users\дмитрийбахтенков\skiz\skillaz-backend\src\skillaz.tests\bin\debug\net5.0\skillaz.tests.dll" id="70838366-eed6-5e36-3655-9a4a7bd2c975">
      <Execution id="3d24f23d-ef54-4cc9-aa7c-bbce7796f6f2" />
      <TestMethod codeBase="C:\Users\ДмитрийБахтенков\skiz\skillaz-backend\src\Skillaz.Tests\bin\Debug\net5.0\Skillaz.Tests.dll" adapterTypeName="executor://xunit/VsTestRunner2/netcoreapp" className="Skillaz.Tests.DocumentModels.FieldValueComparerTests" name="IntegerComparison" />
    </UnitTest>
    <UnitTest name="Skillaz.Tests.Users.UserDbOperations_feature.Check_the_user_is_not_found_on_other_company" storage="c:\users\дмитрийбахтенков\skiz\skillaz-backend\src\skillaz.tests\bin\debug\net5.0\skillaz.tests.dll" id="8624046a-b768-c5c2-0f58-174da907c93c">
      <Execution id="66ef7666-b233-410c-9a6b-98d45b880d91" />
      <TestMethod codeBase="C:\Users\ДмитрийБахтенков\skiz\skillaz-backend\src\Skillaz.Tests\bin\Debug\net5.0\Skillaz.Tests.dll" adapterTypeName="executor://xunit/VsTestRunner2/netcoreapp" className="Skillaz.Tests.Users.UserDbOperations_feature" name="Check_the_user_is_not_found_on_other_company" />
    </UnitTest>
    <UnitTest name="Skillaz.Tests.CompanySpecific.Perekrestok.PerekrestokOrgUnitPositionCreateOrUpdate_feature.Cancel_request_for_closing_soon_position" storage="c:\users\дмитрийбахтенков\skiz\skillaz-backend\src\skillaz.tests\bin\debug\net5.0\skillaz.tests.dll" id="6e9d5866-39dd-1b3d-2fde-7ddaf2286299">
      <Execution id="72c99918-cdd0-4600-bfb6-36971077b0d0" />
      <TestMethod codeBase="C:\Users\ДмитрийБахтенков\skiz\skillaz-backend\src\Skillaz.Tests\bin\Debug\net5.0\Skillaz.Tests.dll" adapterTypeName="executor://xunit/VsTestRunner2/netcoreapp" className="Skillaz.Tests.CompanySpecific.Perekrestok.PerekrestokOrgUnitPositionCreateOrUpdate_feature" name="Cancel_request_for_closing_soon_position" />
    </UnitTest>
    <UnitTest name="Skillaz.Tests.Configurator.DocumentModel.RefFeature.Проверить_настройку_Ref" storage="c:\users\дмитрийбахтенков\skiz\skillaz-backend\src\skillaz.tests\bin\debug\net5.0\skillaz.tests.dll" id="4b627e93-05c1-3f8b-69ad-959ea8c029c5">
      <Execution id="4f95ef76-542e-46d2-95b1-35c8c6a6d286" />
      <TestMethod codeBase="C:\Users\ДмитрийБахтенков\skiz\skillaz-backend\src\Skillaz.Tests\bin\Debug\net5.0\Skillaz.Tests.dll" adapterTypeName="executor://xunit/VsTestRunner2/netcoreapp" className="Skillaz.Tests.Configurator.DocumentModel.RefFeature" name="Проверить_настройку_Ref" />
    </UnitTest>
    <UnitTest name="Skillaz.Tests.Assessment.Scenario_feature.Getting_scenario_list" storage="c:\users\дмитрийбахтенков\skiz\skillaz-backend\src\skillaz.tests\bin\debug\net5.0\skillaz.tests.dll" id="d7c5ef52-816c-7850-caa7-10642d9f81e3">
      <Execution id="7c84c752-7450-47d9-a85a-ed85cb8be594" />
      <TestMethod codeBase="C:\Users\ДмитрийБахтенков\skiz\skillaz-backend\src\Skillaz.Tests\bin\Debug\net5.0\Skillaz.Tests.dll" adapterTypeName="executor://xunit/VsTestRunner2/netcoreapp" className="Skillaz.Tests.Assessment.Scenario_feature" name="Getting_scenario_list" />
    </UnitTest>
    <UnitTest name="Skillaz.Tests.Controllers.CandidateAutoloadFilterController_feature.Check_Post_GetAllFilter" storage="c:\users\дмитрийбахтенков\skiz\skillaz-backend\src\skillaz.tests\bin\debug\net5.0\skillaz.tests.dll" id="ee446746-973b-9f7f-5d57-37df87215421">
      <Execution id="bdc7a945-834a-45dc-b468-594a1d6e8206" />
      <TestMethod codeBase="C:\Users\ДмитрийБахтенков\skiz\skillaz-backend\src\Skillaz.Tests\bin\Debug\net5.0\Skillaz.Tests.dll" adapterTypeName="executor://xunit/VsTestRunner2/netcoreapp" className="Skillaz.Tests.Controllers.CandidateAutoloadFilterController_feature" name="Check_Post_GetAllFilter" />
    </UnitTest>
    <UnitTest name="Skillaz.Tests.Assessment.Questionnaires.AudioQuestionnaire_feature.Getting_a_questionnaire_list" storage="c:\users\дмитрийбахтенков\skiz\skillaz-backend\src\skillaz.tests\bin\debug\net5.0\skillaz.tests.dll" id="a573ef4e-0223-b309-d8d4-3f13a9d3de90">
      <Execution id="10498fd9-109d-4557-86fe-059849bb6381" />
      <TestMethod codeBase="C:\Users\ДмитрийБахтенков\skiz\skillaz-backend\src\Skillaz.Tests\bin\Debug\net5.0\Skillaz.Tests.dll" adapterTypeName="executor://xunit/VsTestRunner2/netcoreapp" className="Skillaz.Tests.Assessment.Questionnaires.AudioQuestionnaire_feature" name="Getting_a_questionnaire_list" />
    </UnitTest>
    <UnitTest name="Skillaz.Tests.Candidate.Ratings.CreateCandidateRatingFromOpenApi_feature.Candidate_rating_with_int_score_created" storage="c:\users\дмитрийбахтенков\skiz\skillaz-backend\src\skillaz.tests\bin\debug\net5.0\skillaz.tests.dll" id="d10a6893-6ae0-cc03-60c6-7f0311aebcb5">
      <Execution id="d7975789-586a-4b2c-bd79-368345ad784b" />
      <TestMethod codeBase="C:\Users\ДмитрийБахтенков\skiz\skillaz-backend\src\Skillaz.Tests\bin\Debug\net5.0\Skillaz.Tests.dll" adapterTypeName="executor://xunit/VsTestRunner2/netcoreapp" className="Skillaz.Tests.Candidate.Ratings.CreateCandidateRatingFromOpenApi_feature" name="Candidate_rating_with_int_score_created" />
    </UnitTest>
    <UnitTest name="Skillaz.Tests.Configurator.DocumentModel.RefFeature.Проверить_настройку_Ref_через_ExternalId" storage="c:\users\дмитрийбахтенков\skiz\skillaz-backend\src\skillaz.tests\bin\debug\net5.0\skillaz.tests.dll" id="10abce2a-667d-fab4-5fe9-ebfa7b54933e">
      <Execution id="d936773e-bcee-4f1f-885a-b6aaa5bf8446" />
      <TestMethod codeBase="C:\Users\ДмитрийБахтенков\skiz\skillaz-backend\src\Skillaz.Tests\bin\Debug\net5.0\Skillaz.Tests.dll" adapterTypeName="executor://xunit/VsTestRunner2/netcoreapp" className="Skillaz.Tests.Configurator.DocumentModel.RefFeature" name="Проверить_настройку_Ref_через_ExternalId" />
    </UnitTest>
    <UnitTest name="Skillaz.Tests.Authorization.AuthLoginWorkflowService_Restore_feature.Do_final_step_restore_by_email_expects_password_is_changed_to_correct_one" storage="c:\users\дмитрийбахтенков\skiz\skillaz-backend\src\skillaz.tests\bin\debug\net5.0\skillaz.tests.dll" id="f3b9dd22-ec71-6717-48b4-57721951f8bf">
      <Execution id="a65402d3-0c20-46d1-b3f7-405dc18aa3c9" />
      <TestMethod codeBase="C:\Users\ДмитрийБахтенков\skiz\skillaz-backend\src\Skillaz.Tests\bin\Debug\net5.0\Skillaz.Tests.dll" adapterTypeName="executor://xunit/VsTestRunner2/netcoreapp" className="Skillaz.Tests.Authorization.AuthLoginWorkflowService_Restore_feature" name="Do_final_step_restore_by_email_expects_password_is_changed_to_correct_one" />
    </UnitTest>
    <UnitTest name="Skillaz.Tests.Candidate.Checks.CheckFromConfigurator_feature.Auto_start_check_with_include_conditions_tags_in_candidate" storage="c:\users\дмитрийбахтенков\skiz\skillaz-backend\src\skillaz.tests\bin\debug\net5.0\skillaz.tests.dll" id="f17a38ac-87bf-a0bc-254a-ff8349a2217d">
      <Execution id="c1966b45-c61e-4ff0-8f10-b884239611fe" />
      <TestMethod codeBase="C:\Users\ДмитрийБахтенков\skiz\skillaz-backend\src\Skillaz.Tests\bin\Debug\net5.0\Skillaz.Tests.dll" adapterTypeName="executor://xunit/VsTestRunner2/netcoreapp" className="Skillaz.Tests.Candidate.Checks.CheckFromConfigurator_feature" name="Auto_start_check_with_include_conditions_tags_in_candidate" />
    </UnitTest>
    <UnitTest name="Skillaz.Tests.CompanySpecific.GazpromNeft.GazpromImportBlueReport_feature.Change_workplace_reference_where_workplace_is_not_active" storage="c:\users\дмитрийбахтенков\skiz\skillaz-backend\src\skillaz.tests\bin\debug\net5.0\skillaz.tests.dll" id="97b6b726-7205-f134-702d-ef0dadcef239">
      <Execution id="88bc4b6d-c702-43ce-8825-0d878deb7a5e" />
      <TestMethod codeBase="C:\Users\ДмитрийБахтенков\skiz\skillaz-backend\src\Skillaz.Tests\bin\Debug\net5.0\Skillaz.Tests.dll" adapterTypeName="executor://xunit/VsTestRunner2/netcoreapp" className="Skillaz.Tests.CompanySpecific.GazpromNeft.GazpromImportBlueReport_feature" name="Change_workplace_reference_where_workplace_is_not_active" />
    </UnitTest>
    <UnitTest name="Skillaz.Tests.SupportChats.SupportChats_feature.Reply_to_agent" storage="c:\users\дмитрийбахтенков\skiz\skillaz-backend\src\skillaz.tests\bin\debug\net5.0\skillaz.tests.dll" id="b02f6b6e-fc4e-19cf-2d01-b151e8219f88">
      <Execution id="b4fa19d2-8ca5-401f-951e-3e7da57a8a36" />
      <TestMethod codeBase="C:\Users\ДмитрийБахтенков\skiz\skillaz-backend\src\Skillaz.Tests\bin\Debug\net5.0\Skillaz.Tests.dll" adapterTypeName="executor://xunit/VsTestRunner2/netcoreapp" className="Skillaz.Tests.SupportChats.SupportChats_feature" name="Reply_to_agent" />
    </UnitTest>
    <UnitTest name="Skillaz.Tests.DocumentModels.Refs.RefMechanic.Зависимые_поля_подставляются_и_обновляются" storage="c:\users\дмитрийбахтенков\skiz\skillaz-backend\src\skillaz.tests\bin\debug\net5.0\skillaz.tests.dll" id="a30b4c46-43d6-c47e-0498-27d73b58413a">
      <Execution id="ae754ba8-9fba-4d1b-9c53-d3bf8a76ffeb" />
      <TestMethod codeBase="C:\Users\ДмитрийБахтенков\skiz\skillaz-backend\src\Skillaz.Tests\bin\Debug\net5.0\Skillaz.Tests.dll" adapterTypeName="executor://xunit/VsTestRunner2/netcoreapp" className="Skillaz.Tests.DocumentModels.Refs.RefMechanic" name="Зависимые_поля_подставляются_и_обновляются" />
    </UnitTest>
    <UnitTest name="Skillaz.Tests.Assessment.Publications.VacancyPubliction_feature.Vacancy_publication_document_model_building" storage="c:\users\дмитрийбахтенков\skiz\skillaz-backend\src\skillaz.tests\bin\debug\net5.0\skillaz.tests.dll" id="a937cdb3-d272-5880-60db-f041224fdb9f">
      <Execution id="bbfb3c87-47b8-49e7-ab2d-07dd0a99dafa" />
      <TestMethod codeBase="C:\Users\ДмитрийБахтенков\skiz\skillaz-backend\src\Skillaz.Tests\bin\Debug\net5.0\Skillaz.Tests.dll" adapterTypeName="executor://xunit/VsTestRunner2/netcoreapp" className="Skillaz.Tests.Assessment.Publications.VacancyPubliction_feature" name="Vacancy_publication_document_model_building" />
    </UnitTest>
    <UnitTest name="Skillaz.Tests.Configurator.DocumentModel.FromRegistryFeature.Check_FromRegistry_fields_filled_with_externalId" storage="c:\users\дмитрийбахтенков\skiz\skillaz-backend\src\skillaz.tests\bin\debug\net5.0\skillaz.tests.dll" id="10a10989-0b74-87a3-5a6c-4b1983eb2c86">
      <Execution id="d227eaef-4fe6-494d-9e9b-a3dfd6816369" />
      <TestMethod codeBase="C:\Users\ДмитрийБахтенков\skiz\skillaz-backend\src\Skillaz.Tests\bin\Debug\net5.0\Skillaz.Tests.dll" adapterTypeName="executor://xunit/VsTestRunner2/netcoreapp" className="Skillaz.Tests.Configurator.DocumentModel.FromRegistryFeature" name="Check_FromRegistry_fields_filled_with_externalId" />
    </UnitTest>
    <UnitTest name="Skillaz.Tests.DocumentModels.LegacyVacancyDocuments.LegacyVacancyDocumentWhereAnd_feature.GetIds_ProcessingAll" storage="c:\users\дмитрийбахтенков\skiz\skillaz-backend\src\skillaz.tests\bin\debug\net5.0\skillaz.tests.dll" id="ec3cd668-3d93-67fb-04fb-c8283a0b8ee2">
      <Execution id="c5ad6cc1-3dcb-4cf3-acae-9f34e85be47d" />
      <TestMethod codeBase="C:\Users\ДмитрийБахтенков\skiz\skillaz-backend\src\Skillaz.Tests\bin\Debug\net5.0\Skillaz.Tests.dll" adapterTypeName="executor://xunit/VsTestRunner2/netcoreapp" className="Skillaz.Tests.DocumentModels.LegacyVacancyDocuments.LegacyVacancyDocumentWhereAnd_feature" name="GetIds_ProcessingAll" />
    </UnitTest>
    <UnitTest name="Skillaz.Tests.DocumentModels.FieldValueComparerTests.DifferentTypeComparison(firstValue: 0, secondValue: False)" storage="c:\users\дмитрийбахтенков\skiz\skillaz-backend\src\skillaz.tests\bin\debug\net5.0\skillaz.tests.dll" id="314b6d50-f7e2-e18d-c7f0-8cb027984311">
      <Execution id="9d97f5e5-ef54-4875-b4ac-bedef7f1f0a3" />
      <TestMethod codeBase="C:\Users\ДмитрийБахтенков\skiz\skillaz-backend\src\Skillaz.Tests\bin\Debug\net5.0\Skillaz.Tests.dll" adapterTypeName="executor://xunit/VsTestRunner2/netcoreapp" className="Skillaz.Tests.DocumentModels.FieldValueComparerTests" name="DifferentTypeComparison" />
    </UnitTest>
    <UnitTest name="Skillaz.Tests.Configurator.WorkflowEngine.LoadFeature.Загрузить_конфигурацию_процесса" storage="c:\users\дмитрийбахтенков\skiz\skillaz-backend\src\skillaz.tests\bin\debug\net5.0\skillaz.tests.dll" id="0f57bac2-04f2-8693-e8b9-14775752cee5">
      <Execution id="a6900c04-cd9b-4f44-b71e-6d71d636636a" />
      <TestMethod codeBase="C:\Users\ДмитрийБахтенков\skiz\skillaz-backend\src\Skillaz.Tests\bin\Debug\net5.0\Skillaz.Tests.dll" adapterTypeName="executor://xunit/VsTestRunner2/netcoreapp" className="Skillaz.Tests.Configurator.WorkflowEngine.LoadFeature" name="Загрузить_конфигурацию_процесса" />
    </UnitTest>
    <UnitTest name="Skillaz.Tests.Configurator.DocumentModel.ValidationFeature.Проверить_настройку_значений_валидации(positionsCount: 2, salaryFrom: 3, gmt: 2, expected: False)" storage="c:\users\дмитрийбахтенков\skiz\skillaz-backend\src\skillaz.tests\bin\debug\net5.0\skillaz.tests.dll" id="71bfb71b-9688-8e90-7438-b188db608146">
      <Execution id="d4b031f4-26ce-49cf-a358-0194bd653413" />
      <TestMethod codeBase="C:\Users\ДмитрийБахтенков\skiz\skillaz-backend\src\Skillaz.Tests\bin\Debug\net5.0\Skillaz.Tests.dll" adapterTypeName="executor://xunit/VsTestRunner2/netcoreapp" className="Skillaz.Tests.Configurator.DocumentModel.ValidationFeature" name="Проверить_настройку_значений_валидации" />
    </UnitTest>
    <UnitTest name="Skillaz.Tests.DocumentModels.FieldValueComparerTests.DifferentTypeComparison(firstValue: &quot;a&quot;, secondValue: 'a')" storage="c:\users\дмитрийбахтенков\skiz\skillaz-backend\src\skillaz.tests\bin\debug\net5.0\skillaz.tests.dll" id="f5a74d27-39b9-b474-177a-14562c658170">
      <Execution id="56f0b3ee-692c-4e25-849b-a6d61d528d7a" />
      <TestMethod codeBase="C:\Users\ДмитрийБахтенков\skiz\skillaz-backend\src\Skillaz.Tests\bin\Debug\net5.0\Skillaz.Tests.dll" adapterTypeName="executor://xunit/VsTestRunner2/netcoreapp" className="Skillaz.Tests.DocumentModels.FieldValueComparerTests" name="DifferentTypeComparison" />
    </UnitTest>
    <UnitTest name="Skillaz.Tests.DocumentModels.FieldValueComparerTests.StringComparison(firstValue: &quot;abcde&quot;, secondValue: &quot;abcdef&quot;, result: False)" storage="c:\users\дмитрийбахтенков\skiz\skillaz-backend\src\skillaz.tests\bin\debug\net5.0\skillaz.tests.dll" id="80a979ee-5b81-96ec-4842-a4da85a552e3">
      <Execution id="22fcc7f5-62a8-4b48-a3ef-60eaaa155807" />
      <TestMethod codeBase="C:\Users\ДмитрийБахтенков\skiz\skillaz-backend\src\Skillaz.Tests\bin\Debug\net5.0\Skillaz.Tests.dll" adapterTypeName="executor://xunit/VsTestRunner2/netcoreapp" className="Skillaz.Tests.DocumentModels.FieldValueComparerTests" name="StringComparison" />
    </UnitTest>
    <UnitTest name="Skillaz.Tests.Telephony.CallList_ExtendFilter_feature.CheckMultiFilterIncludeAndExclude" storage="c:\users\дмитрийбахтенков\skiz\skillaz-backend\src\skillaz.tests\bin\debug\net5.0\skillaz.tests.dll" id="e4154e0e-b6dd-75cd-e04f-34cd960d2bda">
      <Execution id="db4bb8d3-2fe7-4327-b569-caeb01fd1563" />
      <TestMethod codeBase="C:\Users\ДмитрийБахтенков\skiz\skillaz-backend\src\Skillaz.Tests\bin\Debug\net5.0\Skillaz.Tests.dll" adapterTypeName="executor://xunit/VsTestRunner2/netcoreapp" className="Skillaz.Tests.Telephony.CallList_ExtendFilter_feature" name="CheckMultiFilterIncludeAndExclude" />
    </UnitTest>
    <UnitTest name="Skillaz.Tests.Telephony.CallList_RatingFilter_feature.CandidateFilterRatingRange" storage="c:\users\дмитрийбахтенков\skiz\skillaz-backend\src\skillaz.tests\bin\debug\net5.0\skillaz.tests.dll" id="ced47903-b940-6b08-69cc-d76d7783a83e">
      <Execution id="5880ce05-10b1-43e9-8953-9286199f63c0" />
      <TestMethod codeBase="C:\Users\ДмитрийБахтенков\skiz\skillaz-backend\src\Skillaz.Tests\bin\Debug\net5.0\Skillaz.Tests.dll" adapterTypeName="executor://xunit/VsTestRunner2/netcoreapp" className="Skillaz.Tests.Telephony.CallList_RatingFilter_feature" name="CandidateFilterRatingRange" />
    </UnitTest>
    <UnitTest name="Skillaz.Tests.CompanySpecific.GazpromNeft.GazpromImportBlueReport_feature.Change_position_count_request_where_position_count_greater_than_zero_and_less_fact" storage="c:\users\дмитрийбахтенков\skiz\skillaz-backend\src\skillaz.tests\bin\debug\net5.0\skillaz.tests.dll" id="78b96fbf-9b5c-b48c-611e-fb5f68dd7c98">
      <Execution id="253ed5c6-8924-4321-a0b4-7c500696d17c" />
      <TestMethod codeBase="C:\Users\ДмитрийБахтенков\skiz\skillaz-backend\src\Skillaz.Tests\bin\Debug\net5.0\Skillaz.Tests.dll" adapterTypeName="executor://xunit/VsTestRunner2/netcoreapp" className="Skillaz.Tests.CompanySpecific.GazpromNeft.GazpromImportBlueReport_feature" name="Change_position_count_request_where_position_count_greater_than_zero_and_less_fact" />
    </UnitTest>
    <UnitTest name="Skillaz.Tests.Candidate.Checks.FilterChecksBasedOnIsNeedToShow_feature.Get_candidate_check_list_by_valid_user" storage="c:\users\дмитрийбахтенков\skiz\skillaz-backend\src\skillaz.tests\bin\debug\net5.0\skillaz.tests.dll" id="83f3f7e5-b346-9d5c-ebf5-790abf37675f">
      <Execution id="abb6fdf6-99ab-4254-b002-c131a4701286" />
      <TestMethod codeBase="C:\Users\ДмитрийБахтенков\skiz\skillaz-backend\src\Skillaz.Tests\bin\Debug\net5.0\Skillaz.Tests.dll" adapterTypeName="executor://xunit/VsTestRunner2/netcoreapp" className="Skillaz.Tests.Candidate.Checks.FilterChecksBasedOnIsNeedToShow_feature" name="Get_candidate_check_list_by_valid_user" />
    </UnitTest>
    <UnitTest name="Skillaz.Tests.AsyncEnumerable.AsyncEnumerableTests.Where_works_for_async_enumerable" storage="c:\users\дмитрийбахтенков\skiz\skillaz-backend\src\skillaz.tests\bin\debug\net5.0\skillaz.tests.dll" id="531a3fed-3a09-5fe3-c631-748cd6aa89f8">
      <Execution id="17108796-8a2e-4f8e-8e99-750cfde12ccc" />
      <TestMethod codeBase="C:\Users\ДмитрийБахтенков\skiz\skillaz-backend\src\Skillaz.Tests\bin\Debug\net5.0\Skillaz.Tests.dll" adapterTypeName="executor://xunit/VsTestRunner2/netcoreapp" className="Skillaz.Tests.AsyncEnumerable.AsyncEnumerableTests" name="Where_works_for_async_enumerable" />
    </UnitTest>
    <UnitTest name="Skillaz.Tests.HH.HHWebhook_feature.HH_NewNegotiationVacancyCalled" storage="c:\users\дмитрийбахтенков\skiz\skillaz-backend\src\skillaz.tests\bin\debug\net5.0\skillaz.tests.dll" id="f2c06541-4543-c888-05f5-44be5810d51f">
      <Execution id="989312d6-3813-4f45-98ea-1828453c61b6" />
      <TestMethod codeBase="C:\Users\ДмитрийБахтенков\skiz\skillaz-backend\src\Skillaz.Tests\bin\Debug\net5.0\Skillaz.Tests.dll" adapterTypeName="executor://xunit/VsTestRunner2/netcoreapp" className="Skillaz.Tests.HH.HHWebhook_feature" name="HH_NewNegotiationVacancyCalled" />
    </UnitTest>
    <UnitTest name="Skillaz.Tests.CompanySpecific.Sberbank.SberPositionsTests.SberPositionCommand_should_work_as_expected(vacancyName: &quot;Специалист контактного центра&quot;, expectedPositionId: &quot;contact_center&quot;)" storage="c:\users\дмитрийбахтенков\skiz\skillaz-backend\src\skillaz.tests\bin\debug\net5.0\skillaz.tests.dll" id="d7a40763-4246-0cc9-df11-0fbe5560c164">
      <Execution id="cf0c7d89-ed1a-41a9-8b55-b8212624785e" />
      <TestMethod codeBase="C:\Users\ДмитрийБахтенков\skiz\skillaz-backend\src\Skillaz.Tests\bin\Debug\net5.0\Skillaz.Tests.dll" adapterTypeName="executor://xunit/VsTestRunner2/netcoreapp" className="Skillaz.Tests.CompanySpecific.Sberbank.SberPositionsTests" name="SberPositionCommand_should_work_as_expected" />
    </UnitTest>
    <UnitTest name="Skillaz.Tests.Configurator.WorkflowEngine.ConfiguratorWorkflowNotifications_reature.ConfiguratorWorkflow_Check_that_notification_exists_in_workflow" storage="c:\users\дмитрийбахтенков\skiz\skillaz-backend\src\skillaz.tests\bin\debug\net5.0\skillaz.tests.dll" id="f470de8f-93fc-6e29-2f28-ac382b3a29f6">
      <Execution id="e1a9de3d-0fd3-46a7-a532-ab3bd57dd765" />
      <TestMethod codeBase="C:\Users\ДмитрийБахтенков\skiz\skillaz-backend\src\Skillaz.Tests\bin\Debug\net5.0\Skillaz.Tests.dll" adapterTypeName="executor://xunit/VsTestRunner2/netcoreapp" className="Skillaz.Tests.Configurator.WorkflowEngine.ConfiguratorWorkflowNotifications_reature" name="ConfiguratorWorkflow_Check_that_notification_exists_in_workflow" />
    </UnitTest>
    <UnitTest name="Skillaz.Tests.Validators.ListSizeFieldValidator_feature.Should_be_valid_if_document_valid_when_validate" storage="c:\users\дмитрийбахтенков\skiz\skillaz-backend\src\skillaz.tests\bin\debug\net5.0\skillaz.tests.dll" id="5e3f1b9c-5363-4c24-cae6-e2a0d62d64c1">
      <Execution id="34f76942-8ad8-41cf-80af-e33490a25480" />
      <TestMethod codeBase="C:\Users\ДмитрийБахтенков\skiz\skillaz-backend\src\Skillaz.Tests\bin\Debug\net5.0\Skillaz.Tests.dll" adapterTypeName="executor://xunit/VsTestRunner2/netcoreapp" className="Skillaz.Tests.Validators.ListSizeFieldValidator_feature" name="Should_be_valid_if_document_valid_when_validate" />
    </UnitTest>
    <UnitTest name="Skillaz.Tests.CompanySpecific.Mvideo.MvideoOpenApiBatchRequest_feature.При_обновлении_пользователей_с_ролью_Директор_магазина_когда_приходит_запрос_по_пользователю_без_Scope_обнуляет_Scope" storage="c:\users\дмитрийбахтенков\skiz\skillaz-backend\src\skillaz.tests\bin\debug\net5.0\skillaz.tests.dll" id="407c8eb8-13c3-e45d-8c4b-af21cf27fd98">
      <Execution id="a1b416e4-1401-41a4-8654-633c4d53ef30" />
      <TestMethod codeBase="C:\Users\ДмитрийБахтенков\skiz\skillaz-backend\src\Skillaz.Tests\bin\Debug\net5.0\Skillaz.Tests.dll" adapterTypeName="executor://xunit/VsTestRunner2/netcoreapp" className="Skillaz.Tests.CompanySpecific.Mvideo.MvideoOpenApiBatchRequest_feature" name="При_обновлении_пользователей_с_ролью_Директор_магазина_когда_приходит_запрос_по_пользователю_без_Scope_обнуляет_Scope" />
    </UnitTest>
    <UnitTest name="Skillaz.Tests.Configurator.DocumentModel.HireNeedFilterService_feature.Getting_a_result_of_hireneed_filter" storage="c:\users\дмитрийбахтенков\skiz\skillaz-backend\src\skillaz.tests\bin\debug\net5.0\skillaz.tests.dll" id="3286041f-c027-c5bf-e041-f0035587c3f3">
      <Execution id="b2e2fdb7-85b1-4e4e-a9ff-58dbdafd2eeb" />
      <TestMethod codeBase="C:\Users\ДмитрийБахтенков\skiz\skillaz-backend\src\Skillaz.Tests\bin\Debug\net5.0\Skillaz.Tests.dll" adapterTypeName="executor://xunit/VsTestRunner2/netcoreapp" className="Skillaz.Tests.Configurator.DocumentModel.HireNeedFilterService_feature" name="Getting_a_result_of_hireneed_filter" />
    </UnitTest>
    <UnitTest name="Skillaz.Tests.Candidate.Elastic.CandidateElasticFiltration_feature.Retrieving_candidates_by_history_tags" storage="c:\users\дмитрийбахтенков\skiz\skillaz-backend\src\skillaz.tests\bin\debug\net5.0\skillaz.tests.dll" id="78ed88b0-6a64-0dc6-b6f7-4db633ddc43d">
      <Execution id="b6a8e1ad-579c-48b0-8f6b-d2de78774ba4" />
      <TestMethod codeBase="C:\Users\ДмитрийБахтенков\skiz\skillaz-backend\src\Skillaz.Tests\bin\Debug\net5.0\Skillaz.Tests.dll" adapterTypeName="executor://xunit/VsTestRunner2/netcoreapp" className="Skillaz.Tests.Candidate.Elastic.CandidateElasticFiltration_feature" name="Retrieving_candidates_by_history_tags" />
    </UnitTest>
    <UnitTest name="Skillaz.Tests.HH.VrVideoInterview.HHVrIntergation_feature.Successful_Export_Vr_Response_Non_Vr_Company" storage="c:\users\дмитрийбахтенков\skiz\skillaz-backend\src\skillaz.tests\bin\debug\net5.0\skillaz.tests.dll" id="b8ef1f2f-4814-9a6a-32ed-c6ee0fdd0d76">
      <Execution id="99baedd5-b88c-4eea-b832-66f550635be0" />
      <TestMethod codeBase="C:\Users\ДмитрийБахтенков\skiz\skillaz-backend\src\Skillaz.Tests\bin\Debug\net5.0\Skillaz.Tests.dll" adapterTypeName="executor://xunit/VsTestRunner2/netcoreapp" className="Skillaz.Tests.HH.VrVideoInterview.HHVrIntergation_feature" name="Successful_Export_Vr_Response_Non_Vr_Company" />
    </UnitTest>
    <UnitTest name="Skillaz.Tests.Configurator.ProcessingRoles.ConfiguratorProcessingRoles_feature.Check_configurator_processing_roles" storage="c:\users\дмитрийбахтенков\skiz\skillaz-backend\src\skillaz.tests\bin\debug\net5.0\skillaz.tests.dll" id="bd30a120-86d4-4441-21e5-db174079ad06">
      <Execution id="27555217-9563-4854-b46f-11a45913a7e6" />
      <TestMethod codeBase="C:\Users\ДмитрийБахтенков\skiz\skillaz-backend\src\Skillaz.Tests\bin\Debug\net5.0\Skillaz.Tests.dll" adapterTypeName="executor://xunit/VsTestRunner2/netcoreapp" className="Skillaz.Tests.Configurator.ProcessingRoles.ConfiguratorProcessingRoles_feature" name="Check_configurator_processing_roles" />
    </UnitTest>
    <UnitTest name="Skillaz.Tests.DocumentModels.FieldValueComparerTests.IntegerComparison(firstValue: 0, secondValue: 0, result: True)" storage="c:\users\дмитрийбахтенков\skiz\skillaz-backend\src\skillaz.tests\bin\debug\net5.0\skillaz.tests.dll" id="14f0caa1-2e58-c32b-6ed8-254050d9e4fb">
      <Execution id="d0fd6398-e44f-4ff1-81f9-eddd84135efd" />
      <TestMethod codeBase="C:\Users\ДмитрийБахтенков\skiz\skillaz-backend\src\Skillaz.Tests\bin\Debug\net5.0\Skillaz.Tests.dll" adapterTypeName="executor://xunit/VsTestRunner2/netcoreapp" className="Skillaz.Tests.DocumentModels.FieldValueComparerTests" name="IntegerComparison" />
    </UnitTest>
    <UnitTest name="Skillaz.Tests.Publication.VacancyPublicationRule_feature.Vacancy_publication_rule_create_new_publication_with_linked_active_publications_for_different_templates" storage="c:\users\дмитрийбахтенков\skiz\skillaz-backend\src\skillaz.tests\bin\debug\net5.0\skillaz.tests.dll" id="c2113204-bcfc-6666-09b7-231c5dc3f951">
      <Execution id="76b008b7-8471-4144-bf60-c8d0aa5a1408" />
      <TestMethod codeBase="C:\Users\ДмитрийБахтенков\skiz\skillaz-backend\src\Skillaz.Tests\bin\Debug\net5.0\Skillaz.Tests.dll" adapterTypeName="executor://xunit/VsTestRunner2/netcoreapp" className="Skillaz.Tests.Publication.VacancyPublicationRule_feature" name="Vacancy_publication_rule_create_new_publication_with_linked_active_publications_for_different_templates" />
    </UnitTest>
    <UnitTest name="Should get ForbiddenException(jwt: &quot;eyJraWQiOiJoaF92aWRlb19pbnRlcnZpZXdfc2tpbGxheiIsIm&quot;..., wrongReason: &quot;Wrong signature&quot;)" storage="c:\users\дмитрийбахтенков\skiz\skillaz-backend\src\skillaz.tests\bin\debug\net5.0\skillaz.tests.dll" id="f2e1af4c-4bf5-8dd6-584e-799f642704b3">
      <Execution id="8462394d-a0e9-40e8-aebb-1a4acfc673c9" />
      <TestMethod codeBase="C:\Users\ДмитрийБахтенков\skiz\skillaz-backend\src\Skillaz.Tests\bin\Debug\net5.0\Skillaz.Tests.dll" adapterTypeName="executor://xunit/VsTestRunner2/netcoreapp" className="Skillaz.Tests.HH.Assessment.HHAssessmentFeature" name="GetForbiddenException" />
    </UnitTest>
    <UnitTest name="Skillaz.Tests.CompanySpecific.X5.X5OrgUnitsTypeProcessing_feature.Problem_category_is_fifteen_percent_of_full_oe_list" storage="c:\users\дмитрийбахтенков\skiz\skillaz-backend\src\skillaz.tests\bin\debug\net5.0\skillaz.tests.dll" id="8948425e-4e2c-5536-d749-7c0ca9891f17">
      <Execution id="984a7d3e-4ccc-47dd-95d7-cd5b5df7a3a9" />
      <TestMethod codeBase="C:\Users\ДмитрийБахтенков\skiz\skillaz-backend\src\Skillaz.Tests\bin\Debug\net5.0\Skillaz.Tests.dll" adapterTypeName="executor://xunit/VsTestRunner2/netcoreapp" className="Skillaz.Tests.CompanySpecific.X5.X5OrgUnitsTypeProcessing_feature" name="Problem_category_is_fifteen_percent_of_full_oe_list" />
    </UnitTest>
    <UnitTest name="Skillaz.Tests.Candidate.Ratings.Ratings_feature.Update_rating_criterion_name" storage="c:\users\дмитрийбахтенков\skiz\skillaz-backend\src\skillaz.tests\bin\debug\net5.0\skillaz.tests.dll" id="b241b7f3-d855-6ecc-6c7e-b074795502a7">
      <Execution id="379c5899-b9e4-4bce-bbda-3d1986e4cda1" />
      <TestMethod codeBase="C:\Users\ДмитрийБахтенков\skiz\skillaz-backend\src\Skillaz.Tests\bin\Debug\net5.0\Skillaz.Tests.dll" adapterTypeName="executor://xunit/VsTestRunner2/netcoreapp" className="Skillaz.Tests.Candidate.Ratings.Ratings_feature" name="Update_rating_criterion_name" />
    </UnitTest>
    <UnitTest name="Skillaz.Tests.Assessment.Interviews.BranchTrackInteriew_feature.Setting_a_branch_track_result" storage="c:\users\дмитрийбахтенков\skiz\skillaz-backend\src\skillaz.tests\bin\debug\net5.0\skillaz.tests.dll" id="6f687509-1eea-3933-06cc-717b96efc7f3">
      <Execution id="ebe77fc1-d2a2-4181-b491-ad59f9194b99" />
      <TestMethod codeBase="C:\Users\ДмитрийБахтенков\skiz\skillaz-backend\src\Skillaz.Tests\bin\Debug\net5.0\Skillaz.Tests.dll" adapterTypeName="executor://xunit/VsTestRunner2/netcoreapp" className="Skillaz.Tests.Assessment.Interviews.BranchTrackInteriew_feature" name="Setting_a_branch_track_result" />
    </UnitTest>
    <UnitTest name="Skillaz.Tests.Authorization.LoginCommand_feature.Do_correct_login_by_username_with_user" storage="c:\users\дмитрийбахтенков\skiz\skillaz-backend\src\skillaz.tests\bin\debug\net5.0\skillaz.tests.dll" id="07e5b2b6-99c4-b4b1-a691-ce558819108e">
      <Execution id="85f67c12-4e76-4d30-8b4e-608bbb3ac08b" />
      <TestMethod codeBase="C:\Users\ДмитрийБахтенков\skiz\skillaz-backend\src\Skillaz.Tests\bin\Debug\net5.0\Skillaz.Tests.dll" adapterTypeName="executor://xunit/VsTestRunner2/netcoreapp" className="Skillaz.Tests.Authorization.LoginCommand_feature" name="Do_correct_login_by_username_with_user" />
    </UnitTest>
    <UnitTest name="Skillaz.Tests.Assessment.Questionnaires.TalentQQuestionnaire_feature.Getting_a_questionnaire_list" storage="c:\users\дмитрийбахтенков\skiz\skillaz-backend\src\skillaz.tests\bin\debug\net5.0\skillaz.tests.dll" id="5c6b55a4-fee4-a3e3-6044-abdb1b944d61">
      <Execution id="93c8034e-2179-4666-b23b-b4e386bc66cf" />
      <TestMethod codeBase="C:\Users\ДмитрийБахтенков\skiz\skillaz-backend\src\Skillaz.Tests\bin\Debug\net5.0\Skillaz.Tests.dll" adapterTypeName="executor://xunit/VsTestRunner2/netcoreapp" className="Skillaz.Tests.Assessment.Questionnaires.TalentQQuestionnaire_feature" name="Getting_a_questionnaire_list" />
    </UnitTest>
    <UnitTest name="Skillaz.Tests.Telephony.CallList_ExtendFilter_feature.CheckWithoutFilter" storage="c:\users\дмитрийбахтенков\skiz\skillaz-backend\src\skillaz.tests\bin\debug\net5.0\skillaz.tests.dll" id="6ff501ab-4260-87cb-40c4-5a11699d3dc0">
      <Execution id="0a701f2a-b0bb-463b-b940-4d2ce1eaa24f" />
      <TestMethod codeBase="C:\Users\ДмитрийБахтенков\skiz\skillaz-backend\src\Skillaz.Tests\bin\Debug\net5.0\Skillaz.Tests.dll" adapterTypeName="executor://xunit/VsTestRunner2/netcoreapp" className="Skillaz.Tests.Telephony.CallList_ExtendFilter_feature" name="CheckWithoutFilter" />
    </UnitTest>
    <UnitTest name="Skillaz.Tests.CompanySpecific.Decathlon.DecathlonCheckMiddleNameAndCitizenshipIsFilledTrigger_feature.MiddleName_is_null_or_empty(middleName: &quot;&quot;)" storage="c:\users\дмитрийбахтенков\skiz\skillaz-backend\src\skillaz.tests\bin\debug\net5.0\skillaz.tests.dll" id="7632095f-3893-026d-cc75-621b9c7c268a">
      <Execution id="e02bd4c1-140d-48c8-8645-7d9b6382ecf5" />
      <TestMethod codeBase="C:\Users\ДмитрийБахтенков\skiz\skillaz-backend\src\Skillaz.Tests\bin\Debug\net5.0\Skillaz.Tests.dll" adapterTypeName="executor://xunit/VsTestRunner2/netcoreapp" className="Skillaz.Tests.CompanySpecific.Decathlon.DecathlonCheckMiddleNameAndCitizenshipIsFilledTrigger_feature" name="MiddleName_is_null_or_empty" />
    </UnitTest>
    <UnitTest name="Skillaz.Tests.Assessment.Interviews.BranchTrackInteriew_feature.Getting_a_branch_track_interview" storage="c:\users\дмитрийбахтенков\skiz\skillaz-backend\src\skillaz.tests\bin\debug\net5.0\skillaz.tests.dll" id="73d4dedd-83f1-1324-8320-eeb233c8b283">
      <Execution id="d5977bc9-5742-4dfd-995c-d515fcff4c02" />
      <TestMethod codeBase="C:\Users\ДмитрийБахтенков\skiz\skillaz-backend\src\Skillaz.Tests\bin\Debug\net5.0\Skillaz.Tests.dll" adapterTypeName="executor://xunit/VsTestRunner2/netcoreapp" className="Skillaz.Tests.Assessment.Interviews.BranchTrackInteriew_feature" name="Getting_a_branch_track_interview" />
    </UnitTest>
    <UnitTest name="Skillaz.Tests.Candidate.Elastic.CandidateElasticFiltration_feature.Retrieving_a_candidate_by_existing_job_requisition_ids" storage="c:\users\дмитрийбахтенков\skiz\skillaz-backend\src\skillaz.tests\bin\debug\net5.0\skillaz.tests.dll" id="78dd46ef-5948-a267-7a80-c8d21ba0307b">
      <Execution id="e5f60ea0-d50b-4a37-b4a3-322ae13e4e9a" />
      <TestMethod codeBase="C:\Users\ДмитрийБахтенков\skiz\skillaz-backend\src\Skillaz.Tests\bin\Debug\net5.0\Skillaz.Tests.dll" adapterTypeName="executor://xunit/VsTestRunner2/netcoreapp" className="Skillaz.Tests.Candidate.Elastic.CandidateElasticFiltration_feature" name="Retrieving_a_candidate_by_existing_job_requisition_ids" />
    </UnitTest>
    <UnitTest name="Skillaz.Tests.CompanySpecific.Sberbank.SberPositionsTests.SberPositionCommand_should_work_as_expected(vacancyName: &quot;Старший клиентский менеджер&quot;, expectedPositionId: &quot;sales&quot;)" storage="c:\users\дмитрийбахтенков\skiz\skillaz-backend\src\skillaz.tests\bin\debug\net5.0\skillaz.tests.dll" id="f57f44ff-3cd8-c36a-b19f-dba6c92d5304">
      <Execution id="5680c17d-f5e0-44d5-8768-424d5ab6af84" />
      <TestMethod codeBase="C:\Users\ДмитрийБахтенков\skiz\skillaz-backend\src\Skillaz.Tests\bin\Debug\net5.0\Skillaz.Tests.dll" adapterTypeName="executor://xunit/VsTestRunner2/netcoreapp" className="Skillaz.Tests.CompanySpecific.Sberbank.SberPositionsTests" name="SberPositionCommand_should_work_as_expected" />
    </UnitTest>
    <UnitTest name="Skillaz.Tests.CompanySpecific.Mvideo.MvideoOpenApiBatchRequest_feature.Присутствует_связь_между_городами_и_местами" storage="c:\users\дмитрийбахтенков\skiz\skillaz-backend\src\skillaz.tests\bin\debug\net5.0\skillaz.tests.dll" id="c080c2c9-a6c9-a100-96e6-6c58959f3064">
      <Execution id="3d9e80d4-166b-475c-b823-838772cdb295" />
      <TestMethod codeBase="C:\Users\ДмитрийБахтенков\skiz\skillaz-backend\src\Skillaz.Tests\bin\Debug\net5.0\Skillaz.Tests.dll" adapterTypeName="executor://xunit/VsTestRunner2/netcoreapp" className="Skillaz.Tests.CompanySpecific.Mvideo.MvideoOpenApiBatchRequest_feature" name="Присутствует_связь_между_городами_и_местами" />
    </UnitTest>
    <UnitTest name="Skillaz.Tests.Configurator.DocumentModel.DocumentModelFieldBinderTest.TestDocumentModelDictionaryFieldBinder" storage="c:\users\дмитрийбахтенков\skiz\skillaz-backend\src\skillaz.tests\bin\debug\net5.0\skillaz.tests.dll" id="66950019-f3a0-967c-6feb-ebd58afda14e">
      <Execution id="a0bc8c98-d24d-4d82-bfb8-1dfdf6954cee" />
      <TestMethod codeBase="C:\Users\ДмитрийБахтенков\skiz\skillaz-backend\src\Skillaz.Tests\bin\Debug\net5.0\Skillaz.Tests.dll" adapterTypeName="executor://xunit/VsTestRunner2/netcoreapp" className="Skillaz.Tests.Configurator.DocumentModel.DocumentModelFieldBinderTest" name="TestDocumentModelDictionaryFieldBinder" />
    </UnitTest>
    <UnitTest name="Skillaz.Tests.CompanySpecific.Mvideo.MvideoProcessDelayedHoldRequestsCommand_feature.Set_request_holded_request_hold_date_is_current" storage="c:\users\дмитрийбахтенков\skiz\skillaz-backend\src\skillaz.tests\bin\debug\net5.0\skillaz.tests.dll" id="2f5919bf-579e-5315-c908-7b7409966f76">
      <Execution id="39f6fd89-1d6a-4242-b8bf-5998b9381b70" />
      <TestMethod codeBase="C:\Users\ДмитрийБахтенков\skiz\skillaz-backend\src\Skillaz.Tests\bin\Debug\net5.0\Skillaz.Tests.dll" adapterTypeName="executor://xunit/VsTestRunner2/netcoreapp" className="Skillaz.Tests.CompanySpecific.Mvideo.MvideoProcessDelayedHoldRequestsCommand_feature" name="Set_request_holded_request_hold_date_is_current" />
    </UnitTest>
    <UnitTest name="Skillaz.Tests.DocumentModels.FieldValueComparerTests.DifferentTypeComparison(firstValue: 1, secondValue: &quot;1&quot;)" storage="c:\users\дмитрийбахтенков\skiz\skillaz-backend\src\skillaz.tests\bin\debug\net5.0\skillaz.tests.dll" id="4a239d1e-c12b-15c8-2f9f-41cde3094d5e">
      <Execution id="89057800-efa6-435f-bc8a-945c0a7dc964" />
      <TestMethod codeBase="C:\Users\ДмитрийБахтенков\skiz\skillaz-backend\src\Skillaz.Tests\bin\Debug\net5.0\Skillaz.Tests.dll" adapterTypeName="executor://xunit/VsTestRunner2/netcoreapp" className="Skillaz.Tests.DocumentModels.FieldValueComparerTests" name="DifferentTypeComparison" />
    </UnitTest>
    <UnitTest name="Skillaz.Tests.Assessment.Interviews.QuizInterview_feature.Switching_quiz_interview_to_next_not_last_step" storage="c:\users\дмитрийбахтенков\skiz\skillaz-backend\src\skillaz.tests\bin\debug\net5.0\skillaz.tests.dll" id="74f2e6d6-00ae-046e-96d1-c6961b80c321">
      <Execution id="dbce181c-d7b7-4a5d-aaac-82817e46216a" />
      <TestMethod codeBase="C:\Users\ДмитрийБахтенков\skiz\skillaz-backend\src\Skillaz.Tests\bin\Debug\net5.0\Skillaz.Tests.dll" adapterTypeName="executor://xunit/VsTestRunner2/netcoreapp" className="Skillaz.Tests.Assessment.Interviews.QuizInterview_feature" name="Switching_quiz_interview_to_next_not_last_step" />
    </UnitTest>
    <UnitTest name="Skillaz.Tests.CompanySpecific.Sberbank.SberPositionsTests.SberPositionCommand_should_work_as_expected(vacancyName: &quot;Клиентский менеджер малого&quot;, expectedPositionId: &quot;client_manger_sber_mmb&quot;)" storage="c:\users\дмитрийбахтенков\skiz\skillaz-backend\src\skillaz.tests\bin\debug\net5.0\skillaz.tests.dll" id="283432f9-8f46-bba8-d1ab-a3ba70a4ba5e">
      <Execution id="3c043cdb-f9e8-4792-a340-aa937a0711b8" />
      <TestMethod codeBase="C:\Users\ДмитрийБахтенков\skiz\skillaz-backend\src\Skillaz.Tests\bin\Debug\net5.0\Skillaz.Tests.dll" adapterTypeName="executor://xunit/VsTestRunner2/netcoreapp" className="Skillaz.Tests.CompanySpecific.Sberbank.SberPositionsTests" name="SberPositionCommand_should_work_as_expected" />
    </UnitTest>
    <UnitTest name="Skillaz.Tests.Cron.CronScheduleTests.Daily_job_schedule_works" storage="c:\users\дмитрийбахтенков\skiz\skillaz-backend\src\skillaz.tests\bin\debug\net5.0\skillaz.tests.dll" id="16b0328a-946f-ec10-b975-237835056d0e">
      <Execution id="5100ace2-972b-4ca7-9e13-bb2d67d26e50" />
      <TestMethod codeBase="C:\Users\ДмитрийБахтенков\skiz\skillaz-backend\src\Skillaz.Tests\bin\Debug\net5.0\Skillaz.Tests.dll" adapterTypeName="executor://xunit/VsTestRunner2/netcoreapp" className="Skillaz.Tests.Cron.CronScheduleTests" name="Daily_job_schedule_works" />
    </UnitTest>
    <UnitTest name="Skillaz.Tests.WebHooks.ReferenceValueWebHooks_feature.SynchronousWebHookTestCreated" storage="c:\users\дмитрийбахтенков\skiz\skillaz-backend\src\skillaz.tests\bin\debug\net5.0\skillaz.tests.dll" id="79502095-68f6-f663-6bc3-f5f538e107fa">
      <Execution id="b3085758-7af8-41ac-aa61-b39311dd1bc5" />
      <TestMethod codeBase="C:\Users\ДмитрийБахтенков\skiz\skillaz-backend\src\Skillaz.Tests\bin\Debug\net5.0\Skillaz.Tests.dll" adapterTypeName="executor://xunit/VsTestRunner2/netcoreapp" className="Skillaz.Tests.WebHooks.ReferenceValueWebHooks_feature" name="SynchronousWebHookTestCreated" />
    </UnitTest>
    <UnitTest name="Skillaz.Tests.DocumentModels.FieldValueComparerTests.BsonValueComparison" storage="c:\users\дмитрийбахтенков\skiz\skillaz-backend\src\skillaz.tests\bin\debug\net5.0\skillaz.tests.dll" id="14ba637c-cebd-a008-92e2-d82caf97344f">
      <Execution id="56a69347-6300-4f54-a28d-f6fa0ab7fe92" />
      <TestMethod codeBase="C:\Users\ДмитрийБахтенков\skiz\skillaz-backend\src\Skillaz.Tests\bin\Debug\net5.0\Skillaz.Tests.dll" adapterTypeName="executor://xunit/VsTestRunner2/netcoreapp" className="Skillaz.Tests.DocumentModels.FieldValueComparerTests" name="BsonValueComparison" />
    </UnitTest>
    <UnitTest name="Skillaz.Tests.Configurator.Deduplication.UpdateCandidateTest.Кандидат_в_статусе_более_10_дней" storage="c:\users\дмитрийбахтенков\skiz\skillaz-backend\src\skillaz.tests\bin\debug\net5.0\skillaz.tests.dll" id="d7cd554e-2593-cfbb-ccae-aef48abd6f00">
      <Execution id="afb709ee-e088-4dad-b2c5-30f7e8633797" />
      <TestMethod codeBase="C:\Users\ДмитрийБахтенков\skiz\skillaz-backend\src\Skillaz.Tests\bin\Debug\net5.0\Skillaz.Tests.dll" adapterTypeName="executor://xunit/VsTestRunner2/netcoreapp" className="Skillaz.Tests.Configurator.Deduplication.UpdateCandidateTest" name="Кандидат_в_статусе_более_10_дней" />
    </UnitTest>
    <UnitTest name="Skillaz.Tests.Notifications.AvitoMessenger_feature.Send_avito_message" storage="c:\users\дмитрийбахтенков\skiz\skillaz-backend\src\skillaz.tests\bin\debug\net5.0\skillaz.tests.dll" id="5641d373-584d-ead9-2539-aec1220dd212">
      <Execution id="62ecda69-d653-49e8-ae65-a041e2ed4050" />
      <TestMethod codeBase="C:\Users\ДмитрийБахтенков\skiz\skillaz-backend\src\Skillaz.Tests\bin\Debug\net5.0\Skillaz.Tests.dll" adapterTypeName="executor://xunit/VsTestRunner2/netcoreapp" className="Skillaz.Tests.Notifications.AvitoMessenger_feature" name="Send_avito_message" />
    </UnitTest>
    <UnitTest name="Skillaz.Tests.DocumentModels.FieldValueComparerTests.IntegerComparison(firstValue: null, secondValue: null, result: True)" storage="c:\users\дмитрийбахтенков\skiz\skillaz-backend\src\skillaz.tests\bin\debug\net5.0\skillaz.tests.dll" id="83a2fa87-c922-47bb-0958-9d8492aaca20">
      <Execution id="37754b94-e506-40f0-8bab-41f8bebedd63" />
      <TestMethod codeBase="C:\Users\ДмитрийБахтенков\skiz\skillaz-backend\src\Skillaz.Tests\bin\Debug\net5.0\Skillaz.Tests.dll" adapterTypeName="executor://xunit/VsTestRunner2/netcoreapp" className="Skillaz.Tests.DocumentModels.FieldValueComparerTests" name="IntegerComparison" />
    </UnitTest>
    <UnitTest name="Skillaz.Tests.OpenApi.OrgStructureApi.OrgEntityStateChange_feature.Org_unit_position_archiving_active" storage="c:\users\дмитрийбахтенков\skiz\skillaz-backend\src\skillaz.tests\bin\debug\net5.0\skillaz.tests.dll" id="cd8df9d1-89e6-fb35-39a2-33247a70e781">
      <Execution id="f0fe242f-14f8-4dd2-88de-b4af7b41ffec" />
      <TestMethod codeBase="C:\Users\ДмитрийБахтенков\skiz\skillaz-backend\src\Skillaz.Tests\bin\Debug\net5.0\Skillaz.Tests.dll" adapterTypeName="executor://xunit/VsTestRunner2/netcoreapp" className="Skillaz.Tests.OpenApi.OrgStructureApi.OrgEntityStateChange_feature" name="Org_unit_position_archiving_active" />
    </UnitTest>
    <UnitTest name="Расширение файла недолжно совпадает с его типом, но нужно переименовать для полного совпадения(alterName: &quot;Image.jpg&quot;, fileName: &quot;Image.png&quot;)" storage="c:\users\дмитрийбахтенков\skiz\skillaz-backend\src\skillaz.tests\bin\debug\net5.0\skillaz.tests.dll" id="fb73d9b8-3e20-172b-b408-355c9f9c5757">
      <Execution id="cc3e55fe-c4aa-4b55-b965-2a281fd8d607" />
      <TestMethod codeBase="C:\Users\ДмитрийБахтенков\skiz\skillaz-backend\src\Skillaz.Tests\bin\Debug\net5.0\Skillaz.Tests.dll" adapterTypeName="executor://xunit/VsTestRunner2/netcoreapp" className="Skillaz.Testing.Run.System.Security.FileContentCheckerTests" name="FileExtensionShouldBeRenamedToMatchContent" />
    </UnitTest>
    <UnitTest name="Should create &amp; edit questionnaire" storage="c:\users\дмитрийбахтенков\skiz\skillaz-backend\src\skillaz.tests\bin\debug\net5.0\skillaz.tests.dll" id="7585f39e-1c3f-de17-75a2-5614013bcb55">
      <Execution id="0d82f0b1-a900-478f-8a58-555845081b4f" />
      <TestMethod codeBase="C:\Users\ДмитрийБахтенков\skiz\skillaz-backend\src\Skillaz.Tests\bin\Debug\net5.0\Skillaz.Tests.dll" adapterTypeName="executor://xunit/VsTestRunner2/netcoreapp" className="Skillaz.Tests.HH.Assessment.HHAssessmentFeature" name="EditQuestionnaire" />
    </UnitTest>
    <UnitTest name="Skillaz.Tests.Telephony.CallList_ExtendFilter_feature.CheckMixedFilterIncludeOrExcludeAnd" storage="c:\users\дмитрийбахтенков\skiz\skillaz-backend\src\skillaz.tests\bin\debug\net5.0\skillaz.tests.dll" id="f435aeed-ca7f-a615-ebbd-867b53997dd6">
      <Execution id="eae624d5-33d2-4660-a95f-2a996a56e443" />
      <TestMethod codeBase="C:\Users\ДмитрийБахтенков\skiz\skillaz-backend\src\Skillaz.Tests\bin\Debug\net5.0\Skillaz.Tests.dll" adapterTypeName="executor://xunit/VsTestRunner2/netcoreapp" className="Skillaz.Tests.Telephony.CallList_ExtendFilter_feature" name="CheckMixedFilterIncludeOrExcludeAnd" />
    </UnitTest>
    <UnitTest name="Skillaz.Tests.OpenApi.OrgStructureApi.OrgEntityStateChange_feature.Hire_need_archiving_active" storage="c:\users\дмитрийбахтенков\skiz\skillaz-backend\src\skillaz.tests\bin\debug\net5.0\skillaz.tests.dll" id="5fc9e3e6-e1c8-8206-49e3-78ff4090faa9">
      <Execution id="071170e9-97de-406b-a3d0-c517112270d9" />
      <TestMethod codeBase="C:\Users\ДмитрийБахтенков\skiz\skillaz-backend\src\Skillaz.Tests\bin\Debug\net5.0\Skillaz.Tests.dll" adapterTypeName="executor://xunit/VsTestRunner2/netcoreapp" className="Skillaz.Tests.OpenApi.OrgStructureApi.OrgEntityStateChange_feature" name="Hire_need_archiving_active" />
    </UnitTest>
    <UnitTest name="Skillaz.Tests.CompanySpecific.Mvideo.MvideoProcessDelayedHoldRequestsCommand_feature.Set_request_holded_request_hold_date_is_in_future" storage="c:\users\дмитрийбахтенков\skiz\skillaz-backend\src\skillaz.tests\bin\debug\net5.0\skillaz.tests.dll" id="4fbd4e42-7b55-e8d8-da9f-287864fa603c">
      <Execution id="1e78cbe9-4b6d-4170-a001-525ee42affdf" />
      <TestMethod codeBase="C:\Users\ДмитрийБахтенков\skiz\skillaz-backend\src\Skillaz.Tests\bin\Debug\net5.0\Skillaz.Tests.dll" adapterTypeName="executor://xunit/VsTestRunner2/netcoreapp" className="Skillaz.Tests.CompanySpecific.Mvideo.MvideoProcessDelayedHoldRequestsCommand_feature" name="Set_request_holded_request_hold_date_is_in_future" />
    </UnitTest>
    <UnitTest name="Skillaz.Tests.Request.X5.X5GetRequestListCommand_feature.If_request_has_no_salary_to_result_name_should_not_contain_salary_to_part_at_all" storage="c:\users\дмитрийбахтенков\skiz\skillaz-backend\src\skillaz.tests\bin\debug\net5.0\skillaz.tests.dll" id="46c74d2f-2f56-b49c-17c0-2c98b6c95470">
      <Execution id="65b3e062-7ff2-4af1-aaf2-2a81a35314cd" />
      <TestMethod codeBase="C:\Users\ДмитрийБахтенков\skiz\skillaz-backend\src\Skillaz.Tests\bin\Debug\net5.0\Skillaz.Tests.dll" adapterTypeName="executor://xunit/VsTestRunner2/netcoreapp" className="Skillaz.Tests.Request.X5.X5GetRequestListCommand_feature" name="If_request_has_no_salary_to_result_name_should_not_contain_salary_to_part_at_all" />
    </UnitTest>
    <UnitTest name="Skillaz.Tests.Candidate.CandidateGetDbFiltering_feature.Candidate_filtered" storage="c:\users\дмитрийбахтенков\skiz\skillaz-backend\src\skillaz.tests\bin\debug\net5.0\skillaz.tests.dll" id="cf8d794b-8def-0147-76d2-2f22865d8ebf">
      <Execution id="7d406c19-3419-4c4f-8258-fe54f76d1932" />
      <TestMethod codeBase="C:\Users\ДмитрийБахтенков\skiz\skillaz-backend\src\Skillaz.Tests\bin\Debug\net5.0\Skillaz.Tests.dll" adapterTypeName="executor://xunit/VsTestRunner2/netcoreapp" className="Skillaz.Tests.Candidate.CandidateGetDbFiltering_feature" name="Candidate_filtered" />
    </UnitTest>
    <UnitTest name="Skillaz.Tests.DocumentModels.FieldValueComparerTests.ComplexObjectsComparison" storage="c:\users\дмитрийбахтенков\skiz\skillaz-backend\src\skillaz.tests\bin\debug\net5.0\skillaz.tests.dll" id="f5e7fd5a-4c4d-c179-69bc-7343cba0a91a">
      <Execution id="7ead9e4f-e5ec-464d-af95-745d1203efa3" />
      <TestMethod codeBase="C:\Users\ДмитрийБахтенков\skiz\skillaz-backend\src\Skillaz.Tests\bin\Debug\net5.0\Skillaz.Tests.dll" adapterTypeName="executor://xunit/VsTestRunner2/netcoreapp" className="Skillaz.Tests.DocumentModels.FieldValueComparerTests" name="ComplexObjectsComparison" />
    </UnitTest>
    <UnitTest name="Skillaz.Tests.CompanySpecific.Perekrestok.PerekrestokRequestPriority_feature.Calculation_request_priority(supermarketType: &quot;Открывающийся супермаркет&quot;, requestVl: 100, employmentCandidateCount: 10, employmentFinishedCandidateCount: 0, interviewCandidateCount: 0, requestPriority: Low)" storage="c:\users\дмитрийбахтенков\skiz\skillaz-backend\src\skillaz.tests\bin\debug\net5.0\skillaz.tests.dll" id="e4f93672-16ae-c1db-2db2-c2c4896d6bd3">
      <Execution id="5ab5e3cc-18ce-4f55-87f7-2b36436dc9ed" />
      <TestMethod codeBase="C:\Users\ДмитрийБахтенков\skiz\skillaz-backend\src\Skillaz.Tests\bin\Debug\net5.0\Skillaz.Tests.dll" adapterTypeName="executor://xunit/VsTestRunner2/netcoreapp" className="Skillaz.Tests.CompanySpecific.Perekrestok.PerekrestokRequestPriority_feature" name="Calculation_request_priority" />
    </UnitTest>
    <UnitTest name="Skillaz.Tests.CompanySpecific.Perekrestok.PerekrestokOrgUnitOpenApiManagement_feature.No_supermarket_type_field_edit_during_update" storage="c:\users\дмитрийбахтенков\skiz\skillaz-backend\src\skillaz.tests\bin\debug\net5.0\skillaz.tests.dll" id="67a2258d-6bc1-b9af-122c-7845d53ded31">
      <Execution id="5266f440-ebd2-456d-bf67-1ce1eca15216" />
      <TestMethod codeBase="C:\Users\ДмитрийБахтенков\skiz\skillaz-backend\src\Skillaz.Tests\bin\Debug\net5.0\Skillaz.Tests.dll" adapterTypeName="executor://xunit/VsTestRunner2/netcoreapp" className="Skillaz.Tests.CompanySpecific.Perekrestok.PerekrestokOrgUnitOpenApiManagement_feature" name="No_supermarket_type_field_edit_during_update" />
    </UnitTest>
    <UnitTest name="Skillaz.Tests.Assessment.Questionnaires.QuizQuestionnaire_feature.Updating_a_quiz_questionnaire" storage="c:\users\дмитрийбахтенков\skiz\skillaz-backend\src\skillaz.tests\bin\debug\net5.0\skillaz.tests.dll" id="8b0d910a-ab8f-a406-3bef-b2b69ba9920e">
      <Execution id="2136e90b-4625-462a-95f0-c01b7b452b0f" />
      <TestMethod codeBase="C:\Users\ДмитрийБахтенков\skiz\skillaz-backend\src\Skillaz.Tests\bin\Debug\net5.0\Skillaz.Tests.dll" adapterTypeName="executor://xunit/VsTestRunner2/netcoreapp" className="Skillaz.Tests.Assessment.Questionnaires.QuizQuestionnaire_feature" name="Updating_a_quiz_questionnaire" />
    </UnitTest>
    <UnitTest name="Skillaz.Tests.Configurator.Deduplication.TransferToAnotherVacancy.Перевести_кандидата_на_новую_вакансию_на_статус_новый" storage="c:\users\дмитрийбахтенков\skiz\skillaz-backend\src\skillaz.tests\bin\debug\net5.0\skillaz.tests.dll" id="f04a1c57-f4db-b4b4-892a-0bf00115f3e9">
      <Execution id="604b32f2-94ac-4bfe-8534-6c554afe51a2" />
      <TestMethod codeBase="C:\Users\ДмитрийБахтенков\skiz\skillaz-backend\src\Skillaz.Tests\bin\Debug\net5.0\Skillaz.Tests.dll" adapterTypeName="executor://xunit/VsTestRunner2/netcoreapp" className="Skillaz.Tests.Configurator.Deduplication.TransferToAnotherVacancy" name="Перевести_кандидата_на_новую_вакансию_на_статус_новый" />
    </UnitTest>
    <UnitTest name="Skillaz.Tests.Configurator.DocumentModel.DocumentModelFieldBinderTest.DocumentModelBinderParseTest(expression: &quot;ExtraData.Text&quot;, expectedType: typeof(Skillaz.Framework.DocumentModel.Binders.DocumentModelFieldBsonDocumentFieldValueBinder&lt;Skillaz.Tests.Configurator.DocumentModel.DocumentModelTestDocument&gt;))" storage="c:\users\дмитрийбахтенков\skiz\skillaz-backend\src\skillaz.tests\bin\debug\net5.0\skillaz.tests.dll" id="27c99711-665b-abab-7f21-20d7c08ae72d">
      <Execution id="44abc2f5-0aac-4207-829f-ee259b9971cf" />
      <TestMethod codeBase="C:\Users\ДмитрийБахтенков\skiz\skillaz-backend\src\Skillaz.Tests\bin\Debug\net5.0\Skillaz.Tests.dll" adapterTypeName="executor://xunit/VsTestRunner2/netcoreapp" className="Skillaz.Tests.Configurator.DocumentModel.DocumentModelFieldBinderTest" name="DocumentModelBinderParseTest" />
    </UnitTest>
    <UnitTest name="Skillaz.Tests.OrgUnit.OrgUnitExternalIdTests.Test_request_create_with_existed_externalId" storage="c:\users\дмитрийбахтенков\skiz\skillaz-backend\src\skillaz.tests\bin\debug\net5.0\skillaz.tests.dll" id="96603ff9-4808-fcd9-a215-6e5be97a237b">
      <Execution id="2f3d6aac-3594-46af-b2f2-da4326d05aec" />
      <TestMethod codeBase="C:\Users\ДмитрийБахтенков\skiz\skillaz-backend\src\Skillaz.Tests\bin\Debug\net5.0\Skillaz.Tests.dll" adapterTypeName="executor://xunit/VsTestRunner2/netcoreapp" className="Skillaz.Tests.OrgUnit.OrgUnitExternalIdTests" name="Test_request_create_with_existed_externalId" />
    </UnitTest>
    <UnitTest name="Skillaz.Tests.Candidate.CandidateVacancyHistory_feature.Когда_кандидат_с_лимитом_истории_вакансий_переводится_на_другую_ванкасию_история_не_добавляется" storage="c:\users\дмитрийбахтенков\skiz\skillaz-backend\src\skillaz.tests\bin\debug\net5.0\skillaz.tests.dll" id="dae202ba-4fcd-7c5f-c73b-8a1a5f973999">
      <Execution id="c50171f9-a31d-4b5f-a8bb-d2e34f5c7be9" />
      <TestMethod codeBase="C:\Users\ДмитрийБахтенков\skiz\skillaz-backend\src\Skillaz.Tests\bin\Debug\net5.0\Skillaz.Tests.dll" adapterTypeName="executor://xunit/VsTestRunner2/netcoreapp" className="Skillaz.Tests.Candidate.CandidateVacancyHistory_feature" name="Когда_кандидат_с_лимитом_истории_вакансий_переводится_на_другую_ванкасию_история_не_добавляется" />
    </UnitTest>
    <UnitTest name="Skillaz.Tests.Publication.VacancyPublicationRule_feature.Request_the_publication_should_not_be_created" storage="c:\users\дмитрийбахтенков\skiz\skillaz-backend\src\skillaz.tests\bin\debug\net5.0\skillaz.tests.dll" id="41eda090-84b5-14a3-440f-b004c8d172c8">
      <Execution id="0f206389-d756-497d-97c5-f9a4a24839cf" />
      <TestMethod codeBase="C:\Users\ДмитрийБахтенков\skiz\skillaz-backend\src\Skillaz.Tests\bin\Debug\net5.0\Skillaz.Tests.dll" adapterTypeName="executor://xunit/VsTestRunner2/netcoreapp" className="Skillaz.Tests.Publication.VacancyPublicationRule_feature" name="Request_the_publication_should_not_be_created" />
    </UnitTest>
    <UnitTest name="Skillaz.Tests.OrgUnit.OrgUnitHierarchy_feature.Create_org_unit_with_one_hierarchy" storage="c:\users\дмитрийбахтенков\skiz\skillaz-backend\src\skillaz.tests\bin\debug\net5.0\skillaz.tests.dll" id="86a4302c-3509-e86d-f858-8f2b7079679f">
      <Execution id="d1943cd1-a3d7-4777-8b41-24114e055a34" />
      <TestMethod codeBase="C:\Users\ДмитрийБахтенков\skiz\skillaz-backend\src\Skillaz.Tests\bin\Debug\net5.0\Skillaz.Tests.dll" adapterTypeName="executor://xunit/VsTestRunner2/netcoreapp" className="Skillaz.Tests.OrgUnit.OrgUnitHierarchy_feature" name="Create_org_unit_with_one_hierarchy" />
    </UnitTest>
    <UnitTest name="Skillaz.Tests.DocumentModels.DocumentModel_SettingPreviewUrlForAttachments.Check_than_preview_url_set_in_attachment_for_edit_model_multiply_attach_in_implicit_field" storage="c:\users\дмитрийбахтенков\skiz\skillaz-backend\src\skillaz.tests\bin\debug\net5.0\skillaz.tests.dll" id="76623197-2484-102c-39f9-2a6a6d0359a9">
      <Execution id="2f1b9e27-2589-4dce-be8a-73b5c8cfc5b7" />
      <TestMethod codeBase="C:\Users\ДмитрийБахтенков\skiz\skillaz-backend\src\Skillaz.Tests\bin\Debug\net5.0\Skillaz.Tests.dll" adapterTypeName="executor://xunit/VsTestRunner2/netcoreapp" className="Skillaz.Tests.DocumentModels.DocumentModel_SettingPreviewUrlForAttachments" name="Check_than_preview_url_set_in_attachment_for_edit_model_multiply_attach_in_implicit_field" />
    </UnitTest>
    <UnitTest name="Skillaz.Tests.CompanySpecific.Perekrestok.Integration.PerekrestokIgnoreCityInOrgUnitByOpenApi_feature.Check_update_city_in_OrgUnit_by_hand" storage="c:\users\дмитрийбахтенков\skiz\skillaz-backend\src\skillaz.tests\bin\debug\net5.0\skillaz.tests.dll" id="0e5cf04c-8cba-0f38-3685-728b7f715944">
      <Execution id="3a9cd5f0-11ee-48a5-bb57-e83d5ff764db" />
      <TestMethod codeBase="C:\Users\ДмитрийБахтенков\skiz\skillaz-backend\src\Skillaz.Tests\bin\Debug\net5.0\Skillaz.Tests.dll" adapterTypeName="executor://xunit/VsTestRunner2/netcoreapp" className="Skillaz.Tests.CompanySpecific.Perekrestok.Integration.PerekrestokIgnoreCityInOrgUnitByOpenApi_feature" name="Check_update_city_in_OrgUnit_by_hand" />
    </UnitTest>
    <UnitTest name="Skillaz.Tests.Candidate.Elastic.CandidateElasticFiltration_feature.Retrieving_a_candidate_by_nonexistent_sf_sources" storage="c:\users\дмитрийбахтенков\skiz\skillaz-backend\src\skillaz.tests\bin\debug\net5.0\skillaz.tests.dll" id="9dff9bf8-d0a0-82d9-e1da-f77e2b6757a7">
      <Execution id="f8a40303-b91b-4329-992a-7a77cbe3280c" />
      <TestMethod codeBase="C:\Users\ДмитрийБахтенков\skiz\skillaz-backend\src\Skillaz.Tests\bin\Debug\net5.0\Skillaz.Tests.dll" adapterTypeName="executor://xunit/VsTestRunner2/netcoreapp" className="Skillaz.Tests.Candidate.Elastic.CandidateElasticFiltration_feature" name="Retrieving_a_candidate_by_nonexistent_sf_sources" />
    </UnitTest>
    <UnitTest name="Skillaz.Tests.Candidate.Elastic.CandidateElasticFiltration_feature.Retrieving_no_candidates_that_are_created_before_specific_date" storage="c:\users\дмитрийбахтенков\skiz\skillaz-backend\src\skillaz.tests\bin\debug\net5.0\skillaz.tests.dll" id="4c11182d-993e-65cf-ee73-3e2cfe4fdeaa">
      <Execution id="e615ed67-2494-4eed-b9a7-be50867189c4" />
      <TestMethod codeBase="C:\Users\ДмитрийБахтенков\skiz\skillaz-backend\src\Skillaz.Tests\bin\Debug\net5.0\Skillaz.Tests.dll" adapterTypeName="executor://xunit/VsTestRunner2/netcoreapp" className="Skillaz.Tests.Candidate.Elastic.CandidateElasticFiltration_feature" name="Retrieving_no_candidates_that_are_created_before_specific_date" />
    </UnitTest>
    <UnitTest name="Skillaz.Tests.CustomFilters.CandidateCustomFilters.Check_invalid_filter" storage="c:\users\дмитрийбахтенков\skiz\skillaz-backend\src\skillaz.tests\bin\debug\net5.0\skillaz.tests.dll" id="81818215-6b8a-86d9-cadc-468f452a41c8">
      <Execution id="be70e6d5-1062-426e-a560-f0f4f07d60c9" />
      <TestMethod codeBase="C:\Users\ДмитрийБахтенков\skiz\skillaz-backend\src\Skillaz.Tests\bin\Debug\net5.0\Skillaz.Tests.dll" adapterTypeName="executor://xunit/VsTestRunner2/netcoreapp" className="Skillaz.Tests.CustomFilters.CandidateCustomFilters" name="Check_invalid_filter" />
    </UnitTest>
    <UnitTest name="Skillaz.Tests.Candidate.Checks.AutoStartChecks_feature.Candidate_check_notification_sent" storage="c:\users\дмитрийбахтенков\skiz\skillaz-backend\src\skillaz.tests\bin\debug\net5.0\skillaz.tests.dll" id="c6db2c03-4e81-d58f-b074-ef3541e29887">
      <Execution id="a2003e4c-27b1-43f5-b857-c40c8446afb0" />
      <TestMethod codeBase="C:\Users\ДмитрийБахтенков\skiz\skillaz-backend\src\Skillaz.Tests\bin\Debug\net5.0\Skillaz.Tests.dll" adapterTypeName="executor://xunit/VsTestRunner2/netcoreapp" className="Skillaz.Tests.Candidate.Checks.AutoStartChecks_feature" name="Candidate_check_notification_sent" />
    </UnitTest>
    <UnitTest name="Skillaz.Tests.Candidate.Elastic.CandidateElasticFiltration_feature.Retrieving_a_candidate_by_existing_vacancy_ids" storage="c:\users\дмитрийбахтенков\skiz\skillaz-backend\src\skillaz.tests\bin\debug\net5.0\skillaz.tests.dll" id="a654a7be-fc0f-3b4d-41ba-9d01bb2f11d1">
      <Execution id="b3570c9a-f41a-4328-83e4-e8e4141268ce" />
      <TestMethod codeBase="C:\Users\ДмитрийБахтенков\skiz\skillaz-backend\src\Skillaz.Tests\bin\Debug\net5.0\Skillaz.Tests.dll" adapterTypeName="executor://xunit/VsTestRunner2/netcoreapp" className="Skillaz.Tests.Candidate.Elastic.CandidateElasticFiltration_feature" name="Retrieving_a_candidate_by_existing_vacancy_ids" />
    </UnitTest>
    <UnitTest name="Skillaz.Tests.Assessment.Interviews.VideoInterview_feature.Setting_an_assessment" storage="c:\users\дмитрийбахтенков\skiz\skillaz-backend\src\skillaz.tests\bin\debug\net5.0\skillaz.tests.dll" id="a300de76-d456-93d0-4b04-e577caeee963">
      <Execution id="d1b1eb62-f063-42d3-bfaf-aaab97d2ff4c" />
      <TestMethod codeBase="C:\Users\ДмитрийБахтенков\skiz\skillaz-backend\src\Skillaz.Tests\bin\Debug\net5.0\Skillaz.Tests.dll" adapterTypeName="executor://xunit/VsTestRunner2/netcoreapp" className="Skillaz.Tests.Assessment.Interviews.VideoInterview_feature" name="Setting_an_assessment" />
    </UnitTest>
    <UnitTest name="Skillaz.Tests.Candidate.Workflow.CreateCandidateCommand_feature.If_current_company_is_x5_And_creating_candidate_is_duplicate_And_current_status_set_at_more_then_30_days_in_past_Then_existing_candidate_vacancy_should_be_changed_to_vacancy_from_new_candidate" storage="c:\users\дмитрийбахтенков\skiz\skillaz-backend\src\skillaz.tests\bin\debug\net5.0\skillaz.tests.dll" id="6fa99195-9013-38b5-0adc-d870ed4cecd7">
      <Execution id="e7196530-c335-4ae8-90e8-7e972075be05" />
      <TestMethod codeBase="C:\Users\ДмитрийБахтенков\skiz\skillaz-backend\src\Skillaz.Tests\bin\Debug\net5.0\Skillaz.Tests.dll" adapterTypeName="executor://xunit/VsTestRunner2/netcoreapp" className="Skillaz.Tests.Candidate.Workflow.CreateCandidateCommand_feature" name="If_current_company_is_x5_And_creating_candidate_is_duplicate_And_current_status_set_at_more_then_30_days_in_past_Then_existing_candidate_vacancy_should_be_changed_to_vacancy_from_new_candidate" />
    </UnitTest>
    <UnitTest name="Skillaz.Tests.Configurator.ConfiguratorStatusChangeTests.При_смене_идентификатора_статуса_обновляются_выходы_и_проч" storage="c:\users\дмитрийбахтенков\skiz\skillaz-backend\src\skillaz.tests\bin\debug\net5.0\skillaz.tests.dll" id="bca9a3cf-fc6a-c51b-e573-21b1143f642a">
      <Execution id="c14579cc-b485-4578-a30f-69edab53aae7" />
      <TestMethod codeBase="C:\Users\ДмитрийБахтенков\skiz\skillaz-backend\src\Skillaz.Tests\bin\Debug\net5.0\Skillaz.Tests.dll" adapterTypeName="executor://xunit/VsTestRunner2/netcoreapp" className="Skillaz.Tests.Configurator.ConfiguratorStatusChangeTests" name="При_смене_идентификатора_статуса_обновляются_выходы_и_проч" />
    </UnitTest>
    <UnitTest name="Skillaz.Tests.Users.UserDbOperations_feature.Check_to_add_user_access" storage="c:\users\дмитрийбахтенков\skiz\skillaz-backend\src\skillaz.tests\bin\debug\net5.0\skillaz.tests.dll" id="dda8bdab-8ec6-4d52-0391-ca207f63032e">
      <Execution id="70fe04a4-c42b-4972-b9f4-7074544c2100" />
      <TestMethod codeBase="C:\Users\ДмитрийБахтенков\skiz\skillaz-backend\src\Skillaz.Tests\bin\Debug\net5.0\Skillaz.Tests.dll" adapterTypeName="executor://xunit/VsTestRunner2/netcoreapp" className="Skillaz.Tests.Users.UserDbOperations_feature" name="Check_to_add_user_access" />
    </UnitTest>
    <UnitTest name="Skillaz.Tests.CompanySpecific.GazpromNeft.GazpromImportBlueReport_feature.Vacancy_not_created_where_position_count_equals_zero" storage="c:\users\дмитрийбахтенков\skiz\skillaz-backend\src\skillaz.tests\bin\debug\net5.0\skillaz.tests.dll" id="3e80f80a-8600-baaf-2cfd-55beac9071a2">
      <Execution id="97a9d47f-abca-4d8b-9537-ee782c2d7435" />
      <TestMethod codeBase="C:\Users\ДмитрийБахтенков\skiz\skillaz-backend\src\Skillaz.Tests\bin\Debug\net5.0\Skillaz.Tests.dll" adapterTypeName="executor://xunit/VsTestRunner2/netcoreapp" className="Skillaz.Tests.CompanySpecific.GazpromNeft.GazpromImportBlueReport_feature" name="Vacancy_not_created_where_position_count_equals_zero" />
    </UnitTest>
    <UnitTest name="Skillaz.Tests.CompanySpecific.Mvideo.MvideoOpenApiBatchRequest_feature.Создает_пользователей_Директор_магазина_у_которых_права_на_несколько_магазинов_должны_проставиться_права_и_роль_Директор_Магазина" storage="c:\users\дмитрийбахтенков\skiz\skillaz-backend\src\skillaz.tests\bin\debug\net5.0\skillaz.tests.dll" id="5eb67ef1-e38b-7346-5c57-95e331cae99d">
      <Execution id="93f70d73-83e2-49bc-8fd2-5a51a5b86270" />
      <TestMethod codeBase="C:\Users\ДмитрийБахтенков\skiz\skillaz-backend\src\Skillaz.Tests\bin\Debug\net5.0\Skillaz.Tests.dll" adapterTypeName="executor://xunit/VsTestRunner2/netcoreapp" className="Skillaz.Tests.CompanySpecific.Mvideo.MvideoOpenApiBatchRequest_feature" name="Создает_пользователей_Директор_магазина_у_которых_права_на_несколько_магазинов_должны_проставиться_права_и_роль_Директор_Магазина" />
    </UnitTest>
    <UnitTest name="Skillaz.Tests.CompanySpecific.Sberbank.SberPositionsTests.SberPositionCommand_should_work_as_expected(vacancyName: &quot;Клиентский менеджер ммб&quot;, expectedPositionId: &quot;client_manger_sber_mmb&quot;)" storage="c:\users\дмитрийбахтенков\skiz\skillaz-backend\src\skillaz.tests\bin\debug\net5.0\skillaz.tests.dll" id="5e8cac09-e15e-554e-4e32-048ec3468c34">
      <Execution id="abc20951-e1c3-4c61-a0a3-94dba32f4010" />
      <TestMethod codeBase="C:\Users\ДмитрийБахтенков\skiz\skillaz-backend\src\Skillaz.Tests\bin\Debug\net5.0\Skillaz.Tests.dll" adapterTypeName="executor://xunit/VsTestRunner2/netcoreapp" className="Skillaz.Tests.CompanySpecific.Sberbank.SberPositionsTests" name="SberPositionCommand_should_work_as_expected" />
    </UnitTest>
    <UnitTest name="Skillaz.Tests.Configurator.ConfiguratorEditorApiRowTests.Редактор_конфигуратора_создается_и_редактируется" storage="c:\users\дмитрийбахтенков\skiz\skillaz-backend\src\skillaz.tests\bin\debug\net5.0\skillaz.tests.dll" id="9543aaee-213f-c277-75ec-47667e5a9f7b">
      <Execution id="a35909e0-68f6-441d-8cae-24485ae62826" />
      <TestMethod codeBase="C:\Users\ДмитрийБахтенков\skiz\skillaz-backend\src\Skillaz.Tests\bin\Debug\net5.0\Skillaz.Tests.dll" adapterTypeName="executor://xunit/VsTestRunner2/netcoreapp" className="Skillaz.Tests.Configurator.ConfiguratorEditorApiRowTests" name="Редактор_конфигуратора_создается_и_редактируется" />
    </UnitTest>
    <UnitTest name="Skillaz.Tests.Assessment.Questionnaires.ProActionQuestionnaire_feature.Getting_a_questionnaire_list" storage="c:\users\дмитрийбахтенков\skiz\skillaz-backend\src\skillaz.tests\bin\debug\net5.0\skillaz.tests.dll" id="9b3b88aa-67bc-ff78-bc28-9bac2c44c007">
      <Execution id="57fd70e5-b936-45b3-9d3b-1ed8547680b5" />
      <TestMethod codeBase="C:\Users\ДмитрийБахтенков\skiz\skillaz-backend\src\Skillaz.Tests\bin\Debug\net5.0\Skillaz.Tests.dll" adapterTypeName="executor://xunit/VsTestRunner2/netcoreapp" className="Skillaz.Tests.Assessment.Questionnaires.ProActionQuestionnaire_feature" name="Getting_a_questionnaire_list" />
    </UnitTest>
    <UnitTest name="Skillaz.Tests.HH.HHApiClient_feature.HH_API_client_correct_xManager_is_selected_when_requested_with_xManager" storage="c:\users\дмитрийбахтенков\skiz\skillaz-backend\src\skillaz.tests\bin\debug\net5.0\skillaz.tests.dll" id="d9623f19-7e6c-7a9e-d605-593eb0fc217f">
      <Execution id="0233815f-b858-4344-87b0-fe43314c181f" />
      <TestMethod codeBase="C:\Users\ДмитрийБахтенков\skiz\skillaz-backend\src\Skillaz.Tests\bin\Debug\net5.0\Skillaz.Tests.dll" adapterTypeName="executor://xunit/VsTestRunner2/netcoreapp" className="Skillaz.Tests.HH.HHApiClient_feature" name="HH_API_client_correct_xManager_is_selected_when_requested_with_xManager" />
    </UnitTest>
    <UnitTest name="Skillaz.Tests.Authorization.AuthLoginWorkflowService_Login_feature.Do_incorrect_login_by_email_expects_attempts_increment" storage="c:\users\дмитрийбахтенков\skiz\skillaz-backend\src\skillaz.tests\bin\debug\net5.0\skillaz.tests.dll" id="d69b6f7b-3d70-8685-d9dc-086e8c56eeac">
      <Execution id="7fc97f2a-60ef-42ca-852f-7fc64bfd212f" />
      <TestMethod codeBase="C:\Users\ДмитрийБахтенков\skiz\skillaz-backend\src\Skillaz.Tests\bin\Debug\net5.0\Skillaz.Tests.dll" adapterTypeName="executor://xunit/VsTestRunner2/netcoreapp" className="Skillaz.Tests.Authorization.AuthLoginWorkflowService_Login_feature" name="Do_incorrect_login_by_email_expects_attempts_increment" />
    </UnitTest>
    <UnitTest name="Skillaz.Tests.Configurator.DocumentModel.DocumentModelFieldBinderTest.DocumentModelBinderParseTest(expression: &quot;DictExtraData.Field&quot;, expectedType: typeof(Skillaz.Framework.DocumentModel.Binders.DocumentModelDictionaryFieldBinder&lt;Skillaz.Tests.Configurator.DocumentModel.DocumentModelTestDocument&gt;))" storage="c:\users\дмитрийбахтенков\skiz\skillaz-backend\src\skillaz.tests\bin\debug\net5.0\skillaz.tests.dll" id="3e23fdf8-8cd3-7b72-db1a-478faebedeaa">
      <Execution id="11439ef1-7f89-4c80-981a-d570c75b7082" />
      <TestMethod codeBase="C:\Users\ДмитрийБахтенков\skiz\skillaz-backend\src\Skillaz.Tests\bin\Debug\net5.0\Skillaz.Tests.dll" adapterTypeName="executor://xunit/VsTestRunner2/netcoreapp" className="Skillaz.Tests.Configurator.DocumentModel.DocumentModelFieldBinderTest" name="DocumentModelBinderParseTest" />
    </UnitTest>
    <UnitTest name="Skillaz.Tests.Users.UserController_feature.RoleCandidateFilterServicePatch" storage="c:\users\дмитрийбахтенков\skiz\skillaz-backend\src\skillaz.tests\bin\debug\net5.0\skillaz.tests.dll" id="411d8299-5978-127c-71d4-5d69a8531e4f">
      <Execution id="56ac08d7-fd36-46ce-8081-792b8ed0e0f5" />
      <TestMethod codeBase="C:\Users\ДмитрийБахтенков\skiz\skillaz-backend\src\Skillaz.Tests\bin\Debug\net5.0\Skillaz.Tests.dll" adapterTypeName="executor://xunit/VsTestRunner2/netcoreapp" className="Skillaz.Tests.Users.UserController_feature" name="RoleCandidateFilterServicePatch" />
    </UnitTest>
    <UnitTest name="Skillaz.Tests.TaskTracker.TaskAction_feature.Transfer_candidate_in_status_not_delay" storage="c:\users\дмитрийбахтенков\skiz\skillaz-backend\src\skillaz.tests\bin\debug\net5.0\skillaz.tests.dll" id="f65186c2-76d7-8408-9d56-43b1a3476e8e">
      <Execution id="f766d484-cb8e-43f6-9574-5e03ecdf659b" />
      <TestMethod codeBase="C:\Users\ДмитрийБахтенков\skiz\skillaz-backend\src\Skillaz.Tests\bin\Debug\net5.0\Skillaz.Tests.dll" adapterTypeName="executor://xunit/VsTestRunner2/netcoreapp" className="Skillaz.Tests.TaskTracker.TaskAction_feature" name="Transfer_candidate_in_status_not_delay" />
    </UnitTest>
    <UnitTest name="Skillaz.Tests.Users.UserController_feature.RoleCandidateFilterServiceGet" storage="c:\users\дмитрийбахтенков\skiz\skillaz-backend\src\skillaz.tests\bin\debug\net5.0\skillaz.tests.dll" id="981a48c0-740c-e140-a77c-529e1e129b56">
      <Execution id="c1b82cb0-82cf-4a49-9017-03df5ecf7ce2" />
      <TestMethod codeBase="C:\Users\ДмитрийБахтенков\skiz\skillaz-backend\src\Skillaz.Tests\bin\Debug\net5.0\Skillaz.Tests.dll" adapterTypeName="executor://xunit/VsTestRunner2/netcoreapp" className="Skillaz.Tests.Users.UserController_feature" name="RoleCandidateFilterServiceGet" />
    </UnitTest>
    <UnitTest name="Skillaz.Tests.Configurator.Prioritization.ConfiguratorPrioritizationRequest_feature.Prioritization_single_condition_with_rules_overlay" storage="c:\users\дмитрийбахтенков\skiz\skillaz-backend\src\skillaz.tests\bin\debug\net5.0\skillaz.tests.dll" id="53564abf-c929-68f7-2c88-2ee26c036473">
      <Execution id="b081a197-4d73-4965-86ea-3b2059ccd280" />
      <TestMethod codeBase="C:\Users\ДмитрийБахтенков\skiz\skillaz-backend\src\Skillaz.Tests\bin\Debug\net5.0\Skillaz.Tests.dll" adapterTypeName="executor://xunit/VsTestRunner2/netcoreapp" className="Skillaz.Tests.Configurator.Prioritization.ConfiguratorPrioritizationRequest_feature" name="Prioritization_single_condition_with_rules_overlay" />
    </UnitTest>
    <UnitTest name="Skillaz.Tests.Configurator.DocumentModel.MaskFeature.Проверить_настройку_маски_полей" storage="c:\users\дмитрийбахтенков\skiz\skillaz-backend\src\skillaz.tests\bin\debug\net5.0\skillaz.tests.dll" id="089c705b-b0a2-4f20-0336-babaab0a0141">
      <Execution id="2788041e-1577-4bf2-917d-54cf4f3bdf89" />
      <TestMethod codeBase="C:\Users\ДмитрийБахтенков\skiz\skillaz-backend\src\Skillaz.Tests\bin\Debug\net5.0\Skillaz.Tests.dll" adapterTypeName="executor://xunit/VsTestRunner2/netcoreapp" className="Skillaz.Tests.Configurator.DocumentModel.MaskFeature" name="Проверить_настройку_маски_полей" />
    </UnitTest>
    <UnitTest name="Skillaz.Tests.Authorization.AuthLoginWorkflowService_Restore_feature.Do_second_step_restore_by_username_expects_login_action_become_changePassword" storage="c:\users\дмитрийбахтенков\skiz\skillaz-backend\src\skillaz.tests\bin\debug\net5.0\skillaz.tests.dll" id="d0ee4d38-c709-1365-167d-d6338423f337">
      <Execution id="462f3fc9-91d4-4995-b3c4-a1adc473c226" />
      <TestMethod codeBase="C:\Users\ДмитрийБахтенков\skiz\skillaz-backend\src\Skillaz.Tests\bin\Debug\net5.0\Skillaz.Tests.dll" adapterTypeName="executor://xunit/VsTestRunner2/netcoreapp" className="Skillaz.Tests.Authorization.AuthLoginWorkflowService_Restore_feature" name="Do_second_step_restore_by_username_expects_login_action_become_changePassword" />
    </UnitTest>
    <UnitTest name="Skillaz.Tests.OpenApi.CreateNewCandidate_feature.Candidate_duplicate_returned" storage="c:\users\дмитрийбахтенков\skiz\skillaz-backend\src\skillaz.tests\bin\debug\net5.0\skillaz.tests.dll" id="d0f33f9f-24ac-0fc7-07bd-03b651b8483b">
      <Execution id="f60c1861-3c85-4255-9b89-70c3e0d36cde" />
      <TestMethod codeBase="C:\Users\ДмитрийБахтенков\skiz\skillaz-backend\src\Skillaz.Tests\bin\Debug\net5.0\Skillaz.Tests.dll" adapterTypeName="executor://xunit/VsTestRunner2/netcoreapp" className="Skillaz.Tests.OpenApi.CreateNewCandidate_feature" name="Candidate_duplicate_returned" />
    </UnitTest>
    <UnitTest name="Skillaz.Tests.HH.HHNegotiations_feature.NegotiationId_saved_in_FirstSource" storage="c:\users\дмитрийбахтенков\skiz\skillaz-backend\src\skillaz.tests\bin\debug\net5.0\skillaz.tests.dll" id="172e591b-f9e3-8414-8fff-ea2d9778a0f5">
      <Execution id="42a79832-166a-47c0-80a7-e06235a94d56" />
      <TestMethod codeBase="C:\Users\ДмитрийБахтенков\skiz\skillaz-backend\src\Skillaz.Tests\bin\Debug\net5.0\Skillaz.Tests.dll" adapterTypeName="executor://xunit/VsTestRunner2/netcoreapp" className="Skillaz.Tests.HH.HHNegotiations_feature" name="NegotiationId_saved_in_FirstSource" />
    </UnitTest>
    <UnitTest name="Skillaz.Tests.HH.VrVideoInterview.HHVrCreateCompany_feature.Create_Vr_Company" storage="c:\users\дмитрийбахтенков\skiz\skillaz-backend\src\skillaz.tests\bin\debug\net5.0\skillaz.tests.dll" id="4b71fc26-c696-553b-92bf-07d05d95579b">
      <Execution id="a57c14f0-cf60-4fe2-a910-ccd8ccd807a9" />
      <TestMethod codeBase="C:\Users\ДмитрийБахтенков\skiz\skillaz-backend\src\Skillaz.Tests\bin\Debug\net5.0\Skillaz.Tests.dll" adapterTypeName="executor://xunit/VsTestRunner2/netcoreapp" className="Skillaz.Tests.HH.VrVideoInterview.HHVrCreateCompany_feature" name="Create_Vr_Company" />
    </UnitTest>
    <UnitTest name="Skillaz.Tests.Candidate.DashboardReports.DashboardReport_feature.FunnelReport_update" storage="c:\users\дмитрийбахтенков\skiz\skillaz-backend\src\skillaz.tests\bin\debug\net5.0\skillaz.tests.dll" id="a77e6175-1d0b-a021-09a0-4e96e05a9842">
      <Execution id="09709816-9485-4e2b-a930-b54ec391a8d0" />
      <TestMethod codeBase="C:\Users\ДмитрийБахтенков\skiz\skillaz-backend\src\Skillaz.Tests\bin\Debug\net5.0\Skillaz.Tests.dll" adapterTypeName="executor://xunit/VsTestRunner2/netcoreapp" className="Skillaz.Tests.Candidate.DashboardReports.DashboardReport_feature" name="FunnelReport_update" />
    </UnitTest>
    <UnitTest name="Skillaz.Tests.Configurator.Validation.Funnel.Валидация_что_нет_кандидатов_на_удаляемых_статусах" storage="c:\users\дмитрийбахтенков\skiz\skillaz-backend\src\skillaz.tests\bin\debug\net5.0\skillaz.tests.dll" id="89fab500-a884-ad45-851b-a5b750cbc444">
      <Execution id="28bf9747-dae7-4427-8262-0c6eb5703132" />
      <TestMethod codeBase="C:\Users\ДмитрийБахтенков\skiz\skillaz-backend\src\Skillaz.Tests\bin\Debug\net5.0\Skillaz.Tests.dll" adapterTypeName="executor://xunit/VsTestRunner2/netcoreapp" className="Skillaz.Tests.Configurator.Validation.Funnel" name="Валидация_что_нет_кандидатов_на_удаляемых_статусах" />
    </UnitTest>
    <UnitTest name="Skillaz.Tests.Assessment.Scenario_feature.Unlinking_a_scenario" storage="c:\users\дмитрийбахтенков\skiz\skillaz-backend\src\skillaz.tests\bin\debug\net5.0\skillaz.tests.dll" id="a1d2dd81-d1d2-b8d0-3101-54998c5dbdaf">
      <Execution id="15a97836-a39b-4c9c-8cd1-f3dd8a352786" />
      <TestMethod codeBase="C:\Users\ДмитрийБахтенков\skiz\skillaz-backend\src\Skillaz.Tests\bin\Debug\net5.0\Skillaz.Tests.dll" adapterTypeName="executor://xunit/VsTestRunner2/netcoreapp" className="Skillaz.Tests.Assessment.Scenario_feature" name="Unlinking_a_scenario" />
    </UnitTest>
    <UnitTest name="Skillaz.Tests.Configurator.Deduplication.SendNotificationByRuleTest.Correctly_send_notification_for_deduplication_by_new_candidate" storage="c:\users\дмитрийбахтенков\skiz\skillaz-backend\src\skillaz.tests\bin\debug\net5.0\skillaz.tests.dll" id="600fa3f6-c320-1544-cecd-d65487c236b1">
      <Execution id="2b679b4c-71f9-41ca-83eb-16dec18fbb4a" />
      <TestMethod codeBase="C:\Users\ДмитрийБахтенков\skiz\skillaz-backend\src\Skillaz.Tests\bin\Debug\net5.0\Skillaz.Tests.dll" adapterTypeName="executor://xunit/VsTestRunner2/netcoreapp" className="Skillaz.Tests.Configurator.Deduplication.SendNotificationByRuleTest" name="Correctly_send_notification_for_deduplication_by_new_candidate" />
    </UnitTest>
    <UnitTest name="Skillaz.Tests.CompanySpecific.X5.X5Deduplication_feature.By_birth_date_and_phone_number" storage="c:\users\дмитрийбахтенков\skiz\skillaz-backend\src\skillaz.tests\bin\debug\net5.0\skillaz.tests.dll" id="2b9dd309-991c-2583-f695-e6404df19bbe">
      <Execution id="7e268cd6-704b-4081-8fff-d058b8cf7b99" />
      <TestMethod codeBase="C:\Users\ДмитрийБахтенков\skiz\skillaz-backend\src\Skillaz.Tests\bin\Debug\net5.0\Skillaz.Tests.dll" adapterTypeName="executor://xunit/VsTestRunner2/netcoreapp" className="Skillaz.Tests.CompanySpecific.X5.X5Deduplication_feature" name="By_birth_date_and_phone_number" />
    </UnitTest>
    <UnitTest name="Skillaz.Tests.Candidate.Elastic.CandidateElasticFiltration_feature.Retrieving_a_candidate_by_existing_user_id" storage="c:\users\дмитрийбахтенков\skiz\skillaz-backend\src\skillaz.tests\bin\debug\net5.0\skillaz.tests.dll" id="a92840b8-1f2a-f706-4288-a846f6d66ce9">
      <Execution id="f8913367-c7ee-49d9-a322-237f9ab4ec9a" />
      <TestMethod codeBase="C:\Users\ДмитрийБахтенков\skiz\skillaz-backend\src\Skillaz.Tests\bin\Debug\net5.0\Skillaz.Tests.dll" adapterTypeName="executor://xunit/VsTestRunner2/netcoreapp" className="Skillaz.Tests.Candidate.Elastic.CandidateElasticFiltration_feature" name="Retrieving_a_candidate_by_existing_user_id" />
    </UnitTest>
    <UnitTest name="Skillaz.Tests.Assessment.Interviews.AddressInterview_feature.Getting_a_result_of_interview" storage="c:\users\дмитрийбахтенков\skiz\skillaz-backend\src\skillaz.tests\bin\debug\net5.0\skillaz.tests.dll" id="edd1fb4a-b90e-59db-f669-1abea64588b1">
      <Execution id="39471bdd-909a-4875-87e7-2c0e499b25f8" />
      <TestMethod codeBase="C:\Users\ДмитрийБахтенков\skiz\skillaz-backend\src\Skillaz.Tests\bin\Debug\net5.0\Skillaz.Tests.dll" adapterTypeName="executor://xunit/VsTestRunner2/netcoreapp" className="Skillaz.Tests.Assessment.Interviews.AddressInterview_feature" name="Getting_a_result_of_interview" />
    </UnitTest>
    <UnitTest name="Skillaz.Tests.Configurator.Editor.PreventSameInnerNameUsageFeature.Нельзя_создать_документы_с_одинаковым_кодом" storage="c:\users\дмитрийбахтенков\skiz\skillaz-backend\src\skillaz.tests\bin\debug\net5.0\skillaz.tests.dll" id="7d5c8268-00e1-840c-44e1-d3048cbbf1fc">
      <Execution id="2201a683-096a-4e37-b162-1b402cb0a1bb" />
      <TestMethod codeBase="C:\Users\ДмитрийБахтенков\skiz\skillaz-backend\src\Skillaz.Tests\bin\Debug\net5.0\Skillaz.Tests.dll" adapterTypeName="executor://xunit/VsTestRunner2/netcoreapp" className="Skillaz.Tests.Configurator.Editor.PreventSameInnerNameUsageFeature" name="Нельзя_создать_документы_с_одинаковым_кодом" />
    </UnitTest>
    <UnitTest name="Skillaz.Tests.Authorization.AuthLoginWorkflowService_Restore_feature.Do_first_step_restore_by_username_expects_link_generation_to_recover_the_password" storage="c:\users\дмитрийбахтенков\skiz\skillaz-backend\src\skillaz.tests\bin\debug\net5.0\skillaz.tests.dll" id="7640c6df-e102-0a37-0f58-0c33947b5a10">
      <Execution id="aba58175-99e5-46a9-95ce-8a27450d199f" />
      <TestMethod codeBase="C:\Users\ДмитрийБахтенков\skiz\skillaz-backend\src\Skillaz.Tests\bin\Debug\net5.0\Skillaz.Tests.dll" adapterTypeName="executor://xunit/VsTestRunner2/netcoreapp" className="Skillaz.Tests.Authorization.AuthLoginWorkflowService_Restore_feature" name="Do_first_step_restore_by_username_expects_link_generation_to_recover_the_password" />
    </UnitTest>
    <UnitTest name="Should get Ok(200) for exists company(jwt: &quot;eyJraWQiOiJoaF92aWRlb19pbnRlcnZpZXdfc2tpbGxheiIsIm&quot;...)" storage="c:\users\дмитрийбахтенков\skiz\skillaz-backend\src\skillaz.tests\bin\debug\net5.0\skillaz.tests.dll" id="a3b476da-c5ac-2466-f5d1-66e02b545a9e">
      <Execution id="18e7e164-528a-4c8d-8b41-9031c94f33c5" />
      <TestMethod codeBase="C:\Users\ДмитрийБахтенков\skiz\skillaz-backend\src\Skillaz.Tests\bin\Debug\net5.0\Skillaz.Tests.dll" adapterTypeName="executor://xunit/VsTestRunner2/netcoreapp" className="Skillaz.Tests.HH.Assessment.HHAssessmentFeature" name="GetDuplicateCompanyConfict" />
    </UnitTest>
    <UnitTest name="Skillaz.Tests.Validators.RegexPatternValidator_feature.Should_successfully_validate_valid_pattern" storage="c:\users\дмитрийбахтенков\skiz\skillaz-backend\src\skillaz.tests\bin\debug\net5.0\skillaz.tests.dll" id="1ceeb823-8ac9-7502-b834-7fb85e55bfa2">
      <Execution id="046cb699-771a-42be-8ff9-c22f51cbbabf" />
      <TestMethod codeBase="C:\Users\ДмитрийБахтенков\skiz\skillaz-backend\src\Skillaz.Tests\bin\Debug\net5.0\Skillaz.Tests.dll" adapterTypeName="executor://xunit/VsTestRunner2/netcoreapp" className="Skillaz.Tests.Validators.RegexPatternValidator_feature" name="Should_successfully_validate_valid_pattern" />
    </UnitTest>
    <UnitTest name="Skillaz.Tests.AsyncEnumerable.AsyncEnumerableTests.Parallel_for_each_respects_cancellation_token" storage="c:\users\дмитрийбахтенков\skiz\skillaz-backend\src\skillaz.tests\bin\debug\net5.0\skillaz.tests.dll" id="9a60331e-ca3e-1df1-7b63-5bd8cf646895">
      <Execution id="f724d2fc-6e3f-4e4d-a73e-2fc161020d67" />
      <TestMethod codeBase="C:\Users\ДмитрийБахтенков\skiz\skillaz-backend\src\Skillaz.Tests\bin\Debug\net5.0\Skillaz.Tests.dll" adapterTypeName="executor://xunit/VsTestRunner2/netcoreapp" className="Skillaz.Tests.AsyncEnumerable.AsyncEnumerableTests" name="Parallel_for_each_respects_cancellation_token" />
    </UnitTest>
    <UnitTest name="Расширение файла совпадает с его содержимым(fileName: &quot;Image.png&quot;)" storage="c:\users\дмитрийбахтенков\skiz\skillaz-backend\src\skillaz.tests\bin\debug\net5.0\skillaz.tests.dll" id="c3f41930-b4e1-475b-0763-4968927d9d37">
      <Execution id="61d18514-61d7-48b2-8852-e4beaf927314" />
      <TestMethod codeBase="C:\Users\ДмитрийБахтенков\skiz\skillaz-backend\src\Skillaz.Tests\bin\Debug\net5.0\Skillaz.Tests.dll" adapterTypeName="executor://xunit/VsTestRunner2/netcoreapp" className="Skillaz.Testing.Run.System.Security.FileContentCheckerTests" name="FileExtensionShouldMatchContent" />
    </UnitTest>
    <UnitTest name="Skillaz.Tests.Configurator.Deduplication.UpdateCandidateTest.Отклик_кандидат_откликнулся_сам" storage="c:\users\дмитрийбахтенков\skiz\skillaz-backend\src\skillaz.tests\bin\debug\net5.0\skillaz.tests.dll" id="7279f6f3-004a-7599-d46f-4be2829e4499">
      <Execution id="50cee020-dfd0-46ed-b582-74cd55dbb0ee" />
      <TestMethod codeBase="C:\Users\ДмитрийБахтенков\skiz\skillaz-backend\src\Skillaz.Tests\bin\Debug\net5.0\Skillaz.Tests.dll" adapterTypeName="executor://xunit/VsTestRunner2/netcoreapp" className="Skillaz.Tests.Configurator.Deduplication.UpdateCandidateTest" name="Отклик_кандидат_откликнулся_сам" />
    </UnitTest>
    <UnitTest name="Skillaz.Tests.Helpers.WorkingDaysHelperFeature.FindProductionDates(dateStrings: [&quot;2020-05-01&quot;, &quot;2020-05-02&quot;, &quot;2020-05-15&quot;, &quot;2020-05-16&quot;, &quot;2020-05-06&quot;, ...])" storage="c:\users\дмитрийбахтенков\skiz\skillaz-backend\src\skillaz.tests\bin\debug\net5.0\skillaz.tests.dll" id="1404f690-f55f-1643-8d2f-cbf3a7460338">
      <Execution id="ee1eabe5-16a7-4c74-90e6-4ca0f1329ef5" />
      <TestMethod codeBase="C:\Users\ДмитрийБахтенков\skiz\skillaz-backend\src\Skillaz.Tests\bin\Debug\net5.0\Skillaz.Tests.dll" adapterTypeName="executor://xunit/VsTestRunner2/netcoreapp" className="Skillaz.Tests.Helpers.WorkingDaysHelperFeature" name="FindProductionDates" />
    </UnitTest>
    <UnitTest name="Skillaz.Tests.DocumentModels.ValueConvertFeature.Проверить_конвертацию_между_массивом_и_строкой" storage="c:\users\дмитрийбахтенков\skiz\skillaz-backend\src\skillaz.tests\bin\debug\net5.0\skillaz.tests.dll" id="4f3b398b-84ec-beaa-0aef-43995f6b4d42">
      <Execution id="2e355c8c-d03f-4d7e-b313-bee31f1ecb38" />
      <TestMethod codeBase="C:\Users\ДмитрийБахтенков\skiz\skillaz-backend\src\Skillaz.Tests\bin\Debug\net5.0\Skillaz.Tests.dll" adapterTypeName="executor://xunit/VsTestRunner2/netcoreapp" className="Skillaz.Tests.DocumentModels.ValueConvertFeature" name="Проверить_конвертацию_между_массивом_и_строкой" />
    </UnitTest>
    <UnitTest name="Skillaz.Tests.Assessment.Interviews.SimulationInterview_feature.The_Started_status_is_set_only_once" storage="c:\users\дмитрийбахтенков\skiz\skillaz-backend\src\skillaz.tests\bin\debug\net5.0\skillaz.tests.dll" id="aa231317-e27d-e53e-4717-fd50e2e8f057">
      <Execution id="76f9b26f-ef47-42fd-a729-83e567229581" />
      <TestMethod codeBase="C:\Users\ДмитрийБахтенков\skiz\skillaz-backend\src\Skillaz.Tests\bin\Debug\net5.0\Skillaz.Tests.dll" adapterTypeName="executor://xunit/VsTestRunner2/netcoreapp" className="Skillaz.Tests.Assessment.Interviews.SimulationInterview_feature" name="The_Started_status_is_set_only_once" />
    </UnitTest>
    <UnitTest name="Skillaz.Tests.Assessment.Interviews.QuizInterview_feature.Getting_a_quiz_interview" storage="c:\users\дмитрийбахтенков\skiz\skillaz-backend\src\skillaz.tests\bin\debug\net5.0\skillaz.tests.dll" id="de5a4d9c-3584-4854-ecf2-b188aaa5a1d1">
      <Execution id="1d6e52a8-84ff-4e14-9aab-16d077277b25" />
      <TestMethod codeBase="C:\Users\ДмитрийБахтенков\skiz\skillaz-backend\src\Skillaz.Tests\bin\Debug\net5.0\Skillaz.Tests.dll" adapterTypeName="executor://xunit/VsTestRunner2/netcoreapp" className="Skillaz.Tests.Assessment.Interviews.QuizInterview_feature" name="Getting_a_quiz_interview" />
    </UnitTest>
    <UnitTest name="Skillaz.Tests.Assessment.Questionnaires.QuizQuestionnaire_feature.Getting_a_quiz_questionnaire_list" storage="c:\users\дмитрийбахтенков\skiz\skillaz-backend\src\skillaz.tests\bin\debug\net5.0\skillaz.tests.dll" id="fdffafba-b735-773b-e5b8-ba0d025a0361">
      <Execution id="732e3e91-117b-494d-8733-b56b8205e101" />
      <TestMethod codeBase="C:\Users\ДмитрийБахтенков\skiz\skillaz-backend\src\Skillaz.Tests\bin\Debug\net5.0\Skillaz.Tests.dll" adapterTypeName="executor://xunit/VsTestRunner2/netcoreapp" className="Skillaz.Tests.Assessment.Questionnaires.QuizQuestionnaire_feature" name="Getting_a_quiz_questionnaire_list" />
    </UnitTest>
    <UnitTest name="Skillaz.Tests.Configurator.SecurityProfile.ConfiguratorSecurityProfileCandidate_feature.Candidate_is_available_by_request_only_rule" storage="c:\users\дмитрийбахтенков\skiz\skillaz-backend\src\skillaz.tests\bin\debug\net5.0\skillaz.tests.dll" id="5b043f37-1fd0-1aaa-b976-b40b2aa89f0a">
      <Execution id="82cb4ed3-23a2-4547-ba04-3d4327f901d0" />
      <TestMethod codeBase="C:\Users\ДмитрийБахтенков\skiz\skillaz-backend\src\Skillaz.Tests\bin\Debug\net5.0\Skillaz.Tests.dll" adapterTypeName="executor://xunit/VsTestRunner2/netcoreapp" className="Skillaz.Tests.Configurator.SecurityProfile.ConfiguratorSecurityProfileCandidate_feature" name="Candidate_is_available_by_request_only_rule" />
    </UnitTest>
    <UnitTest name="Skillaz.Tests.Telephony.CallList_ExtendFilter_feature.CheckMixedFilterIncludeOrExcludeOr" storage="c:\users\дмитрийбахтенков\skiz\skillaz-backend\src\skillaz.tests\bin\debug\net5.0\skillaz.tests.dll" id="5d9117c9-47ac-a1d9-1179-b8b47ebf0bef">
      <Execution id="564e5840-aa2f-48bc-bef4-f46fefb8d07a" />
      <TestMethod codeBase="C:\Users\ДмитрийБахтенков\skiz\skillaz-backend\src\Skillaz.Tests\bin\Debug\net5.0\Skillaz.Tests.dll" adapterTypeName="executor://xunit/VsTestRunner2/netcoreapp" className="Skillaz.Tests.Telephony.CallList_ExtendFilter_feature" name="CheckMixedFilterIncludeOrExcludeOr" />
    </UnitTest>
    <UnitTest name="Skillaz.Tests.Authorization.SetUserPasswordCommand_feature.Try_to_set_a_weak_password_must_throw" storage="c:\users\дмитрийбахтенков\skiz\skillaz-backend\src\skillaz.tests\bin\debug\net5.0\skillaz.tests.dll" id="dfc34240-877b-41a5-2382-24393fd475b4">
      <Execution id="c18164f5-054b-4388-a26d-e6ecf761b916" />
      <TestMethod codeBase="C:\Users\ДмитрийБахтенков\skiz\skillaz-backend\src\Skillaz.Tests\bin\Debug\net5.0\Skillaz.Tests.dll" adapterTypeName="executor://xunit/VsTestRunner2/netcoreapp" className="Skillaz.Tests.Authorization.SetUserPasswordCommand_feature" name="Try_to_set_a_weak_password_must_throw" />
    </UnitTest>
    <UnitTest name="Skillaz.Tests.Publication.VacancyPublicationRule_feature.Vacancy_publication_rule_not_created_with_linked_active_publications_for_same_template" storage="c:\users\дмитрийбахтенков\skiz\skillaz-backend\src\skillaz.tests\bin\debug\net5.0\skillaz.tests.dll" id="09df7320-8312-4a53-7bd3-ca60a0e621da">
      <Execution id="0f06fe3d-84e5-4d38-8e0a-600ab7b9104d" />
      <TestMethod codeBase="C:\Users\ДмитрийБахтенков\skiz\skillaz-backend\src\Skillaz.Tests\bin\Debug\net5.0\Skillaz.Tests.dll" adapterTypeName="executor://xunit/VsTestRunner2/netcoreapp" className="Skillaz.Tests.Publication.VacancyPublicationRule_feature" name="Vacancy_publication_rule_not_created_with_linked_active_publications_for_same_template" />
    </UnitTest>
    <UnitTest name="Skillaz.Tests.Request.HireRequestRefsOrgUnitPosition_feature.Update_of_a_hire_request_with_linkage_to_org_unit_position" storage="c:\users\дмитрийбахтенков\skiz\skillaz-backend\src\skillaz.tests\bin\debug\net5.0\skillaz.tests.dll" id="ab21a3fe-c0cd-3efd-d2d0-5ea2c2e5412f">
      <Execution id="03524373-ef22-4815-ac40-68433705ddf1" />
      <TestMethod codeBase="C:\Users\ДмитрийБахтенков\skiz\skillaz-backend\src\Skillaz.Tests\bin\Debug\net5.0\Skillaz.Tests.dll" adapterTypeName="executor://xunit/VsTestRunner2/netcoreapp" className="Skillaz.Tests.Request.HireRequestRefsOrgUnitPosition_feature" name="Update_of_a_hire_request_with_linkage_to_org_unit_position" />
    </UnitTest>
    <UnitTest name="Skillaz.Tests.Assessment.Interviews.SelfEntryInterview_feature.Getting_a_self_entry_interview_for_hire_request" storage="c:\users\дмитрийбахтенков\skiz\skillaz-backend\src\skillaz.tests\bin\debug\net5.0\skillaz.tests.dll" id="3cfb080c-a64b-1718-3ba9-9f9a4a865383">
      <Execution id="fcfe5035-4098-4e61-9c0b-ef2dd46e3988" />
      <TestMethod codeBase="C:\Users\ДмитрийБахтенков\skiz\skillaz-backend\src\Skillaz.Tests\bin\Debug\net5.0\Skillaz.Tests.dll" adapterTypeName="executor://xunit/VsTestRunner2/netcoreapp" className="Skillaz.Tests.Assessment.Interviews.SelfEntryInterview_feature" name="Getting_a_self_entry_interview_for_hire_request" />
    </UnitTest>
    <UnitTest name="Skillaz.Tests.Notifications.EmailAntispam_feature.Send_duplicate_email_to_candidate_by_hash_and_check_it_was_not_sent" storage="c:\users\дмитрийбахтенков\skiz\skillaz-backend\src\skillaz.tests\bin\debug\net5.0\skillaz.tests.dll" id="c340ff4e-361a-8adf-5bc4-1d5f8155bfa6">
      <Execution id="2cfe7e2c-b06c-4bff-af4c-9d09d055c7a2" />
      <TestMethod codeBase="C:\Users\ДмитрийБахтенков\skiz\skillaz-backend\src\Skillaz.Tests\bin\Debug\net5.0\Skillaz.Tests.dll" adapterTypeName="executor://xunit/VsTestRunner2/netcoreapp" className="Skillaz.Tests.Notifications.EmailAntispam_feature" name="Send_duplicate_email_to_candidate_by_hash_and_check_it_was_not_sent" />
    </UnitTest>
    <UnitTest name="Skillaz.Tests.CompanySpecific.Rosatom.RosatomCandidateWorkflowTriggers_feature.Job_offer_state_changed(toCandidateStatusId: &quot;JobOfferRefuseByCandidate&quot;, triggerType: typeof(Skillaz.ClientConfiguration.Rosatom.WorkflowTriggers.CandidateStatusChangeToJobOfferRefuseByCandidate))" storage="c:\users\дмитрийбахтенков\skiz\skillaz-backend\src\skillaz.tests\bin\debug\net5.0\skillaz.tests.dll" id="998a1261-0247-9360-fa2f-3ec2306fc0fa">
      <Execution id="649d63ed-44a0-44a9-95dc-91659e5e8d5a" />
      <TestMethod codeBase="C:\Users\ДмитрийБахтенков\skiz\skillaz-backend\src\Skillaz.Tests\bin\Debug\net5.0\Skillaz.Tests.dll" adapterTypeName="executor://xunit/VsTestRunner2/netcoreapp" className="Skillaz.Tests.CompanySpecific.Rosatom.RosatomCandidateWorkflowTriggers_feature" name="Job_offer_state_changed" />
    </UnitTest>
    <UnitTest name="Skillaz.Tests.Candidate.Workflow.CandidateAlwaysSwitchRulesTests.Кандидата_из_статуса_новый_перекидывает_в_целевой" storage="c:\users\дмитрийбахтенков\skiz\skillaz-backend\src\skillaz.tests\bin\debug\net5.0\skillaz.tests.dll" id="b61df458-05eb-c22f-8fb9-aed9f810b12b">
      <Execution id="2cd4c670-0964-4213-b765-dcfa77202b2d" />
      <TestMethod codeBase="C:\Users\ДмитрийБахтенков\skiz\skillaz-backend\src\Skillaz.Tests\bin\Debug\net5.0\Skillaz.Tests.dll" adapterTypeName="executor://xunit/VsTestRunner2/netcoreapp" className="Skillaz.Tests.Candidate.Workflow.CandidateAlwaysSwitchRulesTests" name="Кандидата_из_статуса_новый_перекидывает_в_целевой" />
    </UnitTest>
    <UnitTest name="Skillaz.Tests.Helpers.WorkingDaysHelperFeature.FindProductionDates(dateStrings: [&quot;2020-07-01&quot;, &quot;2020-07-02&quot;, &quot;2020-07-15&quot;, &quot;2020-07-16&quot;, &quot;2020-07-03&quot;, ...])" storage="c:\users\дмитрийбахтенков\skiz\skillaz-backend\src\skillaz.tests\bin\debug\net5.0\skillaz.tests.dll" id="4cf6d071-f83e-386d-ea06-4f83615f48d9">
      <Execution id="0b806ed1-3247-41a1-9ffe-3de2dfc5a99a" />
      <TestMethod codeBase="C:\Users\ДмитрийБахтенков\skiz\skillaz-backend\src\Skillaz.Tests\bin\Debug\net5.0\Skillaz.Tests.dll" adapterTypeName="executor://xunit/VsTestRunner2/netcoreapp" className="Skillaz.Tests.Helpers.WorkingDaysHelperFeature" name="FindProductionDates" />
    </UnitTest>
    <UnitTest name="Skillaz.Tests.TaskTracker.TaskNotificationRecipient_feature.Processing_task_notification_recipient" storage="c:\users\дмитрийбахтенков\skiz\skillaz-backend\src\skillaz.tests\bin\debug\net5.0\skillaz.tests.dll" id="00e627c1-ed61-3a01-fbe2-fd8f8845151b">
      <Execution id="6c7b2a11-ec27-4300-959d-f31dbdec0345" />
      <TestMethod codeBase="C:\Users\ДмитрийБахтенков\skiz\skillaz-backend\src\Skillaz.Tests\bin\Debug\net5.0\Skillaz.Tests.dll" adapterTypeName="executor://xunit/VsTestRunner2/netcoreapp" className="Skillaz.Tests.TaskTracker.TaskNotificationRecipient_feature" name="Processing_task_notification_recipient" />
    </UnitTest>
    <UnitTest name="Skillaz.Tests.RabotaNur.RabotaNurHtmlConverterTests.TestMethod(html: &quot;\r\n1\n2 \r\n\n&quot;, expected: &quot;1\n2&quot;)" storage="c:\users\дмитрийбахтенков\skiz\skillaz-backend\src\skillaz.tests\bin\debug\net5.0\skillaz.tests.dll" id="2230d90e-f470-d984-ec1d-5f1e3df2e6dc">
      <Execution id="eddd9ec5-f938-414a-96ba-8831f8dcf6ac" />
      <TestMethod codeBase="C:\Users\ДмитрийБахтенков\skiz\skillaz-backend\src\Skillaz.Tests\bin\Debug\net5.0\Skillaz.Tests.dll" adapterTypeName="executor://xunit/VsTestRunner2/netcoreapp" className="Skillaz.Tests.RabotaNur.RabotaNurHtmlConverterTests" name="TestMethod" />
    </UnitTest>
    <UnitTest name="Skillaz.Tests.Controllers.CandidateAutoloadFilterController_feature.Check_Get_GetListMetadata" storage="c:\users\дмитрийбахтенков\skiz\skillaz-backend\src\skillaz.tests\bin\debug\net5.0\skillaz.tests.dll" id="7bb73e92-2766-45f8-932b-75ac401aa731">
      <Execution id="4bf1e60a-5230-4266-8471-dee44c9903ed" />
      <TestMethod codeBase="C:\Users\ДмитрийБахтенков\skiz\skillaz-backend\src\Skillaz.Tests\bin\Debug\net5.0\Skillaz.Tests.dll" adapterTypeName="executor://xunit/VsTestRunner2/netcoreapp" className="Skillaz.Tests.Controllers.CandidateAutoloadFilterController_feature" name="Check_Get_GetListMetadata" />
    </UnitTest>
    <UnitTest name="Skillaz.Tests.Helpers.TypeExtensionTests.GetItemTypeTest" storage="c:\users\дмитрийбахтенков\skiz\skillaz-backend\src\skillaz.tests\bin\debug\net5.0\skillaz.tests.dll" id="4286ea4f-16fb-d833-f3d1-250e71cbe4f0">
      <Execution id="29e5cad9-0306-4ce9-a6a6-75b2155680e4" />
      <TestMethod codeBase="C:\Users\ДмитрийБахтенков\skiz\skillaz-backend\src\Skillaz.Tests\bin\Debug\net5.0\Skillaz.Tests.dll" adapterTypeName="executor://xunit/VsTestRunner2/netcoreapp" className="Skillaz.Tests.Helpers.TypeExtensionTests" name="GetItemTypeTest" />
    </UnitTest>
    <UnitTest name="Skillaz.Tests.HH.HHWebhook_feature.HH_Check_that_subscribe_when_link_publication_and_we_are_not_admin" storage="c:\users\дмитрийбахтенков\skiz\skillaz-backend\src\skillaz.tests\bin\debug\net5.0\skillaz.tests.dll" id="d1fce199-908f-9a0f-c652-067f38098189">
      <Execution id="6ef833c7-af09-4006-b9dd-03c88d464445" />
      <TestMethod codeBase="C:\Users\ДмитрийБахтенков\skiz\skillaz-backend\src\Skillaz.Tests\bin\Debug\net5.0\Skillaz.Tests.dll" adapterTypeName="executor://xunit/VsTestRunner2/netcoreapp" className="Skillaz.Tests.HH.HHWebhook_feature" name="HH_Check_that_subscribe_when_link_publication_and_we_are_not_admin" />
    </UnitTest>
    <UnitTest name="Skillaz.Tests.Candidate.RoleRestrictionChangingCandidateStatus_feature.User_without_restrictions_cant_change_status" storage="c:\users\дмитрийбахтенков\skiz\skillaz-backend\src\skillaz.tests\bin\debug\net5.0\skillaz.tests.dll" id="3223c49a-92b3-2eda-10bf-966dc7dedc0a">
      <Execution id="88b914d2-8d57-4dcf-8977-b56db142d820" />
      <TestMethod codeBase="C:\Users\ДмитрийБахтенков\skiz\skillaz-backend\src\Skillaz.Tests\bin\Debug\net5.0\Skillaz.Tests.dll" adapterTypeName="executor://xunit/VsTestRunner2/netcoreapp" className="Skillaz.Tests.Candidate.RoleRestrictionChangingCandidateStatus_feature" name="User_without_restrictions_cant_change_status" />
    </UnitTest>
    <UnitTest name="Skillaz.Tests.Candidate.Users.CurrentUserVacancies_feature.Check_user_access_to_user_group_vacancies" storage="c:\users\дмитрийбахтенков\skiz\skillaz-backend\src\skillaz.tests\bin\debug\net5.0\skillaz.tests.dll" id="75f8a94a-6cf3-2b09-2106-fb7d8e0ad1b0">
      <Execution id="e05313b3-b3ef-4524-bd21-14b12879442e" />
      <TestMethod codeBase="C:\Users\ДмитрийБахтенков\skiz\skillaz-backend\src\Skillaz.Tests\bin\Debug\net5.0\Skillaz.Tests.dll" adapterTypeName="executor://xunit/VsTestRunner2/netcoreapp" className="Skillaz.Tests.Candidate.Users.CurrentUserVacancies_feature" name="Check_user_access_to_user_group_vacancies" />
    </UnitTest>
    <UnitTest name="Skillaz.Tests.Configurator.DocumentModel.DocumentModelFieldBuilderFromRegistryRefSource_feature.Null_object_default_value_from_configurator" storage="c:\users\дмитрийбахтенков\skiz\skillaz-backend\src\skillaz.tests\bin\debug\net5.0\skillaz.tests.dll" id="2572fc14-a06b-560b-b1fd-563eec05ebcf">
      <Execution id="2a7fb071-d856-4dcb-bcf9-33b34b458002" />
      <TestMethod codeBase="C:\Users\ДмитрийБахтенков\skiz\skillaz-backend\src\Skillaz.Tests\bin\Debug\net5.0\Skillaz.Tests.dll" adapterTypeName="executor://xunit/VsTestRunner2/netcoreapp" className="Skillaz.Tests.Configurator.DocumentModel.DocumentModelFieldBuilderFromRegistryRefSource_feature" name="Null_object_default_value_from_configurator" />
    </UnitTest>
    <UnitTest name="Проверка на получение стандартного провайдера" storage="c:\users\дмитрийбахтенков\skiz\skillaz-backend\src\skillaz.tests\bin\debug\net5.0\skillaz.tests.dll" id="1c96f993-11b3-1653-cd43-2933f1671077">
      <Execution id="c084f7fb-b2c2-4a04-97e3-0c426774077d" />
      <TestMethod codeBase="C:\Users\ДмитрийБахтенков\skiz\skillaz-backend\src\Skillaz.Tests\bin\Debug\net5.0\Skillaz.Tests.dll" adapterTypeName="executor://xunit/VsTestRunner2/netcoreapp" className="Skillaz.Tests.Notifications.WhatsAppMessagingFactory_feature" name="Check_default_service" />
    </UnitTest>
    <UnitTest name="Skillaz.Tests.CompanySpecific.Magnit.MagnitIntegrationISMonitor_feature.CreateVerify_Refused" storage="c:\users\дмитрийбахтенков\skiz\skillaz-backend\src\skillaz.tests\bin\debug\net5.0\skillaz.tests.dll" id="e653aadb-4794-f403-a7dc-c5068f96b3b3">
      <Execution id="5c52fdd0-de2c-44c5-a3b6-df8d068f7822" />
      <TestMethod codeBase="C:\Users\ДмитрийБахтенков\skiz\skillaz-backend\src\Skillaz.Tests\bin\Debug\net5.0\Skillaz.Tests.dll" adapterTypeName="executor://xunit/VsTestRunner2/netcoreapp" className="Skillaz.Tests.CompanySpecific.Magnit.MagnitIntegrationISMonitor_feature" name="CreateVerify_Refused" />
    </UnitTest>
    <UnitTest name="Skillaz.Tests.Candidate.Comment.AddCandidateCommentCommand_feature.AddBySystem_check_notify_at" storage="c:\users\дмитрийбахтенков\skiz\skillaz-backend\src\skillaz.tests\bin\debug\net5.0\skillaz.tests.dll" id="b32694f2-e058-03db-6a3a-3ef6dd90ff8c">
      <Execution id="d7777162-083d-4df8-83a2-8da98eddabc0" />
      <TestMethod codeBase="C:\Users\ДмитрийБахтенков\skiz\skillaz-backend\src\Skillaz.Tests\bin\Debug\net5.0\Skillaz.Tests.dll" adapterTypeName="executor://xunit/VsTestRunner2/netcoreapp" className="Skillaz.Tests.Candidate.Comment.AddCandidateCommentCommand_feature" name="AddBySystem_check_notify_at" />
    </UnitTest>
    <UnitTest name="Skillaz.Tests.Mongo.MongoFilterTests.Mongo_filter_converter_works(originalFilter: &quot;{ CompanyId: \&quot;Uber\&quot;, Appointments: { $elemMatch:&quot;..., filterPattern: &quot;{ \&quot;CompanyId\&quot; : 1, \&quot;Appointments\&quot; : { \&quot;$elemM&quot;...)" storage="c:\users\дмитрийбахтенков\skiz\skillaz-backend\src\skillaz.tests\bin\debug\net5.0\skillaz.tests.dll" id="30f0423f-1b09-42b6-b637-e89467ac2f31">
      <Execution id="814e5c91-bdbb-484b-9d04-4fc79edcc983" />
      <TestMethod codeBase="C:\Users\ДмитрийБахтенков\skiz\skillaz-backend\src\Skillaz.Tests\bin\Debug\net5.0\Skillaz.Tests.dll" adapterTypeName="executor://xunit/VsTestRunner2/netcoreapp" className="Skillaz.Tests.Mongo.MongoFilterTests" name="Mongo_filter_converter_works" />
    </UnitTest>
    <UnitTest name="Skillaz.Tests.BJ.BJApiClient_feature.BJ_API_client_fails_to_create_when_account_is_marked_as_deleted" storage="c:\users\дмитрийбахтенков\skiz\skillaz-backend\src\skillaz.tests\bin\debug\net5.0\skillaz.tests.dll" id="6ba0059c-c782-0be0-ae59-1d333827844e">
      <Execution id="80aeb66b-6e49-400c-9289-746fa0930ce0" />
      <TestMethod codeBase="C:\Users\ДмитрийБахтенков\skiz\skillaz-backend\src\Skillaz.Tests\bin\Debug\net5.0\Skillaz.Tests.dll" adapterTypeName="executor://xunit/VsTestRunner2/netcoreapp" className="Skillaz.Tests.BJ.BJApiClient_feature" name="BJ_API_client_fails_to_create_when_account_is_marked_as_deleted" />
    </UnitTest>
    <UnitTest name="Skillaz.Tests.Candidate.Elastic.CandidateElasticFiltration_feature.Retrieving_a_candidate_by_existing_job_requisition_id" storage="c:\users\дмитрийбахтенков\skiz\skillaz-backend\src\skillaz.tests\bin\debug\net5.0\skillaz.tests.dll" id="24816846-3ce7-f5d2-a234-ab07146a7014">
      <Execution id="d37d914b-c902-47aa-b0ef-dcb955a47d16" />
      <TestMethod codeBase="C:\Users\ДмитрийБахтенков\skiz\skillaz-backend\src\Skillaz.Tests\bin\Debug\net5.0\Skillaz.Tests.dll" adapterTypeName="executor://xunit/VsTestRunner2/netcoreapp" className="Skillaz.Tests.Candidate.Elastic.CandidateElasticFiltration_feature" name="Retrieving_a_candidate_by_existing_job_requisition_id" />
    </UnitTest>
    <UnitTest name="Skillaz.Tests.CompanySpecific.Mvideo.MvideoOpenApiBatchRequest_feature.Создает_ОЕ_с_ResponsibleId_из_нулей_и_проверяет_что_ResponsibleId_стал_равен_null" storage="c:\users\дмитрийбахтенков\skiz\skillaz-backend\src\skillaz.tests\bin\debug\net5.0\skillaz.tests.dll" id="21b6c246-c4e3-a0ad-015d-ff42c2de0958">
      <Execution id="7bed4d1b-0aab-4deb-a649-869ff1e8988f" />
      <TestMethod codeBase="C:\Users\ДмитрийБахтенков\skiz\skillaz-backend\src\Skillaz.Tests\bin\Debug\net5.0\Skillaz.Tests.dll" adapterTypeName="executor://xunit/VsTestRunner2/netcoreapp" className="Skillaz.Tests.CompanySpecific.Mvideo.MvideoOpenApiBatchRequest_feature" name="Создает_ОЕ_с_ResponsibleId_из_нулей_и_проверяет_что_ResponsibleId_стал_равен_null" />
    </UnitTest>
    <UnitTest name="Skillaz.Tests.Configurator.DocumentModel.TitleFeature.Проверить_настройки_заголовков" storage="c:\users\дмитрийбахтенков\skiz\skillaz-backend\src\skillaz.tests\bin\debug\net5.0\skillaz.tests.dll" id="e8e1fa6a-66fd-320c-d150-bc0efc0ee09b">
      <Execution id="47173f04-32a7-41a0-94af-10edf6286413" />
      <TestMethod codeBase="C:\Users\ДмитрийБахтенков\skiz\skillaz-backend\src\Skillaz.Tests\bin\Debug\net5.0\Skillaz.Tests.dll" adapterTypeName="executor://xunit/VsTestRunner2/netcoreapp" className="Skillaz.Tests.Configurator.DocumentModel.TitleFeature" name="Проверить_настройки_заголовков" />
    </UnitTest>
    <UnitTest name="Skillaz.Tests.Helpers.TimeBoundariesHelperFeature.SubtractHours(lower: 1, upper: 4, timeZone: 3, results: [0, 1, 22, 24])" storage="c:\users\дмитрийбахтенков\skiz\skillaz-backend\src\skillaz.tests\bin\debug\net5.0\skillaz.tests.dll" id="378c8185-f208-09ab-8f61-0993b0da43ab">
      <Execution id="ee2aaf4f-65ab-48ad-8836-6839d35c2c94" />
      <TestMethod codeBase="C:\Users\ДмитрийБахтенков\skiz\skillaz-backend\src\Skillaz.Tests\bin\Debug\net5.0\Skillaz.Tests.dll" adapterTypeName="executor://xunit/VsTestRunner2/netcoreapp" className="Skillaz.Tests.Helpers.TimeBoundariesHelperFeature" name="SubtractHours" />
    </UnitTest>
    <UnitTest name="Skillaz.Tests.Configurator.Prioritization.ConfiguratorPrioritizationRequest_feature.Prioritization_multi_conditions_with_correct_order" storage="c:\users\дмитрийбахтенков\skiz\skillaz-backend\src\skillaz.tests\bin\debug\net5.0\skillaz.tests.dll" id="3d136244-d4b6-b736-b951-fbd5d973502f">
      <Execution id="f2b75d54-b15c-4fb7-9427-aa156525de89" />
      <TestMethod codeBase="C:\Users\ДмитрийБахтенков\skiz\skillaz-backend\src\Skillaz.Tests\bin\Debug\net5.0\Skillaz.Tests.dll" adapterTypeName="executor://xunit/VsTestRunner2/netcoreapp" className="Skillaz.Tests.Configurator.Prioritization.ConfiguratorPrioritizationRequest_feature" name="Prioritization_multi_conditions_with_correct_order" />
    </UnitTest>
    <UnitTest name="Skillaz.Tests.OrgUnit.OrgUnitExternalIdTests.Test_orgunit_create_with_existed_externalId" storage="c:\users\дмитрийбахтенков\skiz\skillaz-backend\src\skillaz.tests\bin\debug\net5.0\skillaz.tests.dll" id="3d2736a1-3094-12d8-983b-64fb610da2d5">
      <Execution id="ca00b9ee-4526-4ab0-b85d-62fcaaa2199b" />
      <TestMethod codeBase="C:\Users\ДмитрийБахтенков\skiz\skillaz-backend\src\Skillaz.Tests\bin\Debug\net5.0\Skillaz.Tests.dll" adapterTypeName="executor://xunit/VsTestRunner2/netcoreapp" className="Skillaz.Tests.OrgUnit.OrgUnitExternalIdTests" name="Test_orgunit_create_with_existed_externalId" />
    </UnitTest>
    <UnitTest name="Skillaz.Tests.Candidate.Elastic.CandidateElasticFiltration_feature.Retrieving_a_candidate_by_nonexistent_org_unit_ids" storage="c:\users\дмитрийбахтенков\skiz\skillaz-backend\src\skillaz.tests\bin\debug\net5.0\skillaz.tests.dll" id="9ff2badf-89d5-aaad-3fc6-480af6f3c393">
      <Execution id="d1f3aff9-652d-4351-b7cd-d867e5f1344d" />
      <TestMethod codeBase="C:\Users\ДмитрийБахтенков\skiz\skillaz-backend\src\Skillaz.Tests\bin\Debug\net5.0\Skillaz.Tests.dll" adapterTypeName="executor://xunit/VsTestRunner2/netcoreapp" className="Skillaz.Tests.Candidate.Elastic.CandidateElasticFiltration_feature" name="Retrieving_a_candidate_by_nonexistent_org_unit_ids" />
    </UnitTest>
    <UnitTest name="Skillaz.Tests.Configurator.DocumentModel.ObjectTypeHireRequest.Заявки" storage="c:\users\дмитрийбахтенков\skiz\skillaz-backend\src\skillaz.tests\bin\debug\net5.0\skillaz.tests.dll" id="b65e4954-922d-261e-9885-8a6d3490cc9e">
      <Execution id="2d9a3336-1721-4a99-a258-a09644e9a622" />
      <TestMethod codeBase="C:\Users\ДмитрийБахтенков\skiz\skillaz-backend\src\Skillaz.Tests\bin\Debug\net5.0\Skillaz.Tests.dll" adapterTypeName="executor://xunit/VsTestRunner2/netcoreapp" className="Skillaz.Tests.Configurator.DocumentModel.ObjectTypeHireRequest" name="Заявки" />
    </UnitTest>
    <UnitTest name="Skillaz.Tests.DocumentModels.FieldValueComparerTests.IntegerComparison(firstValue: null, secondValue: 0, result: False)" storage="c:\users\дмитрийбахтенков\skiz\skillaz-backend\src\skillaz.tests\bin\debug\net5.0\skillaz.tests.dll" id="1d1d6a8d-1f16-60d1-3ae3-d00b4cc6755e">
      <Execution id="d2edf7fc-95a7-4e3e-aca4-b728b5362332" />
      <TestMethod codeBase="C:\Users\ДмитрийБахтенков\skiz\skillaz-backend\src\Skillaz.Tests\bin\Debug\net5.0\Skillaz.Tests.dll" adapterTypeName="executor://xunit/VsTestRunner2/netcoreapp" className="Skillaz.Tests.DocumentModels.FieldValueComparerTests" name="IntegerComparison" />
    </UnitTest>
    <UnitTest name="Skillaz.Tests.Assessment.Interviews.QuizInterview_feature.Getting_temp_url_from_company_attachment" storage="c:\users\дмитрийбахтенков\skiz\skillaz-backend\src\skillaz.tests\bin\debug\net5.0\skillaz.tests.dll" id="f25a24f7-8cfb-d107-c864-634db342f377">
      <Execution id="e14bf893-d881-49cc-bdc3-cb051e10b057" />
      <TestMethod codeBase="C:\Users\ДмитрийБахтенков\skiz\skillaz-backend\src\Skillaz.Tests\bin\Debug\net5.0\Skillaz.Tests.dll" adapterTypeName="executor://xunit/VsTestRunner2/netcoreapp" className="Skillaz.Tests.Assessment.Interviews.QuizInterview_feature" name="Getting_temp_url_from_company_attachment" />
    </UnitTest>
    <UnitTest name="Skillaz.Tests.CompanySpecific.Perekrestok.PerekrestokRequestPriority_feature.Calculation_request_priority(supermarketType: &quot;Открывающийся супермаркет&quot;, requestVl: 100, employmentCandidateCount: 0, employmentFinishedCandidateCount: 0, interviewCandidateCount: 3, requestPriority: High)" storage="c:\users\дмитрийбахтенков\skiz\skillaz-backend\src\skillaz.tests\bin\debug\net5.0\skillaz.tests.dll" id="5d2451f4-4237-a7b9-805b-cb03837a5142">
      <Execution id="1298cae7-015c-42d5-819e-fa3bbdc4feb7" />
      <TestMethod codeBase="C:\Users\ДмитрийБахтенков\skiz\skillaz-backend\src\Skillaz.Tests\bin\Debug\net5.0\Skillaz.Tests.dll" adapterTypeName="executor://xunit/VsTestRunner2/netcoreapp" className="Skillaz.Tests.CompanySpecific.Perekrestok.PerekrestokRequestPriority_feature" name="Calculation_request_priority" />
    </UnitTest>
    <UnitTest name="Skillaz.Tests.Configurator.SecurityProfile.ConfiguratorSecurityProfileRequest_feature.Request_is_available_to_user_by_confidential" storage="c:\users\дмитрийбахтенков\skiz\skillaz-backend\src\skillaz.tests\bin\debug\net5.0\skillaz.tests.dll" id="2a26adb7-db6a-ecb5-cbe8-33f345334538">
      <Execution id="d534bf5e-8a6e-4d98-8053-361751a97b76" />
      <TestMethod codeBase="C:\Users\ДмитрийБахтенков\skiz\skillaz-backend\src\Skillaz.Tests\bin\Debug\net5.0\Skillaz.Tests.dll" adapterTypeName="executor://xunit/VsTestRunner2/netcoreapp" className="Skillaz.Tests.Configurator.SecurityProfile.ConfiguratorSecurityProfileRequest_feature" name="Request_is_available_to_user_by_confidential" />
    </UnitTest>
    <UnitTest name="Skillaz.Tests.OrgUnit.OrgUnitHierarchy_feature.Change_org_unit_with_one_hierarchy" storage="c:\users\дмитрийбахтенков\skiz\skillaz-backend\src\skillaz.tests\bin\debug\net5.0\skillaz.tests.dll" id="74492eba-d157-5c78-bb14-ceade27e4948">
      <Execution id="68aa8e3a-961d-44b5-acad-110b5f820b7f" />
      <TestMethod codeBase="C:\Users\ДмитрийБахтенков\skiz\skillaz-backend\src\Skillaz.Tests\bin\Debug\net5.0\Skillaz.Tests.dll" adapterTypeName="executor://xunit/VsTestRunner2/netcoreapp" className="Skillaz.Tests.OrgUnit.OrgUnitHierarchy_feature" name="Change_org_unit_with_one_hierarchy" />
    </UnitTest>
    <UnitTest name="Skillaz.Tests.HH.HHApiClient_feature.HH_API_client_fails_to_create_when_password_is_already_invalidated" storage="c:\users\дмитрийбахтенков\skiz\skillaz-backend\src\skillaz.tests\bin\debug\net5.0\skillaz.tests.dll" id="c1c667bb-dd99-ca9c-a3a5-63612d431fe3">
      <Execution id="c4b458ac-0c83-4560-a944-7f21e2d44855" />
      <TestMethod codeBase="C:\Users\ДмитрийБахтенков\skiz\skillaz-backend\src\Skillaz.Tests\bin\Debug\net5.0\Skillaz.Tests.dll" adapterTypeName="executor://xunit/VsTestRunner2/netcoreapp" className="Skillaz.Tests.HH.HHApiClient_feature" name="HH_API_client_fails_to_create_when_password_is_already_invalidated" />
    </UnitTest>
    <UnitTest name="Skillaz.Tests.Integrations.MicroFrontends.MicroFrontends_feature.MicroFrontendGlobalSigningValidation" storage="c:\users\дмитрийбахтенков\skiz\skillaz-backend\src\skillaz.tests\bin\debug\net5.0\skillaz.tests.dll" id="f3a2e136-cfad-9a52-2cff-ca29c3870f63">
      <Execution id="7a43a0df-3d65-4c81-87b6-a354a4fad541" />
      <TestMethod codeBase="C:\Users\ДмитрийБахтенков\skiz\skillaz-backend\src\Skillaz.Tests\bin\Debug\net5.0\Skillaz.Tests.dll" adapterTypeName="executor://xunit/VsTestRunner2/netcoreapp" className="Skillaz.Tests.Integrations.MicroFrontends.MicroFrontends_feature" name="MicroFrontendGlobalSigningValidation" />
    </UnitTest>
    <UnitTest name="Skillaz.Tests.Configurator.SecurityProfile.ConfiguratorSecurityProfileOrgUnit_feature.Org_unit_with_hierarchy_available_for_user" storage="c:\users\дмитрийбахтенков\skiz\skillaz-backend\src\skillaz.tests\bin\debug\net5.0\skillaz.tests.dll" id="ace0c538-170e-5743-4096-32ab0e0cd89d">
      <Execution id="37ee359e-31c9-4d60-979b-821a367b9703" />
      <TestMethod codeBase="C:\Users\ДмитрийБахтенков\skiz\skillaz-backend\src\Skillaz.Tests\bin\Debug\net5.0\Skillaz.Tests.dll" adapterTypeName="executor://xunit/VsTestRunner2/netcoreapp" className="Skillaz.Tests.Configurator.SecurityProfile.ConfiguratorSecurityProfileOrgUnit_feature" name="Org_unit_with_hierarchy_available_for_user" />
    </UnitTest>
    <UnitTest name="Skillaz.Tests.Configurator.WorkflowEngine.ConfiguratorWorkflowEngine_check_rules.Check_available_after_fill_by_system" storage="c:\users\дмитрийбахтенков\skiz\skillaz-backend\src\skillaz.tests\bin\debug\net5.0\skillaz.tests.dll" id="4f9535e4-d1ea-4b90-9c6c-4f387ce626b0">
      <Execution id="fbd02ffe-2a24-4723-9d14-366c59710ff7" />
      <TestMethod codeBase="C:\Users\ДмитрийБахтенков\skiz\skillaz-backend\src\Skillaz.Tests\bin\Debug\net5.0\Skillaz.Tests.dll" adapterTypeName="executor://xunit/VsTestRunner2/netcoreapp" className="Skillaz.Tests.Configurator.WorkflowEngine.ConfiguratorWorkflowEngine_check_rules" name="Check_available_after_fill_by_system" />
    </UnitTest>
    <UnitTest name="Should get ForbiddenException(jwt: &quot;eyJraWQiOiJGYWtlS2V5IiwiYWxnIjoiSFMyNTYifQ.eyJlbXB&quot;..., wrongReason: &quot;Wrong key&quot;)" storage="c:\users\дмитрийбахтенков\skiz\skillaz-backend\src\skillaz.tests\bin\debug\net5.0\skillaz.tests.dll" id="04ac004a-5397-1ad2-ffdc-eaa061ac426c">
      <Execution id="42395963-0596-45e2-848d-a57f250c7b3e" />
      <TestMethod codeBase="C:\Users\ДмитрийБахтенков\skiz\skillaz-backend\src\Skillaz.Tests\bin\Debug\net5.0\Skillaz.Tests.dll" adapterTypeName="executor://xunit/VsTestRunner2/netcoreapp" className="Skillaz.Tests.HH.Assessment.HHAssessmentFeature" name="GetForbiddenException" />
    </UnitTest>
    <UnitTest name="Skillaz.Tests.Request.X5.X5GetRequestListCommand_feature.Result_list_should_have_two_different_org_unit_types_on_first_two_positions" storage="c:\users\дмитрийбахтенков\skiz\skillaz-backend\src\skillaz.tests\bin\debug\net5.0\skillaz.tests.dll" id="50af3f8e-a7fb-8038-f9be-3c4b1b323d00">
      <Execution id="71b5d823-361e-4231-bdb2-f92d150cea80" />
      <TestMethod codeBase="C:\Users\ДмитрийБахтенков\skiz\skillaz-backend\src\Skillaz.Tests\bin\Debug\net5.0\Skillaz.Tests.dll" adapterTypeName="executor://xunit/VsTestRunner2/netcoreapp" className="Skillaz.Tests.Request.X5.X5GetRequestListCommand_feature" name="Result_list_should_have_two_different_org_unit_types_on_first_two_positions" />
    </UnitTest>
    <UnitTest name="Skillaz.Tests.CompanySpecific.Decathlon.DecathlonCheckJobOfferStateIsApprovedTrigger_feature.Last_job_offer_not_approved" storage="c:\users\дмитрийбахтенков\skiz\skillaz-backend\src\skillaz.tests\bin\debug\net5.0\skillaz.tests.dll" id="70f1715f-15a3-f9df-bcef-4e936da3eac6">
      <Execution id="86edb421-73c6-4402-987b-e13622bb40fd" />
      <TestMethod codeBase="C:\Users\ДмитрийБахтенков\skiz\skillaz-backend\src\Skillaz.Tests\bin\Debug\net5.0\Skillaz.Tests.dll" adapterTypeName="executor://xunit/VsTestRunner2/netcoreapp" className="Skillaz.Tests.CompanySpecific.Decathlon.DecathlonCheckJobOfferStateIsApprovedTrigger_feature" name="Last_job_offer_not_approved" />
    </UnitTest>
    <UnitTest name="Skillaz.Tests.Notifications.AvitoMessenger_feature.Get_chat_info_by_candidate" storage="c:\users\дмитрийбахтенков\skiz\skillaz-backend\src\skillaz.tests\bin\debug\net5.0\skillaz.tests.dll" id="cf1d41b0-c511-1d81-4be6-ffdde60f1ca2">
      <Execution id="793cedb7-2ac0-441e-a106-887bc8973861" />
      <TestMethod codeBase="C:\Users\ДмитрийБахтенков\skiz\skillaz-backend\src\Skillaz.Tests\bin\Debug\net5.0\Skillaz.Tests.dll" adapterTypeName="executor://xunit/VsTestRunner2/netcoreapp" className="Skillaz.Tests.Notifications.AvitoMessenger_feature" name="Get_chat_info_by_candidate" />
    </UnitTest>
    <UnitTest name="Skillaz.Tests.Helpers.WorkingDaysHelperFeature.FindProductionDates(dateStrings: [&quot;2020-08-16&quot;, &quot;2020-08-17&quot;])" storage="c:\users\дмитрийбахтенков\skiz\skillaz-backend\src\skillaz.tests\bin\debug\net5.0\skillaz.tests.dll" id="9694b41f-f0ec-9a5e-3e2f-1700ede76af0">
      <Execution id="9b7402ea-7c45-43b4-ba22-916ac75582d9" />
      <TestMethod codeBase="C:\Users\ДмитрийБахтенков\skiz\skillaz-backend\src\Skillaz.Tests\bin\Debug\net5.0\Skillaz.Tests.dll" adapterTypeName="executor://xunit/VsTestRunner2/netcoreapp" className="Skillaz.Tests.Helpers.WorkingDaysHelperFeature" name="FindProductionDates" />
    </UnitTest>
    <UnitTest name="Skillaz.Tests.Candidate.FromForm.GetDuplicates_feature.Candidate_duplicate_is_found" storage="c:\users\дмитрийбахтенков\skiz\skillaz-backend\src\skillaz.tests\bin\debug\net5.0\skillaz.tests.dll" id="0952508a-beee-e4dd-7a99-55e321dd48d8">
      <Execution id="87a0a4e6-b7b4-4eb7-93c8-503d57f147cc" />
      <TestMethod codeBase="C:\Users\ДмитрийБахтенков\skiz\skillaz-backend\src\Skillaz.Tests\bin\Debug\net5.0\Skillaz.Tests.dll" adapterTypeName="executor://xunit/VsTestRunner2/netcoreapp" className="Skillaz.Tests.Candidate.FromForm.GetDuplicates_feature" name="Candidate_duplicate_is_found" />
    </UnitTest>
    <UnitTest name="Skillaz.Tests.Candidate.Checks.MultipleRunChecks_feature.Impossibility_to_run_second_single_check" storage="c:\users\дмитрийбахтенков\skiz\skillaz-backend\src\skillaz.tests\bin\debug\net5.0\skillaz.tests.dll" id="7fd5cacf-93f0-3703-5ac8-2d90ee197f99">
      <Execution id="12d3fe23-c067-4bcf-a07f-2c5464e7c8b7" />
      <TestMethod codeBase="C:\Users\ДмитрийБахтенков\skiz\skillaz-backend\src\Skillaz.Tests\bin\Debug\net5.0\Skillaz.Tests.dll" adapterTypeName="executor://xunit/VsTestRunner2/netcoreapp" className="Skillaz.Tests.Candidate.Checks.MultipleRunChecks_feature" name="Impossibility_to_run_second_single_check" />
    </UnitTest>
    <UnitTest name="Skillaz.Tests.Configurator.ConfigurationManager.ConfigurationImportExport_feature.Export_all_selected_configurations_feature" storage="c:\users\дмитрийбахтенков\skiz\skillaz-backend\src\skillaz.tests\bin\debug\net5.0\skillaz.tests.dll" id="e1181005-2f42-210e-eca6-ebfa79a255a4">
      <Execution id="25105ea0-bbc9-4d45-a60a-11d26e6c5c3b" />
      <TestMethod codeBase="C:\Users\ДмитрийБахтенков\skiz\skillaz-backend\src\Skillaz.Tests\bin\Debug\net5.0\Skillaz.Tests.dll" adapterTypeName="executor://xunit/VsTestRunner2/netcoreapp" className="Skillaz.Tests.Configurator.ConfigurationManager.ConfigurationImportExport_feature" name="Export_all_selected_configurations_feature" />
    </UnitTest>
    <UnitTest name="Skillaz.Tests.DocumentModels.DocumentModel_SettingPreviewUrlForAttachments.Check_than_preview_url_set_in_attachment_for_view_model_single_attach_in_implicit_field" storage="c:\users\дмитрийбахтенков\skiz\skillaz-backend\src\skillaz.tests\bin\debug\net5.0\skillaz.tests.dll" id="f45cecf0-8568-fecd-60b8-40f63ec23d28">
      <Execution id="6f46aa93-7bf9-4930-bde9-c48e2451993b" />
      <TestMethod codeBase="C:\Users\ДмитрийБахтенков\skiz\skillaz-backend\src\Skillaz.Tests\bin\Debug\net5.0\Skillaz.Tests.dll" adapterTypeName="executor://xunit/VsTestRunner2/netcoreapp" className="Skillaz.Tests.DocumentModels.DocumentModel_SettingPreviewUrlForAttachments" name="Check_than_preview_url_set_in_attachment_for_view_model_single_attach_in_implicit_field" />
    </UnitTest>
    <UnitTest name="Расширение файла не должно совпадать с его содержимым(fileName: &quot;Sample.pdf&quot;, alterName: &quot;.png&quot;)" storage="c:\users\дмитрийбахтенков\skiz\skillaz-backend\src\skillaz.tests\bin\debug\net5.0\skillaz.tests.dll" id="6ecdcf22-6c40-101c-196e-b21095275dc7">
      <Execution id="ee74f988-5ac4-4b84-a928-cc4de39f0de0" />
      <TestMethod codeBase="C:\Users\ДмитрийБахтенков\skiz\skillaz-backend\src\Skillaz.Tests\bin\Debug\net5.0\Skillaz.Tests.dll" adapterTypeName="executor://xunit/VsTestRunner2/netcoreapp" className="Skillaz.Testing.Run.System.Security.FileContentCheckerTests" name="FileExtensionShouldDoNotMatchContent" />
    </UnitTest>
    <UnitTest name="Skillaz.Tests.Candidate.Checks.CandidateAprove_feature.Candidate_checks_workflow_second_state_whith_approval_declined" storage="c:\users\дмитрийбахтенков\skiz\skillaz-backend\src\skillaz.tests\bin\debug\net5.0\skillaz.tests.dll" id="d19cdaaf-3d8b-9e5c-7716-fe24cb83faf5">
      <Execution id="1ae18d6c-0b26-4a9e-a5ae-79ad3f329bb7" />
      <TestMethod codeBase="C:\Users\ДмитрийБахтенков\skiz\skillaz-backend\src\Skillaz.Tests\bin\Debug\net5.0\Skillaz.Tests.dll" adapterTypeName="executor://xunit/VsTestRunner2/netcoreapp" className="Skillaz.Tests.Candidate.Checks.CandidateAprove_feature" name="Candidate_checks_workflow_second_state_whith_approval_declined" />
    </UnitTest>
    <UnitTest name="Skillaz.Tests.Configurator.DocumentModel.EnterForm.Проверить_генерацию_настроенной_формы_смены_статуса" storage="c:\users\дмитрийбахтенков\skiz\skillaz-backend\src\skillaz.tests\bin\debug\net5.0\skillaz.tests.dll" id="f69cbec8-1f8b-55cc-bbe7-e6aabf3c8e3f">
      <Execution id="c1ed9c39-bccd-4a80-aa62-bc5b768036b6" />
      <TestMethod codeBase="C:\Users\ДмитрийБахтенков\skiz\skillaz-backend\src\Skillaz.Tests\bin\Debug\net5.0\Skillaz.Tests.dll" adapterTypeName="executor://xunit/VsTestRunner2/netcoreapp" className="Skillaz.Tests.Configurator.DocumentModel.EnterForm" name="Проверить_генерацию_настроенной_формы_смены_статуса" />
    </UnitTest>
    <UnitTest name="Skillaz.Tests.OpenApi.ObjectHashHelperTest.Unite" storage="c:\users\дмитрийбахтенков\skiz\skillaz-backend\src\skillaz.tests\bin\debug\net5.0\skillaz.tests.dll" id="576c76a8-3008-7dbd-589e-61d06494cf33">
      <Execution id="8bce2b49-d7b1-4cf8-a6dd-8b1f841499d2" />
      <TestMethod codeBase="C:\Users\ДмитрийБахтенков\skiz\skillaz-backend\src\Skillaz.Tests\bin\Debug\net5.0\Skillaz.Tests.dll" adapterTypeName="executor://xunit/VsTestRunner2/netcoreapp" className="Skillaz.Tests.OpenApi.ObjectHashHelperTest" name="Unite" />
    </UnitTest>
    <UnitTest name="Skillaz.Tests.Common.DataValidationHelpers.ValidateDateTimeOffset_feature.Date_time_is_valid" storage="c:\users\дмитрийбахтенков\skiz\skillaz-backend\src\skillaz.tests\bin\debug\net5.0\skillaz.tests.dll" id="a785b2ed-694b-c712-dc65-234658702525">
      <Execution id="7a90f1b4-49b2-4934-b87f-b48c65b540a9" />
      <TestMethod codeBase="C:\Users\ДмитрийБахтенков\skiz\skillaz-backend\src\Skillaz.Tests\bin\Debug\net5.0\Skillaz.Tests.dll" adapterTypeName="executor://xunit/VsTestRunner2/netcoreapp" className="Skillaz.Tests.Common.DataValidationHelpers.ValidateDateTimeOffset_feature" name="Date_time_is_valid" />
    </UnitTest>
    <UnitTest name="Skillaz.Tests.Assessment.Interviews.SelfEntryInterview_feature.Switching_self_entry_interview_by_request_to_next_not_last_step" storage="c:\users\дмитрийбахтенков\skiz\skillaz-backend\src\skillaz.tests\bin\debug\net5.0\skillaz.tests.dll" id="df1fd4e8-6746-edbc-bc7b-5ad4f673c9a3">
      <Execution id="b3f3ea42-169d-44ed-9262-f02c6b65751d" />
      <TestMethod codeBase="C:\Users\ДмитрийБахтенков\skiz\skillaz-backend\src\Skillaz.Tests\bin\Debug\net5.0\Skillaz.Tests.dll" adapterTypeName="executor://xunit/VsTestRunner2/netcoreapp" className="Skillaz.Tests.Assessment.Interviews.SelfEntryInterview_feature" name="Switching_self_entry_interview_by_request_to_next_not_last_step" />
    </UnitTest>
    <UnitTest name="Skillaz.Tests.OpenApi.CandidateProfileApi.FilterCandidateProfile_feature.Candidate_profile_empty_filter" storage="c:\users\дмитрийбахтенков\skiz\skillaz-backend\src\skillaz.tests\bin\debug\net5.0\skillaz.tests.dll" id="367f172f-d050-f163-9d9a-5392c42c9cb3">
      <Execution id="8c5ed429-24bf-4691-88cd-4e8ff263b27f" />
      <TestMethod codeBase="C:\Users\ДмитрийБахтенков\skiz\skillaz-backend\src\Skillaz.Tests\bin\Debug\net5.0\Skillaz.Tests.dll" adapterTypeName="executor://xunit/VsTestRunner2/netcoreapp" className="Skillaz.Tests.OpenApi.CandidateProfileApi.FilterCandidateProfile_feature" name="Candidate_profile_empty_filter" />
    </UnitTest>
    <UnitTest name="Skillaz.Tests.Assessment.Questionnaires.HomeworkQuestionnaire_feature.Updating_a_questionnaire" storage="c:\users\дмитрийбахтенков\skiz\skillaz-backend\src\skillaz.tests\bin\debug\net5.0\skillaz.tests.dll" id="be30016e-9070-9ada-62d9-b39688e09121">
      <Execution id="2ae3fcf0-e592-40c5-be96-56c645f76c10" />
      <TestMethod codeBase="C:\Users\ДмитрийБахтенков\skiz\skillaz-backend\src\Skillaz.Tests\bin\Debug\net5.0\Skillaz.Tests.dll" adapterTypeName="executor://xunit/VsTestRunner2/netcoreapp" className="Skillaz.Tests.Assessment.Questionnaires.HomeworkQuestionnaire_feature" name="Updating_a_questionnaire" />
    </UnitTest>
    <UnitTest name="Skillaz.Tests.CompanySpecific.GazpromNeft.GazpromUploadReferences_feature.Create_correctly_org_unit" storage="c:\users\дмитрийбахтенков\skiz\skillaz-backend\src\skillaz.tests\bin\debug\net5.0\skillaz.tests.dll" id="02affe89-201d-b1c4-3b0b-ae6d9954de6f">
      <Execution id="b6b5d4d6-bf77-4f4e-b18f-ff116cb5a091" />
      <TestMethod codeBase="C:\Users\ДмитрийБахтенков\skiz\skillaz-backend\src\Skillaz.Tests\bin\Debug\net5.0\Skillaz.Tests.dll" adapterTypeName="executor://xunit/VsTestRunner2/netcoreapp" className="Skillaz.Tests.CompanySpecific.GazpromNeft.GazpromUploadReferences_feature" name="Create_correctly_org_unit" />
    </UnitTest>
    <UnitTest name="Skillaz.Tests.Candidate.Elastic.CandidateElasticFiltration_feature.Retrieving_no_candidates_by_current_status" storage="c:\users\дмитрийбахтенков\skiz\skillaz-backend\src\skillaz.tests\bin\debug\net5.0\skillaz.tests.dll" id="7d23786a-c66d-9100-2723-259e59e58b9b">
      <Execution id="e60d82fa-17a7-4822-9910-b60499af6d77" />
      <TestMethod codeBase="C:\Users\ДмитрийБахтенков\skiz\skillaz-backend\src\Skillaz.Tests\bin\Debug\net5.0\Skillaz.Tests.dll" adapterTypeName="executor://xunit/VsTestRunner2/netcoreapp" className="Skillaz.Tests.Candidate.Elastic.CandidateElasticFiltration_feature" name="Retrieving_no_candidates_by_current_status" />
    </UnitTest>
    <UnitTest name="Skillaz.Tests.Candidate.RoleRestrictionChangingCandidateStatus_feature.User_has_no_claim_and_try_force_change_status" storage="c:\users\дмитрийбахтенков\skiz\skillaz-backend\src\skillaz.tests\bin\debug\net5.0\skillaz.tests.dll" id="08c4a058-8072-a3c1-e72a-2e4531a3aa78">
      <Execution id="33ac3eb0-0bb9-4946-a6ec-ef126ba96c6a" />
      <TestMethod codeBase="C:\Users\ДмитрийБахтенков\skiz\skillaz-backend\src\Skillaz.Tests\bin\Debug\net5.0\Skillaz.Tests.dll" adapterTypeName="executor://xunit/VsTestRunner2/netcoreapp" className="Skillaz.Tests.Candidate.RoleRestrictionChangingCandidateStatus_feature" name="User_has_no_claim_and_try_force_change_status" />
    </UnitTest>
    <UnitTest name="Skillaz.Tests.CompanySpecific.Perekrestok.PerekrestokRequestPriority_feature.Calculation_request_priority(supermarketType: &quot;Открывающийся супермаркет&quot;, requestVl: -100, employmentCandidateCount: 0, employmentFinishedCandidateCount: 0, interviewCandidateCount: 0, requestPriority: Low)" storage="c:\users\дмитрийбахтенков\skiz\skillaz-backend\src\skillaz.tests\bin\debug\net5.0\skillaz.tests.dll" id="e58357f9-dc75-3496-946e-e8004f6e8ad5">
      <Execution id="bc5ffeda-9073-4253-9d46-cc42af3f16bc" />
      <TestMethod codeBase="C:\Users\ДмитрийБахтенков\skiz\skillaz-backend\src\Skillaz.Tests\bin\Debug\net5.0\Skillaz.Tests.dll" adapterTypeName="executor://xunit/VsTestRunner2/netcoreapp" className="Skillaz.Tests.CompanySpecific.Perekrestok.PerekrestokRequestPriority_feature" name="Calculation_request_priority" />
    </UnitTest>
    <UnitTest name="Skillaz.Tests.Mongo.MongoFilterTests.Mongo_filter_converter_works(originalFilter: &quot;{ _id: \&quot;123asd\&quot; }&quot;, filterPattern: &quot;{ \&quot;_id\&quot; : 1 }&quot;)" storage="c:\users\дмитрийбахтенков\skiz\skillaz-backend\src\skillaz.tests\bin\debug\net5.0\skillaz.tests.dll" id="e9d5d265-1418-0f84-41d9-b7cc95209021">
      <Execution id="c5ed6906-1b55-45bd-80df-b7747ae170d1" />
      <TestMethod codeBase="C:\Users\ДмитрийБахтенков\skiz\skillaz-backend\src\Skillaz.Tests\bin\Debug\net5.0\Skillaz.Tests.dll" adapterTypeName="executor://xunit/VsTestRunner2/netcoreapp" className="Skillaz.Tests.Mongo.MongoFilterTests" name="Mongo_filter_converter_works" />
    </UnitTest>
    <UnitTest name="Skillaz.Tests.OpenApi.CheckApi.ChangeStatusCheck_feature.Check_candidate_change_status" storage="c:\users\дмитрийбахтенков\skiz\skillaz-backend\src\skillaz.tests\bin\debug\net5.0\skillaz.tests.dll" id="b4aee567-1131-d2d4-02d8-0408b5327d46">
      <Execution id="28a5bd88-12c6-4b5d-afa1-869a7dee10a0" />
      <TestMethod codeBase="C:\Users\ДмитрийБахтенков\skiz\skillaz-backend\src\Skillaz.Tests\bin\Debug\net5.0\Skillaz.Tests.dll" adapterTypeName="executor://xunit/VsTestRunner2/netcoreapp" className="Skillaz.Tests.OpenApi.CheckApi.ChangeStatusCheck_feature" name="Check_candidate_change_status" />
    </UnitTest>
    <UnitTest name="Skillaz.Tests.CompanySpecific.Mvideo.MvideoAvaliablePositionsRequestWithAdvancedSearch_feature.Check_avaliable_positions_request_with_advanced_search" storage="c:\users\дмитрийбахтенков\skiz\skillaz-backend\src\skillaz.tests\bin\debug\net5.0\skillaz.tests.dll" id="d82b29d6-a845-5b99-7d4c-77ec17dee196">
      <Execution id="d97ab98e-eaa6-4a41-8c83-fe74d5f27036" />
      <TestMethod codeBase="C:\Users\ДмитрийБахтенков\skiz\skillaz-backend\src\Skillaz.Tests\bin\Debug\net5.0\Skillaz.Tests.dll" adapterTypeName="executor://xunit/VsTestRunner2/netcoreapp" className="Skillaz.Tests.CompanySpecific.Mvideo.MvideoAvaliablePositionsRequestWithAdvancedSearch_feature" name="Check_avaliable_positions_request_with_advanced_search" />
    </UnitTest>
    <UnitTest name="Skillaz.Tests.ProcessingRole.ProcessingRoleCandidateSwitchStatus_feature.Switching_status_ProcessingRole" storage="c:\users\дмитрийбахтенков\skiz\skillaz-backend\src\skillaz.tests\bin\debug\net5.0\skillaz.tests.dll" id="9ff6bb29-c999-8080-eea6-e8eae81780e8">
      <Execution id="05531f9a-8240-47d9-937a-97937ee153ac" />
      <TestMethod codeBase="C:\Users\ДмитрийБахтенков\skiz\skillaz-backend\src\Skillaz.Tests\bin\Debug\net5.0\Skillaz.Tests.dll" adapterTypeName="executor://xunit/VsTestRunner2/netcoreapp" className="Skillaz.Tests.ProcessingRole.ProcessingRoleCandidateSwitchStatus_feature" name="Switching_status_ProcessingRole" />
    </UnitTest>
    <UnitTest name="Skillaz.Tests.DocumentModels.DocumentModel_AvailableValues_feature.Set_value_that_is_in_availableValues" storage="c:\users\дмитрийбахтенков\skiz\skillaz-backend\src\skillaz.tests\bin\debug\net5.0\skillaz.tests.dll" id="f4eedf87-f05c-b5bc-a3bd-b8babc465d59">
      <Execution id="b1859a9b-69d8-4ef5-a4d0-5138174b8d9a" />
      <TestMethod codeBase="C:\Users\ДмитрийБахтенков\skiz\skillaz-backend\src\Skillaz.Tests\bin\Debug\net5.0\Skillaz.Tests.dll" adapterTypeName="executor://xunit/VsTestRunner2/netcoreapp" className="Skillaz.Tests.DocumentModels.DocumentModel_AvailableValues_feature" name="Set_value_that_is_in_availableValues" />
    </UnitTest>
    <UnitTest name="Skillaz.Tests.OpenApi.Batch.OpenApiBatchIndexes_feature.Ensure_error_indexes_updated_from_request" storage="c:\users\дмитрийбахтенков\skiz\skillaz-backend\src\skillaz.tests\bin\debug\net5.0\skillaz.tests.dll" id="da290fac-f7a7-5ff5-2d43-0a563899d377">
      <Execution id="5413509d-7291-4a0f-be5a-777f9d51ce7f" />
      <TestMethod codeBase="C:\Users\ДмитрийБахтенков\skiz\skillaz-backend\src\Skillaz.Tests\bin\Debug\net5.0\Skillaz.Tests.dll" adapterTypeName="executor://xunit/VsTestRunner2/netcoreapp" className="Skillaz.Tests.OpenApi.Batch.OpenApiBatchIndexes_feature" name="Ensure_error_indexes_updated_from_request" />
    </UnitTest>
    <UnitTest name="Skillaz.Tests.Notifications.AvitoMessenger_feature.Processing_avito_webhook_notification" storage="c:\users\дмитрийбахтенков\skiz\skillaz-backend\src\skillaz.tests\bin\debug\net5.0\skillaz.tests.dll" id="3f8ceb03-4c45-73a7-d28f-f7ddfe521c4f">
      <Execution id="80ac7f4a-97d4-4405-b3ad-3d4dae322fe8" />
      <TestMethod codeBase="C:\Users\ДмитрийБахтенков\skiz\skillaz-backend\src\Skillaz.Tests\bin\Debug\net5.0\Skillaz.Tests.dll" adapterTypeName="executor://xunit/VsTestRunner2/netcoreapp" className="Skillaz.Tests.Notifications.AvitoMessenger_feature" name="Processing_avito_webhook_notification" />
    </UnitTest>
    <UnitTest name="Skillaz.Tests.Configurator.SecurityProfile.ConfiguratorSecurityProfileRequest_feature.Request_is_available_to_user_with_confidential_elastic" storage="c:\users\дмитрийбахтенков\skiz\skillaz-backend\src\skillaz.tests\bin\debug\net5.0\skillaz.tests.dll" id="d420e9ae-62a2-0532-18a1-41102990945f">
      <Execution id="ff66a1a8-c143-472d-bb0d-07512ecb7d6e" />
      <TestMethod codeBase="C:\Users\ДмитрийБахтенков\skiz\skillaz-backend\src\Skillaz.Tests\bin\Debug\net5.0\Skillaz.Tests.dll" adapterTypeName="executor://xunit/VsTestRunner2/netcoreapp" className="Skillaz.Tests.Configurator.SecurityProfile.ConfiguratorSecurityProfileRequest_feature" name="Request_is_available_to_user_with_confidential_elastic" />
    </UnitTest>
    <UnitTest name="Skillaz.Tests.CompanySpecific.Mvideo.MvideoArchivingHireNeeds_feature.Dont_get_a_org_item_from_open_api_so_archiving_a_hire_heed(planBefore: 5, factBefore: 3, planAfter: 0, factAfter: 0, isArchivedAfter: True)" storage="c:\users\дмитрийбахтенков\skiz\skillaz-backend\src\skillaz.tests\bin\debug\net5.0\skillaz.tests.dll" id="6797539b-8d80-cc60-c238-75cf13f6978b">
      <Execution id="60eb2d52-b7eb-4d0e-b64e-c7f1ce96ef5a" />
      <TestMethod codeBase="C:\Users\ДмитрийБахтенков\skiz\skillaz-backend\src\Skillaz.Tests\bin\Debug\net5.0\Skillaz.Tests.dll" adapterTypeName="executor://xunit/VsTestRunner2/netcoreapp" className="Skillaz.Tests.CompanySpecific.Mvideo.MvideoArchivingHireNeeds_feature" name="Dont_get_a_org_item_from_open_api_so_archiving_a_hire_heed" />
    </UnitTest>
    <UnitTest name="Skillaz.Tests.Common.DataValidationHelpers.ValidateDateTimeOffset_feature.Date_time_is_not_valid" storage="c:\users\дмитрийбахтенков\skiz\skillaz-backend\src\skillaz.tests\bin\debug\net5.0\skillaz.tests.dll" id="fcc7d03f-fb2f-4a37-d869-6a69775fb596">
      <Execution id="b54e29bf-830c-4352-80cd-903db948b410" />
      <TestMethod codeBase="C:\Users\ДмитрийБахтенков\skiz\skillaz-backend\src\Skillaz.Tests\bin\Debug\net5.0\Skillaz.Tests.dll" adapterTypeName="executor://xunit/VsTestRunner2/netcoreapp" className="Skillaz.Tests.Common.DataValidationHelpers.ValidateDateTimeOffset_feature" name="Date_time_is_not_valid" />
    </UnitTest>
    <UnitTest name="Skillaz.Tests.Candidate.Checks.CandidateAprove_feature.Candidate_checks_workflow_first_state_whith_approval_aproved" storage="c:\users\дмитрийбахтенков\skiz\skillaz-backend\src\skillaz.tests\bin\debug\net5.0\skillaz.tests.dll" id="a117a439-657c-aa5a-7f5b-0fdacd0260bc">
      <Execution id="9c5e4b16-d538-49f2-b664-d5690343a871" />
      <TestMethod codeBase="C:\Users\ДмитрийБахтенков\skiz\skillaz-backend\src\Skillaz.Tests\bin\Debug\net5.0\Skillaz.Tests.dll" adapterTypeName="executor://xunit/VsTestRunner2/netcoreapp" className="Skillaz.Tests.Candidate.Checks.CandidateAprove_feature" name="Candidate_checks_workflow_first_state_whith_approval_aproved" />
    </UnitTest>
    <UnitTest name="Skillaz.Tests.OpenApi.CreateNewCandidate_feature.Check_candidate_with_data_created" storage="c:\users\дмитрийбахтенков\skiz\skillaz-backend\src\skillaz.tests\bin\debug\net5.0\skillaz.tests.dll" id="7e288c36-a294-b6c8-96e8-06d06272e4e7">
      <Execution id="144c62b6-2d12-472c-9d6f-7e37550fc91b" />
      <TestMethod codeBase="C:\Users\ДмитрийБахтенков\skiz\skillaz-backend\src\Skillaz.Tests\bin\Debug\net5.0\Skillaz.Tests.dll" adapterTypeName="executor://xunit/VsTestRunner2/netcoreapp" className="Skillaz.Tests.OpenApi.CreateNewCandidate_feature" name="Check_candidate_with_data_created" />
    </UnitTest>
    <UnitTest name="Skillaz.Tests.CompanySpecific.Mvideo.MvideoOpenApiBatchRequest_feature.Обновляет_пользователей_Директор_магазина_у_которых_права_на_несколько_магазинов_должны_проставиться_новые_права_и_роль_Директор_Магазина" storage="c:\users\дмитрийбахтенков\skiz\skillaz-backend\src\skillaz.tests\bin\debug\net5.0\skillaz.tests.dll" id="2309e9db-7216-0acb-d46e-9db02137b8b4">
      <Execution id="7bf73213-e548-4f31-bd0c-af9e47c80394" />
      <TestMethod codeBase="C:\Users\ДмитрийБахтенков\skiz\skillaz-backend\src\Skillaz.Tests\bin\Debug\net5.0\Skillaz.Tests.dll" adapterTypeName="executor://xunit/VsTestRunner2/netcoreapp" className="Skillaz.Tests.CompanySpecific.Mvideo.MvideoOpenApiBatchRequest_feature" name="Обновляет_пользователей_Директор_магазина_у_которых_права_на_несколько_магазинов_должны_проставиться_новые_права_и_роль_Директор_Магазина" />
    </UnitTest>
    <UnitTest name="Skillaz.Tests.DocumentModels.FieldValueComparerTests.IntegerComparison(firstValue: 0, secondValue: null, result: False)" storage="c:\users\дмитрийбахтенков\skiz\skillaz-backend\src\skillaz.tests\bin\debug\net5.0\skillaz.tests.dll" id="2424302d-4d1d-b7bf-baf1-812e6fbadc21">
      <Execution id="be7d8a2f-8ac6-40df-8e3b-ef9a84844fde" />
      <TestMethod codeBase="C:\Users\ДмитрийБахтенков\skiz\skillaz-backend\src\Skillaz.Tests\bin\Debug\net5.0\Skillaz.Tests.dll" adapterTypeName="executor://xunit/VsTestRunner2/netcoreapp" className="Skillaz.Tests.DocumentModels.FieldValueComparerTests" name="IntegerComparison" />
    </UnitTest>
    <UnitTest name="Skillaz.Tests.CompanySpecific.Mvideo.MvideoChangePositionCountOrgUnit_feature.При_закрытии_поиска_в_ОЕ_заявка_должна_закрыться" storage="c:\users\дмитрийбахтенков\skiz\skillaz-backend\src\skillaz.tests\bin\debug\net5.0\skillaz.tests.dll" id="a6dd1a29-b6e8-c8f5-5c55-745584194527">
      <Execution id="1117b797-efc6-423a-8a32-19e2911fa4bd" />
      <TestMethod codeBase="C:\Users\ДмитрийБахтенков\skiz\skillaz-backend\src\Skillaz.Tests\bin\Debug\net5.0\Skillaz.Tests.dll" adapterTypeName="executor://xunit/VsTestRunner2/netcoreapp" className="Skillaz.Tests.CompanySpecific.Mvideo.MvideoChangePositionCountOrgUnit_feature" name="При_закрытии_поиска_в_ОЕ_заявка_должна_закрыться" />
    </UnitTest>
    <UnitTest name="Skillaz.Tests.CompanySpecific.X5.X5Deduplication_feature.By_name_and_email" storage="c:\users\дмитрийбахтенков\skiz\skillaz-backend\src\skillaz.tests\bin\debug\net5.0\skillaz.tests.dll" id="d5310603-b08a-3ad1-906a-cf5e773c84d6">
      <Execution id="f9df1bbf-5768-4a9e-9c1c-c5d268ef7d48" />
      <TestMethod codeBase="C:\Users\ДмитрийБахтенков\skiz\skillaz-backend\src\Skillaz.Tests\bin\Debug\net5.0\Skillaz.Tests.dll" adapterTypeName="executor://xunit/VsTestRunner2/netcoreapp" className="Skillaz.Tests.CompanySpecific.X5.X5Deduplication_feature" name="By_name_and_email" />
    </UnitTest>
    <UnitTest name="Skillaz.Tests.Publication.VacancyPublicationRule_feature.Vacancy_publication_rule_could_not_be_edited_when_in_process" storage="c:\users\дмитрийбахтенков\skiz\skillaz-backend\src\skillaz.tests\bin\debug\net5.0\skillaz.tests.dll" id="d2232d68-33cb-c8c3-f403-e31562dd0d11">
      <Execution id="85ef51cb-fcf8-419f-9bd5-37cfefc07d5d" />
      <TestMethod codeBase="C:\Users\ДмитрийБахтенков\skiz\skillaz-backend\src\Skillaz.Tests\bin\Debug\net5.0\Skillaz.Tests.dll" adapterTypeName="executor://xunit/VsTestRunner2/netcoreapp" className="Skillaz.Tests.Publication.VacancyPublicationRule_feature" name="Vacancy_publication_rule_could_not_be_edited_when_in_process" />
    </UnitTest>
    <UnitTest name="Skillaz.Tests.Configurator.SecurityProfile.ConfiguratorSecurityProfileOrgUnit_feature.Org_unit_without_hierarchy_available_for_user" storage="c:\users\дмитрийбахтенков\skiz\skillaz-backend\src\skillaz.tests\bin\debug\net5.0\skillaz.tests.dll" id="546d0fd4-90ca-7bf9-9e6d-2f6de9f9da9c">
      <Execution id="5b653c42-3b0d-4522-a463-9096435fbf98" />
      <TestMethod codeBase="C:\Users\ДмитрийБахтенков\skiz\skillaz-backend\src\Skillaz.Tests\bin\Debug\net5.0\Skillaz.Tests.dll" adapterTypeName="executor://xunit/VsTestRunner2/netcoreapp" className="Skillaz.Tests.Configurator.SecurityProfile.ConfiguratorSecurityProfileOrgUnit_feature" name="Org_unit_without_hierarchy_available_for_user" />
    </UnitTest>
    <UnitTest name="Skillaz.Tests.Assessment.Interviews.InterviewStepSwitcherFeature.When_funnels_checks_is_empty_get_candidate_check_types_returns_empty_valid_checks" storage="c:\users\дмитрийбахтенков\skiz\skillaz-backend\src\skillaz.tests\bin\debug\net5.0\skillaz.tests.dll" id="67495ea2-a726-e167-df17-7b945ec7cc5f">
      <Execution id="9445fc36-a9a0-41b0-9aad-0e671d45ec14" />
      <TestMethod codeBase="C:\Users\ДмитрийБахтенков\skiz\skillaz-backend\src\Skillaz.Tests\bin\Debug\net5.0\Skillaz.Tests.dll" adapterTypeName="executor://xunit/VsTestRunner2/netcoreapp" className="Skillaz.Tests.Assessment.Interviews.InterviewStepSwitcherFeature" name="When_funnels_checks_is_empty_get_candidate_check_types_returns_empty_valid_checks" />
    </UnitTest>
    <UnitTest name="Skillaz.Tests.CompanySpecific.Mvideo.MvideoOpenApiBatchRequest_feature.Ничего_не_делает_с_пользователями_когда_приходит_запрос_от_сап_в_котором_они_отсутствуют" storage="c:\users\дмитрийбахтенков\skiz\skillaz-backend\src\skillaz.tests\bin\debug\net5.0\skillaz.tests.dll" id="8e0524b9-2f57-3b55-3a04-05e2579ebd7c">
      <Execution id="c23902f6-4b69-4cab-8ffa-71e1fe19d70b" />
      <TestMethod codeBase="C:\Users\ДмитрийБахтенков\skiz\skillaz-backend\src\Skillaz.Tests\bin\Debug\net5.0\Skillaz.Tests.dll" adapterTypeName="executor://xunit/VsTestRunner2/netcoreapp" className="Skillaz.Tests.CompanySpecific.Mvideo.MvideoOpenApiBatchRequest_feature" name="Ничего_не_делает_с_пользователями_когда_приходит_запрос_от_сап_в_котором_они_отсутствуют" />
    </UnitTest>
    <UnitTest name="Skillaz.Tests.Validators.ListSizeFieldValidator_feature.Should_show_default_list_bigger_error_message_when_validate" storage="c:\users\дмитрийбахтенков\skiz\skillaz-backend\src\skillaz.tests\bin\debug\net5.0\skillaz.tests.dll" id="eb55d003-d16a-e248-5892-1d28af4ac26b">
      <Execution id="e2d5dd08-f362-4c1f-9221-03b88a684c83" />
      <TestMethod codeBase="C:\Users\ДмитрийБахтенков\skiz\skillaz-backend\src\Skillaz.Tests\bin\Debug\net5.0\Skillaz.Tests.dll" adapterTypeName="executor://xunit/VsTestRunner2/netcoreapp" className="Skillaz.Tests.Validators.ListSizeFieldValidator_feature" name="Should_show_default_list_bigger_error_message_when_validate" />
    </UnitTest>
    <UnitTest name="Skillaz.Tests.Configurator.DocumentModel.ConfiguratorPermissionsPolicyTests.Apply_requiered_permissions" storage="c:\users\дмитрийбахтенков\skiz\skillaz-backend\src\skillaz.tests\bin\debug\net5.0\skillaz.tests.dll" id="e96ff01a-f58a-0ee6-eb72-c851e76e589d">
      <Execution id="e7500a1d-e54d-4e0b-b003-45d36a481e21" />
      <TestMethod codeBase="C:\Users\ДмитрийБахтенков\skiz\skillaz-backend\src\Skillaz.Tests\bin\Debug\net5.0\Skillaz.Tests.dll" adapterTypeName="executor://xunit/VsTestRunner2/netcoreapp" className="Skillaz.Tests.Configurator.DocumentModel.ConfiguratorPermissionsPolicyTests" name="Apply_requiered_permissions" />
    </UnitTest>
    <UnitTest name="Skillaz.Tests.Authorization.AuthLoginWorkflowService_Login_feature.Do_correct_login_by_username_with_user" storage="c:\users\дмитрийбахтенков\skiz\skillaz-backend\src\skillaz.tests\bin\debug\net5.0\skillaz.tests.dll" id="ecf9b6bc-e1f5-b2a1-108a-35866d56220d">
      <Execution id="4f54f9cd-440d-4c71-a682-f1773c4b6c04" />
      <TestMethod codeBase="C:\Users\ДмитрийБахтенков\skiz\skillaz-backend\src\Skillaz.Tests\bin\Debug\net5.0\Skillaz.Tests.dll" adapterTypeName="executor://xunit/VsTestRunner2/netcoreapp" className="Skillaz.Tests.Authorization.AuthLoginWorkflowService_Login_feature" name="Do_correct_login_by_username_with_user" />
    </UnitTest>
    <UnitTest name="Skillaz.Tests.Vacancy.CompanySpecific.MvideoMassCandidateDatabase_feature.After_transfer_to_the_candidate_database_count_of_vacancies_will_equal_two" storage="c:\users\дмитрийбахтенков\skiz\skillaz-backend\src\skillaz.tests\bin\debug\net5.0\skillaz.tests.dll" id="89104bf1-49d2-400d-2d3e-6c695e587c93">
      <Execution id="35d4cb86-8a43-494e-be1a-3330e3b9d59e" />
      <TestMethod codeBase="C:\Users\ДмитрийБахтенков\skiz\skillaz-backend\src\Skillaz.Tests\bin\Debug\net5.0\Skillaz.Tests.dll" adapterTypeName="executor://xunit/VsTestRunner2/netcoreapp" className="Skillaz.Tests.Vacancy.CompanySpecific.MvideoMassCandidateDatabase_feature" name="After_transfer_to_the_candidate_database_count_of_vacancies_will_equal_two" />
    </UnitTest>
    <UnitTest name="Skillaz.Tests.HH.HHApiClient_feature.HH_API_client_fails_to_create_when_requested_with_missing_xManager" storage="c:\users\дмитрийбахтенков\skiz\skillaz-backend\src\skillaz.tests\bin\debug\net5.0\skillaz.tests.dll" id="c944041e-9e7e-f828-b1be-888e45cf920c">
      <Execution id="b3aba5a3-3155-4b24-a4be-fde3d350ba0e" />
      <TestMethod codeBase="C:\Users\ДмитрийБахтенков\skiz\skillaz-backend\src\Skillaz.Tests\bin\Debug\net5.0\Skillaz.Tests.dll" adapterTypeName="executor://xunit/VsTestRunner2/netcoreapp" className="Skillaz.Tests.HH.HHApiClient_feature" name="HH_API_client_fails_to_create_when_requested_with_missing_xManager" />
    </UnitTest>
    <UnitTest name="Skillaz.Tests.Authorization.LoginCommand_feature.Do_incorrect_login_by_email_expects_attempts_increment" storage="c:\users\дмитрийбахтенков\skiz\skillaz-backend\src\skillaz.tests\bin\debug\net5.0\skillaz.tests.dll" id="b724eeda-1e4e-e7d6-f7d8-4705ee17d93d">
      <Execution id="7bbed004-8c9a-483f-bb4f-afbc8bcb3ac8" />
      <TestMethod codeBase="C:\Users\ДмитрийБахтенков\skiz\skillaz-backend\src\Skillaz.Tests\bin\Debug\net5.0\Skillaz.Tests.dll" adapterTypeName="executor://xunit/VsTestRunner2/netcoreapp" className="Skillaz.Tests.Authorization.LoginCommand_feature" name="Do_incorrect_login_by_email_expects_attempts_increment" />
    </UnitTest>
    <UnitTest name="Skillaz.Tests.Candidate.Elastic.CandidateElasticFiltration_feature.Full_unsuccess_scenario" storage="c:\users\дмитрийбахтенков\skiz\skillaz-backend\src\skillaz.tests\bin\debug\net5.0\skillaz.tests.dll" id="f74b41ee-8209-6c44-4f8b-009aec396129">
      <Execution id="b4916b9f-bd34-4515-87da-28bfc330739b" />
      <TestMethod codeBase="C:\Users\ДмитрийБахтенков\skiz\skillaz-backend\src\Skillaz.Tests\bin\Debug\net5.0\Skillaz.Tests.dll" adapterTypeName="executor://xunit/VsTestRunner2/netcoreapp" className="Skillaz.Tests.Candidate.Elastic.CandidateElasticFiltration_feature" name="Full_unsuccess_scenario" />
    </UnitTest>
    <UnitTest name="Skillaz.Tests.CompanySpecific.X5.Naumen.NaumenSlaTests.Sla_calculates_correctly_for_split_days" storage="c:\users\дмитрийбахтенков\skiz\skillaz-backend\src\skillaz.tests\bin\debug\net5.0\skillaz.tests.dll" id="695a69c9-264c-d1c5-2032-535ef4bf39f9">
      <Execution id="9334c3e4-b10e-4bde-b627-e3a84dd4adac" />
      <TestMethod codeBase="C:\Users\ДмитрийБахтенков\skiz\skillaz-backend\src\Skillaz.Tests\bin\Debug\net5.0\Skillaz.Tests.dll" adapterTypeName="executor://xunit/VsTestRunner2/netcoreapp" className="Skillaz.Tests.CompanySpecific.X5.Naumen.NaumenSlaTests" name="Sla_calculates_correctly_for_split_days" />
    </UnitTest>
    <UnitTest name="Skillaz.Tests.Notifications.EmailAntispam_feature.Send_email_to_candidate_which_exceeds_day_limit_and_check_it_was_not_sent" storage="c:\users\дмитрийбахтенков\skiz\skillaz-backend\src\skillaz.tests\bin\debug\net5.0\skillaz.tests.dll" id="bb400e72-3c70-2af7-87cd-a738a13cfe78">
      <Execution id="77969ef5-8603-4cf6-91d1-9af7036fe1c6" />
      <TestMethod codeBase="C:\Users\ДмитрийБахтенков\skiz\skillaz-backend\src\Skillaz.Tests\bin\Debug\net5.0\Skillaz.Tests.dll" adapterTypeName="executor://xunit/VsTestRunner2/netcoreapp" className="Skillaz.Tests.Notifications.EmailAntispam_feature" name="Send_email_to_candidate_which_exceeds_day_limit_and_check_it_was_not_sent" />
    </UnitTest>
    <UnitTest name="Skillaz.Tests.CompanySpecific.Sberbank.SberPositionsTests.SberPositionCommand_should_work_as_expected(vacancyName: &quot;Менеджер по ключевым клиентам малого&quot;, expectedPositionId: &quot;key_client_manger_sber_mmb&quot;)" storage="c:\users\дмитрийбахтенков\skiz\skillaz-backend\src\skillaz.tests\bin\debug\net5.0\skillaz.tests.dll" id="e6c176cc-23eb-ca7e-4948-9c3818634a6a">
      <Execution id="fbf603eb-6ad7-4d45-8683-1b82a432a121" />
      <TestMethod codeBase="C:\Users\ДмитрийБахтенков\skiz\skillaz-backend\src\Skillaz.Tests\bin\Debug\net5.0\Skillaz.Tests.dll" adapterTypeName="executor://xunit/VsTestRunner2/netcoreapp" className="Skillaz.Tests.CompanySpecific.Sberbank.SberPositionsTests" name="SberPositionCommand_should_work_as_expected" />
    </UnitTest>
    <UnitTest name="Генерация ссылки для витрины с фильтрами(key: &quot;/showcase?IsHot=true&quot;)" storage="c:\users\дмитрийбахтенков\skiz\skillaz-backend\src\skillaz.tests\bin\debug\net5.0\skillaz.tests.dll" id="f5cb8ad0-bdcc-fe05-f16e-c3746c9c5b0f">
      <Execution id="a9eff3e7-1e09-4900-a365-641dc115b59f" />
      <TestMethod codeBase="C:\Users\ДмитрийБахтенков\skiz\skillaz-backend\src\Skillaz.Tests\bin\Debug\net5.0\Skillaz.Tests.dll" adapterTypeName="executor://xunit/VsTestRunner2/netcoreapp" className="Skillaz.Tests.Common.CandidateToShowcaseUrl_feature" name="FindProductionDateForEndDate" />
    </UnitTest>
    <UnitTest name="Skillaz.Tests.OpenApi.CheckApi.GetCheckList_feature.Check_candidate_get_list" storage="c:\users\дмитрийбахтенков\skiz\skillaz-backend\src\skillaz.tests\bin\debug\net5.0\skillaz.tests.dll" id="06e41769-e208-1dfc-953e-e000b9fff75c">
      <Execution id="de3d204c-4b4e-4002-a80a-5e063da2c91c" />
      <TestMethod codeBase="C:\Users\ДмитрийБахтенков\skiz\skillaz-backend\src\Skillaz.Tests\bin\Debug\net5.0\Skillaz.Tests.dll" adapterTypeName="executor://xunit/VsTestRunner2/netcoreapp" className="Skillaz.Tests.OpenApi.CheckApi.GetCheckList_feature" name="Check_candidate_get_list" />
    </UnitTest>
    <UnitTest name="Skillaz.Tests.CompanySpecific.Perekrestok.CandidatePersonalDataProcessingPermissionCheck_feature.PersonalDataValidationShouldBePassed" storage="c:\users\дмитрийбахтенков\skiz\skillaz-backend\src\skillaz.tests\bin\debug\net5.0\skillaz.tests.dll" id="6de3365a-cc7c-4212-8e7e-3a09cffed8fe">
      <Execution id="62325ee6-869c-454f-98e6-ec9d6e78a2bd" />
      <TestMethod codeBase="C:\Users\ДмитрийБахтенков\skiz\skillaz-backend\src\Skillaz.Tests\bin\Debug\net5.0\Skillaz.Tests.dll" adapterTypeName="executor://xunit/VsTestRunner2/netcoreapp" className="Skillaz.Tests.CompanySpecific.Perekrestok.CandidatePersonalDataProcessingPermissionCheck_feature" name="PersonalDataValidationShouldBePassed" />
    </UnitTest>
    <UnitTest name="Skillaz.Tests.Request.X5.X5GetRequestListCommand_feature.If_candidate_has_no_address_result_should_be_empty" storage="c:\users\дмитрийбахтенков\skiz\skillaz-backend\src\skillaz.tests\bin\debug\net5.0\skillaz.tests.dll" id="902fa757-9f4d-b9aa-cb12-7acd89bc1b1d">
      <Execution id="76c4912a-b8a7-44eb-82e2-8f921e755bef" />
      <TestMethod codeBase="C:\Users\ДмитрийБахтенков\skiz\skillaz-backend\src\Skillaz.Tests\bin\Debug\net5.0\Skillaz.Tests.dll" adapterTypeName="executor://xunit/VsTestRunner2/netcoreapp" className="Skillaz.Tests.Request.X5.X5GetRequestListCommand_feature" name="If_candidate_has_no_address_result_should_be_empty" />
    </UnitTest>
    <UnitTest name="Skillaz.Tests.Assessment.Interviews.QuizInterview_feature.Rating_an_quiz_interview_answer" storage="c:\users\дмитрийбахтенков\skiz\skillaz-backend\src\skillaz.tests\bin\debug\net5.0\skillaz.tests.dll" id="4565f3e8-5859-a90c-a6a2-55bb959db689">
      <Execution id="b2d78063-b0c7-43d0-aaed-faad8987b106" />
      <TestMethod codeBase="C:\Users\ДмитрийБахтенков\skiz\skillaz-backend\src\Skillaz.Tests\bin\Debug\net5.0\Skillaz.Tests.dll" adapterTypeName="executor://xunit/VsTestRunner2/netcoreapp" className="Skillaz.Tests.Assessment.Interviews.QuizInterview_feature" name="Rating_an_quiz_interview_answer" />
    </UnitTest>
    <UnitTest name="Skillaz.Tests.DocumentModels.FieldValueComparerTests.PrimitiveTypeArrayComparison" storage="c:\users\дмитрийбахтенков\skiz\skillaz-backend\src\skillaz.tests\bin\debug\net5.0\skillaz.tests.dll" id="ad1cadf5-0ce4-0d9e-b3e4-3e120444787e">
      <Execution id="80476b39-730e-4e10-a066-44d5ae1733f6" />
      <TestMethod codeBase="C:\Users\ДмитрийБахтенков\skiz\skillaz-backend\src\Skillaz.Tests\bin\Debug\net5.0\Skillaz.Tests.dll" adapterTypeName="executor://xunit/VsTestRunner2/netcoreapp" className="Skillaz.Tests.DocumentModels.FieldValueComparerTests" name="PrimitiveTypeArrayComparison" />
    </UnitTest>
    <UnitTest name="Skillaz.Tests.HH.HHNegotiations_feature.HH_messages_are_sent_to_the_candidate" storage="c:\users\дмитрийбахтенков\skiz\skillaz-backend\src\skillaz.tests\bin\debug\net5.0\skillaz.tests.dll" id="3ddf6d62-6d89-9163-3bef-c704e94e5a72">
      <Execution id="0a3d7e26-1767-4ca2-b2a5-6b256dce9a74" />
      <TestMethod codeBase="C:\Users\ДмитрийБахтенков\skiz\skillaz-backend\src\Skillaz.Tests\bin\Debug\net5.0\Skillaz.Tests.dll" adapterTypeName="executor://xunit/VsTestRunner2/netcoreapp" className="Skillaz.Tests.HH.HHNegotiations_feature" name="HH_messages_are_sent_to_the_candidate" />
    </UnitTest>
    <UnitTest name="Skillaz.Tests.SupportAgents.SupportAgents_feature.Update_agent_status" storage="c:\users\дмитрийбахтенков\skiz\skillaz-backend\src\skillaz.tests\bin\debug\net5.0\skillaz.tests.dll" id="01a1c8d1-a9bd-292c-8df1-72f411185228">
      <Execution id="833934cc-fa01-48fc-9b47-7186f5728227" />
      <TestMethod codeBase="C:\Users\ДмитрийБахтенков\skiz\skillaz-backend\src\Skillaz.Tests\bin\Debug\net5.0\Skillaz.Tests.dll" adapterTypeName="executor://xunit/VsTestRunner2/netcoreapp" className="Skillaz.Tests.SupportAgents.SupportAgents_feature" name="Update_agent_status" />
    </UnitTest>
    <UnitTest name="Skillaz.Tests.Authorization.AuthLoginWorkflowService_NewUser_feature.CreateUserWithoutSSO" storage="c:\users\дмитрийбахтенков\skiz\skillaz-backend\src\skillaz.tests\bin\debug\net5.0\skillaz.tests.dll" id="e1b1bb17-86ba-ecbf-8a0f-67db463a4c40">
      <Execution id="14252f74-385c-46ba-9cfd-6d614c9c0a3d" />
      <TestMethod codeBase="C:\Users\ДмитрийБахтенков\skiz\skillaz-backend\src\Skillaz.Tests\bin\Debug\net5.0\Skillaz.Tests.dll" adapterTypeName="executor://xunit/VsTestRunner2/netcoreapp" className="Skillaz.Tests.Authorization.AuthLoginWorkflowService_NewUser_feature" name="CreateUserWithoutSSO" />
    </UnitTest>
    <UnitTest name="Skillaz.Tests.Candidate.CandidateCardNegotiations_feature.Check_publication_info_exists_in_candidate" storage="c:\users\дмитрийбахтенков\skiz\skillaz-backend\src\skillaz.tests\bin\debug\net5.0\skillaz.tests.dll" id="918b815a-88da-b48e-7c5a-f8d403a083cf">
      <Execution id="53c81603-a3b0-4e8a-8d16-79670bfb5d41" />
      <TestMethod codeBase="C:\Users\ДмитрийБахтенков\skiz\skillaz-backend\src\Skillaz.Tests\bin\Debug\net5.0\Skillaz.Tests.dll" adapterTypeName="executor://xunit/VsTestRunner2/netcoreapp" className="Skillaz.Tests.Candidate.CandidateCardNegotiations_feature" name="Check_publication_info_exists_in_candidate" />
    </UnitTest>
    <UnitTest name="Skillaz.Tests.Notifications.AvitoMessenger_feature.Update_chat_messages" storage="c:\users\дмитрийбахтенков\skiz\skillaz-backend\src\skillaz.tests\bin\debug\net5.0\skillaz.tests.dll" id="2d83c8fc-1303-eeb8-b544-4d58c2aa8aa3">
      <Execution id="3b9e8f42-c075-4f09-9e0f-bc20c475670e" />
      <TestMethod codeBase="C:\Users\ДмитрийБахтенков\skiz\skillaz-backend\src\Skillaz.Tests\bin\Debug\net5.0\Skillaz.Tests.dll" adapterTypeName="executor://xunit/VsTestRunner2/netcoreapp" className="Skillaz.Tests.Notifications.AvitoMessenger_feature" name="Update_chat_messages" />
    </UnitTest>
    <UnitTest name="Skillaz.Tests.DocumentModels.ConvertToDocument.ConvertToDocument_FromPositions_feature.Проверить_ConvertToDocument_в_FromOrgUnits" storage="c:\users\дмитрийбахтенков\skiz\skillaz-backend\src\skillaz.tests\bin\debug\net5.0\skillaz.tests.dll" id="8029e08e-2ec6-ed77-563f-a9762b873350">
      <Execution id="b4a3d9cf-61bb-4a8b-82ff-b917897b279f" />
      <TestMethod codeBase="C:\Users\ДмитрийБахтенков\skiz\skillaz-backend\src\Skillaz.Tests\bin\Debug\net5.0\Skillaz.Tests.dll" adapterTypeName="executor://xunit/VsTestRunner2/netcoreapp" className="Skillaz.Tests.DocumentModels.ConvertToDocument.ConvertToDocument_FromPositions_feature" name="Проверить_ConvertToDocument_в_FromOrgUnits" />
    </UnitTest>
    <UnitTest name="Генерация ссылки для витрины с фильтрами(key: &quot;/showcase?Sources[]=Avito&amp;Sources[]=Chatbot&quot;)" storage="c:\users\дмитрийбахтенков\skiz\skillaz-backend\src\skillaz.tests\bin\debug\net5.0\skillaz.tests.dll" id="9286ff3c-773c-6fe8-e339-957782395f04">
      <Execution id="d443a0a2-1986-4708-b9b7-4a779a07887b" />
      <TestMethod codeBase="C:\Users\ДмитрийБахтенков\skiz\skillaz-backend\src\Skillaz.Tests\bin\Debug\net5.0\Skillaz.Tests.dll" adapterTypeName="executor://xunit/VsTestRunner2/netcoreapp" className="Skillaz.Tests.Common.CandidateToShowcaseUrl_feature" name="FindProductionDateForEndDate" />
    </UnitTest>
    <UnitTest name="Skillaz.Tests.Configurator.Deduplication.TransferToAnotherVacancy.Перевести_кандидата_на_новую_вакансию" storage="c:\users\дмитрийбахтенков\skiz\skillaz-backend\src\skillaz.tests\bin\debug\net5.0\skillaz.tests.dll" id="5baef605-cc7e-7d76-5e93-1770790f01f4">
      <Execution id="f44ed311-e875-4fb8-b573-233cc66f1f03" />
      <TestMethod codeBase="C:\Users\ДмитрийБахтенков\skiz\skillaz-backend\src\Skillaz.Tests\bin\Debug\net5.0\Skillaz.Tests.dll" adapterTypeName="executor://xunit/VsTestRunner2/netcoreapp" className="Skillaz.Tests.Configurator.Deduplication.TransferToAnotherVacancy" name="Перевести_кандидата_на_новую_вакансию" />
    </UnitTest>
    <UnitTest name="Skillaz.Tests.DocumentModels.DocumentModel_feature.Prepare_new_model" storage="c:\users\дмитрийбахтенков\skiz\skillaz-backend\src\skillaz.tests\bin\debug\net5.0\skillaz.tests.dll" id="51551310-b58d-4878-0abb-f5ed80a1987d">
      <Execution id="941a8d19-d683-4068-bf0e-c904fb48d392" />
      <TestMethod codeBase="C:\Users\ДмитрийБахтенков\skiz\skillaz-backend\src\Skillaz.Tests\bin\Debug\net5.0\Skillaz.Tests.dll" adapterTypeName="executor://xunit/VsTestRunner2/netcoreapp" className="Skillaz.Tests.DocumentModels.DocumentModel_feature" name="Prepare_new_model" />
    </UnitTest>
    <UnitTest name="Skillaz.Tests.Configurator.DocumentModel.ConfiguratorEditor.В_редакторе_отображается_динамический_набор_полей" storage="c:\users\дмитрийбахтенков\skiz\skillaz-backend\src\skillaz.tests\bin\debug\net5.0\skillaz.tests.dll" id="83c34f33-fc7c-8909-0d56-b377aadaa760">
      <Execution id="b7fba40a-0c24-4641-8fba-8579b8b080c8" />
      <TestMethod codeBase="C:\Users\ДмитрийБахтенков\skiz\skillaz-backend\src\Skillaz.Tests\bin\Debug\net5.0\Skillaz.Tests.dll" adapterTypeName="executor://xunit/VsTestRunner2/netcoreapp" className="Skillaz.Tests.Configurator.DocumentModel.ConfiguratorEditor" name="В_редакторе_отображается_динамический_набор_полей" />
    </UnitTest>
    <UnitTest name="Skillaz.Tests.Telephony.CallList_ExtendFilter_feature.CheckSimpleFilterIncludeAnd" storage="c:\users\дмитрийбахтенков\skiz\skillaz-backend\src\skillaz.tests\bin\debug\net5.0\skillaz.tests.dll" id="be85612c-fe29-ee17-4777-339ddd970428">
      <Execution id="f8ec18a4-fd66-40f0-a3cc-c7d5e0bb0773" />
      <TestMethod codeBase="C:\Users\ДмитрийБахтенков\skiz\skillaz-backend\src\Skillaz.Tests\bin\Debug\net5.0\Skillaz.Tests.dll" adapterTypeName="executor://xunit/VsTestRunner2/netcoreapp" className="Skillaz.Tests.Telephony.CallList_ExtendFilter_feature" name="CheckSimpleFilterIncludeAnd" />
    </UnitTest>
    <UnitTest name="Skillaz.Tests.Vacancy.CompanySpecific.MvideoMassCandidateDatabase_feature.After_transfer_candidate_will_be_have_old_vacancy" storage="c:\users\дмитрийбахтенков\skiz\skillaz-backend\src\skillaz.tests\bin\debug\net5.0\skillaz.tests.dll" id="3f93afdc-a0cd-482e-1a0b-ae8d54c769c9">
      <Execution id="fbd890b0-2236-46aa-976f-c6d72ad08e6c" />
      <TestMethod codeBase="C:\Users\ДмитрийБахтенков\skiz\skillaz-backend\src\Skillaz.Tests\bin\Debug\net5.0\Skillaz.Tests.dll" adapterTypeName="executor://xunit/VsTestRunner2/netcoreapp" className="Skillaz.Tests.Vacancy.CompanySpecific.MvideoMassCandidateDatabase_feature" name="After_transfer_candidate_will_be_have_old_vacancy" />
    </UnitTest>
    <UnitTest name="Skillaz.Tests.Candidate.Checks.ChecksWithStatusLimitatins_feature.Successful_change_candidate_status_when_check_with_limit_is_in_correct_state" storage="c:\users\дмитрийбахтенков\skiz\skillaz-backend\src\skillaz.tests\bin\debug\net5.0\skillaz.tests.dll" id="d8f86c2a-e315-dc4a-73d2-e0a6ae636048">
      <Execution id="4bb055f5-0efc-4097-bcfd-7fa4fd003c25" />
      <TestMethod codeBase="C:\Users\ДмитрийБахтенков\skiz\skillaz-backend\src\Skillaz.Tests\bin\Debug\net5.0\Skillaz.Tests.dll" adapterTypeName="executor://xunit/VsTestRunner2/netcoreapp" className="Skillaz.Tests.Candidate.Checks.ChecksWithStatusLimitatins_feature" name="Successful_change_candidate_status_when_check_with_limit_is_in_correct_state" />
    </UnitTest>
    <UnitTest name="Skillaz.Tests.HH.HHNegotiations_feature.SMS_are_sent_to_the_candidate" storage="c:\users\дмитрийбахтенков\skiz\skillaz-backend\src\skillaz.tests\bin\debug\net5.0\skillaz.tests.dll" id="87114bf8-ac51-6312-d09c-5d17ad042fd8">
      <Execution id="4ce628c2-9439-4c56-99d9-f4e9b2b9efb9" />
      <TestMethod codeBase="C:\Users\ДмитрийБахтенков\skiz\skillaz-backend\src\Skillaz.Tests\bin\Debug\net5.0\Skillaz.Tests.dll" adapterTypeName="executor://xunit/VsTestRunner2/netcoreapp" className="Skillaz.Tests.HH.HHNegotiations_feature" name="SMS_are_sent_to_the_candidate" />
    </UnitTest>
    <UnitTest name="Skillaz.Tests.OpenApi.OpenApiPipelines_feature.Candidate_Pipelines_is_Not_Empty" storage="c:\users\дмитрийбахтенков\skiz\skillaz-backend\src\skillaz.tests\bin\debug\net5.0\skillaz.tests.dll" id="3303c4bb-06bc-262c-6ff3-2cff1ccd9398">
      <Execution id="a8f7ac9c-c832-433a-acdd-ebe1a34f875b" />
      <TestMethod codeBase="C:\Users\ДмитрийБахтенков\skiz\skillaz-backend\src\Skillaz.Tests\bin\Debug\net5.0\Skillaz.Tests.dll" adapterTypeName="executor://xunit/VsTestRunner2/netcoreapp" className="Skillaz.Tests.OpenApi.OpenApiPipelines_feature" name="Candidate_Pipelines_is_Not_Empty" />
    </UnitTest>
    <UnitTest name="Skillaz.Tests.CompanySpecific.Sberbank.SberPositionsTests.SberPositionCommand_should_work_as_expected(vacancyName: &quot;Менеджер по ключевым клиентам микро&quot;, expectedPositionId: &quot;key_client_manger_sber_mmb&quot;)" storage="c:\users\дмитрийбахтенков\skiz\skillaz-backend\src\skillaz.tests\bin\debug\net5.0\skillaz.tests.dll" id="5ec28a4c-def0-5734-96c7-786773e5deba">
      <Execution id="83bad2ca-e040-4f65-9758-2deb8ba0e5f7" />
      <TestMethod codeBase="C:\Users\ДмитрийБахтенков\skiz\skillaz-backend\src\Skillaz.Tests\bin\Debug\net5.0\Skillaz.Tests.dll" adapterTypeName="executor://xunit/VsTestRunner2/netcoreapp" className="Skillaz.Tests.CompanySpecific.Sberbank.SberPositionsTests" name="SberPositionCommand_should_work_as_expected" />
    </UnitTest>
    <UnitTest name="Skillaz.Tests.Assessment.Questionnaires.VideoQuestionnaire_feature.Getting_a_questionnaire_list" storage="c:\users\дмитрийбахтенков\skiz\skillaz-backend\src\skillaz.tests\bin\debug\net5.0\skillaz.tests.dll" id="e0140a4b-bc78-8c58-ff11-fa88fe223fb0">
      <Execution id="09d748e2-6f05-435b-aa3d-1207e71290e1" />
      <TestMethod codeBase="C:\Users\ДмитрийБахтенков\skiz\skillaz-backend\src\Skillaz.Tests\bin\Debug\net5.0\Skillaz.Tests.dll" adapterTypeName="executor://xunit/VsTestRunner2/netcoreapp" className="Skillaz.Tests.Assessment.Questionnaires.VideoQuestionnaire_feature" name="Getting_a_questionnaire_list" />
    </UnitTest>
    <UnitTest name="Skillaz.Tests.Authorization.AuthLoginWorkflowService_CheckPrivacyPolicyOnLogin_feature.Do_login_user_with_accepted_other_policy_in_company_with_EnabledRequiredPolicyOfUsers" storage="c:\users\дмитрийбахтенков\skiz\skillaz-backend\src\skillaz.tests\bin\debug\net5.0\skillaz.tests.dll" id="d841a7cf-f6aa-3905-77a2-9ed906306f3f">
      <Execution id="c51ffce4-c721-4f16-ad38-da47a2d37a66" />
      <TestMethod codeBase="C:\Users\ДмитрийБахтенков\skiz\skillaz-backend\src\Skillaz.Tests\bin\Debug\net5.0\Skillaz.Tests.dll" adapterTypeName="executor://xunit/VsTestRunner2/netcoreapp" className="Skillaz.Tests.Authorization.AuthLoginWorkflowService_CheckPrivacyPolicyOnLogin_feature" name="Do_login_user_with_accepted_other_policy_in_company_with_EnabledRequiredPolicyOfUsers" />
    </UnitTest>
    <UnitTest name="Skillaz.Tests.Candidate.CandidateTags.CandidateTagsService_feature.If_category_archived_then_all_child_tags_should_be_archived_too" storage="c:\users\дмитрийбахтенков\skiz\skillaz-backend\src\skillaz.tests\bin\debug\net5.0\skillaz.tests.dll" id="83dcc145-cb26-bc73-1a78-b16434e77158">
      <Execution id="a74a0720-4a7d-4746-8169-a7cc8e80d1a2" />
      <TestMethod codeBase="C:\Users\ДмитрийБахтенков\skiz\skillaz-backend\src\Skillaz.Tests\bin\Debug\net5.0\Skillaz.Tests.dll" adapterTypeName="executor://xunit/VsTestRunner2/netcoreapp" className="Skillaz.Tests.Candidate.CandidateTags.CandidateTagsService_feature" name="If_category_archived_then_all_child_tags_should_be_archived_too" />
    </UnitTest>
    <UnitTest name="Skillaz.Tests.Mongo.Enums.EnumAttributeTest_feature.IntEnumFallback" storage="c:\users\дмитрийбахтенков\skiz\skillaz-backend\src\skillaz.tests\bin\debug\net5.0\skillaz.tests.dll" id="4fa6d963-6126-fea1-285e-e3c64f57523d">
      <Execution id="d7a8a9b4-8a3b-440c-be70-2bbcb40a72cf" />
      <TestMethod codeBase="C:\Users\ДмитрийБахтенков\skiz\skillaz-backend\src\Skillaz.Tests\bin\Debug\net5.0\Skillaz.Tests.dll" adapterTypeName="executor://xunit/VsTestRunner2/netcoreapp" className="Skillaz.Tests.Mongo.Enums.EnumAttributeTest_feature" name="IntEnumFallback" />
    </UnitTest>
    <UnitTest name="Skillaz.Tests.CompanySpecific.Magnit.MagnitCandidateKPIRatingCreateTrigger_feature.KPI_candidate_rating_is_created" storage="c:\users\дмитрийбахтенков\skiz\skillaz-backend\src\skillaz.tests\bin\debug\net5.0\skillaz.tests.dll" id="b3bdca87-ed98-c0b8-ae9c-d5d379e73617">
      <Execution id="d4b4a4e0-dfe8-4a77-ae4f-3fa9c40ce9ab" />
      <TestMethod codeBase="C:\Users\ДмитрийБахтенков\skiz\skillaz-backend\src\Skillaz.Tests\bin\Debug\net5.0\Skillaz.Tests.dll" adapterTypeName="executor://xunit/VsTestRunner2/netcoreapp" className="Skillaz.Tests.CompanySpecific.Magnit.MagnitCandidateKPIRatingCreateTrigger_feature" name="KPI_candidate_rating_is_created" />
    </UnitTest>
    <UnitTest name="Skillaz.Tests.Common.DataValidationHelpers.ValidateDateTimeOffset_feature.Date_time_is_null_valid" storage="c:\users\дмитрийбахтенков\skiz\skillaz-backend\src\skillaz.tests\bin\debug\net5.0\skillaz.tests.dll" id="2d474ffb-e742-8656-e2e8-758bb663fdf9">
      <Execution id="54f4709d-464c-4e01-898d-14bb3c7580ba" />
      <TestMethod codeBase="C:\Users\ДмитрийБахтенков\skiz\skillaz-backend\src\Skillaz.Tests\bin\Debug\net5.0\Skillaz.Tests.dll" adapterTypeName="executor://xunit/VsTestRunner2/netcoreapp" className="Skillaz.Tests.Common.DataValidationHelpers.ValidateDateTimeOffset_feature" name="Date_time_is_null_valid" />
    </UnitTest>
    <UnitTest name="Skillaz.Tests.HH.HHApiClient_feature.HH_API_client_creates_when_token_is_not_expired_but_expire_date_has_come" storage="c:\users\дмитрийбахтенков\skiz\skillaz-backend\src\skillaz.tests\bin\debug\net5.0\skillaz.tests.dll" id="2d0de576-8047-7e34-efa5-57031c1b0ae4">
      <Execution id="0a9b0e9a-3604-4bde-8623-31eab155c8f4" />
      <TestMethod codeBase="C:\Users\ДмитрийБахтенков\skiz\skillaz-backend\src\Skillaz.Tests\bin\Debug\net5.0\Skillaz.Tests.dll" adapterTypeName="executor://xunit/VsTestRunner2/netcoreapp" className="Skillaz.Tests.HH.HHApiClient_feature" name="HH_API_client_creates_when_token_is_not_expired_but_expire_date_has_come" />
    </UnitTest>
    <UnitTest name="Skillaz.Tests.Configurator.DocumentModel.ValidationFeature.Проверить_настройку_значений_валидации(positionsCount: 2, salaryFrom: 1, gmt: 4, expected: False)" storage="c:\users\дмитрийбахтенков\skiz\skillaz-backend\src\skillaz.tests\bin\debug\net5.0\skillaz.tests.dll" id="2f43e318-11ae-49f1-c50d-ffcbd5790ebc">
      <Execution id="5ff7a700-666f-4f9d-9160-b07e1aedd0e4" />
      <TestMethod codeBase="C:\Users\ДмитрийБахтенков\skiz\skillaz-backend\src\Skillaz.Tests\bin\Debug\net5.0\Skillaz.Tests.dll" adapterTypeName="executor://xunit/VsTestRunner2/netcoreapp" className="Skillaz.Tests.Configurator.DocumentModel.ValidationFeature" name="Проверить_настройку_значений_валидации" />
    </UnitTest>
    <UnitTest name="Проверка на получение провайдера 360Dialog" storage="c:\users\дмитрийбахтенков\skiz\skillaz-backend\src\skillaz.tests\bin\debug\net5.0\skillaz.tests.dll" id="bea6ca1c-ae50-17bf-a06b-37456dbe3bac">
      <Execution id="e8d05454-35cc-475a-bc15-d32d6810da83" />
      <TestMethod codeBase="C:\Users\ДмитрийБахтенков\skiz\skillaz-backend\src\Skillaz.Tests\bin\Debug\net5.0\Skillaz.Tests.dll" adapterTypeName="executor://xunit/VsTestRunner2/netcoreapp" className="Skillaz.Tests.Notifications.WhatsAppMessagingFactory_feature" name="Check_dialog_service" />
    </UnitTest>
    <UnitTest name="Skillaz.Tests.Candidate.Appointments.SetAppointmentOnStatusChange_feature.Switch_candidate_to_self_refuse_type_status" storage="c:\users\дмитрийбахтенков\skiz\skillaz-backend\src\skillaz.tests\bin\debug\net5.0\skillaz.tests.dll" id="3689eace-e9d2-67e3-a86f-48e3267af8d4">
      <Execution id="1f505e76-b05e-4417-8b9e-04bca06e0869" />
      <TestMethod codeBase="C:\Users\ДмитрийБахтенков\skiz\skillaz-backend\src\Skillaz.Tests\bin\Debug\net5.0\Skillaz.Tests.dll" adapterTypeName="executor://xunit/VsTestRunner2/netcoreapp" className="Skillaz.Tests.Candidate.Appointments.SetAppointmentOnStatusChange_feature" name="Switch_candidate_to_self_refuse_type_status" />
    </UnitTest>
    <UnitTest name="Skillaz.Tests.CompanySpecific.X5.Naumen.NaumenSlaTests.Sla_calculates_correctly_within_one_day" storage="c:\users\дмитрийбахтенков\skiz\skillaz-backend\src\skillaz.tests\bin\debug\net5.0\skillaz.tests.dll" id="39bbe88c-a5a1-69b6-0e18-a75bb02edd6c">
      <Execution id="27c8ee5f-a319-4509-9f03-0b3f6025eccc" />
      <TestMethod codeBase="C:\Users\ДмитрийБахтенков\skiz\skillaz-backend\src\Skillaz.Tests\bin\Debug\net5.0\Skillaz.Tests.dll" adapterTypeName="executor://xunit/VsTestRunner2/netcoreapp" className="Skillaz.Tests.CompanySpecific.X5.Naumen.NaumenSlaTests" name="Sla_calculates_correctly_within_one_day" />
    </UnitTest>
    <UnitTest name="Skillaz.Tests.Authorization.AuthLoginWorkflowService_Login_feature.Do_incorrect_login_by_email_with_no_attempts_left_expects_ban" storage="c:\users\дмитрийбахтенков\skiz\skillaz-backend\src\skillaz.tests\bin\debug\net5.0\skillaz.tests.dll" id="77f2d7be-818f-90c7-bdcf-482cc2cb5bd5">
      <Execution id="abd7ea99-ae3a-421f-8629-7f1714cd9e25" />
      <TestMethod codeBase="C:\Users\ДмитрийБахтенков\skiz\skillaz-backend\src\Skillaz.Tests\bin\Debug\net5.0\Skillaz.Tests.dll" adapterTypeName="executor://xunit/VsTestRunner2/netcoreapp" className="Skillaz.Tests.Authorization.AuthLoginWorkflowService_Login_feature" name="Do_incorrect_login_by_email_with_no_attempts_left_expects_ban" />
    </UnitTest>
    <UnitTest name="Skillaz.Tests.DocumentModels.DocumentModel_SettingPreviewUrlForAttachments.Check_than_preview_url_set_in_attachment_for_view_model_single_attach_in_explicit_field" storage="c:\users\дмитрийбахтенков\skiz\skillaz-backend\src\skillaz.tests\bin\debug\net5.0\skillaz.tests.dll" id="1dcc38d3-8a48-20b6-ec26-f6fc7590594b">
      <Execution id="5026ffba-1b0d-4bda-9070-a0e0e46df339" />
      <TestMethod codeBase="C:\Users\ДмитрийБахтенков\skiz\skillaz-backend\src\Skillaz.Tests\bin\Debug\net5.0\Skillaz.Tests.dll" adapterTypeName="executor://xunit/VsTestRunner2/netcoreapp" className="Skillaz.Tests.DocumentModels.DocumentModel_SettingPreviewUrlForAttachments" name="Check_than_preview_url_set_in_attachment_for_view_model_single_attach_in_explicit_field" />
    </UnitTest>
    <UnitTest name="Skillaz.Tests.CompanySpecific.Perekrestok.PerekrestokOrgUnitPositionCreateOrUpdate_feature.Cancel_request_for_closed_supermarkets" storage="c:\users\дмитрийбахтенков\skiz\skillaz-backend\src\skillaz.tests\bin\debug\net5.0\skillaz.tests.dll" id="5a4ab743-32b0-1641-16fc-f6a386fab3c6">
      <Execution id="235755a4-9055-42f3-892c-341cb322e47d" />
      <TestMethod codeBase="C:\Users\ДмитрийБахтенков\skiz\skillaz-backend\src\Skillaz.Tests\bin\Debug\net5.0\Skillaz.Tests.dll" adapterTypeName="executor://xunit/VsTestRunner2/netcoreapp" className="Skillaz.Tests.CompanySpecific.Perekrestok.PerekrestokOrgUnitPositionCreateOrUpdate_feature" name="Cancel_request_for_closed_supermarkets" />
    </UnitTest>
    <UnitTest name="Skillaz.Tests.DocumentModels.FieldValueComparerTests.IntegerComparison(firstValue: 102, secondValue: 0, result: False)" storage="c:\users\дмитрийбахтенков\skiz\skillaz-backend\src\skillaz.tests\bin\debug\net5.0\skillaz.tests.dll" id="ccf3bbf1-4f41-f614-a5b7-5ee558b037a4">
      <Execution id="25e3e3c4-d8a6-4630-bb44-3bba80ade396" />
      <TestMethod codeBase="C:\Users\ДмитрийБахтенков\skiz\skillaz-backend\src\Skillaz.Tests\bin\Debug\net5.0\Skillaz.Tests.dll" adapterTypeName="executor://xunit/VsTestRunner2/netcoreapp" className="Skillaz.Tests.DocumentModels.FieldValueComparerTests" name="IntegerComparison" />
    </UnitTest>
    <UnitTest name="Skillaz.Tests.BJ.BJReactions_feature.SMS_are_sent_to_the_candidate" storage="c:\users\дмитрийбахтенков\skiz\skillaz-backend\src\skillaz.tests\bin\debug\net5.0\skillaz.tests.dll" id="55910a8c-d093-1da9-45b2-c45119aa9307">
      <Execution id="dcc77051-e4dc-4e28-9d28-1b3d479ac97e" />
      <TestMethod codeBase="C:\Users\ДмитрийБахтенков\skiz\skillaz-backend\src\Skillaz.Tests\bin\Debug\net5.0\Skillaz.Tests.dll" adapterTypeName="executor://xunit/VsTestRunner2/netcoreapp" className="Skillaz.Tests.BJ.BJReactions_feature" name="SMS_are_sent_to_the_candidate" />
    </UnitTest>
    <UnitTest name="Skillaz.Tests.Mongo.Enums.EnumAttributeTest_feature.StringEnumAlias" storage="c:\users\дмитрийбахтенков\skiz\skillaz-backend\src\skillaz.tests\bin\debug\net5.0\skillaz.tests.dll" id="b93ee438-fbe7-f625-04a7-5a90d3b5859b">
      <Execution id="d54961b4-7642-4838-b64d-678638fd0a31" />
      <TestMethod codeBase="C:\Users\ДмитрийБахтенков\skiz\skillaz-backend\src\Skillaz.Tests\bin\Debug\net5.0\Skillaz.Tests.dll" adapterTypeName="executor://xunit/VsTestRunner2/netcoreapp" className="Skillaz.Tests.Mongo.Enums.EnumAttributeTest_feature" name="StringEnumAlias" />
    </UnitTest>
    <UnitTest name="Skillaz.Tests.Assessment.Questionnaires.AddressQuestionnaire_feature.Getting_a_questionnaire" storage="c:\users\дмитрийбахтенков\skiz\skillaz-backend\src\skillaz.tests\bin\debug\net5.0\skillaz.tests.dll" id="8bea1119-f536-f3f1-9436-7e698337ae30">
      <Execution id="df15923c-19b8-4835-b2d0-fba25c26ef5a" />
      <TestMethod codeBase="C:\Users\ДмитрийБахтенков\skiz\skillaz-backend\src\Skillaz.Tests\bin\Debug\net5.0\Skillaz.Tests.dll" adapterTypeName="executor://xunit/VsTestRunner2/netcoreapp" className="Skillaz.Tests.Assessment.Questionnaires.AddressQuestionnaire_feature" name="Getting_a_questionnaire" />
    </UnitTest>
    <UnitTest name="Skillaz.Tests.Configurator.DocumentModel.ConfiguratorEditor.Редактор_конфигуратора_дм_редактируется" storage="c:\users\дмитрийбахтенков\skiz\skillaz-backend\src\skillaz.tests\bin\debug\net5.0\skillaz.tests.dll" id="2329ed29-6d1e-71e3-88bf-dc1c81e5522b">
      <Execution id="1c948448-8013-48f8-a28c-4d468813adcd" />
      <TestMethod codeBase="C:\Users\ДмитрийБахтенков\skiz\skillaz-backend\src\Skillaz.Tests\bin\Debug\net5.0\Skillaz.Tests.dll" adapterTypeName="executor://xunit/VsTestRunner2/netcoreapp" className="Skillaz.Tests.Configurator.DocumentModel.ConfiguratorEditor" name="Редактор_конфигуратора_дм_редактируется" />
    </UnitTest>
    <UnitTest name="Skillaz.Tests.Candidate.Checks.AutoStartChecks_feature.AutoStart_Multiple_check" storage="c:\users\дмитрийбахтенков\skiz\skillaz-backend\src\skillaz.tests\bin\debug\net5.0\skillaz.tests.dll" id="18cd1cc4-6391-b9ee-7a69-41c1fbcb2882">
      <Execution id="2858cdc6-3da6-45ab-b935-e668e53bee2b" />
      <TestMethod codeBase="C:\Users\ДмитрийБахтенков\skiz\skillaz-backend\src\Skillaz.Tests\bin\Debug\net5.0\Skillaz.Tests.dll" adapterTypeName="executor://xunit/VsTestRunner2/netcoreapp" className="Skillaz.Tests.Candidate.Checks.AutoStartChecks_feature" name="AutoStart_Multiple_check" />
    </UnitTest>
    <UnitTest name="Skillaz.Tests.CompanySpecific.X5.X5OrgUnitsTypeProcessing_feature.Problem_category_is_fifteen_percent_of_full_oe_list_when_all_orgunit_without_dm" storage="c:\users\дмитрийбахтенков\skiz\skillaz-backend\src\skillaz.tests\bin\debug\net5.0\skillaz.tests.dll" id="7e00d088-bc3e-83ba-22a7-adc2edde9728">
      <Execution id="feecae28-b423-4656-b844-f96c16910aba" />
      <TestMethod codeBase="C:\Users\ДмитрийБахтенков\skiz\skillaz-backend\src\Skillaz.Tests\bin\Debug\net5.0\Skillaz.Tests.dll" adapterTypeName="executor://xunit/VsTestRunner2/netcoreapp" className="Skillaz.Tests.CompanySpecific.X5.X5OrgUnitsTypeProcessing_feature" name="Problem_category_is_fifteen_percent_of_full_oe_list_when_all_orgunit_without_dm" />
    </UnitTest>
    <UnitTest name="Skillaz.Tests.CompanySpecific.Mvideo.MvideoOpenApiBatchRequest_feature.Создает_пользователей_у_которых_нет_Scope_с_ролью_Нет_доступа" storage="c:\users\дмитрийбахтенков\skiz\skillaz-backend\src\skillaz.tests\bin\debug\net5.0\skillaz.tests.dll" id="ca3ab566-a73a-be12-c401-6fb8ab0f1ced">
      <Execution id="33b0b0b7-95dc-496b-95b8-491a161980b4" />
      <TestMethod codeBase="C:\Users\ДмитрийБахтенков\skiz\skillaz-backend\src\Skillaz.Tests\bin\Debug\net5.0\Skillaz.Tests.dll" adapterTypeName="executor://xunit/VsTestRunner2/netcoreapp" className="Skillaz.Tests.CompanySpecific.Mvideo.MvideoOpenApiBatchRequest_feature" name="Создает_пользователей_у_которых_нет_Scope_с_ролью_Нет_доступа" />
    </UnitTest>
    <UnitTest name="Для 1 и 2 числа перенос на 16 этого месяца, для 15 и 16 перенос на 2 следующего месяца(dateStrings: [&quot;2020-07-01&quot;, &quot;2020-07-02&quot;, &quot;2020-07-16&quot;])" storage="c:\users\дмитрийбахтенков\skiz\skillaz-backend\src\skillaz.tests\bin\debug\net5.0\skillaz.tests.dll" id="e7c42dc5-205a-7b7d-b007-ff9e15584ee5">
      <Execution id="2bcbce69-c9ad-4f14-b2f5-67607d9ac14c" />
      <TestMethod codeBase="C:\Users\ДмитрийБахтенков\skiz\skillaz-backend\src\Skillaz.Tests\bin\Debug\net5.0\Skillaz.Tests.dll" adapterTypeName="executor://xunit/VsTestRunner2/netcoreapp" className="Skillaz.Tests.CompanySpecific.Sberbank.SberbankHhLeadgenCreationStrategyFeature" name="FindProductionDateForEndDate" />
    </UnitTest>
    <UnitTest name="Skillaz.Tests.Configurator.DocumentModel.Builder.Зарегистрировать_модель_в_конфигурации_через_билдер" storage="c:\users\дмитрийбахтенков\skiz\skillaz-backend\src\skillaz.tests\bin\debug\net5.0\skillaz.tests.dll" id="bbee9b98-efa4-bbac-168c-d0cb4fb5815e">
      <Execution id="c00db4c2-915e-430b-8348-d6ee69d5ce12" />
      <TestMethod codeBase="C:\Users\ДмитрийБахтенков\skiz\skillaz-backend\src\Skillaz.Tests\bin\Debug\net5.0\Skillaz.Tests.dll" adapterTypeName="executor://xunit/VsTestRunner2/netcoreapp" className="Skillaz.Tests.Configurator.DocumentModel.Builder" name="Зарегистрировать_модель_в_конфигурации_через_билдер" />
    </UnitTest>
    <UnitTest name="Skillaz.Tests.CompanySpecific.Perekrestok.PerekrestokIgnoreHrBpInOrgUnitByOpenApi_feature.Check_ignore_HR_BP_fields_in_OrgUnit_from_OpenApi" storage="c:\users\дмитрийбахтенков\skiz\skillaz-backend\src\skillaz.tests\bin\debug\net5.0\skillaz.tests.dll" id="28a1cfa7-74f0-bb63-b647-23fa0ca7e58e">
      <Execution id="2bd5775a-8d22-4bcf-9f10-49d957e8d913" />
      <TestMethod codeBase="C:\Users\ДмитрийБахтенков\skiz\skillaz-backend\src\Skillaz.Tests\bin\Debug\net5.0\Skillaz.Tests.dll" adapterTypeName="executor://xunit/VsTestRunner2/netcoreapp" className="Skillaz.Tests.CompanySpecific.Perekrestok.PerekrestokIgnoreHrBpInOrgUnitByOpenApi_feature" name="Check_ignore_HR_BP_fields_in_OrgUnit_from_OpenApi" />
    </UnitTest>
    <UnitTest name="Skillaz.Tests.Telephony.MightyCall_callbacks_feature.Saving_callback_after_sync_Request_unprocessed" storage="c:\users\дмитрийбахтенков\skiz\skillaz-backend\src\skillaz.tests\bin\debug\net5.0\skillaz.tests.dll" id="5c36a504-331a-f6d9-34c9-5fef70151417">
      <Execution id="6ffd62ed-a70b-4c4f-9130-7bbbe1354070" />
      <TestMethod codeBase="C:\Users\ДмитрийБахтенков\skiz\skillaz-backend\src\Skillaz.Tests\bin\Debug\net5.0\Skillaz.Tests.dll" adapterTypeName="executor://xunit/VsTestRunner2/netcoreapp" className="Skillaz.Tests.Telephony.MightyCall_callbacks_feature" name="Saving_callback_after_sync_Request_unprocessed" />
    </UnitTest>
    <UnitTest name="Skillaz.Tests.OpenApi.OrgStructureApi.OrgEntityStateChange_feature.Org_unit_position_activating_not_existing" storage="c:\users\дмитрийбахтенков\skiz\skillaz-backend\src\skillaz.tests\bin\debug\net5.0\skillaz.tests.dll" id="cf67c2fb-5ef6-0a1a-f3c9-3f3d6bc904eb">
      <Execution id="f84d4c6c-dba4-4b52-84b2-c29e78b5eb26" />
      <TestMethod codeBase="C:\Users\ДмитрийБахтенков\skiz\skillaz-backend\src\Skillaz.Tests\bin\Debug\net5.0\Skillaz.Tests.dll" adapterTypeName="executor://xunit/VsTestRunner2/netcoreapp" className="Skillaz.Tests.OpenApi.OrgStructureApi.OrgEntityStateChange_feature" name="Org_unit_position_activating_not_existing" />
    </UnitTest>
    <UnitTest name="Skillaz.Tests.CompanySpecific.X5.X5CandidatesBlockerStore_feature.Should_unlock_candidate_When_latest_security_check_not_passed" storage="c:\users\дмитрийбахтенков\skiz\skillaz-backend\src\skillaz.tests\bin\debug\net5.0\skillaz.tests.dll" id="a70afff7-761c-67c6-c8a3-e7818bd719f5">
      <Execution id="46d3351c-0d53-4d48-8b08-73b2af265c65" />
      <TestMethod codeBase="C:\Users\ДмитрийБахтенков\skiz\skillaz-backend\src\Skillaz.Tests\bin\Debug\net5.0\Skillaz.Tests.dll" adapterTypeName="executor://xunit/VsTestRunner2/netcoreapp" className="Skillaz.Tests.CompanySpecific.X5.X5CandidatesBlockerStore_feature" name="Should_unlock_candidate_When_latest_security_check_not_passed" />
    </UnitTest>
    <UnitTest name="Skillaz.Tests.Assessment.Interviews.ShlInterview_feature.Getting_a_shl_interview_result" storage="c:\users\дмитрийбахтенков\skiz\skillaz-backend\src\skillaz.tests\bin\debug\net5.0\skillaz.tests.dll" id="f9c52865-d2a6-1748-8559-a1480e0cde45">
      <Execution id="0c9077ed-1216-4536-b815-0274e6a3edab" />
      <TestMethod codeBase="C:\Users\ДмитрийБахтенков\skiz\skillaz-backend\src\Skillaz.Tests\bin\Debug\net5.0\Skillaz.Tests.dll" adapterTypeName="executor://xunit/VsTestRunner2/netcoreapp" className="Skillaz.Tests.Assessment.Interviews.ShlInterview_feature" name="Getting_a_shl_interview_result" />
    </UnitTest>
    <UnitTest name="Skillaz.Tests.Request.IAssignCandidateHireRequestStrategy_feature.AssignCandidateHireRequestStrategyTest" storage="c:\users\дмитрийбахтенков\skiz\skillaz-backend\src\skillaz.tests\bin\debug\net5.0\skillaz.tests.dll" id="5244d254-212b-0033-7cc8-9d71b4f78ec9">
      <Execution id="19f252ef-8ee4-4aa8-9531-98365b1a7a9a" />
      <TestMethod codeBase="C:\Users\ДмитрийБахтенков\skiz\skillaz-backend\src\Skillaz.Tests\bin\Debug\net5.0\Skillaz.Tests.dll" adapterTypeName="executor://xunit/VsTestRunner2/netcoreapp" className="Skillaz.Tests.Request.IAssignCandidateHireRequestStrategy_feature" name="AssignCandidateHireRequestStrategyTest" />
    </UnitTest>
    <UnitTest name="Skillaz.Tests.Configurator.DocumentModel.JobOfferConfiguratorDataType_feature.JobOfferConfiguratorDataType_update_with_formula" storage="c:\users\дмитрийбахтенков\skiz\skillaz-backend\src\skillaz.tests\bin\debug\net5.0\skillaz.tests.dll" id="301a58d8-c0be-e7bf-823f-ad1b7dc3e4d1">
      <Execution id="49f9255b-63f9-4ac9-99aa-cfcf0622480b" />
      <TestMethod codeBase="C:\Users\ДмитрийБахтенков\skiz\skillaz-backend\src\Skillaz.Tests\bin\Debug\net5.0\Skillaz.Tests.dll" adapterTypeName="executor://xunit/VsTestRunner2/netcoreapp" className="Skillaz.Tests.Configurator.DocumentModel.JobOfferConfiguratorDataType_feature" name="JobOfferConfiguratorDataType_update_with_formula" />
    </UnitTest>
    <UnitTest name="Skillaz.Tests.Configurator.FunnelBuilder.FunnelBuildChecksFromCodeAndConfiguratorTests.Test_build_funnel_if_no_check_in_configurator_but_in_funnel" storage="c:\users\дмитрийбахтенков\skiz\skillaz-backend\src\skillaz.tests\bin\debug\net5.0\skillaz.tests.dll" id="416285a6-481b-8025-2e87-e42ae93aa4c1">
      <Execution id="41642ba4-1ea7-4aed-bcea-836ba59fa9a2" />
      <TestMethod codeBase="C:\Users\ДмитрийБахтенков\skiz\skillaz-backend\src\Skillaz.Tests\bin\Debug\net5.0\Skillaz.Tests.dll" adapterTypeName="executor://xunit/VsTestRunner2/netcoreapp" className="Skillaz.Tests.Configurator.FunnelBuilder.FunnelBuildChecksFromCodeAndConfiguratorTests" name="Test_build_funnel_if_no_check_in_configurator_but_in_funnel" />
    </UnitTest>
    <UnitTest name="Skillaz.Tests.Configurator.ConfiguratorEditorApiCellTests.Установка_и_удаление_статуса_встречи" storage="c:\users\дмитрийбахтенков\skiz\skillaz-backend\src\skillaz.tests\bin\debug\net5.0\skillaz.tests.dll" id="84e3e532-d2d1-70a3-d162-46fd831e3ad7">
      <Execution id="88daa3de-0448-4b7f-8c96-0b46bf2882a2" />
      <TestMethod codeBase="C:\Users\ДмитрийБахтенков\skiz\skillaz-backend\src\Skillaz.Tests\bin\Debug\net5.0\Skillaz.Tests.dll" adapterTypeName="executor://xunit/VsTestRunner2/netcoreapp" className="Skillaz.Tests.Configurator.ConfiguratorEditorApiCellTests" name="Установка_и_удаление_статуса_встречи" />
    </UnitTest>
    <UnitTest name="Skillaz.Tests.Vacancy.CompanySpecific.MvideoMassCandidateDatabase_feature.Transfer_to_the_candidate_database_will_create_candidate" storage="c:\users\дмитрийбахтенков\skiz\skillaz-backend\src\skillaz.tests\bin\debug\net5.0\skillaz.tests.dll" id="f9aa3372-35f2-d38d-da06-c52850a4d4ec">
      <Execution id="ca37d575-ad5d-4eb8-b498-914acb4e3826" />
      <TestMethod codeBase="C:\Users\ДмитрийБахтенков\skiz\skillaz-backend\src\Skillaz.Tests\bin\Debug\net5.0\Skillaz.Tests.dll" adapterTypeName="executor://xunit/VsTestRunner2/netcoreapp" className="Skillaz.Tests.Vacancy.CompanySpecific.MvideoMassCandidateDatabase_feature" name="Transfer_to_the_candidate_database_will_create_candidate" />
    </UnitTest>
    <UnitTest name="Skillaz.Tests.Configurator.DocumentModel.ObjectTypeOrgUnit.Орг_единицы" storage="c:\users\дмитрийбахтенков\skiz\skillaz-backend\src\skillaz.tests\bin\debug\net5.0\skillaz.tests.dll" id="4dc4f32d-9bfb-fd1b-9b0e-f58bba0e6da4">
      <Execution id="7ddee89f-6424-4c51-a2d6-c350d30e8ab2" />
      <TestMethod codeBase="C:\Users\ДмитрийБахтенков\skiz\skillaz-backend\src\Skillaz.Tests\bin\Debug\net5.0\Skillaz.Tests.dll" adapterTypeName="executor://xunit/VsTestRunner2/netcoreapp" className="Skillaz.Tests.Configurator.DocumentModel.ObjectTypeOrgUnit" name="Орг_единицы" />
    </UnitTest>
    <UnitTest name="Skillaz.Tests.DocumentModels.DocumentModel_SettingPreviewUrlForAttachments.Check_than_preview_url_set_in_attachment_for_view_model_multiply_attach_in_explicit_field" storage="c:\users\дмитрийбахтенков\skiz\skillaz-backend\src\skillaz.tests\bin\debug\net5.0\skillaz.tests.dll" id="d3686756-b2de-3e8d-01c9-bc4bf442958b">
      <Execution id="66c34c0d-3769-4b44-b2c3-d53d66e023f8" />
      <TestMethod codeBase="C:\Users\ДмитрийБахтенков\skiz\skillaz-backend\src\Skillaz.Tests\bin\Debug\net5.0\Skillaz.Tests.dll" adapterTypeName="executor://xunit/VsTestRunner2/netcoreapp" className="Skillaz.Tests.DocumentModels.DocumentModel_SettingPreviewUrlForAttachments" name="Check_than_preview_url_set_in_attachment_for_view_model_multiply_attach_in_explicit_field" />
    </UnitTest>
    <UnitTest name="Skillaz.Tests.Configurator.DocumentModel.ValidationFeature.Проверить_настройку_значений_валидации(positionsCount: 2, salaryFrom: 3, gmt: 4, expected: True)" storage="c:\users\дмитрийбахтенков\skiz\skillaz-backend\src\skillaz.tests\bin\debug\net5.0\skillaz.tests.dll" id="257ce9a0-ab3d-e6a3-6b6a-b36bc47af7bb">
      <Execution id="b65cdb65-da80-4816-9a0c-8197d6ae3cca" />
      <TestMethod codeBase="C:\Users\ДмитрийБахтенков\skiz\skillaz-backend\src\Skillaz.Tests\bin\Debug\net5.0\Skillaz.Tests.dll" adapterTypeName="executor://xunit/VsTestRunner2/netcoreapp" className="Skillaz.Tests.Configurator.DocumentModel.ValidationFeature" name="Проверить_настройку_значений_валидации" />
    </UnitTest>
    <UnitTest name="Skillaz.Tests.OpenApi.FunnelApi.GetFunnels_feature.Check_get_funnel_api" storage="c:\users\дмитрийбахтенков\skiz\skillaz-backend\src\skillaz.tests\bin\debug\net5.0\skillaz.tests.dll" id="1c12d953-27fe-db54-6823-abdb50d2985c">
      <Execution id="d402bd64-c4cb-4480-b4ee-d14e27e65457" />
      <TestMethod codeBase="C:\Users\ДмитрийБахтенков\skiz\skillaz-backend\src\Skillaz.Tests\bin\Debug\net5.0\Skillaz.Tests.dll" adapterTypeName="executor://xunit/VsTestRunner2/netcoreapp" className="Skillaz.Tests.OpenApi.FunnelApi.GetFunnels_feature" name="Check_get_funnel_api" />
    </UnitTest>
    <UnitTest name="Skillaz.Tests.CompanySpecific.Decathlon.DecathlonRecruiterSecurityProfileCandidatesFilter_feature.Getting_allowed_candidates_from_mongo" storage="c:\users\дмитрийбахтенков\skiz\skillaz-backend\src\skillaz.tests\bin\debug\net5.0\skillaz.tests.dll" id="83bf1f64-3dd8-c8b5-e9fc-9d026172e802">
      <Execution id="f9247211-06f1-4f12-b37a-bf4ac09ec369" />
      <TestMethod codeBase="C:\Users\ДмитрийБахтенков\skiz\skillaz-backend\src\Skillaz.Tests\bin\Debug\net5.0\Skillaz.Tests.dll" adapterTypeName="executor://xunit/VsTestRunner2/netcoreapp" className="Skillaz.Tests.CompanySpecific.Decathlon.DecathlonRecruiterSecurityProfileCandidatesFilter_feature" name="Getting_allowed_candidates_from_mongo" />
    </UnitTest>
    <UnitTest name="Skillaz.Tests.Candidate.Agreement.AgreementService_feature.Scenario_for_agreement_via_web" storage="c:\users\дмитрийбахтенков\skiz\skillaz-backend\src\skillaz.tests\bin\debug\net5.0\skillaz.tests.dll" id="2df7045f-89bf-2c7e-15b8-24fd673c4844">
      <Execution id="1104eb66-85d9-4039-8367-b8068ce27e72" />
      <TestMethod codeBase="C:\Users\ДмитрийБахтенков\skiz\skillaz-backend\src\Skillaz.Tests\bin\Debug\net5.0\Skillaz.Tests.dll" adapterTypeName="executor://xunit/VsTestRunner2/netcoreapp" className="Skillaz.Tests.Candidate.Agreement.AgreementService_feature" name="Scenario_for_agreement_via_web" />
    </UnitTest>
    <UnitTest name="Skillaz.Tests.OpenApi.CreateNewCandidate_feature.Candidate_creation_with_request" storage="c:\users\дмитрийбахтенков\skiz\skillaz-backend\src\skillaz.tests\bin\debug\net5.0\skillaz.tests.dll" id="886bd1e1-2275-0dbe-f72a-535b3b340cb1">
      <Execution id="41571dbf-0c60-444b-880b-936af925f9ab" />
      <TestMethod codeBase="C:\Users\ДмитрийБахтенков\skiz\skillaz-backend\src\Skillaz.Tests\bin\Debug\net5.0\Skillaz.Tests.dll" adapterTypeName="executor://xunit/VsTestRunner2/netcoreapp" className="Skillaz.Tests.OpenApi.CreateNewCandidate_feature" name="Candidate_creation_with_request" />
    </UnitTest>
    <UnitTest name="Skillaz.Tests.Configurator.FunnelBuilder.FunnelBuildChecksFromCodeAndConfiguratorTests.Test_funnel_build_with_check_from_code_only" storage="c:\users\дмитрийбахтенков\skiz\skillaz-backend\src\skillaz.tests\bin\debug\net5.0\skillaz.tests.dll" id="db87aa59-599d-40b7-6c4c-f9af3b10384b">
      <Execution id="89cfc746-67f2-4d53-b8d2-c14623cc8c32" />
      <TestMethod codeBase="C:\Users\ДмитрийБахтенков\skiz\skillaz-backend\src\Skillaz.Tests\bin\Debug\net5.0\Skillaz.Tests.dll" adapterTypeName="executor://xunit/VsTestRunner2/netcoreapp" className="Skillaz.Tests.Configurator.FunnelBuilder.FunnelBuildChecksFromCodeAndConfiguratorTests" name="Test_funnel_build_with_check_from_code_only" />
    </UnitTest>
    <UnitTest name="Skillaz.Tests.Candidate.Elastic.CandidateElasticFiltration_feature.Retrieving_a_candidate_by_nonexistent_check_statuses" storage="c:\users\дмитрийбахтенков\skiz\skillaz-backend\src\skillaz.tests\bin\debug\net5.0\skillaz.tests.dll" id="d967ea0f-1dc4-274d-f906-2cc92b35abf3">
      <Execution id="72e8441c-7566-4112-bb7f-a74db623079b" />
      <TestMethod codeBase="C:\Users\ДмитрийБахтенков\skiz\skillaz-backend\src\Skillaz.Tests\bin\Debug\net5.0\Skillaz.Tests.dll" adapterTypeName="executor://xunit/VsTestRunner2/netcoreapp" className="Skillaz.Tests.Candidate.Elastic.CandidateElasticFiltration_feature" name="Retrieving_a_candidate_by_nonexistent_check_statuses" />
    </UnitTest>
    <UnitTest name="Skillaz.Tests.Configurator.DocumentModel.DocumentModelFieldBinderTest.DocumentModelBinderParseTest(expression: &quot;Name&quot;, expectedType: typeof(Skillaz.Framework.DocumentModel.Binders.DocumentModelFieldExpressionValueBinder&lt;Skillaz.Tests.Configurator.DocumentModel.DocumentModelTestDocument, string&gt;))" storage="c:\users\дмитрийбахтенков\skiz\skillaz-backend\src\skillaz.tests\bin\debug\net5.0\skillaz.tests.dll" id="26cad07b-a8d8-1c50-3658-3c11af87d6f6">
      <Execution id="2e42adcb-6a68-4d4b-b239-53363dbe26d6" />
      <TestMethod codeBase="C:\Users\ДмитрийБахтенков\skiz\skillaz-backend\src\Skillaz.Tests\bin\Debug\net5.0\Skillaz.Tests.dll" adapterTypeName="executor://xunit/VsTestRunner2/netcoreapp" className="Skillaz.Tests.Configurator.DocumentModel.DocumentModelFieldBinderTest" name="DocumentModelBinderParseTest" />
    </UnitTest>
    <UnitTest name="Skillaz.Tests.Configurator.DocumentModel.LimitUserTypeFeature.Проверить_настройку_значений_по_умолчанию" storage="c:\users\дмитрийбахтенков\skiz\skillaz-backend\src\skillaz.tests\bin\debug\net5.0\skillaz.tests.dll" id="b9695c5f-f172-0bae-a1c8-1867505643a1">
      <Execution id="49b37b03-aee9-4c34-b533-e0c459bb2678" />
      <TestMethod codeBase="C:\Users\ДмитрийБахтенков\skiz\skillaz-backend\src\Skillaz.Tests\bin\Debug\net5.0\Skillaz.Tests.dll" adapterTypeName="executor://xunit/VsTestRunner2/netcoreapp" className="Skillaz.Tests.Configurator.DocumentModel.LimitUserTypeFeature" name="Проверить_настройку_значений_по_умолчанию" />
    </UnitTest>
    <UnitTest name="Skillaz.Tests.Assessment.Questionnaires.SimulationQuestionnaire_feature.Updating_a_questionnaire" storage="c:\users\дмитрийбахтенков\skiz\skillaz-backend\src\skillaz.tests\bin\debug\net5.0\skillaz.tests.dll" id="28a328bc-3763-3a43-68c4-a1d047ad3d0a">
      <Execution id="1f851228-7262-4277-a716-d574a59538fb" />
      <TestMethod codeBase="C:\Users\ДмитрийБахтенков\skiz\skillaz-backend\src\Skillaz.Tests\bin\Debug\net5.0\Skillaz.Tests.dll" adapterTypeName="executor://xunit/VsTestRunner2/netcoreapp" className="Skillaz.Tests.Assessment.Questionnaires.SimulationQuestionnaire_feature" name="Updating_a_questionnaire" />
    </UnitTest>
    <UnitTest name="Skillaz.Tests.CompanySpecific.Avilon.AvilonHHNegotiations_feature.Check_Candidate_Comment_After_Dublicate_Candidate_in_HH_InExistsVacancy" storage="c:\users\дмитрийбахтенков\skiz\skillaz-backend\src\skillaz.tests\bin\debug\net5.0\skillaz.tests.dll" id="8840492e-a0f1-9bf0-67bf-089252349c5f">
      <Execution id="fef02c06-abf8-41c3-ba1b-d3b07de5364e" />
      <TestMethod codeBase="C:\Users\ДмитрийБахтенков\skiz\skillaz-backend\src\Skillaz.Tests\bin\Debug\net5.0\Skillaz.Tests.dll" adapterTypeName="executor://xunit/VsTestRunner2/netcoreapp" className="Skillaz.Tests.CompanySpecific.Avilon.AvilonHHNegotiations_feature" name="Check_Candidate_Comment_After_Dublicate_Candidate_in_HH_InExistsVacancy" />
    </UnitTest>
    <UnitTest name="Skillaz.Tests.Configurator.DocumentModel.ConfiguratorPermissionsPolicyTests.Apply_no_permissions" storage="c:\users\дмитрийбахтенков\skiz\skillaz-backend\src\skillaz.tests\bin\debug\net5.0\skillaz.tests.dll" id="7a50c2c9-91e2-4a6d-fe8a-0c1cc423b1dc">
      <Execution id="b28b099e-7200-4e97-8a33-4791778745c7" />
      <TestMethod codeBase="C:\Users\ДмитрийБахтенков\skiz\skillaz-backend\src\Skillaz.Tests\bin\Debug\net5.0\Skillaz.Tests.dll" adapterTypeName="executor://xunit/VsTestRunner2/netcoreapp" className="Skillaz.Tests.Configurator.DocumentModel.ConfiguratorPermissionsPolicyTests" name="Apply_no_permissions" />
    </UnitTest>
    <UnitTest name="Skillaz.Tests.DocumentModels.LegacyVacancyDocuments.LegacyVacancyDocumentWhereAnd_feature.GetIds_ProcessingActive" storage="c:\users\дмитрийбахтенков\skiz\skillaz-backend\src\skillaz.tests\bin\debug\net5.0\skillaz.tests.dll" id="1650038f-24a7-26b9-4afd-2f28b884c2b6">
      <Execution id="662aa6a7-62ad-4c1c-8492-af1ea84747fa" />
      <TestMethod codeBase="C:\Users\ДмитрийБахтенков\skiz\skillaz-backend\src\Skillaz.Tests\bin\Debug\net5.0\Skillaz.Tests.dll" adapterTypeName="executor://xunit/VsTestRunner2/netcoreapp" className="Skillaz.Tests.DocumentModels.LegacyVacancyDocuments.LegacyVacancyDocumentWhereAnd_feature" name="GetIds_ProcessingActive" />
    </UnitTest>
    <UnitTest name="Skillaz.Tests.Configurator.Deduplication.CheckDuplicateCandidates.Check_duplicate_candidate" storage="c:\users\дмитрийбахтенков\skiz\skillaz-backend\src\skillaz.tests\bin\debug\net5.0\skillaz.tests.dll" id="d6633f53-13fc-f326-601b-d58d761acb44">
      <Execution id="28c95bc6-01fa-4420-acf8-69d95f88c1d3" />
      <TestMethod codeBase="C:\Users\ДмитрийБахтенков\skiz\skillaz-backend\src\Skillaz.Tests\bin\Debug\net5.0\Skillaz.Tests.dll" adapterTypeName="executor://xunit/VsTestRunner2/netcoreapp" className="Skillaz.Tests.Configurator.Deduplication.CheckDuplicateCandidates" name="Check_duplicate_candidate" />
    </UnitTest>
    <UnitTest name="Skillaz.Tests.CompanySpecific.Mvideo.MvideoPrepareBatchUpdateRequest_feature.Stores_responsible_ids_is_replaced" storage="c:\users\дмитрийбахтенков\skiz\skillaz-backend\src\skillaz.tests\bin\debug\net5.0\skillaz.tests.dll" id="afed0485-0954-9f08-d765-75de0a03b209">
      <Execution id="1cb5342a-36f8-48ef-8e0b-23661919cec4" />
      <TestMethod codeBase="C:\Users\ДмитрийБахтенков\skiz\skillaz-backend\src\Skillaz.Tests\bin\Debug\net5.0\Skillaz.Tests.dll" adapterTypeName="executor://xunit/VsTestRunner2/netcoreapp" className="Skillaz.Tests.CompanySpecific.Mvideo.MvideoPrepareBatchUpdateRequest_feature" name="Stores_responsible_ids_is_replaced" />
    </UnitTest>
    <UnitTest name="Skillaz.Tests.Helpers.WorkingDaysHelperFeature.FindProductionDates(dateStrings: [&quot;2020-10-01&quot;, &quot;2020-10-02&quot;, &quot;2020-10-15&quot;, &quot;2020-10-16&quot;, &quot;2020-10-01&quot;, ...])" storage="c:\users\дмитрийбахтенков\skiz\skillaz-backend\src\skillaz.tests\bin\debug\net5.0\skillaz.tests.dll" id="c778c24b-bea5-d39c-8d40-9c31129a3f72">
      <Execution id="28bfc0cf-5aae-43ff-a12f-0de551c3ad7f" />
      <TestMethod codeBase="C:\Users\ДмитрийБахтенков\skiz\skillaz-backend\src\Skillaz.Tests\bin\Debug\net5.0\Skillaz.Tests.dll" adapterTypeName="executor://xunit/VsTestRunner2/netcoreapp" className="Skillaz.Tests.Helpers.WorkingDaysHelperFeature" name="FindProductionDates" />
    </UnitTest>
    <UnitTest name="Skillaz.Tests.Configurator.WorkflowEngine.ConfiguratorWorkflowNotifications_reature.ConfiguratorWorkflow_Check_that_templates_in_workflow_is_avaliable" storage="c:\users\дмитрийбахтенков\skiz\skillaz-backend\src\skillaz.tests\bin\debug\net5.0\skillaz.tests.dll" id="ee028f4b-7ca0-b61b-0baf-522f1ca31228">
      <Execution id="7e2b8880-461b-4ffd-9c91-bb41819b5191" />
      <TestMethod codeBase="C:\Users\ДмитрийБахтенков\skiz\skillaz-backend\src\Skillaz.Tests\bin\Debug\net5.0\Skillaz.Tests.dll" adapterTypeName="executor://xunit/VsTestRunner2/netcoreapp" className="Skillaz.Tests.Configurator.WorkflowEngine.ConfiguratorWorkflowNotifications_reature" name="ConfiguratorWorkflow_Check_that_templates_in_workflow_is_avaliable" />
    </UnitTest>
    <UnitTest name="Skillaz.Tests.OpenApi.ObjectHashHelperTest.GetChanges" storage="c:\users\дмитрийбахтенков\skiz\skillaz-backend\src\skillaz.tests\bin\debug\net5.0\skillaz.tests.dll" id="8acd4525-a627-5fa2-0344-bf4e6672636d">
      <Execution id="46f2aa53-0f69-43d1-a182-eb8c4d1b0b5b" />
      <TestMethod codeBase="C:\Users\ДмитрийБахтенков\skiz\skillaz-backend\src\Skillaz.Tests\bin\Debug\net5.0\Skillaz.Tests.dll" adapterTypeName="executor://xunit/VsTestRunner2/netcoreapp" className="Skillaz.Tests.OpenApi.ObjectHashHelperTest" name="GetChanges" />
    </UnitTest>
    <UnitTest name="Skillaz.Tests.Assessment.Scenario_feature.Getting_a_scenario" storage="c:\users\дмитрийбахтенков\skiz\skillaz-backend\src\skillaz.tests\bin\debug\net5.0\skillaz.tests.dll" id="f689731c-9290-5162-9a49-b85b06691a5f">
      <Execution id="8d3663b0-46b0-4049-8575-c731923aa2d0" />
      <TestMethod codeBase="C:\Users\ДмитрийБахтенков\skiz\skillaz-backend\src\Skillaz.Tests\bin\Debug\net5.0\Skillaz.Tests.dll" adapterTypeName="executor://xunit/VsTestRunner2/netcoreapp" className="Skillaz.Tests.Assessment.Scenario_feature" name="Getting_a_scenario" />
    </UnitTest>
    <UnitTest name="Skillaz.Tests.Assessment.Interviews.SimulationInterview_feature.Setting_a_simulation_interview_status" storage="c:\users\дмитрийбахтенков\skiz\skillaz-backend\src\skillaz.tests\bin\debug\net5.0\skillaz.tests.dll" id="e7fb445d-a768-9f1b-9305-54ec3641f4aa">
      <Execution id="bee77922-2a1f-4f59-93f0-eae93011b3f4" />
      <TestMethod codeBase="C:\Users\ДмитрийБахтенков\skiz\skillaz-backend\src\Skillaz.Tests\bin\Debug\net5.0\Skillaz.Tests.dll" adapterTypeName="executor://xunit/VsTestRunner2/netcoreapp" className="Skillaz.Tests.Assessment.Interviews.SimulationInterview_feature" name="Setting_a_simulation_interview_status" />
    </UnitTest>
    <UnitTest name="Skillaz.Tests.Configurator.WorkflowEngine.CheckNotificationsForExternalCheckApprove_feature.CheckSendingNotificationsWhenExternalApproveCheck" storage="c:\users\дмитрийбахтенков\skiz\skillaz-backend\src\skillaz.tests\bin\debug\net5.0\skillaz.tests.dll" id="1bad3ee1-7388-b6e0-e0f8-6668ea1d178e">
      <Execution id="b91697c2-8cc1-45cd-a4e7-7d061d97cf96" />
      <TestMethod codeBase="C:\Users\ДмитрийБахтенков\skiz\skillaz-backend\src\Skillaz.Tests\bin\Debug\net5.0\Skillaz.Tests.dll" adapterTypeName="executor://xunit/VsTestRunner2/netcoreapp" className="Skillaz.Tests.Configurator.WorkflowEngine.CheckNotificationsForExternalCheckApprove_feature" name="CheckSendingNotificationsWhenExternalApproveCheck" />
    </UnitTest>
    <UnitTest name="Skillaz.Tests.Avito.Publications.AvitoPublishVacancyCommand_feature.ErrorProcessingAvitoApiClient_checking_exceptionMessage_with_statuscode_402_and_billingType_package" storage="c:\users\дмитрийбахтенков\skiz\skillaz-backend\src\skillaz.tests\bin\debug\net5.0\skillaz.tests.dll" id="85510b97-bc29-2cdc-f87e-f5117f0740a0">
      <Execution id="872c0354-ed92-4687-90cc-2ca8844263f9" />
      <TestMethod codeBase="C:\Users\ДмитрийБахтенков\skiz\skillaz-backend\src\Skillaz.Tests\bin\Debug\net5.0\Skillaz.Tests.dll" adapterTypeName="executor://xunit/VsTestRunner2/netcoreapp" className="Skillaz.Tests.Avito.Publications.AvitoPublishVacancyCommand_feature" name="ErrorProcessingAvitoApiClient_checking_exceptionMessage_with_statuscode_402_and_billingType_package" />
    </UnitTest>
    <UnitTest name="Skillaz.Tests.CustomFilters.CandidateCustomFilters.Check_filters_options" storage="c:\users\дмитрийбахтенков\skiz\skillaz-backend\src\skillaz.tests\bin\debug\net5.0\skillaz.tests.dll" id="15e0d906-307f-1e45-3bd5-7d4b45322396">
      <Execution id="22f19a45-7ba5-42bf-b455-6470cacddc56" />
      <TestMethod codeBase="C:\Users\ДмитрийБахтенков\skiz\skillaz-backend\src\Skillaz.Tests\bin\Debug\net5.0\Skillaz.Tests.dll" adapterTypeName="executor://xunit/VsTestRunner2/netcoreapp" className="Skillaz.Tests.CustomFilters.CandidateCustomFilters" name="Check_filters_options" />
    </UnitTest>
    <UnitTest name="Skillaz.Tests.Candidate.Workflow.CandidateAddWaySwitchRulesTests.Check_status_is_initial_without_rule_when_candidate_create" storage="c:\users\дмитрийбахтенков\skiz\skillaz-backend\src\skillaz.tests\bin\debug\net5.0\skillaz.tests.dll" id="621e3691-21fc-9523-debe-8b7efe39e0a9">
      <Execution id="da8176e8-822b-49c2-a572-13e98c112dac" />
      <TestMethod codeBase="C:\Users\ДмитрийБахтенков\skiz\skillaz-backend\src\Skillaz.Tests\bin\Debug\net5.0\Skillaz.Tests.dll" adapterTypeName="executor://xunit/VsTestRunner2/netcoreapp" className="Skillaz.Tests.Candidate.Workflow.CandidateAddWaySwitchRulesTests" name="Check_status_is_initial_without_rule_when_candidate_create" />
    </UnitTest>
    <UnitTest name="Skillaz.Tests.CompanySpecific.Mvideo.MvideoOpenApiBatchRequest_feature.Обновляет_ОЕ_с_ResponsibleId_с_проставленным_флагом_отключения_смены_ответственного_и_проверяет_что_ответственный_не_сменился" storage="c:\users\дмитрийбахтенков\skiz\skillaz-backend\src\skillaz.tests\bin\debug\net5.0\skillaz.tests.dll" id="164ce405-029c-3fae-29fa-d98160ff0c43">
      <Execution id="fb64e605-bf4e-451b-9983-1b2e8058eb86" />
      <TestMethod codeBase="C:\Users\ДмитрийБахтенков\skiz\skillaz-backend\src\Skillaz.Tests\bin\Debug\net5.0\Skillaz.Tests.dll" adapterTypeName="executor://xunit/VsTestRunner2/netcoreapp" className="Skillaz.Tests.CompanySpecific.Mvideo.MvideoOpenApiBatchRequest_feature" name="Обновляет_ОЕ_с_ResponsibleId_с_проставленным_флагом_отключения_смены_ответственного_и_проверяет_что_ответственный_не_сменился" />
    </UnitTest>
    <UnitTest name="Для 1 и 2 числа перенос на 16 этого месяца, для 15 и 16 перенос на 2 следующего месяца(dateStrings: [&quot;2020-12-15&quot;, &quot;2020-12-16&quot;, &quot;2021-01-12&quot;])" storage="c:\users\дмитрийбахтенков\skiz\skillaz-backend\src\skillaz.tests\bin\debug\net5.0\skillaz.tests.dll" id="19856216-00f6-4e68-e136-98f87cc0c034">
      <Execution id="30bc054d-1064-4a76-b167-1150b295cf58" />
      <TestMethod codeBase="C:\Users\ДмитрийБахтенков\skiz\skillaz-backend\src\Skillaz.Tests\bin\Debug\net5.0\Skillaz.Tests.dll" adapterTypeName="executor://xunit/VsTestRunner2/netcoreapp" className="Skillaz.Tests.CompanySpecific.Sberbank.SberbankHhLeadgenCreationStrategyFeature" name="FindProductionDateForEndDate" />
    </UnitTest>
    <UnitTest name="Расширение файла не должно совпадать с его содержимым(fileName: &quot;HtmlAsDoc.doc&quot;, alterName: &quot;.doc&quot;)" storage="c:\users\дмитрийбахтенков\skiz\skillaz-backend\src\skillaz.tests\bin\debug\net5.0\skillaz.tests.dll" id="472203bc-d05c-64f9-ce88-46acdbe6bd8e">
      <Execution id="4d513da4-9375-4a3c-94f2-7a34574e219c" />
      <TestMethod codeBase="C:\Users\ДмитрийБахтенков\skiz\skillaz-backend\src\Skillaz.Tests\bin\Debug\net5.0\Skillaz.Tests.dll" adapterTypeName="executor://xunit/VsTestRunner2/netcoreapp" className="Skillaz.Testing.Run.System.Security.FileContentCheckerTests" name="FileExtensionShouldDoNotMatchContent" />
    </UnitTest>
    <UnitTest name="Skillaz.Tests.CompanySpecific.Magnit.MagnitIntegrationISMonitor_feature.BadCreateVerify" storage="c:\users\дмитрийбахтенков\skiz\skillaz-backend\src\skillaz.tests\bin\debug\net5.0\skillaz.tests.dll" id="96db9640-171e-7161-1026-8e6d6336d018">
      <Execution id="24fbf227-5097-4333-be20-2e8743b3ee9e" />
      <TestMethod codeBase="C:\Users\ДмитрийБахтенков\skiz\skillaz-backend\src\Skillaz.Tests\bin\Debug\net5.0\Skillaz.Tests.dll" adapterTypeName="executor://xunit/VsTestRunner2/netcoreapp" className="Skillaz.Tests.CompanySpecific.Magnit.MagnitIntegrationISMonitor_feature" name="BadCreateVerify" />
    </UnitTest>
    <UnitTest name="Skillaz.Tests.Candidate.Workflow.CreateCandidateCommand_feature.Duplicated_candidate_on_new_vacancy_autoswitch_executed" storage="c:\users\дмитрийбахтенков\skiz\skillaz-backend\src\skillaz.tests\bin\debug\net5.0\skillaz.tests.dll" id="461a161d-c2a6-317b-55b2-42876b47e76b">
      <Execution id="99fb1d1a-14d2-4faf-8c94-d04ab0be958c" />
      <TestMethod codeBase="C:\Users\ДмитрийБахтенков\skiz\skillaz-backend\src\Skillaz.Tests\bin\Debug\net5.0\Skillaz.Tests.dll" adapterTypeName="executor://xunit/VsTestRunner2/netcoreapp" className="Skillaz.Tests.Candidate.Workflow.CreateCandidateCommand_feature" name="Duplicated_candidate_on_new_vacancy_autoswitch_executed" />
    </UnitTest>
    <UnitTest name="Skillaz.Tests.Configurator.Deduplication.UpdateCandidateByRuleTest.Check_Action_UpdateSource_AddWay_Negotiations_Change_Fields_Source_Other" storage="c:\users\дмитрийбахтенков\skiz\skillaz-backend\src\skillaz.tests\bin\debug\net5.0\skillaz.tests.dll" id="64a411c1-0926-3fa1-6874-38dda44a7d1d">
      <Execution id="f10e9e32-2769-4a7d-9840-5bc4e9b10a66" />
      <TestMethod codeBase="C:\Users\ДмитрийБахтенков\skiz\skillaz-backend\src\Skillaz.Tests\bin\Debug\net5.0\Skillaz.Tests.dll" adapterTypeName="executor://xunit/VsTestRunner2/netcoreapp" className="Skillaz.Tests.Configurator.Deduplication.UpdateCandidateByRuleTest" name="Check_Action_UpdateSource_AddWay_Negotiations_Change_Fields_Source_Other" />
    </UnitTest>
    <UnitTest name="Skillaz.Tests.AsyncEnumerable.AsyncEnumerableTests.Batching_works_for_empty_async_enumerable" storage="c:\users\дмитрийбахтенков\skiz\skillaz-backend\src\skillaz.tests\bin\debug\net5.0\skillaz.tests.dll" id="39be84e9-f5b3-e4f2-ecff-2a0209c9cf71">
      <Execution id="4c186595-a6ca-4c9c-9a32-f8882caf9e8e" />
      <TestMethod codeBase="C:\Users\ДмитрийБахтенков\skiz\skillaz-backend\src\Skillaz.Tests\bin\Debug\net5.0\Skillaz.Tests.dll" adapterTypeName="executor://xunit/VsTestRunner2/netcoreapp" className="Skillaz.Tests.AsyncEnumerable.AsyncEnumerableTests" name="Batching_works_for_empty_async_enumerable" />
    </UnitTest>
    <UnitTest name="Skillaz.Tests.CompanySpecific.Perekrestok.PerekrestokInterimResponsible_feature.Updating_responsible_id_when_responsible_is_interim" storage="c:\users\дмитрийбахтенков\skiz\skillaz-backend\src\skillaz.tests\bin\debug\net5.0\skillaz.tests.dll" id="636f8628-ff8d-fc2d-9f54-62e4197e65de">
      <Execution id="12daec00-5fda-4c63-90cc-ebc434e8f3de" />
      <TestMethod codeBase="C:\Users\ДмитрийБахтенков\skiz\skillaz-backend\src\Skillaz.Tests\bin\Debug\net5.0\Skillaz.Tests.dll" adapterTypeName="executor://xunit/VsTestRunner2/netcoreapp" className="Skillaz.Tests.CompanySpecific.Perekrestok.PerekrestokInterimResponsible_feature" name="Updating_responsible_id_when_responsible_is_interim" />
    </UnitTest>
    <UnitTest name="Skillaz.Tests.Authorization.AuthAccessHelper_feature.Проверить_рекомендации_по_смене_компании_для_админов" storage="c:\users\дмитрийбахтенков\skiz\skillaz-backend\src\skillaz.tests\bin\debug\net5.0\skillaz.tests.dll" id="b95c3ef4-6add-ed87-c274-7e32e37f43cd">
      <Execution id="d0fe9f44-6b17-4126-8e5b-a8718f45b727" />
      <TestMethod codeBase="C:\Users\ДмитрийБахтенков\skiz\skillaz-backend\src\Skillaz.Tests\bin\Debug\net5.0\Skillaz.Tests.dll" adapterTypeName="executor://xunit/VsTestRunner2/netcoreapp" className="Skillaz.Tests.Authorization.AuthAccessHelper_feature" name="Проверить_рекомендации_по_смене_компании_для_админов" />
    </UnitTest>
    <UnitTest name="Skillaz.Tests.TaskTracker.SystemTaskNotificationSending_feature.Processing_system_tasks_for_user_notifications" storage="c:\users\дмитрийбахтенков\skiz\skillaz-backend\src\skillaz.tests\bin\debug\net5.0\skillaz.tests.dll" id="4b19360d-7e8d-d351-7103-67e88d5e1fc3">
      <Execution id="31b27fe1-5c8c-4ca8-bcff-c0e4240029c4" />
      <TestMethod codeBase="C:\Users\ДмитрийБахтенков\skiz\skillaz-backend\src\Skillaz.Tests\bin\Debug\net5.0\Skillaz.Tests.dll" adapterTypeName="executor://xunit/VsTestRunner2/netcoreapp" className="Skillaz.Tests.TaskTracker.SystemTaskNotificationSending_feature" name="Processing_system_tasks_for_user_notifications" />
    </UnitTest>
    <UnitTest name="Skillaz.Tests.ProductionCalendars.ProductionCalendarService_feature.Get_holidays_for_period_should_return_holidays_from_to_inclusive" storage="c:\users\дмитрийбахтенков\skiz\skillaz-backend\src\skillaz.tests\bin\debug\net5.0\skillaz.tests.dll" id="ccc25526-2604-8af6-3aec-56619ebf9ce8">
      <Execution id="07f7ce51-a606-4a01-97fb-52e556e28d55" />
      <TestMethod codeBase="C:\Users\ДмитрийБахтенков\skiz\skillaz-backend\src\Skillaz.Tests\bin\Debug\net5.0\Skillaz.Tests.dll" adapterTypeName="executor://xunit/VsTestRunner2/netcoreapp" className="Skillaz.Tests.ProductionCalendars.ProductionCalendarService_feature" name="Get_holidays_for_period_should_return_holidays_from_to_inclusive" />
    </UnitTest>
    <UnitTest name="Skillaz.Tests.CompanySpecific.Rosatom.RosatomCandidateWorkflowTriggers_feature.Job_offer_state_changed(toCandidateStatusId: &quot;JobOfferIntegrationApproved&quot;, triggerType: typeof(Skillaz.ClientConfiguration.Rosatom.WorkflowTriggers.CandidateStatusChangeToJobOfferIntegrationApproved))" storage="c:\users\дмитрийбахтенков\skiz\skillaz-backend\src\skillaz.tests\bin\debug\net5.0\skillaz.tests.dll" id="4324f8de-21eb-7a99-1ee1-3078479e95ed">
      <Execution id="3131bd08-b670-4a0b-8dbd-14d842b4aa73" />
      <TestMethod codeBase="C:\Users\ДмитрийБахтенков\skiz\skillaz-backend\src\Skillaz.Tests\bin\Debug\net5.0\Skillaz.Tests.dll" adapterTypeName="executor://xunit/VsTestRunner2/netcoreapp" className="Skillaz.Tests.CompanySpecific.Rosatom.RosatomCandidateWorkflowTriggers_feature" name="Job_offer_state_changed" />
    </UnitTest>
    <UnitTest name="Skillaz.Tests.OrgUnit.GetOrgUnitWithHierarchyIsAvailable_feature.Parent_and_child_org_units_are_available" storage="c:\users\дмитрийбахтенков\skiz\skillaz-backend\src\skillaz.tests\bin\debug\net5.0\skillaz.tests.dll" id="6026db5b-c674-cfd5-3033-1b552910e998">
      <Execution id="0a86f16f-9aa0-4a17-a577-766b7ab16607" />
      <TestMethod codeBase="C:\Users\ДмитрийБахтенков\skiz\skillaz-backend\src\Skillaz.Tests\bin\Debug\net5.0\Skillaz.Tests.dll" adapterTypeName="executor://xunit/VsTestRunner2/netcoreapp" className="Skillaz.Tests.OrgUnit.GetOrgUnitWithHierarchyIsAvailable_feature" name="Parent_and_child_org_units_are_available" />
    </UnitTest>
    <UnitTest name="Skillaz.Tests.Configurator.SecurityProfile.ConfiguratorSecurityProfileRequest_feature.Request_is_available_to_user_by_core_field" storage="c:\users\дмитрийбахтенков\skiz\skillaz-backend\src\skillaz.tests\bin\debug\net5.0\skillaz.tests.dll" id="c501921e-da51-abb9-749b-45fac2b9925c">
      <Execution id="4bf14710-999e-4b41-bbab-7d6da6b60aa4" />
      <TestMethod codeBase="C:\Users\ДмитрийБахтенков\skiz\skillaz-backend\src\Skillaz.Tests\bin\Debug\net5.0\Skillaz.Tests.dll" adapterTypeName="executor://xunit/VsTestRunner2/netcoreapp" className="Skillaz.Tests.Configurator.SecurityProfile.ConfiguratorSecurityProfileRequest_feature" name="Request_is_available_to_user_by_core_field" />
    </UnitTest>
    <UnitTest name="Расширение файла не должно совпадать с его содержимым(fileName: &quot;Video.mpeg&quot;, alterName: &quot;.png&quot;)" storage="c:\users\дмитрийбахтенков\skiz\skillaz-backend\src\skillaz.tests\bin\debug\net5.0\skillaz.tests.dll" id="85a77bdd-8ffd-1340-79bb-3da1d698a672">
      <Execution id="2caf3fe5-511b-4127-9ab1-feaf836aff0b" />
      <TestMethod codeBase="C:\Users\ДмитрийБахтенков\skiz\skillaz-backend\src\Skillaz.Tests\bin\Debug\net5.0\Skillaz.Tests.dll" adapterTypeName="executor://xunit/VsTestRunner2/netcoreapp" className="Skillaz.Testing.Run.System.Security.FileContentCheckerTests" name="FileExtensionShouldDoNotMatchContent" />
    </UnitTest>
    <UnitTest name="Skillaz.Tests.OrgUnit.OrgUnitExternalIdTests.Test_candidateProfile_update_with_already_existed_doc_by_externalId" storage="c:\users\дмитрийбахтенков\skiz\skillaz-backend\src\skillaz.tests\bin\debug\net5.0\skillaz.tests.dll" id="8be1d296-395c-d5ce-48de-603c14b36417">
      <Execution id="4c84e658-bce2-40ae-8a8f-0927f461100a" />
      <TestMethod codeBase="C:\Users\ДмитрийБахтенков\skiz\skillaz-backend\src\Skillaz.Tests\bin\Debug\net5.0\Skillaz.Tests.dll" adapterTypeName="executor://xunit/VsTestRunner2/netcoreapp" className="Skillaz.Tests.OrgUnit.OrgUnitExternalIdTests" name="Test_candidateProfile_update_with_already_existed_doc_by_externalId" />
    </UnitTest>
    <UnitTest name="Skillaz.Tests.OpenApi.CheckApi.GetCheckPdf_feature.Get_candidate_check_pdf" storage="c:\users\дмитрийбахтенков\skiz\skillaz-backend\src\skillaz.tests\bin\debug\net5.0\skillaz.tests.dll" id="3a805882-89ed-3d78-1d76-0edfa7438e3d">
      <Execution id="b34152d3-b345-43f3-a12a-e554be55bc29" />
      <TestMethod codeBase="C:\Users\ДмитрийБахтенков\skiz\skillaz-backend\src\Skillaz.Tests\bin\Debug\net5.0\Skillaz.Tests.dll" adapterTypeName="executor://xunit/VsTestRunner2/netcoreapp" className="Skillaz.Tests.OpenApi.CheckApi.GetCheckPdf_feature" name="Get_candidate_check_pdf" />
    </UnitTest>
    <UnitTest name="Skillaz.Tests.ApiUser.ApiUser_feature.Api_user_can_candidate_from_the_accessible_company" storage="c:\users\дмитрийбахтенков\skiz\skillaz-backend\src\skillaz.tests\bin\debug\net5.0\skillaz.tests.dll" id="f8708a08-c206-da47-baad-5439e03e34c6">
      <Execution id="130dcb2b-f207-4cd7-ba07-168f146b3791" />
      <TestMethod codeBase="C:\Users\ДмитрийБахтенков\skiz\skillaz-backend\src\Skillaz.Tests\bin\Debug\net5.0\Skillaz.Tests.dll" adapterTypeName="executor://xunit/VsTestRunner2/netcoreapp" className="Skillaz.Tests.ApiUser.ApiUser_feature" name="Api_user_can_candidate_from_the_accessible_company" />
    </UnitTest>
    <UnitTest name="Skillaz.Tests.Configurator.DocumentModel.RefFeature.Проверить_настройку_Ref_для_справочников_из_конфигуратора" storage="c:\users\дмитрийбахтенков\skiz\skillaz-backend\src\skillaz.tests\bin\debug\net5.0\skillaz.tests.dll" id="3e286d15-1d7c-a423-79a3-dfabcc6a2cf0">
      <Execution id="b3c46947-9273-43eb-a268-2e786eba800e" />
      <TestMethod codeBase="C:\Users\ДмитрийБахтенков\skiz\skillaz-backend\src\Skillaz.Tests\bin\Debug\net5.0\Skillaz.Tests.dll" adapterTypeName="executor://xunit/VsTestRunner2/netcoreapp" className="Skillaz.Tests.Configurator.DocumentModel.RefFeature" name="Проверить_настройку_Ref_для_справочников_из_конфигуратора" />
    </UnitTest>
    <UnitTest name="Skillaz.Tests.Assessment.Interviews.BranchTrackInteriew_feature.Getting_a_branch_track_interview_result" storage="c:\users\дмитрийбахтенков\skiz\skillaz-backend\src\skillaz.tests\bin\debug\net5.0\skillaz.tests.dll" id="796faefe-b01b-105f-d11b-bff838eb16c7">
      <Execution id="378596e9-4860-4a0d-b2ce-90f72b8a37c9" />
      <TestMethod codeBase="C:\Users\ДмитрийБахтенков\skiz\skillaz-backend\src\Skillaz.Tests\bin\Debug\net5.0\Skillaz.Tests.dll" adapterTypeName="executor://xunit/VsTestRunner2/netcoreapp" className="Skillaz.Tests.Assessment.Interviews.BranchTrackInteriew_feature" name="Getting_a_branch_track_interview_result" />
    </UnitTest>
    <UnitTest name="Skillaz.Tests.Configurator.Editor.EnumHelperFeature.GetForDocumentModel" storage="c:\users\дмитрийбахтенков\skiz\skillaz-backend\src\skillaz.tests\bin\debug\net5.0\skillaz.tests.dll" id="a25e6752-78c5-91c0-8024-0fe11e2a23d7">
      <Execution id="7c4f56d1-db4f-461a-8979-8c123a775aad" />
      <TestMethod codeBase="C:\Users\ДмитрийБахтенков\skiz\skillaz-backend\src\Skillaz.Tests\bin\Debug\net5.0\Skillaz.Tests.dll" adapterTypeName="executor://xunit/VsTestRunner2/netcoreapp" className="Skillaz.Tests.Configurator.Editor.EnumHelperFeature" name="GetForDocumentModel" />
    </UnitTest>
    <UnitTest name="Skillaz.Tests.Configurator.DocumentModel.EnterFormWithProcessingRoles.Проверить_работу_с_процессными_ролям" storage="c:\users\дмитрийбахтенков\skiz\skillaz-backend\src\skillaz.tests\bin\debug\net5.0\skillaz.tests.dll" id="dcd3967f-8e32-b880-3d34-ff25245ff8c2">
      <Execution id="edcd4a76-ea6b-4e65-ada5-a940991b75c0" />
      <TestMethod codeBase="C:\Users\ДмитрийБахтенков\skiz\skillaz-backend\src\Skillaz.Tests\bin\Debug\net5.0\Skillaz.Tests.dll" adapterTypeName="executor://xunit/VsTestRunner2/netcoreapp" className="Skillaz.Tests.Configurator.DocumentModel.EnterFormWithProcessingRoles" name="Проверить_работу_с_процессными_ролям" />
    </UnitTest>
    <UnitTest name="Skillaz.Tests.Candidate.RoleRestrictionChangingCandidateStatus_feature.User_with_restrictions_can_change_status" storage="c:\users\дмитрийбахтенков\skiz\skillaz-backend\src\skillaz.tests\bin\debug\net5.0\skillaz.tests.dll" id="deac3dac-ffea-575d-c1a2-8b26adb26f47">
      <Execution id="687003c0-856a-4ecf-bf88-f75195e023f8" />
      <TestMethod codeBase="C:\Users\ДмитрийБахтенков\skiz\skillaz-backend\src\Skillaz.Tests\bin\Debug\net5.0\Skillaz.Tests.dll" adapterTypeName="executor://xunit/VsTestRunner2/netcoreapp" className="Skillaz.Tests.Candidate.RoleRestrictionChangingCandidateStatus_feature" name="User_with_restrictions_can_change_status" />
    </UnitTest>
    <UnitTest name="Skillaz.Tests.Telephony.MightyCall_CallList_feature.Start_new_campaign" storage="c:\users\дмитрийбахтенков\skiz\skillaz-backend\src\skillaz.tests\bin\debug\net5.0\skillaz.tests.dll" id="8cd9944b-15be-2a68-9780-48b60500714e">
      <Execution id="b3d11480-4291-464d-b7f4-6ed20f8ca023" />
      <TestMethod codeBase="C:\Users\ДмитрийБахтенков\skiz\skillaz-backend\src\Skillaz.Tests\bin\Debug\net5.0\Skillaz.Tests.dll" adapterTypeName="executor://xunit/VsTestRunner2/netcoreapp" className="Skillaz.Tests.Telephony.MightyCall_CallList_feature" name="Start_new_campaign" />
    </UnitTest>
    <UnitTest name="Skillaz.Tests.CompanySpecific.Perekrestok.PerekrestokOrgUnitOpenApiManagement_feature.Create_orgunit_with_api" storage="c:\users\дмитрийбахтенков\skiz\skillaz-backend\src\skillaz.tests\bin\debug\net5.0\skillaz.tests.dll" id="2b907b0e-915d-4c47-1f14-cad0fe768f23">
      <Execution id="976c9181-d2c3-4d0f-9b76-93c62f1ed9dd" />
      <TestMethod codeBase="C:\Users\ДмитрийБахтенков\skiz\skillaz-backend\src\Skillaz.Tests\bin\Debug\net5.0\Skillaz.Tests.dll" adapterTypeName="executor://xunit/VsTestRunner2/netcoreapp" className="Skillaz.Tests.CompanySpecific.Perekrestok.PerekrestokOrgUnitOpenApiManagement_feature" name="Create_orgunit_with_api" />
    </UnitTest>
    <UnitTest name="Skillaz.Tests.CompanySpecific.Rosatom.RosatomCandidateWorkflowTriggers_feature.Job_offer_state_changed(toCandidateStatusId: &quot;JobOfferIntegration&quot;, triggerType: typeof(Skillaz.ClientConfiguration.Rosatom.WorkflowTriggers.CandidateStatusChangeToJobOfferIntegration))" storage="c:\users\дмитрийбахтенков\skiz\skillaz-backend\src\skillaz.tests\bin\debug\net5.0\skillaz.tests.dll" id="78b03ec6-c656-eb67-f125-ba94e17fedee">
      <Execution id="ec4178b9-b249-441d-a924-39f264c023c9" />
      <TestMethod codeBase="C:\Users\ДмитрийБахтенков\skiz\skillaz-backend\src\Skillaz.Tests\bin\Debug\net5.0\Skillaz.Tests.dll" adapterTypeName="executor://xunit/VsTestRunner2/netcoreapp" className="Skillaz.Tests.CompanySpecific.Rosatom.RosatomCandidateWorkflowTriggers_feature" name="Job_offer_state_changed" />
    </UnitTest>
    <UnitTest name="Skillaz.Tests.Request.X5.X5GetRequestListCommand_feature.If_candidate_is_not_exists_in_database_result_should_be_empty" storage="c:\users\дмитрийбахтенков\skiz\skillaz-backend\src\skillaz.tests\bin\debug\net5.0\skillaz.tests.dll" id="1bb8441a-1953-96a0-d128-5930e3488af0">
      <Execution id="7be1611b-56bd-4961-ad3d-befe497fe4be" />
      <TestMethod codeBase="C:\Users\ДмитрийБахтенков\skiz\skillaz-backend\src\Skillaz.Tests\bin\Debug\net5.0\Skillaz.Tests.dll" adapterTypeName="executor://xunit/VsTestRunner2/netcoreapp" className="Skillaz.Tests.Request.X5.X5GetRequestListCommand_feature" name="If_candidate_is_not_exists_in_database_result_should_be_empty" />
    </UnitTest>
    <UnitTest name="Skillaz.Tests.SupportAgents.SupportAgents_feature.Receive_current_agent" storage="c:\users\дмитрийбахтенков\skiz\skillaz-backend\src\skillaz.tests\bin\debug\net5.0\skillaz.tests.dll" id="227a4222-7f10-3a0c-373c-971ed36457ef">
      <Execution id="da74eca0-cf6a-497d-870c-39cf660c3fad" />
      <TestMethod codeBase="C:\Users\ДмитрийБахтенков\skiz\skillaz-backend\src\Skillaz.Tests\bin\Debug\net5.0\Skillaz.Tests.dll" adapterTypeName="executor://xunit/VsTestRunner2/netcoreapp" className="Skillaz.Tests.SupportAgents.SupportAgents_feature" name="Receive_current_agent" />
    </UnitTest>
    <UnitTest name="Для 1 и 2 числа перенос на 16 этого месяца, для 15 и 16 перенос на 2 следующего месяца(dateStrings: [&quot;2020-12-01&quot;, &quot;2020-12-02&quot;, &quot;2020-12-16&quot;])" storage="c:\users\дмитрийбахтенков\skiz\skillaz-backend\src\skillaz.tests\bin\debug\net5.0\skillaz.tests.dll" id="53de3141-631b-a2c2-6495-d11f610b420c">
      <Execution id="2614d9de-191f-4f07-8bdd-4268af41a362" />
      <TestMethod codeBase="C:\Users\ДмитрийБахтенков\skiz\skillaz-backend\src\Skillaz.Tests\bin\Debug\net5.0\Skillaz.Tests.dll" adapterTypeName="executor://xunit/VsTestRunner2/netcoreapp" className="Skillaz.Tests.CompanySpecific.Sberbank.SberbankHhLeadgenCreationStrategyFeature" name="FindProductionDateForEndDate" />
    </UnitTest>
    <UnitTest name="Skillaz.Tests.CompanySpecific.Mvideo.MvideoOpenApiBatchRequest_feature.Обновляет_пользователей_меняет_email_Рекрутерам_но_не_меняет_их_роль" storage="c:\users\дмитрийбахтенков\skiz\skillaz-backend\src\skillaz.tests\bin\debug\net5.0\skillaz.tests.dll" id="8cf9a83b-9cfd-0363-646c-0870fb8e866b">
      <Execution id="fc776298-bd25-4d3a-9ee6-829ad837dc2b" />
      <TestMethod codeBase="C:\Users\ДмитрийБахтенков\skiz\skillaz-backend\src\Skillaz.Tests\bin\Debug\net5.0\Skillaz.Tests.dll" adapterTypeName="executor://xunit/VsTestRunner2/netcoreapp" className="Skillaz.Tests.CompanySpecific.Mvideo.MvideoOpenApiBatchRequest_feature" name="Обновляет_пользователей_меняет_email_Рекрутерам_но_не_меняет_их_роль" />
    </UnitTest>
    <UnitTest name="Skillaz.Tests.Assessment.Interviews.SelfEntryInterview_feature.Getting_a_self_entry_timeslots_by_request_with_start_period" storage="c:\users\дмитрийбахтенков\skiz\skillaz-backend\src\skillaz.tests\bin\debug\net5.0\skillaz.tests.dll" id="4d8d797d-1570-17f3-9c5a-4925480865a4">
      <Execution id="8a4a1be2-2fc9-45a9-a773-8729bf393ee2" />
      <TestMethod codeBase="C:\Users\ДмитрийБахтенков\skiz\skillaz-backend\src\Skillaz.Tests\bin\Debug\net5.0\Skillaz.Tests.dll" adapterTypeName="executor://xunit/VsTestRunner2/netcoreapp" className="Skillaz.Tests.Assessment.Interviews.SelfEntryInterview_feature" name="Getting_a_self_entry_timeslots_by_request_with_start_period" />
    </UnitTest>
    <UnitTest name="Skillaz.Tests.Candidate.Elastic.CandidateElasticFiltration_feature.Retrieving_candidates_by_current_tags" storage="c:\users\дмитрийбахтенков\skiz\skillaz-backend\src\skillaz.tests\bin\debug\net5.0\skillaz.tests.dll" id="604dbb21-0c7f-6827-160d-f4180dc27148">
      <Execution id="160ce3c6-7d8d-4f7b-b4de-a27ce8d422bd" />
      <TestMethod codeBase="C:\Users\ДмитрийБахтенков\skiz\skillaz-backend\src\Skillaz.Tests\bin\Debug\net5.0\Skillaz.Tests.dll" adapterTypeName="executor://xunit/VsTestRunner2/netcoreapp" className="Skillaz.Tests.Candidate.Elastic.CandidateElasticFiltration_feature" name="Retrieving_candidates_by_current_tags" />
    </UnitTest>
    <UnitTest name="Skillaz.Tests.Configurator.WorkflowEngine.ConfiguratorWorkflowEnterform_feature.Check_WorkflowTrigger" storage="c:\users\дмитрийбахтенков\skiz\skillaz-backend\src\skillaz.tests\bin\debug\net5.0\skillaz.tests.dll" id="b50c1a7c-e35a-56e9-49e5-c610e48c0418">
      <Execution id="766b504f-52bc-43fc-a503-dc5afde78c19" />
      <TestMethod codeBase="C:\Users\ДмитрийБахтенков\skiz\skillaz-backend\src\Skillaz.Tests\bin\Debug\net5.0\Skillaz.Tests.dll" adapterTypeName="executor://xunit/VsTestRunner2/netcoreapp" className="Skillaz.Tests.Configurator.WorkflowEngine.ConfiguratorWorkflowEnterform_feature" name="Check_WorkflowTrigger" />
    </UnitTest>
    <UnitTest name="Skillaz.Tests.Candidate.Appointments.SetAppointmentOnStatusChange_feature.Switch_candidate_to_refuse_type_status" storage="c:\users\дмитрийбахтенков\skiz\skillaz-backend\src\skillaz.tests\bin\debug\net5.0\skillaz.tests.dll" id="61dd33ce-60f9-d56f-cae4-1eed0f8a40ee">
      <Execution id="c680fc00-d382-41ef-8ccd-ab901f28cec2" />
      <TestMethod codeBase="C:\Users\ДмитрийБахтенков\skiz\skillaz-backend\src\Skillaz.Tests\bin\Debug\net5.0\Skillaz.Tests.dll" adapterTypeName="executor://xunit/VsTestRunner2/netcoreapp" className="Skillaz.Tests.Candidate.Appointments.SetAppointmentOnStatusChange_feature" name="Switch_candidate_to_refuse_type_status" />
    </UnitTest>
    <UnitTest name="Skillaz.Tests.DocumentModels.FieldValueComparerTests.DifferentTypeComparison(firstValue: 1, secondValue: 1)" storage="c:\users\дмитрийбахтенков\skiz\skillaz-backend\src\skillaz.tests\bin\debug\net5.0\skillaz.tests.dll" id="8393da8c-f927-97e0-e1df-374808136190">
      <Execution id="974411fc-c960-43bd-b90e-35e36f279dfd" />
      <TestMethod codeBase="C:\Users\ДмитрийБахтенков\skiz\skillaz-backend\src\Skillaz.Tests\bin\Debug\net5.0\Skillaz.Tests.dll" adapterTypeName="executor://xunit/VsTestRunner2/netcoreapp" className="Skillaz.Tests.DocumentModels.FieldValueComparerTests" name="DifferentTypeComparison" />
    </UnitTest>
    <UnitTest name="Skillaz.Tests.HH.Search.HHSearch_feature.CreateHHSearchCommand_should_give_name_exception" storage="c:\users\дмитрийбахтенков\skiz\skillaz-backend\src\skillaz.tests\bin\debug\net5.0\skillaz.tests.dll" id="54386f13-db91-1023-e9b0-914739bb1e52">
      <Execution id="b64e789e-845a-4763-b92c-2fc0c6d15b7f" />
      <TestMethod codeBase="C:\Users\ДмитрийБахтенков\skiz\skillaz-backend\src\Skillaz.Tests\bin\Debug\net5.0\Skillaz.Tests.dll" adapterTypeName="executor://xunit/VsTestRunner2/netcoreapp" className="Skillaz.Tests.HH.Search.HHSearch_feature" name="CreateHHSearchCommand_should_give_name_exception" />
    </UnitTest>
    <UnitTest name="Skillaz.Tests.CompanySpecific.X5.X5Deduplication_feature.By_phone_and_number" storage="c:\users\дмитрийбахтенков\skiz\skillaz-backend\src\skillaz.tests\bin\debug\net5.0\skillaz.tests.dll" id="556be40b-c58b-fb3f-0da6-6634fbb2f22c">
      <Execution id="01f18952-16c7-4a2f-874a-06a4899b962a" />
      <TestMethod codeBase="C:\Users\ДмитрийБахтенков\skiz\skillaz-backend\src\Skillaz.Tests\bin\Debug\net5.0\Skillaz.Tests.dll" adapterTypeName="executor://xunit/VsTestRunner2/netcoreapp" className="Skillaz.Tests.CompanySpecific.X5.X5Deduplication_feature" name="By_phone_and_number" />
    </UnitTest>
    <UnitTest name="Skillaz.Tests.Candidate.Checks.FilterChecksBasedOnIsNeedToShow_feature.Get_candidate_info_for_old_interface_by_invalid_user" storage="c:\users\дмитрийбахтенков\skiz\skillaz-backend\src\skillaz.tests\bin\debug\net5.0\skillaz.tests.dll" id="76cfa268-0c10-1255-2b9d-b4fee865d12b">
      <Execution id="177eb3e0-9805-4c20-8ca0-9331e4254fe2" />
      <TestMethod codeBase="C:\Users\ДмитрийБахтенков\skiz\skillaz-backend\src\Skillaz.Tests\bin\Debug\net5.0\Skillaz.Tests.dll" adapterTypeName="executor://xunit/VsTestRunner2/netcoreapp" className="Skillaz.Tests.Candidate.Checks.FilterChecksBasedOnIsNeedToShow_feature" name="Get_candidate_info_for_old_interface_by_invalid_user" />
    </UnitTest>
    <UnitTest name="Skillaz.Tests.Candidate.Checks.CheckFromConfigurator_feature.Auto_start_check_with_multi_tag_candidate_and_any_tag_exclude" storage="c:\users\дмитрийбахтенков\skiz\skillaz-backend\src\skillaz.tests\bin\debug\net5.0\skillaz.tests.dll" id="8884f6e8-a9a4-e495-2ae2-ec118e882bb9">
      <Execution id="57bff580-a3a1-43af-8ed8-4f7475056bda" />
      <TestMethod codeBase="C:\Users\ДмитрийБахтенков\skiz\skillaz-backend\src\Skillaz.Tests\bin\Debug\net5.0\Skillaz.Tests.dll" adapterTypeName="executor://xunit/VsTestRunner2/netcoreapp" className="Skillaz.Tests.Candidate.Checks.CheckFromConfigurator_feature" name="Auto_start_check_with_multi_tag_candidate_and_any_tag_exclude" />
    </UnitTest>
    <UnitTest name="Skillaz.Tests.Publication.VacancyPublicationRule_feature.Vacancy_publication_rule_does_not_publish_vacancy_second_time_when_published_not_from_rule" storage="c:\users\дмитрийбахтенков\skiz\skillaz-backend\src\skillaz.tests\bin\debug\net5.0\skillaz.tests.dll" id="c535265b-7057-c768-81c9-175e47789cbb">
      <Execution id="9eb360fe-4f18-4bfa-996b-7340a90e34a3" />
      <TestMethod codeBase="C:\Users\ДмитрийБахтенков\skiz\skillaz-backend\src\Skillaz.Tests\bin\Debug\net5.0\Skillaz.Tests.dll" adapterTypeName="executor://xunit/VsTestRunner2/netcoreapp" className="Skillaz.Tests.Publication.VacancyPublicationRule_feature" name="Vacancy_publication_rule_does_not_publish_vacancy_second_time_when_published_not_from_rule" />
    </UnitTest>
    <UnitTest name="Skillaz.Tests.Reference.FromRegistry_feature.From_registry_correctly_view_model_after_archiving_reference" storage="c:\users\дмитрийбахтенков\skiz\skillaz-backend\src\skillaz.tests\bin\debug\net5.0\skillaz.tests.dll" id="01f0e9b6-7a7f-6c3d-c42c-2c4a03d6e0f0">
      <Execution id="13f0ffd0-fd81-4b70-8436-0808ca23ce86" />
      <TestMethod codeBase="C:\Users\ДмитрийБахтенков\skiz\skillaz-backend\src\Skillaz.Tests\bin\Debug\net5.0\Skillaz.Tests.dll" adapterTypeName="executor://xunit/VsTestRunner2/netcoreapp" className="Skillaz.Tests.Reference.FromRegistry_feature" name="From_registry_correctly_view_model_after_archiving_reference" />
    </UnitTest>
    <UnitTest name="Skillaz.Tests.Mongo.Enums.EnumAttributeTest_feature.Success" storage="c:\users\дмитрийбахтенков\skiz\skillaz-backend\src\skillaz.tests\bin\debug\net5.0\skillaz.tests.dll" id="9d6cfb81-ccaa-739e-8565-ff15bf925b69">
      <Execution id="aa7734f4-3e7b-402d-bd28-81e4af4bdd38" />
      <TestMethod codeBase="C:\Users\ДмитрийБахтенков\skiz\skillaz-backend\src\Skillaz.Tests\bin\Debug\net5.0\Skillaz.Tests.dll" adapterTypeName="executor://xunit/VsTestRunner2/netcoreapp" className="Skillaz.Tests.Mongo.Enums.EnumAttributeTest_feature" name="Success" />
    </UnitTest>
    <UnitTest name="Skillaz.Tests.Candidate.DashboardReports.DashboardReport_feature.FunnelReport_get_by_id" storage="c:\users\дмитрийбахтенков\skiz\skillaz-backend\src\skillaz.tests\bin\debug\net5.0\skillaz.tests.dll" id="1ef41829-7887-369c-6ecb-5723b0e8a99e">
      <Execution id="9a65a395-b8cb-437c-a2f2-71590e5d4527" />
      <TestMethod codeBase="C:\Users\ДмитрийБахтенков\skiz\skillaz-backend\src\Skillaz.Tests\bin\Debug\net5.0\Skillaz.Tests.dll" adapterTypeName="executor://xunit/VsTestRunner2/netcoreapp" className="Skillaz.Tests.Candidate.DashboardReports.DashboardReport_feature" name="FunnelReport_get_by_id" />
    </UnitTest>
    <UnitTest name="Skillaz.Tests.CompanySpecific.X5.X5CandidatesBlockerStore_feature.Should_refuse_candidate_When_candidate_not_refused_and_latest_security_check_not_passed" storage="c:\users\дмитрийбахтенков\skiz\skillaz-backend\src\skillaz.tests\bin\debug\net5.0\skillaz.tests.dll" id="13d75945-5a49-e65d-638d-2203812d93af">
      <Execution id="36bd2cd2-2586-40c3-9b28-7c5e670cb633" />
      <TestMethod codeBase="C:\Users\ДмитрийБахтенков\skiz\skillaz-backend\src\Skillaz.Tests\bin\Debug\net5.0\Skillaz.Tests.dll" adapterTypeName="executor://xunit/VsTestRunner2/netcoreapp" className="Skillaz.Tests.CompanySpecific.X5.X5CandidatesBlockerStore_feature" name="Should_refuse_candidate_When_candidate_not_refused_and_latest_security_check_not_passed" />
    </UnitTest>
    <UnitTest name="Skillaz.Tests.HH.HHApiClient_feature.HH_API_client_fails_to_create_when_account_is_deleted" storage="c:\users\дмитрийбахтенков\skiz\skillaz-backend\src\skillaz.tests\bin\debug\net5.0\skillaz.tests.dll" id="e285c446-0950-1a91-216e-244318e1de5e">
      <Execution id="1437e3ae-af14-435a-b3c9-d827e2da09cc" />
      <TestMethod codeBase="C:\Users\ДмитрийБахтенков\skiz\skillaz-backend\src\Skillaz.Tests\bin\Debug\net5.0\Skillaz.Tests.dll" adapterTypeName="executor://xunit/VsTestRunner2/netcoreapp" className="Skillaz.Tests.HH.HHApiClient_feature" name="HH_API_client_fails_to_create_when_account_is_deleted" />
    </UnitTest>
    <UnitTest name="Skillaz.Tests.CompanySpecific.Decathlon.DecathlonRecruiterSecurityProfile_feature.Getting_allowed_orguits_with_filled_scope" storage="c:\users\дмитрийбахтенков\skiz\skillaz-backend\src\skillaz.tests\bin\debug\net5.0\skillaz.tests.dll" id="1f80fc72-622e-255f-d30a-d736bafe66ea">
      <Execution id="4ed27087-4858-4198-b908-8b59a5a1c468" />
      <TestMethod codeBase="C:\Users\ДмитрийБахтенков\skiz\skillaz-backend\src\Skillaz.Tests\bin\Debug\net5.0\Skillaz.Tests.dll" adapterTypeName="executor://xunit/VsTestRunner2/netcoreapp" className="Skillaz.Tests.CompanySpecific.Decathlon.DecathlonRecruiterSecurityProfile_feature" name="Getting_allowed_orguits_with_filled_scope" />
    </UnitTest>
    <UnitTest name="Для 1 и 2 числа перенос на 16 этого месяца, для 15 и 16 перенос на 2 следующего месяца(dateStrings: [&quot;2020-08-01&quot;, &quot;2020-08-02&quot;, &quot;2020-08-18&quot;])" storage="c:\users\дмитрийбахтенков\skiz\skillaz-backend\src\skillaz.tests\bin\debug\net5.0\skillaz.tests.dll" id="9351685c-db57-f66b-a830-54987a68fe96">
      <Execution id="24b920f0-5307-45a6-b20a-33909492da2f" />
      <TestMethod codeBase="C:\Users\ДмитрийБахтенков\skiz\skillaz-backend\src\Skillaz.Tests\bin\Debug\net5.0\Skillaz.Tests.dll" adapterTypeName="executor://xunit/VsTestRunner2/netcoreapp" className="Skillaz.Tests.CompanySpecific.Sberbank.SberbankHhLeadgenCreationStrategyFeature" name="FindProductionDateForEndDate" />
    </UnitTest>
    <UnitTest name="Skillaz.Tests.Notifications.SmsTemplateBuilderTest.Проверка_парсинга_шаблона_для_sms" storage="c:\users\дмитрийбахтенков\skiz\skillaz-backend\src\skillaz.tests\bin\debug\net5.0\skillaz.tests.dll" id="9101aaa2-825b-6697-3863-43268b8899b9">
      <Execution id="973e64c2-1a7f-411e-8c9f-e18c12e98e12" />
      <TestMethod codeBase="C:\Users\ДмитрийБахтенков\skiz\skillaz-backend\src\Skillaz.Tests\bin\Debug\net5.0\Skillaz.Tests.dll" adapterTypeName="executor://xunit/VsTestRunner2/netcoreapp" className="Skillaz.Tests.Notifications.SmsTemplateBuilderTest" name="Проверка_парсинга_шаблона_для_sms" />
    </UnitTest>
    <UnitTest name="Skillaz.Tests.Configurator.Validation.TaskTracker.Найти_одинаковые_id" storage="c:\users\дмитрийбахтенков\skiz\skillaz-backend\src\skillaz.tests\bin\debug\net5.0\skillaz.tests.dll" id="39180c78-d17a-51a9-6e8c-eab6b3ba0f03">
      <Execution id="29bdc4f8-005a-4074-9ec6-e4366978b9e5" />
      <TestMethod codeBase="C:\Users\ДмитрийБахтенков\skiz\skillaz-backend\src\Skillaz.Tests\bin\Debug\net5.0\Skillaz.Tests.dll" adapterTypeName="executor://xunit/VsTestRunner2/netcoreapp" className="Skillaz.Tests.Configurator.Validation.TaskTracker" name="Найти_одинаковые_id" />
    </UnitTest>
    <UnitTest name="Skillaz.Tests.AsyncEnumerable.AsyncEnumerableTests.First_or_default_works_for_async_enumerable" storage="c:\users\дмитрийбахтенков\skiz\skillaz-backend\src\skillaz.tests\bin\debug\net5.0\skillaz.tests.dll" id="d990c056-19fc-0456-774e-f5c00df92000">
      <Execution id="49e7c5f4-ca80-4b68-be40-78b513769dde" />
      <TestMethod codeBase="C:\Users\ДмитрийБахтенков\skiz\skillaz-backend\src\Skillaz.Tests\bin\Debug\net5.0\Skillaz.Tests.dll" adapterTypeName="executor://xunit/VsTestRunner2/netcoreapp" className="Skillaz.Tests.AsyncEnumerable.AsyncEnumerableTests" name="First_or_default_works_for_async_enumerable" />
    </UnitTest>
    <UnitTest name="Skillaz.Tests.Validators.RegexPatternValidator_feature.Should_return_invalid_result_for_invalid_pattern" storage="c:\users\дмитрийбахтенков\skiz\skillaz-backend\src\skillaz.tests\bin\debug\net5.0\skillaz.tests.dll" id="4c18affd-5000-7ddd-dc31-57470c1b7f99">
      <Execution id="5b4cafb8-07ec-4687-a1d1-b1b5765a8d9c" />
      <TestMethod codeBase="C:\Users\ДмитрийБахтенков\skiz\skillaz-backend\src\Skillaz.Tests\bin\Debug\net5.0\Skillaz.Tests.dll" adapterTypeName="executor://xunit/VsTestRunner2/netcoreapp" className="Skillaz.Tests.Validators.RegexPatternValidator_feature" name="Should_return_invalid_result_for_invalid_pattern" />
    </UnitTest>
    <UnitTest name="Skillaz.Tests.Assessment.Interviews.VideoInterview_thread_feature.Switching_a_video_interview_step" storage="c:\users\дмитрийбахтенков\skiz\skillaz-backend\src\skillaz.tests\bin\debug\net5.0\skillaz.tests.dll" id="267f8d2f-9d7d-b9e7-1688-1f58aa68e10a">
      <Execution id="a5eac802-f35d-4ced-8b84-9d3d8e8b60ed" />
      <TestMethod codeBase="C:\Users\ДмитрийБахтенков\skiz\skillaz-backend\src\Skillaz.Tests\bin\Debug\net5.0\Skillaz.Tests.dll" adapterTypeName="executor://xunit/VsTestRunner2/netcoreapp" className="Skillaz.Tests.Assessment.Interviews.VideoInterview_thread_feature" name="Switching_a_video_interview_step" />
    </UnitTest>
    <UnitTest name="Skillaz.Tests.CompanySpecific.Megafon.MegafonDeduplication_feature.DuplicateByEmailFilterTest" storage="c:\users\дмитрийбахтенков\skiz\skillaz-backend\src\skillaz.tests\bin\debug\net5.0\skillaz.tests.dll" id="3582ba23-c89f-b664-925b-ea83c041aea6">
      <Execution id="66a88d2e-3791-4e41-b7bb-a7bec41b974f" />
      <TestMethod codeBase="C:\Users\ДмитрийБахтенков\skiz\skillaz-backend\src\Skillaz.Tests\bin\Debug\net5.0\Skillaz.Tests.dll" adapterTypeName="executor://xunit/VsTestRunner2/netcoreapp" className="Skillaz.Tests.CompanySpecific.Megafon.MegafonDeduplication_feature" name="DuplicateByEmailFilterTest" />
    </UnitTest>
    <UnitTest name="Skillaz.Tests.HH.HHWebhook_feature.HH_Check_that_not_subscribe_when_link_publication_and_we_are_admin" storage="c:\users\дмитрийбахтенков\skiz\skillaz-backend\src\skillaz.tests\bin\debug\net5.0\skillaz.tests.dll" id="65c2b00a-bbdc-9a5b-b491-679018a43b18">
      <Execution id="393abcb4-3619-4af3-91da-bbc3d26b7773" />
      <TestMethod codeBase="C:\Users\ДмитрийБахтенков\skiz\skillaz-backend\src\Skillaz.Tests\bin\Debug\net5.0\Skillaz.Tests.dll" adapterTypeName="executor://xunit/VsTestRunner2/netcoreapp" className="Skillaz.Tests.HH.HHWebhook_feature" name="HH_Check_that_not_subscribe_when_link_publication_and_we_are_admin" />
    </UnitTest>
    <UnitTest name="Skillaz.Tests.Configurator.SecurityProfile.ConfiguratorSecurityProfileRequest_feature.Request_is_available_to_user_by_extra_data_field" storage="c:\users\дмитрийбахтенков\skiz\skillaz-backend\src\skillaz.tests\bin\debug\net5.0\skillaz.tests.dll" id="b86558cc-1b48-6644-c817-e88e276a491f">
      <Execution id="00a642bc-0d84-4877-8082-7616bd92a4bb" />
      <TestMethod codeBase="C:\Users\ДмитрийБахтенков\skiz\skillaz-backend\src\Skillaz.Tests\bin\Debug\net5.0\Skillaz.Tests.dll" adapterTypeName="executor://xunit/VsTestRunner2/netcoreapp" className="Skillaz.Tests.Configurator.SecurityProfile.ConfiguratorSecurityProfileRequest_feature" name="Request_is_available_to_user_by_extra_data_field" />
    </UnitTest>
    <UnitTest name="Skillaz.Tests.CompanySpecific.X5.X5Deduplication_feature.By_fullname_and_birth_date_when_candidate_is_secret_applicant" storage="c:\users\дмитрийбахтенков\skiz\skillaz-backend\src\skillaz.tests\bin\debug\net5.0\skillaz.tests.dll" id="c1a40653-a6bb-6e93-417f-0f6831efd182">
      <Execution id="ac6273dc-e779-428e-bd17-a9484fc51689" />
      <TestMethod codeBase="C:\Users\ДмитрийБахтенков\skiz\skillaz-backend\src\Skillaz.Tests\bin\Debug\net5.0\Skillaz.Tests.dll" adapterTypeName="executor://xunit/VsTestRunner2/netcoreapp" className="Skillaz.Tests.CompanySpecific.X5.X5Deduplication_feature" name="By_fullname_and_birth_date_when_candidate_is_secret_applicant" />
    </UnitTest>
    <UnitTest name="Skillaz.Tests.Publication.VacancyPublicationRule_feature.Vacancy_publication_rule_works_for_hh_and_requests" storage="c:\users\дмитрийбахтенков\skiz\skillaz-backend\src\skillaz.tests\bin\debug\net5.0\skillaz.tests.dll" id="62687f93-d2e4-2ead-56f5-a952102e794a">
      <Execution id="4242f31f-9d77-415f-8c8d-0a5f9830e5fc" />
      <TestMethod codeBase="C:\Users\ДмитрийБахтенков\skiz\skillaz-backend\src\Skillaz.Tests\bin\Debug\net5.0\Skillaz.Tests.dll" adapterTypeName="executor://xunit/VsTestRunner2/netcoreapp" className="Skillaz.Tests.Publication.VacancyPublicationRule_feature" name="Vacancy_publication_rule_works_for_hh_and_requests" />
    </UnitTest>
    <UnitTest name="Skillaz.Tests.Configurator.ConfiguratorEditorApiReorderingRowTests.Строки_в_редакторе_конфигуратора_можно_переставлять" storage="c:\users\дмитрийбахтенков\skiz\skillaz-backend\src\skillaz.tests\bin\debug\net5.0\skillaz.tests.dll" id="923f641c-f972-2103-dac9-6a64c5950a95">
      <Execution id="3c9fca43-3199-48bc-a02f-e4912dfee5e3" />
      <TestMethod codeBase="C:\Users\ДмитрийБахтенков\skiz\skillaz-backend\src\Skillaz.Tests\bin\Debug\net5.0\Skillaz.Tests.dll" adapterTypeName="executor://xunit/VsTestRunner2/netcoreapp" className="Skillaz.Tests.Configurator.ConfiguratorEditorApiReorderingRowTests" name="Строки_в_редакторе_конфигуратора_можно_переставлять" />
    </UnitTest>
    <UnitTest name="Skillaz.Tests.Candidate.Appointments.SetAppointmentOnStatusChange_feature.Change_candidate_status_and_create_another_appointment_from_enter_form" storage="c:\users\дмитрийбахтенков\skiz\skillaz-backend\src\skillaz.tests\bin\debug\net5.0\skillaz.tests.dll" id="37af2b6a-f2d3-27de-c92c-275ed3b80c52">
      <Execution id="261ecb34-83ad-4aec-86c8-12cf9e1fccb6" />
      <TestMethod codeBase="C:\Users\ДмитрийБахтенков\skiz\skillaz-backend\src\Skillaz.Tests\bin\Debug\net5.0\Skillaz.Tests.dll" adapterTypeName="executor://xunit/VsTestRunner2/netcoreapp" className="Skillaz.Tests.Candidate.Appointments.SetAppointmentOnStatusChange_feature" name="Change_candidate_status_and_create_another_appointment_from_enter_form" />
    </UnitTest>
    <UnitTest name="Skillaz.Tests.DocumentModels.DocumentModel_SettingPreviewUrlForAttachments.Check_than_preview_url_set_in_attachment_for_edit_model_single_attach_in_implicit_field" storage="c:\users\дмитрийбахтенков\skiz\skillaz-backend\src\skillaz.tests\bin\debug\net5.0\skillaz.tests.dll" id="e83c654e-eec8-cfcc-ea19-74227b0e2bb3">
      <Execution id="0ed6fe81-7870-483c-82a2-628df8620a31" />
      <TestMethod codeBase="C:\Users\ДмитрийБахтенков\skiz\skillaz-backend\src\Skillaz.Tests\bin\Debug\net5.0\Skillaz.Tests.dll" adapterTypeName="executor://xunit/VsTestRunner2/netcoreapp" className="Skillaz.Tests.DocumentModels.DocumentModel_SettingPreviewUrlForAttachments" name="Check_than_preview_url_set_in_attachment_for_edit_model_single_attach_in_implicit_field" />
    </UnitTest>
    <UnitTest name="Skillaz.Tests.CompanySpecific.Magnit.MagnitIntegrationISMonitor_feature.CreateVerify_Error" storage="c:\users\дмитрийбахтенков\skiz\skillaz-backend\src\skillaz.tests\bin\debug\net5.0\skillaz.tests.dll" id="3fb4f869-a0aa-2653-85d0-dd6d4fe522f3">
      <Execution id="5390daa2-4776-4987-8f94-5e7fbf300159" />
      <TestMethod codeBase="C:\Users\ДмитрийБахтенков\skiz\skillaz-backend\src\Skillaz.Tests\bin\Debug\net5.0\Skillaz.Tests.dll" adapterTypeName="executor://xunit/VsTestRunner2/netcoreapp" className="Skillaz.Tests.CompanySpecific.Magnit.MagnitIntegrationISMonitor_feature" name="CreateVerify_Error" />
    </UnitTest>
    <UnitTest name="Skillaz.Tests.DocumentModels.DocumentModelFilterFromProfile_feature.FilterFromProfileAndFromPosition" storage="c:\users\дмитрийбахтенков\skiz\skillaz-backend\src\skillaz.tests\bin\debug\net5.0\skillaz.tests.dll" id="0c939551-4a30-7d9e-bd21-c30d877c2cd6">
      <Execution id="d5fd3b1a-0c17-42e1-9aa6-5699911b9820" />
      <TestMethod codeBase="C:\Users\ДмитрийБахтенков\skiz\skillaz-backend\src\Skillaz.Tests\bin\Debug\net5.0\Skillaz.Tests.dll" adapterTypeName="executor://xunit/VsTestRunner2/netcoreapp" className="Skillaz.Tests.DocumentModels.DocumentModelFilterFromProfile_feature" name="FilterFromProfileAndFromPosition" />
    </UnitTest>
    <UnitTest name="Skillaz.Tests.Configurator.Deduplication.TransferToAnotherVacancy.Создать_дубликат_кандидата" storage="c:\users\дмитрийбахтенков\skiz\skillaz-backend\src\skillaz.tests\bin\debug\net5.0\skillaz.tests.dll" id="700ea21d-7baf-501a-6020-80bbf40a0d33">
      <Execution id="a76aa20e-b2c6-4e41-9bda-f04003575786" />
      <TestMethod codeBase="C:\Users\ДмитрийБахтенков\skiz\skillaz-backend\src\Skillaz.Tests\bin\Debug\net5.0\Skillaz.Tests.dll" adapterTypeName="executor://xunit/VsTestRunner2/netcoreapp" className="Skillaz.Tests.Configurator.Deduplication.TransferToAnotherVacancy" name="Создать_дубликат_кандидата" />
    </UnitTest>
    <UnitTest name="Should create &amp; list questionnairies" storage="c:\users\дмитрийбахтенков\skiz\skillaz-backend\src\skillaz.tests\bin\debug\net5.0\skillaz.tests.dll" id="fa6ddbf2-f2b2-4306-0398-b5d1df1ce037">
      <Execution id="33b0b033-992d-460c-9aaa-a0237473e300" />
      <TestMethod codeBase="C:\Users\ДмитрийБахтенков\skiz\skillaz-backend\src\Skillaz.Tests\bin\Debug\net5.0\Skillaz.Tests.dll" adapterTypeName="executor://xunit/VsTestRunner2/netcoreapp" className="Skillaz.Tests.HH.Assessment.HHAssessmentFeature" name="QuestionnaireList" />
    </UnitTest>
    <UnitTest name="Skillaz.Tests.CompanySpecific.Perekrestok.PerekrestokRequestPriority_feature.Calculation_request_priority(supermarketType: &quot;Закрытый супермаркет&quot;, requestVl: 100, employmentCandidateCount: 0, employmentFinishedCandidateCount: 0, interviewCandidateCount: 0, requestPriority: Unknown)" storage="c:\users\дмитрийбахтенков\skiz\skillaz-backend\src\skillaz.tests\bin\debug\net5.0\skillaz.tests.dll" id="fa80c8bf-0e1d-5f58-fd60-aa2f91bf5800">
      <Execution id="fd3aecb3-0d5b-4ba5-bc56-7fef52bdfe37" />
      <TestMethod codeBase="C:\Users\ДмитрийБахтенков\skiz\skillaz-backend\src\Skillaz.Tests\bin\Debug\net5.0\Skillaz.Tests.dll" adapterTypeName="executor://xunit/VsTestRunner2/netcoreapp" className="Skillaz.Tests.CompanySpecific.Perekrestok.PerekrestokRequestPriority_feature" name="Calculation_request_priority" />
    </UnitTest>
    <UnitTest name="Skillaz.Tests.Candidate.CandidateVacancyHistory_feature.Созданный_кандидат_должен_содержать_историю_вакансий_с_текущей_вакансией" storage="c:\users\дмитрийбахтенков\skiz\skillaz-backend\src\skillaz.tests\bin\debug\net5.0\skillaz.tests.dll" id="20bd4782-b49a-3bb8-2e58-f6d4aab25b46">
      <Execution id="3d247a1b-873d-451a-a62a-e4f5f47a2bd2" />
      <TestMethod codeBase="C:\Users\ДмитрийБахтенков\skiz\skillaz-backend\src\Skillaz.Tests\bin\Debug\net5.0\Skillaz.Tests.dll" adapterTypeName="executor://xunit/VsTestRunner2/netcoreapp" className="Skillaz.Tests.Candidate.CandidateVacancyHistory_feature" name="Созданный_кандидат_должен_содержать_историю_вакансий_с_текущей_вакансией" />
    </UnitTest>
    <UnitTest name="Skillaz.Tests.Assessment.Questionnaires.HomeworkQuestionnaire_feature.Copy_a_questionnaire" storage="c:\users\дмитрийбахтенков\skiz\skillaz-backend\src\skillaz.tests\bin\debug\net5.0\skillaz.tests.dll" id="95e3bd1b-2d66-1459-8774-ae6a646a223b">
      <Execution id="d0805fae-261e-4400-8f05-8da1021b0d13" />
      <TestMethod codeBase="C:\Users\ДмитрийБахтенков\skiz\skillaz-backend\src\Skillaz.Tests\bin\Debug\net5.0\Skillaz.Tests.dll" adapterTypeName="executor://xunit/VsTestRunner2/netcoreapp" className="Skillaz.Tests.Assessment.Questionnaires.HomeworkQuestionnaire_feature" name="Copy_a_questionnaire" />
    </UnitTest>
    <UnitTest name="Skillaz.Tests.Authorization.AuthLoginWorkflowService_Login_feature.Do_incorrect_login_by_username_with_no_attempts_left_expects_ban" storage="c:\users\дмитрийбахтенков\skiz\skillaz-backend\src\skillaz.tests\bin\debug\net5.0\skillaz.tests.dll" id="cb38e228-a979-bf4e-be0b-244890bbcddb">
      <Execution id="d40fcd51-3eee-4545-aaef-b5d26a15e702" />
      <TestMethod codeBase="C:\Users\ДмитрийБахтенков\skiz\skillaz-backend\src\Skillaz.Tests\bin\Debug\net5.0\Skillaz.Tests.dll" adapterTypeName="executor://xunit/VsTestRunner2/netcoreapp" className="Skillaz.Tests.Authorization.AuthLoginWorkflowService_Login_feature" name="Do_incorrect_login_by_username_with_no_attempts_left_expects_ban" />
    </UnitTest>
    <UnitTest name="Skillaz.Tests.Assessment.Questionnaires.TalentQQuestionnaire_feature.Getting_a_questionnaire" storage="c:\users\дмитрийбахтенков\skiz\skillaz-backend\src\skillaz.tests\bin\debug\net5.0\skillaz.tests.dll" id="61c3d6f9-5d78-df6a-5eaa-9bb3522e90a6">
      <Execution id="4bcc1255-0741-4395-a647-8aaf42692c62" />
      <TestMethod codeBase="C:\Users\ДмитрийБахтенков\skiz\skillaz-backend\src\Skillaz.Tests\bin\Debug\net5.0\Skillaz.Tests.dll" adapterTypeName="executor://xunit/VsTestRunner2/netcoreapp" className="Skillaz.Tests.Assessment.Questionnaires.TalentQQuestionnaire_feature" name="Getting_a_questionnaire" />
    </UnitTest>
    <UnitTest name="Skillaz.Tests.OpenApi.CandidateProfileApi.FilterCandidateProfile_feature.Candidate_profile_filter_multiple_results" storage="c:\users\дмитрийбахтенков\skiz\skillaz-backend\src\skillaz.tests\bin\debug\net5.0\skillaz.tests.dll" id="02442abc-8584-48b9-9b1c-95ed51e85b39">
      <Execution id="4e57a3a4-f802-427e-8255-06cd84902df4" />
      <TestMethod codeBase="C:\Users\ДмитрийБахтенков\skiz\skillaz-backend\src\Skillaz.Tests\bin\Debug\net5.0\Skillaz.Tests.dll" adapterTypeName="executor://xunit/VsTestRunner2/netcoreapp" className="Skillaz.Tests.OpenApi.CandidateProfileApi.FilterCandidateProfile_feature" name="Candidate_profile_filter_multiple_results" />
    </UnitTest>
    <UnitTest name="Skillaz.Tests.TaskTracker.TaskVacancyFilter_feature.Task_is_not_created_if_vacancy_is_not_matched_by_vacancy_filter_loaded_from_configuration" storage="c:\users\дмитрийбахтенков\skiz\skillaz-backend\src\skillaz.tests\bin\debug\net5.0\skillaz.tests.dll" id="f978b6ed-2a41-d2df-7792-e9aeb9169494">
      <Execution id="1a9c17aa-55a9-46f6-8fa1-3b685f11f85a" />
      <TestMethod codeBase="C:\Users\ДмитрийБахтенков\skiz\skillaz-backend\src\Skillaz.Tests\bin\Debug\net5.0\Skillaz.Tests.dll" adapterTypeName="executor://xunit/VsTestRunner2/netcoreapp" className="Skillaz.Tests.TaskTracker.TaskVacancyFilter_feature" name="Task_is_not_created_if_vacancy_is_not_matched_by_vacancy_filter_loaded_from_configuration" />
    </UnitTest>
    <UnitTest name="Skillaz.Tests.Configurator.Deduplication.UpdateCandidateByRuleTest.Check_Action_AddComment" storage="c:\users\дмитрийбахтенков\skiz\skillaz-backend\src\skillaz.tests\bin\debug\net5.0\skillaz.tests.dll" id="69b7035e-3c94-00ee-fe41-5bfe4a4a5267">
      <Execution id="026df0a7-12af-439e-aadc-73d304d21f0f" />
      <TestMethod codeBase="C:\Users\ДмитрийБахтенков\skiz\skillaz-backend\src\Skillaz.Tests\bin\Debug\net5.0\Skillaz.Tests.dll" adapterTypeName="executor://xunit/VsTestRunner2/netcoreapp" className="Skillaz.Tests.Configurator.Deduplication.UpdateCandidateByRuleTest" name="Check_Action_AddComment" />
    </UnitTest>
    <UnitTest name="Skillaz.Tests.Configurator.Deduplication.UpdateCandidateByRuleTest.Check_Action_Notifications" storage="c:\users\дмитрийбахтенков\skiz\skillaz-backend\src\skillaz.tests\bin\debug\net5.0\skillaz.tests.dll" id="464266a4-a6bd-5a86-e6ca-6e956ba0703a">
      <Execution id="d6f373ff-babf-4eb4-a578-4466d479df90" />
      <TestMethod codeBase="C:\Users\ДмитрийБахтенков\skiz\skillaz-backend\src\Skillaz.Tests\bin\Debug\net5.0\Skillaz.Tests.dll" adapterTypeName="executor://xunit/VsTestRunner2/netcoreapp" className="Skillaz.Tests.Configurator.Deduplication.UpdateCandidateByRuleTest" name="Check_Action_Notifications" />
    </UnitTest>
    <UnitTest name="Skillaz.Tests.CompanySpecific.Sberbank.SberPositionsTests.SberPositionCommand_should_work_as_expected(vacancyName: &quot;Клиентский менеджер малый&quot;, expectedPositionId: &quot;client_manger_sber_mmb&quot;)" storage="c:\users\дмитрийбахтенков\skiz\skillaz-backend\src\skillaz.tests\bin\debug\net5.0\skillaz.tests.dll" id="10e3333a-c1c3-4da9-3b65-a7586c1742b0">
      <Execution id="a12ac2d0-8a8a-4213-b649-6c0955baeb0b" />
      <TestMethod codeBase="C:\Users\ДмитрийБахтенков\skiz\skillaz-backend\src\Skillaz.Tests\bin\Debug\net5.0\Skillaz.Tests.dll" adapterTypeName="executor://xunit/VsTestRunner2/netcoreapp" className="Skillaz.Tests.CompanySpecific.Sberbank.SberPositionsTests" name="SberPositionCommand_should_work_as_expected" />
    </UnitTest>
    <UnitTest name="Skillaz.Tests.Telephony.CallList_ExtendFilter_feature.CheckSimpleFilterExcludeOr" storage="c:\users\дмитрийбахтенков\skiz\skillaz-backend\src\skillaz.tests\bin\debug\net5.0\skillaz.tests.dll" id="1ea7760d-0855-7518-f182-269f579ec795">
      <Execution id="1ba334b8-ce68-423d-94a5-d5a334eba16b" />
      <TestMethod codeBase="C:\Users\ДмитрийБахтенков\skiz\skillaz-backend\src\Skillaz.Tests\bin\Debug\net5.0\Skillaz.Tests.dll" adapterTypeName="executor://xunit/VsTestRunner2/netcoreapp" className="Skillaz.Tests.Telephony.CallList_ExtendFilter_feature" name="CheckSimpleFilterExcludeOr" />
    </UnitTest>
    <UnitTest name="Skillaz.Tests.Configurator.DocumentModel.FromRegistryFeature.Check_FromRegistry_fields_filled_with_refId" storage="c:\users\дмитрийбахтенков\skiz\skillaz-backend\src\skillaz.tests\bin\debug\net5.0\skillaz.tests.dll" id="0bf1e475-a97b-b9f5-4fc5-01d1858583f2">
      <Execution id="20fa6738-cf03-42c6-9b0b-ee1294a5ca26" />
      <TestMethod codeBase="C:\Users\ДмитрийБахтенков\skiz\skillaz-backend\src\Skillaz.Tests\bin\Debug\net5.0\Skillaz.Tests.dll" adapterTypeName="executor://xunit/VsTestRunner2/netcoreapp" className="Skillaz.Tests.Configurator.DocumentModel.FromRegistryFeature" name="Check_FromRegistry_fields_filled_with_refId" />
    </UnitTest>
    <UnitTest name="Skillaz.Tests.Telephony.MightyCall_callbacks_feature.Saving_callback_after_sync_Request_out_of_MC_calllist" storage="c:\users\дмитрийбахтенков\skiz\skillaz-backend\src\skillaz.tests\bin\debug\net5.0\skillaz.tests.dll" id="8227de8d-7583-3a2f-2111-ed652edd707a">
      <Execution id="37e22da3-bcd2-4552-8403-0a5eb65fe7b6" />
      <TestMethod codeBase="C:\Users\ДмитрийБахтенков\skiz\skillaz-backend\src\Skillaz.Tests\bin\Debug\net5.0\Skillaz.Tests.dll" adapterTypeName="executor://xunit/VsTestRunner2/netcoreapp" className="Skillaz.Tests.Telephony.MightyCall_callbacks_feature" name="Saving_callback_after_sync_Request_out_of_MC_calllist" />
    </UnitTest>
    <UnitTest name="Skillaz.Tests.ApiUser.ApiUser_feature.Api_user_can_not_access_candidate_from_the_other_company" storage="c:\users\дмитрийбахтенков\skiz\skillaz-backend\src\skillaz.tests\bin\debug\net5.0\skillaz.tests.dll" id="694c480e-2bed-c18c-b5db-fa2e622e6d24">
      <Execution id="6e579392-a678-47fc-b37e-17f6ba900f2d" />
      <TestMethod codeBase="C:\Users\ДмитрийБахтенков\skiz\skillaz-backend\src\Skillaz.Tests\bin\Debug\net5.0\Skillaz.Tests.dll" adapterTypeName="executor://xunit/VsTestRunner2/netcoreapp" className="Skillaz.Tests.ApiUser.ApiUser_feature" name="Api_user_can_not_access_candidate_from_the_other_company" />
    </UnitTest>
    <UnitTest name="Skillaz.Tests.Telephony.CallList_RatingFilter_feature.CandidateFilterRatingFrom10" storage="c:\users\дмитрийбахтенков\skiz\skillaz-backend\src\skillaz.tests\bin\debug\net5.0\skillaz.tests.dll" id="98c21cb0-09f7-2d25-30ed-0e9aec23e48a">
      <Execution id="852c92be-9075-43b6-95e5-3a2f13b06ca3" />
      <TestMethod codeBase="C:\Users\ДмитрийБахтенков\skiz\skillaz-backend\src\Skillaz.Tests\bin\Debug\net5.0\Skillaz.Tests.dll" adapterTypeName="executor://xunit/VsTestRunner2/netcoreapp" className="Skillaz.Tests.Telephony.CallList_RatingFilter_feature" name="CandidateFilterRatingFrom10" />
    </UnitTest>
    <UnitTest name="Skillaz.Tests.CompanySpecific.Rosatom.RosatomCandidateWorkflowTriggers_feature.Job_offer_state_changed(toCandidateStatusId: &quot;JobOfferIntegrationChange&quot;, triggerType: typeof(Skillaz.ClientConfiguration.Rosatom.WorkflowTriggers.CandidateStatusChangeToJobOfferIntegrationChange))" storage="c:\users\дмитрийбахтенков\skiz\skillaz-backend\src\skillaz.tests\bin\debug\net5.0\skillaz.tests.dll" id="d77787b4-2317-1501-ec57-8c2cd08c1145">
      <Execution id="f292fef0-f165-488e-bb35-18462226c808" />
      <TestMethod codeBase="C:\Users\ДмитрийБахтенков\skiz\skillaz-backend\src\Skillaz.Tests\bin\Debug\net5.0\Skillaz.Tests.dll" adapterTypeName="executor://xunit/VsTestRunner2/netcoreapp" className="Skillaz.Tests.CompanySpecific.Rosatom.RosatomCandidateWorkflowTriggers_feature" name="Job_offer_state_changed" />
    </UnitTest>
    <UnitTest name="Skillaz.Tests.CompanySpecific.Mvideo.MvideoOpenApiSapAvaliablePositionsHireNeedBatchRequest_feature.CheckAvaliablePositionsInHireNeedAfterOpenApiRequest_RequestsNustBeInWork" storage="c:\users\дмитрийбахтенков\skiz\skillaz-backend\src\skillaz.tests\bin\debug\net5.0\skillaz.tests.dll" id="fc816dc0-d2e7-a118-72b1-e30b55bda7fd">
      <Execution id="661f06f5-e7b1-4f39-af20-1829d74659a8" />
      <TestMethod codeBase="C:\Users\ДмитрийБахтенков\skiz\skillaz-backend\src\Skillaz.Tests\bin\Debug\net5.0\Skillaz.Tests.dll" adapterTypeName="executor://xunit/VsTestRunner2/netcoreapp" className="Skillaz.Tests.CompanySpecific.Mvideo.MvideoOpenApiSapAvaliablePositionsHireNeedBatchRequest_feature" name="CheckAvaliablePositionsInHireNeedAfterOpenApiRequest_RequestsNustBeInWork" />
    </UnitTest>
    <UnitTest name="Skillaz.Tests.Assessment.Interviews.SelfEntryInterview_feature.Set_answer_a_self_entry_interview_by_request" storage="c:\users\дмитрийбахтенков\skiz\skillaz-backend\src\skillaz.tests\bin\debug\net5.0\skillaz.tests.dll" id="6f8f1d88-4e7f-f07a-b8bc-feec54f71c6d">
      <Execution id="69bec2ad-ca05-4fdd-88a5-a5cd57a47d17" />
      <TestMethod codeBase="C:\Users\ДмитрийБахтенков\skiz\skillaz-backend\src\Skillaz.Tests\bin\Debug\net5.0\Skillaz.Tests.dll" adapterTypeName="executor://xunit/VsTestRunner2/netcoreapp" className="Skillaz.Tests.Assessment.Interviews.SelfEntryInterview_feature" name="Set_answer_a_self_entry_interview_by_request" />
    </UnitTest>
    <UnitTest name="Skillaz.Tests.Configurator.WorkflowEngine.ConfiguratorWorkflowEngine_check_rules.Check_user_role_available" storage="c:\users\дмитрийбахтенков\skiz\skillaz-backend\src\skillaz.tests\bin\debug\net5.0\skillaz.tests.dll" id="2b7a85a7-e32f-1e23-9ce3-7bbb7fd7bbf0">
      <Execution id="5509be2f-3c1d-4dad-8e7c-498096d6c3e6" />
      <TestMethod codeBase="C:\Users\ДмитрийБахтенков\skiz\skillaz-backend\src\Skillaz.Tests\bin\Debug\net5.0\Skillaz.Tests.dll" adapterTypeName="executor://xunit/VsTestRunner2/netcoreapp" className="Skillaz.Tests.Configurator.WorkflowEngine.ConfiguratorWorkflowEngine_check_rules" name="Check_user_role_available" />
    </UnitTest>
    <UnitTest name="Skillaz.Tests.Candidate.Elastic.CandidateElasticFiltration_feature.Retrieving_candidates_by_history_statuses" storage="c:\users\дмитрийбахтенков\skiz\skillaz-backend\src\skillaz.tests\bin\debug\net5.0\skillaz.tests.dll" id="36f5ab0c-0151-c554-04b8-9780614564e2">
      <Execution id="5f649b37-f4d0-4da1-b8c0-42fd099f4463" />
      <TestMethod codeBase="C:\Users\ДмитрийБахтенков\skiz\skillaz-backend\src\Skillaz.Tests\bin\Debug\net5.0\Skillaz.Tests.dll" adapterTypeName="executor://xunit/VsTestRunner2/netcoreapp" className="Skillaz.Tests.Candidate.Elastic.CandidateElasticFiltration_feature" name="Retrieving_candidates_by_history_statuses" />
    </UnitTest>
    <UnitTest name="Skillaz.Tests.HH.HHNegotiations_feature.No_negotiations_are_loaded_when_vacancy_has_no_negotiations" storage="c:\users\дмитрийбахтенков\skiz\skillaz-backend\src\skillaz.tests\bin\debug\net5.0\skillaz.tests.dll" id="af406d81-16a6-f3b5-6b6f-f2fc26ed6aae">
      <Execution id="89744b71-c494-42f4-a870-1cf2f41961e6" />
      <TestMethod codeBase="C:\Users\ДмитрийБахтенков\skiz\skillaz-backend\src\Skillaz.Tests\bin\Debug\net5.0\Skillaz.Tests.dll" adapterTypeName="executor://xunit/VsTestRunner2/netcoreapp" className="Skillaz.Tests.HH.HHNegotiations_feature" name="No_negotiations_are_loaded_when_vacancy_has_no_negotiations" />
    </UnitTest>
    <UnitTest name="Skillaz.Tests.Candidate.Elastic.CandidateElasticFiltration_feature.Retrieving_a_candidate_by_check_statuses" storage="c:\users\дмитрийбахтенков\skiz\skillaz-backend\src\skillaz.tests\bin\debug\net5.0\skillaz.tests.dll" id="5bad804a-e97e-5013-d321-cdb4925012cf">
      <Execution id="48a64844-bd09-4faf-903d-a5d77f410604" />
      <TestMethod codeBase="C:\Users\ДмитрийБахтенков\skiz\skillaz-backend\src\Skillaz.Tests\bin\Debug\net5.0\Skillaz.Tests.dll" adapterTypeName="executor://xunit/VsTestRunner2/netcoreapp" className="Skillaz.Tests.Candidate.Elastic.CandidateElasticFiltration_feature" name="Retrieving_a_candidate_by_check_statuses" />
    </UnitTest>
    <UnitTest name="Skillaz.Tests.Telephony.CallList_RatingFilter_feature.CandidateFilterRatingEq5" storage="c:\users\дмитрийбахтенков\skiz\skillaz-backend\src\skillaz.tests\bin\debug\net5.0\skillaz.tests.dll" id="72dafc85-360d-ee07-5fdc-c713524692c5">
      <Execution id="a75d0fff-35b8-46bc-9e06-128844ec68de" />
      <TestMethod codeBase="C:\Users\ДмитрийБахтенков\skiz\skillaz-backend\src\Skillaz.Tests\bin\Debug\net5.0\Skillaz.Tests.dll" adapterTypeName="executor://xunit/VsTestRunner2/netcoreapp" className="Skillaz.Tests.Telephony.CallList_RatingFilter_feature" name="CandidateFilterRatingEq5" />
    </UnitTest>
    <UnitTest name="Skillaz.Tests.Candidate.FromForm.CreateFromForm_feature.Candidate_update_source_type" storage="c:\users\дмитрийбахтенков\skiz\skillaz-backend\src\skillaz.tests\bin\debug\net5.0\skillaz.tests.dll" id="c8fbba19-e48a-d5d2-6116-31938e41f352">
      <Execution id="6cef7ebe-b770-4a6b-b613-e86d38c06a79" />
      <TestMethod codeBase="C:\Users\ДмитрийБахтенков\skiz\skillaz-backend\src\Skillaz.Tests\bin\Debug\net5.0\Skillaz.Tests.dll" adapterTypeName="executor://xunit/VsTestRunner2/netcoreapp" className="Skillaz.Tests.Candidate.FromForm.CreateFromForm_feature" name="Candidate_update_source_type" />
    </UnitTest>
    <UnitTest name="Skillaz.Tests.Configurator.Deduplication.FindRuleTest.Verify_rule_not_found_if_no_response_type" storage="c:\users\дмитрийбахтенков\skiz\skillaz-backend\src\skillaz.tests\bin\debug\net5.0\skillaz.tests.dll" id="27a6973a-36fe-7bde-51ff-894e890b0c8a">
      <Execution id="a5bf3142-8b7a-4d86-a055-7aa699cf434d" />
      <TestMethod codeBase="C:\Users\ДмитрийБахтенков\skiz\skillaz-backend\src\Skillaz.Tests\bin\Debug\net5.0\Skillaz.Tests.dll" adapterTypeName="executor://xunit/VsTestRunner2/netcoreapp" className="Skillaz.Tests.Configurator.Deduplication.FindRuleTest" name="Verify_rule_not_found_if_no_response_type" />
    </UnitTest>
    <UnitTest name="Skillaz.Tests.Assessment.Interviews.AudioInterview_feature.Switching_an_interview_question" storage="c:\users\дмитрийбахтенков\skiz\skillaz-backend\src\skillaz.tests\bin\debug\net5.0\skillaz.tests.dll" id="eba6c72b-c54f-dedb-685c-52226cbba187">
      <Execution id="66cc2cce-4bd9-472e-bf76-4ab778bc9ace" />
      <TestMethod codeBase="C:\Users\ДмитрийБахтенков\skiz\skillaz-backend\src\Skillaz.Tests\bin\Debug\net5.0\Skillaz.Tests.dll" adapterTypeName="executor://xunit/VsTestRunner2/netcoreapp" className="Skillaz.Tests.Assessment.Interviews.AudioInterview_feature" name="Switching_an_interview_question" />
    </UnitTest>
    <UnitTest name="Skillaz.Tests.CompanySpecific.GazpromNeft.GazpromImportBlueReport_feature.Attempt_publication_for_vacancy_where_position_count_greater_than_zero" storage="c:\users\дмитрийбахтенков\skiz\skillaz-backend\src\skillaz.tests\bin\debug\net5.0\skillaz.tests.dll" id="bc6693b4-494e-b029-861d-2efd4a6e7ca5">
      <Execution id="242ec7d5-dfb4-4248-af6f-90d4356eac20" />
      <TestMethod codeBase="C:\Users\ДмитрийБахтенков\skiz\skillaz-backend\src\Skillaz.Tests\bin\Debug\net5.0\Skillaz.Tests.dll" adapterTypeName="executor://xunit/VsTestRunner2/netcoreapp" className="Skillaz.Tests.CompanySpecific.GazpromNeft.GazpromImportBlueReport_feature" name="Attempt_publication_for_vacancy_where_position_count_greater_than_zero" />
    </UnitTest>
    <UnitTest name="Skillaz.Tests.Request.X5.X5GetRequestListCommand_feature.If_candidate_is_female_and_request_for_males_it_should_not_exist_in_result" storage="c:\users\дмитрийбахтенков\skiz\skillaz-backend\src\skillaz.tests\bin\debug\net5.0\skillaz.tests.dll" id="3cc305a1-245f-8d29-6fbc-5cf113a59872">
      <Execution id="eec54328-3208-453c-bb73-06209bbf55ae" />
      <TestMethod codeBase="C:\Users\ДмитрийБахтенков\skiz\skillaz-backend\src\Skillaz.Tests\bin\Debug\net5.0\Skillaz.Tests.dll" adapterTypeName="executor://xunit/VsTestRunner2/netcoreapp" className="Skillaz.Tests.Request.X5.X5GetRequestListCommand_feature" name="If_candidate_is_female_and_request_for_males_it_should_not_exist_in_result" />
    </UnitTest>
    <UnitTest name="Skillaz.Tests.CompanySpecific.Mvideo.MvideoOpenApiBatchRequest_feature.Обновляет_пользователей_Директор_магазина_у_которых_права_на_несколько_магазинов_должны_остаться_прежние_права_и_роль_Директор_Магазина" storage="c:\users\дмитрийбахтенков\skiz\skillaz-backend\src\skillaz.tests\bin\debug\net5.0\skillaz.tests.dll" id="bec36f0a-693d-f936-d980-0693052ae868">
      <Execution id="661c8b0f-d743-4bfc-81c7-5a87615d500e" />
      <TestMethod codeBase="C:\Users\ДмитрийБахтенков\skiz\skillaz-backend\src\Skillaz.Tests\bin\Debug\net5.0\Skillaz.Tests.dll" adapterTypeName="executor://xunit/VsTestRunner2/netcoreapp" className="Skillaz.Tests.CompanySpecific.Mvideo.MvideoOpenApiBatchRequest_feature" name="Обновляет_пользователей_Директор_магазина_у_которых_права_на_несколько_магазинов_должны_остаться_прежние_права_и_роль_Директор_Магазина" />
    </UnitTest>
    <UnitTest name="Skillaz.Tests.DocumentModels.LegacyVacancyDocuments.LegacyVacancyDocumentWhereAnd_feature.GetActiveIdsEqualGetIds" storage="c:\users\дмитрийбахтенков\skiz\skillaz-backend\src\skillaz.tests\bin\debug\net5.0\skillaz.tests.dll" id="7d4d8109-c40a-593d-7d08-b34464dcac72">
      <Execution id="7452a691-d785-4c5f-8d63-16a6476bde2b" />
      <TestMethod codeBase="C:\Users\ДмитрийБахтенков\skiz\skillaz-backend\src\Skillaz.Tests\bin\Debug\net5.0\Skillaz.Tests.dll" adapterTypeName="executor://xunit/VsTestRunner2/netcoreapp" className="Skillaz.Tests.DocumentModels.LegacyVacancyDocuments.LegacyVacancyDocumentWhereAnd_feature" name="GetActiveIdsEqualGetIds" />
    </UnitTest>
    <UnitTest name="Skillaz.Tests.DocumentModels.Refs.ConfigureRefsFromUser_feature.Зависимые_поля_из_пользователя_подставляются_в_ОЕ" storage="c:\users\дмитрийбахтенков\skiz\skillaz-backend\src\skillaz.tests\bin\debug\net5.0\skillaz.tests.dll" id="f073a012-45ce-ba04-cf87-f821494c1d22">
      <Execution id="1f15c6bf-69fd-4c27-a634-0492871920ff" />
      <TestMethod codeBase="C:\Users\ДмитрийБахтенков\skiz\skillaz-backend\src\Skillaz.Tests\bin\Debug\net5.0\Skillaz.Tests.dll" adapterTypeName="executor://xunit/VsTestRunner2/netcoreapp" className="Skillaz.Tests.DocumentModels.Refs.ConfigureRefsFromUser_feature" name="Зависимые_поля_из_пользователя_подставляются_в_ОЕ" />
    </UnitTest>
    <UnitTest name="Skillaz.Tests.Assessment.Scenario_with_check_feature.Interview_with_steps_with_check" storage="c:\users\дмитрийбахтенков\skiz\skillaz-backend\src\skillaz.tests\bin\debug\net5.0\skillaz.tests.dll" id="58c7ce88-2805-c4fe-b871-49f21bcd5fad">
      <Execution id="9b0db5ac-bf62-47f1-ab20-30556a61d49e" />
      <TestMethod codeBase="C:\Users\ДмитрийБахтенков\skiz\skillaz-backend\src\Skillaz.Tests\bin\Debug\net5.0\Skillaz.Tests.dll" adapterTypeName="executor://xunit/VsTestRunner2/netcoreapp" className="Skillaz.Tests.Assessment.Scenario_with_check_feature" name="Interview_with_steps_with_check" />
    </UnitTest>
    <UnitTest name="Skillaz.Tests.ProductionCalendars.ProductionCalendarService_feature.Get_holidays_for_period_should_not_fall_if_no_production_calendar_exists_for_specified_year" storage="c:\users\дмитрийбахтенков\skiz\skillaz-backend\src\skillaz.tests\bin\debug\net5.0\skillaz.tests.dll" id="c2672164-fc0e-e39d-c610-3e3df0a4c298">
      <Execution id="5dbdc070-322f-4b86-9c03-3745fd73169d" />
      <TestMethod codeBase="C:\Users\ДмитрийБахтенков\skiz\skillaz-backend\src\Skillaz.Tests\bin\Debug\net5.0\Skillaz.Tests.dll" adapterTypeName="executor://xunit/VsTestRunner2/netcoreapp" className="Skillaz.Tests.ProductionCalendars.ProductionCalendarService_feature" name="Get_holidays_for_period_should_not_fall_if_no_production_calendar_exists_for_specified_year" />
    </UnitTest>
    <UnitTest name="Skillaz.Tests.Validators.ListSizeFieldValidator_feature.Should_show_default_list_smaller_error_message_when_validate" storage="c:\users\дмитрийбахтенков\skiz\skillaz-backend\src\skillaz.tests\bin\debug\net5.0\skillaz.tests.dll" id="4100e4cb-4c7f-7998-11cc-0f12e4576f56">
      <Execution id="f40149ad-1c5a-47b5-9853-122cb1a12da7" />
      <TestMethod codeBase="C:\Users\ДмитрийБахтенков\skiz\skillaz-backend\src\Skillaz.Tests\bin\Debug\net5.0\Skillaz.Tests.dll" adapterTypeName="executor://xunit/VsTestRunner2/netcoreapp" className="Skillaz.Tests.Validators.ListSizeFieldValidator_feature" name="Should_show_default_list_smaller_error_message_when_validate" />
    </UnitTest>
    <UnitTest name="Skillaz.Tests.Candidate.CandidateProcessMemberNotifications_feature.Notification_request_with_file_should_be_sent_to_email" storage="c:\users\дмитрийбахтенков\skiz\skillaz-backend\src\skillaz.tests\bin\debug\net5.0\skillaz.tests.dll" id="1d362dd3-8f11-76c1-218f-4620550c10f6">
      <Execution id="26973942-d189-4788-b5c4-71d01b467d25" />
      <TestMethod codeBase="C:\Users\ДмитрийБахтенков\skiz\skillaz-backend\src\Skillaz.Tests\bin\Debug\net5.0\Skillaz.Tests.dll" adapterTypeName="executor://xunit/VsTestRunner2/netcoreapp" className="Skillaz.Tests.Candidate.CandidateProcessMemberNotifications_feature" name="Notification_request_with_file_should_be_sent_to_email" />
    </UnitTest>
    <UnitTest name="Skillaz.Tests.Request.X5.X5GetRequestListCommand_feature.If_request_has_no_schedule_result_name_should_not_contain_schedule_part_at_all" storage="c:\users\дмитрийбахтенков\skiz\skillaz-backend\src\skillaz.tests\bin\debug\net5.0\skillaz.tests.dll" id="38875aae-51f7-e976-aeb7-5ea7393dfbfb">
      <Execution id="f9d24c4a-5d30-4e51-9653-b8cbbd68874c" />
      <TestMethod codeBase="C:\Users\ДмитрийБахтенков\skiz\skillaz-backend\src\Skillaz.Tests\bin\Debug\net5.0\Skillaz.Tests.dll" adapterTypeName="executor://xunit/VsTestRunner2/netcoreapp" className="Skillaz.Tests.Request.X5.X5GetRequestListCommand_feature" name="If_request_has_no_schedule_result_name_should_not_contain_schedule_part_at_all" />
    </UnitTest>
    <UnitTest name="Skillaz.Tests.Candidate.CandidateTags.CandidateTagsService_feature.If_category_label_is_changed_then_it_must_be_changed_in_all_child_tags" storage="c:\users\дмитрийбахтенков\skiz\skillaz-backend\src\skillaz.tests\bin\debug\net5.0\skillaz.tests.dll" id="626fcc91-8f4b-1b59-24a3-1dba41f0d26f">
      <Execution id="a2affd6c-58f2-43f9-b7af-067ac059e083" />
      <TestMethod codeBase="C:\Users\ДмитрийБахтенков\skiz\skillaz-backend\src\Skillaz.Tests\bin\Debug\net5.0\Skillaz.Tests.dll" adapterTypeName="executor://xunit/VsTestRunner2/netcoreapp" className="Skillaz.Tests.Candidate.CandidateTags.CandidateTagsService_feature" name="If_category_label_is_changed_then_it_must_be_changed_in_all_child_tags" />
    </UnitTest>
    <UnitTest name="Skillaz.Tests.Request.X5.X5GetRequestListCommand_feature.Result_should_consists_of_display_name_and_distance_and_address_and_org_unit_type_and_salary_info_and_schedule_and_gender_from_request" storage="c:\users\дмитрийбахтенков\skiz\skillaz-backend\src\skillaz.tests\bin\debug\net5.0\skillaz.tests.dll" id="f26a4566-06f6-ed12-9beb-ef75aa9bf119">
      <Execution id="22d4ce81-a0db-4140-8838-41566170eac5" />
      <TestMethod codeBase="C:\Users\ДмитрийБахтенков\skiz\skillaz-backend\src\Skillaz.Tests\bin\Debug\net5.0\Skillaz.Tests.dll" adapterTypeName="executor://xunit/VsTestRunner2/netcoreapp" className="Skillaz.Tests.Request.X5.X5GetRequestListCommand_feature" name="Result_should_consists_of_display_name_and_distance_and_address_and_org_unit_type_and_salary_info_and_schedule_and_gender_from_request" />
    </UnitTest>
    <UnitTest name="Skillaz.Tests.Configurator.DocumentModel.ConfiguratorPermissionsPolicyTests.Apply_Can_permissions" storage="c:\users\дмитрийбахтенков\skiz\skillaz-backend\src\skillaz.tests\bin\debug\net5.0\skillaz.tests.dll" id="758a10e1-1a69-8954-87aa-84c76881f9a2">
      <Execution id="d15de60f-168c-440b-b09d-77f2582c2e12" />
      <TestMethod codeBase="C:\Users\ДмитрийБахтенков\skiz\skillaz-backend\src\Skillaz.Tests\bin\Debug\net5.0\Skillaz.Tests.dll" adapterTypeName="executor://xunit/VsTestRunner2/netcoreapp" className="Skillaz.Tests.Configurator.DocumentModel.ConfiguratorPermissionsPolicyTests" name="Apply_Can_permissions" />
    </UnitTest>
    <UnitTest name="Skillaz.Tests.Configurator.Deduplication.SendNotificationByRuleTest.Correctly_send_notification_for_deduplication_by_exist_candidate" storage="c:\users\дмитрийбахтенков\skiz\skillaz-backend\src\skillaz.tests\bin\debug\net5.0\skillaz.tests.dll" id="68577bf1-7ef3-cfbe-b7ae-12a85be2c14e">
      <Execution id="b9861527-b144-402c-8f8d-0acd8f89ca8a" />
      <TestMethod codeBase="C:\Users\ДмитрийБахтенков\skiz\skillaz-backend\src\Skillaz.Tests\bin\Debug\net5.0\Skillaz.Tests.dll" adapterTypeName="executor://xunit/VsTestRunner2/netcoreapp" className="Skillaz.Tests.Configurator.Deduplication.SendNotificationByRuleTest" name="Correctly_send_notification_for_deduplication_by_exist_candidate" />
    </UnitTest>
    <UnitTest name="Skillaz.Tests.Candidate.Elastic.CandidateElasticFiltration_feature.Full_success_scenario" storage="c:\users\дмитрийбахтенков\skiz\skillaz-backend\src\skillaz.tests\bin\debug\net5.0\skillaz.tests.dll" id="7c725e47-d57a-18cf-b691-ed651bcd01e3">
      <Execution id="22d670bd-ab88-468d-93ab-89a5dd002bdc" />
      <TestMethod codeBase="C:\Users\ДмитрийБахтенков\skiz\skillaz-backend\src\Skillaz.Tests\bin\Debug\net5.0\Skillaz.Tests.dll" adapterTypeName="executor://xunit/VsTestRunner2/netcoreapp" className="Skillaz.Tests.Candidate.Elastic.CandidateElasticFiltration_feature" name="Full_success_scenario" />
    </UnitTest>
    <UnitTest name="Skillaz.Tests.CompanySpecific.Perekrestok.Integration.PerekrestokIgnoreCityInOrgUnitByOpenApi_feature.Check_not_update_city_in_OrgUnit_by_OpenApi" storage="c:\users\дмитрийбахтенков\skiz\skillaz-backend\src\skillaz.tests\bin\debug\net5.0\skillaz.tests.dll" id="c6744406-236d-a29f-78e3-8620302dab7c">
      <Execution id="91200ef6-e4cc-477c-a8e0-c969199feb26" />
      <TestMethod codeBase="C:\Users\ДмитрийБахтенков\skiz\skillaz-backend\src\Skillaz.Tests\bin\Debug\net5.0\Skillaz.Tests.dll" adapterTypeName="executor://xunit/VsTestRunner2/netcoreapp" className="Skillaz.Tests.CompanySpecific.Perekrestok.Integration.PerekrestokIgnoreCityInOrgUnitByOpenApi_feature" name="Check_not_update_city_in_OrgUnit_by_OpenApi" />
    </UnitTest>
    <UnitTest name="Skillaz.Tests.OpenApi.CandidateProfileApi.FilterCandidateProfile_feature.Candidate_profile_filter_not_existing_vacancy" storage="c:\users\дмитрийбахтенков\skiz\skillaz-backend\src\skillaz.tests\bin\debug\net5.0\skillaz.tests.dll" id="6c7fafb5-1fcb-261d-55ee-a3eb4fc6e8cb">
      <Execution id="844821f6-5b20-47d5-8eb6-23dc0a68401f" />
      <TestMethod codeBase="C:\Users\ДмитрийБахтенков\skiz\skillaz-backend\src\Skillaz.Tests\bin\Debug\net5.0\Skillaz.Tests.dll" adapterTypeName="executor://xunit/VsTestRunner2/netcoreapp" className="Skillaz.Tests.OpenApi.CandidateProfileApi.FilterCandidateProfile_feature" name="Candidate_profile_filter_not_existing_vacancy" />
    </UnitTest>
    <UnitTest name="Skillaz.Tests.CompanySpecific.GazpromNeft.GazpromUploadReferences_feature.Create_correctly_staff_unit_reference" storage="c:\users\дмитрийбахтенков\skiz\skillaz-backend\src\skillaz.tests\bin\debug\net5.0\skillaz.tests.dll" id="d142152a-1897-b4e6-a746-e27792954bd3">
      <Execution id="a6a1f807-e602-4032-88c2-90795e1d609c" />
      <TestMethod codeBase="C:\Users\ДмитрийБахтенков\skiz\skillaz-backend\src\Skillaz.Tests\bin\Debug\net5.0\Skillaz.Tests.dll" adapterTypeName="executor://xunit/VsTestRunner2/netcoreapp" className="Skillaz.Tests.CompanySpecific.GazpromNeft.GazpromUploadReferences_feature" name="Create_correctly_staff_unit_reference" />
    </UnitTest>
    <UnitTest name="Skillaz.Tests.CompanySpecific.GazpromNeft.GazpromUploadReferences_feature.Create_correctly_locality_reference" storage="c:\users\дмитрийбахтенков\skiz\skillaz-backend\src\skillaz.tests\bin\debug\net5.0\skillaz.tests.dll" id="5a73f9b7-1def-ac2d-18ea-363281d1d954">
      <Execution id="9cb37cea-5b52-478a-9079-950e3f54011f" />
      <TestMethod codeBase="C:\Users\ДмитрийБахтенков\skiz\skillaz-backend\src\Skillaz.Tests\bin\Debug\net5.0\Skillaz.Tests.dll" adapterTypeName="executor://xunit/VsTestRunner2/netcoreapp" className="Skillaz.Tests.CompanySpecific.GazpromNeft.GazpromUploadReferences_feature" name="Create_correctly_locality_reference" />
    </UnitTest>
    <UnitTest name="Skillaz.Tests.Assessment.Interviews.QuizInterview_feature.Getting_a_quiz_interview_result" storage="c:\users\дмитрийбахтенков\skiz\skillaz-backend\src\skillaz.tests\bin\debug\net5.0\skillaz.tests.dll" id="0f238917-6d54-acd7-c8ab-7da2dc1577a5">
      <Execution id="b45d9280-5d23-4fa6-b111-6e87e99e6e71" />
      <TestMethod codeBase="C:\Users\ДмитрийБахтенков\skiz\skillaz-backend\src\Skillaz.Tests\bin\Debug\net5.0\Skillaz.Tests.dll" adapterTypeName="executor://xunit/VsTestRunner2/netcoreapp" className="Skillaz.Tests.Assessment.Interviews.QuizInterview_feature" name="Getting_a_quiz_interview_result" />
    </UnitTest>
    <UnitTest name="Skillaz.Tests.Configurator.Editor.Undo.Проверить_отмену_редактирования_строк" storage="c:\users\дмитрийбахтенков\skiz\skillaz-backend\src\skillaz.tests\bin\debug\net5.0\skillaz.tests.dll" id="8c0c4d06-3e50-efa3-c458-9b2b9ef43798">
      <Execution id="a84d64ef-82d8-466a-9eaf-a7bc1ecf36c9" />
      <TestMethod codeBase="C:\Users\ДмитрийБахтенков\skiz\skillaz-backend\src\Skillaz.Tests\bin\Debug\net5.0\Skillaz.Tests.dll" adapterTypeName="executor://xunit/VsTestRunner2/netcoreapp" className="Skillaz.Tests.Configurator.Editor.Undo" name="Проверить_отмену_редактирования_строк" />
    </UnitTest>
    <UnitTest name="Skillaz.Tests.Configurator.Deduplication.FindRuleTest.Verify_find_rule_for_vacancy_response_type" storage="c:\users\дмитрийбахтенков\skiz\skillaz-backend\src\skillaz.tests\bin\debug\net5.0\skillaz.tests.dll" id="08acea76-cb46-a433-f0e8-999081d1f845">
      <Execution id="c5246e3c-18c3-4e98-94d8-0b2acbdc02a7" />
      <TestMethod codeBase="C:\Users\ДмитрийБахтенков\skiz\skillaz-backend\src\Skillaz.Tests\bin\Debug\net5.0\Skillaz.Tests.dll" adapterTypeName="executor://xunit/VsTestRunner2/netcoreapp" className="Skillaz.Tests.Configurator.Deduplication.FindRuleTest" name="Verify_find_rule_for_vacancy_response_type" />
    </UnitTest>
    <UnitTest name="Skillaz.Tests.AutoComplete.RequestAutoCompleteControllerGetRequests_feature.AutoComplete_with_states_and_state_types(states: null, stateTypes: null)" storage="c:\users\дмитрийбахтенков\skiz\skillaz-backend\src\skillaz.tests\bin\debug\net5.0\skillaz.tests.dll" id="a07becce-bdcd-db62-280a-abfa377ebcd3">
      <Execution id="90725955-8770-490a-a7fd-8ed569dbe3f8" />
      <TestMethod codeBase="C:\Users\ДмитрийБахтенков\skiz\skillaz-backend\src\Skillaz.Tests\bin\Debug\net5.0\Skillaz.Tests.dll" adapterTypeName="executor://xunit/VsTestRunner2/netcoreapp" className="Skillaz.Tests.AutoComplete.RequestAutoCompleteControllerGetRequests_feature" name="AutoComplete_with_states_and_state_types" />
    </UnitTest>
    <UnitTest name="Skillaz.Tests.DocumentModels.FieldValueReferences.UsingReferences.Проверить_что_для_отображения_текстов_используются_сохраненные_значения" storage="c:\users\дмитрийбахтенков\skiz\skillaz-backend\src\skillaz.tests\bin\debug\net5.0\skillaz.tests.dll" id="41a3d077-b036-411a-070b-f047f939b042">
      <Execution id="41651671-9426-4269-bf96-723456991525" />
      <TestMethod codeBase="C:\Users\ДмитрийБахтенков\skiz\skillaz-backend\src\Skillaz.Tests\bin\Debug\net5.0\Skillaz.Tests.dll" adapterTypeName="executor://xunit/VsTestRunner2/netcoreapp" className="Skillaz.Tests.DocumentModels.FieldValueReferences.UsingReferences" name="Проверить_что_для_отображения_текстов_используются_сохраненные_значения" />
    </UnitTest>
    <UnitTest name="Skillaz.Tests.Request.X5.X5GetRequestListCommand_feature.If_request_workflow_item_state_is_closed_it_should_not_exist_in_result" storage="c:\users\дмитрийбахтенков\skiz\skillaz-backend\src\skillaz.tests\bin\debug\net5.0\skillaz.tests.dll" id="598f0350-0320-f8d8-bc7d-8cd69d67fffb">
      <Execution id="8dff3f6d-03cd-4717-b6bd-d791acfbfd9d" />
      <TestMethod codeBase="C:\Users\ДмитрийБахтенков\skiz\skillaz-backend\src\Skillaz.Tests\bin\Debug\net5.0\Skillaz.Tests.dll" adapterTypeName="executor://xunit/VsTestRunner2/netcoreapp" className="Skillaz.Tests.Request.X5.X5GetRequestListCommand_feature" name="If_request_workflow_item_state_is_closed_it_should_not_exist_in_result" />
    </UnitTest>
    <UnitTest name="Skillaz.Tests.Candidate.Checks.CheckFromConfigurator_feature.Auto_start_check_from_configuration" storage="c:\users\дмитрийбахтенков\skiz\skillaz-backend\src\skillaz.tests\bin\debug\net5.0\skillaz.tests.dll" id="ea19669e-8680-79d2-b001-b41bf5bf2de0">
      <Execution id="3ed0eaeb-2efe-4c06-9c1d-4a4e780ed16e" />
      <TestMethod codeBase="C:\Users\ДмитрийБахтенков\skiz\skillaz-backend\src\Skillaz.Tests\bin\Debug\net5.0\Skillaz.Tests.dll" adapterTypeName="executor://xunit/VsTestRunner2/netcoreapp" className="Skillaz.Tests.Candidate.Checks.CheckFromConfigurator_feature" name="Auto_start_check_from_configuration" />
    </UnitTest>
    <UnitTest name="Skillaz.Tests.Candidate.Elastic.CandidateElasticFiltration_feature.Retrieving_a_candidate_that_is_created_before_specific_date" storage="c:\users\дмитрийбахтенков\skiz\skillaz-backend\src\skillaz.tests\bin\debug\net5.0\skillaz.tests.dll" id="d5329137-4f8c-01e1-5090-0971d9dda34f">
      <Execution id="a44fe6b5-558c-4124-a340-ee87db49b31e" />
      <TestMethod codeBase="C:\Users\ДмитрийБахтенков\skiz\skillaz-backend\src\Skillaz.Tests\bin\Debug\net5.0\Skillaz.Tests.dll" adapterTypeName="executor://xunit/VsTestRunner2/netcoreapp" className="Skillaz.Tests.Candidate.Elastic.CandidateElasticFiltration_feature" name="Retrieving_a_candidate_that_is_created_before_specific_date" />
    </UnitTest>
    <UnitTest name="Skillaz.Tests.Configurator.DocumentModel.DocumentModelFieldBuilderFromRegistryRefSource_feature.Complex_object_default_value_from_configurator" storage="c:\users\дмитрийбахтенков\skiz\skillaz-backend\src\skillaz.tests\bin\debug\net5.0\skillaz.tests.dll" id="6a5bd417-161f-7ab9-8ae8-1ef386605f7e">
      <Execution id="d6e1c079-dc65-4bfe-b8fa-93dd13e0ce88" />
      <TestMethod codeBase="C:\Users\ДмитрийБахтенков\skiz\skillaz-backend\src\Skillaz.Tests\bin\Debug\net5.0\Skillaz.Tests.dll" adapterTypeName="executor://xunit/VsTestRunner2/netcoreapp" className="Skillaz.Tests.Configurator.DocumentModel.DocumentModelFieldBuilderFromRegistryRefSource_feature" name="Complex_object_default_value_from_configurator" />
    </UnitTest>
    <UnitTest name="Skillaz.Tests.Publication.VacancyPublicationRule_feature.Vacancy_publication_rule_works_with_date_rule" storage="c:\users\дмитрийбахтенков\skiz\skillaz-backend\src\skillaz.tests\bin\debug\net5.0\skillaz.tests.dll" id="d3ed3812-13f3-bb89-ea15-993c14c803db">
      <Execution id="aa1ab636-bfc3-4e62-9d44-a8d18fffc65d" />
      <TestMethod codeBase="C:\Users\ДмитрийБахтенков\skiz\skillaz-backend\src\Skillaz.Tests\bin\Debug\net5.0\Skillaz.Tests.dll" adapterTypeName="executor://xunit/VsTestRunner2/netcoreapp" className="Skillaz.Tests.Publication.VacancyPublicationRule_feature" name="Vacancy_publication_rule_works_with_date_rule" />
    </UnitTest>
    <UnitTest name="Skillaz.Tests.Configurator.DocumentModel.FieldFiltersFeature.Проверить_отображение_фильтров_заявки_конфигуратора" storage="c:\users\дмитрийбахтенков\skiz\skillaz-backend\src\skillaz.tests\bin\debug\net5.0\skillaz.tests.dll" id="472d6f9b-4a9f-b0c2-076d-2838bfecd30c">
      <Execution id="3d853f96-813f-4aa0-9bb2-442eb678e097" />
      <TestMethod codeBase="C:\Users\ДмитрийБахтенков\skiz\skillaz-backend\src\Skillaz.Tests\bin\Debug\net5.0\Skillaz.Tests.dll" adapterTypeName="executor://xunit/VsTestRunner2/netcoreapp" className="Skillaz.Tests.Configurator.DocumentModel.FieldFiltersFeature" name="Проверить_отображение_фильтров_заявки_конфигуратора" />
    </UnitTest>
    <UnitTest name="Skillaz.Tests.Configurator.DocumentModel.DocumentModelFieldBuilderFromRegistryRefSource_feature.Multiple_options_default_value_from_configurator" storage="c:\users\дмитрийбахтенков\skiz\skillaz-backend\src\skillaz.tests\bin\debug\net5.0\skillaz.tests.dll" id="a5fabe35-6350-cdb8-82a4-586b676504e6">
      <Execution id="7de97fd3-9441-4682-bbdf-1c557b94a355" />
      <TestMethod codeBase="C:\Users\ДмитрийБахтенков\skiz\skillaz-backend\src\Skillaz.Tests\bin\Debug\net5.0\Skillaz.Tests.dll" adapterTypeName="executor://xunit/VsTestRunner2/netcoreapp" className="Skillaz.Tests.Configurator.DocumentModel.DocumentModelFieldBuilderFromRegistryRefSource_feature" name="Multiple_options_default_value_from_configurator" />
    </UnitTest>
    <UnitTest name="Skillaz.Tests.Configurator.WorkflowEngine.ConfiguratorWorkflowEngine_check_rules.Check_available_not_integration" storage="c:\users\дмитрийбахтенков\skiz\skillaz-backend\src\skillaz.tests\bin\debug\net5.0\skillaz.tests.dll" id="a4b4989d-c589-b032-1a68-0edd7e365a5f">
      <Execution id="1d96f1f7-6eb9-4a39-8b59-ab52070cd42c" />
      <TestMethod codeBase="C:\Users\ДмитрийБахтенков\skiz\skillaz-backend\src\Skillaz.Tests\bin\Debug\net5.0\Skillaz.Tests.dll" adapterTypeName="executor://xunit/VsTestRunner2/netcoreapp" className="Skillaz.Tests.Configurator.WorkflowEngine.ConfiguratorWorkflowEngine_check_rules" name="Check_available_not_integration" />
    </UnitTest>
    <UnitTest name="Skillaz.Tests.Assessment.Interviews.QuizInterview_feature.Failing_autoscore_quiz_interview_questionnaire" storage="c:\users\дмитрийбахтенков\skiz\skillaz-backend\src\skillaz.tests\bin\debug\net5.0\skillaz.tests.dll" id="faf8f261-b929-e42f-fdca-2dfb623ff149">
      <Execution id="41c4be4a-3741-4c16-8410-80497adb3ecb" />
      <TestMethod codeBase="C:\Users\ДмитрийБахтенков\skiz\skillaz-backend\src\Skillaz.Tests\bin\Debug\net5.0\Skillaz.Tests.dll" adapterTypeName="executor://xunit/VsTestRunner2/netcoreapp" className="Skillaz.Tests.Assessment.Interviews.QuizInterview_feature" name="Failing_autoscore_quiz_interview_questionnaire" />
    </UnitTest>
    <UnitTest name="Skillaz.Tests.Candidate.Elastic.CandidateElasticFiltration_feature.Retrieving_a_candidate_that_has_a_resume_that_is_updated_after_specific_date" storage="c:\users\дмитрийбахтенков\skiz\skillaz-backend\src\skillaz.tests\bin\debug\net5.0\skillaz.tests.dll" id="b62487a2-b5d7-ae4e-4cb8-a719b81869c9">
      <Execution id="6b33c66a-7e45-4a66-a0b5-bcc350a0188f" />
      <TestMethod codeBase="C:\Users\ДмитрийБахтенков\skiz\skillaz-backend\src\Skillaz.Tests\bin\Debug\net5.0\Skillaz.Tests.dll" adapterTypeName="executor://xunit/VsTestRunner2/netcoreapp" className="Skillaz.Tests.Candidate.Elastic.CandidateElasticFiltration_feature" name="Retrieving_a_candidate_that_has_a_resume_that_is_updated_after_specific_date" />
    </UnitTest>
    <UnitTest name="Skillaz.Tests.DocumentModels.FieldValueComparerTests.StringComparison(firstValue: null, secondValue: null, result: True)" storage="c:\users\дмитрийбахтенков\skiz\skillaz-backend\src\skillaz.tests\bin\debug\net5.0\skillaz.tests.dll" id="ce4d8052-bde5-cf27-0e22-ddcf7d7fbaef">
      <Execution id="ff3fa5e7-1b06-4b2b-93af-f9b60f1f5627" />
      <TestMethod codeBase="C:\Users\ДмитрийБахтенков\skiz\skillaz-backend\src\Skillaz.Tests\bin\Debug\net5.0\Skillaz.Tests.dll" adapterTypeName="executor://xunit/VsTestRunner2/netcoreapp" className="Skillaz.Tests.DocumentModels.FieldValueComparerTests" name="StringComparison" />
    </UnitTest>
    <UnitTest name="Skillaz.Tests.Request.X5.X5GetRequestListCommand_feature.Result_list_should_have_two_prioritized_org_unit_types_on_first_two_positions_ordered_by_org_unit_type" storage="c:\users\дмитрийбахтенков\skiz\skillaz-backend\src\skillaz.tests\bin\debug\net5.0\skillaz.tests.dll" id="0cf6904e-f56a-1b33-15af-595cd9c3cd0a">
      <Execution id="d8a1d3b1-fea0-4f5a-ac0a-2c04fdf24472" />
      <TestMethod codeBase="C:\Users\ДмитрийБахтенков\skiz\skillaz-backend\src\Skillaz.Tests\bin\Debug\net5.0\Skillaz.Tests.dll" adapterTypeName="executor://xunit/VsTestRunner2/netcoreapp" className="Skillaz.Tests.Request.X5.X5GetRequestListCommand_feature" name="Result_list_should_have_two_prioritized_org_unit_types_on_first_two_positions_ordered_by_org_unit_type" />
    </UnitTest>
    <UnitTest name="Skillaz.Tests.Candidate.CandidateCard_feature.Negotiations_in_candidate_card_should_be_sorted_by_date_and_has_vacancy_id" storage="c:\users\дмитрийбахтенков\skiz\skillaz-backend\src\skillaz.tests\bin\debug\net5.0\skillaz.tests.dll" id="6d2ab4df-464c-bf7d-752b-097c5f0e8caf">
      <Execution id="68231ac0-6192-49dd-ba25-9dcf18db87ad" />
      <TestMethod codeBase="C:\Users\ДмитрийБахтенков\skiz\skillaz-backend\src\Skillaz.Tests\bin\Debug\net5.0\Skillaz.Tests.dll" adapterTypeName="executor://xunit/VsTestRunner2/netcoreapp" className="Skillaz.Tests.Candidate.CandidateCard_feature" name="Negotiations_in_candidate_card_should_be_sorted_by_date_and_has_vacancy_id" />
    </UnitTest>
    <UnitTest name="Skillaz.Tests.Candidate.DashboardReports.DashboardReport_feature.FunnelReport_insert" storage="c:\users\дмитрийбахтенков\skiz\skillaz-backend\src\skillaz.tests\bin\debug\net5.0\skillaz.tests.dll" id="8e60c4c2-aff8-b384-4ac2-06f419a719a5">
      <Execution id="47392a5f-4b41-4a09-aa15-58a727b1bfc0" />
      <TestMethod codeBase="C:\Users\ДмитрийБахтенков\skiz\skillaz-backend\src\Skillaz.Tests\bin\Debug\net5.0\Skillaz.Tests.dll" adapterTypeName="executor://xunit/VsTestRunner2/netcoreapp" className="Skillaz.Tests.Candidate.DashboardReports.DashboardReport_feature" name="FunnelReport_insert" />
    </UnitTest>
    <UnitTest name="Skillaz.Tests.Integrations.Nanosemantics.CandidateChangeStatusByChatBot_feature.ChatBot_switches_candidate_to_success" storage="c:\users\дмитрийбахтенков\skiz\skillaz-backend\src\skillaz.tests\bin\debug\net5.0\skillaz.tests.dll" id="e14c696c-e47f-4fef-2ef5-0f18390e943a">
      <Execution id="d26fc4cf-0406-4ce6-91e5-21fb28e66068" />
      <TestMethod codeBase="C:\Users\ДмитрийБахтенков\skiz\skillaz-backend\src\Skillaz.Tests\bin\Debug\net5.0\Skillaz.Tests.dll" adapterTypeName="executor://xunit/VsTestRunner2/netcoreapp" className="Skillaz.Tests.Integrations.Nanosemantics.CandidateChangeStatusByChatBot_feature" name="ChatBot_switches_candidate_to_success" />
    </UnitTest>
    <UnitTest name="Skillaz.Tests.SupportChats.SupportChats_feature.Reply_to_client" storage="c:\users\дмитрийбахтенков\skiz\skillaz-backend\src\skillaz.tests\bin\debug\net5.0\skillaz.tests.dll" id="6622c7e9-f3ef-2f75-dde5-5e627dbe695f">
      <Execution id="d34b3dd0-e814-48dd-914a-7623ef4f6b5b" />
      <TestMethod codeBase="C:\Users\ДмитрийБахтенков\skiz\skillaz-backend\src\Skillaz.Tests\bin\Debug\net5.0\Skillaz.Tests.dll" adapterTypeName="executor://xunit/VsTestRunner2/netcoreapp" className="Skillaz.Tests.SupportChats.SupportChats_feature" name="Reply_to_client" />
    </UnitTest>
    <UnitTest name="Skillaz.Tests.Configurator.FunnelBuilder.FunnelBuildChecksFromCodeAndConfiguratorTests.Test_funnel_build_with_checks_from_configurator_and_from_code" storage="c:\users\дмитрийбахтенков\skiz\skillaz-backend\src\skillaz.tests\bin\debug\net5.0\skillaz.tests.dll" id="79857c49-5c52-b62d-1e6b-d2927fbed348">
      <Execution id="623674ed-72b8-4feb-8cdc-1ee1e345f6b8" />
      <TestMethod codeBase="C:\Users\ДмитрийБахтенков\skiz\skillaz-backend\src\Skillaz.Tests\bin\Debug\net5.0\Skillaz.Tests.dll" adapterTypeName="executor://xunit/VsTestRunner2/netcoreapp" className="Skillaz.Tests.Configurator.FunnelBuilder.FunnelBuildChecksFromCodeAndConfiguratorTests" name="Test_funnel_build_with_checks_from_configurator_and_from_code" />
    </UnitTest>
    <UnitTest name="Skillaz.Tests.CompanySpecific.Perekrestok.PerekrestokBlockUnblockCandidates_feature.Last_check_approved_and_more_than_30_days_have_passed" storage="c:\users\дмитрийбахтенков\skiz\skillaz-backend\src\skillaz.tests\bin\debug\net5.0\skillaz.tests.dll" id="be04e4a4-6737-9df8-8ba6-9b61c0094eff">
      <Execution id="fbaf6da7-ebc9-4358-bdc9-ca969f44baa9" />
      <TestMethod codeBase="C:\Users\ДмитрийБахтенков\skiz\skillaz-backend\src\Skillaz.Tests\bin\Debug\net5.0\Skillaz.Tests.dll" adapterTypeName="executor://xunit/VsTestRunner2/netcoreapp" className="Skillaz.Tests.CompanySpecific.Perekrestok.PerekrestokBlockUnblockCandidates_feature" name="Last_check_approved_and_more_than_30_days_have_passed" />
    </UnitTest>
    <UnitTest name="Skillaz.Tests.Configurator.Editor.ChangeTrackingMerge.Проверка_корректности_сортировки" storage="c:\users\дмитрийбахтенков\skiz\skillaz-backend\src\skillaz.tests\bin\debug\net5.0\skillaz.tests.dll" id="7616d9b2-f2b2-8369-1fa5-2c9c65b7cf0a">
      <Execution id="5704bce3-e3eb-403f-a89e-eb7b9aacff99" />
      <TestMethod codeBase="C:\Users\ДмитрийБахтенков\skiz\skillaz-backend\src\Skillaz.Tests\bin\Debug\net5.0\Skillaz.Tests.dll" adapterTypeName="executor://xunit/VsTestRunner2/netcoreapp" className="Skillaz.Tests.Configurator.Editor.ChangeTrackingMerge" name="Проверка_корректности_сортировки" />
    </UnitTest>
    <UnitTest name="Skillaz.Tests.Configurator.Prioritization.ConfiguratorPrioritizationRequest_feature.Prioritization_multi_conditions_with_rules_overlay" storage="c:\users\дмитрийбахтенков\skiz\skillaz-backend\src\skillaz.tests\bin\debug\net5.0\skillaz.tests.dll" id="efcdfc2c-a233-d129-5170-e6b7906ee10e">
      <Execution id="a8dc7af6-8bb5-4c96-a3e2-371f22498297" />
      <TestMethod codeBase="C:\Users\ДмитрийБахтенков\skiz\skillaz-backend\src\Skillaz.Tests\bin\Debug\net5.0\Skillaz.Tests.dll" adapterTypeName="executor://xunit/VsTestRunner2/netcoreapp" className="Skillaz.Tests.Configurator.Prioritization.ConfiguratorPrioritizationRequest_feature" name="Prioritization_multi_conditions_with_rules_overlay" />
    </UnitTest>
    <UnitTest name="Skillaz.Tests.Configurator.DocumentModel.DefaultValueFilterFeature.Проверить_настройку_значений_по_умолчанию_для_фильтра" storage="c:\users\дмитрийбахтенков\skiz\skillaz-backend\src\skillaz.tests\bin\debug\net5.0\skillaz.tests.dll" id="54a815ab-8c67-b302-4ed3-fa5ad28a0d88">
      <Execution id="dce4a71e-e85f-45c8-8711-333a6790815e" />
      <TestMethod codeBase="C:\Users\ДмитрийБахтенков\skiz\skillaz-backend\src\Skillaz.Tests\bin\Debug\net5.0\Skillaz.Tests.dll" adapterTypeName="executor://xunit/VsTestRunner2/netcoreapp" className="Skillaz.Tests.Configurator.DocumentModel.DefaultValueFilterFeature" name="Проверить_настройку_значений_по_умолчанию_для_фильтра" />
    </UnitTest>
    <UnitTest name="Skillaz.Tests.Validators.ListSizeFieldValidator_feature.Should_show_overriden_size_not_equal_error_message_when_validate" storage="c:\users\дмитрийбахтенков\skiz\skillaz-backend\src\skillaz.tests\bin\debug\net5.0\skillaz.tests.dll" id="b9961a83-e014-36f4-2b15-aefd5bfb9a01">
      <Execution id="2687f2b3-1a90-4fe3-b012-705ab178ef6f" />
      <TestMethod codeBase="C:\Users\ДмитрийБахтенков\skiz\skillaz-backend\src\Skillaz.Tests\bin\Debug\net5.0\Skillaz.Tests.dll" adapterTypeName="executor://xunit/VsTestRunner2/netcoreapp" className="Skillaz.Tests.Validators.ListSizeFieldValidator_feature" name="Should_show_overriden_size_not_equal_error_message_when_validate" />
    </UnitTest>
    <UnitTest name="Skillaz.Tests.DocumentModels.FieldValueComparerTests.PrimitiveTypeListComparison" storage="c:\users\дмитрийбахтенков\skiz\skillaz-backend\src\skillaz.tests\bin\debug\net5.0\skillaz.tests.dll" id="fcb287a0-806b-6316-d604-7ffb1dc97802">
      <Execution id="cf9a752b-b594-45b6-85b1-af9a0d0fe840" />
      <TestMethod codeBase="C:\Users\ДмитрийБахтенков\skiz\skillaz-backend\src\Skillaz.Tests\bin\Debug\net5.0\Skillaz.Tests.dll" adapterTypeName="executor://xunit/VsTestRunner2/netcoreapp" className="Skillaz.Tests.DocumentModels.FieldValueComparerTests" name="PrimitiveTypeListComparison" />
    </UnitTest>
    <UnitTest name="Skillaz.Tests.Authorization.AuthLoginWorkflowService_Login_feature.Do_incorrect_login_by_email_ensure_wrong_credentials_exceptions_throws" storage="c:\users\дмитрийбахтенков\skiz\skillaz-backend\src\skillaz.tests\bin\debug\net5.0\skillaz.tests.dll" id="8bf65696-5a80-7c83-5647-2f6280dde8af">
      <Execution id="e833d0ef-8674-4475-ba7e-471d591c4b27" />
      <TestMethod codeBase="C:\Users\ДмитрийБахтенков\skiz\skillaz-backend\src\Skillaz.Tests\bin\Debug\net5.0\Skillaz.Tests.dll" adapterTypeName="executor://xunit/VsTestRunner2/netcoreapp" className="Skillaz.Tests.Authorization.AuthLoginWorkflowService_Login_feature" name="Do_incorrect_login_by_email_ensure_wrong_credentials_exceptions_throws" />
    </UnitTest>
    <UnitTest name="Skillaz.Tests.Authorization.LoginCommand_feature.Do_incorrect_login_by_email_ensure_wrong_credentials_exceptions_throws" storage="c:\users\дмитрийбахтенков\skiz\skillaz-backend\src\skillaz.tests\bin\debug\net5.0\skillaz.tests.dll" id="914b3e56-e069-0002-bff7-18cb3ce2e69a">
      <Execution id="82e803a8-c63f-4201-850b-f2e8b4be9891" />
      <TestMethod codeBase="C:\Users\ДмитрийБахтенков\skiz\skillaz-backend\src\Skillaz.Tests\bin\Debug\net5.0\Skillaz.Tests.dll" adapterTypeName="executor://xunit/VsTestRunner2/netcoreapp" className="Skillaz.Tests.Authorization.LoginCommand_feature" name="Do_incorrect_login_by_email_ensure_wrong_credentials_exceptions_throws" />
    </UnitTest>
    <UnitTest name="Skillaz.Tests.Configurator.DocumentModel.ConfiguratorPermissionsPolicyTests.Apply_only_Cannot_permissions" storage="c:\users\дмитрийбахтенков\skiz\skillaz-backend\src\skillaz.tests\bin\debug\net5.0\skillaz.tests.dll" id="1a23b382-46b7-2f21-4888-1f1f07539b38">
      <Execution id="36be0818-a956-4041-84f9-98512e7499ed" />
      <TestMethod codeBase="C:\Users\ДмитрийБахтенков\skiz\skillaz-backend\src\Skillaz.Tests\bin\Debug\net5.0\Skillaz.Tests.dll" adapterTypeName="executor://xunit/VsTestRunner2/netcoreapp" className="Skillaz.Tests.Configurator.DocumentModel.ConfiguratorPermissionsPolicyTests" name="Apply_only_Cannot_permissions" />
    </UnitTest>
    <UnitTest name="Skillaz.Tests.Digest.DigestService_feature.Execution_delete_digest_action" storage="c:\users\дмитрийбахтенков\skiz\skillaz-backend\src\skillaz.tests\bin\debug\net5.0\skillaz.tests.dll" id="12a5df4f-497f-0a0c-7249-311f6de697d5">
      <Execution id="ee51aca2-b055-4cac-a9b4-286a4cc42895" />
      <TestMethod codeBase="C:\Users\ДмитрийБахтенков\skiz\skillaz-backend\src\Skillaz.Tests\bin\Debug\net5.0\Skillaz.Tests.dll" adapterTypeName="executor://xunit/VsTestRunner2/netcoreapp" className="Skillaz.Tests.Digest.DigestService_feature" name="Execution_delete_digest_action" />
    </UnitTest>
    <UnitTest name="Skillaz.Tests.Configurator.Deduplication.StrategySelecting.C_конфигуратором_загружаются_новые_стратегии" storage="c:\users\дмитрийбахтенков\skiz\skillaz-backend\src\skillaz.tests\bin\debug\net5.0\skillaz.tests.dll" id="447e3b90-7d37-5b6b-28fe-04c6d36adcd7">
      <Execution id="90fe50e9-90b5-455e-bac9-0e0b3db885dd" />
      <TestMethod codeBase="C:\Users\ДмитрийБахтенков\skiz\skillaz-backend\src\Skillaz.Tests\bin\Debug\net5.0\Skillaz.Tests.dll" adapterTypeName="executor://xunit/VsTestRunner2/netcoreapp" className="Skillaz.Tests.Configurator.Deduplication.StrategySelecting" name="C_конфигуратором_загружаются_новые_стратегии" />
    </UnitTest>
    <UnitTest name="Для 1 и 2 числа перенос на 16 этого месяца, для 15 и 16 перенос на 2 следующего месяца(dateStrings: [&quot;2020-07-15&quot;, &quot;2020-07-16&quot;, &quot;2020-08-04&quot;])" storage="c:\users\дмитрийбахтенков\skiz\skillaz-backend\src\skillaz.tests\bin\debug\net5.0\skillaz.tests.dll" id="a3b1ea09-f53a-4d6e-9d37-a53d839e86d5">
      <Execution id="a9e104ce-4421-48a7-9d2a-1af664ec3575" />
      <TestMethod codeBase="C:\Users\ДмитрийБахтенков\skiz\skillaz-backend\src\Skillaz.Tests\bin\Debug\net5.0\Skillaz.Tests.dll" adapterTypeName="executor://xunit/VsTestRunner2/netcoreapp" className="Skillaz.Tests.CompanySpecific.Sberbank.SberbankHhLeadgenCreationStrategyFeature" name="FindProductionDateForEndDate" />
    </UnitTest>
    <UnitTest name="Skillaz.Tests.OpenApi.HireRequestOpenApi.FindRequests_feature.Request_empty_filter" storage="c:\users\дмитрийбахтенков\skiz\skillaz-backend\src\skillaz.tests\bin\debug\net5.0\skillaz.tests.dll" id="24d79c6d-4e6c-32ec-f233-25e8cdfe6c11">
      <Execution id="a8baa3e4-1081-4177-995d-f8dfbf60365c" />
      <TestMethod codeBase="C:\Users\ДмитрийБахтенков\skiz\skillaz-backend\src\Skillaz.Tests\bin\Debug\net5.0\Skillaz.Tests.dll" adapterTypeName="executor://xunit/VsTestRunner2/netcoreapp" className="Skillaz.Tests.OpenApi.HireRequestOpenApi.FindRequests_feature" name="Request_empty_filter" />
    </UnitTest>
    <UnitTest name="Skillaz.Tests.Candidate.Elastic.CandidateElasticFiltration_feature.Retrieving_a_candidate_by_nonexistent_client_id" storage="c:\users\дмитрийбахтенков\skiz\skillaz-backend\src\skillaz.tests\bin\debug\net5.0\skillaz.tests.dll" id="edb2071c-a9b0-9440-b3f3-4b0aee9b2c92">
      <Execution id="84f6a181-3ef2-47d9-a730-64de84bf6582" />
      <TestMethod codeBase="C:\Users\ДмитрийБахтенков\skiz\skillaz-backend\src\Skillaz.Tests\bin\Debug\net5.0\Skillaz.Tests.dll" adapterTypeName="executor://xunit/VsTestRunner2/netcoreapp" className="Skillaz.Tests.Candidate.Elastic.CandidateElasticFiltration_feature" name="Retrieving_a_candidate_by_nonexistent_client_id" />
    </UnitTest>
    <UnitTest name="Skillaz.Tests.SupportAgents.SupportAgents_feature.Update_agent_info" storage="c:\users\дмитрийбахтенков\skiz\skillaz-backend\src\skillaz.tests\bin\debug\net5.0\skillaz.tests.dll" id="04e919ac-d964-b15e-bff2-9363ef536ccb">
      <Execution id="0eefc2aa-00ce-4f14-88e6-949608eb23f1" />
      <TestMethod codeBase="C:\Users\ДмитрийБахтенков\skiz\skillaz-backend\src\Skillaz.Tests\bin\Debug\net5.0\Skillaz.Tests.dll" adapterTypeName="executor://xunit/VsTestRunner2/netcoreapp" className="Skillaz.Tests.SupportAgents.SupportAgents_feature" name="Update_agent_info" />
    </UnitTest>
    <UnitTest name="Для 1 и 2 числа перенос на 16 этого месяца, для 15 и 16 перенос на 2 следующего месяца(dateStrings: [&quot;2020-09-01&quot;, &quot;2020-09-02&quot;, &quot;2020-09-16&quot;])" storage="c:\users\дмитрийбахтенков\skiz\skillaz-backend\src\skillaz.tests\bin\debug\net5.0\skillaz.tests.dll" id="0984823e-539d-bd57-2e56-4d2656c729e0">
      <Execution id="890f2b39-9d70-440c-a1e8-0d3172570e0c" />
      <TestMethod codeBase="C:\Users\ДмитрийБахтенков\skiz\skillaz-backend\src\Skillaz.Tests\bin\Debug\net5.0\Skillaz.Tests.dll" adapterTypeName="executor://xunit/VsTestRunner2/netcoreapp" className="Skillaz.Tests.CompanySpecific.Sberbank.SberbankHhLeadgenCreationStrategyFeature" name="FindProductionDateForEndDate" />
    </UnitTest>
    <UnitTest name="Skillaz.Tests.CompanySpecific.Mvideo.MvideoProfRolesAssign_feature.Assign_roles_of_users_which_already_have_correct_roles" storage="c:\users\дмитрийбахтенков\skiz\skillaz-backend\src\skillaz.tests\bin\debug\net5.0\skillaz.tests.dll" id="2779de1e-17f9-2e49-dc7a-4a14d38eb33c">
      <Execution id="493128d8-c494-4a95-bb3e-9df02cc8be9a" />
      <TestMethod codeBase="C:\Users\ДмитрийБахтенков\skiz\skillaz-backend\src\Skillaz.Tests\bin\Debug\net5.0\Skillaz.Tests.dll" adapterTypeName="executor://xunit/VsTestRunner2/netcoreapp" className="Skillaz.Tests.CompanySpecific.Mvideo.MvideoProfRolesAssign_feature" name="Assign_roles_of_users_which_already_have_correct_roles" />
    </UnitTest>
    <UnitTest name="Skillaz.Tests.Authorization.AuthLoginWorkflowService_CheckPrivacyPolicyOnLogin_feature.Do_login_user_without_accepted_policy_in_company_with_EnabledRequiredPolicyOfUsers_and_user_policy_accept" storage="c:\users\дмитрийбахтенков\skiz\skillaz-backend\src\skillaz.tests\bin\debug\net5.0\skillaz.tests.dll" id="014fe5ce-e041-43b6-1da7-6f12ae1f10da">
      <Execution id="de1bd9fc-16e3-4330-a24c-fdaacd603d36" />
      <TestMethod codeBase="C:\Users\ДмитрийБахтенков\skiz\skillaz-backend\src\Skillaz.Tests\bin\Debug\net5.0\Skillaz.Tests.dll" adapterTypeName="executor://xunit/VsTestRunner2/netcoreapp" className="Skillaz.Tests.Authorization.AuthLoginWorkflowService_CheckPrivacyPolicyOnLogin_feature" name="Do_login_user_without_accepted_policy_in_company_with_EnabledRequiredPolicyOfUsers_and_user_policy_accept" />
    </UnitTest>
    <UnitTest name="Skillaz.Tests.OpenApi.CheckApi.CreateCheck_feature.Check_candidate_created" storage="c:\users\дмитрийбахтенков\skiz\skillaz-backend\src\skillaz.tests\bin\debug\net5.0\skillaz.tests.dll" id="d422e736-cd57-175d-bf04-410fc669ad85">
      <Execution id="04ada280-1b19-4092-a3ae-cb1b2ff756a4" />
      <TestMethod codeBase="C:\Users\ДмитрийБахтенков\skiz\skillaz-backend\src\Skillaz.Tests\bin\Debug\net5.0\Skillaz.Tests.dll" adapterTypeName="executor://xunit/VsTestRunner2/netcoreapp" className="Skillaz.Tests.OpenApi.CheckApi.CreateCheck_feature" name="Check_candidate_created" />
    </UnitTest>
    <UnitTest name="Skillaz.Tests.CompanySpecific.Megafon.MegafonDeduplication_feature.DuplicateByPhoneFilterTest" storage="c:\users\дмитрийбахтенков\skiz\skillaz-backend\src\skillaz.tests\bin\debug\net5.0\skillaz.tests.dll" id="569db4e7-cbdf-4254-fcfc-b85641eb8cb9">
      <Execution id="b5c4d561-4947-4898-9784-3ddf729ffe33" />
      <TestMethod codeBase="C:\Users\ДмитрийБахтенков\skiz\skillaz-backend\src\Skillaz.Tests\bin\Debug\net5.0\Skillaz.Tests.dll" adapterTypeName="executor://xunit/VsTestRunner2/netcoreapp" className="Skillaz.Tests.CompanySpecific.Megafon.MegafonDeduplication_feature" name="DuplicateByPhoneFilterTest" />
    </UnitTest>
    <UnitTest name="Skillaz.Tests.Vacancy.CompanySpecific.MvideoMassCandidateDatabase_feature.Transfer_from_candidate_database_will_change_status_at_candidate" storage="c:\users\дмитрийбахтенков\skiz\skillaz-backend\src\skillaz.tests\bin\debug\net5.0\skillaz.tests.dll" id="66e52b55-85b7-1c82-a5d4-d2e271a37019">
      <Execution id="02660b71-446d-418a-87a0-a22a4e365235" />
      <TestMethod codeBase="C:\Users\ДмитрийБахтенков\skiz\skillaz-backend\src\Skillaz.Tests\bin\Debug\net5.0\Skillaz.Tests.dll" adapterTypeName="executor://xunit/VsTestRunner2/netcoreapp" className="Skillaz.Tests.Vacancy.CompanySpecific.MvideoMassCandidateDatabase_feature" name="Transfer_from_candidate_database_will_change_status_at_candidate" />
    </UnitTest>
    <UnitTest name="Skillaz.Tests.JobRequisition.JobRequisitionByOrgUnits_feature.Change_hire_request_change_status_works" storage="c:\users\дмитрийбахтенков\skiz\skillaz-backend\src\skillaz.tests\bin\debug\net5.0\skillaz.tests.dll" id="9ca42aef-bed0-38fd-f309-59c3df0d2b5e">
      <Execution id="f8812e3f-dd51-4a56-83dc-68888778c66a" />
      <TestMethod codeBase="C:\Users\ДмитрийБахтенков\skiz\skillaz-backend\src\Skillaz.Tests\bin\Debug\net5.0\Skillaz.Tests.dll" adapterTypeName="executor://xunit/VsTestRunner2/netcoreapp" className="Skillaz.Tests.JobRequisition.JobRequisitionByOrgUnits_feature" name="Change_hire_request_change_status_works" />
    </UnitTest>
    <UnitTest name="Skillaz.Tests.Validators.RequiredFieldValidator_feature.Should_show_overriden_error_message_when_validate" storage="c:\users\дмитрийбахтенков\skiz\skillaz-backend\src\skillaz.tests\bin\debug\net5.0\skillaz.tests.dll" id="fa24c906-0200-10d6-80a1-6825166e00b6">
      <Execution id="294d3849-6bec-4af5-8bca-7be8c1fd6981" />
      <TestMethod codeBase="C:\Users\ДмитрийБахтенков\skiz\skillaz-backend\src\Skillaz.Tests\bin\Debug\net5.0\Skillaz.Tests.dll" adapterTypeName="executor://xunit/VsTestRunner2/netcoreapp" className="Skillaz.Tests.Validators.RequiredFieldValidator_feature" name="Should_show_overriden_error_message_when_validate" />
    </UnitTest>
    <UnitTest name="Skillaz.Tests.OrgUnit.OrgUnitHierarchy_feature.Change_org_unit_children_to_parent_hierarchy" storage="c:\users\дмитрийбахтенков\skiz\skillaz-backend\src\skillaz.tests\bin\debug\net5.0\skillaz.tests.dll" id="139fd02d-4f6c-0d35-4403-12639ed35d5b">
      <Execution id="617ff120-f279-4ad4-9c58-343a084c0ca7" />
      <TestMethod codeBase="C:\Users\ДмитрийБахтенков\skiz\skillaz-backend\src\Skillaz.Tests\bin\Debug\net5.0\Skillaz.Tests.dll" adapterTypeName="executor://xunit/VsTestRunner2/netcoreapp" className="Skillaz.Tests.OrgUnit.OrgUnitHierarchy_feature" name="Change_org_unit_children_to_parent_hierarchy" />
    </UnitTest>
    <UnitTest name="Skillaz.Tests.HH.HHNegotiations_feature.Create_single_candidate_from_collect_negotiations_from_vacancy" storage="c:\users\дмитрийбахтенков\skiz\skillaz-backend\src\skillaz.tests\bin\debug\net5.0\skillaz.tests.dll" id="305f81b1-a551-b1b8-a180-92bef2b8c6bb">
      <Execution id="1e6a6234-d850-4086-8c23-f8dc9444e90b" />
      <TestMethod codeBase="C:\Users\ДмитрийБахтенков\skiz\skillaz-backend\src\Skillaz.Tests\bin\Debug\net5.0\Skillaz.Tests.dll" adapterTypeName="executor://xunit/VsTestRunner2/netcoreapp" className="Skillaz.Tests.HH.HHNegotiations_feature" name="Create_single_candidate_from_collect_negotiations_from_vacancy" />
    </UnitTest>
    <UnitTest name="Skillaz.Tests.Assessment.Interviews.VideoInterview_feature.Switching_a_video_interview_step" storage="c:\users\дмитрийбахтенков\skiz\skillaz-backend\src\skillaz.tests\bin\debug\net5.0\skillaz.tests.dll" id="bab636f1-7f0e-ccd8-008e-e5790511c8f3">
      <Execution id="9fb18ce6-03ec-4d17-8dad-b9f8fcfd3663" />
      <TestMethod codeBase="C:\Users\ДмитрийБахтенков\skiz\skillaz-backend\src\Skillaz.Tests\bin\Debug\net5.0\Skillaz.Tests.dll" adapterTypeName="executor://xunit/VsTestRunner2/netcoreapp" className="Skillaz.Tests.Assessment.Interviews.VideoInterview_feature" name="Switching_a_video_interview_step" />
    </UnitTest>
    <UnitTest name="Skillaz.Tests.HH.HHNegotiations_feature.Create_single_candidate_from_multiple_negotiation" storage="c:\users\дмитрийбахтенков\skiz\skillaz-backend\src\skillaz.tests\bin\debug\net5.0\skillaz.tests.dll" id="08e2f00b-c73a-15a5-20e7-6a1eacf29aa9">
      <Execution id="5536934d-f560-4350-b8a1-e50a8e542732" />
      <TestMethod codeBase="C:\Users\ДмитрийБахтенков\skiz\skillaz-backend\src\Skillaz.Tests\bin\Debug\net5.0\Skillaz.Tests.dll" adapterTypeName="executor://xunit/VsTestRunner2/netcoreapp" className="Skillaz.Tests.HH.HHNegotiations_feature" name="Create_single_candidate_from_multiple_negotiation" />
    </UnitTest>
    <UnitTest name="Skillaz.Tests.CompanySpecific.Avilon.AvilonHHNegotiations_feature.Check_Candidate_Comment_After_Dublicate_Candidate_in_HH" storage="c:\users\дмитрийбахтенков\skiz\skillaz-backend\src\skillaz.tests\bin\debug\net5.0\skillaz.tests.dll" id="74983b6a-02a7-c122-3b57-4648c853f989">
      <Execution id="3e2b8e95-e760-4dfd-8d8e-269420423bb2" />
      <TestMethod codeBase="C:\Users\ДмитрийБахтенков\skiz\skillaz-backend\src\Skillaz.Tests\bin\Debug\net5.0\Skillaz.Tests.dll" adapterTypeName="executor://xunit/VsTestRunner2/netcoreapp" className="Skillaz.Tests.CompanySpecific.Avilon.AvilonHHNegotiations_feature" name="Check_Candidate_Comment_After_Dublicate_Candidate_in_HH" />
    </UnitTest>
    <UnitTest name="Skillaz.Tests.SupportChats.SupportChats_feature.Accept_client_chat" storage="c:\users\дмитрийбахтенков\skiz\skillaz-backend\src\skillaz.tests\bin\debug\net5.0\skillaz.tests.dll" id="4ca2daa2-bc33-a608-b0a7-7c4e1d778083">
      <Execution id="c8e95d60-36d3-43e1-bf0c-61d1658a2c6c" />
      <TestMethod codeBase="C:\Users\ДмитрийБахтенков\skiz\skillaz-backend\src\Skillaz.Tests\bin\Debug\net5.0\Skillaz.Tests.dll" adapterTypeName="executor://xunit/VsTestRunner2/netcoreapp" className="Skillaz.Tests.SupportChats.SupportChats_feature" name="Accept_client_chat" />
    </UnitTest>
    <UnitTest name="Skillaz.Tests.WebHooks.WebHooks_feature.SynchronousWebHookTestCreated" storage="c:\users\дмитрийбахтенков\skiz\skillaz-backend\src\skillaz.tests\bin\debug\net5.0\skillaz.tests.dll" id="b4bd26c7-35a1-9c59-b2c6-a3ff99740508">
      <Execution id="3f92b1a1-6176-4152-ae73-ccd806b62676" />
      <TestMethod codeBase="C:\Users\ДмитрийБахтенков\skiz\skillaz-backend\src\Skillaz.Tests\bin\Debug\net5.0\Skillaz.Tests.dll" adapterTypeName="executor://xunit/VsTestRunner2/netcoreapp" className="Skillaz.Tests.WebHooks.WebHooks_feature" name="SynchronousWebHookTestCreated" />
    </UnitTest>
    <UnitTest name="Skillaz.Tests.Request.X5.X5GetRequestListCommand_feature.If_request_address_is_further_than_50_kms_from_candidate_and_candidate_profile_funnel_id_is_logistics_it_should_exist_in_result" storage="c:\users\дмитрийбахтенков\skiz\skillaz-backend\src\skillaz.tests\bin\debug\net5.0\skillaz.tests.dll" id="63ae94e7-b043-706b-ecc5-84700cfe0707">
      <Execution id="283f2bc8-efa4-480e-983b-d3455d76bc57" />
      <TestMethod codeBase="C:\Users\ДмитрийБахтенков\skiz\skillaz-backend\src\Skillaz.Tests\bin\Debug\net5.0\Skillaz.Tests.dll" adapterTypeName="executor://xunit/VsTestRunner2/netcoreapp" className="Skillaz.Tests.Request.X5.X5GetRequestListCommand_feature" name="If_request_address_is_further_than_50_kms_from_candidate_and_candidate_profile_funnel_id_is_logistics_it_should_exist_in_result" />
    </UnitTest>
    <UnitTest name="Skillaz.Tests.Avito.Publications.AvitoPublishVacancyCommand_feature.ErrorProcessingAvitoApiClient_checking_exceptionMessage_with_statuscode_433_and_billingType_package" storage="c:\users\дмитрийбахтенков\skiz\skillaz-backend\src\skillaz.tests\bin\debug\net5.0\skillaz.tests.dll" id="691577ce-ec73-bc6b-8584-d0545c8bdde2">
      <Execution id="683901cb-b757-4f9a-84a8-d232266eb04e" />
      <TestMethod codeBase="C:\Users\ДмитрийБахтенков\skiz\skillaz-backend\src\Skillaz.Tests\bin\Debug\net5.0\Skillaz.Tests.dll" adapterTypeName="executor://xunit/VsTestRunner2/netcoreapp" className="Skillaz.Tests.Avito.Publications.AvitoPublishVacancyCommand_feature" name="ErrorProcessingAvitoApiClient_checking_exceptionMessage_with_statuscode_433_and_billingType_package" />
    </UnitTest>
    <UnitTest name="Skillaz.Tests.Candidate.Workflow.CandidateAddWaySwitchRulesTests.Check_status_switch_rule_when_candidate_create" storage="c:\users\дмитрийбахтенков\skiz\skillaz-backend\src\skillaz.tests\bin\debug\net5.0\skillaz.tests.dll" id="4733d579-f46d-523e-8c35-6fc8bbf17ae1">
      <Execution id="0024de10-4b54-4d2f-87b9-73c142b01bca" />
      <TestMethod codeBase="C:\Users\ДмитрийБахтенков\skiz\skillaz-backend\src\Skillaz.Tests\bin\Debug\net5.0\Skillaz.Tests.dll" adapterTypeName="executor://xunit/VsTestRunner2/netcoreapp" className="Skillaz.Tests.Candidate.Workflow.CandidateAddWaySwitchRulesTests" name="Check_status_switch_rule_when_candidate_create" />
    </UnitTest>
    <UnitTest name="Skillaz.Tests.Configurator.Deduplication.DeduplicationAction_feature.Check_what_one_action_of_deduplication_completed" storage="c:\users\дмитрийбахтенков\skiz\skillaz-backend\src\skillaz.tests\bin\debug\net5.0\skillaz.tests.dll" id="fcad05ed-2bd0-2cd4-f860-402ee32d9cfc">
      <Execution id="08c02f4e-4b28-49ff-8333-3595d8b678ec" />
      <TestMethod codeBase="C:\Users\ДмитрийБахтенков\skiz\skillaz-backend\src\Skillaz.Tests\bin\Debug\net5.0\Skillaz.Tests.dll" adapterTypeName="executor://xunit/VsTestRunner2/netcoreapp" className="Skillaz.Tests.Configurator.Deduplication.DeduplicationAction_feature" name="Check_what_one_action_of_deduplication_completed" />
    </UnitTest>
    <UnitTest name="Skillaz.Tests.Cron.CronScheduleTests.Weekly_job_schedule_works" storage="c:\users\дмитрийбахтенков\skiz\skillaz-backend\src\skillaz.tests\bin\debug\net5.0\skillaz.tests.dll" id="24a6eab6-1f08-48a9-6c1b-64fcbe418c15">
      <Execution id="f567ed31-56bb-4286-8928-98f0d89812a7" />
      <TestMethod codeBase="C:\Users\ДмитрийБахтенков\skiz\skillaz-backend\src\Skillaz.Tests\bin\Debug\net5.0\Skillaz.Tests.dll" adapterTypeName="executor://xunit/VsTestRunner2/netcoreapp" className="Skillaz.Tests.Cron.CronScheduleTests" name="Weekly_job_schedule_works" />
    </UnitTest>
    <UnitTest name="Skillaz.Tests.CompanySpecific.Magnit.MagnitCandidateRatingCalculateKPI_feature.Calculate_KPI" storage="c:\users\дмитрийбахтенков\skiz\skillaz-backend\src\skillaz.tests\bin\debug\net5.0\skillaz.tests.dll" id="4eb16cde-def2-e76a-a857-cbda15229fdc">
      <Execution id="b13d7e8f-46de-49f1-b192-5c6df1925a59" />
      <TestMethod codeBase="C:\Users\ДмитрийБахтенков\skiz\skillaz-backend\src\Skillaz.Tests\bin\Debug\net5.0\Skillaz.Tests.dll" adapterTypeName="executor://xunit/VsTestRunner2/netcoreapp" className="Skillaz.Tests.CompanySpecific.Magnit.MagnitCandidateRatingCalculateKPI_feature" name="Calculate_KPI" />
    </UnitTest>
    <UnitTest name="Skillaz.Tests.CompanySpecific.Perekrestok.PerekrestokRequestPriority_feature.Calculation_request_priority(supermarketType: &quot;Действующий супермаркет&quot;, requestVl: 100, employmentCandidateCount: 0, employmentFinishedCandidateCount: 10, interviewCandidateCount: 0, requestPriority: Low)" storage="c:\users\дмитрийбахтенков\skiz\skillaz-backend\src\skillaz.tests\bin\debug\net5.0\skillaz.tests.dll" id="267b1700-cab0-1502-d511-b624ffddddd7">
      <Execution id="624e7143-6a89-4e66-8de4-53e897afccfb" />
      <TestMethod codeBase="C:\Users\ДмитрийБахтенков\skiz\skillaz-backend\src\Skillaz.Tests\bin\Debug\net5.0\Skillaz.Tests.dll" adapterTypeName="executor://xunit/VsTestRunner2/netcoreapp" className="Skillaz.Tests.CompanySpecific.Perekrestok.PerekrestokRequestPriority_feature" name="Calculation_request_priority" />
    </UnitTest>
    <UnitTest name="Skillaz.Tests.Assessment.Interviews.SelfEntryInterview_feature.Getting_a_self_entry_timeslots_by_request" storage="c:\users\дмитрийбахтенков\skiz\skillaz-backend\src\skillaz.tests\bin\debug\net5.0\skillaz.tests.dll" id="c3eba6a4-a090-11d9-a1b1-50461a57b31b">
      <Execution id="7ff0642c-4653-4d21-b4de-dd9314dda527" />
      <TestMethod codeBase="C:\Users\ДмитрийБахтенков\skiz\skillaz-backend\src\Skillaz.Tests\bin\Debug\net5.0\Skillaz.Tests.dll" adapterTypeName="executor://xunit/VsTestRunner2/netcoreapp" className="Skillaz.Tests.Assessment.Interviews.SelfEntryInterview_feature" name="Getting_a_self_entry_timeslots_by_request" />
    </UnitTest>
    <UnitTest name="Skillaz.Tests.CompanySpecific.Sberbank.SberPositionsTests.SberPositionCommand_should_work_as_expected(vacancyName: &quot;Клиентский менеджер   (премьер)&quot;, expectedPositionId: &quot;client_manger_sber_premier&quot;)" storage="c:\users\дмитрийбахтенков\skiz\skillaz-backend\src\skillaz.tests\bin\debug\net5.0\skillaz.tests.dll" id="51d5d566-4037-d46f-e9fc-59089a914f91">
      <Execution id="422f65f5-6f0e-4887-a9ac-c4e11c28b3c3" />
      <TestMethod codeBase="C:\Users\ДмитрийБахтенков\skiz\skillaz-backend\src\Skillaz.Tests\bin\Debug\net5.0\Skillaz.Tests.dll" adapterTypeName="executor://xunit/VsTestRunner2/netcoreapp" className="Skillaz.Tests.CompanySpecific.Sberbank.SberPositionsTests" name="SberPositionCommand_should_work_as_expected" />
    </UnitTest>
    <UnitTest name="Skillaz.Tests.HH.HHApiClient_feature.HH_API_client_fails_to_create_when_token_was_revoked" storage="c:\users\дмитрийбахтенков\skiz\skillaz-backend\src\skillaz.tests\bin\debug\net5.0\skillaz.tests.dll" id="a74b0ca0-4430-93e9-7398-4ca9cef13ccd">
      <Execution id="aa793ead-d509-4fdc-91af-cb1987519ecb" />
      <TestMethod codeBase="C:\Users\ДмитрийБахтенков\skiz\skillaz-backend\src\Skillaz.Tests\bin\Debug\net5.0\Skillaz.Tests.dll" adapterTypeName="executor://xunit/VsTestRunner2/netcoreapp" className="Skillaz.Tests.HH.HHApiClient_feature" name="HH_API_client_fails_to_create_when_token_was_revoked" />
    </UnitTest>
    <UnitTest name="Skillaz.Tests.Configurator.WorkflowEngine.ConfiguratorWorkflowEngine_check_rules.Check_user_role_not_available" storage="c:\users\дмитрийбахтенков\skiz\skillaz-backend\src\skillaz.tests\bin\debug\net5.0\skillaz.tests.dll" id="54e0a357-6226-62e9-0f38-3039baca7793">
      <Execution id="9e819345-fc21-4997-bc70-3fb87cbcb22c" />
      <TestMethod codeBase="C:\Users\ДмитрийБахтенков\skiz\skillaz-backend\src\Skillaz.Tests\bin\Debug\net5.0\Skillaz.Tests.dll" adapterTypeName="executor://xunit/VsTestRunner2/netcoreapp" className="Skillaz.Tests.Configurator.WorkflowEngine.ConfiguratorWorkflowEngine_check_rules" name="Check_user_role_not_available" />
    </UnitTest>
    <UnitTest name="Skillaz.Tests.TaskTracker.TaskDelayAction_feature.Processing_task_delay_action" storage="c:\users\дмитрийбахтенков\skiz\skillaz-backend\src\skillaz.tests\bin\debug\net5.0\skillaz.tests.dll" id="51802d43-c620-7f99-c5b3-8f0de8358537">
      <Execution id="62854340-3859-404f-b2a8-11d4787f4b1d" />
      <TestMethod codeBase="C:\Users\ДмитрийБахтенков\skiz\skillaz-backend\src\Skillaz.Tests\bin\Debug\net5.0\Skillaz.Tests.dll" adapterTypeName="executor://xunit/VsTestRunner2/netcoreapp" className="Skillaz.Tests.TaskTracker.TaskDelayAction_feature" name="Processing_task_delay_action" />
    </UnitTest>
    <UnitTest name="Skillaz.Tests.Users.SignOutAllUsersJob_feature.Check_deactivation_users" storage="c:\users\дмитрийбахтенков\skiz\skillaz-backend\src\skillaz.tests\bin\debug\net5.0\skillaz.tests.dll" id="cf38923d-76ed-6194-accc-8ba8713a3402">
      <Execution id="0b609158-7b95-4268-a668-43662ebe369d" />
      <TestMethod codeBase="C:\Users\ДмитрийБахтенков\skiz\skillaz-backend\src\Skillaz.Tests\bin\Debug\net5.0\Skillaz.Tests.dll" adapterTypeName="executor://xunit/VsTestRunner2/netcoreapp" className="Skillaz.Tests.Users.SignOutAllUsersJob_feature" name="Check_deactivation_users" />
    </UnitTest>
    <UnitTest name="Skillaz.Tests.Candidate.Elastic.CandidateElasticFiltration_feature.Retrieving_no_candidates_that_had_a_contacts_hidden" storage="c:\users\дмитрийбахтенков\skiz\skillaz-backend\src\skillaz.tests\bin\debug\net5.0\skillaz.tests.dll" id="52192223-a6a2-0233-fd61-5305aec9279b">
      <Execution id="c7c027aa-a5d0-4e7a-99cf-5eab36e538e6" />
      <TestMethod codeBase="C:\Users\ДмитрийБахтенков\skiz\skillaz-backend\src\Skillaz.Tests\bin\Debug\net5.0\Skillaz.Tests.dll" adapterTypeName="executor://xunit/VsTestRunner2/netcoreapp" className="Skillaz.Tests.Candidate.Elastic.CandidateElasticFiltration_feature" name="Retrieving_no_candidates_that_had_a_contacts_hidden" />
    </UnitTest>
    <UnitTest name="Skillaz.Tests.Notifications.EmailAntispam_feature.Send_duplicate_email_to_skillaz_user_by_hash_and_check_it_was_sent" storage="c:\users\дмитрийбахтенков\skiz\skillaz-backend\src\skillaz.tests\bin\debug\net5.0\skillaz.tests.dll" id="a5f9f24a-e89e-0032-eb90-8a3ccabce172">
      <Execution id="6bf0d22b-6918-4c23-bbfe-c4eceb11496d" />
      <TestMethod codeBase="C:\Users\ДмитрийБахтенков\skiz\skillaz-backend\src\Skillaz.Tests\bin\Debug\net5.0\Skillaz.Tests.dll" adapterTypeName="executor://xunit/VsTestRunner2/netcoreapp" className="Skillaz.Tests.Notifications.EmailAntispam_feature" name="Send_duplicate_email_to_skillaz_user_by_hash_and_check_it_was_sent" />
    </UnitTest>
    <UnitTest name="Skillaz.Tests.Candidate.Elastic.CandidateElasticFiltration_feature.Retrieving_a_candidate_by_nonexistent_search_id" storage="c:\users\дмитрийбахтенков\skiz\skillaz-backend\src\skillaz.tests\bin\debug\net5.0\skillaz.tests.dll" id="05ccfd5b-b3a6-770c-5a80-08c83dfcbf56">
      <Execution id="77eb2079-d2f5-4602-bd90-93de4b34af3b" />
      <TestMethod codeBase="C:\Users\ДмитрийБахтенков\skiz\skillaz-backend\src\Skillaz.Tests\bin\Debug\net5.0\Skillaz.Tests.dll" adapterTypeName="executor://xunit/VsTestRunner2/netcoreapp" className="Skillaz.Tests.Candidate.Elastic.CandidateElasticFiltration_feature" name="Retrieving_a_candidate_by_nonexistent_search_id" />
    </UnitTest>
    <UnitTest name="Расширение файла не должно совпадать с его содержимым(fileName: &quot;HtmlAsDoc.doc&quot;, alterName: &quot;.pdf&quot;)" storage="c:\users\дмитрийбахтенков\skiz\skillaz-backend\src\skillaz.tests\bin\debug\net5.0\skillaz.tests.dll" id="e6c7e2a5-db66-79bb-015e-f0e5de7a06ad">
      <Execution id="068e3879-738b-4b8f-b1ba-7b1f7a5cf0f4" />
      <TestMethod codeBase="C:\Users\ДмитрийБахтенков\skiz\skillaz-backend\src\Skillaz.Tests\bin\Debug\net5.0\Skillaz.Tests.dll" adapterTypeName="executor://xunit/VsTestRunner2/netcoreapp" className="Skillaz.Testing.Run.System.Security.FileContentCheckerTests" name="FileExtensionShouldDoNotMatchContent" />
    </UnitTest>
    <UnitTest name="Skillaz.Tests.CompanySpecific.Mvideo.MvideoArchivingHireNeeds_feature.Dont_get_a_org_item_from_open_api_so_archiving_a_hire_heed(planBefore: 0, factBefore: 0, planAfter: 5, factAfter: 3, isArchivedAfter: False)" storage="c:\users\дмитрийбахтенков\skiz\skillaz-backend\src\skillaz.tests\bin\debug\net5.0\skillaz.tests.dll" id="5277af88-cbcf-3231-cfcd-72fb8337d277">
      <Execution id="a0d5fe9f-ddc8-4ba6-8c47-6d46cacad1ef" />
      <TestMethod codeBase="C:\Users\ДмитрийБахтенков\skiz\skillaz-backend\src\Skillaz.Tests\bin\Debug\net5.0\Skillaz.Tests.dll" adapterTypeName="executor://xunit/VsTestRunner2/netcoreapp" className="Skillaz.Tests.CompanySpecific.Mvideo.MvideoArchivingHireNeeds_feature" name="Dont_get_a_org_item_from_open_api_so_archiving_a_hire_heed" />
    </UnitTest>
    <UnitTest name="Skillaz.Tests.Assessment.Questionnaires.VideoQuestionnaire_feature.Getting_a_questionnaire" storage="c:\users\дмитрийбахтенков\skiz\skillaz-backend\src\skillaz.tests\bin\debug\net5.0\skillaz.tests.dll" id="23edb2c8-fcbd-621b-a3de-18d3790e4cf6">
      <Execution id="3509d15d-37ca-4216-91b6-3388bb892c02" />
      <TestMethod codeBase="C:\Users\ДмитрийБахтенков\skiz\skillaz-backend\src\Skillaz.Tests\bin\Debug\net5.0\Skillaz.Tests.dll" adapterTypeName="executor://xunit/VsTestRunner2/netcoreapp" className="Skillaz.Tests.Assessment.Questionnaires.VideoQuestionnaire_feature" name="Getting_a_questionnaire" />
    </UnitTest>
    <UnitTest name="Skillaz.Tests.Candidate.Elastic.CandidateElasticFiltration_feature.Retrieving_a_candidate_that_is_created_after_specific_date" storage="c:\users\дмитрийбахтенков\skiz\skillaz-backend\src\skillaz.tests\bin\debug\net5.0\skillaz.tests.dll" id="e8b02cac-2bf7-d63d-031b-c367723c8128">
      <Execution id="f791650b-5796-46c4-9c44-33f33c018784" />
      <TestMethod codeBase="C:\Users\ДмитрийБахтенков\skiz\skillaz-backend\src\Skillaz.Tests\bin\Debug\net5.0\Skillaz.Tests.dll" adapterTypeName="executor://xunit/VsTestRunner2/netcoreapp" className="Skillaz.Tests.Candidate.Elastic.CandidateElasticFiltration_feature" name="Retrieving_a_candidate_that_is_created_after_specific_date" />
    </UnitTest>
    <UnitTest name="Skillaz.Tests.Telephony.CallList_ExtendFilter_feature.CheckMixedFilterIncludeAndExcludeAnd" storage="c:\users\дмитрийбахтенков\skiz\skillaz-backend\src\skillaz.tests\bin\debug\net5.0\skillaz.tests.dll" id="e34e43da-9466-8a26-567e-4cbe47a492c2">
      <Execution id="64b86cdb-8826-4a88-a4ba-bf52c1df57f2" />
      <TestMethod codeBase="C:\Users\ДмитрийБахтенков\skiz\skillaz-backend\src\Skillaz.Tests\bin\Debug\net5.0\Skillaz.Tests.dll" adapterTypeName="executor://xunit/VsTestRunner2/netcoreapp" className="Skillaz.Tests.Telephony.CallList_ExtendFilter_feature" name="CheckMixedFilterIncludeAndExcludeAnd" />
    </UnitTest>
    <UnitTest name="Skillaz.Tests.Assessment.Questionnaires.AddressQuestionnaire_feature.Creating_a_questionnaire" storage="c:\users\дмитрийбахтенков\skiz\skillaz-backend\src\skillaz.tests\bin\debug\net5.0\skillaz.tests.dll" id="f747cd0c-8db8-cc13-37d8-3c01c5930064">
      <Execution id="ae37cd59-c78f-4c7f-a383-d11090af882f" />
      <TestMethod codeBase="C:\Users\ДмитрийБахтенков\skiz\skillaz-backend\src\Skillaz.Tests\bin\Debug\net5.0\Skillaz.Tests.dll" adapterTypeName="executor://xunit/VsTestRunner2/netcoreapp" className="Skillaz.Tests.Assessment.Questionnaires.AddressQuestionnaire_feature" name="Creating_a_questionnaire" />
    </UnitTest>
    <UnitTest name="Skillaz.Tests.Candidate.CandidateCardNegotiations_feature.Check_publication_info_exists_by_create_candidate_with_configurator_deduplication" storage="c:\users\дмитрийбахтенков\skiz\skillaz-backend\src\skillaz.tests\bin\debug\net5.0\skillaz.tests.dll" id="ff9c4148-5676-ad39-250d-1dae2a06b8a3">
      <Execution id="d2323b8a-c98b-4a17-9a8e-93ba515444e3" />
      <TestMethod codeBase="C:\Users\ДмитрийБахтенков\skiz\skillaz-backend\src\Skillaz.Tests\bin\Debug\net5.0\Skillaz.Tests.dll" adapterTypeName="executor://xunit/VsTestRunner2/netcoreapp" className="Skillaz.Tests.Candidate.CandidateCardNegotiations_feature" name="Check_publication_info_exists_by_create_candidate_with_configurator_deduplication" />
    </UnitTest>
    <UnitTest name="Should create &amp; link questionnaire to vacancy" storage="c:\users\дмитрийбахтенков\skiz\skillaz-backend\src\skillaz.tests\bin\debug\net5.0\skillaz.tests.dll" id="1dae8002-49a0-6cb0-4faa-209b3c30f88a">
      <Execution id="035686d7-1a05-4591-a7fa-93959f78e6dc" />
      <TestMethod codeBase="C:\Users\ДмитрийБахтенков\skiz\skillaz-backend\src\Skillaz.Tests\bin\Debug\net5.0\Skillaz.Tests.dll" adapterTypeName="executor://xunit/VsTestRunner2/netcoreapp" className="Skillaz.Tests.HH.Assessment.HHAssessmentFeature" name="LinkQuestionnaireToVacancy" />
    </UnitTest>
    <UnitTest name="Skillaz.Tests.OrgUnit.OrgUnitExternalIdTests.Test_vacancy_create_with_existed_externalId" storage="c:\users\дмитрийбахтенков\skiz\skillaz-backend\src\skillaz.tests\bin\debug\net5.0\skillaz.tests.dll" id="1aafffcd-3ae6-d69a-1a26-263533fe5c7f">
      <Execution id="fa6090eb-b27e-4106-862f-feb52b70476d" />
      <TestMethod codeBase="C:\Users\ДмитрийБахтенков\skiz\skillaz-backend\src\Skillaz.Tests\bin\Debug\net5.0\Skillaz.Tests.dll" adapterTypeName="executor://xunit/VsTestRunner2/netcoreapp" className="Skillaz.Tests.OrgUnit.OrgUnitExternalIdTests" name="Test_vacancy_create_with_existed_externalId" />
    </UnitTest>
    <UnitTest name="Skillaz.Tests.Candidate.Elastic.CandidateElasticFiltration_feature.Retrieving_no_candidates_by_appointment_filter" storage="c:\users\дмитрийбахтенков\skiz\skillaz-backend\src\skillaz.tests\bin\debug\net5.0\skillaz.tests.dll" id="c5d2b105-a366-0eb6-6104-a05bdd310cbf">
      <Execution id="dc168752-46ae-43ff-a5fd-43ea6f9b3a0a" />
      <TestMethod codeBase="C:\Users\ДмитрийБахтенков\skiz\skillaz-backend\src\Skillaz.Tests\bin\Debug\net5.0\Skillaz.Tests.dll" adapterTypeName="executor://xunit/VsTestRunner2/netcoreapp" className="Skillaz.Tests.Candidate.Elastic.CandidateElasticFiltration_feature" name="Retrieving_no_candidates_by_appointment_filter" />
    </UnitTest>
    <UnitTest name="Skillaz.Tests.WebHooks.WebHooks_feature.FailedHookResend" storage="c:\users\дмитрийбахтенков\skiz\skillaz-backend\src\skillaz.tests\bin\debug\net5.0\skillaz.tests.dll" id="d45b0787-0528-55bf-e2e6-db791350a765">
      <Execution id="e4c85820-5653-4aa7-ac6f-336ce165f942" />
      <TestMethod codeBase="C:\Users\ДмитрийБахтенков\skiz\skillaz-backend\src\Skillaz.Tests\bin\Debug\net5.0\Skillaz.Tests.dll" adapterTypeName="executor://xunit/VsTestRunner2/netcoreapp" className="Skillaz.Tests.WebHooks.WebHooks_feature" name="FailedHookResend" />
    </UnitTest>
    <UnitTest name="Skillaz.Tests.Configurator.DocumentModel.DocumentModelFieldBinderTest.DocumentModelBinderParseForBsonDocumentTest" storage="c:\users\дмитрийбахтенков\skiz\skillaz-backend\src\skillaz.tests\bin\debug\net5.0\skillaz.tests.dll" id="8659df1d-9590-23b9-0105-1a749d3a4d11">
      <Execution id="73888531-177c-40f8-8d69-dd6ff082795d" />
      <TestMethod codeBase="C:\Users\ДмитрийБахтенков\skiz\skillaz-backend\src\Skillaz.Tests\bin\Debug\net5.0\Skillaz.Tests.dll" adapterTypeName="executor://xunit/VsTestRunner2/netcoreapp" className="Skillaz.Tests.Configurator.DocumentModel.DocumentModelFieldBinderTest" name="DocumentModelBinderParseForBsonDocumentTest" />
    </UnitTest>
    <UnitTest name="Skillaz.Tests.Helpers.UrlHelpersTests.NullQueryDoesNotGoesToQueryString" storage="c:\users\дмитрийбахтенков\skiz\skillaz-backend\src\skillaz.tests\bin\debug\net5.0\skillaz.tests.dll" id="c09482a8-5198-3723-da64-f1fefde12383">
      <Execution id="fcb69580-1b14-4ad4-af0b-b7b08581c06c" />
      <TestMethod codeBase="C:\Users\ДмитрийБахтенков\skiz\skillaz-backend\src\Skillaz.Tests\bin\Debug\net5.0\Skillaz.Tests.dll" adapterTypeName="executor://xunit/VsTestRunner2/netcoreapp" className="Skillaz.Tests.Helpers.UrlHelpersTests" name="NullQueryDoesNotGoesToQueryString" />
    </UnitTest>
    <UnitTest name="Skillaz.Tests.DocumentModels.ConvertToDocument.ConvertToDocument_FromUsers_feature.Выполнить_UpdateModel_с_ConvertToDocument_в_FromUsers_и_получить_статус_конвертации" storage="c:\users\дмитрийбахтенков\skiz\skillaz-backend\src\skillaz.tests\bin\debug\net5.0\skillaz.tests.dll" id="31041562-27f5-99fd-0819-76aef126a9b5">
      <Execution id="ac55304e-d99a-42d4-92d2-f79e9b08de0e" />
      <TestMethod codeBase="C:\Users\ДмитрийБахтенков\skiz\skillaz-backend\src\Skillaz.Tests\bin\Debug\net5.0\Skillaz.Tests.dll" adapterTypeName="executor://xunit/VsTestRunner2/netcoreapp" className="Skillaz.Tests.DocumentModels.ConvertToDocument.ConvertToDocument_FromUsers_feature" name="Выполнить_UpdateModel_с_ConvertToDocument_в_FromUsers_и_получить_статус_конвертации" />
    </UnitTest>
    <UnitTest name="Skillaz.Tests.Configurator.SecurityProfile.ConfiguratorSecurityProfileCandidate_feature.Candidate_is_available_by_vacancy_only_rule" storage="c:\users\дмитрийбахтенков\skiz\skillaz-backend\src\skillaz.tests\bin\debug\net5.0\skillaz.tests.dll" id="515eeb7e-61d5-c493-3609-f4fff9d816c8">
      <Execution id="581b825e-198e-4722-8b0c-2d856bef455e" />
      <TestMethod codeBase="C:\Users\ДмитрийБахтенков\skiz\skillaz-backend\src\Skillaz.Tests\bin\Debug\net5.0\Skillaz.Tests.dll" adapterTypeName="executor://xunit/VsTestRunner2/netcoreapp" className="Skillaz.Tests.Configurator.SecurityProfile.ConfiguratorSecurityProfileCandidate_feature" name="Candidate_is_available_by_vacancy_only_rule" />
    </UnitTest>
    <UnitTest name="Skillaz.Tests.Telephony.CallList_ExtendFilter_feature.CheckMultiFilterIncludeAndExludeNegotationCase" storage="c:\users\дмитрийбахтенков\skiz\skillaz-backend\src\skillaz.tests\bin\debug\net5.0\skillaz.tests.dll" id="51071ac4-44ca-c821-fb75-3e43aa51f83d">
      <Execution id="028767df-1ca8-4ab4-92d5-aa16f23836ab" />
      <TestMethod codeBase="C:\Users\ДмитрийБахтенков\skiz\skillaz-backend\src\Skillaz.Tests\bin\Debug\net5.0\Skillaz.Tests.dll" adapterTypeName="executor://xunit/VsTestRunner2/netcoreapp" className="Skillaz.Tests.Telephony.CallList_ExtendFilter_feature" name="CheckMultiFilterIncludeAndExludeNegotationCase" />
    </UnitTest>
    <UnitTest name="Skillaz.Tests.Candidate.Checks.FilterChecksBasedOnIsNeedToShow_feature.Get_candidate_info_for_new_interface_by_valid_user" storage="c:\users\дмитрийбахтенков\skiz\skillaz-backend\src\skillaz.tests\bin\debug\net5.0\skillaz.tests.dll" id="f3339da3-f6da-8651-317e-c68996067358">
      <Execution id="30c84029-d494-41c0-907a-1b8d05e5c160" />
      <TestMethod codeBase="C:\Users\ДмитрийБахтенков\skiz\skillaz-backend\src\Skillaz.Tests\bin\Debug\net5.0\Skillaz.Tests.dll" adapterTypeName="executor://xunit/VsTestRunner2/netcoreapp" className="Skillaz.Tests.Candidate.Checks.FilterChecksBasedOnIsNeedToShow_feature" name="Get_candidate_info_for_new_interface_by_valid_user" />
    </UnitTest>
    <UnitTest name="Skillaz.Tests.DocumentModels.FieldValueComparerTests.IntegerComparison(firstValue: 0, secondValue: 102, result: False)" storage="c:\users\дмитрийбахтенков\skiz\skillaz-backend\src\skillaz.tests\bin\debug\net5.0\skillaz.tests.dll" id="0e49fa36-c03d-50e5-e2ce-bbf4328aa895">
      <Execution id="25741645-aecb-4ccc-ba19-f970fec16580" />
      <TestMethod codeBase="C:\Users\ДмитрийБахтенков\skiz\skillaz-backend\src\Skillaz.Tests\bin\Debug\net5.0\Skillaz.Tests.dll" adapterTypeName="executor://xunit/VsTestRunner2/netcoreapp" className="Skillaz.Tests.DocumentModels.FieldValueComparerTests" name="IntegerComparison" />
    </UnitTest>
    <UnitTest name="Skillaz.Tests.Assessment.Interviews.QuizInterview_feature.Retry_quiz_interview_step_questionnaire" storage="c:\users\дмитрийбахтенков\skiz\skillaz-backend\src\skillaz.tests\bin\debug\net5.0\skillaz.tests.dll" id="9f1ab568-fe5c-ae97-03f5-9fdba4d6e5c1">
      <Execution id="b447da97-628c-45f5-a511-1c5dccf0c6d9" />
      <TestMethod codeBase="C:\Users\ДмитрийБахтенков\skiz\skillaz-backend\src\Skillaz.Tests\bin\Debug\net5.0\Skillaz.Tests.dll" adapterTypeName="executor://xunit/VsTestRunner2/netcoreapp" className="Skillaz.Tests.Assessment.Interviews.QuizInterview_feature" name="Retry_quiz_interview_step_questionnaire" />
    </UnitTest>
    <UnitTest name="Расширение файла не должно совпадать с его содержимым(fileName: &quot;HtmlAsDoc.doc&quot;, alterName: &quot;.rtf&quot;)" storage="c:\users\дмитрийбахтенков\skiz\skillaz-backend\src\skillaz.tests\bin\debug\net5.0\skillaz.tests.dll" id="9b34ba66-0039-995b-0067-149d4c2c686c">
      <Execution id="45e82a4a-a587-4da1-a087-c568c0f6c803" />
      <TestMethod codeBase="C:\Users\ДмитрийБахтенков\skiz\skillaz-backend\src\Skillaz.Tests\bin\Debug\net5.0\Skillaz.Tests.dll" adapterTypeName="executor://xunit/VsTestRunner2/netcoreapp" className="Skillaz.Testing.Run.System.Security.FileContentCheckerTests" name="FileExtensionShouldDoNotMatchContent" />
    </UnitTest>
    <UnitTest name="Skillaz.Tests.Common.DataValidationHelpers.ValidateDateTimeOffset_feature.Date_time_is_empty_not_valid" storage="c:\users\дмитрийбахтенков\skiz\skillaz-backend\src\skillaz.tests\bin\debug\net5.0\skillaz.tests.dll" id="bb038436-80d5-6654-8630-b72855267319">
      <Execution id="1dd918f5-a802-40db-a295-cb8899c57f61" />
      <TestMethod codeBase="C:\Users\ДмитрийБахтенков\skiz\skillaz-backend\src\Skillaz.Tests\bin\Debug\net5.0\Skillaz.Tests.dll" adapterTypeName="executor://xunit/VsTestRunner2/netcoreapp" className="Skillaz.Tests.Common.DataValidationHelpers.ValidateDateTimeOffset_feature" name="Date_time_is_empty_not_valid" />
    </UnitTest>
    <UnitTest name="Skillaz.Tests.Assessment.Interviews.VideoInterview_thread_feature.Switching_a_video_interview_step_status_and_tag_candidate_status" storage="c:\users\дмитрийбахтенков\skiz\skillaz-backend\src\skillaz.tests\bin\debug\net5.0\skillaz.tests.dll" id="80bac9be-9ca6-0bee-26cb-3b0d11e7d7a8">
      <Execution id="a8a96fc1-4da1-4c94-a086-65a215aa26e3" />
      <TestMethod codeBase="C:\Users\ДмитрийБахтенков\skiz\skillaz-backend\src\Skillaz.Tests\bin\Debug\net5.0\Skillaz.Tests.dll" adapterTypeName="executor://xunit/VsTestRunner2/netcoreapp" className="Skillaz.Tests.Assessment.Interviews.VideoInterview_thread_feature" name="Switching_a_video_interview_step_status_and_tag_candidate_status" />
    </UnitTest>
    <UnitTest name="Skillaz.Tests.DocumentModels.LegacyVacancyDocuments.LegacyVacancyDocumentWhereAnd_feature.GetIds_CandidateDatabaseActive" storage="c:\users\дмитрийбахтенков\skiz\skillaz-backend\src\skillaz.tests\bin\debug\net5.0\skillaz.tests.dll" id="25795f7b-62d9-4df9-4e94-2407d9382a95">
      <Execution id="ac81387a-2d03-435b-9d50-a65cd7dd3531" />
      <TestMethod codeBase="C:\Users\ДмитрийБахтенков\skiz\skillaz-backend\src\Skillaz.Tests\bin\Debug\net5.0\Skillaz.Tests.dll" adapterTypeName="executor://xunit/VsTestRunner2/netcoreapp" className="Skillaz.Tests.DocumentModels.LegacyVacancyDocuments.LegacyVacancyDocumentWhereAnd_feature" name="GetIds_CandidateDatabaseActive" />
    </UnitTest>
    <UnitTest name="Skillaz.Tests.DocumentModels.FieldValueReferences.StoreReferences.Проверить_что_при_обновлении_DM_заполняется_FieldValueReferences" storage="c:\users\дмитрийбахтенков\skiz\skillaz-backend\src\skillaz.tests\bin\debug\net5.0\skillaz.tests.dll" id="5e1fdf50-8917-9d6e-1968-97641f344e63">
      <Execution id="f62d897e-34bd-4ade-84f9-c1bebcefdfb4" />
      <TestMethod codeBase="C:\Users\ДмитрийБахтенков\skiz\skillaz-backend\src\Skillaz.Tests\bin\Debug\net5.0\Skillaz.Tests.dll" adapterTypeName="executor://xunit/VsTestRunner2/netcoreapp" className="Skillaz.Tests.DocumentModels.FieldValueReferences.StoreReferences" name="Проверить_что_при_обновлении_DM_заполняется_FieldValueReferences" />
    </UnitTest>
    <UnitTest name="Skillaz.Tests.CompanySpecific.Perekrestok.PerekrestokRequestPriority_feature.Calculation_request_priority(supermarketType: &quot;Действующий супермаркет&quot;, requestVl: -100, employmentCandidateCount: 0, employmentFinishedCandidateCount: 0, interviewCandidateCount: 0, requestPriority: Low)" storage="c:\users\дмитрийбахтенков\skiz\skillaz-backend\src\skillaz.tests\bin\debug\net5.0\skillaz.tests.dll" id="52385d82-f2aa-ce10-1b54-4ce13fedb319">
      <Execution id="b5e69d10-d783-4d11-993f-b68d9b513137" />
      <TestMethod codeBase="C:\Users\ДмитрийБахтенков\skiz\skillaz-backend\src\Skillaz.Tests\bin\Debug\net5.0\Skillaz.Tests.dll" adapterTypeName="executor://xunit/VsTestRunner2/netcoreapp" className="Skillaz.Tests.CompanySpecific.Perekrestok.PerekrestokRequestPriority_feature" name="Calculation_request_priority" />
    </UnitTest>
    <UnitTest name="Skillaz.Tests.CompanySpecific.Magnit.MagnitCandidateKPIRatingCreateTrigger_feature.KPI_candidate_rating_is_not_created(withKPI: null)" storage="c:\users\дмитрийбахтенков\skiz\skillaz-backend\src\skillaz.tests\bin\debug\net5.0\skillaz.tests.dll" id="08f31ff8-da84-d48e-e57b-f317bdefd6a3">
      <Execution id="f03eb32b-a2cd-4c18-90b9-0c54b23397a4" />
      <TestMethod codeBase="C:\Users\ДмитрийБахтенков\skiz\skillaz-backend\src\Skillaz.Tests\bin\Debug\net5.0\Skillaz.Tests.dll" adapterTypeName="executor://xunit/VsTestRunner2/netcoreapp" className="Skillaz.Tests.CompanySpecific.Magnit.MagnitCandidateKPIRatingCreateTrigger_feature" name="KPI_candidate_rating_is_not_created" />
    </UnitTest>
    <UnitTest name="Skillaz.Tests.Assessment.InterviewCreation_feature.Create_an_interview_with_request_security_questionnaire_attribute" storage="c:\users\дмитрийбахтенков\skiz\skillaz-backend\src\skillaz.tests\bin\debug\net5.0\skillaz.tests.dll" id="d45b7a7e-ffae-e79d-af27-9d16eb000f9d">
      <Execution id="06a15b20-dc49-4c21-ac69-5d95428da51b" />
      <TestMethod codeBase="C:\Users\ДмитрийБахтенков\skiz\skillaz-backend\src\Skillaz.Tests\bin\Debug\net5.0\Skillaz.Tests.dll" adapterTypeName="executor://xunit/VsTestRunner2/netcoreapp" className="Skillaz.Tests.Assessment.InterviewCreation_feature" name="Create_an_interview_with_request_security_questionnaire_attribute" />
    </UnitTest>
    <UnitTest name="Skillaz.Tests.Notifications.SendSimpleWhatsAppMessage_feature.SendMessageByVariableVacancyName(phoneNumber: &quot;+7952561111&quot;)" storage="c:\users\дмитрийбахтенков\skiz\skillaz-backend\src\skillaz.tests\bin\debug\net5.0\skillaz.tests.dll" id="dd32c36c-ae59-99d2-c946-e56e98d314b3">
      <Execution id="4da5cc2b-610d-4cd3-bce8-5b751e5f3022" />
      <TestMethod codeBase="C:\Users\ДмитрийБахтенков\skiz\skillaz-backend\src\Skillaz.Tests\bin\Debug\net5.0\Skillaz.Tests.dll" adapterTypeName="executor://xunit/VsTestRunner2/netcoreapp" className="Skillaz.Tests.Notifications.SendSimpleWhatsAppMessage_feature" name="SendMessageByVariableVacancyName" />
    </UnitTest>
    <UnitTest name="Skillaz.Tests.Candidate.CandidateTags.CandidateTagsService_feature.If_current_user_is_not_admin_then_current_user_can_not_create_new_category" storage="c:\users\дмитрийбахтенков\skiz\skillaz-backend\src\skillaz.tests\bin\debug\net5.0\skillaz.tests.dll" id="fc9dd1fa-b73d-90c7-c4dc-9f31a791314f">
      <Execution id="91231bc7-1245-4562-9305-8d74d66659df" />
      <TestMethod codeBase="C:\Users\ДмитрийБахтенков\skiz\skillaz-backend\src\Skillaz.Tests\bin\Debug\net5.0\Skillaz.Tests.dll" adapterTypeName="executor://xunit/VsTestRunner2/netcoreapp" className="Skillaz.Tests.Candidate.CandidateTags.CandidateTagsService_feature" name="If_current_user_is_not_admin_then_current_user_can_not_create_new_category" />
    </UnitTest>
    <UnitTest name="Skillaz.Tests.AsyncEnumerable.AsyncEnumerableTests.Batching_works_for_async_enumerable_when_batches_are_equally_sized(genSize: 10, batchSize: 1)" storage="c:\users\дмитрийбахтенков\skiz\skillaz-backend\src\skillaz.tests\bin\debug\net5.0\skillaz.tests.dll" id="fba1a8f6-1ef7-f36e-55fb-b8c99f2efa92">
      <Execution id="a0e1332f-c419-4e25-a256-1857373b08da" />
      <TestMethod codeBase="C:\Users\ДмитрийБахтенков\skiz\skillaz-backend\src\Skillaz.Tests\bin\Debug\net5.0\Skillaz.Tests.dll" adapterTypeName="executor://xunit/VsTestRunner2/netcoreapp" className="Skillaz.Tests.AsyncEnumerable.AsyncEnumerableTests" name="Batching_works_for_async_enumerable_when_batches_are_equally_sized" />
    </UnitTest>
    <UnitTest name="Skillaz.Tests.CompanySpecific.GazpromNeft.GazpromUploadReferences_feature.Create_multiple_staff_unit_with_equal_azs" storage="c:\users\дмитрийбахтенков\skiz\skillaz-backend\src\skillaz.tests\bin\debug\net5.0\skillaz.tests.dll" id="84d778aa-2de0-c2bd-38bb-9fd7798609bc">
      <Execution id="44068478-d3a3-4b76-bac5-011128140f22" />
      <TestMethod codeBase="C:\Users\ДмитрийБахтенков\skiz\skillaz-backend\src\Skillaz.Tests\bin\Debug\net5.0\Skillaz.Tests.dll" adapterTypeName="executor://xunit/VsTestRunner2/netcoreapp" className="Skillaz.Tests.CompanySpecific.GazpromNeft.GazpromUploadReferences_feature" name="Create_multiple_staff_unit_with_equal_azs" />
    </UnitTest>
    <UnitTest name="Skillaz.Tests.Request.HireRequestRefsOrgUnitPosition_feature.Create_of_a_hire_request_with_linkage_to_org_unit_position" storage="c:\users\дмитрийбахтенков\skiz\skillaz-backend\src\skillaz.tests\bin\debug\net5.0\skillaz.tests.dll" id="ac397fd5-f72f-cfc4-63d1-3d273678265b">
      <Execution id="c2db6595-568c-48b2-b1f0-64e71031dbce" />
      <TestMethod codeBase="C:\Users\ДмитрийБахтенков\skiz\skillaz-backend\src\Skillaz.Tests\bin\Debug\net5.0\Skillaz.Tests.dll" adapterTypeName="executor://xunit/VsTestRunner2/netcoreapp" className="Skillaz.Tests.Request.HireRequestRefsOrgUnitPosition_feature" name="Create_of_a_hire_request_with_linkage_to_org_unit_position" />
    </UnitTest>
    <UnitTest name="Skillaz.Tests.CompanySpecific.Perekrestok.PerekrestokGenerateOrgUnitTimeSlots_feature.CreatingTimeSlotForOrgUnits" storage="c:\users\дмитрийбахтенков\skiz\skillaz-backend\src\skillaz.tests\bin\debug\net5.0\skillaz.tests.dll" id="a0c6ca81-70b6-85ce-8e13-2e3ed93b3565">
      <Execution id="23e3af6e-e407-4019-96c7-58b212fed592" />
      <TestMethod codeBase="C:\Users\ДмитрийБахтенков\skiz\skillaz-backend\src\Skillaz.Tests\bin\Debug\net5.0\Skillaz.Tests.dll" adapterTypeName="executor://xunit/VsTestRunner2/netcoreapp" className="Skillaz.Tests.CompanySpecific.Perekrestok.PerekrestokGenerateOrgUnitTimeSlots_feature" name="CreatingTimeSlotForOrgUnits" />
    </UnitTest>
    <UnitTest name="Skillaz.Tests.Authorization.LoginCommand_feature.Do_incorrect_login_by_username_with_no_attempts_left_expects_ban" storage="c:\users\дмитрийбахтенков\skiz\skillaz-backend\src\skillaz.tests\bin\debug\net5.0\skillaz.tests.dll" id="df338da2-f3b5-3654-fd6c-a007ba790b8c">
      <Execution id="f271cc83-c2fd-4491-84ec-085e3dbcecd7" />
      <TestMethod codeBase="C:\Users\ДмитрийБахтенков\skiz\skillaz-backend\src\Skillaz.Tests\bin\Debug\net5.0\Skillaz.Tests.dll" adapterTypeName="executor://xunit/VsTestRunner2/netcoreapp" className="Skillaz.Tests.Authorization.LoginCommand_feature" name="Do_incorrect_login_by_username_with_no_attempts_left_expects_ban" />
    </UnitTest>
    <UnitTest name="Skillaz.Tests.Assessment.Scenario_feature.Updating_a_scenario" storage="c:\users\дмитрийбахтенков\skiz\skillaz-backend\src\skillaz.tests\bin\debug\net5.0\skillaz.tests.dll" id="3cffc1b5-eb05-f4a4-1ea0-7e2a05c0de16">
      <Execution id="4632210b-c8e4-4139-92ff-eafe9d860744" />
      <TestMethod codeBase="C:\Users\ДмитрийБахтенков\skiz\skillaz-backend\src\Skillaz.Tests\bin\Debug\net5.0\Skillaz.Tests.dll" adapterTypeName="executor://xunit/VsTestRunner2/netcoreapp" className="Skillaz.Tests.Assessment.Scenario_feature" name="Updating_a_scenario" />
    </UnitTest>
    <UnitTest name="Skillaz.Tests.CompanySpecific.Mvideo.MvideoWithoutProfile_feature.Do_create_vacancy_not_open_vacancies" storage="c:\users\дмитрийбахтенков\skiz\skillaz-backend\src\skillaz.tests\bin\debug\net5.0\skillaz.tests.dll" id="ea35ca34-5752-f92b-471f-2c178568180f">
      <Execution id="a8719ab7-3c0a-463d-8887-47f5d944b041" />
      <TestMethod codeBase="C:\Users\ДмитрийБахтенков\skiz\skillaz-backend\src\Skillaz.Tests\bin\Debug\net5.0\Skillaz.Tests.dll" adapterTypeName="executor://xunit/VsTestRunner2/netcoreapp" className="Skillaz.Tests.CompanySpecific.Mvideo.MvideoWithoutProfile_feature" name="Do_create_vacancy_not_open_vacancies" />
    </UnitTest>
    <UnitTest name="Skillaz.Tests.Candidate.Workflow.CandidateTagSwitchRulesTests.Check_use_auto_switch_rule_if_candidate_contains_tag" storage="c:\users\дмитрийбахтенков\skiz\skillaz-backend\src\skillaz.tests\bin\debug\net5.0\skillaz.tests.dll" id="c4214939-2a75-60e3-3417-cd6a3ac7b928">
      <Execution id="ddca216e-afa0-43e1-a11a-c0b133a0eb26" />
      <TestMethod codeBase="C:\Users\ДмитрийБахтенков\skiz\skillaz-backend\src\Skillaz.Tests\bin\Debug\net5.0\Skillaz.Tests.dll" adapterTypeName="executor://xunit/VsTestRunner2/netcoreapp" className="Skillaz.Tests.Candidate.Workflow.CandidateTagSwitchRulesTests" name="Check_use_auto_switch_rule_if_candidate_contains_tag" />
    </UnitTest>
    <UnitTest name="Skillaz.Tests.Notifications.CustomNotifications_feature.GetFunnelStatusIsReturnNotifications(switchType: ByProcess, currentStatusId: &quot;newSms&quot;, emailsCount: 0, smsCount: 2)" storage="c:\users\дмитрийбахтенков\skiz\skillaz-backend\src\skillaz.tests\bin\debug\net5.0\skillaz.tests.dll" id="be16cb1a-37c2-27a3-7a25-0425aaf747da">
      <Execution id="a4215a59-9ad3-4911-9e2e-e9c88283df7d" />
      <TestMethod codeBase="C:\Users\ДмитрийБахтенков\skiz\skillaz-backend\src\Skillaz.Tests\bin\Debug\net5.0\Skillaz.Tests.dll" adapterTypeName="executor://xunit/VsTestRunner2/netcoreapp" className="Skillaz.Tests.Notifications.CustomNotifications_feature" name="GetFunnelStatusIsReturnNotifications" />
    </UnitTest>
    <UnitTest name="Skillaz.Tests.SupportAgents.SupportAgents_feature.Receive_agents_list" storage="c:\users\дмитрийбахтенков\skiz\skillaz-backend\src\skillaz.tests\bin\debug\net5.0\skillaz.tests.dll" id="cd1f0cda-9d03-0245-b208-5abce7515c4c">
      <Execution id="013f7101-09fb-4756-85d9-7ab46cba4361" />
      <TestMethod codeBase="C:\Users\ДмитрийБахтенков\skiz\skillaz-backend\src\Skillaz.Tests\bin\Debug\net5.0\Skillaz.Tests.dll" adapterTypeName="executor://xunit/VsTestRunner2/netcoreapp" className="Skillaz.Tests.SupportAgents.SupportAgents_feature" name="Receive_agents_list" />
    </UnitTest>
    <UnitTest name="Skillaz.Tests.BJ.BJApiClient_feature.BJ_API_anonymous_client_creates_without_accounts" storage="c:\users\дмитрийбахтенков\skiz\skillaz-backend\src\skillaz.tests\bin\debug\net5.0\skillaz.tests.dll" id="a363fd76-cb27-7fd8-2caa-c959d75aeb48">
      <Execution id="c4c52f43-d40e-4219-9d9e-c2dbea5184ee" />
      <TestMethod codeBase="C:\Users\ДмитрийБахтенков\skiz\skillaz-backend\src\Skillaz.Tests\bin\Debug\net5.0\Skillaz.Tests.dll" adapterTypeName="executor://xunit/VsTestRunner2/netcoreapp" className="Skillaz.Tests.BJ.BJApiClient_feature" name="BJ_API_anonymous_client_creates_without_accounts" />
    </UnitTest>
    <UnitTest name="Skillaz.Tests.CompanySpecific.GazpromNeft.GazpromImportBlueReport_feature.Old_request_cancelled_where_position_count_equals_zero" storage="c:\users\дмитрийбахтенков\skiz\skillaz-backend\src\skillaz.tests\bin\debug\net5.0\skillaz.tests.dll" id="9ab708a6-2c36-fc13-e1d9-ba94b256ee60">
      <Execution id="7ee726cf-cfb8-4278-8264-494592a3353c" />
      <TestMethod codeBase="C:\Users\ДмитрийБахтенков\skiz\skillaz-backend\src\Skillaz.Tests\bin\Debug\net5.0\Skillaz.Tests.dll" adapterTypeName="executor://xunit/VsTestRunner2/netcoreapp" className="Skillaz.Tests.CompanySpecific.GazpromNeft.GazpromImportBlueReport_feature" name="Old_request_cancelled_where_position_count_equals_zero" />
    </UnitTest>
    <UnitTest name="Skillaz.Tests.Assessment.InterviewCreation_feature.Create_an_interview_for_funnel_with_two_scenarios_with_right_scenario_for_a_second_status" storage="c:\users\дмитрийбахтенков\skiz\skillaz-backend\src\skillaz.tests\bin\debug\net5.0\skillaz.tests.dll" id="6ca337fc-c157-1be3-1fec-cc5f8eef9c94">
      <Execution id="bd4a59c9-64ab-4cd6-b32d-5bc6099df39d" />
      <TestMethod codeBase="C:\Users\ДмитрийБахтенков\skiz\skillaz-backend\src\Skillaz.Tests\bin\Debug\net5.0\Skillaz.Tests.dll" adapterTypeName="executor://xunit/VsTestRunner2/netcoreapp" className="Skillaz.Tests.Assessment.InterviewCreation_feature" name="Create_an_interview_for_funnel_with_two_scenarios_with_right_scenario_for_a_second_status" />
    </UnitTest>
    <UnitTest name="Skillaz.Tests.CompanySpecific.Perekrestok.PerekrestokOrgUnitPositionCreateOrUpdate_feature.Create_request_for_position_with_vacancy_date_within_next_30_days_percentage_and_fio_" storage="c:\users\дмитрийбахтенков\skiz\skillaz-backend\src\skillaz.tests\bin\debug\net5.0\skillaz.tests.dll" id="edb80607-61a5-a1c0-3b3a-e4b263d16083">
      <Execution id="5e511a47-54c0-435d-bae3-eaa58d589daf" />
      <TestMethod codeBase="C:\Users\ДмитрийБахтенков\skiz\skillaz-backend\src\Skillaz.Tests\bin\Debug\net5.0\Skillaz.Tests.dll" adapterTypeName="executor://xunit/VsTestRunner2/netcoreapp" className="Skillaz.Tests.CompanySpecific.Perekrestok.PerekrestokOrgUnitPositionCreateOrUpdate_feature" name="Create_request_for_position_with_vacancy_date_within_next_30_days_percentage_and_fio_" />
    </UnitTest>
    <UnitTest name="Skillaz.Tests.Candidate.FromForm.CreateFromForm_feature.Candidate_is_created_from_form" storage="c:\users\дмитрийбахтенков\skiz\skillaz-backend\src\skillaz.tests\bin\debug\net5.0\skillaz.tests.dll" id="cb450790-a32f-9934-62a1-3d19451a12f6">
      <Execution id="f17ceb12-537c-4389-a41b-1bebaf6f093a" />
      <TestMethod codeBase="C:\Users\ДмитрийБахтенков\skiz\skillaz-backend\src\Skillaz.Tests\bin\Debug\net5.0\Skillaz.Tests.dll" adapterTypeName="executor://xunit/VsTestRunner2/netcoreapp" className="Skillaz.Tests.Candidate.FromForm.CreateFromForm_feature" name="Candidate_is_created_from_form" />
    </UnitTest>
    <UnitTest name="Skillaz.Tests.Candidate.CandidateVacancyHistory_feature.Когда_кандидат_переводится_на_другую_ванкасию_это_отражается_в_истории" storage="c:\users\дмитрийбахтенков\skiz\skillaz-backend\src\skillaz.tests\bin\debug\net5.0\skillaz.tests.dll" id="75c8f883-b3ce-0f5f-92a5-61da085de1e9">
      <Execution id="3ad1930e-a0dc-4e5e-9541-cf462e1f6505" />
      <TestMethod codeBase="C:\Users\ДмитрийБахтенков\skiz\skillaz-backend\src\Skillaz.Tests\bin\Debug\net5.0\Skillaz.Tests.dll" adapterTypeName="executor://xunit/VsTestRunner2/netcoreapp" className="Skillaz.Tests.Candidate.CandidateVacancyHistory_feature" name="Когда_кандидат_переводится_на_другую_ванкасию_это_отражается_в_истории" />
    </UnitTest>
    <UnitTest name="Skillaz.Tests.Digest.DigestService_feature.Digest_creation" storage="c:\users\дмитрийбахтенков\skiz\skillaz-backend\src\skillaz.tests\bin\debug\net5.0\skillaz.tests.dll" id="99f2d175-1a68-5da2-9ae9-808e3e3bdb17">
      <Execution id="d726175f-2a7c-4334-a06e-a4b135e3c35b" />
      <TestMethod codeBase="C:\Users\ДмитрийБахтенков\skiz\skillaz-backend\src\Skillaz.Tests\bin\Debug\net5.0\Skillaz.Tests.dll" adapterTypeName="executor://xunit/VsTestRunner2/netcoreapp" className="Skillaz.Tests.Digest.DigestService_feature" name="Digest_creation" />
    </UnitTest>
    <UnitTest name="Skillaz.Tests.Candidate.Ratings.CascadeRatingScoreUpdate_feature.Candidate_sub_rating_with_score_created" storage="c:\users\дмитрийбахтенков\skiz\skillaz-backend\src\skillaz.tests\bin\debug\net5.0\skillaz.tests.dll" id="8729c644-a900-e689-b1e6-59aaf5f86153">
      <Execution id="8f1bff6e-1b57-4e5f-8f21-bbfbfb03c464" />
      <TestMethod codeBase="C:\Users\ДмитрийБахтенков\skiz\skillaz-backend\src\Skillaz.Tests\bin\Debug\net5.0\Skillaz.Tests.dll" adapterTypeName="executor://xunit/VsTestRunner2/netcoreapp" className="Skillaz.Tests.Candidate.Ratings.CascadeRatingScoreUpdate_feature" name="Candidate_sub_rating_with_score_created" />
    </UnitTest>
    <UnitTest name="Skillaz.Tests.Assessment.Questionnaires.VideoQuestionnaire_feature.Creating_a_questionnaire" storage="c:\users\дмитрийбахтенков\skiz\skillaz-backend\src\skillaz.tests\bin\debug\net5.0\skillaz.tests.dll" id="92adf676-b599-2ee2-cbae-747e533f9428">
      <Execution id="06649883-c5ed-4629-ac07-6957476f7bf3" />
      <TestMethod codeBase="C:\Users\ДмитрийБахтенков\skiz\skillaz-backend\src\Skillaz.Tests\bin\Debug\net5.0\Skillaz.Tests.dll" adapterTypeName="executor://xunit/VsTestRunner2/netcoreapp" className="Skillaz.Tests.Assessment.Questionnaires.VideoQuestionnaire_feature" name="Creating_a_questionnaire" />
    </UnitTest>
    <UnitTest name="Skillaz.Tests.Configurator.Prioritization.ConfiguratorPrioritizationRequest_feature.Prioritization_by_days_in_work" storage="c:\users\дмитрийбахтенков\skiz\skillaz-backend\src\skillaz.tests\bin\debug\net5.0\skillaz.tests.dll" id="1698f116-eb9c-5b08-ca88-c4d373ec474f">
      <Execution id="4de10d83-5c33-41f3-ae9b-74951453f179" />
      <TestMethod codeBase="C:\Users\ДмитрийБахтенков\skiz\skillaz-backend\src\Skillaz.Tests\bin\Debug\net5.0\Skillaz.Tests.dll" adapterTypeName="executor://xunit/VsTestRunner2/netcoreapp" className="Skillaz.Tests.Configurator.Prioritization.ConfiguratorPrioritizationRequest_feature" name="Prioritization_by_days_in_work" />
    </UnitTest>
    <UnitTest name="Skillaz.Tests.TaskTracker.TaskDashboardController_feature.OpenTask(assigneeUser: null, status: TimeOutsideAvailableRange, addHours: 3, taskStatus: Created)" storage="c:\users\дмитрийбахтенков\skiz\skillaz-backend\src\skillaz.tests\bin\debug\net5.0\skillaz.tests.dll" id="1635eb66-a620-bcc8-9daf-3c6481be8a43">
      <Execution id="60281e89-3741-4058-9c15-86f1c65e02c8" />
      <TestMethod codeBase="C:\Users\ДмитрийБахтенков\skiz\skillaz-backend\src\Skillaz.Tests\bin\Debug\net5.0\Skillaz.Tests.dll" adapterTypeName="executor://xunit/VsTestRunner2/netcoreapp" className="Skillaz.Tests.TaskTracker.TaskDashboardController_feature" name="OpenTask" />
    </UnitTest>
    <UnitTest name="Skillaz.Tests.Authorization.LoginCommand_feature.Do_incorrect_login_by_username_expects_attempts_increment" storage="c:\users\дмитрийбахтенков\skiz\skillaz-backend\src\skillaz.tests\bin\debug\net5.0\skillaz.tests.dll" id="d8f15258-ef5c-40a8-76a4-5331e010e495">
      <Execution id="2aefcfb6-4b51-4ed9-9411-03013cc78154" />
      <TestMethod codeBase="C:\Users\ДмитрийБахтенков\skiz\skillaz-backend\src\Skillaz.Tests\bin\Debug\net5.0\Skillaz.Tests.dll" adapterTypeName="executor://xunit/VsTestRunner2/netcoreapp" className="Skillaz.Tests.Authorization.LoginCommand_feature" name="Do_incorrect_login_by_username_expects_attempts_increment" />
    </UnitTest>
    <UnitTest name="Skillaz.Tests.OrgUnit.OrgUnitHierarchy_feature.Get_org_unit_hierarchy_with_no_security_filter" storage="c:\users\дмитрийбахтенков\skiz\skillaz-backend\src\skillaz.tests\bin\debug\net5.0\skillaz.tests.dll" id="826d90ea-7376-9e0b-80c9-08e9fa6c7a0d">
      <Execution id="45ee7913-21b5-4f69-826e-bdbcbc6e95bf" />
      <TestMethod codeBase="C:\Users\ДмитрийБахтенков\skiz\skillaz-backend\src\Skillaz.Tests\bin\Debug\net5.0\Skillaz.Tests.dll" adapterTypeName="executor://xunit/VsTestRunner2/netcoreapp" className="Skillaz.Tests.OrgUnit.OrgUnitHierarchy_feature" name="Get_org_unit_hierarchy_with_no_security_filter" />
    </UnitTest>
    <UnitTest name="Skillaz.Tests.Assessment.Questionnaires.TalentQQuestionnaire_feature.Updating_a_questionnaire" storage="c:\users\дмитрийбахтенков\skiz\skillaz-backend\src\skillaz.tests\bin\debug\net5.0\skillaz.tests.dll" id="cb54982a-13bf-7291-97d8-11c3796800b3">
      <Execution id="c9a42cc8-5e1f-49f0-9cd3-417471a3dcd8" />
      <TestMethod codeBase="C:\Users\ДмитрийБахтенков\skiz\skillaz-backend\src\Skillaz.Tests\bin\Debug\net5.0\Skillaz.Tests.dll" adapterTypeName="executor://xunit/VsTestRunner2/netcoreapp" className="Skillaz.Tests.Assessment.Questionnaires.TalentQQuestionnaire_feature" name="Updating_a_questionnaire" />
    </UnitTest>
    <UnitTest name="Skillaz.Tests.CompanySpecific.Decathlon.DecathlonCheckJobOfferStateIsApprovedTrigger_feature.No_job_offer_exists" storage="c:\users\дмитрийбахтенков\skiz\skillaz-backend\src\skillaz.tests\bin\debug\net5.0\skillaz.tests.dll" id="4c6f7cee-2f40-e103-21ba-141cd0a7355e">
      <Execution id="7372991e-d718-4887-89a8-e5bf9ecea153" />
      <TestMethod codeBase="C:\Users\ДмитрийБахтенков\skiz\skillaz-backend\src\Skillaz.Tests\bin\Debug\net5.0\Skillaz.Tests.dll" adapterTypeName="executor://xunit/VsTestRunner2/netcoreapp" className="Skillaz.Tests.CompanySpecific.Decathlon.DecathlonCheckJobOfferStateIsApprovedTrigger_feature" name="No_job_offer_exists" />
    </UnitTest>
    <UnitTest name="Skillaz.Tests.Authorization.AuthLoginWorkflowService_Restore_feature.Do_first_step_restore_by_email_expects_link_generation_to_recover_the_password" storage="c:\users\дмитрийбахтенков\skiz\skillaz-backend\src\skillaz.tests\bin\debug\net5.0\skillaz.tests.dll" id="a1bee86b-f7fd-eae1-53d0-4373aeec0e30">
      <Execution id="141cf229-4fbb-4903-9896-a43fc38ca8ec" />
      <TestMethod codeBase="C:\Users\ДмитрийБахтенков\skiz\skillaz-backend\src\Skillaz.Tests\bin\Debug\net5.0\Skillaz.Tests.dll" adapterTypeName="executor://xunit/VsTestRunner2/netcoreapp" className="Skillaz.Tests.Authorization.AuthLoginWorkflowService_Restore_feature" name="Do_first_step_restore_by_email_expects_link_generation_to_recover_the_password" />
    </UnitTest>
    <UnitTest name="Skillaz.Tests.WebHooks.WebHooks_feature.AmountOfResendAttemptsReachedLimit" storage="c:\users\дмитрийбахтенков\skiz\skillaz-backend\src\skillaz.tests\bin\debug\net5.0\skillaz.tests.dll" id="8ada4ab1-481e-f4a5-7449-157924c72819">
      <Execution id="b62caaac-0052-4ceb-8746-cf7f88150ddb" />
      <TestMethod codeBase="C:\Users\ДмитрийБахтенков\skiz\skillaz-backend\src\Skillaz.Tests\bin\Debug\net5.0\Skillaz.Tests.dll" adapterTypeName="executor://xunit/VsTestRunner2/netcoreapp" className="Skillaz.Tests.WebHooks.WebHooks_feature" name="AmountOfResendAttemptsReachedLimit" />
    </UnitTest>
    <UnitTest name="Skillaz.Tests.Candidate.Elastic.CandidateElasticFiltration_feature.Retrieving_a_candidate_that_has_a_resume_that_is_updated_before_specific_date" storage="c:\users\дмитрийбахтенков\skiz\skillaz-backend\src\skillaz.tests\bin\debug\net5.0\skillaz.tests.dll" id="2311e62a-65f0-88ec-b8b4-b4677df09dfe">
      <Execution id="19b52cf9-9e4f-4eea-a16a-f84ee5be3db7" />
      <TestMethod codeBase="C:\Users\ДмитрийБахтенков\skiz\skillaz-backend\src\Skillaz.Tests\bin\Debug\net5.0\Skillaz.Tests.dll" adapterTypeName="executor://xunit/VsTestRunner2/netcoreapp" className="Skillaz.Tests.Candidate.Elastic.CandidateElasticFiltration_feature" name="Retrieving_a_candidate_that_has_a_resume_that_is_updated_before_specific_date" />
    </UnitTest>
    <UnitTest name="Skillaz.Tests.OrgUnit.OrgUnitExternalIdTests.Test_vacancy_update_with_existed_externalId" storage="c:\users\дмитрийбахтенков\skiz\skillaz-backend\src\skillaz.tests\bin\debug\net5.0\skillaz.tests.dll" id="f5d491e7-2aee-6671-4bef-2053089c2273">
      <Execution id="566d3026-d639-4ec0-ab09-4eb059779dc0" />
      <TestMethod codeBase="C:\Users\ДмитрийБахтенков\skiz\skillaz-backend\src\Skillaz.Tests\bin\Debug\net5.0\Skillaz.Tests.dll" adapterTypeName="executor://xunit/VsTestRunner2/netcoreapp" className="Skillaz.Tests.OrgUnit.OrgUnitExternalIdTests" name="Test_vacancy_update_with_existed_externalId" />
    </UnitTest>
    <UnitTest name="Skillaz.Tests.TaskTracker.TaskCreateManually_feature.Creating_task_manually" storage="c:\users\дмитрийбахтенков\skiz\skillaz-backend\src\skillaz.tests\bin\debug\net5.0\skillaz.tests.dll" id="a5fd6427-0efa-aef0-7520-2fa989e5e94a">
      <Execution id="879d7c7b-aac2-4046-b385-eff0e8e4c3ad" />
      <TestMethod codeBase="C:\Users\ДмитрийБахтенков\skiz\skillaz-backend\src\Skillaz.Tests\bin\Debug\net5.0\Skillaz.Tests.dll" adapterTypeName="executor://xunit/VsTestRunner2/netcoreapp" className="Skillaz.Tests.TaskTracker.TaskCreateManually_feature" name="Creating_task_manually" />
    </UnitTest>
    <UnitTest name="Skillaz.Tests.Assessment.Interviews.AudioInterview_feature.Getting_an_interview_result" storage="c:\users\дмитрийбахтенков\skiz\skillaz-backend\src\skillaz.tests\bin\debug\net5.0\skillaz.tests.dll" id="7331f2c9-9096-f35c-90b3-50b40753cd52">
      <Execution id="1ed4fbe7-753a-4aac-9cca-c7f71bd57c95" />
      <TestMethod codeBase="C:\Users\ДмитрийБахтенков\skiz\skillaz-backend\src\Skillaz.Tests\bin\Debug\net5.0\Skillaz.Tests.dll" adapterTypeName="executor://xunit/VsTestRunner2/netcoreapp" className="Skillaz.Tests.Assessment.Interviews.AudioInterview_feature" name="Getting_an_interview_result" />
    </UnitTest>
    <UnitTest name="Skillaz.Tests.TaskTracker.TaskVacancyFilter_feature.Task_is_created_if_vacancy_is_matched_by_vacancy_filter_loaded_from_configuration" storage="c:\users\дмитрийбахтенков\skiz\skillaz-backend\src\skillaz.tests\bin\debug\net5.0\skillaz.tests.dll" id="cd484aa6-bf43-513f-3026-23853ddcd2b2">
      <Execution id="361f11d1-70f7-4abd-bed9-c0bea69b39cd" />
      <TestMethod codeBase="C:\Users\ДмитрийБахтенков\skiz\skillaz-backend\src\Skillaz.Tests\bin\Debug\net5.0\Skillaz.Tests.dll" adapterTypeName="executor://xunit/VsTestRunner2/netcoreapp" className="Skillaz.Tests.TaskTracker.TaskVacancyFilter_feature" name="Task_is_created_if_vacancy_is_matched_by_vacancy_filter_loaded_from_configuration" />
    </UnitTest>
    <UnitTest name="Skillaz.Tests.OpenApi.CandidateProfileApi.FilterCandidateProfile_feature.Candidate_profile_filter_only_archived" storage="c:\users\дмитрийбахтенков\skiz\skillaz-backend\src\skillaz.tests\bin\debug\net5.0\skillaz.tests.dll" id="3fd0ded2-1714-02d5-173f-a740609c4288">
      <Execution id="fdb80d7c-b8ae-4096-b972-78793f7a071d" />
      <TestMethod codeBase="C:\Users\ДмитрийБахтенков\skiz\skillaz-backend\src\Skillaz.Tests\bin\Debug\net5.0\Skillaz.Tests.dll" adapterTypeName="executor://xunit/VsTestRunner2/netcoreapp" className="Skillaz.Tests.OpenApi.CandidateProfileApi.FilterCandidateProfile_feature" name="Candidate_profile_filter_only_archived" />
    </UnitTest>
    <UnitTest name="Skillaz.Tests.CompanySpecific.Mvideo.MvideoWithoutProfile_feature.Do_archived_vacancy_with_open_vacancies" storage="c:\users\дмитрийбахтенков\skiz\skillaz-backend\src\skillaz.tests\bin\debug\net5.0\skillaz.tests.dll" id="ddec4b79-28e7-9393-5dba-0a70df5212fc">
      <Execution id="49cbaea8-ed59-441e-9f4d-fd95d7b97276" />
      <TestMethod codeBase="C:\Users\ДмитрийБахтенков\skiz\skillaz-backend\src\Skillaz.Tests\bin\Debug\net5.0\Skillaz.Tests.dll" adapterTypeName="executor://xunit/VsTestRunner2/netcoreapp" className="Skillaz.Tests.CompanySpecific.Mvideo.MvideoWithoutProfile_feature" name="Do_archived_vacancy_with_open_vacancies" />
    </UnitTest>
    <UnitTest name="Should create &amp; archive questionnaire" storage="c:\users\дмитрийбахтенков\skiz\skillaz-backend\src\skillaz.tests\bin\debug\net5.0\skillaz.tests.dll" id="5f9ce908-f9bd-bfa0-993a-e1ec9cc7fcd9">
      <Execution id="7db056ad-27ed-44cf-aa4b-fb2948bb7997" />
      <TestMethod codeBase="C:\Users\ДмитрийБахтенков\skiz\skillaz-backend\src\Skillaz.Tests\bin\Debug\net5.0\Skillaz.Tests.dll" adapterTypeName="executor://xunit/VsTestRunner2/netcoreapp" className="Skillaz.Tests.HH.Assessment.HHAssessmentFeature" name="ArchiveQuestionnaire" />
    </UnitTest>
    <UnitTest name="Skillaz.Tests.Candidate.Workflow.CreateCandidateCommand_feature.Duplicated_candidate_on_new_vacancy_by_deduplication" storage="c:\users\дмитрийбахтенков\skiz\skillaz-backend\src\skillaz.tests\bin\debug\net5.0\skillaz.tests.dll" id="1e41b325-f949-0211-7305-fed8d85575b1">
      <Execution id="4e2ffa60-6d2f-497f-b3bb-3de7e7f734f6" />
      <TestMethod codeBase="C:\Users\ДмитрийБахтенков\skiz\skillaz-backend\src\Skillaz.Tests\bin\Debug\net5.0\Skillaz.Tests.dll" adapterTypeName="executor://xunit/VsTestRunner2/netcoreapp" className="Skillaz.Tests.Candidate.Workflow.CreateCandidateCommand_feature" name="Duplicated_candidate_on_new_vacancy_by_deduplication" />
    </UnitTest>
    <UnitTest name="Skillaz.Tests.Security.QuerySecurityFilter_feature.Retrieve_query_security_filter" storage="c:\users\дмитрийбахтенков\skiz\skillaz-backend\src\skillaz.tests\bin\debug\net5.0\skillaz.tests.dll" id="a151c569-2791-bb17-31e2-ff3b9195b644">
      <Execution id="5088b17e-087b-451f-abae-443f8d04f609" />
      <TestMethod codeBase="C:\Users\ДмитрийБахтенков\skiz\skillaz-backend\src\Skillaz.Tests\bin\Debug\net5.0\Skillaz.Tests.dll" adapterTypeName="executor://xunit/VsTestRunner2/netcoreapp" className="Skillaz.Tests.Security.QuerySecurityFilter_feature" name="Retrieve_query_security_filter" />
    </UnitTest>
    <UnitTest name="Skillaz.Tests.Assessment.Interviews.VideoInterview_feature.Getting_a_video_interview_result" storage="c:\users\дмитрийбахтенков\skiz\skillaz-backend\src\skillaz.tests\bin\debug\net5.0\skillaz.tests.dll" id="842d3a94-72be-8994-8df2-7bcc724c944a">
      <Execution id="6141e6fc-e1c0-4216-8dbe-900040f5f7c5" />
      <TestMethod codeBase="C:\Users\ДмитрийБахтенков\skiz\skillaz-backend\src\Skillaz.Tests\bin\Debug\net5.0\Skillaz.Tests.dll" adapterTypeName="executor://xunit/VsTestRunner2/netcoreapp" className="Skillaz.Tests.Assessment.Interviews.VideoInterview_feature" name="Getting_a_video_interview_result" />
    </UnitTest>
    <UnitTest name="Расширение файла не должно поддерживается системой(fileName: &quot;Image.webp&quot;)" storage="c:\users\дмитрийбахтенков\skiz\skillaz-backend\src\skillaz.tests\bin\debug\net5.0\skillaz.tests.dll" id="f794f473-ad02-6ab0-a6ad-ccef8c0419b5">
      <Execution id="4f1a1046-ac44-4c32-b4de-a2656f4de9f7" />
      <TestMethod codeBase="C:\Users\ДмитрийБахтенков\skiz\skillaz-backend\src\Skillaz.Tests\bin\Debug\net5.0\Skillaz.Tests.dll" adapterTypeName="executor://xunit/VsTestRunner2/netcoreapp" className="Skillaz.Testing.Run.System.Security.FileContentCheckerTests" name="FileExtensionShouldNotSupported" />
    </UnitTest>
    <UnitTest name="Skillaz.Tests.CompanySpecific.Decathlon.DecathlonRecruiterSecurityProfile_feature.Getting_requests_ignoring_security_profile" storage="c:\users\дмитрийбахтенков\skiz\skillaz-backend\src\skillaz.tests\bin\debug\net5.0\skillaz.tests.dll" id="5a5eebfd-d23e-a7ef-ccde-682440736dfe">
      <Execution id="ec2f7796-7b3d-4ef7-9669-3a927e76d6ec" />
      <TestMethod codeBase="C:\Users\ДмитрийБахтенков\skiz\skillaz-backend\src\Skillaz.Tests\bin\Debug\net5.0\Skillaz.Tests.dll" adapterTypeName="executor://xunit/VsTestRunner2/netcoreapp" className="Skillaz.Tests.CompanySpecific.Decathlon.DecathlonRecruiterSecurityProfile_feature" name="Getting_requests_ignoring_security_profile" />
    </UnitTest>
    <UnitTest name="Skillaz.Tests.Assessment.Questionnaires.ShlQuestionnaire_feature.Getting_a_questionnaire" storage="c:\users\дмитрийбахтенков\skiz\skillaz-backend\src\skillaz.tests\bin\debug\net5.0\skillaz.tests.dll" id="53ec521e-8d72-aab0-c038-3263a35ab2dc">
      <Execution id="93e46fb9-c106-4279-8513-e290059c88fb" />
      <TestMethod codeBase="C:\Users\ДмитрийБахтенков\skiz\skillaz-backend\src\Skillaz.Tests\bin\Debug\net5.0\Skillaz.Tests.dll" adapterTypeName="executor://xunit/VsTestRunner2/netcoreapp" className="Skillaz.Tests.Assessment.Questionnaires.ShlQuestionnaire_feature" name="Getting_a_questionnaire" />
    </UnitTest>
    <UnitTest name="Skillaz.Tests.Helpers.WorkingDaysHelperFeature.FindProductionDates(dateStrings: [&quot;2020-08-15&quot;, &quot;2020-08-17&quot;])" storage="c:\users\дмитрийбахтенков\skiz\skillaz-backend\src\skillaz.tests\bin\debug\net5.0\skillaz.tests.dll" id="e7d9c1a3-446f-52aa-cc8c-612a11989553">
      <Execution id="7a57aa53-108d-46c0-817c-a37f5e332b19" />
      <TestMethod codeBase="C:\Users\ДмитрийБахтенков\skiz\skillaz-backend\src\Skillaz.Tests\bin\Debug\net5.0\Skillaz.Tests.dll" adapterTypeName="executor://xunit/VsTestRunner2/netcoreapp" className="Skillaz.Tests.Helpers.WorkingDaysHelperFeature" name="FindProductionDates" />
    </UnitTest>
    <UnitTest name="Skillaz.Tests.CompanySpecific.Mvideo.MvideoPrepareBatchUpdateRequest_feature.Undefined_users_is_erased_from_dto" storage="c:\users\дмитрийбахтенков\skiz\skillaz-backend\src\skillaz.tests\bin\debug\net5.0\skillaz.tests.dll" id="df5b02a0-93bd-0fb0-8601-e338a1423bd8">
      <Execution id="0495fea6-e09b-46cf-a171-ba1c034791a7" />
      <TestMethod codeBase="C:\Users\ДмитрийБахтенков\skiz\skillaz-backend\src\Skillaz.Tests\bin\Debug\net5.0\Skillaz.Tests.dll" adapterTypeName="executor://xunit/VsTestRunner2/netcoreapp" className="Skillaz.Tests.CompanySpecific.Mvideo.MvideoPrepareBatchUpdateRequest_feature" name="Undefined_users_is_erased_from_dto" />
    </UnitTest>
    <UnitTest name="Skillaz.Tests.CompanySpecific.Mvideo.MvideoOpenApiSapAvaliablePositionsHireNeedBatchRequest_feature.CheckAvaliablePositionsInHireNeedAfterOpenApiRequest_AllRequests" storage="c:\users\дмитрийбахтенков\skiz\skillaz-backend\src\skillaz.tests\bin\debug\net5.0\skillaz.tests.dll" id="37e6c8b1-fcd9-734e-b323-21d4c73996f9">
      <Execution id="7719bf65-feed-4c8c-a69f-ef42a06fbace" />
      <TestMethod codeBase="C:\Users\ДмитрийБахтенков\skiz\skillaz-backend\src\Skillaz.Tests\bin\Debug\net5.0\Skillaz.Tests.dll" adapterTypeName="executor://xunit/VsTestRunner2/netcoreapp" className="Skillaz.Tests.CompanySpecific.Mvideo.MvideoOpenApiSapAvaliablePositionsHireNeedBatchRequest_feature" name="CheckAvaliablePositionsInHireNeedAfterOpenApiRequest_AllRequests" />
    </UnitTest>
    <UnitTest name="Skillaz.Tests.CompanySpecific.Sberbank.SberPositionsTests.SberPositionCommand_should_work_as_expected(vacancyName: &quot;Клиентский менеджер микро&quot;, expectedPositionId: &quot;client_manger_sber_mmb&quot;)" storage="c:\users\дмитрийбахтенков\skiz\skillaz-backend\src\skillaz.tests\bin\debug\net5.0\skillaz.tests.dll" id="9292ced7-5ff7-fb88-6d15-d75c6f445f46">
      <Execution id="e3b3a700-cfb8-4f2a-b321-836729f7297b" />
      <TestMethod codeBase="C:\Users\ДмитрийБахтенков\skiz\skillaz-backend\src\Skillaz.Tests\bin\Debug\net5.0\Skillaz.Tests.dll" adapterTypeName="executor://xunit/VsTestRunner2/netcoreapp" className="Skillaz.Tests.CompanySpecific.Sberbank.SberPositionsTests" name="SberPositionCommand_should_work_as_expected" />
    </UnitTest>
    <UnitTest name="Skillaz.Tests.Candidate.AddOrUpdateCandidatesExternalLinkCommand_feature.Add_2_new_links_to_candidate" storage="c:\users\дмитрийбахтенков\skiz\skillaz-backend\src\skillaz.tests\bin\debug\net5.0\skillaz.tests.dll" id="e297c288-2c32-21e7-34f6-d146ed67ee02">
      <Execution id="18a7fc13-caaf-4a5a-891b-1f7c7e21f632" />
      <TestMethod codeBase="C:\Users\ДмитрийБахтенков\skiz\skillaz-backend\src\Skillaz.Tests\bin\Debug\net5.0\Skillaz.Tests.dll" adapterTypeName="executor://xunit/VsTestRunner2/netcoreapp" className="Skillaz.Tests.Candidate.AddOrUpdateCandidatesExternalLinkCommand_feature" name="Add_2_new_links_to_candidate" />
    </UnitTest>
    <UnitTest name="Skillaz.Tests.Assessment.Interviews.VideoInterview_thread_feature.Switching_a_video_interview_step_status_and_tag" storage="c:\users\дмитрийбахтенков\skiz\skillaz-backend\src\skillaz.tests\bin\debug\net5.0\skillaz.tests.dll" id="11a96181-7863-409c-34a9-df0093caa1ae">
      <Execution id="61d18f2e-34bb-4f44-bebe-4c5d37a6865f" />
      <TestMethod codeBase="C:\Users\ДмитрийБахтенков\skiz\skillaz-backend\src\Skillaz.Tests\bin\Debug\net5.0\Skillaz.Tests.dll" adapterTypeName="executor://xunit/VsTestRunner2/netcoreapp" className="Skillaz.Tests.Assessment.Interviews.VideoInterview_thread_feature" name="Switching_a_video_interview_step_status_and_tag" />
    </UnitTest>
    <UnitTest name="Skillaz.Tests.Candidate.Appointments.SetAppointmentOnStatusChange_feature.Switch_candidate_to_refuse_type_status_with_occupied_self_entry_time_slots" storage="c:\users\дмитрийбахтенков\skiz\skillaz-backend\src\skillaz.tests\bin\debug\net5.0\skillaz.tests.dll" id="5f949fbb-ff82-7f81-62ca-b425fbb8e287">
      <Execution id="b54c2a68-4fa5-4cd1-ade4-63e045713361" />
      <TestMethod codeBase="C:\Users\ДмитрийБахтенков\skiz\skillaz-backend\src\Skillaz.Tests\bin\Debug\net5.0\Skillaz.Tests.dll" adapterTypeName="executor://xunit/VsTestRunner2/netcoreapp" className="Skillaz.Tests.Candidate.Appointments.SetAppointmentOnStatusChange_feature" name="Switch_candidate_to_refuse_type_status_with_occupied_self_entry_time_slots" />
    </UnitTest>
    <UnitTest name="Skillaz.Tests.Helpers.WorkingDaysHelperFeature.FindProductionDates(dateStrings: [&quot;2020-11-01&quot;, &quot;2020-11-02&quot;, &quot;2020-11-15&quot;, &quot;2020-11-16&quot;, &quot;2020-11-03&quot;, ...])" storage="c:\users\дмитрийбахтенков\skiz\skillaz-backend\src\skillaz.tests\bin\debug\net5.0\skillaz.tests.dll" id="19234de8-22f9-919f-e6fa-109db48790a5">
      <Execution id="12e47171-8c6d-4ec1-b1d5-5b483334bda1" />
      <TestMethod codeBase="C:\Users\ДмитрийБахтенков\skiz\skillaz-backend\src\Skillaz.Tests\bin\Debug\net5.0\Skillaz.Tests.dll" adapterTypeName="executor://xunit/VsTestRunner2/netcoreapp" className="Skillaz.Tests.Helpers.WorkingDaysHelperFeature" name="FindProductionDates" />
    </UnitTest>
    <UnitTest name="Skillaz.Tests.Notifications.EmailTemplateBuilderTest.Проверка_парсинга_шаблона_для_email" storage="c:\users\дмитрийбахтенков\skiz\skillaz-backend\src\skillaz.tests\bin\debug\net5.0\skillaz.tests.dll" id="0dcf65a9-55d0-eb07-f284-10bcade7db8f">
      <Execution id="b42686db-464a-4f92-a228-ee7c12821724" />
      <TestMethod codeBase="C:\Users\ДмитрийБахтенков\skiz\skillaz-backend\src\Skillaz.Tests\bin\Debug\net5.0\Skillaz.Tests.dll" adapterTypeName="executor://xunit/VsTestRunner2/netcoreapp" className="Skillaz.Tests.Notifications.EmailTemplateBuilderTest" name="Проверка_парсинга_шаблона_для_email" />
    </UnitTest>
    <UnitTest name="Skillaz.Tests.Configurator.Deduplication.UpdateCandidateTest.Перевести_кандидата_на_новую_вакансию" storage="c:\users\дмитрийбахтенков\skiz\skillaz-backend\src\skillaz.tests\bin\debug\net5.0\skillaz.tests.dll" id="868b9e44-a7e7-e799-a4da-195cd031a8c8">
      <Execution id="8016ddb4-dbcf-4079-8ba0-82fa043e9656" />
      <TestMethod codeBase="C:\Users\ДмитрийБахтенков\skiz\skillaz-backend\src\Skillaz.Tests\bin\Debug\net5.0\Skillaz.Tests.dll" adapterTypeName="executor://xunit/VsTestRunner2/netcoreapp" className="Skillaz.Tests.Configurator.Deduplication.UpdateCandidateTest" name="Перевести_кандидата_на_новую_вакансию" />
    </UnitTest>
    <UnitTest name="Skillaz.Tests.Helpers.WorkingDaysHelperFeature.FindProductionDates(dateStrings: [&quot;2021-01-01&quot;, &quot;2021-01-02&quot;, &quot;2021-01-15&quot;, &quot;2021-01-16&quot;, &quot;2021-01-11&quot;, ...])" storage="c:\users\дмитрийбахтенков\skiz\skillaz-backend\src\skillaz.tests\bin\debug\net5.0\skillaz.tests.dll" id="68cf73f3-4c26-6d2b-eed2-f4e60f84b8a5">
      <Execution id="d50a8c17-e26d-4ee6-a589-c9db7117b274" />
      <TestMethod codeBase="C:\Users\ДмитрийБахтенков\skiz\skillaz-backend\src\Skillaz.Tests\bin\Debug\net5.0\Skillaz.Tests.dll" adapterTypeName="executor://xunit/VsTestRunner2/netcoreapp" className="Skillaz.Tests.Helpers.WorkingDaysHelperFeature" name="FindProductionDates" />
    </UnitTest>
    <UnitTest name="Skillaz.Tests.Candidate.RestrictionsVisibilityCandidatesStatuses_feature.User_has_different_visibility_statuses_and_he_cant_see_candidates2" storage="c:\users\дмитрийбахтенков\skiz\skillaz-backend\src\skillaz.tests\bin\debug\net5.0\skillaz.tests.dll" id="b028be82-03d0-7462-f5b5-37f3904e7a61">
      <Execution id="c8da35b3-3a4d-42e6-9b19-51254767f233" />
      <TestMethod codeBase="C:\Users\ДмитрийБахтенков\skiz\skillaz-backend\src\Skillaz.Tests\bin\Debug\net5.0\Skillaz.Tests.dll" adapterTypeName="executor://xunit/VsTestRunner2/netcoreapp" className="Skillaz.Tests.Candidate.RestrictionsVisibilityCandidatesStatuses_feature" name="User_has_different_visibility_statuses_and_he_cant_see_candidates2" />
    </UnitTest>
    <UnitTest name="Should get BusinessException because of non-exists Company or non-exists User(jwt: &quot;eyJraWQiOiJoaF92aWRlb19pbnRlcnZpZXdfc2tpbGxheiIsIm&quot;...)" storage="c:\users\дмитрийбахтенков\skiz\skillaz-backend\src\skillaz.tests\bin\debug\net5.0\skillaz.tests.dll" id="185dface-623f-aecc-65dc-ef1a5f863d67">
      <Execution id="8fcade20-370e-4a4f-9e99-92d5072a92a2" />
      <TestMethod codeBase="C:\Users\ДмитрийБахтенков\skiz\skillaz-backend\src\Skillaz.Tests\bin\Debug\net5.0\Skillaz.Tests.dll" adapterTypeName="executor://xunit/VsTestRunner2/netcoreapp" className="Skillaz.Tests.HH.Assessment.HHAssessmentFeature" name="GetBusinessException" />
    </UnitTest>
    <UnitTest name="Skillaz.Tests.Configurator.Editor.ChangeTracking.Проверить_статус_строк" storage="c:\users\дмитрийбахтенков\skiz\skillaz-backend\src\skillaz.tests\bin\debug\net5.0\skillaz.tests.dll" id="039c8bb6-d52e-2d76-6a67-8cefd92eaaa5">
      <Execution id="915e76b0-f7e0-4d93-8d11-869ebcc856f3" />
      <TestMethod codeBase="C:\Users\ДмитрийБахтенков\skiz\skillaz-backend\src\Skillaz.Tests\bin\Debug\net5.0\Skillaz.Tests.dll" adapterTypeName="executor://xunit/VsTestRunner2/netcoreapp" className="Skillaz.Tests.Configurator.Editor.ChangeTracking" name="Проверить_статус_строк" />
    </UnitTest>
    <UnitTest name="Skillaz.Tests.Validators.ListSizeFieldValidator_feature.Should_show_default_size_not_equal_error_message_when_validate" storage="c:\users\дмитрийбахтенков\skiz\skillaz-backend\src\skillaz.tests\bin\debug\net5.0\skillaz.tests.dll" id="e7e0f521-2210-e3b8-073a-a44b8f42ad57">
      <Execution id="563f9d62-597f-4281-9bad-a8221f7d26db" />
      <TestMethod codeBase="C:\Users\ДмитрийБахтенков\skiz\skillaz-backend\src\Skillaz.Tests\bin\Debug\net5.0\Skillaz.Tests.dll" adapterTypeName="executor://xunit/VsTestRunner2/netcoreapp" className="Skillaz.Tests.Validators.ListSizeFieldValidator_feature" name="Should_show_default_size_not_equal_error_message_when_validate" />
    </UnitTest>
    <UnitTest name="Skillaz.Tests.TaskTracker.TaskVacancyFilter_feature.Task_is_not_created_if_vacancy_is_not_matched_by_vacancy_filter" storage="c:\users\дмитрийбахтенков\skiz\skillaz-backend\src\skillaz.tests\bin\debug\net5.0\skillaz.tests.dll" id="0bbc467c-b09d-7dd4-c170-a47e9ceeb39a">
      <Execution id="be6d5c9e-f6c0-4102-b809-dd4cd9b58e42" />
      <TestMethod codeBase="C:\Users\ДмитрийБахтенков\skiz\skillaz-backend\src\Skillaz.Tests\bin\Debug\net5.0\Skillaz.Tests.dll" adapterTypeName="executor://xunit/VsTestRunner2/netcoreapp" className="Skillaz.Tests.TaskTracker.TaskVacancyFilter_feature" name="Task_is_not_created_if_vacancy_is_not_matched_by_vacancy_filter" />
    </UnitTest>
    <UnitTest name="Skillaz.Tests.Notifications.Workflow.WorkflowNotificationParameters_feature.Attempt_send_email_notification_with_request_url_for_request_workflow" storage="c:\users\дмитрийбахтенков\skiz\skillaz-backend\src\skillaz.tests\bin\debug\net5.0\skillaz.tests.dll" id="cef075e6-c1cf-3449-7cd8-7902cf96efe1">
      <Execution id="cd7bd39d-9acd-4369-b46f-557c4cc79537" />
      <TestMethod codeBase="C:\Users\ДмитрийБахтенков\skiz\skillaz-backend\src\Skillaz.Tests\bin\Debug\net5.0\Skillaz.Tests.dll" adapterTypeName="executor://xunit/VsTestRunner2/netcoreapp" className="Skillaz.Tests.Notifications.Workflow.WorkflowNotificationParameters_feature" name="Attempt_send_email_notification_with_request_url_for_request_workflow" />
    </UnitTest>
    <UnitTest name="Skillaz.Tests.CompanySpecific.X5.X5Deduplication_feature.By_phone_number_and_email" storage="c:\users\дмитрийбахтенков\skiz\skillaz-backend\src\skillaz.tests\bin\debug\net5.0\skillaz.tests.dll" id="38ffa8cd-0743-ba20-ee92-ddb319b038c4">
      <Execution id="02ad29b6-e48e-4816-b54e-0270f0bbea7f" />
      <TestMethod codeBase="C:\Users\ДмитрийБахтенков\skiz\skillaz-backend\src\Skillaz.Tests\bin\Debug\net5.0\Skillaz.Tests.dll" adapterTypeName="executor://xunit/VsTestRunner2/netcoreapp" className="Skillaz.Tests.CompanySpecific.X5.X5Deduplication_feature" name="By_phone_number_and_email" />
    </UnitTest>
    <UnitTest name="Skillaz.Tests.HH.HHApiClient_feature.HH_API_client_creates_with_expired_authorization" storage="c:\users\дмитрийбахтенков\skiz\skillaz-backend\src\skillaz.tests\bin\debug\net5.0\skillaz.tests.dll" id="a2088b85-598f-e2ef-11a5-20e7c73a9884">
      <Execution id="2126136b-c8e1-4361-b5ba-73b42d47ebb1" />
      <TestMethod codeBase="C:\Users\ДмитрийБахтенков\skiz\skillaz-backend\src\Skillaz.Tests\bin\Debug\net5.0\Skillaz.Tests.dll" adapterTypeName="executor://xunit/VsTestRunner2/netcoreapp" className="Skillaz.Tests.HH.HHApiClient_feature" name="HH_API_client_creates_with_expired_authorization" />
    </UnitTest>
    <UnitTest name="Skillaz.Tests.BJ.BJReactions_feature.No_negotiations_are_loaded_when_vacancy_has_no_negotiations" storage="c:\users\дмитрийбахтенков\skiz\skillaz-backend\src\skillaz.tests\bin\debug\net5.0\skillaz.tests.dll" id="a433a805-618c-605a-3acd-b65f1dcd84e9">
      <Execution id="1cc2183c-86ab-4852-9bcd-3f102c85b7b8" />
      <TestMethod codeBase="C:\Users\ДмитрийБахтенков\skiz\skillaz-backend\src\Skillaz.Tests\bin\Debug\net5.0\Skillaz.Tests.dll" adapterTypeName="executor://xunit/VsTestRunner2/netcoreapp" className="Skillaz.Tests.BJ.BJReactions_feature" name="No_negotiations_are_loaded_when_vacancy_has_no_negotiations" />
    </UnitTest>
    <UnitTest name="Skillaz.Tests.Assessment.Questionnaires.ProActionQuestionnaire_feature.Creating_a_questionnaire" storage="c:\users\дмитрийбахтенков\skiz\skillaz-backend\src\skillaz.tests\bin\debug\net5.0\skillaz.tests.dll" id="30b852dc-c8b4-beab-11da-528bed2a3e69">
      <Execution id="98a0b77c-5f0e-475d-8197-18f0a64e6570" />
      <TestMethod codeBase="C:\Users\ДмитрийБахтенков\skiz\skillaz-backend\src\Skillaz.Tests\bin\Debug\net5.0\Skillaz.Tests.dll" adapterTypeName="executor://xunit/VsTestRunner2/netcoreapp" className="Skillaz.Tests.Assessment.Questionnaires.ProActionQuestionnaire_feature" name="Creating_a_questionnaire" />
    </UnitTest>
    <UnitTest name="Skillaz.Tests.TaskTracker.SystemTaskNotificationSending_feature.Immediately_sending_of_system_task_notifications" storage="c:\users\дмитрийбахтенков\skiz\skillaz-backend\src\skillaz.tests\bin\debug\net5.0\skillaz.tests.dll" id="11b19972-1f32-ab64-bdb5-4ea61a1129f4">
      <Execution id="74c2266b-33b3-4051-8a44-61ef4639bd18" />
      <TestMethod codeBase="C:\Users\ДмитрийБахтенков\skiz\skillaz-backend\src\Skillaz.Tests\bin\Debug\net5.0\Skillaz.Tests.dll" adapterTypeName="executor://xunit/VsTestRunner2/netcoreapp" className="Skillaz.Tests.TaskTracker.SystemTaskNotificationSending_feature" name="Immediately_sending_of_system_task_notifications" />
    </UnitTest>
    <UnitTest name="Skillaz.Tests.Assessment.Questionnaires.AudioQuestionnaire_feature.Creating_a_questionnaire" storage="c:\users\дмитрийбахтенков\skiz\skillaz-backend\src\skillaz.tests\bin\debug\net5.0\skillaz.tests.dll" id="92003874-582a-a72a-ed0b-a674d10f1dc9">
      <Execution id="912882f7-2d1e-425e-9c4f-087d25cf2005" />
      <TestMethod codeBase="C:\Users\ДмитрийБахтенков\skiz\skillaz-backend\src\Skillaz.Tests\bin\Debug\net5.0\Skillaz.Tests.dll" adapterTypeName="executor://xunit/VsTestRunner2/netcoreapp" className="Skillaz.Tests.Assessment.Questionnaires.AudioQuestionnaire_feature" name="Creating_a_questionnaire" />
    </UnitTest>
    <UnitTest name="Skillaz.Tests.Authorization.LoginCommand_feature.Do_incorrect_login_by_email_with_no_attempts_left_expects_ban" storage="c:\users\дмитрийбахтенков\skiz\skillaz-backend\src\skillaz.tests\bin\debug\net5.0\skillaz.tests.dll" id="c1886587-27cb-44a9-0709-e7df7f454574">
      <Execution id="61882c3c-6b6a-494d-afea-b55168d77277" />
      <TestMethod codeBase="C:\Users\ДмитрийБахтенков\skiz\skillaz-backend\src\Skillaz.Tests\bin\Debug\net5.0\Skillaz.Tests.dll" adapterTypeName="executor://xunit/VsTestRunner2/netcoreapp" className="Skillaz.Tests.Authorization.LoginCommand_feature" name="Do_incorrect_login_by_email_with_no_attempts_left_expects_ban" />
    </UnitTest>
    <UnitTest name="Skillaz.Tests.TaskTracker.TaskNotificationCurrentDay_feature.TaskNotificationCurrentDay" storage="c:\users\дмитрийбахтенков\skiz\skillaz-backend\src\skillaz.tests\bin\debug\net5.0\skillaz.tests.dll" id="6b98a108-7d78-10ce-f300-63c385f3a49d">
      <Execution id="bc6f61f5-08a1-40e9-a795-2dda201849ff" />
      <TestMethod codeBase="C:\Users\ДмитрийБахтенков\skiz\skillaz-backend\src\Skillaz.Tests\bin\Debug\net5.0\Skillaz.Tests.dll" adapterTypeName="executor://xunit/VsTestRunner2/netcoreapp" className="Skillaz.Tests.TaskTracker.TaskNotificationCurrentDay_feature" name="TaskNotificationCurrentDay" />
    </UnitTest>
    <UnitTest name="Skillaz.Tests.DocumentModels.ConvertToDocument.ConvertToDocument_Result_feature.Выполнить_UpdateModel_с_ConvertToDocument_и_получить_статус_конвертации" storage="c:\users\дмитрийбахтенков\skiz\skillaz-backend\src\skillaz.tests\bin\debug\net5.0\skillaz.tests.dll" id="19d57e96-a268-254e-ecba-d615d8be5b07">
      <Execution id="cc00fc07-6e2d-4870-bcff-b722e82376ef" />
      <TestMethod codeBase="C:\Users\ДмитрийБахтенков\skiz\skillaz-backend\src\Skillaz.Tests\bin\Debug\net5.0\Skillaz.Tests.dll" adapterTypeName="executor://xunit/VsTestRunner2/netcoreapp" className="Skillaz.Tests.DocumentModels.ConvertToDocument.ConvertToDocument_Result_feature" name="Выполнить_UpdateModel_с_ConvertToDocument_и_получить_статус_конвертации" />
    </UnitTest>
    <UnitTest name="Для 1 и 2 числа перенос на 16 этого месяца, для 15 и 16 перенос на 2 следующего месяца(dateStrings: [&quot;2020-11-01&quot;, &quot;2020-11-02&quot;, &quot;2020-11-17&quot;])" storage="c:\users\дмитрийбахтенков\skiz\skillaz-backend\src\skillaz.tests\bin\debug\net5.0\skillaz.tests.dll" id="00e05b85-eb33-5bb3-18be-2fa7af96537c">
      <Execution id="11707032-6d6d-42a1-a8af-a9dde7d470b8" />
      <TestMethod codeBase="C:\Users\ДмитрийБахтенков\skiz\skillaz-backend\src\Skillaz.Tests\bin\Debug\net5.0\Skillaz.Tests.dll" adapterTypeName="executor://xunit/VsTestRunner2/netcoreapp" className="Skillaz.Tests.CompanySpecific.Sberbank.SberbankHhLeadgenCreationStrategyFeature" name="FindProductionDateForEndDate" />
    </UnitTest>
    <UnitTest name="Skillaz.Tests.Configurator.DocumentModel.CandidateProfileExcludeCurrentValue.Поле_похожие_профили_не_содержит_исходного_профиля" storage="c:\users\дмитрийбахтенков\skiz\skillaz-backend\src\skillaz.tests\bin\debug\net5.0\skillaz.tests.dll" id="8437e574-9089-9cd4-9362-c1f69c2cffef">
      <Execution id="7e222116-aae4-4a2a-9f46-b13e18e5d39e" />
      <TestMethod codeBase="C:\Users\ДмитрийБахтенков\skiz\skillaz-backend\src\Skillaz.Tests\bin\Debug\net5.0\Skillaz.Tests.dll" adapterTypeName="executor://xunit/VsTestRunner2/netcoreapp" className="Skillaz.Tests.Configurator.DocumentModel.CandidateProfileExcludeCurrentValue" name="Поле_похожие_профили_не_содержит_исходного_профиля" />
    </UnitTest>
    <UnitTest name="Skillaz.Tests.CompanySpecific.Decathlon.DecathlonRecruiterSecurityProfile_feature.Getting_allowed_requests" storage="c:\users\дмитрийбахтенков\skiz\skillaz-backend\src\skillaz.tests\bin\debug\net5.0\skillaz.tests.dll" id="4c05415c-98be-1c34-f9aa-c60d217227e0">
      <Execution id="5db6d5d2-e605-414a-b9e3-8d184cc08041" />
      <TestMethod codeBase="C:\Users\ДмитрийБахтенков\skiz\skillaz-backend\src\Skillaz.Tests\bin\Debug\net5.0\Skillaz.Tests.dll" adapterTypeName="executor://xunit/VsTestRunner2/netcoreapp" className="Skillaz.Tests.CompanySpecific.Decathlon.DecathlonRecruiterSecurityProfile_feature" name="Getting_allowed_requests" />
    </UnitTest>
    <UnitTest name="Skillaz.Tests.Candidate.CandidateTags.CandidateTagsService_feature.If_current_user_is_not_admin_then_current_user_can_not_change_new_category" storage="c:\users\дмитрийбахтенков\skiz\skillaz-backend\src\skillaz.tests\bin\debug\net5.0\skillaz.tests.dll" id="db8ff3e6-4925-9926-8a25-93a35b9735f4">
      <Execution id="3c8c675b-321b-4a26-a8c3-a1e27c6a9937" />
      <TestMethod codeBase="C:\Users\ДмитрийБахтенков\skiz\skillaz-backend\src\Skillaz.Tests\bin\Debug\net5.0\Skillaz.Tests.dll" adapterTypeName="executor://xunit/VsTestRunner2/netcoreapp" className="Skillaz.Tests.Candidate.CandidateTags.CandidateTagsService_feature" name="If_current_user_is_not_admin_then_current_user_can_not_change_new_category" />
    </UnitTest>
    <UnitTest name="Skillaz.Tests.BJ.BJApiClient_feature.BJ_API_client_creates_when_token_is_not_expired_but_expire_date_has_come" storage="c:\users\дмитрийбахтенков\skiz\skillaz-backend\src\skillaz.tests\bin\debug\net5.0\skillaz.tests.dll" id="82e69f68-c925-20bd-0dd1-706d0ad6c0f1">
      <Execution id="2fcec1eb-cbf7-4c7a-8949-9b7d58017cac" />
      <TestMethod codeBase="C:\Users\ДмитрийБахтенков\skiz\skillaz-backend\src\Skillaz.Tests\bin\Debug\net5.0\Skillaz.Tests.dll" adapterTypeName="executor://xunit/VsTestRunner2/netcoreapp" className="Skillaz.Tests.BJ.BJApiClient_feature" name="BJ_API_client_creates_when_token_is_not_expired_but_expire_date_has_come" />
    </UnitTest>
    <UnitTest name="Skillaz.Tests.Candidate.Workflow.CandidateAddWaySwitchRulesTests.Check_rule_working_when_status_changed" storage="c:\users\дмитрийбахтенков\skiz\skillaz-backend\src\skillaz.tests\bin\debug\net5.0\skillaz.tests.dll" id="c3f36319-a6ac-72c6-de73-7091eaa30e7e">
      <Execution id="fd436c70-34d8-4845-8997-d97c276855b0" />
      <TestMethod codeBase="C:\Users\ДмитрийБахтенков\skiz\skillaz-backend\src\Skillaz.Tests\bin\Debug\net5.0\Skillaz.Tests.dll" adapterTypeName="executor://xunit/VsTestRunner2/netcoreapp" className="Skillaz.Tests.Candidate.Workflow.CandidateAddWaySwitchRulesTests" name="Check_rule_working_when_status_changed" />
    </UnitTest>
    <UnitTest name="Skillaz.Tests.CompanySpecific.Mvideo.MvideoOpenApiBatchRequest_feature.Обновляет_пользователей_директоров_и_очищает_им_права_когда_из_сап_приходит_пользователь_без_прав" storage="c:\users\дмитрийбахтенков\skiz\skillaz-backend\src\skillaz.tests\bin\debug\net5.0\skillaz.tests.dll" id="0f6f8c80-604c-ad79-a57b-471713f95022">
      <Execution id="872d5431-5c8f-40e4-bf54-2ebfb511b925" />
      <TestMethod codeBase="C:\Users\ДмитрийБахтенков\skiz\skillaz-backend\src\Skillaz.Tests\bin\Debug\net5.0\Skillaz.Tests.dll" adapterTypeName="executor://xunit/VsTestRunner2/netcoreapp" className="Skillaz.Tests.CompanySpecific.Mvideo.MvideoOpenApiBatchRequest_feature" name="Обновляет_пользователей_директоров_и_очищает_им_права_когда_из_сап_приходит_пользователь_без_прав" />
    </UnitTest>
    <UnitTest name="Skillaz.Tests.Candidate.CandidateTimezone_feature.Set_candidate_timezone" storage="c:\users\дмитрийбахтенков\skiz\skillaz-backend\src\skillaz.tests\bin\debug\net5.0\skillaz.tests.dll" id="a76e4c95-5302-a9e1-2b63-98f889bf2827">
      <Execution id="bf05d3f4-3df6-423b-a2c3-046f37ab76b1" />
      <TestMethod codeBase="C:\Users\ДмитрийБахтенков\skiz\skillaz-backend\src\Skillaz.Tests\bin\Debug\net5.0\Skillaz.Tests.dll" adapterTypeName="executor://xunit/VsTestRunner2/netcoreapp" className="Skillaz.Tests.Candidate.CandidateTimezone_feature" name="Set_candidate_timezone" />
    </UnitTest>
    <UnitTest name="Skillaz.Tests.CompanySpecific.Sberbank.SberPositionsTests.SberPositionCommand_should_work_as_expected(vacancyName: &quot;гпрфцзпрфцхрпцфрп&quot;, expectedPositionId: &quot;other&quot;)" storage="c:\users\дмитрийбахтенков\skiz\skillaz-backend\src\skillaz.tests\bin\debug\net5.0\skillaz.tests.dll" id="c9cb86e4-431e-0d7d-4b9c-298df44c8374">
      <Execution id="86bb1401-c8bf-4218-9cf0-fcd1301b520b" />
      <TestMethod codeBase="C:\Users\ДмитрийБахтенков\skiz\skillaz-backend\src\Skillaz.Tests\bin\Debug\net5.0\Skillaz.Tests.dll" adapterTypeName="executor://xunit/VsTestRunner2/netcoreapp" className="Skillaz.Tests.CompanySpecific.Sberbank.SberPositionsTests" name="SberPositionCommand_should_work_as_expected" />
    </UnitTest>
    <UnitTest name="Skillaz.Tests.Authorization.AuthLoginWorkflowService_Login_feature.Do_incorrect_login_by_username_ensure_wrong_credentials_exceptions_throws" storage="c:\users\дмитрийбахтенков\skiz\skillaz-backend\src\skillaz.tests\bin\debug\net5.0\skillaz.tests.dll" id="3b1a27c7-1160-4cdb-556f-3aed9fa2c08f">
      <Execution id="867d0afe-a735-4b1b-a673-46f4d1a19415" />
      <TestMethod codeBase="C:\Users\ДмитрийБахтенков\skiz\skillaz-backend\src\Skillaz.Tests\bin\Debug\net5.0\Skillaz.Tests.dll" adapterTypeName="executor://xunit/VsTestRunner2/netcoreapp" className="Skillaz.Tests.Authorization.AuthLoginWorkflowService_Login_feature" name="Do_incorrect_login_by_username_ensure_wrong_credentials_exceptions_throws" />
    </UnitTest>
    <UnitTest name="Skillaz.Tests.Validators.RequiredFieldValidator_feature.Should_show_default_error_message_when_validate" storage="c:\users\дмитрийбахтенков\skiz\skillaz-backend\src\skillaz.tests\bin\debug\net5.0\skillaz.tests.dll" id="6e10e462-4c9e-7d77-9f3b-3787c32e8727">
      <Execution id="43912d89-e250-48d5-9a9b-c2415036a5c3" />
      <TestMethod codeBase="C:\Users\ДмитрийБахтенков\skiz\skillaz-backend\src\Skillaz.Tests\bin\Debug\net5.0\Skillaz.Tests.dll" adapterTypeName="executor://xunit/VsTestRunner2/netcoreapp" className="Skillaz.Tests.Validators.RequiredFieldValidator_feature" name="Should_show_default_error_message_when_validate" />
    </UnitTest>
    <UnitTest name="Skillaz.Tests.Candidate.Elastic.CandidateElasticFiltration_feature.Retrieving_no_candidates_by_history_statuses" storage="c:\users\дмитрийбахтенков\skiz\skillaz-backend\src\skillaz.tests\bin\debug\net5.0\skillaz.tests.dll" id="70bc78fa-e216-2e23-87c0-5abb2f910b5f">
      <Execution id="937b335c-5f9c-4756-8bc0-a3e3b43673b4" />
      <TestMethod codeBase="C:\Users\ДмитрийБахтенков\skiz\skillaz-backend\src\Skillaz.Tests\bin\Debug\net5.0\Skillaz.Tests.dll" adapterTypeName="executor://xunit/VsTestRunner2/netcoreapp" className="Skillaz.Tests.Candidate.Elastic.CandidateElasticFiltration_feature" name="Retrieving_no_candidates_by_history_statuses" />
    </UnitTest>
    <UnitTest name="Skillaz.Tests.Notifications.AvitoMessenger_feature.Mark_all_message_as_read" storage="c:\users\дмитрийбахтенков\skiz\skillaz-backend\src\skillaz.tests\bin\debug\net5.0\skillaz.tests.dll" id="f47fda96-d607-dcf3-e6a6-2f89e73ed517">
      <Execution id="18952c1e-326d-488e-a43f-760ff3a18334" />
      <TestMethod codeBase="C:\Users\ДмитрийБахтенков\skiz\skillaz-backend\src\Skillaz.Tests\bin\Debug\net5.0\Skillaz.Tests.dll" adapterTypeName="executor://xunit/VsTestRunner2/netcoreapp" className="Skillaz.Tests.Notifications.AvitoMessenger_feature" name="Mark_all_message_as_read" />
    </UnitTest>
    <UnitTest name="Skillaz.Tests.Authorization.LoginCommand_feature.Do_incorrect_login_by_username_ensure_wrong_credentials_exceptions_throws" storage="c:\users\дмитрийбахтенков\skiz\skillaz-backend\src\skillaz.tests\bin\debug\net5.0\skillaz.tests.dll" id="3625dfd5-b327-9004-dd9a-0cd17ff517d9">
      <Execution id="035a0aa6-4cd1-4559-b1dc-1ac0b4adeb4f" />
      <TestMethod codeBase="C:\Users\ДмитрийБахтенков\skiz\skillaz-backend\src\Skillaz.Tests\bin\Debug\net5.0\Skillaz.Tests.dll" adapterTypeName="executor://xunit/VsTestRunner2/netcoreapp" className="Skillaz.Tests.Authorization.LoginCommand_feature" name="Do_incorrect_login_by_username_ensure_wrong_credentials_exceptions_throws" />
    </UnitTest>
    <UnitTest name="Skillaz.Tests.CompanySpecific.X5.X5OpenApiHireNeedUpdate_feature.HireNeed_profile_should_be_set_on_create" storage="c:\users\дмитрийбахтенков\skiz\skillaz-backend\src\skillaz.tests\bin\debug\net5.0\skillaz.tests.dll" id="1eb0f777-7aba-e451-3544-4de0fe3ed5aa">
      <Execution id="61094f29-989a-4e4d-9a23-2dca468cd5e2" />
      <TestMethod codeBase="C:\Users\ДмитрийБахтенков\skiz\skillaz-backend\src\Skillaz.Tests\bin\Debug\net5.0\Skillaz.Tests.dll" adapterTypeName="executor://xunit/VsTestRunner2/netcoreapp" className="Skillaz.Tests.CompanySpecific.X5.X5OpenApiHireNeedUpdate_feature" name="HireNeed_profile_should_be_set_on_create" />
    </UnitTest>
    <UnitTest name="Skillaz.Tests.AutoComplete.RequestAutoCompleteControllerGetRequests_feature.AutoComplete_with_states_and_state_types(states: [&quot;unknownState&quot;], stateTypes: null)" storage="c:\users\дмитрийбахтенков\skiz\skillaz-backend\src\skillaz.tests\bin\debug\net5.0\skillaz.tests.dll" id="b942f58c-e563-dd0f-a48c-68d3747f1e24">
      <Execution id="71ea4335-b161-4d06-bcb0-b63123f20cdc" />
      <TestMethod codeBase="C:\Users\ДмитрийБахтенков\skiz\skillaz-backend\src\Skillaz.Tests\bin\Debug\net5.0\Skillaz.Tests.dll" adapterTypeName="executor://xunit/VsTestRunner2/netcoreapp" className="Skillaz.Tests.AutoComplete.RequestAutoCompleteControllerGetRequests_feature" name="AutoComplete_with_states_and_state_types" />
    </UnitTest>
    <UnitTest name="Skillaz.Tests.Configurator.ConfiguratorDraftTests.Воронка_для_работы_из_Current_при_наличии_Draft" storage="c:\users\дмитрийбахтенков\skiz\skillaz-backend\src\skillaz.tests\bin\debug\net5.0\skillaz.tests.dll" id="d915ca16-9da2-6d2f-7067-f8475ed0a0f5">
      <Execution id="2bfeb15a-4ee1-4beb-a065-9b64ee39d6bc" />
      <TestMethod codeBase="C:\Users\ДмитрийБахтенков\skiz\skillaz-backend\src\Skillaz.Tests\bin\Debug\net5.0\Skillaz.Tests.dll" adapterTypeName="executor://xunit/VsTestRunner2/netcoreapp" className="Skillaz.Tests.Configurator.ConfiguratorDraftTests" name="Воронка_для_работы_из_Current_при_наличии_Draft" />
    </UnitTest>
    <UnitTest name="Skillaz.Tests.Assessment.Scenario_feature.Setting_a_default_scenario" storage="c:\users\дмитрийбахтенков\skiz\skillaz-backend\src\skillaz.tests\bin\debug\net5.0\skillaz.tests.dll" id="ee4aadbf-a15e-2271-cf96-d004deeff9d6">
      <Execution id="b5e5a4d0-b520-48b1-987a-a52dc7391e07" />
      <TestMethod codeBase="C:\Users\ДмитрийБахтенков\skiz\skillaz-backend\src\Skillaz.Tests\bin\Debug\net5.0\Skillaz.Tests.dll" adapterTypeName="executor://xunit/VsTestRunner2/netcoreapp" className="Skillaz.Tests.Assessment.Scenario_feature" name="Setting_a_default_scenario" />
    </UnitTest>
    <UnitTest name="Skillaz.Tests.Publication.VacancyPublicationRule_feature.Vacancy_publication_rule_does_not_publish_vacancy_second_time" storage="c:\users\дмитрийбахтенков\skiz\skillaz-backend\src\skillaz.tests\bin\debug\net5.0\skillaz.tests.dll" id="e98ecf02-9a98-579c-eff5-198f1ec590b6">
      <Execution id="4503d1a8-ee8f-4511-9560-2f9733e57e92" />
      <TestMethod codeBase="C:\Users\ДмитрийБахтенков\skiz\skillaz-backend\src\Skillaz.Tests\bin\Debug\net5.0\Skillaz.Tests.dll" adapterTypeName="executor://xunit/VsTestRunner2/netcoreapp" className="Skillaz.Tests.Publication.VacancyPublicationRule_feature" name="Vacancy_publication_rule_does_not_publish_vacancy_second_time" />
    </UnitTest>
    <UnitTest name="Skillaz.Tests.Notifications.Workflow.WorkflowNotificationParameters_feature.Attempt_send_email_notification_with_workflow_comment_for_actually_request_workflow" storage="c:\users\дмитрийбахтенков\skiz\skillaz-backend\src\skillaz.tests\bin\debug\net5.0\skillaz.tests.dll" id="24f96f6a-9831-f2cd-8e32-69ed7d21d955">
      <Execution id="c11e312c-7480-4508-9527-376ab366447b" />
      <TestMethod codeBase="C:\Users\ДмитрийБахтенков\skiz\skillaz-backend\src\Skillaz.Tests\bin\Debug\net5.0\Skillaz.Tests.dll" adapterTypeName="executor://xunit/VsTestRunner2/netcoreapp" className="Skillaz.Tests.Notifications.Workflow.WorkflowNotificationParameters_feature" name="Attempt_send_email_notification_with_workflow_comment_for_actually_request_workflow" />
    </UnitTest>
    <UnitTest name="Skillaz.Tests.Configurator.Filter.ConfiguratorRequestFilter_feature.Ensure_that_filter_by_hire_request_type_return_available_values_when_three_request_types" storage="c:\users\дмитрийбахтенков\skiz\skillaz-backend\src\skillaz.tests\bin\debug\net5.0\skillaz.tests.dll" id="0526bb89-e3e6-9814-3fcb-4bb8ecaa89e9">
      <Execution id="494a693e-9168-41ba-a0c8-0cc295acd3dc" />
      <TestMethod codeBase="C:\Users\ДмитрийБахтенков\skiz\skillaz-backend\src\Skillaz.Tests\bin\Debug\net5.0\Skillaz.Tests.dll" adapterTypeName="executor://xunit/VsTestRunner2/netcoreapp" className="Skillaz.Tests.Configurator.Filter.ConfiguratorRequestFilter_feature" name="Ensure_that_filter_by_hire_request_type_return_available_values_when_three_request_types" />
    </UnitTest>
    <UnitTest name="Skillaz.Tests.OrgUnit.OrgUnitExternalIdTests.Test_candidateProfile_create_with_existed_externalId" storage="c:\users\дмитрийбахтенков\skiz\skillaz-backend\src\skillaz.tests\bin\debug\net5.0\skillaz.tests.dll" id="a8ff91a7-b735-09cc-ac05-1298d7c8358c">
      <Execution id="b766a624-bfaa-4d8f-9068-758ed2ce69e5" />
      <TestMethod codeBase="C:\Users\ДмитрийБахтенков\skiz\skillaz-backend\src\Skillaz.Tests\bin\Debug\net5.0\Skillaz.Tests.dll" adapterTypeName="executor://xunit/VsTestRunner2/netcoreapp" className="Skillaz.Tests.OrgUnit.OrgUnitExternalIdTests" name="Test_candidateProfile_create_with_existed_externalId" />
    </UnitTest>
    <UnitTest name="Skillaz.Tests.Notifications.EmailAntispam_feature.Send_duplicate_email_to_regular_user_by_hash_and_check_it_was_not_sent" storage="c:\users\дмитрийбахтенков\skiz\skillaz-backend\src\skillaz.tests\bin\debug\net5.0\skillaz.tests.dll" id="33c7d7b6-575b-dafb-3655-c921ce8aad6e">
      <Execution id="cdce4889-d691-4db3-9521-a0bc8fda7a0d" />
      <TestMethod codeBase="C:\Users\ДмитрийБахтенков\skiz\skillaz-backend\src\Skillaz.Tests\bin\Debug\net5.0\Skillaz.Tests.dll" adapterTypeName="executor://xunit/VsTestRunner2/netcoreapp" className="Skillaz.Tests.Notifications.EmailAntispam_feature" name="Send_duplicate_email_to_regular_user_by_hash_and_check_it_was_not_sent" />
    </UnitTest>
    <UnitTest name="Skillaz.Tests.Vacancy.CompanySpecific.MvideoMassMarkedCandidateDatabase_feature.Switching_status_on_suitedButNotMe_sets_MarkedAtDateToSendToReserve_to_true" storage="c:\users\дмитрийбахтенков\skiz\skillaz-backend\src\skillaz.tests\bin\debug\net5.0\skillaz.tests.dll" id="68e7083c-6901-b7a7-4d4f-c99579897219">
      <Execution id="7f0162f9-c6d6-4064-a1ea-d6aef09afa0f" />
      <TestMethod codeBase="C:\Users\ДмитрийБахтенков\skiz\skillaz-backend\src\Skillaz.Tests\bin\Debug\net5.0\Skillaz.Tests.dll" adapterTypeName="executor://xunit/VsTestRunner2/netcoreapp" className="Skillaz.Tests.Vacancy.CompanySpecific.MvideoMassMarkedCandidateDatabase_feature" name="Switching_status_on_suitedButNotMe_sets_MarkedAtDateToSendToReserve_to_true" />
    </UnitTest>
    <UnitTest name="Skillaz.Tests.Candidate.Elastic.CandidateElasticFiltration_feature.Retrieving_a_candidate_by_existing_search_id" storage="c:\users\дмитрийбахтенков\skiz\skillaz-backend\src\skillaz.tests\bin\debug\net5.0\skillaz.tests.dll" id="76150b2d-765b-1f6f-f18c-eceeda4ad122">
      <Execution id="59d7cf8b-dc65-4375-8fe4-c7eefa2bb0a8" />
      <TestMethod codeBase="C:\Users\ДмитрийБахтенков\skiz\skillaz-backend\src\Skillaz.Tests\bin\Debug\net5.0\Skillaz.Tests.dll" adapterTypeName="executor://xunit/VsTestRunner2/netcoreapp" className="Skillaz.Tests.Candidate.Elastic.CandidateElasticFiltration_feature" name="Retrieving_a_candidate_by_existing_search_id" />
    </UnitTest>
    <UnitTest name="Skillaz.Tests.Validators.ListSizeFieldValidator_feature.Should_show_overriden_list_bigger_error_message_when_validate" storage="c:\users\дмитрийбахтенков\skiz\skillaz-backend\src\skillaz.tests\bin\debug\net5.0\skillaz.tests.dll" id="e894d167-d134-2c41-e94c-e778d316b710">
      <Execution id="b85b5dbd-2a11-42ba-aee8-af72b3bbea37" />
      <TestMethod codeBase="C:\Users\ДмитрийБахтенков\skiz\skillaz-backend\src\Skillaz.Tests\bin\Debug\net5.0\Skillaz.Tests.dll" adapterTypeName="executor://xunit/VsTestRunner2/netcoreapp" className="Skillaz.Tests.Validators.ListSizeFieldValidator_feature" name="Should_show_overriden_list_bigger_error_message_when_validate" />
    </UnitTest>
    <UnitTest name="Skillaz.Tests.Configurator.Deduplication.UpdateCandidateByRuleTest.Check_Action_UpdateSource_AddWay_Negotiations_Change_Source" storage="c:\users\дмитрийбахтенков\skiz\skillaz-backend\src\skillaz.tests\bin\debug\net5.0\skillaz.tests.dll" id="00e8828d-1806-fe6f-71f7-5c64ecd9e761">
      <Execution id="90fe2a83-7f19-4c73-96a5-d840e21d095d" />
      <TestMethod codeBase="C:\Users\ДмитрийБахтенков\skiz\skillaz-backend\src\Skillaz.Tests\bin\Debug\net5.0\Skillaz.Tests.dll" adapterTypeName="executor://xunit/VsTestRunner2/netcoreapp" className="Skillaz.Tests.Configurator.Deduplication.UpdateCandidateByRuleTest" name="Check_Action_UpdateSource_AddWay_Negotiations_Change_Source" />
    </UnitTest>
    <UnitTest name="Skillaz.Tests.Assessment.Interviews.ProActionInterview_feature.Getting_a_pro_action_interview" storage="c:\users\дмитрийбахтенков\skiz\skillaz-backend\src\skillaz.tests\bin\debug\net5.0\skillaz.tests.dll" id="b4fd2066-aaa5-d2d8-494b-bdda9bb1f2cd">
      <Execution id="d3119527-4785-4ecb-b489-45e9bfa12d1a" />
      <TestMethod codeBase="C:\Users\ДмитрийБахтенков\skiz\skillaz-backend\src\Skillaz.Tests\bin\Debug\net5.0\Skillaz.Tests.dll" adapterTypeName="executor://xunit/VsTestRunner2/netcoreapp" className="Skillaz.Tests.Assessment.Interviews.ProActionInterview_feature" name="Getting_a_pro_action_interview" />
    </UnitTest>
    <UnitTest name="Skillaz.Tests.Candidate.Checks.FilterChecksBasedOnIsNeedToShow_feature.Get_candidate_check_list_by_admin_user" storage="c:\users\дмитрийбахтенков\skiz\skillaz-backend\src\skillaz.tests\bin\debug\net5.0\skillaz.tests.dll" id="ce4d0946-c3dc-3a48-31f0-e21bc61f7a25">
      <Execution id="f6793946-4905-436c-8a61-25fdf098fc59" />
      <TestMethod codeBase="C:\Users\ДмитрийБахтенков\skiz\skillaz-backend\src\Skillaz.Tests\bin\Debug\net5.0\Skillaz.Tests.dll" adapterTypeName="executor://xunit/VsTestRunner2/netcoreapp" className="Skillaz.Tests.Candidate.Checks.FilterChecksBasedOnIsNeedToShow_feature" name="Get_candidate_check_list_by_admin_user" />
    </UnitTest>
    <UnitTest name="Skillaz.Tests.CompanySpecific.Mvideo.MvideoOpenApiBatchRequest_feature.Создает_пользователей_и_проставляет_scope_Директору_Магазина" storage="c:\users\дмитрийбахтенков\skiz\skillaz-backend\src\skillaz.tests\bin\debug\net5.0\skillaz.tests.dll" id="4f75ad3f-8b95-cd8c-9bd5-ac8d81a09141">
      <Execution id="762ed919-d325-40e5-b5e8-76f5c26721e9" />
      <TestMethod codeBase="C:\Users\ДмитрийБахтенков\skiz\skillaz-backend\src\Skillaz.Tests\bin\Debug\net5.0\Skillaz.Tests.dll" adapterTypeName="executor://xunit/VsTestRunner2/netcoreapp" className="Skillaz.Tests.CompanySpecific.Mvideo.MvideoOpenApiBatchRequest_feature" name="Создает_пользователей_и_проставляет_scope_Директору_Магазина" />
    </UnitTest>
    <UnitTest name="Skillaz.Tests.CompanySpecific.X5.X5Deduplication_feature.By_tabel_number_and_vacancy_but_fired_reservists" storage="c:\users\дмитрийбахтенков\skiz\skillaz-backend\src\skillaz.tests\bin\debug\net5.0\skillaz.tests.dll" id="163f7b9e-335e-ce4b-224f-332b032bff09">
      <Execution id="bcd35c40-936f-4b5e-bcdf-ef7c404e9765" />
      <TestMethod codeBase="C:\Users\ДмитрийБахтенков\skiz\skillaz-backend\src\Skillaz.Tests\bin\Debug\net5.0\Skillaz.Tests.dll" adapterTypeName="executor://xunit/VsTestRunner2/netcoreapp" className="Skillaz.Tests.CompanySpecific.X5.X5Deduplication_feature" name="By_tabel_number_and_vacancy_but_fired_reservists" />
    </UnitTest>
    <UnitTest name="Skillaz.Tests.Infra.GetNonRandomizedHashCode.Test(str: &quot;Some Other String&quot;, hash: -1939723398)" storage="c:\users\дмитрийбахтенков\skiz\skillaz-backend\src\skillaz.tests\bin\debug\net5.0\skillaz.tests.dll" id="44546cdf-1546-6baf-5661-5edc56f5fc22">
      <Execution id="42780fcd-c052-41f7-9cd9-fe6ee55216f6" />
      <TestMethod codeBase="C:\Users\ДмитрийБахтенков\skiz\skillaz-backend\src\Skillaz.Tests\bin\Debug\net5.0\Skillaz.Tests.dll" adapterTypeName="executor://xunit/VsTestRunner2/netcoreapp" className="Skillaz.Tests.Infra.GetNonRandomizedHashCode" name="Test" />
    </UnitTest>
    <UnitTest name="Skillaz.Tests.Configurator.DocumentModel.Builder.Зарегистрировать_модель_в_конфигурации_через_билдер_зарегистрировать_пайплайн_через_код" storage="c:\users\дмитрийбахтенков\skiz\skillaz-backend\src\skillaz.tests\bin\debug\net5.0\skillaz.tests.dll" id="10fdc03c-d73f-6007-092f-c917202b6a98">
      <Execution id="736ff490-2489-479b-82de-1844d11513c2" />
      <TestMethod codeBase="C:\Users\ДмитрийБахтенков\skiz\skillaz-backend\src\Skillaz.Tests\bin\Debug\net5.0\Skillaz.Tests.dll" adapterTypeName="executor://xunit/VsTestRunner2/netcoreapp" className="Skillaz.Tests.Configurator.DocumentModel.Builder" name="Зарегистрировать_модель_в_конфигурации_через_билдер_зарегистрировать_пайплайн_через_код" />
    </UnitTest>
    <UnitTest name="Skillaz.Tests.CompanySpecific.Sberbank.SberPositionsTests.SberPositionCommand_should_work_as_expected(vacancyName: &quot;Клиентский менеджер&quot;, expectedPositionId: &quot;client_manger_sber_fl&quot;)" storage="c:\users\дмитрийбахтенков\skiz\skillaz-backend\src\skillaz.tests\bin\debug\net5.0\skillaz.tests.dll" id="e6053a8c-2300-f48c-2ce4-ac332b4b9c20">
      <Execution id="3f82bdce-0c20-4a58-8dc0-71b3c6e1c9d2" />
      <TestMethod codeBase="C:\Users\ДмитрийБахтенков\skiz\skillaz-backend\src\Skillaz.Tests\bin\Debug\net5.0\Skillaz.Tests.dll" adapterTypeName="executor://xunit/VsTestRunner2/netcoreapp" className="Skillaz.Tests.CompanySpecific.Sberbank.SberPositionsTests" name="SberPositionCommand_should_work_as_expected" />
    </UnitTest>
    <UnitTest name="Skillaz.Tests.Candidate.Agreement.AgreementService_feature.Scenario_for_agreement_controller_via_web" storage="c:\users\дмитрийбахтенков\skiz\skillaz-backend\src\skillaz.tests\bin\debug\net5.0\skillaz.tests.dll" id="f53d4cc0-6797-0aae-4cd5-6c0b0e0c1468">
      <Execution id="8b4d313c-40e4-49e8-967b-0d431abc007e" />
      <TestMethod codeBase="C:\Users\ДмитрийБахтенков\skiz\skillaz-backend\src\Skillaz.Tests\bin\Debug\net5.0\Skillaz.Tests.dll" adapterTypeName="executor://xunit/VsTestRunner2/netcoreapp" className="Skillaz.Tests.Candidate.Agreement.AgreementService_feature" name="Scenario_for_agreement_controller_via_web" />
    </UnitTest>
    <UnitTest name="Skillaz.Tests.CompanySpecific.Mvideo.MvideoPrepareBatchUpdateRequest_feature.Office_managers_responsible_ids_is_untouched" storage="c:\users\дмитрийбахтенков\skiz\skillaz-backend\src\skillaz.tests\bin\debug\net5.0\skillaz.tests.dll" id="77b5ac96-b852-06d1-5e52-093092969ce0">
      <Execution id="48e16588-eab5-46e3-aa24-275363776a54" />
      <TestMethod codeBase="C:\Users\ДмитрийБахтенков\skiz\skillaz-backend\src\Skillaz.Tests\bin\Debug\net5.0\Skillaz.Tests.dll" adapterTypeName="executor://xunit/VsTestRunner2/netcoreapp" className="Skillaz.Tests.CompanySpecific.Mvideo.MvideoPrepareBatchUpdateRequest_feature" name="Office_managers_responsible_ids_is_untouched" />
    </UnitTest>
    <UnitTest name="Skillaz.Tests.DocumentModels.ViewModels.DocumentModelToModelFeature.Проверка_заполнения_полей_text" storage="c:\users\дмитрийбахтенков\skiz\skillaz-backend\src\skillaz.tests\bin\debug\net5.0\skillaz.tests.dll" id="1214229a-a144-3ca5-0303-4f435f3dc35f">
      <Execution id="00824d31-7625-42c7-94c7-4d453d667ec9" />
      <TestMethod codeBase="C:\Users\ДмитрийБахтенков\skiz\skillaz-backend\src\Skillaz.Tests\bin\Debug\net5.0\Skillaz.Tests.dll" adapterTypeName="executor://xunit/VsTestRunner2/netcoreapp" className="Skillaz.Tests.DocumentModels.ViewModels.DocumentModelToModelFeature" name="Проверка_заполнения_полей_text" />
    </UnitTest>
    <UnitTest name="Skillaz.Tests.CompanySpecific.Decathlon.DecathlonRecruiterSecurityProfile_feature.Getting_requests_using_security_provider_by_default" storage="c:\users\дмитрийбахтенков\skiz\skillaz-backend\src\skillaz.tests\bin\debug\net5.0\skillaz.tests.dll" id="34c7f234-3d87-3006-caf1-93ffc4b7a43f">
      <Execution id="3e7a3fe5-848a-4f21-95d8-e5478879f321" />
      <TestMethod codeBase="C:\Users\ДмитрийБахтенков\skiz\skillaz-backend\src\Skillaz.Tests\bin\Debug\net5.0\Skillaz.Tests.dll" adapterTypeName="executor://xunit/VsTestRunner2/netcoreapp" className="Skillaz.Tests.CompanySpecific.Decathlon.DecathlonRecruiterSecurityProfile_feature" name="Getting_requests_using_security_provider_by_default" />
    </UnitTest>
    <UnitTest name="Генерация ссылки для витрины с фильтрами(key: &quot;/showcase&quot;)" storage="c:\users\дмитрийбахтенков\skiz\skillaz-backend\src\skillaz.tests\bin\debug\net5.0\skillaz.tests.dll" id="9ddab8d2-c390-a768-c04a-015ff26d9f31">
      <Execution id="f7b1f350-3832-42bc-a51d-da76b334bd03" />
      <TestMethod codeBase="C:\Users\ДмитрийБахтенков\skiz\skillaz-backend\src\Skillaz.Tests\bin\Debug\net5.0\Skillaz.Tests.dll" adapterTypeName="executor://xunit/VsTestRunner2/netcoreapp" className="Skillaz.Tests.Common.CandidateToShowcaseUrl_feature" name="FindProductionDateForEndDate" />
    </UnitTest>
    <UnitTest name="Skillaz.Tests.Telephony.CallList_RatingFilter_feature.CandidateFilterRating1From10" storage="c:\users\дмитрийбахтенков\skiz\skillaz-backend\src\skillaz.tests\bin\debug\net5.0\skillaz.tests.dll" id="bfad7690-9904-85bb-06a2-f9959684e024">
      <Execution id="da1ec3df-bc26-449d-af20-ebcd52dc8313" />
      <TestMethod codeBase="C:\Users\ДмитрийБахтенков\skiz\skillaz-backend\src\Skillaz.Tests\bin\Debug\net5.0\Skillaz.Tests.dll" adapterTypeName="executor://xunit/VsTestRunner2/netcoreapp" className="Skillaz.Tests.Telephony.CallList_RatingFilter_feature" name="CandidateFilterRating1From10" />
    </UnitTest>
    <UnitTest name="Skillaz.Tests.Configurator.DocumentModel.DocumentModelFormula.Проверить_подключаемость_формул_из_кода" storage="c:\users\дмитрийбахтенков\skiz\skillaz-backend\src\skillaz.tests\bin\debug\net5.0\skillaz.tests.dll" id="e836a219-ad16-eb20-7644-81420ebc2242">
      <Execution id="f41f206f-294b-4b5b-87ed-adb3594374e0" />
      <TestMethod codeBase="C:\Users\ДмитрийБахтенков\skiz\skillaz-backend\src\Skillaz.Tests\bin\Debug\net5.0\Skillaz.Tests.dll" adapterTypeName="executor://xunit/VsTestRunner2/netcoreapp" className="Skillaz.Tests.Configurator.DocumentModel.DocumentModelFormula" name="Проверить_подключаемость_формул_из_кода" />
    </UnitTest>
    <UnitTest name="Skillaz.Tests.CompanySpecific.Perekrestok.PerekrestokRequestPriority_feature.Calculation_request_priority(supermarketType: &quot;Открывающийся супермаркет&quot;, requestVl: 100, employmentCandidateCount: 0, employmentFinishedCandidateCount: 0, interviewCandidateCount: 1, requestPriority: Critical)" storage="c:\users\дмитрийбахтенков\skiz\skillaz-backend\src\skillaz.tests\bin\debug\net5.0\skillaz.tests.dll" id="cd5b40ce-0ea2-8209-9eb7-8ff32457ab90">
      <Execution id="af0e1882-1a1b-471a-8aac-2e8fb69cdcf9" />
      <TestMethod codeBase="C:\Users\ДмитрийБахтенков\skiz\skillaz-backend\src\Skillaz.Tests\bin\Debug\net5.0\Skillaz.Tests.dll" adapterTypeName="executor://xunit/VsTestRunner2/netcoreapp" className="Skillaz.Tests.CompanySpecific.Perekrestok.PerekrestokRequestPriority_feature" name="Calculation_request_priority" />
    </UnitTest>
    <UnitTest name="Skillaz.Tests.Assessment.Questionnaires.QuizQuestionnaire_feature.Getting_a_quiz_questionnaire" storage="c:\users\дмитрийбахтенков\skiz\skillaz-backend\src\skillaz.tests\bin\debug\net5.0\skillaz.tests.dll" id="a72b83d8-9396-aff7-7f8c-e2e62e7b3471">
      <Execution id="b51e31c6-7d5a-4e01-a75a-4649e636e55a" />
      <TestMethod codeBase="C:\Users\ДмитрийБахтенков\skiz\skillaz-backend\src\Skillaz.Tests\bin\Debug\net5.0\Skillaz.Tests.dll" adapterTypeName="executor://xunit/VsTestRunner2/netcoreapp" className="Skillaz.Tests.Assessment.Questionnaires.QuizQuestionnaire_feature" name="Getting_a_quiz_questionnaire" />
    </UnitTest>
    <UnitTest name="Skillaz.Tests.Configurator.Editor.IdGenerator.Проверить_автоматическую_генерацию_ID" storage="c:\users\дмитрийбахтенков\skiz\skillaz-backend\src\skillaz.tests\bin\debug\net5.0\skillaz.tests.dll" id="0b5d281d-53d7-c2be-f99d-abbedccd115b">
      <Execution id="cf93ae4f-54c5-4726-952e-c15ef72c46a5" />
      <TestMethod codeBase="C:\Users\ДмитрийБахтенков\skiz\skillaz-backend\src\Skillaz.Tests\bin\Debug\net5.0\Skillaz.Tests.dll" adapterTypeName="executor://xunit/VsTestRunner2/netcoreapp" className="Skillaz.Tests.Configurator.Editor.IdGenerator" name="Проверить_автоматическую_генерацию_ID" />
    </UnitTest>
    <UnitTest name="Skillaz.Tests.Configurator.DocumentModel.DocumentModelFieldBinderTest.DocumentModelBinderParseTest(expression: &quot;Size&quot;, expectedType: typeof(Skillaz.Framework.DocumentModel.Binders.DocumentModelFieldExpressionValueBinder&lt;Skillaz.Tests.Configurator.DocumentModel.DocumentModelTestDocument, int&gt;))" storage="c:\users\дмитрийбахтенков\skiz\skillaz-backend\src\skillaz.tests\bin\debug\net5.0\skillaz.tests.dll" id="becfdc9d-83ea-3b73-4370-5a77d69011a3">
      <Execution id="3d08f78a-976a-4b07-859a-840274a612dc" />
      <TestMethod codeBase="C:\Users\ДмитрийБахтенков\skiz\skillaz-backend\src\Skillaz.Tests\bin\Debug\net5.0\Skillaz.Tests.dll" adapterTypeName="executor://xunit/VsTestRunner2/netcoreapp" className="Skillaz.Tests.Configurator.DocumentModel.DocumentModelFieldBinderTest" name="DocumentModelBinderParseTest" />
    </UnitTest>
    <UnitTest name="Skillaz.Tests.Integrations.MicroFrontends.GettingMicroFrontends_feature.GettingMicroFrontends" storage="c:\users\дмитрийбахтенков\skiz\skillaz-backend\src\skillaz.tests\bin\debug\net5.0\skillaz.tests.dll" id="e8b162a2-59c1-4ac2-ba5d-d9e584becd45">
      <Execution id="aadb7413-709d-470f-b4c5-db795e533ed8" />
      <TestMethod codeBase="C:\Users\ДмитрийБахтенков\skiz\skillaz-backend\src\Skillaz.Tests\bin\Debug\net5.0\Skillaz.Tests.dll" adapterTypeName="executor://xunit/VsTestRunner2/netcoreapp" className="Skillaz.Tests.Integrations.MicroFrontends.GettingMicroFrontends_feature" name="GettingMicroFrontends" />
    </UnitTest>
    <UnitTest name="Skillaz.Tests.Assessment.Interviews.SimulationInterview_feature.Getting_a_simulation_interview" storage="c:\users\дмитрийбахтенков\skiz\skillaz-backend\src\skillaz.tests\bin\debug\net5.0\skillaz.tests.dll" id="a78deea3-bfb0-a1f2-ed5d-5bf346af72ac">
      <Execution id="5370a7c0-8090-47b3-8c2b-a2637bfee5f4" />
      <TestMethod codeBase="C:\Users\ДмитрийБахтенков\skiz\skillaz-backend\src\Skillaz.Tests\bin\Debug\net5.0\Skillaz.Tests.dll" adapterTypeName="executor://xunit/VsTestRunner2/netcoreapp" className="Skillaz.Tests.Assessment.Interviews.SimulationInterview_feature" name="Getting_a_simulation_interview" />
    </UnitTest>
    <UnitTest name="Skillaz.Tests.Configurator.Deduplication.UpdateRuleSelecting.Проверить_выбор_стратегии_обновления" storage="c:\users\дмитрийбахтенков\skiz\skillaz-backend\src\skillaz.tests\bin\debug\net5.0\skillaz.tests.dll" id="2dc33a34-422f-fab5-bf99-cb81ee40c14f">
      <Execution id="c58e9b36-57fe-45ce-9fa1-9484bfc60d29" />
      <TestMethod codeBase="C:\Users\ДмитрийБахтенков\skiz\skillaz-backend\src\Skillaz.Tests\bin\Debug\net5.0\Skillaz.Tests.dll" adapterTypeName="executor://xunit/VsTestRunner2/netcoreapp" className="Skillaz.Tests.Configurator.Deduplication.UpdateRuleSelecting" name="Проверить_выбор_стратегии_обновления" />
    </UnitTest>
    <UnitTest name="Skillaz.Tests.DocumentModels.DocumentModel_SettingPreviewUrlForAttachments.Check_than_preview_url_set_in_attachment_for_view_model_multiply_attach_in_implicit_field" storage="c:\users\дмитрийбахтенков\skiz\skillaz-backend\src\skillaz.tests\bin\debug\net5.0\skillaz.tests.dll" id="13c59ff2-3734-61ea-863d-2beb120fa3d8">
      <Execution id="e286bdf1-e0d2-4614-b9d2-7d5993d5b6bc" />
      <TestMethod codeBase="C:\Users\ДмитрийБахтенков\skiz\skillaz-backend\src\Skillaz.Tests\bin\Debug\net5.0\Skillaz.Tests.dll" adapterTypeName="executor://xunit/VsTestRunner2/netcoreapp" className="Skillaz.Tests.DocumentModels.DocumentModel_SettingPreviewUrlForAttachments" name="Check_than_preview_url_set_in_attachment_for_view_model_multiply_attach_in_implicit_field" />
    </UnitTest>
    <UnitTest name="Skillaz.Tests.JobRequisition.JobRequisition_feature.Change_hire_request_change_status_works" storage="c:\users\дмитрийбахтенков\skiz\skillaz-backend\src\skillaz.tests\bin\debug\net5.0\skillaz.tests.dll" id="520c34c9-ae1c-9774-25bb-f517744e71a1">
      <Execution id="b9c52b63-eb29-4e3e-a02a-fb65c355b642" />
      <TestMethod codeBase="C:\Users\ДмитрийБахтенков\skiz\skillaz-backend\src\Skillaz.Tests\bin\Debug\net5.0\Skillaz.Tests.dll" adapterTypeName="executor://xunit/VsTestRunner2/netcoreapp" className="Skillaz.Tests.JobRequisition.JobRequisition_feature" name="Change_hire_request_change_status_works" />
    </UnitTest>
    <UnitTest name="Skillaz.Tests.CompanySpecific.Decathlon.DecathlonRecruiterSecurityProfile_feature.Getting_allowed_orguits_with_empty_scope" storage="c:\users\дмитрийбахтенков\skiz\skillaz-backend\src\skillaz.tests\bin\debug\net5.0\skillaz.tests.dll" id="82664798-de8b-1819-d4f5-14c49537d195">
      <Execution id="6ad122c9-5ce6-4d65-a546-4b4a3d183797" />
      <TestMethod codeBase="C:\Users\ДмитрийБахтенков\skiz\skillaz-backend\src\Skillaz.Tests\bin\Debug\net5.0\Skillaz.Tests.dll" adapterTypeName="executor://xunit/VsTestRunner2/netcoreapp" className="Skillaz.Tests.CompanySpecific.Decathlon.DecathlonRecruiterSecurityProfile_feature" name="Getting_allowed_orguits_with_empty_scope" />
    </UnitTest>
    <UnitTest name="Skillaz.Tests.AsyncEnumerable.AsyncEnumerableTests.Batching_works_for_async_enumerable_when_batches_are_not_equally_sized" storage="c:\users\дмитрийбахтенков\skiz\skillaz-backend\src\skillaz.tests\bin\debug\net5.0\skillaz.tests.dll" id="795a966c-43b0-a4ea-6171-6ba2b6de49a4">
      <Execution id="b1012b27-634c-4481-a51c-ecbb7d3e26af" />
      <TestMethod codeBase="C:\Users\ДмитрийБахтенков\skiz\skillaz-backend\src\Skillaz.Tests\bin\Debug\net5.0\Skillaz.Tests.dll" adapterTypeName="executor://xunit/VsTestRunner2/netcoreapp" className="Skillaz.Tests.AsyncEnumerable.AsyncEnumerableTests" name="Batching_works_for_async_enumerable_when_batches_are_not_equally_sized" />
    </UnitTest>
    <UnitTest name="Skillaz.Tests.Notifications.CustomNotifications_feature.GetFunnelStatusIsReturnNotifications(switchType: AnyStatus, currentStatusId: &quot;new&quot;, emailsCount: 3, smsCount: 2)" storage="c:\users\дмитрийбахтенков\skiz\skillaz-backend\src\skillaz.tests\bin\debug\net5.0\skillaz.tests.dll" id="2dfb1cad-175e-3fe2-efbd-52a60c107af8">
      <Execution id="cb96fec6-132d-4517-a734-e7f1d13dd415" />
      <TestMethod codeBase="C:\Users\ДмитрийБахтенков\skiz\skillaz-backend\src\Skillaz.Tests\bin\Debug\net5.0\Skillaz.Tests.dll" adapterTypeName="executor://xunit/VsTestRunner2/netcoreapp" className="Skillaz.Tests.Notifications.CustomNotifications_feature" name="GetFunnelStatusIsReturnNotifications" />
    </UnitTest>
    <UnitTest name="Skillaz.Tests.Vacancy.CompanySpecific.MvideoTransferToAnotherVacancy_When_Msp_Fail_feature.ChangeVacancy_in_one_funnel_If_Msp_throw_issue" storage="c:\users\дмитрийбахтенков\skiz\skillaz-backend\src\skillaz.tests\bin\debug\net5.0\skillaz.tests.dll" id="bf32fa02-dee7-ad9c-454b-9a015e08dcac">
      <Execution id="89f540b5-d6af-4560-aee6-774ec9ec2cd3" />
      <TestMethod codeBase="C:\Users\ДмитрийБахтенков\skiz\skillaz-backend\src\Skillaz.Tests\bin\Debug\net5.0\Skillaz.Tests.dll" adapterTypeName="executor://xunit/VsTestRunner2/netcoreapp" className="Skillaz.Tests.Vacancy.CompanySpecific.MvideoTransferToAnotherVacancy_When_Msp_Fail_feature" name="ChangeVacancy_in_one_funnel_If_Msp_throw_issue" />
    </UnitTest>
    <UnitTest name="Skillaz.Testing.Run.System.Security.HtmlSecurityTests.SanitizeHtmlInJson" storage="c:\users\дмитрийбахтенков\skiz\skillaz-backend\src\skillaz.tests\bin\debug\net5.0\skillaz.tests.dll" id="eb235015-b46c-e8ad-7400-b8dcb184a5ec">
      <Execution id="dfa20f5a-b3a2-4343-a6cf-f3296d8baf24" />
      <TestMethod codeBase="C:\Users\ДмитрийБахтенков\skiz\skillaz-backend\src\Skillaz.Tests\bin\Debug\net5.0\Skillaz.Tests.dll" adapterTypeName="executor://xunit/VsTestRunner2/netcoreapp" className="Skillaz.Testing.Run.System.Security.HtmlSecurityTests" name="SanitizeHtmlInJson" />
    </UnitTest>
    <UnitTest name="Skillaz.Tests.Candidate.Users.CandidateAttachRequest_feature.Check_candidate_reattach_to_request" storage="c:\users\дмитрийбахтенков\skiz\skillaz-backend\src\skillaz.tests\bin\debug\net5.0\skillaz.tests.dll" id="0356ff7d-20bc-1b7c-8eac-59f41149aae9">
      <Execution id="d2cb0fe5-625e-45f8-924e-1dd612161e11" />
      <TestMethod codeBase="C:\Users\ДмитрийБахтенков\skiz\skillaz-backend\src\Skillaz.Tests\bin\Debug\net5.0\Skillaz.Tests.dll" adapterTypeName="executor://xunit/VsTestRunner2/netcoreapp" className="Skillaz.Tests.Candidate.Users.CandidateAttachRequest_feature" name="Check_candidate_reattach_to_request" />
    </UnitTest>
    <UnitTest name="Skillaz.Tests.OrgUnit.GetOrgUnitWithHierarchyIsAvailable_feature.Parent_and_child_org_units_are_not_available" storage="c:\users\дмитрийбахтенков\skiz\skillaz-backend\src\skillaz.tests\bin\debug\net5.0\skillaz.tests.dll" id="a90e0b10-43c2-746f-35ac-11beda9d0458">
      <Execution id="ad991115-a6ce-4632-9cd3-9d1e47031eb3" />
      <TestMethod codeBase="C:\Users\ДмитрийБахтенков\skiz\skillaz-backend\src\Skillaz.Tests\bin\Debug\net5.0\Skillaz.Tests.dll" adapterTypeName="executor://xunit/VsTestRunner2/netcoreapp" className="Skillaz.Tests.OrgUnit.GetOrgUnitWithHierarchyIsAvailable_feature" name="Parent_and_child_org_units_are_not_available" />
    </UnitTest>
    <UnitTest name="Skillaz.Tests.Configurator.Excel.TaskTrackerExcelFeature.TaskTracker" storage="c:\users\дмитрийбахтенков\skiz\skillaz-backend\src\skillaz.tests\bin\debug\net5.0\skillaz.tests.dll" id="2165934c-40eb-bcef-3b26-6596efba3007">
      <Execution id="6eb4dab7-acac-43a3-8516-b5d7160c1484" />
      <TestMethod codeBase="C:\Users\ДмитрийБахтенков\skiz\skillaz-backend\src\Skillaz.Tests\bin\Debug\net5.0\Skillaz.Tests.dll" adapterTypeName="executor://xunit/VsTestRunner2/netcoreapp" className="Skillaz.Tests.Configurator.Excel.TaskTrackerExcelFeature" name="TaskTracker" />
    </UnitTest>
    <UnitTest name="Для 1 и 2 числа перенос на 16 этого месяца, для 15 и 16 перенос на 2 следующего месяца(dateStrings: [&quot;2020-10-01&quot;, &quot;2020-10-02&quot;, &quot;2020-10-16&quot;])" storage="c:\users\дмитрийбахтенков\skiz\skillaz-backend\src\skillaz.tests\bin\debug\net5.0\skillaz.tests.dll" id="941523b7-e287-4096-0ee8-6d8b05c44303">
      <Execution id="bdc804f0-248f-4dd3-a27f-acd2a59e1347" />
      <TestMethod codeBase="C:\Users\ДмитрийБахтенков\skiz\skillaz-backend\src\Skillaz.Tests\bin\Debug\net5.0\Skillaz.Tests.dll" adapterTypeName="executor://xunit/VsTestRunner2/netcoreapp" className="Skillaz.Tests.CompanySpecific.Sberbank.SberbankHhLeadgenCreationStrategyFeature" name="FindProductionDateForEndDate" />
    </UnitTest>
    <UnitTest name="Skillaz.Tests.TaskTracker.TaskDashboardController_feature.CloseTask" storage="c:\users\дмитрийбахтенков\skiz\skillaz-backend\src\skillaz.tests\bin\debug\net5.0\skillaz.tests.dll" id="d96f8dea-5f59-0097-88b7-55deb04cfdb0">
      <Execution id="328b4ede-5be6-4484-a56a-86b92f4db3ad" />
      <TestMethod codeBase="C:\Users\ДмитрийБахтенков\skiz\skillaz-backend\src\Skillaz.Tests\bin\Debug\net5.0\Skillaz.Tests.dll" adapterTypeName="executor://xunit/VsTestRunner2/netcoreapp" className="Skillaz.Tests.TaskTracker.TaskDashboardController_feature" name="CloseTask" />
    </UnitTest>
    <UnitTest name="Skillaz.Tests.Candidate.Elastic.CandidateElasticFiltration_feature.Retrieving_no_candidates_that_have_a_resume_that_is_updated_after_specific_date" storage="c:\users\дмитрийбахтенков\skiz\skillaz-backend\src\skillaz.tests\bin\debug\net5.0\skillaz.tests.dll" id="36186e82-77b6-05cb-6e0e-1f6b728fd74b">
      <Execution id="cd4b3da6-4b60-4538-a299-272752e2064a" />
      <TestMethod codeBase="C:\Users\ДмитрийБахтенков\skiz\skillaz-backend\src\Skillaz.Tests\bin\Debug\net5.0\Skillaz.Tests.dll" adapterTypeName="executor://xunit/VsTestRunner2/netcoreapp" className="Skillaz.Tests.Candidate.Elastic.CandidateElasticFiltration_feature" name="Retrieving_no_candidates_that_have_a_resume_that_is_updated_after_specific_date" />
    </UnitTest>
    <UnitTest name="Skillaz.Tests.Configurator.Validation.NotificationTemplates.Проверить_наличие_настроенных_шаблонов" storage="c:\users\дмитрийбахтенков\skiz\skillaz-backend\src\skillaz.tests\bin\debug\net5.0\skillaz.tests.dll" id="8fafca6f-6d5e-095c-2d51-ba23fee29565">
      <Execution id="5fe32484-def8-4651-9f6d-a2c8506f4179" />
      <TestMethod codeBase="C:\Users\ДмитрийБахтенков\skiz\skillaz-backend\src\Skillaz.Tests\bin\Debug\net5.0\Skillaz.Tests.dll" adapterTypeName="executor://xunit/VsTestRunner2/netcoreapp" className="Skillaz.Tests.Configurator.Validation.NotificationTemplates" name="Проверить_наличие_настроенных_шаблонов" />
    </UnitTest>
    <UnitTest name="Skillaz.Tests.HH.HHCandidateHiddenContacts_feature.HH_Check_that_received_callback_we_getting_full_resume_from_hh" storage="c:\users\дмитрийбахтенков\skiz\skillaz-backend\src\skillaz.tests\bin\debug\net5.0\skillaz.tests.dll" id="38f61ebd-3605-35ac-bd9b-c09510a8213b">
      <Execution id="ef86d996-ca63-4b6c-88e5-5793f281e677" />
      <TestMethod codeBase="C:\Users\ДмитрийБахтенков\skiz\skillaz-backend\src\Skillaz.Tests\bin\Debug\net5.0\Skillaz.Tests.dll" adapterTypeName="executor://xunit/VsTestRunner2/netcoreapp" className="Skillaz.Tests.HH.HHCandidateHiddenContacts_feature" name="HH_Check_that_received_callback_we_getting_full_resume_from_hh" />
    </UnitTest>
    <UnitTest name="Skillaz.Tests.Candidate.CandidateProcessMemberNotifications_feature.Notification_request_candidate_email" storage="c:\users\дмитрийбахтенков\skiz\skillaz-backend\src\skillaz.tests\bin\debug\net5.0\skillaz.tests.dll" id="d40a0b27-4772-f826-d858-ba9d83a95450">
      <Execution id="bb39a0de-5fb4-454c-acc0-7229194ea0af" />
      <TestMethod codeBase="C:\Users\ДмитрийБахтенков\skiz\skillaz-backend\src\Skillaz.Tests\bin\Debug\net5.0\Skillaz.Tests.dll" adapterTypeName="executor://xunit/VsTestRunner2/netcoreapp" className="Skillaz.Tests.Candidate.CandidateProcessMemberNotifications_feature" name="Notification_request_candidate_email" />
    </UnitTest>
    <UnitTest name="Skillaz.Tests.CompanySpecific.Rosatom.RosatomCandidateWorkflowTriggers_feature.Job_offer_state_changed(toCandidateStatusId: &quot;JobOfferOnCandidateApproval&quot;, triggerType: typeof(Skillaz.ClientConfiguration.Rosatom.WorkflowTriggers.CandidateStatusChangeToJobOfferOnCandidateApproval))" storage="c:\users\дмитрийбахтенков\skiz\skillaz-backend\src\skillaz.tests\bin\debug\net5.0\skillaz.tests.dll" id="1d5507a2-9ac8-f52b-2d91-a505ca0a09cd">
      <Execution id="19ed201e-7960-4505-89ee-5a0267370941" />
      <TestMethod codeBase="C:\Users\ДмитрийБахтенков\skiz\skillaz-backend\src\Skillaz.Tests\bin\Debug\net5.0\Skillaz.Tests.dll" adapterTypeName="executor://xunit/VsTestRunner2/netcoreapp" className="Skillaz.Tests.CompanySpecific.Rosatom.RosatomCandidateWorkflowTriggers_feature" name="Job_offer_state_changed" />
    </UnitTest>
    <UnitTest name="Skillaz.Tests.Assessment.Interviews.VideoInterview_thread_feature.Switching_a_video_interview_step_tag" storage="c:\users\дмитрийбахтенков\skiz\skillaz-backend\src\skillaz.tests\bin\debug\net5.0\skillaz.tests.dll" id="1ebcf0c4-1580-50dc-b3ed-56f684fa5542">
      <Execution id="df94bb1f-0b3d-4036-aad5-5ab0da4322ce" />
      <TestMethod codeBase="C:\Users\ДмитрийБахтенков\skiz\skillaz-backend\src\Skillaz.Tests\bin\Debug\net5.0\Skillaz.Tests.dll" adapterTypeName="executor://xunit/VsTestRunner2/netcoreapp" className="Skillaz.Tests.Assessment.Interviews.VideoInterview_thread_feature" name="Switching_a_video_interview_step_tag" />
    </UnitTest>
    <UnitTest name="Skillaz.Tests.Configurator.DocumentModel.ConfiguratorEditor.Редактор_конфигуратора_дм_создается" storage="c:\users\дмитрийбахтенков\skiz\skillaz-backend\src\skillaz.tests\bin\debug\net5.0\skillaz.tests.dll" id="a5f39250-3801-f69b-0f1a-7cfd63823263">
      <Execution id="1e1874c3-3790-44e1-af12-5363f7a24b09" />
      <TestMethod codeBase="C:\Users\ДмитрийБахтенков\skiz\skillaz-backend\src\Skillaz.Tests\bin\Debug\net5.0\Skillaz.Tests.dll" adapterTypeName="executor://xunit/VsTestRunner2/netcoreapp" className="Skillaz.Tests.Configurator.DocumentModel.ConfiguratorEditor" name="Редактор_конфигуратора_дм_создается" />
    </UnitTest>
    <UnitTest name="Skillaz.Tests.Mvideo.Commands.MvideoBatchUpdateRequestCommand_feature.PrepareBatchUpdateRequest_checking_should_remove_orgitem_for_mediamarketsection" storage="c:\users\дмитрийбахтенков\skiz\skillaz-backend\src\skillaz.tests\bin\debug\net5.0\skillaz.tests.dll" id="5972ace4-c610-696b-3f6c-b1f8d3a735e8">
      <Execution id="5daae2a0-4d66-4dce-9498-c2ceb1109df2" />
      <TestMethod codeBase="C:\Users\ДмитрийБахтенков\skiz\skillaz-backend\src\Skillaz.Tests\bin\Debug\net5.0\Skillaz.Tests.dll" adapterTypeName="executor://xunit/VsTestRunner2/netcoreapp" className="Skillaz.Tests.Mvideo.Commands.MvideoBatchUpdateRequestCommand_feature" name="PrepareBatchUpdateRequest_checking_should_remove_orgitem_for_mediamarketsection" />
    </UnitTest>
    <UnitTest name="Should create &amp; get questionnaire by vacancy" storage="c:\users\дмитрийбахтенков\skiz\skillaz-backend\src\skillaz.tests\bin\debug\net5.0\skillaz.tests.dll" id="ee30fc0a-c0ef-aa58-0f31-0a7b72a25653">
      <Execution id="1014252e-18b1-498d-9697-fb70581a2088" />
      <TestMethod codeBase="C:\Users\ДмитрийБахтенков\skiz\skillaz-backend\src\Skillaz.Tests\bin\Debug\net5.0\Skillaz.Tests.dll" adapterTypeName="executor://xunit/VsTestRunner2/netcoreapp" className="Skillaz.Tests.HH.Assessment.HHAssessmentFeature" name="GetQuestionnaireByVacancy" />
    </UnitTest>
    <UnitTest name="Skillaz.Tests.CompanySpecific.Avilon.AvilonSendSecurityCheckDocumentCommand_feature.Check_Avilon_SendSecurityCheckDocument" storage="c:\users\дмитрийбахтенков\skiz\skillaz-backend\src\skillaz.tests\bin\debug\net5.0\skillaz.tests.dll" id="b0cd1c35-137b-19ed-df33-bd0c333d5b5c">
      <Execution id="99eeec2e-bbbc-46ab-a15d-36c317dbb2f0" />
      <TestMethod codeBase="C:\Users\ДмитрийБахтенков\skiz\skillaz-backend\src\Skillaz.Tests\bin\Debug\net5.0\Skillaz.Tests.dll" adapterTypeName="executor://xunit/VsTestRunner2/netcoreapp" className="Skillaz.Tests.CompanySpecific.Avilon.AvilonSendSecurityCheckDocumentCommand_feature" name="Check_Avilon_SendSecurityCheckDocument" />
    </UnitTest>
    <UnitTest name="Skillaz.Tests.Candidate.Elastic.CandidateElasticFiltration_feature.Retrieving_no_candidates_by_expired_appointment" storage="c:\users\дмитрийбахтенков\skiz\skillaz-backend\src\skillaz.tests\bin\debug\net5.0\skillaz.tests.dll" id="b528cfae-2ce3-fe90-e38f-0b239d9f91d1">
      <Execution id="7a8744e4-ad1f-4c0a-8bde-84362211fb0d" />
      <TestMethod codeBase="C:\Users\ДмитрийБахтенков\skiz\skillaz-backend\src\Skillaz.Tests\bin\Debug\net5.0\Skillaz.Tests.dll" adapterTypeName="executor://xunit/VsTestRunner2/netcoreapp" className="Skillaz.Tests.Candidate.Elastic.CandidateElasticFiltration_feature" name="Retrieving_no_candidates_by_expired_appointment" />
    </UnitTest>
    <UnitTest name="Skillaz.Tests.HH.HHApiClient_feature.HH_API_client_fails_to_create_when_there_token_is_missing" storage="c:\users\дмитрийбахтенков\skiz\skillaz-backend\src\skillaz.tests\bin\debug\net5.0\skillaz.tests.dll" id="3f893d6a-c046-5485-0054-6c46ec78b5c8">
      <Execution id="939ff5c4-a8a3-4672-a33e-e2febc0a7558" />
      <TestMethod codeBase="C:\Users\ДмитрийБахтенков\skiz\skillaz-backend\src\Skillaz.Tests\bin\Debug\net5.0\Skillaz.Tests.dll" adapterTypeName="executor://xunit/VsTestRunner2/netcoreapp" className="Skillaz.Tests.HH.HHApiClient_feature" name="HH_API_client_fails_to_create_when_there_token_is_missing" />
    </UnitTest>
    <UnitTest name="Skillaz.Tests.Helpers.TimeBoundariesHelperFeature.AddHours(lower: 14, upper: 23, timeZone: 3, results: [0, 2, 17, 24])" storage="c:\users\дмитрийбахтенков\skiz\skillaz-backend\src\skillaz.tests\bin\debug\net5.0\skillaz.tests.dll" id="50c8cf6c-fcec-2cd1-f18c-c22041547548">
      <Execution id="1fa10448-9a6e-459d-bdfc-c72d917e115a" />
      <TestMethod codeBase="C:\Users\ДмитрийБахтенков\skiz\skillaz-backend\src\Skillaz.Tests\bin\Debug\net5.0\Skillaz.Tests.dll" adapterTypeName="executor://xunit/VsTestRunner2/netcoreapp" className="Skillaz.Tests.Helpers.TimeBoundariesHelperFeature" name="AddHours" />
    </UnitTest>
  </TestDefinitions>
  <TestEntries>
    <TestEntry testId="019b787c-88b2-9680-3a7b-9251d2235f77" executionId="6c778f0c-9ce1-4b1c-b499-ceb80bae9fcf" testListId="8c84fa94-04c1-424b-9868-57a2d4851a1d" />
    <TestEntry testId="71fd9beb-0bec-9dad-bab7-377002661eea" executionId="8051833f-1c87-4127-bb54-fc01ab0e1b55" testListId="8c84fa94-04c1-424b-9868-57a2d4851a1d" />
    <TestEntry testId="6e10e462-4c9e-7d77-9f3b-3787c32e8727" executionId="43912d89-e250-48d5-9a9b-c2415036a5c3" testListId="8c84fa94-04c1-424b-9868-57a2d4851a1d" />
    <TestEntry testId="9b91ebe4-16e7-c36a-4fc9-08dc5ede6102" executionId="35036304-809a-4f54-ae76-845cd0e2a1b9" testListId="8c84fa94-04c1-424b-9868-57a2d4851a1d" />
    <TestEntry testId="e6c176cc-23eb-ca7e-4948-9c3818634a6a" executionId="fbf603eb-6ad7-4d45-8683-1b82a432a121" testListId="8c84fa94-04c1-424b-9868-57a2d4851a1d" />
    <TestEntry testId="8b9666e7-c277-8259-c91c-3e8ad6bc5494" executionId="90d127cb-1e89-4365-87cf-6b5675d8d5e6" testListId="8c84fa94-04c1-424b-9868-57a2d4851a1d" />
    <TestEntry testId="fa6ddbf2-f2b2-4306-0398-b5d1df1ce037" executionId="33b0b033-992d-460c-9aaa-a0237473e300" testListId="8c84fa94-04c1-424b-9868-57a2d4851a1d" />
    <TestEntry testId="d2232d68-33cb-c8c3-f403-e31562dd0d11" executionId="85ef51cb-fcf8-419f-9bd5-37cfefc07d5d" testListId="8c84fa94-04c1-424b-9868-57a2d4851a1d" />
    <TestEntry testId="d420e9ae-62a2-0532-18a1-41102990945f" executionId="ff66a1a8-c143-472d-bb0d-07512ecb7d6e" testListId="8c84fa94-04c1-424b-9868-57a2d4851a1d" />
    <TestEntry testId="019b787c-88b2-9680-3a7b-9251d2235f77" executionId="4dbbac6b-1888-418b-a0ba-9424ac8b5d20" testListId="8c84fa94-04c1-424b-9868-57a2d4851a1d" />
    <TestEntry testId="9292ced7-5ff7-fb88-6d15-d75c6f445f46" executionId="e3b3a700-cfb8-4f2a-b321-836729f7297b" testListId="8c84fa94-04c1-424b-9868-57a2d4851a1d" />
    <TestEntry testId="8884f6e8-a9a4-e495-2ae2-ec118e882bb9" executionId="57bff580-a3a1-43af-8ed8-4f7475056bda" testListId="8c84fa94-04c1-424b-9868-57a2d4851a1d" />
    <TestEntry testId="4f75ad3f-8b95-cd8c-9bd5-ac8d81a09141" executionId="762ed919-d325-40e5-b5e8-76f5c26721e9" testListId="8c84fa94-04c1-424b-9868-57a2d4851a1d" />
    <TestEntry testId="95e3bd1b-2d66-1459-8774-ae6a646a223b" executionId="d0805fae-261e-4400-8f05-8da1021b0d13" testListId="8c84fa94-04c1-424b-9868-57a2d4851a1d" />
    <TestEntry testId="019b787c-88b2-9680-3a7b-9251d2235f77" executionId="2d3f9eb9-6412-48c2-b39e-3318c383f585" testListId="8c84fa94-04c1-424b-9868-57a2d4851a1d" />
    <TestEntry testId="da36f229-24d2-75d1-0b41-412d450a3280" executionId="ff16ef3b-fd7a-4349-8f4c-f484449df6de" testListId="8c84fa94-04c1-424b-9868-57a2d4851a1d" />
    <TestEntry testId="1fee5870-176b-4b88-c84f-a01bd8c86dbd" executionId="db783789-10bd-4b24-80ab-726abe487110" testListId="8c84fa94-04c1-424b-9868-57a2d4851a1d" />
    <TestEntry testId="a26dbb4b-089e-8f56-a28a-7dd0b6f65130" executionId="0ee30d35-321c-45e2-a30a-cd8055418198" testListId="8c84fa94-04c1-424b-9868-57a2d4851a1d" />
    <TestEntry testId="3582ba23-c89f-b664-925b-ea83c041aea6" executionId="66a88d2e-3791-4e41-b7bb-a7bec41b974f" testListId="8c84fa94-04c1-424b-9868-57a2d4851a1d" />
    <TestEntry testId="019b787c-88b2-9680-3a7b-9251d2235f77" executionId="d7f80153-f578-4772-9dd9-f967f48428b2" testListId="8c84fa94-04c1-424b-9868-57a2d4851a1d" />
    <TestEntry testId="4c05415c-98be-1c34-f9aa-c60d217227e0" executionId="5db6d5d2-e605-414a-b9e3-8d184cc08041" testListId="8c84fa94-04c1-424b-9868-57a2d4851a1d" />
    <TestEntry testId="8948425e-4e2c-5536-d749-7c0ca9891f17" executionId="984a7d3e-4ccc-47dd-95d7-cd5b5df7a3a9" testListId="8c84fa94-04c1-424b-9868-57a2d4851a1d" />
    <TestEntry testId="019b787c-88b2-9680-3a7b-9251d2235f77" executionId="ac8d5b89-0fe1-4f7d-8348-5e28420504d1" testListId="8c84fa94-04c1-424b-9868-57a2d4851a1d" />
    <TestEntry testId="201d2bfe-3138-1eb6-17e1-ed3d99a6f778" executionId="283c953d-8a92-4d7d-8038-b6119bd514d5" testListId="8c84fa94-04c1-424b-9868-57a2d4851a1d" />
    <TestEntry testId="3cc305a1-245f-8d29-6fbc-5cf113a59872" executionId="eec54328-3208-453c-bb73-06209bbf55ae" testListId="8c84fa94-04c1-424b-9868-57a2d4851a1d" />
    <TestEntry testId="11b19972-1f32-ab64-bdb5-4ea61a1129f4" executionId="74c2266b-33b3-4051-8a44-61ef4639bd18" testListId="8c84fa94-04c1-424b-9868-57a2d4851a1d" />
    <TestEntry testId="60864804-fb05-12fe-f4c7-0e22a76e92f8" executionId="bc379c8e-8763-4e2e-bff2-500536be81c7" testListId="8c84fa94-04c1-424b-9868-57a2d4851a1d" />
    <TestEntry testId="6d19b1c0-83a7-9f75-d57d-fc702d519d3b" executionId="21aae398-d7d3-4560-b506-dd13f33b1cfd" testListId="8c84fa94-04c1-424b-9868-57a2d4851a1d" />
    <TestEntry testId="92e2808f-7063-8df0-1007-f46e17e26c76" executionId="0de54df9-d576-4e03-9ac3-25f9559c2a5d" testListId="8c84fa94-04c1-424b-9868-57a2d4851a1d" />
    <TestEntry testId="3da02b33-eff4-43a1-d9e6-9958b0aaeca5" executionId="6de15368-a013-4426-861a-63d48644d6eb" testListId="8c84fa94-04c1-424b-9868-57a2d4851a1d" />
    <TestEntry testId="886bd1e1-2275-0dbe-f72a-535b3b340cb1" executionId="41571dbf-0c60-444b-880b-936af925f9ab" testListId="8c84fa94-04c1-424b-9868-57a2d4851a1d" />
    <TestEntry testId="39bbe88c-a5a1-69b6-0e18-a75bb02edd6c" executionId="3b2046f7-eade-41c3-bf31-1d03eb2bbe0a" testListId="8c84fa94-04c1-424b-9868-57a2d4851a1d" />
    <TestEntry testId="2bc1e677-0b40-9af5-6dfa-bae1be22c0b8" executionId="09096147-980f-44eb-aead-490f8eed48bb" testListId="8c84fa94-04c1-424b-9868-57a2d4851a1d" />
    <TestEntry testId="39887e97-d103-32a5-06c3-bf6efdb5c0cc" executionId="a50ee90b-3147-4a24-b058-15677bc35810" testListId="8c84fa94-04c1-424b-9868-57a2d4851a1d" />
    <TestEntry testId="20bd4782-b49a-3bb8-2e58-f6d4aab25b46" executionId="3d247a1b-873d-451a-a62a-e4f5f47a2bd2" testListId="8c84fa94-04c1-424b-9868-57a2d4851a1d" />
    <TestEntry testId="edd1fb4a-b90e-59db-f669-1abea64588b1" executionId="39471bdd-909a-4875-87e7-2c0e499b25f8" testListId="8c84fa94-04c1-424b-9868-57a2d4851a1d" />
    <TestEntry testId="7616d9b2-f2b2-8369-1fa5-2c9c65b7cf0a" executionId="08a6c0c8-a098-47e7-ae05-97ff562bdffb" testListId="8c84fa94-04c1-424b-9868-57a2d4851a1d" />
    <TestEntry testId="e412e183-1dc7-5206-5898-a0cd00184b09" executionId="83e02856-efa7-4568-991b-8a9b48517dba" testListId="8c84fa94-04c1-424b-9868-57a2d4851a1d" />
    <TestEntry testId="457b85e5-43c5-a09c-6492-2ec28208e544" executionId="dc25fd49-269d-4fd2-ac2e-113394ea3179" testListId="8c84fa94-04c1-424b-9868-57a2d4851a1d" />
    <TestEntry testId="6e4e82fd-45cd-d33c-d05a-8072ce4ee102" executionId="ea50a059-2544-4132-bf01-119196071330" testListId="8c84fa94-04c1-424b-9868-57a2d4851a1d" />
    <TestEntry testId="695a69c9-264c-d1c5-2032-535ef4bf39f9" executionId="eb1baaad-9378-449f-8b52-6aa53cbc2665" testListId="8c84fa94-04c1-424b-9868-57a2d4851a1d" />
    <TestEntry testId="39bbe88c-a5a1-69b6-0e18-a75bb02edd6c" executionId="bf0bb6ad-d8bb-4c6f-a001-47957b1d1bf2" testListId="8c84fa94-04c1-424b-9868-57a2d4851a1d" />
    <TestEntry testId="f727b248-9add-f920-b0ce-770364245e70" executionId="fe7408b4-f5f3-4d48-bd94-b32822516f1d" testListId="8c84fa94-04c1-424b-9868-57a2d4851a1d" />
    <TestEntry testId="533a0ec4-22d2-1cc4-96b7-270397774991" executionId="22c54e35-8428-4d0d-98a8-b7b804e75c28" testListId="8c84fa94-04c1-424b-9868-57a2d4851a1d" />
    <TestEntry testId="85a77bdd-8ffd-1340-79bb-3da1d698a672" executionId="2caf3fe5-511b-4127-9ab1-feaf836aff0b" testListId="8c84fa94-04c1-424b-9868-57a2d4851a1d" />
    <TestEntry testId="a07becce-bdcd-db62-280a-abfa377ebcd3" executionId="90725955-8770-490a-a7fd-8ed569dbe3f8" testListId="8c84fa94-04c1-424b-9868-57a2d4851a1d" />
    <TestEntry testId="2a26adb7-db6a-ecb5-cbe8-33f345334538" executionId="d534bf5e-8a6e-4d98-8053-361751a97b76" testListId="8c84fa94-04c1-424b-9868-57a2d4851a1d" />
    <TestEntry testId="70f1715f-15a3-f9df-bcef-4e936da3eac6" executionId="86edb421-73c6-4402-987b-e13622bb40fd" testListId="8c84fa94-04c1-424b-9868-57a2d4851a1d" />
    <TestEntry testId="868b9e44-a7e7-e799-a4da-195cd031a8c8" executionId="8016ddb4-dbcf-4079-8ba0-82fa043e9656" testListId="8c84fa94-04c1-424b-9868-57a2d4851a1d" />
    <TestEntry testId="04d22293-eb9c-adf7-9cea-ed1147f4504f" executionId="aa95bce6-c7f7-4a1c-9fa2-0a755251fe0d" testListId="8c84fa94-04c1-424b-9868-57a2d4851a1d" />
    <TestEntry testId="be04e4a4-6737-9df8-8ba6-9b61c0094eff" executionId="fbaf6da7-ebc9-4358-bdc9-ca969f44baa9" testListId="8c84fa94-04c1-424b-9868-57a2d4851a1d" />
    <TestEntry testId="019b787c-88b2-9680-3a7b-9251d2235f77" executionId="6aed1714-fabf-49f4-856e-30e0683aa8cf" testListId="8c84fa94-04c1-424b-9868-57a2d4851a1d" />
    <TestEntry testId="0e5cf04c-8cba-0f38-3685-728b7f715944" executionId="3a9cd5f0-11ee-48a5-bb57-e83d5ff764db" testListId="8c84fa94-04c1-424b-9868-57a2d4851a1d" />
    <TestEntry testId="e1dbeaaf-21b9-b924-00ec-f2df17fb9a1d" executionId="9deb1186-cadc-4f4a-b41d-b5bde12a57c8" testListId="8c84fa94-04c1-424b-9868-57a2d4851a1d" />
    <TestEntry testId="1ae29eb4-eb77-0b66-6af5-514526c76e12" executionId="7780de6e-9898-445d-a9d9-ffd944990ef3" testListId="8c84fa94-04c1-424b-9868-57a2d4851a1d" />
    <TestEntry testId="ec33b015-0584-074f-aad8-5f9f2cfd15ae" executionId="883c61d6-15ad-4a58-a772-a42bae9aaba2" testListId="8c84fa94-04c1-424b-9868-57a2d4851a1d" />
    <TestEntry testId="dfc34240-877b-41a5-2382-24393fd475b4" executionId="c18164f5-054b-4388-a26d-e6ecf761b916" testListId="8c84fa94-04c1-424b-9868-57a2d4851a1d" />
    <TestEntry testId="ffe939c9-f0f6-91da-2899-9f084433a83a" executionId="677adb12-cebe-48fa-800b-bd7d8f1789e2" testListId="8c84fa94-04c1-424b-9868-57a2d4851a1d" />
    <TestEntry testId="019b787c-88b2-9680-3a7b-9251d2235f77" executionId="d30e42ba-23b0-4b78-aeab-c886a8461502" testListId="8c84fa94-04c1-424b-9868-57a2d4851a1d" />
    <TestEntry testId="fb410dcc-a854-4f4a-ff5b-f720b762d1c2" executionId="14a2f069-d697-4fff-a306-f7b9e5fdfc49" testListId="8c84fa94-04c1-424b-9868-57a2d4851a1d" />
    <TestEntry testId="fc9dd1fa-b73d-90c7-c4dc-9f31a791314f" executionId="91231bc7-1245-4562-9305-8d74d66659df" testListId="8c84fa94-04c1-424b-9868-57a2d4851a1d" />
    <TestEntry testId="019b787c-88b2-9680-3a7b-9251d2235f77" executionId="5d87bd32-7417-4276-8d5f-3b3dbc12ef75" testListId="8c84fa94-04c1-424b-9868-57a2d4851a1d" />
    <TestEntry testId="c698d9c6-0f87-723f-be84-ebdb77182837" executionId="461f66e1-7cc4-453a-9492-711b6634a510" testListId="8c84fa94-04c1-424b-9868-57a2d4851a1d" />
    <TestEntry testId="0a29285d-a2d8-5e24-c177-86f8056e5051" executionId="d2b391db-b885-4430-9241-6f97302dab95" testListId="8c84fa94-04c1-424b-9868-57a2d4851a1d" />
    <TestEntry testId="749beb22-0b9c-fbc4-1ead-188302960231" executionId="8055f5ac-dc9e-4328-b3fb-fea9866bdab7" testListId="8c84fa94-04c1-424b-9868-57a2d4851a1d" />
    <TestEntry testId="41a3d077-b036-411a-070b-f047f939b042" executionId="41651671-9426-4269-bf96-723456991525" testListId="8c84fa94-04c1-424b-9868-57a2d4851a1d" />
    <TestEntry testId="093a2bc4-a0fe-eb90-60c9-9b3774518182" executionId="6923eccd-776a-4145-acd3-eca90aaebd7d" testListId="8c84fa94-04c1-424b-9868-57a2d4851a1d" />
    <TestEntry testId="2a62cead-e620-26d3-a5ba-1cc8e4102c3f" executionId="1d56ddcf-ca00-4ce8-badc-a5ffa8086536" testListId="8c84fa94-04c1-424b-9868-57a2d4851a1d" />
    <TestEntry testId="e251b422-cdca-dd10-f9cb-5b2253f07ca3" executionId="4f08e57e-ecf9-4624-aed8-fe024500de93" testListId="8c84fa94-04c1-424b-9868-57a2d4851a1d" />
    <TestEntry testId="019b787c-88b2-9680-3a7b-9251d2235f77" executionId="4d46aff3-f8ce-4d09-9747-55b554ca4b40" testListId="8c84fa94-04c1-424b-9868-57a2d4851a1d" />
    <TestEntry testId="695a69c9-264c-d1c5-2032-535ef4bf39f9" executionId="4856eed7-0de8-44fd-b000-b4bceabfd7f7" testListId="8c84fa94-04c1-424b-9868-57a2d4851a1d" />
    <TestEntry testId="7a50c2c9-91e2-4a6d-fe8a-0c1cc423b1dc" executionId="b28b099e-7200-4e97-8a33-4791778745c7" testListId="8c84fa94-04c1-424b-9868-57a2d4851a1d" />
    <TestEntry testId="a76e4c95-5302-a9e1-2b63-98f889bf2827" executionId="bf05d3f4-3df6-423b-a2c3-046f37ab76b1" testListId="8c84fa94-04c1-424b-9868-57a2d4851a1d" />
    <TestEntry testId="f727b248-9add-f920-b0ce-770364245e70" executionId="2130436e-334c-4155-90c5-b19384f3731e" testListId="8c84fa94-04c1-424b-9868-57a2d4851a1d" />
    <TestEntry testId="f17a38ac-87bf-a0bc-254a-ff8349a2217d" executionId="c1966b45-c61e-4ff0-8f10-b884239611fe" testListId="8c84fa94-04c1-424b-9868-57a2d4851a1d" />
    <TestEntry testId="39bbe88c-a5a1-69b6-0e18-a75bb02edd6c" executionId="3363e9c3-2697-491f-8ce5-25d5ba5f0851" testListId="8c84fa94-04c1-424b-9868-57a2d4851a1d" />
    <TestEntry testId="019b787c-88b2-9680-3a7b-9251d2235f77" executionId="8aabf486-a3aa-4e30-ad61-fe4c4a8e9af2" testListId="8c84fa94-04c1-424b-9868-57a2d4851a1d" />
    <TestEntry testId="78ed88b0-6a64-0dc6-b6f7-4db633ddc43d" executionId="b6a8e1ad-579c-48b0-8f6b-d2de78774ba4" testListId="8c84fa94-04c1-424b-9868-57a2d4851a1d" />
    <TestEntry testId="38f61ebd-3605-35ac-bd9b-c09510a8213b" executionId="ef86d996-ca63-4b6c-88e5-5793f281e677" testListId="8c84fa94-04c1-424b-9868-57a2d4851a1d" />
    <TestEntry testId="019b787c-88b2-9680-3a7b-9251d2235f77" executionId="4ccf685d-669b-4a78-b672-cf27d836ed2a" testListId="8c84fa94-04c1-424b-9868-57a2d4851a1d" />
    <TestEntry testId="2bf4cb3a-3e49-4b7e-2d2b-d717b51f377f" executionId="8b3e6004-4a55-4692-889e-903041f79135" testListId="8c84fa94-04c1-424b-9868-57a2d4851a1d" />
    <TestEntry testId="982d84c0-acf4-bb2b-fc60-63573054a6c0" executionId="4d882408-61f7-4a40-87da-1f4df7fd18a5" testListId="8c84fa94-04c1-424b-9868-57a2d4851a1d" />
    <TestEntry testId="019b787c-88b2-9680-3a7b-9251d2235f77" executionId="f80f5c1f-305f-41a2-a961-2f30858506a8" testListId="8c84fa94-04c1-424b-9868-57a2d4851a1d" />
    <TestEntry testId="13e32e4a-c7ca-f13e-57f0-45f0d3128273" executionId="9f6e82ea-858e-4329-bca6-efd101059795" testListId="8c84fa94-04c1-424b-9868-57a2d4851a1d" />
    <TestEntry testId="50c8cf6c-fcec-2cd1-f18c-c22041547548" executionId="1fa10448-9a6e-459d-bdfc-c72d917e115a" testListId="8c84fa94-04c1-424b-9868-57a2d4851a1d" />
    <TestEntry testId="2b7a85a7-e32f-1e23-9ce3-7bbb7fd7bbf0" executionId="5509be2f-3c1d-4dad-8e7c-498096d6c3e6" testListId="8c84fa94-04c1-424b-9868-57a2d4851a1d" />
    <TestEntry testId="019b787c-88b2-9680-3a7b-9251d2235f77" executionId="4df676ff-44b2-413a-9de2-d01bffc75e43" testListId="8c84fa94-04c1-424b-9868-57a2d4851a1d" />
    <TestEntry testId="e1b1bb17-86ba-ecbf-8a0f-67db463a4c40" executionId="14252f74-385c-46ba-9cfd-6d614c9c0a3d" testListId="8c84fa94-04c1-424b-9868-57a2d4851a1d" />
    <TestEntry testId="0ba5bce8-353c-5c17-e558-b54d239e0fa0" executionId="cb58bb2c-89f3-4e80-aaec-d3214c57c694" testListId="8c84fa94-04c1-424b-9868-57a2d4851a1d" />
    <TestEntry testId="b8ef1f2f-4814-9a6a-32ed-c6ee0fdd0d76" executionId="99baedd5-b88c-4eea-b832-66f550635be0" testListId="8c84fa94-04c1-424b-9868-57a2d4851a1d" />
    <TestEntry testId="019b787c-88b2-9680-3a7b-9251d2235f77" executionId="05e47525-b6f4-4500-94a3-1ba5f095740a" testListId="8c84fa94-04c1-424b-9868-57a2d4851a1d" />
    <TestEntry testId="7640c6df-e102-0a37-0f58-0c33947b5a10" executionId="aba58175-99e5-46a9-95ce-8a27450d199f" testListId="8c84fa94-04c1-424b-9868-57a2d4851a1d" />
    <TestEntry testId="695a69c9-264c-d1c5-2032-535ef4bf39f9" executionId="dd8a6b3c-fa42-48fd-84d2-a3407e86bf33" testListId="8c84fa94-04c1-424b-9868-57a2d4851a1d" />
    <TestEntry testId="279fda32-1167-98bb-ecda-bd615461418e" executionId="ff1b0e78-23ae-4c2d-8ef1-f5a0149a6343" testListId="8c84fa94-04c1-424b-9868-57a2d4851a1d" />
    <TestEntry testId="019b787c-88b2-9680-3a7b-9251d2235f77" executionId="dcda467d-8e56-4a4c-993a-dd491df62731" testListId="8c84fa94-04c1-424b-9868-57a2d4851a1d" />
    <TestEntry testId="1698f116-eb9c-5b08-ca88-c4d373ec474f" executionId="4de10d83-5c33-41f3-ae9b-74951453f179" testListId="8c84fa94-04c1-424b-9868-57a2d4851a1d" />
    <TestEntry testId="d6a2357c-b0b4-f95d-3275-283dfccb64bb" executionId="ec21db0b-ab36-4565-80fa-9f8e6fa9ae31" testListId="8c84fa94-04c1-424b-9868-57a2d4851a1d" />
    <TestEntry testId="74983b6a-02a7-c122-3b57-4648c853f989" executionId="3e2b8e95-e760-4dfd-8d8e-269420423bb2" testListId="8c84fa94-04c1-424b-9868-57a2d4851a1d" />
    <TestEntry testId="2309e9db-7216-0acb-d46e-9db02137b8b4" executionId="7bf73213-e548-4f31-bd0c-af9e47c80394" testListId="8c84fa94-04c1-424b-9868-57a2d4851a1d" />
    <TestEntry testId="7616d9b2-f2b2-8369-1fa5-2c9c65b7cf0a" executionId="5704bce3-e3eb-403f-a89e-eb7b9aacff99" testListId="8c84fa94-04c1-424b-9868-57a2d4851a1d" />
    <TestEntry testId="4100e4cb-4c7f-7998-11cc-0f12e4576f56" executionId="f40149ad-1c5a-47b5-9853-122cb1a12da7" testListId="8c84fa94-04c1-424b-9868-57a2d4851a1d" />
    <TestEntry testId="80e8f09a-4089-3a1c-920e-0b73ffcea8d4" executionId="3e4469ad-833d-4ee5-b48c-ad601a69ac99" testListId="8c84fa94-04c1-424b-9868-57a2d4851a1d" />
    <TestEntry testId="164ce405-029c-3fae-29fa-d98160ff0c43" executionId="fb64e605-bf4e-451b-9983-1b2e8058eb86" testListId="8c84fa94-04c1-424b-9868-57a2d4851a1d" />
    <TestEntry testId="2424302d-4d1d-b7bf-baf1-812e6fbadc21" executionId="be7d8a2f-8ac6-40df-8e3b-ef9a84844fde" testListId="8c84fa94-04c1-424b-9868-57a2d4851a1d" />
    <TestEntry testId="4b627e93-05c1-3f8b-69ad-959ea8c029c5" executionId="4f95ef76-542e-46d2-95b1-35c8c6a6d286" testListId="8c84fa94-04c1-424b-9868-57a2d4851a1d" />
    <TestEntry testId="39bbe88c-a5a1-69b6-0e18-a75bb02edd6c" executionId="f50671c8-aeff-419d-88b5-7bdc4ee423bb" testListId="8c84fa94-04c1-424b-9868-57a2d4851a1d" />
    <TestEntry testId="f2c06541-4543-c888-05f5-44be5810d51f" executionId="989312d6-3813-4f45-98ea-1828453c61b6" testListId="8c84fa94-04c1-424b-9868-57a2d4851a1d" />
    <TestEntry testId="5277af88-cbcf-3231-cfcd-72fb8337d277" executionId="a0d5fe9f-ddc8-4ba6-8c47-6d46cacad1ef" testListId="8c84fa94-04c1-424b-9868-57a2d4851a1d" />
    <TestEntry testId="e86ff62e-d287-0803-9d24-0d7e17d7c1fb" executionId="7e6bf9f3-9171-43c9-9c9c-2aebdb778d37" testListId="8c84fa94-04c1-424b-9868-57a2d4851a1d" />
    <TestEntry testId="ea4dea08-ef2c-30db-0a3a-dd7d151c9255" executionId="6ab90971-a27f-48fc-b1a4-8c4a575d1f31" testListId="8c84fa94-04c1-424b-9868-57a2d4851a1d" />
    <TestEntry testId="51551310-b58d-4878-0abb-f5ed80a1987d" executionId="941a8d19-d683-4068-bf0e-c904fb48d392" testListId="8c84fa94-04c1-424b-9868-57a2d4851a1d" />
    <TestEntry testId="019b787c-88b2-9680-3a7b-9251d2235f77" executionId="66e9b4ac-fa42-462c-89d3-3e96961dc823" testListId="8c84fa94-04c1-424b-9868-57a2d4851a1d" />
    <TestEntry testId="ec0b23ba-f49b-cbd1-5f2f-f5add733bf94" executionId="55d6791f-5d41-4617-ba5a-1006c91782b6" testListId="8c84fa94-04c1-424b-9868-57a2d4851a1d" />
    <TestEntry testId="695a69c9-264c-d1c5-2032-535ef4bf39f9" executionId="ff5390cc-ec3c-4bd5-8bc5-560b5cf3151c" testListId="8c84fa94-04c1-424b-9868-57a2d4851a1d" />
    <TestEntry testId="34890cdc-0229-f6d3-cfef-6ef9c37cd0c9" executionId="3361afbf-99da-4c4e-b4b4-c236fb7dcb95" testListId="8c84fa94-04c1-424b-9868-57a2d4851a1d" />
    <TestEntry testId="9011140b-1eb4-a37b-f9e0-7ef3174ee8f2" executionId="519896ee-5138-4910-93df-ff4a7a8825d8" testListId="8c84fa94-04c1-424b-9868-57a2d4851a1d" />
    <TestEntry testId="019b787c-88b2-9680-3a7b-9251d2235f77" executionId="d7a33018-1252-48c3-bd03-c077e3ca4e92" testListId="8c84fa94-04c1-424b-9868-57a2d4851a1d" />
    <TestEntry testId="39bbe88c-a5a1-69b6-0e18-a75bb02edd6c" executionId="58acae7f-5d1d-4772-8c26-b3455fa74431" testListId="8c84fa94-04c1-424b-9868-57a2d4851a1d" />
    <TestEntry testId="a70ccb20-5341-9f11-7f0c-34212fbe87cf" executionId="01b66504-885e-4b47-9bb6-45f69cc53d6d" testListId="8c84fa94-04c1-424b-9868-57a2d4851a1d" />
    <TestEntry testId="b028be82-03d0-7462-f5b5-37f3904e7a61" executionId="c8da35b3-3a4d-42e6-9b19-51254767f233" testListId="8c84fa94-04c1-424b-9868-57a2d4851a1d" />
    <TestEntry testId="019b787c-88b2-9680-3a7b-9251d2235f77" executionId="71c60fdc-e76a-4c49-987a-f92328961989" testListId="8c84fa94-04c1-424b-9868-57a2d4851a1d" />
    <TestEntry testId="fc0c87e7-98ef-d0c4-fddc-5a8475cfcbc1" executionId="80a0a5be-424d-4833-b5e9-c4ce4cbfd80d" testListId="8c84fa94-04c1-424b-9868-57a2d4851a1d" />
    <TestEntry testId="d82b29d6-a845-5b99-7d4c-77ec17dee196" executionId="d97ab98e-eaa6-4a41-8c83-fe74d5f27036" testListId="8c84fa94-04c1-424b-9868-57a2d4851a1d" />
    <TestEntry testId="c97bf28e-a9c6-bb12-19bc-b270e4fbf71c" executionId="c03dc0dd-be24-4ad4-bfee-8cbf9d8589bb" testListId="8c84fa94-04c1-424b-9868-57a2d4851a1d" />
    <TestEntry testId="39bbe88c-a5a1-69b6-0e18-a75bb02edd6c" executionId="74968594-09cc-40f8-a281-eea0de45d073" testListId="8c84fa94-04c1-424b-9868-57a2d4851a1d" />
    <TestEntry testId="019b787c-88b2-9680-3a7b-9251d2235f77" executionId="d6a6b833-d9c9-48af-bb84-bdd206f77621" testListId="8c84fa94-04c1-424b-9868-57a2d4851a1d" />
    <TestEntry testId="695a69c9-264c-d1c5-2032-535ef4bf39f9" executionId="e8007c0f-7239-4bc2-8f65-912ff9717795" testListId="8c84fa94-04c1-424b-9868-57a2d4851a1d" />
    <TestEntry testId="019b787c-88b2-9680-3a7b-9251d2235f77" executionId="ff224dc9-9569-467a-9a91-8b30ba8d71b5" testListId="8c84fa94-04c1-424b-9868-57a2d4851a1d" />
    <TestEntry testId="f2e1af4c-4bf5-8dd6-584e-799f642704b3" executionId="8462394d-a0e9-40e8-aebb-1a4acfc673c9" testListId="8c84fa94-04c1-424b-9868-57a2d4851a1d" />
    <TestEntry testId="0ee64665-9e91-5618-4b51-84e625c33f11" executionId="328eb3fa-b146-4df7-b1d0-ca239478ce7b" testListId="8c84fa94-04c1-424b-9868-57a2d4851a1d" />
    <TestEntry testId="6fa4f158-739a-2ef9-fd11-273c7dcd0c24" executionId="6f97dfeb-8d42-4445-b893-5ce00157647d" testListId="8c84fa94-04c1-424b-9868-57a2d4851a1d" />
    <TestEntry testId="39bbe88c-a5a1-69b6-0e18-a75bb02edd6c" executionId="01639b68-19d4-4820-a872-dbea338ff77a" testListId="8c84fa94-04c1-424b-9868-57a2d4851a1d" />
    <TestEntry testId="14ba637c-cebd-a008-92e2-d82caf97344f" executionId="56a69347-6300-4f54-a28d-f6fa0ab7fe92" testListId="8c84fa94-04c1-424b-9868-57a2d4851a1d" />
    <TestEntry testId="019b787c-88b2-9680-3a7b-9251d2235f77" executionId="3bbb1e48-3680-4e69-84eb-1c6fad79e2b7" testListId="8c84fa94-04c1-424b-9868-57a2d4851a1d" />
    <TestEntry testId="cd4870e1-7022-01ea-d1b0-4e313e93b0e4" executionId="c51d23a8-18da-4825-973a-aac9d5f40d95" testListId="8c84fa94-04c1-424b-9868-57a2d4851a1d" />
    <TestEntry testId="c080c2c9-a6c9-a100-96e6-6c58959f3064" executionId="3d9e80d4-166b-475c-b823-838772cdb295" testListId="8c84fa94-04c1-424b-9868-57a2d4851a1d" />
    <TestEntry testId="4b71fc26-c696-553b-92bf-07d05d95579b" executionId="a57c14f0-cf60-4fe2-a910-ccd8ccd807a9" testListId="8c84fa94-04c1-424b-9868-57a2d4851a1d" />
    <TestEntry testId="019b787c-88b2-9680-3a7b-9251d2235f77" executionId="6720d2c5-9979-47c0-aee7-430ba4194f44" testListId="8c84fa94-04c1-424b-9868-57a2d4851a1d" />
    <TestEntry testId="84e3e532-d2d1-70a3-d162-46fd831e3ad7" executionId="88daa3de-0448-4b7f-8c96-0b46bf2882a2" testListId="8c84fa94-04c1-424b-9868-57a2d4851a1d" />
    <TestEntry testId="ea632925-6b24-3571-fb06-a55a7b79609c" executionId="f9d2e058-6676-44d3-b7b5-57a6e608b372" testListId="8c84fa94-04c1-424b-9868-57a2d4851a1d" />
    <TestEntry testId="11667fb1-7347-0185-ef2c-ec22123118ea" executionId="7bd22c6e-a0af-434d-88d8-a44189c6c350" testListId="8c84fa94-04c1-424b-9868-57a2d4851a1d" />
    <TestEntry testId="805aa405-cfbc-0051-d920-b097d0b24f3e" executionId="7f8b3a7a-45df-4aac-b198-27d65a19b08e" testListId="8c84fa94-04c1-424b-9868-57a2d4851a1d" />
    <TestEntry testId="7632095f-3893-026d-cc75-621b9c7c268a" executionId="e02bd4c1-140d-48c8-8645-7d9b6382ecf5" testListId="8c84fa94-04c1-424b-9868-57a2d4851a1d" />
    <TestEntry testId="9f1ab568-fe5c-ae97-03f5-9fdba4d6e5c1" executionId="b447da97-628c-45f5-a511-1c5dccf0c6d9" testListId="8c84fa94-04c1-424b-9868-57a2d4851a1d" />
    <TestEntry testId="019b787c-88b2-9680-3a7b-9251d2235f77" executionId="b055b1cd-711b-4f76-a79c-1a877e71f126" testListId="8c84fa94-04c1-424b-9868-57a2d4851a1d" />
    <TestEntry testId="3348568e-0342-732d-589e-f0fdfbd83a04" executionId="a33bb736-80cd-4714-b2fe-af2c59972e0b" testListId="8c84fa94-04c1-424b-9868-57a2d4851a1d" />
    <TestEntry testId="4cfe41ed-bf27-df84-55cc-39cfde35c987" executionId="4b8961d3-1425-409e-ae57-212a0fd141dc" testListId="8c84fa94-04c1-424b-9868-57a2d4851a1d" />
    <TestEntry testId="39bbe88c-a5a1-69b6-0e18-a75bb02edd6c" executionId="95d395ca-011e-4b5d-bf35-a6b9297b22bb" testListId="8c84fa94-04c1-424b-9868-57a2d4851a1d" />
    <TestEntry testId="019b787c-88b2-9680-3a7b-9251d2235f77" executionId="ead831c9-f4f9-4fa0-b5ff-5a279bba4bba" testListId="8c84fa94-04c1-424b-9868-57a2d4851a1d" />
    <TestEntry testId="7e00d088-bc3e-83ba-22a7-adc2edde9728" executionId="feecae28-b423-4656-b844-f96c16910aba" testListId="8c84fa94-04c1-424b-9868-57a2d4851a1d" />
    <TestEntry testId="cb54982a-13bf-7291-97d8-11c3796800b3" executionId="c9a42cc8-5e1f-49f0-9cd3-417471a3dcd8" testListId="8c84fa94-04c1-424b-9868-57a2d4851a1d" />
    <TestEntry testId="a90e0b10-43c2-746f-35ac-11beda9d0458" executionId="ad991115-a6ce-4632-9cd3-9d1e47031eb3" testListId="8c84fa94-04c1-424b-9868-57a2d4851a1d" />
    <TestEntry testId="019b787c-88b2-9680-3a7b-9251d2235f77" executionId="e95976cd-f3c0-46c7-9717-05c30974b7d6" testListId="8c84fa94-04c1-424b-9868-57a2d4851a1d" />
    <TestEntry testId="8840492e-a0f1-9bf0-67bf-089252349c5f" executionId="fef02c06-abf8-41c3-ba1b-d3b07de5364e" testListId="8c84fa94-04c1-424b-9868-57a2d4851a1d" />
    <TestEntry testId="172e591b-f9e3-8414-8fff-ea2d9778a0f5" executionId="42a79832-166a-47c0-80a7-e06235a94d56" testListId="8c84fa94-04c1-424b-9868-57a2d4851a1d" />
    <TestEntry testId="7942feed-13b0-cbff-415c-7c19ab9334ac" executionId="c497e22e-9b34-4ecc-9ad2-2bcae94fdbd2" testListId="8c84fa94-04c1-424b-9868-57a2d4851a1d" />
    <TestEntry testId="0f57bac2-04f2-8693-e8b9-14775752cee5" executionId="a6900c04-cd9b-4f44-b71e-6d71d636636a" testListId="8c84fa94-04c1-424b-9868-57a2d4851a1d" />
    <TestEntry testId="dd264508-ecfb-4f20-388d-053193e3057d" executionId="abcb04a8-e800-4c0d-b4df-81a0ad54ad86" testListId="8c84fa94-04c1-424b-9868-57a2d4851a1d" />
    <TestEntry testId="29422714-abc4-4b18-116e-914b77234404" executionId="63e2ef6a-81a2-4214-87fa-1203a7e0be41" testListId="8c84fa94-04c1-424b-9868-57a2d4851a1d" />
    <TestEntry testId="c18de98e-2c99-4edd-d703-692407d51041" executionId="80c6c6bb-ef65-495e-88d7-8e0c39ed0ae3" testListId="8c84fa94-04c1-424b-9868-57a2d4851a1d" />
    <TestEntry testId="3cfb080c-a64b-1718-3ba9-9f9a4a865383" executionId="fcfe5035-4098-4e61-9c0b-ef2dd46e3988" testListId="8c84fa94-04c1-424b-9868-57a2d4851a1d" />
    <TestEntry testId="053b939c-405d-604f-3e5d-7598a3645717" executionId="ca43dcd1-c57a-4e92-987b-db60f86325c5" testListId="8c84fa94-04c1-424b-9868-57a2d4851a1d" />
    <TestEntry testId="79857c49-5c52-b62d-1e6b-d2927fbed348" executionId="623674ed-72b8-4feb-8cdc-1ee1e345f6b8" testListId="8c84fa94-04c1-424b-9868-57a2d4851a1d" />
    <TestEntry testId="695a69c9-264c-d1c5-2032-535ef4bf39f9" executionId="0eb6e97f-02a0-47cf-a3c1-890bdcc266e8" testListId="8c84fa94-04c1-424b-9868-57a2d4851a1d" />
    <TestEntry testId="fa28d1b4-b5e7-7c30-a24a-d8237d3a6ffa" executionId="2c47773f-010d-4f85-b13f-bf0122a8c626" testListId="8c84fa94-04c1-424b-9868-57a2d4851a1d" />
    <TestEntry testId="a73838be-82d7-f486-85ac-2e75f2c06099" executionId="ef78d102-505a-4c85-a111-49b6b620b313" testListId="8c84fa94-04c1-424b-9868-57a2d4851a1d" />
    <TestEntry testId="0c980939-5f66-e216-e5c6-08c004de1907" executionId="0ab0711c-8def-4e7e-9c07-6f48af89edc7" testListId="8c84fa94-04c1-424b-9868-57a2d4851a1d" />
    <TestEntry testId="019b787c-88b2-9680-3a7b-9251d2235f77" executionId="c3e3f124-8230-4c09-9a78-2c527563892a" testListId="8c84fa94-04c1-424b-9868-57a2d4851a1d" />
    <TestEntry testId="019b787c-88b2-9680-3a7b-9251d2235f77" executionId="8438fdfd-965c-4471-9336-db90d2d5d736" testListId="8c84fa94-04c1-424b-9868-57a2d4851a1d" />
    <TestEntry testId="12a5df4f-497f-0a0c-7249-311f6de697d5" executionId="ee51aca2-b055-4cac-a9b4-286a4cc42895" testListId="8c84fa94-04c1-424b-9868-57a2d4851a1d" />
    <TestEntry testId="f74b41ee-8209-6c44-4f8b-009aec396129" executionId="b4916b9f-bd34-4515-87da-28bfc330739b" testListId="8c84fa94-04c1-424b-9868-57a2d4851a1d" />
    <TestEntry testId="2c5f8eab-73ce-0dea-60ce-a3ec9a00fb8d" executionId="ffc30c06-34af-4ed6-b0a2-48c34032d75b" testListId="8c84fa94-04c1-424b-9868-57a2d4851a1d" />
    <TestEntry testId="66950019-f3a0-967c-6feb-ebd58afda14e" executionId="a0bc8c98-d24d-4d82-bfb8-1dfdf6954cee" testListId="8c84fa94-04c1-424b-9868-57a2d4851a1d" />
    <TestEntry testId="89104bf1-49d2-400d-2d3e-6c695e587c93" executionId="35d4cb86-8a43-494e-be1a-3330e3b9d59e" testListId="8c84fa94-04c1-424b-9868-57a2d4851a1d" />
    <TestEntry testId="4a5f74b2-f4b2-a358-042d-566ac426c935" executionId="1c373878-b451-4c18-b8b5-d6b3181cc121" testListId="8c84fa94-04c1-424b-9868-57a2d4851a1d" />
    <TestEntry testId="8393da8c-f927-97e0-e1df-374808136190" executionId="974411fc-c960-43bd-b90e-35e36f279dfd" testListId="8c84fa94-04c1-424b-9868-57a2d4851a1d" />
    <TestEntry testId="c535265b-7057-c768-81c9-175e47789cbb" executionId="9eb360fe-4f18-4bfa-996b-7340a90e34a3" testListId="8c84fa94-04c1-424b-9868-57a2d4851a1d" />
    <TestEntry testId="695a69c9-264c-d1c5-2032-535ef4bf39f9" executionId="46267d3c-804e-47ce-b121-101bbc397567" testListId="8c84fa94-04c1-424b-9868-57a2d4851a1d" />
    <TestEntry testId="314b6d50-f7e2-e18d-c7f0-8cb027984311" executionId="9d97f5e5-ef54-4875-b4ac-bedef7f1f0a3" testListId="8c84fa94-04c1-424b-9868-57a2d4851a1d" />
    <TestEntry testId="cb450790-a32f-9934-62a1-3d19451a12f6" executionId="f17ceb12-537c-4389-a41b-1bebaf6f093a" testListId="8c84fa94-04c1-424b-9868-57a2d4851a1d" />
    <TestEntry testId="5c6b55a4-fee4-a3e3-6044-abdb1b944d61" executionId="93c8034e-2179-4666-b23b-b4e386bc66cf" testListId="8c84fa94-04c1-424b-9868-57a2d4851a1d" />
    <TestEntry testId="27a6973a-36fe-7bde-51ff-894e890b0c8a" executionId="a5bf3142-8b7a-4d86-a055-7aa699cf434d" testListId="8c84fa94-04c1-424b-9868-57a2d4851a1d" />
    <TestEntry testId="019b787c-88b2-9680-3a7b-9251d2235f77" executionId="e4a62702-6e42-46e4-8fa7-360d532db96b" testListId="8c84fa94-04c1-424b-9868-57a2d4851a1d" />
    <TestEntry testId="85510b97-bc29-2cdc-f87e-f5117f0740a0" executionId="872c0354-ed92-4687-90cc-2ca8844263f9" testListId="8c84fa94-04c1-424b-9868-57a2d4851a1d" />
    <TestEntry testId="019b787c-88b2-9680-3a7b-9251d2235f77" executionId="20d981a6-9596-45a4-b3bb-69aece2d46b9" testListId="8c84fa94-04c1-424b-9868-57a2d4851a1d" />
    <TestEntry testId="39bbe88c-a5a1-69b6-0e18-a75bb02edd6c" executionId="2cd91068-48d0-4b69-81c4-05e810c5a4fb" testListId="8c84fa94-04c1-424b-9868-57a2d4851a1d" />
    <TestEntry testId="019b787c-88b2-9680-3a7b-9251d2235f77" executionId="3112994f-ccd0-4eb6-8e06-55575fa0f499" testListId="8c84fa94-04c1-424b-9868-57a2d4851a1d" />
    <TestEntry testId="257ce9a0-ab3d-e6a3-6b6a-b36bc47af7bb" executionId="b65cdb65-da80-4816-9a0c-8197d6ae3cca" testListId="8c84fa94-04c1-424b-9868-57a2d4851a1d" />
    <TestEntry testId="a300de76-d456-93d0-4b04-e577caeee963" executionId="d1b1eb62-f063-42d3-bfaf-aaab97d2ff4c" testListId="8c84fa94-04c1-424b-9868-57a2d4851a1d" />
    <TestEntry testId="7808ca73-ac8c-ad21-0127-6f649cf46329" executionId="2af6be1b-8167-43c8-94cc-dac061614e54" testListId="8c84fa94-04c1-424b-9868-57a2d4851a1d" />
    <TestEntry testId="019b787c-88b2-9680-3a7b-9251d2235f77" executionId="7db92333-09a7-46c4-af96-f9e72818859b" testListId="8c84fa94-04c1-424b-9868-57a2d4851a1d" />
    <TestEntry testId="11e6a20c-f1a0-dbc3-7e76-f9b418cfead8" executionId="e2888e79-6d9e-4fe2-82d1-54de106b6052" testListId="8c84fa94-04c1-424b-9868-57a2d4851a1d" />
    <TestEntry testId="37e6c8b1-fcd9-734e-b323-21d4c73996f9" executionId="2cc647bf-a19b-4a6f-b814-4a0512e44ff3" testListId="8c84fa94-04c1-424b-9868-57a2d4851a1d" />
    <TestEntry testId="8206b2f4-fb0f-f216-5451-73790adfae5a" executionId="8ace6428-219c-4952-a447-36a4c57e83bc" testListId="8c84fa94-04c1-424b-9868-57a2d4851a1d" />
    <TestEntry testId="019b787c-88b2-9680-3a7b-9251d2235f77" executionId="369693d5-8d11-4221-9e8e-0e3761577e66" testListId="8c84fa94-04c1-424b-9868-57a2d4851a1d" />
    <TestEntry testId="fc816dc0-d2e7-a118-72b1-e30b55bda7fd" executionId="0a080ae3-62c6-4810-ac08-51d36121c0a7" testListId="8c84fa94-04c1-424b-9868-57a2d4851a1d" />
    <TestEntry testId="37af2b6a-f2d3-27de-c92c-275ed3b80c52" executionId="261ecb34-83ad-4aec-86c8-12cf9e1fccb6" testListId="8c84fa94-04c1-424b-9868-57a2d4851a1d" />
    <TestEntry testId="c28d61ae-e3f5-4743-d5ec-172555b33b59" executionId="a6ba77cb-9ffa-4d25-a69a-fccd7c201603" testListId="8c84fa94-04c1-424b-9868-57a2d4851a1d" />
    <TestEntry testId="51071ac4-44ca-c821-fb75-3e43aa51f83d" executionId="028767df-1ca8-4ab4-92d5-aa16f23836ab" testListId="8c84fa94-04c1-424b-9868-57a2d4851a1d" />
    <TestEntry testId="283432f9-8f46-bba8-d1ab-a3ba70a4ba5e" executionId="3c043cdb-f9e8-4792-a340-aa937a0711b8" testListId="8c84fa94-04c1-424b-9868-57a2d4851a1d" />
    <TestEntry testId="019b787c-88b2-9680-3a7b-9251d2235f77" executionId="0d1bde0b-a58f-476e-a769-8f52b4de6b1a" testListId="8c84fa94-04c1-424b-9868-57a2d4851a1d" />
    <TestEntry testId="39bbe88c-a5a1-69b6-0e18-a75bb02edd6c" executionId="83260699-0459-41f0-8eb0-127c189e3335" testListId="8c84fa94-04c1-424b-9868-57a2d4851a1d" />
    <TestEntry testId="019b787c-88b2-9680-3a7b-9251d2235f77" executionId="3fe7919b-2c8d-4412-ab8e-b28f601fc97f" testListId="8c84fa94-04c1-424b-9868-57a2d4851a1d" />
    <TestEntry testId="f5cb8ad0-bdcc-fe05-f16e-c3746c9c5b0f" executionId="a9eff3e7-1e09-4900-a365-641dc115b59f" testListId="8c84fa94-04c1-424b-9868-57a2d4851a1d" />
    <TestEntry testId="d19cdaaf-3d8b-9e5c-7716-fe24cb83faf5" executionId="1ae18d6c-0b26-4a9e-a5ae-79ad3f329bb7" testListId="8c84fa94-04c1-424b-9868-57a2d4851a1d" />
    <TestEntry testId="d07f5d25-005d-4dc1-6ad6-ee7854ba8bd6" executionId="627dbaed-4e58-47c2-8b48-efe6ca152048" testListId="8c84fa94-04c1-424b-9868-57a2d4851a1d" />
    <TestEntry testId="00e8828d-1806-fe6f-71f7-5c64ecd9e761" executionId="90fe2a83-7f19-4c73-96a5-d840e21d095d" testListId="8c84fa94-04c1-424b-9868-57a2d4851a1d" />
    <TestEntry testId="9ff6bb29-c999-8080-eea6-e8eae81780e8" executionId="05531f9a-8240-47d9-937a-97937ee153ac" testListId="8c84fa94-04c1-424b-9868-57a2d4851a1d" />
    <TestEntry testId="019b787c-88b2-9680-3a7b-9251d2235f77" executionId="4d0056d8-5585-43ec-89c8-50b47d8bc77c" testListId="8c84fa94-04c1-424b-9868-57a2d4851a1d" />
    <TestEntry testId="8fafca6f-6d5e-095c-2d51-ba23fee29565" executionId="5fe32484-def8-4651-9f6d-a2c8506f4179" testListId="8c84fa94-04c1-424b-9868-57a2d4851a1d" />
    <TestEntry testId="019b787c-88b2-9680-3a7b-9251d2235f77" executionId="51934ff6-5e70-4534-8364-cb75007eff4d" testListId="8c84fa94-04c1-424b-9868-57a2d4851a1d" />
    <TestEntry testId="1ceeb823-8ac9-7502-b834-7fb85e55bfa2" executionId="046cb699-771a-42be-8ff9-c22f51cbbabf" testListId="8c84fa94-04c1-424b-9868-57a2d4851a1d" />
    <TestEntry testId="0bf1e475-a97b-b9f5-4fc5-01d1858583f2" executionId="20fa6738-cf03-42c6-9b0b-ee1294a5ca26" testListId="8c84fa94-04c1-424b-9868-57a2d4851a1d" />
    <TestEntry testId="8624046a-b768-c5c2-0f58-174da907c93c" executionId="66ef7666-b233-410c-9a6b-98d45b880d91" testListId="8c84fa94-04c1-424b-9868-57a2d4851a1d" />
    <TestEntry testId="3ddf6d62-6d89-9163-3bef-c704e94e5a72" executionId="0a3d7e26-1767-4ca2-b2a5-6b256dce9a74" testListId="8c84fa94-04c1-424b-9868-57a2d4851a1d" />
    <TestEntry testId="39bbe88c-a5a1-69b6-0e18-a75bb02edd6c" executionId="d35dacd1-3053-4a4f-9df0-554b8bc3c059" testListId="8c84fa94-04c1-424b-9868-57a2d4851a1d" />
    <TestEntry testId="5baef605-cc7e-7d76-5e93-1770790f01f4" executionId="f44ed311-e875-4fb8-b573-233cc66f1f03" testListId="8c84fa94-04c1-424b-9868-57a2d4851a1d" />
    <TestEntry testId="019b787c-88b2-9680-3a7b-9251d2235f77" executionId="30ca11fd-6659-4485-b9ba-596f4782ef93" testListId="8c84fa94-04c1-424b-9868-57a2d4851a1d" />
    <TestEntry testId="6d93d345-f748-8d53-d9ce-97499bc73592" executionId="1a97d45d-4ce2-4155-af88-f46bb1f7b299" testListId="8c84fa94-04c1-424b-9868-57a2d4851a1d" />
    <TestEntry testId="62410bb4-f72f-009d-43ae-ef11d96638c7" executionId="b7789944-7f26-4f13-a295-bf0eebdabe37" testListId="8c84fa94-04c1-424b-9868-57a2d4851a1d" />
    <TestEntry testId="695a69c9-264c-d1c5-2032-535ef4bf39f9" executionId="518e2188-097a-4fa7-abfd-01202a15b083" testListId="8c84fa94-04c1-424b-9868-57a2d4851a1d" />
    <TestEntry testId="998a1261-0247-9360-fa2f-3ec2306fc0fa" executionId="649d63ed-44a0-44a9-95dc-91659e5e8d5a" testListId="8c84fa94-04c1-424b-9868-57a2d4851a1d" />
    <TestEntry testId="becfdc9d-83ea-3b73-4370-5a77d69011a3" executionId="3d08f78a-976a-4b07-859a-840274a612dc" testListId="8c84fa94-04c1-424b-9868-57a2d4851a1d" />
    <TestEntry testId="a1d2dd81-d1d2-b8d0-3101-54998c5dbdaf" executionId="15a97836-a39b-4c9c-8cd1-f3dd8a352786" testListId="8c84fa94-04c1-424b-9868-57a2d4851a1d" />
    <TestEntry testId="daf53c40-0965-f996-2106-c7a8c6d66a72" executionId="15d380da-474a-415d-98e9-2d6bb3573f4a" testListId="8c84fa94-04c1-424b-9868-57a2d4851a1d" />
    <TestEntry testId="f26a4566-06f6-ed12-9beb-ef75aa9bf119" executionId="22d4ce81-a0db-4140-8838-41566170eac5" testListId="8c84fa94-04c1-424b-9868-57a2d4851a1d" />
    <TestEntry testId="5f9ce908-f9bd-bfa0-993a-e1ec9cc7fcd9" executionId="7db056ad-27ed-44cf-aa4b-fb2948bb7997" testListId="8c84fa94-04c1-424b-9868-57a2d4851a1d" />
    <TestEntry testId="52929b3c-acf2-9e9b-e808-6f81e51e2294" executionId="045596bb-91b3-44fe-aa8b-b16af82fbc6e" testListId="8c84fa94-04c1-424b-9868-57a2d4851a1d" />
    <TestEntry testId="f65186c2-76d7-8408-9d56-43b1a3476e8e" executionId="f766d484-cb8e-43f6-9574-5e03ecdf659b" testListId="8c84fa94-04c1-424b-9868-57a2d4851a1d" />
    <TestEntry testId="136a3149-6615-e86a-3f2a-38663e505864" executionId="4110b1c0-6e10-4474-978d-10a9a810439e" testListId="8c84fa94-04c1-424b-9868-57a2d4851a1d" />
    <TestEntry testId="019b787c-88b2-9680-3a7b-9251d2235f77" executionId="e70515f5-f912-4eae-968a-15ce96b9b170" testListId="8c84fa94-04c1-424b-9868-57a2d4851a1d" />
    <TestEntry testId="019b787c-88b2-9680-3a7b-9251d2235f77" executionId="b11b0c3d-10de-4c61-8e58-dc4ee7383bf8" testListId="8c84fa94-04c1-424b-9868-57a2d4851a1d" />
    <TestEntry testId="019b787c-88b2-9680-3a7b-9251d2235f77" executionId="186ef271-2688-4b43-a4c1-3fa8e4952cc9" testListId="8c84fa94-04c1-424b-9868-57a2d4851a1d" />
    <TestEntry testId="9481e5ab-c017-57cc-2361-35df94a187ab" executionId="c3217f1d-c842-491c-9be8-6bfcd14e9e62" testListId="8c84fa94-04c1-424b-9868-57a2d4851a1d" />
    <TestEntry testId="fba1a8f6-1ef7-f36e-55fb-b8c99f2efa92" executionId="a0e1332f-c419-4e25-a256-1857373b08da" testListId="8c84fa94-04c1-424b-9868-57a2d4851a1d" />
    <TestEntry testId="39bbe88c-a5a1-69b6-0e18-a75bb02edd6c" executionId="97d140fd-5b66-4263-88b2-a26709d45f05" testListId="8c84fa94-04c1-424b-9868-57a2d4851a1d" />
    <TestEntry testId="d7cd554e-2593-cfbb-ccae-aef48abd6f00" executionId="afb709ee-e088-4dad-b2c5-30f7e8633797" testListId="8c84fa94-04c1-424b-9868-57a2d4851a1d" />
    <TestEntry testId="77f2d7be-818f-90c7-bdcf-482cc2cb5bd5" executionId="abd7ea99-ae3a-421f-8629-7f1714cd9e25" testListId="8c84fa94-04c1-424b-9868-57a2d4851a1d" />
    <TestEntry testId="f8b867c8-60a8-34c9-06c1-ea1e2b9bbed1" executionId="c51ecbd8-97f5-40ea-b697-fb86e32dd9a5" testListId="8c84fa94-04c1-424b-9868-57a2d4851a1d" />
    <TestEntry testId="7b9e9e63-e1ac-1073-da19-cc8c9ef90688" executionId="8a86a0be-c5c4-4511-bf08-3e234d3ae659" testListId="8c84fa94-04c1-424b-9868-57a2d4851a1d" />
    <TestEntry testId="019b787c-88b2-9680-3a7b-9251d2235f77" executionId="b2b5eb84-f9cb-44a2-94e4-acb587c5773e" testListId="8c84fa94-04c1-424b-9868-57a2d4851a1d" />
    <TestEntry testId="0bdb275d-06fe-542e-40d4-681128a019cc" executionId="405ceb2d-6e1d-4300-9356-fb7eee2255ce" testListId="8c84fa94-04c1-424b-9868-57a2d4851a1d" />
    <TestEntry testId="019b787c-88b2-9680-3a7b-9251d2235f77" executionId="46e25771-3248-45fb-9cca-9db66018dee6" testListId="8c84fa94-04c1-424b-9868-57a2d4851a1d" />
    <TestEntry testId="019b787c-88b2-9680-3a7b-9251d2235f77" executionId="0fdf0832-2a8b-423f-b4c4-a69c62a17f26" testListId="8c84fa94-04c1-424b-9868-57a2d4851a1d" />
    <TestEntry testId="3a21bfd0-7da7-ac09-8bdf-1f498bc48810" executionId="6385c137-77f0-422e-b36d-39c58b52b29b" testListId="8c84fa94-04c1-424b-9868-57a2d4851a1d" />
    <TestEntry testId="8acd4525-a627-5fa2-0344-bf4e6672636d" executionId="b9c4e765-22ff-4113-bb5d-fac0101ce619" testListId="8c84fa94-04c1-424b-9868-57a2d4851a1d" />
    <TestEntry testId="1404f690-f55f-1643-8d2f-cbf3a7460338" executionId="ee1eabe5-16a7-4c74-90e6-4ca0f1329ef5" testListId="8c84fa94-04c1-424b-9868-57a2d4851a1d" />
    <TestEntry testId="9ef90f8e-9675-f54f-83b9-42a65deb8801" executionId="253c8c69-9aa1-4646-9331-82a9cec7577a" testListId="8c84fa94-04c1-424b-9868-57a2d4851a1d" />
    <TestEntry testId="bdebe23e-081b-5984-546a-ca2ddf47b38b" executionId="e6c05c5f-fc6b-49b6-aa5c-31519ce6f535" testListId="8c84fa94-04c1-424b-9868-57a2d4851a1d" />
    <TestEntry testId="8c3fc4ad-b702-bcba-b791-90079a9f1a6a" executionId="f057dced-27d0-4baa-8bd3-9d4315b76bd9" testListId="8c84fa94-04c1-424b-9868-57a2d4851a1d" />
    <TestEntry testId="695a69c9-264c-d1c5-2032-535ef4bf39f9" executionId="9e1f9afe-97b2-47e4-aff9-2bcb01ecd6be" testListId="8c84fa94-04c1-424b-9868-57a2d4851a1d" />
    <TestEntry testId="799f038b-e1db-aa93-48e2-5c37c00d599b" executionId="df41556d-e619-450c-90b6-d18e55d86b92" testListId="8c84fa94-04c1-424b-9868-57a2d4851a1d" />
    <TestEntry testId="019b787c-88b2-9680-3a7b-9251d2235f77" executionId="dad2fcd9-6968-424b-bc8b-bf534568969e" testListId="8c84fa94-04c1-424b-9868-57a2d4851a1d" />
    <TestEntry testId="cdd71d12-acf9-dce6-26e7-909fed4fd3b8" executionId="a0464e7c-0c12-4d79-8c94-0e150cf997c4" testListId="8c84fa94-04c1-424b-9868-57a2d4851a1d" />
    <TestEntry testId="36186e82-77b6-05cb-6e0e-1f6b728fd74b" executionId="cd4b3da6-4b60-4538-a299-272752e2064a" testListId="8c84fa94-04c1-424b-9868-57a2d4851a1d" />
    <TestEntry testId="3d9f8c73-7080-67cf-88b7-59b20199117a" executionId="9439b1c9-80d4-4375-b41f-15eef278b9c4" testListId="8c84fa94-04c1-424b-9868-57a2d4851a1d" />
    <TestEntry testId="9b91ebe4-16e7-c36a-4fc9-08dc5ede6102" executionId="b5ac55de-3069-4b23-a92f-b6736014b775" testListId="8c84fa94-04c1-424b-9868-57a2d4851a1d" />
    <TestEntry testId="39492b37-8dae-5827-bf07-29d8aef674f4" executionId="613c7340-9edf-4357-8f34-165e6fb75e68" testListId="8c84fa94-04c1-424b-9868-57a2d4851a1d" />
    <TestEntry testId="89fab500-a884-ad45-851b-a5b750cbc444" executionId="28bf9747-dae7-4427-8262-0c6eb5703132" testListId="8c84fa94-04c1-424b-9868-57a2d4851a1d" />
    <TestEntry testId="1ea7760d-0855-7518-f182-269f579ec795" executionId="1ba334b8-ce68-423d-94a5-d5a334eba16b" testListId="8c84fa94-04c1-424b-9868-57a2d4851a1d" />
    <TestEntry testId="db7619f7-571b-6b60-0231-111f0f108e14" executionId="706ed970-51ed-4b64-ad24-2f2ee3043ccd" testListId="8c84fa94-04c1-424b-9868-57a2d4851a1d" />
    <TestEntry testId="267b1700-cab0-1502-d511-b624ffddddd7" executionId="624e7143-6a89-4e66-8de4-53e897afccfb" testListId="8c84fa94-04c1-424b-9868-57a2d4851a1d" />
    <TestEntry testId="50c522a9-fec9-421e-ff5a-96a54a3b1957" executionId="9fc3dc25-2b1c-4534-a69c-f4b458118c30" testListId="8c84fa94-04c1-424b-9868-57a2d4851a1d" />
    <TestEntry testId="019b787c-88b2-9680-3a7b-9251d2235f77" executionId="e1fcb7f2-4a1c-4ca0-87e3-a0a7fbe46798" testListId="8c84fa94-04c1-424b-9868-57a2d4851a1d" />
    <TestEntry testId="9ca42aef-bed0-38fd-f309-59c3df0d2b5e" executionId="f8812e3f-dd51-4a56-83dc-68888778c66a" testListId="8c84fa94-04c1-424b-9868-57a2d4851a1d" />
    <TestEntry testId="14f0caa1-2e58-c32b-6ed8-254050d9e4fb" executionId="d0fd6398-e44f-4ff1-81f9-eddd84135efd" testListId="8c84fa94-04c1-424b-9868-57a2d4851a1d" />
    <TestEntry testId="5d2451f4-4237-a7b9-805b-cb03837a5142" executionId="1298cae7-015c-42d5-819e-fa3bbdc4feb7" testListId="8c84fa94-04c1-424b-9868-57a2d4851a1d" />
    <TestEntry testId="99885191-af5f-70d5-1550-00f31f24b37c" executionId="f3b2bb76-01de-4645-84bc-9e41da0d355a" testListId="8c84fa94-04c1-424b-9868-57a2d4851a1d" />
    <TestEntry testId="a363fd76-cb27-7fd8-2caa-c959d75aeb48" executionId="c4c52f43-d40e-4219-9d9e-c2dbea5184ee" testListId="8c84fa94-04c1-424b-9868-57a2d4851a1d" />
    <TestEntry testId="019b787c-88b2-9680-3a7b-9251d2235f77" executionId="730a6c56-5ef3-462b-b5ef-07a8bdf5e299" testListId="8c84fa94-04c1-424b-9868-57a2d4851a1d" />
    <TestEntry testId="72b9b1ee-43e3-57e6-4790-b6465ea55670" executionId="94642c7a-8b40-4ebf-a6dd-e4dc2a1665c3" testListId="8c84fa94-04c1-424b-9868-57a2d4851a1d" />
    <TestEntry testId="39bbe88c-a5a1-69b6-0e18-a75bb02edd6c" executionId="224d868a-6c04-4871-9524-91dead206ac4" testListId="8c84fa94-04c1-424b-9868-57a2d4851a1d" />
    <TestEntry testId="349557d8-dae8-5a82-3802-480654e2642f" executionId="e81874b0-5fd2-40f6-8ad1-89a8ae96f6f4" testListId="8c84fa94-04c1-424b-9868-57a2d4851a1d" />
    <TestEntry testId="695a69c9-264c-d1c5-2032-535ef4bf39f9" executionId="673d367d-a92e-4cd9-a26a-a712e1b96918" testListId="8c84fa94-04c1-424b-9868-57a2d4851a1d" />
    <TestEntry testId="eba6c72b-c54f-dedb-685c-52226cbba187" executionId="66cc2cce-4bd9-472e-bf76-4ab778bc9ace" testListId="8c84fa94-04c1-424b-9868-57a2d4851a1d" />
    <TestEntry testId="019b787c-88b2-9680-3a7b-9251d2235f77" executionId="540e8a74-3ffa-4795-bf84-d5aff16abaa3" testListId="8c84fa94-04c1-424b-9868-57a2d4851a1d" />
    <TestEntry testId="019b787c-88b2-9680-3a7b-9251d2235f77" executionId="4f17efde-3165-430d-bd93-1c44ec1e4621" testListId="8c84fa94-04c1-424b-9868-57a2d4851a1d" />
    <TestEntry testId="019b787c-88b2-9680-3a7b-9251d2235f77" executionId="b6c81d4f-fbf6-4500-80e2-ee5c00d31ceb" testListId="8c84fa94-04c1-424b-9868-57a2d4851a1d" />
    <TestEntry testId="fc816dc0-d2e7-a118-72b1-e30b55bda7fd" executionId="0b12bd04-c043-4718-b871-8eb4454c7b0f" testListId="8c84fa94-04c1-424b-9868-57a2d4851a1d" />
    <TestEntry testId="e2096335-9df6-fe35-41db-8340caa0f541" executionId="d21b567e-ef33-4b82-888c-09e39d979fe9" testListId="8c84fa94-04c1-424b-9868-57a2d4851a1d" />
    <TestEntry testId="52192223-a6a2-0233-fd61-5305aec9279b" executionId="c7c027aa-a5d0-4e7a-99cf-5eab36e538e6" testListId="8c84fa94-04c1-424b-9868-57a2d4851a1d" />
    <TestEntry testId="019b787c-88b2-9680-3a7b-9251d2235f77" executionId="6353d05f-0f3d-485c-af24-58c03d6e1fd8" testListId="8c84fa94-04c1-424b-9868-57a2d4851a1d" />
    <TestEntry testId="33c7d7b6-575b-dafb-3655-c921ce8aad6e" executionId="cdce4889-d691-4db3-9521-a0bc8fda7a0d" testListId="8c84fa94-04c1-424b-9868-57a2d4851a1d" />
    <TestEntry testId="f727b248-9add-f920-b0ce-770364245e70" executionId="aedb4186-6a1a-4ef7-9bc6-5e6cddb752ee" testListId="8c84fa94-04c1-424b-9868-57a2d4851a1d" />
    <TestEntry testId="9b3b88aa-67bc-ff78-bc28-9bac2c44c007" executionId="57fd70e5-b936-45b3-9d3b-1ed8547680b5" testListId="8c84fa94-04c1-424b-9868-57a2d4851a1d" />
    <TestEntry testId="019b787c-88b2-9680-3a7b-9251d2235f77" executionId="bdd84d82-c9e4-468d-a36a-74e439c243d4" testListId="8c84fa94-04c1-424b-9868-57a2d4851a1d" />
    <TestEntry testId="fb73d9b8-3e20-172b-b408-355c9f9c5757" executionId="cc3e55fe-c4aa-4b55-b965-2a281fd8d607" testListId="8c84fa94-04c1-424b-9868-57a2d4851a1d" />
    <TestEntry testId="e6bf846b-64f6-e59c-7bca-0a3bdaf30e43" executionId="afee8a9d-c63e-424e-9fd7-c259d40bbd37" testListId="8c84fa94-04c1-424b-9868-57a2d4851a1d" />
    <TestEntry testId="019b787c-88b2-9680-3a7b-9251d2235f77" executionId="033b5a31-a74e-4386-9768-3904faf00b03" testListId="8c84fa94-04c1-424b-9868-57a2d4851a1d" />
    <TestEntry testId="5d9117c9-47ac-a1d9-1179-b8b47ebf0bef" executionId="564e5840-aa2f-48bc-bef4-f46fefb8d07a" testListId="8c84fa94-04c1-424b-9868-57a2d4851a1d" />
    <TestEntry testId="239b587c-18bc-12cd-f071-dc4c7e1c73ef" executionId="7687e486-9e04-4106-befc-8c8c0e9950cd" testListId="8c84fa94-04c1-424b-9868-57a2d4851a1d" />
    <TestEntry testId="b005ccee-c853-82a9-c6f9-71708c42fe15" executionId="ea2cd61e-27d7-460f-a233-9eb248e023ff" testListId="8c84fa94-04c1-424b-9868-57a2d4851a1d" />
    <TestEntry testId="5f5bf271-63ee-fdd2-bec0-e46f3232b25e" executionId="2f343f5a-b653-4735-938b-b0f3a27a6fbb" testListId="8c84fa94-04c1-424b-9868-57a2d4851a1d" />
    <TestEntry testId="98ee0fb9-02ed-f015-f1ef-fcdee11fc612" executionId="7bf81123-d525-45f4-ba4e-e5e9da326911" testListId="8c84fa94-04c1-424b-9868-57a2d4851a1d" />
    <TestEntry testId="e4f93672-16ae-c1db-2db2-c2c4896d6bd3" executionId="5ab5e3cc-18ce-4f55-87f7-2b36436dc9ed" testListId="8c84fa94-04c1-424b-9868-57a2d4851a1d" />
    <TestEntry testId="68a77fae-d886-5f71-d332-328249e8af6f" executionId="7d8f1c3d-653e-4232-824d-6d514e923a2b" testListId="8c84fa94-04c1-424b-9868-57a2d4851a1d" />
    <TestEntry testId="d82b29d6-a845-5b99-7d4c-77ec17dee196" executionId="2ad44217-d2c2-4f88-b251-3ea2ac7c7a15" testListId="8c84fa94-04c1-424b-9868-57a2d4851a1d" />
    <TestEntry testId="c9eee437-07ed-cb5b-8681-cb2cb04943a3" executionId="3316cb2b-9e25-4cb8-8c26-147d633588e1" testListId="8c84fa94-04c1-424b-9868-57a2d4851a1d" />
    <TestEntry testId="d9623f19-7e6c-7a9e-d605-593eb0fc217f" executionId="0233815f-b858-4344-87b0-fe43314c181f" testListId="8c84fa94-04c1-424b-9868-57a2d4851a1d" />
    <TestEntry testId="918b815a-88da-b48e-7c5a-f8d403a083cf" executionId="53c81603-a3b0-4e8a-8d16-79670bfb5d41" testListId="8c84fa94-04c1-424b-9868-57a2d4851a1d" />
    <TestEntry testId="019b787c-88b2-9680-3a7b-9251d2235f77" executionId="80b6a848-fe77-46de-89cf-f9310ec9e682" testListId="8c84fa94-04c1-424b-9868-57a2d4851a1d" />
    <TestEntry testId="e285c446-0950-1a91-216e-244318e1de5e" executionId="1437e3ae-af14-435a-b3c9-d827e2da09cc" testListId="8c84fa94-04c1-424b-9868-57a2d4851a1d" />
    <TestEntry testId="c9cb86e4-431e-0d7d-4b9c-298df44c8374" executionId="86bb1401-c8bf-4218-9cf0-fcd1301b520b" testListId="8c84fa94-04c1-424b-9868-57a2d4851a1d" />
    <TestEntry testId="621e3691-21fc-9523-debe-8b7efe39e0a9" executionId="da8176e8-822b-49c2-a572-13e98c112dac" testListId="8c84fa94-04c1-424b-9868-57a2d4851a1d" />
    <TestEntry testId="019b787c-88b2-9680-3a7b-9251d2235f77" executionId="6df99e5b-4ccf-4f69-88f7-1cf2e8432569" testListId="8c84fa94-04c1-424b-9868-57a2d4851a1d" />
    <TestEntry testId="d82b29d6-a845-5b99-7d4c-77ec17dee196" executionId="3d3e04b6-46e7-49f1-acac-5fc34751ca3a" testListId="8c84fa94-04c1-424b-9868-57a2d4851a1d" />
    <TestEntry testId="d6633f53-13fc-f326-601b-d58d761acb44" executionId="28c95bc6-01fa-4420-acf8-69d95f88c1d3" testListId="8c84fa94-04c1-424b-9868-57a2d4851a1d" />
    <TestEntry testId="019b787c-88b2-9680-3a7b-9251d2235f77" executionId="877ac494-3ece-4244-a0bf-1e3b08a39d16" testListId="8c84fa94-04c1-424b-9868-57a2d4851a1d" />
    <TestEntry testId="b0cd1c35-137b-19ed-df33-bd0c333d5b5c" executionId="99eeec2e-bbbc-46ab-a15d-36c317dbb2f0" testListId="8c84fa94-04c1-424b-9868-57a2d4851a1d" />
    <TestEntry testId="0952508a-beee-e4dd-7a99-55e321dd48d8" executionId="87a0a4e6-b7b4-4eb7-93c8-503d57f147cc" testListId="8c84fa94-04c1-424b-9868-57a2d4851a1d" />
    <TestEntry testId="798872f5-8313-d8f3-e91f-fe0744fa6eb3" executionId="ff5b549b-6eaf-40d6-a03d-03e9ebabe259" testListId="8c84fa94-04c1-424b-9868-57a2d4851a1d" />
    <TestEntry testId="2d474ffb-e742-8656-e2e8-758bb663fdf9" executionId="54f4709d-464c-4e01-898d-14bb3c7580ba" testListId="8c84fa94-04c1-424b-9868-57a2d4851a1d" />
    <TestEntry testId="019b787c-88b2-9680-3a7b-9251d2235f77" executionId="765229db-5944-4c6b-b8d1-1eb1512d0628" testListId="8c84fa94-04c1-424b-9868-57a2d4851a1d" />
    <TestEntry testId="4b19360d-7e8d-d351-7103-67e88d5e1fc3" executionId="31b27fe1-5c8c-4ca8-bcff-c0e4240029c4" testListId="8c84fa94-04c1-424b-9868-57a2d4851a1d" />
    <TestEntry testId="670d1273-4493-d1d6-83e4-45cad5b50ba7" executionId="9b8b03d6-95bd-426d-b969-74f8fcfe2e66" testListId="8c84fa94-04c1-424b-9868-57a2d4851a1d" />
    <TestEntry testId="019b787c-88b2-9680-3a7b-9251d2235f77" executionId="c05f8e3d-f565-4e6f-abd6-51a0cbec2f02" testListId="8c84fa94-04c1-424b-9868-57a2d4851a1d" />
    <TestEntry testId="39bbe88c-a5a1-69b6-0e18-a75bb02edd6c" executionId="b1cc968b-121a-49cd-a8af-1198a3478085" testListId="8c84fa94-04c1-424b-9868-57a2d4851a1d" />
    <TestEntry testId="92003874-582a-a72a-ed0b-a674d10f1dc9" executionId="912882f7-2d1e-425e-9c4f-087d25cf2005" testListId="8c84fa94-04c1-424b-9868-57a2d4851a1d" />
    <TestEntry testId="019b787c-88b2-9680-3a7b-9251d2235f77" executionId="0d8bd29f-27c8-48d2-b24d-a0e679a5b42f" testListId="8c84fa94-04c1-424b-9868-57a2d4851a1d" />
    <TestEntry testId="5fa27c83-5bcb-7d68-3e9a-d9b23fc2d7d9" executionId="2299c633-ebdc-4fc7-803e-e68df9c347d5" testListId="8c84fa94-04c1-424b-9868-57a2d4851a1d" />
    <TestEntry testId="06375324-ff7b-f1b0-62d3-0567f833ac5f" executionId="1d5c0fb9-ec91-43c5-922e-7f6e8f873cd2" testListId="8c84fa94-04c1-424b-9868-57a2d4851a1d" />
    <TestEntry testId="a5f9f24a-e89e-0032-eb90-8a3ccabce172" executionId="6bf0d22b-6918-4c23-bbfe-c4eceb11496d" testListId="8c84fa94-04c1-424b-9868-57a2d4851a1d" />
    <TestEntry testId="b65e4954-922d-261e-9885-8a6d3490cc9e" executionId="2d9a3336-1721-4a99-a258-a09644e9a622" testListId="8c84fa94-04c1-424b-9868-57a2d4851a1d" />
    <TestEntry testId="e380a9c5-06db-a38b-5f5d-e78840ef9090" executionId="89718118-01ea-48e8-842a-7413f07c5a50" testListId="8c84fa94-04c1-424b-9868-57a2d4851a1d" />
    <TestEntry testId="f727b248-9add-f920-b0ce-770364245e70" executionId="2540d2f1-6ef9-48d7-822d-7b9d0748887b" testListId="8c84fa94-04c1-424b-9868-57a2d4851a1d" />
    <TestEntry testId="1bb8441a-1953-96a0-d128-5930e3488af0" executionId="7be1611b-56bd-4961-ad3d-befe497fe4be" testListId="8c84fa94-04c1-424b-9868-57a2d4851a1d" />
    <TestEntry testId="b4bd26c7-35a1-9c59-b2c6-a3ff99740508" executionId="3f92b1a1-6176-4152-ae73-ccd806b62676" testListId="8c84fa94-04c1-424b-9868-57a2d4851a1d" />
    <TestEntry testId="39bbe88c-a5a1-69b6-0e18-a75bb02edd6c" executionId="eb02f74d-6096-49e7-a5bc-9b6dd903f579" testListId="8c84fa94-04c1-424b-9868-57a2d4851a1d" />
    <TestEntry testId="a2088b85-598f-e2ef-11a5-20e7c73a9884" executionId="2126136b-c8e1-4361-b5ba-73b42d47ebb1" testListId="8c84fa94-04c1-424b-9868-57a2d4851a1d" />
    <TestEntry testId="531a3fed-3a09-5fe3-c631-748cd6aa89f8" executionId="17108796-8a2e-4f8e-8e99-750cfde12ccc" testListId="8c84fa94-04c1-424b-9868-57a2d4851a1d" />
    <TestEntry testId="b9327af8-0b17-6089-db71-f719caaa9e8d" executionId="89a717ed-5a13-4b13-a0df-0cdc4a8d519f" testListId="8c84fa94-04c1-424b-9868-57a2d4851a1d" />
    <TestEntry testId="e3783c35-711e-a112-3424-2e51926b0657" executionId="ad1c862c-1100-454b-8a2b-63afd6cc201b" testListId="8c84fa94-04c1-424b-9868-57a2d4851a1d" />
    <TestEntry testId="254be34e-8eae-9543-be9e-29a84ee47427" executionId="9a0b72f8-b673-4d7a-a4cd-d41126fdc203" testListId="8c84fa94-04c1-424b-9868-57a2d4851a1d" />
    <TestEntry testId="75c8f883-b3ce-0f5f-92a5-61da085de1e9" executionId="3ad1930e-a0dc-4e5e-9541-cf462e1f6505" testListId="8c84fa94-04c1-424b-9868-57a2d4851a1d" />
    <TestEntry testId="019b787c-88b2-9680-3a7b-9251d2235f77" executionId="d198c350-fc75-4ff0-a850-6e12be6aaf3d" testListId="8c84fa94-04c1-424b-9868-57a2d4851a1d" />
    <TestEntry testId="019b787c-88b2-9680-3a7b-9251d2235f77" executionId="3c5fac45-2f17-4988-92f7-e00eb516ab39" testListId="8c84fa94-04c1-424b-9868-57a2d4851a1d" />
    <TestEntry testId="019b787c-88b2-9680-3a7b-9251d2235f77" executionId="a236b08b-cbc8-406e-bbfa-afbafa663ed9" testListId="8c84fa94-04c1-424b-9868-57a2d4851a1d" />
    <TestEntry testId="691577ce-ec73-bc6b-8584-d0545c8bdde2" executionId="683901cb-b757-4f9a-84a8-d232266eb04e" testListId="8c84fa94-04c1-424b-9868-57a2d4851a1d" />
    <TestEntry testId="63ae94e7-b043-706b-ecc5-84700cfe0707" executionId="283f2bc8-efa4-480e-983b-d3455d76bc57" testListId="8c84fa94-04c1-424b-9868-57a2d4851a1d" />
    <TestEntry testId="99f2d175-1a68-5da2-9ae9-808e3e3bdb17" executionId="d726175f-2a7c-4334-a06e-a4b135e3c35b" testListId="8c84fa94-04c1-424b-9868-57a2d4851a1d" />
    <TestEntry testId="cbb1edc2-faaa-f83a-b4d5-c43045c33440" executionId="d0f317d7-76d1-4cc8-90d7-8ce66ebe3afb" testListId="8c84fa94-04c1-424b-9868-57a2d4851a1d" />
    <TestEntry testId="6cba83ac-3704-8c33-fae6-823ee5557212" executionId="ef6ad261-ba82-408b-8a81-45546b34c39e" testListId="8c84fa94-04c1-424b-9868-57a2d4851a1d" />
    <TestEntry testId="b528cfae-2ce3-fe90-e38f-0b239d9f91d1" executionId="7a8744e4-ad1f-4c0a-8bde-84362211fb0d" testListId="8c84fa94-04c1-424b-9868-57a2d4851a1d" />
    <TestEntry testId="39bbe88c-a5a1-69b6-0e18-a75bb02edd6c" executionId="20a239bd-6008-4ea1-9f27-1995efcb4bbc" testListId="8c84fa94-04c1-424b-9868-57a2d4851a1d" />
    <TestEntry testId="a1ae08cb-5c63-f585-b78d-613b1c1c4e46" executionId="deaceb94-e92e-4784-8bb2-bdce5b30b8a6" testListId="8c84fa94-04c1-424b-9868-57a2d4851a1d" />
    <TestEntry testId="414be606-28e1-62a6-af22-18bdbec558f3" executionId="10c805cc-451b-48bf-b4c6-b296dfac57b2" testListId="8c84fa94-04c1-424b-9868-57a2d4851a1d" />
    <TestEntry testId="68cf73f3-4c26-6d2b-eed2-f4e60f84b8a5" executionId="d50a8c17-e26d-4ee6-a589-c9db7117b274" testListId="8c84fa94-04c1-424b-9868-57a2d4851a1d" />
    <TestEntry testId="61dd33ce-60f9-d56f-cae4-1eed0f8a40ee" executionId="c680fc00-d382-41ef-8ccd-ab901f28cec2" testListId="8c84fa94-04c1-424b-9868-57a2d4851a1d" />
    <TestEntry testId="5a4fefac-e460-e998-6bb2-3e3bfb203358" executionId="2078ded9-f17c-44b9-b5c1-3535ebff9bb9" testListId="8c84fa94-04c1-424b-9868-57a2d4851a1d" />
    <TestEntry testId="62ee499b-850e-60b9-267f-5de3d681d67f" executionId="1a66b2bf-504b-4ec5-9691-3f15d45b1cee" testListId="8c84fa94-04c1-424b-9868-57a2d4851a1d" />
    <TestEntry testId="695a69c9-264c-d1c5-2032-535ef4bf39f9" executionId="4be74796-58ed-4f56-8429-adf672ce529f" testListId="8c84fa94-04c1-424b-9868-57a2d4851a1d" />
    <TestEntry testId="019b787c-88b2-9680-3a7b-9251d2235f77" executionId="89d91b38-af73-4291-9dd1-b70c27ece4ea" testListId="8c84fa94-04c1-424b-9868-57a2d4851a1d" />
    <TestEntry testId="af406d81-16a6-f3b5-6b6f-f2fc26ed6aae" executionId="89744b71-c494-42f4-a870-1cf2f41961e6" testListId="8c84fa94-04c1-424b-9868-57a2d4851a1d" />
    <TestEntry testId="a5f78294-0299-f57b-9ed7-58a275badae2" executionId="452ebccb-4368-463a-8e44-1680fd360ef4" testListId="8c84fa94-04c1-424b-9868-57a2d4851a1d" />
    <TestEntry testId="3cffc1b5-eb05-f4a4-1ea0-7e2a05c0de16" executionId="4632210b-c8e4-4139-92ff-eafe9d860744" testListId="8c84fa94-04c1-424b-9868-57a2d4851a1d" />
    <TestEntry testId="019b787c-88b2-9680-3a7b-9251d2235f77" executionId="8a924b2f-a2f7-4450-9aec-7fdfc5eb6c84" testListId="8c84fa94-04c1-424b-9868-57a2d4851a1d" />
    <TestEntry testId="019b787c-88b2-9680-3a7b-9251d2235f77" executionId="85661669-61a3-47f3-801f-c3cb55ad1a54" testListId="8c84fa94-04c1-424b-9868-57a2d4851a1d" />
    <TestEntry testId="a72b83d8-9396-aff7-7f8c-e2e62e7b3471" executionId="b51e31c6-7d5a-4e01-a75a-4649e636e55a" testListId="8c84fa94-04c1-424b-9868-57a2d4851a1d" />
    <TestEntry testId="019b787c-88b2-9680-3a7b-9251d2235f77" executionId="39bc9a2c-10e4-4449-8440-fff945668410" testListId="8c84fa94-04c1-424b-9868-57a2d4851a1d" />
    <TestEntry testId="019b787c-88b2-9680-3a7b-9251d2235f77" executionId="eeb17ce5-7791-4af7-bef4-332a0ac7d319" testListId="8c84fa94-04c1-424b-9868-57a2d4851a1d" />
    <TestEntry testId="80bac9be-9ca6-0bee-26cb-3b0d11e7d7a8" executionId="a8a96fc1-4da1-4c94-a086-65a215aa26e3" testListId="8c84fa94-04c1-424b-9868-57a2d4851a1d" />
    <TestEntry testId="019b787c-88b2-9680-3a7b-9251d2235f77" executionId="81bbf29b-c016-4b26-b8de-95e9ad84b4a4" testListId="8c84fa94-04c1-424b-9868-57a2d4851a1d" />
    <TestEntry testId="25ecfa4f-f473-2d64-471a-8f46f60bb777" executionId="933d0207-4f00-48ca-9f16-bd338e3fa4a9" testListId="8c84fa94-04c1-424b-9868-57a2d4851a1d" />
    <TestEntry testId="fba06a8a-b572-e10f-39c3-602938f7b903" executionId="b3c7fcb1-9878-4a8c-ab27-9ddf639321e5" testListId="8c84fa94-04c1-424b-9868-57a2d4851a1d" />
    <TestEntry testId="ae9c63fa-3110-1c38-2a1c-cad78a1a2a82" executionId="df912544-45be-4184-9aec-eb692ae8a568" testListId="8c84fa94-04c1-424b-9868-57a2d4851a1d" />
    <TestEntry testId="695a69c9-264c-d1c5-2032-535ef4bf39f9" executionId="2520a581-2cd5-4e1d-be29-ce655c4ae691" testListId="8c84fa94-04c1-424b-9868-57a2d4851a1d" />
    <TestEntry testId="1dcc38d3-8a48-20b6-ec26-f6fc7590594b" executionId="5026ffba-1b0d-4bda-9070-a0e0e46df339" testListId="8c84fa94-04c1-424b-9868-57a2d4851a1d" />
    <TestEntry testId="171f3c10-d863-8784-c5cb-db5f27841899" executionId="c29c586b-c8fe-4200-8e09-ec2ce03f3cf6" testListId="8c84fa94-04c1-424b-9868-57a2d4851a1d" />
    <TestEntry testId="d82b29d6-a845-5b99-7d4c-77ec17dee196" executionId="6db6ebe9-f99f-4e53-96a1-c35d0ef382de" testListId="8c84fa94-04c1-424b-9868-57a2d4851a1d" />
    <TestEntry testId="b9695c5f-f172-0bae-a1c8-1867505643a1" executionId="49b37b03-aee9-4c34-b533-e0c459bb2678" testListId="8c84fa94-04c1-424b-9868-57a2d4851a1d" />
    <TestEntry testId="3303c4bb-06bc-262c-6ff3-2cff1ccd9398" executionId="a8f7ac9c-c832-433a-acdd-ebe1a34f875b" testListId="8c84fa94-04c1-424b-9868-57a2d4851a1d" />
    <TestEntry testId="796faefe-b01b-105f-d11b-bff838eb16c7" executionId="378596e9-4860-4a0d-b2ce-90f72b8a37c9" testListId="8c84fa94-04c1-424b-9868-57a2d4851a1d" />
    <TestEntry testId="39bbe88c-a5a1-69b6-0e18-a75bb02edd6c" executionId="e61c5240-9cc4-4a63-a162-8fee9a29b888" testListId="8c84fa94-04c1-424b-9868-57a2d4851a1d" />
    <TestEntry testId="70f7869c-306e-08e8-03ad-919ef2f6f84b" executionId="72bc5815-febd-4bb3-bbb7-260321ca946f" testListId="8c84fa94-04c1-424b-9868-57a2d4851a1d" />
    <TestEntry testId="695a69c9-264c-d1c5-2032-535ef4bf39f9" executionId="621fe317-17a9-45fa-9f02-b1d44bd219f4" testListId="8c84fa94-04c1-424b-9868-57a2d4851a1d" />
    <TestEntry testId="df1fd4e8-6746-edbc-bc7b-5ad4f673c9a3" executionId="b3f3ea42-169d-44ed-9262-f02c6b65751d" testListId="8c84fa94-04c1-424b-9868-57a2d4851a1d" />
    <TestEntry testId="78b96fbf-9b5c-b48c-611e-fb5f68dd7c98" executionId="253ed5c6-8924-4321-a0b4-7c500696d17c" testListId="8c84fa94-04c1-424b-9868-57a2d4851a1d" />
    <TestEntry testId="2779de1e-17f9-2e49-dc7a-4a14d38eb33c" executionId="493128d8-c494-4a95-bb3e-9df02cc8be9a" testListId="8c84fa94-04c1-424b-9868-57a2d4851a1d" />
    <TestEntry testId="f4eedf87-f05c-b5bc-a3bd-b8babc465d59" executionId="b1859a9b-69d8-4ef5-a4d0-5138174b8d9a" testListId="8c84fa94-04c1-424b-9868-57a2d4851a1d" />
    <TestEntry testId="13b912b3-a86c-3f3d-cf2e-9176feafa2b6" executionId="468f347c-54d1-4f14-bf65-f90263c974ce" testListId="8c84fa94-04c1-424b-9868-57a2d4851a1d" />
    <TestEntry testId="339a2ef7-fc8d-5e49-5202-a9bb30f3de57" executionId="a66fc42a-2698-420a-989f-32ac3d19d0e5" testListId="8c84fa94-04c1-424b-9868-57a2d4851a1d" />
    <TestEntry testId="bbad7a3b-1b0a-bdd4-78ed-7d5fcd04c57d" executionId="479cce43-6cb3-4e6f-817c-5b56b98749ce" testListId="8c84fa94-04c1-424b-9868-57a2d4851a1d" />
    <TestEntry testId="de5a4d9c-3584-4854-ecf2-b188aaa5a1d1" executionId="1d6e52a8-84ff-4e14-9aab-16d077277b25" testListId="8c84fa94-04c1-424b-9868-57a2d4851a1d" />
    <TestEntry testId="20f1799f-03e9-bb14-3e43-7248b02b91ce" executionId="06b335da-332e-48a3-b492-f3765027f9a7" testListId="8c84fa94-04c1-424b-9868-57a2d4851a1d" />
    <TestEntry testId="c8dec1fe-e953-550b-8aa8-ed29a48df41e" executionId="d874d6a3-7460-4efe-b76f-4a7c24ecae57" testListId="8c84fa94-04c1-424b-9868-57a2d4851a1d" />
    <TestEntry testId="b32694f2-e058-03db-6a3a-3ef6dd90ff8c" executionId="d7777162-083d-4df8-83a2-8da98eddabc0" testListId="8c84fa94-04c1-424b-9868-57a2d4851a1d" />
    <TestEntry testId="77d442b9-eb2e-c518-1868-148e458303fd" executionId="449911d6-d236-4eb5-8649-ce8cba8bce9c" testListId="8c84fa94-04c1-424b-9868-57a2d4851a1d" />
    <TestEntry testId="e40e6cc9-730b-cac4-234c-be6e105b2d92" executionId="734d48d1-8034-4e6e-9566-6c15db318d22" testListId="8c84fa94-04c1-424b-9868-57a2d4851a1d" />
    <TestEntry testId="019b787c-88b2-9680-3a7b-9251d2235f77" executionId="d4950d2a-db08-4aec-8776-f9b39a707a74" testListId="8c84fa94-04c1-424b-9868-57a2d4851a1d" />
    <TestEntry testId="8124389a-5583-02b9-259e-e41e8b5bafaf" executionId="8cc9af3c-3684-4cfc-9338-4262f73d84a7" testListId="8c84fa94-04c1-424b-9868-57a2d4851a1d" />
    <TestEntry testId="695a69c9-264c-d1c5-2032-535ef4bf39f9" executionId="c4820c48-8904-42a3-9706-b0ca4fae22ea" testListId="8c84fa94-04c1-424b-9868-57a2d4851a1d" />
    <TestEntry testId="39bbe88c-a5a1-69b6-0e18-a75bb02edd6c" executionId="f8a74342-0f9e-482a-9bb0-6f5c9ad2abe2" testListId="8c84fa94-04c1-424b-9868-57a2d4851a1d" />
    <TestEntry testId="dff1039f-5a73-e0cd-a489-adeef2947b84" executionId="7a038c54-b700-44b2-a08e-d346fc08fc04" testListId="8c84fa94-04c1-424b-9868-57a2d4851a1d" />
    <TestEntry testId="e489cf0d-ff4d-305d-4e3f-55f0fbb8b8c5" executionId="6dea8afd-d71a-48a1-b6cd-15e3186d948d" testListId="8c84fa94-04c1-424b-9868-57a2d4851a1d" />
    <TestEntry testId="019b787c-88b2-9680-3a7b-9251d2235f77" executionId="6a41380f-c6d8-4e35-b44e-84b02c6ff2c7" testListId="8c84fa94-04c1-424b-9868-57a2d4851a1d" />
    <TestEntry testId="019b787c-88b2-9680-3a7b-9251d2235f77" executionId="01ce02b1-fae3-4b85-9b4b-c519b7e581e6" testListId="8c84fa94-04c1-424b-9868-57a2d4851a1d" />
    <TestEntry testId="30923a25-f5a1-16d2-d730-dc08e1d81f74" executionId="225ae176-c057-4a19-be8e-705471ad44c4" testListId="8c84fa94-04c1-424b-9868-57a2d4851a1d" />
    <TestEntry testId="c1886587-27cb-44a9-0709-e7df7f454574" executionId="61882c3c-6b6a-494d-afea-b55168d77277" testListId="8c84fa94-04c1-424b-9868-57a2d4851a1d" />
    <TestEntry testId="f727b248-9add-f920-b0ce-770364245e70" executionId="2419e733-ec96-427d-ae5b-5bd174d14533" testListId="8c84fa94-04c1-424b-9868-57a2d4851a1d" />
    <TestEntry testId="695a69c9-264c-d1c5-2032-535ef4bf39f9" executionId="9ab4b5b4-65a5-488e-8e0c-221a1db56f14" testListId="8c84fa94-04c1-424b-9868-57a2d4851a1d" />
    <TestEntry testId="4fbd4e42-7b55-e8d8-da9f-287864fa603c" executionId="1e78cbe9-4b6d-4170-a001-525ee42affdf" testListId="8c84fa94-04c1-424b-9868-57a2d4851a1d" />
    <TestEntry testId="019b787c-88b2-9680-3a7b-9251d2235f77" executionId="eb3dcb6e-a036-457b-aba9-e1974c82613c" testListId="8c84fa94-04c1-424b-9868-57a2d4851a1d" />
    <TestEntry testId="d77787b4-2317-1501-ec57-8c2cd08c1145" executionId="f292fef0-f165-488e-bb35-18462226c808" testListId="8c84fa94-04c1-424b-9868-57a2d4851a1d" />
    <TestEntry testId="019b787c-88b2-9680-3a7b-9251d2235f77" executionId="bc43e3b9-24c9-4ef9-8124-c154c00af5e3" testListId="8c84fa94-04c1-424b-9868-57a2d4851a1d" />
    <TestEntry testId="3e80f80a-8600-baaf-2cfd-55beac9071a2" executionId="97a9d47f-abca-4d8b-9537-ee782c2d7435" testListId="8c84fa94-04c1-424b-9868-57a2d4851a1d" />
    <TestEntry testId="a3b1ea09-f53a-4d6e-9d37-a53d839e86d5" executionId="a9e104ce-4421-48a7-9d2a-1af664ec3575" testListId="8c84fa94-04c1-424b-9868-57a2d4851a1d" />
    <TestEntry testId="019b787c-88b2-9680-3a7b-9251d2235f77" executionId="9ed1b6e6-7847-4c86-99af-9170efad9f17" testListId="8c84fa94-04c1-424b-9868-57a2d4851a1d" />
    <TestEntry testId="8a006332-b34d-0455-d677-10222a8fc9a4" executionId="fb2fd0af-6393-4ff9-93c1-888326f7dabb" testListId="8c84fa94-04c1-424b-9868-57a2d4851a1d" />
    <TestEntry testId="695a69c9-264c-d1c5-2032-535ef4bf39f9" executionId="2527d2d0-006d-4113-b2c2-dbf93853ba6c" testListId="8c84fa94-04c1-424b-9868-57a2d4851a1d" />
    <TestEntry testId="5cb836ea-faff-5df0-4bf3-494f25d4e162" executionId="73acd8f2-b35f-4e7f-893f-492f32b18035" testListId="8c84fa94-04c1-424b-9868-57a2d4851a1d" />
    <TestEntry testId="5bad804a-e97e-5013-d321-cdb4925012cf" executionId="48a64844-bd09-4faf-903d-a5d77f410604" testListId="8c84fa94-04c1-424b-9868-57a2d4851a1d" />
    <TestEntry testId="019b787c-88b2-9680-3a7b-9251d2235f77" executionId="37e12059-54db-4aa5-b7e7-22d42935b1e6" testListId="8c84fa94-04c1-424b-9868-57a2d4851a1d" />
    <TestEntry testId="305f81b1-a551-b1b8-a180-92bef2b8c6bb" executionId="1e6a6234-d850-4086-8c23-f8dc9444e90b" testListId="8c84fa94-04c1-424b-9868-57a2d4851a1d" />
    <TestEntry testId="695a69c9-264c-d1c5-2032-535ef4bf39f9" executionId="4c3a6d37-af9c-45bc-a921-2b328ebc892b" testListId="8c84fa94-04c1-424b-9868-57a2d4851a1d" />
    <TestEntry testId="cf8d794b-8def-0147-76d2-2f22865d8ebf" executionId="7d406c19-3419-4c4f-8258-fe54f76d1932" testListId="8c84fa94-04c1-424b-9868-57a2d4851a1d" />
    <TestEntry testId="b50c1a7c-e35a-56e9-49e5-c610e48c0418" executionId="766b504f-52bc-43fc-a503-dc5afde78c19" testListId="8c84fa94-04c1-424b-9868-57a2d4851a1d" />
    <TestEntry testId="82e69f68-c925-20bd-0dd1-706d0ad6c0f1" executionId="2fcec1eb-cbf7-4c7a-8949-9b7d58017cac" testListId="8c84fa94-04c1-424b-9868-57a2d4851a1d" />
    <TestEntry testId="77f9b45b-4377-4390-5770-c750b2b23ade" executionId="9a68e3f4-a796-4fd8-82e8-ce2fca9c71aa" testListId="8c84fa94-04c1-424b-9868-57a2d4851a1d" />
    <TestEntry testId="d82b29d6-a845-5b99-7d4c-77ec17dee196" executionId="dbfbd34e-555d-423e-bcde-43accd493a1e" testListId="8c84fa94-04c1-424b-9868-57a2d4851a1d" />
    <TestEntry testId="43fa3491-849a-5391-2542-23baab91ea7f" executionId="c88fef09-c73c-4e2b-a446-5e7d53423cf8" testListId="8c84fa94-04c1-424b-9868-57a2d4851a1d" />
    <TestEntry testId="18e74ddc-470a-68cf-3674-58647f773684" executionId="d4652440-4128-4290-a86e-a6b862aea621" testListId="8c84fa94-04c1-424b-9868-57a2d4851a1d" />
    <TestEntry testId="695a69c9-264c-d1c5-2032-535ef4bf39f9" executionId="afdabf3f-bc1c-41ba-87d1-f4e4f88d24e7" testListId="8c84fa94-04c1-424b-9868-57a2d4851a1d" />
    <TestEntry testId="bec36f0a-693d-f936-d980-0693052ae868" executionId="661c8b0f-d743-4bfc-81c7-5a87615d500e" testListId="8c84fa94-04c1-424b-9868-57a2d4851a1d" />
    <TestEntry testId="6b2dc9b3-733b-39cf-d8ed-29faef057ba2" executionId="204fcba0-80a4-4771-911d-7d8d07d20f3a" testListId="8c84fa94-04c1-424b-9868-57a2d4851a1d" />
    <TestEntry testId="8b4b8856-6521-0d01-eb0f-321cd25f2ad3" executionId="77556583-4f82-4a4f-a80b-390886e2673e" testListId="8c84fa94-04c1-424b-9868-57a2d4851a1d" />
    <TestEntry testId="39bbe88c-a5a1-69b6-0e18-a75bb02edd6c" executionId="c8b8bbf6-e2d2-4a9e-9de7-c40a3abc7f45" testListId="8c84fa94-04c1-424b-9868-57a2d4851a1d" />
    <TestEntry testId="019b787c-88b2-9680-3a7b-9251d2235f77" executionId="65fa25c1-033d-4879-b01f-5b478d58d7b4" testListId="8c84fa94-04c1-424b-9868-57a2d4851a1d" />
    <TestEntry testId="705e4a16-2c6c-adf2-ec27-78ba7cb61297" executionId="b517ce03-06ad-4c2e-ac22-9c261129b375" testListId="8c84fa94-04c1-424b-9868-57a2d4851a1d" />
    <TestEntry testId="b241b7f3-d855-6ecc-6c7e-b074795502a7" executionId="379c5899-b9e4-4bce-bbda-3d1986e4cda1" testListId="8c84fa94-04c1-424b-9868-57a2d4851a1d" />
    <TestEntry testId="df7a440f-ebff-54a7-6065-4028a377c549" executionId="1a506e42-b5c1-477d-8ab1-45a3307377fe" testListId="8c84fa94-04c1-424b-9868-57a2d4851a1d" />
    <TestEntry testId="5b043f37-1fd0-1aaa-b976-b40b2aa89f0a" executionId="82cb4ed3-23a2-4547-ba04-3d4327f901d0" testListId="8c84fa94-04c1-424b-9868-57a2d4851a1d" />
    <TestEntry testId="39bbe88c-a5a1-69b6-0e18-a75bb02edd6c" executionId="9438f80c-ee6b-4e60-8ba4-e652d9f1ed10" testListId="8c84fa94-04c1-424b-9868-57a2d4851a1d" />
    <TestEntry testId="d86801d4-d884-8230-285b-f76728c1d308" executionId="e1a065f3-f6e2-4fdc-b4c5-d8b4e2441136" testListId="8c84fa94-04c1-424b-9868-57a2d4851a1d" />
    <TestEntry testId="9ab2133a-47a5-e811-ebec-4358421f27bb" executionId="1e0755c9-7bee-4af0-afe2-dffa43e5e57c" testListId="8c84fa94-04c1-424b-9868-57a2d4851a1d" />
    <TestEntry testId="019b787c-88b2-9680-3a7b-9251d2235f77" executionId="acdc60bc-f58f-4211-b908-2dce1813d8c1" testListId="8c84fa94-04c1-424b-9868-57a2d4851a1d" />
    <TestEntry testId="4c3c09fc-9636-1fef-404f-df235eaa0601" executionId="dd134e74-8c90-4450-bc3d-5464b7374935" testListId="8c84fa94-04c1-424b-9868-57a2d4851a1d" />
    <TestEntry testId="e7e0f521-2210-e3b8-073a-a44b8f42ad57" executionId="563f9d62-597f-4281-9bad-a8221f7d26db" testListId="8c84fa94-04c1-424b-9868-57a2d4851a1d" />
    <TestEntry testId="b724eeda-1e4e-e7d6-f7d8-4705ee17d93d" executionId="7bbed004-8c9a-483f-bb4f-afbc8bcb3ac8" testListId="8c84fa94-04c1-424b-9868-57a2d4851a1d" />
    <TestEntry testId="019b787c-88b2-9680-3a7b-9251d2235f77" executionId="a8614ee6-2e2e-4152-8786-3598ab1abeb6" testListId="8c84fa94-04c1-424b-9868-57a2d4851a1d" />
    <TestEntry testId="39be84e9-f5b3-e4f2-ecff-2a0209c9cf71" executionId="4c186595-a6ca-4c9c-9a32-f8882caf9e8e" testListId="8c84fa94-04c1-424b-9868-57a2d4851a1d" />
    <TestEntry testId="0984823e-539d-bd57-2e56-4d2656c729e0" executionId="890f2b39-9d70-440c-a1e8-0d3172570e0c" testListId="8c84fa94-04c1-424b-9868-57a2d4851a1d" />
    <TestEntry testId="0c097761-7650-d9ae-4f1f-936886c3f7d5" executionId="1f9def85-8abf-452e-ba4e-2410cb06bf31" testListId="8c84fa94-04c1-424b-9868-57a2d4851a1d" />
    <TestEntry testId="695a69c9-264c-d1c5-2032-535ef4bf39f9" executionId="6d6537a9-1075-4b4c-aa9f-e6bc2b8f4244" testListId="8c84fa94-04c1-424b-9868-57a2d4851a1d" />
    <TestEntry testId="e55901a6-3a33-8256-bf90-1e4123443361" executionId="ddbe88d3-e4a9-4b9c-8087-19dd4eb0b20a" testListId="8c84fa94-04c1-424b-9868-57a2d4851a1d" />
    <TestEntry testId="019b787c-88b2-9680-3a7b-9251d2235f77" executionId="88edd735-2ff6-476c-a32e-abd338df1641" testListId="8c84fa94-04c1-424b-9868-57a2d4851a1d" />
    <TestEntry testId="7fa44dcb-157a-fc13-241c-678be1ca4dbb" executionId="b554502e-4308-4ee4-afca-31506f8fbfaf" testListId="8c84fa94-04c1-424b-9868-57a2d4851a1d" />
    <TestEntry testId="15434553-49df-d2ec-afdc-f118b78d1dda" executionId="6df2565a-59aa-4f76-91ff-34978b43875b" testListId="8c84fa94-04c1-424b-9868-57a2d4851a1d" />
    <TestEntry testId="019b787c-88b2-9680-3a7b-9251d2235f77" executionId="4bf8f94a-fb24-4ec2-8462-1f3aed22a12e" testListId="8c84fa94-04c1-424b-9868-57a2d4851a1d" />
    <TestEntry testId="65c2b00a-bbdc-9a5b-b491-679018a43b18" executionId="393abcb4-3619-4af3-91da-bbc3d26b7773" testListId="8c84fa94-04c1-424b-9868-57a2d4851a1d" />
    <TestEntry testId="77fb0d3f-3517-6179-5d29-607af3a3e374" executionId="c91cab42-cf54-4792-9752-469145691362" testListId="8c84fa94-04c1-424b-9868-57a2d4851a1d" />
    <TestEntry testId="f04a1c57-f4db-b4b4-892a-0bf00115f3e9" executionId="604b32f2-94ac-4bfe-8534-6c554afe51a2" testListId="8c84fa94-04c1-424b-9868-57a2d4851a1d" />
    <TestEntry testId="5e1fdf50-8917-9d6e-1968-97641f344e63" executionId="f62d897e-34bd-4ade-84f9-c1bebcefdfb4" testListId="8c84fa94-04c1-424b-9868-57a2d4851a1d" />
    <TestEntry testId="f5d491e7-2aee-6671-4bef-2053089c2273" executionId="566d3026-d639-4ec0-ab09-4eb059779dc0" testListId="8c84fa94-04c1-424b-9868-57a2d4851a1d" />
    <TestEntry testId="b93ee438-fbe7-f625-04a7-5a90d3b5859b" executionId="d54961b4-7642-4838-b64d-678638fd0a31" testListId="8c84fa94-04c1-424b-9868-57a2d4851a1d" />
    <TestEntry testId="019b787c-88b2-9680-3a7b-9251d2235f77" executionId="7597b919-d2e6-417a-8782-99314689f7f4" testListId="8c84fa94-04c1-424b-9868-57a2d4851a1d" />
    <TestEntry testId="37e6c8b1-fcd9-734e-b323-21d4c73996f9" executionId="a895774f-a982-466f-bf82-ad1e70959bd7" testListId="8c84fa94-04c1-424b-9868-57a2d4851a1d" />
    <TestEntry testId="019b787c-88b2-9680-3a7b-9251d2235f77" executionId="862f3713-9d5d-43d9-8f8c-3990a7a052f3" testListId="8c84fa94-04c1-424b-9868-57a2d4851a1d" />
    <TestEntry testId="826f4867-d837-391e-327c-9989480a63c4" executionId="9679b393-0e7b-45fd-969d-0a75d9f53dca" testListId="8c84fa94-04c1-424b-9868-57a2d4851a1d" />
    <TestEntry testId="ea19669e-8680-79d2-b001-b41bf5bf2de0" executionId="3ed0eaeb-2efe-4c06-9c1d-4a4e780ed16e" testListId="8c84fa94-04c1-424b-9868-57a2d4851a1d" />
    <TestEntry testId="37e6c8b1-fcd9-734e-b323-21d4c73996f9" executionId="e588d7fc-2b48-4c89-bf6f-4040deaf8842" testListId="8c84fa94-04c1-424b-9868-57a2d4851a1d" />
    <TestEntry testId="e4154e0e-b6dd-75cd-e04f-34cd960d2bda" executionId="db4bb8d3-2fe7-4327-b569-caeb01fd1563" testListId="8c84fa94-04c1-424b-9868-57a2d4851a1d" />
    <TestEntry testId="695a69c9-264c-d1c5-2032-535ef4bf39f9" executionId="635017d8-6ec8-4cbf-a735-1f1a9f35f940" testListId="8c84fa94-04c1-424b-9868-57a2d4851a1d" />
    <TestEntry testId="520c34c9-ae1c-9774-25bb-f517744e71a1" executionId="b9c52b63-eb29-4e3e-a02a-fb65c355b642" testListId="8c84fa94-04c1-424b-9868-57a2d4851a1d" />
    <TestEntry testId="235ab07d-368a-d769-9096-2d47ba17c523" executionId="3b777c23-3996-4f2a-88a1-638dc5cf6c40" testListId="8c84fa94-04c1-424b-9868-57a2d4851a1d" />
    <TestEntry testId="f727b248-9add-f920-b0ce-770364245e70" executionId="563cc825-bd02-439b-9632-3e257efaf308" testListId="8c84fa94-04c1-424b-9868-57a2d4851a1d" />
    <TestEntry testId="019b787c-88b2-9680-3a7b-9251d2235f77" executionId="1394939c-a626-498d-8338-2dad7a268b8f" testListId="8c84fa94-04c1-424b-9868-57a2d4851a1d" />
    <TestEntry testId="019b787c-88b2-9680-3a7b-9251d2235f77" executionId="7b589a63-832a-46cb-be37-39e8614373e0" testListId="8c84fa94-04c1-424b-9868-57a2d4851a1d" />
    <TestEntry testId="019b787c-88b2-9680-3a7b-9251d2235f77" executionId="b530bedf-c2e4-4669-b460-f153383d6595" testListId="8c84fa94-04c1-424b-9868-57a2d4851a1d" />
    <TestEntry testId="695a69c9-264c-d1c5-2032-535ef4bf39f9" executionId="f69647a0-40b2-48ba-be93-8a698b6b7f8d" testListId="8c84fa94-04c1-424b-9868-57a2d4851a1d" />
    <TestEntry testId="019b787c-88b2-9680-3a7b-9251d2235f77" executionId="6533ed81-eb14-4232-bf08-58db942e6e48" testListId="8c84fa94-04c1-424b-9868-57a2d4851a1d" />
    <TestEntry testId="636f8628-ff8d-fc2d-9f54-62e4197e65de" executionId="12daec00-5fda-4c63-90cc-ebc434e8f3de" testListId="8c84fa94-04c1-424b-9868-57a2d4851a1d" />
    <TestEntry testId="2f43e318-11ae-49f1-c50d-ffcbd5790ebc" executionId="5ff7a700-666f-4f9d-9160-b07e1aedd0e4" testListId="8c84fa94-04c1-424b-9868-57a2d4851a1d" />
    <TestEntry testId="d5310603-b08a-3ad1-906a-cf5e773c84d6" executionId="f9df1bbf-5768-4a9e-9c1c-c5d268ef7d48" testListId="8c84fa94-04c1-424b-9868-57a2d4851a1d" />
    <TestEntry testId="c2113204-bcfc-6666-09b7-231c5dc3f951" executionId="76b008b7-8471-4144-bf60-c8d0aa5a1408" testListId="8c84fa94-04c1-424b-9868-57a2d4851a1d" />
    <TestEntry testId="5d77b5b1-721a-d9f6-906c-5bc5b0a74c5d" executionId="dbd7f87e-fddd-4ef5-a31b-8ef08d23ca28" testListId="8c84fa94-04c1-424b-9868-57a2d4851a1d" />
    <TestEntry testId="18cd1cc4-6391-b9ee-7a69-41c1fbcb2882" executionId="2858cdc6-3da6-45ab-b935-e668e53bee2b" testListId="8c84fa94-04c1-424b-9868-57a2d4851a1d" />
    <TestEntry testId="6a5bd417-161f-7ab9-8ae8-1ef386605f7e" executionId="d6e1c079-dc65-4bfe-b8fa-93dd13e0ce88" testListId="8c84fa94-04c1-424b-9868-57a2d4851a1d" />
    <TestEntry testId="37e6c8b1-fcd9-734e-b323-21d4c73996f9" executionId="7719bf65-feed-4c8c-a69f-ef42a06fbace" testListId="8c84fa94-04c1-424b-9868-57a2d4851a1d" />
    <TestEntry testId="f9c52865-d2a6-1748-8559-a1480e0cde45" executionId="0c9077ed-1216-4536-b815-0274e6a3edab" testListId="8c84fa94-04c1-424b-9868-57a2d4851a1d" />
    <TestEntry testId="1639d342-c4d4-86f5-56f7-ac8286e2a5c1" executionId="7ae9d75a-8821-4662-8002-d049ee49ae6b" testListId="8c84fa94-04c1-424b-9868-57a2d4851a1d" />
    <TestEntry testId="3ac2799e-4a01-3687-014b-3893e9673f45" executionId="001578fb-1bc7-4e85-a443-eed0da876a64" testListId="8c84fa94-04c1-424b-9868-57a2d4851a1d" />
    <TestEntry testId="019b787c-88b2-9680-3a7b-9251d2235f77" executionId="68a4e4b9-69f9-4a41-8e18-8715c9ce8f06" testListId="8c84fa94-04c1-424b-9868-57a2d4851a1d" />
    <TestEntry testId="fcc7d03f-fb2f-4a37-d869-6a69775fb596" executionId="b54e29bf-830c-4352-80cd-903db948b410" testListId="8c84fa94-04c1-424b-9868-57a2d4851a1d" />
    <TestEntry testId="019b787c-88b2-9680-3a7b-9251d2235f77" executionId="fb3eeff8-6ec5-4026-83f7-50dd1d0764b0" testListId="8c84fa94-04c1-424b-9868-57a2d4851a1d" />
    <TestEntry testId="019b787c-88b2-9680-3a7b-9251d2235f77" executionId="f31b5f4a-dedb-41e0-a3f3-7a036129c734" testListId="8c84fa94-04c1-424b-9868-57a2d4851a1d" />
    <TestEntry testId="39bbe88c-a5a1-69b6-0e18-a75bb02edd6c" executionId="340ae56d-1936-4d07-9ff0-e3bb72f800a9" testListId="8c84fa94-04c1-424b-9868-57a2d4851a1d" />
    <TestEntry testId="019b787c-88b2-9680-3a7b-9251d2235f77" executionId="7b71dc59-a7b0-4f30-a57c-74c06c731425" testListId="8c84fa94-04c1-424b-9868-57a2d4851a1d" />
    <TestEntry testId="8d98fb6c-a5ec-a7da-be3d-5189fab2e076" executionId="849025c4-1eee-4f4a-976c-268c300a9e0d" testListId="8c84fa94-04c1-424b-9868-57a2d4851a1d" />
    <TestEntry testId="7e806e75-67c3-fb72-9a42-e1006a457245" executionId="5e07c367-27b9-4d12-ab48-064474b22efe" testListId="8c84fa94-04c1-424b-9868-57a2d4851a1d" />
    <TestEntry testId="c3d91dd3-4478-f66f-59b6-579fb8b4a9a0" executionId="b6b5dd04-fa48-4fa3-b32c-738c8c1f2da5" testListId="8c84fa94-04c1-424b-9868-57a2d4851a1d" />
    <TestEntry testId="3ae4221d-9f8e-3a48-a4a3-5c175ff2ffce" executionId="a5a9683a-600d-400c-95ba-3a4d966e0112" testListId="8c84fa94-04c1-424b-9868-57a2d4851a1d" />
    <TestEntry testId="019b787c-88b2-9680-3a7b-9251d2235f77" executionId="c994773d-5524-405f-95de-9698438e946f" testListId="8c84fa94-04c1-424b-9868-57a2d4851a1d" />
    <TestEntry testId="2f5919bf-579e-5315-c908-7b7409966f76" executionId="39f6fd89-1d6a-4242-b8bf-5998b9381b70" testListId="8c84fa94-04c1-424b-9868-57a2d4851a1d" />
    <TestEntry testId="019b787c-88b2-9680-3a7b-9251d2235f77" executionId="b51d9619-9a25-498e-b235-91742789cc83" testListId="8c84fa94-04c1-424b-9868-57a2d4851a1d" />
    <TestEntry testId="0526bb89-e3e6-9814-3fcb-4bb8ecaa89e9" executionId="494a693e-9168-41ba-a0c8-0cc295acd3dc" testListId="8c84fa94-04c1-424b-9868-57a2d4851a1d" />
    <TestEntry testId="9eb95731-bed3-b7c0-00b0-7a33a6ac945c" executionId="104d8a31-9adb-49bc-9382-5a1fc66830d1" testListId="8c84fa94-04c1-424b-9868-57a2d4851a1d" />
    <TestEntry testId="39bbe88c-a5a1-69b6-0e18-a75bb02edd6c" executionId="4d4a0c88-49e9-4656-9d3b-f2383249cb06" testListId="8c84fa94-04c1-424b-9868-57a2d4851a1d" />
    <TestEntry testId="019b787c-88b2-9680-3a7b-9251d2235f77" executionId="c3c2ee23-ff98-4fd3-af49-084ba164492e" testListId="8c84fa94-04c1-424b-9868-57a2d4851a1d" />
    <TestEntry testId="39bbe88c-a5a1-69b6-0e18-a75bb02edd6c" executionId="2e984171-6a4d-4e9b-8df5-1116866fef64" testListId="8c84fa94-04c1-424b-9868-57a2d4851a1d" />
    <TestEntry testId="019b787c-88b2-9680-3a7b-9251d2235f77" executionId="b787ab8d-636c-4547-81d0-2c581d8fcd1d" testListId="8c84fa94-04c1-424b-9868-57a2d4851a1d" />
    <TestEntry testId="01a8e8aa-d348-1b2c-1da6-8f9439c22253" executionId="f70ea981-6144-4d03-82b4-85b1ed04ac03" testListId="8c84fa94-04c1-424b-9868-57a2d4851a1d" />
    <TestEntry testId="019b787c-88b2-9680-3a7b-9251d2235f77" executionId="7e2f7e74-f16e-4f61-b8b1-38cfcc8c98e1" testListId="8c84fa94-04c1-424b-9868-57a2d4851a1d" />
    <TestEntry testId="ed6c4e9b-1990-d8ab-0bfc-a6213341c867" executionId="2e3dd1d1-7910-473e-a96c-7452e0815984" testListId="8c84fa94-04c1-424b-9868-57a2d4851a1d" />
    <TestEntry testId="cbd90f5a-09df-5637-d61a-994b31b89e81" executionId="2f0a6e93-355e-4279-a51f-cd3b4928d3af" testListId="8c84fa94-04c1-424b-9868-57a2d4851a1d" />
    <TestEntry testId="c7785b27-cac0-ee54-f9ef-217e039e1a39" executionId="495d3d9d-adc4-42b7-a569-d817f24a7fb0" testListId="8c84fa94-04c1-424b-9868-57a2d4851a1d" />
    <TestEntry testId="39bbe88c-a5a1-69b6-0e18-a75bb02edd6c" executionId="864d043c-221b-4ca8-a366-c3773aa56c7b" testListId="8c84fa94-04c1-424b-9868-57a2d4851a1d" />
    <TestEntry testId="53406a7a-8b87-4e0d-a5b5-5b7e04c275a9" executionId="23a060e7-18b4-4127-b862-15af6b1d0a89" testListId="8c84fa94-04c1-424b-9868-57a2d4851a1d" />
    <TestEntry testId="019b787c-88b2-9680-3a7b-9251d2235f77" executionId="25ca3aa9-6cbe-4aa0-a2a9-2e4291cf0c0d" testListId="8c84fa94-04c1-424b-9868-57a2d4851a1d" />
    <TestEntry testId="ce4d0946-c3dc-3a48-31f0-e21bc61f7a25" executionId="f6793946-4905-436c-8a61-25fdf098fc59" testListId="8c84fa94-04c1-424b-9868-57a2d4851a1d" />
    <TestEntry testId="16a5960d-9da8-46ce-fa51-d6ba74162810" executionId="f5da0241-b70f-478c-811a-761aa6c50543" testListId="8c84fa94-04c1-424b-9868-57a2d4851a1d" />
    <TestEntry testId="d6bce1e0-69ef-e6cd-7374-cd3512059113" executionId="61e2e926-6e48-456b-9d0d-189ca6745884" testListId="8c84fa94-04c1-424b-9868-57a2d4851a1d" />
    <TestEntry testId="97f9054b-8b90-87a0-ff5a-24de4a1d98fb" executionId="6d0b9a5e-3399-4e10-ba10-562e8697394c" testListId="8c84fa94-04c1-424b-9868-57a2d4851a1d" />
    <TestEntry testId="d841a7cf-f6aa-3905-77a2-9ed906306f3f" executionId="c51ffce4-c721-4f16-ad38-da47a2d37a66" testListId="8c84fa94-04c1-424b-9868-57a2d4851a1d" />
    <TestEntry testId="695a69c9-264c-d1c5-2032-535ef4bf39f9" executionId="f1041b0b-dc63-44a5-a9a8-1f005b07cb86" testListId="8c84fa94-04c1-424b-9868-57a2d4851a1d" />
    <TestEntry testId="28a1cfa7-74f0-bb63-b647-23fa0ca7e58e" executionId="2bd5775a-8d22-4bcf-9f10-49d957e8d913" testListId="8c84fa94-04c1-424b-9868-57a2d4851a1d" />
    <TestEntry testId="700ea21d-7baf-501a-6020-80bbf40a0d33" executionId="a76aa20e-b2c6-4e41-9bda-f04003575786" testListId="8c84fa94-04c1-424b-9868-57a2d4851a1d" />
    <TestEntry testId="695a69c9-264c-d1c5-2032-535ef4bf39f9" executionId="fff9703e-1b6c-4acd-bb72-cafe0a83de70" testListId="8c84fa94-04c1-424b-9868-57a2d4851a1d" />
    <TestEntry testId="eb235015-b46c-e8ad-7400-b8dcb184a5ec" executionId="dfa20f5a-b3a2-4343-a6cf-f3296d8baf24" testListId="8c84fa94-04c1-424b-9868-57a2d4851a1d" />
    <TestEntry testId="019b787c-88b2-9680-3a7b-9251d2235f77" executionId="17ca7f79-24e6-4d2b-8b78-bfa736b2ecb7" testListId="8c84fa94-04c1-424b-9868-57a2d4851a1d" />
    <TestEntry testId="e8b8752a-020a-a66e-ebcc-e695839766d5" executionId="c7c24dd6-6071-4296-8e31-8706e2b1e7ba" testListId="8c84fa94-04c1-424b-9868-57a2d4851a1d" />
    <TestEntry testId="019b787c-88b2-9680-3a7b-9251d2235f77" executionId="74e91b07-a72d-4da0-b4cd-d77c805182f5" testListId="8c84fa94-04c1-424b-9868-57a2d4851a1d" />
    <TestEntry testId="39bbe88c-a5a1-69b6-0e18-a75bb02edd6c" executionId="d4aba45d-2b1e-4e38-ab0d-02eca50421a3" testListId="8c84fa94-04c1-424b-9868-57a2d4851a1d" />
    <TestEntry testId="39180c78-d17a-51a9-6e8c-eab6b3ba0f03" executionId="29bdc4f8-005a-4074-9ec6-e4366978b9e5" testListId="8c84fa94-04c1-424b-9868-57a2d4851a1d" />
    <TestEntry testId="d82b29d6-a845-5b99-7d4c-77ec17dee196" executionId="2037732e-1f69-44d1-9783-7a32ccd4bed1" testListId="8c84fa94-04c1-424b-9868-57a2d4851a1d" />
    <TestEntry testId="a37f2545-a5ee-b893-d8ca-4cf000e93b7f" executionId="214d1d88-8bd2-4f6e-b0df-3a7d586c254d" testListId="8c84fa94-04c1-424b-9868-57a2d4851a1d" />
    <TestEntry testId="019b787c-88b2-9680-3a7b-9251d2235f77" executionId="2c182858-9067-4209-8acc-36c2acc7e52b" testListId="8c84fa94-04c1-424b-9868-57a2d4851a1d" />
    <TestEntry testId="019b787c-88b2-9680-3a7b-9251d2235f77" executionId="fdc7b2b6-4645-4688-9a59-d32059bcdd6e" testListId="8c84fa94-04c1-424b-9868-57a2d4851a1d" />
    <TestEntry testId="eff2c871-0a17-2de3-ffea-ee90bb0c14d7" executionId="3d91be5e-af89-4917-8eba-d67216c18272" testListId="8c84fa94-04c1-424b-9868-57a2d4851a1d" />
    <TestEntry testId="0dcf65a9-55d0-eb07-f284-10bcade7db8f" executionId="b42686db-464a-4f92-a228-ee7c12821724" testListId="8c84fa94-04c1-424b-9868-57a2d4851a1d" />
    <TestEntry testId="19856216-00f6-4e68-e136-98f87cc0c034" executionId="30bc054d-1064-4a76-b167-1150b295cf58" testListId="8c84fa94-04c1-424b-9868-57a2d4851a1d" />
    <TestEntry testId="6fef620d-eb7f-faee-4b86-b1e5d131115f" executionId="687ff2e7-268f-4a02-be07-694062b93803" testListId="8c84fa94-04c1-424b-9868-57a2d4851a1d" />
    <TestEntry testId="695a69c9-264c-d1c5-2032-535ef4bf39f9" executionId="9334c3e4-b10e-4bde-b627-e3a84dd4adac" testListId="8c84fa94-04c1-424b-9868-57a2d4851a1d" />
    <TestEntry testId="f59f11e8-33d0-c57a-e494-0d101cacc205" executionId="c4f75aae-d376-4136-951f-74fb93177f51" testListId="8c84fa94-04c1-424b-9868-57a2d4851a1d" />
    <TestEntry testId="22a25c5c-c7ec-4667-8fc0-7dd1ac8c0c4d" executionId="004c7139-bf4d-405d-b16f-5cbfdf58cd94" testListId="8c84fa94-04c1-424b-9868-57a2d4851a1d" />
    <TestEntry testId="ffb37f9f-ca40-b6c9-b7a4-9ce2f6e6bfe1" executionId="fecc46b5-a3b4-413f-aa6c-d3a3a8b45ec6" testListId="8c84fa94-04c1-424b-9868-57a2d4851a1d" />
    <TestEntry testId="39bbe88c-a5a1-69b6-0e18-a75bb02edd6c" executionId="e3374f5e-979f-4aac-98bf-5711319009fb" testListId="8c84fa94-04c1-424b-9868-57a2d4851a1d" />
    <TestEntry testId="8075b8cc-71c2-6c7f-186b-5b6b7e96b4d4" executionId="8d12063d-1041-4af8-835b-15bb44faa291" testListId="8c84fa94-04c1-424b-9868-57a2d4851a1d" />
    <TestEntry testId="0d41da23-c85c-48d7-1687-1d87f3812f91" executionId="dbe553dd-cc48-47f3-bae3-08b10fbd6a61" testListId="8c84fa94-04c1-424b-9868-57a2d4851a1d" />
    <TestEntry testId="019b787c-88b2-9680-3a7b-9251d2235f77" executionId="fd3d63f9-817d-4726-914d-9f53ec0b7384" testListId="8c84fa94-04c1-424b-9868-57a2d4851a1d" />
    <TestEntry testId="019b787c-88b2-9680-3a7b-9251d2235f77" executionId="7f9e6b88-f8c2-40e5-a815-c5c43fed691c" testListId="8c84fa94-04c1-424b-9868-57a2d4851a1d" />
    <TestEntry testId="576c76a8-3008-7dbd-589e-61d06494cf33" executionId="8bce2b49-d7b1-4cf8-a6dd-8b1f841499d2" testListId="8c84fa94-04c1-424b-9868-57a2d4851a1d" />
    <TestEntry testId="019b787c-88b2-9680-3a7b-9251d2235f77" executionId="b941e7db-52d7-4d26-9a25-499cff296fef" testListId="8c84fa94-04c1-424b-9868-57a2d4851a1d" />
    <TestEntry testId="472d6f9b-4a9f-b0c2-076d-2838bfecd30c" executionId="3d853f96-813f-4aa0-9bb2-442eb678e097" testListId="8c84fa94-04c1-424b-9868-57a2d4851a1d" />
    <TestEntry testId="0373137f-9dbf-d332-162b-e9aa4f6d5450" executionId="d6bf87af-2087-4cd5-b753-50bd281e836c" testListId="8c84fa94-04c1-424b-9868-57a2d4851a1d" />
    <TestEntry testId="c5d2b105-a366-0eb6-6104-a05bdd310cbf" executionId="dc168752-46ae-43ff-a5fd-43ea6f9b3a0a" testListId="8c84fa94-04c1-424b-9868-57a2d4851a1d" />
    <TestEntry testId="39bbe88c-a5a1-69b6-0e18-a75bb02edd6c" executionId="94417a8b-3cb2-4504-8e92-c2b4a4dfb0b4" testListId="8c84fa94-04c1-424b-9868-57a2d4851a1d" />
    <TestEntry testId="7557ffa7-fc6a-4b1d-f44a-34a68b0568f4" executionId="73565afb-0452-4de8-872b-58a1cfa5d88f" testListId="8c84fa94-04c1-424b-9868-57a2d4851a1d" />
    <TestEntry testId="038da4ab-048f-b678-c0be-7ca5aa25c876" executionId="f363d0ba-d441-40a9-84f1-7b3123088344" testListId="8c84fa94-04c1-424b-9868-57a2d4851a1d" />
    <TestEntry testId="a573ef4e-0223-b309-d8d4-3f13a9d3de90" executionId="10498fd9-109d-4557-86fe-059849bb6381" testListId="8c84fa94-04c1-424b-9868-57a2d4851a1d" />
    <TestEntry testId="9dff9bf8-d0a0-82d9-e1da-f77e2b6757a7" executionId="f8a40303-b91b-4329-992a-7a77cbe3280c" testListId="8c84fa94-04c1-424b-9868-57a2d4851a1d" />
    <TestEntry testId="6b98a108-7d78-10ce-f300-63c385f3a49d" executionId="bc6f61f5-08a1-40e9-a795-2dda201849ff" testListId="8c84fa94-04c1-424b-9868-57a2d4851a1d" />
    <TestEntry testId="329fffca-c8ab-9911-2aad-a5d8c598c341" executionId="8b5a75b5-0659-4c90-8e28-b0b8ec7f209d" testListId="8c84fa94-04c1-424b-9868-57a2d4851a1d" />
    <TestEntry testId="d0848841-05a9-46c3-f40e-e4d0c20e682a" executionId="d1e73ded-b0c0-4a39-b710-4eb8abbe1251" testListId="8c84fa94-04c1-424b-9868-57a2d4851a1d" />
    <TestEntry testId="1a23b382-46b7-2f21-4888-1f1f07539b38" executionId="36be0818-a956-4041-84f9-98512e7499ed" testListId="8c84fa94-04c1-424b-9868-57a2d4851a1d" />
    <TestEntry testId="9cb8dc16-6d49-0605-f3aa-48e0aab8352b" executionId="92b3ae1d-3fb5-401a-95aa-cb4695eec491" testListId="8c84fa94-04c1-424b-9868-57a2d4851a1d" />
    <TestEntry testId="019b787c-88b2-9680-3a7b-9251d2235f77" executionId="fed730bb-3097-440c-b027-3814cf185977" testListId="8c84fa94-04c1-424b-9868-57a2d4851a1d" />
    <TestEntry testId="e6053a8c-2300-f48c-2ce4-ac332b4b9c20" executionId="3f82bdce-0c20-4a58-8dc0-71b3c6e1c9d2" testListId="8c84fa94-04c1-424b-9868-57a2d4851a1d" />
    <TestEntry testId="019b787c-88b2-9680-3a7b-9251d2235f77" executionId="043507f6-ef32-4cb5-9522-f6534b1dc1b3" testListId="8c84fa94-04c1-424b-9868-57a2d4851a1d" />
    <TestEntry testId="f727b248-9add-f920-b0ce-770364245e70" executionId="a4369c6c-8b08-4c80-9095-a3d8ec0a6210" testListId="8c84fa94-04c1-424b-9868-57a2d4851a1d" />
    <TestEntry testId="f689731c-9290-5162-9a49-b85b06691a5f" executionId="8d3663b0-46b0-4049-8575-c731923aa2d0" testListId="8c84fa94-04c1-424b-9868-57a2d4851a1d" />
    <TestEntry testId="bb038436-80d5-6654-8630-b72855267319" executionId="1dd918f5-a802-40db-a295-cb8899c57f61" testListId="8c84fa94-04c1-424b-9868-57a2d4851a1d" />
    <TestEntry testId="019b787c-88b2-9680-3a7b-9251d2235f77" executionId="6cad2a61-d41a-446e-a5b6-c1f28348d110" testListId="8c84fa94-04c1-424b-9868-57a2d4851a1d" />
    <TestEntry testId="084fd4ff-ee7f-a1d7-2980-4000c20ac3e0" executionId="36df70ec-1934-4c86-8e0e-58cfb5a2d67d" testListId="8c84fa94-04c1-424b-9868-57a2d4851a1d" />
    <TestEntry testId="3f8ceb03-4c45-73a7-d28f-f7ddfe521c4f" executionId="80ac7f4a-97d4-4405-b3ad-3d4dae322fe8" testListId="8c84fa94-04c1-424b-9868-57a2d4851a1d" />
    <TestEntry testId="35c2f48c-9c88-a338-53cb-ea2a15bc9650" executionId="0aeb202b-9ac9-4a42-8205-0ba48ba21518" testListId="8c84fa94-04c1-424b-9868-57a2d4851a1d" />
    <TestEntry testId="c4483b90-a31d-ede8-3f8b-e2ea5311fbd6" executionId="ad677c28-9bdc-4df9-9073-858039ad14cb" testListId="8c84fa94-04c1-424b-9868-57a2d4851a1d" />
    <TestEntry testId="019b787c-88b2-9680-3a7b-9251d2235f77" executionId="5c66a764-a5ff-4598-9966-9fd06e7cab3a" testListId="8c84fa94-04c1-424b-9868-57a2d4851a1d" />
    <TestEntry testId="d3a200e4-3f3c-8ab4-2a87-117b478479d0" executionId="4bd0962c-b498-4ffc-8df0-1aeb68760317" testListId="8c84fa94-04c1-424b-9868-57a2d4851a1d" />
    <TestEntry testId="66e52b55-85b7-1c82-a5d4-d2e271a37019" executionId="02660b71-446d-418a-87a0-a22a4e365235" testListId="8c84fa94-04c1-424b-9868-57a2d4851a1d" />
    <TestEntry testId="e0140a4b-bc78-8c58-ff11-fa88fe223fb0" executionId="09d748e2-6f05-435b-aa3d-1207e71290e1" testListId="8c84fa94-04c1-424b-9868-57a2d4851a1d" />
    <TestEntry testId="019b787c-88b2-9680-3a7b-9251d2235f77" executionId="a7573ca7-aeb6-47c6-bd66-b4f302c48607" testListId="8c84fa94-04c1-424b-9868-57a2d4851a1d" />
    <TestEntry testId="8ada4ab1-481e-f4a5-7449-157924c72819" executionId="b62caaac-0052-4ceb-8746-cf7f88150ddb" testListId="8c84fa94-04c1-424b-9868-57a2d4851a1d" />
    <TestEntry testId="39bbe88c-a5a1-69b6-0e18-a75bb02edd6c" executionId="eb4f28cf-ca21-4ff6-b5bc-62d7ccfda3b3" testListId="8c84fa94-04c1-424b-9868-57a2d4851a1d" />
    <TestEntry testId="2572fc14-a06b-560b-b1fd-563eec05ebcf" executionId="2a7fb071-d856-4dcb-bcf9-33b34b458002" testListId="8c84fa94-04c1-424b-9868-57a2d4851a1d" />
    <TestEntry testId="019b787c-88b2-9680-3a7b-9251d2235f77" executionId="b2da54f6-3ea6-43a1-98c6-7d11cec2f9ea" testListId="8c84fa94-04c1-424b-9868-57a2d4851a1d" />
    <TestEntry testId="edb80607-61a5-a1c0-3b3a-e4b263d16083" executionId="5e511a47-54c0-435d-bae3-eaa58d589daf" testListId="8c84fa94-04c1-424b-9868-57a2d4851a1d" />
    <TestEntry testId="92adf676-b599-2ee2-cbae-747e533f9428" executionId="06649883-c5ed-4629-ac07-6957476f7bf3" testListId="8c84fa94-04c1-424b-9868-57a2d4851a1d" />
    <TestEntry testId="019b787c-88b2-9680-3a7b-9251d2235f77" executionId="caebdb52-2f7f-4457-83e3-2d180b94dda8" testListId="8c84fa94-04c1-424b-9868-57a2d4851a1d" />
    <TestEntry testId="96db9640-171e-7161-1026-8e6d6336d018" executionId="24fbf227-5097-4333-be20-2e8743b3ee9e" testListId="8c84fa94-04c1-424b-9868-57a2d4851a1d" />
    <TestEntry testId="c6449dd2-79f4-4dd8-acb0-8af1f5d0bab5" executionId="ed00dde0-19d0-4ea4-8c03-d2e5274b0fa3" testListId="8c84fa94-04c1-424b-9868-57a2d4851a1d" />
    <TestEntry testId="8daf582a-3d9d-e929-98f5-82bc94f6d8d8" executionId="0c9dbdeb-eb06-4425-bace-73c02b1c33b4" testListId="8c84fa94-04c1-424b-9868-57a2d4851a1d" />
    <TestEntry testId="86b6cab8-69c1-86df-d2d0-5a7f16909c41" executionId="1c7963ec-f704-4d88-bd82-8f0442658e72" testListId="8c84fa94-04c1-424b-9868-57a2d4851a1d" />
    <TestEntry testId="eaf8edf8-baf4-8a28-c234-42107404803b" executionId="4c34febf-d47e-462c-8027-503dea46a9b2" testListId="8c84fa94-04c1-424b-9868-57a2d4851a1d" />
    <TestEntry testId="019b787c-88b2-9680-3a7b-9251d2235f77" executionId="5cb4ea5d-ba7d-44c1-a988-c059232ba371" testListId="8c84fa94-04c1-424b-9868-57a2d4851a1d" />
    <TestEntry testId="e23769b1-78b8-e776-e860-4b20f6cb74eb" executionId="bed6acc8-5738-4f38-9ff5-6218e5df56ba" testListId="8c84fa94-04c1-424b-9868-57a2d4851a1d" />
    <TestEntry testId="1c68ff8f-f508-dc04-4563-da611ba6ef70" executionId="2c36fabb-d4d1-436d-8b06-a9f00f3f854d" testListId="8c84fa94-04c1-424b-9868-57a2d4851a1d" />
    <TestEntry testId="83c34f33-fc7c-8909-0d56-b377aadaa760" executionId="b7fba40a-0c24-4641-8fba-8579b8b080c8" testListId="8c84fa94-04c1-424b-9868-57a2d4851a1d" />
    <TestEntry testId="019b787c-88b2-9680-3a7b-9251d2235f77" executionId="19519498-e427-4171-811e-655e988a907f" testListId="8c84fa94-04c1-424b-9868-57a2d4851a1d" />
    <TestEntry testId="569c4a90-7777-fc87-f2d6-400b3ea6f7ad" executionId="1db70917-a231-4ac1-b808-c16f39c50075" testListId="8c84fa94-04c1-424b-9868-57a2d4851a1d" />
    <TestEntry testId="139fd02d-4f6c-0d35-4403-12639ed35d5b" executionId="617ff120-f279-4ad4-9c58-343a084c0ca7" testListId="8c84fa94-04c1-424b-9868-57a2d4851a1d" />
    <TestEntry testId="019b787c-88b2-9680-3a7b-9251d2235f77" executionId="25b4cc9f-6b2e-4331-b2fa-f68929f7cca9" testListId="8c84fa94-04c1-424b-9868-57a2d4851a1d" />
    <TestEntry testId="f2d57bdd-2374-7604-47ff-fa77282607a7" executionId="d356f7e5-f0a7-4e03-a8a4-c41c8884d576" testListId="8c84fa94-04c1-424b-9868-57a2d4851a1d" />
    <TestEntry testId="626fcc91-8f4b-1b59-24a3-1dba41f0d26f" executionId="a2affd6c-58f2-43f9-b7af-067ac059e083" testListId="8c84fa94-04c1-424b-9868-57a2d4851a1d" />
    <TestEntry testId="553304f7-bfc2-114d-94a3-f6892ec3a77d" executionId="ebe3edf3-9249-4274-8041-0f7738b44d75" testListId="8c84fa94-04c1-424b-9868-57a2d4851a1d" />
    <TestEntry testId="2a62cead-e620-26d3-a5ba-1cc8e4102c3f" executionId="b6d586fe-4d97-4632-9856-89d6f5830e30" testListId="8c84fa94-04c1-424b-9868-57a2d4851a1d" />
    <TestEntry testId="0747d3df-6344-b693-e31a-a2485e6bea5e" executionId="e28ecc91-0ac8-4f7b-9091-cc28b02483d9" testListId="8c84fa94-04c1-424b-9868-57a2d4851a1d" />
    <TestEntry testId="3f93afdc-a0cd-482e-1a0b-ae8d54c769c9" executionId="fbd890b0-2236-46aa-976f-c6d72ad08e6c" testListId="8c84fa94-04c1-424b-9868-57a2d4851a1d" />
    <TestEntry testId="08c4a058-8072-a3c1-e72a-2e4531a3aa78" executionId="33ac3eb0-0bb9-4946-a6ec-ef126ba96c6a" testListId="8c84fa94-04c1-424b-9868-57a2d4851a1d" />
    <TestEntry testId="695a69c9-264c-d1c5-2032-535ef4bf39f9" executionId="a94ae3a3-698c-4ee9-8b47-b86d691fa04c" testListId="8c84fa94-04c1-424b-9868-57a2d4851a1d" />
    <TestEntry testId="b538edeb-c321-eb30-e8a2-3cefc2f759c1" executionId="7efcab26-4f54-4308-a49e-2c495e4d5b16" testListId="8c84fa94-04c1-424b-9868-57a2d4851a1d" />
    <TestEntry testId="019b787c-88b2-9680-3a7b-9251d2235f77" executionId="74544c2e-3d74-49b7-ba2b-6545a604f9b5" testListId="8c84fa94-04c1-424b-9868-57a2d4851a1d" />
    <TestEntry testId="019b787c-88b2-9680-3a7b-9251d2235f77" executionId="978ab852-4b01-4dcc-bc3b-702609e316f4" testListId="8c84fa94-04c1-424b-9868-57a2d4851a1d" />
    <TestEntry testId="8d13cfdf-b244-cdc8-372b-2ef58316b4b9" executionId="267822c3-b938-4443-a84f-c8637e6fffb9" testListId="8c84fa94-04c1-424b-9868-57a2d4851a1d" />
    <TestEntry testId="019b787c-88b2-9680-3a7b-9251d2235f77" executionId="70888c07-d239-42a7-8f7f-67adfb8df6f2" testListId="8c84fa94-04c1-424b-9868-57a2d4851a1d" />
    <TestEntry testId="0ed80f2c-8aa7-71b9-5ce0-295e152d8a11" executionId="d1984fd4-e875-4b9e-83f2-d337aaf4434c" testListId="8c84fa94-04c1-424b-9868-57a2d4851a1d" />
    <TestEntry testId="a937cdb3-d272-5880-60db-f041224fdb9f" executionId="bbfb3c87-47b8-49e7-ab2d-07dd0a99dafa" testListId="8c84fa94-04c1-424b-9868-57a2d4851a1d" />
    <TestEntry testId="7a13cfe4-d6ff-43f7-c97b-4d8c6f6a1310" executionId="e8a63054-fd04-41c9-9543-e0d8ac21d840" testListId="8c84fa94-04c1-424b-9868-57a2d4851a1d" />
    <TestEntry testId="c2672164-fc0e-e39d-c610-3e3df0a4c298" executionId="5dbdc070-322f-4b86-9c03-3745fd73169d" testListId="8c84fa94-04c1-424b-9868-57a2d4851a1d" />
    <TestEntry testId="4cb576ef-8be0-18c0-2797-dd8db826cca2" executionId="0a2ceda7-84f5-4986-9810-ea9d19fae442" testListId="8c84fa94-04c1-424b-9868-57a2d4851a1d" />
    <TestEntry testId="019b787c-88b2-9680-3a7b-9251d2235f77" executionId="c6b351ab-e4cb-4749-9baa-4da728d021d6" testListId="8c84fa94-04c1-424b-9868-57a2d4851a1d" />
    <TestEntry testId="019b787c-88b2-9680-3a7b-9251d2235f77" executionId="cfb7d369-6a89-48f6-bda7-37c54bee962c" testListId="8c84fa94-04c1-424b-9868-57a2d4851a1d" />
    <TestEntry testId="fa80c8bf-0e1d-5f58-fd60-aa2f91bf5800" executionId="fd3aecb3-0d5b-4ba5-bc56-7fef52bdfe37" testListId="8c84fa94-04c1-424b-9868-57a2d4851a1d" />
    <TestEntry testId="9a60331e-ca3e-1df1-7b63-5bd8cf646895" executionId="f724d2fc-6e3f-4e4d-a73e-2fc161020d67" testListId="8c84fa94-04c1-424b-9868-57a2d4851a1d" />
    <TestEntry testId="e297c288-2c32-21e7-34f6-d146ed67ee02" executionId="18a7fc13-caaf-4a5a-891b-1f7c7e21f632" testListId="8c84fa94-04c1-424b-9868-57a2d4851a1d" />
    <TestEntry testId="39bbe88c-a5a1-69b6-0e18-a75bb02edd6c" executionId="ee5fcca9-5f25-4178-b157-7116f00aed69" testListId="8c84fa94-04c1-424b-9868-57a2d4851a1d" />
    <TestEntry testId="25ecfa4f-f473-2d64-471a-8f46f60bb777" executionId="937c4de3-4b0b-483a-9d74-7bb2bf1ccc50" testListId="8c84fa94-04c1-424b-9868-57a2d4851a1d" />
    <TestEntry testId="26cad07b-a8d8-1c50-3658-3c11af87d6f6" executionId="2e42adcb-6a68-4d4b-b239-53363dbe26d6" testListId="8c84fa94-04c1-424b-9868-57a2d4851a1d" />
    <TestEntry testId="378c8185-f208-09ab-8f61-0993b0da43ab" executionId="ee2aaf4f-65ab-48ad-8836-6839d35c2c94" testListId="8c84fa94-04c1-424b-9868-57a2d4851a1d" />
    <TestEntry testId="ee13fd88-d1af-2b20-95d9-e6114b889bed" executionId="2cf6dab6-b552-4708-ae9a-4c8e2fbf16ed" testListId="8c84fa94-04c1-424b-9868-57a2d4851a1d" />
    <TestEntry testId="019b787c-88b2-9680-3a7b-9251d2235f77" executionId="1a86d347-05de-47be-a45f-64629b0d8250" testListId="8c84fa94-04c1-424b-9868-57a2d4851a1d" />
    <TestEntry testId="1584d138-2249-0ae8-78f1-bdf6e1a55c70" executionId="5b06b1b2-a1f3-456b-a3e4-17e8a32b2ba1" testListId="8c84fa94-04c1-424b-9868-57a2d4851a1d" />
    <TestEntry testId="e6c7e2a5-db66-79bb-015e-f0e5de7a06ad" executionId="068e3879-738b-4b8f-b1ba-7b1f7a5cf0f4" testListId="8c84fa94-04c1-424b-9868-57a2d4851a1d" />
    <TestEntry testId="ea35ca34-5752-f92b-471f-2c178568180f" executionId="a8719ab7-3c0a-463d-8887-47f5d944b041" testListId="8c84fa94-04c1-424b-9868-57a2d4851a1d" />
    <TestEntry testId="6ca337fc-c157-1be3-1fec-cc5f8eef9c94" executionId="bd4a59c9-64ab-4cd6-b32d-5bc6099df39d" testListId="8c84fa94-04c1-424b-9868-57a2d4851a1d" />
    <TestEntry testId="019b787c-88b2-9680-3a7b-9251d2235f77" executionId="0b810894-6dd0-4093-bba2-418abdf1da8a" testListId="8c84fa94-04c1-424b-9868-57a2d4851a1d" />
    <TestEntry testId="019b787c-88b2-9680-3a7b-9251d2235f77" executionId="e8c66ee1-2afc-4e7d-afe8-b6f6c49a8846" testListId="8c84fa94-04c1-424b-9868-57a2d4851a1d" />
    <TestEntry testId="4d34e934-ed18-8d83-5b1e-b13a5e645671" executionId="61ff8267-21e3-4b28-896d-546686fa9b87" testListId="8c84fa94-04c1-424b-9868-57a2d4851a1d" />
    <TestEntry testId="d3ed3812-13f3-bb89-ea15-993c14c803db" executionId="aa1ab636-bfc3-4e62-9d44-a8d18fffc65d" testListId="8c84fa94-04c1-424b-9868-57a2d4851a1d" />
    <TestEntry testId="b6a9df80-7153-36f0-e97d-ca24090a5458" executionId="2eb4b71e-032b-4ed2-b56c-b08c9828e36a" testListId="8c84fa94-04c1-424b-9868-57a2d4851a1d" />
    <TestEntry testId="019b787c-88b2-9680-3a7b-9251d2235f77" executionId="49593ccb-013d-43d0-8e6a-58589f92f481" testListId="8c84fa94-04c1-424b-9868-57a2d4851a1d" />
    <TestEntry testId="8e0524b9-2f57-3b55-3a04-05e2579ebd7c" executionId="c23902f6-4b69-4cab-8ffa-71e1fe19d70b" testListId="8c84fa94-04c1-424b-9868-57a2d4851a1d" />
    <TestEntry testId="695a69c9-264c-d1c5-2032-535ef4bf39f9" executionId="b2bef81b-9610-4701-b290-c805f3087c70" testListId="8c84fa94-04c1-424b-9868-57a2d4851a1d" />
    <TestEntry testId="ba62c21e-c11e-d2a3-6b7d-e6f22a397943" executionId="654e9809-06be-4996-bcd1-1ca0f677c40e" testListId="8c84fa94-04c1-424b-9868-57a2d4851a1d" />
    <TestEntry testId="b9925365-fdfc-adc9-465f-0092bda28ea8" executionId="010e68d8-060d-44aa-bab9-2a86cb375627" testListId="8c84fa94-04c1-424b-9868-57a2d4851a1d" />
    <TestEntry testId="a433a805-618c-605a-3acd-b65f1dcd84e9" executionId="1cc2183c-86ab-4852-9bcd-3f102c85b7b8" testListId="8c84fa94-04c1-424b-9868-57a2d4851a1d" />
    <TestEntry testId="39bbe88c-a5a1-69b6-0e18-a75bb02edd6c" executionId="32eace0d-8fca-47b9-81f3-9cd4758051cf" testListId="8c84fa94-04c1-424b-9868-57a2d4851a1d" />
    <TestEntry testId="774ab26a-75ab-adc3-c516-dfcf980c74bf" executionId="ddd05ac3-288e-467a-8290-c1385f9eaa33" testListId="8c84fa94-04c1-424b-9868-57a2d4851a1d" />
    <TestEntry testId="9286ff3c-773c-6fe8-e339-957782395f04" executionId="d443a0a2-1986-4708-b9b7-4a779a07887b" testListId="8c84fa94-04c1-424b-9868-57a2d4851a1d" />
    <TestEntry testId="d45b7a7e-ffae-e79d-af27-9d16eb000f9d" executionId="06a15b20-dc49-4c21-ac69-5d95428da51b" testListId="8c84fa94-04c1-424b-9868-57a2d4851a1d" />
    <TestEntry testId="0e49fa36-c03d-50e5-e2ce-bbf4328aa895" executionId="25741645-aecb-4ccc-ba19-f970fec16580" testListId="8c84fa94-04c1-424b-9868-57a2d4851a1d" />
    <TestEntry testId="68577bf1-7ef3-cfbe-b7ae-12a85be2c14e" executionId="b9861527-b144-402c-8f8d-0acd8f89ca8a" testListId="8c84fa94-04c1-424b-9868-57a2d4851a1d" />
    <TestEntry testId="019b787c-88b2-9680-3a7b-9251d2235f77" executionId="83c77f98-7de9-40ea-8a12-20ccbef4884c" testListId="8c84fa94-04c1-424b-9868-57a2d4851a1d" />
    <TestEntry testId="019b787c-88b2-9680-3a7b-9251d2235f77" executionId="7418d790-6c48-4ee7-8104-406dcb7d5752" testListId="8c84fa94-04c1-424b-9868-57a2d4851a1d" />
    <TestEntry testId="e63757c9-ed8c-76a8-aa0d-1329697e8bd1" executionId="1a8da263-e17f-4186-82d6-44c62a1d3f37" testListId="8c84fa94-04c1-424b-9868-57a2d4851a1d" />
    <TestEntry testId="27c99711-665b-abab-7f21-20d7c08ae72d" executionId="44abc2f5-0aac-4207-829f-ee259b9971cf" testListId="8c84fa94-04c1-424b-9868-57a2d4851a1d" />
    <TestEntry testId="019b787c-88b2-9680-3a7b-9251d2235f77" executionId="e9636c16-461a-43f1-8dc0-73664d45c457" testListId="8c84fa94-04c1-424b-9868-57a2d4851a1d" />
    <TestEntry testId="e8b02cac-2bf7-d63d-031b-c367723c8128" executionId="f791650b-5796-46c4-9c44-33f33c018784" testListId="8c84fa94-04c1-424b-9868-57a2d4851a1d" />
    <TestEntry testId="f727b248-9add-f920-b0ce-770364245e70" executionId="e22e7043-3a15-4e6a-8e04-ac8a222c3f70" testListId="8c84fa94-04c1-424b-9868-57a2d4851a1d" />
    <TestEntry testId="019b787c-88b2-9680-3a7b-9251d2235f77" executionId="453e6fbe-4c18-4ae7-bd6e-0218a5941189" testListId="8c84fa94-04c1-424b-9868-57a2d4851a1d" />
    <TestEntry testId="06a8b1fb-294d-c64c-daef-79e9cdc4ee13" executionId="b01c1cea-61d4-4e15-9372-6da2a694ee1f" testListId="8c84fa94-04c1-424b-9868-57a2d4851a1d" />
    <TestEntry testId="f470de8f-93fc-6e29-2f28-ac382b3a29f6" executionId="e1a9de3d-0fd3-46a7-a532-ab3bd57dd765" testListId="8c84fa94-04c1-424b-9868-57a2d4851a1d" />
    <TestEntry testId="83fb1161-91c3-8e53-ef7a-d71a1e83a4d8" executionId="21c90ad0-eea0-4148-bf55-f562736c927a" testListId="8c84fa94-04c1-424b-9868-57a2d4851a1d" />
    <TestEntry testId="81202116-9937-f546-c269-3760bd40490d" executionId="9783f1ec-f1a7-4b61-ad18-aa857112a075" testListId="8c84fa94-04c1-424b-9868-57a2d4851a1d" />
    <TestEntry testId="019b787c-88b2-9680-3a7b-9251d2235f77" executionId="ce6b85f2-ec6a-4b37-b85b-d65b8082c742" testListId="8c84fa94-04c1-424b-9868-57a2d4851a1d" />
    <TestEntry testId="c40f62b1-400d-c6a2-05e8-6340210cbacf" executionId="28c9deaf-0f9a-4f42-a971-ef5ae816b66a" testListId="8c84fa94-04c1-424b-9868-57a2d4851a1d" />
    <TestEntry testId="39bbe88c-a5a1-69b6-0e18-a75bb02edd6c" executionId="691b449a-e946-4d7a-a10b-d9fedcb353bb" testListId="8c84fa94-04c1-424b-9868-57a2d4851a1d" />
    <TestEntry testId="019b787c-88b2-9680-3a7b-9251d2235f77" executionId="fdf4d7da-6e6d-4f75-942e-c9ab240246df" testListId="8c84fa94-04c1-424b-9868-57a2d4851a1d" />
    <TestEntry testId="019b787c-88b2-9680-3a7b-9251d2235f77" executionId="6fa4f393-f831-4e68-b01d-c2477ed004ee" testListId="8c84fa94-04c1-424b-9868-57a2d4851a1d" />
    <TestEntry testId="37b2569b-b563-4b49-a052-0b0b2e2bf0f2" executionId="329ff3c4-15ee-451b-bbcf-372a7d04e57e" testListId="8c84fa94-04c1-424b-9868-57a2d4851a1d" />
    <TestEntry testId="9b91ebe4-16e7-c36a-4fc9-08dc5ede6102" executionId="3ba23135-4bbc-4dfe-a689-c71db0030c7a" testListId="8c84fa94-04c1-424b-9868-57a2d4851a1d" />
    <TestEntry testId="39bbe88c-a5a1-69b6-0e18-a75bb02edd6c" executionId="8398fad8-2f2c-47bc-ad85-da712247dfd6" testListId="8c84fa94-04c1-424b-9868-57a2d4851a1d" />
    <TestEntry testId="aa231317-e27d-e53e-4717-fd50e2e8f057" executionId="76f9b26f-ef47-42fd-a729-83e567229581" testListId="8c84fa94-04c1-424b-9868-57a2d4851a1d" />
    <TestEntry testId="da957d7c-a6ec-531a-01e6-2fc63befe529" executionId="9363a458-6c1a-4d99-9e36-070df85217cc" testListId="8c84fa94-04c1-424b-9868-57a2d4851a1d" />
    <TestEntry testId="6c3178fe-ab8a-5f62-a9e6-73fd2edac44a" executionId="944b4e4c-82d3-4058-978c-07665e539771" testListId="8c84fa94-04c1-424b-9868-57a2d4851a1d" />
    <TestEntry testId="58c7ce88-2805-c4fe-b871-49f21bcd5fad" executionId="9b0db5ac-bf62-47f1-ab20-30556a61d49e" testListId="8c84fa94-04c1-424b-9868-57a2d4851a1d" />
    <TestEntry testId="e14c696c-e47f-4fef-2ef5-0f18390e943a" executionId="d26fc4cf-0406-4ce6-91e5-21fb28e66068" testListId="8c84fa94-04c1-424b-9868-57a2d4851a1d" />
    <TestEntry testId="8227de8d-7583-3a2f-2111-ed652edd707a" executionId="37e22da3-bcd2-4552-8403-0a5eb65fe7b6" testListId="8c84fa94-04c1-424b-9868-57a2d4851a1d" />
    <TestEntry testId="39bbe88c-a5a1-69b6-0e18-a75bb02edd6c" executionId="1ed642cb-ede8-4cc1-a0b9-9f5da8178645" testListId="8c84fa94-04c1-424b-9868-57a2d4851a1d" />
    <TestEntry testId="234caa0f-178f-80f9-eef9-434b043f97bb" executionId="be57513d-bc47-43eb-b4da-60420b5caec8" testListId="8c84fa94-04c1-424b-9868-57a2d4851a1d" />
    <TestEntry testId="019b787c-88b2-9680-3a7b-9251d2235f77" executionId="10f994bf-7d37-465c-8df4-190d5de56e7d" testListId="8c84fa94-04c1-424b-9868-57a2d4851a1d" />
    <TestEntry testId="5e8cac09-e15e-554e-4e32-048ec3468c34" executionId="abc20951-e1c3-4c61-a0a3-94dba32f4010" testListId="8c84fa94-04c1-424b-9868-57a2d4851a1d" />
    <TestEntry testId="ab21a3fe-c0cd-3efd-d2d0-5ea2c2e5412f" executionId="03524373-ef22-4815-ac40-68433705ddf1" testListId="8c84fa94-04c1-424b-9868-57a2d4851a1d" />
    <TestEntry testId="06e41769-e208-1dfc-953e-e000b9fff75c" executionId="de3d204c-4b4e-4002-a80a-5e063da2c91c" testListId="8c84fa94-04c1-424b-9868-57a2d4851a1d" />
    <TestEntry testId="10e3333a-c1c3-4da9-3b65-a7586c1742b0" executionId="a12ac2d0-8a8a-4213-b649-6c0955baeb0b" testListId="8c84fa94-04c1-424b-9868-57a2d4851a1d" />
    <TestEntry testId="2b40bd1b-6335-61b3-a3ec-ba83358de4fa" executionId="85dbf64e-b66a-4200-a741-b36422a5b86a" testListId="8c84fa94-04c1-424b-9868-57a2d4851a1d" />
    <TestEntry testId="ebbbf6d0-9a6f-bd66-319e-507c591125f4" executionId="a9d3b0aa-c458-4186-abb2-43c918f5b82e" testListId="8c84fa94-04c1-424b-9868-57a2d4851a1d" />
    <TestEntry testId="019b787c-88b2-9680-3a7b-9251d2235f77" executionId="1bc9d948-6634-4ea7-8019-221487b7daa5" testListId="8c84fa94-04c1-424b-9868-57a2d4851a1d" />
    <TestEntry testId="bd44da9c-a637-dd54-42e0-863061921c2e" executionId="b2d7e6b8-689a-45b3-9d06-8e4b5687cb05" testListId="8c84fa94-04c1-424b-9868-57a2d4851a1d" />
    <TestEntry testId="4d8d797d-1570-17f3-9c5a-4925480865a4" executionId="8a4a1be2-2fc9-45a9-a773-8729bf393ee2" testListId="8c84fa94-04c1-424b-9868-57a2d4851a1d" />
    <TestEntry testId="019b787c-88b2-9680-3a7b-9251d2235f77" executionId="40fbe930-005a-4ce8-8452-da33500e977d" testListId="8c84fa94-04c1-424b-9868-57a2d4851a1d" />
    <TestEntry testId="faf8f261-b929-e42f-fdca-2dfb623ff149" executionId="41c4be4a-3741-4c16-8410-80497adb3ecb" testListId="8c84fa94-04c1-424b-9868-57a2d4851a1d" />
    <TestEntry testId="8c91d4f7-22f7-4a1e-7b37-9c02a4158d30" executionId="beb68e57-504b-475c-a039-8f0ec66d84fe" testListId="8c84fa94-04c1-424b-9868-57a2d4851a1d" />
    <TestEntry testId="b0a4b42d-1108-8a14-fccf-142249765b5e" executionId="50686f19-813e-4e3b-ac40-a07f4f893303" testListId="8c84fa94-04c1-424b-9868-57a2d4851a1d" />
    <TestEntry testId="1a16c436-b7d6-627a-bd90-e22a598e2b46" executionId="1fff9663-e824-44f3-ab40-b10692bbd0b7" testListId="8c84fa94-04c1-424b-9868-57a2d4851a1d" />
    <TestEntry testId="019b787c-88b2-9680-3a7b-9251d2235f77" executionId="8b5fb116-7f2c-4c1f-89f0-e85c87a6881b" testListId="8c84fa94-04c1-424b-9868-57a2d4851a1d" />
    <TestEntry testId="019b787c-88b2-9680-3a7b-9251d2235f77" executionId="01ae6846-3282-46ca-884a-73ff1b90d257" testListId="8c84fa94-04c1-424b-9868-57a2d4851a1d" />
    <TestEntry testId="019b787c-88b2-9680-3a7b-9251d2235f77" executionId="fb44a482-a9f4-471d-82d9-b9c1fbb20d77" testListId="8c84fa94-04c1-424b-9868-57a2d4851a1d" />
    <TestEntry testId="695a69c9-264c-d1c5-2032-535ef4bf39f9" executionId="5204eb14-e3b8-4e0b-8f97-8f88212f92eb" testListId="8c84fa94-04c1-424b-9868-57a2d4851a1d" />
    <TestEntry testId="44546cdf-1546-6baf-5661-5edc56f5fc22" executionId="42780fcd-c052-41f7-9cd9-fe6ee55216f6" testListId="8c84fa94-04c1-424b-9868-57a2d4851a1d" />
    <TestEntry testId="ec3cd668-3d93-67fb-04fb-c8283a0b8ee2" executionId="c5ad6cc1-3dcb-4cf3-acae-9f34e85be47d" testListId="8c84fa94-04c1-424b-9868-57a2d4851a1d" />
    <TestEntry testId="49696ee2-5215-35d8-0ea9-ac56933fd061" executionId="3c14f732-7409-41ac-9991-043222d40763" testListId="8c84fa94-04c1-424b-9868-57a2d4851a1d" />
    <TestEntry testId="45a7a009-9bb3-0ea6-366a-60a5606f98dd" executionId="04a18dc3-9c87-45b0-85be-acb2520dfe1b" testListId="8c84fa94-04c1-424b-9868-57a2d4851a1d" />
    <TestEntry testId="0cf6904e-f56a-1b33-15af-595cd9c3cd0a" executionId="d8a1d3b1-fea0-4f5a-ac0a-2c04fdf24472" testListId="8c84fa94-04c1-424b-9868-57a2d4851a1d" />
    <TestEntry testId="019b787c-88b2-9680-3a7b-9251d2235f77" executionId="794ee98a-092b-4414-b31a-8ca2fa14b430" testListId="8c84fa94-04c1-424b-9868-57a2d4851a1d" />
    <TestEntry testId="695a69c9-264c-d1c5-2032-535ef4bf39f9" executionId="a5d20a05-e5da-415c-957c-28a072384104" testListId="8c84fa94-04c1-424b-9868-57a2d4851a1d" />
    <TestEntry testId="58f4312f-3bdc-1c00-4454-9d12f89e5084" executionId="1258d7f4-23b9-40f2-a65a-a8cb771e96b3" testListId="8c84fa94-04c1-424b-9868-57a2d4851a1d" />
    <TestEntry testId="f794f473-ad02-6ab0-a6ad-ccef8c0419b5" executionId="4f1a1046-ac44-4c32-b4de-a2656f4de9f7" testListId="8c84fa94-04c1-424b-9868-57a2d4851a1d" />
    <TestEntry testId="62687f93-d2e4-2ead-56f5-a952102e794a" executionId="4242f31f-9d77-415f-8c8d-0a5f9830e5fc" testListId="8c84fa94-04c1-424b-9868-57a2d4851a1d" />
    <TestEntry testId="019b787c-88b2-9680-3a7b-9251d2235f77" executionId="1917407d-bd9e-4d0a-81dd-5ed81f5e056a" testListId="8c84fa94-04c1-424b-9868-57a2d4851a1d" />
    <TestEntry testId="2a62cead-e620-26d3-a5ba-1cc8e4102c3f" executionId="2ec33bee-4cb9-4477-9b58-3f4bfbb507c2" testListId="8c84fa94-04c1-424b-9868-57a2d4851a1d" />
    <TestEntry testId="d8f15258-ef5c-40a8-76a4-5331e010e495" executionId="2aefcfb6-4b51-4ed9-9411-03013cc78154" testListId="8c84fa94-04c1-424b-9868-57a2d4851a1d" />
    <TestEntry testId="019b787c-88b2-9680-3a7b-9251d2235f77" executionId="89699898-2311-4b10-8d76-545e43e70fb8" testListId="8c84fa94-04c1-424b-9868-57a2d4851a1d" />
    <TestEntry testId="ab9cfe16-659a-adfe-f3c9-a975bf86f43e" executionId="b61373c4-14ff-4d61-b3d6-247b6dd1aac2" testListId="8c84fa94-04c1-424b-9868-57a2d4851a1d" />
    <TestEntry testId="019b787c-88b2-9680-3a7b-9251d2235f77" executionId="ac1b55c6-ef14-4b77-aa3f-aa87a13e7b3c" testListId="8c84fa94-04c1-424b-9868-57a2d4851a1d" />
    <TestEntry testId="10f7d5e3-2f06-9fe6-dd97-492cb3bcf954" executionId="e03ec3c4-179a-477f-9ca4-834d2ee4748a" testListId="8c84fa94-04c1-424b-9868-57a2d4851a1d" />
    <TestEntry testId="019b787c-88b2-9680-3a7b-9251d2235f77" executionId="f32829b0-aad6-4fa6-8b7c-d4071ce611a1" testListId="8c84fa94-04c1-424b-9868-57a2d4851a1d" />
    <TestEntry testId="08d63d15-d027-0d90-4dac-94fd198fd066" executionId="249d9f85-eec0-426b-b345-e756b5575148" testListId="8c84fa94-04c1-424b-9868-57a2d4851a1d" />
    <TestEntry testId="019b787c-88b2-9680-3a7b-9251d2235f77" executionId="018f41d9-ef91-492e-b52a-28ed82ace091" testListId="8c84fa94-04c1-424b-9868-57a2d4851a1d" />
    <TestEntry testId="019b787c-88b2-9680-3a7b-9251d2235f77" executionId="712648aa-0479-4498-8b57-e7bca7944936" testListId="8c84fa94-04c1-424b-9868-57a2d4851a1d" />
    <TestEntry testId="019b787c-88b2-9680-3a7b-9251d2235f77" executionId="c4ddbe75-92bb-4fd4-b2fd-abb554c00cf9" testListId="8c84fa94-04c1-424b-9868-57a2d4851a1d" />
    <TestEntry testId="cf67c2fb-5ef6-0a1a-f3c9-3f3d6bc904eb" executionId="f84d4c6c-dba4-4b52-84b2-c29e78b5eb26" testListId="8c84fa94-04c1-424b-9868-57a2d4851a1d" />
    <TestEntry testId="019b787c-88b2-9680-3a7b-9251d2235f77" executionId="7ab8bab9-5561-4d06-b65e-1ba667bc5590" testListId="8c84fa94-04c1-424b-9868-57a2d4851a1d" />
    <TestEntry testId="f978b6ed-2a41-d2df-7792-e9aeb9169494" executionId="1a9c17aa-55a9-46f6-8fa1-3b685f11f85a" testListId="8c84fa94-04c1-424b-9868-57a2d4851a1d" />
    <TestEntry testId="c3f41930-b4e1-475b-0763-4968927d9d37" executionId="61d18514-61d7-48b2-8852-e4beaf927314" testListId="8c84fa94-04c1-424b-9868-57a2d4851a1d" />
    <TestEntry testId="b86558cc-1b48-6644-c817-e88e276a491f" executionId="00a642bc-0d84-4877-8082-7616bd92a4bb" testListId="8c84fa94-04c1-424b-9868-57a2d4851a1d" />
    <TestEntry testId="f727b248-9add-f920-b0ce-770364245e70" executionId="5772731c-7d5c-406a-b4e1-d91b150e7086" testListId="8c84fa94-04c1-424b-9868-57a2d4851a1d" />
    <TestEntry testId="fcad05ed-2bd0-2cd4-f860-402ee32d9cfc" executionId="08c02f4e-4b28-49ff-8333-3595d8b678ec" testListId="8c84fa94-04c1-424b-9868-57a2d4851a1d" />
    <TestEntry testId="51802d43-c620-7f99-c5b3-8f0de8358537" executionId="62854340-3859-404f-b2a8-11d4787f4b1d" testListId="8c84fa94-04c1-424b-9868-57a2d4851a1d" />
    <TestEntry testId="694c480e-2bed-c18c-b5db-fa2e622e6d24" executionId="6e579392-a678-47fc-b37e-17f6ba900f2d" testListId="8c84fa94-04c1-424b-9868-57a2d4851a1d" />
    <TestEntry testId="019b787c-88b2-9680-3a7b-9251d2235f77" executionId="3be58986-5f89-4827-8741-b9fbabef8831" testListId="8c84fa94-04c1-424b-9868-57a2d4851a1d" />
    <TestEntry testId="4c6f7cee-2f40-e103-21ba-141cd0a7355e" executionId="7372991e-d718-4887-89a8-e5bf9ecea153" testListId="8c84fa94-04c1-424b-9868-57a2d4851a1d" />
    <TestEntry testId="7c8482cd-d475-ea98-74e5-73732285f793" executionId="2df418f7-4f19-4a43-b175-1919f3fc9480" testListId="8c84fa94-04c1-424b-9868-57a2d4851a1d" />
    <TestEntry testId="be16cb1a-37c2-27a3-7a25-0425aaf747da" executionId="a4215a59-9ad3-4911-9e2e-e9c88283df7d" testListId="8c84fa94-04c1-424b-9868-57a2d4851a1d" />
    <TestEntry testId="83f3f7e5-b346-9d5c-ebf5-790abf37675f" executionId="abb6fdf6-99ab-4254-b002-c131a4701286" testListId="8c84fa94-04c1-424b-9868-57a2d4851a1d" />
    <TestEntry testId="f9cfe593-5471-1378-838e-78552c82d66c" executionId="cb600e61-a0c3-4fc7-ac63-8cce66e60b5e" testListId="8c84fa94-04c1-424b-9868-57a2d4851a1d" />
    <TestEntry testId="4c11182d-993e-65cf-ee73-3e2cfe4fdeaa" executionId="e615ed67-2494-4eed-b9a7-be50867189c4" testListId="8c84fa94-04c1-424b-9868-57a2d4851a1d" />
    <TestEntry testId="019b787c-88b2-9680-3a7b-9251d2235f77" executionId="598ffa86-8da9-4635-bffc-80d4f82cdf08" testListId="8c84fa94-04c1-424b-9868-57a2d4851a1d" />
    <TestEntry testId="d7cd816e-ff98-794d-08d2-9e274ce6b247" executionId="ab309c78-bb4d-4c73-a520-96f856a6a113" testListId="8c84fa94-04c1-424b-9868-57a2d4851a1d" />
    <TestEntry testId="2df7045f-89bf-2c7e-15b8-24fd673c4844" executionId="1104eb66-85d9-4039-8367-b8068ce27e72" testListId="8c84fa94-04c1-424b-9868-57a2d4851a1d" />
    <TestEntry testId="c501921e-da51-abb9-749b-45fac2b9925c" executionId="4bf14710-999e-4b41-bbab-7d6da6b60aa4" testListId="8c84fa94-04c1-424b-9868-57a2d4851a1d" />
    <TestEntry testId="25795f7b-62d9-4df9-4e94-2407d9382a95" executionId="ac81387a-2d03-435b-9d50-a65cd7dd3531" testListId="8c84fa94-04c1-424b-9868-57a2d4851a1d" />
    <TestEntry testId="695a69c9-264c-d1c5-2032-535ef4bf39f9" executionId="6e82043f-7d70-487d-9c67-12e8ca254387" testListId="8c84fa94-04c1-424b-9868-57a2d4851a1d" />
    <TestEntry testId="019b787c-88b2-9680-3a7b-9251d2235f77" executionId="edaaa2aa-8644-4e98-9f0c-e12ed452e1fd" testListId="8c84fa94-04c1-424b-9868-57a2d4851a1d" />
    <TestEntry testId="019b787c-88b2-9680-3a7b-9251d2235f77" executionId="8a321c71-50be-48b2-8268-39d2ef5793a8" testListId="8c84fa94-04c1-424b-9868-57a2d4851a1d" />
    <TestEntry testId="695a69c9-264c-d1c5-2032-535ef4bf39f9" executionId="5a51ce15-4680-4579-89a6-acb64dfb0ccd" testListId="8c84fa94-04c1-424b-9868-57a2d4851a1d" />
    <TestEntry testId="6fa99195-9013-38b5-0adc-d870ed4cecd7" executionId="e7196530-c335-4ae8-90e8-7e972075be05" testListId="8c84fa94-04c1-424b-9868-57a2d4851a1d" />
    <TestEntry testId="019b787c-88b2-9680-3a7b-9251d2235f77" executionId="69647529-14cc-4c6a-9406-b7040fa59d79" testListId="8c84fa94-04c1-424b-9868-57a2d4851a1d" />
    <TestEntry testId="bc7b1358-7a64-1603-0775-aed4439b1298" executionId="45dd6173-75ed-4443-88c4-329152ce5b42" testListId="8c84fa94-04c1-424b-9868-57a2d4851a1d" />
    <TestEntry testId="ee446746-973b-9f7f-5d57-37df87215421" executionId="bdc7a945-834a-45dc-b468-594a1d6e8206" testListId="8c84fa94-04c1-424b-9868-57a2d4851a1d" />
    <TestEntry testId="53ec521e-8d72-aab0-c038-3263a35ab2dc" executionId="93e46fb9-c106-4279-8513-e290059c88fb" testListId="8c84fa94-04c1-424b-9868-57a2d4851a1d" />
    <TestEntry testId="040dbccb-df96-062f-2095-f385def8de19" executionId="f6c4fada-8b42-4f0e-a193-abb74147c07a" testListId="8c84fa94-04c1-424b-9868-57a2d4851a1d" />
    <TestEntry testId="cd8df9d1-89e6-fb35-39a2-33247a70e781" executionId="f0fe242f-14f8-4dd2-88de-b4af7b41ffec" testListId="8c84fa94-04c1-424b-9868-57a2d4851a1d" />
    <TestEntry testId="7eb76593-ec2d-3cd7-374d-36a77c6445f0" executionId="67733d32-f845-404c-a011-cfcbdf159e3c" testListId="8c84fa94-04c1-424b-9868-57a2d4851a1d" />
    <TestEntry testId="019b787c-88b2-9680-3a7b-9251d2235f77" executionId="f866dada-8e7b-4af9-8c3e-5e13ed25683f" testListId="8c84fa94-04c1-424b-9868-57a2d4851a1d" />
    <TestEntry testId="00c481fd-4353-d74c-ad9e-c5108af94c6d" executionId="21c432d0-47ac-4fe3-9775-ef30bf7f15f4" testListId="8c84fa94-04c1-424b-9868-57a2d4851a1d" />
    <TestEntry testId="dec6bacc-dada-755f-a037-7833f3b8596e" executionId="722043d7-1340-46ab-a594-db7c6ab6495d" testListId="8c84fa94-04c1-424b-9868-57a2d4851a1d" />
    <TestEntry testId="e99b4445-ae99-60c6-37e9-cd92bcb420bd" executionId="47c5fe4e-4653-46b2-8677-049518873656" testListId="8c84fa94-04c1-424b-9868-57a2d4851a1d" />
    <TestEntry testId="ea1e8bbf-b910-35e4-8b4e-7fb2c7c0dbe5" executionId="09b1e0ce-33f4-447a-92ed-a0ac27f85fe3" testListId="8c84fa94-04c1-424b-9868-57a2d4851a1d" />
    <TestEntry testId="019b787c-88b2-9680-3a7b-9251d2235f77" executionId="ca61b609-2be6-49a8-a6ce-a23ff205d2d7" testListId="8c84fa94-04c1-424b-9868-57a2d4851a1d" />
    <TestEntry testId="da290fac-f7a7-5ff5-2d43-0a563899d377" executionId="5413509d-7291-4a0f-be5a-777f9d51ce7f" testListId="8c84fa94-04c1-424b-9868-57a2d4851a1d" />
    <TestEntry testId="e6edf9ea-7251-2bac-8533-05ede2d0112c" executionId="f0161568-f93f-4c36-8b38-17486701f8c0" testListId="8c84fa94-04c1-424b-9868-57a2d4851a1d" />
    <TestEntry testId="ee4aadbf-a15e-2271-cf96-d004deeff9d6" executionId="b5e5a4d0-b520-48b1-987a-a52dc7391e07" testListId="8c84fa94-04c1-424b-9868-57a2d4851a1d" />
    <TestEntry testId="019b787c-88b2-9680-3a7b-9251d2235f77" executionId="d7b7f9c5-783b-4c32-a77c-ede4cf724ec0" testListId="8c84fa94-04c1-424b-9868-57a2d4851a1d" />
    <TestEntry testId="a29e40e6-006e-f56e-8c18-1ae314a9b5d7" executionId="f9b21376-9540-42f3-a4f2-22cee1a6e7e9" testListId="8c84fa94-04c1-424b-9868-57a2d4851a1d" />
    <TestEntry testId="8bea1119-f536-f3f1-9436-7e698337ae30" executionId="df15923c-19b8-4835-b2d0-fba25c26ef5a" testListId="8c84fa94-04c1-424b-9868-57a2d4851a1d" />
    <TestEntry testId="9543aaee-213f-c277-75ec-47667e5a9f7b" executionId="a35909e0-68f6-441d-8cae-24485ae62826" testListId="8c84fa94-04c1-424b-9868-57a2d4851a1d" />
    <TestEntry testId="5ec28a4c-def0-5734-96c7-786773e5deba" executionId="83bad2ca-e040-4f65-9758-2deb8ba0e5f7" testListId="8c84fa94-04c1-424b-9868-57a2d4851a1d" />
    <TestEntry testId="695a69c9-264c-d1c5-2032-535ef4bf39f9" executionId="f5c89403-a4fb-43a6-8f79-89181a4c03ef" testListId="8c84fa94-04c1-424b-9868-57a2d4851a1d" />
    <TestEntry testId="695a69c9-264c-d1c5-2032-535ef4bf39f9" executionId="a5999473-a62f-4a33-832b-7ab07e270851" testListId="8c84fa94-04c1-424b-9868-57a2d4851a1d" />
    <TestEntry testId="4a7634ee-a423-106c-c2fb-444672100921" executionId="a3ab8e88-4ad4-4100-9678-a50c89dee43d" testListId="8c84fa94-04c1-424b-9868-57a2d4851a1d" />
    <TestEntry testId="019b787c-88b2-9680-3a7b-9251d2235f77" executionId="c37913f3-d203-4ec8-b46d-f1e02f6b8ae4" testListId="8c84fa94-04c1-424b-9868-57a2d4851a1d" />
    <TestEntry testId="b02b6a11-71bd-2f26-f8d6-f34ffe18b11f" executionId="53fde100-4299-4604-9274-92461c459c7a" testListId="8c84fa94-04c1-424b-9868-57a2d4851a1d" />
    <TestEntry testId="9101aaa2-825b-6697-3863-43268b8899b9" executionId="973e64c2-1a7f-411e-8c9f-e18c12e98e12" testListId="8c84fa94-04c1-424b-9868-57a2d4851a1d" />
    <TestEntry testId="24da63dd-e1a9-0eda-ed7c-81fcb1500bd5" executionId="02ca1239-f5ae-4ca6-bfc6-a885e9cbe3c7" testListId="8c84fa94-04c1-424b-9868-57a2d4851a1d" />
    <TestEntry testId="80b28bd1-fa2c-1394-d9c2-3c826a523a3e" executionId="dbe969af-fc3d-4e71-adc9-2e757ac940be" testListId="8c84fa94-04c1-424b-9868-57a2d4851a1d" />
    <TestEntry testId="22f745c8-ab6e-1846-1a59-332d4d861183" executionId="0ca6d0c6-23af-44c3-9316-ef21e53dc171" testListId="8c84fa94-04c1-424b-9868-57a2d4851a1d" />
    <TestEntry testId="cb38e228-a979-bf4e-be0b-244890bbcddb" executionId="d40fcd51-3eee-4545-aaef-b5d26a15e702" testListId="8c84fa94-04c1-424b-9868-57a2d4851a1d" />
    <TestEntry testId="a70afff7-761c-67c6-c8a3-e7818bd719f5" executionId="46d3351c-0d53-4d48-8b08-73b2af265c65" testListId="8c84fa94-04c1-424b-9868-57a2d4851a1d" />
    <TestEntry testId="a9f58f15-6d84-c5e6-3b9e-72800fdab0ab" executionId="7672dae4-1d51-4a9d-8c42-c9ffd6bf28e5" testListId="8c84fa94-04c1-424b-9868-57a2d4851a1d" />
    <TestEntry testId="39bbe88c-a5a1-69b6-0e18-a75bb02edd6c" executionId="2655548d-9043-4fcb-ac96-be94a4ed18c2" testListId="8c84fa94-04c1-424b-9868-57a2d4851a1d" />
    <TestEntry testId="2633a07f-0023-a471-b773-efc113e7995b" executionId="ad1c0e3e-f040-4267-b099-16d6014d23b7" testListId="8c84fa94-04c1-424b-9868-57a2d4851a1d" />
    <TestEntry testId="19d57e96-a268-254e-ecba-d615d8be5b07" executionId="cc00fc07-6e2d-4870-bcff-b722e82376ef" testListId="8c84fa94-04c1-424b-9868-57a2d4851a1d" />
    <TestEntry testId="2b9dd309-991c-2583-f695-e6404df19bbe" executionId="7e268cd6-704b-4081-8fff-d058b8cf7b99" testListId="8c84fa94-04c1-424b-9868-57a2d4851a1d" />
    <TestEntry testId="5917921d-4f11-ce03-463c-55a97725bc78" executionId="47322a50-0a2e-44d5-b1a3-e2f9033e678c" testListId="8c84fa94-04c1-424b-9868-57a2d4851a1d" />
    <TestEntry testId="4c8a87ce-59af-339d-0893-989053d151bb" executionId="28b377f1-ce44-4a50-aa6e-590fd0c1db5f" testListId="8c84fa94-04c1-424b-9868-57a2d4851a1d" />
    <TestEntry testId="34c7f234-3d87-3006-caf1-93ffc4b7a43f" executionId="3e7a3fe5-848a-4f21-95d8-e5478879f321" testListId="8c84fa94-04c1-424b-9868-57a2d4851a1d" />
    <TestEntry testId="67a2258d-6bc1-b9af-122c-7845d53ded31" executionId="5266f440-ebd2-456d-bf67-1ce1eca15216" testListId="8c84fa94-04c1-424b-9868-57a2d4851a1d" />
    <TestEntry testId="019b787c-88b2-9680-3a7b-9251d2235f77" executionId="eec5e60e-11eb-4d7b-ab05-10b0d2cf9a17" testListId="8c84fa94-04c1-424b-9868-57a2d4851a1d" />
    <TestEntry testId="c3cf6f3a-152e-683c-9fe3-13d7b52fe7a9" executionId="5d304684-2d4d-438e-b51e-9eaf30ba793c" testListId="8c84fa94-04c1-424b-9868-57a2d4851a1d" />
    <TestEntry testId="a04788c7-7aff-f4f5-63ee-14950590d11d" executionId="7e633c2a-f9ce-4720-949f-2ebfbd273159" testListId="8c84fa94-04c1-424b-9868-57a2d4851a1d" />
    <TestEntry testId="019b787c-88b2-9680-3a7b-9251d2235f77" executionId="49aa2d91-9951-44b3-8dce-dfa7762b0035" testListId="8c84fa94-04c1-424b-9868-57a2d4851a1d" />
    <TestEntry testId="5738f7a7-eb3e-29ff-a388-3989a6e0727b" executionId="3e3d48c0-cc69-491d-8cf2-44f9d093821f" testListId="8c84fa94-04c1-424b-9868-57a2d4851a1d" />
    <TestEntry testId="fc816dc0-d2e7-a118-72b1-e30b55bda7fd" executionId="bc00614d-c2a7-49ab-b415-9533787f1ffb" testListId="8c84fa94-04c1-424b-9868-57a2d4851a1d" />
    <TestEntry testId="6b45849f-6dfb-e997-a7c0-81e65af14576" executionId="86ee6399-a61b-4f41-9046-1fae2567b1c9" testListId="8c84fa94-04c1-424b-9868-57a2d4851a1d" />
    <TestEntry testId="a92840b8-1f2a-f706-4288-a846f6d66ce9" executionId="f8913367-c7ee-49d9-a322-237f9ab4ec9a" testListId="8c84fa94-04c1-424b-9868-57a2d4851a1d" />
    <TestEntry testId="019b787c-88b2-9680-3a7b-9251d2235f77" executionId="ac62362c-71e7-4100-b697-45b499885275" testListId="8c84fa94-04c1-424b-9868-57a2d4851a1d" />
    <TestEntry testId="72dafc85-360d-ee07-5fdc-c713524692c5" executionId="a75d0fff-35b8-46bc-9e06-128844ec68de" testListId="8c84fa94-04c1-424b-9868-57a2d4851a1d" />
    <TestEntry testId="019b787c-88b2-9680-3a7b-9251d2235f77" executionId="c38c4502-8bd5-4721-855f-f2d8a24dac1a" testListId="8c84fa94-04c1-424b-9868-57a2d4851a1d" />
    <TestEntry testId="062a2941-b296-62ab-da70-f10cbb38b8b9" executionId="7c31cadd-b1ef-4ead-8537-3dc654db798c" testListId="8c84fa94-04c1-424b-9868-57a2d4851a1d" />
    <TestEntry testId="5bf13b5d-3efa-7c93-aee0-819c10a2c025" executionId="8c1f777b-9386-4973-b76a-02f610674635" testListId="8c84fa94-04c1-424b-9868-57a2d4851a1d" />
    <TestEntry testId="fcb287a0-806b-6316-d604-7ffb1dc97802" executionId="cf9a752b-b594-45b6-85b1-af9a0d0fe840" testListId="8c84fa94-04c1-424b-9868-57a2d4851a1d" />
    <TestEntry testId="7d4d8109-c40a-593d-7d08-b34464dcac72" executionId="7452a691-d785-4c5f-8d63-16a6476bde2b" testListId="8c84fa94-04c1-424b-9868-57a2d4851a1d" />
    <TestEntry testId="019b787c-88b2-9680-3a7b-9251d2235f77" executionId="3ed70ce6-8164-46d2-9e10-f8954c4a4ab5" testListId="8c84fa94-04c1-424b-9868-57a2d4851a1d" />
    <TestEntry testId="bdd592a9-f0b6-34e6-f823-f623b305b837" executionId="25b93530-8b87-4021-b344-1f1982051954" testListId="8c84fa94-04c1-424b-9868-57a2d4851a1d" />
    <TestEntry testId="625b5681-f8e6-1a43-cbf7-d72f020df739" executionId="9abaf565-2dc4-48d8-82f7-196c7f8442b4" testListId="8c84fa94-04c1-424b-9868-57a2d4851a1d" />
    <TestEntry testId="3e23fdf8-8cd3-7b72-db1a-478faebedeaa" executionId="11439ef1-7f89-4c80-981a-d570c75b7082" testListId="8c84fa94-04c1-424b-9868-57a2d4851a1d" />
    <TestEntry testId="5fc9e3e6-e1c8-8206-49e3-78ff4090faa9" executionId="071170e9-97de-406b-a3d0-c517112270d9" testListId="8c84fa94-04c1-424b-9868-57a2d4851a1d" />
    <TestEntry testId="c5799ee0-7503-b78d-d0b2-d445cac2656a" executionId="7202fa71-acc7-49c8-a5f8-2c7f9d31bc79" testListId="8c84fa94-04c1-424b-9868-57a2d4851a1d" />
    <TestEntry testId="64a411c1-0926-3fa1-6874-38dda44a7d1d" executionId="f10e9e32-2769-4a7d-9840-5bc4e9b10a66" testListId="8c84fa94-04c1-424b-9868-57a2d4851a1d" />
    <TestEntry testId="2dc33a34-422f-fab5-bf99-cb81ee40c14f" executionId="c58e9b36-57fe-45ce-9fa1-9484bfc60d29" testListId="8c84fa94-04c1-424b-9868-57a2d4851a1d" />
    <TestEntry testId="019b787c-88b2-9680-3a7b-9251d2235f77" executionId="ad3da81c-2cfa-44c1-9c96-8e17c2252bc2" testListId="8c84fa94-04c1-424b-9868-57a2d4851a1d" />
    <TestEntry testId="711f79fc-c77f-326e-2bec-32bb6588906f" executionId="1a08e5fb-9e5a-427b-8098-7942f8ccabfa" testListId="8c84fa94-04c1-424b-9868-57a2d4851a1d" />
    <TestEntry testId="81004c64-f887-c3ce-00ec-5cc01b19d874" executionId="78ea4407-6d0d-4d1d-b79d-b0d94b8645e6" testListId="8c84fa94-04c1-424b-9868-57a2d4851a1d" />
    <TestEntry testId="55477d44-8cdf-0b89-a189-3417de1d8ea3" executionId="3b775f90-7266-4cef-9f87-ff36697b98f4" testListId="8c84fa94-04c1-424b-9868-57a2d4851a1d" />
    <TestEntry testId="0ea91eea-8357-b0a3-a2f7-8346afcfd49e" executionId="10f629cf-6b1b-4d6d-9b08-fd930ce1677f" testListId="8c84fa94-04c1-424b-9868-57a2d4851a1d" />
    <TestEntry testId="be30016e-9070-9ada-62d9-b39688e09121" executionId="2ae3fcf0-e592-40c5-be96-56c645f76c10" testListId="8c84fa94-04c1-424b-9868-57a2d4851a1d" />
    <TestEntry testId="39bbe88c-a5a1-69b6-0e18-a75bb02edd6c" executionId="65e4b86b-eb2f-48bb-badb-38e30947afd2" testListId="8c84fa94-04c1-424b-9868-57a2d4851a1d" />
    <TestEntry testId="7d72a6e7-d315-7a08-2299-fe21e9e57d1b" executionId="fe01f1cf-f232-4c5c-9b4f-ef792fd30ad7" testListId="8c84fa94-04c1-424b-9868-57a2d4851a1d" />
    <TestEntry testId="60733a1a-6c5c-7dc6-4d9c-94586d0f95fa" executionId="442b6be4-fb74-4b5e-a215-315392c464c6" testListId="8c84fa94-04c1-424b-9868-57a2d4851a1d" />
    <TestEntry testId="ee30fc0a-c0ef-aa58-0f31-0a7b72a25653" executionId="1014252e-18b1-498d-9697-fb70581a2088" testListId="8c84fa94-04c1-424b-9868-57a2d4851a1d" />
    <TestEntry testId="019b787c-88b2-9680-3a7b-9251d2235f77" executionId="5e02d40d-2326-4180-a5f8-3367ea992577" testListId="8c84fa94-04c1-424b-9868-57a2d4851a1d" />
    <TestEntry testId="cef075e6-c1cf-3449-7cd8-7902cf96efe1" executionId="cd7bd39d-9acd-4369-b46f-557c4cc79537" testListId="8c84fa94-04c1-424b-9868-57a2d4851a1d" />
    <TestEntry testId="b02f6b6e-fc4e-19cf-2d01-b151e8219f88" executionId="b4fa19d2-8ca5-401f-951e-3e7da57a8a36" testListId="8c84fa94-04c1-424b-9868-57a2d4851a1d" />
    <TestEntry testId="019b787c-88b2-9680-3a7b-9251d2235f77" executionId="6e1a83ef-b106-4c27-a5ab-4cc991362490" testListId="8c84fa94-04c1-424b-9868-57a2d4851a1d" />
    <TestEntry testId="ba47e629-bb62-d977-cfbe-06a944cf144e" executionId="c17df278-d562-4c15-890c-9c2e29dbe889" testListId="8c84fa94-04c1-424b-9868-57a2d4851a1d" />
    <TestEntry testId="019b787c-88b2-9680-3a7b-9251d2235f77" executionId="933035eb-6a67-4ca6-b0f6-17223ae5c271" testListId="8c84fa94-04c1-424b-9868-57a2d4851a1d" />
    <TestEntry testId="39bbe88c-a5a1-69b6-0e18-a75bb02edd6c" executionId="f6613d1e-6244-4e5d-b9c0-b08b9e5cc58f" testListId="8c84fa94-04c1-424b-9868-57a2d4851a1d" />
    <TestEntry testId="39bbe88c-a5a1-69b6-0e18-a75bb02edd6c" executionId="05d0a14c-cba7-4440-acea-979178d4d04f" testListId="8c84fa94-04c1-424b-9868-57a2d4851a1d" />
    <TestEntry testId="0c939551-4a30-7d9e-bd21-c30d877c2cd6" executionId="d5fd3b1a-0c17-42e1-9aa6-5699911b9820" testListId="8c84fa94-04c1-424b-9868-57a2d4851a1d" />
    <TestEntry testId="5fc99430-ba55-7ee5-89d5-783cbf9fd6dd" executionId="368e8d12-5556-4c00-b9c2-510bac760b91" testListId="8c84fa94-04c1-424b-9868-57a2d4851a1d" />
    <TestEntry testId="4f45d4d5-953e-6e1e-2aca-15d719c0291a" executionId="f7866f52-8fdc-4f22-9283-001d0fd3652b" testListId="8c84fa94-04c1-424b-9868-57a2d4851a1d" />
    <TestEntry testId="e6536462-443b-167d-3a6e-bb7da418fb7c" executionId="21b01167-7e0d-4795-9088-26c2bc9c0112" testListId="8c84fa94-04c1-424b-9868-57a2d4851a1d" />
    <TestEntry testId="51d5d566-4037-d46f-e9fc-59089a914f91" executionId="422f65f5-6f0e-4887-a9ac-c4e11c28b3c3" testListId="8c84fa94-04c1-424b-9868-57a2d4851a1d" />
    <TestEntry testId="b1e83f46-ce2a-c141-e888-3364166f7307" executionId="e6d5c92f-a5aa-4b80-a558-fddf1f1758d3" testListId="8c84fa94-04c1-424b-9868-57a2d4851a1d" />
    <TestEntry testId="39bbe88c-a5a1-69b6-0e18-a75bb02edd6c" executionId="265084f6-bd37-4a05-9b71-f75068695dde" testListId="8c84fa94-04c1-424b-9868-57a2d4851a1d" />
    <TestEntry testId="5f949fbb-ff82-7f81-62ca-b425fbb8e287" executionId="b54c2a68-4fa5-4cd1-ade4-63e045713361" testListId="8c84fa94-04c1-424b-9868-57a2d4851a1d" />
    <TestEntry testId="83dcc145-cb26-bc73-1a78-b16434e77158" executionId="a74a0720-4a7d-4746-8169-a7cc8e80d1a2" testListId="8c84fa94-04c1-424b-9868-57a2d4851a1d" />
    <TestEntry testId="a5fd6427-0efa-aef0-7520-2fa989e5e94a" executionId="879d7c7b-aac2-4046-b385-eff0e8e4c3ad" testListId="8c84fa94-04c1-424b-9868-57a2d4851a1d" />
    <TestEntry testId="06091564-81b7-0c8c-f3d1-0709ecfdc87a" executionId="7db87d19-2dac-4efc-a87f-3cd5e14c09ff" testListId="8c84fa94-04c1-424b-9868-57a2d4851a1d" />
    <TestEntry testId="014fe5ce-e041-43b6-1da7-6f12ae1f10da" executionId="de1bd9fc-16e3-4330-a24c-fdaacd603d36" testListId="8c84fa94-04c1-424b-9868-57a2d4851a1d" />
    <TestEntry testId="5ad4df05-180a-df40-b414-1da50f6c8fb6" executionId="0bd8d836-1a57-4f12-a709-9eb87ebccd06" testListId="8c84fa94-04c1-424b-9868-57a2d4851a1d" />
    <TestEntry testId="695a69c9-264c-d1c5-2032-535ef4bf39f9" executionId="e1fb2d26-fafa-47b0-a032-74500eb7b753" testListId="8c84fa94-04c1-424b-9868-57a2d4851a1d" />
    <TestEntry testId="79502095-68f6-f663-6bc3-f5f538e107fa" executionId="b3085758-7af8-41ac-aa61-b39311dd1bc5" testListId="8c84fa94-04c1-424b-9868-57a2d4851a1d" />
    <TestEntry testId="76623197-2484-102c-39f9-2a6a6d0359a9" executionId="2f1b9e27-2589-4dce-be8a-73b5c8cfc5b7" testListId="8c84fa94-04c1-424b-9868-57a2d4851a1d" />
    <TestEntry testId="7ec9cbc1-ed75-28c3-930f-a3f1da977fac" executionId="c32f28fb-1fc3-4d3f-96aa-e52e47dae713" testListId="8c84fa94-04c1-424b-9868-57a2d4851a1d" />
    <TestEntry testId="d96f8dea-5f59-0097-88b7-55deb04cfdb0" executionId="328b4ede-5be6-4484-a56a-86b92f4db3ad" testListId="8c84fa94-04c1-424b-9868-57a2d4851a1d" />
    <TestEntry testId="6680b9a3-fe15-707d-eebf-2dcdcc444748" executionId="90661583-571d-43b2-bf88-aabb9c3761c7" testListId="8c84fa94-04c1-424b-9868-57a2d4851a1d" />
    <TestEntry testId="df670315-007b-fd5f-713c-0b09f1567bd0" executionId="6a2d430b-4f4b-4335-8073-5ac0d7cb3688" testListId="8c84fa94-04c1-424b-9868-57a2d4851a1d" />
    <TestEntry testId="998a9e03-83b0-a0fd-7a96-3fae3b87e4b0" executionId="948d3a04-5528-4c5a-8b50-810ca8a7ca87" testListId="8c84fa94-04c1-424b-9868-57a2d4851a1d" />
    <TestEntry testId="54d597f5-352a-2575-99c6-4a4fe8237efb" executionId="b3678200-8a9e-44cd-ba41-33745a75b70b" testListId="8c84fa94-04c1-424b-9868-57a2d4851a1d" />
    <TestEntry testId="f727b248-9add-f920-b0ce-770364245e70" executionId="9c2ab001-e55d-4687-ad90-37863e9770bd" testListId="8c84fa94-04c1-424b-9868-57a2d4851a1d" />
    <TestEntry testId="38ffa8cd-0743-ba20-ee92-ddb319b038c4" executionId="02ad29b6-e48e-4816-b54e-0270f0bbea7f" testListId="8c84fa94-04c1-424b-9868-57a2d4851a1d" />
    <TestEntry testId="24816846-3ce7-f5d2-a234-ab07146a7014" executionId="d37d914b-c902-47aa-b0ef-dcb955a47d16" testListId="8c84fa94-04c1-424b-9868-57a2d4851a1d" />
    <TestEntry testId="0d64b995-9bd6-9286-0e9a-c3ad022ef162" executionId="afeecc26-e126-4541-bb6c-bf7514070a96" testListId="8c84fa94-04c1-424b-9868-57a2d4851a1d" />
    <TestEntry testId="39bbe88c-a5a1-69b6-0e18-a75bb02edd6c" executionId="322ce020-4ae6-4604-bc43-c51731af6a3c" testListId="8c84fa94-04c1-424b-9868-57a2d4851a1d" />
    <TestEntry testId="b3ade0b5-da39-9b87-1577-b298f59cfdf6" executionId="27eee436-b33b-4752-beec-a1424863b7fa" testListId="8c84fa94-04c1-424b-9868-57a2d4851a1d" />
    <TestEntry testId="a30b4c46-43d6-c47e-0498-27d73b58413a" executionId="ae754ba8-9fba-4d1b-9c53-d3bf8a76ffeb" testListId="8c84fa94-04c1-424b-9868-57a2d4851a1d" />
    <TestEntry testId="09df7320-8312-4a53-7bd3-ca60a0e621da" executionId="0f06fe3d-84e5-4d38-8e0a-600ab7b9104d" testListId="8c84fa94-04c1-424b-9868-57a2d4851a1d" />
    <TestEntry testId="e9d5d265-1418-0f84-41d9-b7cc95209021" executionId="c5ed6906-1b55-45bd-80df-b7747ae170d1" testListId="8c84fa94-04c1-424b-9868-57a2d4851a1d" />
    <TestEntry testId="0f238917-6d54-acd7-c8ab-7da2dc1577a5" executionId="b45d9280-5d23-4fa6-b111-6e87e99e6e71" testListId="8c84fa94-04c1-424b-9868-57a2d4851a1d" />
    <TestEntry testId="914b3e56-e069-0002-bff7-18cb3ce2e69a" executionId="82e803a8-c63f-4201-850b-f2e8b4be9891" testListId="8c84fa94-04c1-424b-9868-57a2d4851a1d" />
    <TestEntry testId="2a3f5311-a4b1-fa05-37cd-a3685ec8782e" executionId="48e30a1f-f730-45c2-ad13-a097046acb47" testListId="8c84fa94-04c1-424b-9868-57a2d4851a1d" />
    <TestEntry testId="842d2a24-b59d-d6ac-60f0-e726f812dce5" executionId="0fa5123a-6c3c-4a2a-ab46-c7f192f3630d" testListId="8c84fa94-04c1-424b-9868-57a2d4851a1d" />
    <TestEntry testId="019b787c-88b2-9680-3a7b-9251d2235f77" executionId="8885b9c8-6bcc-411c-833e-dff87fc87c60" testListId="8c84fa94-04c1-424b-9868-57a2d4851a1d" />
    <TestEntry testId="695a69c9-264c-d1c5-2032-535ef4bf39f9" executionId="c97c85af-1c74-4357-bbf0-aa330cb6b021" testListId="8c84fa94-04c1-424b-9868-57a2d4851a1d" />
    <TestEntry testId="8e60c4c2-aff8-b384-4ac2-06f419a719a5" executionId="47392a5f-4b41-4a09-aa15-58a727b1bfc0" testListId="8c84fa94-04c1-424b-9868-57a2d4851a1d" />
    <TestEntry testId="6797539b-8d80-cc60-c238-75cf13f6978b" executionId="60eb2d52-b7eb-4d0e-b64e-c7f1ce96ef5a" testListId="8c84fa94-04c1-424b-9868-57a2d4851a1d" />
    <TestEntry testId="7f1f7c6a-438b-16dd-82e1-7fe3431d0a7e" executionId="93e2c372-0a03-497c-998d-7e8073f7afb8" testListId="8c84fa94-04c1-424b-9868-57a2d4851a1d" />
    <TestEntry testId="1214229a-a144-3ca5-0303-4f435f3dc35f" executionId="00824d31-7625-42c7-94c7-4d453d667ec9" testListId="8c84fa94-04c1-424b-9868-57a2d4851a1d" />
    <TestEntry testId="cd484aa6-bf43-513f-3026-23853ddcd2b2" executionId="361f11d1-70f7-4abd-bed9-c0bea69b39cd" testListId="8c84fa94-04c1-424b-9868-57a2d4851a1d" />
    <TestEntry testId="39bbe88c-a5a1-69b6-0e18-a75bb02edd6c" executionId="a390a441-6f01-4f01-933a-d04d1f3fc0bc" testListId="8c84fa94-04c1-424b-9868-57a2d4851a1d" />
    <TestEntry testId="86f8b240-ee14-84ee-a4a1-f8be955e002b" executionId="f2507465-0f4d-4e2e-9a4e-928196c948c6" testListId="8c84fa94-04c1-424b-9868-57a2d4851a1d" />
    <TestEntry testId="2b907b0e-915d-4c47-1f14-cad0fe768f23" executionId="976c9181-d2c3-4d0f-9b76-93c62f1ed9dd" testListId="8c84fa94-04c1-424b-9868-57a2d4851a1d" />
    <TestEntry testId="019b787c-88b2-9680-3a7b-9251d2235f77" executionId="42d82b95-483d-4fcb-bfc7-cf2374ae1f97" testListId="8c84fa94-04c1-424b-9868-57a2d4851a1d" />
    <TestEntry testId="1aafffcd-3ae6-d69a-1a26-263533fe5c7f" executionId="fa6090eb-b27e-4106-862f-feb52b70476d" testListId="8c84fa94-04c1-424b-9868-57a2d4851a1d" />
    <TestEntry testId="d990c056-19fc-0456-774e-f5c00df92000" executionId="49e7c5f4-ca80-4b68-be40-78b513769dde" testListId="8c84fa94-04c1-424b-9868-57a2d4851a1d" />
    <TestEntry testId="e34e43da-9466-8a26-567e-4cbe47a492c2" executionId="64b86cdb-8826-4a88-a4ba-bf52c1df57f2" testListId="8c84fa94-04c1-424b-9868-57a2d4851a1d" />
    <TestEntry testId="569db4e7-cbdf-4254-fcfc-b85641eb8cb9" executionId="b5c4d561-4947-4898-9784-3ddf729ffe33" testListId="8c84fa94-04c1-424b-9868-57a2d4851a1d" />
    <TestEntry testId="ab7b73d3-3825-a56c-9ede-874d6df5bc97" executionId="4806e2c4-d89d-466f-b8b1-f08a137602f2" testListId="8c84fa94-04c1-424b-9868-57a2d4851a1d" />
    <TestEntry testId="dd32c36c-ae59-99d2-c946-e56e98d314b3" executionId="4da5cc2b-610d-4cd3-bce8-5b751e5f3022" testListId="8c84fa94-04c1-424b-9868-57a2d4851a1d" />
    <TestEntry testId="39bbe88c-a5a1-69b6-0e18-a75bb02edd6c" executionId="42ab706a-2a30-421a-a28d-9f059a2cd64e" testListId="8c84fa94-04c1-424b-9868-57a2d4851a1d" />
    <TestEntry testId="019b787c-88b2-9680-3a7b-9251d2235f77" executionId="98182a65-5205-42f4-9dc3-95d1350dc778" testListId="8c84fa94-04c1-424b-9868-57a2d4851a1d" />
    <TestEntry testId="576c76a8-3008-7dbd-589e-61d06494cf33" executionId="76217251-331f-48f4-9326-e47a1600c3cd" testListId="8c84fa94-04c1-424b-9868-57a2d4851a1d" />
    <TestEntry testId="234c0ba9-a3a7-a40a-69c7-b8898626edab" executionId="a68c0662-3bd6-42fa-b2ba-40c199f9da95" testListId="8c84fa94-04c1-424b-9868-57a2d4851a1d" />
    <TestEntry testId="d7a40763-4246-0cc9-df11-0fbe5560c164" executionId="cf0c7d89-ed1a-41a9-8b55-b8212624785e" testListId="8c84fa94-04c1-424b-9868-57a2d4851a1d" />
    <TestEntry testId="f1448bfb-4b63-0fe8-7fa6-8c71be5943ba" executionId="d8714d98-dba9-4704-8b05-550e4a2eb441" testListId="8c84fa94-04c1-424b-9868-57a2d4851a1d" />
    <TestEntry testId="94c8d04e-6970-799d-2c57-750f6be3e268" executionId="d9ecc5be-76b8-4b40-b4ba-fd20bca1021e" testListId="8c84fa94-04c1-424b-9868-57a2d4851a1d" />
    <TestEntry testId="019b787c-88b2-9680-3a7b-9251d2235f77" executionId="640057aa-2107-47e1-880a-5dad97d86400" testListId="8c84fa94-04c1-424b-9868-57a2d4851a1d" />
    <TestEntry testId="019b787c-88b2-9680-3a7b-9251d2235f77" executionId="84c72161-e74e-46be-b36d-fb8e7970ae08" testListId="8c84fa94-04c1-424b-9868-57a2d4851a1d" />
    <TestEntry testId="019b787c-88b2-9680-3a7b-9251d2235f77" executionId="183c7676-942a-438c-b4e9-6d1ca33084f3" testListId="8c84fa94-04c1-424b-9868-57a2d4851a1d" />
    <TestEntry testId="82664798-de8b-1819-d4f5-14c49537d195" executionId="6ad122c9-5ce6-4d65-a546-4b4a3d183797" testListId="8c84fa94-04c1-424b-9868-57a2d4851a1d" />
    <TestEntry testId="019b787c-88b2-9680-3a7b-9251d2235f77" executionId="50f4c757-0af4-4587-8262-c4ba0564d4a4" testListId="8c84fa94-04c1-424b-9868-57a2d4851a1d" />
    <TestEntry testId="b7e1f7e0-9b84-b643-56ca-80784e4d697e" executionId="b87372a6-5353-4bd1-8c3b-98bb26fb742d" testListId="8c84fa94-04c1-424b-9868-57a2d4851a1d" />
    <TestEntry testId="ced47903-b940-6b08-69cc-d76d7783a83e" executionId="5880ce05-10b1-43e9-8953-9286199f63c0" testListId="8c84fa94-04c1-424b-9868-57a2d4851a1d" />
    <TestEntry testId="019b787c-88b2-9680-3a7b-9251d2235f77" executionId="ee5542a2-adac-452f-b15c-44afc7553fb8" testListId="8c84fa94-04c1-424b-9868-57a2d4851a1d" />
    <TestEntry testId="019b787c-88b2-9680-3a7b-9251d2235f77" executionId="ccc85d6c-199a-4941-8529-0ea52ac00c03" testListId="8c84fa94-04c1-424b-9868-57a2d4851a1d" />
    <TestEntry testId="d1e527af-35d2-5f52-9e1a-a77ab5146b5e" executionId="a165d6ab-cad8-4a6d-9be8-3466b2459d5c" testListId="8c84fa94-04c1-424b-9868-57a2d4851a1d" />
    <TestEntry testId="02134537-7eea-7c29-8274-e7f829aa8d63" executionId="4a77aeaf-7ffd-4fdc-be87-c54e1a9c4577" testListId="8c84fa94-04c1-424b-9868-57a2d4851a1d" />
    <TestEntry testId="74f2e6d6-00ae-046e-96d1-c6961b80c321" executionId="dbce181c-d7b7-4a5d-aaac-82817e46216a" testListId="8c84fa94-04c1-424b-9868-57a2d4851a1d" />
    <TestEntry testId="6e567c3a-9c5e-7a19-53c2-223295814f29" executionId="1527c949-6a68-4cb9-a64c-c718ab98bebc" testListId="8c84fa94-04c1-424b-9868-57a2d4851a1d" />
    <TestEntry testId="019b787c-88b2-9680-3a7b-9251d2235f77" executionId="2d6b1eab-3212-4587-8a7c-95992f036bfb" testListId="8c84fa94-04c1-424b-9868-57a2d4851a1d" />
    <TestEntry testId="1c96f993-11b3-1653-cd43-2933f1671077" executionId="c084f7fb-b2c2-4a04-97e3-0c426774077d" testListId="8c84fa94-04c1-424b-9868-57a2d4851a1d" />
    <TestEntry testId="3fd0ded2-1714-02d5-173f-a740609c4288" executionId="fdb80d7c-b8ae-4096-b972-78793f7a071d" testListId="8c84fa94-04c1-424b-9868-57a2d4851a1d" />
    <TestEntry testId="019b787c-88b2-9680-3a7b-9251d2235f77" executionId="3c6f7d77-169c-40ab-8d52-7f08d81bc499" testListId="8c84fa94-04c1-424b-9868-57a2d4851a1d" />
    <TestEntry testId="a25e6752-78c5-91c0-8024-0fe11e2a23d7" executionId="7c4f56d1-db4f-461a-8979-8c123a775aad" testListId="8c84fa94-04c1-424b-9868-57a2d4851a1d" />
    <TestEntry testId="c2db3518-31bb-e4c7-0515-52a987f184f6" executionId="84466fb6-7e6b-4c46-a7bc-6fa557864235" testListId="8c84fa94-04c1-424b-9868-57a2d4851a1d" />
    <TestEntry testId="695a69c9-264c-d1c5-2032-535ef4bf39f9" executionId="6e99d498-bb7c-4c26-aab9-ca75099e1a3e" testListId="8c84fa94-04c1-424b-9868-57a2d4851a1d" />
    <TestEntry testId="0e5436b5-d4b0-4dad-55b0-9c56049092b3" executionId="f4f35535-5b38-4a5f-8801-65dc656bc1cb" testListId="8c84fa94-04c1-424b-9868-57a2d4851a1d" />
    <TestEntry testId="019b787c-88b2-9680-3a7b-9251d2235f77" executionId="31e5dc70-4052-4e32-9438-fdc0bed7881b" testListId="8c84fa94-04c1-424b-9868-57a2d4851a1d" />
    <TestEntry testId="16d02ffb-eb5e-e625-2a9a-10f500b96958" executionId="eb3d0c0f-b9f0-4e95-8c2e-cba1f9ffb635" testListId="8c84fa94-04c1-424b-9868-57a2d4851a1d" />
    <TestEntry testId="019b787c-88b2-9680-3a7b-9251d2235f77" executionId="741063c2-bd67-4b94-8dae-60bdeca4c90d" testListId="8c84fa94-04c1-424b-9868-57a2d4851a1d" />
    <TestEntry testId="46a08345-a920-7815-7abf-e86d67926f40" executionId="08fabfa0-1b0f-484c-a2a1-ed64b7b7f1ec" testListId="8c84fa94-04c1-424b-9868-57a2d4851a1d" />
    <TestEntry testId="019b787c-88b2-9680-3a7b-9251d2235f77" executionId="f0f76071-44ba-4454-bef7-16721bf04c3f" testListId="8c84fa94-04c1-424b-9868-57a2d4851a1d" />
    <TestEntry testId="4b404ee5-9a05-ced6-4ff6-f917d3cae6f2" executionId="191fb837-d744-4d01-8fb2-f882c41d262c" testListId="8c84fa94-04c1-424b-9868-57a2d4851a1d" />
    <TestEntry testId="fdffafba-b735-773b-e5b8-ba0d025a0361" executionId="732e3e91-117b-494d-8733-b56b8205e101" testListId="8c84fa94-04c1-424b-9868-57a2d4851a1d" />
    <TestEntry testId="39bbe88c-a5a1-69b6-0e18-a75bb02edd6c" executionId="c3177a69-1313-47f6-aeaa-f5a1b31f29fc" testListId="8c84fa94-04c1-424b-9868-57a2d4851a1d" />
    <TestEntry testId="6334cced-c4a1-db38-b216-df7f745a6f14" executionId="63d2df19-b57d-46e6-80aa-07be099f9d61" testListId="8c84fa94-04c1-424b-9868-57a2d4851a1d" />
    <TestEntry testId="019b787c-88b2-9680-3a7b-9251d2235f77" executionId="e8c492f6-9bf6-4299-beb3-4c5652654688" testListId="8c84fa94-04c1-424b-9868-57a2d4851a1d" />
    <TestEntry testId="49bee76e-ef1a-a948-710e-04f737705139" executionId="5202cf2c-29f9-4f98-937c-30f69e6982f1" testListId="8c84fa94-04c1-424b-9868-57a2d4851a1d" />
    <TestEntry testId="019b787c-88b2-9680-3a7b-9251d2235f77" executionId="587bcd3f-21ec-40eb-afbc-35b72b1913ef" testListId="8c84fa94-04c1-424b-9868-57a2d4851a1d" />
    <TestEntry testId="019b787c-88b2-9680-3a7b-9251d2235f77" executionId="7cbbee9f-c024-4511-93b1-fb292e4387f8" testListId="8c84fa94-04c1-424b-9868-57a2d4851a1d" />
    <TestEntry testId="842d3a94-72be-8994-8df2-7bcc724c944a" executionId="6141e6fc-e1c0-4216-8dbe-900040f5f7c5" testListId="8c84fa94-04c1-424b-9868-57a2d4851a1d" />
    <TestEntry testId="695a69c9-264c-d1c5-2032-535ef4bf39f9" executionId="490de804-52a4-4347-92c3-df8098de5d0a" testListId="8c84fa94-04c1-424b-9868-57a2d4851a1d" />
    <TestEntry testId="b6fe95b8-ae01-5219-1376-8e5edb8b1086" executionId="4de10383-b512-485c-9246-6f17cbe7c6c8" testListId="8c84fa94-04c1-424b-9868-57a2d4851a1d" />
    <TestEntry testId="464266a4-a6bd-5a86-e6ca-6e956ba0703a" executionId="d6f373ff-babf-4eb4-a578-4466d479df90" testListId="8c84fa94-04c1-424b-9868-57a2d4851a1d" />
    <TestEntry testId="ec057dab-064e-cf8b-d844-8c3bf6f45cb6" executionId="46397dc4-e409-41e7-b9b6-53c348275971" testListId="8c84fa94-04c1-424b-9868-57a2d4851a1d" />
    <TestEntry testId="1f76166c-e4f6-f0bd-9edd-97eaf2a34672" executionId="45cede71-ce55-476d-b226-a7dcd1336881" testListId="8c84fa94-04c1-424b-9868-57a2d4851a1d" />
    <TestEntry testId="e8e1fa6a-66fd-320c-d150-bc0efc0ee09b" executionId="47173f04-32a7-41a0-94af-10edf6286413" testListId="8c84fa94-04c1-424b-9868-57a2d4851a1d" />
    <TestEntry testId="a5fabe35-6350-cdb8-82a4-586b676504e6" executionId="7de97fd3-9441-4682-bbdf-1c557b94a355" testListId="8c84fa94-04c1-424b-9868-57a2d4851a1d" />
    <TestEntry testId="4a239d1e-c12b-15c8-2f9f-41cde3094d5e" executionId="89057800-efa6-435f-bc8a-945c0a7dc964" testListId="8c84fa94-04c1-424b-9868-57a2d4851a1d" />
    <TestEntry testId="39bbe88c-a5a1-69b6-0e18-a75bb02edd6c" executionId="5ccc1752-6c76-4d19-bef0-20facc9d113d" testListId="8c84fa94-04c1-424b-9868-57a2d4851a1d" />
    <TestEntry testId="9262dd40-c709-46f8-2cb6-41a70019d903" executionId="1bc25520-ad40-4e4a-bbdf-292ba6ab691b" testListId="8c84fa94-04c1-424b-9868-57a2d4851a1d" />
    <TestEntry testId="71414aab-127a-a791-b6e6-528a7bc1f3b8" executionId="a09503a7-67b7-4b65-9f42-5356c622d35f" testListId="8c84fa94-04c1-424b-9868-57a2d4851a1d" />
    <TestEntry testId="4ca2daa2-bc33-a608-b0a7-7c4e1d778083" executionId="c8e95d60-36d3-43e1-bf0c-61d1658a2c6c" testListId="8c84fa94-04c1-424b-9868-57a2d4851a1d" />
    <TestEntry testId="019b787c-88b2-9680-3a7b-9251d2235f77" executionId="41264726-a584-41e5-bba5-d92724730589" testListId="8c84fa94-04c1-424b-9868-57a2d4851a1d" />
    <TestEntry testId="b12ab7f1-6f04-0dbb-b758-be106052c56a" executionId="e64aaea9-25c0-432e-8916-888dbe6087bc" testListId="8c84fa94-04c1-424b-9868-57a2d4851a1d" />
    <TestEntry testId="019b787c-88b2-9680-3a7b-9251d2235f77" executionId="1f03311e-340e-486b-a745-02cbac04821f" testListId="8c84fa94-04c1-424b-9868-57a2d4851a1d" />
    <TestEntry testId="01c4c4b2-93a9-083b-8385-d5344d71efc0" executionId="827547fc-be6e-4762-984d-96791ef0ae15" testListId="8c84fa94-04c1-424b-9868-57a2d4851a1d" />
    <TestEntry testId="04e919ac-d964-b15e-bff2-9363ef536ccb" executionId="0eefc2aa-00ce-4f14-88e6-949608eb23f1" testListId="8c84fa94-04c1-424b-9868-57a2d4851a1d" />
    <TestEntry testId="13c59ff2-3734-61ea-863d-2beb120fa3d8" executionId="e286bdf1-e0d2-4614-b9d2-7d5993d5b6bc" testListId="8c84fa94-04c1-424b-9868-57a2d4851a1d" />
    <TestEntry testId="fa9452aa-a9cf-3b83-c5e1-d7e5d5ef7d94" executionId="0205d38a-9511-4540-a3bf-22f16bac909e" testListId="8c84fa94-04c1-424b-9868-57a2d4851a1d" />
    <TestEntry testId="40b10183-501a-339a-6868-18857312ac99" executionId="48904bac-0bb5-4f37-91f8-9c36af639075" testListId="8c84fa94-04c1-424b-9868-57a2d4851a1d" />
    <TestEntry testId="019b787c-88b2-9680-3a7b-9251d2235f77" executionId="f77d0bb9-e0b1-44b6-8c71-f844438bb03a" testListId="8c84fa94-04c1-424b-9868-57a2d4851a1d" />
    <TestEntry testId="e1181005-2f42-210e-eca6-ebfa79a255a4" executionId="25105ea0-bbc9-4d45-a60a-11d26e6c5c3b" testListId="8c84fa94-04c1-424b-9868-57a2d4851a1d" />
    <TestEntry testId="019b787c-88b2-9680-3a7b-9251d2235f77" executionId="b066b12a-6e32-46b7-b961-2bf7d61e0fbe" testListId="8c84fa94-04c1-424b-9868-57a2d4851a1d" />
    <TestEntry testId="04ac004a-5397-1ad2-ffdc-eaa061ac426c" executionId="42395963-0596-45e2-848d-a57f250c7b3e" testListId="8c84fa94-04c1-424b-9868-57a2d4851a1d" />
    <TestEntry testId="c22554de-7306-bfd1-5343-49cc0ce99d4f" executionId="81cc4888-159c-478d-8431-724c956c44f6" testListId="8c84fa94-04c1-424b-9868-57a2d4851a1d" />
    <TestEntry testId="2a238c83-444c-7c2d-c4b1-e7a76799652d" executionId="611a8c76-8fb8-47c4-9f82-0f7349c58f3b" testListId="8c84fa94-04c1-424b-9868-57a2d4851a1d" />
    <TestEntry testId="39bbe88c-a5a1-69b6-0e18-a75bb02edd6c" executionId="b6450487-d50e-4514-911f-4a67041e73f2" testListId="8c84fa94-04c1-424b-9868-57a2d4851a1d" />
    <TestEntry testId="6e238558-a563-5145-daa7-8fe64f56355d" executionId="b94c3d6e-3748-4a7d-8680-94c98f09288b" testListId="8c84fa94-04c1-424b-9868-57a2d4851a1d" />
    <TestEntry testId="086fcd4b-b5c9-266f-189d-7e9ce11ef20c" executionId="8fb3abbf-c3ca-4c44-bfaf-eacacbeb4aef" testListId="8c84fa94-04c1-424b-9868-57a2d4851a1d" />
    <TestEntry testId="d3686756-b2de-3e8d-01c9-bc4bf442958b" executionId="66c34c0d-3769-4b44-b2c3-d53d66e023f8" testListId="8c84fa94-04c1-424b-9868-57a2d4851a1d" />
    <TestEntry testId="019b787c-88b2-9680-3a7b-9251d2235f77" executionId="c1c2a42e-2d41-422b-9245-9ede378b03d8" testListId="8c84fa94-04c1-424b-9868-57a2d4851a1d" />
    <TestEntry testId="bbee9b98-efa4-bbac-168c-d0cb4fb5815e" executionId="c00db4c2-915e-430b-8348-d6ee69d5ce12" testListId="8c84fa94-04c1-424b-9868-57a2d4851a1d" />
    <TestEntry testId="019b787c-88b2-9680-3a7b-9251d2235f77" executionId="a951024f-b299-4319-bf76-bd3261f274ea" testListId="8c84fa94-04c1-424b-9868-57a2d4851a1d" />
    <TestEntry testId="185dface-623f-aecc-65dc-ef1a5f863d67" executionId="8fcade20-370e-4a4f-9e99-92d5072a92a2" testListId="8c84fa94-04c1-424b-9868-57a2d4851a1d" />
    <TestEntry testId="fc816dc0-d2e7-a118-72b1-e30b55bda7fd" executionId="1593d012-8aff-4bba-b2b8-7a32212c2162" testListId="8c84fa94-04c1-424b-9868-57a2d4851a1d" />
    <TestEntry testId="2c04cd83-0515-24c2-6b62-5216913baa1d" executionId="19ab4b29-e7b2-4757-894a-078789606a43" testListId="8c84fa94-04c1-424b-9868-57a2d4851a1d" />
    <TestEntry testId="fcee5074-5c4a-dc3f-0be1-4d173e798ba0" executionId="e174ef1a-d7c7-4dba-a180-16560463a247" testListId="8c84fa94-04c1-424b-9868-57a2d4851a1d" />
    <TestEntry testId="695a69c9-264c-d1c5-2032-535ef4bf39f9" executionId="424adb1b-07db-4c16-9fbd-0a17170e21b1" testListId="8c84fa94-04c1-424b-9868-57a2d4851a1d" />
    <TestEntry testId="5a5eebfd-d23e-a7ef-ccde-682440736dfe" executionId="ec2f7796-7b3d-4ef7-9669-3a927e76d6ec" testListId="8c84fa94-04c1-424b-9868-57a2d4851a1d" />
    <TestEntry testId="c85cb0be-5d3e-6b48-55bf-eae5d1c7f7ec" executionId="412e53af-eff2-4a73-92c4-d69ed5fd3a75" testListId="8c84fa94-04c1-424b-9868-57a2d4851a1d" />
    <TestEntry testId="d915ca16-9da2-6d2f-7067-f8475ed0a0f5" executionId="2bfeb15a-4ee1-4beb-a065-9b64ee39d6bc" testListId="8c84fa94-04c1-424b-9868-57a2d4851a1d" />
    <TestEntry testId="f2a704d2-2902-aefe-745b-ce33009d4825" executionId="e07ce1ff-0f09-4d92-8c11-8c14af1ceb5c" testListId="8c84fa94-04c1-424b-9868-57a2d4851a1d" />
    <TestEntry testId="c8fbba19-e48a-d5d2-6116-31938e41f352" executionId="6cef7ebe-b770-4a6b-b613-e86d38c06a79" testListId="8c84fa94-04c1-424b-9868-57a2d4851a1d" />
    <TestEntry testId="695a69c9-264c-d1c5-2032-535ef4bf39f9" executionId="43f82c98-133c-4258-89b9-62b10e726598" testListId="8c84fa94-04c1-424b-9868-57a2d4851a1d" />
    <TestEntry testId="39bbe88c-a5a1-69b6-0e18-a75bb02edd6c" executionId="761dcc63-8666-41eb-a2b6-5ab55ae4536a" testListId="8c84fa94-04c1-424b-9868-57a2d4851a1d" />
    <TestEntry testId="54628fbc-3866-2a98-ed83-12b3fa799ac3" executionId="df519c67-146b-4882-b7bb-888e12de6754" testListId="8c84fa94-04c1-424b-9868-57a2d4851a1d" />
    <TestEntry testId="d789e0ac-21a2-57d0-0eba-3bdd5f8e90a8" executionId="7af44aa2-2f99-49a2-8fc5-7fb5353cf3db" testListId="8c84fa94-04c1-424b-9868-57a2d4851a1d" />
    <TestEntry testId="2fa8223c-953a-c2a2-d7c3-c2ce26be01a9" executionId="17de3c2d-f76c-48b3-bdc1-b493f88b7c88" testListId="8c84fa94-04c1-424b-9868-57a2d4851a1d" />
    <TestEntry testId="019b787c-88b2-9680-3a7b-9251d2235f77" executionId="325dd998-f7cd-4de9-bdd8-3960aab13ae1" testListId="8c84fa94-04c1-424b-9868-57a2d4851a1d" />
    <TestEntry testId="e3b3fbd6-2e0c-99db-5a79-6937e5c60c37" executionId="b8575246-696a-455f-baf4-0533a49e9fae" testListId="8c84fa94-04c1-424b-9868-57a2d4851a1d" />
    <TestEntry testId="038ea2fa-11b0-6330-4318-e8a886074ce7" executionId="70d89e0f-a684-41ea-8fa0-f0f6180e9cc9" testListId="8c84fa94-04c1-424b-9868-57a2d4851a1d" />
    <TestEntry testId="a9789afe-fc8e-2dbf-af88-de078cfbeae0" executionId="48b8b46f-b7c8-425b-8337-d325efe74359" testListId="8c84fa94-04c1-424b-9868-57a2d4851a1d" />
    <TestEntry testId="d10a6893-6ae0-cc03-60c6-7f0311aebcb5" executionId="d7975789-586a-4b2c-bd79-368345ad784b" testListId="8c84fa94-04c1-424b-9868-57a2d4851a1d" />
    <TestEntry testId="f5a74d27-39b9-b474-177a-14562c658170" executionId="56f0b3ee-692c-4e25-849b-a6d61d528d7a" testListId="8c84fa94-04c1-424b-9868-57a2d4851a1d" />
    <TestEntry testId="39bbe88c-a5a1-69b6-0e18-a75bb02edd6c" executionId="6d0e8013-325d-490d-8012-702edfc65800" testListId="8c84fa94-04c1-424b-9868-57a2d4851a1d" />
    <TestEntry testId="ccf3bbf1-4f41-f614-a5b7-5ee558b037a4" executionId="25e3e3c4-d8a6-4630-bb44-3bba80ade396" testListId="8c84fa94-04c1-424b-9868-57a2d4851a1d" />
    <TestEntry testId="fd47e646-622d-8155-e110-e7260a0ea270" executionId="bb5a06f6-3045-4adc-8617-4cdace9a9d6e" testListId="8c84fa94-04c1-424b-9868-57a2d4851a1d" />
    <TestEntry testId="07227beb-6ff0-19cf-de92-400286d7d25d" executionId="5e04b146-4c36-4277-9ecb-68eef5feabca" testListId="8c84fa94-04c1-424b-9868-57a2d4851a1d" />
    <TestEntry testId="02b78f3f-dffa-0aec-7d07-f59addfd14d6" executionId="04be2c0b-6ef1-4a64-89db-64bd8f917698" testListId="8c84fa94-04c1-424b-9868-57a2d4851a1d" />
    <TestEntry testId="10a10989-0b74-87a3-5a6c-4b1983eb2c86" executionId="d227eaef-4fe6-494d-9e9b-a3dfd6816369" testListId="8c84fa94-04c1-424b-9868-57a2d4851a1d" />
    <TestEntry testId="019b787c-88b2-9680-3a7b-9251d2235f77" executionId="7a2400aa-de8b-43c2-bad3-b0b5b947b3ed" testListId="8c84fa94-04c1-424b-9868-57a2d4851a1d" />
    <TestEntry testId="7d5c8268-00e1-840c-44e1-d3048cbbf1fc" executionId="2201a683-096a-4e37-b162-1b402cb0a1bb" testListId="8c84fa94-04c1-424b-9868-57a2d4851a1d" />
    <TestEntry testId="82db9127-b50b-1d57-a8d8-189433751ea3" executionId="13a844f2-0200-4f83-887e-7131684e632e" testListId="8c84fa94-04c1-424b-9868-57a2d4851a1d" />
    <TestEntry testId="27d39d16-ec36-2ed1-9f6a-bd91d5addcdc" executionId="753e9f93-93fd-4cb6-be26-ebd6c732ef2e" testListId="8c84fa94-04c1-424b-9868-57a2d4851a1d" />
    <TestEntry testId="019b787c-88b2-9680-3a7b-9251d2235f77" executionId="89c47f07-c1a2-40a8-bd8e-bc6c3b0a8608" testListId="8c84fa94-04c1-424b-9868-57a2d4851a1d" />
    <TestEntry testId="3e286d15-1d7c-a423-79a3-dfabcc6a2cf0" executionId="b3c46947-9273-43eb-a268-2e786eba800e" testListId="8c84fa94-04c1-424b-9868-57a2d4851a1d" />
    <TestEntry testId="019b787c-88b2-9680-3a7b-9251d2235f77" executionId="bc52cc3d-7a2c-4c58-b2fb-ad0b712b4d82" testListId="8c84fa94-04c1-424b-9868-57a2d4851a1d" />
    <TestEntry testId="f9aa3372-35f2-d38d-da06-c52850a4d4ec" executionId="ca37d575-ad5d-4eb8-b498-914acb4e3826" testListId="8c84fa94-04c1-424b-9868-57a2d4851a1d" />
    <TestEntry testId="bf753f95-d4e5-af57-faee-882baaec6d00" executionId="49e74c6f-4dd4-4b16-aa50-98af3f4003dc" testListId="8c84fa94-04c1-424b-9868-57a2d4851a1d" />
    <TestEntry testId="019b787c-88b2-9680-3a7b-9251d2235f77" executionId="991c3aae-273f-4e2b-ac9f-36aeb6207bb9" testListId="8c84fa94-04c1-424b-9868-57a2d4851a1d" />
    <TestEntry testId="24e4a873-074e-7719-3ab8-9a612d5a942c" executionId="91c58857-8c32-4fdd-9161-56276d5d0238" testListId="8c84fa94-04c1-424b-9868-57a2d4851a1d" />
    <TestEntry testId="be85612c-fe29-ee17-4777-339ddd970428" executionId="f8ec18a4-fd66-40f0-a3cc-c7d5e0bb0773" testListId="8c84fa94-04c1-424b-9868-57a2d4851a1d" />
    <TestEntry testId="695a69c9-264c-d1c5-2032-535ef4bf39f9" executionId="f0aff7b6-cfcb-485e-990c-c1f13b94bd5f" testListId="8c84fa94-04c1-424b-9868-57a2d4851a1d" />
    <TestEntry testId="fa24c906-0200-10d6-80a1-6825166e00b6" executionId="294d3849-6bec-4af5-8bca-7be8c1fd6981" testListId="8c84fa94-04c1-424b-9868-57a2d4851a1d" />
    <TestEntry testId="019b787c-88b2-9680-3a7b-9251d2235f77" executionId="03745ab6-6f33-4844-b8f8-69e57d3d41e1" testListId="8c84fa94-04c1-424b-9868-57a2d4851a1d" />
    <TestEntry testId="019b787c-88b2-9680-3a7b-9251d2235f77" executionId="ff78ae8d-8f22-4a48-bd94-2293b7ca33ef" testListId="8c84fa94-04c1-424b-9868-57a2d4851a1d" />
    <TestEntry testId="019b787c-88b2-9680-3a7b-9251d2235f77" executionId="7280a6c7-cded-47ea-9932-32771d9fe05c" testListId="8c84fa94-04c1-424b-9868-57a2d4851a1d" />
    <TestEntry testId="7e1c408e-1f77-c5af-b1d4-ff0c41e2e5a6" executionId="74ec9135-a228-477c-afe3-817164d382c8" testListId="8c84fa94-04c1-424b-9868-57a2d4851a1d" />
    <TestEntry testId="39bbe88c-a5a1-69b6-0e18-a75bb02edd6c" executionId="b9a86e79-24b7-46a1-89a7-489324c0fcff" testListId="8c84fa94-04c1-424b-9868-57a2d4851a1d" />
    <TestEntry testId="deac3dac-ffea-575d-c1a2-8b26adb26f47" executionId="687003c0-856a-4ecf-bf88-f75195e023f8" testListId="8c84fa94-04c1-424b-9868-57a2d4851a1d" />
    <TestEntry testId="2a5e6d8b-bdd2-2876-273c-757bcec171b9" executionId="4c209dbd-f013-4f83-9152-db3ac11a5ace" testListId="8c84fa94-04c1-424b-9868-57a2d4851a1d" />
    <TestEntry testId="019b787c-88b2-9680-3a7b-9251d2235f77" executionId="874d16a0-6bf9-4370-9777-e03e7061fd23" testListId="8c84fa94-04c1-424b-9868-57a2d4851a1d" />
    <TestEntry testId="84d778aa-2de0-c2bd-38bb-9fd7798609bc" executionId="44068478-d3a3-4b76-bac5-011128140f22" testListId="8c84fa94-04c1-424b-9868-57a2d4851a1d" />
    <TestEntry testId="dd0eca32-8425-abe6-3c2c-4fb09321aa67" executionId="52bd818b-b71a-4a07-9f9c-0fcd9f7e9edb" testListId="8c84fa94-04c1-424b-9868-57a2d4851a1d" />
    <TestEntry testId="c3e221e4-4593-c0e3-f43d-00389e8002b2" executionId="d6da8b31-40d6-4009-9693-d3441af4d60c" testListId="8c84fa94-04c1-424b-9868-57a2d4851a1d" />
    <TestEntry testId="a6417458-0d03-cf81-81fa-b5a56f1aa985" executionId="f5b314cc-bdb5-4727-8488-d63a2620e7e9" testListId="8c84fa94-04c1-424b-9868-57a2d4851a1d" />
    <TestEntry testId="019b787c-88b2-9680-3a7b-9251d2235f77" executionId="e292b497-cd33-4517-9caa-7922437f8129" testListId="8c84fa94-04c1-424b-9868-57a2d4851a1d" />
    <TestEntry testId="8ba939dc-50ed-a5b6-7eff-95ca207682ff" executionId="5976fbe9-ee78-4640-85da-bd237361a08a" testListId="8c84fa94-04c1-424b-9868-57a2d4851a1d" />
    <TestEntry testId="4fa6d963-6126-fea1-285e-e3c64f57523d" executionId="d7a8a9b4-8a3b-440c-be70-2bbcb40a72cf" testListId="8c84fa94-04c1-424b-9868-57a2d4851a1d" />
    <TestEntry testId="019b787c-88b2-9680-3a7b-9251d2235f77" executionId="27819aef-7184-4433-823e-e55052b4d2cc" testListId="8c84fa94-04c1-424b-9868-57a2d4851a1d" />
    <TestEntry testId="6c7fafb5-1fcb-261d-55ee-a3eb4fc6e8cb" executionId="844821f6-5b20-47d5-8eb6-23dc0a68401f" testListId="8c84fa94-04c1-424b-9868-57a2d4851a1d" />
    <TestEntry testId="f727b248-9add-f920-b0ce-770364245e70" executionId="a78dbb36-96d8-4e72-83c4-a316997e8e9a" testListId="8c84fa94-04c1-424b-9868-57a2d4851a1d" />
    <TestEntry testId="58ce0dba-77b2-3f59-3f53-23ca49da71fb" executionId="f7b58760-d7f5-44bf-8f58-61a33e201063" testListId="8c84fa94-04c1-424b-9868-57a2d4851a1d" />
    <TestEntry testId="a151c569-2791-bb17-31e2-ff3b9195b644" executionId="5088b17e-087b-451f-abae-443f8d04f609" testListId="8c84fa94-04c1-424b-9868-57a2d4851a1d" />
    <TestEntry testId="019b787c-88b2-9680-3a7b-9251d2235f77" executionId="19df1e7b-b79f-4d7e-a7f9-1c7692e4792e" testListId="8c84fa94-04c1-424b-9868-57a2d4851a1d" />
    <TestEntry testId="019b787c-88b2-9680-3a7b-9251d2235f77" executionId="f5c9a40d-b720-4a05-ac44-788809577b53" testListId="8c84fa94-04c1-424b-9868-57a2d4851a1d" />
    <TestEntry testId="01e7b8bb-d18a-de92-76f1-4859f2785dff" executionId="a81896a2-8d2f-45ff-931d-2d9563ce52bc" testListId="8c84fa94-04c1-424b-9868-57a2d4851a1d" />
    <TestEntry testId="1f263e45-4224-7eaa-60b8-dec6f1683835" executionId="4722ba1e-e67a-40da-ba4e-07f1877eab85" testListId="8c84fa94-04c1-424b-9868-57a2d4851a1d" />
    <TestEntry testId="942e8bc9-4e4f-c4f2-bc6d-ecea5e6b7015" executionId="75164c08-246a-4fb7-bd5d-a297db0c0363" testListId="8c84fa94-04c1-424b-9868-57a2d4851a1d" />
    <TestEntry testId="019b787c-88b2-9680-3a7b-9251d2235f77" executionId="3a4a100e-c637-48b3-bbf1-41905f333169" testListId="8c84fa94-04c1-424b-9868-57a2d4851a1d" />
    <TestEntry testId="f328548d-24d0-21b0-cb01-345fd0f3c47b" executionId="5291e2f5-5be0-4db9-a1e9-cd4c14c1b394" testListId="8c84fa94-04c1-424b-9868-57a2d4851a1d" />
    <TestEntry testId="019b787c-88b2-9680-3a7b-9251d2235f77" executionId="b16396c7-bf24-4dcf-8562-081ef1685db9" testListId="8c84fa94-04c1-424b-9868-57a2d4851a1d" />
    <TestEntry testId="39bbe88c-a5a1-69b6-0e18-a75bb02edd6c" executionId="d3339455-9373-471e-a267-98a5200d4e7f" testListId="8c84fa94-04c1-424b-9868-57a2d4851a1d" />
    <TestEntry testId="604dbb21-0c7f-6827-160d-f4180dc27148" executionId="160ce3c6-7d8d-4f7b-b4de-a27ce8d422bd" testListId="8c84fa94-04c1-424b-9868-57a2d4851a1d" />
    <TestEntry testId="941523b7-e287-4096-0ee8-6d8b05c44303" executionId="bdc804f0-248f-4dd3-a27f-acd2a59e1347" testListId="8c84fa94-04c1-424b-9868-57a2d4851a1d" />
    <TestEntry testId="019b787c-88b2-9680-3a7b-9251d2235f77" executionId="b9868d52-529b-46cc-b4e5-289b8765a970" testListId="8c84fa94-04c1-424b-9868-57a2d4851a1d" />
    <TestEntry testId="d142152a-1897-b4e6-a746-e27792954bd3" executionId="a6a1f807-e602-4032-88c2-90795e1d609c" testListId="8c84fa94-04c1-424b-9868-57a2d4851a1d" />
    <TestEntry testId="981a48c0-740c-e140-a77c-529e1e129b56" executionId="c1b82cb0-82cf-4a49-9017-03df5ecf7ce2" testListId="8c84fa94-04c1-424b-9868-57a2d4851a1d" />
    <TestEntry testId="e98ecf02-9a98-579c-eff5-198f1ec590b6" executionId="4503d1a8-ee8f-4511-9560-2f9733e57e92" testListId="8c84fa94-04c1-424b-9868-57a2d4851a1d" />
    <TestEntry testId="52385d82-f2aa-ce10-1b54-4ce13fedb319" executionId="b5e69d10-d783-4d11-993f-b68d9b513137" testListId="8c84fa94-04c1-424b-9868-57a2d4851a1d" />
    <TestEntry testId="7bb73e92-2766-45f8-932b-75ac401aa731" executionId="4bf1e60a-5230-4266-8471-dee44c9903ed" testListId="8c84fa94-04c1-424b-9868-57a2d4851a1d" />
    <TestEntry testId="4324f8de-21eb-7a99-1ee1-3078479e95ed" executionId="3131bd08-b670-4a0b-8dbd-14d842b4aa73" testListId="8c84fa94-04c1-424b-9868-57a2d4851a1d" />
    <TestEntry testId="b0b88165-6fee-97dc-5ce4-ac46b44c25ac" executionId="9e947cc1-1757-424d-8d0c-090b77340593" testListId="8c84fa94-04c1-424b-9868-57a2d4851a1d" />
    <TestEntry testId="6de3365a-cc7c-4212-8e7e-3a09cffed8fe" executionId="62325ee6-869c-454f-98e6-ec9d6e78a2bd" testListId="8c84fa94-04c1-424b-9868-57a2d4851a1d" />
    <TestEntry testId="39bbe88c-a5a1-69b6-0e18-a75bb02edd6c" executionId="ec19218f-6aeb-4ad1-9e49-4f88d7a67373" testListId="8c84fa94-04c1-424b-9868-57a2d4851a1d" />
    <TestEntry testId="f304a5f7-0c9a-adcb-9923-400669e44e8c" executionId="ffe791a8-e539-4b72-82e3-ae538d1496b3" testListId="8c84fa94-04c1-424b-9868-57a2d4851a1d" />
    <TestEntry testId="ac397fd5-f72f-cfc4-63d1-3d273678265b" executionId="c2db6595-568c-48b2-b1f0-64e71031dbce" testListId="8c84fa94-04c1-424b-9868-57a2d4851a1d" />
    <TestEntry testId="69b7035e-3c94-00ee-fe41-5bfe4a4a5267" executionId="026df0a7-12af-439e-aadc-73d304d21f0f" testListId="8c84fa94-04c1-424b-9868-57a2d4851a1d" />
    <TestEntry testId="f727b248-9add-f920-b0ce-770364245e70" executionId="ab30debf-4b88-4c59-823d-5d814d056850" testListId="8c84fa94-04c1-424b-9868-57a2d4851a1d" />
    <TestEntry testId="39bbe88c-a5a1-69b6-0e18-a75bb02edd6c" executionId="dcf670ed-8f38-4b94-a385-3659a4f5cc26" testListId="8c84fa94-04c1-424b-9868-57a2d4851a1d" />
    <TestEntry testId="367f172f-d050-f163-9d9a-5392c42c9cb3" executionId="8c5ed429-24bf-4691-88cd-4e8ff263b27f" testListId="8c84fa94-04c1-424b-9868-57a2d4851a1d" />
    <TestEntry testId="f727b248-9add-f920-b0ce-770364245e70" executionId="054bc58e-9901-4731-81be-3cba56790138" testListId="8c84fa94-04c1-424b-9868-57a2d4851a1d" />
    <TestEntry testId="baa7c8a3-1ca1-37af-f055-9c353b12bdf9" executionId="a9c96b68-6476-4b33-903a-defbebb10604" testListId="8c84fa94-04c1-424b-9868-57a2d4851a1d" />
    <TestEntry testId="019b787c-88b2-9680-3a7b-9251d2235f77" executionId="f38823ff-527b-461b-8f81-50fd41a79e59" testListId="8c84fa94-04c1-424b-9868-57a2d4851a1d" />
    <TestEntry testId="8c0c4d06-3e50-efa3-c458-9b2b9ef43798" executionId="a84d64ef-82d8-466a-9eaf-a7bc1ecf36c9" testListId="8c84fa94-04c1-424b-9868-57a2d4851a1d" />
    <TestEntry testId="039c8bb6-d52e-2d76-6a67-8cefd92eaaa5" executionId="915e76b0-f7e0-4d93-8d11-869ebcc856f3" testListId="8c84fa94-04c1-424b-9868-57a2d4851a1d" />
    <TestEntry testId="019b787c-88b2-9680-3a7b-9251d2235f77" executionId="7f89a24f-d32a-47f9-91ea-4e1fffacf0c7" testListId="8c84fa94-04c1-424b-9868-57a2d4851a1d" />
    <TestEntry testId="019b787c-88b2-9680-3a7b-9251d2235f77" executionId="cb3f2c9e-f737-4e39-bd6b-af838b0c11c1" testListId="8c84fa94-04c1-424b-9868-57a2d4851a1d" />
    <TestEntry testId="b942f58c-e563-dd0f-a48c-68d3747f1e24" executionId="71ea4335-b161-4d06-bcb0-b63123f20cdc" testListId="8c84fa94-04c1-424b-9868-57a2d4851a1d" />
    <TestEntry testId="019b787c-88b2-9680-3a7b-9251d2235f77" executionId="067dc8b7-f4b6-4b2b-bfea-a086423b0871" testListId="8c84fa94-04c1-424b-9868-57a2d4851a1d" />
    <TestEntry testId="36f5ab0c-0151-c554-04b8-9780614564e2" executionId="5f649b37-f4d0-4da1-b8c0-42fd099f4463" testListId="8c84fa94-04c1-424b-9868-57a2d4851a1d" />
    <TestEntry testId="9b66c100-569d-3ad5-e12e-190fe8eb9809" executionId="97876c2f-fc51-43eb-815e-5ac8034ee4cc" testListId="8c84fa94-04c1-424b-9868-57a2d4851a1d" />
    <TestEntry testId="2a62cead-e620-26d3-a5ba-1cc8e4102c3f" executionId="a007b671-1562-4763-b391-adfd87b433b7" testListId="8c84fa94-04c1-424b-9868-57a2d4851a1d" />
    <TestEntry testId="c43f7068-2fc2-c038-40e1-6aa5fed0902b" executionId="6287fc32-4965-4f08-a67a-3e6660de3a15" testListId="8c84fa94-04c1-424b-9868-57a2d4851a1d" />
    <TestEntry testId="39bbe88c-a5a1-69b6-0e18-a75bb02edd6c" executionId="238b570d-bcc7-4ecf-973b-7d564de14d25" testListId="8c84fa94-04c1-424b-9868-57a2d4851a1d" />
    <TestEntry testId="76150b2d-765b-1f6f-f18c-eceeda4ad122" executionId="59d7cf8b-dc65-4375-8fe4-c7eefa2bb0a8" testListId="8c84fa94-04c1-424b-9868-57a2d4851a1d" />
    <TestEntry testId="efc09a1a-9c69-7770-403a-ad7efbc34d02" executionId="5d2a9884-062d-4148-b8fc-a06a15ae10c5" testListId="8c84fa94-04c1-424b-9868-57a2d4851a1d" />
    <TestEntry testId="6c285f54-2bee-5681-1441-45540a633fc7" executionId="40623d34-401f-4247-b9bb-44ad9c2b7990" testListId="8c84fa94-04c1-424b-9868-57a2d4851a1d" />
    <TestEntry testId="309e0964-cc7e-6f02-5a26-46b53ae68f92" executionId="252d8c17-d2a4-40e4-865d-6b84b36c960d" testListId="8c84fa94-04c1-424b-9868-57a2d4851a1d" />
    <TestEntry testId="ecf9b6bc-e1f5-b2a1-108a-35866d56220d" executionId="4f54f9cd-440d-4c71-a682-f1773c4b6c04" testListId="8c84fa94-04c1-424b-9868-57a2d4851a1d" />
    <TestEntry testId="7c5a6be9-713a-8ee5-2fd3-4b93be6e3078" executionId="b96abeb0-e13a-4253-87c0-6a16ae8b97ee" testListId="8c84fa94-04c1-424b-9868-57a2d4851a1d" />
    <TestEntry testId="b4fd2066-aaa5-d2d8-494b-bdda9bb1f2cd" executionId="d3119527-4785-4ecb-b489-45e9bfa12d1a" testListId="8c84fa94-04c1-424b-9868-57a2d4851a1d" />
    <TestEntry testId="e726c651-b3d0-75aa-91b8-fe51eb1543f0" executionId="8a9032ef-0775-4871-8130-37674dcabbff" testListId="8c84fa94-04c1-424b-9868-57a2d4851a1d" />
    <TestEntry testId="96603ff9-4808-fcd9-a215-6e5be97a237b" executionId="2f3d6aac-3594-46af-b2f2-da4326d05aec" testListId="8c84fa94-04c1-424b-9868-57a2d4851a1d" />
    <TestEntry testId="53564abf-c929-68f7-2c88-2ee26c036473" executionId="b081a197-4d73-4965-86ea-3b2059ccd280" testListId="8c84fa94-04c1-424b-9868-57a2d4851a1d" />
    <TestEntry testId="902fa757-9f4d-b9aa-cb12-7acd89bc1b1d" executionId="76c4912a-b8a7-44eb-82e2-8f921e755bef" testListId="8c84fa94-04c1-424b-9868-57a2d4851a1d" />
    <TestEntry testId="e5272ca0-ad97-1a60-c810-569b49a21d5c" executionId="67405cef-162f-449a-8e4a-adb43a55fd18" testListId="8c84fa94-04c1-424b-9868-57a2d4851a1d" />
    <TestEntry testId="cdb468b8-5c0f-105f-873c-568717197303" executionId="78b8a50a-87cf-4b37-ad70-3261e02acdb1" testListId="8c84fa94-04c1-424b-9868-57a2d4851a1d" />
    <TestEntry testId="8cd5ddd9-05e2-d26c-710a-53354f1e7ec1" executionId="4f69170c-1ca2-4eef-bb70-2b6cfa92793a" testListId="8c84fa94-04c1-424b-9868-57a2d4851a1d" />
    <TestEntry testId="98c21cb0-09f7-2d25-30ed-0e9aec23e48a" executionId="852c92be-9075-43b6-95e5-3a2f13b06ca3" testListId="8c84fa94-04c1-424b-9868-57a2d4851a1d" />
    <TestEntry testId="7cbc4c88-3824-7be2-f9e6-89ecb5e57bb6" executionId="e4251af0-35f7-40bc-aa1e-c88a8b563ab1" testListId="8c84fa94-04c1-424b-9868-57a2d4851a1d" />
    <TestEntry testId="93e603d2-4224-97cb-0c40-2b2210c21378" executionId="3f0c71f4-81ff-47a5-9904-113d08a5ec1d" testListId="8c84fa94-04c1-424b-9868-57a2d4851a1d" />
    <TestEntry testId="c944041e-9e7e-f828-b1be-888e45cf920c" executionId="b3aba5a3-3155-4b24-a4be-fde3d350ba0e" testListId="8c84fa94-04c1-424b-9868-57a2d4851a1d" />
    <TestEntry testId="47f370d8-216c-a4ab-3f40-f9380f0d3c93" executionId="dfc106ce-1397-4a58-a497-8bf800427928" testListId="8c84fa94-04c1-424b-9868-57a2d4851a1d" />
    <TestEntry testId="4a611efe-04cb-a080-a986-13bbfd5d2926" executionId="d8c3b2f1-c56b-4580-911b-c7f5b23b86fb" testListId="8c84fa94-04c1-424b-9868-57a2d4851a1d" />
    <TestEntry testId="6118893f-d51a-0332-41e0-93c0ca3bfa39" executionId="db2dace3-45d8-4da9-8b3f-72acb3436f44" testListId="8c84fa94-04c1-424b-9868-57a2d4851a1d" />
    <TestEntry testId="019b787c-88b2-9680-3a7b-9251d2235f77" executionId="f0751645-6e13-4dc5-b5ca-abe482f96ff8" testListId="8c84fa94-04c1-424b-9868-57a2d4851a1d" />
    <TestEntry testId="befe8594-cd87-902f-e31e-342e7af14f28" executionId="8b1349ca-a411-46df-b03e-f3f656f5310e" testListId="8c84fa94-04c1-424b-9868-57a2d4851a1d" />
    <TestEntry testId="546d0fd4-90ca-7bf9-9e6d-2f6de9f9da9c" executionId="5b653c42-3b0d-4522-a463-9096435fbf98" testListId="8c84fa94-04c1-424b-9868-57a2d4851a1d" />
    <TestEntry testId="a77e6175-1d0b-a021-09a0-4e96e05a9842" executionId="09709816-9485-4e2b-a930-b54ec391a8d0" testListId="8c84fa94-04c1-424b-9868-57a2d4851a1d" />
    <TestEntry testId="4cd6f786-e79c-6622-e976-c426e8837a31" executionId="3876d5bb-0b7b-44c1-b66d-050298fef171" testListId="8c84fa94-04c1-424b-9868-57a2d4851a1d" />
    <TestEntry testId="0356ff7d-20bc-1b7c-8eac-59f41149aae9" executionId="d2cb0fe5-625e-45f8-924e-1dd612161e11" testListId="8c84fa94-04c1-424b-9868-57a2d4851a1d" />
    <TestEntry testId="d422e736-cd57-175d-bf04-410fc669ad85" executionId="04ada280-1b19-4092-a3ae-cb1b2ff756a4" testListId="8c84fa94-04c1-424b-9868-57a2d4851a1d" />
    <TestEntry testId="3608dc75-2aec-5018-0411-93babe908ac0" executionId="028f0eeb-68fb-4b39-80b4-1797a32befa2" testListId="8c84fa94-04c1-424b-9868-57a2d4851a1d" />
    <TestEntry testId="df4795f1-fe1a-385f-114d-0fd74fd27125" executionId="83879720-ae33-47ff-863b-5afad509076f" testListId="8c84fa94-04c1-424b-9868-57a2d4851a1d" />
    <TestEntry testId="5972ace4-c610-696b-3f6c-b1f8d3a735e8" executionId="5daae2a0-4d66-4dce-9498-c2ceb1109df2" testListId="8c84fa94-04c1-424b-9868-57a2d4851a1d" />
    <TestEntry testId="a10a62b4-286f-b7bc-b640-0eddd573bfc2" executionId="1c446ca6-945f-4aac-8e13-5b3f907b124e" testListId="8c84fa94-04c1-424b-9868-57a2d4851a1d" />
    <TestEntry testId="019b787c-88b2-9680-3a7b-9251d2235f77" executionId="e5c76452-2c07-4af1-9980-ee9fe19cebec" testListId="8c84fa94-04c1-424b-9868-57a2d4851a1d" />
    <TestEntry testId="695a69c9-264c-d1c5-2032-535ef4bf39f9" executionId="192cbbab-689d-44ef-85da-23cc77bb9bac" testListId="8c84fa94-04c1-424b-9868-57a2d4851a1d" />
    <TestEntry testId="019b787c-88b2-9680-3a7b-9251d2235f77" executionId="8f77b85a-fa5b-414e-80ce-d741800397dc" testListId="8c84fa94-04c1-424b-9868-57a2d4851a1d" />
    <TestEntry testId="78bd4e97-c3fc-3e83-7255-4d689bac0fc1" executionId="f2eaa1d8-ccb5-4104-af19-7526e4e97207" testListId="8c84fa94-04c1-424b-9868-57a2d4851a1d" />
    <TestEntry testId="9351685c-db57-f66b-a830-54987a68fe96" executionId="24b920f0-5307-45a6-b20a-33909492da2f" testListId="8c84fa94-04c1-424b-9868-57a2d4851a1d" />
    <TestEntry testId="dda8bdab-8ec6-4d52-0391-ca207f63032e" executionId="70fe04a4-c42b-4972-b9f4-7074544c2100" testListId="8c84fa94-04c1-424b-9868-57a2d4851a1d" />
    <TestEntry testId="abac3658-679d-2d8f-e045-01a9b98f7725" executionId="b5f62b98-0319-49b6-a4b5-f1c8e4c39e2c" testListId="8c84fa94-04c1-424b-9868-57a2d4851a1d" />
    <TestEntry testId="c09482a8-5198-3723-da64-f1fefde12383" executionId="fcb69580-1b14-4ad4-af0b-b7b08581c06c" testListId="8c84fa94-04c1-424b-9868-57a2d4851a1d" />
    <TestEntry testId="323625aa-395c-0104-2ec3-9c29477f6323" executionId="17d9790f-81e2-4f8a-a7d5-877bde62766e" testListId="8c84fa94-04c1-424b-9868-57a2d4851a1d" />
    <TestEntry testId="2230d90e-f470-d984-ec1d-5f1e3df2e6dc" executionId="eddd9ec5-f938-414a-96ba-8831f8dcf6ac" testListId="8c84fa94-04c1-424b-9868-57a2d4851a1d" />
    <TestEntry testId="019b787c-88b2-9680-3a7b-9251d2235f77" executionId="94425215-5bd0-48f7-a66b-5a5dc62a8d66" testListId="8c84fa94-04c1-424b-9868-57a2d4851a1d" />
    <TestEntry testId="512ae6aa-563f-84c9-cb63-e39ddbc49f36" executionId="67127e25-a0f8-4352-89dd-9b82cfb94700" testListId="8c84fa94-04c1-424b-9868-57a2d4851a1d" />
    <TestEntry testId="826d90ea-7376-9e0b-80c9-08e9fa6c7a0d" executionId="45ee7913-21b5-4f69-826e-bdbcbc6e95bf" testListId="8c84fa94-04c1-424b-9868-57a2d4851a1d" />
    <TestEntry testId="844d5bc2-3ad9-8cde-1e47-817a5b77692a" executionId="18f9ca6d-c330-45e2-a397-438893600f9d" testListId="8c84fa94-04c1-424b-9868-57a2d4851a1d" />
    <TestEntry testId="019b787c-88b2-9680-3a7b-9251d2235f77" executionId="bbfadd03-9135-4710-ab15-f4632f5e2cda" testListId="8c84fa94-04c1-424b-9868-57a2d4851a1d" />
    <TestEntry testId="695a69c9-264c-d1c5-2032-535ef4bf39f9" executionId="4ad343b3-d9e8-46fa-80cf-8875cd043d50" testListId="8c84fa94-04c1-424b-9868-57a2d4851a1d" />
    <TestEntry testId="76cfa268-0c10-1255-2b9d-b4fee865d12b" executionId="177eb3e0-9805-4c20-8ca0-9331e4254fe2" testListId="8c84fa94-04c1-424b-9868-57a2d4851a1d" />
    <TestEntry testId="ae9be7fc-f385-ec42-2c89-1248152e1de1" executionId="7b2e75e9-dac3-45f4-9327-9d167a61db8a" testListId="8c84fa94-04c1-424b-9868-57a2d4851a1d" />
    <TestEntry testId="08e2f00b-c73a-15a5-20e7-6a1eacf29aa9" executionId="5536934d-f560-4350-b8a1-e50a8e542732" testListId="8c84fa94-04c1-424b-9868-57a2d4851a1d" />
    <TestEntry testId="019b787c-88b2-9680-3a7b-9251d2235f77" executionId="a5008813-1463-4bf9-a2b8-81b0b44500b3" testListId="8c84fa94-04c1-424b-9868-57a2d4851a1d" />
    <TestEntry testId="4eb16cde-def2-e76a-a857-cbda15229fdc" executionId="b13d7e8f-46de-49f1-b192-5c6df1925a59" testListId="8c84fa94-04c1-424b-9868-57a2d4851a1d" />
    <TestEntry testId="9694b41f-f0ec-9a5e-3e2f-1700ede76af0" executionId="9b7402ea-7c45-43b4-ba22-916ac75582d9" testListId="8c84fa94-04c1-424b-9868-57a2d4851a1d" />
    <TestEntry testId="ff9c4148-5676-ad39-250d-1dae2a06b8a3" executionId="d2323b8a-c98b-4a17-9a8e-93ba515444e3" testListId="8c84fa94-04c1-424b-9868-57a2d4851a1d" />
    <TestEntry testId="6d2ab4df-464c-bf7d-752b-097c5f0e8caf" executionId="68231ac0-6192-49dd-ba25-9dcf18db87ad" testListId="8c84fa94-04c1-424b-9868-57a2d4851a1d" />
    <TestEntry testId="695a69c9-264c-d1c5-2032-535ef4bf39f9" executionId="ba61d04d-acca-4c81-bd6e-fd0d6ad1e2d7" testListId="8c84fa94-04c1-424b-9868-57a2d4851a1d" />
    <TestEntry testId="f47fda96-d607-dcf3-e6a6-2f89e73ed517" executionId="18952c1e-326d-488e-a43f-760ff3a18334" testListId="8c84fa94-04c1-424b-9868-57a2d4851a1d" />
    <TestEntry testId="9598c3b0-705b-9e4e-827d-2cd5d270060f" executionId="b161ba14-cc9f-4d0c-90c8-c0435a91da45" testListId="8c84fa94-04c1-424b-9868-57a2d4851a1d" />
    <TestEntry testId="fab9ac52-9983-35db-64aa-b12034bfaf82" executionId="057a1579-e23c-4d64-b465-2dae783851fb" testListId="8c84fa94-04c1-424b-9868-57a2d4851a1d" />
    <TestEntry testId="9d9ae014-871d-664e-3980-e29680f94308" executionId="ff5cddf4-0f82-4440-9496-0262bd7afc7e" testListId="8c84fa94-04c1-424b-9868-57a2d4851a1d" />
    <TestEntry testId="c3eba6a4-a090-11d9-a1b1-50461a57b31b" executionId="7ff0642c-4653-4d21-b4de-dd9314dda527" testListId="8c84fa94-04c1-424b-9868-57a2d4851a1d" />
    <TestEntry testId="acf98975-fdd1-a7d7-a5e8-bb1c6ce38c93" executionId="6010f765-16d5-4181-9e1f-0c6a12204034" testListId="8c84fa94-04c1-424b-9868-57a2d4851a1d" />
    <TestEntry testId="31041562-27f5-99fd-0819-76aef126a9b5" executionId="ac55304e-d99a-42d4-92d2-f79e9b08de0e" testListId="8c84fa94-04c1-424b-9868-57a2d4851a1d" />
    <TestEntry testId="019b787c-88b2-9680-3a7b-9251d2235f77" executionId="f0fde05d-01e1-4dbc-bdf1-02833c5d4047" testListId="8c84fa94-04c1-424b-9868-57a2d4851a1d" />
    <TestEntry testId="4f8af24d-19a8-6bc1-6044-aafceedf2a44" executionId="d35f2747-e4df-4783-aa1c-4ef0bf124e46" testListId="8c84fa94-04c1-424b-9868-57a2d4851a1d" />
    <TestEntry testId="41eda090-84b5-14a3-440f-b004c8d172c8" executionId="0f206389-d756-497d-97c5-f9a4a24839cf" testListId="8c84fa94-04c1-424b-9868-57a2d4851a1d" />
    <TestEntry testId="019b787c-88b2-9680-3a7b-9251d2235f77" executionId="f71284b7-00e6-4d79-8f36-6c65d20001c6" testListId="8c84fa94-04c1-424b-9868-57a2d4851a1d" />
    <TestEntry testId="dcd3967f-8e32-b880-3d34-ff25245ff8c2" executionId="edcd4a76-ea6b-4e65-ada5-a940991b75c0" testListId="8c84fa94-04c1-424b-9868-57a2d4851a1d" />
    <TestEntry testId="85be22d1-13c0-7d76-d62c-aeae43b9ad7d" executionId="0a706107-da1d-4feb-a5da-46a0ee6ad9b8" testListId="8c84fa94-04c1-424b-9868-57a2d4851a1d" />
    <TestEntry testId="3286041f-c027-c5bf-e041-f0035587c3f3" executionId="b2e2fdb7-85b1-4e4e-a9ff-58dbdafd2eeb" testListId="8c84fa94-04c1-424b-9868-57a2d4851a1d" />
    <TestEntry testId="5a73f9b7-1def-ac2d-18ea-363281d1d954" executionId="9cb37cea-5b52-478a-9079-950e3f54011f" testListId="8c84fa94-04c1-424b-9868-57a2d4851a1d" />
    <TestEntry testId="39bbe88c-a5a1-69b6-0e18-a75bb02edd6c" executionId="e019ab5d-255f-4853-8ab4-22a9426438b7" testListId="8c84fa94-04c1-424b-9868-57a2d4851a1d" />
    <TestEntry testId="019b787c-88b2-9680-3a7b-9251d2235f77" executionId="7e0e2637-f705-4b9a-9e52-9a75fa1121c0" testListId="8c84fa94-04c1-424b-9868-57a2d4851a1d" />
    <TestEntry testId="91619195-2830-97c3-d4b7-786b83d2a864" executionId="7485f138-9630-4d26-8483-21bc6c17cf88" testListId="8c84fa94-04c1-424b-9868-57a2d4851a1d" />
    <TestEntry testId="9208f864-a693-874f-6ce7-c29fe13a7706" executionId="6e747ea2-4dd9-4af4-a2f0-d3a44a4c6791" testListId="8c84fa94-04c1-424b-9868-57a2d4851a1d" />
    <TestEntry testId="884b9447-ed6e-7a19-3b01-548cce2468cd" executionId="70db8029-aa06-41ec-874f-2465f468d154" testListId="8c84fa94-04c1-424b-9868-57a2d4851a1d" />
    <TestEntry testId="d98222d1-9712-890e-f8de-c45e84b77833" executionId="608153fb-ca36-4a50-89fe-a89a209cec41" testListId="8c84fa94-04c1-424b-9868-57a2d4851a1d" />
    <TestEntry testId="7484b8c7-139a-f4b1-39c6-23954a7f6d69" executionId="09f8ce5c-b32d-4c46-bc58-07bb0d4525d0" testListId="8c84fa94-04c1-424b-9868-57a2d4851a1d" />
    <TestEntry testId="f727b248-9add-f920-b0ce-770364245e70" executionId="b2a718bb-07cd-432e-8122-bc91faa30cc8" testListId="8c84fa94-04c1-424b-9868-57a2d4851a1d" />
    <TestEntry testId="93371de6-d167-0e41-cb76-8b3b0291633d" executionId="13b66966-52f8-4067-954b-fda404bbe608" testListId="8c84fa94-04c1-424b-9868-57a2d4851a1d" />
    <TestEntry testId="e5c75c09-b881-f25f-b7ff-8150a17552ed" executionId="198ddc48-dd4a-4e5c-a63a-7e63e8274610" testListId="8c84fa94-04c1-424b-9868-57a2d4851a1d" />
    <TestEntry testId="019b787c-88b2-9680-3a7b-9251d2235f77" executionId="d6758457-f99f-49ab-92c8-6ed8a99b0f31" testListId="8c84fa94-04c1-424b-9868-57a2d4851a1d" />
    <TestEntry testId="af76761b-9eba-9f05-8565-5c70f1a4944b" executionId="993627a5-4556-4c76-9bdb-a231f1d5fc31" testListId="8c84fa94-04c1-424b-9868-57a2d4851a1d" />
    <TestEntry testId="f727b248-9add-f920-b0ce-770364245e70" executionId="24c46471-30af-476f-9615-d91c7f136043" testListId="8c84fa94-04c1-424b-9868-57a2d4851a1d" />
    <TestEntry testId="11a96181-7863-409c-34a9-df0093caa1ae" executionId="61d18f2e-34bb-4f44-bebe-4c5d37a6865f" testListId="8c84fa94-04c1-424b-9868-57a2d4851a1d" />
    <TestEntry testId="97b6b726-7205-f134-702d-ef0dadcef239" executionId="88bc4b6d-c702-43ce-8825-0d878deb7a5e" testListId="8c84fa94-04c1-424b-9868-57a2d4851a1d" />
    <TestEntry testId="10abce2a-667d-fab4-5fe9-ebfa7b54933e" executionId="d936773e-bcee-4f1f-885a-b6aaa5bf8446" testListId="8c84fa94-04c1-424b-9868-57a2d4851a1d" />
    <TestEntry testId="bd30a120-86d4-4441-21e5-db174079ad06" executionId="27555217-9563-4854-b46f-11a45913a7e6" testListId="8c84fa94-04c1-424b-9868-57a2d4851a1d" />
    <TestEntry testId="78b03ec6-c656-eb67-f125-ba94e17fedee" executionId="ec4178b9-b249-441d-a924-39f264c023c9" testListId="8c84fa94-04c1-424b-9868-57a2d4851a1d" />
    <TestEntry testId="2dfb1cad-175e-3fe2-efbd-52a60c107af8" executionId="cb96fec6-132d-4517-a734-e7f1d13dd415" testListId="8c84fa94-04c1-424b-9868-57a2d4851a1d" />
    <TestEntry testId="85f2792b-2c04-4178-2e8d-415585b6f159" executionId="0b8833c3-3b66-4eb3-b802-1895adce3b59" testListId="8c84fa94-04c1-424b-9868-57a2d4851a1d" />
    <TestEntry testId="695a69c9-264c-d1c5-2032-535ef4bf39f9" executionId="445d9a23-e4d4-4e13-8776-aaf8f57c28ca" testListId="8c84fa94-04c1-424b-9868-57a2d4851a1d" />
    <TestEntry testId="39bbe88c-a5a1-69b6-0e18-a75bb02edd6c" executionId="a111be96-dfcd-482c-bd63-b08070797fb7" testListId="8c84fa94-04c1-424b-9868-57a2d4851a1d" />
    <TestEntry testId="019b787c-88b2-9680-3a7b-9251d2235f77" executionId="18f65c75-171a-4766-8d3d-5e27c932b0eb" testListId="8c84fa94-04c1-424b-9868-57a2d4851a1d" />
    <TestEntry testId="66fdab56-7038-aaf7-4d53-95343adce905" executionId="cb09024c-a54d-483b-b99c-3d59c7cb2fc1" testListId="8c84fa94-04c1-424b-9868-57a2d4851a1d" />
    <TestEntry testId="bca9a3cf-fc6a-c51b-e573-21b1143f642a" executionId="c14579cc-b485-4578-a30f-69edab53aae7" testListId="8c84fa94-04c1-424b-9868-57a2d4851a1d" />
    <TestEntry testId="39bbe88c-a5a1-69b6-0e18-a75bb02edd6c" executionId="f65c699f-857d-4546-b12a-6feab1090304" testListId="8c84fa94-04c1-424b-9868-57a2d4851a1d" />
    <TestEntry testId="d1fce199-908f-9a0f-c652-067f38098189" executionId="6ef833c7-af09-4006-b9dd-03c88d464445" testListId="8c84fa94-04c1-424b-9868-57a2d4851a1d" />
    <TestEntry testId="2567cb21-220e-9709-c058-5cc7816c33d9" executionId="321f320b-c5a9-48f1-a49d-db70a0f50e93" testListId="8c84fa94-04c1-424b-9868-57a2d4851a1d" />
    <TestEntry testId="ce04b6f0-f473-6ce9-e0ce-44a067b4690a" executionId="d3bb156f-3e4b-4aac-94bc-6f8189ecabff" testListId="8c84fa94-04c1-424b-9868-57a2d4851a1d" />
    <TestEntry testId="019b787c-88b2-9680-3a7b-9251d2235f77" executionId="c78cf6c0-f0bd-4b86-8a07-6044914ece8b" testListId="8c84fa94-04c1-424b-9868-57a2d4851a1d" />
    <TestEntry testId="02affe89-201d-b1c4-3b0b-ae6d9954de6f" executionId="b6b5d4d6-bf77-4f4e-b18f-ff116cb5a091" testListId="8c84fa94-04c1-424b-9868-57a2d4851a1d" />
    <TestEntry testId="019b787c-88b2-9680-3a7b-9251d2235f77" executionId="bef28a85-03ad-49b0-b570-12b5e4af89ed" testListId="8c84fa94-04c1-424b-9868-57a2d4851a1d" />
    <TestEntry testId="019b787c-88b2-9680-3a7b-9251d2235f77" executionId="ffda6271-1238-4a3d-9c7b-f500e9e19f14" testListId="8c84fa94-04c1-424b-9868-57a2d4851a1d" />
    <TestEntry testId="019b787c-88b2-9680-3a7b-9251d2235f77" executionId="971474bb-16d6-44a7-b8aa-10ea0b3cf253" testListId="8c84fa94-04c1-424b-9868-57a2d4851a1d" />
    <TestEntry testId="21b6c246-c4e3-a0ad-015d-ff42c2de0958" executionId="7bed4d1b-0aab-4deb-a649-869ff1e8988f" testListId="8c84fa94-04c1-424b-9868-57a2d4851a1d" />
    <TestEntry testId="019b787c-88b2-9680-3a7b-9251d2235f77" executionId="c19104af-d9c8-4e41-a0f6-c7269383ac57" testListId="8c84fa94-04c1-424b-9868-57a2d4851a1d" />
    <TestEntry testId="2f68ec08-832b-3feb-f485-da953e05f66b" executionId="176c993e-bb49-4385-af18-5b2883e7806f" testListId="8c84fa94-04c1-424b-9868-57a2d4851a1d" />
    <TestEntry testId="bfad7690-9904-85bb-06a2-f9959684e024" executionId="da1ec3df-bc26-449d-af20-ebcd52dc8313" testListId="8c84fa94-04c1-424b-9868-57a2d4851a1d" />
    <TestEntry testId="00e627c1-ed61-3a01-fbe2-fd8f8845151b" executionId="6c7b2a11-ec27-4300-959d-f31dbdec0345" testListId="8c84fa94-04c1-424b-9868-57a2d4851a1d" />
    <TestEntry testId="5b215235-456b-0e29-2261-4f097da825d5" executionId="232c2f3f-78c7-47dd-aedf-f053b653107b" testListId="8c84fa94-04c1-424b-9868-57a2d4851a1d" />
    <TestEntry testId="515eeb7e-61d5-c493-3609-f4fff9d816c8" executionId="581b825e-198e-4722-8b0c-2d856bef455e" testListId="8c84fa94-04c1-424b-9868-57a2d4851a1d" />
    <TestEntry testId="f865539f-e482-49f3-986d-75c32537a890" executionId="1415593a-0080-42ca-897c-411934863738" testListId="8c84fa94-04c1-424b-9868-57a2d4851a1d" />
    <TestEntry testId="5520a926-ee97-8b5e-27ac-51cccdfa03c2" executionId="95895209-8627-4f38-82e6-cfe84dcc26d5" testListId="8c84fa94-04c1-424b-9868-57a2d4851a1d" />
    <TestEntry testId="019b787c-88b2-9680-3a7b-9251d2235f77" executionId="28f1c6ed-3ec1-4f6e-aae6-8beedd277d9f" testListId="8c84fa94-04c1-424b-9868-57a2d4851a1d" />
    <TestEntry testId="2a62cead-e620-26d3-a5ba-1cc8e4102c3f" executionId="cb7e9a77-b7f6-4fb9-bb19-3d7dd6fac8cf" testListId="8c84fa94-04c1-424b-9868-57a2d4851a1d" />
    <TestEntry testId="39bbe88c-a5a1-69b6-0e18-a75bb02edd6c" executionId="79eb93ff-9cf9-47d4-978d-111bb2c9e006" testListId="8c84fa94-04c1-424b-9868-57a2d4851a1d" />
    <TestEntry testId="019b787c-88b2-9680-3a7b-9251d2235f77" executionId="6b1faf54-05eb-4d5b-9578-25894b307dd0" testListId="8c84fa94-04c1-424b-9868-57a2d4851a1d" />
    <TestEntry testId="695a69c9-264c-d1c5-2032-535ef4bf39f9" executionId="03065b5f-81a3-4d60-bb97-71934bcb75ff" testListId="8c84fa94-04c1-424b-9868-57a2d4851a1d" />
    <TestEntry testId="5420ffd5-3f01-c052-e212-323500089f8f" executionId="893f9c95-fbde-4fa7-86fc-818d05418d2c" testListId="8c84fa94-04c1-424b-9868-57a2d4851a1d" />
    <TestEntry testId="019b787c-88b2-9680-3a7b-9251d2235f77" executionId="34cfef7d-c3c4-4c61-856f-ce91c55cf660" testListId="8c84fa94-04c1-424b-9868-57a2d4851a1d" />
    <TestEntry testId="019b787c-88b2-9680-3a7b-9251d2235f77" executionId="a9bc8212-78d0-41e8-99ac-1ffc317cb853" testListId="8c84fa94-04c1-424b-9868-57a2d4851a1d" />
    <TestEntry testId="695a69c9-264c-d1c5-2032-535ef4bf39f9" executionId="c4870d6b-1d52-46b8-810c-f012df7de2fb" testListId="8c84fa94-04c1-424b-9868-57a2d4851a1d" />
    <TestEntry testId="86a4302c-3509-e86d-f858-8f2b7079679f" executionId="d1943cd1-a3d7-4777-8b41-24114e055a34" testListId="8c84fa94-04c1-424b-9868-57a2d4851a1d" />
    <TestEntry testId="019b787c-88b2-9680-3a7b-9251d2235f77" executionId="fc5b1930-1d20-4636-93c8-15e1e793e02f" testListId="8c84fa94-04c1-424b-9868-57a2d4851a1d" />
    <TestEntry testId="30f0423f-1b09-42b6-b637-e89467ac2f31" executionId="814e5c91-bdbb-484b-9d04-4fc79edcc983" testListId="8c84fa94-04c1-424b-9868-57a2d4851a1d" />
    <TestEntry testId="019b787c-88b2-9680-3a7b-9251d2235f77" executionId="57d5d177-1a07-49e4-9ab1-229e766e02ee" testListId="8c84fa94-04c1-424b-9868-57a2d4851a1d" />
    <TestEntry testId="3f893d6a-c046-5485-0054-6c46ec78b5c8" executionId="939ff5c4-a8a3-4672-a33e-e2febc0a7558" testListId="8c84fa94-04c1-424b-9868-57a2d4851a1d" />
    <TestEntry testId="dae202ba-4fcd-7c5f-c73b-8a1a5f973999" executionId="c50171f9-a31d-4b5f-a8bb-d2e34f5c7be9" testListId="8c84fa94-04c1-424b-9868-57a2d4851a1d" />
    <TestEntry testId="1fc654e2-a171-bf77-3a52-672a424857fe" executionId="1c5473b5-9dae-40ce-a468-79fd3f1e13f8" testListId="8c84fa94-04c1-424b-9868-57a2d4851a1d" />
    <TestEntry testId="83bf1f64-3dd8-c8b5-e9fc-9d026172e802" executionId="f9247211-06f1-4f12-b37a-bf4ac09ec369" testListId="8c84fa94-04c1-424b-9868-57a2d4851a1d" />
    <TestEntry testId="08acea76-cb46-a433-f0e8-999081d1f845" executionId="c5246e3c-18c3-4e98-94d8-0b2acbdc02a7" testListId="8c84fa94-04c1-424b-9868-57a2d4851a1d" />
    <TestEntry testId="8029e08e-2ec6-ed77-563f-a9762b873350" executionId="b4a3d9cf-61bb-4a8b-82ff-b917897b279f" testListId="8c84fa94-04c1-424b-9868-57a2d4851a1d" />
    <TestEntry testId="f8bf9eff-2f45-1b88-ddc4-7815e979148f" executionId="edec4505-0313-46b3-a5a8-18b7a339b703" testListId="8c84fa94-04c1-424b-9868-57a2d4851a1d" />
    <TestEntry testId="f7e2c3f5-b106-4925-6a51-22456fb8e34f" executionId="520335f6-3120-411d-b48e-befb43ca82eb" testListId="8c84fa94-04c1-424b-9868-57a2d4851a1d" />
    <TestEntry testId="20ac2b51-4215-b649-1117-d394f7ddc223" executionId="c946b387-fb44-467f-ad5f-bd7eae81eefe" testListId="8c84fa94-04c1-424b-9868-57a2d4851a1d" />
    <TestEntry testId="695a69c9-264c-d1c5-2032-535ef4bf39f9" executionId="bfd9ab86-2d65-4a80-bf87-3d3353130ace" testListId="8c84fa94-04c1-424b-9868-57a2d4851a1d" />
    <TestEntry testId="695a69c9-264c-d1c5-2032-535ef4bf39f9" executionId="7b356b53-afd3-4b36-b499-84a8c89cacbe" testListId="8c84fa94-04c1-424b-9868-57a2d4851a1d" />
    <TestEntry testId="019b787c-88b2-9680-3a7b-9251d2235f77" executionId="34399689-6161-4465-bc5c-4b881561f745" testListId="8c84fa94-04c1-424b-9868-57a2d4851a1d" />
    <TestEntry testId="d1d95c81-6e9b-093c-3e99-158e7985243d" executionId="b4a3e189-6acf-4bb0-ab89-e9c21134df4c" testListId="8c84fa94-04c1-424b-9868-57a2d4851a1d" />
    <TestEntry testId="39bbe88c-a5a1-69b6-0e18-a75bb02edd6c" executionId="a79c8cfe-b42a-49b2-beb7-f0b43fe34172" testListId="8c84fa94-04c1-424b-9868-57a2d4851a1d" />
    <TestEntry testId="39bbe88c-a5a1-69b6-0e18-a75bb02edd6c" executionId="72400139-7d79-4852-8150-177443896326" testListId="8c84fa94-04c1-424b-9868-57a2d4851a1d" />
    <TestEntry testId="019b787c-88b2-9680-3a7b-9251d2235f77" executionId="d1023ff1-13cd-4c32-a301-55349e91f02f" testListId="8c84fa94-04c1-424b-9868-57a2d4851a1d" />
    <TestEntry testId="019b787c-88b2-9680-3a7b-9251d2235f77" executionId="0bd66922-b80c-4e48-99dc-71022af2cb83" testListId="8c84fa94-04c1-424b-9868-57a2d4851a1d" />
    <TestEntry testId="a78deea3-bfb0-a1f2-ed5d-5bf346af72ac" executionId="5370a7c0-8090-47b3-8c2b-a2637bfee5f4" testListId="8c84fa94-04c1-424b-9868-57a2d4851a1d" />
    <TestEntry testId="b5c40e53-4f35-9f2a-c7d0-67d888978dc2" executionId="43b937d4-2371-482b-bcaf-fa20f4221c01" testListId="8c84fa94-04c1-424b-9868-57a2d4851a1d" />
    <TestEntry testId="7fd5cacf-93f0-3703-5ac8-2d90ee197f99" executionId="12d3fe23-c067-4bcf-a07f-2c5464e7c8b7" testListId="8c84fa94-04c1-424b-9868-57a2d4851a1d" />
    <TestEntry testId="cf4a439c-27b0-78df-7b56-0dffca91ab7d" executionId="15f646a6-8dfa-4be3-9f19-5e32e85a3caa" testListId="8c84fa94-04c1-424b-9868-57a2d4851a1d" />
    <TestEntry testId="f57f44ff-3cd8-c36a-b19f-dba6c92d5304" executionId="5680c17d-f5e0-44d5-8768-424d5ab6af84" testListId="8c84fa94-04c1-424b-9868-57a2d4851a1d" />
    <TestEntry testId="4dc4f32d-9bfb-fd1b-9b0e-f58bba0e6da4" executionId="7ddee89f-6424-4c51-a2d6-c350d30e8ab2" testListId="8c84fa94-04c1-424b-9868-57a2d4851a1d" />
    <TestEntry testId="cf1d41b0-c511-1d81-4be6-ffdde60f1ca2" executionId="793cedb7-2ac0-441e-a106-887bc8973861" testListId="8c84fa94-04c1-424b-9868-57a2d4851a1d" />
    <TestEntry testId="23edb2c8-fcbd-621b-a3de-18d3790e4cf6" executionId="3509d15d-37ca-4216-91b6-3388bb892c02" testListId="8c84fa94-04c1-424b-9868-57a2d4851a1d" />
    <TestEntry testId="b3a66bc6-f596-05c7-89c8-4a1cb54f0d86" executionId="cf5e9e42-200a-4563-be8c-ce6f6942e0e9" testListId="8c84fa94-04c1-424b-9868-57a2d4851a1d" />
    <TestEntry testId="c8eb849b-c7a9-aaee-12fe-a5387bbfd05e" executionId="99de22e7-55ea-478a-924f-4ef4f6d0b8b4" testListId="8c84fa94-04c1-424b-9868-57a2d4851a1d" />
    <TestEntry testId="15e0d906-307f-1e45-3bd5-7d4b45322396" executionId="22f19a45-7ba5-42bf-b455-6470cacddc56" testListId="8c84fa94-04c1-424b-9868-57a2d4851a1d" />
    <TestEntry testId="b9961a83-e014-36f4-2b15-aefd5bfb9a01" executionId="2687f2b3-1a90-4fe3-b012-705ab178ef6f" testListId="8c84fa94-04c1-424b-9868-57a2d4851a1d" />
    <TestEntry testId="019b787c-88b2-9680-3a7b-9251d2235f77" executionId="96cff08a-8e71-4bb8-ad04-20c5736702b6" testListId="8c84fa94-04c1-424b-9868-57a2d4851a1d" />
    <TestEntry testId="0f531e69-1f12-1190-aa68-05486f6ccf03" executionId="3cd94ab6-0a6c-4444-bb7d-019c290531df" testListId="8c84fa94-04c1-424b-9868-57a2d4851a1d" />
    <TestEntry testId="019b787c-88b2-9680-3a7b-9251d2235f77" executionId="73996da1-fae1-4596-8f3e-5c667984c3a1" testListId="8c84fa94-04c1-424b-9868-57a2d4851a1d" />
    <TestEntry testId="472203bc-d05c-64f9-ce88-46acdbe6bd8e" executionId="4d513da4-9375-4a3c-94f2-7a34574e219c" testListId="8c84fa94-04c1-424b-9868-57a2d4851a1d" />
    <TestEntry testId="9b6250b3-8447-932a-3233-024575ad8065" executionId="9920b8e4-87b2-43bf-a8f2-2a43d07a83c0" testListId="8c84fa94-04c1-424b-9868-57a2d4851a1d" />
    <TestEntry testId="d537d5d5-5b52-80d5-1b17-6fd29b10aabb" executionId="2bbf3cef-85ee-4d8c-ab99-524784974097" testListId="8c84fa94-04c1-424b-9868-57a2d4851a1d" />
    <TestEntry testId="98ac1a9b-6a87-dea6-f328-d45565ab8a74" executionId="4fd4d31b-5bc0-45de-a451-cbb7b6eecbb1" testListId="8c84fa94-04c1-424b-9868-57a2d4851a1d" />
    <TestEntry testId="e6da6e17-a7dc-372a-d00f-51995b4afae5" executionId="a2881983-dfcb-43ba-ab3a-6cc5b70f2473" testListId="8c84fa94-04c1-424b-9868-57a2d4851a1d" />
    <TestEntry testId="089c705b-b0a2-4f20-0336-babaab0a0141" executionId="2788041e-1577-4bf2-917d-54cf4f3bdf89" testListId="8c84fa94-04c1-424b-9868-57a2d4851a1d" />
    <TestEntry testId="019b787c-88b2-9680-3a7b-9251d2235f77" executionId="9749abfe-b042-4237-b68a-843bcc706bdc" testListId="8c84fa94-04c1-424b-9868-57a2d4851a1d" />
    <TestEntry testId="4369dcf1-5e2f-7531-13b2-59e2fe71e139" executionId="07412840-0230-4524-892a-7af6b6b601b8" testListId="8c84fa94-04c1-424b-9868-57a2d4851a1d" />
    <TestEntry testId="019b787c-88b2-9680-3a7b-9251d2235f77" executionId="f29bd3c3-b9b1-46b3-9389-b402bcf22609" testListId="8c84fa94-04c1-424b-9868-57a2d4851a1d" />
    <TestEntry testId="147a2ea2-e7d5-78bc-0fa5-b0b95f387368" executionId="18804b19-3c52-4fac-b3a6-83a9bf2d555c" testListId="8c84fa94-04c1-424b-9868-57a2d4851a1d" />
    <TestEntry testId="7628da23-5ea6-ac25-9666-38ffc3ca7c0e" executionId="f9e91f64-ccfe-4921-87f6-91db69c80590" testListId="8c84fa94-04c1-424b-9868-57a2d4851a1d" />
    <TestEntry testId="f8708a08-c206-da47-baad-5439e03e34c6" executionId="130dcb2b-f207-4cd7-ba07-168f146b3791" testListId="8c84fa94-04c1-424b-9868-57a2d4851a1d" />
    <TestEntry testId="019b787c-88b2-9680-3a7b-9251d2235f77" executionId="2b7dffd6-12e9-439e-992b-4fd3ac3a8d13" testListId="8c84fa94-04c1-424b-9868-57a2d4851a1d" />
    <TestEntry testId="76d2adef-b55d-d2ac-47ae-3426173462ef" executionId="7081636e-dde5-44e0-8a1f-ea8d401e10a9" testListId="8c84fa94-04c1-424b-9868-57a2d4851a1d" />
    <TestEntry testId="d5329137-4f8c-01e1-5090-0971d9dda34f" executionId="a44fe6b5-558c-4124-a340-ee87db49b31e" testListId="8c84fa94-04c1-424b-9868-57a2d4851a1d" />
    <TestEntry testId="cf38923d-76ed-6194-accc-8ba8713a3402" executionId="0b609158-7b95-4268-a668-43662ebe369d" testListId="8c84fa94-04c1-424b-9868-57a2d4851a1d" />
    <TestEntry testId="f727b248-9add-f920-b0ce-770364245e70" executionId="1523762d-b95f-418c-a5ac-a54a49d79f35" testListId="8c84fa94-04c1-424b-9868-57a2d4851a1d" />
    <TestEntry testId="1e41b325-f949-0211-7305-fed8d85575b1" executionId="4e2ffa60-6d2f-497f-b3bb-3de7e7f734f6" testListId="8c84fa94-04c1-424b-9868-57a2d4851a1d" />
    <TestEntry testId="695a69c9-264c-d1c5-2032-535ef4bf39f9" executionId="296f356f-d067-4c03-9dff-78d4a8645767" testListId="8c84fa94-04c1-424b-9868-57a2d4851a1d" />
    <TestEntry testId="71bfb71b-9688-8e90-7438-b188db608146" executionId="d4b031f4-26ce-49cf-a358-0194bd653413" testListId="8c84fa94-04c1-424b-9868-57a2d4851a1d" />
    <TestEntry testId="2505d59d-98f2-1da3-de59-3985234df62f" executionId="fd9d2352-b605-4cb8-9dcf-2907b50dbe82" testListId="8c84fa94-04c1-424b-9868-57a2d4851a1d" />
    <TestEntry testId="df338da2-f3b5-3654-fd6c-a007ba790b8c" executionId="f271cc83-c2fd-4491-84ec-085e3dbcecd7" testListId="8c84fa94-04c1-424b-9868-57a2d4851a1d" />
    <TestEntry testId="923f641c-f972-2103-dac9-6a64c5950a95" executionId="3c9fca43-3199-48bc-a02f-e4912dfee5e3" testListId="8c84fa94-04c1-424b-9868-57a2d4851a1d" />
    <TestEntry testId="4cf6d071-f83e-386d-ea06-4f83615f48d9" executionId="0b806ed1-3247-41a1-9ffe-3de2dfc5a99a" testListId="8c84fa94-04c1-424b-9868-57a2d4851a1d" />
    <TestEntry testId="b8bf9acb-74c6-08bd-93e4-37e20e018719" executionId="fbe6913f-8f41-47d7-89bb-2216e590226a" testListId="8c84fa94-04c1-424b-9868-57a2d4851a1d" />
    <TestEntry testId="163f7b9e-335e-ce4b-224f-332b032bff09" executionId="bcd35c40-936f-4b5e-bcdf-ef7c404e9765" testListId="8c84fa94-04c1-424b-9868-57a2d4851a1d" />
    <TestEntry testId="edb2071c-a9b0-9440-b3f3-4b0aee9b2c92" executionId="84f6a181-3ef2-47d9-a730-64de84bf6582" testListId="8c84fa94-04c1-424b-9868-57a2d4851a1d" />
    <TestEntry testId="cd5b40ce-0ea2-8209-9eb7-8ff32457ab90" executionId="af0e1882-1a1b-471a-8aac-2e8fb69cdcf9" testListId="8c84fa94-04c1-424b-9868-57a2d4851a1d" />
    <TestEntry testId="019b787c-88b2-9680-3a7b-9251d2235f77" executionId="b370aa84-c401-4d80-987f-8f2a7f3a6e35" testListId="8c84fa94-04c1-424b-9868-57a2d4851a1d" />
    <TestEntry testId="fc816dc0-d2e7-a118-72b1-e30b55bda7fd" executionId="661f06f5-e7b1-4f39-af20-1829d74659a8" testListId="8c84fa94-04c1-424b-9868-57a2d4851a1d" />
    <TestEntry testId="019b787c-88b2-9680-3a7b-9251d2235f77" executionId="3931c20f-1bf7-4ea3-9fd3-db51ce99006b" testListId="8c84fa94-04c1-424b-9868-57a2d4851a1d" />
    <TestEntry testId="25ecfa4f-f473-2d64-471a-8f46f60bb777" executionId="7f12168c-facd-4f43-a83f-123d8d8fca89" testListId="8c84fa94-04c1-424b-9868-57a2d4851a1d" />
    <TestEntry testId="74492eba-d157-5c78-bb14-ceade27e4948" executionId="68aa8e3a-961d-44b5-acad-110b5f820b7f" testListId="8c84fa94-04c1-424b-9868-57a2d4851a1d" />
    <TestEntry testId="0b840d98-380a-90d4-d354-7d0747c94985" executionId="f9ae8d81-29b1-4577-ad6d-b142e101143a" testListId="8c84fa94-04c1-424b-9868-57a2d4851a1d" />
    <TestEntry testId="019b787c-88b2-9680-3a7b-9251d2235f77" executionId="2b5bc2c8-bef3-4977-a547-e8584cb1a94e" testListId="8c84fa94-04c1-424b-9868-57a2d4851a1d" />
    <TestEntry testId="019b787c-88b2-9680-3a7b-9251d2235f77" executionId="80c2011f-76bc-4c54-bf29-a296f027ef0a" testListId="8c84fa94-04c1-424b-9868-57a2d4851a1d" />
    <TestEntry testId="9b91ebe4-16e7-c36a-4fc9-08dc5ede6102" executionId="e873c5fe-d132-4411-89c2-7727bbdd7230" testListId="8c84fa94-04c1-424b-9868-57a2d4851a1d" />
    <TestEntry testId="7c725e47-d57a-18cf-b691-ed651bcd01e3" executionId="22d670bd-ab88-468d-93ab-89a5dd002bdc" testListId="8c84fa94-04c1-424b-9868-57a2d4851a1d" />
    <TestEntry testId="7331f2c9-9096-f35c-90b3-50b40753cd52" executionId="1ed4fbe7-753a-4aac-9cca-c7f71bd57c95" testListId="8c84fa94-04c1-424b-9868-57a2d4851a1d" />
    <TestEntry testId="019b787c-88b2-9680-3a7b-9251d2235f77" executionId="0966bdfb-f087-4f93-ac8b-ae175e330909" testListId="8c84fa94-04c1-424b-9868-57a2d4851a1d" />
    <TestEntry testId="e7fb445d-a768-9f1b-9305-54ec3641f4aa" executionId="bee77922-2a1f-4f59-93f0-eae93011b3f4" testListId="8c84fa94-04c1-424b-9868-57a2d4851a1d" />
    <TestEntry testId="019b787c-88b2-9680-3a7b-9251d2235f77" executionId="a79e1a8b-fcc7-45ec-b53a-aa3429ba8141" testListId="8c84fa94-04c1-424b-9868-57a2d4851a1d" />
    <TestEntry testId="5244d254-212b-0033-7cc8-9d71b4f78ec9" executionId="19f252ef-8ee4-4aa8-9531-98365b1a7a9a" testListId="8c84fa94-04c1-424b-9868-57a2d4851a1d" />
    <TestEntry testId="795a966c-43b0-a4ea-6171-6ba2b6de49a4" executionId="b1012b27-634c-4481-a51c-ecbb7d3e26af" testListId="8c84fa94-04c1-424b-9868-57a2d4851a1d" />
    <TestEntry testId="8cec8bf0-7e2e-da22-085d-1e07fea50044" executionId="eeb859fc-41c6-49d8-bfff-6f1a8ef41d9b" testListId="8c84fa94-04c1-424b-9868-57a2d4851a1d" />
    <TestEntry testId="695a69c9-264c-d1c5-2032-535ef4bf39f9" executionId="22b830b1-a5f3-4b0e-b40e-13eb2bfbc4a9" testListId="8c84fa94-04c1-424b-9868-57a2d4851a1d" />
    <TestEntry testId="fd241181-d48b-d098-e700-e572436ff44c" executionId="75bcde3e-57ce-4b4a-b2b8-036fb612676d" testListId="8c84fa94-04c1-424b-9868-57a2d4851a1d" />
    <TestEntry testId="39bbe88c-a5a1-69b6-0e18-a75bb02edd6c" executionId="cce3206c-5f2a-4fed-a018-301e5c9e6fa2" testListId="8c84fa94-04c1-424b-9868-57a2d4851a1d" />
    <TestEntry testId="05acc31b-4d42-8518-2527-595db733ea2c" executionId="dc739188-9de5-4dc4-8d17-eb7a37bd661a" testListId="8c84fa94-04c1-424b-9868-57a2d4851a1d" />
    <TestEntry testId="39bbe88c-a5a1-69b6-0e18-a75bb02edd6c" executionId="e92d1d05-df8a-4cc2-a2d8-673fc7c7e169" testListId="8c84fa94-04c1-424b-9868-57a2d4851a1d" />
    <TestEntry testId="5959079a-7e1e-eb78-6ff2-9e00f88d90ec" executionId="82544603-ecf7-4e9a-9c5e-5412d43ec16f" testListId="8c84fa94-04c1-424b-9868-57a2d4851a1d" />
    <TestEntry testId="d7c5ef52-816c-7850-caa7-10642d9f81e3" executionId="7c84c752-7450-47d9-a85a-ed85cb8be594" testListId="8c84fa94-04c1-424b-9868-57a2d4851a1d" />
    <TestEntry testId="d85ea6cb-b578-b631-0e48-81c4a9519feb" executionId="f3e5d378-9527-4fe9-b09e-d828e64aaf9d" testListId="8c84fa94-04c1-424b-9868-57a2d4851a1d" />
    <TestEntry testId="01f0e9b6-7a7f-6c3d-c42c-2c4a03d6e0f0" executionId="13f0ffd0-fd81-4b70-8436-0808ca23ce86" testListId="8c84fa94-04c1-424b-9868-57a2d4851a1d" />
    <TestEntry testId="37e6c8b1-fcd9-734e-b323-21d4c73996f9" executionId="d206138f-f9aa-44e5-b3c6-ff6693dd7b1a" testListId="8c84fa94-04c1-424b-9868-57a2d4851a1d" />
    <TestEntry testId="e9363b57-7b56-3a3b-5e56-7db6d32f94ce" executionId="963b7d7d-c665-4536-b4fa-5fffbc147cca" testListId="8c84fa94-04c1-424b-9868-57a2d4851a1d" />
    <TestEntry testId="445bbdb1-1ff1-aa22-e907-a127ba978158" executionId="ae39c947-8b36-42d6-83a8-0d964dbec939" testListId="8c84fa94-04c1-424b-9868-57a2d4851a1d" />
    <TestEntry testId="61c3d6f9-5d78-df6a-5eaa-9bb3522e90a6" executionId="4bcc1255-0741-4395-a647-8aaf42692c62" testListId="8c84fa94-04c1-424b-9868-57a2d4851a1d" />
    <TestEntry testId="019b787c-88b2-9680-3a7b-9251d2235f77" executionId="8b4a574c-ffe8-414c-a4a3-dd8b621891e7" testListId="8c84fa94-04c1-424b-9868-57a2d4851a1d" />
    <TestEntry testId="87114bf8-ac51-6312-d09c-5d17ad042fd8" executionId="4ce628c2-9439-4c56-99d9-f4e9b2b9efb9" testListId="8c84fa94-04c1-424b-9868-57a2d4851a1d" />
    <TestEntry testId="46c74d2f-2f56-b49c-17c0-2c98b6c95470" executionId="65b3e062-7ff2-4af1-aaf2-2a81a35314cd" testListId="8c84fa94-04c1-424b-9868-57a2d4851a1d" />
    <TestEntry testId="aa98561e-5a04-e6a8-f149-9f0cda89953a" executionId="f837f7d5-4bce-4782-8ec0-47d98a72e9c4" testListId="8c84fa94-04c1-424b-9868-57a2d4851a1d" />
    <TestEntry testId="019b787c-88b2-9680-3a7b-9251d2235f77" executionId="2e3582a5-5e7c-43af-812e-fa1fa4fb6f80" testListId="8c84fa94-04c1-424b-9868-57a2d4851a1d" />
    <TestEntry testId="461a161d-c2a6-317b-55b2-42876b47e76b" executionId="99fb1d1a-14d2-4faf-8c94-d04ab0be958c" testListId="8c84fa94-04c1-424b-9868-57a2d4851a1d" />
    <TestEntry testId="b299e743-a7fb-33d2-7a4b-e22d28dead4d" executionId="cb9e6ee1-04fe-4cbd-94a2-d0312af856c3" testListId="8c84fa94-04c1-424b-9868-57a2d4851a1d" />
    <TestEntry testId="83a2fa87-c922-47bb-0958-9d8492aaca20" executionId="37754b94-e506-40f0-8bab-41f8bebedd63" testListId="8c84fa94-04c1-424b-9868-57a2d4851a1d" />
    <TestEntry testId="019b787c-88b2-9680-3a7b-9251d2235f77" executionId="0280a48f-d91b-485b-a2c9-20c217cd1e63" testListId="8c84fa94-04c1-424b-9868-57a2d4851a1d" />
    <TestEntry testId="1e9ea4f5-6bf5-6dd3-ca43-04305ddbe3a1" executionId="5d9005a6-05d9-45f4-b25b-c5a76a9f87d2" testListId="8c84fa94-04c1-424b-9868-57a2d4851a1d" />
    <TestEntry testId="8659df1d-9590-23b9-0105-1a749d3a4d11" executionId="73888531-177c-40f8-8d69-dd6ff082795d" testListId="8c84fa94-04c1-424b-9868-57a2d4851a1d" />
    <TestEntry testId="019b787c-88b2-9680-3a7b-9251d2235f77" executionId="2deef2e4-45d1-4033-aa8c-83f597d65790" testListId="8c84fa94-04c1-424b-9868-57a2d4851a1d" />
    <TestEntry testId="90b19d04-447c-abf4-5496-02cf3df6a21b" executionId="7ad27e34-5c26-4333-a012-afd4b93b1c79" testListId="8c84fa94-04c1-424b-9868-57a2d4851a1d" />
    <TestEntry testId="e653aadb-4794-f403-a7dc-c5068f96b3b3" executionId="5c52fdd0-de2c-44c5-a3b6-df8d068f7822" testListId="8c84fa94-04c1-424b-9868-57a2d4851a1d" />
    <TestEntry testId="3d2736a1-3094-12d8-983b-64fb610da2d5" executionId="ca00b9ee-4526-4ab0-b85d-62fcaaa2199b" testListId="8c84fa94-04c1-424b-9868-57a2d4851a1d" />
    <TestEntry testId="ba58e272-d8b6-caec-b83d-e7a130385992" executionId="fc26b4ca-7151-4097-8cc9-8d7534ce856d" testListId="8c84fa94-04c1-424b-9868-57a2d4851a1d" />
    <TestEntry testId="55910a8c-d093-1da9-45b2-c45119aa9307" executionId="dcc77051-e4dc-4e28-9d28-1b3d479ac97e" testListId="8c84fa94-04c1-424b-9868-57a2d4851a1d" />
    <TestEntry testId="a15d13d3-8042-c37e-70dc-344ac550358f" executionId="c6abd0c3-c9bd-492c-a743-2ae1a9dbe9c2" testListId="8c84fa94-04c1-424b-9868-57a2d4851a1d" />
    <TestEntry testId="0bbc467c-b09d-7dd4-c170-a47e9ceeb39a" executionId="be6d5c9e-f6c0-4102-b809-dd4cd9b58e42" testListId="8c84fa94-04c1-424b-9868-57a2d4851a1d" />
    <TestEntry testId="8437e574-9089-9cd4-9362-c1f69c2cffef" executionId="7e222116-aae4-4a2a-9f46-b13e18e5d39e" testListId="8c84fa94-04c1-424b-9868-57a2d4851a1d" />
    <TestEntry testId="6b9b9713-e85e-f591-1830-1afb35e40ab1" executionId="1dd77df1-b197-45ea-b964-fdb84d66b434" testListId="8c84fa94-04c1-424b-9868-57a2d4851a1d" />
    <TestEntry testId="f93031f9-8e60-def6-2c13-53e044b49cfa" executionId="3d7cb635-45a8-4431-ab16-b331d99a7613" testListId="8c84fa94-04c1-424b-9868-57a2d4851a1d" />
    <TestEntry testId="1910094a-11f1-3090-9f2c-785829c25845" executionId="38740483-34f6-4801-b161-f9097a20be47" testListId="8c84fa94-04c1-424b-9868-57a2d4851a1d" />
    <TestEntry testId="1ebcf0c4-1580-50dc-b3ed-56f684fa5542" executionId="df94bb1f-0b3d-4036-aad5-5ab0da4322ce" testListId="8c84fa94-04c1-424b-9868-57a2d4851a1d" />
    <TestEntry testId="54e0a357-6226-62e9-0f38-3039baca7793" executionId="9e819345-fc21-4997-bc70-3fb87cbcb22c" testListId="8c84fa94-04c1-424b-9868-57a2d4851a1d" />
    <TestEntry testId="019b787c-88b2-9680-3a7b-9251d2235f77" executionId="e3286304-2c73-4bf0-911d-522f60815127" testListId="8c84fa94-04c1-424b-9868-57a2d4851a1d" />
    <TestEntry testId="019b787c-88b2-9680-3a7b-9251d2235f77" executionId="45f4b988-9e57-4961-afe0-2fdd952e4724" testListId="8c84fa94-04c1-424b-9868-57a2d4851a1d" />
    <TestEntry testId="6f8f1d88-4e7f-f07a-b8bc-feec54f71c6d" executionId="69bec2ad-ca05-4fdd-88a5-a5cd57a47d17" testListId="8c84fa94-04c1-424b-9868-57a2d4851a1d" />
    <TestEntry testId="f88e4641-2a26-2a26-f908-114a43405de6" executionId="17ab804d-580d-424f-a640-a25d81bf6fbc" testListId="8c84fa94-04c1-424b-9868-57a2d4851a1d" />
    <TestEntry testId="3fb4f869-a0aa-2653-85d0-dd6d4fe522f3" executionId="5390daa2-4776-4987-8f94-5e7fbf300159" testListId="8c84fa94-04c1-424b-9868-57a2d4851a1d" />
    <TestEntry testId="2648be5d-e148-8a09-a4f1-5d5fe926849d" executionId="ce3db006-b85a-427a-843b-bf6cb7d21e32" testListId="8c84fa94-04c1-424b-9868-57a2d4851a1d" />
    <TestEntry testId="75f8a94a-6cf3-2b09-2106-fb7d8e0ad1b0" executionId="e05313b3-b3ef-4524-bd21-14b12879442e" testListId="8c84fa94-04c1-424b-9868-57a2d4851a1d" />
    <TestEntry testId="b1aa387a-b804-eef8-04a9-86fccb134677" executionId="25a59415-57a5-4bc9-a652-b8609094d98c" testListId="8c84fa94-04c1-424b-9868-57a2d4851a1d" />
    <TestEntry testId="3d136244-d4b6-b736-b951-fbd5d973502f" executionId="f2b75d54-b15c-4fb7-9427-aa156525de89" testListId="8c84fa94-04c1-424b-9868-57a2d4851a1d" />
    <TestEntry testId="b72a4387-87e8-ca97-fa56-cf5c6eb7d801" executionId="c0f93ffb-b36f-4d74-8550-dbbe6f974967" testListId="8c84fa94-04c1-424b-9868-57a2d4851a1d" />
    <TestEntry testId="5641d373-584d-ead9-2539-aec1220dd212" executionId="62ecda69-d653-49e8-ae65-a041e2ed4050" testListId="8c84fa94-04c1-424b-9868-57a2d4851a1d" />
    <TestEntry testId="68e7083c-6901-b7a7-4d4f-c99579897219" executionId="7f0162f9-c6d6-4064-a1ea-d6aef09afa0f" testListId="8c84fa94-04c1-424b-9868-57a2d4851a1d" />
    <TestEntry testId="92f98446-a2a5-f3ce-a254-99c30f6d5223" executionId="d1beb35b-7b54-48a0-a492-c6256ef5bc49" testListId="8c84fa94-04c1-424b-9868-57a2d4851a1d" />
    <TestEntry testId="019b787c-88b2-9680-3a7b-9251d2235f77" executionId="12bd8b9d-978f-49b8-b436-c02807ac020e" testListId="8c84fa94-04c1-424b-9868-57a2d4851a1d" />
    <TestEntry testId="e7c42dc5-205a-7b7d-b007-ff9e15584ee5" executionId="2bcbce69-c9ad-4f14-b2f5-67607d9ac14c" testListId="8c84fa94-04c1-424b-9868-57a2d4851a1d" />
    <TestEntry testId="b4b5e458-d159-2282-5ef2-e2b9f5d4e2cf" executionId="1d8953f8-f05f-46ce-8409-9e532207845e" testListId="8c84fa94-04c1-424b-9868-57a2d4851a1d" />
    <TestEntry testId="019b787c-88b2-9680-3a7b-9251d2235f77" executionId="b3c0c9f6-8c83-44b3-a8b4-d47793cfb64e" testListId="8c84fa94-04c1-424b-9868-57a2d4851a1d" />
    <TestEntry testId="019b787c-88b2-9680-3a7b-9251d2235f77" executionId="18329e2f-9b2f-4722-bc35-c8bb3b4ec167" testListId="8c84fa94-04c1-424b-9868-57a2d4851a1d" />
    <TestEntry testId="019b787c-88b2-9680-3a7b-9251d2235f77" executionId="b64f2eac-313b-4d05-b525-16038fb3d3fe" testListId="8c84fa94-04c1-424b-9868-57a2d4851a1d" />
    <TestEntry testId="6e9d5866-39dd-1b3d-2fde-7ddaf2286299" executionId="72c99918-cdd0-4600-bfb6-36971077b0d0" testListId="8c84fa94-04c1-424b-9868-57a2d4851a1d" />
    <TestEntry testId="5037b3d5-9ce3-2842-1ff4-13e61ec938aa" executionId="fc7ed785-ef8c-49dd-a7cc-8d6128de54dc" testListId="8c84fa94-04c1-424b-9868-57a2d4851a1d" />
    <TestEntry testId="227a4222-7f10-3a0c-373c-971ed36457ef" executionId="da74eca0-cf6a-497d-870c-39cf660c3fad" testListId="8c84fa94-04c1-424b-9868-57a2d4851a1d" />
    <TestEntry testId="019b787c-88b2-9680-3a7b-9251d2235f77" executionId="190d9d21-c209-4fd5-a568-91cc5c909237" testListId="8c84fa94-04c1-424b-9868-57a2d4851a1d" />
    <TestEntry testId="5a4ab743-32b0-1641-16fc-f6a386fab3c6" executionId="235755a4-9055-42f3-892c-341cb322e47d" testListId="8c84fa94-04c1-424b-9868-57a2d4851a1d" />
    <TestEntry testId="019b787c-88b2-9680-3a7b-9251d2235f77" executionId="60458ebc-91b8-42c7-ad50-70e4c5bc3b03" testListId="8c84fa94-04c1-424b-9868-57a2d4851a1d" />
    <TestEntry testId="5e3f1b9c-5363-4c24-cae6-e2a0d62d64c1" executionId="34f76942-8ad8-41cf-80af-e33490a25480" testListId="8c84fa94-04c1-424b-9868-57a2d4851a1d" />
    <TestEntry testId="79517d9a-c10b-f5e3-616b-40435aec7ac1" executionId="fafe12e1-75b8-4b24-b9dc-ed11c5ba0b06" testListId="8c84fa94-04c1-424b-9868-57a2d4851a1d" />
    <TestEntry testId="2d83c8fc-1303-eeb8-b544-4d58c2aa8aa3" executionId="3b9e8f42-c075-4f09-9e0f-bc20c475670e" testListId="8c84fa94-04c1-424b-9868-57a2d4851a1d" />
    <TestEntry testId="019b787c-88b2-9680-3a7b-9251d2235f77" executionId="de438943-16cf-436c-a579-3bcfaebb9688" testListId="8c84fa94-04c1-424b-9868-57a2d4851a1d" />
    <TestEntry testId="8cd9944b-15be-2a68-9780-48b60500714e" executionId="b3d11480-4291-464d-b7f4-6ed20f8ca023" testListId="8c84fa94-04c1-424b-9868-57a2d4851a1d" />
    <TestEntry testId="695a69c9-264c-d1c5-2032-535ef4bf39f9" executionId="a6a423b0-e9cc-479a-94f8-970e5b73bd82" testListId="8c84fa94-04c1-424b-9868-57a2d4851a1d" />
    <TestEntry testId="019b787c-88b2-9680-3a7b-9251d2235f77" executionId="fc1f8876-7d23-4e14-b496-9a9cf9d6e583" testListId="8c84fa94-04c1-424b-9868-57a2d4851a1d" />
    <TestEntry testId="487688a6-207b-9c71-cf35-2c8bf543ed26" executionId="1422c820-f0b6-493d-97e2-974f8782fe43" testListId="8c84fa94-04c1-424b-9868-57a2d4851a1d" />
    <TestEntry testId="019b787c-88b2-9680-3a7b-9251d2235f77" executionId="5a27d9ce-21b0-44d4-b687-358f345720d0" testListId="8c84fa94-04c1-424b-9868-57a2d4851a1d" />
    <TestEntry testId="dca001ea-e0a0-0eba-54b4-cfd8e9de5138" executionId="8b21140b-295d-46ca-964f-2c431d6b1ab7" testListId="8c84fa94-04c1-424b-9868-57a2d4851a1d" />
    <TestEntry testId="019b787c-88b2-9680-3a7b-9251d2235f77" executionId="f8076275-14f5-4f2e-b483-61707cd8e1cd" testListId="8c84fa94-04c1-424b-9868-57a2d4851a1d" />
    <TestEntry testId="db8ff3e6-4925-9926-8a25-93a35b9735f4" executionId="3c8c675b-321b-4a26-a8c3-a1e27c6a9937" testListId="8c84fa94-04c1-424b-9868-57a2d4851a1d" />
    <TestEntry testId="b81ff06d-ed44-2d26-71f0-579383fd8f5f" executionId="8acc3259-18b5-45a3-b0ae-3b596726ac93" testListId="8c84fa94-04c1-424b-9868-57a2d4851a1d" />
    <TestEntry testId="26982ab6-04c9-3e4b-8f17-d44c909897bb" executionId="9a7f1594-b46b-48cd-98c8-dd1e46bd23a4" testListId="8c84fa94-04c1-424b-9868-57a2d4851a1d" />
    <TestEntry testId="20b13243-5e0f-f362-c9ac-cd5268dc2160" executionId="048c4250-811e-4b35-8996-971523735fa1" testListId="8c84fa94-04c1-424b-9868-57a2d4851a1d" />
    <TestEntry testId="019b787c-88b2-9680-3a7b-9251d2235f77" executionId="3dd8e848-c492-4d3a-89aa-f355e06c49d4" testListId="8c84fa94-04c1-424b-9868-57a2d4851a1d" />
    <TestEntry testId="019b787c-88b2-9680-3a7b-9251d2235f77" executionId="0c2aedc0-27f6-47e8-855a-3eab3603631c" testListId="8c84fa94-04c1-424b-9868-57a2d4851a1d" />
    <TestEntry testId="79477143-224d-6cdd-336e-a69598ba5622" executionId="0d1d19e1-1b97-43e9-b0ee-f3260a6edb0d" testListId="8c84fa94-04c1-424b-9868-57a2d4851a1d" />
    <TestEntry testId="a6dd1a29-b6e8-c8f5-5c55-745584194527" executionId="1117b797-efc6-423a-8a32-19e2911fa4bd" testListId="8c84fa94-04c1-424b-9868-57a2d4851a1d" />
    <TestEntry testId="019b787c-88b2-9680-3a7b-9251d2235f77" executionId="99f9e55a-9766-4e9e-918a-271788117359" testListId="8c84fa94-04c1-424b-9868-57a2d4851a1d" />
    <TestEntry testId="f747cd0c-8db8-cc13-37d8-3c01c5930064" executionId="ae37cd59-c78f-4c7f-a383-d11090af882f" testListId="8c84fa94-04c1-424b-9868-57a2d4851a1d" />
    <TestEntry testId="9b9ae47c-d631-eb43-50f2-91553a0a270f" executionId="1b19b1b3-0617-4111-b22c-37bea2a9f32e" testListId="8c84fa94-04c1-424b-9868-57a2d4851a1d" />
    <TestEntry testId="39bbe88c-a5a1-69b6-0e18-a75bb02edd6c" executionId="7ae33024-6ef3-4cae-a36b-11c9e2bff6fc" testListId="8c84fa94-04c1-424b-9868-57a2d4851a1d" />
    <TestEntry testId="fcb2a14f-7561-9359-add7-246738fd4eb3" executionId="acecc299-b263-40c0-a525-19c20a5e1616" testListId="8c84fa94-04c1-424b-9868-57a2d4851a1d" />
    <TestEntry testId="7585f39e-1c3f-de17-75a2-5614013bcb55" executionId="0d82f0b1-a900-478f-8a58-555845081b4f" testListId="8c84fa94-04c1-424b-9868-57a2d4851a1d" />
    <TestEntry testId="8020b6c9-06dd-e573-da49-69277ef054f9" executionId="296618a4-57b9-4dbf-b84c-c38feac3effd" testListId="8c84fa94-04c1-424b-9868-57a2d4851a1d" />
    <TestEntry testId="d158949d-d42b-cc3b-e915-118b27fc08de" executionId="527359a7-b960-4ebd-a7ed-bb6645980a7f" testListId="8c84fa94-04c1-424b-9868-57a2d4851a1d" />
    <TestEntry testId="f435aeed-ca7f-a615-ebbd-867b53997dd6" executionId="eae624d5-33d2-4660-a95f-2a996a56e443" testListId="8c84fa94-04c1-424b-9868-57a2d4851a1d" />
    <TestEntry testId="f53d4cc0-6797-0aae-4cd5-6c0b0e0c1468" executionId="8b4d313c-40e4-49e8-967b-0d431abc007e" testListId="8c84fa94-04c1-424b-9868-57a2d4851a1d" />
    <TestEntry testId="d82b29d6-a845-5b99-7d4c-77ec17dee196" executionId="397e7288-8bb4-4e47-bc0b-b115d04f04ff" testListId="8c84fa94-04c1-424b-9868-57a2d4851a1d" />
    <TestEntry testId="e894d167-d134-2c41-e94c-e778d316b710" executionId="b85b5dbd-2a11-42ba-aee8-af72b3bbea37" testListId="8c84fa94-04c1-424b-9868-57a2d4851a1d" />
    <TestEntry testId="282b37b2-b623-92c5-6e9e-5061d06b8f7a" executionId="acc99acc-8c09-47c0-8b7c-d55330259f20" testListId="8c84fa94-04c1-424b-9868-57a2d4851a1d" />
    <TestEntry testId="f3a2e136-cfad-9a52-2cff-ca29c3870f63" executionId="7a43a0df-3d65-4c81-87b6-a354a4fad541" testListId="8c84fa94-04c1-424b-9868-57a2d4851a1d" />
    <TestEntry testId="c7785b27-cac0-ee54-f9ef-217e039e1a39" executionId="aa95f648-bdcd-4e31-94fd-910e322cc0e7" testListId="8c84fa94-04c1-424b-9868-57a2d4851a1d" />
    <TestEntry testId="39bbe88c-a5a1-69b6-0e18-a75bb02edd6c" executionId="ac1b8c2e-9b56-4b08-933f-10c68b31c970" testListId="8c84fa94-04c1-424b-9868-57a2d4851a1d" />
    <TestEntry testId="2487a927-9554-27d5-8a7c-14356b5d0066" executionId="c13b714e-5808-4cfc-bb8c-62111a86467e" testListId="8c84fa94-04c1-424b-9868-57a2d4851a1d" />
    <TestEntry testId="fdae22cf-361b-08cf-aa3d-f3a8ac4cb6ce" executionId="b0b949a9-4cfe-4e7c-8201-3fd716bda51c" testListId="8c84fa94-04c1-424b-9868-57a2d4851a1d" />
    <TestEntry testId="695a69c9-264c-d1c5-2032-535ef4bf39f9" executionId="55bd5774-573e-4a5b-b89b-dc9962b68f6d" testListId="8c84fa94-04c1-424b-9868-57a2d4851a1d" />
    <TestEntry testId="b07333b3-9164-5021-7076-4471e70d1dda" executionId="b364e893-256b-4d72-82b3-c8b7b4ae8002" testListId="8c84fa94-04c1-424b-9868-57a2d4851a1d" />
    <TestEntry testId="6c0b243c-4f36-bf2b-a87d-964283fca94d" executionId="a094f2b6-e875-4610-ba04-0f78bf12a17d" testListId="8c84fa94-04c1-424b-9868-57a2d4851a1d" />
    <TestEntry testId="9537baed-23f5-c2a3-6c3c-17538608574f" executionId="22dd85d5-a120-4a85-9eb7-6f8479b7cb89" testListId="8c84fa94-04c1-424b-9868-57a2d4851a1d" />
    <TestEntry testId="97f35db3-5f4a-85ed-1291-b40b432c5f8b" executionId="a4b79d51-40a6-441e-8089-4a2b0c5bfd7e" testListId="8c84fa94-04c1-424b-9868-57a2d4851a1d" />
    <TestEntry testId="019b787c-88b2-9680-3a7b-9251d2235f77" executionId="122cc81b-ac83-4f08-95cf-072374082efc" testListId="8c84fa94-04c1-424b-9868-57a2d4851a1d" />
    <TestEntry testId="b3bdca87-ed98-c0b8-ae9c-d5d379e73617" executionId="d4b4a4e0-dfe8-4a77-ae4f-3fa9c40ce9ab" testListId="8c84fa94-04c1-424b-9868-57a2d4851a1d" />
    <TestEntry testId="c98edb76-81cb-9bd6-658c-5c87dabc73d6" executionId="e92ffec9-16f3-44ec-a646-6608f9c07118" testListId="8c84fa94-04c1-424b-9868-57a2d4851a1d" />
    <TestEntry testId="39bbe88c-a5a1-69b6-0e18-a75bb02edd6c" executionId="43b80005-35b1-46d4-b0ee-1dfbaf48f2b8" testListId="8c84fa94-04c1-424b-9868-57a2d4851a1d" />
    <TestEntry testId="0bd7dc14-dbdd-446d-d84e-f92a3f6c885a" executionId="47b7d8e0-5856-46cf-a83c-7d4529b64ef0" testListId="8c84fa94-04c1-424b-9868-57a2d4851a1d" />
    <TestEntry testId="019b787c-88b2-9680-3a7b-9251d2235f77" executionId="47c03af7-2708-4a97-9fcd-a93209ef13ca" testListId="8c84fa94-04c1-424b-9868-57a2d4851a1d" />
    <TestEntry testId="39bbe88c-a5a1-69b6-0e18-a75bb02edd6c" executionId="823607bf-df66-440c-80e5-5baa6ce754de" testListId="8c84fa94-04c1-424b-9868-57a2d4851a1d" />
    <TestEntry testId="f25a24f7-8cfb-d107-c864-634db342f377" executionId="e14bf893-d881-49cc-bdc3-cb051e10b057" testListId="8c84fa94-04c1-424b-9868-57a2d4851a1d" />
    <TestEntry testId="8e521eda-7e9d-ae46-75a3-116cc948ee51" executionId="97bf8f77-5f9a-4d0e-baa5-f5069ba87f65" testListId="8c84fa94-04c1-424b-9868-57a2d4851a1d" />
    <TestEntry testId="39bbe88c-a5a1-69b6-0e18-a75bb02edd6c" executionId="2338741b-2dfa-4145-9523-69accf125904" testListId="8c84fa94-04c1-424b-9868-57a2d4851a1d" />
    <TestEntry testId="6ba0059c-c782-0be0-ae59-1d333827844e" executionId="80aeb66b-6e49-400c-9289-746fa0930ce0" testListId="8c84fa94-04c1-424b-9868-57a2d4851a1d" />
    <TestEntry testId="efcdfc2c-a233-d129-5170-e6b7906ee10e" executionId="a8dc7af6-8bb5-4c96-a3e2-371f22498297" testListId="8c84fa94-04c1-424b-9868-57a2d4851a1d" />
    <TestEntry testId="92467cf7-216c-ed40-e7d5-8b8f12ec850b" executionId="3011b1db-ede4-41a7-bfe6-a01fffb2265d" testListId="8c84fa94-04c1-424b-9868-57a2d4851a1d" />
    <TestEntry testId="6c4b0163-9bc9-56b5-6ffb-724152b0a509" executionId="434d9c34-86f7-49ef-b1af-9d978b604ad9" testListId="8c84fa94-04c1-424b-9868-57a2d4851a1d" />
    <TestEntry testId="39bbe88c-a5a1-69b6-0e18-a75bb02edd6c" executionId="02a5f2d5-f164-4dd4-a4d1-913d33861841" testListId="8c84fa94-04c1-424b-9868-57a2d4851a1d" />
    <TestEntry testId="019b787c-88b2-9680-3a7b-9251d2235f77" executionId="77f436c8-e63a-4c2b-b54d-f945a8197653" testListId="8c84fa94-04c1-424b-9868-57a2d4851a1d" />
    <TestEntry testId="267f8d2f-9d7d-b9e7-1688-1f58aa68e10a" executionId="a5eac802-f35d-4ced-8b84-9d3d8e8b60ed" testListId="8c84fa94-04c1-424b-9868-57a2d4851a1d" />
    <TestEntry testId="3223c49a-92b3-2eda-10bf-966dc7dedc0a" executionId="88b914d2-8d57-4dcf-8977-b56db142d820" testListId="8c84fa94-04c1-424b-9868-57a2d4851a1d" />
    <TestEntry testId="f727b248-9add-f920-b0ce-770364245e70" executionId="d837eeb7-6af5-47d6-878a-a89e9b911696" testListId="8c84fa94-04c1-424b-9868-57a2d4851a1d" />
    <TestEntry testId="b0be79be-fddb-09a3-e92a-5891372b2f8b" executionId="7af56014-d799-44dd-99bd-e32e533de232" testListId="8c84fa94-04c1-424b-9868-57a2d4851a1d" />
    <TestEntry testId="695a69c9-264c-d1c5-2032-535ef4bf39f9" executionId="d70dad14-ee0e-4880-b029-2bf2cb9e5f98" testListId="8c84fa94-04c1-424b-9868-57a2d4851a1d" />
    <TestEntry testId="4c18affd-5000-7ddd-dc31-57470c1b7f99" executionId="5b4cafb8-07ec-4687-a1d1-b1b5765a8d9c" testListId="8c84fa94-04c1-424b-9868-57a2d4851a1d" />
    <TestEntry testId="39bbe88c-a5a1-69b6-0e18-a75bb02edd6c" executionId="7bdb3353-afe5-43ff-867c-4db2ebda6beb" testListId="8c84fa94-04c1-424b-9868-57a2d4851a1d" />
    <TestEntry testId="653f8ab8-44c4-677b-d828-006ba78a3d70" executionId="6b746495-30d7-4263-9bf1-88e2433b1323" testListId="8c84fa94-04c1-424b-9868-57a2d4851a1d" />
    <TestEntry testId="d967ea0f-1dc4-274d-f906-2cc92b35abf3" executionId="72e8441c-7566-4112-bb7f-a74db623079b" testListId="8c84fa94-04c1-424b-9868-57a2d4851a1d" />
    <TestEntry testId="019b787c-88b2-9680-3a7b-9251d2235f77" executionId="1a8a16f0-f28a-4c3a-bf93-510951e13daf" testListId="8c84fa94-04c1-424b-9868-57a2d4851a1d" />
    <TestEntry testId="3418e263-aee9-5a3d-84d4-12314f114c1d" executionId="91bd0c84-77ce-46e4-a212-7cdc8fdecfec" testListId="8c84fa94-04c1-424b-9868-57a2d4851a1d" />
    <TestEntry testId="019b787c-88b2-9680-3a7b-9251d2235f77" executionId="4cf393ad-0c13-4e6d-a84c-7e7e941e0f7d" testListId="8c84fa94-04c1-424b-9868-57a2d4851a1d" />
    <TestEntry testId="53de3141-631b-a2c2-6495-d11f610b420c" executionId="2614d9de-191f-4f07-8bdd-4268af41a362" testListId="8c84fa94-04c1-424b-9868-57a2d4851a1d" />
    <TestEntry testId="05ccfd5b-b3a6-770c-5a80-08c83dfcbf56" executionId="77eb2079-d2f5-4602-bd90-93de4b34af3b" testListId="8c84fa94-04c1-424b-9868-57a2d4851a1d" />
    <TestEntry testId="dfc492a3-14d8-4a11-b496-4877ee6622fb" executionId="104116ac-9046-42aa-b581-3f4f43a916c4" testListId="8c84fa94-04c1-424b-9868-57a2d4851a1d" />
    <TestEntry testId="d2a7c19b-8861-6cb7-6f6c-447e0e1a9291" executionId="1d2aa124-5947-4649-9dfe-ae25613dcb73" testListId="8c84fa94-04c1-424b-9868-57a2d4851a1d" />
    <TestEntry testId="a4b4989d-c589-b032-1a68-0edd7e365a5f" executionId="1d96f1f7-6eb9-4a39-8b59-ab52070cd42c" testListId="8c84fa94-04c1-424b-9868-57a2d4851a1d" />
    <TestEntry testId="9d6cfb81-ccaa-739e-8565-ff15bf925b69" executionId="aa7734f4-3e7b-402d-bd28-81e4af4bdd38" testListId="8c84fa94-04c1-424b-9868-57a2d4851a1d" />
    <TestEntry testId="2329ed29-6d1e-71e3-88bf-dc1c81e5522b" executionId="1c948448-8013-48f8-a28c-4d468813adcd" testListId="8c84fa94-04c1-424b-9868-57a2d4851a1d" />
    <TestEntry testId="ebb1cb00-b208-d5ce-e1da-1c923d2c6568" executionId="19250a2c-6157-4d3e-89ae-23e320115c7f" testListId="8c84fa94-04c1-424b-9868-57a2d4851a1d" />
    <TestEntry testId="6f687509-1eea-3933-06cc-717b96efc7f3" executionId="ebe77fc1-d2a2-4181-b491-ad59f9194b99" testListId="8c84fa94-04c1-424b-9868-57a2d4851a1d" />
    <TestEntry testId="7ace740b-52d9-7af8-ca6b-5ebefee16e02" executionId="f91a8e8d-078b-40d6-b591-2125d5eff861" testListId="8c84fa94-04c1-424b-9868-57a2d4851a1d" />
    <TestEntry testId="1dae8002-49a0-6cb0-4faa-209b3c30f88a" executionId="035686d7-1a05-4591-a7fa-93959f78e6dc" testListId="8c84fa94-04c1-424b-9868-57a2d4851a1d" />
    <TestEntry testId="d6e773b7-fadd-36fa-7002-3007db4d5ce3" executionId="5d3d2c5a-449d-4fd0-87f7-c7f93ba5be6f" testListId="8c84fa94-04c1-424b-9868-57a2d4851a1d" />
    <TestEntry testId="eab8a48a-1abe-4aea-3de9-58bb60f075d4" executionId="f2cd0596-4971-4805-aaf8-7ddd1c9f6d19" testListId="8c84fa94-04c1-424b-9868-57a2d4851a1d" />
    <TestEntry testId="80a979ee-5b81-96ec-4842-a4da85a552e3" executionId="22fcc7f5-62a8-4b48-a3ef-60eaaa155807" testListId="8c84fa94-04c1-424b-9868-57a2d4851a1d" />
    <TestEntry testId="a74b0ca0-4430-93e9-7398-4ca9cef13ccd" executionId="aa793ead-d509-4fdc-91af-cb1987519ecb" testListId="8c84fa94-04c1-424b-9868-57a2d4851a1d" />
    <TestEntry testId="e9d73659-1d95-256a-fc2e-1a693a9e2d20" executionId="a19921a2-de02-41b6-b985-b9753cd1017e" testListId="8c84fa94-04c1-424b-9868-57a2d4851a1d" />
    <TestEntry testId="b95c3ef4-6add-ed87-c274-7e32e37f43cd" executionId="d0fe9f44-6b17-4126-8e5b-a8718f45b727" testListId="8c84fa94-04c1-424b-9868-57a2d4851a1d" />
    <TestEntry testId="019b787c-88b2-9680-3a7b-9251d2235f77" executionId="c742b360-be83-4716-a42e-a31331601fb9" testListId="8c84fa94-04c1-424b-9868-57a2d4851a1d" />
    <TestEntry testId="9158c725-aedd-39ef-b70b-d378d0f8002b" executionId="1885e36f-2821-4061-9fc5-6469627b8a56" testListId="8c84fa94-04c1-424b-9868-57a2d4851a1d" />
    <TestEntry testId="019b787c-88b2-9680-3a7b-9251d2235f77" executionId="1836de35-4ff0-4c81-85eb-862b211ec067" testListId="8c84fa94-04c1-424b-9868-57a2d4851a1d" />
    <TestEntry testId="7279f6f3-004a-7599-d46f-4be2829e4499" executionId="50cee020-dfd0-46ed-b582-74cd55dbb0ee" testListId="8c84fa94-04c1-424b-9868-57a2d4851a1d" />
    <TestEntry testId="16b0328a-946f-ec10-b975-237835056d0e" executionId="5100ace2-972b-4ca7-9e13-bb2d67d26e50" testListId="8c84fa94-04c1-424b-9868-57a2d4851a1d" />
    <TestEntry testId="598f0350-0320-f8d8-bc7d-8cd69d67fffb" executionId="8dff3f6d-03cd-4717-b6bd-d791acfbfd9d" testListId="8c84fa94-04c1-424b-9868-57a2d4851a1d" />
    <TestEntry testId="8082c021-ed21-6e83-26ee-643a437e6bcf" executionId="420bb3dd-48b6-414b-8860-bd375c0927b3" testListId="8c84fa94-04c1-424b-9868-57a2d4851a1d" />
    <TestEntry testId="556be40b-c58b-fb3f-0da6-6634fbb2f22c" executionId="01f18952-16c7-4a2f-874a-06a4899b962a" testListId="8c84fa94-04c1-424b-9868-57a2d4851a1d" />
    <TestEntry testId="d8ec42ce-2910-ffca-a546-583aaf3782a1" executionId="4b39b780-160c-4994-b35b-6a1701074aa1" testListId="8c84fa94-04c1-424b-9868-57a2d4851a1d" />
    <TestEntry testId="d47183ad-da8f-691e-cfcd-b052ce29ec29" executionId="0e493346-17ac-4813-88f9-53f36a80cd72" testListId="8c84fa94-04c1-424b-9868-57a2d4851a1d" />
    <TestEntry testId="f9480bd5-eb53-2699-690e-43188550429a" executionId="9fdfcde5-4af6-4e0b-8150-06e84e108f81" testListId="8c84fa94-04c1-424b-9868-57a2d4851a1d" />
    <TestEntry testId="91da7440-9b7d-4d5a-b420-246346bca952" executionId="4ac282c7-f590-4482-998f-ed8a25b59659" testListId="8c84fa94-04c1-424b-9868-57a2d4851a1d" />
    <TestEntry testId="08f31ff8-da84-d48e-e57b-f317bdefd6a3" executionId="f03eb32b-a2cd-4c18-90b9-0c54b23397a4" testListId="8c84fa94-04c1-424b-9868-57a2d4851a1d" />
    <TestEntry testId="3689eace-e9d2-67e3-a86f-48e3267af8d4" executionId="1f505e76-b05e-4417-8b9e-04bca06e0869" testListId="8c84fa94-04c1-424b-9868-57a2d4851a1d" />
    <TestEntry testId="695a69c9-264c-d1c5-2032-535ef4bf39f9" executionId="d32d038a-dd8e-497f-89ba-2f107ab151dc" testListId="8c84fa94-04c1-424b-9868-57a2d4851a1d" />
    <TestEntry testId="adb65a28-6c5a-01fc-ba02-22142b78188a" executionId="334f1111-00ab-43a4-a93a-b4e5545c2198" testListId="8c84fa94-04c1-424b-9868-57a2d4851a1d" />
    <TestEntry testId="2137bf78-6649-c56b-9c7e-a8b898a0b345" executionId="0258d9d7-036c-47c2-9a52-1df55f242134" testListId="8c84fa94-04c1-424b-9868-57a2d4851a1d" />
    <TestEntry testId="019b787c-88b2-9680-3a7b-9251d2235f77" executionId="41fc30cd-3e2b-4d11-a2a6-1fbfdb922cc9" testListId="8c84fa94-04c1-424b-9868-57a2d4851a1d" />
    <TestEntry testId="c1af2337-2b17-bea0-852d-18c0f397bf9e" executionId="00b3df7c-72ac-4781-a636-2d20f998bcd9" testListId="8c84fa94-04c1-424b-9868-57a2d4851a1d" />
    <TestEntry testId="2d0de576-8047-7e34-efa5-57031c1b0ae4" executionId="0a9b0e9a-3604-4bde-8623-31eab155c8f4" testListId="8c84fa94-04c1-424b-9868-57a2d4851a1d" />
    <TestEntry testId="019b787c-88b2-9680-3a7b-9251d2235f77" executionId="4a98befc-640e-4713-8f3d-e410c08421f2" testListId="8c84fa94-04c1-424b-9868-57a2d4851a1d" />
    <TestEntry testId="019b787c-88b2-9680-3a7b-9251d2235f77" executionId="520edbad-36a8-44d8-ab3c-b3d59ff7845d" testListId="8c84fa94-04c1-424b-9868-57a2d4851a1d" />
    <TestEntry testId="c7785b27-cac0-ee54-f9ef-217e039e1a39" executionId="87f3b7e1-9550-4af6-87c9-a05a24c68afa" testListId="8c84fa94-04c1-424b-9868-57a2d4851a1d" />
    <TestEntry testId="85cc2ca5-2fc6-e34d-7b9e-ed36e616dbe9" executionId="1e59bb60-3dc1-4800-89da-e9461e2eb3d7" testListId="8c84fa94-04c1-424b-9868-57a2d4851a1d" />
    <TestEntry testId="28a328bc-3763-3a43-68c4-a1d047ad3d0a" executionId="1f851228-7262-4277-a716-d574a59538fb" testListId="8c84fa94-04c1-424b-9868-57a2d4851a1d" />
    <TestEntry testId="019b787c-88b2-9680-3a7b-9251d2235f77" executionId="a5f22b91-4cda-416c-8407-d0321191297e" testListId="8c84fa94-04c1-424b-9868-57a2d4851a1d" />
    <TestEntry testId="10fdc03c-d73f-6007-092f-c917202b6a98" executionId="736ff490-2489-479b-82de-1844d11513c2" testListId="8c84fa94-04c1-424b-9868-57a2d4851a1d" />
    <TestEntry testId="c6db2c03-4e81-d58f-b074-ef3541e29887" executionId="a2003e4c-27b1-43f5-b857-c40c8446afb0" testListId="8c84fa94-04c1-424b-9868-57a2d4851a1d" />
    <TestEntry testId="a51d1c91-8df0-6a13-e4ee-ae3907bd3abd" executionId="f8c72673-9582-49fc-b383-68dee601271e" testListId="8c84fa94-04c1-424b-9868-57a2d4851a1d" />
    <TestEntry testId="f073a012-45ce-ba04-cf87-f821494c1d22" executionId="1f15c6bf-69fd-4c27-a634-0492871920ff" testListId="8c84fa94-04c1-424b-9868-57a2d4851a1d" />
    <TestEntry testId="25ecfa4f-f473-2d64-471a-8f46f60bb777" executionId="291206dc-cd6b-4da5-9038-b3b921dcf936" testListId="8c84fa94-04c1-424b-9868-57a2d4851a1d" />
    <TestEntry testId="63f59dcd-34b0-4fd2-afc9-975a87cbfec4" executionId="a56f9eaa-1d26-4e36-b551-302d876d0aa8" testListId="8c84fa94-04c1-424b-9868-57a2d4851a1d" />
    <TestEntry testId="019b787c-88b2-9680-3a7b-9251d2235f77" executionId="d8c9a95f-7ba6-4d35-ae13-7278e6b2f839" testListId="8c84fa94-04c1-424b-9868-57a2d4851a1d" />
    <TestEntry testId="38875aae-51f7-e976-aeb7-5ea7393dfbfb" executionId="f9d24c4a-5d30-4e51-9653-b8cbbd68874c" testListId="8c84fa94-04c1-424b-9868-57a2d4851a1d" />
    <TestEntry testId="0c5af242-79be-bd17-d201-37d96674401b" executionId="9af04f03-920c-4ed7-807a-bb65aaabf54e" testListId="8c84fa94-04c1-424b-9868-57a2d4851a1d" />
    <TestEntry testId="5c36a504-331a-f6d9-34c9-5fef70151417" executionId="6ffd62ed-a70b-4c4f-9130-7bbbe1354070" testListId="8c84fa94-04c1-424b-9868-57a2d4851a1d" />
    <TestEntry testId="2a62cead-e620-26d3-a5ba-1cc8e4102c3f" executionId="8f8fbfbc-89bd-4b3d-b8dc-40b73db3f655" testListId="8c84fa94-04c1-424b-9868-57a2d4851a1d" />
    <TestEntry testId="7e288c36-a294-b6c8-96e8-06d06272e4e7" executionId="144c62b6-2d12-472c-9d6f-7e37550fc91b" testListId="8c84fa94-04c1-424b-9868-57a2d4851a1d" />
    <TestEntry testId="ac6c84f8-e573-fc69-fba4-f9d6d89f8cea" executionId="4b7aedbd-87c4-4317-92cb-82e275ee5a3c" testListId="8c84fa94-04c1-424b-9868-57a2d4851a1d" />
    <TestEntry testId="bf32fa02-dee7-ad9c-454b-9a015e08dcac" executionId="89f540b5-d6af-4560-aee6-774ec9ec2cd3" testListId="8c84fa94-04c1-424b-9868-57a2d4851a1d" />
    <TestEntry testId="695a69c9-264c-d1c5-2032-535ef4bf39f9" executionId="002bb320-888a-416e-ad49-798ede36fcb6" testListId="8c84fa94-04c1-424b-9868-57a2d4851a1d" />
    <TestEntry testId="37e6c8b1-fcd9-734e-b323-21d4c73996f9" executionId="cdf0ff78-ec23-4955-ae7a-93c01f2079f2" testListId="8c84fa94-04c1-424b-9868-57a2d4851a1d" />
    <TestEntry testId="01a1c8d1-a9bd-292c-8df1-72f411185228" executionId="833934cc-fa01-48fc-9b47-7186f5728227" testListId="8c84fa94-04c1-424b-9868-57a2d4851a1d" />
    <TestEntry testId="393fd640-9c28-f1e8-b7de-bf932d0ed39d" executionId="5291e9f8-d4ef-4582-a922-4515f7d4a2bb" testListId="8c84fa94-04c1-424b-9868-57a2d4851a1d" />
    <TestEntry testId="b4aee567-1131-d2d4-02d8-0408b5327d46" executionId="28a5bd88-12c6-4b5d-afa1-869a7dee10a0" testListId="8c84fa94-04c1-424b-9868-57a2d4851a1d" />
    <TestEntry testId="019b787c-88b2-9680-3a7b-9251d2235f77" executionId="5ac2aa24-5b01-4d60-acea-2a0fd5907699" testListId="8c84fa94-04c1-424b-9868-57a2d4851a1d" />
    <TestEntry testId="019b787c-88b2-9680-3a7b-9251d2235f77" executionId="5d916d36-7b29-4f80-8472-f501e0b4a240" testListId="8c84fa94-04c1-424b-9868-57a2d4851a1d" />
    <TestEntry testId="408f1365-84eb-9c32-df8f-aa4b145342e7" executionId="092b9206-6721-4f7b-8cb2-70b71053daca" testListId="8c84fa94-04c1-424b-9868-57a2d4851a1d" />
    <TestEntry testId="39bbe88c-a5a1-69b6-0e18-a75bb02edd6c" executionId="98f1600a-1d79-4afd-9f1e-0e4ca4cfebac" testListId="8c84fa94-04c1-424b-9868-57a2d4851a1d" />
    <TestEntry testId="019b787c-88b2-9680-3a7b-9251d2235f77" executionId="0fea342e-de92-4e85-af97-476260c315fa" testListId="8c84fa94-04c1-424b-9868-57a2d4851a1d" />
    <TestEntry testId="312018e1-af3d-3feb-f0ab-6c9fa702d2d5" executionId="69db2674-27a7-4562-a3d4-6302dc914028" testListId="8c84fa94-04c1-424b-9868-57a2d4851a1d" />
    <TestEntry testId="2165934c-40eb-bcef-3b26-6596efba3007" executionId="6eb4dab7-acac-43a3-8516-b5d7160c1484" testListId="8c84fa94-04c1-424b-9868-57a2d4851a1d" />
    <TestEntry testId="1886c2ef-ecf1-5be7-2cf2-c86a26a047c4" executionId="b206f6e1-0981-4a8a-8863-bb7f871de5d6" testListId="8c84fa94-04c1-424b-9868-57a2d4851a1d" />
    <TestEntry testId="019b787c-88b2-9680-3a7b-9251d2235f77" executionId="c26ecf02-0d94-4ec3-b80e-0a1d7b4b89b4" testListId="8c84fa94-04c1-424b-9868-57a2d4851a1d" />
    <TestEntry testId="39bbe88c-a5a1-69b6-0e18-a75bb02edd6c" executionId="8c4ab986-e2fa-4164-908c-ed011a6d5c98" testListId="8c84fa94-04c1-424b-9868-57a2d4851a1d" />
    <TestEntry testId="bea6ca1c-ae50-17bf-a06b-37456dbe3bac" executionId="e8d05454-35cc-475a-bc15-d32d6810da83" testListId="8c84fa94-04c1-424b-9868-57a2d4851a1d" />
    <TestEntry testId="f69cbec8-1f8b-55cc-bbe7-e6aabf3c8e3f" executionId="c1ed9c39-bccd-4a80-aa62-bc5b768036b6" testListId="8c84fa94-04c1-424b-9868-57a2d4851a1d" />
    <TestEntry testId="019b787c-88b2-9680-3a7b-9251d2235f77" executionId="7a2b6f34-371b-4075-9d1c-b22665a00b9c" testListId="8c84fa94-04c1-424b-9868-57a2d4851a1d" />
    <TestEntry testId="30b852dc-c8b4-beab-11da-528bed2a3e69" executionId="98a0b77c-5f0e-475d-8197-18f0a64e6570" testListId="8c84fa94-04c1-424b-9868-57a2d4851a1d" />
    <TestEntry testId="dc214a7a-3467-d9b3-9fee-a1a6b03f9e01" executionId="2bbbc363-1ce7-486e-8bb1-1635d90a46e0" testListId="8c84fa94-04c1-424b-9868-57a2d4851a1d" />
    <TestEntry testId="9a9f1c89-10c8-958f-3d20-17a37e9aef66" executionId="425aad9b-c38c-499a-864a-24396a07b725" testListId="8c84fa94-04c1-424b-9868-57a2d4851a1d" />
    <TestEntry testId="695a69c9-264c-d1c5-2032-535ef4bf39f9" executionId="39209f1d-cc47-4eac-8ac8-a534e03daf11" testListId="8c84fa94-04c1-424b-9868-57a2d4851a1d" />
    <TestEntry testId="019b787c-88b2-9680-3a7b-9251d2235f77" executionId="39d30d55-bf99-4c9e-84d9-bffce8a13540" testListId="8c84fa94-04c1-424b-9868-57a2d4851a1d" />
    <TestEntry testId="fd814ac9-7499-14a9-5131-4ebfb385f9b1" executionId="48a1c5fc-87e5-477b-9b21-2c27387a752c" testListId="8c84fa94-04c1-424b-9868-57a2d4851a1d" />
    <TestEntry testId="a160edea-e07d-989e-e812-fbd16c4e42c1" executionId="24e9b300-5603-44fa-be67-3e911651fc1e" testListId="8c84fa94-04c1-424b-9868-57a2d4851a1d" />
    <TestEntry testId="ad534d95-efbd-b762-7a83-9cc83072462c" executionId="f13b3fd9-4cc8-45d2-8e0e-1ce5e8dfbde6" testListId="8c84fa94-04c1-424b-9868-57a2d4851a1d" />
    <TestEntry testId="019b787c-88b2-9680-3a7b-9251d2235f77" executionId="7130014b-79ad-44f1-b337-c74ac99f29b2" testListId="8c84fa94-04c1-424b-9868-57a2d4851a1d" />
    <TestEntry testId="f45cecf0-8568-fecd-60b8-40f63ec23d28" executionId="6f46aa93-7bf9-4930-bde9-c48e2451993b" testListId="8c84fa94-04c1-424b-9868-57a2d4851a1d" />
    <TestEntry testId="5192f9a5-433f-bae2-0c0d-097deb9599a8" executionId="7447e5ac-4766-4269-8636-61f601e2dd59" testListId="8c84fa94-04c1-424b-9868-57a2d4851a1d" />
    <TestEntry testId="019b787c-88b2-9680-3a7b-9251d2235f77" executionId="c2dcd8c3-a297-488b-ae93-931e3cd457a8" testListId="8c84fa94-04c1-424b-9868-57a2d4851a1d" />
    <TestEntry testId="39bbe88c-a5a1-69b6-0e18-a75bb02edd6c" executionId="44f51048-0371-4fcb-bef8-6e6e4558f243" testListId="8c84fa94-04c1-424b-9868-57a2d4851a1d" />
    <TestEntry testId="f3339da3-f6da-8651-317e-c68996067358" executionId="30c84029-d494-41c0-907a-1b8d05e5c160" testListId="8c84fa94-04c1-424b-9868-57a2d4851a1d" />
    <TestEntry testId="1f80fc72-622e-255f-d30a-d736bafe66ea" executionId="4ed27087-4858-4198-b908-8b59a5a1c468" testListId="8c84fa94-04c1-424b-9868-57a2d4851a1d" />
    <TestEntry testId="8bf65696-5a80-7c83-5647-2f6280dde8af" executionId="e833d0ef-8674-4475-ba7e-471d591c4b27" testListId="8c84fa94-04c1-424b-9868-57a2d4851a1d" />
    <TestEntry testId="019b787c-88b2-9680-3a7b-9251d2235f77" executionId="9b89d31e-d8af-4594-9db3-9876f81f7f9b" testListId="8c84fa94-04c1-424b-9868-57a2d4851a1d" />
    <TestEntry testId="f727b248-9add-f920-b0ce-770364245e70" executionId="e7cd4cf0-c32c-4c4e-8f0d-b6abf95767bb" testListId="8c84fa94-04c1-424b-9868-57a2d4851a1d" />
    <TestEntry testId="600fa3f6-c320-1544-cecd-d65487c236b1" executionId="2b679b4c-71f9-41ca-83eb-16dec18fbb4a" testListId="8c84fa94-04c1-424b-9868-57a2d4851a1d" />
    <TestEntry testId="9ab708a6-2c36-fc13-e1d9-ba94b256ee60" executionId="7ee726cf-cfb8-4278-8264-494592a3353c" testListId="8c84fa94-04c1-424b-9868-57a2d4851a1d" />
    <TestEntry testId="b4456a07-663c-5922-e98d-90079142faba" executionId="10ebf2a0-5fc0-40a7-8220-c19570d5bcf0" testListId="8c84fa94-04c1-424b-9868-57a2d4851a1d" />
    <TestEntry testId="bc6693b4-494e-b029-861d-2efd4a6e7ca5" executionId="242ec7d5-dfb4-4248-af6f-90d4356eac20" testListId="8c84fa94-04c1-424b-9868-57a2d4851a1d" />
    <TestEntry testId="cde7c1e4-b024-3357-c460-fe234f6fabdd" executionId="24e6590e-eccc-4982-9e62-2faa76a1f259" testListId="8c84fa94-04c1-424b-9868-57a2d4851a1d" />
    <TestEntry testId="33461d7f-ec83-3d43-b782-0109c0131446" executionId="f75cc33b-5835-47d0-8c8a-b22714426695" testListId="8c84fa94-04c1-424b-9868-57a2d4851a1d" />
    <TestEntry testId="9bbae084-8501-b97f-20d4-1d0ec1391822" executionId="219d461d-b6be-48ed-86a2-56b70d0c1040" testListId="8c84fa94-04c1-424b-9868-57a2d4851a1d" />
    <TestEntry testId="02442abc-8584-48b9-9b1c-95ed51e85b39" executionId="4e57a3a4-f802-427e-8255-06cd84902df4" testListId="8c84fa94-04c1-424b-9868-57a2d4851a1d" />
    <TestEntry testId="ddec4b79-28e7-9393-5dba-0a70df5212fc" executionId="49cbaea8-ed59-441e-9f4d-fd95d7b97276" testListId="8c84fa94-04c1-424b-9868-57a2d4851a1d" />
    <TestEntry testId="51359204-1b17-5f97-3a11-e321f1919f54" executionId="5126e99f-6519-47de-8439-a4281a555be6" testListId="8c84fa94-04c1-424b-9868-57a2d4851a1d" />
    <TestEntry testId="019b787c-88b2-9680-3a7b-9251d2235f77" executionId="e3fe850d-0f36-431b-9cf4-54ba87b25aeb" testListId="8c84fa94-04c1-424b-9868-57a2d4851a1d" />
    <TestEntry testId="019b787c-88b2-9680-3a7b-9251d2235f77" executionId="833b374c-905b-473c-9c72-f241c2c3353d" testListId="8c84fa94-04c1-424b-9868-57a2d4851a1d" />
    <TestEntry testId="02e1d23f-4978-a204-acc4-9504b4140dd6" executionId="4486180c-358e-42c5-9edc-a9910ab15748" testListId="8c84fa94-04c1-424b-9868-57a2d4851a1d" />
    <TestEntry testId="998d89fa-2199-6563-a82a-c906cc202aee" executionId="0e2646fa-7a05-4530-8e77-ee6d1d55abde" testListId="8c84fa94-04c1-424b-9868-57a2d4851a1d" />
    <TestEntry testId="c4214939-2a75-60e3-3417-cd6a3ac7b928" executionId="ddca216e-afa0-43e1-a11a-c0b133a0eb26" testListId="8c84fa94-04c1-424b-9868-57a2d4851a1d" />
    <TestEntry testId="d8fd7e36-b5e4-7858-f7ea-8ca6ecf37fab" executionId="51b18cf5-23dc-4eaf-83d4-6d9f4a369861" testListId="8c84fa94-04c1-424b-9868-57a2d4851a1d" />
    <TestEntry testId="a8ff91a7-b735-09cc-ac05-1298d7c8358c" executionId="b766a624-bfaa-4d8f-9068-758ed2ce69e5" testListId="8c84fa94-04c1-424b-9868-57a2d4851a1d" />
    <TestEntry testId="4733d579-f46d-523e-8c35-6fc8bbf17ae1" executionId="0024de10-4b54-4d2f-87b9-73c142b01bca" testListId="8c84fa94-04c1-424b-9868-57a2d4851a1d" />
    <TestEntry testId="842ed694-6a02-2297-8b58-c5968f4249cc" executionId="7ad7c833-7489-45c8-a39f-0ce7fa55ff5d" testListId="8c84fa94-04c1-424b-9868-57a2d4851a1d" />
    <TestEntry testId="4a0b9c64-29d8-de0e-a2c6-386cf6c8e2f4" executionId="b5fde011-2e76-4883-85ea-0a830401f7b5" testListId="8c84fa94-04c1-424b-9868-57a2d4851a1d" />
    <TestEntry testId="c7dc8aa0-4efc-e09e-b771-2878459d3d23" executionId="cb8966b9-e617-48c8-b5c2-32ff505614f7" testListId="8c84fa94-04c1-424b-9868-57a2d4851a1d" />
    <TestEntry testId="695a69c9-264c-d1c5-2032-535ef4bf39f9" executionId="0ca6d6b2-591f-48b6-b4a8-127b254a65ca" testListId="8c84fa94-04c1-424b-9868-57a2d4851a1d" />
    <TestEntry testId="d45b0787-0528-55bf-e2e6-db791350a765" executionId="e4c85820-5653-4aa7-ac6f-336ce165f942" testListId="8c84fa94-04c1-424b-9868-57a2d4851a1d" />
    <TestEntry testId="695a69c9-264c-d1c5-2032-535ef4bf39f9" executionId="a9800cde-4317-4402-80fb-06247f257978" testListId="8c84fa94-04c1-424b-9868-57a2d4851a1d" />
    <TestEntry testId="94962266-5b61-bd0c-f97d-58525122866b" executionId="27687bef-4d98-4032-a913-b168213b816b" testListId="8c84fa94-04c1-424b-9868-57a2d4851a1d" />
    <TestEntry testId="c7cb9809-3dc9-a1a3-b2eb-87dc7fb8ddb6" executionId="28cfdce9-1e80-4976-9bfd-30ccb0f3b58e" testListId="8c84fa94-04c1-424b-9868-57a2d4851a1d" />
    <TestEntry testId="19234de8-22f9-919f-e6fa-109db48790a5" executionId="12e47171-8c6d-4ec1-b1d5-5b483334bda1" testListId="8c84fa94-04c1-424b-9868-57a2d4851a1d" />
    <TestEntry testId="695a69c9-264c-d1c5-2032-535ef4bf39f9" executionId="99b96044-97d0-47ba-a1a2-15495e8fb578" testListId="8c84fa94-04c1-424b-9868-57a2d4851a1d" />
    <TestEntry testId="79c03ac8-90c4-f219-aac2-f08446e534fd" executionId="3ca45f5e-88e5-42cc-ad69-6dfe2eb060a7" testListId="8c84fa94-04c1-424b-9868-57a2d4851a1d" />
    <TestEntry testId="695a69c9-264c-d1c5-2032-535ef4bf39f9" executionId="5fa7f591-43b5-44b0-9063-55bbaa79a5ad" testListId="8c84fa94-04c1-424b-9868-57a2d4851a1d" />
    <TestEntry testId="38de3525-839a-1233-aed3-c1bdaeeca819" executionId="227535ba-32f4-4509-88ef-1f95e28722b0" testListId="8c84fa94-04c1-424b-9868-57a2d4851a1d" />
    <TestEntry testId="6ecdcf22-6c40-101c-196e-b21095275dc7" executionId="ee74f988-5ac4-4b84-a928-cc4de39f0de0" testListId="8c84fa94-04c1-424b-9868-57a2d4851a1d" />
    <TestEntry testId="c6744406-236d-a29f-78e3-8620302dab7c" executionId="91200ef6-e4cc-477c-a8e0-c969199feb26" testListId="8c84fa94-04c1-424b-9868-57a2d4851a1d" />
    <TestEntry testId="be079815-bdaf-bb8c-663f-772e1d5f9fbe" executionId="ae31e364-9ae4-45c4-818f-9efeee53adef" testListId="8c84fa94-04c1-424b-9868-57a2d4851a1d" />
    <TestEntry testId="404c478c-2df4-a57c-47e3-cb6e0e5a13a8" executionId="bd8b3cc9-cd9a-439c-8e72-0e293d7f2716" testListId="8c84fa94-04c1-424b-9868-57a2d4851a1d" />
    <TestEntry testId="d8f86c2a-e315-dc4a-73d2-e0a6ae636048" executionId="4bb055f5-0efc-4097-bcfd-7fa4fd003c25" testListId="8c84fa94-04c1-424b-9868-57a2d4851a1d" />
    <TestEntry testId="019b787c-88b2-9680-3a7b-9251d2235f77" executionId="1f7ab728-d5ec-42cb-9b4f-5373f6bab51d" testListId="8c84fa94-04c1-424b-9868-57a2d4851a1d" />
    <TestEntry testId="019b787c-88b2-9680-3a7b-9251d2235f77" executionId="ea1f95bf-bcbe-4ea8-8c42-e2202c5402a8" testListId="8c84fa94-04c1-424b-9868-57a2d4851a1d" />
    <TestEntry testId="dfc37d76-89b1-ac60-3e30-d1ee8b6159c7" executionId="f32b0adf-4888-43d1-9e82-9da4d7701128" testListId="8c84fa94-04c1-424b-9868-57a2d4851a1d" />
    <TestEntry testId="019b787c-88b2-9680-3a7b-9251d2235f77" executionId="9bd3fdea-2c2e-4a38-a88c-5c6b683bd383" testListId="8c84fa94-04c1-424b-9868-57a2d4851a1d" />
    <TestEntry testId="36328aa8-c101-3db6-1620-96cd429200ba" executionId="1dc3e4d5-de37-4cc3-a549-6f7d1ace062b" testListId="8c84fa94-04c1-424b-9868-57a2d4851a1d" />
    <TestEntry testId="77937efc-b3b4-efe5-3752-6a1adfaef6de" executionId="0c0206f9-1b60-49d9-bb24-88845427f44b" testListId="8c84fa94-04c1-424b-9868-57a2d4851a1d" />
    <TestEntry testId="00e05b85-eb33-5bb3-18be-2fa7af96537c" executionId="11707032-6d6d-42a1-a8af-a9dde7d470b8" testListId="8c84fa94-04c1-424b-9868-57a2d4851a1d" />
    <TestEntry testId="019b787c-88b2-9680-3a7b-9251d2235f77" executionId="9e2d959a-104d-47d6-8eac-41b9ff5930f3" testListId="8c84fa94-04c1-424b-9868-57a2d4851a1d" />
    <TestEntry testId="28f7cbaa-e895-3d51-95fe-2441dd512d9a" executionId="f9ebed9a-3c39-4fa5-970f-3c6af4ba28ef" testListId="8c84fa94-04c1-424b-9868-57a2d4851a1d" />
    <TestEntry testId="3625dfd5-b327-9004-dd9a-0cd17ff517d9" executionId="035a0aa6-4cd1-4559-b1dc-1ac0b4adeb4f" testListId="8c84fa94-04c1-424b-9868-57a2d4851a1d" />
    <TestEntry testId="4565f3e8-5859-a90c-a6a2-55bb959db689" executionId="b2d78063-b0c7-43d0-aaed-faad8987b106" testListId="8c84fa94-04c1-424b-9868-57a2d4851a1d" />
    <TestEntry testId="6cf878c5-c14d-33c5-1e2c-bd8fbc97841c" executionId="feb2a345-bf51-4616-ab5e-39bc75126eb9" testListId="8c84fa94-04c1-424b-9868-57a2d4851a1d" />
    <TestEntry testId="3a805882-89ed-3d78-1d76-0edfa7438e3d" executionId="b34152d3-b345-43f3-a12a-e554be55bc29" testListId="8c84fa94-04c1-424b-9868-57a2d4851a1d" />
    <TestEntry testId="7d23786a-c66d-9100-2723-259e59e58b9b" executionId="e60d82fa-17a7-4822-9910-b60499af6d77" testListId="8c84fa94-04c1-424b-9868-57a2d4851a1d" />
    <TestEntry testId="e836a219-ad16-eb20-7644-81420ebc2242" executionId="f41f206f-294b-4b5b-87ed-adb3594374e0" testListId="8c84fa94-04c1-424b-9868-57a2d4851a1d" />
    <TestEntry testId="f727b248-9add-f920-b0ce-770364245e70" executionId="6c454736-60fe-49ea-956f-30c7ddece221" testListId="8c84fa94-04c1-424b-9868-57a2d4851a1d" />
    <TestEntry testId="695a69c9-264c-d1c5-2032-535ef4bf39f9" executionId="bb979166-beba-447e-adb5-bfe259794544" testListId="8c84fa94-04c1-424b-9868-57a2d4851a1d" />
    <TestEntry testId="91f05623-f4da-ac91-0045-047768212b29" executionId="24aacbc7-746f-427c-a342-44fd9fbf6bb6" testListId="8c84fa94-04c1-424b-9868-57a2d4851a1d" />
    <TestEntry testId="7d7cb7e8-db74-b484-5de6-b84cf9a291e5" executionId="a53fdb56-f659-4cb0-a048-f9168088c61f" testListId="8c84fa94-04c1-424b-9868-57a2d4851a1d" />
    <TestEntry testId="019b787c-88b2-9680-3a7b-9251d2235f77" executionId="64e0e77c-4b0e-4a60-af69-2c492270c482" testListId="8c84fa94-04c1-424b-9868-57a2d4851a1d" />
    <TestEntry testId="0340d2e6-7820-3dc9-a605-c324d46958c2" executionId="de4e0ad8-0e8d-4393-9b3e-58acdf502ab8" testListId="8c84fa94-04c1-424b-9868-57a2d4851a1d" />
    <TestEntry testId="019b787c-88b2-9680-3a7b-9251d2235f77" executionId="bc5d6f60-87cc-4bca-a835-52c472f4e3f1" testListId="8c84fa94-04c1-424b-9868-57a2d4851a1d" />
    <TestEntry testId="9fbd6612-8a6a-cb70-1973-9237969a560b" executionId="a9490fd7-52da-4426-be1c-bfb966f1106d" testListId="8c84fa94-04c1-424b-9868-57a2d4851a1d" />
    <TestEntry testId="67495ea2-a726-e167-df17-7b945ec7cc5f" executionId="9445fc36-a9a0-41b0-9aad-0e671d45ec14" testListId="8c84fa94-04c1-424b-9868-57a2d4851a1d" />
    <TestEntry testId="8729c644-a900-e689-b1e6-59aaf5f86153" executionId="8f1bff6e-1b57-4e5f-8f21-bbfbfb03c464" testListId="8c84fa94-04c1-424b-9868-57a2d4851a1d" />
    <TestEntry testId="1ef41829-7887-369c-6ecb-5723b0e8a99e" executionId="9a65a395-b8cb-437c-a2f2-71590e5d4527" testListId="8c84fa94-04c1-424b-9868-57a2d4851a1d" />
    <TestEntry testId="13a8aafe-f2e1-d44e-4187-b187f0d8a6d7" executionId="6ba45cfd-8cdb-494d-a1e9-8e32104e5800" testListId="8c84fa94-04c1-424b-9868-57a2d4851a1d" />
    <TestEntry testId="7073c3f3-82ef-b27e-cf68-317c2e647496" executionId="fa991cf2-2e1c-4b0b-b49b-5228d01604f5" testListId="8c84fa94-04c1-424b-9868-57a2d4851a1d" />
    <TestEntry testId="fc816dc0-d2e7-a118-72b1-e30b55bda7fd" executionId="d3007983-5537-4f95-87ab-40cee5d837d0" testListId="8c84fa94-04c1-424b-9868-57a2d4851a1d" />
    <TestEntry testId="019b787c-88b2-9680-3a7b-9251d2235f77" executionId="73b4d7a2-ba2c-415f-ad49-5452ec41c89f" testListId="8c84fa94-04c1-424b-9868-57a2d4851a1d" />
    <TestEntry testId="a872979f-8f76-567a-63b7-4370a55e670d" executionId="f505229f-89fc-4cb7-8fb0-990a467dc3af" testListId="8c84fa94-04c1-424b-9868-57a2d4851a1d" />
    <TestEntry testId="019b787c-88b2-9680-3a7b-9251d2235f77" executionId="d03bba43-c363-43fe-be25-ae1b8eb89c8d" testListId="8c84fa94-04c1-424b-9868-57a2d4851a1d" />
    <TestEntry testId="019b787c-88b2-9680-3a7b-9251d2235f77" executionId="e30f29a3-c691-498e-8475-45c435c19964" testListId="8c84fa94-04c1-424b-9868-57a2d4851a1d" />
    <TestEntry testId="c340ff4e-361a-8adf-5bc4-1d5f8155bfa6" executionId="2cfe7e2c-b06c-4bff-af4c-9d09d055c7a2" testListId="8c84fa94-04c1-424b-9868-57a2d4851a1d" />
    <TestEntry testId="019b787c-88b2-9680-3a7b-9251d2235f77" executionId="8bf58b54-d9ee-403d-875a-a605332e4856" testListId="8c84fa94-04c1-424b-9868-57a2d4851a1d" />
    <TestEntry testId="f87b3fc3-7f55-f9a4-0788-b4f1e6a940e3" executionId="f4230f37-3ce3-4d07-a0ab-8687d77717f4" testListId="8c84fa94-04c1-424b-9868-57a2d4851a1d" />
    <TestEntry testId="019b787c-88b2-9680-3a7b-9251d2235f77" executionId="3d7cbe53-d969-475d-ae42-a8a960d1a0d8" testListId="8c84fa94-04c1-424b-9868-57a2d4851a1d" />
    <TestEntry testId="1d1d6a8d-1f16-60d1-3ae3-d00b4cc6755e" executionId="d2edf7fc-95a7-4e3e-aca4-b728b5362332" testListId="8c84fa94-04c1-424b-9868-57a2d4851a1d" />
    <TestEntry testId="019b787c-88b2-9680-3a7b-9251d2235f77" executionId="e1a290cc-84ab-4919-a6b5-e19184c4b2a7" testListId="8c84fa94-04c1-424b-9868-57a2d4851a1d" />
    <TestEntry testId="f727b248-9add-f920-b0ce-770364245e70" executionId="d85711f4-9874-48f5-bbcd-86982f2d0b2b" testListId="8c84fa94-04c1-424b-9868-57a2d4851a1d" />
    <TestEntry testId="919d9923-a098-5f2d-2319-9e5f93755003" executionId="003746d1-c4e5-40f2-b67c-d54f7797182a" testListId="8c84fa94-04c1-424b-9868-57a2d4851a1d" />
    <TestEntry testId="019b787c-88b2-9680-3a7b-9251d2235f77" executionId="e7118216-9e2d-4011-a764-279a9995603a" testListId="8c84fa94-04c1-424b-9868-57a2d4851a1d" />
    <TestEntry testId="1b03f285-2942-9c18-3354-5b999dd6d42d" executionId="54249205-dee2-49d6-b657-f4db77705d05" testListId="8c84fa94-04c1-424b-9868-57a2d4851a1d" />
    <TestEntry testId="695a69c9-264c-d1c5-2032-535ef4bf39f9" executionId="552b1052-eed0-4682-95cb-e9fede617c97" testListId="8c84fa94-04c1-424b-9868-57a2d4851a1d" />
    <TestEntry testId="695a69c9-264c-d1c5-2032-535ef4bf39f9" executionId="b0e8a9cf-407b-49d4-b6d6-23e0e5000b18" testListId="8c84fa94-04c1-424b-9868-57a2d4851a1d" />
    <TestEntry testId="695a69c9-264c-d1c5-2032-535ef4bf39f9" executionId="2a6bdab4-a470-48a4-9760-f1a40c8f8a4e" testListId="8c84fa94-04c1-424b-9868-57a2d4851a1d" />
    <TestEntry testId="5eb67ef1-e38b-7346-5c57-95e331cae99d" executionId="93f70d73-83e2-49bc-8fd2-5a51a5b86270" testListId="8c84fa94-04c1-424b-9868-57a2d4851a1d" />
    <TestEntry testId="019b787c-88b2-9680-3a7b-9251d2235f77" executionId="803763ad-421f-4309-b991-43d896e63387" testListId="8c84fa94-04c1-424b-9868-57a2d4851a1d" />
    <TestEntry testId="c6d4257b-46f1-b405-8b22-c0dd7c8649b1" executionId="9e5492f2-3209-4056-8ae4-3ccf2744085b" testListId="8c84fa94-04c1-424b-9868-57a2d4851a1d" />
    <TestEntry testId="caa9431c-7e34-d7db-4c76-4ebd22a524ef" executionId="f31057fa-1d8b-45b8-945f-46f5602859fd" testListId="8c84fa94-04c1-424b-9868-57a2d4851a1d" />
    <TestEntry testId="78dd46ef-5948-a267-7a80-c8d21ba0307b" executionId="e5f60ea0-d50b-4a37-b4a3-322ae13e4e9a" testListId="8c84fa94-04c1-424b-9868-57a2d4851a1d" />
    <TestEntry testId="929f8344-5792-bfe4-e9c2-9575e42d5208" executionId="d2809cea-deef-4ae8-addc-8cb8d4683130" testListId="8c84fa94-04c1-424b-9868-57a2d4851a1d" />
    <TestEntry testId="4286ea4f-16fb-d833-f3d1-250e71cbe4f0" executionId="29e5cad9-0306-4ce9-a6a6-75b2155680e4" testListId="8c84fa94-04c1-424b-9868-57a2d4851a1d" />
    <TestEntry testId="695a69c9-264c-d1c5-2032-535ef4bf39f9" executionId="4cb8ba6c-1ba6-4bc2-9644-5aa172d70a28" testListId="8c84fa94-04c1-424b-9868-57a2d4851a1d" />
    <TestEntry testId="695a69c9-264c-d1c5-2032-535ef4bf39f9" executionId="c0376068-f40d-4188-99d7-3b378489c07b" testListId="8c84fa94-04c1-424b-9868-57a2d4851a1d" />
    <TestEntry testId="019b787c-88b2-9680-3a7b-9251d2235f77" executionId="20b8d501-419d-43f3-ada7-35a01240b064" testListId="8c84fa94-04c1-424b-9868-57a2d4851a1d" />
    <TestEntry testId="da5621f5-091a-cda6-7856-c4003bc4a02c" executionId="f16d4c44-021c-4836-a6b8-efcb7262da6d" testListId="8c84fa94-04c1-424b-9868-57a2d4851a1d" />
    <TestEntry testId="695a69c9-264c-d1c5-2032-535ef4bf39f9" executionId="55a9113e-56ba-43e8-bcb8-d07cf49aadc4" testListId="8c84fa94-04c1-424b-9868-57a2d4851a1d" />
    <TestEntry testId="019b787c-88b2-9680-3a7b-9251d2235f77" executionId="32692969-c1f2-448c-8a5a-a448e8f7e843" testListId="8c84fa94-04c1-424b-9868-57a2d4851a1d" />
    <TestEntry testId="940dbe04-8a6c-9c99-4dec-da0063975efc" executionId="934edbcf-d4ea-46d2-8405-ed96cc2f1a61" testListId="8c84fa94-04c1-424b-9868-57a2d4851a1d" />
    <TestEntry testId="019b787c-88b2-9680-3a7b-9251d2235f77" executionId="7b919625-f2a1-40c4-9766-dd7c1009a154" testListId="8c84fa94-04c1-424b-9868-57a2d4851a1d" />
    <TestEntry testId="6622c7e9-f3ef-2f75-dde5-5e627dbe695f" executionId="d34b3dd0-e814-48dd-914a-7623ef4f6b5b" testListId="8c84fa94-04c1-424b-9868-57a2d4851a1d" />
    <TestEntry testId="e8b162a2-59c1-4ac2-ba5d-d9e584becd45" executionId="aadb7413-709d-470f-b4c5-db795e533ed8" testListId="8c84fa94-04c1-424b-9868-57a2d4851a1d" />
    <TestEntry testId="9ff2badf-89d5-aaad-3fc6-480af6f3c393" executionId="d1f3aff9-652d-4351-b7cd-d867e5f1344d" testListId="8c84fa94-04c1-424b-9868-57a2d4851a1d" />
    <TestEntry testId="3b1a27c7-1160-4cdb-556f-3aed9fa2c08f" executionId="867d0afe-a735-4b1b-a673-46f4d1a19415" testListId="8c84fa94-04c1-424b-9868-57a2d4851a1d" />
    <TestEntry testId="ef983b8a-070b-5c2a-c4b0-8b76b9d281b9" executionId="01b8b3f4-52bd-414d-80b8-1a8191fa0bc6" testListId="8c84fa94-04c1-424b-9868-57a2d4851a1d" />
    <TestEntry testId="c5dc9cc5-710d-75f2-e53e-26f70b8a1131" executionId="3d2f46e8-f0d3-4116-923d-c4786757faa3" testListId="8c84fa94-04c1-424b-9868-57a2d4851a1d" />
    <TestEntry testId="0f6f8c80-604c-ad79-a57b-471713f95022" executionId="872d5431-5c8f-40e4-bf54-2ebfb511b925" testListId="8c84fa94-04c1-424b-9868-57a2d4851a1d" />
    <TestEntry testId="e2644425-cd59-caaf-5fa7-5e982a400618" executionId="dda6e566-5439-4fe7-95f9-37172b391288" testListId="8c84fa94-04c1-424b-9868-57a2d4851a1d" />
    <TestEntry testId="39bbe88c-a5a1-69b6-0e18-a75bb02edd6c" executionId="27c8ee5f-a319-4509-9f03-0b3f6025eccc" testListId="8c84fa94-04c1-424b-9868-57a2d4851a1d" />
    <TestEntry testId="695a69c9-264c-d1c5-2032-535ef4bf39f9" executionId="63ea39ee-ed16-493f-933d-8f5526608f10" testListId="8c84fa94-04c1-424b-9868-57a2d4851a1d" />
    <TestEntry testId="695a69c9-264c-d1c5-2032-535ef4bf39f9" executionId="29561f31-5f25-49eb-adae-bd47e4987f3d" testListId="8c84fa94-04c1-424b-9868-57a2d4851a1d" />
    <TestEntry testId="019b787c-88b2-9680-3a7b-9251d2235f77" executionId="7d8bb305-cdd0-4ff3-922a-25f1b4fa9482" testListId="8c84fa94-04c1-424b-9868-57a2d4851a1d" />
    <TestEntry testId="695a69c9-264c-d1c5-2032-535ef4bf39f9" executionId="df0a831f-4351-45cb-9d2a-60626c08c8e4" testListId="8c84fa94-04c1-424b-9868-57a2d4851a1d" />
    <TestEntry testId="019b787c-88b2-9680-3a7b-9251d2235f77" executionId="32214b7f-51ec-4259-bbd4-5e194fc234d5" testListId="8c84fa94-04c1-424b-9868-57a2d4851a1d" />
    <TestEntry testId="f9119166-4488-aadf-fbc5-d27e0fef8ba8" executionId="c5f47954-9dd8-4318-aff5-3f9734bf699f" testListId="8c84fa94-04c1-424b-9868-57a2d4851a1d" />
    <TestEntry testId="019b787c-88b2-9680-3a7b-9251d2235f77" executionId="0c80e89f-44cc-480d-9dff-0cbec808e7fc" testListId="8c84fa94-04c1-424b-9868-57a2d4851a1d" />
    <TestEntry testId="f72eb88d-09e5-f9c0-e02c-b7ea12f468a4" executionId="5fd86a5f-d8f9-4475-a557-c7500818df33" testListId="8c84fa94-04c1-424b-9868-57a2d4851a1d" />
    <TestEntry testId="019b787c-88b2-9680-3a7b-9251d2235f77" executionId="a1c0b0d6-f2ee-48c4-ad74-917d663c1906" testListId="8c84fa94-04c1-424b-9868-57a2d4851a1d" />
    <TestEntry testId="019b787c-88b2-9680-3a7b-9251d2235f77" executionId="38884738-d0fc-4e6c-873d-baf22a626167" testListId="8c84fa94-04c1-424b-9868-57a2d4851a1d" />
    <TestEntry testId="1d5507a2-9ac8-f52b-2d91-a505ca0a09cd" executionId="19ed201e-7960-4505-89ee-5a0267370941" testListId="8c84fa94-04c1-424b-9868-57a2d4851a1d" />
    <TestEntry testId="019b787c-88b2-9680-3a7b-9251d2235f77" executionId="b4eea969-6903-40ba-a348-c1594268215c" testListId="8c84fa94-04c1-424b-9868-57a2d4851a1d" />
    <TestEntry testId="39bbe88c-a5a1-69b6-0e18-a75bb02edd6c" executionId="66736aaa-ad95-4be0-8786-c211d77c68cf" testListId="8c84fa94-04c1-424b-9868-57a2d4851a1d" />
    <TestEntry testId="019b787c-88b2-9680-3a7b-9251d2235f77" executionId="318c54b4-a317-4336-ba04-d0883ae8fc6c" testListId="8c84fa94-04c1-424b-9868-57a2d4851a1d" />
    <TestEntry testId="ad1cadf5-0ce4-0d9e-b3e4-3e120444787e" executionId="80476b39-730e-4e10-a066-44d5ae1733f6" testListId="8c84fa94-04c1-424b-9868-57a2d4851a1d" />
    <TestEntry testId="1eb0f777-7aba-e451-3544-4de0fe3ed5aa" executionId="61094f29-989a-4e4d-9a23-2dca468cd5e2" testListId="8c84fa94-04c1-424b-9868-57a2d4851a1d" />
    <TestEntry testId="0dfaa504-779a-bade-ff4d-fb50b2c99e09" executionId="81b4c6fe-f541-4902-93e3-6b206ebf2004" testListId="8c84fa94-04c1-424b-9868-57a2d4851a1d" />
    <TestEntry testId="019b787c-88b2-9680-3a7b-9251d2235f77" executionId="04ba12fd-d4d1-46c3-abbe-dafd3be8d2cf" testListId="8c84fa94-04c1-424b-9868-57a2d4851a1d" />
    <TestEntry testId="695a69c9-264c-d1c5-2032-535ef4bf39f9" executionId="14f891be-43e8-4f25-88dc-a5053bb16064" testListId="8c84fa94-04c1-424b-9868-57a2d4851a1d" />
    <TestEntry testId="ccc25526-2604-8af6-3aec-56619ebf9ce8" executionId="07f7ce51-a606-4a01-97fb-52e556e28d55" testListId="8c84fa94-04c1-424b-9868-57a2d4851a1d" />
    <TestEntry testId="24f96f6a-9831-f2cd-8e32-69ed7d21d955" executionId="c11e312c-7480-4508-9527-376ab366447b" testListId="8c84fa94-04c1-424b-9868-57a2d4851a1d" />
    <TestEntry testId="019b787c-88b2-9680-3a7b-9251d2235f77" executionId="ce699d63-c04f-4fb5-89cb-75f84205d061" testListId="8c84fa94-04c1-424b-9868-57a2d4851a1d" />
    <TestEntry testId="db87aa59-599d-40b7-6c4c-f9af3b10384b" executionId="89cfc746-67f2-4d53-b8d2-c14623cc8c32" testListId="8c84fa94-04c1-424b-9868-57a2d4851a1d" />
    <TestEntry testId="a5f39250-3801-f69b-0f1a-7cfd63823263" executionId="1e1874c3-3790-44e1-af12-5363f7a24b09" testListId="8c84fa94-04c1-424b-9868-57a2d4851a1d" />
    <TestEntry testId="f3b9dd22-ec71-6717-48b4-57721951f8bf" executionId="a65402d3-0c20-46d1-b3f7-405dc18aa3c9" testListId="8c84fa94-04c1-424b-9868-57a2d4851a1d" />
    <TestEntry testId="695a69c9-264c-d1c5-2032-535ef4bf39f9" executionId="9bb562c7-a89d-42b3-a367-1580da0f48da" testListId="8c84fa94-04c1-424b-9868-57a2d4851a1d" />
    <TestEntry testId="019b787c-88b2-9680-3a7b-9251d2235f77" executionId="5a3045f2-4997-4103-9907-4a06468d5357" testListId="8c84fa94-04c1-424b-9868-57a2d4851a1d" />
    <TestEntry testId="019b787c-88b2-9680-3a7b-9251d2235f77" executionId="9906b34c-9790-4d64-b007-eb05fdb6fd65" testListId="8c84fa94-04c1-424b-9868-57a2d4851a1d" />
    <TestEntry testId="2ba2921b-2b63-b608-a9f4-28b8abebeddf" executionId="e775fb82-21eb-4206-bf0d-e58d7b499e9d" testListId="8c84fa94-04c1-424b-9868-57a2d4851a1d" />
    <TestEntry testId="695a69c9-264c-d1c5-2032-535ef4bf39f9" executionId="b0e058d0-4c04-46d6-a4d6-18adba7a810f" testListId="8c84fa94-04c1-424b-9868-57a2d4851a1d" />
    <TestEntry testId="695a69c9-264c-d1c5-2032-535ef4bf39f9" executionId="9bacab1b-9fdc-414d-963a-fd5cc6dca99b" testListId="8c84fa94-04c1-424b-9868-57a2d4851a1d" />
    <TestEntry testId="9fcfc2d8-828f-ee4a-7220-beb566720320" executionId="77eb2f45-e3b8-4583-a4c7-df5efc671ba1" testListId="8c84fa94-04c1-424b-9868-57a2d4851a1d" />
    <TestEntry testId="6bc7f27b-abfc-4964-40f6-2d7ed1087a40" executionId="16bc55ae-0ed5-403e-806c-a86569092ebe" testListId="8c84fa94-04c1-424b-9868-57a2d4851a1d" />
    <TestEntry testId="695a69c9-264c-d1c5-2032-535ef4bf39f9" executionId="5a19f74d-f873-4d69-bdef-6125b948388f" testListId="8c84fa94-04c1-424b-9868-57a2d4851a1d" />
    <TestEntry testId="8be1d296-395c-d5ce-48de-603c14b36417" executionId="4c84e658-bce2-40ae-8a8f-0927f461100a" testListId="8c84fa94-04c1-424b-9868-57a2d4851a1d" />
    <TestEntry testId="84300f57-b1aa-3e46-43dd-b515498b5819" executionId="03860140-3c92-46d4-8e19-9970d1f5f2cc" testListId="8c84fa94-04c1-424b-9868-57a2d4851a1d" />
    <TestEntry testId="b4c4043b-3162-e090-f10d-9ed0d077ec46" executionId="7c7e1622-75e0-4e8b-a9ed-39cd1449186a" testListId="8c84fa94-04c1-424b-9868-57a2d4851a1d" />
    <TestEntry testId="ee028f4b-7ca0-b61b-0baf-522f1ca31228" executionId="7e2b8880-461b-4ffd-9c91-bb41819b5191" testListId="8c84fa94-04c1-424b-9868-57a2d4851a1d" />
    <TestEntry testId="5fb798a7-cdcf-1661-9577-ed2e2eee950e" executionId="f0b711f2-ba7f-45d1-b59e-14220afe7ae3" testListId="8c84fa94-04c1-424b-9868-57a2d4851a1d" />
    <TestEntry testId="019b787c-88b2-9680-3a7b-9251d2235f77" executionId="a70029ba-57c0-436b-942b-7bd5c8be354e" testListId="8c84fa94-04c1-424b-9868-57a2d4851a1d" />
    <TestEntry testId="019b787c-88b2-9680-3a7b-9251d2235f77" executionId="7222664a-9f92-4f26-a909-dbe469f8cc17" testListId="8c84fa94-04c1-424b-9868-57a2d4851a1d" />
    <TestEntry testId="70bc78fa-e216-2e23-87c0-5abb2f910b5f" executionId="937b335c-5f9c-4756-8bc0-a3e3b43673b4" testListId="8c84fa94-04c1-424b-9868-57a2d4851a1d" />
    <TestEntry testId="4097862a-62ae-0ced-0f79-31dba3df6660" executionId="1efd93c8-9a59-4148-a2c2-cee0df220eb6" testListId="8c84fa94-04c1-424b-9868-57a2d4851a1d" />
    <TestEntry testId="77b5ac96-b852-06d1-5e52-093092969ce0" executionId="48e16588-eab5-46e3-aa24-275363776a54" testListId="8c84fa94-04c1-424b-9868-57a2d4851a1d" />
    <TestEntry testId="0b5d281d-53d7-c2be-f99d-abbedccd115b" executionId="cf93ae4f-54c5-4726-952e-c15ef72c46a5" testListId="8c84fa94-04c1-424b-9868-57a2d4851a1d" />
    <TestEntry testId="07e5b2b6-99c4-b4b1-a691-ce558819108e" executionId="85f67c12-4e76-4d30-8b4e-608bbb3ac08b" testListId="8c84fa94-04c1-424b-9868-57a2d4851a1d" />
    <TestEntry testId="54a815ab-8c67-b302-4ed3-fa5ad28a0d88" executionId="dce4a71e-e85f-45c8-8711-333a6790815e" testListId="8c84fa94-04c1-424b-9868-57a2d4851a1d" />
    <TestEntry testId="019b787c-88b2-9680-3a7b-9251d2235f77" executionId="876ac120-e3fe-42f9-95b9-f37791586859" testListId="8c84fa94-04c1-424b-9868-57a2d4851a1d" />
    <TestEntry testId="407c8eb8-13c3-e45d-8c4b-af21cf27fd98" executionId="a1b416e4-1401-41a4-8654-633c4d53ef30" testListId="8c84fa94-04c1-424b-9868-57a2d4851a1d" />
    <TestEntry testId="019b787c-88b2-9680-3a7b-9251d2235f77" executionId="8431d1ce-62fc-4b43-887a-718a1d2fc147" testListId="8c84fa94-04c1-424b-9868-57a2d4851a1d" />
    <TestEntry testId="ce4d8052-bde5-cf27-0e22-ddcf7d7fbaef" executionId="ff3fa5e7-1b06-4b2b-93af-f9b60f1f5627" testListId="8c84fa94-04c1-424b-9868-57a2d4851a1d" />
    <TestEntry testId="019b787c-88b2-9680-3a7b-9251d2235f77" executionId="ce462205-f6cb-4d82-9ff6-3aaa0c589488" testListId="8c84fa94-04c1-424b-9868-57a2d4851a1d" />
    <TestEntry testId="bab636f1-7f0e-ccd8-008e-e5790511c8f3" executionId="9fb18ce6-03ec-4d17-8dad-b9f8fcfd3663" testListId="8c84fa94-04c1-424b-9868-57a2d4851a1d" />
    <TestEntry testId="019b787c-88b2-9680-3a7b-9251d2235f77" executionId="498132f0-4fb7-4c85-9324-42874203638e" testListId="8c84fa94-04c1-424b-9868-57a2d4851a1d" />
    <TestEntry testId="019b787c-88b2-9680-3a7b-9251d2235f77" executionId="4c9550b3-6ea7-4eae-8c61-031b9dd422f8" testListId="8c84fa94-04c1-424b-9868-57a2d4851a1d" />
    <TestEntry testId="0ba5960b-0a7d-f371-fc5f-7ef8a5e534e3" executionId="29d4ce33-1831-4c1a-8b1d-0b48990f9163" testListId="8c84fa94-04c1-424b-9868-57a2d4851a1d" />
    <TestEntry testId="d82b29d6-a845-5b99-7d4c-77ec17dee196" executionId="a6263abf-9d88-4880-a9ac-2cff550cd9ba" testListId="8c84fa94-04c1-424b-9868-57a2d4851a1d" />
    <TestEntry testId="f795e825-fdca-2a24-f122-c325895a62c0" executionId="6b830ff3-da08-4ac9-9ac2-2eb6ab1c1a11" testListId="8c84fa94-04c1-424b-9868-57a2d4851a1d" />
    <TestEntry testId="982455ea-c969-6fa0-9bd1-4addc0ef0ebb" executionId="bb63aa8b-2f71-42f3-8af6-2986c7f20f27" testListId="8c84fa94-04c1-424b-9868-57a2d4851a1d" />
    <TestEntry testId="884e4e27-5ecd-2097-4971-fb175371fbef" executionId="70ff060c-34f5-419e-910b-26d2efec98f5" testListId="8c84fa94-04c1-424b-9868-57a2d4851a1d" />
    <TestEntry testId="6026db5b-c674-cfd5-3033-1b552910e998" executionId="0a86f16f-9aa0-4a17-a577-766b7ab16607" testListId="8c84fa94-04c1-424b-9868-57a2d4851a1d" />
    <TestEntry testId="019b787c-88b2-9680-3a7b-9251d2235f77" executionId="c4a71e4a-784f-497c-a359-4d3b1b4a6fa7" testListId="8c84fa94-04c1-424b-9868-57a2d4851a1d" />
    <TestEntry testId="447e3b90-7d37-5b6b-28fe-04c6d36adcd7" executionId="90fe50e9-90b5-455e-bac9-0e0b3db885dd" testListId="8c84fa94-04c1-424b-9868-57a2d4851a1d" />
    <TestEntry testId="abd96ff8-0ea3-4b03-750a-ae0acb213e96" executionId="3499d48a-6c78-4fbd-a488-9b2857944334" testListId="8c84fa94-04c1-424b-9868-57a2d4851a1d" />
    <TestEntry testId="019b787c-88b2-9680-3a7b-9251d2235f77" executionId="643112d3-3986-4bb3-9f75-599f6b677b1b" testListId="8c84fa94-04c1-424b-9868-57a2d4851a1d" />
    <TestEntry testId="a1bee86b-f7fd-eae1-53d0-4373aeec0e30" executionId="141cf229-4fbb-4903-9896-a43fc38ca8ec" testListId="8c84fa94-04c1-424b-9868-57a2d4851a1d" />
    <TestEntry testId="758a10e1-1a69-8954-87aa-84c76881f9a2" executionId="d15de60f-168c-440b-b09d-77f2582c2e12" testListId="8c84fa94-04c1-424b-9868-57a2d4851a1d" />
    <TestEntry testId="019b787c-88b2-9680-3a7b-9251d2235f77" executionId="e901b61c-5741-4687-bb50-a7f2708bdc32" testListId="8c84fa94-04c1-424b-9868-57a2d4851a1d" />
    <TestEntry testId="c778c24b-bea5-d39c-8d40-9c31129a3f72" executionId="28bfc0cf-5aae-43ff-a12f-0de551c3ad7f" testListId="8c84fa94-04c1-424b-9868-57a2d4851a1d" />
    <TestEntry testId="695a69c9-264c-d1c5-2032-535ef4bf39f9" executionId="c4571441-d14a-4088-bdc8-66edd73c6f5c" testListId="8c84fa94-04c1-424b-9868-57a2d4851a1d" />
    <TestEntry testId="66d27d97-f6f9-bf89-53a6-9c29aa5f2cd7" executionId="81e14a3b-baad-4ff0-afde-0706acdd7800" testListId="8c84fa94-04c1-424b-9868-57a2d4851a1d" />
    <TestEntry testId="f727b248-9add-f920-b0ce-770364245e70" executionId="400edcfc-3afe-4c44-b80c-189aa4e74d99" testListId="8c84fa94-04c1-424b-9868-57a2d4851a1d" />
    <TestEntry testId="bd031a00-902a-ea35-8462-343f1a3a5156" executionId="a8f9a86d-50cf-417f-85e0-2782efe3f42e" testListId="8c84fa94-04c1-424b-9868-57a2d4851a1d" />
    <TestEntry testId="019b787c-88b2-9680-3a7b-9251d2235f77" executionId="b71b107a-d85a-42f5-aee9-73030f4f5039" testListId="8c84fa94-04c1-424b-9868-57a2d4851a1d" />
    <TestEntry testId="a117a439-657c-aa5a-7f5b-0fdacd0260bc" executionId="9c5e4b16-d538-49f2-b664-d5690343a871" testListId="8c84fa94-04c1-424b-9868-57a2d4851a1d" />
    <TestEntry testId="70705521-84bc-c237-82e2-02a7c6137b45" executionId="7e77faab-9228-4be1-8c53-115d07d6ae70" testListId="8c84fa94-04c1-424b-9868-57a2d4851a1d" />
    <TestEntry testId="d01fd97b-25c8-8cbc-d867-b0560800f465" executionId="2581fbd9-dc4f-4d87-9626-7ca3f1f38691" testListId="8c84fa94-04c1-424b-9868-57a2d4851a1d" />
    <TestEntry testId="39bbe88c-a5a1-69b6-0e18-a75bb02edd6c" executionId="2fb2d751-d7d9-4bd7-88d1-e55066427e65" testListId="8c84fa94-04c1-424b-9868-57a2d4851a1d" />
    <TestEntry testId="f727b248-9add-f920-b0ce-770364245e70" executionId="7d6a92f2-ffda-4f58-8c2a-913f174f3056" testListId="8c84fa94-04c1-424b-9868-57a2d4851a1d" />
    <TestEntry testId="d0f33f9f-24ac-0fc7-07bd-03b651b8483b" executionId="f60c1861-3c85-4255-9b89-70c3e0d36cde" testListId="8c84fa94-04c1-424b-9868-57a2d4851a1d" />
    <TestEntry testId="24a6eab6-1f08-48a9-6c1b-64fcbe418c15" executionId="f567ed31-56bb-4286-8928-98f0d89812a7" testListId="8c84fa94-04c1-424b-9868-57a2d4851a1d" />
    <TestEntry testId="695a69c9-264c-d1c5-2032-535ef4bf39f9" executionId="1b6728d2-c67e-4c13-83b3-33366320b1d4" testListId="8c84fa94-04c1-424b-9868-57a2d4851a1d" />
    <TestEntry testId="b8b228e3-77c8-3df1-ed2c-90ca625e84a5" executionId="f02e0cde-b060-4a97-b977-6a017d8dceb4" testListId="8c84fa94-04c1-424b-9868-57a2d4851a1d" />
    <TestEntry testId="046bb47b-e8a8-41eb-72c2-e27e4ac51cf7" executionId="2176eabc-0cc8-457a-88f2-5eb25ce20e75" testListId="8c84fa94-04c1-424b-9868-57a2d4851a1d" />
    <TestEntry testId="f727b248-9add-f920-b0ce-770364245e70" executionId="2fe9bca3-3807-44df-8abd-5481a6a94c93" testListId="8c84fa94-04c1-424b-9868-57a2d4851a1d" />
    <TestEntry testId="95ab1c5b-5375-a56f-814d-c43b88cd3e3a" executionId="65009e34-49f7-412b-8a45-13f2a66925f7" testListId="8c84fa94-04c1-424b-9868-57a2d4851a1d" />
    <TestEntry testId="019b787c-88b2-9680-3a7b-9251d2235f77" executionId="5c7a7575-1636-4573-8514-a8865de1aae6" testListId="8c84fa94-04c1-424b-9868-57a2d4851a1d" />
    <TestEntry testId="cd1f0cda-9d03-0245-b208-5abce7515c4c" executionId="013f7101-09fb-4756-85d9-7ab46cba4361" testListId="8c84fa94-04c1-424b-9868-57a2d4851a1d" />
    <TestEntry testId="20e23933-61e6-2378-f778-e7a21b5e12fd" executionId="e9c99a37-4d72-4051-8fec-1bc6e13dd281" testListId="8c84fa94-04c1-424b-9868-57a2d4851a1d" />
    <TestEntry testId="695a69c9-264c-d1c5-2032-535ef4bf39f9" executionId="17dd1654-cd70-4adc-be2e-b1e678c5e70b" testListId="8c84fa94-04c1-424b-9868-57a2d4851a1d" />
    <TestEntry testId="36994a9d-9e82-482a-ed0a-ae49f5dd8835" executionId="0dc141a7-9980-40ca-9ac5-9aaad42e058e" testListId="8c84fa94-04c1-424b-9868-57a2d4851a1d" />
    <TestEntry testId="88ed5167-268a-9511-761a-6f6b601c44bc" executionId="8507ddf3-6fbd-4291-baa1-f243eb3cac33" testListId="8c84fa94-04c1-424b-9868-57a2d4851a1d" />
    <TestEntry testId="1172bcf6-55e8-64bd-3c3e-d49e294cd4ee" executionId="3a6c2fce-4527-4077-ba98-dcb48f0a6e6e" testListId="8c84fa94-04c1-424b-9868-57a2d4851a1d" />
    <TestEntry testId="019b787c-88b2-9680-3a7b-9251d2235f77" executionId="173021d0-74f4-4121-ae3d-d325c5a0331d" testListId="8c84fa94-04c1-424b-9868-57a2d4851a1d" />
    <TestEntry testId="d0ee4d38-c709-1365-167d-d6338423f337" executionId="462f3fc9-91d4-4995-b3c4-a1adc473c226" testListId="8c84fa94-04c1-424b-9868-57a2d4851a1d" />
    <TestEntry testId="019b787c-88b2-9680-3a7b-9251d2235f77" executionId="ca31e1df-a6b9-4089-90ac-e0e0f6e2e538" testListId="8c84fa94-04c1-424b-9868-57a2d4851a1d" />
    <TestEntry testId="019b787c-88b2-9680-3a7b-9251d2235f77" executionId="fcdc133c-c127-4a59-acf1-b6a1885a9290" testListId="8c84fa94-04c1-424b-9868-57a2d4851a1d" />
    <TestEntry testId="f6b225cd-e6f2-9c6d-0df2-b0f2a6dffe76" executionId="9276bdfe-3c3a-428b-a769-3c99a2535dc6" testListId="8c84fa94-04c1-424b-9868-57a2d4851a1d" />
    <TestEntry testId="d9fb353b-bfab-96e6-e2d6-8f5c4eae2661" executionId="e6060c3c-9eb2-404c-8ca2-1f3c8fda353b" testListId="8c84fa94-04c1-424b-9868-57a2d4851a1d" />
    <TestEntry testId="81818215-6b8a-86d9-cadc-468f452a41c8" executionId="be70e6d5-1062-426e-a560-f0f4f07d60c9" testListId="8c84fa94-04c1-424b-9868-57a2d4851a1d" />
    <TestEntry testId="5607df55-06e2-4b65-ac94-49be50b352d1" executionId="b978176e-c0c3-4215-b797-298398681199" testListId="8c84fa94-04c1-424b-9868-57a2d4851a1d" />
    <TestEntry testId="83bd1e15-a1e2-517f-9ad8-ae1135768e2d" executionId="abc78a3d-edf3-47f0-a909-a8f950f00b56" testListId="8c84fa94-04c1-424b-9868-57a2d4851a1d" />
    <TestEntry testId="25ecfa4f-f473-2d64-471a-8f46f60bb777" executionId="624477f2-138f-4f23-889f-fc42ffb9ed9a" testListId="8c84fa94-04c1-424b-9868-57a2d4851a1d" />
    <TestEntry testId="c3f36319-a6ac-72c6-de73-7091eaa30e7e" executionId="fd436c70-34d8-4845-8997-d97c276855b0" testListId="8c84fa94-04c1-424b-9868-57a2d4851a1d" />
    <TestEntry testId="2b6728b5-899a-8d97-1553-67a4dfd14553" executionId="6bd93e83-4ff9-4031-9629-b0059e280f4d" testListId="8c84fa94-04c1-424b-9868-57a2d4851a1d" />
    <TestEntry testId="66145b77-c6fd-c840-2d65-2bc4fa4b291b" executionId="3d62e14f-0a2e-4139-92df-4c3368f5e64f" testListId="8c84fa94-04c1-424b-9868-57a2d4851a1d" />
    <TestEntry testId="1c07895f-9362-1973-3ff2-37290387aee6" executionId="08876b09-17b4-4a21-9eb5-4da591944705" testListId="8c84fa94-04c1-424b-9868-57a2d4851a1d" />
    <TestEntry testId="f727b248-9add-f920-b0ce-770364245e70" executionId="bcd2b1a6-0309-4119-9cd3-62dee6745ccc" testListId="8c84fa94-04c1-424b-9868-57a2d4851a1d" />
    <TestEntry testId="ca3ab566-a73a-be12-c401-6fb8ab0f1ced" executionId="33b0b0b7-95dc-496b-95b8-491a161980b4" testListId="8c84fa94-04c1-424b-9868-57a2d4851a1d" />
    <TestEntry testId="019b787c-88b2-9680-3a7b-9251d2235f77" executionId="94504087-d8aa-45d8-9ca7-3825eb3d43b2" testListId="8c84fa94-04c1-424b-9868-57a2d4851a1d" />
    <TestEntry testId="9b34ba66-0039-995b-0067-149d4c2c686c" executionId="45e82a4a-a587-4da1-a087-c568c0f6c803" testListId="8c84fa94-04c1-424b-9868-57a2d4851a1d" />
    <TestEntry testId="1ec63ba7-4ba5-2ff5-4ff0-07b94645f2de" executionId="134399b8-06a4-4387-bb3c-785acc6b34a8" testListId="8c84fa94-04c1-424b-9868-57a2d4851a1d" />
    <TestEntry testId="3becf907-2894-de39-2c9b-627e21cd7270" executionId="84d5a250-770b-466d-b14e-267a0428ffe1" testListId="8c84fa94-04c1-424b-9868-57a2d4851a1d" />
    <TestEntry testId="c1a40653-a6bb-6e93-417f-0f6831efd182" executionId="ac6273dc-e779-428e-bd17-a9484fc51689" testListId="8c84fa94-04c1-424b-9868-57a2d4851a1d" />
    <TestEntry testId="39bbe88c-a5a1-69b6-0e18-a75bb02edd6c" executionId="7414ac2d-f91d-42b6-9728-177c92602b34" testListId="8c84fa94-04c1-424b-9868-57a2d4851a1d" />
    <TestEntry testId="d69b6f7b-3d70-8685-d9dc-086e8c56eeac" executionId="7fc97f2a-60ef-42ca-852f-7fc64bfd212f" testListId="8c84fa94-04c1-424b-9868-57a2d4851a1d" />
    <TestEntry testId="416285a6-481b-8025-2e87-e42ae93aa4c1" executionId="41642ba4-1ea7-4aed-bcea-836ba59fa9a2" testListId="8c84fa94-04c1-424b-9868-57a2d4851a1d" />
    <TestEntry testId="c994d991-0d89-6402-f68c-26a97ab00a7f" executionId="dc9dfea0-e0f7-4f2d-b47e-6f1803eb2177" testListId="8c84fa94-04c1-424b-9868-57a2d4851a1d" />
    <TestEntry testId="019b787c-88b2-9680-3a7b-9251d2235f77" executionId="3922b211-479f-4613-8a3b-40f5b23c033e" testListId="8c84fa94-04c1-424b-9868-57a2d4851a1d" />
    <TestEntry testId="1d362dd3-8f11-76c1-218f-4620550c10f6" executionId="26973942-d189-4788-b5c4-71d01b467d25" testListId="8c84fa94-04c1-424b-9868-57a2d4851a1d" />
    <TestEntry testId="2311e62a-65f0-88ec-b8b4-b4677df09dfe" executionId="19b52cf9-9e4f-4eea-a16a-f84ee5be3db7" testListId="8c84fa94-04c1-424b-9868-57a2d4851a1d" />
    <TestEntry testId="39bbe88c-a5a1-69b6-0e18-a75bb02edd6c" executionId="ea0938e9-1d22-476d-8b1e-ec4e16419665" testListId="8c84fa94-04c1-424b-9868-57a2d4851a1d" />
    <TestEntry testId="39bbe88c-a5a1-69b6-0e18-a75bb02edd6c" executionId="bd6bafea-8df4-4b00-bc8a-565d1db610b0" testListId="8c84fa94-04c1-424b-9868-57a2d4851a1d" />
    <TestEntry testId="019b787c-88b2-9680-3a7b-9251d2235f77" executionId="dc35fc0f-8409-45f7-ab3d-a1e36513d56a" testListId="8c84fa94-04c1-424b-9868-57a2d4851a1d" />
    <TestEntry testId="019b787c-88b2-9680-3a7b-9251d2235f77" executionId="798b46f2-5bfb-4629-aa4c-ed1d8d60ac6e" testListId="8c84fa94-04c1-424b-9868-57a2d4851a1d" />
    <TestEntry testId="4f3b398b-84ec-beaa-0aef-43995f6b4d42" executionId="2e355c8c-d03f-4d7e-b313-bee31f1ecb38" testListId="8c84fa94-04c1-424b-9868-57a2d4851a1d" />
    <TestEntry testId="a0c6ca81-70b6-85ce-8e13-2e3ed93b3565" executionId="23e3af6e-e407-4019-96c7-58b212fed592" testListId="8c84fa94-04c1-424b-9868-57a2d4851a1d" />
    <TestEntry testId="bc11d886-c473-7175-c327-bb4b0b0441c4" executionId="161ecf4d-0250-422a-928e-772798208038" testListId="8c84fa94-04c1-424b-9868-57a2d4851a1d" />
    <TestEntry testId="f727b248-9add-f920-b0ce-770364245e70" executionId="4c59a2c5-8b87-4144-8062-eaf248176ef8" testListId="8c84fa94-04c1-424b-9868-57a2d4851a1d" />
    <TestEntry testId="14de48a8-319a-2981-6ae3-5fef32af6e50" executionId="0b993a4e-ee6d-4804-9b11-6638462f191d" testListId="8c84fa94-04c1-424b-9868-57a2d4851a1d" />
    <TestEntry testId="695a69c9-264c-d1c5-2032-535ef4bf39f9" executionId="85a24447-fe01-4315-90eb-2f5a3bae54f4" testListId="8c84fa94-04c1-424b-9868-57a2d4851a1d" />
    <TestEntry testId="f727b248-9add-f920-b0ce-770364245e70" executionId="290a9554-7a8f-444c-9b28-78f6e8c75205" testListId="8c84fa94-04c1-424b-9868-57a2d4851a1d" />
    <TestEntry testId="70838366-eed6-5e36-3655-9a4a7bd2c975" executionId="3d24f23d-ef54-4cc9-aa7c-bbce7796f6f2" testListId="8c84fa94-04c1-424b-9868-57a2d4851a1d" />
    <TestEntry testId="695a69c9-264c-d1c5-2032-535ef4bf39f9" executionId="b663ed7c-464b-4a69-a40f-c615fc0eb150" testListId="8c84fa94-04c1-424b-9868-57a2d4851a1d" />
    <TestEntry testId="c5c29033-7aed-8c9f-267f-2edf5e020723" executionId="11c1a0f4-41f2-437b-8997-3232ebbe2c2b" testListId="8c84fa94-04c1-424b-9868-57a2d4851a1d" />
    <TestEntry testId="019b787c-88b2-9680-3a7b-9251d2235f77" executionId="623ab3e5-9502-4a8d-b96e-936a349f840d" testListId="8c84fa94-04c1-424b-9868-57a2d4851a1d" />
    <TestEntry testId="ee3e295c-6621-1cab-44ac-bd05b3431003" executionId="5643dba9-3c97-4cf1-b33b-e2721791acab" testListId="8c84fa94-04c1-424b-9868-57a2d4851a1d" />
    <TestEntry testId="0e214fad-152e-1113-3e1a-d37c2c200aac" executionId="a57123bf-8811-4982-9360-7870dc22d7c2" testListId="8c84fa94-04c1-424b-9868-57a2d4851a1d" />
    <TestEntry testId="e7d9c1a3-446f-52aa-cc8c-612a11989553" executionId="7a57aa53-108d-46c0-817c-a37f5e332b19" testListId="8c84fa94-04c1-424b-9868-57a2d4851a1d" />
    <TestEntry testId="39bbe88c-a5a1-69b6-0e18-a75bb02edd6c" executionId="36f55369-316d-43f9-b3c8-3dbdc0d70ece" testListId="8c84fa94-04c1-424b-9868-57a2d4851a1d" />
    <TestEntry testId="0091378c-d8d0-e12e-a591-f1a3f318eb17" executionId="6376b57f-84fd-4565-80d2-dd1b86f3880a" testListId="8c84fa94-04c1-424b-9868-57a2d4851a1d" />
    <TestEntry testId="301a58d8-c0be-e7bf-823f-ad1b7dc3e4d1" executionId="49f9255b-63f9-4ac9-99aa-cfcf0622480b" testListId="8c84fa94-04c1-424b-9868-57a2d4851a1d" />
    <TestEntry testId="8b0d910a-ab8f-a406-3bef-b2b69ba9920e" executionId="2136e90b-4625-462a-95f0-c01b7b452b0f" testListId="8c84fa94-04c1-424b-9868-57a2d4851a1d" />
    <TestEntry testId="019b787c-88b2-9680-3a7b-9251d2235f77" executionId="147ab03b-f8c3-4115-9516-af859b556ae8" testListId="8c84fa94-04c1-424b-9868-57a2d4851a1d" />
    <TestEntry testId="019b787c-88b2-9680-3a7b-9251d2235f77" executionId="ddb78f18-c7d7-4d6d-a807-fd7df1599c59" testListId="8c84fa94-04c1-424b-9868-57a2d4851a1d" />
    <TestEntry testId="260e7293-e74c-fce0-525c-3bd66a73e332" executionId="01ae1ca6-4a81-4a97-a1fb-2a89f9803276" testListId="8c84fa94-04c1-424b-9868-57a2d4851a1d" />
    <TestEntry testId="39bbe88c-a5a1-69b6-0e18-a75bb02edd6c" executionId="c8f8e417-5e68-4f51-93fe-2f5add728c3b" testListId="8c84fa94-04c1-424b-9868-57a2d4851a1d" />
    <TestEntry testId="6ff501ab-4260-87cb-40c4-5a11699d3dc0" executionId="0a701f2a-b0bb-463b-b940-4d2ce1eaa24f" testListId="8c84fa94-04c1-424b-9868-57a2d4851a1d" />
    <TestEntry testId="ec134fae-5041-2ed9-4ae3-1937cd5ed8a9" executionId="85c69b2a-adaa-4333-8963-fb9dc1d2f770" testListId="8c84fa94-04c1-424b-9868-57a2d4851a1d" />
    <TestEntry testId="f727b248-9add-f920-b0ce-770364245e70" executionId="e847f089-e5fc-4616-8db3-90d62d2cf380" testListId="8c84fa94-04c1-424b-9868-57a2d4851a1d" />
    <TestEntry testId="2ff2d3ff-65fa-9667-7c42-9a141b1a3042" executionId="fcf19e20-fcd8-4523-8b4e-3af68f14ea9c" testListId="8c84fa94-04c1-424b-9868-57a2d4851a1d" />
    <TestEntry testId="7c79812c-dd78-b687-4554-8465adfde98f" executionId="cdfd0b49-b237-421d-957e-1608985e4faa" testListId="8c84fa94-04c1-424b-9868-57a2d4851a1d" />
    <TestEntry testId="019b787c-88b2-9680-3a7b-9251d2235f77" executionId="76788923-6bc9-43eb-9c07-994c1d518cfb" testListId="8c84fa94-04c1-424b-9868-57a2d4851a1d" />
    <TestEntry testId="d6cee6f7-0e6e-2da4-d0bb-04e464cef206" executionId="5893d1a3-21cf-4d2d-8525-a7594ac4d461" testListId="8c84fa94-04c1-424b-9868-57a2d4851a1d" />
    <TestEntry testId="8acd4525-a627-5fa2-0344-bf4e6672636d" executionId="46f2aa53-0f69-43d1-a182-eb8c4d1b0b5b" testListId="8c84fa94-04c1-424b-9868-57a2d4851a1d" />
    <TestEntry testId="019b787c-88b2-9680-3a7b-9251d2235f77" executionId="500f9bba-90a8-44ce-a095-b7cee62edcea" testListId="8c84fa94-04c1-424b-9868-57a2d4851a1d" />
    <TestEntry testId="f727b248-9add-f920-b0ce-770364245e70" executionId="fd96e297-d112-4d27-abaa-74cc6839fb81" testListId="8c84fa94-04c1-424b-9868-57a2d4851a1d" />
    <TestEntry testId="ebae948d-73ae-5f05-bcb4-098f7cc26814" executionId="31d30704-cced-460f-914e-ac56dc2f4e12" testListId="8c84fa94-04c1-424b-9868-57a2d4851a1d" />
    <TestEntry testId="019b787c-88b2-9680-3a7b-9251d2235f77" executionId="1d72d4ab-00f1-4f60-bede-d1b13a13bd06" testListId="8c84fa94-04c1-424b-9868-57a2d4851a1d" />
    <TestEntry testId="73d4dedd-83f1-1324-8320-eeb233c8b283" executionId="d5977bc9-5742-4dfd-995c-d515fcff4c02" testListId="8c84fa94-04c1-424b-9868-57a2d4851a1d" />
    <TestEntry testId="019b787c-88b2-9680-3a7b-9251d2235f77" executionId="e99a8611-42b7-42b4-9f5b-3fcfba15f8aa" testListId="8c84fa94-04c1-424b-9868-57a2d4851a1d" />
    <TestEntry testId="695a69c9-264c-d1c5-2032-535ef4bf39f9" executionId="e2bbb629-0f3e-4a61-829c-4768c40436f6" testListId="8c84fa94-04c1-424b-9868-57a2d4851a1d" />
    <TestEntry testId="6574c621-5570-b773-9a91-adb482292d94" executionId="446dc7a7-8b73-4b00-a5e3-09b920710154" testListId="8c84fa94-04c1-424b-9868-57a2d4851a1d" />
    <TestEntry testId="ef61d876-f279-e358-d2ca-562dc1c10d1e" executionId="3f07a8d9-065c-43a3-ba2b-5ad6435d059a" testListId="8c84fa94-04c1-424b-9868-57a2d4851a1d" />
    <TestEntry testId="411d8299-5978-127c-71d4-5d69a8531e4f" executionId="56ac08d7-fd36-46ce-8081-792b8ed0e0f5" testListId="8c84fa94-04c1-424b-9868-57a2d4851a1d" />
    <TestEntry testId="50af3f8e-a7fb-8038-f9be-3c4b1b323d00" executionId="71b5d823-361e-4231-bdb2-f92d150cea80" testListId="8c84fa94-04c1-424b-9868-57a2d4851a1d" />
    <TestEntry testId="1bad3ee1-7388-b6e0-e0f8-6668ea1d178e" executionId="b91697c2-8cc1-45cd-a4e7-7d061d97cf96" testListId="8c84fa94-04c1-424b-9868-57a2d4851a1d" />
    <TestEntry testId="90610a8c-f611-0064-730c-0535a8575b15" executionId="7dc21208-89f5-44ea-871c-5d0c1e1f17ae" testListId="8c84fa94-04c1-424b-9868-57a2d4851a1d" />
    <TestEntry testId="96ea1a5e-f228-93ef-fb7e-4cc19b1c050f" executionId="c9827888-824c-4be1-872f-990e693f535a" testListId="8c84fa94-04c1-424b-9868-57a2d4851a1d" />
    <TestEntry testId="9b91ebe4-16e7-c36a-4fc9-08dc5ede6102" executionId="4c3db8fe-c741-4a68-a0c4-1a03203f19da" testListId="8c84fa94-04c1-424b-9868-57a2d4851a1d" />
    <TestEntry testId="c1c667bb-dd99-ca9c-a3a5-63612d431fe3" executionId="c4b458ac-0c83-4560-a944-7f21e2d44855" testListId="8c84fa94-04c1-424b-9868-57a2d4851a1d" />
    <TestEntry testId="e83c654e-eec8-cfcc-ea19-74227b0e2bb3" executionId="0ed6fe81-7870-483c-82a2-628df8620a31" testListId="8c84fa94-04c1-424b-9868-57a2d4851a1d" />
    <TestEntry testId="019b787c-88b2-9680-3a7b-9251d2235f77" executionId="f7669e7a-647b-439c-9b50-ec7aa64eb6ff" testListId="8c84fa94-04c1-424b-9868-57a2d4851a1d" />
    <TestEntry testId="eb55d003-d16a-e248-5892-1d28af4ac26b" executionId="e2d5dd08-f362-4c1f-9221-03b88a684c83" testListId="8c84fa94-04c1-424b-9868-57a2d4851a1d" />
    <TestEntry testId="a3b476da-c5ac-2466-f5d1-66e02b545a9e" executionId="18e7e164-528a-4c8d-8b41-9031c94f33c5" testListId="8c84fa94-04c1-424b-9868-57a2d4851a1d" />
    <TestEntry testId="019b787c-88b2-9680-3a7b-9251d2235f77" executionId="022468ce-ab41-4f7c-b667-9acbd76f3108" testListId="8c84fa94-04c1-424b-9868-57a2d4851a1d" />
    <TestEntry testId="ca277579-f921-ca59-fc28-7975ae70837e" executionId="27fa0bd0-3e73-4f5d-bd45-119106c7d5a1" testListId="8c84fa94-04c1-424b-9868-57a2d4851a1d" />
    <TestEntry testId="019b787c-88b2-9680-3a7b-9251d2235f77" executionId="91b5fbee-2bc6-4203-96c4-3eeb23ca4eec" testListId="8c84fa94-04c1-424b-9868-57a2d4851a1d" />
    <TestEntry testId="39bbe88c-a5a1-69b6-0e18-a75bb02edd6c" executionId="90e7bd5d-2223-4ca5-b007-8b88bb39768f" testListId="8c84fa94-04c1-424b-9868-57a2d4851a1d" />
    <TestEntry testId="7ad9a60b-3bd1-63db-7e4d-460f45209433" executionId="562ff47d-9393-4049-bc41-e153d0643c84" testListId="8c84fa94-04c1-424b-9868-57a2d4851a1d" />
    <TestEntry testId="695a69c9-264c-d1c5-2032-535ef4bf39f9" executionId="0b052ac2-80e6-4e7d-8c2f-17493c5d45ab" testListId="8c84fa94-04c1-424b-9868-57a2d4851a1d" />
    <TestEntry testId="2001d930-9629-1e36-492e-1252c0e1e0d7" executionId="d5ca1933-90ec-4b4a-86c3-7c9984b1c023" testListId="8c84fa94-04c1-424b-9868-57a2d4851a1d" />
    <TestEntry testId="13d75945-5a49-e65d-638d-2203812d93af" executionId="36bd2cd2-2586-40c3-9b28-7c5e670cb633" testListId="8c84fa94-04c1-424b-9868-57a2d4851a1d" />
    <TestEntry testId="8d2f8e88-7714-1968-a779-80a3624aeb36" executionId="b38c558f-3c88-441e-938d-9d943d104e77" testListId="8c84fa94-04c1-424b-9868-57a2d4851a1d" />
    <TestEntry testId="a785b2ed-694b-c712-dc65-234658702525" executionId="7a90f1b4-49b2-4934-b87f-b48c65b540a9" testListId="8c84fa94-04c1-424b-9868-57a2d4851a1d" />
    <TestEntry testId="df98f8df-f173-cbff-4b7c-11349bc8ad5e" executionId="04e2fa78-07e2-472c-86e2-9723acb1b445" testListId="8c84fa94-04c1-424b-9868-57a2d4851a1d" />
    <TestEntry testId="e58357f9-dc75-3496-946e-e8004f6e8ad5" executionId="bc5ffeda-9073-4253-9d46-cc42af3f16bc" testListId="8c84fa94-04c1-424b-9868-57a2d4851a1d" />
    <TestEntry testId="a654a7be-fc0f-3b4d-41ba-9d01bb2f11d1" executionId="b3570c9a-f41a-4328-83e4-e8e4141268ce" testListId="8c84fa94-04c1-424b-9868-57a2d4851a1d" />
    <TestEntry testId="019b787c-88b2-9680-3a7b-9251d2235f77" executionId="b10d9516-a508-4cc6-b302-1f312c42283b" testListId="8c84fa94-04c1-424b-9868-57a2d4851a1d" />
    <TestEntry testId="4c073b5e-840d-5b74-c781-f406e76a5747" executionId="378e0411-ba7c-4990-9a33-e8731eed6d87" testListId="8c84fa94-04c1-424b-9868-57a2d4851a1d" />
    <TestEntry testId="7837e7d3-e88e-0fa9-0724-083f8012d0bc" executionId="5ff7ad8b-a451-47c8-942f-d3ae4876722b" testListId="8c84fa94-04c1-424b-9868-57a2d4851a1d" />
    <TestEntry testId="7e8f64a3-1f92-0ea6-2321-2473a2cf3014" executionId="fdeec875-dd35-464b-87e6-0b4b16fea698" testListId="8c84fa94-04c1-424b-9868-57a2d4851a1d" />
    <TestEntry testId="24d79c6d-4e6c-32ec-f233-25e8cdfe6c11" executionId="a8baa3e4-1081-4177-995d-f8dfbf60365c" testListId="8c84fa94-04c1-424b-9868-57a2d4851a1d" />
    <TestEntry testId="54386f13-db91-1023-e9b0-914739bb1e52" executionId="b64e789e-845a-4763-b92c-2fc0c6d15b7f" testListId="8c84fa94-04c1-424b-9868-57a2d4851a1d" />
    <TestEntry testId="39bbe88c-a5a1-69b6-0e18-a75bb02edd6c" executionId="722a1c1e-fb24-436a-bea2-f42dc347bcb2" testListId="8c84fa94-04c1-424b-9868-57a2d4851a1d" />
    <TestEntry testId="eb664498-e24b-01f6-3ff0-41a6a53d54fa" executionId="aa8eb87f-dfbc-45c7-86fe-6c3305624232" testListId="8c84fa94-04c1-424b-9868-57a2d4851a1d" />
    <TestEntry testId="39bbe88c-a5a1-69b6-0e18-a75bb02edd6c" executionId="42bc6129-3f6f-4d84-86ce-364c072de81b" testListId="8c84fa94-04c1-424b-9868-57a2d4851a1d" />
    <TestEntry testId="df5b02a0-93bd-0fb0-8601-e338a1423bd8" executionId="0495fea6-e09b-46cf-a171-ba1c034791a7" testListId="8c84fa94-04c1-424b-9868-57a2d4851a1d" />
    <TestEntry testId="c1b1101b-8c50-6e3d-2f4d-52b44c2165c5" executionId="f8bdf564-9a63-45fe-bbf1-f0ae466b13f1" testListId="8c84fa94-04c1-424b-9868-57a2d4851a1d" />
    <TestEntry testId="d40a0b27-4772-f826-d858-ba9d83a95450" executionId="bb39a0de-5fb4-454c-acc0-7229194ea0af" testListId="8c84fa94-04c1-424b-9868-57a2d4851a1d" />
    <TestEntry testId="019b787c-88b2-9680-3a7b-9251d2235f77" executionId="abe5d52e-538e-42b7-b6a7-784e65421083" testListId="8c84fa94-04c1-424b-9868-57a2d4851a1d" />
    <TestEntry testId="0d56de24-0e10-5c6f-1a26-bf6d17847be2" executionId="dcc50607-ee1c-4f31-b3d2-9b7b9fb5635e" testListId="8c84fa94-04c1-424b-9868-57a2d4851a1d" />
    <TestEntry testId="e96ff01a-f58a-0ee6-eb72-c851e76e589d" executionId="e7500a1d-e54d-4e0b-b003-45d36a481e21" testListId="8c84fa94-04c1-424b-9868-57a2d4851a1d" />
    <TestEntry testId="e667324b-7718-2977-74ff-2f460e28efbf" executionId="937920f0-7dc3-4e08-ae0d-7ad536a03950" testListId="8c84fa94-04c1-424b-9868-57a2d4851a1d" />
    <TestEntry testId="019b787c-88b2-9680-3a7b-9251d2235f77" executionId="1f62fb8d-b9d7-4b57-aece-f68bdec222c3" testListId="8c84fa94-04c1-424b-9868-57a2d4851a1d" />
    <TestEntry testId="b61df458-05eb-c22f-8fb9-aed9f810b12b" executionId="2cd4c670-0964-4213-b765-dcfa77202b2d" testListId="8c84fa94-04c1-424b-9868-57a2d4851a1d" />
    <TestEntry testId="f6c7f5cc-8aa9-7a70-19fa-9df5023f90ed" executionId="f6884b4d-93fb-4dfd-a1ca-46dd31d76c28" testListId="8c84fa94-04c1-424b-9868-57a2d4851a1d" />
    <TestEntry testId="94151b80-6a36-489e-1373-d65d3d0bffd2" executionId="051c6cb0-c6f7-431f-aae6-765861aec515" testListId="8c84fa94-04c1-424b-9868-57a2d4851a1d" />
    <TestEntry testId="576c76a8-3008-7dbd-589e-61d06494cf33" executionId="81e04ea8-2f4c-4826-b37c-dcd0944338f7" testListId="8c84fa94-04c1-424b-9868-57a2d4851a1d" />
    <TestEntry testId="39bbe88c-a5a1-69b6-0e18-a75bb02edd6c" executionId="58d58d09-ed90-48e5-b75b-f1cab579697f" testListId="8c84fa94-04c1-424b-9868-57a2d4851a1d" />
    <TestEntry testId="9ddab8d2-c390-a768-c04a-015ff26d9f31" executionId="f7b1f350-3832-42bc-a51d-da76b334bd03" testListId="8c84fa94-04c1-424b-9868-57a2d4851a1d" />
    <TestEntry testId="4f9535e4-d1ea-4b90-9c6c-4f387ce626b0" executionId="fbd02ffe-2a24-4723-9d14-366c59710ff7" testListId="8c84fa94-04c1-424b-9868-57a2d4851a1d" />
    <TestEntry testId="019b787c-88b2-9680-3a7b-9251d2235f77" executionId="b745d209-b0a5-4cce-86e4-914745062828" testListId="8c84fa94-04c1-424b-9868-57a2d4851a1d" />
    <TestEntry testId="f727b248-9add-f920-b0ce-770364245e70" executionId="f8e82549-61f9-4c8e-a881-13563c80e449" testListId="8c84fa94-04c1-424b-9868-57a2d4851a1d" />
    <TestEntry testId="f5e7fd5a-4c4d-c179-69bc-7343cba0a91a" executionId="7ead9e4f-e5ec-464d-af95-745d1203efa3" testListId="8c84fa94-04c1-424b-9868-57a2d4851a1d" />
    <TestEntry testId="019b787c-88b2-9680-3a7b-9251d2235f77" executionId="fef1ed3e-3e0a-4529-ae3d-ae3a74b0926d" testListId="8c84fa94-04c1-424b-9868-57a2d4851a1d" />
    <TestEntry testId="b62487a2-b5d7-ae4e-4cb8-a719b81869c9" executionId="6b33c66a-7e45-4a66-a0b5-bcc350a0188f" testListId="8c84fa94-04c1-424b-9868-57a2d4851a1d" />
    <TestEntry testId="f3d6b225-c5a6-47a8-4e82-2d366c2d83d7" executionId="55454dfb-a446-49de-b092-e6cdd3ab1324" testListId="8c84fa94-04c1-424b-9868-57a2d4851a1d" />
    <TestEntry testId="8acd4525-a627-5fa2-0344-bf4e6672636d" executionId="f12a3dfa-f59b-425e-bc5e-e7a57f2ec2d9" testListId="8c84fa94-04c1-424b-9868-57a2d4851a1d" />
    <TestEntry testId="39bbe88c-a5a1-69b6-0e18-a75bb02edd6c" executionId="5d30d045-3049-4ab9-a347-bb45513e0cdd" testListId="8c84fa94-04c1-424b-9868-57a2d4851a1d" />
    <TestEntry testId="3e045f05-f3ff-0418-fe82-83ddd72b1a42" executionId="7f4c49f7-1ce8-4fa1-95c7-c101df928e37" testListId="8c84fa94-04c1-424b-9868-57a2d4851a1d" />
    <TestEntry testId="3370fbbe-a91a-fbba-2304-dab5594a2650" executionId="8af22705-3311-4ec2-8bea-47f01f246162" testListId="8c84fa94-04c1-424b-9868-57a2d4851a1d" />
    <TestEntry testId="00b50133-988d-2868-dbd0-2d7d31da3549" executionId="2f6ea839-bda8-4bc8-a8e4-7e2ab5cb4ce1" testListId="8c84fa94-04c1-424b-9868-57a2d4851a1d" />
    <TestEntry testId="019b787c-88b2-9680-3a7b-9251d2235f77" executionId="e880a44f-910c-431a-b99c-203182923198" testListId="8c84fa94-04c1-424b-9868-57a2d4851a1d" />
    <TestEntry testId="6a668e6c-24bc-ee8e-4fe5-03c6c56050b8" executionId="e4f826c5-209d-4478-87d3-f2178e3ebf36" testListId="8c84fa94-04c1-424b-9868-57a2d4851a1d" />
    <TestEntry testId="f727b248-9add-f920-b0ce-770364245e70" executionId="6e452045-e7b6-459e-ab92-7d6fe404a3b5" testListId="8c84fa94-04c1-424b-9868-57a2d4851a1d" />
    <TestEntry testId="95ea0026-728d-f66a-f1ad-b857db35a213" executionId="863fff66-936f-4bc9-aa03-dbac32f041c4" testListId="8c84fa94-04c1-424b-9868-57a2d4851a1d" />
    <TestEntry testId="7e9f39f0-af65-2c13-4309-b4464d858db2" executionId="3c02a69f-f787-40e3-8705-01aa59c659f8" testListId="8c84fa94-04c1-424b-9868-57a2d4851a1d" />
    <TestEntry testId="5d137380-a1eb-e654-eb57-3d14a4f96b59" executionId="2724f35d-d36a-4965-bbe5-55296366e3c3" testListId="8c84fa94-04c1-424b-9868-57a2d4851a1d" />
    <TestEntry testId="4dc2d7e2-bca2-64d8-7b5e-2e4fa76ea71d" executionId="5b8878de-c7e8-4855-9dc9-755ad47ca95e" testListId="8c84fa94-04c1-424b-9868-57a2d4851a1d" />
    <TestEntry testId="0654952d-956d-1c88-c2ca-241680d66135" executionId="0b2d6a7d-30bd-4670-ba5c-4b5a322bceee" testListId="8c84fa94-04c1-424b-9868-57a2d4851a1d" />
    <TestEntry testId="8cf9a83b-9cfd-0363-646c-0870fb8e866b" executionId="fc776298-bd25-4d3a-9ee6-829ad837dc2b" testListId="8c84fa94-04c1-424b-9868-57a2d4851a1d" />
    <TestEntry testId="1650038f-24a7-26b9-4afd-2f28b884c2b6" executionId="662aa6a7-62ad-4c1c-8492-af1ea84747fa" testListId="8c84fa94-04c1-424b-9868-57a2d4851a1d" />
    <TestEntry testId="019b787c-88b2-9680-3a7b-9251d2235f77" executionId="4182fcf7-1507-4615-82aa-a7a30fd94482" testListId="8c84fa94-04c1-424b-9868-57a2d4851a1d" />
    <TestEntry testId="019b787c-88b2-9680-3a7b-9251d2235f77" executionId="66737ee8-d11d-4790-b503-b71dbdcca525" testListId="8c84fa94-04c1-424b-9868-57a2d4851a1d" />
    <TestEntry testId="019b787c-88b2-9680-3a7b-9251d2235f77" executionId="825ca80f-0b33-41e5-bd9b-becbd89063d0" testListId="8c84fa94-04c1-424b-9868-57a2d4851a1d" />
    <TestEntry testId="bb400e72-3c70-2af7-87cd-a738a13cfe78" executionId="77969ef5-8603-4cf6-91d1-9af7036fe1c6" testListId="8c84fa94-04c1-424b-9868-57a2d4851a1d" />
    <TestEntry testId="afed0485-0954-9f08-d765-75de0a03b209" executionId="1cb5342a-36f8-48ef-8e0b-23661919cec4" testListId="8c84fa94-04c1-424b-9868-57a2d4851a1d" />
    <TestEntry testId="ace0c538-170e-5743-4096-32ab0e0cd89d" executionId="37ee359e-31c9-4d60-979b-821a367b9703" testListId="8c84fa94-04c1-424b-9868-57a2d4851a1d" />
    <TestEntry testId="019b787c-88b2-9680-3a7b-9251d2235f77" executionId="287ff55d-125c-4d30-8381-c0200d7f5f52" testListId="8c84fa94-04c1-424b-9868-57a2d4851a1d" />
    <TestEntry testId="695a69c9-264c-d1c5-2032-535ef4bf39f9" executionId="74e59b6f-4627-4387-8841-738c2b338a2c" testListId="8c84fa94-04c1-424b-9868-57a2d4851a1d" />
    <TestEntry testId="019b787c-88b2-9680-3a7b-9251d2235f77" executionId="7f5d16da-e8f8-49bf-9e17-5de28a8d67fd" testListId="8c84fa94-04c1-424b-9868-57a2d4851a1d" />
    <TestEntry testId="05b78b0a-34aa-b373-4d67-0c1378c37b60" executionId="5e202e36-7e5b-4901-ab89-7dfcada63a64" testListId="8c84fa94-04c1-424b-9868-57a2d4851a1d" />
    <TestEntry testId="1635eb66-a620-bcc8-9daf-3c6481be8a43" executionId="60281e89-3741-4058-9c15-86f1c65e02c8" testListId="8c84fa94-04c1-424b-9868-57a2d4851a1d" />
    <TestEntry testId="1c12d953-27fe-db54-6823-abdb50d2985c" executionId="d402bd64-c4cb-4480-b4ee-d14e27e65457" testListId="8c84fa94-04c1-424b-9868-57a2d4851a1d" />
    <TestEntry testId="20393264-d295-28a1-fad7-20a2f04ab129" executionId="90510236-8051-4e41-ba67-cd8654a212ba" testListId="8c84fa94-04c1-424b-9868-57a2d4851a1d" />
    <TestEntry testId="019b787c-88b2-9680-3a7b-9251d2235f77" executionId="30f3726a-7320-4e60-bc2f-3fcd75ffa5b0" testListId="8c84fa94-04c1-424b-9868-57a2d4851a1d" />
    <TestEntry testId="019b787c-88b2-9680-3a7b-9251d2235f77" executionId="fa0eba6c-145f-4e46-8aa1-a980ab7f4c9b" testListId="8c84fa94-04c1-424b-9868-57a2d4851a1d" />
    <TestEntry testId="019b787c-88b2-9680-3a7b-9251d2235f77" executionId="77baf21d-37ef-42b6-a60a-066de5cca1a6" testListId="8c84fa94-04c1-424b-9868-57a2d4851a1d" />
  </TestEntries>
  <TestLists>
    <TestList name="Список результатов" id="8c84fa94-04c1-424b-9868-57a2d4851a1d" />
    <TestList name="Все загруженные результаты" id="19431567-8539-422a-85d7-44ee4e166bda" />
  </TestLists>
  <ResultSummary outcome="Completed">
    <Counters total="1833" executed="1659" passed="1659" failed="0" error="0" timeout="0" aborted="0" inconclusive="0" passedButRunAborted="0" notRunnable="0" notExecuted="0" disconnected="0" warning="0" completed="0" inProgress="0" pending="0" />
    <Output>
      <StdOut>[xUnit.net 00:00:00.01] xUnit.net VSTest Adapter v2.4.3+1b45f5407b (64-bit .NET 5.0.7)&#xD;
[xUnit.net 00:00:12.37]   Discovering: Skillaz.Tests&#xD;
[xUnit.net 00:00:13.60]   Discovered:  Skillaz.Tests&#xD;
[xUnit.net 00:00:13.62]   Starting:    Skillaz.Tests&#xD;
[xUnit.net 00:01:06.53]       Базу кандидатов мвидео переделали, сейчас не актуально, нужно переписать&#xD;
Тест "Skillaz.Tests.Vacancy.CompanySpecific.MvideoTransferToAnotherVacancy_feature.ChangeVacancy_in_one_funnel_make_new_candidate" пропущен в тестовом запуске.&#xD;
[xUnit.net 00:01:50.23]       Теперь идентификаторы менять нельзя&#xD;
Тест "Skillaz.Tests.Configurator.ConfiguratorStatusChangeTests.При_смене_идентификатора_статуса_обновляются_выходы_и_проч" пропущен в тестовом запуске.&#xD;
[xUnit.net 00:01:56.52]       Temporarly disabled&#xD;
Тест "Skillaz.Tests.Request.Mvideo.RequestProfFunnel_feature.Check_prof_request_update_command" пропущен в тестовом запуске.&#xD;
[xUnit.net 00:02:43.83]       &#xD;
Тест "Skillaz.Tests.Mongo.Transactions.MongoTransactionFeature.Transaction_should_be_atomic" пропущен в тестовом запуске.&#xD;
[xUnit.net 00:03:00.59]       You need Elasticsearch 7.5 local instance on 9200 port&#xD;
Тест "Skillaz.Tests.Configurator.Deduplication.CheckDuplicateCandidates.Check_duplicate_candidate" пропущен в тестовом запуске.&#xD;
[xUnit.net 00:03:29.67]       не актуально&#xD;
Тест "Skillaz.Tests.TaskTracker.SystemTaskNotificationSending_feature.Immediately_sending_of_system_task_notifications" пропущен в тестовом запуске.&#xD;
[xUnit.net 00:03:30.68]       Не актуально, заявка в кфг&#xD;
[xUnit.net 00:03:30.76]       Не актуально, заявка в кфг&#xD;
[xUnit.net 00:03:30.76]       Не актуально, заявка в кфг&#xD;
[xUnit.net 00:03:30.79]       Не актуально, заявка в кфг&#xD;
[xUnit.net 00:03:30.85]       Не актуально, заявка в кфг&#xD;
[xUnit.net 00:03:30.94]       Не актуально, заявка в кфг&#xD;
Тест "Skillaz.Tests.CompanySpecific.Mvideo.MvideoChangePositionCountOrgUnit_feature.CreateHireNeeds_with_approvedCount_then_request_and_vacancy_should_be_created" пропущен в тестовом запуске.&#xD;
Тест "Skillaz.Tests.CompanySpecific.Mvideo.MvideoChangePositionCountOrgUnit_feature.Set_hire_needs_approved_count_then_request_and_vacancy_should_be_created" пропущен в тестовом запуске.&#xD;
Тест "Skillaz.Tests.CompanySpecific.Mvideo.MvideoChangePositionCountOrgUnit_feature.Set_hire_needs_approved_count_then_same_vacancy_should_be_not_archived" пропущен в тестовом запуске.&#xD;
Тест "Skillaz.Tests.CompanySpecific.Mvideo.MvideoChangePositionCountOrgUnit_feature.При_достижении_кандидатом_конечного_статуса_если_1_заявка_на_поиск" пропущен в тестовом запуске.&#xD;
Тест "Skillaz.Tests.CompanySpecific.Mvideo.MvideoChangePositionCountOrgUnit_feature.При_закрытии_заявки_вакансия_должна_уйти_в_архив" пропущен в тестовом запуске.&#xD;
Тест "Skillaz.Tests.CompanySpecific.Mvideo.MvideoChangePositionCountOrgUnit_feature.Set_hire_needs_approved_count_then_same_vacancy_should_be_archived" пропущен в тестовом запуске.&#xD;
[xUnit.net 00:05:55.39]       DM not ready yet&#xD;
[xUnit.net 00:05:55.39]       DM not ready yet&#xD;
Тест "Skillaz.Tests.DocumentModels.DocumentModel_AvailableValues_feature.Set_value_that_is_not_in_availableValues" пропущен в тестовом запуске.&#xD;
Тест "Skillaz.Tests.DocumentModels.DocumentModel_AvailableValues_feature.Set_value_that_is_in_availableValues" пропущен в тестовом запуске.&#xD;
[xUnit.net 00:06:43.85]       You need Elasticsearch 7.5 local instance on 9200 port&#xD;
[xUnit.net 00:06:43.85]       You need Elasticsearch 7.5 local instance on 9200 port&#xD;
Тест "Skillaz.Tests.Candidate.Workflow.CreateCandidateCommand_feature.If_current_company_is_x5_And_creating_candidate_is_duplicate_And_audit_info_updated_at_more_then_30_days_in_past_Then_existing_candidate_vacancy_should_be_changed_to_vacancy_from_new_candidate" пропущен в тестовом запуске.&#xD;
Тест "Skillaz.Tests.Candidate.Workflow.CreateCandidateCommand_feature.If_current_company_is_x5_And_creating_candidate_is_duplicate_And_current_status_set_at_more_then_30_days_in_past_Then_existing_candidate_vacancy_should_be_changed_to_vacancy_from_new_candidate" пропущен в тестовом запуске.&#xD;
[xUnit.net 00:07:34.12]       Restore test later&#xD;
[xUnit.net 00:07:34.15]       Restore test later&#xD;
[xUnit.net 00:07:34.15]       Restore test later&#xD;
Тест "Skillaz.Tests.CompanySpecific.X5.X5OrgUnitsTypeProcessing_feature.Problem_category_is_fifteen_percent_of_full_oe_list_when_all_orgunit_without_dm" пропущен в тестовом запуске.&#xD;
Тест "Skillaz.Tests.CompanySpecific.X5.X5OrgUnitsTypeProcessing_feature.Problem_category_is_fifteen_percent_of_full_oe_list_when_zero_employees_total" пропущен в тестовом запуске.&#xD;
Тест "Skillaz.Tests.CompanySpecific.X5.X5OrgUnitsTypeProcessing_feature.Problem_category_is_fifteen_percent_of_full_oe_list" пропущен в тестовом запуске.&#xD;
[xUnit.net 00:08:33.86]       Нужно переделать этап Given_dm_configuration, не завязываться на авилон&#xD;
[xUnit.net 00:08:33.86]       Нужно переделать этап Given_dm_configuration, не завязываться на авилон&#xD;
[xUnit.net 00:08:33.89]       Нужно переделать этап Given_dm_configuration, не завязываться на авилон&#xD;
[xUnit.net 00:08:33.89]       Нужно переделать этап Given_dm_configuration, не завязываться на авилон&#xD;
[xUnit.net 00:08:33.94]       Нужно переделать этап Given_dm_configuration, не завязываться на авилон&#xD;
[xUnit.net 00:08:33.94]       Нужно переделать этап Given_dm_configuration, не завязываться на авилон&#xD;
[xUnit.net 00:08:33.99]       Нужно переделать этап Given_dm_configuration, не завязываться на авилон&#xD;
Тест "Skillaz.Tests.OrgUnit.OrgUnitExternalIdTests.Test_request_update_with_existed_externalId" пропущен в тестовом запуске.&#xD;
Тест "Skillaz.Tests.OrgUnit.OrgUnitExternalIdTests.Test_candidateProfile_update_with_already_existed_doc_by_externalId" пропущен в тестовом запуске.&#xD;
Тест "Skillaz.Tests.OrgUnit.OrgUnitExternalIdTests.Test_request_update_with_already_existed_doc_by_externalId" пропущен в тестовом запуске.&#xD;
Тест "Skillaz.Tests.OrgUnit.OrgUnitExternalIdTests.Test_request_create_with_existed_externalId" пропущен в тестовом запуске.&#xD;
Тест "Skillaz.Tests.OrgUnit.OrgUnitExternalIdTests.Test_orgunit_update_with_already_existed_orgunit_by_externalId" пропущен в тестовом запуске.&#xD;
Тест "Skillaz.Tests.OrgUnit.OrgUnitExternalIdTests.Test_candidateProfile_update_with_existed_externalId" пропущен в тестовом запуске.&#xD;
Тест "Skillaz.Tests.OrgUnit.OrgUnitExternalIdTests.Test_orgunit_update_with_existed_externalId" пропущен в тестовом запуске.&#xD;
[xUnit.net 00:08:34.01]       Нужно переделать этап Given_dm_configuration, не завязываться на авилон&#xD;
[xUnit.net 00:08:34.03]       Нужно переделать этап Given_dm_configuration, не завязываться на авилон&#xD;
[xUnit.net 00:08:34.07]       Нужно переделать этап Given_dm_configuration, не завязываться на авилон&#xD;
[xUnit.net 00:08:34.12]       Нужно переделать этап Given_dm_configuration, не завязываться на авилон&#xD;
[xUnit.net 00:08:34.20]       Нужно переделать этап Given_dm_configuration, не завязываться на авилон&#xD;
[xUnit.net 00:08:34.71]       You need Elasticsearch 7.5 local instance on 9200 port&#xD;
Тест "Skillaz.Tests.OrgUnit.OrgUnitExternalIdTests.Test_orgunit_create_with_existed_externalId" пропущен в тестовом запуске.&#xD;
Тест "Skillaz.Tests.OrgUnit.OrgUnitExternalIdTests.Test_vacancy_update_with_existed_externalId" пропущен в тестовом запуске.&#xD;
Тест "Skillaz.Tests.OrgUnit.OrgUnitExternalIdTests.Test_candidateProfile_create_with_existed_externalId" пропущен в тестовом запуске.&#xD;
Тест "Skillaz.Tests.OrgUnit.OrgUnitExternalIdTests.Test_vacancy_create_with_existed_externalId" пропущен в тестовом запуске.&#xD;
Тест "Skillaz.Tests.OrgUnit.OrgUnitExternalIdTests.Test_vacancy_update_with_already_existed_doc_by_externalId" пропущен в тестовом запуске.&#xD;
Тест "Skillaz.Tests.Candidate.Elastic.CandidateElasticFiltration_feature.Retrieving_a_candidate_by_nonexistent_request_id" пропущен в тестовом запуске.&#xD;
[xUnit.net 00:08:34.71]       You need Elasticsearch 7.5 local instance on 9200 port&#xD;
[xUnit.net 00:08:34.71]       You need Elasticsearch 7.5 local instance on 9200 port&#xD;
[xUnit.net 00:08:34.71]       You need Elasticsearch 7.5 local instance on 9200 port&#xD;
[xUnit.net 00:08:34.71]       You need Elasticsearch 7.5 local instance on 9200 port&#xD;
[xUnit.net 00:08:34.71]       You need Elasticsearch 7.5 local instance on 9200 port&#xD;
[xUnit.net 00:08:34.72]       You need Elasticsearch 7.5 local instance on 9200 port&#xD;
[xUnit.net 00:08:34.72]       You need Elasticsearch 7.5 local instance on 9200 port&#xD;
[xUnit.net 00:08:34.72]       You need Elasticsearch 7.5 local instance on 9200 port&#xD;
[xUnit.net 00:08:34.72]       You need Elasticsearch 7.5 local instance on 9200 port&#xD;
[xUnit.net 00:08:34.72]       You need Elasticsearch 7.5 local instance on 9200 port&#xD;
Тест "Skillaz.Tests.Candidate.Elastic.CandidateElasticFiltration_feature.Retrieving_a_candidate_by_add_ways" пропущен в тестовом запуске.&#xD;
Тест "Skillaz.Tests.Candidate.Elastic.CandidateElasticFiltration_feature.Retrieving_a_candidate_by_nonexistent_search_id" пропущен в тестовом запуске.&#xD;
Тест "Skillaz.Tests.Candidate.Elastic.CandidateElasticFiltration_feature.Retrieving_candidates_by_history_tags" пропущен в тестовом запуске.&#xD;
Тест "Skillaz.Tests.Candidate.Elastic.CandidateElasticFiltration_feature.Retrieving_a_candidate_by_check_statuses" пропущен в тестовом запуске.&#xD;
Тест "Skillaz.Tests.Candidate.Elastic.CandidateElasticFiltration_feature.Retrieving_no_candidates_by_history_statuses" пропущен в тестовом запуске.&#xD;
Тест "Skillaz.Tests.Candidate.Elastic.CandidateElasticFiltration_feature.Retrieving_a_candidate_by_nonexistent_job_requisition_id" пропущен в тестовом запуске.&#xD;
Тест "Skillaz.Tests.Candidate.Elastic.CandidateElasticFiltration_feature.Retrieving_no_candidates_by_expired_appointment" пропущен в тестовом запуске.&#xD;
Тест "Skillaz.Tests.Candidate.Elastic.CandidateElasticFiltration_feature.Retrieving_no_candidates_by_appointment_filter" пропущен в тестовом запуске.&#xD;
Тест "Skillaz.Tests.Candidate.Elastic.CandidateElasticFiltration_feature.Retrieving_no_candidates_that_are_created_before_specific_date" пропущен в тестовом запуске.&#xD;
Тест "Skillaz.Tests.Candidate.Elastic.CandidateElasticFiltration_feature.Retrieving_a_candidate_by_nonexistent_vacancy_id" пропущен в тестовом запуске.&#xD;
[xUnit.net 00:08:34.73]       You need Elasticsearch 7.5 local instance on 9200 port&#xD;
[xUnit.net 00:08:34.73]       You need Elasticsearch 7.5 local instance on 9200 port&#xD;
[xUnit.net 00:08:34.73]       You need Elasticsearch 7.5 local instance on 9200 port&#xD;
[xUnit.net 00:08:34.73]       You need Elasticsearch 7.5 local instance on 9200 port&#xD;
[xUnit.net 00:08:34.73]       You need Elasticsearch 7.5 local instance on 9200 port&#xD;
[xUnit.net 00:08:34.73]       You need Elasticsearch 7.5 local instance on 9200 port&#xD;
[xUnit.net 00:08:34.73]       You need Elasticsearch 7.5 local instance on 9200 port&#xD;
[xUnit.net 00:08:34.76]       You need Elasticsearch 7.5 local instance on 9200 port&#xD;
[xUnit.net 00:08:34.76]       You need Elasticsearch 7.5 local instance on 9200 port&#xD;
[xUnit.net 00:08:34.76]       You need Elasticsearch 7.5 local instance on 9200 port&#xD;
Тест "Skillaz.Tests.Candidate.Elastic.CandidateElasticFiltration_feature.Retrieving_a_candidate_that_has_a_resume_that_is_updated_before_specific_date" пропущен в тестовом запуске.&#xD;
Тест "Skillaz.Tests.Candidate.Elastic.CandidateElasticFiltration_feature.Retrieving_a_candidate_by_existing_user_id" пропущен в тестовом запуске.&#xD;
Тест "Skillaz.Tests.Candidate.Elastic.CandidateElasticFiltration_feature.Retrieving_a_candidate_by_existing_request_id" пропущен в тестовом запуске.&#xD;
Тест "Skillaz.Tests.Candidate.Elastic.CandidateElasticFiltration_feature.Retrieving_a_candidate_by_nonexistent_user_id" пропущен в тестовом запуске.&#xD;
Тест "Skillaz.Tests.Candidate.Elastic.CandidateElasticFiltration_feature.Retrieving_a_candidate_by_existing_vacancy_ids" пропущен в тестовом запуске.&#xD;
Тест "Skillaz.Tests.Candidate.Elastic.CandidateElasticFiltration_feature.Retrieving_candidates_by_history_statuses" пропущен в тестовом запуске.&#xD;
Тест "Skillaz.Tests.Candidate.Elastic.CandidateElasticFiltration_feature.Retrieving_a_candidate_by_existing_client_id" пропущен в тестовом запуске.&#xD;
Тест "Skillaz.Tests.Candidate.Elastic.CandidateElasticFiltration_feature.Retrieving_no_candidates_that_have_a_resume_that_is_updated_after_specific_date" пропущен в тестовом запуске.&#xD;
Тест "Skillaz.Tests.Candidate.Elastic.CandidateElasticFiltration_feature.Retrieving_a_candidate_by_nonexistent_id" пропущен в тестовом запуске.&#xD;
Тест "Skillaz.Tests.Candidate.Elastic.CandidateElasticFiltration_feature.Retrieving_no_candidates_that_are_created_after_specific_date" пропущен в тестовом запуске.&#xD;
[xUnit.net 00:08:34.77]       You need Elasticsearch 7.5 local instance on 9200 port&#xD;
[xUnit.net 00:08:34.77]       You need Elasticsearch 7.5 local instance on 9200 port&#xD;
[xUnit.net 00:08:34.77]       You need Elasticsearch 7.5 local instance on 9200 port&#xD;
[xUnit.net 00:08:34.77]       You need Elasticsearch 7.5 local instance on 9200 port&#xD;
[xUnit.net 00:08:34.77]       You need Elasticsearch 7.5 local instance on 9200 port&#xD;
[xUnit.net 00:08:34.77]       You need Elasticsearch 7.5 local instance on 9200 port&#xD;
[xUnit.net 00:08:34.78]       You need Elasticsearch 7.5 local instance on 9200 port&#xD;
[xUnit.net 00:08:34.78]       You need Elasticsearch 7.5 local instance on 9200 port&#xD;
[xUnit.net 00:08:34.79]       You need Elasticsearch 7.5 local instance on 9200 port&#xD;
[xUnit.net 00:08:34.80]       You need Elasticsearch 7.5 local instance on 9200 port&#xD;
Тест "Skillaz.Tests.Candidate.Elastic.CandidateElasticFiltration_feature.Retrieving_a_candidate_by_existing_org_unit_ids" пропущен в тестовом запуске.&#xD;
Тест "Skillaz.Tests.Candidate.Elastic.CandidateElasticFiltration_feature.Retrieving_a_candidate_by_existing_job_requisition_id" пропущен в тестовом запуске.&#xD;
Тест "Skillaz.Tests.Candidate.Elastic.CandidateElasticFiltration_feature.Retrieving_a_candidate_by_sources" пропущен в тестовом запуске.&#xD;
Тест "Skillaz.Tests.Candidate.Elastic.CandidateElasticFiltration_feature.Retrieving_candidates_by_current_status" пропущен в тестовом запуске.&#xD;
Тест "Skillaz.Tests.Candidate.Elastic.CandidateElasticFiltration_feature.Retrieving_a_candidate_by_sf_sources" пропущен в тестовом запуске.&#xD;
Тест "Skillaz.Tests.Candidate.Elastic.CandidateElasticFiltration_feature.Retrieving_a_candidate_by_existing_job_requisition_ids" пропущен в тестовом запуске.&#xD;
Тест "Skillaz.Tests.Candidate.Elastic.CandidateElasticFiltration_feature.Retrieving_no_candidates_by_current_tags" пропущен в тестовом запуске.&#xD;
Тест "Skillaz.Tests.Candidate.Elastic.CandidateElasticFiltration_feature.Retrieving_no_candidates_by_history_tags" пропущен в тестовом запуске.&#xD;
Тест "Skillaz.Tests.Candidate.Elastic.CandidateElasticFiltration_feature.Retrieving_candidates_by_current_tags" пропущен в тестовом запуске.&#xD;
Тест "Skillaz.Tests.Candidate.Elastic.CandidateElasticFiltration_feature.Retrieving_a_candidate_that_has_a_resume_that_is_updated_after_specific_date" пропущен в тестовом запуске.&#xD;
[xUnit.net 00:08:34.80]       You need Elasticsearch 7.5 local instance on 9200 port&#xD;
[xUnit.net 00:08:34.81]       You need Elasticsearch 7.5 local instance on 9200 port&#xD;
[xUnit.net 00:08:34.82]       You need Elasticsearch 7.5 local instance on 9200 port&#xD;
[xUnit.net 00:08:34.82]       You need Elasticsearch 7.5 local instance on 9200 port&#xD;
[xUnit.net 00:08:34.90]       You need Elasticsearch 7.5 local instance on 9200 port&#xD;
[xUnit.net 00:08:34.92]       You need Elasticsearch 7.5 local instance on 9200 port&#xD;
[xUnit.net 00:08:34.92]       You need Elasticsearch 7.5 local instance on 9200 port&#xD;
[xUnit.net 00:08:34.93]       You need Elasticsearch 7.5 local instance on 9200 port&#xD;
[xUnit.net 00:08:34.93]       You need Elasticsearch 7.5 local instance on 9200 port&#xD;
[xUnit.net 00:08:34.94]       You need Elasticsearch 7.5 local instance on 9200 port&#xD;
Тест "Skillaz.Tests.Candidate.Elastic.CandidateElasticFiltration_feature.Retrieving_a_candidate_by_nonexistent_check_statuses" пропущен в тестовом запуске.&#xD;
Тест "Skillaz.Tests.Candidate.Elastic.CandidateElasticFiltration_feature.Retrieving_a_candidate_by_existing_vacancy_id" пропущен в тестовом запуске.&#xD;
Тест "Skillaz.Tests.Candidate.Elastic.CandidateElasticFiltration_feature.Retrieving_a_candidate_that_is_created_after_specific_date" пропущен в тестовом запуске.&#xD;
Тест "Skillaz.Tests.Candidate.Elastic.CandidateElasticFiltration_feature.Retrieving_no_candidates_by_current_status" пропущен в тестовом запуске.&#xD;
Тест "Skillaz.Tests.Candidate.Elastic.CandidateElasticFiltration_feature.Full_unsuccess_scenario" пропущен в тестовом запуске.&#xD;
Тест "Skillaz.Tests.Candidate.Elastic.CandidateElasticFiltration_feature.Full_success_scenario" пропущен в тестовом запуске.&#xD;
Тест "Skillaz.Tests.Candidate.Elastic.CandidateElasticFiltration_feature.Retrieving_a_candidate_by_nonexistent_client_id" пропущен в тестовом запуске.&#xD;
Тест "Skillaz.Tests.Candidate.Elastic.CandidateElasticFiltration_feature.Retrieving_a_candidate_that_is_created_before_specific_date" пропущен в тестовом запуске.&#xD;
Тест "Skillaz.Tests.Candidate.Elastic.CandidateElasticFiltration_feature.Retrieving_no_candidates_that_had_a_contacts_hidden" пропущен в тестовом запуске.&#xD;
Тест "Skillaz.Tests.Candidate.Elastic.CandidateElasticFiltration_feature.Retrieving_a_candidate_by_nonexistent_vacancy_ids" пропущен в тестовом запуске.&#xD;
[xUnit.net 00:08:34.94]       You need Elasticsearch 7.5 local instance on 9200 port&#xD;
[xUnit.net 00:08:34.95]       You need Elasticsearch 7.5 local instance on 9200 port&#xD;
[xUnit.net 00:08:34.97]       You need Elasticsearch 7.5 local instance on 9200 port&#xD;
[xUnit.net 00:08:34.98]       You need Elasticsearch 7.5 local instance on 9200 port&#xD;
[xUnit.net 00:08:35.00]       You need Elasticsearch 7.5 local instance on 9200 port&#xD;
[xUnit.net 00:08:35.00]       You need Elasticsearch 7.5 local instance on 9200 port&#xD;
[xUnit.net 00:08:35.01]       You need Elasticsearch 7.5 local instance on 9200 port&#xD;
[xUnit.net 00:08:35.02]       You need Elasticsearch 7.5 local instance on 9200 port&#xD;
[xUnit.net 00:08:35.02]       You need Elasticsearch 7.5 local instance on 9200 port&#xD;
Тест "Skillaz.Tests.Candidate.Elastic.CandidateElasticFiltration_feature.Retrieving_a_candidate_by_existing_id" пропущен в тестовом запуске.&#xD;
Тест "Skillaz.Tests.Candidate.Elastic.CandidateElasticFiltration_feature.Retrieving_a_candidate_by_existing_search_id" пропущен в тестовом запуске.&#xD;
Тест "Skillaz.Tests.Candidate.Elastic.CandidateElasticFiltration_feature.Retrieving_candidates_by_appointment" пропущен в тестовом запуске.&#xD;
Тест "Skillaz.Tests.Candidate.Elastic.CandidateElasticFiltration_feature.Retrieving_a_candidate_by_nonexistent_add_ways" пропущен в тестовом запуске.&#xD;
Тест "Skillaz.Tests.Candidate.Elastic.CandidateElasticFiltration_feature.Retrieving_a_candidate_by_nonexistent_sf_sources" пропущен в тестовом запуске.&#xD;
Тест "Skillaz.Tests.Candidate.Elastic.CandidateElasticFiltration_feature.Retrieving_no_candidates_that_have_a_resume_that_is_updated_before_specific_date" пропущен в тестовом запуске.&#xD;
Тест "Skillaz.Tests.Candidate.Elastic.CandidateElasticFiltration_feature.Retrieving_a_candidate_by_nonexistent_sources" пропущен в тестовом запуске.&#xD;
Тест "Skillaz.Tests.Candidate.Elastic.CandidateElasticFiltration_feature.Retrieving_a_candidate_by_nonexistent_job_requisition_ids" пропущен в тестовом запуске.&#xD;
Тест "Skillaz.Tests.Candidate.Elastic.CandidateElasticFiltration_feature.Retrieving_a_candidate_by_nonexistent_org_unit_ids" пропущен в тестовом запуске.&#xD;
[xUnit.net 00:08:40.61]       for tests&#xD;
[xUnit.net 00:08:40.61]       for tests&#xD;
Тест "Skillaz.Tests.HH.HHWebhook_feature.HH_NewNegotiationMessageCalled" пропущен в тестовом запуске.&#xD;
Тест "Skillaz.Tests.HH.HHWebhook_feature.HH_Check_that_subscribe_when_link_publication_and_we_are_not_admin" пропущен в тестовом запуске.&#xD;
[xUnit.net 00:08:40.61]       for tests&#xD;
[xUnit.net 00:08:40.63]       for tests&#xD;
[xUnit.net 00:08:41.86]       Не актуально, проф заявка в кфг и логика отличается&#xD;
[xUnit.net 00:08:41.86]       Не актуально, проф заявка в кфг и логика отличается&#xD;
Тест "Skillaz.Tests.HH.HHWebhook_feature.HH_NewNegotiationVacancyCalled" пропущен в тестовом запуске.&#xD;
Тест "Skillaz.Tests.HH.HHWebhook_feature.HH_Check_that_not_subscribe_when_link_publication_and_we_are_admin" пропущен в тестовом запуске.&#xD;
Тест "Skillaz.Tests.CompanySpecific.Mvideo.MvideoProfRolesAssign_feature.Assign_roles_of_users_which_already_have_incorrect_roles" пропущен в тестовом запуске.&#xD;
Тест "Skillaz.Tests.CompanySpecific.Mvideo.MvideoProfRolesAssign_feature.Assign_roles_of_users_with_no_access" пропущен в тестовом запуске.&#xD;
[xUnit.net 00:08:41.87]       Не актуально, проф заявка в кфг и логика отличается&#xD;
Тест "Skillaz.Tests.CompanySpecific.Mvideo.MvideoProfRolesAssign_feature.Assign_roles_of_users_which_already_have_correct_roles" пропущен в тестовом запуске.&#xD;
[xUnit.net 00:09:20.49]       Необходимо понять какие уникальные признаки будут и нефтебаз и дописать сценарий&#xD;
Тест "Skillaz.Tests.CompanySpecific.GazpromNeft.GazpromUploadReferences_feature.Create_multiple_workplace_with_equal_azs" пропущен в тестовом запуске.&#xD;
[xUnit.net 00:10:06.99]       This test uses PdfFactory. You need installed wkhtmltopdf tool.&#xD;
[xUnit.net 00:10:07.14]       This test uses PdfFactory. You need installed wkhtmltopdf tool.&#xD;
[xUnit.net 00:10:07.70]       Подумать как замокать ClientConfiguration&#xD;
Тест "Skillaz.Tests.OpenApi.CheckApi.GetCheckPdf_feature.Get_candidate_check_pdf_with_null_checkId" пропущен в тестовом запуске.&#xD;
Тест "Skillaz.Tests.OpenApi.CheckApi.GetCheckPdf_feature.Get_candidate_check_pdf" пропущен в тестовом запуске.&#xD;
Тест "Skillaz.Tests.CompanySpecific.Mvideo.MvideoProcessDelayedHoldRequestsCommand_feature.Set_request_holded_request_hold_date_is_current" пропущен в тестовом запуске.&#xD;
[xUnit.net 00:10:16.39]       You need Elasticsearch 7.5 local instance on 9200 port&#xD;
[xUnit.net 00:10:16.41]       You need Elasticsearch 7.5 local instance on 9200 port&#xD;
[xUnit.net 00:10:16.51]       You need Elasticsearch 7.5 local instance on 9200 port&#xD;
[xUnit.net 00:10:16.55]       You need Elasticsearch 7.5 local instance on 9200 port&#xD;
[xUnit.net 00:10:16.58]       You need Elasticsearch 7.5 local instance on 9200 port&#xD;
[xUnit.net 00:10:16.59]       You need Elasticsearch 7.5 local instance on 9200 port&#xD;
[xUnit.net 00:10:16.62]       You need Elasticsearch 7.5 local instance on 9200 port&#xD;
Тест "Skillaz.Tests.CompanySpecific.X5.X5Deduplication_feature.By_tabel_number_and_vacancy_but_fired_reservists" пропущен в тестовом запуске.&#xD;
Тест "Skillaz.Tests.CompanySpecific.X5.X5Deduplication_feature.By_phone_number_and_email" пропущен в тестовом запуске.&#xD;
Тест "Skillaz.Tests.CompanySpecific.X5.X5Deduplication_feature.By_birth_date_and_phone_number" пропущен в тестовом запуске.&#xD;
Тест "Skillaz.Tests.CompanySpecific.X5.X5Deduplication_feature.By_fullname_and_birth_date" пропущен в тестовом запуске.&#xD;
Тест "Skillaz.Tests.CompanySpecific.X5.X5Deduplication_feature.By_name_and_email" пропущен в тестовом запуске.&#xD;
Тест "Skillaz.Tests.CompanySpecific.X5.X5Deduplication_feature.By_tabel_number_and_vacancy" пропущен в тестовом запуске.&#xD;
Тест "Skillaz.Tests.CompanySpecific.X5.X5Deduplication_feature.By_phone_and_number" пропущен в тестовом запуске.&#xD;
[xUnit.net 00:10:16.62]       You need Elasticsearch 7.5 local instance on 9200 port&#xD;
Тест "Skillaz.Tests.CompanySpecific.X5.X5Deduplication_feature.By_fullname_and_birth_date_when_candidate_is_secret_applicant" пропущен в тестовом запуске.&#xD;
[xUnit.net 00:10:41.68]       Мвидео кфг в конфигураторе, не протестировать.&#xD;
[xUnit.net 00:10:41.69]       Мвидео кфг в конфигураторе, не протестировать.&#xD;
[xUnit.net 00:10:41.69]       Мвидео кфг в конфигураторе, не протестировать.&#xD;
Тест "Skillaz.Tests.CompanySpecific.Mvideo.MvideoTimeZones_feature.Check_Create_MassVacancy" пропущен в тестовом запуске.&#xD;
Тест "Skillaz.Tests.CompanySpecific.Mvideo.MvideoTimeZones_feature.Check_Create_ProfVacancy" пропущен в тестовом запуске.&#xD;
Тест "Skillaz.Tests.CompanySpecific.Mvideo.MvideoTimeZones_feature.Check_Update_OrgUnits_SetGmt" пропущен в тестовом запуске.&#xD;
[xUnit.net 00:10:44.12]       You need Elasticsearch 7.5 local instance on 9200 port&#xD;
[xUnit.net 00:10:44.13]       You need Elasticsearch 7.5 local instance on 9200 port&#xD;
[xUnit.net 00:10:44.24]       You need Elasticsearch 7.5 local instance on 9200 port&#xD;
[xUnit.net 00:10:44.24]       You need Elasticsearch 7.5 local instance on 9200 port&#xD;
[xUnit.net 00:10:44.28]       You need Elasticsearch 7.5 local instance on 9200 port&#xD;
[xUnit.net 00:10:44.28]       You need Elasticsearch 7.5 local instance on 9200 port&#xD;
[xUnit.net 00:10:44.41]       You need Elasticsearch 7.5 local instance on 9200 port&#xD;
[xUnit.net 00:10:44.45]       You need Elasticsearch 7.5 local instance on 9200 port&#xD;
[xUnit.net 00:10:44.45]       You need Elasticsearch 7.5 local instance on 9200 port&#xD;
Тест "Skillaz.Tests.Candidate.Elastic.CandidateElasticMultiselectFiltration_feature.MultiLineFilterCheck" пропущен в тестовом запуске.&#xD;
Тест "Skillaz.Tests.Candidate.Elastic.CandidateElasticMultiselectFiltration_feature.MultiLineFilterCheck" пропущен в тестовом запуске.&#xD;
Тест "Skillaz.Tests.Candidate.Elastic.CandidateElasticMultiselectFiltration_feature.MultiLineFilterCheck" пропущен в тестовом запуске.&#xD;
Тест "Skillaz.Tests.Candidate.Elastic.CandidateElasticMultiselectFiltration_feature.MultiLineFilterCheck" пропущен в тестовом запуске.&#xD;
Тест "Skillaz.Tests.Candidate.Elastic.CandidateElasticMultiselectFiltration_feature.MultiLineFilterCheck" пропущен в тестовом запуске.&#xD;
Тест "Skillaz.Tests.Candidate.Elastic.CandidateElasticMultiselectFiltration_feature.MultiLineFilterCheck" пропущен в тестовом запуске.&#xD;
Тест "Skillaz.Tests.Candidate.Elastic.CandidateElasticMultiselectFiltration_feature.MultiLineFilterCheck" пропущен в тестовом запуске.&#xD;
Тест "Skillaz.Tests.Candidate.Elastic.CandidateElasticMultiselectFiltration_feature.MultiLineFilterCheck" пропущен в тестовом запуске.&#xD;
Тест "Skillaz.Tests.Candidate.Elastic.CandidateElasticMultiselectFiltration_feature.MultiLineFilterCheck" пропущен в тестовом запуске.&#xD;
[xUnit.net 00:10:44.59]       You need Elasticsearch 7.5 local instance on 9200 port&#xD;
[xUnit.net 00:10:44.60]       You need Elasticsearch 7.5 local instance on 9200 port&#xD;
[xUnit.net 00:10:44.61]       You need Elasticsearch 7.5 local instance on 9200 port&#xD;
[xUnit.net 00:10:44.65]       You need Elasticsearch 7.5 local instance on 9200 port&#xD;
[xUnit.net 00:10:44.66]       You need Elasticsearch 7.5 local instance on 9200 port&#xD;
[xUnit.net 00:10:44.72]       You need Elasticsearch 7.5 local instance on 9200 port&#xD;
[xUnit.net 00:10:44.73]       You need Elasticsearch 7.5 local instance on 9200 port&#xD;
[xUnit.net 00:10:44.75]       You need Elasticsearch 7.5 local instance on 9200 port&#xD;
[xUnit.net 00:10:44.77]       You need Elasticsearch 7.5 local instance on 9200 port&#xD;
Тест "Skillaz.Tests.Candidate.Elastic.CandidateElasticMultiselectFiltration_feature.MultiLineFilterCheck" пропущен в тестовом запуске.&#xD;
Тест "Skillaz.Tests.Candidate.Elastic.CandidateElasticMultiselectFiltration_feature.MultiLineFilterCheck" пропущен в тестовом запуске.&#xD;
Тест "Skillaz.Tests.Candidate.Elastic.CandidateElasticMultiselectFiltration_feature.MultiLineFilterCheck" пропущен в тестовом запуске.&#xD;
Тест "Skillaz.Tests.Candidate.Elastic.CandidateElasticMultiselectFiltration_feature.MultiLineFilterCheck" пропущен в тестовом запуске.&#xD;
Тест "Skillaz.Tests.Candidate.Elastic.CandidateElasticMultiselectFiltration_feature.MultiLineFilterCheck" пропущен в тестовом запуске.&#xD;
Тест "Skillaz.Tests.Candidate.Elastic.CandidateElasticMultiselectFiltration_feature.MultiLineFilterCheck" пропущен в тестовом запуске.&#xD;
Тест "Skillaz.Tests.Candidate.Elastic.CandidateElasticMultiselectFiltration_feature.MultiLineFilterCheck" пропущен в тестовом запуске.&#xD;
Тест "Skillaz.Tests.Candidate.Elastic.CandidateElasticMultiselectFiltration_feature.MultiLineFilterCheck" пропущен в тестовом запуске.&#xD;
Тест "Skillaz.Tests.Candidate.Elastic.CandidateElasticMultiselectFiltration_feature.MultiLineFilterCheck" пропущен в тестовом запуске.&#xD;
[xUnit.net 00:10:44.90]       You need Elasticsearch 7.5 local instance on 9200 port&#xD;
[xUnit.net 00:10:44.92]       You need Elasticsearch 7.5 local instance on 9200 port&#xD;
[xUnit.net 00:10:44.93]       You need Elasticsearch 7.5 local instance on 9200 port&#xD;
[xUnit.net 00:10:44.94]       You need Elasticsearch 7.5 local instance on 9200 port&#xD;
[xUnit.net 00:10:45.00]       You need Elasticsearch 7.5 local instance on 9200 port&#xD;
[xUnit.net 00:10:45.02]       You need Elasticsearch 7.5 local instance on 9200 port&#xD;
[xUnit.net 00:10:45.02]       You need Elasticsearch 7.5 local instance on 9200 port&#xD;
[xUnit.net 00:10:45.05]       You need Elasticsearch 7.5 local instance on 9200 port&#xD;
Тест "Skillaz.Tests.Candidate.Elastic.CandidateElasticMultiselectFiltration_feature.MultiLineFilterCheck" пропущен в тестовом запуске.&#xD;
Тест "Skillaz.Tests.Candidate.Elastic.CandidateElasticMultiselectFiltration_feature.MultiLineFilterCheck" пропущен в тестовом запуске.&#xD;
Тест "Skillaz.Tests.Candidate.Elastic.CandidateElasticMultiselectFiltration_feature.MultiLineFilterCheck" пропущен в тестовом запуске.&#xD;
Тест "Skillaz.Tests.Candidate.Elastic.CandidateElasticMultiselectFiltration_feature.MultiLineFilterCheck" пропущен в тестовом запуске.&#xD;
Тест "Skillaz.Tests.Candidate.Elastic.CandidateElasticMultiselectFiltration_feature.MultiLineFilterCheck" пропущен в тестовом запуске.&#xD;
Тест "Skillaz.Tests.Candidate.Elastic.CandidateElasticMultiselectFiltration_feature.MultiLineFilterCheck" пропущен в тестовом запуске.&#xD;
Тест "Skillaz.Tests.Candidate.Elastic.CandidateElasticMultiselectFiltration_feature.MultiLineFilterCheck" пропущен в тестовом запуске.&#xD;
Тест "Skillaz.Tests.Candidate.Elastic.CandidateElasticMultiselectFiltration_feature.MultiLineFilterCheck" пропущен в тестовом запуске.&#xD;
[xUnit.net 00:10:45.14]       You need Elasticsearch 7.5 local instance on 9200 port&#xD;
[xUnit.net 00:10:45.15]       You need Elasticsearch 7.5 local instance on 9200 port&#xD;
[xUnit.net 00:10:45.15]       You need Elasticsearch 7.5 local instance on 9200 port&#xD;
Тест "Skillaz.Tests.Candidate.Elastic.CandidateElasticMultiselectFiltration_feature.MultiLineFilterCheck" пропущен в тестовом запуске.&#xD;
Тест "Skillaz.Tests.Candidate.Elastic.CandidateElasticMultiselectFiltration_feature.MultiLineFilterCheck" пропущен в тестовом запуске.&#xD;
Тест "Skillaz.Tests.Candidate.Elastic.CandidateElasticMultiselectFiltration_feature.MultiLineFilterCheck" пропущен в тестовом запуске.&#xD;
[xUnit.net 00:11:08.44]       You need Elasticsearch 7.5 local instance on 9200 port&#xD;
Тест "Skillaz.Tests.Candidate.Elastic.CandidateElasticMultiselectFiltration_feature.MultiLineFilterCheck" пропущен в тестовом запуске.&#xD;
[xUnit.net 00:11:13.96]       Базу кандидатов мвидео переделали, сейчас не актуально, нужно переписать&#xD;
Тест "Skillaz.Tests.Vacancy.CompanySpecific.MvideoMassCandidateDatabase_feature.After_transfer_candidate_will_be_have_old_vacancy" пропущен в тестовом запуске.&#xD;
[xUnit.net 00:11:15.55]       Базу кандидатов мвидео переделали, сейчас не актуально, нужно переписать&#xD;
Тест "Skillaz.Tests.Vacancy.CompanySpecific.MvideoMassCandidateDatabase_feature.After_transfer_to_the_candidate_database_count_of_vacancies_will_equal_two" пропущен в тестовом запуске.&#xD;
[xUnit.net 00:11:17.49]       Базу кандидатов мвидео переделали, сейчас не актуально, нужно переписать&#xD;
[xUnit.net 00:11:18.11]       Базу кандидатов мвидео переделали, сейчас не актуально, нужно переписать&#xD;
[xUnit.net 00:11:18.11]       Базу кандидатов мвидео переделали, сейчас не актуально, нужно переписать&#xD;
Тест "Skillaz.Tests.Vacancy.CompanySpecific.MvideoMassCandidateDatabase_feature.Transfer_to_the_candidate_database_will_create_candidate" пропущен в тестовом запуске.&#xD;
Тест "Skillaz.Tests.Vacancy.CompanySpecific.MvideoMassCandidateDatabase_feature.After_transfer_new_candidate_will_have_same_status" пропущен в тестовом запуске.&#xD;
Тест "Skillaz.Tests.Vacancy.CompanySpecific.MvideoMassCandidateDatabase_feature.Transfer_from_candidate_database_will_change_status_at_candidate" пропущен в тестовом запуске.&#xD;
[xUnit.net 00:11:19.89]       Базу кандидатов мвидео переделали, сейчас не актуально, нужно переписать&#xD;
Тест "Skillaz.Tests.Vacancy.CompanySpecific.MvideoMassCandidateDatabase_feature.Transfer_to_the_candidate_database_will_create_vacancy_if_vacancy_not_exist" пропущен в тестовом запуске.&#xD;
[xUnit.net 00:13:17.99]       Появился тест MvideoOpenApiBatchRequest_feature&#xD;
[xUnit.net 00:13:18.05]       Появился тест MvideoOpenApiBatchRequest_feature&#xD;
[xUnit.net 00:13:18.08]       Появился тест MvideoOpenApiBatchRequest_feature&#xD;
[xUnit.net 00:13:18.10]       Появился тест MvideoOpenApiBatchRequest_feature&#xD;
[xUnit.net 00:13:18.12]       Появился тест MvideoOpenApiBatchRequest_feature&#xD;
[xUnit.net 00:13:18.13]       Появился тест MvideoOpenApiBatchRequest_feature&#xD;
Тест "Skillaz.Tests.CompanySpecific.Mvideo.MvideoPrepareBatchUpdateRequest_feature.Office_managers_responsible_ids_is_untouched" пропущен в тестовом запуске.&#xD;
Тест "Skillaz.Tests.CompanySpecific.Mvideo.MvideoPrepareBatchUpdateRequest_feature.OrgUnits_with_responsible_id_00000000_processed" пропущен в тестовом запуске.&#xD;
Тест "Skillaz.Tests.CompanySpecific.Mvideo.MvideoPrepareBatchUpdateRequest_feature.Undefined_users_is_erased_from_dto" пропущен в тестовом запуске.&#xD;
Тест "Skillaz.Tests.CompanySpecific.Mvideo.MvideoPrepareBatchUpdateRequest_feature.Office_managers_roles_is_untouched" пропущен в тестовом запуске.&#xD;
Тест "Skillaz.Tests.CompanySpecific.Mvideo.MvideoPrepareBatchUpdateRequest_feature.Stores_responsible_ids_is_replaced" пропущен в тестовом запуске.&#xD;
Тест "Skillaz.Tests.CompanySpecific.Mvideo.MvideoPrepareBatchUpdateRequest_feature.Store_directors_roles_is_set" пропущен в тестовом запуске.&#xD;
[xUnit.net 00:13:31.19]       Вернуть тесты после правок по потребностям Mvideo&#xD;
[xUnit.net 00:13:31.24]       Вернуть тесты после правок по потребностям Mvideo&#xD;
[xUnit.net 00:13:31.27]       Вернуть тесты после правок по потребностям Mvideo&#xD;
[xUnit.net 00:13:31.29]       Вернуть тесты после правок по потребностям Mvideo&#xD;
Тест "Skillaz.Tests.CompanySpecific.Mvideo.MvideoOpenApiSapAvaliablePositionsHireNeedBatchRequest_feature.CheckAvaliablePositionsInHireNeedAfterOpenApiRequest_InHold" пропущен в тестовом запуске.&#xD;
Тест "Skillaz.Tests.CompanySpecific.Mvideo.MvideoOpenApiSapAvaliablePositionsHireNeedBatchRequest_feature.CheckAvaliablePositionsInHireNeedAfterOpenApiRequest_InHold" пропущен в тестовом запуске.&#xD;
Тест "Skillaz.Tests.CompanySpecific.Mvideo.MvideoOpenApiSapAvaliablePositionsHireNeedBatchRequest_feature.CheckAvaliablePositionsInHireNeedAfterOpenApiRequest_InHold" пропущен в тестовом запуске.&#xD;
Тест "Skillaz.Tests.CompanySpecific.Mvideo.MvideoOpenApiSapAvaliablePositionsHireNeedBatchRequest_feature.CheckAvaliablePositionsInHireNeedAfterOpenApiRequest_InHold" пропущен в тестовом запуске.&#xD;
[xUnit.net 00:13:31.31]       Вернуть тесты после правок по потребностям Mvideo&#xD;
[xUnit.net 00:13:31.40]       Вернуть тесты после правок по потребностям Mvideo&#xD;
[xUnit.net 00:13:31.42]       Вернуть тесты после правок по потребностям Mvideo&#xD;
[xUnit.net 00:13:31.46]       Вернуть тесты после правок по потребностям Mvideo&#xD;
Тест "Skillaz.Tests.CompanySpecific.Mvideo.MvideoOpenApiSapAvaliablePositionsHireNeedBatchRequest_feature.CheckAvaliablePositionsInHireNeedAfterOpenApiRequest_InHold" пропущен в тестовом запуске.&#xD;
Тест "Skillaz.Tests.CompanySpecific.Mvideo.MvideoOpenApiSapAvaliablePositionsHireNeedBatchRequest_feature.CheckAvaliablePositionsInHireNeedAfterOpenApiRequest_InHold" пропущен в тестовом запуске.&#xD;
Тест "Skillaz.Tests.CompanySpecific.Mvideo.MvideoOpenApiSapAvaliablePositionsHireNeedBatchRequest_feature.CheckAvaliablePositionsInHireNeedAfterOpenApiRequest_RequestsNustBeInWork" пропущен в тестовом запуске.&#xD;
Тест "Skillaz.Tests.CompanySpecific.Mvideo.MvideoOpenApiSapAvaliablePositionsHireNeedBatchRequest_feature.CheckAvaliablePositionsInHireNeedAfterOpenApiRequest_RequestsNustBeInWork" пропущен в тестовом запуске.&#xD;
[xUnit.net 00:13:39.97]       Вернуть тесты после правок по потребностям Mvideo&#xD;
[xUnit.net 00:13:40.20]       Вернуть тесты после правок по потребностям Mvideo&#xD;
[xUnit.net 00:13:40.27]       Вернуть тесты после правок по потребностям Mvideo&#xD;
[xUnit.net 00:13:40.33]       Вернуть тесты после правок по потребностям Mvideo&#xD;
[xUnit.net 00:13:40.37]       Вернуть тесты после правок по потребностям Mvideo&#xD;
[xUnit.net 00:13:40.41]       Вернуть тесты после правок по потребностям Mvideo&#xD;
[xUnit.net 00:13:40.47]       Вернуть тесты после правок по потребностям Mvideo&#xD;
[xUnit.net 00:13:40.50]       Вернуть тесты после правок по потребностям Mvideo&#xD;
Тест "Skillaz.Tests.CompanySpecific.Mvideo.MvideoOpenApiSapAvaliablePositionsHireNeedBatchRequest_feature.CheckAvaliablePositionsInHireNeedAfterOpenApiRequest_RequestsNustBeInWork" пропущен в тестовом запуске.&#xD;
Тест "Skillaz.Tests.CompanySpecific.Mvideo.MvideoOpenApiSapAvaliablePositionsHireNeedBatchRequest_feature.CheckAvaliablePositionsInHireNeedAfterOpenApiRequest_RequestsNustBeInWork" пропущен в тестовом запуске.&#xD;
Тест "Skillaz.Tests.CompanySpecific.Mvideo.MvideoOpenApiSapAvaliablePositionsHireNeedBatchRequest_feature.CheckAvaliablePositionsInHireNeedAfterOpenApiRequest_AllRequests" пропущен в тестовом запуске.&#xD;
Тест "Skillaz.Tests.CompanySpecific.Mvideo.MvideoOpenApiSapAvaliablePositionsHireNeedBatchRequest_feature.CheckAvaliablePositionsInHireNeedAfterOpenApiRequest_AllRequests" пропущен в тестовом запуске.&#xD;
Тест "Skillaz.Tests.CompanySpecific.Mvideo.MvideoOpenApiSapAvaliablePositionsHireNeedBatchRequest_feature.CheckAvaliablePositionsInHireNeedAfterOpenApiRequest_RequestsNustBeInWork" пропущен в тестовом запуске.&#xD;
Тест "Skillaz.Tests.CompanySpecific.Mvideo.MvideoOpenApiSapAvaliablePositionsHireNeedBatchRequest_feature.CheckAvaliablePositionsInHireNeedAfterOpenApiRequest_RequestsNustBeInWork" пропущен в тестовом запуске.&#xD;
Тест "Skillaz.Tests.CompanySpecific.Mvideo.MvideoOpenApiSapAvaliablePositionsHireNeedBatchRequest_feature.CheckAvaliablePositionsInHireNeedAfterOpenApiRequest_AllRequests" пропущен в тестовом запуске.&#xD;
Тест "Skillaz.Tests.CompanySpecific.Mvideo.MvideoOpenApiSapAvaliablePositionsHireNeedBatchRequest_feature.CheckAvaliablePositionsInHireNeedAfterOpenApiRequest_AllRequests" пропущен в тестовом запуске.&#xD;
[xUnit.net 00:13:40.63]       Вернуть тесты после правок по потребностям Mvideo&#xD;
[xUnit.net 00:13:40.65]       Вернуть тесты после правок по потребностям Mvideo&#xD;
Тест "Skillaz.Tests.CompanySpecific.Mvideo.MvideoOpenApiSapAvaliablePositionsHireNeedBatchRequest_feature.CheckAvaliablePositionsInHireNeedAfterOpenApiRequest_AllRequests" пропущен в тестовом запуске.&#xD;
Тест "Skillaz.Tests.CompanySpecific.Mvideo.MvideoOpenApiSapAvaliablePositionsHireNeedBatchRequest_feature.CheckAvaliablePositionsInHireNeedAfterOpenApiRequest_AllRequests" пропущен в тестовом запуске.&#xD;
[xUnit.net 00:13:42.54]       Вернуть как только поправим высчитывание заявок на поиск в mvideo&#xD;
[xUnit.net 00:13:42.59]       Вернуть как только поправим высчитывание заявок на поиск в mvideo&#xD;
[xUnit.net 00:13:42.65]       Вернуть как только поправим высчитывание заявок на поиск в mvideo&#xD;
[xUnit.net 00:13:42.69]       Вернуть как только поправим высчитывание заявок на поиск в mvideo&#xD;
[xUnit.net 00:13:42.85]       Вернуть как только поправим высчитывание заявок на поиск в mvideo&#xD;
[xUnit.net 00:13:42.89]       Вернуть как только поправим высчитывание заявок на поиск в mvideo&#xD;
[xUnit.net 00:13:42.95]       Вернуть как только поправим высчитывание заявок на поиск в mvideo&#xD;
[xUnit.net 00:13:42.98]       Вернуть как только поправим высчитывание заявок на поиск в mvideo&#xD;
[xUnit.net 00:13:43.03]       Вернуть как только поправим высчитывание заявок на поиск в mvideo&#xD;
[xUnit.net 00:13:43.17]       Вернуть как только поправим высчитывание заявок на поиск в mvideo&#xD;
Тест "Skillaz.Tests.CompanySpecific.Mvideo.MvideoAvaliablePositionsRequestWithAdvancedSearch_feature.Check_available_position_with_change_staff_and_employees_counts" пропущен в тестовом запуске.&#xD;
Тест "Skillaz.Tests.CompanySpecific.Mvideo.MvideoAvaliablePositionsRequestWithAdvancedSearch_feature.Check_avaliable_positions_request_with_advanced_search" пропущен в тестовом запуске.&#xD;
Тест "Skillaz.Tests.CompanySpecific.Mvideo.MvideoAvaliablePositionsRequestWithAdvancedSearch_feature.Check_available_position_with_change_staff_and_employees_counts" пропущен в тестовом запуске.&#xD;
Тест "Skillaz.Tests.CompanySpecific.Mvideo.MvideoAvaliablePositionsRequestWithAdvancedSearch_feature.Check_avaliable_positions_request_with_advanced_search" пропущен в тестовом запуске.&#xD;
Тест "Skillaz.Tests.CompanySpecific.Mvideo.MvideoAvaliablePositionsRequestWithAdvancedSearch_feature.Check_available_position_with_change_staff_and_employees_counts" пропущен в тестовом запуске.&#xD;
Тест "Skillaz.Tests.CompanySpecific.Mvideo.MvideoAvaliablePositionsRequestWithAdvancedSearch_feature.Check_avaliable_positions_request_with_advanced_search" пропущен в тестовом запуске.&#xD;
Тест "Skillaz.Tests.CompanySpecific.Mvideo.MvideoAvaliablePositionsRequestWithAdvancedSearch_feature.Check_avaliable_positions_request_with_advanced_search" пропущен в тестовом запуске.&#xD;
Тест "Skillaz.Tests.CompanySpecific.Mvideo.MvideoAvaliablePositionsRequestWithAdvancedSearch_feature.Check_avaliable_positions_request_with_advanced_search" пропущен в тестовом запуске.&#xD;
Тест "Skillaz.Tests.CompanySpecific.Mvideo.MvideoAvaliablePositionsRequestWithAdvancedSearch_feature.Check_avaliable_positions_request_with_advanced_search" пропущен в тестовом запуске.&#xD;
Тест "Skillaz.Tests.CompanySpecific.Mvideo.MvideoAvaliablePositionsRequestWithAdvancedSearch_feature.Check_avaliable_positions_request_with_advanced_search" пропущен в тестовом запуске.&#xD;
[xUnit.net 00:13:43.23]       Вернуть как только поправим высчитывание заявок на поиск в mvideo&#xD;
Тест "Skillaz.Tests.CompanySpecific.Mvideo.MvideoAvaliablePositionsRequestWithAdvancedSearch_feature.Check_avaliable_positions_request_with_advanced_search" пропущен в тестовом запуске.&#xD;
[xUnit.net 00:14:14.71]   Finished:    Skillaz.Tests&#xD;
</StdOut>
    </Output>
    <RunInfos>
      <RunInfo computerName="DESKTOP-F6SKA47" outcome="Warning" timestamp="2021-12-16T16:17:11.7050646+03:00">
        <Text>[xUnit.net 00:01:06.53]     Skillaz.Tests.Vacancy.CompanySpecific.MvideoTransferToAnotherVacancy_feature.ChangeVacancy_in_one_funnel_make_new_candidate [SKIP]</Text>
      </RunInfo>
      <RunInfo computerName="DESKTOP-F6SKA47" outcome="Warning" timestamp="2021-12-16T16:17:55.3987327+03:00">
        <Text>[xUnit.net 00:01:50.22]     Skillaz.Tests.Configurator.ConfiguratorStatusChangeTests.При_смене_идентификатора_статуса_обновляются_выходы_и_проч [SKIP]</Text>
      </RunInfo>
      <RunInfo computerName="DESKTOP-F6SKA47" outcome="Warning" timestamp="2021-12-16T16:18:01.6945529+03:00">
        <Text>[xUnit.net 00:01:56.52]     Skillaz.Tests.Request.Mvideo.RequestProfFunnel_feature.Check_prof_request_update_command [SKIP]</Text>
      </RunInfo>
      <RunInfo computerName="DESKTOP-F6SKA47" outcome="Warning" timestamp="2021-12-16T16:18:49.0038417+03:00">
        <Text>[xUnit.net 00:02:43.83]     Skillaz.Tests.Mongo.Transactions.MongoTransactionFeature.Transaction_should_be_atomic [SKIP]</Text>
      </RunInfo>
      <RunInfo computerName="DESKTOP-F6SKA47" outcome="Warning" timestamp="2021-12-16T16:19:05.7665666+03:00">
        <Text>[xUnit.net 00:03:00.59]     Skillaz.Tests.Configurator.Deduplication.CheckDuplicateCandidates.Check_duplicate_candidate [SKIP]</Text>
      </RunInfo>
      <RunInfo computerName="DESKTOP-F6SKA47" outcome="Warning" timestamp="2021-12-16T16:19:34.8436125+03:00">
        <Text>[xUnit.net 00:03:29.67]     Skillaz.Tests.TaskTracker.SystemTaskNotificationSending_feature.Immediately_sending_of_system_task_notifications [SKIP]</Text>
      </RunInfo>
      <RunInfo computerName="DESKTOP-F6SKA47" outcome="Warning" timestamp="2021-12-16T16:19:35.8521320+03:00">
        <Text>[xUnit.net 00:03:30.68]     Skillaz.Tests.CompanySpecific.Mvideo.MvideoChangePositionCountOrgUnit_feature.CreateHireNeeds_with_approvedCount_then_request_and_vacancy_should_be_created [SKIP]</Text>
      </RunInfo>
      <RunInfo computerName="DESKTOP-F6SKA47" outcome="Warning" timestamp="2021-12-16T16:19:35.9386031+03:00">
        <Text>[xUnit.net 00:03:30.76]     Skillaz.Tests.CompanySpecific.Mvideo.MvideoChangePositionCountOrgUnit_feature.Set_hire_needs_approved_count_then_request_and_vacancy_should_be_created [SKIP]</Text>
      </RunInfo>
      <RunInfo computerName="DESKTOP-F6SKA47" outcome="Warning" timestamp="2021-12-16T16:19:35.9687778+03:00">
        <Text>[xUnit.net 00:03:30.76]     Skillaz.Tests.CompanySpecific.Mvideo.MvideoChangePositionCountOrgUnit_feature.Set_hire_needs_approved_count_then_same_vacancy_should_be_not_archived [SKIP]</Text>
      </RunInfo>
      <RunInfo computerName="DESKTOP-F6SKA47" outcome="Warning" timestamp="2021-12-16T16:19:35.9701281+03:00">
        <Text>[xUnit.net 00:03:30.79]     Skillaz.Tests.CompanySpecific.Mvideo.MvideoChangePositionCountOrgUnit_feature.При_достижении_кандидатом_конечного_статуса_если_1_заявка_на_поиск [SKIP]</Text>
      </RunInfo>
      <RunInfo computerName="DESKTOP-F6SKA47" outcome="Warning" timestamp="2021-12-16T16:19:36.0239316+03:00">
        <Text>[xUnit.net 00:03:30.85]     Skillaz.Tests.CompanySpecific.Mvideo.MvideoChangePositionCountOrgUnit_feature.При_закрытии_заявки_вакансия_должна_уйти_в_архив [SKIP]</Text>
      </RunInfo>
      <RunInfo computerName="DESKTOP-F6SKA47" outcome="Warning" timestamp="2021-12-16T16:19:36.1090284+03:00">
        <Text>[xUnit.net 00:03:30.93]     Skillaz.Tests.CompanySpecific.Mvideo.MvideoChangePositionCountOrgUnit_feature.Set_hire_needs_approved_count_then_same_vacancy_should_be_archived [SKIP]</Text>
      </RunInfo>
      <RunInfo computerName="DESKTOP-F6SKA47" outcome="Warning" timestamp="2021-12-16T16:22:00.5583725+03:00">
        <Text>[xUnit.net 00:05:55.38]     Skillaz.Tests.DocumentModels.DocumentModel_AvailableValues_feature.Set_value_that_is_not_in_availableValues [SKIP]</Text>
      </RunInfo>
      <RunInfo computerName="DESKTOP-F6SKA47" outcome="Warning" timestamp="2021-12-16T16:22:00.5669569+03:00">
        <Text>[xUnit.net 00:05:55.39]     Skillaz.Tests.DocumentModels.DocumentModel_AvailableValues_feature.Set_value_that_is_in_availableValues [SKIP]</Text>
      </RunInfo>
      <RunInfo computerName="DESKTOP-F6SKA47" outcome="Warning" timestamp="2021-12-16T16:22:49.0187436+03:00">
        <Text>[xUnit.net 00:06:43.85]     Skillaz.Tests.Candidate.Workflow.CreateCandidateCommand_feature.If_current_company_is_x5_And_creating_candidate_is_duplicate_And_audit_info_updated_at_more_then_30_days_in_past_Then_existing_candidate_vacancy_should_be_changed_to_vacancy_from_new_candidate [SKIP]</Text>
      </RunInfo>
      <RunInfo computerName="DESKTOP-F6SKA47" outcome="Warning" timestamp="2021-12-16T16:22:49.0350981+03:00">
        <Text>[xUnit.net 00:06:43.85]     Skillaz.Tests.Candidate.Workflow.CreateCandidateCommand_feature.If_current_company_is_x5_And_creating_candidate_is_duplicate_And_current_status_set_at_more_then_30_days_in_past_Then_existing_candidate_vacancy_should_be_changed_to_vacancy_from_new_candidate [SKIP]</Text>
      </RunInfo>
      <RunInfo computerName="DESKTOP-F6SKA47" outcome="Warning" timestamp="2021-12-16T16:23:39.2909154+03:00">
        <Text>[xUnit.net 00:07:34.12]     Skillaz.Tests.CompanySpecific.X5.X5OrgUnitsTypeProcessing_feature.Problem_category_is_fifteen_percent_of_full_oe_list_when_all_orgunit_without_dm [SKIP]</Text>
      </RunInfo>
      <RunInfo computerName="DESKTOP-F6SKA47" outcome="Warning" timestamp="2021-12-16T16:23:39.3396459+03:00">
        <Text>[xUnit.net 00:07:34.15]     Skillaz.Tests.CompanySpecific.X5.X5OrgUnitsTypeProcessing_feature.Problem_category_is_fifteen_percent_of_full_oe_list_when_zero_employees_total [SKIP]</Text>
      </RunInfo>
      <RunInfo computerName="DESKTOP-F6SKA47" outcome="Warning" timestamp="2021-12-16T16:23:39.3553449+03:00">
        <Text>[xUnit.net 00:07:34.15]     Skillaz.Tests.CompanySpecific.X5.X5OrgUnitsTypeProcessing_feature.Problem_category_is_fifteen_percent_of_full_oe_list [SKIP]</Text>
      </RunInfo>
      <RunInfo computerName="DESKTOP-F6SKA47" outcome="Warning" timestamp="2021-12-16T16:24:39.0319148+03:00">
        <Text>[xUnit.net 00:08:33.86]     Skillaz.Tests.OrgUnit.OrgUnitExternalIdTests.Test_request_update_with_existed_externalId [SKIP]</Text>
      </RunInfo>
      <RunInfo computerName="DESKTOP-F6SKA47" outcome="Warning" timestamp="2021-12-16T16:24:39.0330997+03:00">
        <Text>[xUnit.net 00:08:33.86]     Skillaz.Tests.OrgUnit.OrgUnitExternalIdTests.Test_candidateProfile_update_with_already_existed_doc_by_externalId [SKIP]</Text>
      </RunInfo>
      <RunInfo computerName="DESKTOP-F6SKA47" outcome="Warning" timestamp="2021-12-16T16:24:39.0582994+03:00">
        <Text>[xUnit.net 00:08:33.89]     Skillaz.Tests.OrgUnit.OrgUnitExternalIdTests.Test_request_update_with_already_existed_doc_by_externalId [SKIP]</Text>
      </RunInfo>
      <RunInfo computerName="DESKTOP-F6SKA47" outcome="Warning" timestamp="2021-12-16T16:24:39.0624110+03:00">
        <Text>[xUnit.net 00:08:33.89]     Skillaz.Tests.OrgUnit.OrgUnitExternalIdTests.Test_request_create_with_existed_externalId [SKIP]</Text>
      </RunInfo>
      <RunInfo computerName="DESKTOP-F6SKA47" outcome="Warning" timestamp="2021-12-16T16:24:39.1150238+03:00">
        <Text>[xUnit.net 00:08:33.94]     Skillaz.Tests.OrgUnit.OrgUnitExternalIdTests.Test_orgunit_update_with_already_existed_orgunit_by_externalId [SKIP]</Text>
      </RunInfo>
      <RunInfo computerName="DESKTOP-F6SKA47" outcome="Warning" timestamp="2021-12-16T16:24:39.1169568+03:00">
        <Text>[xUnit.net 00:08:33.94]     Skillaz.Tests.OrgUnit.OrgUnitExternalIdTests.Test_candidateProfile_update_with_existed_externalId [SKIP]</Text>
      </RunInfo>
      <RunInfo computerName="DESKTOP-F6SKA47" outcome="Warning" timestamp="2021-12-16T16:24:39.1647295+03:00">
        <Text>[xUnit.net 00:08:33.99]     Skillaz.Tests.OrgUnit.OrgUnitExternalIdTests.Test_orgunit_update_with_existed_externalId [SKIP]</Text>
      </RunInfo>
      <RunInfo computerName="DESKTOP-F6SKA47" outcome="Warning" timestamp="2021-12-16T16:24:39.1842125+03:00">
        <Text>[xUnit.net 00:08:34.01]     Skillaz.Tests.OrgUnit.OrgUnitExternalIdTests.Test_orgunit_create_with_existed_externalId [SKIP]</Text>
      </RunInfo>
      <RunInfo computerName="DESKTOP-F6SKA47" outcome="Warning" timestamp="2021-12-16T16:24:39.2068107+03:00">
        <Text>[xUnit.net 00:08:34.03]     Skillaz.Tests.OrgUnit.OrgUnitExternalIdTests.Test_vacancy_update_with_existed_externalId [SKIP]</Text>
      </RunInfo>
      <RunInfo computerName="DESKTOP-F6SKA47" outcome="Warning" timestamp="2021-12-16T16:24:39.2448253+03:00">
        <Text>[xUnit.net 00:08:34.07]     Skillaz.Tests.OrgUnit.OrgUnitExternalIdTests.Test_candidateProfile_create_with_existed_externalId [SKIP]</Text>
      </RunInfo>
      <RunInfo computerName="DESKTOP-F6SKA47" outcome="Warning" timestamp="2021-12-16T16:24:39.2906921+03:00">
        <Text>[xUnit.net 00:08:34.12]     Skillaz.Tests.OrgUnit.OrgUnitExternalIdTests.Test_vacancy_create_with_existed_externalId [SKIP]</Text>
      </RunInfo>
      <RunInfo computerName="DESKTOP-F6SKA47" outcome="Warning" timestamp="2021-12-16T16:24:39.3776704+03:00">
        <Text>[xUnit.net 00:08:34.20]     Skillaz.Tests.OrgUnit.OrgUnitExternalIdTests.Test_vacancy_update_with_already_existed_doc_by_externalId [SKIP]</Text>
      </RunInfo>
      <RunInfo computerName="DESKTOP-F6SKA47" outcome="Warning" timestamp="2021-12-16T16:24:39.8803889+03:00">
        <Text>[xUnit.net 00:08:34.71]     Skillaz.Tests.Candidate.Elastic.CandidateElasticFiltration_feature.Retrieving_a_candidate_by_nonexistent_request_id [SKIP]</Text>
      </RunInfo>
      <RunInfo computerName="DESKTOP-F6SKA47" outcome="Warning" timestamp="2021-12-16T16:24:39.8973056+03:00">
        <Text>[xUnit.net 00:08:34.71]     Skillaz.Tests.Candidate.Elastic.CandidateElasticFiltration_feature.Retrieving_a_candidate_by_add_ways [SKIP]</Text>
      </RunInfo>
      <RunInfo computerName="DESKTOP-F6SKA47" outcome="Warning" timestamp="2021-12-16T16:24:39.8983053+03:00">
        <Text>[xUnit.net 00:08:34.71]     Skillaz.Tests.Candidate.Elastic.CandidateElasticFiltration_feature.Retrieving_a_candidate_by_nonexistent_search_id [SKIP]</Text>
      </RunInfo>
      <RunInfo computerName="DESKTOP-F6SKA47" outcome="Warning" timestamp="2021-12-16T16:24:39.9005592+03:00">
        <Text>[xUnit.net 00:08:34.71]     Skillaz.Tests.Candidate.Elastic.CandidateElasticFiltration_feature.Retrieving_candidates_by_history_tags [SKIP]</Text>
      </RunInfo>
      <RunInfo computerName="DESKTOP-F6SKA47" outcome="Warning" timestamp="2021-12-16T16:24:39.9011807+03:00">
        <Text>[xUnit.net 00:08:34.71]     Skillaz.Tests.Candidate.Elastic.CandidateElasticFiltration_feature.Retrieving_a_candidate_by_check_statuses [SKIP]</Text>
      </RunInfo>
      <RunInfo computerName="DESKTOP-F6SKA47" outcome="Warning" timestamp="2021-12-16T16:24:39.9018148+03:00">
        <Text>[xUnit.net 00:08:34.71]     Skillaz.Tests.Candidate.Elastic.CandidateElasticFiltration_feature.Retrieving_no_candidates_by_history_statuses [SKIP]</Text>
      </RunInfo>
      <RunInfo computerName="DESKTOP-F6SKA47" outcome="Warning" timestamp="2021-12-16T16:24:39.9025837+03:00">
        <Text>[xUnit.net 00:08:34.72]     Skillaz.Tests.Candidate.Elastic.CandidateElasticFiltration_feature.Retrieving_a_candidate_by_nonexistent_job_requisition_id [SKIP]</Text>
      </RunInfo>
      <RunInfo computerName="DESKTOP-F6SKA47" outcome="Warning" timestamp="2021-12-16T16:24:39.9032087+03:00">
        <Text>[xUnit.net 00:08:34.72]     Skillaz.Tests.Candidate.Elastic.CandidateElasticFiltration_feature.Retrieving_no_candidates_by_expired_appointment [SKIP]</Text>
      </RunInfo>
      <RunInfo computerName="DESKTOP-F6SKA47" outcome="Warning" timestamp="2021-12-16T16:24:39.9038629+03:00">
        <Text>[xUnit.net 00:08:34.72]     Skillaz.Tests.Candidate.Elastic.CandidateElasticFiltration_feature.Retrieving_no_candidates_by_appointment_filter [SKIP]</Text>
      </RunInfo>
      <RunInfo computerName="DESKTOP-F6SKA47" outcome="Warning" timestamp="2021-12-16T16:24:39.9044813+03:00">
        <Text>[xUnit.net 00:08:34.72]     Skillaz.Tests.Candidate.Elastic.CandidateElasticFiltration_feature.Retrieving_no_candidates_that_are_created_before_specific_date [SKIP]</Text>
      </RunInfo>
      <RunInfo computerName="DESKTOP-F6SKA47" outcome="Warning" timestamp="2021-12-16T16:24:39.9051824+03:00">
        <Text>[xUnit.net 00:08:34.72]     Skillaz.Tests.Candidate.Elastic.CandidateElasticFiltration_feature.Retrieving_a_candidate_by_nonexistent_vacancy_id [SKIP]</Text>
      </RunInfo>
      <RunInfo computerName="DESKTOP-F6SKA47" outcome="Warning" timestamp="2021-12-16T16:24:39.9223604+03:00">
        <Text>[xUnit.net 00:08:34.73]     Skillaz.Tests.Candidate.Elastic.CandidateElasticFiltration_feature.Retrieving_a_candidate_that_has_a_resume_that_is_updated_before_specific_date [SKIP]</Text>
      </RunInfo>
      <RunInfo computerName="DESKTOP-F6SKA47" outcome="Warning" timestamp="2021-12-16T16:24:39.9230164+03:00">
        <Text>[xUnit.net 00:08:34.73]     Skillaz.Tests.Candidate.Elastic.CandidateElasticFiltration_feature.Retrieving_a_candidate_by_existing_user_id [SKIP]</Text>
      </RunInfo>
      <RunInfo computerName="DESKTOP-F6SKA47" outcome="Warning" timestamp="2021-12-16T16:24:39.9235944+03:00">
        <Text>[xUnit.net 00:08:34.73]     Skillaz.Tests.Candidate.Elastic.CandidateElasticFiltration_feature.Retrieving_a_candidate_by_existing_request_id [SKIP]</Text>
      </RunInfo>
      <RunInfo computerName="DESKTOP-F6SKA47" outcome="Warning" timestamp="2021-12-16T16:24:39.9241538+03:00">
        <Text>[xUnit.net 00:08:34.73]     Skillaz.Tests.Candidate.Elastic.CandidateElasticFiltration_feature.Retrieving_a_candidate_by_nonexistent_user_id [SKIP]</Text>
      </RunInfo>
      <RunInfo computerName="DESKTOP-F6SKA47" outcome="Warning" timestamp="2021-12-16T16:24:39.9253637+03:00">
        <Text>[xUnit.net 00:08:34.73]     Skillaz.Tests.Candidate.Elastic.CandidateElasticFiltration_feature.Retrieving_a_candidate_by_existing_vacancy_ids [SKIP]</Text>
      </RunInfo>
      <RunInfo computerName="DESKTOP-F6SKA47" outcome="Warning" timestamp="2021-12-16T16:24:39.9261928+03:00">
        <Text>[xUnit.net 00:08:34.73]     Skillaz.Tests.Candidate.Elastic.CandidateElasticFiltration_feature.Retrieving_candidates_by_history_statuses [SKIP]</Text>
      </RunInfo>
      <RunInfo computerName="DESKTOP-F6SKA47" outcome="Warning" timestamp="2021-12-16T16:24:39.9272671+03:00">
        <Text>[xUnit.net 00:08:34.73]     Skillaz.Tests.Candidate.Elastic.CandidateElasticFiltration_feature.Retrieving_a_candidate_by_existing_client_id [SKIP]</Text>
      </RunInfo>
      <RunInfo computerName="DESKTOP-F6SKA47" outcome="Warning" timestamp="2021-12-16T16:24:39.9282453+03:00">
        <Text>[xUnit.net 00:08:34.74]     Skillaz.Tests.Candidate.Elastic.CandidateElasticFiltration_feature.Retrieving_no_candidates_that_have_a_resume_that_is_updated_after_specific_date [SKIP]</Text>
      </RunInfo>
      <RunInfo computerName="DESKTOP-F6SKA47" outcome="Warning" timestamp="2021-12-16T16:24:39.9347314+03:00">
        <Text>[xUnit.net 00:08:34.76]     Skillaz.Tests.Candidate.Elastic.CandidateElasticFiltration_feature.Retrieving_a_candidate_by_nonexistent_id [SKIP]</Text>
      </RunInfo>
      <RunInfo computerName="DESKTOP-F6SKA47" outcome="Warning" timestamp="2021-12-16T16:24:39.9365648+03:00">
        <Text>[xUnit.net 00:08:34.76]     Skillaz.Tests.Candidate.Elastic.CandidateElasticFiltration_feature.Retrieving_no_candidates_that_are_created_after_specific_date [SKIP]</Text>
      </RunInfo>
      <RunInfo computerName="DESKTOP-F6SKA47" outcome="Warning" timestamp="2021-12-16T16:24:39.9563957+03:00">
        <Text>[xUnit.net 00:08:34.77]     Skillaz.Tests.Candidate.Elastic.CandidateElasticFiltration_feature.Retrieving_a_candidate_by_existing_org_unit_ids [SKIP]</Text>
      </RunInfo>
      <RunInfo computerName="DESKTOP-F6SKA47" outcome="Warning" timestamp="2021-12-16T16:24:39.9582296+03:00">
        <Text>[xUnit.net 00:08:34.77]     Skillaz.Tests.Candidate.Elastic.CandidateElasticFiltration_feature.Retrieving_a_candidate_by_existing_job_requisition_id [SKIP]</Text>
      </RunInfo>
      <RunInfo computerName="DESKTOP-F6SKA47" outcome="Warning" timestamp="2021-12-16T16:24:39.9589585+03:00">
        <Text>[xUnit.net 00:08:34.77]     Skillaz.Tests.Candidate.Elastic.CandidateElasticFiltration_feature.Retrieving_a_candidate_by_sources [SKIP]</Text>
      </RunInfo>
      <RunInfo computerName="DESKTOP-F6SKA47" outcome="Warning" timestamp="2021-12-16T16:24:39.9595811+03:00">
        <Text>[xUnit.net 00:08:34.77]     Skillaz.Tests.Candidate.Elastic.CandidateElasticFiltration_feature.Retrieving_candidates_by_current_status [SKIP]</Text>
      </RunInfo>
      <RunInfo computerName="DESKTOP-F6SKA47" outcome="Warning" timestamp="2021-12-16T16:24:39.9602892+03:00">
        <Text>[xUnit.net 00:08:34.77]     Skillaz.Tests.Candidate.Elastic.CandidateElasticFiltration_feature.Retrieving_a_candidate_by_sf_sources [SKIP]</Text>
      </RunInfo>
      <RunInfo computerName="DESKTOP-F6SKA47" outcome="Warning" timestamp="2021-12-16T16:24:39.9608355+03:00">
        <Text>[xUnit.net 00:08:34.77]     Skillaz.Tests.Candidate.Elastic.CandidateElasticFiltration_feature.Retrieving_a_candidate_by_existing_job_requisition_ids [SKIP]</Text>
      </RunInfo>
      <RunInfo computerName="DESKTOP-F6SKA47" outcome="Warning" timestamp="2021-12-16T16:24:39.9615309+03:00">
        <Text>[xUnit.net 00:08:34.78]     Skillaz.Tests.Candidate.Elastic.CandidateElasticFiltration_feature.Retrieving_no_candidates_by_current_tags [SKIP]</Text>
      </RunInfo>
      <RunInfo computerName="DESKTOP-F6SKA47" outcome="Warning" timestamp="2021-12-16T16:24:39.9668492+03:00">
        <Text>[xUnit.net 00:08:34.78]     Skillaz.Tests.Candidate.Elastic.CandidateElasticFiltration_feature.Retrieving_no_candidates_by_history_tags [SKIP]</Text>
      </RunInfo>
      <RunInfo computerName="DESKTOP-F6SKA47" outcome="Warning" timestamp="2021-12-16T16:24:39.9678215+03:00">
        <Text>[xUnit.net 00:08:34.79]     Skillaz.Tests.Candidate.Elastic.CandidateElasticFiltration_feature.Retrieving_candidates_by_current_tags [SKIP]</Text>
      </RunInfo>
      <RunInfo computerName="DESKTOP-F6SKA47" outcome="Warning" timestamp="2021-12-16T16:24:39.9722506+03:00">
        <Text>[xUnit.net 00:08:34.80]     Skillaz.Tests.Candidate.Elastic.CandidateElasticFiltration_feature.Retrieving_a_candidate_that_has_a_resume_that_is_updated_after_specific_date [SKIP]</Text>
      </RunInfo>
      <RunInfo computerName="DESKTOP-F6SKA47" outcome="Warning" timestamp="2021-12-16T16:24:39.9880477+03:00">
        <Text>[xUnit.net 00:08:34.80]     Skillaz.Tests.Candidate.Elastic.CandidateElasticFiltration_feature.Retrieving_a_candidate_by_nonexistent_check_statuses [SKIP]</Text>
      </RunInfo>
      <RunInfo computerName="DESKTOP-F6SKA47" outcome="Warning" timestamp="2021-12-16T16:24:39.9887466+03:00">
        <Text>[xUnit.net 00:08:34.81]     Skillaz.Tests.Candidate.Elastic.CandidateElasticFiltration_feature.Retrieving_a_candidate_by_existing_vacancy_id [SKIP]</Text>
      </RunInfo>
      <RunInfo computerName="DESKTOP-F6SKA47" outcome="Warning" timestamp="2021-12-16T16:24:39.9892703+03:00">
        <Text>[xUnit.net 00:08:34.82]     Skillaz.Tests.Candidate.Elastic.CandidateElasticFiltration_feature.Retrieving_a_candidate_that_is_created_after_specific_date [SKIP]</Text>
      </RunInfo>
      <RunInfo computerName="DESKTOP-F6SKA47" outcome="Warning" timestamp="2021-12-16T16:24:39.9919716+03:00">
        <Text>[xUnit.net 00:08:34.82]     Skillaz.Tests.Candidate.Elastic.CandidateElasticFiltration_feature.Retrieving_no_candidates_by_current_status [SKIP]</Text>
      </RunInfo>
      <RunInfo computerName="DESKTOP-F6SKA47" outcome="Warning" timestamp="2021-12-16T16:24:40.0710167+03:00">
        <Text>[xUnit.net 00:08:34.90]     Skillaz.Tests.Candidate.Elastic.CandidateElasticFiltration_feature.Full_unsuccess_scenario [SKIP]</Text>
      </RunInfo>
      <RunInfo computerName="DESKTOP-F6SKA47" outcome="Warning" timestamp="2021-12-16T16:24:40.0884357+03:00">
        <Text>[xUnit.net 00:08:34.91]     Skillaz.Tests.Candidate.Elastic.CandidateElasticFiltration_feature.Full_success_scenario [SKIP]</Text>
      </RunInfo>
      <RunInfo computerName="DESKTOP-F6SKA47" outcome="Warning" timestamp="2021-12-16T16:24:40.0951193+03:00">
        <Text>[xUnit.net 00:08:34.92]     Skillaz.Tests.Candidate.Elastic.CandidateElasticFiltration_feature.Retrieving_a_candidate_by_nonexistent_client_id [SKIP]</Text>
      </RunInfo>
      <RunInfo computerName="DESKTOP-F6SKA47" outcome="Warning" timestamp="2021-12-16T16:24:40.0995932+03:00">
        <Text>[xUnit.net 00:08:34.93]     Skillaz.Tests.Candidate.Elastic.CandidateElasticFiltration_feature.Retrieving_a_candidate_that_is_created_before_specific_date [SKIP]</Text>
      </RunInfo>
      <RunInfo computerName="DESKTOP-F6SKA47" outcome="Warning" timestamp="2021-12-16T16:24:40.1046280+03:00">
        <Text>[xUnit.net 00:08:34.93]     Skillaz.Tests.Candidate.Elastic.CandidateElasticFiltration_feature.Retrieving_no_candidates_that_had_a_contacts_hidden [SKIP]</Text>
      </RunInfo>
      <RunInfo computerName="DESKTOP-F6SKA47" outcome="Warning" timestamp="2021-12-16T16:24:40.1093424+03:00">
        <Text>[xUnit.net 00:08:34.94]     Skillaz.Tests.Candidate.Elastic.CandidateElasticFiltration_feature.Retrieving_a_candidate_by_nonexistent_vacancy_ids [SKIP]</Text>
      </RunInfo>
      <RunInfo computerName="DESKTOP-F6SKA47" outcome="Warning" timestamp="2021-12-16T16:24:40.1207397+03:00">
        <Text>[xUnit.net 00:08:34.94]     Skillaz.Tests.Candidate.Elastic.CandidateElasticFiltration_feature.Retrieving_a_candidate_by_existing_id [SKIP]</Text>
      </RunInfo>
      <RunInfo computerName="DESKTOP-F6SKA47" outcome="Warning" timestamp="2021-12-16T16:24:40.1214410+03:00">
        <Text>[xUnit.net 00:08:34.95]     Skillaz.Tests.Candidate.Elastic.CandidateElasticFiltration_feature.Retrieving_a_candidate_by_existing_search_id [SKIP]</Text>
      </RunInfo>
      <RunInfo computerName="DESKTOP-F6SKA47" outcome="Warning" timestamp="2021-12-16T16:24:40.1425711+03:00">
        <Text>[xUnit.net 00:08:34.97]     Skillaz.Tests.Candidate.Elastic.CandidateElasticFiltration_feature.Retrieving_candidates_by_appointment [SKIP]</Text>
      </RunInfo>
      <RunInfo computerName="DESKTOP-F6SKA47" outcome="Warning" timestamp="2021-12-16T16:24:40.1514378+03:00">
        <Text>[xUnit.net 00:08:34.98]     Skillaz.Tests.Candidate.Elastic.CandidateElasticFiltration_feature.Retrieving_a_candidate_by_nonexistent_add_ways [SKIP]</Text>
      </RunInfo>
      <RunInfo computerName="DESKTOP-F6SKA47" outcome="Warning" timestamp="2021-12-16T16:24:40.1702775+03:00">
        <Text>[xUnit.net 00:08:35.00]     Skillaz.Tests.Candidate.Elastic.CandidateElasticFiltration_feature.Retrieving_a_candidate_by_nonexistent_sf_sources [SKIP]</Text>
      </RunInfo>
      <RunInfo computerName="DESKTOP-F6SKA47" outcome="Warning" timestamp="2021-12-16T16:24:40.1731466+03:00">
        <Text>[xUnit.net 00:08:35.00]     Skillaz.Tests.Candidate.Elastic.CandidateElasticFiltration_feature.Retrieving_no_candidates_that_have_a_resume_that_is_updated_before_specific_date [SKIP]</Text>
      </RunInfo>
      <RunInfo computerName="DESKTOP-F6SKA47" outcome="Warning" timestamp="2021-12-16T16:24:40.1837242+03:00">
        <Text>[xUnit.net 00:08:35.01]     Skillaz.Tests.Candidate.Elastic.CandidateElasticFiltration_feature.Retrieving_a_candidate_by_nonexistent_sources [SKIP]</Text>
      </RunInfo>
      <RunInfo computerName="DESKTOP-F6SKA47" outcome="Warning" timestamp="2021-12-16T16:24:40.1879425+03:00">
        <Text>[xUnit.net 00:08:35.02]     Skillaz.Tests.Candidate.Elastic.CandidateElasticFiltration_feature.Retrieving_a_candidate_by_nonexistent_job_requisition_ids [SKIP]</Text>
      </RunInfo>
      <RunInfo computerName="DESKTOP-F6SKA47" outcome="Warning" timestamp="2021-12-16T16:24:40.1933098+03:00">
        <Text>[xUnit.net 00:08:35.02]     Skillaz.Tests.Candidate.Elastic.CandidateElasticFiltration_feature.Retrieving_a_candidate_by_nonexistent_org_unit_ids [SKIP]</Text>
      </RunInfo>
      <RunInfo computerName="DESKTOP-F6SKA47" outcome="Warning" timestamp="2021-12-16T16:24:45.7797623+03:00">
        <Text>[xUnit.net 00:08:40.61]     Skillaz.Tests.HH.HHWebhook_feature.HH_NewNegotiationMessageCalled [SKIP]</Text>
      </RunInfo>
      <RunInfo computerName="DESKTOP-F6SKA47" outcome="Warning" timestamp="2021-12-16T16:24:45.7829059+03:00">
        <Text>[xUnit.net 00:08:40.61]     Skillaz.Tests.HH.HHWebhook_feature.HH_Check_that_subscribe_when_link_publication_and_we_are_not_admin [SKIP]</Text>
      </RunInfo>
      <RunInfo computerName="DESKTOP-F6SKA47" outcome="Warning" timestamp="2021-12-16T16:24:45.7860102+03:00">
        <Text>[xUnit.net 00:08:40.61]     Skillaz.Tests.HH.HHWebhook_feature.HH_NewNegotiationVacancyCalled [SKIP]</Text>
      </RunInfo>
      <RunInfo computerName="DESKTOP-F6SKA47" outcome="Warning" timestamp="2021-12-16T16:24:45.8024701+03:00">
        <Text>[xUnit.net 00:08:40.63]     Skillaz.Tests.HH.HHWebhook_feature.HH_Check_that_not_subscribe_when_link_publication_and_we_are_admin [SKIP]</Text>
      </RunInfo>
      <RunInfo computerName="DESKTOP-F6SKA47" outcome="Warning" timestamp="2021-12-16T16:24:47.0319968+03:00">
        <Text>[xUnit.net 00:08:41.86]     Skillaz.Tests.CompanySpecific.Mvideo.MvideoProfRolesAssign_feature.Assign_roles_of_users_which_already_have_incorrect_roles [SKIP]</Text>
      </RunInfo>
      <RunInfo computerName="DESKTOP-F6SKA47" outcome="Warning" timestamp="2021-12-16T16:24:47.0365242+03:00">
        <Text>[xUnit.net 00:08:41.86]     Skillaz.Tests.CompanySpecific.Mvideo.MvideoProfRolesAssign_feature.Assign_roles_of_users_with_no_access [SKIP]</Text>
      </RunInfo>
      <RunInfo computerName="DESKTOP-F6SKA47" outcome="Warning" timestamp="2021-12-16T16:24:47.0445950+03:00">
        <Text>[xUnit.net 00:08:41.87]     Skillaz.Tests.CompanySpecific.Mvideo.MvideoProfRolesAssign_feature.Assign_roles_of_users_which_already_have_correct_roles [SKIP]</Text>
      </RunInfo>
      <RunInfo computerName="DESKTOP-F6SKA47" outcome="Warning" timestamp="2021-12-16T16:25:25.6595421+03:00">
        <Text>[xUnit.net 00:09:20.49]     Skillaz.Tests.CompanySpecific.GazpromNeft.GazpromUploadReferences_feature.Create_multiple_workplace_with_equal_azs [SKIP]</Text>
      </RunInfo>
      <RunInfo computerName="DESKTOP-F6SKA47" outcome="Warning" timestamp="2021-12-16T16:26:12.1639258+03:00">
        <Text>[xUnit.net 00:10:06.99]     Skillaz.Tests.OpenApi.CheckApi.GetCheckPdf_feature.Get_candidate_check_pdf_with_null_checkId [SKIP]</Text>
      </RunInfo>
      <RunInfo computerName="DESKTOP-F6SKA47" outcome="Warning" timestamp="2021-12-16T16:26:12.3136262+03:00">
        <Text>[xUnit.net 00:10:07.14]     Skillaz.Tests.OpenApi.CheckApi.GetCheckPdf_feature.Get_candidate_check_pdf [SKIP]</Text>
      </RunInfo>
      <RunInfo computerName="DESKTOP-F6SKA47" outcome="Warning" timestamp="2021-12-16T16:26:12.8738786+03:00">
        <Text>[xUnit.net 00:10:07.70]     Skillaz.Tests.CompanySpecific.Mvideo.MvideoProcessDelayedHoldRequestsCommand_feature.Set_request_holded_request_hold_date_is_current [SKIP]</Text>
      </RunInfo>
      <RunInfo computerName="DESKTOP-F6SKA47" outcome="Warning" timestamp="2021-12-16T16:26:21.5587818+03:00">
        <Text>[xUnit.net 00:10:16.39]     Skillaz.Tests.CompanySpecific.X5.X5Deduplication_feature.By_tabel_number_and_vacancy_but_fired_reservists [SKIP]</Text>
      </RunInfo>
      <RunInfo computerName="DESKTOP-F6SKA47" outcome="Warning" timestamp="2021-12-16T16:26:21.5830799+03:00">
        <Text>[xUnit.net 00:10:16.41]     Skillaz.Tests.CompanySpecific.X5.X5Deduplication_feature.By_phone_number_and_email [SKIP]</Text>
      </RunInfo>
      <RunInfo computerName="DESKTOP-F6SKA47" outcome="Warning" timestamp="2021-12-16T16:26:21.6886840+03:00">
        <Text>[xUnit.net 00:10:16.51]     Skillaz.Tests.CompanySpecific.X5.X5Deduplication_feature.By_birth_date_and_phone_number [SKIP]</Text>
      </RunInfo>
      <RunInfo computerName="DESKTOP-F6SKA47" outcome="Warning" timestamp="2021-12-16T16:26:21.7254142+03:00">
        <Text>[xUnit.net 00:10:16.55]     Skillaz.Tests.CompanySpecific.X5.X5Deduplication_feature.By_fullname_and_birth_date [SKIP]</Text>
      </RunInfo>
      <RunInfo computerName="DESKTOP-F6SKA47" outcome="Warning" timestamp="2021-12-16T16:26:21.7511418+03:00">
        <Text>[xUnit.net 00:10:16.58]     Skillaz.Tests.CompanySpecific.X5.X5Deduplication_feature.By_name_and_email [SKIP]</Text>
      </RunInfo>
      <RunInfo computerName="DESKTOP-F6SKA47" outcome="Warning" timestamp="2021-12-16T16:26:21.7589339+03:00">
        <Text>[xUnit.net 00:10:16.59]     Skillaz.Tests.CompanySpecific.X5.X5Deduplication_feature.By_tabel_number_and_vacancy [SKIP]</Text>
      </RunInfo>
      <RunInfo computerName="DESKTOP-F6SKA47" outcome="Warning" timestamp="2021-12-16T16:26:21.7914578+03:00">
        <Text>[xUnit.net 00:10:16.62]     Skillaz.Tests.CompanySpecific.X5.X5Deduplication_feature.By_phone_and_number [SKIP]</Text>
      </RunInfo>
      <RunInfo computerName="DESKTOP-F6SKA47" outcome="Warning" timestamp="2021-12-16T16:26:21.8131727+03:00">
        <Text>[xUnit.net 00:10:16.62]     Skillaz.Tests.CompanySpecific.X5.X5Deduplication_feature.By_fullname_and_birth_date_when_candidate_is_secret_applicant [SKIP]</Text>
      </RunInfo>
      <RunInfo computerName="DESKTOP-F6SKA47" outcome="Warning" timestamp="2021-12-16T16:26:46.8523273+03:00">
        <Text>[xUnit.net 00:10:41.68]     Skillaz.Tests.CompanySpecific.Mvideo.MvideoTimeZones_feature.Check_Create_MassVacancy [SKIP]</Text>
      </RunInfo>
      <RunInfo computerName="DESKTOP-F6SKA47" outcome="Warning" timestamp="2021-12-16T16:26:46.8601083+03:00">
        <Text>[xUnit.net 00:10:41.69]     Skillaz.Tests.CompanySpecific.Mvideo.MvideoTimeZones_feature.Check_Create_ProfVacancy [SKIP]</Text>
      </RunInfo>
      <RunInfo computerName="DESKTOP-F6SKA47" outcome="Warning" timestamp="2021-12-16T16:26:46.8644937+03:00">
        <Text>[xUnit.net 00:10:41.69]     Skillaz.Tests.CompanySpecific.Mvideo.MvideoTimeZones_feature.Check_Update_OrgUnits_SetGmt [SKIP]</Text>
      </RunInfo>
      <RunInfo computerName="DESKTOP-F6SKA47" outcome="Warning" timestamp="2021-12-16T16:26:49.2927661+03:00">
        <Text>[xUnit.net 00:10:44.12]     Skillaz.Tests.Candidate.Elastic.CandidateElasticMultiselectFiltration_feature.MultiLineFilterCheck(filter: (Skillaz.Candidate.Contract.CandidateSearchFilter, Skillaz.Candidate.Contract.CandidateSearchFilterCommon), result: (3, ready to relocate)) [SKIP]</Text>
      </RunInfo>
      <RunInfo computerName="DESKTOP-F6SKA47" outcome="Warning" timestamp="2021-12-16T16:26:49.3065782+03:00">
        <Text>[xUnit.net 00:10:44.13]     Skillaz.Tests.Candidate.Elastic.CandidateElasticMultiselectFiltration_feature.MultiLineFilterCheck(filter: (Skillaz.Candidate.Contract.CandidateSearchFilter, Skillaz.Candidate.Contract.CandidateSearchFilterCommon), result: (4, simple search: UseContactInfo)) [SKIP]</Text>
      </RunInfo>
      <RunInfo computerName="DESKTOP-F6SKA47" outcome="Warning" timestamp="2021-12-16T16:26:49.4082165+03:00">
        <Text>[xUnit.net 00:10:44.23]     Skillaz.Tests.Candidate.Elastic.CandidateElasticMultiselectFiltration_feature.MultiLineFilterCheck(filter: (Skillaz.Candidate.Contract.CandidateSearchFilter, Skillaz.Candidate.Contract.CandidateSearchFilterCommon), result: (1, simple search: UseStrictSearch = false)) [SKIP]</Text>
      </RunInfo>
      <RunInfo computerName="DESKTOP-F6SKA47" outcome="Warning" timestamp="2021-12-16T16:26:49.4128313+03:00">
        <Text>[xUnit.net 00:10:44.24]     Skillaz.Tests.Candidate.Elastic.CandidateElasticMultiselectFiltration_feature.MultiLineFilterCheck(filter: (Skillaz.Candidate.Contract.CandidateSearchFilter, Skillaz.Candidate.Contract.CandidateSearchFilterCommon), result: (2, search for common info only)) [SKIP]</Text>
      </RunInfo>
      <RunInfo computerName="DESKTOP-F6SKA47" outcome="Warning" timestamp="2021-12-16T16:26:49.4512279+03:00">
        <Text>[xUnit.net 00:10:44.28]     Skillaz.Tests.Candidate.Elastic.CandidateElasticMultiselectFiltration_feature.MultiLineFilterCheck(filter: (Skillaz.Candidate.Contract.CandidateSearchFilter, Skillaz.Candidate.Contract.CandidateSearchFilterCommon), result: (0, simple search by UseStrictSearch = null|true)) [SKIP]</Text>
      </RunInfo>
      <RunInfo computerName="DESKTOP-F6SKA47" outcome="Warning" timestamp="2021-12-16T16:26:49.4561599+03:00">
        <Text>[xUnit.net 00:10:44.28]     Skillaz.Tests.Candidate.Elastic.CandidateElasticMultiselectFiltration_feature.MultiLineFilterCheck(filter: (Skillaz.Candidate.Contract.CandidateSearchFilter, Skillaz.Candidate.Contract.CandidateSearchFilterCommon), result: (1, simple search)) [SKIP]</Text>
      </RunInfo>
      <RunInfo computerName="DESKTOP-F6SKA47" outcome="Warning" timestamp="2021-12-16T16:26:49.5837320+03:00">
        <Text>[xUnit.net 00:10:44.41]     Skillaz.Tests.Candidate.Elastic.CandidateElasticMultiselectFiltration_feature.MultiLineFilterCheck(filter: (Skillaz.Candidate.Contract.CandidateSearchFilter, Skillaz.Candidate.Contract.CandidateSearchFilterCommon), result: (2, salary from 49000 to 71000)) [SKIP]</Text>
      </RunInfo>
      <RunInfo computerName="DESKTOP-F6SKA47" outcome="Warning" timestamp="2021-12-16T16:26:49.6178982+03:00">
        <Text>[xUnit.net 00:10:44.44]     Skillaz.Tests.Candidate.Elastic.CandidateElasticMultiselectFiltration_feature.MultiLineFilterCheck(filter: (Skillaz.Candidate.Contract.CandidateSearchFilter, Skillaz.Candidate.Contract.CandidateSearchFilterCommon), result: (1, salary from 100000 to 150000 )) [SKIP]</Text>
      </RunInfo>
      <RunInfo computerName="DESKTOP-F6SKA47" outcome="Warning" timestamp="2021-12-16T16:26:49.6332021+03:00">
        <Text>[xUnit.net 00:10:44.45]     Skillaz.Tests.Candidate.Elastic.CandidateElasticMultiselectFiltration_feature.MultiLineFilterCheck(filter: (Skillaz.Candidate.Contract.CandidateSearchFilter, Skillaz.Candidate.Contract.CandidateSearchFilterCommon), result: (4, salary from 100000 to 150000 and with no salary )) [SKIP]</Text>
      </RunInfo>
      <RunInfo computerName="DESKTOP-F6SKA47" outcome="Warning" timestamp="2021-12-16T16:26:49.7613202+03:00">
        <Text>[xUnit.net 00:10:44.59]     Skillaz.Tests.Candidate.Elastic.CandidateElasticMultiselectFiltration_feature.MultiLineFilterCheck(filter: (Skillaz.Candidate.Contract.CandidateSearchFilter, Skillaz.Candidate.Contract.CandidateSearchFilterCommon), result: (1, salary from 150000)) [SKIP]</Text>
      </RunInfo>
      <RunInfo computerName="DESKTOP-F6SKA47" outcome="Warning" timestamp="2021-12-16T16:26:49.7930834+03:00">
        <Text>[xUnit.net 00:10:44.60]     Skillaz.Tests.Candidate.Elastic.CandidateElasticMultiselectFiltration_feature.MultiLineFilterCheck(filter: (Skillaz.Candidate.Contract.CandidateSearchFilter, Skillaz.Candidate.Contract.CandidateSearchFilterCommon), result: (2, salary to 71000)) [SKIP]</Text>
      </RunInfo>
      <RunInfo computerName="DESKTOP-F6SKA47" outcome="Warning" timestamp="2021-12-16T16:26:49.8054787+03:00">
        <Text>[xUnit.net 00:10:44.61]     Skillaz.Tests.Candidate.Elastic.CandidateElasticMultiselectFiltration_feature.MultiLineFilterCheck(filter: (Skillaz.Candidate.Contract.CandidateSearchFilter, Skillaz.Candidate.Contract.CandidateSearchFilterCommon), result: (4, no salary)) [SKIP]</Text>
      </RunInfo>
      <RunInfo computerName="DESKTOP-F6SKA47" outcome="Warning" timestamp="2021-12-16T16:26:49.8182433+03:00">
        <Text>[xUnit.net 00:10:44.65]     Skillaz.Tests.Candidate.Elastic.CandidateElasticMultiselectFiltration_feature.MultiLineFilterCheck(filter: (Skillaz.Candidate.Contract.CandidateSearchFilter, Skillaz.Candidate.Contract.CandidateSearchFilterCommon), result: (4, salary from 150000 or no salary)) [SKIP]</Text>
      </RunInfo>
      <RunInfo computerName="DESKTOP-F6SKA47" outcome="Warning" timestamp="2021-12-16T16:26:49.8290877+03:00">
        <Text>[xUnit.net 00:10:44.66]     Skillaz.Tests.Candidate.Elastic.CandidateElasticMultiselectFiltration_feature.MultiLineFilterCheck(filter: (Skillaz.Candidate.Contract.CandidateSearchFilter, Skillaz.Candidate.Contract.CandidateSearchFilterCommon), result: (2, ExperienceRange.LessThan1Year)) [SKIP]</Text>
      </RunInfo>
      <RunInfo computerName="DESKTOP-F6SKA47" outcome="Warning" timestamp="2021-12-16T16:26:49.8922601+03:00">
        <Text>[xUnit.net 00:10:44.72]     Skillaz.Tests.Candidate.Elastic.CandidateElasticMultiselectFiltration_feature.MultiLineFilterCheck(filter: (Skillaz.Candidate.Contract.CandidateSearchFilter, Skillaz.Candidate.Contract.CandidateSearchFilterCommon), result: (1, ExperienceRange.From1To3Years)) [SKIP]</Text>
      </RunInfo>
      <RunInfo computerName="DESKTOP-F6SKA47" outcome="Warning" timestamp="2021-12-16T16:26:49.9069939+03:00">
        <Text>[xUnit.net 00:10:44.73]     Skillaz.Tests.Candidate.Elastic.CandidateElasticMultiselectFiltration_feature.MultiLineFilterCheck(filter: (Skillaz.Candidate.Contract.CandidateSearchFilter, Skillaz.Candidate.Contract.CandidateSearchFilterCommon), result: (2, ExperienceRange.From1To6Years)) [SKIP]</Text>
      </RunInfo>
      <RunInfo computerName="DESKTOP-F6SKA47" outcome="Warning" timestamp="2021-12-16T16:26:49.9178532+03:00">
        <Text>[xUnit.net 00:10:44.74]     Skillaz.Tests.Candidate.Elastic.CandidateElasticMultiselectFiltration_feature.MultiLineFilterCheck(filter: (Skillaz.Candidate.Contract.CandidateSearchFilter, Skillaz.Candidate.Contract.CandidateSearchFilterCommon), result: (2, ExperienceRange.HigherThan6Years)) [SKIP]</Text>
      </RunInfo>
      <RunInfo computerName="DESKTOP-F6SKA47" outcome="Warning" timestamp="2021-12-16T16:26:49.9412692+03:00">
        <Text>[xUnit.net 00:10:44.77]     Skillaz.Tests.Candidate.Elastic.CandidateElasticMultiselectFiltration_feature.MultiLineFilterCheck(filter: (Skillaz.Candidate.Contract.CandidateSearchFilter, Skillaz.Candidate.Contract.CandidateSearchFilterCommon), result: (1, ExperienceRange.From3To6Years)) [SKIP]</Text>
      </RunInfo>
      <RunInfo computerName="DESKTOP-F6SKA47" outcome="Warning" timestamp="2021-12-16T16:26:49.9840143+03:00">
        <Text>[xUnit.net 00:10:44.80]     Skillaz.Tests.Candidate.Elastic.CandidateElasticMultiselectFiltration_feature.MultiLineFilterCheck(filter: (Skillaz.Candidate.Contract.CandidateSearchFilter, Skillaz.Candidate.Contract.CandidateSearchFilterCommon), result: (4, SearchSettingsType.Any, phrases: технолог вуз)) [SKIP]</Text>
      </RunInfo>
      <RunInfo computerName="DESKTOP-F6SKA47" outcome="Warning" timestamp="2021-12-16T16:26:50.0963411+03:00">
        <Text>[xUnit.net 00:10:44.92]     Skillaz.Tests.Candidate.Elastic.CandidateElasticMultiselectFiltration_feature.MultiLineFilterCheck(filter: (Skillaz.Candidate.Contract.CandidateSearchFilter, Skillaz.Candidate.Contract.CandidateSearchFilterCommon), result: (1, SearchSettingsType.All, phrases: вуз KGTU технолог)) [SKIP]</Text>
      </RunInfo>
      <RunInfo computerName="DESKTOP-F6SKA47" outcome="Warning" timestamp="2021-12-16T16:26:50.1005889+03:00">
        <Text>[xUnit.net 00:10:44.93]     Skillaz.Tests.Candidate.Elastic.CandidateElasticMultiselectFiltration_feature.MultiLineFilterCheck(filter: (Skillaz.Candidate.Contract.CandidateSearchFilter, Skillaz.Candidate.Contract.CandidateSearchFilterCommon), result: (2, SearchSettingsType.All, phrases: технолог вуз)) [SKIP]</Text>
      </RunInfo>
      <RunInfo computerName="DESKTOP-F6SKA47" outcome="Warning" timestamp="2021-12-16T16:26:50.1153111+03:00">
        <Text>[xUnit.net 00:10:44.94]     Skillaz.Tests.Candidate.Elastic.CandidateElasticMultiselectFiltration_feature.MultiLineFilterCheck(filter: (Skillaz.Candidate.Contract.CandidateSearchFilter, Skillaz.Candidate.Contract.CandidateSearchFilterCommon), result: (1, SearchSettingsType.All, phrases: вуз технолог KGTU)) [SKIP]</Text>
      </RunInfo>
      <RunInfo computerName="DESKTOP-F6SKA47" outcome="Warning" timestamp="2021-12-16T16:26:50.1761803+03:00">
        <Text>[xUnit.net 00:10:45.00]     Skillaz.Tests.Candidate.Elastic.CandidateElasticMultiselectFiltration_feature.MultiLineFilterCheck(filter: (Skillaz.Candidate.Contract.CandidateSearchFilter, Skillaz.Candidate.Contract.CandidateSearchFilterCommon), result: (1, SearchSettingsType.All, phrases: KGTU вуз технолог)) [SKIP]</Text>
      </RunInfo>
      <RunInfo computerName="DESKTOP-F6SKA47" outcome="Warning" timestamp="2021-12-16T16:26:50.1909759+03:00">
        <Text>[xUnit.net 00:10:45.02]     Skillaz.Tests.Candidate.Elastic.CandidateElasticMultiselectFiltration_feature.MultiLineFilterCheck(filter: (Skillaz.Candidate.Contract.CandidateSearchFilter, Skillaz.Candidate.Contract.CandidateSearchFilterCommon), result: (0, SearchSettingsType.All, phrases: KGTU вуз технолог)) [SKIP]</Text>
      </RunInfo>
      <RunInfo computerName="DESKTOP-F6SKA47" outcome="Warning" timestamp="2021-12-16T16:26:50.1926400+03:00">
        <Text>[xUnit.net 00:10:45.02]     Skillaz.Tests.Candidate.Elastic.CandidateElasticMultiselectFiltration_feature.MultiLineFilterCheck(filter: (Skillaz.Candidate.Contract.CandidateSearchFilter, Skillaz.Candidate.Contract.CandidateSearchFilterCommon), result: (1, search by tabel number)) [SKIP]</Text>
      </RunInfo>
      <RunInfo computerName="DESKTOP-F6SKA47" outcome="Warning" timestamp="2021-12-16T16:26:50.2211317+03:00">
        <Text>[xUnit.net 00:10:45.05]     Skillaz.Tests.Candidate.Elastic.CandidateElasticMultiselectFiltration_feature.MultiLineFilterCheck(filter: (Skillaz.Candidate.Contract.CandidateSearchFilter, Skillaz.Candidate.Contract.CandidateSearchFilterCommon), result: (1, SearchSettingsType.Exact, phrases: технолог вуз)) [SKIP]</Text>
      </RunInfo>
      <RunInfo computerName="DESKTOP-F6SKA47" outcome="Warning" timestamp="2021-12-16T16:26:50.3172062+03:00">
        <Text>[xUnit.net 00:10:45.14]     Skillaz.Tests.Candidate.Elastic.CandidateElasticMultiselectFiltration_feature.MultiLineFilterCheck(filter: (Skillaz.Candidate.Contract.CandidateSearchFilter, Skillaz.Candidate.Contract.CandidateSearchFilterCommon), result: (0, search by tabel number)) [SKIP]</Text>
      </RunInfo>
      <RunInfo computerName="DESKTOP-F6SKA47" outcome="Warning" timestamp="2021-12-16T16:26:50.3250119+03:00">
        <Text>[xUnit.net 00:10:45.15]     Skillaz.Tests.Candidate.Elastic.CandidateElasticMultiselectFiltration_feature.MultiLineFilterCheck(filter: (Skillaz.Candidate.Contract.CandidateSearchFilter, Skillaz.Candidate.Contract.CandidateSearchFilterCommon), result: (1, search in common AND education)) [SKIP]</Text>
      </RunInfo>
      <RunInfo computerName="DESKTOP-F6SKA47" outcome="Warning" timestamp="2021-12-16T16:26:50.3362762+03:00">
        <Text>[xUnit.net 00:10:45.15]     Skillaz.Tests.Candidate.Elastic.CandidateElasticMultiselectFiltration_feature.MultiLineFilterCheck(filter: (Skillaz.Candidate.Contract.CandidateSearchFilter, Skillaz.Candidate.Contract.CandidateSearchFilterCommon), result: (3, search in common or in education)) [SKIP]</Text>
      </RunInfo>
      <RunInfo computerName="DESKTOP-F6SKA47" outcome="Warning" timestamp="2021-12-16T16:27:13.6157446+03:00">
        <Text>[xUnit.net 00:11:08.44]     Skillaz.Tests.Candidate.Elastic.CandidateElasticMultiselectFiltration_feature.MultiLineFilterCheck(filter: (Skillaz.Candidate.Contract.CandidateSearchFilter, Skillaz.Candidate.Contract.CandidateSearchFilterCommon), result: (2, search by education only)) [SKIP]</Text>
      </RunInfo>
      <RunInfo computerName="DESKTOP-F6SKA47" outcome="Warning" timestamp="2021-12-16T16:27:19.1337709+03:00">
        <Text>[xUnit.net 00:11:13.96]     Skillaz.Tests.Vacancy.CompanySpecific.MvideoMassCandidateDatabase_feature.After_transfer_candidate_will_be_have_old_vacancy [SKIP]</Text>
      </RunInfo>
      <RunInfo computerName="DESKTOP-F6SKA47" outcome="Warning" timestamp="2021-12-16T16:27:20.7189593+03:00">
        <Text>[xUnit.net 00:11:15.55]     Skillaz.Tests.Vacancy.CompanySpecific.MvideoMassCandidateDatabase_feature.After_transfer_to_the_candidate_database_count_of_vacancies_will_equal_two [SKIP]</Text>
      </RunInfo>
      <RunInfo computerName="DESKTOP-F6SKA47" outcome="Warning" timestamp="2021-12-16T16:27:22.6674466+03:00">
        <Text>[xUnit.net 00:11:17.49]     Skillaz.Tests.Vacancy.CompanySpecific.MvideoMassCandidateDatabase_feature.Transfer_to_the_candidate_database_will_create_candidate [SKIP]</Text>
      </RunInfo>
      <RunInfo computerName="DESKTOP-F6SKA47" outcome="Warning" timestamp="2021-12-16T16:27:23.2797668+03:00">
        <Text>[xUnit.net 00:11:18.11]     Skillaz.Tests.Vacancy.CompanySpecific.MvideoMassCandidateDatabase_feature.After_transfer_new_candidate_will_have_same_status [SKIP]</Text>
      </RunInfo>
      <RunInfo computerName="DESKTOP-F6SKA47" outcome="Warning" timestamp="2021-12-16T16:27:23.2861747+03:00">
        <Text>[xUnit.net 00:11:18.11]     Skillaz.Tests.Vacancy.CompanySpecific.MvideoMassCandidateDatabase_feature.Transfer_from_candidate_database_will_change_status_at_candidate [SKIP]</Text>
      </RunInfo>
      <RunInfo computerName="DESKTOP-F6SKA47" outcome="Warning" timestamp="2021-12-16T16:27:25.0673058+03:00">
        <Text>[xUnit.net 00:11:19.89]     Skillaz.Tests.Vacancy.CompanySpecific.MvideoMassCandidateDatabase_feature.Transfer_to_the_candidate_database_will_create_vacancy_if_vacancy_not_exist [SKIP]</Text>
      </RunInfo>
      <RunInfo computerName="DESKTOP-F6SKA47" outcome="Warning" timestamp="2021-12-16T16:29:23.1587640+03:00">
        <Text>[xUnit.net 00:13:17.99]     Skillaz.Tests.CompanySpecific.Mvideo.MvideoPrepareBatchUpdateRequest_feature.Office_managers_responsible_ids_is_untouched [SKIP]</Text>
      </RunInfo>
      <RunInfo computerName="DESKTOP-F6SKA47" outcome="Warning" timestamp="2021-12-16T16:29:23.2217618+03:00">
        <Text>[xUnit.net 00:13:18.05]     Skillaz.Tests.CompanySpecific.Mvideo.MvideoPrepareBatchUpdateRequest_feature.OrgUnits_with_responsible_id_00000000_processed [SKIP]</Text>
      </RunInfo>
      <RunInfo computerName="DESKTOP-F6SKA47" outcome="Warning" timestamp="2021-12-16T16:29:23.2522568+03:00">
        <Text>[xUnit.net 00:13:18.08]     Skillaz.Tests.CompanySpecific.Mvideo.MvideoPrepareBatchUpdateRequest_feature.Undefined_users_is_erased_from_dto [SKIP]</Text>
      </RunInfo>
      <RunInfo computerName="DESKTOP-F6SKA47" outcome="Warning" timestamp="2021-12-16T16:29:23.2786482+03:00">
        <Text>[xUnit.net 00:13:18.10]     Skillaz.Tests.CompanySpecific.Mvideo.MvideoPrepareBatchUpdateRequest_feature.Office_managers_roles_is_untouched [SKIP]</Text>
      </RunInfo>
      <RunInfo computerName="DESKTOP-F6SKA47" outcome="Warning" timestamp="2021-12-16T16:29:23.2891773+03:00">
        <Text>[xUnit.net 00:13:18.12]     Skillaz.Tests.CompanySpecific.Mvideo.MvideoPrepareBatchUpdateRequest_feature.Stores_responsible_ids_is_replaced [SKIP]</Text>
      </RunInfo>
      <RunInfo computerName="DESKTOP-F6SKA47" outcome="Warning" timestamp="2021-12-16T16:29:23.3023836+03:00">
        <Text>[xUnit.net 00:13:18.13]     Skillaz.Tests.CompanySpecific.Mvideo.MvideoPrepareBatchUpdateRequest_feature.Store_directors_roles_is_set [SKIP]</Text>
      </RunInfo>
      <RunInfo computerName="DESKTOP-F6SKA47" outcome="Warning" timestamp="2021-12-16T16:29:36.3651819+03:00">
        <Text>[xUnit.net 00:13:31.19]     Skillaz.Tests.CompanySpecific.Mvideo.MvideoOpenApiSapAvaliablePositionsHireNeedBatchRequest_feature.CheckAvaliablePositionsInHireNeedAfterOpenApiRequest_InHold(staffCount: 6, employeesCount: 4, manualApprovedCounts: [3], batchOrgItems: (5, 4), expected: (2, Кейс 1. Размер поиска = 2)) [SKIP]</Text>
      </RunInfo>
      <RunInfo computerName="DESKTOP-F6SKA47" outcome="Warning" timestamp="2021-12-16T16:29:36.4172332+03:00">
        <Text>[xUnit.net 00:13:31.24]     Skillaz.Tests.CompanySpecific.Mvideo.MvideoOpenApiSapAvaliablePositionsHireNeedBatchRequest_feature.CheckAvaliablePositionsInHireNeedAfterOpenApiRequest_InHold(staffCount: 6, employeesCount: 4, manualApprovedCounts: [2], batchOrgItems: (5, 4), expected: (1, Кейс 2. Размер поиска = 1)) [SKIP]</Text>
      </RunInfo>
      <RunInfo computerName="DESKTOP-F6SKA47" outcome="Warning" timestamp="2021-12-16T16:29:36.4437537+03:00">
        <Text>[xUnit.net 00:13:31.27]     Skillaz.Tests.CompanySpecific.Mvideo.MvideoOpenApiSapAvaliablePositionsHireNeedBatchRequest_feature.CheckAvaliablePositionsInHireNeedAfterOpenApiRequest_InHold(staffCount: 6, employeesCount: 4, manualApprovedCounts: [1], batchOrgItems: (5, 4), expected: (1, Кейс 3. Размер поиска = 1)) [SKIP]</Text>
      </RunInfo>
      <RunInfo computerName="DESKTOP-F6SKA47" outcome="Warning" timestamp="2021-12-16T16:29:36.4646005+03:00">
        <Text>[xUnit.net 00:13:31.29]     Skillaz.Tests.CompanySpecific.Mvideo.MvideoOpenApiSapAvaliablePositionsHireNeedBatchRequest_feature.CheckAvaliablePositionsInHireNeedAfterOpenApiRequest_InHold(staffCount: 4, employeesCount: 2, manualApprovedCounts: [2], batchOrgItems: (2, 2), expected: (0, Кейс 4. Размер поиска = 0)) [SKIP]</Text>
      </RunInfo>
      <RunInfo computerName="DESKTOP-F6SKA47" outcome="Warning" timestamp="2021-12-16T16:29:36.4880771+03:00">
        <Text>[xUnit.net 00:13:31.31]     Skillaz.Tests.CompanySpecific.Mvideo.MvideoOpenApiSapAvaliablePositionsHireNeedBatchRequest_feature.CheckAvaliablePositionsInHireNeedAfterOpenApiRequest_InHold(staffCount: 8, employeesCount: 6, manualApprovedCounts: [3], batchOrgItems: (7, 6), expected: (2, Катя Нашла кейс интересный Размер поиска = 2)) [SKIP]</Text>
      </RunInfo>
      <RunInfo computerName="DESKTOP-F6SKA47" outcome="Warning" timestamp="2021-12-16T16:29:36.5691137+03:00">
        <Text>[xUnit.net 00:13:31.40]     Skillaz.Tests.CompanySpecific.Mvideo.MvideoOpenApiSapAvaliablePositionsHireNeedBatchRequest_feature.CheckAvaliablePositionsInHireNeedAfterOpenApiRequest_InHold(staffCount: 11, employeesCount: 6, manualApprovedCounts: [2], batchOrgItems: (11, 7), expected: (2, )) [SKIP]</Text>
      </RunInfo>
      <RunInfo computerName="DESKTOP-F6SKA47" outcome="Warning" timestamp="2021-12-16T16:29:36.5971045+03:00">
        <Text>[xUnit.net 00:13:31.42]     Skillaz.Tests.CompanySpecific.Mvideo.MvideoOpenApiSapAvaliablePositionsHireNeedBatchRequest_feature.CheckAvaliablePositionsInHireNeedAfterOpenApiRequest_RequestsNustBeInWork(staffCount: 6, employeesCount: 4, manualApprovedCounts: [3], batchOrgItems: (5, 4), expected: (2, Кейс 1. Размер поиска = 2)) [SKIP]</Text>
      </RunInfo>
      <RunInfo computerName="DESKTOP-F6SKA47" outcome="Warning" timestamp="2021-12-16T16:29:36.6343621+03:00">
        <Text>[xUnit.net 00:13:31.46]     Skillaz.Tests.CompanySpecific.Mvideo.MvideoOpenApiSapAvaliablePositionsHireNeedBatchRequest_feature.CheckAvaliablePositionsInHireNeedAfterOpenApiRequest_RequestsNustBeInWork(staffCount: 6, employeesCount: 4, manualApprovedCounts: [2], batchOrgItems: (5, 4), expected: (1, Кейс 2. Размер поиска = 1)) [SKIP]</Text>
      </RunInfo>
      <RunInfo computerName="DESKTOP-F6SKA47" outcome="Warning" timestamp="2021-12-16T16:29:45.1472754+03:00">
        <Text>[xUnit.net 00:13:39.97]     Skillaz.Tests.CompanySpecific.Mvideo.MvideoOpenApiSapAvaliablePositionsHireNeedBatchRequest_feature.CheckAvaliablePositionsInHireNeedAfterOpenApiRequest_RequestsNustBeInWork(staffCount: 6, employeesCount: 4, manualApprovedCounts: [1], batchOrgItems: (5, 4), expected: (1, Кейс 3. Размер поиска = 1)) [SKIP]</Text>
      </RunInfo>
      <RunInfo computerName="DESKTOP-F6SKA47" outcome="Warning" timestamp="2021-12-16T16:29:45.3733657+03:00">
        <Text>[xUnit.net 00:13:40.20]     Skillaz.Tests.CompanySpecific.Mvideo.MvideoOpenApiSapAvaliablePositionsHireNeedBatchRequest_feature.CheckAvaliablePositionsInHireNeedAfterOpenApiRequest_RequestsNustBeInWork(staffCount: 4, employeesCount: 2, manualApprovedCounts: [2], batchOrgItems: (2, 2), expected: (0, Кейс 4. Размер поиска = 0)) [SKIP]</Text>
      </RunInfo>
      <RunInfo computerName="DESKTOP-F6SKA47" outcome="Warning" timestamp="2021-12-16T16:29:45.4430476+03:00">
        <Text>[xUnit.net 00:13:40.27]     Skillaz.Tests.CompanySpecific.Mvideo.MvideoOpenApiSapAvaliablePositionsHireNeedBatchRequest_feature.CheckAvaliablePositionsInHireNeedAfterOpenApiRequest_AllRequests(staffCount: 6, employeesCount: 4, manualApprovedCounts: [3], batchOrgItems: (5, 4), expected: (2, Кейс 1. Размер поиска = 2)) [SKIP]</Text>
      </RunInfo>
      <RunInfo computerName="DESKTOP-F6SKA47" outcome="Warning" timestamp="2021-12-16T16:29:45.5015764+03:00">
        <Text>[xUnit.net 00:13:40.33]     Skillaz.Tests.CompanySpecific.Mvideo.MvideoOpenApiSapAvaliablePositionsHireNeedBatchRequest_feature.CheckAvaliablePositionsInHireNeedAfterOpenApiRequest_AllRequests(staffCount: 6, employeesCount: 4, manualApprovedCounts: [2], batchOrgItems: (5, 4), expected: (1, Кейс 2. Размер поиска = 1)) [SKIP]</Text>
      </RunInfo>
      <RunInfo computerName="DESKTOP-F6SKA47" outcome="Warning" timestamp="2021-12-16T16:29:45.5384785+03:00">
        <Text>[xUnit.net 00:13:40.36]     Skillaz.Tests.CompanySpecific.Mvideo.MvideoOpenApiSapAvaliablePositionsHireNeedBatchRequest_feature.CheckAvaliablePositionsInHireNeedAfterOpenApiRequest_RequestsNustBeInWork(staffCount: 8, employeesCount: 6, manualApprovedCounts: [3], batchOrgItems: (7, 6), expected: (2, Катя Нашла кейс интересный Размер поиска = 2)) [SKIP]</Text>
      </RunInfo>
      <RunInfo computerName="DESKTOP-F6SKA47" outcome="Warning" timestamp="2021-12-16T16:29:45.5895346+03:00">
        <Text>[xUnit.net 00:13:40.41]     Skillaz.Tests.CompanySpecific.Mvideo.MvideoOpenApiSapAvaliablePositionsHireNeedBatchRequest_feature.CheckAvaliablePositionsInHireNeedAfterOpenApiRequest_RequestsNustBeInWork(staffCount: 11, employeesCount: 6, manualApprovedCounts: [2], batchOrgItems: (11, 7), expected: (2, )) [SKIP]</Text>
      </RunInfo>
      <RunInfo computerName="DESKTOP-F6SKA47" outcome="Warning" timestamp="2021-12-16T16:29:45.6415809+03:00">
        <Text>[xUnit.net 00:13:40.47]     Skillaz.Tests.CompanySpecific.Mvideo.MvideoOpenApiSapAvaliablePositionsHireNeedBatchRequest_feature.CheckAvaliablePositionsInHireNeedAfterOpenApiRequest_AllRequests(staffCount: 4, employeesCount: 2, manualApprovedCounts: [2], batchOrgItems: (2, 2), expected: (0, Кейс 4. Размер поиска = 0)) [SKIP]</Text>
      </RunInfo>
      <RunInfo computerName="DESKTOP-F6SKA47" outcome="Warning" timestamp="2021-12-16T16:29:45.6779764+03:00">
        <Text>[xUnit.net 00:13:40.50]     Skillaz.Tests.CompanySpecific.Mvideo.MvideoOpenApiSapAvaliablePositionsHireNeedBatchRequest_feature.CheckAvaliablePositionsInHireNeedAfterOpenApiRequest_AllRequests(staffCount: 6, employeesCount: 4, manualApprovedCounts: [1], batchOrgItems: (5, 4), expected: (1, Кейс 3. Размер поиска = 1)) [SKIP]</Text>
      </RunInfo>
      <RunInfo computerName="DESKTOP-F6SKA47" outcome="Warning" timestamp="2021-12-16T16:29:45.8240141+03:00">
        <Text>[xUnit.net 00:13:40.63]     Skillaz.Tests.CompanySpecific.Mvideo.MvideoOpenApiSapAvaliablePositionsHireNeedBatchRequest_feature.CheckAvaliablePositionsInHireNeedAfterOpenApiRequest_AllRequests(staffCount: 8, employeesCount: 6, manualApprovedCounts: [3], batchOrgItems: (7, 6), expected: (2, Катя Нашла кейс интересный Размер поиска = 2)) [SKIP]</Text>
      </RunInfo>
      <RunInfo computerName="DESKTOP-F6SKA47" outcome="Warning" timestamp="2021-12-16T16:29:45.8266781+03:00">
        <Text>[xUnit.net 00:13:40.65]     Skillaz.Tests.CompanySpecific.Mvideo.MvideoOpenApiSapAvaliablePositionsHireNeedBatchRequest_feature.CheckAvaliablePositionsInHireNeedAfterOpenApiRequest_AllRequests(staffCount: 11, employeesCount: 6, manualApprovedCounts: [2], batchOrgItems: (11, 7), expected: (2, )) [SKIP]</Text>
      </RunInfo>
      <RunInfo computerName="DESKTOP-F6SKA47" outcome="Warning" timestamp="2021-12-16T16:29:47.7082204+03:00">
        <Text>[xUnit.net 00:13:42.53]     Skillaz.Tests.CompanySpecific.Mvideo.MvideoAvaliablePositionsRequestWithAdvancedSearch_feature.Check_available_position_with_change_staff_and_employees_counts(initialCount: (12, 3), changeCount: (11, 3), requestCount: (0, 8), approvedCount: 9) [SKIP]</Text>
      </RunInfo>
      <RunInfo computerName="DESKTOP-F6SKA47" outcome="Warning" timestamp="2021-12-16T16:29:47.7663371+03:00">
        <Text>[xUnit.net 00:13:42.59]     Skillaz.Tests.CompanySpecific.Mvideo.MvideoAvaliablePositionsRequestWithAdvancedSearch_feature.Check_avaliable_positions_request_with_advanced_search(staffCount: 4, employeesCount: 0, approvedCounts: [7], expected: (3, 4)) [SKIP]</Text>
      </RunInfo>
      <RunInfo computerName="DESKTOP-F6SKA47" outcome="Warning" timestamp="2021-12-16T16:29:47.8277588+03:00">
        <Text>[xUnit.net 00:13:42.65]     Skillaz.Tests.CompanySpecific.Mvideo.MvideoAvaliablePositionsRequestWithAdvancedSearch_feature.Check_available_position_with_change_staff_and_employees_counts(initialCount: (12, 3), changeCount: (1, 0), requestCount: (0, 1), approvedCount: 5) [SKIP]</Text>
      </RunInfo>
      <RunInfo computerName="DESKTOP-F6SKA47" outcome="Warning" timestamp="2021-12-16T16:29:47.8616403+03:00">
        <Text>[xUnit.net 00:13:42.69]     Skillaz.Tests.CompanySpecific.Mvideo.MvideoAvaliablePositionsRequestWithAdvancedSearch_feature.Check_avaliable_positions_request_with_advanced_search(staffCount: 4, employeesCount: 0, approvedCounts: [1, 3, 5], expected: (1, 4)) [SKIP]</Text>
      </RunInfo>
      <RunInfo computerName="DESKTOP-F6SKA47" outcome="Warning" timestamp="2021-12-16T16:29:48.0277021+03:00">
        <Text>[xUnit.net 00:13:42.85]     Skillaz.Tests.CompanySpecific.Mvideo.MvideoAvaliablePositionsRequestWithAdvancedSearch_feature.Check_available_position_with_change_staff_and_employees_counts(initialCount: (3, 0), changeCount: (0, 0), requestCount: (1, 0), approvedCount: 4) [SKIP]</Text>
      </RunInfo>
      <RunInfo computerName="DESKTOP-F6SKA47" outcome="Warning" timestamp="2021-12-16T16:29:48.0675353+03:00">
        <Text>[xUnit.net 00:13:42.89]     Skillaz.Tests.CompanySpecific.Mvideo.MvideoAvaliablePositionsRequestWithAdvancedSearch_feature.Check_avaliable_positions_request_with_advanced_search(staffCount: 8, employeesCount: 0, approvedCounts: [12, 7], expected: (0, 7)) [SKIP]</Text>
      </RunInfo>
      <RunInfo computerName="DESKTOP-F6SKA47" outcome="Warning" timestamp="2021-12-16T16:29:48.1209291+03:00">
        <Text>[xUnit.net 00:13:42.95]     Skillaz.Tests.CompanySpecific.Mvideo.MvideoAvaliablePositionsRequestWithAdvancedSearch_feature.Check_avaliable_positions_request_with_advanced_search(staffCount: 6, employeesCount: 1, approvedCounts: [4], expected: (0, 4)) [SKIP]</Text>
      </RunInfo>
      <RunInfo computerName="DESKTOP-F6SKA47" outcome="Warning" timestamp="2021-12-16T16:29:48.1560261+03:00">
        <Text>[xUnit.net 00:13:42.98]     Skillaz.Tests.CompanySpecific.Mvideo.MvideoAvaliablePositionsRequestWithAdvancedSearch_feature.Check_avaliable_positions_request_with_advanced_search(staffCount: 1, employeesCount: 1, approvedCounts: [1], expected: (1, 0)) [SKIP]</Text>
      </RunInfo>
      <RunInfo computerName="DESKTOP-F6SKA47" outcome="Warning" timestamp="2021-12-16T16:29:48.2074125+03:00">
        <Text>[xUnit.net 00:13:43.03]     Skillaz.Tests.CompanySpecific.Mvideo.MvideoAvaliablePositionsRequestWithAdvancedSearch_feature.Check_avaliable_positions_request_with_advanced_search(staffCount: 3, employeesCount: 0, approvedCounts: [2, 0], expected: (0, 0)) [SKIP]</Text>
      </RunInfo>
      <RunInfo computerName="DESKTOP-F6SKA47" outcome="Warning" timestamp="2021-12-16T16:29:48.3468594+03:00">
        <Text>[xUnit.net 00:13:43.17]     Skillaz.Tests.CompanySpecific.Mvideo.MvideoAvaliablePositionsRequestWithAdvancedSearch_feature.Check_avaliable_positions_request_with_advanced_search(staffCount: 7, employeesCount: 3, approvedCounts: [3, 5, 4, 3], expected: (0, 3)) [SKIP]</Text>
      </RunInfo>
      <RunInfo computerName="DESKTOP-F6SKA47" outcome="Warning" timestamp="2021-12-16T16:29:48.4582748+03:00">
        <Text>[xUnit.net 00:13:43.23]     Skillaz.Tests.CompanySpecific.Mvideo.MvideoAvaliablePositionsRequestWithAdvancedSearch_feature.Check_avaliable_positions_request_with_advanced_search(staffCount: 2, employeesCount: 0, approvedCounts: [2, 0], expected: (0, 0)) [SKIP]</Text>
      </RunInfo>
    </RunInfos>
  </ResultSummary>
</TestRun>